ARM GAS  C:\Users\SEANIL~1\AppData\Local\Temp\ccmyU48g.s 			page 1


   1              		.syntax unified
   2              		.cpu cortex-m0plus
   3              		.fpu softvfp
   4              		.eabi_attribute 20, 1
   5              		.eabi_attribute 21, 1
   6              		.eabi_attribute 23, 3
   7              		.eabi_attribute 24, 1
   8              		.eabi_attribute 25, 1
   9              		.eabi_attribute 26, 1
  10              		.eabi_attribute 30, 1
  11              		.eabi_attribute 34, 0
  12              		.eabi_attribute 18, 4
  13              		.thumb
  14              		.syntax unified
  15              		.file	"main_cm0p.c"
  16              		.text
  17              	.Ltext0:
  18              		.cfi_sections	.debug_frame
  19              		.section	.text.main,"ax",%progbits
  20              		.align	2
  21              		.global	main
  22              		.code	16
  23              		.thumb_func
  24              		.type	main, %function
  25              	main:
  26              	.LFB240:
  27              		.file 1 "main_cm0p.c"
   1:main_cm0p.c   **** /* ========================================
   2:main_cm0p.c   ****  *
   3:main_cm0p.c   ****  * Copyright YOUR COMPANY, THE YEAR
   4:main_cm0p.c   ****  * All Rights Reserved
   5:main_cm0p.c   ****  * UNPUBLISHED, LICENSED SOFTWARE.
   6:main_cm0p.c   ****  *
   7:main_cm0p.c   ****  * CONFIDENTIAL AND PROPRIETARY INFORMATION
   8:main_cm0p.c   ****  * WHICH IS THE PROPERTY OF your company.
   9:main_cm0p.c   ****  *
  10:main_cm0p.c   ****  * ========================================
  11:main_cm0p.c   **** */
  12:main_cm0p.c   **** #include "project.h"
  13:main_cm0p.c   **** 
  14:main_cm0p.c   **** int main(void)
  15:main_cm0p.c   **** {
  28              		.loc 1 15 0
  29              		.cfi_startproc
  30              		@ Volatile: function does not return.
  31              		@ args = 0, pretend = 0, frame = 0
  32              		@ frame_needed = 0, uses_anonymous_args = 0
  33 0000 10B5     		push	{r4, lr}
  34              		.cfi_def_cfa_offset 8
  35              		.cfi_offset 4, -8
  36              		.cfi_offset 14, -4
  37              	.LBB4:
  38              	.LBB5:
  39              		.file 2 "Generated_Source\\PSoC6\\pdl\\cmsis/include/cmsis_gcc.h"
   1:Generated_Source\PSoC6\pdl\cmsis/include/cmsis_gcc.h **** /**************************************************************************//**
   2:Generated_Source\PSoC6\pdl\cmsis/include/cmsis_gcc.h ****  * @file     cmsis_gcc.h
   3:Generated_Source\PSoC6\pdl\cmsis/include/cmsis_gcc.h ****  * @brief    CMSIS compiler GCC header file
ARM GAS  C:\Users\SEANIL~1\AppData\Local\Temp\ccmyU48g.s 			page 2


   4:Generated_Source\PSoC6\pdl\cmsis/include/cmsis_gcc.h ****  * @version  V5.0.3
   5:Generated_Source\PSoC6\pdl\cmsis/include/cmsis_gcc.h ****  * @date     16. January 2018
   6:Generated_Source\PSoC6\pdl\cmsis/include/cmsis_gcc.h ****  ******************************************************************************/
   7:Generated_Source\PSoC6\pdl\cmsis/include/cmsis_gcc.h **** /*
   8:Generated_Source\PSoC6\pdl\cmsis/include/cmsis_gcc.h ****  * Copyright (c) 2009-2017 ARM Limited. All rights reserved.
   9:Generated_Source\PSoC6\pdl\cmsis/include/cmsis_gcc.h ****  *
  10:Generated_Source\PSoC6\pdl\cmsis/include/cmsis_gcc.h ****  * SPDX-License-Identifier: Apache-2.0
  11:Generated_Source\PSoC6\pdl\cmsis/include/cmsis_gcc.h ****  *
  12:Generated_Source\PSoC6\pdl\cmsis/include/cmsis_gcc.h ****  * Licensed under the Apache License, Version 2.0 (the License); you may
  13:Generated_Source\PSoC6\pdl\cmsis/include/cmsis_gcc.h ****  * not use this file except in compliance with the License.
  14:Generated_Source\PSoC6\pdl\cmsis/include/cmsis_gcc.h ****  * You may obtain a copy of the License at
  15:Generated_Source\PSoC6\pdl\cmsis/include/cmsis_gcc.h ****  *
  16:Generated_Source\PSoC6\pdl\cmsis/include/cmsis_gcc.h ****  * www.apache.org/licenses/LICENSE-2.0
  17:Generated_Source\PSoC6\pdl\cmsis/include/cmsis_gcc.h ****  *
  18:Generated_Source\PSoC6\pdl\cmsis/include/cmsis_gcc.h ****  * Unless required by applicable law or agreed to in writing, software
  19:Generated_Source\PSoC6\pdl\cmsis/include/cmsis_gcc.h ****  * distributed under the License is distributed on an AS IS BASIS, WITHOUT
  20:Generated_Source\PSoC6\pdl\cmsis/include/cmsis_gcc.h ****  * WARRANTIES OR CONDITIONS OF ANY KIND, either express or implied.
  21:Generated_Source\PSoC6\pdl\cmsis/include/cmsis_gcc.h ****  * See the License for the specific language governing permissions and
  22:Generated_Source\PSoC6\pdl\cmsis/include/cmsis_gcc.h ****  * limitations under the License.
  23:Generated_Source\PSoC6\pdl\cmsis/include/cmsis_gcc.h ****  */
  24:Generated_Source\PSoC6\pdl\cmsis/include/cmsis_gcc.h **** 
  25:Generated_Source\PSoC6\pdl\cmsis/include/cmsis_gcc.h **** #ifndef __CMSIS_GCC_H
  26:Generated_Source\PSoC6\pdl\cmsis/include/cmsis_gcc.h **** #define __CMSIS_GCC_H
  27:Generated_Source\PSoC6\pdl\cmsis/include/cmsis_gcc.h **** 
  28:Generated_Source\PSoC6\pdl\cmsis/include/cmsis_gcc.h **** /* ignore some GCC warnings */
  29:Generated_Source\PSoC6\pdl\cmsis/include/cmsis_gcc.h **** #pragma GCC diagnostic push
  30:Generated_Source\PSoC6\pdl\cmsis/include/cmsis_gcc.h **** #pragma GCC diagnostic ignored "-Wsign-conversion"
  31:Generated_Source\PSoC6\pdl\cmsis/include/cmsis_gcc.h **** #pragma GCC diagnostic ignored "-Wconversion"
  32:Generated_Source\PSoC6\pdl\cmsis/include/cmsis_gcc.h **** #pragma GCC diagnostic ignored "-Wunused-parameter"
  33:Generated_Source\PSoC6\pdl\cmsis/include/cmsis_gcc.h **** 
  34:Generated_Source\PSoC6\pdl\cmsis/include/cmsis_gcc.h **** /* Fallback for __has_builtin */
  35:Generated_Source\PSoC6\pdl\cmsis/include/cmsis_gcc.h **** #ifndef __has_builtin
  36:Generated_Source\PSoC6\pdl\cmsis/include/cmsis_gcc.h ****   #define __has_builtin(x) (0)
  37:Generated_Source\PSoC6\pdl\cmsis/include/cmsis_gcc.h **** #endif
  38:Generated_Source\PSoC6\pdl\cmsis/include/cmsis_gcc.h **** 
  39:Generated_Source\PSoC6\pdl\cmsis/include/cmsis_gcc.h **** /* CMSIS compiler specific defines */
  40:Generated_Source\PSoC6\pdl\cmsis/include/cmsis_gcc.h **** #ifndef   __ASM
  41:Generated_Source\PSoC6\pdl\cmsis/include/cmsis_gcc.h ****   #define __ASM                                  __asm
  42:Generated_Source\PSoC6\pdl\cmsis/include/cmsis_gcc.h **** #endif
  43:Generated_Source\PSoC6\pdl\cmsis/include/cmsis_gcc.h **** #ifndef   __INLINE
  44:Generated_Source\PSoC6\pdl\cmsis/include/cmsis_gcc.h ****   #define __INLINE                               inline
  45:Generated_Source\PSoC6\pdl\cmsis/include/cmsis_gcc.h **** #endif
  46:Generated_Source\PSoC6\pdl\cmsis/include/cmsis_gcc.h **** #ifndef   __STATIC_INLINE
  47:Generated_Source\PSoC6\pdl\cmsis/include/cmsis_gcc.h ****   #define __STATIC_INLINE                        static inline
  48:Generated_Source\PSoC6\pdl\cmsis/include/cmsis_gcc.h **** #endif
  49:Generated_Source\PSoC6\pdl\cmsis/include/cmsis_gcc.h **** #ifndef   __STATIC_FORCEINLINE                 
  50:Generated_Source\PSoC6\pdl\cmsis/include/cmsis_gcc.h ****   #define __STATIC_FORCEINLINE                   __attribute__((always_inline)) static inline
  51:Generated_Source\PSoC6\pdl\cmsis/include/cmsis_gcc.h **** #endif                                           
  52:Generated_Source\PSoC6\pdl\cmsis/include/cmsis_gcc.h **** #ifndef   __NO_RETURN
  53:Generated_Source\PSoC6\pdl\cmsis/include/cmsis_gcc.h ****   #define __NO_RETURN                            __attribute__((__noreturn__))
  54:Generated_Source\PSoC6\pdl\cmsis/include/cmsis_gcc.h **** #endif
  55:Generated_Source\PSoC6\pdl\cmsis/include/cmsis_gcc.h **** #ifndef   __USED
  56:Generated_Source\PSoC6\pdl\cmsis/include/cmsis_gcc.h ****   #define __USED                                 __attribute__((used))
  57:Generated_Source\PSoC6\pdl\cmsis/include/cmsis_gcc.h **** #endif
  58:Generated_Source\PSoC6\pdl\cmsis/include/cmsis_gcc.h **** #ifndef   __WEAK
  59:Generated_Source\PSoC6\pdl\cmsis/include/cmsis_gcc.h ****   #define __WEAK                                 __attribute__((weak))
  60:Generated_Source\PSoC6\pdl\cmsis/include/cmsis_gcc.h **** #endif
ARM GAS  C:\Users\SEANIL~1\AppData\Local\Temp\ccmyU48g.s 			page 3


  61:Generated_Source\PSoC6\pdl\cmsis/include/cmsis_gcc.h **** #ifndef   __PACKED
  62:Generated_Source\PSoC6\pdl\cmsis/include/cmsis_gcc.h ****   #define __PACKED                               __attribute__((packed, aligned(1)))
  63:Generated_Source\PSoC6\pdl\cmsis/include/cmsis_gcc.h **** #endif
  64:Generated_Source\PSoC6\pdl\cmsis/include/cmsis_gcc.h **** #ifndef   __PACKED_STRUCT
  65:Generated_Source\PSoC6\pdl\cmsis/include/cmsis_gcc.h ****   #define __PACKED_STRUCT                        struct __attribute__((packed, aligned(1)))
  66:Generated_Source\PSoC6\pdl\cmsis/include/cmsis_gcc.h **** #endif
  67:Generated_Source\PSoC6\pdl\cmsis/include/cmsis_gcc.h **** #ifndef   __PACKED_UNION
  68:Generated_Source\PSoC6\pdl\cmsis/include/cmsis_gcc.h ****   #define __PACKED_UNION                         union __attribute__((packed, aligned(1)))
  69:Generated_Source\PSoC6\pdl\cmsis/include/cmsis_gcc.h **** #endif
  70:Generated_Source\PSoC6\pdl\cmsis/include/cmsis_gcc.h **** #ifndef   __UNALIGNED_UINT32        /* deprecated */
  71:Generated_Source\PSoC6\pdl\cmsis/include/cmsis_gcc.h ****   #pragma GCC diagnostic push
  72:Generated_Source\PSoC6\pdl\cmsis/include/cmsis_gcc.h ****   #pragma GCC diagnostic ignored "-Wpacked"
  73:Generated_Source\PSoC6\pdl\cmsis/include/cmsis_gcc.h ****   #pragma GCC diagnostic ignored "-Wattributes"
  74:Generated_Source\PSoC6\pdl\cmsis/include/cmsis_gcc.h ****   struct __attribute__((packed)) T_UINT32 { uint32_t v; };
  75:Generated_Source\PSoC6\pdl\cmsis/include/cmsis_gcc.h ****   #pragma GCC diagnostic pop
  76:Generated_Source\PSoC6\pdl\cmsis/include/cmsis_gcc.h ****   #define __UNALIGNED_UINT32(x)                  (((struct T_UINT32 *)(x))->v)
  77:Generated_Source\PSoC6\pdl\cmsis/include/cmsis_gcc.h **** #endif
  78:Generated_Source\PSoC6\pdl\cmsis/include/cmsis_gcc.h **** #ifndef   __UNALIGNED_UINT16_WRITE
  79:Generated_Source\PSoC6\pdl\cmsis/include/cmsis_gcc.h ****   #pragma GCC diagnostic push
  80:Generated_Source\PSoC6\pdl\cmsis/include/cmsis_gcc.h ****   #pragma GCC diagnostic ignored "-Wpacked"
  81:Generated_Source\PSoC6\pdl\cmsis/include/cmsis_gcc.h ****   #pragma GCC diagnostic ignored "-Wattributes"
  82:Generated_Source\PSoC6\pdl\cmsis/include/cmsis_gcc.h ****   __PACKED_STRUCT T_UINT16_WRITE { uint16_t v; };
  83:Generated_Source\PSoC6\pdl\cmsis/include/cmsis_gcc.h ****   #pragma GCC diagnostic pop
  84:Generated_Source\PSoC6\pdl\cmsis/include/cmsis_gcc.h ****   #define __UNALIGNED_UINT16_WRITE(addr, val)    (void)((((struct T_UINT16_WRITE *)(void *)(addr))-
  85:Generated_Source\PSoC6\pdl\cmsis/include/cmsis_gcc.h **** #endif
  86:Generated_Source\PSoC6\pdl\cmsis/include/cmsis_gcc.h **** #ifndef   __UNALIGNED_UINT16_READ
  87:Generated_Source\PSoC6\pdl\cmsis/include/cmsis_gcc.h ****   #pragma GCC diagnostic push
  88:Generated_Source\PSoC6\pdl\cmsis/include/cmsis_gcc.h ****   #pragma GCC diagnostic ignored "-Wpacked"
  89:Generated_Source\PSoC6\pdl\cmsis/include/cmsis_gcc.h ****   #pragma GCC diagnostic ignored "-Wattributes"
  90:Generated_Source\PSoC6\pdl\cmsis/include/cmsis_gcc.h ****   __PACKED_STRUCT T_UINT16_READ { uint16_t v; };
  91:Generated_Source\PSoC6\pdl\cmsis/include/cmsis_gcc.h ****   #pragma GCC diagnostic pop
  92:Generated_Source\PSoC6\pdl\cmsis/include/cmsis_gcc.h ****   #define __UNALIGNED_UINT16_READ(addr)          (((const struct T_UINT16_READ *)(const void *)(add
  93:Generated_Source\PSoC6\pdl\cmsis/include/cmsis_gcc.h **** #endif
  94:Generated_Source\PSoC6\pdl\cmsis/include/cmsis_gcc.h **** #ifndef   __UNALIGNED_UINT32_WRITE
  95:Generated_Source\PSoC6\pdl\cmsis/include/cmsis_gcc.h ****   #pragma GCC diagnostic push
  96:Generated_Source\PSoC6\pdl\cmsis/include/cmsis_gcc.h ****   #pragma GCC diagnostic ignored "-Wpacked"
  97:Generated_Source\PSoC6\pdl\cmsis/include/cmsis_gcc.h ****   #pragma GCC diagnostic ignored "-Wattributes"
  98:Generated_Source\PSoC6\pdl\cmsis/include/cmsis_gcc.h ****   __PACKED_STRUCT T_UINT32_WRITE { uint32_t v; };
  99:Generated_Source\PSoC6\pdl\cmsis/include/cmsis_gcc.h ****   #pragma GCC diagnostic pop
 100:Generated_Source\PSoC6\pdl\cmsis/include/cmsis_gcc.h ****   #define __UNALIGNED_UINT32_WRITE(addr, val)    (void)((((struct T_UINT32_WRITE *)(void *)(addr))-
 101:Generated_Source\PSoC6\pdl\cmsis/include/cmsis_gcc.h **** #endif
 102:Generated_Source\PSoC6\pdl\cmsis/include/cmsis_gcc.h **** #ifndef   __UNALIGNED_UINT32_READ
 103:Generated_Source\PSoC6\pdl\cmsis/include/cmsis_gcc.h ****   #pragma GCC diagnostic push
 104:Generated_Source\PSoC6\pdl\cmsis/include/cmsis_gcc.h ****   #pragma GCC diagnostic ignored "-Wpacked"
 105:Generated_Source\PSoC6\pdl\cmsis/include/cmsis_gcc.h ****   #pragma GCC diagnostic ignored "-Wattributes"
 106:Generated_Source\PSoC6\pdl\cmsis/include/cmsis_gcc.h ****   __PACKED_STRUCT T_UINT32_READ { uint32_t v; };
 107:Generated_Source\PSoC6\pdl\cmsis/include/cmsis_gcc.h ****   #pragma GCC diagnostic pop
 108:Generated_Source\PSoC6\pdl\cmsis/include/cmsis_gcc.h ****   #define __UNALIGNED_UINT32_READ(addr)          (((const struct T_UINT32_READ *)(const void *)(add
 109:Generated_Source\PSoC6\pdl\cmsis/include/cmsis_gcc.h **** #endif
 110:Generated_Source\PSoC6\pdl\cmsis/include/cmsis_gcc.h **** #ifndef   __ALIGNED
 111:Generated_Source\PSoC6\pdl\cmsis/include/cmsis_gcc.h ****   #define __ALIGNED(x)                           __attribute__((aligned(x)))
 112:Generated_Source\PSoC6\pdl\cmsis/include/cmsis_gcc.h **** #endif
 113:Generated_Source\PSoC6\pdl\cmsis/include/cmsis_gcc.h **** #ifndef   __RESTRICT
 114:Generated_Source\PSoC6\pdl\cmsis/include/cmsis_gcc.h ****   #define __RESTRICT                             __restrict
 115:Generated_Source\PSoC6\pdl\cmsis/include/cmsis_gcc.h **** #endif
 116:Generated_Source\PSoC6\pdl\cmsis/include/cmsis_gcc.h **** 
 117:Generated_Source\PSoC6\pdl\cmsis/include/cmsis_gcc.h **** 
ARM GAS  C:\Users\SEANIL~1\AppData\Local\Temp\ccmyU48g.s 			page 4


 118:Generated_Source\PSoC6\pdl\cmsis/include/cmsis_gcc.h **** /* ###########################  Core Function Access  ########################### */
 119:Generated_Source\PSoC6\pdl\cmsis/include/cmsis_gcc.h **** /** \ingroup  CMSIS_Core_FunctionInterface
 120:Generated_Source\PSoC6\pdl\cmsis/include/cmsis_gcc.h ****     \defgroup CMSIS_Core_RegAccFunctions CMSIS Core Register Access Functions
 121:Generated_Source\PSoC6\pdl\cmsis/include/cmsis_gcc.h ****   @{
 122:Generated_Source\PSoC6\pdl\cmsis/include/cmsis_gcc.h ****  */
 123:Generated_Source\PSoC6\pdl\cmsis/include/cmsis_gcc.h **** 
 124:Generated_Source\PSoC6\pdl\cmsis/include/cmsis_gcc.h **** /**
 125:Generated_Source\PSoC6\pdl\cmsis/include/cmsis_gcc.h ****   \brief   Enable IRQ Interrupts
 126:Generated_Source\PSoC6\pdl\cmsis/include/cmsis_gcc.h ****   \details Enables IRQ interrupts by clearing the I-bit in the CPSR.
 127:Generated_Source\PSoC6\pdl\cmsis/include/cmsis_gcc.h ****            Can only be executed in Privileged modes.
 128:Generated_Source\PSoC6\pdl\cmsis/include/cmsis_gcc.h ****  */
 129:Generated_Source\PSoC6\pdl\cmsis/include/cmsis_gcc.h **** __STATIC_FORCEINLINE void __enable_irq(void)
 130:Generated_Source\PSoC6\pdl\cmsis/include/cmsis_gcc.h **** {
 131:Generated_Source\PSoC6\pdl\cmsis/include/cmsis_gcc.h ****   __ASM volatile ("cpsie i" : : : "memory");
  40              		.loc 2 131 0
  41              		.syntax divided
  42              	@ 131 "Generated_Source\PSoC6\pdl\cmsis/include/cmsis_gcc.h" 1
  43 0002 62B6     		cpsie i
  44              	@ 0 "" 2
  45              		.thumb
  46              		.syntax unified
  47              	.LBE5:
  48              	.LBE4:
  16:main_cm0p.c   ****     __enable_irq(); /* Enable global interrupts. */
  17:main_cm0p.c   ****     /* Enable CM4.  CY_CORTEX_M4_APPL_ADDR must be updated if CM4 memory layout is changed. */
  18:main_cm0p.c   ****     Cy_SysEnableCM4(CY_CORTEX_M4_APPL_ADDR); 
  49              		.loc 1 18 0
  50 0004 0148     		ldr	r0, .L3
  51 0006 FFF7FEFF 		bl	Cy_SysEnableCM4
  52              	.LVL0:
  53              	.L2:
  54 000a FEE7     		b	.L2
  55              	.L4:
  56              		.align	2
  57              	.L3:
  58 000c 00000810 		.word	268959744
  59              		.cfi_endproc
  60              	.LFE240:
  61              		.size	main, .-main
  62              		.text
  63              	.Letext0:
  64              		.file 3 "c:\\program files (x86)\\cypress\\psoc creator\\4.4\\psoc creator\\import\\gnu\\arm\\5.4.
  65              		.file 4 "c:\\program files (x86)\\cypress\\psoc creator\\4.4\\psoc creator\\import\\gnu\\arm\\5.4.
  66              		.file 5 "Generated_Source\\PSoC6\\pdl\\drivers/peripheral/device/cy_device.h"
  67              		.file 6 "./system_psoc6.h"
  68              		.section	.debug_info,"",%progbits
  69              	.Ldebug_info0:
  70 0000 6C050000 		.4byte	0x56c
  71 0004 0400     		.2byte	0x4
  72 0006 00000000 		.4byte	.Ldebug_abbrev0
  73 000a 04       		.byte	0x4
  74 000b 01       		.uleb128 0x1
  75 000c EF000000 		.4byte	.LASF110
  76 0010 0C       		.byte	0xc
  77 0011 97000000 		.4byte	.LASF111
  78 0015 53040000 		.4byte	.LASF112
  79 0019 00000000 		.4byte	.Ldebug_ranges0+0
ARM GAS  C:\Users\SEANIL~1\AppData\Local\Temp\ccmyU48g.s 			page 5


  80 001d 00000000 		.4byte	0
  81 0021 00000000 		.4byte	.Ldebug_line0
  82 0025 02       		.uleb128 0x2
  83 0026 02       		.byte	0x2
  84 0027 05       		.byte	0x5
  85 0028 A3000000 		.4byte	.LASF0
  86 002c 02       		.uleb128 0x2
  87 002d 01       		.byte	0x1
  88 002e 08       		.byte	0x8
  89 002f 85030000 		.4byte	.LASF1
  90 0033 02       		.uleb128 0x2
  91 0034 01       		.byte	0x1
  92 0035 06       		.byte	0x6
  93 0036 9C030000 		.4byte	.LASF2
  94 003a 03       		.uleb128 0x3
  95 003b DD020000 		.4byte	.LASF3
  96 003f 03       		.byte	0x3
  97 0040 1D       		.byte	0x1d
  98 0041 2C000000 		.4byte	0x2c
  99 0045 03       		.uleb128 0x3
 100 0046 6B060000 		.4byte	.LASF4
 101 004a 03       		.byte	0x3
 102 004b 29       		.byte	0x29
 103 004c 25000000 		.4byte	0x25
 104 0050 03       		.uleb128 0x3
 105 0051 C8010000 		.4byte	.LASF5
 106 0055 03       		.byte	0x3
 107 0056 2B       		.byte	0x2b
 108 0057 5B000000 		.4byte	0x5b
 109 005b 02       		.uleb128 0x2
 110 005c 02       		.byte	0x2
 111 005d 07       		.byte	0x7
 112 005e A1040000 		.4byte	.LASF6
 113 0062 02       		.uleb128 0x2
 114 0063 04       		.byte	0x4
 115 0064 05       		.byte	0x5
 116 0065 9C020000 		.4byte	.LASF7
 117 0069 03       		.uleb128 0x3
 118 006a 92010000 		.4byte	.LASF8
 119 006e 03       		.byte	0x3
 120 006f 41       		.byte	0x41
 121 0070 74000000 		.4byte	0x74
 122 0074 02       		.uleb128 0x2
 123 0075 04       		.byte	0x4
 124 0076 07       		.byte	0x7
 125 0077 AC050000 		.4byte	.LASF9
 126 007b 02       		.uleb128 0x2
 127 007c 08       		.byte	0x8
 128 007d 05       		.byte	0x5
 129 007e 56020000 		.4byte	.LASF10
 130 0082 02       		.uleb128 0x2
 131 0083 08       		.byte	0x8
 132 0084 07       		.byte	0x7
 133 0085 A8030000 		.4byte	.LASF11
 134 0089 04       		.uleb128 0x4
 135 008a 04       		.byte	0x4
 136 008b 05       		.byte	0x5
ARM GAS  C:\Users\SEANIL~1\AppData\Local\Temp\ccmyU48g.s 			page 6


 137 008c 696E7400 		.ascii	"int\000"
 138 0090 02       		.uleb128 0x2
 139 0091 04       		.byte	0x4
 140 0092 07       		.byte	0x7
 141 0093 E6030000 		.4byte	.LASF12
 142 0097 03       		.uleb128 0x3
 143 0098 E4010000 		.4byte	.LASF13
 144 009c 04       		.byte	0x4
 145 009d 18       		.byte	0x18
 146 009e 3A000000 		.4byte	0x3a
 147 00a2 03       		.uleb128 0x3
 148 00a3 1C050000 		.4byte	.LASF14
 149 00a7 04       		.byte	0x4
 150 00a8 20       		.byte	0x20
 151 00a9 45000000 		.4byte	0x45
 152 00ad 03       		.uleb128 0x3
 153 00ae B9040000 		.4byte	.LASF15
 154 00b2 04       		.byte	0x4
 155 00b3 24       		.byte	0x24
 156 00b4 50000000 		.4byte	0x50
 157 00b8 03       		.uleb128 0x3
 158 00b9 C8030000 		.4byte	.LASF16
 159 00bd 04       		.byte	0x4
 160 00be 30       		.byte	0x30
 161 00bf 69000000 		.4byte	0x69
 162 00c3 02       		.uleb128 0x2
 163 00c4 04       		.byte	0x4
 164 00c5 07       		.byte	0x7
 165 00c6 BD000000 		.4byte	.LASF17
 166 00ca 02       		.uleb128 0x2
 167 00cb 08       		.byte	0x8
 168 00cc 04       		.byte	0x4
 169 00cd 62030000 		.4byte	.LASF18
 170 00d1 05       		.uleb128 0x5
 171 00d2 B8       		.byte	0xb8
 172 00d3 05       		.byte	0x5
 173 00d4 34       		.byte	0x34
 174 00d5 E2040000 		.4byte	0x4e2
 175 00d9 06       		.uleb128 0x6
 176 00da B1010000 		.4byte	.LASF19
 177 00de 05       		.byte	0x5
 178 00df 37       		.byte	0x37
 179 00e0 B8000000 		.4byte	0xb8
 180 00e4 00       		.byte	0
 181 00e5 06       		.uleb128 0x6
 182 00e6 B2020000 		.4byte	.LASF20
 183 00ea 05       		.byte	0x5
 184 00eb 38       		.byte	0x38
 185 00ec B8000000 		.4byte	0xb8
 186 00f0 04       		.byte	0x4
 187 00f1 06       		.uleb128 0x6
 188 00f2 93030000 		.4byte	.LASF21
 189 00f6 05       		.byte	0x5
 190 00f7 39       		.byte	0x39
 191 00f8 B8000000 		.4byte	0xb8
 192 00fc 08       		.byte	0x8
 193 00fd 06       		.uleb128 0x6
ARM GAS  C:\Users\SEANIL~1\AppData\Local\Temp\ccmyU48g.s 			page 7


 194 00fe FD040000 		.4byte	.LASF22
 195 0102 05       		.byte	0x5
 196 0103 3A       		.byte	0x3a
 197 0104 B8000000 		.4byte	0xb8
 198 0108 0C       		.byte	0xc
 199 0109 06       		.uleb128 0x6
 200 010a 0C070000 		.4byte	.LASF23
 201 010e 05       		.byte	0x5
 202 010f 3B       		.byte	0x3b
 203 0110 B8000000 		.4byte	0xb8
 204 0114 10       		.byte	0x10
 205 0115 06       		.uleb128 0x6
 206 0116 32020000 		.4byte	.LASF24
 207 011a 05       		.byte	0x5
 208 011b 3C       		.byte	0x3c
 209 011c B8000000 		.4byte	0xb8
 210 0120 14       		.byte	0x14
 211 0121 06       		.uleb128 0x6
 212 0122 BF030000 		.4byte	.LASF25
 213 0126 05       		.byte	0x5
 214 0127 3D       		.byte	0x3d
 215 0128 B8000000 		.4byte	0xb8
 216 012c 18       		.byte	0x18
 217 012d 06       		.uleb128 0x6
 218 012e 7C030000 		.4byte	.LASF26
 219 0132 05       		.byte	0x5
 220 0133 3E       		.byte	0x3e
 221 0134 B8000000 		.4byte	0xb8
 222 0138 1C       		.byte	0x1c
 223 0139 06       		.uleb128 0x6
 224 013a 04070000 		.4byte	.LASF27
 225 013e 05       		.byte	0x5
 226 013f 3F       		.byte	0x3f
 227 0140 B8000000 		.4byte	0xb8
 228 0144 20       		.byte	0x20
 229 0145 06       		.uleb128 0x6
 230 0146 75000000 		.4byte	.LASF28
 231 014a 05       		.byte	0x5
 232 014b 40       		.byte	0x40
 233 014c B8000000 		.4byte	0xb8
 234 0150 24       		.byte	0x24
 235 0151 06       		.uleb128 0x6
 236 0152 BB010000 		.4byte	.LASF29
 237 0156 05       		.byte	0x5
 238 0157 43       		.byte	0x43
 239 0158 97000000 		.4byte	0x97
 240 015c 28       		.byte	0x28
 241 015d 06       		.uleb128 0x6
 242 015e 65050000 		.4byte	.LASF30
 243 0162 05       		.byte	0x5
 244 0163 44       		.byte	0x44
 245 0164 97000000 		.4byte	0x97
 246 0168 29       		.byte	0x29
 247 0169 06       		.uleb128 0x6
 248 016a D3050000 		.4byte	.LASF31
 249 016e 05       		.byte	0x5
 250 016f 45       		.byte	0x45
ARM GAS  C:\Users\SEANIL~1\AppData\Local\Temp\ccmyU48g.s 			page 8


 251 0170 97000000 		.4byte	0x97
 252 0174 2A       		.byte	0x2a
 253 0175 06       		.uleb128 0x6
 254 0176 E8050000 		.4byte	.LASF32
 255 017a 05       		.byte	0x5
 256 017b 46       		.byte	0x46
 257 017c 97000000 		.4byte	0x97
 258 0180 2B       		.byte	0x2b
 259 0181 06       		.uleb128 0x6
 260 0182 2A050000 		.4byte	.LASF33
 261 0186 05       		.byte	0x5
 262 0187 47       		.byte	0x47
 263 0188 97000000 		.4byte	0x97
 264 018c 2C       		.byte	0x2c
 265 018d 06       		.uleb128 0x6
 266 018e 49000000 		.4byte	.LASF34
 267 0192 05       		.byte	0x5
 268 0193 48       		.byte	0x48
 269 0194 97000000 		.4byte	0x97
 270 0198 2D       		.byte	0x2d
 271 0199 06       		.uleb128 0x6
 272 019a C6000000 		.4byte	.LASF35
 273 019e 05       		.byte	0x5
 274 019f 49       		.byte	0x49
 275 01a0 97000000 		.4byte	0x97
 276 01a4 2E       		.byte	0x2e
 277 01a5 06       		.uleb128 0x6
 278 01a6 EC010000 		.4byte	.LASF36
 279 01aa 05       		.byte	0x5
 280 01ab 4A       		.byte	0x4a
 281 01ac 97000000 		.4byte	0x97
 282 01b0 2F       		.byte	0x2f
 283 01b1 06       		.uleb128 0x6
 284 01b2 81010000 		.4byte	.LASF37
 285 01b6 05       		.byte	0x5
 286 01b7 4B       		.byte	0x4b
 287 01b8 97000000 		.4byte	0x97
 288 01bc 30       		.byte	0x30
 289 01bd 06       		.uleb128 0x6
 290 01be DD050000 		.4byte	.LASF38
 291 01c2 05       		.byte	0x5
 292 01c3 4E       		.byte	0x4e
 293 01c4 97000000 		.4byte	0x97
 294 01c8 31       		.byte	0x31
 295 01c9 06       		.uleb128 0x6
 296 01ca E7020000 		.4byte	.LASF39
 297 01ce 05       		.byte	0x5
 298 01cf 4F       		.byte	0x4f
 299 01d0 97000000 		.4byte	0x97
 300 01d4 32       		.byte	0x32
 301 01d5 06       		.uleb128 0x6
 302 01d6 69000000 		.4byte	.LASF40
 303 01da 05       		.byte	0x5
 304 01db 50       		.byte	0x50
 305 01dc 97000000 		.4byte	0x97
 306 01e0 33       		.byte	0x33
 307 01e1 06       		.uleb128 0x6
ARM GAS  C:\Users\SEANIL~1\AppData\Local\Temp\ccmyU48g.s 			page 9


 308 01e2 00000000 		.4byte	.LASF41
 309 01e6 05       		.byte	0x5
 310 01e7 51       		.byte	0x51
 311 01e8 97000000 		.4byte	0x97
 312 01ec 34       		.byte	0x34
 313 01ed 06       		.uleb128 0x6
 314 01ee 10020000 		.4byte	.LASF42
 315 01f2 05       		.byte	0x5
 316 01f3 52       		.byte	0x52
 317 01f4 A2000000 		.4byte	0xa2
 318 01f8 36       		.byte	0x36
 319 01f9 06       		.uleb128 0x6
 320 01fa 14060000 		.4byte	.LASF43
 321 01fe 05       		.byte	0x5
 322 01ff 53       		.byte	0x53
 323 0200 A2000000 		.4byte	0xa2
 324 0204 38       		.byte	0x38
 325 0205 06       		.uleb128 0x6
 326 0206 19040000 		.4byte	.LASF44
 327 020a 05       		.byte	0x5
 328 020b 54       		.byte	0x54
 329 020c A2000000 		.4byte	0xa2
 330 0210 3A       		.byte	0x3a
 331 0211 06       		.uleb128 0x6
 332 0212 F3030000 		.4byte	.LASF45
 333 0216 05       		.byte	0x5
 334 0217 55       		.byte	0x55
 335 0218 97000000 		.4byte	0x97
 336 021c 3C       		.byte	0x3c
 337 021d 06       		.uleb128 0x6
 338 021e 11050000 		.4byte	.LASF46
 339 0222 05       		.byte	0x5
 340 0223 56       		.byte	0x56
 341 0224 97000000 		.4byte	0x97
 342 0228 3D       		.byte	0x3d
 343 0229 06       		.uleb128 0x6
 344 022a 27000000 		.4byte	.LASF47
 345 022e 05       		.byte	0x5
 346 022f 57       		.byte	0x57
 347 0230 97000000 		.4byte	0x97
 348 0234 3E       		.byte	0x3e
 349 0235 06       		.uleb128 0x6
 350 0236 05050000 		.4byte	.LASF48
 351 023a 05       		.byte	0x5
 352 023b 58       		.byte	0x58
 353 023c 97000000 		.4byte	0x97
 354 0240 3F       		.byte	0x3f
 355 0241 06       		.uleb128 0x6
 356 0242 21070000 		.4byte	.LASF49
 357 0246 05       		.byte	0x5
 358 0247 59       		.byte	0x59
 359 0248 97000000 		.4byte	0x97
 360 024c 40       		.byte	0x40
 361 024d 06       		.uleb128 0x6
 362 024e 35060000 		.4byte	.LASF50
 363 0252 05       		.byte	0x5
 364 0253 5A       		.byte	0x5a
ARM GAS  C:\Users\SEANIL~1\AppData\Local\Temp\ccmyU48g.s 			page 10


 365 0254 97000000 		.4byte	0x97
 366 0258 41       		.byte	0x41
 367 0259 06       		.uleb128 0x6
 368 025a 8A060000 		.4byte	.LASF51
 369 025e 05       		.byte	0x5
 370 025f 5B       		.byte	0x5b
 371 0260 97000000 		.4byte	0x97
 372 0264 42       		.byte	0x42
 373 0265 06       		.uleb128 0x6
 374 0266 57030000 		.4byte	.LASF52
 375 026a 05       		.byte	0x5
 376 026b 5C       		.byte	0x5c
 377 026c 97000000 		.4byte	0x97
 378 0270 43       		.byte	0x43
 379 0271 06       		.uleb128 0x6
 380 0272 64020000 		.4byte	.LASF53
 381 0276 05       		.byte	0x5
 382 0277 5D       		.byte	0x5d
 383 0278 97000000 		.4byte	0x97
 384 027c 44       		.byte	0x44
 385 027d 06       		.uleb128 0x6
 386 027e C2040000 		.4byte	.LASF54
 387 0282 05       		.byte	0x5
 388 0283 5E       		.byte	0x5e
 389 0284 B8000000 		.4byte	0xb8
 390 0288 48       		.byte	0x48
 391 0289 06       		.uleb128 0x6
 392 028a 46050000 		.4byte	.LASF55
 393 028e 05       		.byte	0x5
 394 028f 5F       		.byte	0x5f
 395 0290 B8000000 		.4byte	0xb8
 396 0294 4C       		.byte	0x4c
 397 0295 06       		.uleb128 0x6
 398 0296 D3010000 		.4byte	.LASF56
 399 029a 05       		.byte	0x5
 400 029b 60       		.byte	0x60
 401 029c 97000000 		.4byte	0x97
 402 02a0 50       		.byte	0x50
 403 02a1 06       		.uleb128 0x6
 404 02a2 E4060000 		.4byte	.LASF57
 405 02a6 05       		.byte	0x5
 406 02a7 61       		.byte	0x61
 407 02a8 97000000 		.4byte	0x97
 408 02ac 51       		.byte	0x51
 409 02ad 06       		.uleb128 0x6
 410 02ae AD000000 		.4byte	.LASF58
 411 02b2 05       		.byte	0x5
 412 02b3 62       		.byte	0x62
 413 02b4 97000000 		.4byte	0x97
 414 02b8 52       		.byte	0x52
 415 02b9 06       		.uleb128 0x6
 416 02ba 45060000 		.4byte	.LASF59
 417 02be 05       		.byte	0x5
 418 02bf 63       		.byte	0x63
 419 02c0 97000000 		.4byte	0x97
 420 02c4 53       		.byte	0x53
 421 02c5 06       		.uleb128 0x6
ARM GAS  C:\Users\SEANIL~1\AppData\Local\Temp\ccmyU48g.s 			page 11


 422 02c6 2E040000 		.4byte	.LASF60
 423 02ca 05       		.byte	0x5
 424 02cb 64       		.byte	0x64
 425 02cc 97000000 		.4byte	0x97
 426 02d0 54       		.byte	0x54
 427 02d1 06       		.uleb128 0x6
 428 02d2 9D010000 		.4byte	.LASF61
 429 02d6 05       		.byte	0x5
 430 02d7 65       		.byte	0x65
 431 02d8 97000000 		.4byte	0x97
 432 02dc 55       		.byte	0x55
 433 02dd 06       		.uleb128 0x6
 434 02de 98050000 		.4byte	.LASF62
 435 02e2 05       		.byte	0x5
 436 02e3 66       		.byte	0x66
 437 02e4 97000000 		.4byte	0x97
 438 02e8 56       		.byte	0x56
 439 02e9 06       		.uleb128 0x6
 440 02ea 96060000 		.4byte	.LASF63
 441 02ee 05       		.byte	0x5
 442 02ef 67       		.byte	0x67
 443 02f0 97000000 		.4byte	0x97
 444 02f4 57       		.byte	0x57
 445 02f5 06       		.uleb128 0x6
 446 02f6 43030000 		.4byte	.LASF64
 447 02fa 05       		.byte	0x5
 448 02fb 68       		.byte	0x68
 449 02fc 97000000 		.4byte	0x97
 450 0300 58       		.byte	0x58
 451 0301 06       		.uleb128 0x6
 452 0302 00060000 		.4byte	.LASF65
 453 0306 05       		.byte	0x5
 454 0307 69       		.byte	0x69
 455 0308 97000000 		.4byte	0x97
 456 030c 59       		.byte	0x59
 457 030d 06       		.uleb128 0x6
 458 030e D2020000 		.4byte	.LASF66
 459 0312 05       		.byte	0x5
 460 0313 6E       		.byte	0x6e
 461 0314 AD000000 		.4byte	0xad
 462 0318 5A       		.byte	0x5a
 463 0319 06       		.uleb128 0x6
 464 031a F8010000 		.4byte	.LASF67
 465 031e 05       		.byte	0x5
 466 031f 6F       		.byte	0x6f
 467 0320 AD000000 		.4byte	0xad
 468 0324 5C       		.byte	0x5c
 469 0325 06       		.uleb128 0x6
 470 0326 01020000 		.4byte	.LASF68
 471 032a 05       		.byte	0x5
 472 032b 70       		.byte	0x70
 473 032c 97000000 		.4byte	0x97
 474 0330 5E       		.byte	0x5e
 475 0331 06       		.uleb128 0x6
 476 0332 54070000 		.4byte	.LASF69
 477 0336 05       		.byte	0x5
 478 0337 71       		.byte	0x71
ARM GAS  C:\Users\SEANIL~1\AppData\Local\Temp\ccmyU48g.s 			page 12


 479 0338 97000000 		.4byte	0x97
 480 033c 5F       		.byte	0x5f
 481 033d 06       		.uleb128 0x6
 482 033e 43070000 		.4byte	.LASF70
 483 0342 05       		.byte	0x5
 484 0343 72       		.byte	0x72
 485 0344 97000000 		.4byte	0x97
 486 0348 60       		.byte	0x60
 487 0349 06       		.uleb128 0x6
 488 034a 75020000 		.4byte	.LASF71
 489 034e 05       		.byte	0x5
 490 034f 73       		.byte	0x73
 491 0350 B8000000 		.4byte	0xb8
 492 0354 64       		.byte	0x64
 493 0355 06       		.uleb128 0x6
 494 0356 36050000 		.4byte	.LASF72
 495 035a 05       		.byte	0x5
 496 035b 76       		.byte	0x76
 497 035c AD000000 		.4byte	0xad
 498 0360 68       		.byte	0x68
 499 0361 06       		.uleb128 0x6
 500 0362 31030000 		.4byte	.LASF73
 501 0366 05       		.byte	0x5
 502 0367 77       		.byte	0x77
 503 0368 AD000000 		.4byte	0xad
 504 036c 6A       		.byte	0x6a
 505 036d 06       		.uleb128 0x6
 506 036e BF060000 		.4byte	.LASF74
 507 0372 05       		.byte	0x5
 508 0373 78       		.byte	0x78
 509 0374 AD000000 		.4byte	0xad
 510 0378 6C       		.byte	0x6c
 511 0379 06       		.uleb128 0x6
 512 037a 6A070000 		.4byte	.LASF75
 513 037e 05       		.byte	0x5
 514 037f 79       		.byte	0x79
 515 0380 AD000000 		.4byte	0xad
 516 0384 6E       		.byte	0x6e
 517 0385 06       		.uleb128 0x6
 518 0386 E9040000 		.4byte	.LASF76
 519 038a 05       		.byte	0x5
 520 038b 7B       		.byte	0x7b
 521 038c 97000000 		.4byte	0x97
 522 0390 70       		.byte	0x70
 523 0391 06       		.uleb128 0x6
 524 0392 D4040000 		.4byte	.LASF77
 525 0396 05       		.byte	0x5
 526 0397 7C       		.byte	0x7c
 527 0398 97000000 		.4byte	0x97
 528 039c 71       		.byte	0x71
 529 039d 06       		.uleb128 0x6
 530 039e 1F060000 		.4byte	.LASF78
 531 03a2 05       		.byte	0x5
 532 03a3 7D       		.byte	0x7d
 533 03a4 97000000 		.4byte	0x97
 534 03a8 72       		.byte	0x72
 535 03a9 06       		.uleb128 0x6
ARM GAS  C:\Users\SEANIL~1\AppData\Local\Temp\ccmyU48g.s 			page 13


 536 03aa 02040000 		.4byte	.LASF79
 537 03ae 05       		.byte	0x5
 538 03af 7E       		.byte	0x7e
 539 03b0 97000000 		.4byte	0x97
 540 03b4 73       		.byte	0x73
 541 03b5 06       		.uleb128 0x6
 542 03b6 08030000 		.4byte	.LASF80
 543 03ba 05       		.byte	0x5
 544 03bb 80       		.byte	0x80
 545 03bc AD000000 		.4byte	0xad
 546 03c0 74       		.byte	0x74
 547 03c1 06       		.uleb128 0x6
 548 03c2 F5020000 		.4byte	.LASF81
 549 03c6 05       		.byte	0x5
 550 03c7 81       		.byte	0x81
 551 03c8 AD000000 		.4byte	0xad
 552 03cc 76       		.byte	0x76
 553 03cd 06       		.uleb128 0x6
 554 03ce AA060000 		.4byte	.LASF82
 555 03d2 05       		.byte	0x5
 556 03d3 82       		.byte	0x82
 557 03d4 AD000000 		.4byte	0xad
 558 03d8 78       		.byte	0x78
 559 03d9 06       		.uleb128 0x6
 560 03da 3E040000 		.4byte	.LASF83
 561 03de 05       		.byte	0x5
 562 03df 83       		.byte	0x83
 563 03e0 AD000000 		.4byte	0xad
 564 03e4 7A       		.byte	0x7a
 565 03e5 06       		.uleb128 0x6
 566 03e6 BD020000 		.4byte	.LASF84
 567 03ea 05       		.byte	0x5
 568 03eb 86       		.byte	0x86
 569 03ec 97000000 		.4byte	0x97
 570 03f0 7C       		.byte	0x7c
 571 03f1 06       		.uleb128 0x6
 572 03f2 54050000 		.4byte	.LASF85
 573 03f6 05       		.byte	0x5
 574 03f7 87       		.byte	0x87
 575 03f8 97000000 		.4byte	0x97
 576 03fc 7D       		.byte	0x7d
 577 03fd 06       		.uleb128 0x6
 578 03fe 56000000 		.4byte	.LASF86
 579 0402 05       		.byte	0x5
 580 0403 88       		.byte	0x88
 581 0404 97000000 		.4byte	0x97
 582 0408 7E       		.byte	0x7e
 583 0409 06       		.uleb128 0x6
 584 040a 35000000 		.4byte	.LASF87
 585 040e 05       		.byte	0x5
 586 040f 89       		.byte	0x89
 587 0410 97000000 		.4byte	0x97
 588 0414 7F       		.byte	0x7f
 589 0415 06       		.uleb128 0x6
 590 0416 42020000 		.4byte	.LASF88
 591 041a 05       		.byte	0x5
 592 041b 8A       		.byte	0x8a
ARM GAS  C:\Users\SEANIL~1\AppData\Local\Temp\ccmyU48g.s 			page 14


 593 041c 97000000 		.4byte	0x97
 594 0420 80       		.byte	0x80
 595 0421 06       		.uleb128 0x6
 596 0422 80000000 		.4byte	.LASF89
 597 0426 05       		.byte	0x5
 598 0427 8D       		.byte	0x8d
 599 0428 B8000000 		.4byte	0xb8
 600 042c 84       		.byte	0x84
 601 042d 06       		.uleb128 0x6
 602 042e 1A030000 		.4byte	.LASF90
 603 0432 05       		.byte	0x5
 604 0433 8E       		.byte	0x8e
 605 0434 B8000000 		.4byte	0xb8
 606 0438 88       		.byte	0x88
 607 0439 06       		.uleb128 0x6
 608 043a D1030000 		.4byte	.LASF91
 609 043e 05       		.byte	0x5
 610 043f 8F       		.byte	0x8f
 611 0440 B8000000 		.4byte	0xb8
 612 0444 8C       		.byte	0x8c
 613 0445 06       		.uleb128 0x6
 614 0446 2E070000 		.4byte	.LASF92
 615 044a 05       		.byte	0x5
 616 044b 90       		.byte	0x90
 617 044c B8000000 		.4byte	0xb8
 618 0450 90       		.byte	0x90
 619 0451 06       		.uleb128 0x6
 620 0452 83050000 		.4byte	.LASF93
 621 0456 05       		.byte	0x5
 622 0457 91       		.byte	0x91
 623 0458 B8000000 		.4byte	0xb8
 624 045c 94       		.byte	0x94
 625 045d 06       		.uleb128 0x6
 626 045e 11000000 		.4byte	.LASF94
 627 0462 05       		.byte	0x5
 628 0463 92       		.byte	0x92
 629 0464 B8000000 		.4byte	0xb8
 630 0468 98       		.byte	0x98
 631 0469 06       		.uleb128 0x6
 632 046a CE060000 		.4byte	.LASF95
 633 046e 05       		.byte	0x5
 634 046f 93       		.byte	0x93
 635 0470 B8000000 		.4byte	0xb8
 636 0474 9C       		.byte	0x9c
 637 0475 06       		.uleb128 0x6
 638 0476 86020000 		.4byte	.LASF96
 639 047a 05       		.byte	0x5
 640 047b 94       		.byte	0x94
 641 047c B8000000 		.4byte	0xb8
 642 0480 A0       		.byte	0xa0
 643 0481 06       		.uleb128 0x6
 644 0482 1D020000 		.4byte	.LASF97
 645 0486 05       		.byte	0x5
 646 0487 95       		.byte	0x95
 647 0488 AD000000 		.4byte	0xad
 648 048c A4       		.byte	0xa4
 649 048d 06       		.uleb128 0x6
ARM GAS  C:\Users\SEANIL~1\AppData\Local\Temp\ccmyU48g.s 			page 15


 650 048e 75060000 		.4byte	.LASF98
 651 0492 05       		.byte	0x5
 652 0493 96       		.byte	0x96
 653 0494 AD000000 		.4byte	0xad
 654 0498 A6       		.byte	0xa6
 655 0499 06       		.uleb128 0x6
 656 049a 15070000 		.4byte	.LASF99
 657 049e 05       		.byte	0x5
 658 049f 97       		.byte	0x97
 659 04a0 AD000000 		.4byte	0xad
 660 04a4 A8       		.byte	0xa8
 661 04a5 06       		.uleb128 0x6
 662 04a6 C5050000 		.4byte	.LASF100
 663 04aa 05       		.byte	0x5
 664 04ab 98       		.byte	0x98
 665 04ac AD000000 		.4byte	0xad
 666 04b0 AA       		.byte	0xaa
 667 04b1 06       		.uleb128 0x6
 668 04b2 D1000000 		.4byte	.LASF101
 669 04b6 05       		.byte	0x5
 670 04b7 99       		.byte	0x99
 671 04b8 AD000000 		.4byte	0xad
 672 04bc AC       		.byte	0xac
 673 04bd 06       		.uleb128 0x6
 674 04be 6E030000 		.4byte	.LASF102
 675 04c2 05       		.byte	0x5
 676 04c3 9A       		.byte	0x9a
 677 04c4 AD000000 		.4byte	0xad
 678 04c8 AE       		.byte	0xae
 679 04c9 06       		.uleb128 0x6
 680 04ca F6060000 		.4byte	.LASF103
 681 04ce 05       		.byte	0x5
 682 04cf 9D       		.byte	0x9d
 683 04d0 AD000000 		.4byte	0xad
 684 04d4 B0       		.byte	0xb0
 685 04d5 06       		.uleb128 0x6
 686 04d6 57060000 		.4byte	.LASF104
 687 04da 05       		.byte	0x5
 688 04db 9E       		.byte	0x9e
 689 04dc B8000000 		.4byte	0xb8
 690 04e0 B4       		.byte	0xb4
 691 04e1 00       		.byte	0
 692 04e2 03       		.uleb128 0x3
 693 04e3 DF000000 		.4byte	.LASF105
 694 04e7 05       		.byte	0x5
 695 04e8 9F       		.byte	0x9f
 696 04e9 D1000000 		.4byte	0xd1
 697 04ed 02       		.uleb128 0x2
 698 04ee 01       		.byte	0x1
 699 04ef 08       		.byte	0x8
 700 04f0 B4040000 		.4byte	.LASF106
 701 04f4 02       		.uleb128 0x2
 702 04f5 04       		.byte	0x4
 703 04f6 04       		.byte	0x4
 704 04f7 3C020000 		.4byte	.LASF107
 705 04fb 02       		.uleb128 0x2
 706 04fc 08       		.byte	0x8
ARM GAS  C:\Users\SEANIL~1\AppData\Local\Temp\ccmyU48g.s 			page 16


 707 04fd 04       		.byte	0x4
 708 04fe BE050000 		.4byte	.LASF108
 709 0502 02       		.uleb128 0x2
 710 0503 01       		.byte	0x1
 711 0504 02       		.byte	0x2
 712 0505 24050000 		.4byte	.LASF109
 713 0509 07       		.uleb128 0x7
 714 050a A5020000 		.4byte	.LASF113
 715 050e 02       		.byte	0x2
 716 050f 81       		.byte	0x81
 717 0510 03       		.byte	0x3
 718 0511 08       		.uleb128 0x8
 719 0512 8D010000 		.4byte	.LASF114
 720 0516 01       		.byte	0x1
 721 0517 0E       		.byte	0xe
 722 0518 89000000 		.4byte	0x89
 723 051c 00000000 		.4byte	.LFB240
 724 0520 10000000 		.4byte	.LFE240-.LFB240
 725 0524 01       		.uleb128 0x1
 726 0525 9C       		.byte	0x9c
 727 0526 4D050000 		.4byte	0x54d
 728 052a 09       		.uleb128 0x9
 729 052b 09050000 		.4byte	0x509
 730 052f 02000000 		.4byte	.LBB4
 731 0533 02000000 		.4byte	.LBE4-.LBB4
 732 0537 01       		.byte	0x1
 733 0538 10       		.byte	0x10
 734 0539 0A       		.uleb128 0xa
 735 053a 0A000000 		.4byte	.LVL0
 736 053e 63050000 		.4byte	0x563
 737 0542 0B       		.uleb128 0xb
 738 0543 01       		.uleb128 0x1
 739 0544 50       		.byte	0x50
 740 0545 05       		.uleb128 0x5
 741 0546 0C       		.byte	0xc
 742 0547 00000810 		.4byte	0x10080000
 743 054b 00       		.byte	0
 744 054c 00       		.byte	0
 745 054d 0C       		.uleb128 0xc
 746 054e F6050000 		.4byte	.LASF115
 747 0552 05       		.byte	0x5
 748 0553 A7       		.byte	0xa7
 749 0554 58050000 		.4byte	0x558
 750 0558 0D       		.uleb128 0xd
 751 0559 04       		.byte	0x4
 752 055a 5E050000 		.4byte	0x55e
 753 055e 0E       		.uleb128 0xe
 754 055f E2040000 		.4byte	0x4e2
 755 0563 0F       		.uleb128 0xf
 756 0564 73050000 		.4byte	.LASF116
 757 0568 73050000 		.4byte	.LASF116
 758 056c 06       		.byte	0x6
 759 056d 2502     		.2byte	0x225
 760 056f 00       		.byte	0
 761              		.section	.debug_abbrev,"",%progbits
 762              	.Ldebug_abbrev0:
 763 0000 01       		.uleb128 0x1
ARM GAS  C:\Users\SEANIL~1\AppData\Local\Temp\ccmyU48g.s 			page 17


 764 0001 11       		.uleb128 0x11
 765 0002 01       		.byte	0x1
 766 0003 25       		.uleb128 0x25
 767 0004 0E       		.uleb128 0xe
 768 0005 13       		.uleb128 0x13
 769 0006 0B       		.uleb128 0xb
 770 0007 03       		.uleb128 0x3
 771 0008 0E       		.uleb128 0xe
 772 0009 1B       		.uleb128 0x1b
 773 000a 0E       		.uleb128 0xe
 774 000b 55       		.uleb128 0x55
 775 000c 17       		.uleb128 0x17
 776 000d 11       		.uleb128 0x11
 777 000e 01       		.uleb128 0x1
 778 000f 10       		.uleb128 0x10
 779 0010 17       		.uleb128 0x17
 780 0011 00       		.byte	0
 781 0012 00       		.byte	0
 782 0013 02       		.uleb128 0x2
 783 0014 24       		.uleb128 0x24
 784 0015 00       		.byte	0
 785 0016 0B       		.uleb128 0xb
 786 0017 0B       		.uleb128 0xb
 787 0018 3E       		.uleb128 0x3e
 788 0019 0B       		.uleb128 0xb
 789 001a 03       		.uleb128 0x3
 790 001b 0E       		.uleb128 0xe
 791 001c 00       		.byte	0
 792 001d 00       		.byte	0
 793 001e 03       		.uleb128 0x3
 794 001f 16       		.uleb128 0x16
 795 0020 00       		.byte	0
 796 0021 03       		.uleb128 0x3
 797 0022 0E       		.uleb128 0xe
 798 0023 3A       		.uleb128 0x3a
 799 0024 0B       		.uleb128 0xb
 800 0025 3B       		.uleb128 0x3b
 801 0026 0B       		.uleb128 0xb
 802 0027 49       		.uleb128 0x49
 803 0028 13       		.uleb128 0x13
 804 0029 00       		.byte	0
 805 002a 00       		.byte	0
 806 002b 04       		.uleb128 0x4
 807 002c 24       		.uleb128 0x24
 808 002d 00       		.byte	0
 809 002e 0B       		.uleb128 0xb
 810 002f 0B       		.uleb128 0xb
 811 0030 3E       		.uleb128 0x3e
 812 0031 0B       		.uleb128 0xb
 813 0032 03       		.uleb128 0x3
 814 0033 08       		.uleb128 0x8
 815 0034 00       		.byte	0
 816 0035 00       		.byte	0
 817 0036 05       		.uleb128 0x5
 818 0037 13       		.uleb128 0x13
 819 0038 01       		.byte	0x1
 820 0039 0B       		.uleb128 0xb
ARM GAS  C:\Users\SEANIL~1\AppData\Local\Temp\ccmyU48g.s 			page 18


 821 003a 0B       		.uleb128 0xb
 822 003b 3A       		.uleb128 0x3a
 823 003c 0B       		.uleb128 0xb
 824 003d 3B       		.uleb128 0x3b
 825 003e 0B       		.uleb128 0xb
 826 003f 01       		.uleb128 0x1
 827 0040 13       		.uleb128 0x13
 828 0041 00       		.byte	0
 829 0042 00       		.byte	0
 830 0043 06       		.uleb128 0x6
 831 0044 0D       		.uleb128 0xd
 832 0045 00       		.byte	0
 833 0046 03       		.uleb128 0x3
 834 0047 0E       		.uleb128 0xe
 835 0048 3A       		.uleb128 0x3a
 836 0049 0B       		.uleb128 0xb
 837 004a 3B       		.uleb128 0x3b
 838 004b 0B       		.uleb128 0xb
 839 004c 49       		.uleb128 0x49
 840 004d 13       		.uleb128 0x13
 841 004e 38       		.uleb128 0x38
 842 004f 0B       		.uleb128 0xb
 843 0050 00       		.byte	0
 844 0051 00       		.byte	0
 845 0052 07       		.uleb128 0x7
 846 0053 2E       		.uleb128 0x2e
 847 0054 00       		.byte	0
 848 0055 03       		.uleb128 0x3
 849 0056 0E       		.uleb128 0xe
 850 0057 3A       		.uleb128 0x3a
 851 0058 0B       		.uleb128 0xb
 852 0059 3B       		.uleb128 0x3b
 853 005a 0B       		.uleb128 0xb
 854 005b 27       		.uleb128 0x27
 855 005c 19       		.uleb128 0x19
 856 005d 20       		.uleb128 0x20
 857 005e 0B       		.uleb128 0xb
 858 005f 00       		.byte	0
 859 0060 00       		.byte	0
 860 0061 08       		.uleb128 0x8
 861 0062 2E       		.uleb128 0x2e
 862 0063 01       		.byte	0x1
 863 0064 3F       		.uleb128 0x3f
 864 0065 19       		.uleb128 0x19
 865 0066 03       		.uleb128 0x3
 866 0067 0E       		.uleb128 0xe
 867 0068 3A       		.uleb128 0x3a
 868 0069 0B       		.uleb128 0xb
 869 006a 3B       		.uleb128 0x3b
 870 006b 0B       		.uleb128 0xb
 871 006c 27       		.uleb128 0x27
 872 006d 19       		.uleb128 0x19
 873 006e 49       		.uleb128 0x49
 874 006f 13       		.uleb128 0x13
 875 0070 8701     		.uleb128 0x87
 876 0072 19       		.uleb128 0x19
 877 0073 11       		.uleb128 0x11
ARM GAS  C:\Users\SEANIL~1\AppData\Local\Temp\ccmyU48g.s 			page 19


 878 0074 01       		.uleb128 0x1
 879 0075 12       		.uleb128 0x12
 880 0076 06       		.uleb128 0x6
 881 0077 40       		.uleb128 0x40
 882 0078 18       		.uleb128 0x18
 883 0079 9742     		.uleb128 0x2117
 884 007b 19       		.uleb128 0x19
 885 007c 01       		.uleb128 0x1
 886 007d 13       		.uleb128 0x13
 887 007e 00       		.byte	0
 888 007f 00       		.byte	0
 889 0080 09       		.uleb128 0x9
 890 0081 1D       		.uleb128 0x1d
 891 0082 00       		.byte	0
 892 0083 31       		.uleb128 0x31
 893 0084 13       		.uleb128 0x13
 894 0085 11       		.uleb128 0x11
 895 0086 01       		.uleb128 0x1
 896 0087 12       		.uleb128 0x12
 897 0088 06       		.uleb128 0x6
 898 0089 58       		.uleb128 0x58
 899 008a 0B       		.uleb128 0xb
 900 008b 59       		.uleb128 0x59
 901 008c 0B       		.uleb128 0xb
 902 008d 00       		.byte	0
 903 008e 00       		.byte	0
 904 008f 0A       		.uleb128 0xa
 905 0090 898201   		.uleb128 0x4109
 906 0093 01       		.byte	0x1
 907 0094 11       		.uleb128 0x11
 908 0095 01       		.uleb128 0x1
 909 0096 31       		.uleb128 0x31
 910 0097 13       		.uleb128 0x13
 911 0098 00       		.byte	0
 912 0099 00       		.byte	0
 913 009a 0B       		.uleb128 0xb
 914 009b 8A8201   		.uleb128 0x410a
 915 009e 00       		.byte	0
 916 009f 02       		.uleb128 0x2
 917 00a0 18       		.uleb128 0x18
 918 00a1 9142     		.uleb128 0x2111
 919 00a3 18       		.uleb128 0x18
 920 00a4 00       		.byte	0
 921 00a5 00       		.byte	0
 922 00a6 0C       		.uleb128 0xc
 923 00a7 34       		.uleb128 0x34
 924 00a8 00       		.byte	0
 925 00a9 03       		.uleb128 0x3
 926 00aa 0E       		.uleb128 0xe
 927 00ab 3A       		.uleb128 0x3a
 928 00ac 0B       		.uleb128 0xb
 929 00ad 3B       		.uleb128 0x3b
 930 00ae 0B       		.uleb128 0xb
 931 00af 49       		.uleb128 0x49
 932 00b0 13       		.uleb128 0x13
 933 00b1 3F       		.uleb128 0x3f
 934 00b2 19       		.uleb128 0x19
ARM GAS  C:\Users\SEANIL~1\AppData\Local\Temp\ccmyU48g.s 			page 20


 935 00b3 3C       		.uleb128 0x3c
 936 00b4 19       		.uleb128 0x19
 937 00b5 00       		.byte	0
 938 00b6 00       		.byte	0
 939 00b7 0D       		.uleb128 0xd
 940 00b8 0F       		.uleb128 0xf
 941 00b9 00       		.byte	0
 942 00ba 0B       		.uleb128 0xb
 943 00bb 0B       		.uleb128 0xb
 944 00bc 49       		.uleb128 0x49
 945 00bd 13       		.uleb128 0x13
 946 00be 00       		.byte	0
 947 00bf 00       		.byte	0
 948 00c0 0E       		.uleb128 0xe
 949 00c1 26       		.uleb128 0x26
 950 00c2 00       		.byte	0
 951 00c3 49       		.uleb128 0x49
 952 00c4 13       		.uleb128 0x13
 953 00c5 00       		.byte	0
 954 00c6 00       		.byte	0
 955 00c7 0F       		.uleb128 0xf
 956 00c8 2E       		.uleb128 0x2e
 957 00c9 00       		.byte	0
 958 00ca 3F       		.uleb128 0x3f
 959 00cb 19       		.uleb128 0x19
 960 00cc 3C       		.uleb128 0x3c
 961 00cd 19       		.uleb128 0x19
 962 00ce 6E       		.uleb128 0x6e
 963 00cf 0E       		.uleb128 0xe
 964 00d0 03       		.uleb128 0x3
 965 00d1 0E       		.uleb128 0xe
 966 00d2 3A       		.uleb128 0x3a
 967 00d3 0B       		.uleb128 0xb
 968 00d4 3B       		.uleb128 0x3b
 969 00d5 05       		.uleb128 0x5
 970 00d6 00       		.byte	0
 971 00d7 00       		.byte	0
 972 00d8 00       		.byte	0
 973              		.section	.debug_aranges,"",%progbits
 974 0000 1C000000 		.4byte	0x1c
 975 0004 0200     		.2byte	0x2
 976 0006 00000000 		.4byte	.Ldebug_info0
 977 000a 04       		.byte	0x4
 978 000b 00       		.byte	0
 979 000c 0000     		.2byte	0
 980 000e 0000     		.2byte	0
 981 0010 00000000 		.4byte	.LFB240
 982 0014 10000000 		.4byte	.LFE240-.LFB240
 983 0018 00000000 		.4byte	0
 984 001c 00000000 		.4byte	0
 985              		.section	.debug_ranges,"",%progbits
 986              	.Ldebug_ranges0:
 987 0000 00000000 		.4byte	.LFB240
 988 0004 10000000 		.4byte	.LFE240
 989 0008 00000000 		.4byte	0
 990 000c 00000000 		.4byte	0
 991              		.section	.debug_line,"",%progbits
ARM GAS  C:\Users\SEANIL~1\AppData\Local\Temp\ccmyU48g.s 			page 21


 992              	.Ldebug_line0:
 993 0000 D0010000 		.section	.debug_str,"MS",%progbits,1
 993      0200AF01 
 993      00000201 
 993      FB0E0D00 
 993      01010101 
 994              	.LASF41:
 995 0000 63707573 		.ascii	"cpussFlashPaSize\000"
 995      73466C61 
 995      73685061 
 995      53697A65 
 995      00
 996              	.LASF94:
 997 0011 63707573 		.ascii	"cpussTrimRamCtlOffset\000"
 997      73547269 
 997      6D52616D 
 997      43746C4F 
 997      66667365 
 998              	.LASF47:
 999 0027 73727373 		.ascii	"srssNumHfroot\000"
 999      4E756D48 
 999      66726F6F 
 999      7400
 1000              	.LASF87:
 1001 0035 6770696F 		.ascii	"gpioPrtCfgOutOffset\000"
 1001      50727443 
 1001      66674F75 
 1001      744F6666 
 1001      73657400 
 1002              	.LASF34:
 1003 0049 6873696F 		.ascii	"hsiomVersion\000"
 1003      6D566572 
 1003      73696F6E 
 1003      00
 1004              	.LASF86:
 1005 0056 6770696F 		.ascii	"gpioPrtCfgInOffset\000"
 1005      50727443 
 1005      6667496E 
 1005      4F666673 
 1005      657400
 1006              	.LASF40:
 1007 0069 63707573 		.ascii	"cpussDwChNr\000"
 1007      73447743 
 1007      684E7200 
 1008              	.LASF28:
 1009 0075 63727970 		.ascii	"cryptoBase\000"
 1009      746F4261 
 1009      736500
 1010              	.LASF89:
 1011 0080 63707573 		.ascii	"cpussCm0ClockCtlOffset\000"
 1011      73436D30 
 1011      436C6F63 
 1011      6B43746C 
 1011      4F666673 
 1012              	.LASF111:
 1013 0097 6D61696E 		.ascii	"main_cm0p.c\000"
 1013      5F636D30 
ARM GAS  C:\Users\SEANIL~1\AppData\Local\Temp\ccmyU48g.s 			page 22


 1013      702E6300 
 1014              	.LASF0:
 1015 00a3 73686F72 		.ascii	"short int\000"
 1015      7420696E 
 1015      7400
 1016              	.LASF58:
 1017 00ad 666C6173 		.ascii	"flashWriteDelay\000"
 1017      68577269 
 1017      74654465 
 1017      6C617900 
 1018              	.LASF17:
 1019 00bd 73697A65 		.ascii	"sizetype\000"
 1019      74797065 
 1019      00
 1020              	.LASF35:
 1021 00c6 69706356 		.ascii	"ipcVersion\000"
 1021      65727369 
 1021      6F6E00
 1022              	.LASF101:
 1023 00d1 63707573 		.ascii	"cpussRam1Ctl0\000"
 1023      7352616D 
 1023      3143746C 
 1023      3000
 1024              	.LASF105:
 1025 00df 63795F73 		.ascii	"cy_stc_device_t\000"
 1025      74635F64 
 1025      65766963 
 1025      655F7400 
 1026              	.LASF110:
 1027 00ef 474E5520 		.ascii	"GNU C11 5.4.1 20160609 (release) [ARM/embedded-5-br"
 1027      43313120 
 1027      352E342E 
 1027      31203230 
 1027      31363036 
 1028 0122 616E6368 		.ascii	"anch revision 237715] -mcpu=cortex-m0plus -mthumb -"
 1028      20726576 
 1028      6973696F 
 1028      6E203233 
 1028      37373135 
 1029 0155 67202D4F 		.ascii	"g -Og -ffunction-sections -ffat-lto-objects\000"
 1029      67202D66 
 1029      66756E63 
 1029      74696F6E 
 1029      2D736563 
 1030              	.LASF37:
 1031 0181 70726F74 		.ascii	"protVersion\000"
 1031      56657273 
 1031      696F6E00 
 1032              	.LASF114:
 1033 018d 6D61696E 		.ascii	"main\000"
 1033      00
 1034              	.LASF8:
 1035 0192 5F5F7569 		.ascii	"__uint32_t\000"
 1035      6E743332 
 1035      5F7400
 1036              	.LASF61:
 1037 019d 666C6173 		.ascii	"flashCtlMainWs0Freq\000"
ARM GAS  C:\Users\SEANIL~1\AppData\Local\Temp\ccmyU48g.s 			page 23


 1037      6843746C 
 1037      4D61696E 
 1037      57733046 
 1037      72657100 
 1038              	.LASF19:
 1039 01b1 63707573 		.ascii	"cpussBase\000"
 1039      73426173 
 1039      6500
 1040              	.LASF29:
 1041 01bb 63707573 		.ascii	"cpussVersion\000"
 1041      73566572 
 1041      73696F6E 
 1041      00
 1042              	.LASF5:
 1043 01c8 5F5F7569 		.ascii	"__uint16_t\000"
 1043      6E743136 
 1043      5F7400
 1044              	.LASF56:
 1045 01d3 666C6173 		.ascii	"flashRwwRequired\000"
 1045      68527777 
 1045      52657175 
 1045      69726564 
 1045      00
 1046              	.LASF13:
 1047 01e4 75696E74 		.ascii	"uint8_t\000"
 1047      385F7400 
 1048              	.LASF36:
 1049 01ec 70657269 		.ascii	"periVersion\000"
 1049      56657273 
 1049      696F6E00 
 1050              	.LASF67:
 1051 01f8 64774368 		.ascii	"dwChSize\000"
 1051      53697A65 
 1051      00
 1052              	.LASF68:
 1053 0201 64774368 		.ascii	"dwChCtlPrioPos\000"
 1053      43746C50 
 1053      72696F50 
 1053      6F7300
 1054              	.LASF42:
 1055 0210 63707573 		.ascii	"cpussIpc0Irq\000"
 1055      73497063 
 1055      30497271 
 1055      00
 1056              	.LASF97:
 1057 021d 63707573 		.ascii	"cpussCm0NmiCtlOffset\000"
 1057      73436D30 
 1057      4E6D6943 
 1057      746C4F66 
 1057      66736574 
 1058              	.LASF24:
 1059 0232 6873696F 		.ascii	"hsiomBase\000"
 1059      6D426173 
 1059      6500
 1060              	.LASF107:
 1061 023c 666C6F61 		.ascii	"float\000"
 1061      7400
ARM GAS  C:\Users\SEANIL~1\AppData\Local\Temp\ccmyU48g.s 			page 24


 1062              	.LASF88:
 1063 0242 6770696F 		.ascii	"gpioPrtCfgSioOffset\000"
 1063      50727443 
 1063      66675369 
 1063      6F4F6666 
 1063      73657400 
 1064              	.LASF10:
 1065 0256 6C6F6E67 		.ascii	"long long int\000"
 1065      206C6F6E 
 1065      6720696E 
 1065      7400
 1066              	.LASF53:
 1067 0264 73797350 		.ascii	"sysPmSimoPresent\000"
 1067      6D53696D 
 1067      6F507265 
 1067      73656E74 
 1067      00
 1068              	.LASF71:
 1069 0275 64775374 		.ascii	"dwStatusChIdxMsk\000"
 1069      61747573 
 1069      43684964 
 1069      784D736B 
 1069      00
 1070              	.LASF96:
 1071 0286 63707573 		.ascii	"cpussSysTickCtlOffset\000"
 1071      73537973 
 1071      5469636B 
 1071      43746C4F 
 1071      66667365 
 1072              	.LASF7:
 1073 029c 6C6F6E67 		.ascii	"long int\000"
 1073      20696E74 
 1073      00
 1074              	.LASF113:
 1075 02a5 5F5F656E 		.ascii	"__enable_irq\000"
 1075      61626C65 
 1075      5F697271 
 1075      00
 1076              	.LASF20:
 1077 02b2 666C6173 		.ascii	"flashcBase\000"
 1077      68634261 
 1077      736500
 1078              	.LASF84:
 1079 02bd 6770696F 		.ascii	"gpioPrtIntrCfgOffset\000"
 1079      50727449 
 1079      6E747243 
 1079      66674F66 
 1079      66736574 
 1080              	.LASF66:
 1081 02d2 64774368 		.ascii	"dwChOffset\000"
 1081      4F666673 
 1081      657400
 1082              	.LASF3:
 1083 02dd 5F5F7569 		.ascii	"__uint8_t\000"
 1083      6E74385F 
 1083      7400
 1084              	.LASF39:
ARM GAS  C:\Users\SEANIL~1\AppData\Local\Temp\ccmyU48g.s 			page 25


 1085 02e7 63707573 		.ascii	"cpussIpcIrqNr\000"
 1085      73497063 
 1085      4972714E 
 1085      7200
 1086              	.LASF81:
 1087 02f5 70657269 		.ascii	"periDiv16CtlOffset\000"
 1087      44697631 
 1087      3643746C 
 1087      4F666673 
 1087      657400
 1088              	.LASF80:
 1089 0308 70657269 		.ascii	"periDiv8CtlOffset\000"
 1089      44697638 
 1089      43746C4F 
 1089      66667365 
 1089      7400
 1090              	.LASF90:
 1091 031a 63707573 		.ascii	"cpussCm4ClockCtlOffset\000"
 1091      73436D34 
 1091      436C6F63 
 1091      6B43746C 
 1091      4F666673 
 1092              	.LASF73:
 1093 0331 70657269 		.ascii	"periTrCmdGrSelMsk\000"
 1093      5472436D 
 1093      64477253 
 1093      656C4D73 
 1093      6B00
 1094              	.LASF64:
 1095 0343 666C6173 		.ascii	"flashCtlMainWs3Freq\000"
 1095      6843746C 
 1095      4D61696E 
 1095      57733346 
 1095      72657100 
 1096              	.LASF52:
 1097 0357 75646250 		.ascii	"udbPresent\000"
 1097      72657365 
 1097      6E7400
 1098              	.LASF18:
 1099 0362 6C6F6E67 		.ascii	"long double\000"
 1099      20646F75 
 1099      626C6500 
 1100              	.LASF102:
 1101 036e 63707573 		.ascii	"cpussRam2Ctl0\000"
 1101      7352616D 
 1101      3243746C 
 1101      3000
 1102              	.LASF26:
 1103 037c 70617373 		.ascii	"passBase\000"
 1103      42617365 
 1103      00
 1104              	.LASF1:
 1105 0385 756E7369 		.ascii	"unsigned char\000"
 1105      676E6564 
 1105      20636861 
 1105      7200
 1106              	.LASF21:
ARM GAS  C:\Users\SEANIL~1\AppData\Local\Temp\ccmyU48g.s 			page 26


 1107 0393 70657269 		.ascii	"periBase\000"
 1107      42617365 
 1107      00
 1108              	.LASF2:
 1109 039c 7369676E 		.ascii	"signed char\000"
 1109      65642063 
 1109      68617200 
 1110              	.LASF11:
 1111 03a8 6C6F6E67 		.ascii	"long long unsigned int\000"
 1111      206C6F6E 
 1111      6720756E 
 1111      7369676E 
 1111      65642069 
 1112              	.LASF25:
 1113 03bf 6770696F 		.ascii	"gpioBase\000"
 1113      42617365 
 1113      00
 1114              	.LASF16:
 1115 03c8 75696E74 		.ascii	"uint32_t\000"
 1115      33325F74 
 1115      00
 1116              	.LASF91:
 1117 03d1 63707573 		.ascii	"cpussCm4StatusOffset\000"
 1117      73436D34 
 1117      53746174 
 1117      75734F66 
 1117      66736574 
 1118              	.LASF12:
 1119 03e6 756E7369 		.ascii	"unsigned int\000"
 1119      676E6564 
 1119      20696E74 
 1119      00
 1120              	.LASF45:
 1121 03f3 73727373 		.ascii	"srssNumClkpath\000"
 1121      4E756D43 
 1121      6C6B7061 
 1121      746800
 1122              	.LASF79:
 1123 0402 70657269 		.ascii	"periDivCmdPaTypeSelPos\000"
 1123      44697643 
 1123      6D645061 
 1123      54797065 
 1123      53656C50 
 1124              	.LASF44:
 1125 0419 63707573 		.ascii	"cpussNotConnectedIrq\000"
 1125      734E6F74 
 1125      436F6E6E 
 1125      65637465 
 1125      64497271 
 1126              	.LASF60:
 1127 042e 666C6173 		.ascii	"flashEraseDelay\000"
 1127      68457261 
 1127      73654465 
 1127      6C617900 
 1128              	.LASF83:
 1129 043e 70657269 		.ascii	"periDiv24_5CtlOffset\000"
 1129      44697632 
ARM GAS  C:\Users\SEANIL~1\AppData\Local\Temp\ccmyU48g.s 			page 27


 1129      345F3543 
 1129      746C4F66 
 1129      66736574 
 1130              	.LASF112:
 1131 0453 433A5C55 		.ascii	"C:\\Users\\Sean Ilagan\\Documents\\PSoC Creator\\pl"
 1131      73657273 
 1131      5C536561 
 1131      6E20496C 
 1131      6167616E 
 1132 0481 61797465 		.ascii	"aytesting\\FreeRTOS sample.cydsn\000"
 1132      7374696E 
 1132      675C4672 
 1132      65655254 
 1132      4F532073 
 1133              	.LASF6:
 1134 04a1 73686F72 		.ascii	"short unsigned int\000"
 1134      7420756E 
 1134      7369676E 
 1134      65642069 
 1134      6E7400
 1135              	.LASF106:
 1136 04b4 63686172 		.ascii	"char\000"
 1136      00
 1137              	.LASF15:
 1138 04b9 75696E74 		.ascii	"uint16_t\000"
 1138      31365F74 
 1138      00
 1139              	.LASF54:
 1140 04c2 70726F74 		.ascii	"protBusMasterMask\000"
 1140      4275734D 
 1140      61737465 
 1140      724D6173 
 1140      6B00
 1141              	.LASF77:
 1142 04d4 70657269 		.ascii	"periDivCmdTypeSelPos\000"
 1142      44697643 
 1142      6D645479 
 1142      70655365 
 1142      6C506F73 
 1143              	.LASF76:
 1144 04e9 70657269 		.ascii	"periDivCmdDivSelMsk\000"
 1144      44697643 
 1144      6D644469 
 1144      7653656C 
 1144      4D736B00 
 1145              	.LASF22:
 1146 04fd 75646242 		.ascii	"udbBase\000"
 1146      61736500 
 1147              	.LASF48:
 1148 0505 70657269 		.ascii	"periClockNr\000"
 1148      436C6F63 
 1148      6B4E7200 
 1149              	.LASF46:
 1150 0511 73727373 		.ascii	"srssNumPll\000"
 1150      4E756D50 
 1150      6C6C00
 1151              	.LASF14:
ARM GAS  C:\Users\SEANIL~1\AppData\Local\Temp\ccmyU48g.s 			page 28


 1152 051c 696E7431 		.ascii	"int16_t\000"
 1152      365F7400 
 1153              	.LASF109:
 1154 0524 5F426F6F 		.ascii	"_Bool\000"
 1154      6C00
 1155              	.LASF33:
 1156 052a 6770696F 		.ascii	"gpioVersion\000"
 1156      56657273 
 1156      696F6E00 
 1157              	.LASF72:
 1158 0536 70657269 		.ascii	"periTrCmdOffset\000"
 1158      5472436D 
 1158      644F6666 
 1158      73657400 
 1159              	.LASF55:
 1160 0546 63727970 		.ascii	"cryptoMemSize\000"
 1160      746F4D65 
 1160      6D53697A 
 1160      6500
 1161              	.LASF85:
 1162 0554 6770696F 		.ascii	"gpioPrtCfgOffset\000"
 1162      50727443 
 1162      66674F66 
 1162      66736574 
 1162      00
 1163              	.LASF30:
 1164 0565 63727970 		.ascii	"cryptoVersion\000"
 1164      746F5665 
 1164      7273696F 
 1164      6E00
 1165              	.LASF116:
 1166 0573 43795F53 		.ascii	"Cy_SysEnableCM4\000"
 1166      7973456E 
 1166      61626C65 
 1166      434D3400 
 1167              	.LASF93:
 1168 0583 63707573 		.ascii	"cpussCm4PwrCtlOffset\000"
 1168      73436D34 
 1168      50777243 
 1168      746C4F66 
 1168      66736574 
 1169              	.LASF62:
 1170 0598 666C6173 		.ascii	"flashCtlMainWs1Freq\000"
 1170      6843746C 
 1170      4D61696E 
 1170      57733146 
 1170      72657100 
 1171              	.LASF9:
 1172 05ac 6C6F6E67 		.ascii	"long unsigned int\000"
 1172      20756E73 
 1172      69676E65 
 1172      6420696E 
 1172      7400
 1173              	.LASF108:
 1174 05be 646F7562 		.ascii	"double\000"
 1174      6C6500
 1175              	.LASF100:
ARM GAS  C:\Users\SEANIL~1\AppData\Local\Temp\ccmyU48g.s 			page 29


 1176 05c5 63707573 		.ascii	"cpussRam0Ctl0\000"
 1176      7352616D 
 1176      3043746C 
 1176      3000
 1177              	.LASF31:
 1178 05d3 64775665 		.ascii	"dwVersion\000"
 1178      7273696F 
 1178      6E00
 1179              	.LASF38:
 1180 05dd 63707573 		.ascii	"cpussIpcNr\000"
 1180      73497063 
 1180      4E7200
 1181              	.LASF32:
 1182 05e8 666C6173 		.ascii	"flashcVersion\000"
 1182      68635665 
 1182      7273696F 
 1182      6E00
 1183              	.LASF115:
 1184 05f6 63795F64 		.ascii	"cy_device\000"
 1184      65766963 
 1184      6500
 1185              	.LASF65:
 1186 0600 666C6173 		.ascii	"flashCtlMainWs4Freq\000"
 1186      6843746C 
 1186      4D61696E 
 1186      57733446 
 1186      72657100 
 1187              	.LASF43:
 1188 0614 63707573 		.ascii	"cpussFmIrq\000"
 1188      73466D49 
 1188      727100
 1189              	.LASF78:
 1190 061f 70657269 		.ascii	"periDivCmdPaDivSelPos\000"
 1190      44697643 
 1190      6D645061 
 1190      44697653 
 1190      656C506F 
 1191              	.LASF50:
 1192 0635 70617373 		.ascii	"passSarChannels\000"
 1192      53617243 
 1192      68616E6E 
 1192      656C7300 
 1193              	.LASF59:
 1194 0645 666C6173 		.ascii	"flashProgramDelay\000"
 1194      6850726F 
 1194      6772616D 
 1194      44656C61 
 1194      7900
 1195              	.LASF104:
 1196 0657 6970634C 		.ascii	"ipcLockStatusOffset\000"
 1196      6F636B53 
 1196      74617475 
 1196      734F6666 
 1196      73657400 
 1197              	.LASF4:
 1198 066b 5F5F696E 		.ascii	"__int16_t\000"
 1198      7431365F 
ARM GAS  C:\Users\SEANIL~1\AppData\Local\Temp\ccmyU48g.s 			page 30


 1198      7400
 1199              	.LASF98:
 1200 0675 63707573 		.ascii	"cpussCm4NmiCtlOffset\000"
 1200      73436D34 
 1200      4E6D6943 
 1200      746C4F66 
 1200      66736574 
 1201              	.LASF51:
 1202 068a 65704D6F 		.ascii	"epMonitorNr\000"
 1202      6E69746F 
 1202      724E7200 
 1203              	.LASF63:
 1204 0696 666C6173 		.ascii	"flashCtlMainWs2Freq\000"
 1204      6843746C 
 1204      4D61696E 
 1204      57733246 
 1204      72657100 
 1205              	.LASF82:
 1206 06aa 70657269 		.ascii	"periDiv16_5CtlOffset\000"
 1206      44697631 
 1206      365F3543 
 1206      746C4F66 
 1206      66736574 
 1207              	.LASF74:
 1208 06bf 70657269 		.ascii	"periTrGrOffset\000"
 1208      54724772 
 1208      4F666673 
 1208      657400
 1209              	.LASF95:
 1210 06ce 63707573 		.ascii	"cpussTrimRomCtlOffset\000"
 1210      73547269 
 1210      6D526F6D 
 1210      43746C4F 
 1210      66667365 
 1211              	.LASF57:
 1212 06e4 666C6173 		.ascii	"flashPipeRequired\000"
 1212      68506970 
 1212      65526571 
 1212      75697265 
 1212      6400
 1213              	.LASF103:
 1214 06f6 69706353 		.ascii	"ipcStructSize\000"
 1214      74727563 
 1214      7453697A 
 1214      6500
 1215              	.LASF27:
 1216 0704 69706342 		.ascii	"ipcBase\000"
 1216      61736500 
 1217              	.LASF23:
 1218 070c 70726F74 		.ascii	"protBase\000"
 1218      42617365 
 1218      00
 1219              	.LASF99:
 1220 0715 63707573 		.ascii	"cpussRomCtl\000"
 1220      73526F6D 
 1220      43746C00 
 1221              	.LASF49:
ARM GAS  C:\Users\SEANIL~1\AppData\Local\Temp\ccmyU48g.s 			page 31


 1222 0721 736D6966 		.ascii	"smifDeviceNr\000"
 1222      44657669 
 1222      63654E72 
 1222      00
 1223              	.LASF92:
 1224 072e 63707573 		.ascii	"cpussCm0StatusOffset\000"
 1224      73436D30 
 1224      53746174 
 1224      75734F66 
 1224      66736574 
 1225              	.LASF70:
 1226 0743 64775374 		.ascii	"dwStatusChIdxPos\000"
 1226      61747573 
 1226      43684964 
 1226      78506F73 
 1226      00
 1227              	.LASF69:
 1228 0754 64774368 		.ascii	"dwChCtlPreemptablePos\000"
 1228      43746C50 
 1228      7265656D 
 1228      70746162 
 1228      6C65506F 
 1229              	.LASF75:
 1230 076a 70657269 		.ascii	"periTrGrSize\000"
 1230      54724772 
 1230      53697A65 
 1230      00
 1231              		.ident	"GCC: (GNU Tools for ARM Embedded Processors) 5.4.1 20160609 (release) [ARM/embedded-5-bran
