--------------- Clean Started: 07/15/2021 14:06:20 Project: dacProgram, Configuration: ARM GCC 5.4-2016-q2-update Debug ---------------
Deleting file ".\CortexM0p\ARM_GCC_541\Debug\startup_psoc6_01_cm0plus.o"
Deleting file ".\CortexM0p\ARM_GCC_541\Debug\main_cm0p.o"
Deleting file ".\CortexM0p\ARM_GCC_541\Debug\system_psoc6_cm0plus.o"
Deleting file ".\CortexM0p\ARM_GCC_541\Debug\stdio_user.o"
Deleting file ".\CortexM0p\ARM_GCC_541\Debug\cyfitter_sysint_cfg.o"
Deleting file ".\CortexM0p\ARM_GCC_541\Debug\cyfitter_cfg.o"
Deleting file ".\CortexM0p\ARM_GCC_541\Debug\cymetadata.o"
Deleting file ".\CortexM0p\ARM_GCC_541\Debug\ADC_1.o"
Deleting file ".\CortexM0p\ARM_GCC_541\Debug\ADC_1_INT.o"
Deleting file ".\CortexM0p\ARM_GCC_541\Debug\ADC_1_INIT.o"
Deleting file ".\CortexM0p\ARM_GCC_541\Debug\ADC_1_PM.o"
Deleting file ".\CortexM0p\ARM_GCC_541\Debug\UART.o"
Deleting file ".\CortexM0p\ARM_GCC_541\Debug\cy_ctb.o"
Deleting file ".\CortexM0p\ARM_GCC_541\Debug\cy_ctdac.o"
Deleting file ".\CortexM0p\ARM_GCC_541\Debug\cy_efuse.o"
Deleting file ".\CortexM0p\ARM_GCC_541\Debug\cy_flash.o"
Deleting file ".\CortexM0p\ARM_GCC_541\Debug\cy_gpio.o"
Deleting file ".\CortexM0p\ARM_GCC_541\Debug\cy_ipc_drv.o"
Deleting file ".\CortexM0p\ARM_GCC_541\Debug\cy_ipc_sema.o"
Deleting file ".\CortexM0p\ARM_GCC_541\Debug\cy_ipc_pipe.o"
Deleting file ".\CortexM0p\ARM_GCC_541\Debug\cy_lvd.o"
Deleting file ".\CortexM0p\ARM_GCC_541\Debug\cy_profile.o"
Deleting file ".\CortexM0p\ARM_GCC_541\Debug\cy_prot.o"
Deleting file ".\CortexM0p\ARM_GCC_541\Debug\cy_sar.o"
Deleting file ".\CortexM0p\ARM_GCC_541\Debug\cy_scb_common.o"
Deleting file ".\CortexM0p\ARM_GCC_541\Debug\cy_scb_i2c.o"
Deleting file ".\CortexM0p\ARM_GCC_541\Debug\cy_scb_ezi2c.o"
Deleting file ".\CortexM0p\ARM_GCC_541\Debug\cy_scb_spi.o"
Deleting file ".\CortexM0p\ARM_GCC_541\Debug\cy_scb_uart.o"
Deleting file ".\CortexM0p\ARM_GCC_541\Debug\cy_sysanalog.o"
Deleting file ".\CortexM0p\ARM_GCC_541\Debug\cy_sysclk.o"
Deleting file ".\CortexM0p\ARM_GCC_541\Debug\cy_sysint.o"
Deleting file ".\CortexM0p\ARM_GCC_541\Debug\cy_syslib.o"
Deleting file ".\CortexM0p\ARM_GCC_541\Debug\cy_syslib_gcc.o"
Deleting file ".\CortexM0p\ARM_GCC_541\Debug\cy_syspm.o"
Deleting file ".\CortexM0p\ARM_GCC_541\Debug\cy_systick.o"
Deleting file ".\CortexM0p\ARM_GCC_541\Debug\cy_trigmux.o"
Deleting file ".\CortexM0p\ARM_GCC_541\Debug\cy_wdt.o"
Deleting file ".\CortexM0p\ARM_GCC_541\Debug\cy_device.o"
Deleting file ".\CortexM0p\ARM_GCC_541\Debug\cy_ble_clk.o"
Deleting file ".\CortexM0p\ARM_GCC_541\Debug\retarget.o"
Deleting file ".\CortexM0p\ARM_GCC_541\Debug\VDAC.o"
Deleting file ".\CortexM0p\ARM_GCC_541\Debug\dacProgram.hex"
Deleting file ".\CortexM0p\ARM_GCC_541\Debug\dacProgram.elf"
Deleting file ".\CortexM0p\ARM_GCC_541\Debug\dacProgram.map"
Deleting file ".\dacProgram.cycdx"
Deleting file ".\dacProgram.svd"
Deleting file ".\dacProgram.rpt"
Deleting file ".\dacProgram_timing.html"
Deleting file ".\CortexM0p\ARM_GCC_541\Debug\.deps\SOURCE_C__ARM_GCC_GENERIC.P"
Deleting file ".\CortexM4\ARM_GCC_541\Debug\startup_psoc6_01_cm4.o"
Deleting file ".\CortexM4\ARM_GCC_541\Debug\main_cm4.o"
Deleting file ".\CortexM4\ARM_GCC_541\Debug\system_psoc6_cm4.o"
Deleting file ".\CortexM4\ARM_GCC_541\Debug\stdio_user.o"
Deleting file ".\CortexM4\ARM_GCC_541\Debug\cyfitter_sysint_cfg.o"
Deleting file ".\CortexM4\ARM_GCC_541\Debug\cymetadata.o"
Deleting file ".\CortexM4\ARM_GCC_541\Debug\ADC_1.o"
Deleting file ".\CortexM4\ARM_GCC_541\Debug\ADC_1_INT.o"
Deleting file ".\CortexM4\ARM_GCC_541\Debug\ADC_1_INIT.o"
Deleting file ".\CortexM4\ARM_GCC_541\Debug\ADC_1_PM.o"
Deleting file ".\CortexM4\ARM_GCC_541\Debug\UART.o"
Deleting file ".\CortexM4\ARM_GCC_541\Debug\cy_ctb.o"
Deleting file ".\CortexM4\ARM_GCC_541\Debug\cy_ctdac.o"
Deleting file ".\CortexM4\ARM_GCC_541\Debug\cy_efuse.o"
Deleting file ".\CortexM4\ARM_GCC_541\Debug\cy_flash.o"
Deleting file ".\CortexM4\ARM_GCC_541\Debug\cy_gpio.o"
Deleting file ".\CortexM4\ARM_GCC_541\Debug\cy_ipc_drv.o"
Deleting file ".\CortexM4\ARM_GCC_541\Debug\cy_ipc_sema.o"
Deleting file ".\CortexM4\ARM_GCC_541\Debug\cy_ipc_pipe.o"
Deleting file ".\CortexM4\ARM_GCC_541\Debug\cy_lvd.o"
Deleting file ".\CortexM4\ARM_GCC_541\Debug\cy_profile.o"
Deleting file ".\CortexM4\ARM_GCC_541\Debug\cy_prot.o"
Deleting file ".\CortexM4\ARM_GCC_541\Debug\cy_sar.o"
Deleting file ".\CortexM4\ARM_GCC_541\Debug\cy_scb_common.o"
Deleting file ".\CortexM4\ARM_GCC_541\Debug\cy_scb_i2c.o"
Deleting file ".\CortexM4\ARM_GCC_541\Debug\cy_scb_ezi2c.o"
Deleting file ".\CortexM4\ARM_GCC_541\Debug\cy_scb_spi.o"
Deleting file ".\CortexM4\ARM_GCC_541\Debug\cy_scb_uart.o"
Deleting file ".\CortexM4\ARM_GCC_541\Debug\cy_sysanalog.o"
Deleting file ".\CortexM4\ARM_GCC_541\Debug\cy_sysclk.o"
Deleting file ".\CortexM4\ARM_GCC_541\Debug\cy_sysint.o"
Deleting file ".\CortexM4\ARM_GCC_541\Debug\cy_syslib.o"
Deleting file ".\CortexM4\ARM_GCC_541\Debug\cy_syslib_gcc.o"
Deleting file ".\CortexM4\ARM_GCC_541\Debug\cy_syspm.o"
Deleting file ".\CortexM4\ARM_GCC_541\Debug\cy_systick.o"
Deleting file ".\CortexM4\ARM_GCC_541\Debug\cy_trigmux.o"
Deleting file ".\CortexM4\ARM_GCC_541\Debug\cy_wdt.o"
Deleting file ".\CortexM4\ARM_GCC_541\Debug\cy_device.o"
Deleting file ".\CortexM4\ARM_GCC_541\Debug\cy_ble_clk.o"
Deleting file ".\CortexM4\ARM_GCC_541\Debug\croutine.o"
Deleting file ".\CortexM4\ARM_GCC_541\Debug\event_groups.o"
Deleting file ".\CortexM4\ARM_GCC_541\Debug\list.o"
Deleting file ".\CortexM4\ARM_GCC_541\Debug\queue.o"
Deleting file ".\CortexM4\ARM_GCC_541\Debug\tasks.o"
Deleting file ".\CortexM4\ARM_GCC_541\Debug\timers.o"
Deleting file ".\CortexM4\ARM_GCC_541\Debug\stream_buffer.o"
Deleting file ".\CortexM4\ARM_GCC_541\Debug\port.o"
Deleting file ".\CortexM4\ARM_GCC_541\Debug\heap_1.o"
Deleting file ".\CortexM4\ARM_GCC_541\Debug\retarget.o"
Deleting file ".\CortexM4\ARM_GCC_541\Debug\VDAC.o"
Deleting file ".\CortexM4\ARM_GCC_541\Debug\dacProgram.hex"
Deleting file ".\CortexM4\ARM_GCC_541\Debug\dacProgram.elf"
Deleting file ".\CortexM4\ARM_GCC_541\Debug\dacProgram.map"
Deleting file ".\CortexM4\ARM_GCC_541\Debug\.deps\SOURCE_C__ARM_GCC_GENERIC.P"
--------------- Clean Succeeded: 07/15/2021 14:06:20 ---------------
