Loading plugins phase: Elapsed time ==> 0s.132ms
<CYPRESSTAG name="CyDsfit arguments...">
cydsfit arguments: -.fdsnotice -.fdswarpdepfile=warp_dependencies.txt -.fdselabdepfile=elab_dependencies.txt -.fdsbldfile=generated_files.txt -.fdsreffile=referenced_files.txt -p D:\Projects\NS\Neural-Stimulator-Firmware\new\PSOC6\adc\adc.cydsn\adc.cyprj -d CYBLE-416045-02 -s D:\Projects\NS\Neural-Stimulator-Firmware\new\PSOC6\adc\adc.cydsn\Generated_Source\PSoC6 -- -yv2 -q10 -ygs -o2 -v3 -.fftcfgtype=LE
</CYPRESSTAG>
<CYPRESSTAG name="Design elaboration results...">
</CYPRESSTAG>
Elaboration phase: Elapsed time ==> 1s.986ms
<CYPRESSTAG name="HDL generation results...">
</CYPRESSTAG>
HDL generation phase: Elapsed time ==> 0s.069ms
<CYPRESSTAG name="Synthesis results...">

     | | | | | | |
   _________________
  -|               |-
  -|               |-
  -|               |-
  -|    CYPRESS    |-
  -|               |-
  -|               |-   Warp Verilog Synthesis Compiler: Version 6.3 IR 41
  -|               |-   Copyright (C) 1991-2001 Cypress Semiconductor
   |_______________|
     | | | | | | |

======================================================================
Compiling:  adc.v
Program  :   C:\Program Files (x86)\Cypress\PSoC Creator\4.4\PSoC Creator\warp\bin\warp.exe
Options  :    -yv2 -q10 -ygs -o2 -v3 -.fftcfgtype=LE -ya -.fftprj=D:\Projects\NS\Neural-Stimulator-Firmware\new\PSOC6\adc\adc.cydsn\adc.cyprj -dcpsoc3 adc.v -verilog
======================================================================

======================================================================
Compiling:  adc.v
Program  :   C:\Program Files (x86)\Cypress\PSoC Creator\4.4\PSoC Creator\warp\bin\warp.exe
Options  :    -yv2 -q10 -ygs -o2 -v3 -.fftcfgtype=LE -ya -.fftprj=D:\Projects\NS\Neural-Stimulator-Firmware\new\PSOC6\adc\adc.cydsn\adc.cyprj -dcpsoc3 adc.v -verilog
======================================================================

======================================================================
Compiling:  adc.v
Program  :   vlogfe
Options  :    -yv2 -q10 -ygs -o2 -v3 -.fftcfgtype=LE -ya -.fftprj=D:\Projects\NS\Neural-Stimulator-Firmware\new\PSOC6\adc\adc.cydsn\adc.cyprj -dcpsoc3 -verilog adc.v
======================================================================

vlogfe V6.3 IR 41:  Verilog parser
Tue Sep 14 19:55:05 2021


======================================================================
Compiling:  adc.v
Program  :   vpp
Options  :    -yv2 -q10 adc.v
======================================================================

vpp V6.3 IR 41:  Verilog Pre-Processor
Tue Sep 14 19:55:05 2021

Flattening file 'C:\Program Files (x86)\Cypress\PSoC Creator\4.4\PSoC Creator\psoc\content\CyPrimitives\cyprimitives.cylib\cy_analog_virtualmux_v1_0\cy_analog_virtualmux_v1_0.v'
Flattening file 'C:\Program Files (x86)\Cypress\PSoC Creator\4.4\PSoC Creator\psoc\content\CyComponentLibrary\CyComponentLibrary.cylib\Bus_Connect_v2_50\Bus_Connect_v2_50.v'
Flattening file 'C:\Program Files (x86)\Cypress\PSoC Creator\4.4\PSoC Creator\warp\lib\common\cypress.v'
Flattening file 'C:\Program Files (x86)\Cypress\PSoC Creator\4.4\PSoC Creator\warp\lib\common\cy_psoc3_inc.v'
Flattening file 'C:\Program Files (x86)\Cypress\PSoC Creator\4.4\PSoC Creator\psoc\content\CyPrimitives\cyprimitives.cylib\ZeroTerminal\ZeroTerminal.v'
Flattening file 'C:\Program Files (x86)\Cypress\PSoC Creator\4.4\PSoC Creator\psoc\content\CyPrimitives\cyprimitives.cylib\cy_virtualmux_v1_0\cy_virtualmux_v1_0.v'
Flattening file 'C:\Program Files (x86)\Cypress\PSoC Creator\4.4\PSoC Creator\psoc\content\CyPrimitives\cyprimitives.cylib\or_v1_0\or_v1_0.v'
Flattening file 'C:\Program Files (x86)\Cypress\PSoC Creator\4.4\PSoC Creator\psoc\content\CyPrimitives\cyprimitives.cylib\cy_vref_v1_70\cy_vref_v1_70.v'
Flattening file 'C:\Program Files (x86)\Cypress\PSoC Creator\4.4\PSoC Creator\psoc\content\CyPrimitives\cyprimitives.cylib\cy_constant_v1_0\cy_constant_v1_0.v'

vpp:  No errors.

Library 'work' => directory 'lcpsoc3'
General_symbol_table
General_symbol_table
Linking 'C:\Program Files (x86)\Cypress\PSoC Creator\4.4\PSoC Creator\warp\lib\common\std.vhd'.
Linking 'C:\Program Files (x86)\Cypress\PSoC Creator\4.4\PSoC Creator\warp\lib\common\cypress.vhd'.
Linking 'C:\Program Files (x86)\Cypress\PSoC Creator\4.4\PSoC Creator\warp\lib\common\work\cypress.vif'.
Linking 'C:\Program Files (x86)\Cypress\PSoC Creator\4.4\PSoC Creator\warp\lib\ieee\work\stdlogic.vif'.
Linking 'C:\Program Files (x86)\Cypress\PSoC Creator\4.4\PSoC Creator\warp\lib\common\stdlogic\lpmpkg.vif'.
Linking 'C:\Program Files (x86)\Cypress\PSoC Creator\4.4\PSoC Creator\warp\lib\common\stdlogic\rtlpkg.vif'.
Linking 'C:\Program Files (x86)\Cypress\PSoC Creator\4.4\PSoC Creator\warp\lib\common\stdlogic\mod_cnst.vif'.
Linking 'C:\Program Files (x86)\Cypress\PSoC Creator\4.4\PSoC Creator\warp\lib\common\stdlogic\mod_mthv.vif'.
Linking 'C:\Program Files (x86)\Cypress\PSoC Creator\4.4\PSoC Creator\warp\lib\common\stdlogic\mod_genv.vif'.
Using control file 'adc.ctl'.

vlogfe:  No errors.


======================================================================
Compiling:  adc.v
Program  :   tovif
Options  :    -yv2 -q10 -ygs -o2 -v3 -.fftcfgtype=LE -ya -.fftprj=D:\Projects\NS\Neural-Stimulator-Firmware\new\PSOC6\adc\adc.cydsn\adc.cyprj -dcpsoc3 -verilog adc.v
======================================================================

tovif V6.3 IR 41:  High-level synthesis
Tue Sep 14 19:55:05 2021

Linking 'C:\Program Files (x86)\Cypress\PSoC Creator\4.4\PSoC Creator\warp\lib\common\std.vhd'.
Linking 'C:\Program Files (x86)\Cypress\PSoC Creator\4.4\PSoC Creator\warp\lib\common\cypress.vhd'.
Linking 'C:\Program Files (x86)\Cypress\PSoC Creator\4.4\PSoC Creator\warp\lib\common\work\cypress.vif'.
Linking 'C:\Program Files (x86)\Cypress\PSoC Creator\4.4\PSoC Creator\warp\lib\ieee\work\stdlogic.vif'.
Linking 'C:\Program Files (x86)\Cypress\PSoC Creator\4.4\PSoC Creator\warp\lib\common\stdlogic\lpmpkg.vif'.
Linking 'C:\Program Files (x86)\Cypress\PSoC Creator\4.4\PSoC Creator\warp\lib\common\stdlogic\rtlpkg.vif'.
Linking 'C:\Program Files (x86)\Cypress\PSoC Creator\4.4\PSoC Creator\warp\lib\common\stdlogic\mod_cnst.vif'.
Linking 'C:\Program Files (x86)\Cypress\PSoC Creator\4.4\PSoC Creator\warp\lib\common\stdlogic\mod_mthv.vif'.
Linking 'C:\Program Files (x86)\Cypress\PSoC Creator\4.4\PSoC Creator\warp\lib\common\stdlogic\mod_genv.vif'.
Linking 'D:\Projects\NS\Neural-Stimulator-Firmware\new\PSOC6\adc\adc.cydsn\codegentemp\adc.ctl'.
Linking 'C:\Program Files (x86)\Cypress\PSoC Creator\4.4\PSoC Creator\psoc\content\CyPrimitives\cyprimitives.cylib\cy_analog_virtualmux_v1_0\cy_analog_virtualmux_v1_0.v'.
Linking 'D:\Projects\NS\Neural-Stimulator-Firmware\new\PSOC6\adc\adc.cydsn\codegentemp\adc.v'.
Linking 'C:\Program Files (x86)\Cypress\PSoC Creator\4.4\PSoC Creator\psoc\content\CyComponentLibrary\CyComponentLibrary.cylib\Bus_Connect_v2_50\Bus_Connect_v2_50.v'.
Linking 'C:\Program Files (x86)\Cypress\PSoC Creator\4.4\PSoC Creator\warp\lib\common\cypress.v'.
Linking 'C:\Program Files (x86)\Cypress\PSoC Creator\4.4\PSoC Creator\warp\lib\common\cy_psoc3_inc.v'.
Linking 'C:\Program Files (x86)\Cypress\PSoC Creator\4.4\PSoC Creator\psoc\content\CyPrimitives\cyprimitives.cylib\ZeroTerminal\ZeroTerminal.v'.
Linking 'C:\Program Files (x86)\Cypress\PSoC Creator\4.4\PSoC Creator\psoc\content\CyPrimitives\cyprimitives.cylib\cy_virtualmux_v1_0\cy_virtualmux_v1_0.v'.
Linking 'C:\Program Files (x86)\Cypress\PSoC Creator\4.4\PSoC Creator\psoc\content\CyPrimitives\cyprimitives.cylib\or_v1_0\or_v1_0.v'.
Linking 'C:\Program Files (x86)\Cypress\PSoC Creator\4.4\PSoC Creator\psoc\content\CyPrimitives\cyprimitives.cylib\cy_vref_v1_70\cy_vref_v1_70.v'.
Linking 'C:\Program Files (x86)\Cypress\PSoC Creator\4.4\PSoC Creator\psoc\content\CyPrimitives\cyprimitives.cylib\cy_constant_v1_0\cy_constant_v1_0.v'.

tovif:  No errors.


======================================================================
Compiling:  adc.v
Program  :   topld
Options  :    -yv2 -q10 -ygs -o2 -v3 -.fftcfgtype=LE -ya -.fftprj=D:\Projects\NS\Neural-Stimulator-Firmware\new\PSOC6\adc\adc.cydsn\adc.cyprj -dcpsoc3 -verilog adc.v
======================================================================

topld V6.3 IR 41:  Synthesis and optimization
Tue Sep 14 19:55:06 2021

Linking 'C:\Program Files (x86)\Cypress\PSoC Creator\4.4\PSoC Creator\warp\lib\common\std.vhd'.
Linking 'C:\Program Files (x86)\Cypress\PSoC Creator\4.4\PSoC Creator\warp\lib\common\cypress.vhd'.
Linking 'C:\Program Files (x86)\Cypress\PSoC Creator\4.4\PSoC Creator\warp\lib\common\work\cypress.vif'.
Linking 'C:\Program Files (x86)\Cypress\PSoC Creator\4.4\PSoC Creator\warp\lib\ieee\work\stdlogic.vif'.
Linking 'C:\Program Files (x86)\Cypress\PSoC Creator\4.4\PSoC Creator\warp\lib\common\stdlogic\lpmpkg.vif'.
Linking 'C:\Program Files (x86)\Cypress\PSoC Creator\4.4\PSoC Creator\warp\lib\common\stdlogic\rtlpkg.vif'.
Linking 'C:\Program Files (x86)\Cypress\PSoC Creator\4.4\PSoC Creator\warp\lib\common\stdlogic\mod_cnst.vif'.
Linking 'C:\Program Files (x86)\Cypress\PSoC Creator\4.4\PSoC Creator\warp\lib\common\stdlogic\mod_mthv.vif'.
Linking 'C:\Program Files (x86)\Cypress\PSoC Creator\4.4\PSoC Creator\warp\lib\common\stdlogic\mod_genv.vif'.
Linking 'D:\Projects\NS\Neural-Stimulator-Firmware\new\PSOC6\adc\adc.cydsn\codegentemp\adc.ctl'.
Linking 'C:\Program Files (x86)\Cypress\PSoC Creator\4.4\PSoC Creator\psoc\content\CyPrimitives\cyprimitives.cylib\cy_analog_virtualmux_v1_0\cy_analog_virtualmux_v1_0.v'.
Linking 'D:\Projects\NS\Neural-Stimulator-Firmware\new\PSOC6\adc\adc.cydsn\codegentemp\adc.v'.
Linking 'C:\Program Files (x86)\Cypress\PSoC Creator\4.4\PSoC Creator\psoc\content\CyComponentLibrary\CyComponentLibrary.cylib\Bus_Connect_v2_50\Bus_Connect_v2_50.v'.
Linking 'C:\Program Files (x86)\Cypress\PSoC Creator\4.4\PSoC Creator\warp\lib\common\cypress.v'.
Linking 'C:\Program Files (x86)\Cypress\PSoC Creator\4.4\PSoC Creator\warp\lib\common\cy_psoc3_inc.v'.
Linking 'C:\Program Files (x86)\Cypress\PSoC Creator\4.4\PSoC Creator\psoc\content\CyPrimitives\cyprimitives.cylib\ZeroTerminal\ZeroTerminal.v'.
Linking 'C:\Program Files (x86)\Cypress\PSoC Creator\4.4\PSoC Creator\psoc\content\CyPrimitives\cyprimitives.cylib\cy_virtualmux_v1_0\cy_virtualmux_v1_0.v'.
Linking 'C:\Program Files (x86)\Cypress\PSoC Creator\4.4\PSoC Creator\psoc\content\CyPrimitives\cyprimitives.cylib\or_v1_0\or_v1_0.v'.
Linking 'C:\Program Files (x86)\Cypress\PSoC Creator\4.4\PSoC Creator\psoc\content\CyPrimitives\cyprimitives.cylib\cy_vref_v1_70\cy_vref_v1_70.v'.
Linking 'C:\Program Files (x86)\Cypress\PSoC Creator\4.4\PSoC Creator\psoc\content\CyPrimitives\cyprimitives.cylib\cy_constant_v1_0\cy_constant_v1_0.v'.
Linking 'C:\Program Files (x86)\Cypress\PSoC Creator\4.4\PSoC Creator\warp\lib\lcpsoc3\stdlogic\cpsoc3.vif'.

----------------------------------------------------------
Detecting unused logic.
----------------------------------------------------------
    User names
	\ADC_1:Net_34\
	\ADC_1:Net_33\
	Net_21
	\UART_1:Net_22\
	\UART_1:Net_23\
	Net_45
	Net_44
	Net_50
	Net_51
	Net_43


Deleted 10 User equations/components.
Deleted 0 Synthesized equations/components.

------------------------------------------------------
Alias Detection
------------------------------------------------------
Aliasing \ADC_1:Net_41\ to \ADC_1:Net_40\
Aliasing \ADC_1:Net_42\ to \ADC_1:Net_40\
Aliasing \ADC_1:Net_43\ to \ADC_1:Net_40\
Aliasing \ADC_1:st_sel_1\ to \ADC_1:Net_40\
Aliasing \ADC_1:st_sel_0\ to \ADC_1:Net_40\
Aliasing \ADC_1:Net_29\ to \ADC_1:Net_40\
Aliasing zero to \ADC_1:Net_40\
Aliasing \UART_1:cts_wire\ to \ADC_1:Net_40\
Removing Lhs of wire \ADC_1:Net_41\[16] = \ADC_1:Net_40\[15]
Removing Lhs of wire \ADC_1:Net_42\[17] = \ADC_1:Net_40\[15]
Removing Lhs of wire \ADC_1:Net_43\[18] = \ADC_1:Net_40\[15]
Removing Lhs of wire \ADC_1:st_sel_1\[19] = \ADC_1:Net_40\[15]
Removing Lhs of wire \ADC_1:st_sel_0\[20] = \ADC_1:Net_40\[15]
Removing Lhs of wire \ADC_1:sarClock\[21] = \ADC_1:Net_428\[1]
Removing Lhs of wire \ADC_1:Net_415\[22] = \ADC_1:Net_40\[15]
Removing Lhs of wire \ADC_1:Net_29\[23] = \ADC_1:Net_40\[15]
Removing Rhs of wire zero[622] = \ADC_1:Net_40\[15]
Removing Lhs of wire \UART_1:clock_wire\[628] = \UART_1:Net_847\[627]
Removing Lhs of wire \UART_1:rx_wire\[640] = \UART_1:Net_1172\[637]
Removing Lhs of wire \UART_1:cts_wire\[641] = zero[622]

------------------------------------------------------
Aliased 0 equations, 12 wires.
------------------------------------------------------

----------------------------------------------------------
Circuit simplification
----------------------------------------------------------

Substituting virtuals - pass 1:


----------------------------------------------------------
Circuit simplification results:

	Expanded 0 signals.
	Turned 0 signals into soft nodes.
	Maximum default expansion cost was set at 3.
----------------------------------------------------------

topld:  No errors.

CYPRESS_DIR    : C:\Program Files (x86)\Cypress\PSoC Creator\4.4\PSoC Creator\warp
Warp Program   : C:\Program Files (x86)\Cypress\PSoC Creator\4.4\PSoC Creator\warp\bin\warp.exe
Warp Arguments : -yv2 -q10 -ygs -o2 -v3 -.fftcfgtype=LE -ya -.fftprj=D:\Projects\NS\Neural-Stimulator-Firmware\new\PSOC6\adc\adc.cydsn\adc.cyprj -dcpsoc3 adc.v -verilog
</CYPRESSTAG>
Warp synthesis phase: Elapsed time ==> 1s.495ms
<CYPRESSTAG name="Fitter results...">
<CYPRESSTAG name="Fitter startup details...">
cyp3fit: V4.4.0.80, Family: PSoC3, Started at: Tuesday, 14 September 2021 19:55:06
Options: -yv2 -q10 -ygs -o2 -v3 -.fftcfgtype=LE -ya -.fftprj=D:\Projects\NS\Neural-Stimulator-Firmware\new\PSOC6\adc\adc.cydsn\adc.cyprj -d CYBLE-416045-02 adc.v -verilog
</CYPRESSTAG>
<CYPRESSTAG name="Design parsing">
Design parsing phase: Elapsed time ==> 0s.218ms
</CYPRESSTAG>
<CYPRESSTAG name="Tech Mapping">
<CYPRESSTAG name="Initial Mapping" icon="FILE_RPT_TECHM">
<CYPRESSTAG name="Global Clock Selection" icon="FILE_RPT_TECHM">
    Fixed Function Clock 0: Automatic-assigning  clock 'UART_1_SCBCLK'. Signal=\UART_1:Net_847_ff0\
    Fixed Function Clock 49: Automatic-assigning  clock 'ADC_1_intSarClock'. Signal=\ADC_1:Net_428_ff49\
<CYPRESSTAG name="UDB Clock/Enable Remapping Results">
</CYPRESSTAG>
</CYPRESSTAG>
ADD: pft.M0040: information: The following 2 pin(s) will be assigned a location by the fitter: \UART_1:rx(0)\, \UART_1:tx(0)\

Info: plm.M0038: The pin named CY_CPUSS_SWJ_SWCLK_TCLK(0) at location P6[7] prevents usage of special purposes: SCB[6].uart_cts. (App=cydsfit)
Info: plm.M0038: The pin named CY_CPUSS_SWJ_SWCLK_TCLK(0) at location P6[7] prevents usage of special purposes: SCB[6].spi_select[0]. (App=cydsfit)
Info: plm.M0038: The pin named CY_CPUSS_SWJ_SWCLK_TCLK(0) at location P6[7] prevents usage of special purposes: SCB[8].spi_select[0]. (App=cydsfit)
Info: plm.M0038: The pin named CY_CPUSS_SWJ_SWDIO_TMS(0) at location P6[6] prevents usage of special purposes: SCB[6].uart_rts. (App=cydsfit)
Info: plm.M0038: The pin named CY_CPUSS_SWJ_SWDIO_TMS(0) at location P6[6] prevents usage of special purposes: SCB[6].spi_clk. (App=cydsfit)
Info: plm.M0038: The pin named CY_CPUSS_SWJ_SWDIO_TMS(0) at location P6[6] prevents usage of special purposes: SCB[8].spi_clk. (App=cydsfit)

Removing unused cells resulting from optimization
Done removing unused cells.
<CYPRESSTAG name="Duplicate Macrocell detection">
</CYPRESSTAG>
</CYPRESSTAG>
<CYPRESSTAG name="Duplicate Macrocell detection">
</CYPRESSTAG>
<CYPRESSTAG name="Design Equations" icon="FILE_RPT_EQUATION">

------------------------------------------------------------
Design Equations
------------------------------------------------------------
    <CYPRESSTAG name="Pin listing">

    ------------------------------------------------------------
    Pin listing
    ------------------------------------------------------------

    Pin : Name = CY_CPUSS_SWJ_SWCLK_TCLK(0)
        Attributes:
            In Group/Port: True
            In Sync Option: AUTO
            Out Sync Option: AUTO
            Interrupt generated: False
            Interrupt mode: NONE
            Drive mode: RES_PULL_DOWN
            VTrip: CMOS
            Slew: FAST
            Input Sync needed: False
            Output Sync needed: False
            SC shield enabled: False
            POR State: INP_DIS_HI_Z
            LCD Mode: COMMON
            Register Mode: RegComb
            CaSense Mode: NEITHER
            Treat as pin: True
            Is OE Registered: False
            Uses Analog: False
            Can contain Digital: True
            Is SIO: False
            SIO Output Buf: NONREGULATED
            SIO Input Buf: SINGLE_ENDED
            SIO HiFreq: LOW
            SIO Hyst: DISABLED
            SIO Vtrip: MULTIPLIER_0_5
            SIO Multiplier Index: 0
            SIO RefSel: VCC_IO
            Required Capabilities: DIGITAL
            Initial Value: 0
            IO Voltage: 0
        PORT MAP (
            pa_out => CY_CPUSS_SWJ_SWCLK_TCLK(0)__PA ,
            fb => CPUSS_swj_swclk_tclk );

    Pin : Name = CY_CPUSS_SWJ_SWDIO_TMS(0)
        Attributes:
            In Group/Port: True
            In Sync Option: AUTO
            Out Sync Option: AUTO
            Interrupt generated: False
            Interrupt mode: NONE
            Drive mode: RES_PULL_UP
            VTrip: CMOS
            Slew: FAST
            Input Sync needed: False
            Output Sync needed: False
            SC shield enabled: False
            POR State: INP_DIS_HI_Z
            LCD Mode: COMMON
            Register Mode: RegComb
            CaSense Mode: NEITHER
            Treat as pin: True
            Is OE Registered: False
            Uses Analog: False
            Can contain Digital: True
            Is SIO: False
            SIO Output Buf: NONREGULATED
            SIO Input Buf: SINGLE_ENDED
            SIO HiFreq: LOW
            SIO Hyst: DISABLED
            SIO Vtrip: MULTIPLIER_0_5
            SIO Multiplier Index: 0
            SIO RefSel: VCC_IO
            Required Capabilities: DIGITAL
            Initial Value: 0
            IO Voltage: 0
        PORT MAP (
            pa_out => CY_CPUSS_SWJ_SWDIO_TMS(0)__PA ,
            fb => CPUSS_swj_swdio_tms );

    Pin : Name = Pin_1(0)
        Attributes:
            In Group/Port: True
            In Sync Option: AUTO
            Out Sync Option: AUTO
            Interrupt generated: False
            Interrupt mode: NONE
            Drive mode: HI_Z_ANALOG
            VTrip: CMOS
            Slew: FAST
            Input Sync needed: False
            Output Sync needed: False
            SC shield enabled: False
            POR State: INP_DIS_HI_Z
            LCD Mode: COMMON
            Register Mode: RegComb
            CaSense Mode: NEITHER
            Treat as pin: True
            Is OE Registered: False
            Uses Analog: True
            Can contain Digital: False
            Is SIO: False
            SIO Output Buf: NONREGULATED
            SIO Input Buf: SINGLE_ENDED
            SIO HiFreq: LOW
            SIO Hyst: DISABLED
            SIO Vtrip: MULTIPLIER_0_5
            SIO Multiplier Index: 0
            SIO RefSel: VCC_IO
            Required Capabilities: ANALOG
            Initial Value: 1
            IO Voltage: 0
        PORT MAP (
            pa_out => Pin_1(0)__PA ,
            analog_term => \ADC_1:muxoutPlus\ ,
            pad => Pin_1(0)_PAD );
        Properties:
        {
        }

    Pin : Name = \UART_1:tx(0)\
        Attributes:
            In Group/Port: True
            In Sync Option: AUTO
            Out Sync Option: NOSYNC
            Interrupt generated: False
            Interrupt mode: NONE
            Drive mode: CMOS_OUT
            VTrip: CMOS
            Slew: FAST
            Input Sync needed: False
            Output Sync needed: False
            SC shield enabled: False
            POR State: INP_DIS_HI_Z
            LCD Mode: COMMON
            Register Mode: RegComb
            CaSense Mode: NEITHER
            Treat as pin: True
            Is OE Registered: False
            Uses Analog: False
            Can contain Digital: True
            Is SIO: False
            SIO Output Buf: NONREGULATED
            SIO Input Buf: SINGLE_ENDED
            SIO HiFreq: LOW
            SIO Hyst: DISABLED
            SIO Vtrip: MULTIPLIER_0_5
            SIO Multiplier Index: 0
            SIO RefSel: VCC_IO
            Required Capabilities: DIGITAL
            Initial Value: 1
            IO Voltage: 0
        PORT MAP (
            pa_out => \UART_1:tx(0)\__PA ,
            pin_input => \UART_1:tx_wire\ ,
            pad => \UART_1:tx(0)_PAD\ );

    Pin : Name = \UART_1:rx(0)\
        Attributes:
            In Group/Port: True
            In Sync Option: NOSYNC
            Out Sync Option: AUTO
            Interrupt generated: False
            Interrupt mode: NONE
            Drive mode: HI_Z_ANALOG
            VTrip: CMOS
            Slew: FAST
            Input Sync needed: False
            Output Sync needed: False
            SC shield enabled: False
            POR State: INP_DIS_HI_Z
            LCD Mode: COMMON
            Register Mode: RegComb
            CaSense Mode: NEITHER
            Treat as pin: True
            Is OE Registered: False
            Uses Analog: False
            Can contain Digital: True
            Is SIO: False
            SIO Output Buf: NONREGULATED
            SIO Input Buf: SINGLE_ENDED
            SIO HiFreq: LOW
            SIO Hyst: DISABLED
            SIO Vtrip: MULTIPLIER_0_5
            SIO Multiplier Index: 0
            SIO RefSel: VCC_IO
            Required Capabilities: DIGITAL
            Initial Value: 1
            IO Voltage: 0
        PORT MAP (
            pa_out => \UART_1:rx(0)\__PA ,
            fb => \UART_1:Net_1172\ ,
            pad => \UART_1:rx(0)_PAD\ );
    </CYPRESSTAG>
    <CYPRESSTAG name="Macrocell listing" icon="FILE_RPT_EQUATION">
    </CYPRESSTAG>
    <CYPRESSTAG name="Datapath listing">
    </CYPRESSTAG>
    <CYPRESSTAG name="Status register listing">
    </CYPRESSTAG>
    <CYPRESSTAG name="StatusI register listing">
    </CYPRESSTAG>
    <CYPRESSTAG name="Sync listing">
    </CYPRESSTAG>
    <CYPRESSTAG name="Control register listing">
    </CYPRESSTAG>
    <CYPRESSTAG name="Count7 listing">
    </CYPRESSTAG>
    <CYPRESSTAG name="DRQ listing">
    </CYPRESSTAG>
    <CYPRESSTAG name="Interrupt listing">

    ------------------------------------------------------------
    Interrupt listing
    ------------------------------------------------------------

    interrupt: Name =\ADC_1:IRQ\
        PORT MAP (
            interrupt => \ADC_1:Net_423\ );
        Properties:
        {
            cy_registers = ""
            deepsleep_required = 0
            int_type = "10"
        }

    interrupt: Name =\UART_1:SCB_IRQ\
        PORT MAP (
            interrupt => \UART_1:intr_wire\ );
        Properties:
        {
            cy_registers = ""
            deepsleep_required = 0
            int_type = "10"
        }
    </CYPRESSTAG>
</CYPRESSTAG>
<CYPRESSTAG name="Technology mapping summary" expanded>

------------------------------------------------------------
Technology mapping summary
------------------------------------------------------------

Resource Type                 : Used : Free :  Max :  % Used
============================================================
Digital Clocks                :    0 :    8 :    8 :  0.00 %
Crypto Accelerator            :    0 :    1 :    1 :  0.00 %
Interrupts [CM0+]             :    5 :   27 :   32 : 15.63 %
Interrupts [CM4]              :    2 :  145 :  147 :  1.36 %
IO                            :    5 :   31 :   36 : 13.89 %
Interprocessor Communication  :    0 :   16 :   16 :  0.00 %
MCWDT                         :    0 :    2 :    2 :  0.00 %
CapSense                      :    0 :    1 :    1 :  0.00 %
Energy Profiler               :    0 :    1 :    1 :  0.00 %
Real Time Clock               :    0 :    1 :    1 :  0.00 %
Bluetooth Low Energy          :    0 :    1 :    1 :  0.00 %
I2S                           :    0 :    1 :    1 :  0.00 %
PDM/PCM                       :    0 :    1 :    1 :  0.00 %
SCB                           :    1 :    8 :    9 : 11.11 %
DMA Channels                  :    0 :   32 :   32 :  0.00 %
LCD                           :    0 :    1 :    1 :  0.00 %
SmartIO                       :    0 :    2 :    2 :  0.00 %
TCPWM                         :    0 :   32 :   32 :  0.00 %
UDB                           :      :      :      :        
  Macrocells                  :    0 :   96 :   96 :  0.00 %
  Unique P-terms              :    0 :  192 :  192 :  0.00 %
  Total P-terms               :    0 :      :      :        
  Datapath Cells              :    0 :   12 :   12 :  0.00 %
  Status Cells                :    0 :   12 :   12 :  0.00 %
  Control Cells               :    0 :   12 :   12 :  0.00 %
7-Bit IDAC                    :    0 :    2 :    2 :  0.00 %
Continuous Time DAC           :    0 :    1 :    1 :  0.00 %
LP Comparator                 :    0 :    2 :    2 :  0.00 %
Opamp                         :    0 :    2 :    2 :  0.00 %
Sample and Hold               :    0 :    1 :    1 :  0.00 %
SAR ADC                       :    1 :    0 :    1 : 100.00 %
DieTemp Sensor                :    0 :    1 :    1 :  0.00 %
</CYPRESSTAG>
Technology Mapping: Elapsed time ==> 0s.093ms
Tech Mapping phase: Elapsed time ==> 0s.156ms
</CYPRESSTAG>
<CYPRESSTAG name="Analog Placement">
<CYPRESSTAG name="FFB & IO Pre Placement">
<CYPRESSTAG name="Placement" icon="FILE_RPT_PLACEMENT">

Cell                                : Block                              
=========================================================================
CY_CPUSS_SWJ_SWCLK_TCLK(0)          : [IOP=(6)][IoId=(7)]                
CY_CPUSS_SWJ_SWDIO_TMS(0)           : [IOP=(6)][IoId=(6)]                
Pin_1(0)                            : [IOP=(9)][IoId=(5)]                
ClockGenBlock                       : CLK_GEN_[FFB(CLK_GEN,0)]           
CPUSS                               : CPUSS_[FFB(CPUSS,0)]               
\ADC_1:SAR\                         : SARADC_[FFB(SARADC,0)]             
\ADC_1:vssa_kelvin_1\               : Vref_[FFB(Vref,0)]                 
\ADC_1:vRef_4\                      : Vref_[FFB(Vref,1)]                 
\ADC_1:vRef_8\                      : Vref_[FFB(Vref,2)]                 
\UART_1:rx(0)\                      : [IOP=(5)][IoId=(0)]                
\UART_1:tx(0)\                      : [IOP=(5)][IoId=(1)]                
\UART_1:SCB\                        : SCB_[FFB(SCB,5)]                   

</CYPRESSTAG>
</CYPRESSTAG>
<CYPRESSTAG name="Real Analog Placement">
Elapsed time ==> 0.1109820s
</CYPRESSTAG>
Analog Placement phase: Elapsed time ==> 0s.619ms
</CYPRESSTAG>
<CYPRESSTAG name="Analog Routing">
<CYPRESSTAG name="Analog Routing">
Route success=True, Iterations=1 Elapsed=0.0024877 secs
</CYPRESSTAG>
Analog Routing phase: Elapsed time ==> 0s.000ms
</CYPRESSTAG>
<CYPRESSTAG name="Analog Code Generation">
============ Analog Final Answer Routes ============
Dump of CyAnalogRoutingResultsDB
Map of net to items {
  Net: \ADC_1:Net_105\ {
  }
  Net: \ADC_1:Net_1448\ {
  }
  Net: \ADC_1:muxoutMinus\ {
    PASS0_sarmux_vminus
    PASS0_SARMUX0_sw16
    vssa_kelvin
  }
  Net: \ADC_1:muxoutPlus\ {
    vbgr
    PASS0_CTB0_A73
    PASS0_CTB0_oa1_vplus
    PASS0_CTB0_A13
    p9_5
    PASS0_CTB0_A03
    amuxbusb_sar
    PASS0_SARMUX0_sw19
    PASS0_sarmux_vplus
  }
}
Map of item to net {
  PASS0_sarmux_vminus                              -> \ADC_1:muxoutMinus\
  PASS0_SARMUX0_sw16                               -> \ADC_1:muxoutMinus\
  vssa_kelvin                                      -> \ADC_1:muxoutMinus\
  vbgr                                             -> \ADC_1:muxoutPlus\
  PASS0_CTB0_A73                                   -> \ADC_1:muxoutPlus\
  PASS0_CTB0_oa1_vplus                             -> \ADC_1:muxoutPlus\
  PASS0_CTB0_A13                                   -> \ADC_1:muxoutPlus\
  p9_5                                             -> \ADC_1:muxoutPlus\
  PASS0_CTB0_A03                                   -> \ADC_1:muxoutPlus\
  amuxbusb_sar                                     -> \ADC_1:muxoutPlus\
  PASS0_SARMUX0_sw19                               -> \ADC_1:muxoutPlus\
  PASS0_sarmux_vplus                               -> \ADC_1:muxoutPlus\
}
Mux Info {
}
Analog Code Generation phase: Elapsed time ==> 0s.015ms
</CYPRESSTAG>
<CYPRESSTAG name="Digital Placement">
<CYPRESSTAG name="Detailed placement messages">
I2659: No Constrained paths were found. The placer will run in non-timing driven mode.
I2076: Total run-time: 0.4 sec.

</CYPRESSTAG>
<CYPRESSTAG name="PLD Packing">
<CYPRESSTAG name="PLD Packing Summary">
No PLDs were packed.
</CYPRESSTAG>
PLD Packing: Elapsed time ==> 0s.000ms
</CYPRESSTAG>
<CYPRESSTAG name="Partitioning">
<CYPRESSTAG name="Initial Partitioning Summary">
Initial Partitioning Summary not displayed at this verbose level.</CYPRESSTAG>
<CYPRESSTAG name="Final Partitioning Summary">
Final Partitioning Summary not displayed at this verbose level.</CYPRESSTAG>
Partitioning: Elapsed time ==> 0s.031ms
</CYPRESSTAG>
<CYPRESSTAG name="Final Placement Summary">

------------------------------------------------------------
Final Placement Summary
------------------------------------------------------------

       Resource Type :      Count : Avg Inputs : Avg Outputs
    ========================================================
                 UDB :          0 :       0.00 :       0.00
<CYPRESSTAG name="Final Placement Details">
<CYPRESSTAG name="Component Details">

------------------------------------------------------------
Component Placement Details
------------------------------------------------------------
UDB [UDB=(0,0)] is empty.
UDB [UDB=(0,1)] is empty.
UDB [UDB=(0,2)] is empty.
UDB [UDB=(0,3)] is empty.
UDB [UDB=(0,4)] is empty.
UDB [UDB=(0,5)] is empty.
UDB [UDB=(1,0)] is empty.
UDB [UDB=(1,1)] is empty.
UDB [UDB=(1,2)] is empty.
UDB [UDB=(1,3)] is empty.
UDB [UDB=(1,4)] is empty.
UDB [UDB=(1,5)] is empty.
Intr container @ [IntrContainer=(0)]: 
  Intr@ [IntrContainer=(0)][IntrId=(46)] 
    interrupt: Name =\UART_1:SCB_IRQ\
        PORT MAP (
            interrupt => \UART_1:intr_wire\ );
        Properties:
        {
            cy_registers = ""
            deepsleep_required = 0
            int_type = "10"
        }
  Intr@ [IntrContainer=(0)][IntrId=(138)] 
    interrupt: Name =\ADC_1:IRQ\
        PORT MAP (
            interrupt => \ADC_1:Net_423\ );
        Properties:
        {
            cy_registers = ""
            deepsleep_required = 0
            int_type = "10"
        }
Drq container @ [DrqContainer=(0)]: empty
Port 0 contains the following IO cells:
Port 5 contains the following IO cells:
[IoId=0]: 
Pin : Name = \UART_1:rx(0)\
    Attributes:
        In Group/Port: True
        In Sync Option: NOSYNC
        Out Sync Option: AUTO
        Interrupt generated: False
        Interrupt mode: NONE
        Drive mode: HI_Z_ANALOG
        VTrip: CMOS
        Slew: FAST
        Input Sync needed: False
        Output Sync needed: False
        SC shield enabled: False
        POR State: INP_DIS_HI_Z
        LCD Mode: COMMON
        Register Mode: RegComb
        CaSense Mode: NEITHER
        Treat as pin: True
        Is OE Registered: False
        Uses Analog: False
        Can contain Digital: True
        Is SIO: False
        SIO Output Buf: NONREGULATED
        SIO Input Buf: SINGLE_ENDED
        SIO HiFreq: LOW
        SIO Hyst: DISABLED
        SIO Vtrip: MULTIPLIER_0_5
        SIO Multiplier Index: 0
        SIO RefSel: VCC_IO
        Required Capabilities: DIGITAL
        Initial Value: 1
        IO Voltage: 0
    PORT MAP (
        pa_out => \UART_1:rx(0)\__PA ,
        fb => \UART_1:Net_1172\ ,
        pad => \UART_1:rx(0)_PAD\ );
    Properties:
    {
    }

[IoId=1]: 
Pin : Name = \UART_1:tx(0)\
    Attributes:
        In Group/Port: True
        In Sync Option: AUTO
        Out Sync Option: NOSYNC
        Interrupt generated: False
        Interrupt mode: NONE
        Drive mode: CMOS_OUT
        VTrip: CMOS
        Slew: FAST
        Input Sync needed: False
        Output Sync needed: False
        SC shield enabled: False
        POR State: INP_DIS_HI_Z
        LCD Mode: COMMON
        Register Mode: RegComb
        CaSense Mode: NEITHER
        Treat as pin: True
        Is OE Registered: False
        Uses Analog: False
        Can contain Digital: True
        Is SIO: False
        SIO Output Buf: NONREGULATED
        SIO Input Buf: SINGLE_ENDED
        SIO HiFreq: LOW
        SIO Hyst: DISABLED
        SIO Vtrip: MULTIPLIER_0_5
        SIO Multiplier Index: 0
        SIO RefSel: VCC_IO
        Required Capabilities: DIGITAL
        Initial Value: 1
        IO Voltage: 0
    PORT MAP (
        pa_out => \UART_1:tx(0)\__PA ,
        pin_input => \UART_1:tx_wire\ ,
        pad => \UART_1:tx(0)_PAD\ );
    Properties:
    {
    }

Port 6 contains the following IO cells:
[IoId=6]: 
Pin : Name = CY_CPUSS_SWJ_SWDIO_TMS(0)
    Attributes:
        In Group/Port: True
        In Sync Option: AUTO
        Out Sync Option: AUTO
        Interrupt generated: False
        Interrupt mode: NONE
        Drive mode: RES_PULL_UP
        VTrip: CMOS
        Slew: FAST
        Input Sync needed: False
        Output Sync needed: False
        SC shield enabled: False
        POR State: INP_DIS_HI_Z
        LCD Mode: COMMON
        Register Mode: RegComb
        CaSense Mode: NEITHER
        Treat as pin: True
        Is OE Registered: False
        Uses Analog: False
        Can contain Digital: True
        Is SIO: False
        SIO Output Buf: NONREGULATED
        SIO Input Buf: SINGLE_ENDED
        SIO HiFreq: LOW
        SIO Hyst: DISABLED
        SIO Vtrip: MULTIPLIER_0_5
        SIO Multiplier Index: 0
        SIO RefSel: VCC_IO
        Required Capabilities: DIGITAL
        Initial Value: 0
        IO Voltage: 0
    PORT MAP (
        pa_out => CY_CPUSS_SWJ_SWDIO_TMS(0)__PA ,
        fb => CPUSS_swj_swdio_tms );
    Properties:
    {
    }

[IoId=7]: 
Pin : Name = CY_CPUSS_SWJ_SWCLK_TCLK(0)
    Attributes:
        In Group/Port: True
        In Sync Option: AUTO
        Out Sync Option: AUTO
        Interrupt generated: False
        Interrupt mode: NONE
        Drive mode: RES_PULL_DOWN
        VTrip: CMOS
        Slew: FAST
        Input Sync needed: False
        Output Sync needed: False
        SC shield enabled: False
        POR State: INP_DIS_HI_Z
        LCD Mode: COMMON
        Register Mode: RegComb
        CaSense Mode: NEITHER
        Treat as pin: True
        Is OE Registered: False
        Uses Analog: False
        Can contain Digital: True
        Is SIO: False
        SIO Output Buf: NONREGULATED
        SIO Input Buf: SINGLE_ENDED
        SIO HiFreq: LOW
        SIO Hyst: DISABLED
        SIO Vtrip: MULTIPLIER_0_5
        SIO Multiplier Index: 0
        SIO RefSel: VCC_IO
        Required Capabilities: DIGITAL
        Initial Value: 0
        IO Voltage: 0
    PORT MAP (
        pa_out => CY_CPUSS_SWJ_SWCLK_TCLK(0)__PA ,
        fb => CPUSS_swj_swclk_tclk );
    Properties:
    {
    }

Port 7 contains the following IO cells:
Port 9 contains the following IO cells:
[IoId=5]: 
Pin : Name = Pin_1(0)
    Attributes:
        In Group/Port: True
        In Sync Option: AUTO
        Out Sync Option: AUTO
        Interrupt generated: False
        Interrupt mode: NONE
        Drive mode: HI_Z_ANALOG
        VTrip: CMOS
        Slew: FAST
        Input Sync needed: False
        Output Sync needed: False
        SC shield enabled: False
        POR State: INP_DIS_HI_Z
        LCD Mode: COMMON
        Register Mode: RegComb
        CaSense Mode: NEITHER
        Treat as pin: True
        Is OE Registered: False
        Uses Analog: True
        Can contain Digital: False
        Is SIO: False
        SIO Output Buf: NONREGULATED
        SIO Input Buf: SINGLE_ENDED
        SIO HiFreq: LOW
        SIO Hyst: DISABLED
        SIO Vtrip: MULTIPLIER_0_5
        SIO Multiplier Index: 0
        SIO RefSel: VCC_IO
        Required Capabilities: ANALOG
        Initial Value: 1
        IO Voltage: 0
    PORT MAP (
        pa_out => Pin_1(0)__PA ,
        analog_term => \ADC_1:muxoutPlus\ ,
        pad => Pin_1(0)_PAD );
    Properties:
    {
    }

Port 10 contains the following IO cells:
Port 12 contains the following IO cells:
Clock group 0: 
    Clock Block @ F(Clock,0): 
    Clock: Name =ClockBlock
        PORT MAP (
            imo => ClockBlock_IMO ,
            ext => ClockBlock_ExtClk ,
            altHf => ClockBlock_AltHF ,
            eco => ClockBlock_ECO ,
            fll => ClockBlock_FLL ,
            pll_0 => ClockBlock_PLL0 ,
            hfclk_0 => ClockBlock_HFClk0 ,
            hfclk_1 => ClockBlock_HFClk1 ,
            hfclk_2 => ClockBlock_HFClk2 ,
            hfclk_3 => ClockBlock_HFClk3 ,
            hfclk_4 => ClockBlock_HFClk4 ,
            fastclk => ClockBlock_FastClk ,
            periclk => ClockBlock_PeriClk ,
            slowclk => ClockBlock_SlowClk ,
            ilo => ClockBlock_ILO ,
            wco => ClockBlock_WCO ,
            lfclk => ClockBlock_LFClk ,
            ff_div_0 => \UART_1:Net_847_ff0\ ,
            ff_div_49 => \ADC_1:Net_428_ff49\ );
        Properties:
        {
        }
LCD group 0: empty
Vref group 0: 
    Vref Block @ F(Vref,1): 
    vrefcell: Name =\ADC_1:vssa_kelvin_1\
        PORT MAP (
            vout => \ADC_1:muxoutMinus\ );
        Properties:
        {
            autoenable = 1
            guid = "27E55207-D708-4E0A-9CA9-208BEFB90B23"
            ignoresleep = 0
            name = "CY_INTERNAL_VSSA_KELVIN"
        }
    Vref Block @ F(Vref,2): 
    vrefcell: Name =\ADC_1:vRef_4\
        PORT MAP (
            vout => \ADC_1:muxoutPlus\ );
        Properties:
        {
            autoenable = 1
            guid = "6E0C5DC9-D531-4D01-9B49-536487FE4A82"
            ignoresleep = 0
            name = "Bandgap Reference"
        }
    Vref Block @ F(Vref,5): 
    vrefcell: Name =\ADC_1:vRef_8\
        PORT MAP (
            vout => \ADC_1:Net_102\ );
        Properties:
        {
            autoenable = 1
            guid = "A74A229D-E18B-4A00-BEEC-CCDCB446AC07 "
            ignoresleep = 0
            name = ""
        }
LPCOMP group 0: empty
SCB group 0: 
    SCB @ F(SCB,5): 
    SCB: Name =\UART_1:SCB\
        PORT MAP (
            clock => \UART_1:Net_847_ff0\ ,
            uart_rx => \UART_1:Net_1172\ ,
            uart_tx => \UART_1:tx_wire\ ,
            uart_rts => \UART_1:rts_wire\ ,
            interrupt => \UART_1:intr_wire\ ,
            tr_tx_req => Net_48 ,
            tr_rx_req => Net_47 ,
            tr_i2c_scl_filtered => \UART_1:Net_161\ );
        Properties:
        {
            cy_registers = ""
            master = 0
            mode = 2
            requires_io_preconfigure = 0
        }
CSD group 0: empty
CSIDAC7 group 0: empty
TCPWM group 0: empty
OA group 0: empty
TEMP group 0: empty
SARADC group 0: 
    SAR ADC @ F(SARADC,0): 
    SARADC: Name =\ADC_1:SAR\
        PORT MAP (
            vplus => \ADC_1:muxoutPlus\ ,
            vminus => \ADC_1:muxoutMinus\ ,
            vref => \ADC_1:Net_1448\ ,
            ext_vref => \ADC_1:Net_105\ ,
            dsi_sar_sample_done => Net_16 ,
            dsi_sar_chan_id_valid => Net_18 ,
            dsi_sar_data_valid => Net_20 ,
            tr_sar_out => Net_15 ,
            dsi_sar_data_11 => Net_19_11 ,
            dsi_sar_data_10 => Net_19_10 ,
            dsi_sar_data_9 => Net_19_9 ,
            dsi_sar_data_8 => Net_19_8 ,
            dsi_sar_data_7 => Net_19_7 ,
            dsi_sar_data_6 => Net_19_6 ,
            dsi_sar_data_5 => Net_19_5 ,
            dsi_sar_data_4 => Net_19_4 ,
            dsi_sar_data_3 => Net_19_3 ,
            dsi_sar_data_2 => Net_19_2 ,
            dsi_sar_data_1 => Net_19_1 ,
            dsi_sar_data_0 => Net_19_0 ,
            dsi_sar_chan_id_3 => Net_17_3 ,
            dsi_sar_chan_id_2 => Net_17_2 ,
            dsi_sar_chan_id_1 => Net_17_1 ,
            dsi_sar_chan_id_0 => Net_17_0 ,
            clock => \ADC_1:Net_428_ff49\ ,
            interrupt => \ADC_1:Net_423\ );
        Properties:
        {
            cy_registers = ""
            edge_trigger = 1
        }
CLK_GEN group 0: 
    MxS40 Clock Gen Block @ F(CLK_GEN,0): 
    CLK_GEN: Name =ClockGenBlock
        PORT MAP (
             );
        Properties:
        {
        }
LPCOMPBLOCK group 0: empty
PASSBLOCK group 0: empty
BLE group 0: empty
SmartIO group 0: empty
CRYPTO group 0: empty
PROFILE group 0: empty
SRSS group 0: empty
CPUSS group 0: 
    CPUSS Block @ F(CPUSS,0): 
    CPUSS: Name =CPUSS
        PORT MAP (
            swj_swclk_tclk => CPUSS_swj_swclk_tclk ,
            swj_swdio_tms => CPUSS_swj_swdio_tms );
        Properties:
        {
        }
IOSS group 0: empty
UDB group 0: empty
IPC group 0: empty
I2S group 0: empty
PDM group 0: empty
CTDAC group 0: empty
SAMPLEHOLD group 0: empty
MCWDT group 0: empty
RTC group 0: empty
</CYPRESSTAG>
<CYPRESSTAG name="Port Configuration Details">

------------------------------------------------------------
Port Configuration report
------------------------------------------------------------
     |     |       | Interrupt |                  |                            | 
Port | Pin | Fixed |      Type |       Drive Mode |                       Name | Connections
-----+-----+-------+-----------+------------------+----------------------------+---------------------------
   5 |   0 |       |      NONE |      HI_Z_ANALOG |             \UART_1:rx(0)\ | FB(\UART_1:Net_1172\)
     |   1 |       |      NONE |         CMOS_OUT |             \UART_1:tx(0)\ | In(\UART_1:tx_wire\)
-----+-----+-------+-----------+------------------+----------------------------+---------------------------
   6 |   6 |     * |      NONE |      RES_PULL_UP |  CY_CPUSS_SWJ_SWDIO_TMS(0) | FB(CPUSS_swj_swdio_tms)
     |   7 |     * |      NONE |    RES_PULL_DOWN | CY_CPUSS_SWJ_SWCLK_TCLK(0) | FB(CPUSS_swj_swclk_tclk)
-----+-----+-------+-----------+------------------+----------------------------+---------------------------
   9 |   5 |     * |      NONE |      HI_Z_ANALOG |                   Pin_1(0) | Analog(\ADC_1:muxoutPlus\)
-----------------------------------------------------------------------------------------------------------
</CYPRESSTAG>
</CYPRESSTAG>
</CYPRESSTAG>
Digital component placer commit/Report: Elapsed time ==> 0s.000ms
Digital Placement phase: Elapsed time ==> 5s.000ms
</CYPRESSTAG>
<CYPRESSTAG name="Digital Routing">
"C:\Program Files (x86)\Cypress\PSoC Creator\4.4\PSoC Creator\bin/sjrouter.exe" --xml-path "C:\Program Files (x86)\Cypress\PSoC Creator\4.4\PSoC Creator\dev\psoc6/0/route_arch-rrg.cydata" --vh2-path "adc_r.vh2" --pcf-path "adc.pco" --des-name "adc" --dsf-path "adc.dsf" --sdc-path "adc.sdc" --lib-path "adc_r.lib"
Routing successful.
Digital Routing phase: Elapsed time ==> 0s.829ms
</CYPRESSTAG>
<CYPRESSTAG name="Bitstream Generation">
Bitstream Generation phase: Elapsed time ==> 0s.441ms
</CYPRESSTAG>
<CYPRESSTAG name="Bitstream Verification">
Bitstream Verification phase: Elapsed time ==> 0s.000ms
</CYPRESSTAG>
<CYPRESSTAG name="Static timing analysis">
Timing report is in adc_timing.html.
Static timing analysis phase: Elapsed time ==> 6s.882ms
</CYPRESSTAG>
<CYPRESSTAG name="Data reporting">
Data reporting phase: Elapsed time ==> 0s.000ms
</CYPRESSTAG>
<CYPRESSTAG name="Database update...">
Design database save phase: Elapsed time ==> 0s.156ms
</CYPRESSTAG>
cydsfit: Elapsed time ==> 14s.382ms
</CYPRESSTAG>
Fitter phase: Elapsed time ==> 14s.382ms
API generation phase: Elapsed time ==> 0s.949ms
Dependency generation phase: Elapsed time ==> 0s.015ms
Cleanup phase: Elapsed time ==> 0s.000ms
