--------------- Build Started: 06/25/2021 22:40:31 Project: Hello World CM0P, Configuration: ARM GCC 5.4-2016-q2-update Debug ---------------
The code generation step is up to date.
arm-none-eabi-gcc.exe -mcpu=cortex-m0plus -mthumb -I. -IGenerated_Source\PSoC6 -IGenerated_Source\PSoC6\pdl\cmsis/include/ -IGenerated_Source\PSoC6\pdl\devices/psoc6/include/ -IGenerated_Source\PSoC6\pdl\devices/psoc6/include/ip/ -IGenerated_Source\PSoC6\pdl\drivers/peripheral/ -IGenerated_Source\PSoC6\pdl\drivers/peripheral/device/ -IGenerated_Source\PSoC6\pdl\drivers/peripheral/efuse/ -IGenerated_Source\PSoC6\pdl\drivers/peripheral/flash/ -IGenerated_Source\PSoC6\pdl\drivers/peripheral/gpio/ -IGenerated_Source\PSoC6\pdl\drivers/peripheral/ipc/ -IGenerated_Source\PSoC6\pdl\drivers/peripheral/lvd/ -IGenerated_Source\PSoC6\pdl\drivers/peripheral/profile/ -IGenerated_Source\PSoC6\pdl\drivers/peripheral/prot/ -IGenerated_Source\PSoC6\pdl\drivers/peripheral/sysanalog/ -IGenerated_Source\PSoC6\pdl\drivers/peripheral/sysclk/ -IGenerated_Source\PSoC6\pdl\drivers/peripheral/sysint/ -IGenerated_Source\PSoC6\pdl\drivers/peripheral/syslib/ -IGenerated_Source\PSoC6\pdl\drivers/peripheral/syspm/ -IGenerated_Source\PSoC6\pdl\drivers/peripheral/systick/ -IGenerated_Source\PSoC6\pdl\drivers/peripheral/trigmux/ -IGenerated_Source\PSoC6\pdl\drivers/peripheral/wdt/ -IGenerated_Source\PSoC6\pdl\middleware/ -Wa,-alh=.\CortexM0p\ARM_GCC_541\Debug/main_cm0p.lst -g -D DEBUG -D CY_CORE_ID=0 -D CY_PSOC_CREATOR_USED=1 -D CYBLE_416045_02 -Wall -ffunction-sections -ffat-lto-objects -Og -c main_cm0p.c -o .\CortexM0p\ARM_GCC_541\Debug\main_cm0p.o
arm-none-eabi-gcc.exe -Wl,--start-group -o "C:\Users\Sean Ilagan\Documents\PSoC Creator\playtesting\Hello World CM0P.cydsn\CortexM0p\ARM_GCC_541\Debug\Hello World CM0P_link.elf" .\CortexM0p\ARM_GCC_541\Debug\startup_psoc6_01_cm0plus.o .\CortexM0p\ARM_GCC_541\Debug\main_cm0p.o .\CortexM0p\ARM_GCC_541\Debug\system_psoc6_cm0plus.o .\CortexM0p\ARM_GCC_541\Debug\cyfitter_sysint_cfg.o .\CortexM0p\ARM_GCC_541\Debug\cyfitter_cfg.o .\CortexM0p\ARM_GCC_541\Debug\cymetadata.o .\CortexM0p\ARM_GCC_541\Debug\cy_efuse.o .\CortexM0p\ARM_GCC_541\Debug\cy_flash.o .\CortexM0p\ARM_GCC_541\Debug\cy_gpio.o .\CortexM0p\ARM_GCC_541\Debug\cy_ipc_drv.o .\CortexM0p\ARM_GCC_541\Debug\cy_ipc_sema.o .\CortexM0p\ARM_GCC_541\Debug\cy_ipc_pipe.o .\CortexM0p\ARM_GCC_541\Debug\cy_lvd.o .\CortexM0p\ARM_GCC_541\Debug\cy_profile.o .\CortexM0p\ARM_GCC_541\Debug\cy_prot.o .\CortexM0p\ARM_GCC_541\Debug\cy_sysanalog.o .\CortexM0p\ARM_GCC_541\Debug\cy_sysclk.o .\CortexM0p\ARM_GCC_541\Debug\cy_sysint.o .\CortexM0p\ARM_GCC_541\Debug\cy_syslib.o .\CortexM0p\ARM_GCC_541\Debug\cy_syslib_gcc.o .\CortexM0p\ARM_GCC_541\Debug\cy_syspm.o .\CortexM0p\ARM_GCC_541\Debug\cy_systick.o .\CortexM0p\ARM_GCC_541\Debug\cy_trigmux.o .\CortexM0p\ARM_GCC_541\Debug\cy_wdt.o .\CortexM0p\ARM_GCC_541\Debug\cy_device.o .\CortexM0p\ARM_GCC_541\Debug\cy_ble_clk.o -mcpu=cortex-m0plus -mthumb -L Generated_Source\PSoC6 "-Wl,-Map,.\CortexM0p\ARM_GCC_541\Debug/Hello World CM0P.map" -T cy8c6xx7_cm0plus.ld -specs=nano.specs -Wl,--gc-sections -g -ffunction-sections -Og -ffat-lto-objects -Wl,--end-group
"C:\Program Files (x86)\Cypress\PDL\3.1.4\tools\win\elf\cymcuelftool.exe" --sign "C:\Users\Sean Ilagan\Documents\PSoC Creator\playtesting\Hello World CM0P.cydsn\CortexM0p\ARM_GCC_541\Debug\Hello World CM0P_link.elf" --output "C:\Users\Sean Ilagan\Documents\PSoC Creator\playtesting\Hello World CM0P.cydsn\CortexM0p\ARM_GCC_541\Debug\Hello World CM0P.elf" --hex "C:\Users\Sean Ilagan\Documents\PSoC Creator\playtesting\Hello World CM0P.cydsn\CortexM0p\ARM_GCC_541\Debug\Hello World CM0P.hex"
No ELF section .cychecksum found, creating one
Application checksum calculated and stored in ELF section .cychecksum
Checksum calculated and stored in ELF section .cymeta
The compile step is up to date, no work needs to be done.
The link step is up to date, no work needs to be done.
"C:\Program Files (x86)\Cypress\PDL\3.1.4\tools\win\elf\cymcuelftool.exe" --sign "C:\Users\Sean Ilagan\Documents\PSoC Creator\playtesting\Hello World CM0P.cydsn\CortexM4\ARM_GCC_541\Debug\Hello World CM0P_link.elf" --output "C:\Users\Sean Ilagan\Documents\PSoC Creator\playtesting\Hello World CM0P.cydsn\CortexM4\ARM_GCC_541\Debug\Hello World CM0P_signed.elf" --hex "C:\Users\Sean Ilagan\Documents\PSoC Creator\playtesting\Hello World CM0P.cydsn\CortexM4\ARM_GCC_541\Debug\Hello World CM0P_signed.hex"
No ELF section .cychecksum found, creating one
Application checksum calculated and stored in ELF section .cychecksum
Checksum calculated and stored in ELF section .cymeta
"C:\Program Files (x86)\Cypress\PDL\3.1.4\tools\win\elf\cymcuelftool.exe" --merge "C:\Users\Sean Ilagan\Documents\PSoC Creator\playtesting\Hello World CM0P.cydsn\CortexM4\ARM_GCC_541\Debug\Hello World CM0P_signed.elf" "C:\Users\Sean Ilagan\Documents\PSoC Creator\playtesting\Hello World CM0P.cydsn\CortexM0p\ARM_GCC_541\Debug\Hello World CM0P.elf" --output "C:\Users\Sean Ilagan\Documents\PSoC Creator\playtesting\Hello World CM0P.cydsn\CortexM4\ARM_GCC_541\Debug\Hello World CM0P.elf" --hex "C:\Users\Sean Ilagan\Documents\PSoC Creator\playtesting\Hello World CM0P.cydsn\CortexM4\ARM_GCC_541\Debug\Hello World CM0P.hex"
Application checksum calculated and stored in ELF section .cychecksum
Checksum calculated and stored in ELF section .cymeta
"C:\Program Files (x86)\Cypress\PDL\3.1.4\tools\win\elf\cymcuelftool.exe" -A "C:\Users\Sean Ilagan\Documents\PSoC Creator\playtesting\Hello World CM0P.cydsn\CortexM4\ARM_GCC_541\Debug\Hello World CM0P.elf"
code:16000	sram:2140
--------------- Build Succeeded: 06/25/2021 22:40:34 ---------------
