ARM GAS  C:\Users\cmila\AppData\Local\Temp\ccYv5snQ.s 			page 1


   1              		.syntax unified
   2              		.cpu cortex-m0plus
   3              		.fpu softvfp
   4              		.eabi_attribute 20, 1
   5              		.eabi_attribute 21, 1
   6              		.eabi_attribute 23, 3
   7              		.eabi_attribute 24, 1
   8              		.eabi_attribute 25, 1
   9              		.eabi_attribute 26, 1
  10              		.eabi_attribute 30, 1
  11              		.eabi_attribute 34, 0
  12              		.eabi_attribute 18, 4
  13              		.thumb
  14              		.syntax unified
  15              		.file	"ADC_1_PM.c"
  16              		.text
  17              	.Ltext0:
  18              		.cfi_sections	.debug_frame
  19              		.global	ADC_1_DeepSleepCallbackStruct
  20              		.data
  21              		.align	2
  22              		.type	ADC_1_DeepSleepCallbackStruct, %object
  23              		.size	ADC_1_DeepSleepCallbackStruct, 24
  24              	ADC_1_DeepSleepCallbackStruct:
  25 0000 00000000 		.word	Cy_SAR_DeepSleepCallback
  26 0004 01       		.byte	1
  27 0005 00000000 		.space	7
  27      000000
  28 000c 18000000 		.word	ADC_1_DeepSleepCallbackParams
  29 0010 00000000 		.space	8
  29      00000000 
  30              		.type	ADC_1_DeepSleepCallbackParams, %object
  31              		.size	ADC_1_DeepSleepCallbackParams, 8
  32              	ADC_1_DeepSleepCallbackParams:
  33 0018 00001D41 		.word	1092419584
  34 001c 00000000 		.space	4
  35              		.text
  36              	.Letext0:
  37              		.file 1 "c:\\program files (x86)\\cypress\\psoc creator\\4.4\\psoc creator\\import\\gnu\\arm\\5.4.
  38              		.file 2 "c:\\program files (x86)\\cypress\\psoc creator\\4.4\\psoc creator\\import\\gnu\\arm\\5.4.
  39              		.file 3 "Generated_Source\\PSoC6\\pdl\\devices/psoc6/include/ip/cyip_sar.h"
  40              		.file 4 "Generated_Source\\PSoC6\\pdl\\devices/psoc6/include/psoc6_01_config.h"
  41              		.file 5 "Generated_Source\\PSoC6\\pdl\\drivers/peripheral/device/cy_device.h"
  42              		.file 6 "Generated_Source\\PSoC6\\pdl\\drivers/peripheral/syspm/cy_syspm.h"
  43              		.file 7 "Generated_Source\\PSoC6\\pdl\\drivers/peripheral/sar/cy_sar.h"
  44              		.file 8 "Generated_Source\\PSoC6\\ADC_1.h"
  45              		.file 9 "Generated_Source\\PSoC6\\ADC_1_PM.c"
  46              		.section	.debug_info,"",%progbits
  47              	.Ldebug_info0:
  48 0000 120C0000 		.4byte	0xc12
  49 0004 0400     		.2byte	0x4
  50 0006 00000000 		.4byte	.Ldebug_abbrev0
  51 000a 04       		.byte	0x4
  52 000b 01       		.uleb128 0x1
  53 000c 6B0A0000 		.4byte	.LASF222
  54 0010 0C       		.byte	0xc
  55 0011 02050000 		.4byte	.LASF223
ARM GAS  C:\Users\cmila\AppData\Local\Temp\ccYv5snQ.s 			page 2


  56 0015 49050000 		.4byte	.LASF224
  57 0019 00000000 		.4byte	.Ldebug_line0
  58 001d 02       		.uleb128 0x2
  59 001e 02       		.byte	0x2
  60 001f 05       		.byte	0x5
  61 0020 65090000 		.4byte	.LASF0
  62 0024 02       		.uleb128 0x2
  63 0025 01       		.byte	0x1
  64 0026 08       		.byte	0x8
  65 0027 32090000 		.4byte	.LASF1
  66 002b 02       		.uleb128 0x2
  67 002c 01       		.byte	0x1
  68 002d 06       		.byte	0x6
  69 002e D3010000 		.4byte	.LASF2
  70 0032 03       		.uleb128 0x3
  71 0033 D5000000 		.4byte	.LASF3
  72 0037 01       		.byte	0x1
  73 0038 1D       		.byte	0x1d
  74 0039 24000000 		.4byte	0x24
  75 003d 03       		.uleb128 0x3
  76 003e E2030000 		.4byte	.LASF4
  77 0042 01       		.byte	0x1
  78 0043 29       		.byte	0x29
  79 0044 1D000000 		.4byte	0x1d
  80 0048 03       		.uleb128 0x3
  81 0049 380B0000 		.4byte	.LASF5
  82 004d 01       		.byte	0x1
  83 004e 2B       		.byte	0x2b
  84 004f 53000000 		.4byte	0x53
  85 0053 02       		.uleb128 0x2
  86 0054 02       		.byte	0x2
  87 0055 07       		.byte	0x7
  88 0056 48030000 		.4byte	.LASF6
  89 005a 02       		.uleb128 0x2
  90 005b 04       		.byte	0x4
  91 005c 05       		.byte	0x5
  92 005d 86020000 		.4byte	.LASF7
  93 0061 03       		.uleb128 0x3
  94 0062 9B030000 		.4byte	.LASF8
  95 0066 01       		.byte	0x1
  96 0067 41       		.byte	0x41
  97 0068 6C000000 		.4byte	0x6c
  98 006c 02       		.uleb128 0x2
  99 006d 04       		.byte	0x4
 100 006e 07       		.byte	0x7
 101 006f 8E040000 		.4byte	.LASF9
 102 0073 02       		.uleb128 0x2
 103 0074 08       		.byte	0x8
 104 0075 05       		.byte	0x5
 105 0076 C5010000 		.4byte	.LASF10
 106 007a 02       		.uleb128 0x2
 107 007b 08       		.byte	0x8
 108 007c 07       		.byte	0x7
 109 007d 40010000 		.4byte	.LASF11
 110 0081 04       		.uleb128 0x4
 111 0082 04       		.byte	0x4
 112 0083 05       		.byte	0x5
ARM GAS  C:\Users\cmila\AppData\Local\Temp\ccYv5snQ.s 			page 3


 113 0084 696E7400 		.ascii	"int\000"
 114 0088 02       		.uleb128 0x2
 115 0089 04       		.byte	0x4
 116 008a 07       		.byte	0x7
 117 008b 52040000 		.4byte	.LASF12
 118 008f 03       		.uleb128 0x3
 119 0090 560B0000 		.4byte	.LASF13
 120 0094 02       		.byte	0x2
 121 0095 18       		.byte	0x18
 122 0096 32000000 		.4byte	0x32
 123 009a 03       		.uleb128 0x3
 124 009b A9010000 		.4byte	.LASF14
 125 009f 02       		.byte	0x2
 126 00a0 20       		.byte	0x20
 127 00a1 3D000000 		.4byte	0x3d
 128 00a5 03       		.uleb128 0x3
 129 00a6 5F040000 		.4byte	.LASF15
 130 00aa 02       		.byte	0x2
 131 00ab 24       		.byte	0x24
 132 00ac 48000000 		.4byte	0x48
 133 00b0 03       		.uleb128 0x3
 134 00b1 2D0A0000 		.4byte	.LASF16
 135 00b5 02       		.byte	0x2
 136 00b6 30       		.byte	0x30
 137 00b7 61000000 		.4byte	0x61
 138 00bb 02       		.uleb128 0x2
 139 00bc 04       		.byte	0x4
 140 00bd 07       		.byte	0x7
 141 00be 35070000 		.4byte	.LASF17
 142 00c2 05       		.uleb128 0x5
 143 00c3 B0000000 		.4byte	0xb0
 144 00c7 06       		.uleb128 0x6
 145 00c8 C2000000 		.4byte	0xc2
 146 00cc 07       		.uleb128 0x7
 147 00cd C7000000 		.4byte	0xc7
 148 00d1 DC000000 		.4byte	0xdc
 149 00d5 08       		.uleb128 0x8
 150 00d6 BB000000 		.4byte	0xbb
 151 00da 01       		.byte	0x1
 152 00db 00       		.byte	0
 153 00dc 07       		.uleb128 0x7
 154 00dd C2000000 		.4byte	0xc2
 155 00e1 EC000000 		.4byte	0xec
 156 00e5 08       		.uleb128 0x8
 157 00e6 BB000000 		.4byte	0xbb
 158 00ea 0F       		.byte	0xf
 159 00eb 00       		.byte	0
 160 00ec 07       		.uleb128 0x7
 161 00ed C7000000 		.4byte	0xc7
 162 00f1 FC000000 		.4byte	0xfc
 163 00f5 08       		.uleb128 0x8
 164 00f6 BB000000 		.4byte	0xbb
 165 00fa 0F       		.byte	0xf
 166 00fb 00       		.byte	0
 167 00fc 07       		.uleb128 0x7
 168 00fd C7000000 		.4byte	0xc7
 169 0101 0C010000 		.4byte	0x10c
ARM GAS  C:\Users\cmila\AppData\Local\Temp\ccYv5snQ.s 			page 4


 170 0105 08       		.uleb128 0x8
 171 0106 BB000000 		.4byte	0xbb
 172 010a 02       		.byte	0x2
 173 010b 00       		.byte	0
 174 010c 07       		.uleb128 0x7
 175 010d C7000000 		.4byte	0xc7
 176 0111 1C010000 		.4byte	0x11c
 177 0115 08       		.uleb128 0x8
 178 0116 BB000000 		.4byte	0xbb
 179 011a 0E       		.byte	0xe
 180 011b 00       		.byte	0
 181 011c 09       		.uleb128 0x9
 182 011d 080F     		.2byte	0xf08
 183 011f 03       		.byte	0x3
 184 0120 21       		.byte	0x21
 185 0121 A4030000 		.4byte	0x3a4
 186 0125 0A       		.uleb128 0xa
 187 0126 FA0B0000 		.4byte	.LASF18
 188 012a 03       		.byte	0x3
 189 012b 22       		.byte	0x22
 190 012c C2000000 		.4byte	0xc2
 191 0130 00       		.byte	0
 192 0131 0A       		.uleb128 0xa
 193 0132 BB070000 		.4byte	.LASF19
 194 0136 03       		.byte	0x3
 195 0137 23       		.byte	0x23
 196 0138 C2000000 		.4byte	0xc2
 197 013c 04       		.byte	0x4
 198 013d 0A       		.uleb128 0xa
 199 013e 8B090000 		.4byte	.LASF20
 200 0142 03       		.byte	0x3
 201 0143 24       		.byte	0x24
 202 0144 A9030000 		.4byte	0x3a9
 203 0148 08       		.byte	0x8
 204 0149 0A       		.uleb128 0xa
 205 014a D4030000 		.4byte	.LASF21
 206 014e 03       		.byte	0x3
 207 014f 25       		.byte	0x25
 208 0150 C2000000 		.4byte	0xc2
 209 0154 10       		.byte	0x10
 210 0155 0A       		.uleb128 0xa
 211 0156 07080000 		.4byte	.LASF22
 212 015a 03       		.byte	0x3
 213 015b 26       		.byte	0x26
 214 015c C2000000 		.4byte	0xc2
 215 0160 14       		.byte	0x14
 216 0161 0A       		.uleb128 0xa
 217 0162 C7070000 		.4byte	.LASF23
 218 0166 03       		.byte	0x3
 219 0167 27       		.byte	0x27
 220 0168 C2000000 		.4byte	0xc2
 221 016c 18       		.byte	0x18
 222 016d 0A       		.uleb128 0xa
 223 016e 1C010000 		.4byte	.LASF24
 224 0172 03       		.byte	0x3
 225 0173 28       		.byte	0x28
 226 0174 C2000000 		.4byte	0xc2
ARM GAS  C:\Users\cmila\AppData\Local\Temp\ccYv5snQ.s 			page 5


 227 0178 1C       		.byte	0x1c
 228 0179 0A       		.uleb128 0xa
 229 017a FF070000 		.4byte	.LASF25
 230 017e 03       		.byte	0x3
 231 017f 29       		.byte	0x29
 232 0180 C2000000 		.4byte	0xc2
 233 0184 20       		.byte	0x20
 234 0185 0A       		.uleb128 0xa
 235 0186 A9060000 		.4byte	.LASF26
 236 018a 03       		.byte	0x3
 237 018b 2A       		.byte	0x2a
 238 018c C2000000 		.4byte	0xc2
 239 0190 24       		.byte	0x24
 240 0191 0A       		.uleb128 0xa
 241 0192 A8080000 		.4byte	.LASF27
 242 0196 03       		.byte	0x3
 243 0197 2B       		.byte	0x2b
 244 0198 C3030000 		.4byte	0x3c3
 245 019c 28       		.byte	0x28
 246 019d 0A       		.uleb128 0xa
 247 019e FA030000 		.4byte	.LASF28
 248 01a2 03       		.byte	0x3
 249 01a3 2C       		.byte	0x2c
 250 01a4 C8030000 		.4byte	0x3c8
 251 01a8 80       		.byte	0x80
 252 01a9 0A       		.uleb128 0xa
 253 01aa E9090000 		.4byte	.LASF29
 254 01ae 03       		.byte	0x3
 255 01af 2D       		.byte	0x2d
 256 01b0 D2030000 		.4byte	0x3d2
 257 01b4 C0       		.byte	0xc0
 258 01b5 0B       		.uleb128 0xb
 259 01b6 D00B0000 		.4byte	.LASF30
 260 01ba 03       		.byte	0x3
 261 01bb 2E       		.byte	0x2e
 262 01bc DC030000 		.4byte	0x3dc
 263 01c0 0001     		.2byte	0x100
 264 01c2 0B       		.uleb128 0xb
 265 01c3 BC080000 		.4byte	.LASF31
 266 01c7 03       		.byte	0x3
 267 01c8 2F       		.byte	0x2f
 268 01c9 E6030000 		.4byte	0x3e6
 269 01cd 4001     		.2byte	0x140
 270 01cf 0B       		.uleb128 0xb
 271 01d0 51070000 		.4byte	.LASF32
 272 01d4 03       		.byte	0x3
 273 01d5 30       		.byte	0x30
 274 01d6 F0030000 		.4byte	0x3f0
 275 01da 8001     		.2byte	0x180
 276 01dc 0B       		.uleb128 0xb
 277 01dd 010A0000 		.4byte	.LASF33
 278 01e1 03       		.byte	0x3
 279 01e2 31       		.byte	0x31
 280 01e3 FA030000 		.4byte	0x3fa
 281 01e7 C001     		.2byte	0x1c0
 282 01e9 0B       		.uleb128 0xb
 283 01ea E7050000 		.4byte	.LASF34
ARM GAS  C:\Users\cmila\AppData\Local\Temp\ccYv5snQ.s 			page 6


 284 01ee 03       		.byte	0x3
 285 01ef 32       		.byte	0x32
 286 01f0 C7000000 		.4byte	0xc7
 287 01f4 0002     		.2byte	0x200
 288 01f6 0B       		.uleb128 0xb
 289 01f7 880C0000 		.4byte	.LASF35
 290 01fb 03       		.byte	0x3
 291 01fc 33       		.byte	0x33
 292 01fd C7000000 		.4byte	0xc7
 293 0201 0402     		.2byte	0x204
 294 0203 0B       		.uleb128 0xb
 295 0204 BE040000 		.4byte	.LASF36
 296 0208 03       		.byte	0x3
 297 0209 34       		.byte	0x34
 298 020a C7000000 		.4byte	0xc7
 299 020e 0802     		.2byte	0x208
 300 0210 0B       		.uleb128 0xb
 301 0211 B4090000 		.4byte	.LASF37
 302 0215 03       		.byte	0x3
 303 0216 35       		.byte	0x35
 304 0217 C7000000 		.4byte	0xc7
 305 021b 0C02     		.2byte	0x20c
 306 021d 0B       		.uleb128 0xb
 307 021e 890B0000 		.4byte	.LASF38
 308 0222 03       		.byte	0x3
 309 0223 36       		.byte	0x36
 310 0224 C2000000 		.4byte	0xc2
 311 0228 1002     		.2byte	0x210
 312 022a 0B       		.uleb128 0xb
 313 022b ED060000 		.4byte	.LASF39
 314 022f 03       		.byte	0x3
 315 0230 37       		.byte	0x37
 316 0231 C2000000 		.4byte	0xc2
 317 0235 1402     		.2byte	0x214
 318 0237 0B       		.uleb128 0xb
 319 0238 EF040000 		.4byte	.LASF40
 320 023c 03       		.byte	0x3
 321 023d 38       		.byte	0x38
 322 023e C2000000 		.4byte	0xc2
 323 0242 1802     		.2byte	0x218
 324 0244 0B       		.uleb128 0xb
 325 0245 85080000 		.4byte	.LASF41
 326 0249 03       		.byte	0x3
 327 024a 39       		.byte	0x39
 328 024b C7000000 		.4byte	0xc7
 329 024f 1C02     		.2byte	0x21c
 330 0251 0B       		.uleb128 0xb
 331 0252 EC030000 		.4byte	.LASF42
 332 0256 03       		.byte	0x3
 333 0257 3A       		.byte	0x3a
 334 0258 C2000000 		.4byte	0xc2
 335 025c 2002     		.2byte	0x220
 336 025e 0B       		.uleb128 0xb
 337 025f 57080000 		.4byte	.LASF43
 338 0263 03       		.byte	0x3
 339 0264 3B       		.byte	0x3b
 340 0265 C2000000 		.4byte	0xc2
ARM GAS  C:\Users\cmila\AppData\Local\Temp\ccYv5snQ.s 			page 7


 341 0269 2402     		.2byte	0x224
 342 026b 0B       		.uleb128 0xb
 343 026c 6B0B0000 		.4byte	.LASF44
 344 0270 03       		.byte	0x3
 345 0271 3C       		.byte	0x3c
 346 0272 C2000000 		.4byte	0xc2
 347 0276 2802     		.2byte	0x228
 348 0278 0B       		.uleb128 0xb
 349 0279 C80D0000 		.4byte	.LASF45
 350 027d 03       		.byte	0x3
 351 027e 3D       		.byte	0x3d
 352 027f C7000000 		.4byte	0xc7
 353 0283 2C02     		.2byte	0x22c
 354 0285 0B       		.uleb128 0xb
 355 0286 DC050000 		.4byte	.LASF46
 356 028a 03       		.byte	0x3
 357 028b 3E       		.byte	0x3e
 358 028c C2000000 		.4byte	0xc2
 359 0290 3002     		.2byte	0x230
 360 0292 0B       		.uleb128 0xb
 361 0293 600D0000 		.4byte	.LASF47
 362 0297 03       		.byte	0x3
 363 0298 3F       		.byte	0x3f
 364 0299 C2000000 		.4byte	0xc2
 365 029d 3402     		.2byte	0x234
 366 029f 0B       		.uleb128 0xb
 367 02a0 99010000 		.4byte	.LASF48
 368 02a4 03       		.byte	0x3
 369 02a5 40       		.byte	0x40
 370 02a6 C2000000 		.4byte	0xc2
 371 02aa 3802     		.2byte	0x238
 372 02ac 0B       		.uleb128 0xb
 373 02ad A00D0000 		.4byte	.LASF49
 374 02b1 03       		.byte	0x3
 375 02b2 41       		.byte	0x41
 376 02b3 C7000000 		.4byte	0xc7
 377 02b7 3C02     		.2byte	0x23c
 378 02b9 0B       		.uleb128 0xb
 379 02ba A1020000 		.4byte	.LASF50
 380 02be 03       		.byte	0x3
 381 02bf 42       		.byte	0x42
 382 02c0 C7000000 		.4byte	0xc7
 383 02c4 4002     		.2byte	0x240
 384 02c6 0B       		.uleb128 0xb
 385 02c7 D2080000 		.4byte	.LASF51
 386 02cb 03       		.byte	0x3
 387 02cc 43       		.byte	0x43
 388 02cd 04040000 		.4byte	0x404
 389 02d1 4402     		.2byte	0x244
 390 02d3 0B       		.uleb128 0xb
 391 02d4 1A0B0000 		.4byte	.LASF52
 392 02d8 03       		.byte	0x3
 393 02d9 44       		.byte	0x44
 394 02da C2000000 		.4byte	0xc2
 395 02de 8002     		.2byte	0x280
 396 02e0 0B       		.uleb128 0xb
 397 02e1 DC080000 		.4byte	.LASF53
ARM GAS  C:\Users\cmila\AppData\Local\Temp\ccYv5snQ.s 			page 8


 398 02e5 03       		.byte	0x3
 399 02e6 45       		.byte	0x45
 400 02e7 0E040000 		.4byte	0x40e
 401 02eb 8402     		.2byte	0x284
 402 02ed 0B       		.uleb128 0xb
 403 02ee BA020000 		.4byte	.LASF54
 404 02f2 03       		.byte	0x3
 405 02f3 46       		.byte	0x46
 406 02f4 C7000000 		.4byte	0xc7
 407 02f8 9002     		.2byte	0x290
 408 02fa 0B       		.uleb128 0xb
 409 02fb E6080000 		.4byte	.LASF55
 410 02ff 03       		.byte	0x3
 411 0300 47       		.byte	0x47
 412 0301 18040000 		.4byte	0x418
 413 0305 9402     		.2byte	0x294
 414 0307 0B       		.uleb128 0xb
 415 0308 A70B0000 		.4byte	.LASF56
 416 030c 03       		.byte	0x3
 417 030d 48       		.byte	0x48
 418 030e C7000000 		.4byte	0xc7
 419 0312 A002     		.2byte	0x2a0
 420 0314 0B       		.uleb128 0xb
 421 0315 15080000 		.4byte	.LASF57
 422 0319 03       		.byte	0x3
 423 031a 49       		.byte	0x49
 424 031b C7000000 		.4byte	0xc7
 425 031f A402     		.2byte	0x2a4
 426 0321 0B       		.uleb128 0xb
 427 0322 F0080000 		.4byte	.LASF58
 428 0326 03       		.byte	0x3
 429 0327 4A       		.byte	0x4a
 430 0328 22040000 		.4byte	0x422
 431 032c A802     		.2byte	0x2a8
 432 032e 0B       		.uleb128 0xb
 433 032f BB000000 		.4byte	.LASF59
 434 0333 03       		.byte	0x3
 435 0334 4B       		.byte	0x4b
 436 0335 C2000000 		.4byte	0xc2
 437 0339 0003     		.2byte	0x300
 438 033b 0B       		.uleb128 0xb
 439 033c 1E030000 		.4byte	.LASF60
 440 0340 03       		.byte	0x3
 441 0341 4C       		.byte	0x4c
 442 0342 C2000000 		.4byte	0xc2
 443 0346 0403     		.2byte	0x304
 444 0348 0B       		.uleb128 0xb
 445 0349 FA080000 		.4byte	.LASF61
 446 034d 03       		.byte	0x3
 447 034e 4D       		.byte	0x4d
 448 034f 3C040000 		.4byte	0x43c
 449 0353 0803     		.2byte	0x308
 450 0355 0B       		.uleb128 0xb
 451 0356 DC040000 		.4byte	.LASF62
 452 035a 03       		.byte	0x3
 453 035b 4E       		.byte	0x4e
 454 035c C2000000 		.4byte	0xc2
ARM GAS  C:\Users\cmila\AppData\Local\Temp\ccYv5snQ.s 			page 9


 455 0360 4003     		.2byte	0x340
 456 0362 0B       		.uleb128 0xb
 457 0363 E70B0000 		.4byte	.LASF63
 458 0367 03       		.byte	0x3
 459 0368 4F       		.byte	0x4f
 460 0369 C2000000 		.4byte	0xc2
 461 036d 4403     		.2byte	0x344
 462 036f 0B       		.uleb128 0xb
 463 0370 8F020000 		.4byte	.LASF64
 464 0374 03       		.byte	0x3
 465 0375 50       		.byte	0x50
 466 0376 C7000000 		.4byte	0xc7
 467 037a 4803     		.2byte	0x348
 468 037c 0B       		.uleb128 0xb
 469 037d 4B020000 		.4byte	.LASF65
 470 0381 03       		.byte	0x3
 471 0382 51       		.byte	0x51
 472 0383 57040000 		.4byte	0x457
 473 0387 4C03     		.2byte	0x34c
 474 0389 0B       		.uleb128 0xb
 475 038a 85010000 		.4byte	.LASF66
 476 038e 03       		.byte	0x3
 477 038f 52       		.byte	0x52
 478 0390 C2000000 		.4byte	0xc2
 479 0394 000F     		.2byte	0xf00
 480 0396 0B       		.uleb128 0xb
 481 0397 8F010000 		.4byte	.LASF67
 482 039b 03       		.byte	0x3
 483 039c 53       		.byte	0x53
 484 039d C2000000 		.4byte	0xc2
 485 03a1 040F     		.2byte	0xf04
 486 03a3 00       		.byte	0
 487 03a4 05       		.uleb128 0x5
 488 03a5 CC000000 		.4byte	0xcc
 489 03a9 06       		.uleb128 0x6
 490 03aa A4030000 		.4byte	0x3a4
 491 03ae 07       		.uleb128 0x7
 492 03af C7000000 		.4byte	0xc7
 493 03b3 BE030000 		.4byte	0x3be
 494 03b7 08       		.uleb128 0x8
 495 03b8 BB000000 		.4byte	0xbb
 496 03bc 15       		.byte	0x15
 497 03bd 00       		.byte	0
 498 03be 05       		.uleb128 0x5
 499 03bf AE030000 		.4byte	0x3ae
 500 03c3 06       		.uleb128 0x6
 501 03c4 BE030000 		.4byte	0x3be
 502 03c8 05       		.uleb128 0x5
 503 03c9 DC000000 		.4byte	0xdc
 504 03cd 05       		.uleb128 0x5
 505 03ce EC000000 		.4byte	0xec
 506 03d2 06       		.uleb128 0x6
 507 03d3 CD030000 		.4byte	0x3cd
 508 03d7 05       		.uleb128 0x5
 509 03d8 EC000000 		.4byte	0xec
 510 03dc 06       		.uleb128 0x6
 511 03dd D7030000 		.4byte	0x3d7
ARM GAS  C:\Users\cmila\AppData\Local\Temp\ccYv5snQ.s 			page 10


 512 03e1 05       		.uleb128 0x5
 513 03e2 EC000000 		.4byte	0xec
 514 03e6 06       		.uleb128 0x6
 515 03e7 E1030000 		.4byte	0x3e1
 516 03eb 05       		.uleb128 0x5
 517 03ec EC000000 		.4byte	0xec
 518 03f0 06       		.uleb128 0x6
 519 03f1 EB030000 		.4byte	0x3eb
 520 03f5 05       		.uleb128 0x5
 521 03f6 EC000000 		.4byte	0xec
 522 03fa 06       		.uleb128 0x6
 523 03fb F5030000 		.4byte	0x3f5
 524 03ff 05       		.uleb128 0x5
 525 0400 0C010000 		.4byte	0x10c
 526 0404 06       		.uleb128 0x6
 527 0405 FF030000 		.4byte	0x3ff
 528 0409 05       		.uleb128 0x5
 529 040a FC000000 		.4byte	0xfc
 530 040e 06       		.uleb128 0x6
 531 040f 09040000 		.4byte	0x409
 532 0413 05       		.uleb128 0x5
 533 0414 FC000000 		.4byte	0xfc
 534 0418 06       		.uleb128 0x6
 535 0419 13040000 		.4byte	0x413
 536 041d 05       		.uleb128 0x5
 537 041e AE030000 		.4byte	0x3ae
 538 0422 06       		.uleb128 0x6
 539 0423 1D040000 		.4byte	0x41d
 540 0427 07       		.uleb128 0x7
 541 0428 C7000000 		.4byte	0xc7
 542 042c 37040000 		.4byte	0x437
 543 0430 08       		.uleb128 0x8
 544 0431 BB000000 		.4byte	0xbb
 545 0435 0D       		.byte	0xd
 546 0436 00       		.byte	0
 547 0437 05       		.uleb128 0x5
 548 0438 27040000 		.4byte	0x427
 549 043c 06       		.uleb128 0x6
 550 043d 37040000 		.4byte	0x437
 551 0441 07       		.uleb128 0x7
 552 0442 C7000000 		.4byte	0xc7
 553 0446 52040000 		.4byte	0x452
 554 044a 0C       		.uleb128 0xc
 555 044b BB000000 		.4byte	0xbb
 556 044f EC02     		.2byte	0x2ec
 557 0451 00       		.byte	0
 558 0452 05       		.uleb128 0x5
 559 0453 41040000 		.4byte	0x441
 560 0457 06       		.uleb128 0x6
 561 0458 52040000 		.4byte	0x452
 562 045c 03       		.uleb128 0x3
 563 045d 94090000 		.4byte	.LASF68
 564 0461 03       		.byte	0x3
 565 0462 54       		.byte	0x54
 566 0463 1C010000 		.4byte	0x11c
 567 0467 0D       		.uleb128 0xd
 568 0468 82090000 		.4byte	.LASF69
ARM GAS  C:\Users\cmila\AppData\Local\Temp\ccYv5snQ.s 			page 11


 569 046c 04       		.byte	0x4
 570 046d 5206     		.2byte	0x652
 571 046f 5C040000 		.4byte	0x45c
 572 0473 02       		.uleb128 0x2
 573 0474 08       		.byte	0x8
 574 0475 04       		.byte	0x4
 575 0476 FD0A0000 		.4byte	.LASF70
 576 047a 0E       		.uleb128 0xe
 577 047b B8       		.byte	0xb8
 578 047c 05       		.byte	0x5
 579 047d 34       		.byte	0x34
 580 047e 8B080000 		.4byte	0x88b
 581 0482 0A       		.uleb128 0xa
 582 0483 27010000 		.4byte	.LASF71
 583 0487 05       		.byte	0x5
 584 0488 37       		.byte	0x37
 585 0489 B0000000 		.4byte	0xb0
 586 048d 00       		.byte	0
 587 048e 0A       		.uleb128 0xa
 588 048f B0000000 		.4byte	.LASF72
 589 0493 05       		.byte	0x5
 590 0494 38       		.byte	0x38
 591 0495 B0000000 		.4byte	0xb0
 592 0499 04       		.byte	0x4
 593 049a 0A       		.uleb128 0xa
 594 049b C5020000 		.4byte	.LASF73
 595 049f 05       		.byte	0x5
 596 04a0 39       		.byte	0x39
 597 04a1 B0000000 		.4byte	0xb0
 598 04a5 08       		.byte	0x8
 599 04a6 0A       		.uleb128 0xa
 600 04a7 0B090000 		.4byte	.LASF74
 601 04ab 05       		.byte	0x5
 602 04ac 3A       		.byte	0x3a
 603 04ad B0000000 		.4byte	0xb0
 604 04b1 0C       		.byte	0xc
 605 04b2 0A       		.uleb128 0xa
 606 04b3 22020000 		.4byte	.LASF75
 607 04b7 05       		.byte	0x5
 608 04b8 3B       		.byte	0x3b
 609 04b9 B0000000 		.4byte	0xb0
 610 04bd 10       		.byte	0x10
 611 04be 0A       		.uleb128 0xa
 612 04bf 56020000 		.4byte	.LASF76
 613 04c3 05       		.byte	0x5
 614 04c4 3C       		.byte	0x3c
 615 04c5 B0000000 		.4byte	0xb0
 616 04c9 14       		.byte	0x14
 617 04ca 0A       		.uleb128 0xa
 618 04cb F9040000 		.4byte	.LASF77
 619 04cf 05       		.byte	0x5
 620 04d0 3D       		.byte	0x3d
 621 04d1 B0000000 		.4byte	0xb0
 622 04d5 18       		.byte	0x18
 623 04d6 0A       		.uleb128 0xa
 624 04d7 A7000000 		.4byte	.LASF78
 625 04db 05       		.byte	0x5
ARM GAS  C:\Users\cmila\AppData\Local\Temp\ccYv5snQ.s 			page 12


 626 04dc 3E       		.byte	0x3e
 627 04dd B0000000 		.4byte	0xb0
 628 04e1 1C       		.byte	0x1c
 629 04e2 0A       		.uleb128 0xa
 630 04e3 980D0000 		.4byte	.LASF79
 631 04e7 05       		.byte	0x5
 632 04e8 3F       		.byte	0x3f
 633 04e9 B0000000 		.4byte	0xb0
 634 04ed 20       		.byte	0x20
 635 04ee 0A       		.uleb128 0xa
 636 04ef 2C080000 		.4byte	.LASF80
 637 04f3 05       		.byte	0x5
 638 04f4 40       		.byte	0x40
 639 04f5 B0000000 		.4byte	0xb0
 640 04f9 24       		.byte	0x24
 641 04fa 0A       		.uleb128 0xa
 642 04fb F6060000 		.4byte	.LASF81
 643 04ff 05       		.byte	0x5
 644 0500 43       		.byte	0x43
 645 0501 8F000000 		.4byte	0x8f
 646 0505 28       		.byte	0x28
 647 0506 0A       		.uleb128 0xa
 648 0507 8D000000 		.4byte	.LASF82
 649 050b 05       		.byte	0x5
 650 050c 44       		.byte	0x44
 651 050d 8F000000 		.4byte	0x8f
 652 0511 29       		.byte	0x29
 653 0512 0A       		.uleb128 0xa
 654 0513 8E0D0000 		.4byte	.LASF83
 655 0517 05       		.byte	0x5
 656 0518 45       		.byte	0x45
 657 0519 8F000000 		.4byte	0x8f
 658 051d 2A       		.byte	0x2a
 659 051e 0A       		.uleb128 0xa
 660 051f 1E080000 		.4byte	.LASF84
 661 0523 05       		.byte	0x5
 662 0524 46       		.byte	0x46
 663 0525 8F000000 		.4byte	0x8f
 664 0529 2B       		.byte	0x2b
 665 052a 0A       		.uleb128 0xa
 666 052b 0F060000 		.4byte	.LASF85
 667 052f 05       		.byte	0x5
 668 0530 47       		.byte	0x47
 669 0531 8F000000 		.4byte	0x8f
 670 0535 2C       		.byte	0x2c
 671 0536 0A       		.uleb128 0xa
 672 0537 5E0B0000 		.4byte	.LASF86
 673 053b 05       		.byte	0x5
 674 053c 48       		.byte	0x48
 675 053d 8F000000 		.4byte	0x8f
 676 0541 2D       		.byte	0x2d
 677 0542 0A       		.uleb128 0xa
 678 0543 2B020000 		.4byte	.LASF87
 679 0547 05       		.byte	0x5
 680 0548 49       		.byte	0x49
 681 0549 8F000000 		.4byte	0x8f
 682 054d 2E       		.byte	0x2e
ARM GAS  C:\Users\cmila\AppData\Local\Temp\ccYv5snQ.s 			page 13


 683 054e 0A       		.uleb128 0xa
 684 054f 08070000 		.4byte	.LASF88
 685 0553 05       		.byte	0x5
 686 0554 4A       		.byte	0x4a
 687 0555 8F000000 		.4byte	0x8f
 688 0559 2F       		.byte	0x2f
 689 055a 0A       		.uleb128 0xa
 690 055b 0E0B0000 		.4byte	.LASF89
 691 055f 05       		.byte	0x5
 692 0560 4B       		.byte	0x4b
 693 0561 8F000000 		.4byte	0x8f
 694 0565 30       		.byte	0x30
 695 0566 0A       		.uleb128 0xa
 696 0567 D1040000 		.4byte	.LASF90
 697 056b 05       		.byte	0x5
 698 056c 4E       		.byte	0x4e
 699 056d 8F000000 		.4byte	0x8f
 700 0571 31       		.byte	0x31
 701 0572 0A       		.uleb128 0xa
 702 0573 C7000000 		.4byte	.LASF91
 703 0577 05       		.byte	0x5
 704 0578 4F       		.byte	0x4f
 705 0579 8F000000 		.4byte	0x8f
 706 057d 32       		.byte	0x32
 707 057e 0A       		.uleb128 0xa
 708 057f 2F040000 		.4byte	.LASF92
 709 0583 05       		.byte	0x5
 710 0584 50       		.byte	0x50
 711 0585 8F000000 		.4byte	0x8f
 712 0589 33       		.byte	0x33
 713 058a 0A       		.uleb128 0xa
 714 058b 5D070000 		.4byte	.LASF93
 715 058f 05       		.byte	0x5
 716 0590 51       		.byte	0x51
 717 0591 8F000000 		.4byte	0x8f
 718 0595 34       		.byte	0x34
 719 0596 0A       		.uleb128 0xa
 720 0597 DA0B0000 		.4byte	.LASF94
 721 059b 05       		.byte	0x5
 722 059c 52       		.byte	0x52
 723 059d 9A000000 		.4byte	0x9a
 724 05a1 36       		.byte	0x36
 725 05a2 0A       		.uleb128 0xa
 726 05a3 F7020000 		.4byte	.LASF95
 727 05a7 05       		.byte	0x5
 728 05a8 53       		.byte	0x53
 729 05a9 9A000000 		.4byte	0x9a
 730 05ad 38       		.byte	0x38
 731 05ae 0A       		.uleb128 0xa
 732 05af 430C0000 		.4byte	.LASF96
 733 05b3 05       		.byte	0x5
 734 05b4 54       		.byte	0x54
 735 05b5 9A000000 		.4byte	0x9a
 736 05b9 3A       		.byte	0x3a
 737 05ba 0A       		.uleb128 0xa
 738 05bb 6F0D0000 		.4byte	.LASF97
 739 05bf 05       		.byte	0x5
ARM GAS  C:\Users\cmila\AppData\Local\Temp\ccYv5snQ.s 			page 14


 740 05c0 55       		.byte	0x55
 741 05c1 8F000000 		.4byte	0x8f
 742 05c5 3C       		.byte	0x3c
 743 05c6 0A       		.uleb128 0xa
 744 05c7 30030000 		.4byte	.LASF98
 745 05cb 05       		.byte	0x5
 746 05cc 56       		.byte	0x56
 747 05cd 8F000000 		.4byte	0x8f
 748 05d1 3D       		.byte	0x3d
 749 05d2 0A       		.uleb128 0xa
 750 05d3 F3090000 		.4byte	.LASF99
 751 05d7 05       		.byte	0x5
 752 05d8 57       		.byte	0x57
 753 05d9 8F000000 		.4byte	0x8f
 754 05dd 3E       		.byte	0x3e
 755 05de 0A       		.uleb128 0xa
 756 05df 9B000000 		.4byte	.LASF100
 757 05e3 05       		.byte	0x5
 758 05e4 58       		.byte	0x58
 759 05e5 8F000000 		.4byte	0x8f
 760 05e9 3F       		.byte	0x3f
 761 05ea 0A       		.uleb128 0xa
 762 05eb 37080000 		.4byte	.LASF101
 763 05ef 05       		.byte	0x5
 764 05f0 59       		.byte	0x59
 765 05f1 8F000000 		.4byte	0x8f
 766 05f5 40       		.byte	0x40
 767 05f6 0A       		.uleb128 0xa
 768 05f7 A6030000 		.4byte	.LASF102
 769 05fb 05       		.byte	0x5
 770 05fc 5A       		.byte	0x5a
 771 05fd 8F000000 		.4byte	0x8f
 772 0601 41       		.byte	0x41
 773 0602 0A       		.uleb128 0xa
 774 0603 61060000 		.4byte	.LASF103
 775 0607 05       		.byte	0x5
 776 0608 5B       		.byte	0x5b
 777 0609 8F000000 		.4byte	0x8f
 778 060d 42       		.byte	0x42
 779 060e 0A       		.uleb128 0xa
 780 060f 7E0B0000 		.4byte	.LASF104
 781 0613 05       		.byte	0x5
 782 0614 5C       		.byte	0x5c
 783 0615 8F000000 		.4byte	0x8f
 784 0619 43       		.byte	0x43
 785 061a 0A       		.uleb128 0xa
 786 061b CE020000 		.4byte	.LASF105
 787 061f 05       		.byte	0x5
 788 0620 5D       		.byte	0x5d
 789 0621 8F000000 		.4byte	0x8f
 790 0625 44       		.byte	0x44
 791 0626 0A       		.uleb128 0xa
 792 0627 00000000 		.4byte	.LASF106
 793 062b 05       		.byte	0x5
 794 062c 5E       		.byte	0x5e
 795 062d B0000000 		.4byte	0xb0
 796 0631 48       		.byte	0x48
ARM GAS  C:\Users\cmila\AppData\Local\Temp\ccYv5snQ.s 			page 15


 797 0632 0A       		.uleb128 0xa
 798 0633 AC020000 		.4byte	.LASF107
 799 0637 05       		.byte	0x5
 800 0638 5F       		.byte	0x5f
 801 0639 B0000000 		.4byte	0xb0
 802 063d 4C       		.byte	0x4c
 803 063e 0A       		.uleb128 0xa
 804 063f EF0D0000 		.4byte	.LASF108
 805 0643 05       		.byte	0x5
 806 0644 60       		.byte	0x60
 807 0645 8F000000 		.4byte	0x8f
 808 0649 50       		.byte	0x50
 809 064a 0A       		.uleb128 0xa
 810 064b B00C0000 		.4byte	.LASF109
 811 064f 05       		.byte	0x5
 812 0650 61       		.byte	0x61
 813 0651 8F000000 		.4byte	0x8f
 814 0655 51       		.byte	0x51
 815 0656 0A       		.uleb128 0xa
 816 0657 6D0C0000 		.4byte	.LASF110
 817 065b 05       		.byte	0x5
 818 065c 62       		.byte	0x62
 819 065d 8F000000 		.4byte	0x8f
 820 0661 52       		.byte	0x52
 821 0662 0A       		.uleb128 0xa
 822 0663 DD0D0000 		.4byte	.LASF111
 823 0667 05       		.byte	0x5
 824 0668 63       		.byte	0x63
 825 0669 8F000000 		.4byte	0x8f
 826 066d 53       		.byte	0x53
 827 066e 0A       		.uleb128 0xa
 828 066f 0B0A0000 		.4byte	.LASF112
 829 0673 05       		.byte	0x5
 830 0674 64       		.byte	0x64
 831 0675 8F000000 		.4byte	0x8f
 832 0679 54       		.byte	0x54
 833 067a 0A       		.uleb128 0xa
 834 067b 0D0C0000 		.4byte	.LASF113
 835 067f 05       		.byte	0x5
 836 0680 65       		.byte	0x65
 837 0681 8F000000 		.4byte	0x8f
 838 0685 55       		.byte	0x55
 839 0686 0A       		.uleb128 0xa
 840 0687 930B0000 		.4byte	.LASF114
 841 068b 05       		.byte	0x5
 842 068c 66       		.byte	0x66
 843 068d 8F000000 		.4byte	0x8f
 844 0691 56       		.byte	0x56
 845 0692 0A       		.uleb128 0xa
 846 0693 24050000 		.4byte	.LASF115
 847 0697 05       		.byte	0x5
 848 0698 67       		.byte	0x67
 849 0699 8F000000 		.4byte	0x8f
 850 069d 57       		.byte	0x57
 851 069e 0A       		.uleb128 0xa
 852 069f 3F000000 		.4byte	.LASF116
 853 06a3 05       		.byte	0x5
ARM GAS  C:\Users\cmila\AppData\Local\Temp\ccYv5snQ.s 			page 16


 854 06a4 68       		.byte	0x68
 855 06a5 8F000000 		.4byte	0x8f
 856 06a9 58       		.byte	0x58
 857 06aa 0A       		.uleb128 0xa
 858 06ab 51090000 		.4byte	.LASF117
 859 06af 05       		.byte	0x5
 860 06b0 69       		.byte	0x69
 861 06b1 8F000000 		.4byte	0x8f
 862 06b5 59       		.byte	0x59
 863 06b6 0A       		.uleb128 0xa
 864 06b7 3E070000 		.4byte	.LASF118
 865 06bb 05       		.byte	0x5
 866 06bc 6E       		.byte	0x6e
 867 06bd A5000000 		.4byte	0xa5
 868 06c1 5A       		.byte	0x5a
 869 06c2 0A       		.uleb128 0xa
 870 06c3 B90B0000 		.4byte	.LASF119
 871 06c7 05       		.byte	0x5
 872 06c8 6F       		.byte	0x6f
 873 06c9 A5000000 		.4byte	0xa5
 874 06cd 5C       		.byte	0x5c
 875 06ce 0A       		.uleb128 0xa
 876 06cf 31010000 		.4byte	.LASF120
 877 06d3 05       		.byte	0x5
 878 06d4 70       		.byte	0x70
 879 06d5 8F000000 		.4byte	0x8f
 880 06d9 5E       		.byte	0x5e
 881 06da 0A       		.uleb128 0xa
 882 06db 85030000 		.4byte	.LASF121
 883 06df 05       		.byte	0x5
 884 06e0 71       		.byte	0x71
 885 06e1 8F000000 		.4byte	0x8f
 886 06e5 5F       		.byte	0x5f
 887 06e6 0A       		.uleb128 0xa
 888 06e7 D3070000 		.4byte	.LASF122
 889 06eb 05       		.byte	0x5
 890 06ec 72       		.byte	0x72
 891 06ed 8F000000 		.4byte	0x8f
 892 06f1 60       		.byte	0x60
 893 06f2 0A       		.uleb128 0xa
 894 06f3 97080000 		.4byte	.LASF123
 895 06f7 05       		.byte	0x5
 896 06f8 73       		.byte	0x73
 897 06f9 B0000000 		.4byte	0xb0
 898 06fd 64       		.byte	0x64
 899 06fe 0A       		.uleb128 0xa
 900 06ff 57010000 		.4byte	.LASF124
 901 0703 05       		.byte	0x5
 902 0704 76       		.byte	0x76
 903 0705 A5000000 		.4byte	0xa5
 904 0709 68       		.byte	0x68
 905 070a 0A       		.uleb128 0xa
 906 070b 68040000 		.4byte	.LASF125
 907 070f 05       		.byte	0x5
 908 0710 77       		.byte	0x77
 909 0711 A5000000 		.4byte	0xa5
 910 0715 6A       		.byte	0x6a
ARM GAS  C:\Users\cmila\AppData\Local\Temp\ccYv5snQ.s 			page 17


 911 0716 0A       		.uleb128 0xa
 912 0717 A3050000 		.4byte	.LASF126
 913 071b 05       		.byte	0x5
 914 071c 78       		.byte	0x78
 915 071d A5000000 		.4byte	0xa5
 916 0721 6C       		.byte	0x6c
 917 0722 0A       		.uleb128 0xa
 918 0723 02060000 		.4byte	.LASF127
 919 0727 05       		.byte	0x5
 920 0728 79       		.byte	0x79
 921 0729 A5000000 		.4byte	0xa5
 922 072d 6E       		.byte	0x6e
 923 072e 0A       		.uleb128 0xa
 924 072f A0090000 		.4byte	.LASF128
 925 0733 05       		.byte	0x5
 926 0734 7B       		.byte	0x7b
 927 0735 8F000000 		.4byte	0x8f
 928 0739 70       		.byte	0x70
 929 073a 0A       		.uleb128 0xa
 930 073b DF010000 		.4byte	.LASF129
 931 073f 05       		.byte	0x5
 932 0740 7C       		.byte	0x7c
 933 0741 8F000000 		.4byte	0x8f
 934 0745 71       		.byte	0x71
 935 0746 0A       		.uleb128 0xa
 936 0747 B20D0000 		.4byte	.LASF130
 937 074b 05       		.byte	0x5
 938 074c 7D       		.byte	0x7d
 939 074d 8F000000 		.4byte	0x8f
 940 0751 72       		.byte	0x72
 941 0752 0A       		.uleb128 0xa
 942 0753 7B070000 		.4byte	.LASF131
 943 0757 05       		.byte	0x5
 944 0758 7E       		.byte	0x7e
 945 0759 8F000000 		.4byte	0x8f
 946 075d 73       		.byte	0x73
 947 075e 0A       		.uleb128 0xa
 948 075f 1B0A0000 		.4byte	.LASF132
 949 0763 05       		.byte	0x5
 950 0764 80       		.byte	0x80
 951 0765 A5000000 		.4byte	0xa5
 952 0769 74       		.byte	0x74
 953 076a 0A       		.uleb128 0xa
 954 076b 430B0000 		.4byte	.LASF133
 955 076f 05       		.byte	0x5
 956 0770 81       		.byte	0x81
 957 0771 A5000000 		.4byte	0xa5
 958 0775 76       		.byte	0x76
 959 0776 0A       		.uleb128 0xa
 960 0777 09030000 		.4byte	.LASF134
 961 077b 05       		.byte	0x5
 962 077c 82       		.byte	0x82
 963 077d A5000000 		.4byte	0xa5
 964 0781 78       		.byte	0x78
 965 0782 0A       		.uleb128 0xa
 966 0783 EB000000 		.4byte	.LASF135
 967 0787 05       		.byte	0x5
ARM GAS  C:\Users\cmila\AppData\Local\Temp\ccYv5snQ.s 			page 18


 968 0788 83       		.byte	0x83
 969 0789 A5000000 		.4byte	0xa5
 970 078d 7A       		.byte	0x7a
 971 078e 0A       		.uleb128 0xa
 972 078f D70C0000 		.4byte	.LASF136
 973 0793 05       		.byte	0x5
 974 0794 86       		.byte	0x86
 975 0795 8F000000 		.4byte	0x8f
 976 0799 7C       		.byte	0x7c
 977 079a 0A       		.uleb128 0xa
 978 079b D8090000 		.4byte	.LASF137
 979 079f 05       		.byte	0x5
 980 07a0 87       		.byte	0x87
 981 07a1 8F000000 		.4byte	0x8f
 982 07a5 7D       		.byte	0x7d
 983 07a6 0A       		.uleb128 0xa
 984 07a7 53000000 		.4byte	.LASF138
 985 07ab 05       		.byte	0x5
 986 07ac 88       		.byte	0x88
 987 07ad 8F000000 		.4byte	0x8f
 988 07b1 7E       		.byte	0x7e
 989 07b2 0A       		.uleb128 0xa
 990 07b3 71030000 		.4byte	.LASF139
 991 07b7 05       		.byte	0x5
 992 07b8 89       		.byte	0x89
 993 07b9 8F000000 		.4byte	0x8f
 994 07bd 7F       		.byte	0x7f
 995 07be 0A       		.uleb128 0xa
 996 07bf 1B040000 		.4byte	.LASF140
 997 07c3 05       		.byte	0x5
 998 07c4 8A       		.byte	0x8a
 999 07c5 8F000000 		.4byte	0x8f
 1000 07c9 80       		.byte	0x80
 1001 07ca 0A       		.uleb128 0xa
 1002 07cb 92060000 		.4byte	.LASF141
 1003 07cf 05       		.byte	0x5
 1004 07d0 8D       		.byte	0x8d
 1005 07d1 B0000000 		.4byte	0xb0
 1006 07d5 84       		.byte	0x84
 1007 07d6 0A       		.uleb128 0xa
 1008 07d7 00010000 		.4byte	.LASF142
 1009 07db 05       		.byte	0x5
 1010 07dc 8E       		.byte	0x8e
 1011 07dd B0000000 		.4byte	0xb0
 1012 07e1 88       		.byte	0x88
 1013 07e2 0A       		.uleb128 0xa
 1014 07e3 C20C0000 		.4byte	.LASF143
 1015 07e7 05       		.byte	0x5
 1016 07e8 8F       		.byte	0x8f
 1017 07e9 B0000000 		.4byte	0xb0
 1018 07ed 8C       		.byte	0x8c
 1019 07ee 0A       		.uleb128 0xa
 1020 07ef 14070000 		.4byte	.LASF144
 1021 07f3 05       		.byte	0x5
 1022 07f4 90       		.byte	0x90
 1023 07f5 B0000000 		.4byte	0xb0
 1024 07f9 90       		.byte	0x90
ARM GAS  C:\Users\cmila\AppData\Local\Temp\ccYv5snQ.s 			page 19


 1025 07fa 0A       		.uleb128 0xa
 1026 07fb 06040000 		.4byte	.LASF145
 1027 07ff 05       		.byte	0x5
 1028 0800 91       		.byte	0x91
 1029 0801 B0000000 		.4byte	0xb0
 1030 0805 94       		.byte	0x94
 1031 0806 0A       		.uleb128 0xa
 1032 0807 7C060000 		.4byte	.LASF146
 1033 080b 05       		.byte	0x5
 1034 080c 92       		.byte	0x92
 1035 080d B0000000 		.4byte	0xb0
 1036 0811 98       		.byte	0x98
 1037 0812 0A       		.uleb128 0xa
 1038 0813 4A0D0000 		.4byte	.LASF147
 1039 0817 05       		.byte	0x5
 1040 0818 93       		.byte	0x93
 1041 0819 B0000000 		.4byte	0xb0
 1042 081d 9C       		.byte	0x9c
 1043 081e 0A       		.uleb128 0xa
 1044 081f 67010000 		.4byte	.LASF148
 1045 0823 05       		.byte	0x5
 1046 0824 94       		.byte	0x94
 1047 0825 B0000000 		.4byte	0xb0
 1048 0829 A0       		.byte	0xa0
 1049 082a 0A       		.uleb128 0xa
 1050 082b 36020000 		.4byte	.LASF149
 1051 082f 05       		.byte	0x5
 1052 0830 95       		.byte	0x95
 1053 0831 A5000000 		.4byte	0xa5
 1054 0835 A4       		.byte	0xa4
 1055 0836 0A       		.uleb128 0xa
 1056 0837 4A0A0000 		.4byte	.LASF150
 1057 083b 05       		.byte	0x5
 1058 083c 96       		.byte	0x96
 1059 083d A5000000 		.4byte	0xa5
 1060 0841 A6       		.byte	0xa6
 1061 0842 0A       		.uleb128 0xa
 1062 0843 C6080000 		.4byte	.LASF151
 1063 0847 05       		.byte	0x5
 1064 0848 97       		.byte	0x97
 1065 0849 A5000000 		.4byte	0xa5
 1066 084d A8       		.byte	0xa8
 1067 084e 0A       		.uleb128 0xa
 1068 084f 2A0B0000 		.4byte	.LASF152
 1069 0853 05       		.byte	0x5
 1070 0854 98       		.byte	0x98
 1071 0855 A5000000 		.4byte	0xa5
 1072 0859 AA       		.byte	0xaa
 1073 085a 0A       		.uleb128 0xa
 1074 085b B2050000 		.4byte	.LASF153
 1075 085f 05       		.byte	0x5
 1076 0860 99       		.byte	0x99
 1077 0861 A5000000 		.4byte	0xa5
 1078 0865 AC       		.byte	0xac
 1079 0866 0A       		.uleb128 0xa
 1080 0867 9F070000 		.4byte	.LASF154
 1081 086b 05       		.byte	0x5
ARM GAS  C:\Users\cmila\AppData\Local\Temp\ccYv5snQ.s 			page 20


 1082 086c 9A       		.byte	0x9a
 1083 086d A5000000 		.4byte	0xa5
 1084 0871 AE       		.byte	0xae
 1085 0872 0A       		.uleb128 0xa
 1086 0873 C20B0000 		.4byte	.LASF155
 1087 0877 05       		.byte	0x5
 1088 0878 9D       		.byte	0x9d
 1089 0879 A5000000 		.4byte	0xa5
 1090 087d B0       		.byte	0xb0
 1091 087e 0A       		.uleb128 0xa
 1092 087f 66000000 		.4byte	.LASF156
 1093 0883 05       		.byte	0x5
 1094 0884 9E       		.byte	0x9e
 1095 0885 B0000000 		.4byte	0xb0
 1096 0889 B4       		.byte	0xb4
 1097 088a 00       		.byte	0
 1098 088b 03       		.uleb128 0x3
 1099 088c 27060000 		.4byte	.LASF157
 1100 0890 05       		.byte	0x5
 1101 0891 9F       		.byte	0x9f
 1102 0892 7A040000 		.4byte	0x47a
 1103 0896 02       		.uleb128 0x2
 1104 0897 01       		.byte	0x1
 1105 0898 08       		.byte	0x8
 1106 0899 090B0000 		.4byte	.LASF158
 1107 089d 02       		.uleb128 0x2
 1108 089e 04       		.byte	0x4
 1109 089f 04       		.byte	0x4
 1110 08a0 91080000 		.4byte	.LASF159
 1111 08a4 02       		.uleb128 0x2
 1112 08a5 08       		.byte	0x8
 1113 08a6 04       		.byte	0x4
 1114 08a7 02030000 		.4byte	.LASF160
 1115 08ab 0F       		.uleb128 0xf
 1116 08ac 04       		.byte	0x4
 1117 08ad 88000000 		.4byte	0x88
 1118 08b1 06       		.byte	0x6
 1119 08b2 1405     		.2byte	0x514
 1120 08b4 EC080000 		.4byte	0x8ec
 1121 08b8 10       		.uleb128 0x10
 1122 08b9 EC0C0000 		.4byte	.LASF161
 1123 08bd 00       		.byte	0
 1124 08be 11       		.uleb128 0x11
 1125 08bf 7A000000 		.4byte	.LASF162
 1126 08c3 01004200 		.4byte	0x420001
 1127 08c7 11       		.uleb128 0x11
 1128 08c8 2E000000 		.4byte	.LASF163
 1129 08cc 02004200 		.4byte	0x420002
 1130 08d0 11       		.uleb128 0x11
 1131 08d1 3B040000 		.4byte	.LASF164
 1132 08d5 03004200 		.4byte	0x420003
 1133 08d9 11       		.uleb128 0x11
 1134 08da C2030000 		.4byte	.LASF165
 1135 08de 04004200 		.4byte	0x420004
 1136 08e2 11       		.uleb128 0x11
 1137 08e3 FF0B0000 		.4byte	.LASF166
 1138 08e7 FF004200 		.4byte	0x4200ff
ARM GAS  C:\Users\cmila\AppData\Local\Temp\ccYv5snQ.s 			page 21


 1139 08eb 00       		.byte	0
 1140 08ec 0D       		.uleb128 0xd
 1141 08ed 580C0000 		.4byte	.LASF167
 1142 08f1 06       		.byte	0x6
 1143 08f2 1C05     		.2byte	0x51c
 1144 08f4 AB080000 		.4byte	0x8ab
 1145 08f8 0F       		.uleb128 0xf
 1146 08f9 01       		.byte	0x1
 1147 08fa 24000000 		.4byte	0x24
 1148 08fe 06       		.byte	0x6
 1149 08ff B205     		.2byte	0x5b2
 1150 0901 24090000 		.4byte	0x924
 1151 0905 10       		.uleb128 0x10
 1152 0906 C9090000 		.4byte	.LASF168
 1153 090a 00       		.byte	0
 1154 090b 10       		.uleb128 0x10
 1155 090c 4E060000 		.4byte	.LASF169
 1156 0910 01       		.byte	0x1
 1157 0911 10       		.uleb128 0x10
 1158 0912 44080000 		.4byte	.LASF170
 1159 0916 02       		.byte	0x2
 1160 0917 10       		.uleb128 0x10
 1161 0918 29070000 		.4byte	.LASF171
 1162 091c 03       		.byte	0x3
 1163 091d 10       		.uleb128 0x10
 1164 091e 92070000 		.4byte	.LASF172
 1165 0922 04       		.byte	0x4
 1166 0923 00       		.byte	0
 1167 0924 0D       		.uleb128 0xd
 1168 0925 12000000 		.4byte	.LASF173
 1169 0929 06       		.byte	0x6
 1170 092a B805     		.2byte	0x5b8
 1171 092c F8080000 		.4byte	0x8f8
 1172 0930 0F       		.uleb128 0xf
 1173 0931 01       		.byte	0x1
 1174 0932 24000000 		.4byte	0x24
 1175 0936 06       		.byte	0x6
 1176 0937 BC05     		.2byte	0x5bc
 1177 0939 56090000 		.4byte	0x956
 1178 093d 10       		.uleb128 0x10
 1179 093e 170D0000 		.4byte	.LASF174
 1180 0942 01       		.byte	0x1
 1181 0943 10       		.uleb128 0x10
 1182 0944 7A040000 		.4byte	.LASF175
 1183 0948 02       		.byte	0x2
 1184 0949 10       		.uleb128 0x10
 1185 094a E4070000 		.4byte	.LASF176
 1186 094e 04       		.byte	0x4
 1187 094f 10       		.uleb128 0x10
 1188 0950 B4060000 		.4byte	.LASF177
 1189 0954 08       		.byte	0x8
 1190 0955 00       		.byte	0
 1191 0956 0D       		.uleb128 0xd
 1192 0957 69080000 		.4byte	.LASF178
 1193 095b 06       		.byte	0x6
 1194 095c CB05     		.2byte	0x5cb
 1195 095e 30090000 		.4byte	0x930
ARM GAS  C:\Users\cmila\AppData\Local\Temp\ccYv5snQ.s 			page 22


 1196 0962 12       		.uleb128 0x12
 1197 0963 08       		.byte	0x8
 1198 0964 06       		.byte	0x6
 1199 0965 E705     		.2byte	0x5e7
 1200 0967 86090000 		.4byte	0x986
 1201 096b 13       		.uleb128 0x13
 1202 096c 03070000 		.4byte	.LASF179
 1203 0970 06       		.byte	0x6
 1204 0971 E905     		.2byte	0x5e9
 1205 0973 86090000 		.4byte	0x986
 1206 0977 00       		.byte	0
 1207 0978 13       		.uleb128 0x13
 1208 0979 41050000 		.4byte	.LASF180
 1209 097d 06       		.byte	0x6
 1210 097e EC05     		.2byte	0x5ec
 1211 0980 86090000 		.4byte	0x986
 1212 0984 04       		.byte	0x4
 1213 0985 00       		.byte	0
 1214 0986 14       		.uleb128 0x14
 1215 0987 04       		.byte	0x4
 1216 0988 0D       		.uleb128 0xd
 1217 0989 CE060000 		.4byte	.LASF181
 1218 098d 06       		.byte	0x6
 1219 098e EF05     		.2byte	0x5ef
 1220 0990 62090000 		.4byte	0x962
 1221 0994 0D       		.uleb128 0xd
 1222 0995 40090000 		.4byte	.LASF182
 1223 0999 06       		.byte	0x6
 1224 099a F205     		.2byte	0x5f2
 1225 099c A0090000 		.4byte	0x9a0
 1226 09a0 15       		.uleb128 0x15
 1227 09a1 04       		.byte	0x4
 1228 09a2 A6090000 		.4byte	0x9a6
 1229 09a6 16       		.uleb128 0x16
 1230 09a7 EC080000 		.4byte	0x8ec
 1231 09ab BA090000 		.4byte	0x9ba
 1232 09af 17       		.uleb128 0x17
 1233 09b0 BA090000 		.4byte	0x9ba
 1234 09b4 17       		.uleb128 0x17
 1235 09b5 56090000 		.4byte	0x956
 1236 09b9 00       		.byte	0
 1237 09ba 15       		.uleb128 0x15
 1238 09bb 04       		.byte	0x4
 1239 09bc 88090000 		.4byte	0x988
 1240 09c0 18       		.uleb128 0x18
 1241 09c1 5B030000 		.4byte	.LASF225
 1242 09c5 18       		.byte	0x18
 1243 09c6 06       		.byte	0x6
 1244 09c7 F505     		.2byte	0x5f5
 1245 09c9 1C0A0000 		.4byte	0xa1c
 1246 09cd 13       		.uleb128 0x13
 1247 09ce F9050000 		.4byte	.LASF183
 1248 09d2 06       		.byte	0x6
 1249 09d3 F705     		.2byte	0x5f7
 1250 09d5 94090000 		.4byte	0x994
 1251 09d9 00       		.byte	0
 1252 09da 13       		.uleb128 0x13
ARM GAS  C:\Users\cmila\AppData\Local\Temp\ccYv5snQ.s 			page 23


 1253 09db 17010000 		.4byte	.LASF184
 1254 09df 06       		.byte	0x6
 1255 09e0 F805     		.2byte	0x5f8
 1256 09e2 24090000 		.4byte	0x924
 1257 09e6 04       		.byte	0x4
 1258 09e7 13       		.uleb128 0x13
 1259 09e8 38050000 		.4byte	.LASF185
 1260 09ec 06       		.byte	0x6
 1261 09ed F905     		.2byte	0x5f9
 1262 09ef B0000000 		.4byte	0xb0
 1263 09f3 08       		.byte	0x8
 1264 09f4 13       		.uleb128 0x13
 1265 09f5 6D060000 		.4byte	.LASF186
 1266 09f9 06       		.byte	0x6
 1267 09fa 0106     		.2byte	0x601
 1268 09fc BA090000 		.4byte	0x9ba
 1269 0a00 0C       		.byte	0xc
 1270 0a01 13       		.uleb128 0x13
 1271 0a02 7D010000 		.4byte	.LASF187
 1272 0a06 06       		.byte	0x6
 1273 0a07 0406     		.2byte	0x604
 1274 0a09 1C0A0000 		.4byte	0xa1c
 1275 0a0d 10       		.byte	0x10
 1276 0a0e 13       		.uleb128 0x13
 1277 0a0f 49070000 		.4byte	.LASF188
 1278 0a13 06       		.byte	0x6
 1279 0a14 0A06     		.2byte	0x60a
 1280 0a16 1C0A0000 		.4byte	0xa1c
 1281 0a1a 14       		.byte	0x14
 1282 0a1b 00       		.byte	0
 1283 0a1c 15       		.uleb128 0x15
 1284 0a1d 04       		.byte	0x4
 1285 0a1e C0090000 		.4byte	0x9c0
 1286 0a22 0D       		.uleb128 0xd
 1287 0a23 210C0000 		.4byte	.LASF189
 1288 0a27 06       		.byte	0x6
 1289 0a28 0F06     		.2byte	0x60f
 1290 0a2a C0090000 		.4byte	0x9c0
 1291 0a2e 0F       		.uleb128 0xf
 1292 0a2f 01       		.byte	0x1
 1293 0a30 24000000 		.4byte	0x24
 1294 0a34 07       		.byte	0x7
 1295 0a35 1304     		.2byte	0x413
 1296 0a37 540A0000 		.4byte	0xa54
 1297 0a3b 10       		.uleb128 0x10
 1298 0a3c 6E020000 		.4byte	.LASF190
 1299 0a40 00       		.byte	0
 1300 0a41 10       		.uleb128 0x10
 1301 0a42 13090000 		.4byte	.LASF191
 1302 0a46 01       		.byte	0x1
 1303 0a47 10       		.uleb128 0x10
 1304 0a48 DF020000 		.4byte	.LASF192
 1305 0a4c 02       		.byte	0x2
 1306 0a4d 10       		.uleb128 0x10
 1307 0a4e FD0C0000 		.4byte	.LASF193
 1308 0a52 03       		.byte	0x3
 1309 0a53 00       		.byte	0
ARM GAS  C:\Users\cmila\AppData\Local\Temp\ccYv5snQ.s 			page 24


 1310 0a54 0D       		.uleb128 0xd
 1311 0a55 F4010000 		.4byte	.LASF194
 1312 0a59 07       		.byte	0x7
 1313 0a5a 1804     		.2byte	0x418
 1314 0a5c 2E0A0000 		.4byte	0xa2e
 1315 0a60 12       		.uleb128 0x12
 1316 0a61 78       		.byte	0x78
 1317 0a62 07       		.byte	0x7
 1318 0a63 0205     		.2byte	0x502
 1319 0a65 2D0B0000 		.4byte	0xb2d
 1320 0a69 13       		.uleb128 0x13
 1321 0a6a 8E0B0000 		.4byte	.LASF195
 1322 0a6e 07       		.byte	0x7
 1323 0a6f 0405     		.2byte	0x504
 1324 0a71 B0000000 		.4byte	0xb0
 1325 0a75 00       		.byte	0
 1326 0a76 13       		.uleb128 0x13
 1327 0a77 7D0C0000 		.4byte	.LASF196
 1328 0a7b 07       		.byte	0x7
 1329 0a7c 0505     		.2byte	0x505
 1330 0a7e B0000000 		.4byte	0xb0
 1331 0a82 04       		.byte	0x4
 1332 0a83 13       		.uleb128 0x13
 1333 0a84 3B030000 		.4byte	.LASF197
 1334 0a88 07       		.byte	0x7
 1335 0a89 0605     		.2byte	0x506
 1336 0a8b B0000000 		.4byte	0xb0
 1337 0a8f 08       		.byte	0x8
 1338 0a90 13       		.uleb128 0x13
 1339 0a91 6E070000 		.4byte	.LASF198
 1340 0a95 07       		.byte	0x7
 1341 0a96 0705     		.2byte	0x507
 1342 0a98 B0000000 		.4byte	0xb0
 1343 0a9c 0C       		.byte	0xc
 1344 0a9d 13       		.uleb128 0x13
 1345 0a9e D1050000 		.4byte	.LASF199
 1346 0aa2 07       		.byte	0x7
 1347 0aa3 0805     		.2byte	0x508
 1348 0aa5 B0000000 		.4byte	0xb0
 1349 0aa9 10       		.byte	0x10
 1350 0aaa 13       		.uleb128 0x13
 1351 0aab 390C0000 		.4byte	.LASF200
 1352 0aaf 07       		.byte	0x7
 1353 0ab0 0905     		.2byte	0x509
 1354 0ab2 540A0000 		.4byte	0xa54
 1355 0ab6 14       		.byte	0x14
 1356 0ab7 13       		.uleb128 0x13
 1357 0ab8 04090000 		.4byte	.LASF201
 1358 0abc 07       		.byte	0x7
 1359 0abd 0A05     		.2byte	0x50a
 1360 0abf B0000000 		.4byte	0xb0
 1361 0ac3 18       		.byte	0x18
 1362 0ac4 13       		.uleb128 0x13
 1363 0ac5 37060000 		.4byte	.LASF202
 1364 0ac9 07       		.byte	0x7
 1365 0aca 0B05     		.2byte	0x50b
 1366 0acc 2D0B0000 		.4byte	0xb2d
ARM GAS  C:\Users\cmila\AppData\Local\Temp\ccYv5snQ.s 			page 25


 1367 0ad0 1C       		.byte	0x1c
 1368 0ad1 13       		.uleb128 0x13
 1369 0ad2 79090000 		.4byte	.LASF203
 1370 0ad6 07       		.byte	0x7
 1371 0ad7 0C05     		.2byte	0x50c
 1372 0ad9 B0000000 		.4byte	0xb0
 1373 0add 5C       		.byte	0x5c
 1374 0ade 13       		.uleb128 0x13
 1375 0adf DF000000 		.4byte	.LASF204
 1376 0ae3 07       		.byte	0x7
 1377 0ae4 0D05     		.2byte	0x50d
 1378 0ae6 B0000000 		.4byte	0xb0
 1379 0aea 60       		.byte	0x60
 1380 0aeb 13       		.uleb128 0x13
 1381 0aec 60020000 		.4byte	.LASF205
 1382 0af0 07       		.byte	0x7
 1383 0af1 0E05     		.2byte	0x50e
 1384 0af3 B0000000 		.4byte	0xb0
 1385 0af7 64       		.byte	0x64
 1386 0af8 13       		.uleb128 0x13
 1387 0af9 6F090000 		.4byte	.LASF206
 1388 0afd 07       		.byte	0x7
 1389 0afe 0F05     		.2byte	0x50f
 1390 0b00 B0000000 		.4byte	0xb0
 1391 0b04 68       		.byte	0x68
 1392 0b05 13       		.uleb128 0x13
 1393 0b06 7E0D0000 		.4byte	.LASF207
 1394 0b0a 07       		.byte	0x7
 1395 0b0b 1005     		.2byte	0x510
 1396 0b0d B0000000 		.4byte	0xb0
 1397 0b11 6C       		.byte	0x6c
 1398 0b12 13       		.uleb128 0x13
 1399 0b13 AD070000 		.4byte	.LASF208
 1400 0b17 07       		.byte	0x7
 1401 0b18 1105     		.2byte	0x511
 1402 0b1a 3D0B0000 		.4byte	0xb3d
 1403 0b1e 70       		.byte	0x70
 1404 0b1f 13       		.uleb128 0x13
 1405 0b20 5F0A0000 		.4byte	.LASF209
 1406 0b24 07       		.byte	0x7
 1407 0b25 1205     		.2byte	0x512
 1408 0b27 B0000000 		.4byte	0xb0
 1409 0b2b 74       		.byte	0x74
 1410 0b2c 00       		.byte	0
 1411 0b2d 07       		.uleb128 0x7
 1412 0b2e B0000000 		.4byte	0xb0
 1413 0b32 3D0B0000 		.4byte	0xb3d
 1414 0b36 08       		.uleb128 0x8
 1415 0b37 BB000000 		.4byte	0xbb
 1416 0b3b 0F       		.byte	0xf
 1417 0b3c 00       		.byte	0
 1418 0b3d 02       		.uleb128 0x2
 1419 0b3e 01       		.byte	0x1
 1420 0b3f 02       		.byte	0x2
 1421 0b40 2C090000 		.4byte	.LASF210
 1422 0b44 0D       		.uleb128 0xd
 1423 0b45 B1010000 		.4byte	.LASF211
ARM GAS  C:\Users\cmila\AppData\Local\Temp\ccYv5snQ.s 			page 26


 1424 0b49 07       		.byte	0x7
 1425 0b4a 1305     		.2byte	0x513
 1426 0b4c 600A0000 		.4byte	0xa60
 1427 0b50 0E       		.uleb128 0xe
 1428 0b51 14       		.byte	0x14
 1429 0b52 08       		.byte	0x8
 1430 0b53 3B       		.byte	0x3b
 1431 0b54 950B0000 		.4byte	0xb95
 1432 0b58 0A       		.uleb128 0xa
 1433 0b59 42060000 		.4byte	.LASF212
 1434 0b5d 08       		.byte	0x8
 1435 0b5e 3D       		.byte	0x3d
 1436 0b5f B0000000 		.4byte	0xb0
 1437 0b63 00       		.byte	0
 1438 0b64 0A       		.uleb128 0xa
 1439 0b65 1B060000 		.4byte	.LASF213
 1440 0b69 08       		.byte	0x8
 1441 0b6a 3E       		.byte	0x3e
 1442 0b6b B0000000 		.4byte	0xb0
 1443 0b6f 04       		.byte	0x4
 1444 0b70 0A       		.uleb128 0xa
 1445 0b71 B6030000 		.4byte	.LASF214
 1446 0b75 08       		.byte	0x8
 1447 0b76 3F       		.byte	0x3f
 1448 0b77 950B0000 		.4byte	0xb95
 1449 0b7b 08       		.byte	0x8
 1450 0b7c 0A       		.uleb128 0xa
 1451 0b7d AE0B0000 		.4byte	.LASF215
 1452 0b81 08       		.byte	0x8
 1453 0b82 40       		.byte	0x40
 1454 0b83 B0000000 		.4byte	0xb0
 1455 0b87 0C       		.byte	0xc
 1456 0b88 0A       		.uleb128 0xa
 1457 0b89 17020000 		.4byte	.LASF216
 1458 0b8d 08       		.byte	0x8
 1459 0b8e 45       		.byte	0x45
 1460 0b8f B0000000 		.4byte	0xb0
 1461 0b93 10       		.byte	0x10
 1462 0b94 00       		.byte	0
 1463 0b95 15       		.uleb128 0x15
 1464 0b96 04       		.byte	0x4
 1465 0b97 9B0B0000 		.4byte	0xb9b
 1466 0b9b 06       		.uleb128 0x6
 1467 0b9c 440B0000 		.4byte	0xb44
 1468 0ba0 03       		.uleb128 0x3
 1469 0ba1 9C0C0000 		.4byte	.LASF217
 1470 0ba5 08       		.byte	0x8
 1471 0ba6 48       		.byte	0x48
 1472 0ba7 500B0000 		.4byte	0xb50
 1473 0bab 19       		.uleb128 0x19
 1474 0bac A0040000 		.4byte	.LASF226
 1475 0bb0 09       		.byte	0x9
 1476 0bb1 29       		.byte	0x29
 1477 0bb2 88090000 		.4byte	0x988
 1478 0bb6 05       		.uleb128 0x5
 1479 0bb7 03       		.byte	0x3
 1480 0bb8 18000000 		.4byte	ADC_1_DeepSleepCallbackParams
ARM GAS  C:\Users\cmila\AppData\Local\Temp\ccYv5snQ.s 			page 27


 1481 0bbc 1A       		.uleb128 0x1a
 1482 0bbd B2080000 		.4byte	.LASF218
 1483 0bc1 05       		.byte	0x5
 1484 0bc2 A7       		.byte	0xa7
 1485 0bc3 C70B0000 		.4byte	0xbc7
 1486 0bc7 15       		.uleb128 0x15
 1487 0bc8 04       		.byte	0x4
 1488 0bc9 CD0B0000 		.4byte	0xbcd
 1489 0bcd 06       		.uleb128 0x6
 1490 0bce 8B080000 		.4byte	0x88b
 1491 0bd2 1B       		.uleb128 0x1b
 1492 0bd3 360A0000 		.4byte	.LASF219
 1493 0bd7 08       		.byte	0x8
 1494 0bd8 6001     		.2byte	0x160
 1495 0bda B0000000 		.4byte	0xb0
 1496 0bde 07       		.uleb128 0x7
 1497 0bdf EE0B0000 		.4byte	0xbee
 1498 0be3 EE0B0000 		.4byte	0xbee
 1499 0be7 08       		.uleb128 0x8
 1500 0be8 BB000000 		.4byte	0xbb
 1501 0bec 00       		.byte	0
 1502 0bed 00       		.byte	0
 1503 0bee 06       		.uleb128 0x6
 1504 0bef A00B0000 		.4byte	0xba0
 1505 0bf3 1B       		.uleb128 0x1b
 1506 0bf4 C0050000 		.4byte	.LASF220
 1507 0bf8 08       		.byte	0x8
 1508 0bf9 6401     		.2byte	0x164
 1509 0bfb FF0B0000 		.4byte	0xbff
 1510 0bff 06       		.uleb128 0x6
 1511 0c00 DE0B0000 		.4byte	0xbde
 1512 0c04 1C       		.uleb128 0x1c
 1513 0c05 2C0D0000 		.4byte	.LASF221
 1514 0c09 09       		.byte	0x9
 1515 0c0a 2D       		.byte	0x2d
 1516 0c0b 220A0000 		.4byte	0xa22
 1517 0c0f 05       		.uleb128 0x5
 1518 0c10 03       		.byte	0x3
 1519 0c11 00000000 		.4byte	ADC_1_DeepSleepCallbackStruct
 1520 0c15 00       		.byte	0
 1521              		.section	.debug_abbrev,"",%progbits
 1522              	.Ldebug_abbrev0:
 1523 0000 01       		.uleb128 0x1
 1524 0001 11       		.uleb128 0x11
 1525 0002 01       		.byte	0x1
 1526 0003 25       		.uleb128 0x25
 1527 0004 0E       		.uleb128 0xe
 1528 0005 13       		.uleb128 0x13
 1529 0006 0B       		.uleb128 0xb
 1530 0007 03       		.uleb128 0x3
 1531 0008 0E       		.uleb128 0xe
 1532 0009 1B       		.uleb128 0x1b
 1533 000a 0E       		.uleb128 0xe
 1534 000b 10       		.uleb128 0x10
 1535 000c 17       		.uleb128 0x17
 1536 000d 00       		.byte	0
 1537 000e 00       		.byte	0
ARM GAS  C:\Users\cmila\AppData\Local\Temp\ccYv5snQ.s 			page 28


 1538 000f 02       		.uleb128 0x2
 1539 0010 24       		.uleb128 0x24
 1540 0011 00       		.byte	0
 1541 0012 0B       		.uleb128 0xb
 1542 0013 0B       		.uleb128 0xb
 1543 0014 3E       		.uleb128 0x3e
 1544 0015 0B       		.uleb128 0xb
 1545 0016 03       		.uleb128 0x3
 1546 0017 0E       		.uleb128 0xe
 1547 0018 00       		.byte	0
 1548 0019 00       		.byte	0
 1549 001a 03       		.uleb128 0x3
 1550 001b 16       		.uleb128 0x16
 1551 001c 00       		.byte	0
 1552 001d 03       		.uleb128 0x3
 1553 001e 0E       		.uleb128 0xe
 1554 001f 3A       		.uleb128 0x3a
 1555 0020 0B       		.uleb128 0xb
 1556 0021 3B       		.uleb128 0x3b
 1557 0022 0B       		.uleb128 0xb
 1558 0023 49       		.uleb128 0x49
 1559 0024 13       		.uleb128 0x13
 1560 0025 00       		.byte	0
 1561 0026 00       		.byte	0
 1562 0027 04       		.uleb128 0x4
 1563 0028 24       		.uleb128 0x24
 1564 0029 00       		.byte	0
 1565 002a 0B       		.uleb128 0xb
 1566 002b 0B       		.uleb128 0xb
 1567 002c 3E       		.uleb128 0x3e
 1568 002d 0B       		.uleb128 0xb
 1569 002e 03       		.uleb128 0x3
 1570 002f 08       		.uleb128 0x8
 1571 0030 00       		.byte	0
 1572 0031 00       		.byte	0
 1573 0032 05       		.uleb128 0x5
 1574 0033 35       		.uleb128 0x35
 1575 0034 00       		.byte	0
 1576 0035 49       		.uleb128 0x49
 1577 0036 13       		.uleb128 0x13
 1578 0037 00       		.byte	0
 1579 0038 00       		.byte	0
 1580 0039 06       		.uleb128 0x6
 1581 003a 26       		.uleb128 0x26
 1582 003b 00       		.byte	0
 1583 003c 49       		.uleb128 0x49
 1584 003d 13       		.uleb128 0x13
 1585 003e 00       		.byte	0
 1586 003f 00       		.byte	0
 1587 0040 07       		.uleb128 0x7
 1588 0041 01       		.uleb128 0x1
 1589 0042 01       		.byte	0x1
 1590 0043 49       		.uleb128 0x49
 1591 0044 13       		.uleb128 0x13
 1592 0045 01       		.uleb128 0x1
 1593 0046 13       		.uleb128 0x13
 1594 0047 00       		.byte	0
ARM GAS  C:\Users\cmila\AppData\Local\Temp\ccYv5snQ.s 			page 29


 1595 0048 00       		.byte	0
 1596 0049 08       		.uleb128 0x8
 1597 004a 21       		.uleb128 0x21
 1598 004b 00       		.byte	0
 1599 004c 49       		.uleb128 0x49
 1600 004d 13       		.uleb128 0x13
 1601 004e 2F       		.uleb128 0x2f
 1602 004f 0B       		.uleb128 0xb
 1603 0050 00       		.byte	0
 1604 0051 00       		.byte	0
 1605 0052 09       		.uleb128 0x9
 1606 0053 13       		.uleb128 0x13
 1607 0054 01       		.byte	0x1
 1608 0055 0B       		.uleb128 0xb
 1609 0056 05       		.uleb128 0x5
 1610 0057 3A       		.uleb128 0x3a
 1611 0058 0B       		.uleb128 0xb
 1612 0059 3B       		.uleb128 0x3b
 1613 005a 0B       		.uleb128 0xb
 1614 005b 01       		.uleb128 0x1
 1615 005c 13       		.uleb128 0x13
 1616 005d 00       		.byte	0
 1617 005e 00       		.byte	0
 1618 005f 0A       		.uleb128 0xa
 1619 0060 0D       		.uleb128 0xd
 1620 0061 00       		.byte	0
 1621 0062 03       		.uleb128 0x3
 1622 0063 0E       		.uleb128 0xe
 1623 0064 3A       		.uleb128 0x3a
 1624 0065 0B       		.uleb128 0xb
 1625 0066 3B       		.uleb128 0x3b
 1626 0067 0B       		.uleb128 0xb
 1627 0068 49       		.uleb128 0x49
 1628 0069 13       		.uleb128 0x13
 1629 006a 38       		.uleb128 0x38
 1630 006b 0B       		.uleb128 0xb
 1631 006c 00       		.byte	0
 1632 006d 00       		.byte	0
 1633 006e 0B       		.uleb128 0xb
 1634 006f 0D       		.uleb128 0xd
 1635 0070 00       		.byte	0
 1636 0071 03       		.uleb128 0x3
 1637 0072 0E       		.uleb128 0xe
 1638 0073 3A       		.uleb128 0x3a
 1639 0074 0B       		.uleb128 0xb
 1640 0075 3B       		.uleb128 0x3b
 1641 0076 0B       		.uleb128 0xb
 1642 0077 49       		.uleb128 0x49
 1643 0078 13       		.uleb128 0x13
 1644 0079 38       		.uleb128 0x38
 1645 007a 05       		.uleb128 0x5
 1646 007b 00       		.byte	0
 1647 007c 00       		.byte	0
 1648 007d 0C       		.uleb128 0xc
 1649 007e 21       		.uleb128 0x21
 1650 007f 00       		.byte	0
 1651 0080 49       		.uleb128 0x49
ARM GAS  C:\Users\cmila\AppData\Local\Temp\ccYv5snQ.s 			page 30


 1652 0081 13       		.uleb128 0x13
 1653 0082 2F       		.uleb128 0x2f
 1654 0083 05       		.uleb128 0x5
 1655 0084 00       		.byte	0
 1656 0085 00       		.byte	0
 1657 0086 0D       		.uleb128 0xd
 1658 0087 16       		.uleb128 0x16
 1659 0088 00       		.byte	0
 1660 0089 03       		.uleb128 0x3
 1661 008a 0E       		.uleb128 0xe
 1662 008b 3A       		.uleb128 0x3a
 1663 008c 0B       		.uleb128 0xb
 1664 008d 3B       		.uleb128 0x3b
 1665 008e 05       		.uleb128 0x5
 1666 008f 49       		.uleb128 0x49
 1667 0090 13       		.uleb128 0x13
 1668 0091 00       		.byte	0
 1669 0092 00       		.byte	0
 1670 0093 0E       		.uleb128 0xe
 1671 0094 13       		.uleb128 0x13
 1672 0095 01       		.byte	0x1
 1673 0096 0B       		.uleb128 0xb
 1674 0097 0B       		.uleb128 0xb
 1675 0098 3A       		.uleb128 0x3a
 1676 0099 0B       		.uleb128 0xb
 1677 009a 3B       		.uleb128 0x3b
 1678 009b 0B       		.uleb128 0xb
 1679 009c 01       		.uleb128 0x1
 1680 009d 13       		.uleb128 0x13
 1681 009e 00       		.byte	0
 1682 009f 00       		.byte	0
 1683 00a0 0F       		.uleb128 0xf
 1684 00a1 04       		.uleb128 0x4
 1685 00a2 01       		.byte	0x1
 1686 00a3 0B       		.uleb128 0xb
 1687 00a4 0B       		.uleb128 0xb
 1688 00a5 49       		.uleb128 0x49
 1689 00a6 13       		.uleb128 0x13
 1690 00a7 3A       		.uleb128 0x3a
 1691 00a8 0B       		.uleb128 0xb
 1692 00a9 3B       		.uleb128 0x3b
 1693 00aa 05       		.uleb128 0x5
 1694 00ab 01       		.uleb128 0x1
 1695 00ac 13       		.uleb128 0x13
 1696 00ad 00       		.byte	0
 1697 00ae 00       		.byte	0
 1698 00af 10       		.uleb128 0x10
 1699 00b0 28       		.uleb128 0x28
 1700 00b1 00       		.byte	0
 1701 00b2 03       		.uleb128 0x3
 1702 00b3 0E       		.uleb128 0xe
 1703 00b4 1C       		.uleb128 0x1c
 1704 00b5 0B       		.uleb128 0xb
 1705 00b6 00       		.byte	0
 1706 00b7 00       		.byte	0
 1707 00b8 11       		.uleb128 0x11
 1708 00b9 28       		.uleb128 0x28
ARM GAS  C:\Users\cmila\AppData\Local\Temp\ccYv5snQ.s 			page 31


 1709 00ba 00       		.byte	0
 1710 00bb 03       		.uleb128 0x3
 1711 00bc 0E       		.uleb128 0xe
 1712 00bd 1C       		.uleb128 0x1c
 1713 00be 06       		.uleb128 0x6
 1714 00bf 00       		.byte	0
 1715 00c0 00       		.byte	0
 1716 00c1 12       		.uleb128 0x12
 1717 00c2 13       		.uleb128 0x13
 1718 00c3 01       		.byte	0x1
 1719 00c4 0B       		.uleb128 0xb
 1720 00c5 0B       		.uleb128 0xb
 1721 00c6 3A       		.uleb128 0x3a
 1722 00c7 0B       		.uleb128 0xb
 1723 00c8 3B       		.uleb128 0x3b
 1724 00c9 05       		.uleb128 0x5
 1725 00ca 01       		.uleb128 0x1
 1726 00cb 13       		.uleb128 0x13
 1727 00cc 00       		.byte	0
 1728 00cd 00       		.byte	0
 1729 00ce 13       		.uleb128 0x13
 1730 00cf 0D       		.uleb128 0xd
 1731 00d0 00       		.byte	0
 1732 00d1 03       		.uleb128 0x3
 1733 00d2 0E       		.uleb128 0xe
 1734 00d3 3A       		.uleb128 0x3a
 1735 00d4 0B       		.uleb128 0xb
 1736 00d5 3B       		.uleb128 0x3b
 1737 00d6 05       		.uleb128 0x5
 1738 00d7 49       		.uleb128 0x49
 1739 00d8 13       		.uleb128 0x13
 1740 00d9 38       		.uleb128 0x38
 1741 00da 0B       		.uleb128 0xb
 1742 00db 00       		.byte	0
 1743 00dc 00       		.byte	0
 1744 00dd 14       		.uleb128 0x14
 1745 00de 0F       		.uleb128 0xf
 1746 00df 00       		.byte	0
 1747 00e0 0B       		.uleb128 0xb
 1748 00e1 0B       		.uleb128 0xb
 1749 00e2 00       		.byte	0
 1750 00e3 00       		.byte	0
 1751 00e4 15       		.uleb128 0x15
 1752 00e5 0F       		.uleb128 0xf
 1753 00e6 00       		.byte	0
 1754 00e7 0B       		.uleb128 0xb
 1755 00e8 0B       		.uleb128 0xb
 1756 00e9 49       		.uleb128 0x49
 1757 00ea 13       		.uleb128 0x13
 1758 00eb 00       		.byte	0
 1759 00ec 00       		.byte	0
 1760 00ed 16       		.uleb128 0x16
 1761 00ee 15       		.uleb128 0x15
 1762 00ef 01       		.byte	0x1
 1763 00f0 27       		.uleb128 0x27
 1764 00f1 19       		.uleb128 0x19
 1765 00f2 49       		.uleb128 0x49
ARM GAS  C:\Users\cmila\AppData\Local\Temp\ccYv5snQ.s 			page 32


 1766 00f3 13       		.uleb128 0x13
 1767 00f4 01       		.uleb128 0x1
 1768 00f5 13       		.uleb128 0x13
 1769 00f6 00       		.byte	0
 1770 00f7 00       		.byte	0
 1771 00f8 17       		.uleb128 0x17
 1772 00f9 05       		.uleb128 0x5
 1773 00fa 00       		.byte	0
 1774 00fb 49       		.uleb128 0x49
 1775 00fc 13       		.uleb128 0x13
 1776 00fd 00       		.byte	0
 1777 00fe 00       		.byte	0
 1778 00ff 18       		.uleb128 0x18
 1779 0100 13       		.uleb128 0x13
 1780 0101 01       		.byte	0x1
 1781 0102 03       		.uleb128 0x3
 1782 0103 0E       		.uleb128 0xe
 1783 0104 0B       		.uleb128 0xb
 1784 0105 0B       		.uleb128 0xb
 1785 0106 3A       		.uleb128 0x3a
 1786 0107 0B       		.uleb128 0xb
 1787 0108 3B       		.uleb128 0x3b
 1788 0109 05       		.uleb128 0x5
 1789 010a 01       		.uleb128 0x1
 1790 010b 13       		.uleb128 0x13
 1791 010c 00       		.byte	0
 1792 010d 00       		.byte	0
 1793 010e 19       		.uleb128 0x19
 1794 010f 34       		.uleb128 0x34
 1795 0110 00       		.byte	0
 1796 0111 03       		.uleb128 0x3
 1797 0112 0E       		.uleb128 0xe
 1798 0113 3A       		.uleb128 0x3a
 1799 0114 0B       		.uleb128 0xb
 1800 0115 3B       		.uleb128 0x3b
 1801 0116 0B       		.uleb128 0xb
 1802 0117 49       		.uleb128 0x49
 1803 0118 13       		.uleb128 0x13
 1804 0119 02       		.uleb128 0x2
 1805 011a 18       		.uleb128 0x18
 1806 011b 00       		.byte	0
 1807 011c 00       		.byte	0
 1808 011d 1A       		.uleb128 0x1a
 1809 011e 34       		.uleb128 0x34
 1810 011f 00       		.byte	0
 1811 0120 03       		.uleb128 0x3
 1812 0121 0E       		.uleb128 0xe
 1813 0122 3A       		.uleb128 0x3a
 1814 0123 0B       		.uleb128 0xb
 1815 0124 3B       		.uleb128 0x3b
 1816 0125 0B       		.uleb128 0xb
 1817 0126 49       		.uleb128 0x49
 1818 0127 13       		.uleb128 0x13
 1819 0128 3F       		.uleb128 0x3f
 1820 0129 19       		.uleb128 0x19
 1821 012a 3C       		.uleb128 0x3c
 1822 012b 19       		.uleb128 0x19
ARM GAS  C:\Users\cmila\AppData\Local\Temp\ccYv5snQ.s 			page 33


 1823 012c 00       		.byte	0
 1824 012d 00       		.byte	0
 1825 012e 1B       		.uleb128 0x1b
 1826 012f 34       		.uleb128 0x34
 1827 0130 00       		.byte	0
 1828 0131 03       		.uleb128 0x3
 1829 0132 0E       		.uleb128 0xe
 1830 0133 3A       		.uleb128 0x3a
 1831 0134 0B       		.uleb128 0xb
 1832 0135 3B       		.uleb128 0x3b
 1833 0136 05       		.uleb128 0x5
 1834 0137 49       		.uleb128 0x49
 1835 0138 13       		.uleb128 0x13
 1836 0139 3F       		.uleb128 0x3f
 1837 013a 19       		.uleb128 0x19
 1838 013b 3C       		.uleb128 0x3c
 1839 013c 19       		.uleb128 0x19
 1840 013d 00       		.byte	0
 1841 013e 00       		.byte	0
 1842 013f 1C       		.uleb128 0x1c
 1843 0140 34       		.uleb128 0x34
 1844 0141 00       		.byte	0
 1845 0142 03       		.uleb128 0x3
 1846 0143 0E       		.uleb128 0xe
 1847 0144 3A       		.uleb128 0x3a
 1848 0145 0B       		.uleb128 0xb
 1849 0146 3B       		.uleb128 0x3b
 1850 0147 0B       		.uleb128 0xb
 1851 0148 49       		.uleb128 0x49
 1852 0149 13       		.uleb128 0x13
 1853 014a 3F       		.uleb128 0x3f
 1854 014b 19       		.uleb128 0x19
 1855 014c 02       		.uleb128 0x2
 1856 014d 18       		.uleb128 0x18
 1857 014e 00       		.byte	0
 1858 014f 00       		.byte	0
 1859 0150 00       		.byte	0
 1860              		.section	.debug_aranges,"",%progbits
 1861 0000 14000000 		.4byte	0x14
 1862 0004 0200     		.2byte	0x2
 1863 0006 00000000 		.4byte	.Ldebug_info0
 1864 000a 04       		.byte	0x4
 1865 000b 00       		.byte	0
 1866 000c 0000     		.2byte	0
 1867 000e 0000     		.2byte	0
 1868 0010 00000000 		.4byte	0
 1869 0014 00000000 		.4byte	0
 1870              		.section	.debug_line,"",%progbits
 1871              	.Ldebug_line0:
 1872 0000 92020000 		.section	.debug_str,"MS",%progbits,1
 1872      02008C02 
 1872      00000201 
 1872      FB0E0D00 
 1872      01010101 
 1873              	.LASF106:
 1874 0000 70726F74 		.ascii	"protBusMasterMask\000"
 1874      4275734D 
ARM GAS  C:\Users\cmila\AppData\Local\Temp\ccYv5snQ.s 			page 34


 1874      61737465 
 1874      724D6173 
 1874      6B00
 1875              	.LASF173:
 1876 0012 63795F65 		.ascii	"cy_en_syspm_callback_type_t\000"
 1876      6E5F7379 
 1876      73706D5F 
 1876      63616C6C 
 1876      6261636B 
 1877              	.LASF163:
 1878 002e 43595F53 		.ascii	"CY_SYSPM_TIMEOUT\000"
 1878      5953504D 
 1878      5F54494D 
 1878      454F5554 
 1878      00
 1879              	.LASF116:
 1880 003f 666C6173 		.ascii	"flashCtlMainWs3Freq\000"
 1880      6843746C 
 1880      4D61696E 
 1880      57733346 
 1880      72657100 
 1881              	.LASF138:
 1882 0053 6770696F 		.ascii	"gpioPrtCfgInOffset\000"
 1882      50727443 
 1882      6667496E 
 1882      4F666673 
 1882      657400
 1883              	.LASF156:
 1884 0066 6970634C 		.ascii	"ipcLockStatusOffset\000"
 1884      6F636B53 
 1884      74617475 
 1884      734F6666 
 1884      73657400 
 1885              	.LASF162:
 1886 007a 43595F53 		.ascii	"CY_SYSPM_BAD_PARAM\000"
 1886      5953504D 
 1886      5F424144 
 1886      5F504152 
 1886      414D00
 1887              	.LASF82:
 1888 008d 63727970 		.ascii	"cryptoVersion\000"
 1888      746F5665 
 1888      7273696F 
 1888      6E00
 1889              	.LASF100:
 1890 009b 70657269 		.ascii	"periClockNr\000"
 1890      436C6F63 
 1890      6B4E7200 
 1891              	.LASF78:
 1892 00a7 70617373 		.ascii	"passBase\000"
 1892      42617365 
 1892      00
 1893              	.LASF72:
 1894 00b0 666C6173 		.ascii	"flashcBase\000"
 1894      68634261 
 1894      736500
 1895              	.LASF59:
ARM GAS  C:\Users\cmila\AppData\Local\Temp\ccYv5snQ.s 			page 35


 1896 00bb 4D55585F 		.ascii	"MUX_SWITCH0\000"
 1896      53574954 
 1896      43483000 
 1897              	.LASF91:
 1898 00c7 63707573 		.ascii	"cpussIpcIrqNr\000"
 1898      73497063 
 1898      4972714E 
 1898      7200
 1899              	.LASF3:
 1900 00d5 5F5F7569 		.ascii	"__uint8_t\000"
 1900      6E74385F 
 1900      7400
 1901              	.LASF204:
 1902 00df 73617449 		.ascii	"satIntrMask\000"
 1902      6E74724D 
 1902      61736B00 
 1903              	.LASF135:
 1904 00eb 70657269 		.ascii	"periDiv24_5CtlOffset\000"
 1904      44697632 
 1904      345F3543 
 1904      746C4F66 
 1904      66736574 
 1905              	.LASF142:
 1906 0100 63707573 		.ascii	"cpussCm4ClockCtlOffset\000"
 1906      73436D34 
 1906      436C6F63 
 1906      6B43746C 
 1906      4F666673 
 1907              	.LASF184:
 1908 0117 74797065 		.ascii	"type\000"
 1908      00
 1909              	.LASF24:
 1910 011c 52414E47 		.ascii	"RANGE_COND\000"
 1910      455F434F 
 1910      4E4400
 1911              	.LASF71:
 1912 0127 63707573 		.ascii	"cpussBase\000"
 1912      73426173 
 1912      6500
 1913              	.LASF120:
 1914 0131 64774368 		.ascii	"dwChCtlPrioPos\000"
 1914      43746C50 
 1914      72696F50 
 1914      6F7300
 1915              	.LASF11:
 1916 0140 6C6F6E67 		.ascii	"long long unsigned int\000"
 1916      206C6F6E 
 1916      6720756E 
 1916      7369676E 
 1916      65642069 
 1917              	.LASF124:
 1918 0157 70657269 		.ascii	"periTrCmdOffset\000"
 1918      5472436D 
 1918      644F6666 
 1918      73657400 
 1919              	.LASF148:
 1920 0167 63707573 		.ascii	"cpussSysTickCtlOffset\000"
ARM GAS  C:\Users\cmila\AppData\Local\Temp\ccYv5snQ.s 			page 36


 1920      73537973 
 1920      5469636B 
 1920      43746C4F 
 1920      66667365 
 1921              	.LASF187:
 1922 017d 70726576 		.ascii	"prevItm\000"
 1922      49746D00 
 1923              	.LASF66:
 1924 0185 414E415F 		.ascii	"ANA_TRIM0\000"
 1924      5452494D 
 1924      3000
 1925              	.LASF67:
 1926 018f 414E415F 		.ascii	"ANA_TRIM1\000"
 1926      5452494D 
 1926      3100
 1927              	.LASF48:
 1928 0199 52414E47 		.ascii	"RANGE_INTR_MASK\000"
 1928      455F494E 
 1928      54525F4D 
 1928      41534B00 
 1929              	.LASF14:
 1930 01a9 696E7431 		.ascii	"int16_t\000"
 1930      365F7400 
 1931              	.LASF211:
 1932 01b1 63795F73 		.ascii	"cy_stc_sar_config_t\000"
 1932      74635F73 
 1932      61725F63 
 1932      6F6E6669 
 1932      675F7400 
 1933              	.LASF10:
 1934 01c5 6C6F6E67 		.ascii	"long long int\000"
 1934      206C6F6E 
 1934      6720696E 
 1934      7400
 1935              	.LASF2:
 1936 01d3 7369676E 		.ascii	"signed char\000"
 1936      65642063 
 1936      68617200 
 1937              	.LASF129:
 1938 01df 70657269 		.ascii	"periDivCmdTypeSelPos\000"
 1938      44697643 
 1938      6D645479 
 1938      70655365 
 1938      6C506F73 
 1939              	.LASF194:
 1940 01f4 63795F65 		.ascii	"cy_en_sar_range_detect_condition_t\000"
 1940      6E5F7361 
 1940      725F7261 
 1940      6E67655F 
 1940      64657465 
 1941              	.LASF216:
 1942 0217 636C6B44 		.ascii	"clkDivider\000"
 1942      69766964 
 1942      657200
 1943              	.LASF75:
 1944 0222 70726F74 		.ascii	"protBase\000"
 1944      42617365 
ARM GAS  C:\Users\cmila\AppData\Local\Temp\ccYv5snQ.s 			page 37


 1944      00
 1945              	.LASF87:
 1946 022b 69706356 		.ascii	"ipcVersion\000"
 1946      65727369 
 1946      6F6E00
 1947              	.LASF149:
 1948 0236 63707573 		.ascii	"cpussCm0NmiCtlOffset\000"
 1948      73436D30 
 1948      4E6D6943 
 1948      746C4F66 
 1948      66736574 
 1949              	.LASF65:
 1950 024b 52455345 		.ascii	"RESERVED10\000"
 1950      52564544 
 1950      313000
 1951              	.LASF76:
 1952 0256 6873696F 		.ascii	"hsiomBase\000"
 1952      6D426173 
 1952      6500
 1953              	.LASF205:
 1954 0260 72616E67 		.ascii	"rangeIntrMask\000"
 1954      65496E74 
 1954      724D6173 
 1954      6B00
 1955              	.LASF190:
 1956 026e 43595F53 		.ascii	"CY_SAR_RANGE_COND_BELOW\000"
 1956      41525F52 
 1956      414E4745 
 1956      5F434F4E 
 1956      445F4245 
 1957              	.LASF7:
 1958 0286 6C6F6E67 		.ascii	"long int\000"
 1958      20696E74 
 1958      00
 1959              	.LASF64:
 1960 028f 4D55585F 		.ascii	"MUX_SWITCH_STATUS\000"
 1960      53574954 
 1960      43485F53 
 1960      54415455 
 1960      5300
 1961              	.LASF50:
 1962 02a1 494E5452 		.ascii	"INTR_CAUSE\000"
 1962      5F434155 
 1962      534500
 1963              	.LASF107:
 1964 02ac 63727970 		.ascii	"cryptoMemSize\000"
 1964      746F4D65 
 1964      6D53697A 
 1964      6500
 1965              	.LASF54:
 1966 02ba 494E4A5F 		.ascii	"INJ_RESULT\000"
 1966      52455355 
 1966      4C5400
 1967              	.LASF73:
 1968 02c5 70657269 		.ascii	"periBase\000"
 1968      42617365 
 1968      00
ARM GAS  C:\Users\cmila\AppData\Local\Temp\ccYv5snQ.s 			page 38


 1969              	.LASF105:
 1970 02ce 73797350 		.ascii	"sysPmSimoPresent\000"
 1970      6D53696D 
 1970      6F507265 
 1970      73656E74 
 1970      00
 1971              	.LASF192:
 1972 02df 43595F53 		.ascii	"CY_SAR_RANGE_COND_ABOVE\000"
 1972      41525F52 
 1972      414E4745 
 1972      5F434F4E 
 1972      445F4142 
 1973              	.LASF95:
 1974 02f7 63707573 		.ascii	"cpussFmIrq\000"
 1974      73466D49 
 1974      727100
 1975              	.LASF160:
 1976 0302 646F7562 		.ascii	"double\000"
 1976      6C6500
 1977              	.LASF134:
 1978 0309 70657269 		.ascii	"periDiv16_5CtlOffset\000"
 1978      44697631 
 1978      365F3543 
 1978      746C4F66 
 1978      66736574 
 1979              	.LASF60:
 1980 031e 4D55585F 		.ascii	"MUX_SWITCH_CLEAR0\000"
 1980      53574954 
 1980      43485F43 
 1980      4C454152 
 1980      3000
 1981              	.LASF98:
 1982 0330 73727373 		.ascii	"srssNumPll\000"
 1982      4E756D50 
 1982      6C6C00
 1983              	.LASF197:
 1984 033b 73616D70 		.ascii	"sampleTime01\000"
 1984      6C655469 
 1984      6D653031 
 1984      00
 1985              	.LASF6:
 1986 0348 73686F72 		.ascii	"short unsigned int\000"
 1986      7420756E 
 1986      7369676E 
 1986      65642069 
 1986      6E7400
 1987              	.LASF225:
 1988 035b 63795F73 		.ascii	"cy_stc_syspm_callback\000"
 1988      74635F73 
 1988      7973706D 
 1988      5F63616C 
 1988      6C626163 
 1989              	.LASF139:
 1990 0371 6770696F 		.ascii	"gpioPrtCfgOutOffset\000"
 1990      50727443 
 1990      66674F75 
 1990      744F6666 
ARM GAS  C:\Users\cmila\AppData\Local\Temp\ccYv5snQ.s 			page 39


 1990      73657400 
 1991              	.LASF121:
 1992 0385 64774368 		.ascii	"dwChCtlPreemptablePos\000"
 1992      43746C50 
 1992      7265656D 
 1992      70746162 
 1992      6C65506F 
 1993              	.LASF8:
 1994 039b 5F5F7569 		.ascii	"__uint32_t\000"
 1994      6E743332 
 1994      5F7400
 1995              	.LASF102:
 1996 03a6 70617373 		.ascii	"passSarChannels\000"
 1996      53617243 
 1996      68616E6E 
 1996      656C7300 
 1997              	.LASF214:
 1998 03b6 6877436F 		.ascii	"hwConfigStc\000"
 1998      6E666967 
 1998      53746300 
 1999              	.LASF165:
 2000 03c2 43595F53 		.ascii	"CY_SYSPM_CANCELED\000"
 2000      5953504D 
 2000      5F43414E 
 2000      43454C45 
 2000      4400
 2001              	.LASF21:
 2002 03d4 53414D50 		.ascii	"SAMPLE_TIME01\000"
 2002      4C455F54 
 2002      494D4530 
 2002      3100
 2003              	.LASF4:
 2004 03e2 5F5F696E 		.ascii	"__int16_t\000"
 2004      7431365F 
 2004      7400
 2005              	.LASF42:
 2006 03ec 53415455 		.ascii	"SATURATE_INTR\000"
 2006      52415445 
 2006      5F494E54 
 2006      5200
 2007              	.LASF28:
 2008 03fa 4348414E 		.ascii	"CHAN_CONFIG\000"
 2008      5F434F4E 
 2008      46494700 
 2009              	.LASF145:
 2010 0406 63707573 		.ascii	"cpussCm4PwrCtlOffset\000"
 2010      73436D34 
 2010      50777243 
 2010      746C4F66 
 2010      66736574 
 2011              	.LASF140:
 2012 041b 6770696F 		.ascii	"gpioPrtCfgSioOffset\000"
 2012      50727443 
 2012      66675369 
 2012      6F4F6666 
 2012      73657400 
 2013              	.LASF92:
ARM GAS  C:\Users\cmila\AppData\Local\Temp\ccYv5snQ.s 			page 40


 2014 042f 63707573 		.ascii	"cpussDwChNr\000"
 2014      73447743 
 2014      684E7200 
 2015              	.LASF164:
 2016 043b 43595F53 		.ascii	"CY_SYSPM_INVALID_STATE\000"
 2016      5953504D 
 2016      5F494E56 
 2016      414C4944 
 2016      5F535441 
 2017              	.LASF12:
 2018 0452 756E7369 		.ascii	"unsigned int\000"
 2018      676E6564 
 2018      20696E74 
 2018      00
 2019              	.LASF15:
 2020 045f 75696E74 		.ascii	"uint16_t\000"
 2020      31365F74 
 2020      00
 2021              	.LASF125:
 2022 0468 70657269 		.ascii	"periTrCmdGrSelMsk\000"
 2022      5472436D 
 2022      64477253 
 2022      656C4D73 
 2022      6B00
 2023              	.LASF175:
 2024 047a 43595F53 		.ascii	"CY_SYSPM_CHECK_FAIL\000"
 2024      5953504D 
 2024      5F434845 
 2024      434B5F46 
 2024      41494C00 
 2025              	.LASF9:
 2026 048e 6C6F6E67 		.ascii	"long unsigned int\000"
 2026      20756E73 
 2026      69676E65 
 2026      6420696E 
 2026      7400
 2027              	.LASF226:
 2028 04a0 4144435F 		.ascii	"ADC_1_DeepSleepCallbackParams\000"
 2028      315F4465 
 2028      6570536C 
 2028      65657043 
 2028      616C6C62 
 2029              	.LASF36:
 2030 04be 4348414E 		.ascii	"CHAN_WORK_NEWVALUE\000"
 2030      5F574F52 
 2030      4B5F4E45 
 2030      5756414C 
 2030      554500
 2031              	.LASF90:
 2032 04d1 63707573 		.ascii	"cpussIpcNr\000"
 2032      73497063 
 2032      4E7200
 2033              	.LASF62:
 2034 04dc 4D55585F 		.ascii	"MUX_SWITCH_DS_CTRL\000"
 2034      53574954 
 2034      43485F44 
 2034      535F4354 
ARM GAS  C:\Users\cmila\AppData\Local\Temp\ccYv5snQ.s 			page 41


 2034      524C00
 2035              	.LASF40:
 2036 04ef 494E5452 		.ascii	"INTR_MASK\000"
 2036      5F4D4153 
 2036      4B00
 2037              	.LASF77:
 2038 04f9 6770696F 		.ascii	"gpioBase\000"
 2038      42617365 
 2038      00
 2039              	.LASF223:
 2040 0502 47656E65 		.ascii	"Generated_Source\\PSoC6\\ADC_1_PM.c\000"
 2040      72617465 
 2040      645F536F 
 2040      75726365 
 2040      5C50536F 
 2041              	.LASF115:
 2042 0524 666C6173 		.ascii	"flashCtlMainWs2Freq\000"
 2042      6843746C 
 2042      4D61696E 
 2042      57733246 
 2042      72657100 
 2043              	.LASF185:
 2044 0538 736B6970 		.ascii	"skipMode\000"
 2044      4D6F6465 
 2044      00
 2045              	.LASF180:
 2046 0541 636F6E74 		.ascii	"context\000"
 2046      65787400 
 2047              	.LASF224:
 2048 0549 433A5C55 		.ascii	"C:\\Users\\cmila\\uni\\projects\\Neural-Stimulator-"
 2048      73657273 
 2048      5C636D69 
 2048      6C615C75 
 2048      6E695C70 
 2049 0577 4669726D 		.ascii	"Firmware\\new\\PSOC6\\dacProgramming\\dac.cydsn\000"
 2049      77617265 
 2049      5C6E6577 
 2049      5C50534F 
 2049      43365C64 
 2050              	.LASF126:
 2051 05a3 70657269 		.ascii	"periTrGrOffset\000"
 2051      54724772 
 2051      4F666673 
 2051      657400
 2052              	.LASF153:
 2053 05b2 63707573 		.ascii	"cpussRam1Ctl0\000"
 2053      7352616D 
 2053      3143746C 
 2053      3000
 2054              	.LASF220:
 2055 05c0 4144435F 		.ascii	"ADC_1_allConfigs\000"
 2055      315F616C 
 2055      6C436F6E 
 2055      66696773 
 2055      00
 2056              	.LASF199:
 2057 05d1 72616E67 		.ascii	"rangeThres\000"
ARM GAS  C:\Users\cmila\AppData\Local\Temp\ccYv5snQ.s 			page 42


 2057      65546872 
 2057      657300
 2058              	.LASF46:
 2059 05dc 52414E47 		.ascii	"RANGE_INTR\000"
 2059      455F494E 
 2059      545200
 2060              	.LASF34:
 2061 05e7 4348414E 		.ascii	"CHAN_WORK_UPDATED\000"
 2061      5F574F52 
 2061      4B5F5550 
 2061      44415445 
 2061      4400
 2062              	.LASF183:
 2063 05f9 63616C6C 		.ascii	"callback\000"
 2063      6261636B 
 2063      00
 2064              	.LASF127:
 2065 0602 70657269 		.ascii	"periTrGrSize\000"
 2065      54724772 
 2065      53697A65 
 2065      00
 2066              	.LASF85:
 2067 060f 6770696F 		.ascii	"gpioVersion\000"
 2067      56657273 
 2067      696F6E00 
 2068              	.LASF213:
 2069 061b 6E756D43 		.ascii	"numChannels\000"
 2069      68616E6E 
 2069      656C7300 
 2070              	.LASF157:
 2071 0627 63795F73 		.ascii	"cy_stc_device_t\000"
 2071      74635F64 
 2071      65766963 
 2071      655F7400 
 2072              	.LASF202:
 2073 0637 6368616E 		.ascii	"chanConfig\000"
 2073      436F6E66 
 2073      696700
 2074              	.LASF212:
 2075 0642 6368616E 		.ascii	"channelBase\000"
 2075      6E656C42 
 2075      61736500 
 2076              	.LASF169:
 2077 064e 43595F53 		.ascii	"CY_SYSPM_DEEPSLEEP\000"
 2077      5953504D 
 2077      5F444545 
 2077      50534C45 
 2077      455000
 2078              	.LASF103:
 2079 0661 65704D6F 		.ascii	"epMonitorNr\000"
 2079      6E69746F 
 2079      724E7200 
 2080              	.LASF186:
 2081 066d 63616C6C 		.ascii	"callbackParams\000"
 2081      6261636B 
 2081      50617261 
 2081      6D7300
ARM GAS  C:\Users\cmila\AppData\Local\Temp\ccYv5snQ.s 			page 43


 2082              	.LASF146:
 2083 067c 63707573 		.ascii	"cpussTrimRamCtlOffset\000"
 2083      73547269 
 2083      6D52616D 
 2083      43746C4F 
 2083      66667365 
 2084              	.LASF141:
 2085 0692 63707573 		.ascii	"cpussCm0ClockCtlOffset\000"
 2085      73436D30 
 2085      436C6F63 
 2085      6B43746C 
 2085      4F666673 
 2086              	.LASF26:
 2087 06a9 53544152 		.ascii	"START_CTRL\000"
 2087      545F4354 
 2087      524C00
 2088              	.LASF177:
 2089 06b4 43595F53 		.ascii	"CY_SYSPM_AFTER_TRANSITION\000"
 2089      5953504D 
 2089      5F414654 
 2089      45525F54 
 2089      52414E53 
 2090              	.LASF181:
 2091 06ce 63795F73 		.ascii	"cy_stc_syspm_callback_params_t\000"
 2091      74635F73 
 2091      7973706D 
 2091      5F63616C 
 2091      6C626163 
 2092              	.LASF39:
 2093 06ed 494E5452 		.ascii	"INTR_SET\000"
 2093      5F534554 
 2093      00
 2094              	.LASF81:
 2095 06f6 63707573 		.ascii	"cpussVersion\000"
 2095      73566572 
 2095      73696F6E 
 2095      00
 2096              	.LASF179:
 2097 0703 62617365 		.ascii	"base\000"
 2097      00
 2098              	.LASF88:
 2099 0708 70657269 		.ascii	"periVersion\000"
 2099      56657273 
 2099      696F6E00 
 2100              	.LASF144:
 2101 0714 63707573 		.ascii	"cpussCm0StatusOffset\000"
 2101      73436D30 
 2101      53746174 
 2101      75734F66 
 2101      66736574 
 2102              	.LASF171:
 2103 0729 43595F53 		.ascii	"CY_SYSPM_LP\000"
 2103      5953504D 
 2103      5F4C5000 
 2104              	.LASF17:
 2105 0735 73697A65 		.ascii	"sizetype\000"
 2105      74797065 
ARM GAS  C:\Users\cmila\AppData\Local\Temp\ccYv5snQ.s 			page 44


 2105      00
 2106              	.LASF118:
 2107 073e 64774368 		.ascii	"dwChOffset\000"
 2107      4F666673 
 2107      657400
 2108              	.LASF188:
 2109 0749 6E657874 		.ascii	"nextItm\000"
 2109      49746D00 
 2110              	.LASF32:
 2111 0751 4348414E 		.ascii	"CHAN_RESULT\000"
 2111      5F524553 
 2111      554C5400 
 2112              	.LASF93:
 2113 075d 63707573 		.ascii	"cpussFlashPaSize\000"
 2113      73466C61 
 2113      73685061 
 2113      53697A65 
 2113      00
 2114              	.LASF198:
 2115 076e 73616D70 		.ascii	"sampleTime23\000"
 2115      6C655469 
 2115      6D653233 
 2115      00
 2116              	.LASF131:
 2117 077b 70657269 		.ascii	"periDivCmdPaTypeSelPos\000"
 2117      44697643 
 2117      6D645061 
 2117      54797065 
 2117      53656C50 
 2118              	.LASF172:
 2119 0792 43595F53 		.ascii	"CY_SYSPM_ULP\000"
 2119      5953504D 
 2119      5F554C50 
 2119      00
 2120              	.LASF154:
 2121 079f 63707573 		.ascii	"cpussRam2Ctl0\000"
 2121      7352616D 
 2121      3243746C 
 2121      3000
 2122              	.LASF208:
 2123 07ad 636F6E66 		.ascii	"configRouting\000"
 2123      6967526F 
 2123      7574696E 
 2123      6700
 2124              	.LASF19:
 2125 07bb 53414D50 		.ascii	"SAMPLE_CTRL\000"
 2125      4C455F43 
 2125      54524C00 
 2126              	.LASF23:
 2127 07c7 52414E47 		.ascii	"RANGE_THRES\000"
 2127      455F5448 
 2127      52455300 
 2128              	.LASF122:
 2129 07d3 64775374 		.ascii	"dwStatusChIdxPos\000"
 2129      61747573 
 2129      43684964 
 2129      78506F73 
ARM GAS  C:\Users\cmila\AppData\Local\Temp\ccYv5snQ.s 			page 45


 2129      00
 2130              	.LASF176:
 2131 07e4 43595F53 		.ascii	"CY_SYSPM_BEFORE_TRANSITION\000"
 2131      5953504D 
 2131      5F424546 
 2131      4F52455F 
 2131      5452414E 
 2132              	.LASF25:
 2133 07ff 4348414E 		.ascii	"CHAN_EN\000"
 2133      5F454E00 
 2134              	.LASF22:
 2135 0807 53414D50 		.ascii	"SAMPLE_TIME23\000"
 2135      4C455F54 
 2135      494D4532 
 2135      3300
 2136              	.LASF57:
 2137 0815 4156475F 		.ascii	"AVG_STAT\000"
 2137      53544154 
 2137      00
 2138              	.LASF84:
 2139 081e 666C6173 		.ascii	"flashcVersion\000"
 2139      68635665 
 2139      7273696F 
 2139      6E00
 2140              	.LASF80:
 2141 082c 63727970 		.ascii	"cryptoBase\000"
 2141      746F4261 
 2141      736500
 2142              	.LASF101:
 2143 0837 736D6966 		.ascii	"smifDeviceNr\000"
 2143      44657669 
 2143      63654E72 
 2143      00
 2144              	.LASF170:
 2145 0844 43595F53 		.ascii	"CY_SYSPM_HIBERNATE\000"
 2145      5953504D 
 2145      5F484942 
 2145      45524E41 
 2145      544500
 2146              	.LASF43:
 2147 0857 53415455 		.ascii	"SATURATE_INTR_SET\000"
 2147      52415445 
 2147      5F494E54 
 2147      525F5345 
 2147      5400
 2148              	.LASF178:
 2149 0869 63795F65 		.ascii	"cy_en_syspm_callback_mode_t\000"
 2149      6E5F7379 
 2149      73706D5F 
 2149      63616C6C 
 2149      6261636B 
 2150              	.LASF41:
 2151 0885 494E5452 		.ascii	"INTR_MASKED\000"
 2151      5F4D4153 
 2151      4B454400 
 2152              	.LASF159:
 2153 0891 666C6F61 		.ascii	"float\000"
ARM GAS  C:\Users\cmila\AppData\Local\Temp\ccYv5snQ.s 			page 46


 2153      7400
 2154              	.LASF123:
 2155 0897 64775374 		.ascii	"dwStatusChIdxMsk\000"
 2155      61747573 
 2155      43684964 
 2155      784D736B 
 2155      00
 2156              	.LASF27:
 2157 08a8 52455345 		.ascii	"RESERVED1\000"
 2157      52564544 
 2157      3100
 2158              	.LASF218:
 2159 08b2 63795F64 		.ascii	"cy_device\000"
 2159      65766963 
 2159      6500
 2160              	.LASF31:
 2161 08bc 52455345 		.ascii	"RESERVED3\000"
 2161      52564544 
 2161      3300
 2162              	.LASF151:
 2163 08c6 63707573 		.ascii	"cpussRomCtl\000"
 2163      73526F6D 
 2163      43746C00 
 2164              	.LASF51:
 2165 08d2 52455345 		.ascii	"RESERVED5\000"
 2165      52564544 
 2165      3500
 2166              	.LASF53:
 2167 08dc 52455345 		.ascii	"RESERVED6\000"
 2167      52564544 
 2167      3600
 2168              	.LASF55:
 2169 08e6 52455345 		.ascii	"RESERVED7\000"
 2169      52564544 
 2169      3700
 2170              	.LASF58:
 2171 08f0 52455345 		.ascii	"RESERVED8\000"
 2171      52564544 
 2171      3800
 2172              	.LASF61:
 2173 08fa 52455345 		.ascii	"RESERVED9\000"
 2173      52564544 
 2173      3900
 2174              	.LASF201:
 2175 0904 6368616E 		.ascii	"chanEn\000"
 2175      456E00
 2176              	.LASF74:
 2177 090b 75646242 		.ascii	"udbBase\000"
 2177      61736500 
 2178              	.LASF191:
 2179 0913 43595F53 		.ascii	"CY_SAR_RANGE_COND_INSIDE\000"
 2179      41525F52 
 2179      414E4745 
 2179      5F434F4E 
 2179      445F494E 
 2180              	.LASF210:
 2181 092c 5F426F6F 		.ascii	"_Bool\000"
ARM GAS  C:\Users\cmila\AppData\Local\Temp\ccYv5snQ.s 			page 47


 2181      6C00
 2182              	.LASF1:
 2183 0932 756E7369 		.ascii	"unsigned char\000"
 2183      676E6564 
 2183      20636861 
 2183      7200
 2184              	.LASF182:
 2185 0940 43795F53 		.ascii	"Cy_SysPmCallback\000"
 2185      7973506D 
 2185      43616C6C 
 2185      6261636B 
 2185      00
 2186              	.LASF117:
 2187 0951 666C6173 		.ascii	"flashCtlMainWs4Freq\000"
 2187      6843746C 
 2187      4D61696E 
 2187      57733446 
 2187      72657100 
 2188              	.LASF0:
 2189 0965 73686F72 		.ascii	"short int\000"
 2189      7420696E 
 2189      7400
 2190              	.LASF206:
 2191 096f 6D757853 		.ascii	"muxSwitch\000"
 2191      77697463 
 2191      6800
 2192              	.LASF203:
 2193 0979 696E7472 		.ascii	"intrMask\000"
 2193      4D61736B 
 2193      00
 2194              	.LASF69:
 2195 0982 5341525F 		.ascii	"SAR_Type\000"
 2195      54797065 
 2195      00
 2196              	.LASF20:
 2197 098b 52455345 		.ascii	"RESERVED\000"
 2197      52564544 
 2197      00
 2198              	.LASF68:
 2199 0994 5341525F 		.ascii	"SAR_V1_Type\000"
 2199      56315F54 
 2199      79706500 
 2200              	.LASF128:
 2201 09a0 70657269 		.ascii	"periDivCmdDivSelMsk\000"
 2201      44697643 
 2201      6D644469 
 2201      7653656C 
 2201      4D736B00 
 2202              	.LASF37:
 2203 09b4 4348414E 		.ascii	"CHAN_RESULT_NEWVALUE\000"
 2203      5F524553 
 2203      554C545F 
 2203      4E455756 
 2203      414C5545 
 2204              	.LASF168:
 2205 09c9 43595F53 		.ascii	"CY_SYSPM_SLEEP\000"
 2205      5953504D 
ARM GAS  C:\Users\cmila\AppData\Local\Temp\ccYv5snQ.s 			page 48


 2205      5F534C45 
 2205      455000
 2206              	.LASF137:
 2207 09d8 6770696F 		.ascii	"gpioPrtCfgOffset\000"
 2207      50727443 
 2207      66674F66 
 2207      66736574 
 2207      00
 2208              	.LASF29:
 2209 09e9 52455345 		.ascii	"RESERVED2\000"
 2209      52564544 
 2209      3200
 2210              	.LASF99:
 2211 09f3 73727373 		.ascii	"srssNumHfroot\000"
 2211      4E756D48 
 2211      66726F6F 
 2211      7400
 2212              	.LASF33:
 2213 0a01 52455345 		.ascii	"RESERVED4\000"
 2213      52564544 
 2213      3400
 2214              	.LASF112:
 2215 0a0b 666C6173 		.ascii	"flashEraseDelay\000"
 2215      68457261 
 2215      73654465 
 2215      6C617900 
 2216              	.LASF132:
 2217 0a1b 70657269 		.ascii	"periDiv8CtlOffset\000"
 2217      44697638 
 2217      43746C4F 
 2217      66667365 
 2217      7400
 2218              	.LASF16:
 2219 0a2d 75696E74 		.ascii	"uint32_t\000"
 2219      33325F74 
 2219      00
 2220              	.LASF219:
 2221 0a36 4144435F 		.ascii	"ADC_1_currentConfig\000"
 2221      315F6375 
 2221      7272656E 
 2221      74436F6E 
 2221      66696700 
 2222              	.LASF150:
 2223 0a4a 63707573 		.ascii	"cpussCm4NmiCtlOffset\000"
 2223      73436D34 
 2223      4E6D6943 
 2223      746C4F66 
 2223      66736574 
 2224              	.LASF209:
 2225 0a5f 76726566 		.ascii	"vrefMvValue\000"
 2225      4D765661 
 2225      6C756500 
 2226              	.LASF222:
 2227 0a6b 474E5520 		.ascii	"GNU C11 5.4.1 20160609 (release) [ARM/embedded-5-br"
 2227      43313120 
 2227      352E342E 
 2227      31203230 
ARM GAS  C:\Users\cmila\AppData\Local\Temp\ccYv5snQ.s 			page 49


 2227      31363036 
 2228 0a9e 616E6368 		.ascii	"anch revision 237715] -mcpu=cortex-m0plus -mthumb -"
 2228      20726576 
 2228      6973696F 
 2228      6E203233 
 2228      37373135 
 2229 0ad1 67202D4F 		.ascii	"g -Og -ffunction-sections -ffat-lto-objects\000"
 2229      67202D66 
 2229      66756E63 
 2229      74696F6E 
 2229      2D736563 
 2230              	.LASF70:
 2231 0afd 6C6F6E67 		.ascii	"long double\000"
 2231      20646F75 
 2231      626C6500 
 2232              	.LASF158:
 2233 0b09 63686172 		.ascii	"char\000"
 2233      00
 2234              	.LASF89:
 2235 0b0e 70726F74 		.ascii	"protVersion\000"
 2235      56657273 
 2235      696F6E00 
 2236              	.LASF52:
 2237 0b1a 494E4A5F 		.ascii	"INJ_CHAN_CONFIG\000"
 2237      4348414E 
 2237      5F434F4E 
 2237      46494700 
 2238              	.LASF152:
 2239 0b2a 63707573 		.ascii	"cpussRam0Ctl0\000"
 2239      7352616D 
 2239      3043746C 
 2239      3000
 2240              	.LASF5:
 2241 0b38 5F5F7569 		.ascii	"__uint16_t\000"
 2241      6E743136 
 2241      5F7400
 2242              	.LASF133:
 2243 0b43 70657269 		.ascii	"periDiv16CtlOffset\000"
 2243      44697631 
 2243      3643746C 
 2243      4F666673 
 2243      657400
 2244              	.LASF13:
 2245 0b56 75696E74 		.ascii	"uint8_t\000"
 2245      385F7400 
 2246              	.LASF86:
 2247 0b5e 6873696F 		.ascii	"hsiomVersion\000"
 2247      6D566572 
 2247      73696F6E 
 2247      00
 2248              	.LASF44:
 2249 0b6b 53415455 		.ascii	"SATURATE_INTR_MASK\000"
 2249      52415445 
 2249      5F494E54 
 2249      525F4D41 
 2249      534B00
 2250              	.LASF104:
ARM GAS  C:\Users\cmila\AppData\Local\Temp\ccYv5snQ.s 			page 50


 2251 0b7e 75646250 		.ascii	"udbPresent\000"
 2251      72657365 
 2251      6E7400
 2252              	.LASF38:
 2253 0b89 494E5452 		.ascii	"INTR\000"
 2253      00
 2254              	.LASF195:
 2255 0b8e 6374726C 		.ascii	"ctrl\000"
 2255      00
 2256              	.LASF114:
 2257 0b93 666C6173 		.ascii	"flashCtlMainWs1Freq\000"
 2257      6843746C 
 2257      4D61696E 
 2257      57733146 
 2257      72657100 
 2258              	.LASF56:
 2259 0ba7 53544154 		.ascii	"STATUS\000"
 2259      555300
 2260              	.LASF215:
 2261 0bae 6D697363 		.ascii	"miscConfig\000"
 2261      436F6E66 
 2261      696700
 2262              	.LASF119:
 2263 0bb9 64774368 		.ascii	"dwChSize\000"
 2263      53697A65 
 2263      00
 2264              	.LASF155:
 2265 0bc2 69706353 		.ascii	"ipcStructSize\000"
 2265      74727563 
 2265      7453697A 
 2265      6500
 2266              	.LASF30:
 2267 0bd0 4348414E 		.ascii	"CHAN_WORK\000"
 2267      5F574F52 
 2267      4B00
 2268              	.LASF94:
 2269 0bda 63707573 		.ascii	"cpussIpc0Irq\000"
 2269      73497063 
 2269      30497271 
 2269      00
 2270              	.LASF63:
 2271 0be7 4D55585F 		.ascii	"MUX_SWITCH_SQ_CTRL\000"
 2271      53574954 
 2271      43485F53 
 2271      515F4354 
 2271      524C00
 2272              	.LASF18:
 2273 0bfa 4354524C 		.ascii	"CTRL\000"
 2273      00
 2274              	.LASF166:
 2275 0bff 43595F53 		.ascii	"CY_SYSPM_FAIL\000"
 2275      5953504D 
 2275      5F464149 
 2275      4C00
 2276              	.LASF113:
 2277 0c0d 666C6173 		.ascii	"flashCtlMainWs0Freq\000"
 2277      6843746C 
ARM GAS  C:\Users\cmila\AppData\Local\Temp\ccYv5snQ.s 			page 51


 2277      4D61696E 
 2277      57733046 
 2277      72657100 
 2278              	.LASF189:
 2279 0c21 63795F73 		.ascii	"cy_stc_syspm_callback_t\000"
 2279      74635F73 
 2279      7973706D 
 2279      5F63616C 
 2279      6C626163 
 2280              	.LASF200:
 2281 0c39 72616E67 		.ascii	"rangeCond\000"
 2281      65436F6E 
 2281      6400
 2282              	.LASF96:
 2283 0c43 63707573 		.ascii	"cpussNotConnectedIrq\000"
 2283      734E6F74 
 2283      436F6E6E 
 2283      65637465 
 2283      64497271 
 2284              	.LASF167:
 2285 0c58 63795F65 		.ascii	"cy_en_syspm_status_t\000"
 2285      6E5F7379 
 2285      73706D5F 
 2285      73746174 
 2285      75735F74 
 2286              	.LASF110:
 2287 0c6d 666C6173 		.ascii	"flashWriteDelay\000"
 2287      68577269 
 2287      74654465 
 2287      6C617900 
 2288              	.LASF196:
 2289 0c7d 73616D70 		.ascii	"sampleCtrl\000"
 2289      6C654374 
 2289      726C00
 2290              	.LASF35:
 2291 0c88 4348414E 		.ascii	"CHAN_RESULT_UPDATED\000"
 2291      5F524553 
 2291      554C545F 
 2291      55504441 
 2291      54454400 
 2292              	.LASF217:
 2293 0c9c 4144435F 		.ascii	"ADC_1_CONFIG_STRUCT\000"
 2293      315F434F 
 2293      4E464947 
 2293      5F535452 
 2293      55435400 
 2294              	.LASF109:
 2295 0cb0 666C6173 		.ascii	"flashPipeRequired\000"
 2295      68506970 
 2295      65526571 
 2295      75697265 
 2295      6400
 2296              	.LASF143:
 2297 0cc2 63707573 		.ascii	"cpussCm4StatusOffset\000"
 2297      73436D34 
 2297      53746174 
 2297      75734F66 
ARM GAS  C:\Users\cmila\AppData\Local\Temp\ccYv5snQ.s 			page 52


 2297      66736574 
 2298              	.LASF136:
 2299 0cd7 6770696F 		.ascii	"gpioPrtIntrCfgOffset\000"
 2299      50727449 
 2299      6E747243 
 2299      66674F66 
 2299      66736574 
 2300              	.LASF161:
 2301 0cec 43595F53 		.ascii	"CY_SYSPM_SUCCESS\000"
 2301      5953504D 
 2301      5F535543 
 2301      43455353 
 2301      00
 2302              	.LASF193:
 2303 0cfd 43595F53 		.ascii	"CY_SAR_RANGE_COND_OUTSIDE\000"
 2303      41525F52 
 2303      414E4745 
 2303      5F434F4E 
 2303      445F4F55 
 2304              	.LASF174:
 2305 0d17 43595F53 		.ascii	"CY_SYSPM_CHECK_READY\000"
 2305      5953504D 
 2305      5F434845 
 2305      434B5F52 
 2305      45414459 
 2306              	.LASF221:
 2307 0d2c 4144435F 		.ascii	"ADC_1_DeepSleepCallbackStruct\000"
 2307      315F4465 
 2307      6570536C 
 2307      65657043 
 2307      616C6C62 
 2308              	.LASF147:
 2309 0d4a 63707573 		.ascii	"cpussTrimRomCtlOffset\000"
 2309      73547269 
 2309      6D526F6D 
 2309      43746C4F 
 2309      66667365 
 2310              	.LASF47:
 2311 0d60 52414E47 		.ascii	"RANGE_INTR_SET\000"
 2311      455F494E 
 2311      54525F53 
 2311      455400
 2312              	.LASF97:
 2313 0d6f 73727373 		.ascii	"srssNumClkpath\000"
 2313      4E756D43 
 2313      6C6B7061 
 2313      746800
 2314              	.LASF207:
 2315 0d7e 6D757853 		.ascii	"muxSwitchSqCtrl\000"
 2315      77697463 
 2315      68537143 
 2315      74726C00 
 2316              	.LASF83:
 2317 0d8e 64775665 		.ascii	"dwVersion\000"
 2317      7273696F 
 2317      6E00
 2318              	.LASF79:
ARM GAS  C:\Users\cmila\AppData\Local\Temp\ccYv5snQ.s 			page 53


 2319 0d98 69706342 		.ascii	"ipcBase\000"
 2319      61736500 
 2320              	.LASF49:
 2321 0da0 52414E47 		.ascii	"RANGE_INTR_MASKED\000"
 2321      455F494E 
 2321      54525F4D 
 2321      41534B45 
 2321      4400
 2322              	.LASF130:
 2323 0db2 70657269 		.ascii	"periDivCmdPaDivSelPos\000"
 2323      44697643 
 2323      6D645061 
 2323      44697653 
 2323      656C506F 
 2324              	.LASF45:
 2325 0dc8 53415455 		.ascii	"SATURATE_INTR_MASKED\000"
 2325      52415445 
 2325      5F494E54 
 2325      525F4D41 
 2325      534B4544 
 2326              	.LASF111:
 2327 0ddd 666C6173 		.ascii	"flashProgramDelay\000"
 2327      6850726F 
 2327      6772616D 
 2327      44656C61 
 2327      7900
 2328              	.LASF108:
 2329 0def 666C6173 		.ascii	"flashRwwRequired\000"
 2329      68527777 
 2329      52657175 
 2329      69726564 
 2329      00
 2330              		.ident	"GCC: (GNU Tools for ARM Embedded Processors) 5.4.1 20160609 (release) [ARM/embedded-5-bran
