ARM GAS  C:\Users\cmila\AppData\Local\Temp\ccGCwK9g.s 			page 1


   1              		.syntax unified
   2              		.cpu cortex-m0plus
   3              		.fpu softvfp
   4              		.eabi_attribute 20, 1
   5              		.eabi_attribute 21, 1
   6              		.eabi_attribute 23, 3
   7              		.eabi_attribute 24, 1
   8              		.eabi_attribute 25, 1
   9              		.eabi_attribute 26, 1
  10              		.eabi_attribute 30, 1
  11              		.eabi_attribute 34, 0
  12              		.eabi_attribute 18, 4
  13              		.thumb
  14              		.syntax unified
  15              		.file	"retarget.c"
  16              		.text
  17              	.Ltext0:
  18              		.cfi_sections	.debug_frame
  19              		.syntax divided
  20              		.global _printf_float
  21              		.global _scanf_float
  22              		.thumb
  23              		.syntax unified
  24              		.section	.text._write,"ax",%progbits
  25              		.align	2
  26              		.weak	_write
  27              		.code	16
  28              		.thumb_func
  29              		.type	_write, %function
  30              	_write:
  31              	.LFB156:
  32              		.file 1 "Generated_Source\\PSoC6\\pdl\\utilities\\retarget_io\\retarget.c"
   1:Generated_Source\PSoC6\pdl\utilities\retarget_io/retarget.c **** /***************************************************************************//**
   2:Generated_Source\PSoC6\pdl\utilities\retarget_io/retarget.c **** * \file retarget.c
   3:Generated_Source\PSoC6\pdl\utilities\retarget_io/retarget.c **** * \version 1.20
   4:Generated_Source\PSoC6\pdl\utilities\retarget_io/retarget.c **** *
   5:Generated_Source\PSoC6\pdl\utilities\retarget_io/retarget.c **** * \brief
   6:Generated_Source\PSoC6\pdl\utilities\retarget_io/retarget.c **** * 'Retarget' layer for target-dependent low level function.
   7:Generated_Source\PSoC6\pdl\utilities\retarget_io/retarget.c **** *
   8:Generated_Source\PSoC6\pdl\utilities\retarget_io/retarget.c **** ********************************************************************************
   9:Generated_Source\PSoC6\pdl\utilities\retarget_io/retarget.c **** * \copyright
  10:Generated_Source\PSoC6\pdl\utilities\retarget_io/retarget.c **** * Copyright 2016-2018, Cypress Semiconductor Corporation. All rights reserved.
  11:Generated_Source\PSoC6\pdl\utilities\retarget_io/retarget.c **** * You may use this file only in accordance with the license, terms, conditions,
  12:Generated_Source\PSoC6\pdl\utilities\retarget_io/retarget.c **** * disclaimers, and limitations in the end user license agreement accompanying
  13:Generated_Source\PSoC6\pdl\utilities\retarget_io/retarget.c **** * the software package with which this file was provided.
  14:Generated_Source\PSoC6\pdl\utilities\retarget_io/retarget.c **** *******************************************************************************/
  15:Generated_Source\PSoC6\pdl\utilities\retarget_io/retarget.c **** 
  16:Generated_Source\PSoC6\pdl\utilities\retarget_io/retarget.c **** #include <stdio.h>
  17:Generated_Source\PSoC6\pdl\utilities\retarget_io/retarget.c **** #include "stdio_user.h"
  18:Generated_Source\PSoC6\pdl\utilities\retarget_io/retarget.c **** 
  19:Generated_Source\PSoC6\pdl\utilities\retarget_io/retarget.c **** #if defined(__cplusplus)
  20:Generated_Source\PSoC6\pdl\utilities\retarget_io/retarget.c **** extern "C" {
  21:Generated_Source\PSoC6\pdl\utilities\retarget_io/retarget.c **** #endif
  22:Generated_Source\PSoC6\pdl\utilities\retarget_io/retarget.c **** 
  23:Generated_Source\PSoC6\pdl\utilities\retarget_io/retarget.c **** #ifdef IO_STDOUT_ENABLE
  24:Generated_Source\PSoC6\pdl\utilities\retarget_io/retarget.c **** 
  25:Generated_Source\PSoC6\pdl\utilities\retarget_io/retarget.c **** #if defined(__ARMCC_VERSION) /* ARM-MDK */
ARM GAS  C:\Users\cmila\AppData\Local\Temp\ccGCwK9g.s 			page 2


  26:Generated_Source\PSoC6\pdl\utilities\retarget_io/retarget.c ****     /***************************************************************************
  27:Generated_Source\PSoC6\pdl\utilities\retarget_io/retarget.c ****     * Function Name: fputc
  28:Generated_Source\PSoC6\pdl\utilities\retarget_io/retarget.c ****     ***************************************************************************/
  29:Generated_Source\PSoC6\pdl\utilities\retarget_io/retarget.c ****     __attribute__((weak)) int fputc(int ch, FILE *f)
  30:Generated_Source\PSoC6\pdl\utilities\retarget_io/retarget.c ****     {
  31:Generated_Source\PSoC6\pdl\utilities\retarget_io/retarget.c ****         (void)f;
  32:Generated_Source\PSoC6\pdl\utilities\retarget_io/retarget.c ****     #if (STDOUT_CR_LF != 0)
  33:Generated_Source\PSoC6\pdl\utilities\retarget_io/retarget.c ****         if ((char)ch == '\n')
  34:Generated_Source\PSoC6\pdl\utilities\retarget_io/retarget.c ****         {
  35:Generated_Source\PSoC6\pdl\utilities\retarget_io/retarget.c ****             STDIO_PutChar('\r');
  36:Generated_Source\PSoC6\pdl\utilities\retarget_io/retarget.c ****         }
  37:Generated_Source\PSoC6\pdl\utilities\retarget_io/retarget.c ****     #endif /* STDOUT_CR_LF != 0 */
  38:Generated_Source\PSoC6\pdl\utilities\retarget_io/retarget.c ****         STDIO_PutChar(ch);
  39:Generated_Source\PSoC6\pdl\utilities\retarget_io/retarget.c ****         return (ch);
  40:Generated_Source\PSoC6\pdl\utilities\retarget_io/retarget.c ****     }
  41:Generated_Source\PSoC6\pdl\utilities\retarget_io/retarget.c **** #elif defined (__ICCARM__) /* IAR */
  42:Generated_Source\PSoC6\pdl\utilities\retarget_io/retarget.c ****     #include <yfuns.h>
  43:Generated_Source\PSoC6\pdl\utilities\retarget_io/retarget.c **** 
  44:Generated_Source\PSoC6\pdl\utilities\retarget_io/retarget.c ****     /***************************************************************************
  45:Generated_Source\PSoC6\pdl\utilities\retarget_io/retarget.c ****     * Function Name: __write
  46:Generated_Source\PSoC6\pdl\utilities\retarget_io/retarget.c ****     ***************************************************************************/
  47:Generated_Source\PSoC6\pdl\utilities\retarget_io/retarget.c ****     __weak size_t __write(int handle, const unsigned char * buffer, size_t size)
  48:Generated_Source\PSoC6\pdl\utilities\retarget_io/retarget.c ****     {
  49:Generated_Source\PSoC6\pdl\utilities\retarget_io/retarget.c ****         size_t nChars = 0;
  50:Generated_Source\PSoC6\pdl\utilities\retarget_io/retarget.c ****         /* This template only writes to "standard out", for all other file
  51:Generated_Source\PSoC6\pdl\utilities\retarget_io/retarget.c ****         * handles it returns failure. */
  52:Generated_Source\PSoC6\pdl\utilities\retarget_io/retarget.c ****         if (handle != _LLIO_STDOUT)
  53:Generated_Source\PSoC6\pdl\utilities\retarget_io/retarget.c ****         {
  54:Generated_Source\PSoC6\pdl\utilities\retarget_io/retarget.c ****             return (_LLIO_ERROR);
  55:Generated_Source\PSoC6\pdl\utilities\retarget_io/retarget.c ****         }
  56:Generated_Source\PSoC6\pdl\utilities\retarget_io/retarget.c ****         if (buffer != NULL)
  57:Generated_Source\PSoC6\pdl\utilities\retarget_io/retarget.c ****         {
  58:Generated_Source\PSoC6\pdl\utilities\retarget_io/retarget.c ****             for (/* Empty */; nChars < size; ++nChars)
  59:Generated_Source\PSoC6\pdl\utilities\retarget_io/retarget.c ****             {
  60:Generated_Source\PSoC6\pdl\utilities\retarget_io/retarget.c ****             #if (STDOUT_CR_LF != 0)
  61:Generated_Source\PSoC6\pdl\utilities\retarget_io/retarget.c ****                 if(*buffer == '\n')
  62:Generated_Source\PSoC6\pdl\utilities\retarget_io/retarget.c ****                 {
  63:Generated_Source\PSoC6\pdl\utilities\retarget_io/retarget.c ****                     STDIO_PutChar('\r');
  64:Generated_Source\PSoC6\pdl\utilities\retarget_io/retarget.c ****                 }
  65:Generated_Source\PSoC6\pdl\utilities\retarget_io/retarget.c ****             #endif /* STDOUT_CR_LF != 0 */
  66:Generated_Source\PSoC6\pdl\utilities\retarget_io/retarget.c ****                 STDIO_PutChar(*buffer);
  67:Generated_Source\PSoC6\pdl\utilities\retarget_io/retarget.c ****                 ++buffer;
  68:Generated_Source\PSoC6\pdl\utilities\retarget_io/retarget.c ****             }
  69:Generated_Source\PSoC6\pdl\utilities\retarget_io/retarget.c ****         }
  70:Generated_Source\PSoC6\pdl\utilities\retarget_io/retarget.c ****         return (nChars);
  71:Generated_Source\PSoC6\pdl\utilities\retarget_io/retarget.c ****     }
  72:Generated_Source\PSoC6\pdl\utilities\retarget_io/retarget.c **** #else /* (__GNUC__)  GCC */    
  73:Generated_Source\PSoC6\pdl\utilities\retarget_io/retarget.c ****     /* Add an explicit reference to the floating point printf library to allow
  74:Generated_Source\PSoC6\pdl\utilities\retarget_io/retarget.c ****     the usage of floating point conversion specifier. */
  75:Generated_Source\PSoC6\pdl\utilities\retarget_io/retarget.c ****     __asm (".global _printf_float");
  76:Generated_Source\PSoC6\pdl\utilities\retarget_io/retarget.c ****     /***************************************************************************
  77:Generated_Source\PSoC6\pdl\utilities\retarget_io/retarget.c ****     * Function Name: _write
  78:Generated_Source\PSoC6\pdl\utilities\retarget_io/retarget.c ****     ***************************************************************************/
  79:Generated_Source\PSoC6\pdl\utilities\retarget_io/retarget.c ****     __attribute__((weak)) int _write (int fd, const char *ptr, int len)
  80:Generated_Source\PSoC6\pdl\utilities\retarget_io/retarget.c ****     {
  33              		.loc 1 80 0
  34              		.cfi_startproc
ARM GAS  C:\Users\cmila\AppData\Local\Temp\ccGCwK9g.s 			page 3


  35              		@ args = 0, pretend = 0, frame = 0
  36              		@ frame_needed = 0, uses_anonymous_args = 0
  37              	.LVL0:
  38 0000 70B5     		push	{r4, r5, r6, lr}
  39              		.cfi_def_cfa_offset 16
  40              		.cfi_offset 4, -16
  41              		.cfi_offset 5, -12
  42              		.cfi_offset 6, -8
  43              		.cfi_offset 14, -4
  44 0002 0D00     		movs	r5, r1
  45 0004 1600     		movs	r6, r2
  46              	.LVL1:
  81:Generated_Source\PSoC6\pdl\utilities\retarget_io/retarget.c ****         int nChars = 0;
  82:Generated_Source\PSoC6\pdl\utilities\retarget_io/retarget.c ****         (void)fd;
  83:Generated_Source\PSoC6\pdl\utilities\retarget_io/retarget.c ****         if (ptr != NULL)
  47              		.loc 1 83 0
  48 0006 0029     		cmp	r1, #0
  49 0008 07D1     		bne	.L5
  81:Generated_Source\PSoC6\pdl\utilities\retarget_io/retarget.c ****         int nChars = 0;
  50              		.loc 1 81 0
  51 000a 0024     		movs	r4, #0
  52 000c 08E0     		b	.L3
  53              	.LVL2:
  54              	.L4:
  84:Generated_Source\PSoC6\pdl\utilities\retarget_io/retarget.c ****         {
  85:Generated_Source\PSoC6\pdl\utilities\retarget_io/retarget.c ****             for (/* Empty */; nChars < len; ++nChars)
  86:Generated_Source\PSoC6\pdl\utilities\retarget_io/retarget.c ****             {
  87:Generated_Source\PSoC6\pdl\utilities\retarget_io/retarget.c ****             #if (STDOUT_CR_LF != 0)
  88:Generated_Source\PSoC6\pdl\utilities\retarget_io/retarget.c ****                 if(*ptr == '\n')
  89:Generated_Source\PSoC6\pdl\utilities\retarget_io/retarget.c ****                 {
  90:Generated_Source\PSoC6\pdl\utilities\retarget_io/retarget.c ****                     STDIO_PutChar('\r');
  91:Generated_Source\PSoC6\pdl\utilities\retarget_io/retarget.c ****                 }
  92:Generated_Source\PSoC6\pdl\utilities\retarget_io/retarget.c ****             #endif /* STDOUT_CR_LF != 0 */
  93:Generated_Source\PSoC6\pdl\utilities\retarget_io/retarget.c ****                 STDIO_PutChar((uint32_t)*ptr);
  55              		.loc 1 93 0 discriminator 2
  56 000e 2878     		ldrb	r0, [r5]
  57 0010 FFF7FEFF 		bl	STDIO_PutChar
  58              	.LVL3:
  94:Generated_Source\PSoC6\pdl\utilities\retarget_io/retarget.c ****                 ++ptr;
  59              		.loc 1 94 0 discriminator 2
  60 0014 0135     		adds	r5, r5, #1
  61              	.LVL4:
  85:Generated_Source\PSoC6\pdl\utilities\retarget_io/retarget.c ****             {
  62              		.loc 1 85 0 discriminator 2
  63 0016 0134     		adds	r4, r4, #1
  64              	.LVL5:
  65 0018 00E0     		b	.L2
  66              	.LVL6:
  67              	.L5:
  68 001a 0024     		movs	r4, #0
  69              	.LVL7:
  70              	.L2:
  85:Generated_Source\PSoC6\pdl\utilities\retarget_io/retarget.c ****             {
  71              		.loc 1 85 0 is_stmt 0 discriminator 1
  72 001c B442     		cmp	r4, r6
  73 001e F6DB     		blt	.L4
  74              	.LVL8:
ARM GAS  C:\Users\cmila\AppData\Local\Temp\ccGCwK9g.s 			page 4


  75              	.L3:
  95:Generated_Source\PSoC6\pdl\utilities\retarget_io/retarget.c ****             }
  96:Generated_Source\PSoC6\pdl\utilities\retarget_io/retarget.c ****         }
  97:Generated_Source\PSoC6\pdl\utilities\retarget_io/retarget.c ****         return (nChars);
  98:Generated_Source\PSoC6\pdl\utilities\retarget_io/retarget.c ****     }
  76              		.loc 1 98 0 is_stmt 1
  77 0020 2000     		movs	r0, r4
  78              		@ sp needed
  79              	.LVL9:
  80              	.LVL10:
  81              	.LVL11:
  82 0022 70BD     		pop	{r4, r5, r6, pc}
  83              		.cfi_endproc
  84              	.LFE156:
  85              		.size	_write, .-_write
  86              		.section	.text._read,"ax",%progbits
  87              		.align	2
  88              		.weak	_read
  89              		.code	16
  90              		.thumb_func
  91              		.type	_read, %function
  92              	_read:
  93              	.LFB157:
  99:Generated_Source\PSoC6\pdl\utilities\retarget_io/retarget.c **** #endif
 100:Generated_Source\PSoC6\pdl\utilities\retarget_io/retarget.c **** 
 101:Generated_Source\PSoC6\pdl\utilities\retarget_io/retarget.c **** #endif /* IO_STDOUT_ENABLE */
 102:Generated_Source\PSoC6\pdl\utilities\retarget_io/retarget.c **** 
 103:Generated_Source\PSoC6\pdl\utilities\retarget_io/retarget.c **** #if defined(IO_STDIN_ENABLE)
 104:Generated_Source\PSoC6\pdl\utilities\retarget_io/retarget.c **** 
 105:Generated_Source\PSoC6\pdl\utilities\retarget_io/retarget.c **** #if defined(__ARMCC_VERSION) /* ARM-MDK */
 106:Generated_Source\PSoC6\pdl\utilities\retarget_io/retarget.c ****     /***************************************************************************
 107:Generated_Source\PSoC6\pdl\utilities\retarget_io/retarget.c ****     * Function Name: fgetc
 108:Generated_Source\PSoC6\pdl\utilities\retarget_io/retarget.c ****     ***************************************************************************/
 109:Generated_Source\PSoC6\pdl\utilities\retarget_io/retarget.c ****     __attribute__((weak)) int fgetc(FILE *f) 
 110:Generated_Source\PSoC6\pdl\utilities\retarget_io/retarget.c ****     {
 111:Generated_Source\PSoC6\pdl\utilities\retarget_io/retarget.c ****         (void)f;
 112:Generated_Source\PSoC6\pdl\utilities\retarget_io/retarget.c ****         return (STDIO_GetChar());
 113:Generated_Source\PSoC6\pdl\utilities\retarget_io/retarget.c ****     }
 114:Generated_Source\PSoC6\pdl\utilities\retarget_io/retarget.c **** #elif defined (__ICCARM__) /* IAR */
 115:Generated_Source\PSoC6\pdl\utilities\retarget_io/retarget.c ****     __weak size_t __read(int handle, unsigned char * buffer, size_t size)
 116:Generated_Source\PSoC6\pdl\utilities\retarget_io/retarget.c ****     {
 117:Generated_Source\PSoC6\pdl\utilities\retarget_io/retarget.c ****         /* This template only reads from "standard in", for all other file
 118:Generated_Source\PSoC6\pdl\utilities\retarget_io/retarget.c ****         handles it returns failure. */
 119:Generated_Source\PSoC6\pdl\utilities\retarget_io/retarget.c ****         if ((handle != _LLIO_STDIN) || (buffer == NULL))
 120:Generated_Source\PSoC6\pdl\utilities\retarget_io/retarget.c ****         {
 121:Generated_Source\PSoC6\pdl\utilities\retarget_io/retarget.c ****             return (_LLIO_ERROR);
 122:Generated_Source\PSoC6\pdl\utilities\retarget_io/retarget.c ****         }
 123:Generated_Source\PSoC6\pdl\utilities\retarget_io/retarget.c ****         else
 124:Generated_Source\PSoC6\pdl\utilities\retarget_io/retarget.c ****         {
 125:Generated_Source\PSoC6\pdl\utilities\retarget_io/retarget.c ****             *buffer = STDIO_GetChar();
 126:Generated_Source\PSoC6\pdl\utilities\retarget_io/retarget.c ****             return (1);
 127:Generated_Source\PSoC6\pdl\utilities\retarget_io/retarget.c ****         }
 128:Generated_Source\PSoC6\pdl\utilities\retarget_io/retarget.c ****     }
 129:Generated_Source\PSoC6\pdl\utilities\retarget_io/retarget.c **** #else /* (__GNUC__)  GCC */
 130:Generated_Source\PSoC6\pdl\utilities\retarget_io/retarget.c ****     /* Add an explicit reference to the floating point scanf library to allow
 131:Generated_Source\PSoC6\pdl\utilities\retarget_io/retarget.c ****     the usage of floating point conversion specifier. */
 132:Generated_Source\PSoC6\pdl\utilities\retarget_io/retarget.c ****     __asm (".global _scanf_float");
ARM GAS  C:\Users\cmila\AppData\Local\Temp\ccGCwK9g.s 			page 5


 133:Generated_Source\PSoC6\pdl\utilities\retarget_io/retarget.c ****     __attribute__((weak)) int _read (int fd, char *ptr, int len)
 134:Generated_Source\PSoC6\pdl\utilities\retarget_io/retarget.c ****     {
  94              		.loc 1 134 0
  95              		.cfi_startproc
  96              		@ args = 0, pretend = 0, frame = 0
  97              		@ frame_needed = 0, uses_anonymous_args = 0
  98              	.LVL12:
  99 0000 70B5     		push	{r4, r5, r6, lr}
 100              		.cfi_def_cfa_offset 16
 101              		.cfi_offset 4, -16
 102              		.cfi_offset 5, -12
 103              		.cfi_offset 6, -8
 104              		.cfi_offset 14, -4
 105 0002 0D00     		movs	r5, r1
 106 0004 1600     		movs	r6, r2
 107              	.LVL13:
 135:Generated_Source\PSoC6\pdl\utilities\retarget_io/retarget.c ****         int nChars = 0;
 136:Generated_Source\PSoC6\pdl\utilities\retarget_io/retarget.c ****         (void)fd;
 137:Generated_Source\PSoC6\pdl\utilities\retarget_io/retarget.c ****         if (ptr != NULL)
 108              		.loc 1 137 0
 109 0006 0029     		cmp	r1, #0
 110 0008 0CD1     		bne	.L10
 135:Generated_Source\PSoC6\pdl\utilities\retarget_io/retarget.c ****         int nChars = 0;
 111              		.loc 1 135 0
 112 000a 0024     		movs	r4, #0
 113 000c 0DE0     		b	.L8
 114              	.LVL14:
 115              	.L9:
 138:Generated_Source\PSoC6\pdl\utilities\retarget_io/retarget.c ****         {
 139:Generated_Source\PSoC6\pdl\utilities\retarget_io/retarget.c ****             for(/* Empty */;nChars < len;++ptr)
 140:Generated_Source\PSoC6\pdl\utilities\retarget_io/retarget.c ****             {
 141:Generated_Source\PSoC6\pdl\utilities\retarget_io/retarget.c ****                 *ptr = (char)STDIO_GetChar();
 116              		.loc 1 141 0
 117 000e FFF7FEFF 		bl	STDIO_GetChar
 118              	.LVL15:
 119 0012 C0B2     		uxtb	r0, r0
 120 0014 2870     		strb	r0, [r5]
 142:Generated_Source\PSoC6\pdl\utilities\retarget_io/retarget.c ****                 ++nChars;
 121              		.loc 1 142 0
 122 0016 0134     		adds	r4, r4, #1
 123              	.LVL16:
 143:Generated_Source\PSoC6\pdl\utilities\retarget_io/retarget.c ****                 if((*ptr == '\n') || (*ptr == '\r'))
 124              		.loc 1 143 0
 125 0018 0A28     		cmp	r0, #10
 126 001a 06D0     		beq	.L8
 127              		.loc 1 143 0 is_stmt 0 discriminator 1
 128 001c 0D28     		cmp	r0, #13
 129 001e 04D0     		beq	.L8
 139:Generated_Source\PSoC6\pdl\utilities\retarget_io/retarget.c ****             {
 130              		.loc 1 139 0 is_stmt 1
 131 0020 0135     		adds	r5, r5, #1
 132              	.LVL17:
 133 0022 00E0     		b	.L7
 134              	.LVL18:
 135              	.L10:
 136 0024 0024     		movs	r4, #0
 137              	.LVL19:
ARM GAS  C:\Users\cmila\AppData\Local\Temp\ccGCwK9g.s 			page 6


 138              	.L7:
 139:Generated_Source\PSoC6\pdl\utilities\retarget_io/retarget.c ****             {
 139              		.loc 1 139 0 is_stmt 0 discriminator 1
 140 0026 B442     		cmp	r4, r6
 141 0028 F1DB     		blt	.L9
 142              	.LVL20:
 143              	.L8:
 144:Generated_Source\PSoC6\pdl\utilities\retarget_io/retarget.c ****                 {
 145:Generated_Source\PSoC6\pdl\utilities\retarget_io/retarget.c ****                     break;
 146:Generated_Source\PSoC6\pdl\utilities\retarget_io/retarget.c ****                 }
 147:Generated_Source\PSoC6\pdl\utilities\retarget_io/retarget.c ****             }
 148:Generated_Source\PSoC6\pdl\utilities\retarget_io/retarget.c ****         }
 149:Generated_Source\PSoC6\pdl\utilities\retarget_io/retarget.c ****         return (nChars);
 150:Generated_Source\PSoC6\pdl\utilities\retarget_io/retarget.c ****     }
 144              		.loc 1 150 0 is_stmt 1
 145 002a 2000     		movs	r0, r4
 146              		@ sp needed
 147              	.LVL21:
 148              	.LVL22:
 149              	.LVL23:
 150 002c 70BD     		pop	{r4, r5, r6, pc}
 151              		.cfi_endproc
 152              	.LFE157:
 153              		.size	_read, .-_read
 154 002e C046     		.text
 155              	.Letext0:
 156              		.file 2 "c:\\program files (x86)\\cypress\\psoc creator\\4.4\\psoc creator\\import\\gnu\\arm\\5.4.
 157              		.file 3 "c:\\program files (x86)\\cypress\\psoc creator\\4.4\\psoc creator\\import\\gnu\\arm\\5.4.
 158              		.file 4 "Generated_Source\\PSoC6\\pdl\\drivers/peripheral/device/cy_device.h"
 159              		.file 5 "./stdio_user.h"
 160              		.section	.debug_info,"",%progbits
 161              	.Ldebug_info0:
 162 0000 FF050000 		.4byte	0x5ff
 163 0004 0400     		.2byte	0x4
 164 0006 00000000 		.4byte	.Ldebug_abbrev0
 165 000a 04       		.byte	0x4
 166 000b 01       		.uleb128 0x1
 167 000c F1000000 		.4byte	.LASF115
 168 0010 0C       		.byte	0xc
 169 0011 51070000 		.4byte	.LASF116
 170 0015 E9050000 		.4byte	.LASF117
 171 0019 00000000 		.4byte	.Ldebug_ranges0+0
 172 001d 00000000 		.4byte	0
 173 0021 00000000 		.4byte	.Ldebug_line0
 174 0025 02       		.uleb128 0x2
 175 0026 01       		.byte	0x1
 176 0027 06       		.byte	0x6
 177 0028 AE030000 		.4byte	.LASF0
 178 002c 03       		.uleb128 0x3
 179 002d E9020000 		.4byte	.LASF2
 180 0031 02       		.byte	0x2
 181 0032 1D       		.byte	0x1d
 182 0033 37000000 		.4byte	0x37
 183 0037 02       		.uleb128 0x2
 184 0038 01       		.byte	0x1
 185 0039 08       		.byte	0x8
 186 003a 91030000 		.4byte	.LASF1
ARM GAS  C:\Users\cmila\AppData\Local\Temp\ccGCwK9g.s 			page 7


 187 003e 03       		.uleb128 0x3
 188 003f 65060000 		.4byte	.LASF3
 189 0043 02       		.byte	0x2
 190 0044 29       		.byte	0x29
 191 0045 49000000 		.4byte	0x49
 192 0049 02       		.uleb128 0x2
 193 004a 02       		.byte	0x2
 194 004b 05       		.byte	0x5
 195 004c 97000000 		.4byte	.LASF4
 196 0050 03       		.uleb128 0x3
 197 0051 CC010000 		.4byte	.LASF5
 198 0055 02       		.byte	0x2
 199 0056 2B       		.byte	0x2b
 200 0057 5B000000 		.4byte	0x5b
 201 005b 02       		.uleb128 0x2
 202 005c 02       		.byte	0x2
 203 005d 07       		.byte	0x7
 204 005e 65040000 		.4byte	.LASF6
 205 0062 02       		.uleb128 0x2
 206 0063 04       		.byte	0x4
 207 0064 05       		.byte	0x5
 208 0065 A7020000 		.4byte	.LASF7
 209 0069 03       		.uleb128 0x3
 210 006a 8F010000 		.4byte	.LASF8
 211 006e 02       		.byte	0x2
 212 006f 41       		.byte	0x41
 213 0070 74000000 		.4byte	0x74
 214 0074 02       		.uleb128 0x2
 215 0075 04       		.byte	0x4
 216 0076 07       		.byte	0x7
 217 0077 60050000 		.4byte	.LASF9
 218 007b 02       		.uleb128 0x2
 219 007c 08       		.byte	0x8
 220 007d 05       		.byte	0x5
 221 007e 61020000 		.4byte	.LASF10
 222 0082 02       		.uleb128 0x2
 223 0083 08       		.byte	0x8
 224 0084 07       		.byte	0x7
 225 0085 BA030000 		.4byte	.LASF11
 226 0089 04       		.uleb128 0x4
 227 008a 04       		.byte	0x4
 228 008b 05       		.byte	0x5
 229 008c 696E7400 		.ascii	"int\000"
 230 0090 02       		.uleb128 0x2
 231 0091 04       		.byte	0x4
 232 0092 07       		.byte	0x7
 233 0093 F8030000 		.4byte	.LASF12
 234 0097 02       		.uleb128 0x2
 235 0098 08       		.byte	0x8
 236 0099 04       		.byte	0x4
 237 009a 6E030000 		.4byte	.LASF13
 238 009e 02       		.uleb128 0x2
 239 009f 04       		.byte	0x4
 240 00a0 07       		.byte	0x7
 241 00a1 BF000000 		.4byte	.LASF14
 242 00a5 05       		.uleb128 0x5
 243 00a6 04       		.byte	0x4
ARM GAS  C:\Users\cmila\AppData\Local\Temp\ccGCwK9g.s 			page 8


 244 00a7 AB000000 		.4byte	0xab
 245 00ab 02       		.uleb128 0x2
 246 00ac 01       		.byte	0x1
 247 00ad 08       		.byte	0x8
 248 00ae 78040000 		.4byte	.LASF15
 249 00b2 05       		.uleb128 0x5
 250 00b3 04       		.byte	0x4
 251 00b4 B8000000 		.4byte	0xb8
 252 00b8 06       		.uleb128 0x6
 253 00b9 AB000000 		.4byte	0xab
 254 00bd 03       		.uleb128 0x3
 255 00be E8010000 		.4byte	.LASF16
 256 00c2 03       		.byte	0x3
 257 00c3 18       		.byte	0x18
 258 00c4 2C000000 		.4byte	0x2c
 259 00c8 03       		.uleb128 0x3
 260 00c9 E0040000 		.4byte	.LASF17
 261 00cd 03       		.byte	0x3
 262 00ce 20       		.byte	0x20
 263 00cf 3E000000 		.4byte	0x3e
 264 00d3 03       		.uleb128 0x3
 265 00d4 7D040000 		.4byte	.LASF18
 266 00d8 03       		.byte	0x3
 267 00d9 24       		.byte	0x24
 268 00da 50000000 		.4byte	0x50
 269 00de 03       		.uleb128 0x3
 270 00df DA030000 		.4byte	.LASF19
 271 00e3 03       		.byte	0x3
 272 00e4 30       		.byte	0x30
 273 00e5 69000000 		.4byte	0x69
 274 00e9 07       		.uleb128 0x7
 275 00ea B8       		.byte	0xb8
 276 00eb 04       		.byte	0x4
 277 00ec 34       		.byte	0x34
 278 00ed FA040000 		.4byte	0x4fa
 279 00f1 08       		.uleb128 0x8
 280 00f2 AE010000 		.4byte	.LASF20
 281 00f6 04       		.byte	0x4
 282 00f7 37       		.byte	0x37
 283 00f8 DE000000 		.4byte	0xde
 284 00fc 00       		.byte	0
 285 00fd 08       		.uleb128 0x8
 286 00fe BE020000 		.4byte	.LASF21
 287 0102 04       		.byte	0x4
 288 0103 38       		.byte	0x38
 289 0104 DE000000 		.4byte	0xde
 290 0108 04       		.byte	0x4
 291 0109 08       		.uleb128 0x8
 292 010a 9F030000 		.4byte	.LASF22
 293 010e 04       		.byte	0x4
 294 010f 39       		.byte	0x39
 295 0110 DE000000 		.4byte	0xde
 296 0114 08       		.byte	0x8
 297 0115 08       		.uleb128 0x8
 298 0116 C1040000 		.4byte	.LASF23
 299 011a 04       		.byte	0x4
 300 011b 3A       		.byte	0x3a
ARM GAS  C:\Users\cmila\AppData\Local\Temp\ccGCwK9g.s 			page 9


 301 011c DE000000 		.4byte	0xde
 302 0120 0C       		.byte	0xc
 303 0121 08       		.uleb128 0x8
 304 0122 06070000 		.4byte	.LASF24
 305 0126 04       		.byte	0x4
 306 0127 3B       		.byte	0x3b
 307 0128 DE000000 		.4byte	0xde
 308 012c 10       		.byte	0x10
 309 012d 08       		.uleb128 0x8
 310 012e 3D020000 		.4byte	.LASF25
 311 0132 04       		.byte	0x4
 312 0133 3C       		.byte	0x3c
 313 0134 DE000000 		.4byte	0xde
 314 0138 14       		.byte	0x14
 315 0139 08       		.uleb128 0x8
 316 013a D1030000 		.4byte	.LASF26
 317 013e 04       		.byte	0x4
 318 013f 3D       		.byte	0x3d
 319 0140 DE000000 		.4byte	0xde
 320 0144 18       		.byte	0x18
 321 0145 08       		.uleb128 0x8
 322 0146 88030000 		.4byte	.LASF27
 323 014a 04       		.byte	0x4
 324 014b 3E       		.byte	0x3e
 325 014c DE000000 		.4byte	0xde
 326 0150 1C       		.byte	0x1c
 327 0151 08       		.uleb128 0x8
 328 0152 FE060000 		.4byte	.LASF28
 329 0156 04       		.byte	0x4
 330 0157 3F       		.byte	0x3f
 331 0158 DE000000 		.4byte	0xde
 332 015c 20       		.byte	0x20
 333 015d 08       		.uleb128 0x8
 334 015e 75000000 		.4byte	.LASF29
 335 0162 04       		.byte	0x4
 336 0163 40       		.byte	0x40
 337 0164 DE000000 		.4byte	0xde
 338 0168 24       		.byte	0x24
 339 0169 08       		.uleb128 0x8
 340 016a B8010000 		.4byte	.LASF30
 341 016e 04       		.byte	0x4
 342 016f 43       		.byte	0x43
 343 0170 BD000000 		.4byte	0xbd
 344 0174 28       		.byte	0x28
 345 0175 08       		.uleb128 0x8
 346 0176 1D050000 		.4byte	.LASF31
 347 017a 04       		.byte	0x4
 348 017b 44       		.byte	0x44
 349 017c BD000000 		.4byte	0xbd
 350 0180 29       		.byte	0x29
 351 0181 08       		.uleb128 0x8
 352 0182 87050000 		.4byte	.LASF32
 353 0186 04       		.byte	0x4
 354 0187 45       		.byte	0x45
 355 0188 BD000000 		.4byte	0xbd
 356 018c 2A       		.byte	0x2a
 357 018d 08       		.uleb128 0x8
ARM GAS  C:\Users\cmila\AppData\Local\Temp\ccGCwK9g.s 			page 10


 358 018e 9C050000 		.4byte	.LASF33
 359 0192 04       		.byte	0x4
 360 0193 46       		.byte	0x46
 361 0194 BD000000 		.4byte	0xbd
 362 0198 2B       		.byte	0x2b
 363 0199 08       		.uleb128 0x8
 364 019a 2B050000 		.4byte	.LASF34
 365 019e 04       		.byte	0x4
 366 019f 47       		.byte	0x47
 367 01a0 BD000000 		.4byte	0xbd
 368 01a4 2C       		.byte	0x2c
 369 01a5 08       		.uleb128 0x8
 370 01a6 49000000 		.4byte	.LASF35
 371 01aa 04       		.byte	0x4
 372 01ab 48       		.byte	0x48
 373 01ac BD000000 		.4byte	0xbd
 374 01b0 2D       		.byte	0x2d
 375 01b1 08       		.uleb128 0x8
 376 01b2 C8000000 		.4byte	.LASF36
 377 01b6 04       		.byte	0x4
 378 01b7 49       		.byte	0x49
 379 01b8 BD000000 		.4byte	0xbd
 380 01bc 2E       		.byte	0x2e
 381 01bd 08       		.uleb128 0x8
 382 01be F0010000 		.4byte	.LASF37
 383 01c2 04       		.byte	0x4
 384 01c3 4A       		.byte	0x4a
 385 01c4 BD000000 		.4byte	0xbd
 386 01c8 2F       		.byte	0x2f
 387 01c9 08       		.uleb128 0x8
 388 01ca 83010000 		.4byte	.LASF38
 389 01ce 04       		.byte	0x4
 390 01cf 4B       		.byte	0x4b
 391 01d0 BD000000 		.4byte	0xbd
 392 01d4 30       		.byte	0x30
 393 01d5 08       		.uleb128 0x8
 394 01d6 91050000 		.4byte	.LASF39
 395 01da 04       		.byte	0x4
 396 01db 4E       		.byte	0x4e
 397 01dc BD000000 		.4byte	0xbd
 398 01e0 31       		.byte	0x31
 399 01e1 08       		.uleb128 0x8
 400 01e2 F3020000 		.4byte	.LASF40
 401 01e6 04       		.byte	0x4
 402 01e7 4F       		.byte	0x4f
 403 01e8 BD000000 		.4byte	0xbd
 404 01ec 32       		.byte	0x32
 405 01ed 08       		.uleb128 0x8
 406 01ee 69000000 		.4byte	.LASF41
 407 01f2 04       		.byte	0x4
 408 01f3 50       		.byte	0x50
 409 01f4 BD000000 		.4byte	0xbd
 410 01f8 33       		.byte	0x33
 411 01f9 08       		.uleb128 0x8
 412 01fa 00000000 		.4byte	.LASF42
 413 01fe 04       		.byte	0x4
 414 01ff 51       		.byte	0x51
ARM GAS  C:\Users\cmila\AppData\Local\Temp\ccGCwK9g.s 			page 11


 415 0200 BD000000 		.4byte	0xbd
 416 0204 34       		.byte	0x34
 417 0205 08       		.uleb128 0x8
 418 0206 14020000 		.4byte	.LASF43
 419 020a 04       		.byte	0x4
 420 020b 52       		.byte	0x52
 421 020c C8000000 		.4byte	0xc8
 422 0210 36       		.byte	0x36
 423 0211 08       		.uleb128 0x8
 424 0212 C8050000 		.4byte	.LASF44
 425 0216 04       		.byte	0x4
 426 0217 53       		.byte	0x53
 427 0218 C8000000 		.4byte	0xc8
 428 021c 38       		.byte	0x38
 429 021d 08       		.uleb128 0x8
 430 021e 2B040000 		.4byte	.LASF45
 431 0222 04       		.byte	0x4
 432 0223 54       		.byte	0x54
 433 0224 C8000000 		.4byte	0xc8
 434 0228 3A       		.byte	0x3a
 435 0229 08       		.uleb128 0x8
 436 022a 05040000 		.4byte	.LASF46
 437 022e 04       		.byte	0x4
 438 022f 55       		.byte	0x55
 439 0230 BD000000 		.4byte	0xbd
 440 0234 3C       		.byte	0x3c
 441 0235 08       		.uleb128 0x8
 442 0236 D5040000 		.4byte	.LASF47
 443 023a 04       		.byte	0x4
 444 023b 56       		.byte	0x56
 445 023c BD000000 		.4byte	0xbd
 446 0240 3D       		.byte	0x3d
 447 0241 08       		.uleb128 0x8
 448 0242 27000000 		.4byte	.LASF48
 449 0246 04       		.byte	0x4
 450 0247 57       		.byte	0x57
 451 0248 BD000000 		.4byte	0xbd
 452 024c 3E       		.byte	0x3e
 453 024d 08       		.uleb128 0x8
 454 024e C9040000 		.4byte	.LASF49
 455 0252 04       		.byte	0x4
 456 0253 58       		.byte	0x58
 457 0254 BD000000 		.4byte	0xbd
 458 0258 3F       		.byte	0x3f
 459 0259 08       		.uleb128 0x8
 460 025a 1B070000 		.4byte	.LASF50
 461 025e 04       		.byte	0x4
 462 025f 59       		.byte	0x59
 463 0260 BD000000 		.4byte	0xbd
 464 0264 40       		.byte	0x40
 465 0265 08       		.uleb128 0x8
 466 0266 43060000 		.4byte	.LASF51
 467 026a 04       		.byte	0x4
 468 026b 5A       		.byte	0x5a
 469 026c BD000000 		.4byte	0xbd
 470 0270 41       		.byte	0x41
 471 0271 08       		.uleb128 0x8
ARM GAS  C:\Users\cmila\AppData\Local\Temp\ccGCwK9g.s 			page 12


 472 0272 84060000 		.4byte	.LASF52
 473 0276 04       		.byte	0x4
 474 0277 5B       		.byte	0x5b
 475 0278 BD000000 		.4byte	0xbd
 476 027c 42       		.byte	0x42
 477 027d 08       		.uleb128 0x8
 478 027e 63030000 		.4byte	.LASF53
 479 0282 04       		.byte	0x4
 480 0283 5C       		.byte	0x5c
 481 0284 BD000000 		.4byte	0xbd
 482 0288 43       		.byte	0x43
 483 0289 08       		.uleb128 0x8
 484 028a 6F020000 		.4byte	.LASF54
 485 028e 04       		.byte	0x4
 486 028f 5D       		.byte	0x5d
 487 0290 BD000000 		.4byte	0xbd
 488 0294 44       		.byte	0x44
 489 0295 08       		.uleb128 0x8
 490 0296 86040000 		.4byte	.LASF55
 491 029a 04       		.byte	0x4
 492 029b 5E       		.byte	0x5e
 493 029c DE000000 		.4byte	0xde
 494 02a0 48       		.byte	0x48
 495 02a1 08       		.uleb128 0x8
 496 02a2 FE040000 		.4byte	.LASF56
 497 02a6 04       		.byte	0x4
 498 02a7 5F       		.byte	0x5f
 499 02a8 DE000000 		.4byte	0xde
 500 02ac 4C       		.byte	0x4c
 501 02ad 08       		.uleb128 0x8
 502 02ae D7010000 		.4byte	.LASF57
 503 02b2 04       		.byte	0x4
 504 02b3 60       		.byte	0x60
 505 02b4 BD000000 		.4byte	0xbd
 506 02b8 50       		.byte	0x50
 507 02b9 08       		.uleb128 0x8
 508 02ba DE060000 		.4byte	.LASF58
 509 02be 04       		.byte	0x4
 510 02bf 61       		.byte	0x61
 511 02c0 BD000000 		.4byte	0xbd
 512 02c4 51       		.byte	0x51
 513 02c5 08       		.uleb128 0x8
 514 02c6 A1000000 		.4byte	.LASF59
 515 02ca 04       		.byte	0x4
 516 02cb 62       		.byte	0x62
 517 02cc BD000000 		.4byte	0xbd
 518 02d0 52       		.byte	0x52
 519 02d1 08       		.uleb128 0x8
 520 02d2 53060000 		.4byte	.LASF60
 521 02d6 04       		.byte	0x4
 522 02d7 63       		.byte	0x63
 523 02d8 BD000000 		.4byte	0xbd
 524 02dc 53       		.byte	0x53
 525 02dd 08       		.uleb128 0x8
 526 02de 40040000 		.4byte	.LASF61
 527 02e2 04       		.byte	0x4
 528 02e3 64       		.byte	0x64
ARM GAS  C:\Users\cmila\AppData\Local\Temp\ccGCwK9g.s 			page 13


 529 02e4 BD000000 		.4byte	0xbd
 530 02e8 54       		.byte	0x54
 531 02e9 08       		.uleb128 0x8
 532 02ea 9A010000 		.4byte	.LASF62
 533 02ee 04       		.byte	0x4
 534 02ef 65       		.byte	0x65
 535 02f0 BD000000 		.4byte	0xbd
 536 02f4 55       		.byte	0x55
 537 02f5 08       		.uleb128 0x8
 538 02f6 4C050000 		.4byte	.LASF63
 539 02fa 04       		.byte	0x4
 540 02fb 66       		.byte	0x66
 541 02fc BD000000 		.4byte	0xbd
 542 0300 56       		.byte	0x56
 543 0301 08       		.uleb128 0x8
 544 0302 90060000 		.4byte	.LASF64
 545 0306 04       		.byte	0x4
 546 0307 67       		.byte	0x67
 547 0308 BD000000 		.4byte	0xbd
 548 030c 57       		.byte	0x57
 549 030d 08       		.uleb128 0x8
 550 030e 4F030000 		.4byte	.LASF65
 551 0312 04       		.byte	0x4
 552 0313 68       		.byte	0x68
 553 0314 BD000000 		.4byte	0xbd
 554 0318 58       		.byte	0x58
 555 0319 08       		.uleb128 0x8
 556 031a B4050000 		.4byte	.LASF66
 557 031e 04       		.byte	0x4
 558 031f 69       		.byte	0x69
 559 0320 BD000000 		.4byte	0xbd
 560 0324 59       		.byte	0x59
 561 0325 08       		.uleb128 0x8
 562 0326 DE020000 		.4byte	.LASF67
 563 032a 04       		.byte	0x4
 564 032b 6E       		.byte	0x6e
 565 032c D3000000 		.4byte	0xd3
 566 0330 5A       		.byte	0x5a
 567 0331 08       		.uleb128 0x8
 568 0332 FC010000 		.4byte	.LASF68
 569 0336 04       		.byte	0x4
 570 0337 6F       		.byte	0x6f
 571 0338 D3000000 		.4byte	0xd3
 572 033c 5C       		.byte	0x5c
 573 033d 08       		.uleb128 0x8
 574 033e 05020000 		.4byte	.LASF69
 575 0342 04       		.byte	0x4
 576 0343 70       		.byte	0x70
 577 0344 BD000000 		.4byte	0xbd
 578 0348 5E       		.byte	0x5e
 579 0349 08       		.uleb128 0x8
 580 034a 9E070000 		.4byte	.LASF70
 581 034e 04       		.byte	0x4
 582 034f 71       		.byte	0x71
 583 0350 BD000000 		.4byte	0xbd
 584 0354 5F       		.byte	0x5f
 585 0355 08       		.uleb128 0x8
ARM GAS  C:\Users\cmila\AppData\Local\Temp\ccGCwK9g.s 			page 14


 586 0356 8D070000 		.4byte	.LASF71
 587 035a 04       		.byte	0x4
 588 035b 72       		.byte	0x72
 589 035c BD000000 		.4byte	0xbd
 590 0360 60       		.byte	0x60
 591 0361 08       		.uleb128 0x8
 592 0362 80020000 		.4byte	.LASF72
 593 0366 04       		.byte	0x4
 594 0367 73       		.byte	0x73
 595 0368 DE000000 		.4byte	0xde
 596 036c 64       		.byte	0x64
 597 036d 08       		.uleb128 0x8
 598 036e EE040000 		.4byte	.LASF73
 599 0372 04       		.byte	0x4
 600 0373 76       		.byte	0x76
 601 0374 D3000000 		.4byte	0xd3
 602 0378 68       		.byte	0x68
 603 0379 08       		.uleb128 0x8
 604 037a 3D030000 		.4byte	.LASF74
 605 037e 04       		.byte	0x4
 606 037f 77       		.byte	0x77
 607 0380 D3000000 		.4byte	0xd3
 608 0384 6A       		.byte	0x6a
 609 0385 08       		.uleb128 0x8
 610 0386 B9060000 		.4byte	.LASF75
 611 038a 04       		.byte	0x4
 612 038b 78       		.byte	0x78
 613 038c D3000000 		.4byte	0xd3
 614 0390 6C       		.byte	0x6c
 615 0391 08       		.uleb128 0x8
 616 0392 B4070000 		.4byte	.LASF76
 617 0396 04       		.byte	0x4
 618 0397 79       		.byte	0x79
 619 0398 D3000000 		.4byte	0xd3
 620 039c 6E       		.byte	0x6e
 621 039d 08       		.uleb128 0x8
 622 039e AD040000 		.4byte	.LASF77
 623 03a2 04       		.byte	0x4
 624 03a3 7B       		.byte	0x7b
 625 03a4 BD000000 		.4byte	0xbd
 626 03a8 70       		.byte	0x70
 627 03a9 08       		.uleb128 0x8
 628 03aa 98040000 		.4byte	.LASF78
 629 03ae 04       		.byte	0x4
 630 03af 7C       		.byte	0x7c
 631 03b0 BD000000 		.4byte	0xbd
 632 03b4 71       		.byte	0x71
 633 03b5 08       		.uleb128 0x8
 634 03b6 D3050000 		.4byte	.LASF79
 635 03ba 04       		.byte	0x4
 636 03bb 7D       		.byte	0x7d
 637 03bc BD000000 		.4byte	0xbd
 638 03c0 72       		.byte	0x72
 639 03c1 08       		.uleb128 0x8
 640 03c2 14040000 		.4byte	.LASF80
 641 03c6 04       		.byte	0x4
 642 03c7 7E       		.byte	0x7e
ARM GAS  C:\Users\cmila\AppData\Local\Temp\ccGCwK9g.s 			page 15


 643 03c8 BD000000 		.4byte	0xbd
 644 03cc 73       		.byte	0x73
 645 03cd 08       		.uleb128 0x8
 646 03ce 14030000 		.4byte	.LASF81
 647 03d2 04       		.byte	0x4
 648 03d3 80       		.byte	0x80
 649 03d4 D3000000 		.4byte	0xd3
 650 03d8 74       		.byte	0x74
 651 03d9 08       		.uleb128 0x8
 652 03da 01030000 		.4byte	.LASF82
 653 03de 04       		.byte	0x4
 654 03df 81       		.byte	0x81
 655 03e0 D3000000 		.4byte	0xd3
 656 03e4 76       		.byte	0x76
 657 03e5 08       		.uleb128 0x8
 658 03e6 A4060000 		.4byte	.LASF83
 659 03ea 04       		.byte	0x4
 660 03eb 82       		.byte	0x82
 661 03ec D3000000 		.4byte	0xd3
 662 03f0 78       		.byte	0x78
 663 03f1 08       		.uleb128 0x8
 664 03f2 50040000 		.4byte	.LASF84
 665 03f6 04       		.byte	0x4
 666 03f7 83       		.byte	0x83
 667 03f8 D3000000 		.4byte	0xd3
 668 03fc 7A       		.byte	0x7a
 669 03fd 08       		.uleb128 0x8
 670 03fe C9020000 		.4byte	.LASF85
 671 0402 04       		.byte	0x4
 672 0403 86       		.byte	0x86
 673 0404 BD000000 		.4byte	0xbd
 674 0408 7C       		.byte	0x7c
 675 0409 08       		.uleb128 0x8
 676 040a 0C050000 		.4byte	.LASF86
 677 040e 04       		.byte	0x4
 678 040f 87       		.byte	0x87
 679 0410 BD000000 		.4byte	0xbd
 680 0414 7D       		.byte	0x7d
 681 0415 08       		.uleb128 0x8
 682 0416 56000000 		.4byte	.LASF87
 683 041a 04       		.byte	0x4
 684 041b 88       		.byte	0x88
 685 041c BD000000 		.4byte	0xbd
 686 0420 7E       		.byte	0x7e
 687 0421 08       		.uleb128 0x8
 688 0422 35000000 		.4byte	.LASF88
 689 0426 04       		.byte	0x4
 690 0427 89       		.byte	0x89
 691 0428 BD000000 		.4byte	0xbd
 692 042c 7F       		.byte	0x7f
 693 042d 08       		.uleb128 0x8
 694 042e 4D020000 		.4byte	.LASF89
 695 0432 04       		.byte	0x4
 696 0433 8A       		.byte	0x8a
 697 0434 BD000000 		.4byte	0xbd
 698 0438 80       		.byte	0x80
 699 0439 08       		.uleb128 0x8
ARM GAS  C:\Users\cmila\AppData\Local\Temp\ccGCwK9g.s 			page 16


 700 043a 80000000 		.4byte	.LASF90
 701 043e 04       		.byte	0x4
 702 043f 8D       		.byte	0x8d
 703 0440 DE000000 		.4byte	0xde
 704 0444 84       		.byte	0x84
 705 0445 08       		.uleb128 0x8
 706 0446 26030000 		.4byte	.LASF91
 707 044a 04       		.byte	0x4
 708 044b 8E       		.byte	0x8e
 709 044c DE000000 		.4byte	0xde
 710 0450 88       		.byte	0x88
 711 0451 08       		.uleb128 0x8
 712 0452 E3030000 		.4byte	.LASF92
 713 0456 04       		.byte	0x4
 714 0457 8F       		.byte	0x8f
 715 0458 DE000000 		.4byte	0xde
 716 045c 8C       		.byte	0x8c
 717 045d 08       		.uleb128 0x8
 718 045e 28070000 		.4byte	.LASF93
 719 0462 04       		.byte	0x4
 720 0463 90       		.byte	0x90
 721 0464 DE000000 		.4byte	0xde
 722 0468 90       		.byte	0x90
 723 0469 08       		.uleb128 0x8
 724 046a 37050000 		.4byte	.LASF94
 725 046e 04       		.byte	0x4
 726 046f 91       		.byte	0x91
 727 0470 DE000000 		.4byte	0xde
 728 0474 94       		.byte	0x94
 729 0475 08       		.uleb128 0x8
 730 0476 11000000 		.4byte	.LASF95
 731 047a 04       		.byte	0x4
 732 047b 92       		.byte	0x92
 733 047c DE000000 		.4byte	0xde
 734 0480 98       		.byte	0x98
 735 0481 08       		.uleb128 0x8
 736 0482 C8060000 		.4byte	.LASF96
 737 0486 04       		.byte	0x4
 738 0487 93       		.byte	0x93
 739 0488 DE000000 		.4byte	0xde
 740 048c 9C       		.byte	0x9c
 741 048d 08       		.uleb128 0x8
 742 048e 91020000 		.4byte	.LASF97
 743 0492 04       		.byte	0x4
 744 0493 94       		.byte	0x94
 745 0494 DE000000 		.4byte	0xde
 746 0498 A0       		.byte	0xa0
 747 0499 08       		.uleb128 0x8
 748 049a 28020000 		.4byte	.LASF98
 749 049e 04       		.byte	0x4
 750 049f 95       		.byte	0x95
 751 04a0 D3000000 		.4byte	0xd3
 752 04a4 A4       		.byte	0xa4
 753 04a5 08       		.uleb128 0x8
 754 04a6 6F060000 		.4byte	.LASF99
 755 04aa 04       		.byte	0x4
 756 04ab 96       		.byte	0x96
ARM GAS  C:\Users\cmila\AppData\Local\Temp\ccGCwK9g.s 			page 17


 757 04ac D3000000 		.4byte	0xd3
 758 04b0 A6       		.byte	0xa6
 759 04b1 08       		.uleb128 0x8
 760 04b2 0F070000 		.4byte	.LASF100
 761 04b6 04       		.byte	0x4
 762 04b7 97       		.byte	0x97
 763 04b8 D3000000 		.4byte	0xd3
 764 04bc A8       		.byte	0xa8
 765 04bd 08       		.uleb128 0x8
 766 04be 79050000 		.4byte	.LASF101
 767 04c2 04       		.byte	0x4
 768 04c3 98       		.byte	0x98
 769 04c4 D3000000 		.4byte	0xd3
 770 04c8 AA       		.byte	0xaa
 771 04c9 08       		.uleb128 0x8
 772 04ca D3000000 		.4byte	.LASF102
 773 04ce 04       		.byte	0x4
 774 04cf 99       		.byte	0x99
 775 04d0 D3000000 		.4byte	0xd3
 776 04d4 AC       		.byte	0xac
 777 04d5 08       		.uleb128 0x8
 778 04d6 7A030000 		.4byte	.LASF103
 779 04da 04       		.byte	0x4
 780 04db 9A       		.byte	0x9a
 781 04dc D3000000 		.4byte	0xd3
 782 04e0 AE       		.byte	0xae
 783 04e1 08       		.uleb128 0x8
 784 04e2 F0060000 		.4byte	.LASF104
 785 04e6 04       		.byte	0x4
 786 04e7 9D       		.byte	0x9d
 787 04e8 D3000000 		.4byte	0xd3
 788 04ec B0       		.byte	0xb0
 789 04ed 08       		.uleb128 0x8
 790 04ee 3D070000 		.4byte	.LASF105
 791 04f2 04       		.byte	0x4
 792 04f3 9E       		.byte	0x9e
 793 04f4 DE000000 		.4byte	0xde
 794 04f8 B4       		.byte	0xb4
 795 04f9 00       		.byte	0
 796 04fa 03       		.uleb128 0x3
 797 04fb E1000000 		.4byte	.LASF106
 798 04ff 04       		.byte	0x4
 799 0500 9F       		.byte	0x9f
 800 0501 E9000000 		.4byte	0xe9
 801 0505 02       		.uleb128 0x2
 802 0506 04       		.byte	0x4
 803 0507 04       		.byte	0x4
 804 0508 47020000 		.4byte	.LASF107
 805 050c 02       		.uleb128 0x2
 806 050d 08       		.byte	0x8
 807 050e 04       		.byte	0x4
 808 050f 72050000 		.4byte	.LASF108
 809 0513 02       		.uleb128 0x2
 810 0514 01       		.byte	0x1
 811 0515 02       		.byte	0x2
 812 0516 E8040000 		.4byte	.LASF109
 813 051a 09       		.uleb128 0x9
ARM GAS  C:\Users\cmila\AppData\Local\Temp\ccGCwK9g.s 			page 18


 814 051b 21020000 		.4byte	.LASF110
 815 051f 01       		.byte	0x1
 816 0520 4F       		.byte	0x4f
 817 0521 89000000 		.4byte	0x89
 818 0525 00000000 		.4byte	.LFB156
 819 0529 24000000 		.4byte	.LFE156-.LFB156
 820 052d 01       		.uleb128 0x1
 821 052e 9C       		.byte	0x9c
 822 052f 78050000 		.4byte	0x578
 823 0533 0A       		.uleb128 0xa
 824 0534 666400   		.ascii	"fd\000"
 825 0537 01       		.byte	0x1
 826 0538 4F       		.byte	0x4f
 827 0539 89000000 		.4byte	0x89
 828 053d 00000000 		.4byte	.LLST0
 829 0541 0A       		.uleb128 0xa
 830 0542 70747200 		.ascii	"ptr\000"
 831 0546 01       		.byte	0x1
 832 0547 4F       		.byte	0x4f
 833 0548 B2000000 		.4byte	0xb2
 834 054c 3A000000 		.4byte	.LLST1
 835 0550 0A       		.uleb128 0xa
 836 0551 6C656E00 		.ascii	"len\000"
 837 0555 01       		.byte	0x1
 838 0556 4F       		.byte	0x4f
 839 0557 89000000 		.4byte	0x89
 840 055b 6E000000 		.4byte	.LLST2
 841 055f 0B       		.uleb128 0xb
 842 0560 C5010000 		.4byte	.LASF112
 843 0564 01       		.byte	0x1
 844 0565 51       		.byte	0x51
 845 0566 89000000 		.4byte	0x89
 846 056a B0000000 		.4byte	.LLST3
 847 056e 0C       		.uleb128 0xc
 848 056f 14000000 		.4byte	.LVL3
 849 0573 EC050000 		.4byte	0x5ec
 850 0577 00       		.byte	0
 851 0578 09       		.uleb128 0x9
 852 0579 A8030000 		.4byte	.LASF111
 853 057d 01       		.byte	0x1
 854 057e 85       		.byte	0x85
 855 057f 89000000 		.4byte	0x89
 856 0583 00000000 		.4byte	.LFB157
 857 0587 2E000000 		.4byte	.LFE157-.LFB157
 858 058b 01       		.uleb128 0x1
 859 058c 9C       		.byte	0x9c
 860 058d D6050000 		.4byte	0x5d6
 861 0591 0A       		.uleb128 0xa
 862 0592 666400   		.ascii	"fd\000"
 863 0595 01       		.byte	0x1
 864 0596 85       		.byte	0x85
 865 0597 89000000 		.4byte	0x89
 866 059b F1000000 		.4byte	.LLST4
 867 059f 0A       		.uleb128 0xa
 868 05a0 70747200 		.ascii	"ptr\000"
 869 05a4 01       		.byte	0x1
 870 05a5 85       		.byte	0x85
ARM GAS  C:\Users\cmila\AppData\Local\Temp\ccGCwK9g.s 			page 19


 871 05a6 A5000000 		.4byte	0xa5
 872 05aa 2B010000 		.4byte	.LLST5
 873 05ae 0A       		.uleb128 0xa
 874 05af 6C656E00 		.ascii	"len\000"
 875 05b3 01       		.byte	0x1
 876 05b4 85       		.byte	0x85
 877 05b5 89000000 		.4byte	0x89
 878 05b9 5F010000 		.4byte	.LLST6
 879 05bd 0B       		.uleb128 0xb
 880 05be C5010000 		.4byte	.LASF112
 881 05c2 01       		.byte	0x1
 882 05c3 87       		.byte	0x87
 883 05c4 89000000 		.4byte	0x89
 884 05c8 A1010000 		.4byte	.LLST7
 885 05cc 0C       		.uleb128 0xc
 886 05cd 12000000 		.4byte	.LVL15
 887 05d1 F7050000 		.4byte	0x5f7
 888 05d5 00       		.byte	0
 889 05d6 0D       		.uleb128 0xd
 890 05d7 AA050000 		.4byte	.LASF118
 891 05db 04       		.byte	0x4
 892 05dc A7       		.byte	0xa7
 893 05dd E1050000 		.4byte	0x5e1
 894 05e1 05       		.uleb128 0x5
 895 05e2 04       		.byte	0x4
 896 05e3 E7050000 		.4byte	0x5e7
 897 05e7 06       		.uleb128 0x6
 898 05e8 FA040000 		.4byte	0x4fa
 899 05ec 0E       		.uleb128 0xe
 900 05ed B0020000 		.4byte	.LASF113
 901 05f1 B0020000 		.4byte	.LASF113
 902 05f5 05       		.byte	0x5
 903 05f6 B9       		.byte	0xb9
 904 05f7 0E       		.uleb128 0xe
 905 05f8 B1000000 		.4byte	.LASF114
 906 05fc B1000000 		.4byte	.LASF114
 907 0600 05       		.byte	0x5
 908 0601 BD       		.byte	0xbd
 909 0602 00       		.byte	0
 910              		.section	.debug_abbrev,"",%progbits
 911              	.Ldebug_abbrev0:
 912 0000 01       		.uleb128 0x1
 913 0001 11       		.uleb128 0x11
 914 0002 01       		.byte	0x1
 915 0003 25       		.uleb128 0x25
 916 0004 0E       		.uleb128 0xe
 917 0005 13       		.uleb128 0x13
 918 0006 0B       		.uleb128 0xb
 919 0007 03       		.uleb128 0x3
 920 0008 0E       		.uleb128 0xe
 921 0009 1B       		.uleb128 0x1b
 922 000a 0E       		.uleb128 0xe
 923 000b 55       		.uleb128 0x55
 924 000c 17       		.uleb128 0x17
 925 000d 11       		.uleb128 0x11
 926 000e 01       		.uleb128 0x1
 927 000f 10       		.uleb128 0x10
ARM GAS  C:\Users\cmila\AppData\Local\Temp\ccGCwK9g.s 			page 20


 928 0010 17       		.uleb128 0x17
 929 0011 00       		.byte	0
 930 0012 00       		.byte	0
 931 0013 02       		.uleb128 0x2
 932 0014 24       		.uleb128 0x24
 933 0015 00       		.byte	0
 934 0016 0B       		.uleb128 0xb
 935 0017 0B       		.uleb128 0xb
 936 0018 3E       		.uleb128 0x3e
 937 0019 0B       		.uleb128 0xb
 938 001a 03       		.uleb128 0x3
 939 001b 0E       		.uleb128 0xe
 940 001c 00       		.byte	0
 941 001d 00       		.byte	0
 942 001e 03       		.uleb128 0x3
 943 001f 16       		.uleb128 0x16
 944 0020 00       		.byte	0
 945 0021 03       		.uleb128 0x3
 946 0022 0E       		.uleb128 0xe
 947 0023 3A       		.uleb128 0x3a
 948 0024 0B       		.uleb128 0xb
 949 0025 3B       		.uleb128 0x3b
 950 0026 0B       		.uleb128 0xb
 951 0027 49       		.uleb128 0x49
 952 0028 13       		.uleb128 0x13
 953 0029 00       		.byte	0
 954 002a 00       		.byte	0
 955 002b 04       		.uleb128 0x4
 956 002c 24       		.uleb128 0x24
 957 002d 00       		.byte	0
 958 002e 0B       		.uleb128 0xb
 959 002f 0B       		.uleb128 0xb
 960 0030 3E       		.uleb128 0x3e
 961 0031 0B       		.uleb128 0xb
 962 0032 03       		.uleb128 0x3
 963 0033 08       		.uleb128 0x8
 964 0034 00       		.byte	0
 965 0035 00       		.byte	0
 966 0036 05       		.uleb128 0x5
 967 0037 0F       		.uleb128 0xf
 968 0038 00       		.byte	0
 969 0039 0B       		.uleb128 0xb
 970 003a 0B       		.uleb128 0xb
 971 003b 49       		.uleb128 0x49
 972 003c 13       		.uleb128 0x13
 973 003d 00       		.byte	0
 974 003e 00       		.byte	0
 975 003f 06       		.uleb128 0x6
 976 0040 26       		.uleb128 0x26
 977 0041 00       		.byte	0
 978 0042 49       		.uleb128 0x49
 979 0043 13       		.uleb128 0x13
 980 0044 00       		.byte	0
 981 0045 00       		.byte	0
 982 0046 07       		.uleb128 0x7
 983 0047 13       		.uleb128 0x13
 984 0048 01       		.byte	0x1
ARM GAS  C:\Users\cmila\AppData\Local\Temp\ccGCwK9g.s 			page 21


 985 0049 0B       		.uleb128 0xb
 986 004a 0B       		.uleb128 0xb
 987 004b 3A       		.uleb128 0x3a
 988 004c 0B       		.uleb128 0xb
 989 004d 3B       		.uleb128 0x3b
 990 004e 0B       		.uleb128 0xb
 991 004f 01       		.uleb128 0x1
 992 0050 13       		.uleb128 0x13
 993 0051 00       		.byte	0
 994 0052 00       		.byte	0
 995 0053 08       		.uleb128 0x8
 996 0054 0D       		.uleb128 0xd
 997 0055 00       		.byte	0
 998 0056 03       		.uleb128 0x3
 999 0057 0E       		.uleb128 0xe
 1000 0058 3A       		.uleb128 0x3a
 1001 0059 0B       		.uleb128 0xb
 1002 005a 3B       		.uleb128 0x3b
 1003 005b 0B       		.uleb128 0xb
 1004 005c 49       		.uleb128 0x49
 1005 005d 13       		.uleb128 0x13
 1006 005e 38       		.uleb128 0x38
 1007 005f 0B       		.uleb128 0xb
 1008 0060 00       		.byte	0
 1009 0061 00       		.byte	0
 1010 0062 09       		.uleb128 0x9
 1011 0063 2E       		.uleb128 0x2e
 1012 0064 01       		.byte	0x1
 1013 0065 3F       		.uleb128 0x3f
 1014 0066 19       		.uleb128 0x19
 1015 0067 03       		.uleb128 0x3
 1016 0068 0E       		.uleb128 0xe
 1017 0069 3A       		.uleb128 0x3a
 1018 006a 0B       		.uleb128 0xb
 1019 006b 3B       		.uleb128 0x3b
 1020 006c 0B       		.uleb128 0xb
 1021 006d 27       		.uleb128 0x27
 1022 006e 19       		.uleb128 0x19
 1023 006f 49       		.uleb128 0x49
 1024 0070 13       		.uleb128 0x13
 1025 0071 11       		.uleb128 0x11
 1026 0072 01       		.uleb128 0x1
 1027 0073 12       		.uleb128 0x12
 1028 0074 06       		.uleb128 0x6
 1029 0075 40       		.uleb128 0x40
 1030 0076 18       		.uleb128 0x18
 1031 0077 9742     		.uleb128 0x2117
 1032 0079 19       		.uleb128 0x19
 1033 007a 01       		.uleb128 0x1
 1034 007b 13       		.uleb128 0x13
 1035 007c 00       		.byte	0
 1036 007d 00       		.byte	0
 1037 007e 0A       		.uleb128 0xa
 1038 007f 05       		.uleb128 0x5
 1039 0080 00       		.byte	0
 1040 0081 03       		.uleb128 0x3
 1041 0082 08       		.uleb128 0x8
ARM GAS  C:\Users\cmila\AppData\Local\Temp\ccGCwK9g.s 			page 22


 1042 0083 3A       		.uleb128 0x3a
 1043 0084 0B       		.uleb128 0xb
 1044 0085 3B       		.uleb128 0x3b
 1045 0086 0B       		.uleb128 0xb
 1046 0087 49       		.uleb128 0x49
 1047 0088 13       		.uleb128 0x13
 1048 0089 02       		.uleb128 0x2
 1049 008a 17       		.uleb128 0x17
 1050 008b 00       		.byte	0
 1051 008c 00       		.byte	0
 1052 008d 0B       		.uleb128 0xb
 1053 008e 34       		.uleb128 0x34
 1054 008f 00       		.byte	0
 1055 0090 03       		.uleb128 0x3
 1056 0091 0E       		.uleb128 0xe
 1057 0092 3A       		.uleb128 0x3a
 1058 0093 0B       		.uleb128 0xb
 1059 0094 3B       		.uleb128 0x3b
 1060 0095 0B       		.uleb128 0xb
 1061 0096 49       		.uleb128 0x49
 1062 0097 13       		.uleb128 0x13
 1063 0098 02       		.uleb128 0x2
 1064 0099 17       		.uleb128 0x17
 1065 009a 00       		.byte	0
 1066 009b 00       		.byte	0
 1067 009c 0C       		.uleb128 0xc
 1068 009d 898201   		.uleb128 0x4109
 1069 00a0 00       		.byte	0
 1070 00a1 11       		.uleb128 0x11
 1071 00a2 01       		.uleb128 0x1
 1072 00a3 31       		.uleb128 0x31
 1073 00a4 13       		.uleb128 0x13
 1074 00a5 00       		.byte	0
 1075 00a6 00       		.byte	0
 1076 00a7 0D       		.uleb128 0xd
 1077 00a8 34       		.uleb128 0x34
 1078 00a9 00       		.byte	0
 1079 00aa 03       		.uleb128 0x3
 1080 00ab 0E       		.uleb128 0xe
 1081 00ac 3A       		.uleb128 0x3a
 1082 00ad 0B       		.uleb128 0xb
 1083 00ae 3B       		.uleb128 0x3b
 1084 00af 0B       		.uleb128 0xb
 1085 00b0 49       		.uleb128 0x49
 1086 00b1 13       		.uleb128 0x13
 1087 00b2 3F       		.uleb128 0x3f
 1088 00b3 19       		.uleb128 0x19
 1089 00b4 3C       		.uleb128 0x3c
 1090 00b5 19       		.uleb128 0x19
 1091 00b6 00       		.byte	0
 1092 00b7 00       		.byte	0
 1093 00b8 0E       		.uleb128 0xe
 1094 00b9 2E       		.uleb128 0x2e
 1095 00ba 00       		.byte	0
 1096 00bb 3F       		.uleb128 0x3f
 1097 00bc 19       		.uleb128 0x19
 1098 00bd 3C       		.uleb128 0x3c
ARM GAS  C:\Users\cmila\AppData\Local\Temp\ccGCwK9g.s 			page 23


 1099 00be 19       		.uleb128 0x19
 1100 00bf 6E       		.uleb128 0x6e
 1101 00c0 0E       		.uleb128 0xe
 1102 00c1 03       		.uleb128 0x3
 1103 00c2 0E       		.uleb128 0xe
 1104 00c3 3A       		.uleb128 0x3a
 1105 00c4 0B       		.uleb128 0xb
 1106 00c5 3B       		.uleb128 0x3b
 1107 00c6 0B       		.uleb128 0xb
 1108 00c7 00       		.byte	0
 1109 00c8 00       		.byte	0
 1110 00c9 00       		.byte	0
 1111              		.section	.debug_loc,"",%progbits
 1112              	.Ldebug_loc0:
 1113              	.LLST0:
 1114 0000 00000000 		.4byte	.LVL0
 1115 0004 0E000000 		.4byte	.LVL2
 1116 0008 0100     		.2byte	0x1
 1117 000a 50       		.byte	0x50
 1118 000b 0E000000 		.4byte	.LVL2
 1119 000f 1A000000 		.4byte	.LVL6
 1120 0013 0400     		.2byte	0x4
 1121 0015 F3       		.byte	0xf3
 1122 0016 01       		.uleb128 0x1
 1123 0017 50       		.byte	0x50
 1124 0018 9F       		.byte	0x9f
 1125 0019 1A000000 		.4byte	.LVL6
 1126 001d 1C000000 		.4byte	.LVL7
 1127 0021 0100     		.2byte	0x1
 1128 0023 50       		.byte	0x50
 1129 0024 1C000000 		.4byte	.LVL7
 1130 0028 24000000 		.4byte	.LFE156
 1131 002c 0400     		.2byte	0x4
 1132 002e F3       		.byte	0xf3
 1133 002f 01       		.uleb128 0x1
 1134 0030 50       		.byte	0x50
 1135 0031 9F       		.byte	0x9f
 1136 0032 00000000 		.4byte	0
 1137 0036 00000000 		.4byte	0
 1138              	.LLST1:
 1139 003a 00000000 		.4byte	.LVL0
 1140 003e 0E000000 		.4byte	.LVL2
 1141 0042 0100     		.2byte	0x1
 1142 0044 51       		.byte	0x51
 1143 0045 0E000000 		.4byte	.LVL2
 1144 0049 1A000000 		.4byte	.LVL6
 1145 004d 0100     		.2byte	0x1
 1146 004f 55       		.byte	0x55
 1147 0050 1A000000 		.4byte	.LVL6
 1148 0054 1C000000 		.4byte	.LVL7
 1149 0058 0100     		.2byte	0x1
 1150 005a 51       		.byte	0x51
 1151 005b 1C000000 		.4byte	.LVL7
 1152 005f 22000000 		.4byte	.LVL10
 1153 0063 0100     		.2byte	0x1
 1154 0065 55       		.byte	0x55
 1155 0066 00000000 		.4byte	0
ARM GAS  C:\Users\cmila\AppData\Local\Temp\ccGCwK9g.s 			page 24


 1156 006a 00000000 		.4byte	0
 1157              	.LLST2:
 1158 006e 00000000 		.4byte	.LVL0
 1159 0072 0E000000 		.4byte	.LVL2
 1160 0076 0100     		.2byte	0x1
 1161 0078 52       		.byte	0x52
 1162 0079 0E000000 		.4byte	.LVL2
 1163 007d 1A000000 		.4byte	.LVL6
 1164 0081 0100     		.2byte	0x1
 1165 0083 56       		.byte	0x56
 1166 0084 1A000000 		.4byte	.LVL6
 1167 0088 1C000000 		.4byte	.LVL7
 1168 008c 0100     		.2byte	0x1
 1169 008e 52       		.byte	0x52
 1170 008f 1C000000 		.4byte	.LVL7
 1171 0093 22000000 		.4byte	.LVL11
 1172 0097 0100     		.2byte	0x1
 1173 0099 56       		.byte	0x56
 1174 009a 22000000 		.4byte	.LVL11
 1175 009e 24000000 		.4byte	.LFE156
 1176 00a2 0400     		.2byte	0x4
 1177 00a4 F3       		.byte	0xf3
 1178 00a5 01       		.uleb128 0x1
 1179 00a6 52       		.byte	0x52
 1180 00a7 9F       		.byte	0x9f
 1181 00a8 00000000 		.4byte	0
 1182 00ac 00000000 		.4byte	0
 1183              	.LLST3:
 1184 00b0 06000000 		.4byte	.LVL1
 1185 00b4 0E000000 		.4byte	.LVL2
 1186 00b8 0200     		.2byte	0x2
 1187 00ba 30       		.byte	0x30
 1188 00bb 9F       		.byte	0x9f
 1189 00bc 0E000000 		.4byte	.LVL2
 1190 00c0 1A000000 		.4byte	.LVL6
 1191 00c4 0100     		.2byte	0x1
 1192 00c6 54       		.byte	0x54
 1193 00c7 1A000000 		.4byte	.LVL6
 1194 00cb 1C000000 		.4byte	.LVL7
 1195 00cf 0200     		.2byte	0x2
 1196 00d1 30       		.byte	0x30
 1197 00d2 9F       		.byte	0x9f
 1198 00d3 1C000000 		.4byte	.LVL7
 1199 00d7 22000000 		.4byte	.LVL9
 1200 00db 0100     		.2byte	0x1
 1201 00dd 54       		.byte	0x54
 1202 00de 22000000 		.4byte	.LVL9
 1203 00e2 24000000 		.4byte	.LFE156
 1204 00e6 0100     		.2byte	0x1
 1205 00e8 50       		.byte	0x50
 1206 00e9 00000000 		.4byte	0
 1207 00ed 00000000 		.4byte	0
 1208              	.LLST4:
 1209 00f1 00000000 		.4byte	.LVL12
 1210 00f5 0E000000 		.4byte	.LVL14
 1211 00f9 0100     		.2byte	0x1
 1212 00fb 50       		.byte	0x50
ARM GAS  C:\Users\cmila\AppData\Local\Temp\ccGCwK9g.s 			page 25


 1213 00fc 0E000000 		.4byte	.LVL14
 1214 0100 24000000 		.4byte	.LVL18
 1215 0104 0400     		.2byte	0x4
 1216 0106 F3       		.byte	0xf3
 1217 0107 01       		.uleb128 0x1
 1218 0108 50       		.byte	0x50
 1219 0109 9F       		.byte	0x9f
 1220 010a 24000000 		.4byte	.LVL18
 1221 010e 26000000 		.4byte	.LVL19
 1222 0112 0100     		.2byte	0x1
 1223 0114 50       		.byte	0x50
 1224 0115 26000000 		.4byte	.LVL19
 1225 0119 2E000000 		.4byte	.LFE157
 1226 011d 0400     		.2byte	0x4
 1227 011f F3       		.byte	0xf3
 1228 0120 01       		.uleb128 0x1
 1229 0121 50       		.byte	0x50
 1230 0122 9F       		.byte	0x9f
 1231 0123 00000000 		.4byte	0
 1232 0127 00000000 		.4byte	0
 1233              	.LLST5:
 1234 012b 00000000 		.4byte	.LVL12
 1235 012f 0E000000 		.4byte	.LVL14
 1236 0133 0100     		.2byte	0x1
 1237 0135 51       		.byte	0x51
 1238 0136 0E000000 		.4byte	.LVL14
 1239 013a 24000000 		.4byte	.LVL18
 1240 013e 0100     		.2byte	0x1
 1241 0140 55       		.byte	0x55
 1242 0141 24000000 		.4byte	.LVL18
 1243 0145 26000000 		.4byte	.LVL19
 1244 0149 0100     		.2byte	0x1
 1245 014b 51       		.byte	0x51
 1246 014c 26000000 		.4byte	.LVL19
 1247 0150 2C000000 		.4byte	.LVL22
 1248 0154 0100     		.2byte	0x1
 1249 0156 55       		.byte	0x55
 1250 0157 00000000 		.4byte	0
 1251 015b 00000000 		.4byte	0
 1252              	.LLST6:
 1253 015f 00000000 		.4byte	.LVL12
 1254 0163 0E000000 		.4byte	.LVL14
 1255 0167 0100     		.2byte	0x1
 1256 0169 52       		.byte	0x52
 1257 016a 0E000000 		.4byte	.LVL14
 1258 016e 24000000 		.4byte	.LVL18
 1259 0172 0100     		.2byte	0x1
 1260 0174 56       		.byte	0x56
 1261 0175 24000000 		.4byte	.LVL18
 1262 0179 26000000 		.4byte	.LVL19
 1263 017d 0100     		.2byte	0x1
 1264 017f 52       		.byte	0x52
 1265 0180 26000000 		.4byte	.LVL19
 1266 0184 2C000000 		.4byte	.LVL23
 1267 0188 0100     		.2byte	0x1
 1268 018a 56       		.byte	0x56
 1269 018b 2C000000 		.4byte	.LVL23
ARM GAS  C:\Users\cmila\AppData\Local\Temp\ccGCwK9g.s 			page 26


 1270 018f 2E000000 		.4byte	.LFE157
 1271 0193 0400     		.2byte	0x4
 1272 0195 F3       		.byte	0xf3
 1273 0196 01       		.uleb128 0x1
 1274 0197 52       		.byte	0x52
 1275 0198 9F       		.byte	0x9f
 1276 0199 00000000 		.4byte	0
 1277 019d 00000000 		.4byte	0
 1278              	.LLST7:
 1279 01a1 06000000 		.4byte	.LVL13
 1280 01a5 0E000000 		.4byte	.LVL14
 1281 01a9 0200     		.2byte	0x2
 1282 01ab 30       		.byte	0x30
 1283 01ac 9F       		.byte	0x9f
 1284 01ad 0E000000 		.4byte	.LVL14
 1285 01b1 24000000 		.4byte	.LVL18
 1286 01b5 0100     		.2byte	0x1
 1287 01b7 54       		.byte	0x54
 1288 01b8 24000000 		.4byte	.LVL18
 1289 01bc 26000000 		.4byte	.LVL19
 1290 01c0 0200     		.2byte	0x2
 1291 01c2 30       		.byte	0x30
 1292 01c3 9F       		.byte	0x9f
 1293 01c4 26000000 		.4byte	.LVL19
 1294 01c8 2C000000 		.4byte	.LVL21
 1295 01cc 0100     		.2byte	0x1
 1296 01ce 54       		.byte	0x54
 1297 01cf 2C000000 		.4byte	.LVL21
 1298 01d3 2E000000 		.4byte	.LFE157
 1299 01d7 0100     		.2byte	0x1
 1300 01d9 50       		.byte	0x50
 1301 01da 00000000 		.4byte	0
 1302 01de 00000000 		.4byte	0
 1303              		.section	.debug_aranges,"",%progbits
 1304 0000 24000000 		.4byte	0x24
 1305 0004 0200     		.2byte	0x2
 1306 0006 00000000 		.4byte	.Ldebug_info0
 1307 000a 04       		.byte	0x4
 1308 000b 00       		.byte	0
 1309 000c 0000     		.2byte	0
 1310 000e 0000     		.2byte	0
 1311 0010 00000000 		.4byte	.LFB156
 1312 0014 24000000 		.4byte	.LFE156-.LFB156
 1313 0018 00000000 		.4byte	.LFB157
 1314 001c 2E000000 		.4byte	.LFE157-.LFB157
 1315 0020 00000000 		.4byte	0
 1316 0024 00000000 		.4byte	0
 1317              		.section	.debug_ranges,"",%progbits
 1318              	.Ldebug_ranges0:
 1319 0000 00000000 		.4byte	.LFB156
 1320 0004 24000000 		.4byte	.LFE156
 1321 0008 00000000 		.4byte	.LFB157
 1322 000c 2E000000 		.4byte	.LFE157
 1323 0010 00000000 		.4byte	0
 1324 0014 00000000 		.4byte	0
 1325              		.section	.debug_line,"",%progbits
 1326              	.Ldebug_line0:
ARM GAS  C:\Users\cmila\AppData\Local\Temp\ccGCwK9g.s 			page 27


 1327 0000 01020000 		.section	.debug_str,"MS",%progbits,1
 1327      0200A501 
 1327      00000201 
 1327      FB0E0D00 
 1327      01010101 
 1328              	.LASF42:
 1329 0000 63707573 		.ascii	"cpussFlashPaSize\000"
 1329      73466C61 
 1329      73685061 
 1329      53697A65 
 1329      00
 1330              	.LASF95:
 1331 0011 63707573 		.ascii	"cpussTrimRamCtlOffset\000"
 1331      73547269 
 1331      6D52616D 
 1331      43746C4F 
 1331      66667365 
 1332              	.LASF48:
 1333 0027 73727373 		.ascii	"srssNumHfroot\000"
 1333      4E756D48 
 1333      66726F6F 
 1333      7400
 1334              	.LASF88:
 1335 0035 6770696F 		.ascii	"gpioPrtCfgOutOffset\000"
 1335      50727443 
 1335      66674F75 
 1335      744F6666 
 1335      73657400 
 1336              	.LASF35:
 1337 0049 6873696F 		.ascii	"hsiomVersion\000"
 1337      6D566572 
 1337      73696F6E 
 1337      00
 1338              	.LASF87:
 1339 0056 6770696F 		.ascii	"gpioPrtCfgInOffset\000"
 1339      50727443 
 1339      6667496E 
 1339      4F666673 
 1339      657400
 1340              	.LASF41:
 1341 0069 63707573 		.ascii	"cpussDwChNr\000"
 1341      73447743 
 1341      684E7200 
 1342              	.LASF29:
 1343 0075 63727970 		.ascii	"cryptoBase\000"
 1343      746F4261 
 1343      736500
 1344              	.LASF90:
 1345 0080 63707573 		.ascii	"cpussCm0ClockCtlOffset\000"
 1345      73436D30 
 1345      436C6F63 
 1345      6B43746C 
 1345      4F666673 
 1346              	.LASF4:
 1347 0097 73686F72 		.ascii	"short int\000"
 1347      7420696E 
 1347      7400
ARM GAS  C:\Users\cmila\AppData\Local\Temp\ccGCwK9g.s 			page 28


 1348              	.LASF59:
 1349 00a1 666C6173 		.ascii	"flashWriteDelay\000"
 1349      68577269 
 1349      74654465 
 1349      6C617900 
 1350              	.LASF114:
 1351 00b1 53544449 		.ascii	"STDIO_GetChar\000"
 1351      4F5F4765 
 1351      74436861 
 1351      7200
 1352              	.LASF14:
 1353 00bf 73697A65 		.ascii	"sizetype\000"
 1353      74797065 
 1353      00
 1354              	.LASF36:
 1355 00c8 69706356 		.ascii	"ipcVersion\000"
 1355      65727369 
 1355      6F6E00
 1356              	.LASF102:
 1357 00d3 63707573 		.ascii	"cpussRam1Ctl0\000"
 1357      7352616D 
 1357      3143746C 
 1357      3000
 1358              	.LASF106:
 1359 00e1 63795F73 		.ascii	"cy_stc_device_t\000"
 1359      74635F64 
 1359      65766963 
 1359      655F7400 
 1360              	.LASF115:
 1361 00f1 474E5520 		.ascii	"GNU C11 5.4.1 20160609 (release) [ARM/embedded-5-br"
 1361      43313120 
 1361      352E342E 
 1361      31203230 
 1361      31363036 
 1362 0124 616E6368 		.ascii	"anch revision 237715] -mcpu=cortex-m0plus -mthumb -"
 1362      20726576 
 1362      6973696F 
 1362      6E203233 
 1362      37373135 
 1363 0157 67202D4F 		.ascii	"g -Og -ffunction-sections -ffat-lto-objects\000"
 1363      67202D66 
 1363      66756E63 
 1363      74696F6E 
 1363      2D736563 
 1364              	.LASF38:
 1365 0183 70726F74 		.ascii	"protVersion\000"
 1365      56657273 
 1365      696F6E00 
 1366              	.LASF8:
 1367 018f 5F5F7569 		.ascii	"__uint32_t\000"
 1367      6E743332 
 1367      5F7400
 1368              	.LASF62:
 1369 019a 666C6173 		.ascii	"flashCtlMainWs0Freq\000"
 1369      6843746C 
 1369      4D61696E 
 1369      57733046 
ARM GAS  C:\Users\cmila\AppData\Local\Temp\ccGCwK9g.s 			page 29


 1369      72657100 
 1370              	.LASF20:
 1371 01ae 63707573 		.ascii	"cpussBase\000"
 1371      73426173 
 1371      6500
 1372              	.LASF30:
 1373 01b8 63707573 		.ascii	"cpussVersion\000"
 1373      73566572 
 1373      73696F6E 
 1373      00
 1374              	.LASF112:
 1375 01c5 6E436861 		.ascii	"nChars\000"
 1375      727300
 1376              	.LASF5:
 1377 01cc 5F5F7569 		.ascii	"__uint16_t\000"
 1377      6E743136 
 1377      5F7400
 1378              	.LASF57:
 1379 01d7 666C6173 		.ascii	"flashRwwRequired\000"
 1379      68527777 
 1379      52657175 
 1379      69726564 
 1379      00
 1380              	.LASF16:
 1381 01e8 75696E74 		.ascii	"uint8_t\000"
 1381      385F7400 
 1382              	.LASF37:
 1383 01f0 70657269 		.ascii	"periVersion\000"
 1383      56657273 
 1383      696F6E00 
 1384              	.LASF68:
 1385 01fc 64774368 		.ascii	"dwChSize\000"
 1385      53697A65 
 1385      00
 1386              	.LASF69:
 1387 0205 64774368 		.ascii	"dwChCtlPrioPos\000"
 1387      43746C50 
 1387      72696F50 
 1387      6F7300
 1388              	.LASF43:
 1389 0214 63707573 		.ascii	"cpussIpc0Irq\000"
 1389      73497063 
 1389      30497271 
 1389      00
 1390              	.LASF110:
 1391 0221 5F777269 		.ascii	"_write\000"
 1391      746500
 1392              	.LASF98:
 1393 0228 63707573 		.ascii	"cpussCm0NmiCtlOffset\000"
 1393      73436D30 
 1393      4E6D6943 
 1393      746C4F66 
 1393      66736574 
 1394              	.LASF25:
 1395 023d 6873696F 		.ascii	"hsiomBase\000"
 1395      6D426173 
 1395      6500
ARM GAS  C:\Users\cmila\AppData\Local\Temp\ccGCwK9g.s 			page 30


 1396              	.LASF107:
 1397 0247 666C6F61 		.ascii	"float\000"
 1397      7400
 1398              	.LASF89:
 1399 024d 6770696F 		.ascii	"gpioPrtCfgSioOffset\000"
 1399      50727443 
 1399      66675369 
 1399      6F4F6666 
 1399      73657400 
 1400              	.LASF10:
 1401 0261 6C6F6E67 		.ascii	"long long int\000"
 1401      206C6F6E 
 1401      6720696E 
 1401      7400
 1402              	.LASF54:
 1403 026f 73797350 		.ascii	"sysPmSimoPresent\000"
 1403      6D53696D 
 1403      6F507265 
 1403      73656E74 
 1403      00
 1404              	.LASF72:
 1405 0280 64775374 		.ascii	"dwStatusChIdxMsk\000"
 1405      61747573 
 1405      43684964 
 1405      784D736B 
 1405      00
 1406              	.LASF97:
 1407 0291 63707573 		.ascii	"cpussSysTickCtlOffset\000"
 1407      73537973 
 1407      5469636B 
 1407      43746C4F 
 1407      66667365 
 1408              	.LASF7:
 1409 02a7 6C6F6E67 		.ascii	"long int\000"
 1409      20696E74 
 1409      00
 1410              	.LASF113:
 1411 02b0 53544449 		.ascii	"STDIO_PutChar\000"
 1411      4F5F5075 
 1411      74436861 
 1411      7200
 1412              	.LASF21:
 1413 02be 666C6173 		.ascii	"flashcBase\000"
 1413      68634261 
 1413      736500
 1414              	.LASF85:
 1415 02c9 6770696F 		.ascii	"gpioPrtIntrCfgOffset\000"
 1415      50727449 
 1415      6E747243 
 1415      66674F66 
 1415      66736574 
 1416              	.LASF67:
 1417 02de 64774368 		.ascii	"dwChOffset\000"
 1417      4F666673 
 1417      657400
 1418              	.LASF2:
 1419 02e9 5F5F7569 		.ascii	"__uint8_t\000"
ARM GAS  C:\Users\cmila\AppData\Local\Temp\ccGCwK9g.s 			page 31


 1419      6E74385F 
 1419      7400
 1420              	.LASF40:
 1421 02f3 63707573 		.ascii	"cpussIpcIrqNr\000"
 1421      73497063 
 1421      4972714E 
 1421      7200
 1422              	.LASF82:
 1423 0301 70657269 		.ascii	"periDiv16CtlOffset\000"
 1423      44697631 
 1423      3643746C 
 1423      4F666673 
 1423      657400
 1424              	.LASF81:
 1425 0314 70657269 		.ascii	"periDiv8CtlOffset\000"
 1425      44697638 
 1425      43746C4F 
 1425      66667365 
 1425      7400
 1426              	.LASF91:
 1427 0326 63707573 		.ascii	"cpussCm4ClockCtlOffset\000"
 1427      73436D34 
 1427      436C6F63 
 1427      6B43746C 
 1427      4F666673 
 1428              	.LASF74:
 1429 033d 70657269 		.ascii	"periTrCmdGrSelMsk\000"
 1429      5472436D 
 1429      64477253 
 1429      656C4D73 
 1429      6B00
 1430              	.LASF65:
 1431 034f 666C6173 		.ascii	"flashCtlMainWs3Freq\000"
 1431      6843746C 
 1431      4D61696E 
 1431      57733346 
 1431      72657100 
 1432              	.LASF53:
 1433 0363 75646250 		.ascii	"udbPresent\000"
 1433      72657365 
 1433      6E7400
 1434              	.LASF13:
 1435 036e 6C6F6E67 		.ascii	"long double\000"
 1435      20646F75 
 1435      626C6500 
 1436              	.LASF103:
 1437 037a 63707573 		.ascii	"cpussRam2Ctl0\000"
 1437      7352616D 
 1437      3243746C 
 1437      3000
 1438              	.LASF27:
 1439 0388 70617373 		.ascii	"passBase\000"
 1439      42617365 
 1439      00
 1440              	.LASF1:
 1441 0391 756E7369 		.ascii	"unsigned char\000"
 1441      676E6564 
ARM GAS  C:\Users\cmila\AppData\Local\Temp\ccGCwK9g.s 			page 32


 1441      20636861 
 1441      7200
 1442              	.LASF22:
 1443 039f 70657269 		.ascii	"periBase\000"
 1443      42617365 
 1443      00
 1444              	.LASF111:
 1445 03a8 5F726561 		.ascii	"_read\000"
 1445      6400
 1446              	.LASF0:
 1447 03ae 7369676E 		.ascii	"signed char\000"
 1447      65642063 
 1447      68617200 
 1448              	.LASF11:
 1449 03ba 6C6F6E67 		.ascii	"long long unsigned int\000"
 1449      206C6F6E 
 1449      6720756E 
 1449      7369676E 
 1449      65642069 
 1450              	.LASF26:
 1451 03d1 6770696F 		.ascii	"gpioBase\000"
 1451      42617365 
 1451      00
 1452              	.LASF19:
 1453 03da 75696E74 		.ascii	"uint32_t\000"
 1453      33325F74 
 1453      00
 1454              	.LASF92:
 1455 03e3 63707573 		.ascii	"cpussCm4StatusOffset\000"
 1455      73436D34 
 1455      53746174 
 1455      75734F66 
 1455      66736574 
 1456              	.LASF12:
 1457 03f8 756E7369 		.ascii	"unsigned int\000"
 1457      676E6564 
 1457      20696E74 
 1457      00
 1458              	.LASF46:
 1459 0405 73727373 		.ascii	"srssNumClkpath\000"
 1459      4E756D43 
 1459      6C6B7061 
 1459      746800
 1460              	.LASF80:
 1461 0414 70657269 		.ascii	"periDivCmdPaTypeSelPos\000"
 1461      44697643 
 1461      6D645061 
 1461      54797065 
 1461      53656C50 
 1462              	.LASF45:
 1463 042b 63707573 		.ascii	"cpussNotConnectedIrq\000"
 1463      734E6F74 
 1463      436F6E6E 
 1463      65637465 
 1463      64497271 
 1464              	.LASF61:
 1465 0440 666C6173 		.ascii	"flashEraseDelay\000"
ARM GAS  C:\Users\cmila\AppData\Local\Temp\ccGCwK9g.s 			page 33


 1465      68457261 
 1465      73654465 
 1465      6C617900 
 1466              	.LASF84:
 1467 0450 70657269 		.ascii	"periDiv24_5CtlOffset\000"
 1467      44697632 
 1467      345F3543 
 1467      746C4F66 
 1467      66736574 
 1468              	.LASF6:
 1469 0465 73686F72 		.ascii	"short unsigned int\000"
 1469      7420756E 
 1469      7369676E 
 1469      65642069 
 1469      6E7400
 1470              	.LASF15:
 1471 0478 63686172 		.ascii	"char\000"
 1471      00
 1472              	.LASF18:
 1473 047d 75696E74 		.ascii	"uint16_t\000"
 1473      31365F74 
 1473      00
 1474              	.LASF55:
 1475 0486 70726F74 		.ascii	"protBusMasterMask\000"
 1475      4275734D 
 1475      61737465 
 1475      724D6173 
 1475      6B00
 1476              	.LASF78:
 1477 0498 70657269 		.ascii	"periDivCmdTypeSelPos\000"
 1477      44697643 
 1477      6D645479 
 1477      70655365 
 1477      6C506F73 
 1478              	.LASF77:
 1479 04ad 70657269 		.ascii	"periDivCmdDivSelMsk\000"
 1479      44697643 
 1479      6D644469 
 1479      7653656C 
 1479      4D736B00 
 1480              	.LASF23:
 1481 04c1 75646242 		.ascii	"udbBase\000"
 1481      61736500 
 1482              	.LASF49:
 1483 04c9 70657269 		.ascii	"periClockNr\000"
 1483      436C6F63 
 1483      6B4E7200 
 1484              	.LASF47:
 1485 04d5 73727373 		.ascii	"srssNumPll\000"
 1485      4E756D50 
 1485      6C6C00
 1486              	.LASF17:
 1487 04e0 696E7431 		.ascii	"int16_t\000"
 1487      365F7400 
 1488              	.LASF109:
 1489 04e8 5F426F6F 		.ascii	"_Bool\000"
 1489      6C00
ARM GAS  C:\Users\cmila\AppData\Local\Temp\ccGCwK9g.s 			page 34


 1490              	.LASF73:
 1491 04ee 70657269 		.ascii	"periTrCmdOffset\000"
 1491      5472436D 
 1491      644F6666 
 1491      73657400 
 1492              	.LASF56:
 1493 04fe 63727970 		.ascii	"cryptoMemSize\000"
 1493      746F4D65 
 1493      6D53697A 
 1493      6500
 1494              	.LASF86:
 1495 050c 6770696F 		.ascii	"gpioPrtCfgOffset\000"
 1495      50727443 
 1495      66674F66 
 1495      66736574 
 1495      00
 1496              	.LASF31:
 1497 051d 63727970 		.ascii	"cryptoVersion\000"
 1497      746F5665 
 1497      7273696F 
 1497      6E00
 1498              	.LASF34:
 1499 052b 6770696F 		.ascii	"gpioVersion\000"
 1499      56657273 
 1499      696F6E00 
 1500              	.LASF94:
 1501 0537 63707573 		.ascii	"cpussCm4PwrCtlOffset\000"
 1501      73436D34 
 1501      50777243 
 1501      746C4F66 
 1501      66736574 
 1502              	.LASF63:
 1503 054c 666C6173 		.ascii	"flashCtlMainWs1Freq\000"
 1503      6843746C 
 1503      4D61696E 
 1503      57733146 
 1503      72657100 
 1504              	.LASF9:
 1505 0560 6C6F6E67 		.ascii	"long unsigned int\000"
 1505      20756E73 
 1505      69676E65 
 1505      6420696E 
 1505      7400
 1506              	.LASF108:
 1507 0572 646F7562 		.ascii	"double\000"
 1507      6C6500
 1508              	.LASF101:
 1509 0579 63707573 		.ascii	"cpussRam0Ctl0\000"
 1509      7352616D 
 1509      3043746C 
 1509      3000
 1510              	.LASF32:
 1511 0587 64775665 		.ascii	"dwVersion\000"
 1511      7273696F 
 1511      6E00
 1512              	.LASF39:
 1513 0591 63707573 		.ascii	"cpussIpcNr\000"
ARM GAS  C:\Users\cmila\AppData\Local\Temp\ccGCwK9g.s 			page 35


 1513      73497063 
 1513      4E7200
 1514              	.LASF33:
 1515 059c 666C6173 		.ascii	"flashcVersion\000"
 1515      68635665 
 1515      7273696F 
 1515      6E00
 1516              	.LASF118:
 1517 05aa 63795F64 		.ascii	"cy_device\000"
 1517      65766963 
 1517      6500
 1518              	.LASF66:
 1519 05b4 666C6173 		.ascii	"flashCtlMainWs4Freq\000"
 1519      6843746C 
 1519      4D61696E 
 1519      57733446 
 1519      72657100 
 1520              	.LASF44:
 1521 05c8 63707573 		.ascii	"cpussFmIrq\000"
 1521      73466D49 
 1521      727100
 1522              	.LASF79:
 1523 05d3 70657269 		.ascii	"periDivCmdPaDivSelPos\000"
 1523      44697643 
 1523      6D645061 
 1523      44697653 
 1523      656C506F 
 1524              	.LASF117:
 1525 05e9 433A5C55 		.ascii	"C:\\Users\\cmila\\uni\\projects\\Neural-Stimulator-"
 1525      73657273 
 1525      5C636D69 
 1525      6C615C75 
 1525      6E695C70 
 1526 0617 4669726D 		.ascii	"Firmware\\new\\PSOC6\\dacProgramming\\dac.cydsn\000"
 1526      77617265 
 1526      5C6E6577 
 1526      5C50534F 
 1526      43365C64 
 1527              	.LASF51:
 1528 0643 70617373 		.ascii	"passSarChannels\000"
 1528      53617243 
 1528      68616E6E 
 1528      656C7300 
 1529              	.LASF60:
 1530 0653 666C6173 		.ascii	"flashProgramDelay\000"
 1530      6850726F 
 1530      6772616D 
 1530      44656C61 
 1530      7900
 1531              	.LASF3:
 1532 0665 5F5F696E 		.ascii	"__int16_t\000"
 1532      7431365F 
 1532      7400
 1533              	.LASF99:
 1534 066f 63707573 		.ascii	"cpussCm4NmiCtlOffset\000"
 1534      73436D34 
 1534      4E6D6943 
ARM GAS  C:\Users\cmila\AppData\Local\Temp\ccGCwK9g.s 			page 36


 1534      746C4F66 
 1534      66736574 
 1535              	.LASF52:
 1536 0684 65704D6F 		.ascii	"epMonitorNr\000"
 1536      6E69746F 
 1536      724E7200 
 1537              	.LASF64:
 1538 0690 666C6173 		.ascii	"flashCtlMainWs2Freq\000"
 1538      6843746C 
 1538      4D61696E 
 1538      57733246 
 1538      72657100 
 1539              	.LASF83:
 1540 06a4 70657269 		.ascii	"periDiv16_5CtlOffset\000"
 1540      44697631 
 1540      365F3543 
 1540      746C4F66 
 1540      66736574 
 1541              	.LASF75:
 1542 06b9 70657269 		.ascii	"periTrGrOffset\000"
 1542      54724772 
 1542      4F666673 
 1542      657400
 1543              	.LASF96:
 1544 06c8 63707573 		.ascii	"cpussTrimRomCtlOffset\000"
 1544      73547269 
 1544      6D526F6D 
 1544      43746C4F 
 1544      66667365 
 1545              	.LASF58:
 1546 06de 666C6173 		.ascii	"flashPipeRequired\000"
 1546      68506970 
 1546      65526571 
 1546      75697265 
 1546      6400
 1547              	.LASF104:
 1548 06f0 69706353 		.ascii	"ipcStructSize\000"
 1548      74727563 
 1548      7453697A 
 1548      6500
 1549              	.LASF28:
 1550 06fe 69706342 		.ascii	"ipcBase\000"
 1550      61736500 
 1551              	.LASF24:
 1552 0706 70726F74 		.ascii	"protBase\000"
 1552      42617365 
 1552      00
 1553              	.LASF100:
 1554 070f 63707573 		.ascii	"cpussRomCtl\000"
 1554      73526F6D 
 1554      43746C00 
 1555              	.LASF50:
 1556 071b 736D6966 		.ascii	"smifDeviceNr\000"
 1556      44657669 
 1556      63654E72 
 1556      00
 1557              	.LASF93:
ARM GAS  C:\Users\cmila\AppData\Local\Temp\ccGCwK9g.s 			page 37


 1558 0728 63707573 		.ascii	"cpussCm0StatusOffset\000"
 1558      73436D30 
 1558      53746174 
 1558      75734F66 
 1558      66736574 
 1559              	.LASF105:
 1560 073d 6970634C 		.ascii	"ipcLockStatusOffset\000"
 1560      6F636B53 
 1560      74617475 
 1560      734F6666 
 1560      73657400 
 1561              	.LASF116:
 1562 0751 47656E65 		.ascii	"Generated_Source\\PSoC6\\pdl\\utilities\\retarget_i"
 1562      72617465 
 1562      645F536F 
 1562      75726365 
 1562      5C50536F 
 1563 0780 6F5C7265 		.ascii	"o\\retarget.c\000"
 1563      74617267 
 1563      65742E63 
 1563      00
 1564              	.LASF71:
 1565 078d 64775374 		.ascii	"dwStatusChIdxPos\000"
 1565      61747573 
 1565      43684964 
 1565      78506F73 
 1565      00
 1566              	.LASF70:
 1567 079e 64774368 		.ascii	"dwChCtlPreemptablePos\000"
 1567      43746C50 
 1567      7265656D 
 1567      70746162 
 1567      6C65506F 
 1568              	.LASF76:
 1569 07b4 70657269 		.ascii	"periTrGrSize\000"
 1569      54724772 
 1569      53697A65 
 1569      00
 1570              		.ident	"GCC: (GNU Tools for ARM Embedded Processors) 5.4.1 20160609 (release) [ARM/embedded-5-bran
