ARM GAS  C:\Users\cmila\AppData\Local\Temp\cctWBvrf.s 			page 1


   1              		.syntax unified
   2              		.cpu cortex-m4
   3              		.eabi_attribute 27, 1
   4              		.fpu fpv4-sp-d16
   5              		.eabi_attribute 20, 1
   6              		.eabi_attribute 21, 1
   7              		.eabi_attribute 23, 3
   8              		.eabi_attribute 24, 1
   9              		.eabi_attribute 25, 1
  10              		.eabi_attribute 26, 1
  11              		.eabi_attribute 30, 1
  12              		.eabi_attribute 34, 1
  13              		.eabi_attribute 18, 4
  14              		.thumb
  15              		.syntax unified
  16              		.file	"cyfitter_sysint_cfg.c"
  17              		.text
  18              	.Ltext0:
  19              		.cfi_sections	.debug_frame
  20              		.global	isrTimer_cfg
  21              		.global	UART_SCB_IRQ_cfg
  22              		.section	.rodata
  23              		.align	2
  24              		.type	isrTimer_cfg, %object
  25              		.size	isrTimer_cfg, 8
  26              	isrTimer_cfg:
  27 0000 5A00     		.short	90
  28 0002 0000     		.space	2
  29 0004 07000000 		.word	7
  30              		.type	UART_SCB_IRQ_cfg, %object
  31              		.size	UART_SCB_IRQ_cfg, 8
  32              	UART_SCB_IRQ_cfg:
  33 0008 2E00     		.short	46
  34 000a 0000     		.space	2
  35 000c 07000000 		.word	7
  36              		.text
  37              	.Letext0:
  38              		.file 1 "Generated_Source\\PSoC6\\pdl\\devices/psoc6/include/cyble_416045_02.h"
  39              		.file 2 "c:\\program files (x86)\\cypress\\psoc creator\\4.4\\psoc creator\\import\\gnu\\arm\\5.4.
  40              		.file 3 "c:\\program files (x86)\\cypress\\psoc creator\\4.4\\psoc creator\\import\\gnu\\arm\\5.4.
  41              		.file 4 "Generated_Source\\PSoC6\\pdl\\drivers/peripheral/device/cy_device.h"
  42              		.file 5 "Generated_Source\\PSoC6\\pdl\\drivers/peripheral/sysint/cy_sysint.h"
  43              		.file 6 "Generated_Source\\PSoC6\\pdl\\cmsis/include/core_cm4.h"
  44              		.file 7 "Generated_Source\\PSoC6\\cyfitter_sysint_cfg.c"
  45              		.section	.debug_info,"",%progbits
  46              	.Ldebug_info0:
  47 0000 57090000 		.4byte	0x957
  48 0004 0400     		.2byte	0x4
  49 0006 00000000 		.4byte	.Ldebug_abbrev0
  50 000a 04       		.byte	0x4
  51 000b 01       		.uleb128 0x1
  52 000c CC030000 		.4byte	.LASF277
  53 0010 0C       		.byte	0xc
  54 0011 50140000 		.4byte	.LASF278
  55 0015 02020000 		.4byte	.LASF279
  56 0019 00000000 		.4byte	.Ldebug_line0
  57 001d 02       		.uleb128 0x2
ARM GAS  C:\Users\cmila\AppData\Local\Temp\cctWBvrf.s 			page 2


  58 001e 02       		.byte	0x2
  59 001f DE030000 		.4byte	0x3de
  60 0023 01       		.byte	0x1
  61 0024 24       		.byte	0x24
  62 0025 DE030000 		.4byte	0x3de
  63 0029 03       		.uleb128 0x3
  64 002a 66150000 		.4byte	.LASF0
  65 002e 71       		.sleb128 -15
  66 002f 03       		.uleb128 0x3
  67 0030 03110000 		.4byte	.LASF1
  68 0034 72       		.sleb128 -14
  69 0035 03       		.uleb128 0x3
  70 0036 9F150000 		.4byte	.LASF2
  71 003a 73       		.sleb128 -13
  72 003b 03       		.uleb128 0x3
  73 003c E9040000 		.4byte	.LASF3
  74 0040 74       		.sleb128 -12
  75 0041 03       		.uleb128 0x3
  76 0042 160D0000 		.4byte	.LASF4
  77 0046 75       		.sleb128 -11
  78 0047 03       		.uleb128 0x3
  79 0048 02140000 		.4byte	.LASF5
  80 004c 76       		.sleb128 -10
  81 004d 03       		.uleb128 0x3
  82 004e 3B070000 		.4byte	.LASF6
  83 0052 7B       		.sleb128 -5
  84 0053 03       		.uleb128 0x3
  85 0054 F0130000 		.4byte	.LASF7
  86 0058 7C       		.sleb128 -4
  87 0059 03       		.uleb128 0x3
  88 005a C0030000 		.4byte	.LASF8
  89 005e 7E       		.sleb128 -2
  90 005f 03       		.uleb128 0x3
  91 0060 ED120000 		.4byte	.LASF9
  92 0064 7F       		.sleb128 -1
  93 0065 04       		.uleb128 0x4
  94 0066 AD160000 		.4byte	.LASF10
  95 006a 00       		.byte	0
  96 006b 04       		.uleb128 0x4
  97 006c 700E0000 		.4byte	.LASF11
  98 0070 01       		.byte	0x1
  99 0071 04       		.uleb128 0x4
 100 0072 8C020000 		.4byte	.LASF12
 101 0076 02       		.byte	0x2
 102 0077 04       		.uleb128 0x4
 103 0078 17120000 		.4byte	.LASF13
 104 007c 03       		.byte	0x3
 105 007d 04       		.uleb128 0x4
 106 007e E8090000 		.4byte	.LASF14
 107 0082 04       		.byte	0x4
 108 0083 04       		.uleb128 0x4
 109 0084 27160000 		.4byte	.LASF15
 110 0088 05       		.byte	0x5
 111 0089 04       		.uleb128 0x4
 112 008a B20D0000 		.4byte	.LASF16
 113 008e 06       		.byte	0x6
 114 008f 04       		.uleb128 0x4
ARM GAS  C:\Users\cmila\AppData\Local\Temp\cctWBvrf.s 			page 3


 115 0090 54050000 		.4byte	.LASF17
 116 0094 07       		.byte	0x7
 117 0095 04       		.uleb128 0x4
 118 0096 BD110000 		.4byte	.LASF18
 119 009a 08       		.byte	0x8
 120 009b 04       		.uleb128 0x4
 121 009c 7E090000 		.4byte	.LASF19
 122 00a0 09       		.byte	0x9
 123 00a1 04       		.uleb128 0x4
 124 00a2 040A0000 		.4byte	.LASF20
 125 00a6 0A       		.byte	0xa
 126 00a7 04       		.uleb128 0x4
 127 00a8 A0070000 		.4byte	.LASF21
 128 00ac 0B       		.byte	0xb
 129 00ad 04       		.uleb128 0x4
 130 00ae 85100000 		.4byte	.LASF22
 131 00b2 0C       		.byte	0xc
 132 00b3 04       		.uleb128 0x4
 133 00b4 70050000 		.4byte	.LASF23
 134 00b8 0D       		.byte	0xd
 135 00b9 04       		.uleb128 0x4
 136 00ba 84110000 		.4byte	.LASF24
 137 00be 0E       		.byte	0xe
 138 00bf 04       		.uleb128 0x4
 139 00c0 24000000 		.4byte	.LASF25
 140 00c4 0F       		.byte	0xf
 141 00c5 04       		.uleb128 0x4
 142 00c6 27150000 		.4byte	.LASF26
 143 00ca 10       		.byte	0x10
 144 00cb 04       		.uleb128 0x4
 145 00cc 1E0C0000 		.4byte	.LASF27
 146 00d0 11       		.byte	0x11
 147 00d1 04       		.uleb128 0x4
 148 00d2 D4040000 		.4byte	.LASF28
 149 00d6 12       		.byte	0x12
 150 00d7 04       		.uleb128 0x4
 151 00d8 ED0B0000 		.4byte	.LASF29
 152 00dc 13       		.byte	0x13
 153 00dd 04       		.uleb128 0x4
 154 00de 70020000 		.4byte	.LASF30
 155 00e2 14       		.byte	0x14
 156 00e3 04       		.uleb128 0x4
 157 00e4 FB060000 		.4byte	.LASF31
 158 00e8 15       		.byte	0x15
 159 00e9 04       		.uleb128 0x4
 160 00ea 3E0A0000 		.4byte	.LASF32
 161 00ee 16       		.byte	0x16
 162 00ef 04       		.uleb128 0x4
 163 00f0 D0010000 		.4byte	.LASF33
 164 00f4 17       		.byte	0x17
 165 00f5 04       		.uleb128 0x4
 166 00f6 A2100000 		.4byte	.LASF34
 167 00fa 18       		.byte	0x18
 168 00fb 04       		.uleb128 0x4
 169 00fc 8E0C0000 		.4byte	.LASF35
 170 0100 19       		.byte	0x19
 171 0101 04       		.uleb128 0x4
ARM GAS  C:\Users\cmila\AppData\Local\Temp\cctWBvrf.s 			page 4


 172 0102 B1000000 		.4byte	.LASF36
 173 0106 1A       		.byte	0x1a
 174 0107 04       		.uleb128 0x4
 175 0108 37080000 		.4byte	.LASF37
 176 010c 1B       		.byte	0x1b
 177 010d 04       		.uleb128 0x4
 178 010e 71170000 		.4byte	.LASF38
 179 0112 1C       		.byte	0x1c
 180 0113 04       		.uleb128 0x4
 181 0114 B7140000 		.4byte	.LASF39
 182 0118 1D       		.byte	0x1d
 183 0119 04       		.uleb128 0x4
 184 011a 340C0000 		.4byte	.LASF40
 185 011e 1E       		.byte	0x1e
 186 011f 04       		.uleb128 0x4
 187 0120 A1110000 		.4byte	.LASF41
 188 0124 1F       		.byte	0x1f
 189 0125 04       		.uleb128 0x4
 190 0126 F20F0000 		.4byte	.LASF42
 191 012a 20       		.byte	0x20
 192 012b 04       		.uleb128 0x4
 193 012c BD070000 		.4byte	.LASF43
 194 0130 21       		.byte	0x21
 195 0131 04       		.uleb128 0x4
 196 0132 43160000 		.4byte	.LASF44
 197 0136 22       		.byte	0x22
 198 0137 04       		.uleb128 0x4
 199 0138 210B0000 		.4byte	.LASF45
 200 013c 23       		.byte	0x23
 201 013d 04       		.uleb128 0x4
 202 013e 6B010000 		.4byte	.LASF46
 203 0142 24       		.byte	0x24
 204 0143 04       		.uleb128 0x4
 205 0144 67110000 		.4byte	.LASF47
 206 0148 25       		.byte	0x25
 207 0149 04       		.uleb128 0x4
 208 014a D1060000 		.4byte	.LASF48
 209 014e 26       		.byte	0x26
 210 014f 04       		.uleb128 0x4
 211 0150 49150000 		.4byte	.LASF49
 212 0154 27       		.byte	0x27
 213 0155 04       		.uleb128 0x4
 214 0156 D90C0000 		.4byte	.LASF50
 215 015a 28       		.byte	0x28
 216 015b 04       		.uleb128 0x4
 217 015c 47070000 		.4byte	.LASF51
 218 0160 29       		.byte	0x29
 219 0161 04       		.uleb128 0x4
 220 0162 820D0000 		.4byte	.LASF52
 221 0166 2A       		.byte	0x2a
 222 0167 04       		.uleb128 0x4
 223 0168 02120000 		.4byte	.LASF53
 224 016c 2B       		.byte	0x2b
 225 016d 04       		.uleb128 0x4
 226 016e CD000000 		.4byte	.LASF54
 227 0172 2C       		.byte	0x2c
 228 0173 04       		.uleb128 0x4
ARM GAS  C:\Users\cmila\AppData\Local\Temp\cctWBvrf.s 			page 5


 229 0174 FE050000 		.4byte	.LASF55
 230 0178 2D       		.byte	0x2d
 231 0179 04       		.uleb128 0x4
 232 017a C40C0000 		.4byte	.LASF56
 233 017e 2E       		.byte	0x2e
 234 017f 04       		.uleb128 0x4
 235 0180 52110000 		.4byte	.LASF57
 236 0184 2F       		.byte	0x2f
 237 0185 04       		.uleb128 0x4
 238 0186 8D170000 		.4byte	.LASF58
 239 018a 30       		.byte	0x30
 240 018b 04       		.uleb128 0x4
 241 018c 76070000 		.4byte	.LASF59
 242 0190 31       		.byte	0x31
 243 0191 04       		.uleb128 0x4
 244 0192 97120000 		.4byte	.LASF60
 245 0196 32       		.byte	0x32
 246 0197 04       		.uleb128 0x4
 247 0198 9C0A0000 		.4byte	.LASF61
 248 019c 33       		.byte	0x33
 249 019d 04       		.uleb128 0x4
 250 019e 24010000 		.4byte	.LASF62
 251 01a2 34       		.byte	0x34
 252 01a3 04       		.uleb128 0x4
 253 01a4 460E0000 		.4byte	.LASF63
 254 01a8 35       		.byte	0x35
 255 01a9 04       		.uleb128 0x4
 256 01aa 69130000 		.4byte	.LASF64
 257 01ae 36       		.byte	0x36
 258 01af 04       		.uleb128 0x4
 259 01b0 E3140000 		.4byte	.LASF65
 260 01b4 37       		.byte	0x37
 261 01b5 04       		.uleb128 0x4
 262 01b6 CC090000 		.4byte	.LASF66
 263 01ba 38       		.byte	0x38
 264 01bb 04       		.uleb128 0x4
 265 01bc 90000000 		.4byte	.LASF67
 266 01c0 39       		.byte	0x39
 267 01c1 04       		.uleb128 0x4
 268 01c2 69100000 		.4byte	.LASF68
 269 01c6 3A       		.byte	0x3a
 270 01c7 04       		.uleb128 0x4
 271 01c8 2A0E0000 		.4byte	.LASF69
 272 01cc 3B       		.byte	0x3b
 273 01cd 04       		.uleb128 0x4
 274 01ce 46090000 		.4byte	.LASF70
 275 01d2 3C       		.byte	0x3c
 276 01d3 04       		.uleb128 0x4
 277 01d4 C9160000 		.4byte	.LASF71
 278 01d8 3D       		.byte	0x3d
 279 01d9 04       		.uleb128 0x4
 280 01da 8C0E0000 		.4byte	.LASF72
 281 01de 3E       		.byte	0x3e
 282 01df 04       		.uleb128 0x4
 283 01e0 BD020000 		.4byte	.LASF73
 284 01e4 3F       		.byte	0x3f
 285 01e5 04       		.uleb128 0x4
ARM GAS  C:\Users\cmila\AppData\Local\Temp\cctWBvrf.s 			page 6


 286 01e6 33120000 		.4byte	.LASF74
 287 01ea 40       		.byte	0x40
 288 01eb 04       		.uleb128 0x4
 289 01ec 210A0000 		.4byte	.LASF75
 290 01f0 41       		.byte	0x41
 291 01f1 04       		.uleb128 0x4
 292 01f2 8A030000 		.4byte	.LASF76
 293 01f6 42       		.byte	0x42
 294 01f7 04       		.uleb128 0x4
 295 01f8 07130000 		.4byte	.LASF77
 296 01fc 43       		.byte	0x43
 297 01fd 04       		.uleb128 0x4
 298 01fe DE0A0000 		.4byte	.LASF78
 299 0202 44       		.byte	0x44
 300 0203 04       		.uleb128 0x4
 301 0204 FA160000 		.4byte	.LASF79
 302 0208 45       		.byte	0x45
 303 0209 04       		.uleb128 0x4
 304 020a A90E0000 		.4byte	.LASF80
 305 020e 46       		.byte	0x46
 306 020f 04       		.uleb128 0x4
 307 0210 1E060000 		.4byte	.LASF81
 308 0214 47       		.byte	0x47
 309 0215 04       		.uleb128 0x4
 310 0216 60120000 		.4byte	.LASF82
 311 021a 48       		.byte	0x48
 312 021b 04       		.uleb128 0x4
 313 021c 630A0000 		.4byte	.LASF83
 314 0220 49       		.byte	0x49
 315 0221 04       		.uleb128 0x4
 316 0222 E2000000 		.4byte	.LASF84
 317 0226 4A       		.byte	0x4a
 318 0227 04       		.uleb128 0x4
 319 0228 0E0E0000 		.4byte	.LASF85
 320 022c 4B       		.byte	0x4b
 321 022d 04       		.uleb128 0x4
 322 022e C50E0000 		.4byte	.LASF86
 323 0232 4C       		.byte	0x4c
 324 0233 04       		.uleb128 0x4
 325 0234 4D060000 		.4byte	.LASF87
 326 0238 4D       		.byte	0x4d
 327 0239 04       		.uleb128 0x4
 328 023a 0A150000 		.4byte	.LASF88
 329 023e 4E       		.byte	0x4e
 330 023f 04       		.uleb128 0x4
 331 0240 7F0A0000 		.4byte	.LASF89
 332 0244 4F       		.byte	0x4f
 333 0245 04       		.uleb128 0x4
 334 0246 FE000000 		.4byte	.LASF90
 335 024a 50       		.byte	0x50
 336 024b 04       		.uleb128 0x4
 337 024c C0100000 		.4byte	.LASF91
 338 0250 51       		.byte	0x51
 339 0251 04       		.uleb128 0x4
 340 0252 D9070000 		.4byte	.LASF92
 341 0256 52       		.byte	0x52
 342 0257 04       		.uleb128 0x4
ARM GAS  C:\Users\cmila\AppData\Local\Temp\cctWBvrf.s 			page 7


 343 0258 6B160000 		.4byte	.LASF93
 344 025c 53       		.byte	0x53
 345 025d 04       		.uleb128 0x4
 346 025e 30170000 		.4byte	.LASF94
 347 0262 54       		.byte	0x54
 348 0263 04       		.uleb128 0x4
 349 0264 3E0B0000 		.4byte	.LASF95
 350 0268 55       		.byte	0x55
 351 0269 04       		.uleb128 0x4
 352 026a EE0D0000 		.4byte	.LASF96
 353 026e 56       		.byte	0x56
 354 026f 04       		.uleb128 0x4
 355 0270 B8050000 		.4byte	.LASF97
 356 0274 57       		.byte	0x57
 357 0275 04       		.uleb128 0x4
 358 0276 A2170000 		.4byte	.LASF98
 359 027a 58       		.byte	0x58
 360 027b 04       		.uleb128 0x4
 361 027c 7D0F0000 		.4byte	.LASF99
 362 0280 59       		.byte	0x59
 363 0281 04       		.uleb128 0x4
 364 0282 4C170000 		.4byte	.LASF100
 365 0286 5A       		.byte	0x5a
 366 0287 04       		.uleb128 0x4
 367 0288 AA0C0000 		.4byte	.LASF101
 368 028c 5B       		.byte	0x5b
 369 028d 04       		.uleb128 0x4
 370 028e A6030000 		.4byte	.LASF102
 371 0292 5C       		.byte	0x5c
 372 0293 04       		.uleb128 0x4
 373 0294 43130000 		.4byte	.LASF103
 374 0298 5D       		.byte	0x5d
 375 0299 04       		.uleb128 0x4
 376 029a 53080000 		.4byte	.LASF104
 377 029e 5E       		.byte	0x5e
 378 029f 04       		.uleb128 0x4
 379 02a0 16170000 		.4byte	.LASF105
 380 02a4 5F       		.byte	0x5f
 381 02a5 04       		.uleb128 0x4
 382 02a6 E20E0000 		.4byte	.LASF106
 383 02aa 60       		.byte	0x60
 384 02ab 04       		.uleb128 0x4
 385 02ac 3E030000 		.4byte	.LASF107
 386 02b0 61       		.byte	0x61
 387 02b1 04       		.uleb128 0x4
 388 02b2 12140000 		.4byte	.LASF108
 389 02b6 62       		.byte	0x62
 390 02b7 04       		.uleb128 0x4
 391 02b8 EE080000 		.4byte	.LASF109
 392 02bc 63       		.byte	0x63
 393 02bd 04       		.uleb128 0x4
 394 02be C2170000 		.4byte	.LASF110
 395 02c2 64       		.byte	0x64
 396 02c3 04       		.uleb128 0x4
 397 02c4 9D0F0000 		.4byte	.LASF111
 398 02c8 65       		.byte	0x65
 399 02c9 04       		.uleb128 0x4
ARM GAS  C:\Users\cmila\AppData\Local\Temp\cctWBvrf.s 			page 8


 400 02ca 5C070000 		.4byte	.LASF112
 401 02ce 66       		.byte	0x66
 402 02cf 04       		.uleb128 0x4
 403 02d0 9D130000 		.4byte	.LASF113
 404 02d4 67       		.byte	0x67
 405 02d5 04       		.uleb128 0x4
 406 02d6 560B0000 		.4byte	.LASF114
 407 02da 68       		.byte	0x68
 408 02db 04       		.uleb128 0x4
 409 02dc AC010000 		.4byte	.LASF115
 410 02e0 69       		.byte	0x69
 411 02e1 04       		.uleb128 0x4
 412 02e2 200F0000 		.4byte	.LASF116
 413 02e6 6A       		.byte	0x6a
 414 02e7 04       		.uleb128 0x4
 415 02e8 16070000 		.4byte	.LASF117
 416 02ec 6B       		.byte	0x6b
 417 02ed 04       		.uleb128 0x4
 418 02ee 0C160000 		.4byte	.LASF118
 419 02f2 6C       		.byte	0x6c
 420 02f3 04       		.uleb128 0x4
 421 02f4 970D0000 		.4byte	.LASF119
 422 02f8 6D       		.byte	0x6d
 423 02f9 04       		.uleb128 0x4
 424 02fa 39050000 		.4byte	.LASF120
 425 02fe 6E       		.byte	0x6e
 426 02ff 04       		.uleb128 0x4
 427 0300 9C140000 		.4byte	.LASF121
 428 0304 6F       		.byte	0x6f
 429 0305 04       		.uleb128 0x4
 430 0306 63090000 		.4byte	.LASF122
 431 030a 70       		.byte	0x70
 432 030b 04       		.uleb128 0x4
 433 030c 3D000000 		.4byte	.LASF123
 434 0310 71       		.byte	0x71
 435 0311 04       		.uleb128 0x4
 436 0312 D70F0000 		.4byte	.LASF124
 437 0316 72       		.byte	0x72
 438 0317 04       		.uleb128 0x4
 439 0318 FF040000 		.4byte	.LASF125
 440 031c 73       		.byte	0x73
 441 031d 04       		.uleb128 0x4
 442 031e D5130000 		.4byte	.LASF126
 443 0322 74       		.byte	0x74
 444 0323 04       		.uleb128 0x4
 445 0324 B60B0000 		.4byte	.LASF127
 446 0328 75       		.byte	0x75
 447 0329 04       		.uleb128 0x4
 448 032a 17110000 		.4byte	.LASF128
 449 032e 76       		.byte	0x76
 450 032f 04       		.uleb128 0x4
 451 0330 FF020000 		.4byte	.LASF129
 452 0334 77       		.byte	0x77
 453 0335 04       		.uleb128 0x4
 454 0336 7C120000 		.4byte	.LASF130
 455 033a 78       		.byte	0x78
 456 033b 04       		.uleb128 0x4
ARM GAS  C:\Users\cmila\AppData\Local\Temp\cctWBvrf.s 			page 9


 457 033c E4020000 		.4byte	.LASF131
 458 0340 79       		.byte	0x79
 459 0341 04       		.uleb128 0x4
 460 0342 D2150000 		.4byte	.LASF132
 461 0346 7A       		.byte	0x7a
 462 0347 04       		.uleb128 0x4
 463 0348 4A0D0000 		.4byte	.LASF133
 464 034c 7B       		.byte	0x7b
 465 034d 04       		.uleb128 0x4
 466 034e 1A050000 		.4byte	.LASF134
 467 0352 7C       		.byte	0x7c
 468 0353 04       		.uleb128 0x4
 469 0354 2C140000 		.4byte	.LASF135
 470 0358 7D       		.byte	0x7d
 471 0359 04       		.uleb128 0x4
 472 035a 08090000 		.4byte	.LASF136
 473 035e 7E       		.byte	0x7e
 474 035f 04       		.uleb128 0x4
 475 0360 0E100000 		.4byte	.LASF137
 476 0364 7F       		.byte	0x7f
 477 0365 04       		.uleb128 0x4
 478 0366 B70F0000 		.4byte	.LASF138
 479 036a 80       		.byte	0x80
 480 036b 04       		.uleb128 0x4
 481 036c BE040000 		.4byte	.LASF139
 482 0370 81       		.byte	0x81
 483 0371 04       		.uleb128 0x4
 484 0372 B7130000 		.4byte	.LASF140
 485 0376 82       		.byte	0x82
 486 0377 04       		.uleb128 0x4
 487 0378 700B0000 		.4byte	.LASF141
 488 037c 83       		.byte	0x83
 489 037d 04       		.uleb128 0x4
 490 037e 62000000 		.4byte	.LASF142
 491 0382 84       		.byte	0x84
 492 0383 04       		.uleb128 0x4
 493 0384 20080000 		.4byte	.LASF143
 494 0388 85       		.byte	0x85
 495 0389 04       		.uleb128 0x4
 496 038a D6120000 		.4byte	.LASF144
 497 038e 86       		.byte	0x86
 498 038f 04       		.uleb128 0x4
 499 0390 970B0000 		.4byte	.LASF145
 500 0394 87       		.byte	0x87
 501 0395 04       		.uleb128 0x4
 502 0396 1A030000 		.4byte	.LASF146
 503 039a 88       		.byte	0x88
 504 039b 04       		.uleb128 0x4
 505 039c 8D050000 		.4byte	.LASF147
 506 03a0 89       		.byte	0x89
 507 03a1 04       		.uleb128 0x4
 508 03a2 BA150000 		.4byte	.LASF148
 509 03a6 8A       		.byte	0x8a
 510 03a7 04       		.uleb128 0x4
 511 03a8 B1080000 		.4byte	.LASF149
 512 03ac 8B       		.byte	0x8b
 513 03ad 04       		.uleb128 0x4
ARM GAS  C:\Users\cmila\AppData\Local\Temp\cctWBvrf.s 			page 10


 514 03ae 2B090000 		.4byte	.LASF150
 515 03b2 8C       		.byte	0x8c
 516 03b3 04       		.uleb128 0x4
 517 03b4 89070000 		.4byte	.LASF151
 518 03b8 8D       		.byte	0x8d
 519 03b9 04       		.uleb128 0x4
 520 03ba EE110000 		.4byte	.LASF152
 521 03be 8E       		.byte	0x8e
 522 03bf 04       		.uleb128 0x4
 523 03c0 6C0D0000 		.4byte	.LASF153
 524 03c4 8F       		.byte	0x8f
 525 03c5 04       		.uleb128 0x4
 526 03c6 6A060000 		.4byte	.LASF154
 527 03ca 90       		.byte	0x90
 528 03cb 04       		.uleb128 0x4
 529 03cc 0B0B0000 		.4byte	.LASF155
 530 03d0 91       		.byte	0x91
 531 03d1 04       		.uleb128 0x4
 532 03d2 D5080000 		.4byte	.LASF156
 533 03d6 92       		.byte	0x92
 534 03d7 04       		.uleb128 0x4
 535 03d8 CD0A0000 		.4byte	.LASF157
 536 03dc F0       		.byte	0xf0
 537 03dd 00       		.byte	0
 538 03de 05       		.uleb128 0x5
 539 03df 02       		.byte	0x2
 540 03e0 05       		.byte	0x5
 541 03e1 DA020000 		.4byte	.LASF158
 542 03e5 06       		.uleb128 0x6
 543 03e6 0B080000 		.4byte	.LASF160
 544 03ea 01       		.byte	0x1
 545 03eb F4       		.byte	0xf4
 546 03ec 1D000000 		.4byte	0x1d
 547 03f0 05       		.uleb128 0x5
 548 03f1 01       		.byte	0x1
 549 03f2 06       		.byte	0x6
 550 03f3 AE150000 		.4byte	.LASF159
 551 03f7 06       		.uleb128 0x6
 552 03f8 3F150000 		.4byte	.LASF161
 553 03fc 02       		.byte	0x2
 554 03fd 1D       		.byte	0x1d
 555 03fe 02040000 		.4byte	0x402
 556 0402 05       		.uleb128 0x5
 557 0403 01       		.byte	0x1
 558 0404 08       		.byte	0x8
 559 0405 42140000 		.4byte	.LASF162
 560 0409 06       		.uleb128 0x6
 561 040a F60C0000 		.4byte	.LASF163
 562 040e 02       		.byte	0x2
 563 040f 29       		.byte	0x29
 564 0410 DE030000 		.4byte	0x3de
 565 0414 06       		.uleb128 0x6
 566 0415 30070000 		.4byte	.LASF164
 567 0419 02       		.byte	0x2
 568 041a 2B       		.byte	0x2b
 569 041b 1F040000 		.4byte	0x41f
 570 041f 05       		.uleb128 0x5
ARM GAS  C:\Users\cmila\AppData\Local\Temp\cctWBvrf.s 			page 11


 571 0420 02       		.byte	0x2
 572 0421 07       		.byte	0x7
 573 0422 3A0F0000 		.4byte	.LASF165
 574 0426 06       		.uleb128 0x6
 575 0427 C6010000 		.4byte	.LASF166
 576 042b 02       		.byte	0x2
 577 042c 3F       		.byte	0x3f
 578 042d 31040000 		.4byte	0x431
 579 0431 05       		.uleb128 0x5
 580 0432 04       		.byte	0x4
 581 0433 05       		.byte	0x5
 582 0434 B7100000 		.4byte	.LASF167
 583 0438 06       		.uleb128 0x6
 584 0439 7D140000 		.4byte	.LASF168
 585 043d 02       		.byte	0x2
 586 043e 41       		.byte	0x41
 587 043f 43040000 		.4byte	0x443
 588 0443 05       		.uleb128 0x5
 589 0444 04       		.byte	0x4
 590 0445 07       		.byte	0x7
 591 0446 31130000 		.4byte	.LASF169
 592 044a 05       		.uleb128 0x5
 593 044b 08       		.byte	0x8
 594 044c 05       		.byte	0x5
 595 044d 5E0C0000 		.4byte	.LASF170
 596 0451 05       		.uleb128 0x5
 597 0452 08       		.byte	0x8
 598 0453 07       		.byte	0x7
 599 0454 91060000 		.4byte	.LASF171
 600 0458 07       		.uleb128 0x7
 601 0459 04       		.byte	0x4
 602 045a 05       		.byte	0x5
 603 045b 696E7400 		.ascii	"int\000"
 604 045f 05       		.uleb128 0x5
 605 0460 04       		.byte	0x4
 606 0461 07       		.byte	0x7
 607 0462 5E010000 		.4byte	.LASF172
 608 0466 06       		.uleb128 0x6
 609 0467 AE0B0000 		.4byte	.LASF173
 610 046b 03       		.byte	0x3
 611 046c 18       		.byte	0x18
 612 046d F7030000 		.4byte	0x3f7
 613 0471 06       		.uleb128 0x6
 614 0472 8B040000 		.4byte	.LASF174
 615 0476 03       		.byte	0x3
 616 0477 20       		.byte	0x20
 617 0478 09040000 		.4byte	0x409
 618 047c 06       		.uleb128 0x6
 619 047d 590F0000 		.4byte	.LASF175
 620 0481 03       		.byte	0x3
 621 0482 24       		.byte	0x24
 622 0483 14040000 		.4byte	0x414
 623 0487 06       		.uleb128 0x6
 624 0488 85130000 		.4byte	.LASF176
 625 048c 03       		.byte	0x3
 626 048d 2C       		.byte	0x2c
 627 048e 26040000 		.4byte	0x426
ARM GAS  C:\Users\cmila\AppData\Local\Temp\cctWBvrf.s 			page 12


 628 0492 06       		.uleb128 0x6
 629 0493 30050000 		.4byte	.LASF177
 630 0497 03       		.byte	0x3
 631 0498 30       		.byte	0x30
 632 0499 38040000 		.4byte	0x438
 633 049d 05       		.uleb128 0x5
 634 049e 04       		.byte	0x4
 635 049f 07       		.byte	0x7
 636 04a0 24100000 		.4byte	.LASF178
 637 04a4 05       		.uleb128 0x5
 638 04a5 08       		.byte	0x8
 639 04a6 04       		.byte	0x4
 640 04a7 4D0F0000 		.4byte	.LASF179
 641 04ab 08       		.uleb128 0x8
 642 04ac B8       		.byte	0xb8
 643 04ad 04       		.byte	0x4
 644 04ae 34       		.byte	0x34
 645 04af BC080000 		.4byte	0x8bc
 646 04b3 09       		.uleb128 0x9
 647 04b4 F8010000 		.4byte	.LASF180
 648 04b8 04       		.byte	0x4
 649 04b9 37       		.byte	0x37
 650 04ba 92040000 		.4byte	0x492
 651 04be 00       		.byte	0
 652 04bf 09       		.uleb128 0x9
 653 04c0 13060000 		.4byte	.LASF181
 654 04c4 04       		.byte	0x4
 655 04c5 38       		.byte	0x38
 656 04c6 92040000 		.4byte	0x492
 657 04ca 04       		.byte	0x4
 658 04cb 09       		.uleb128 0x9
 659 04cc 1B010000 		.4byte	.LASF182
 660 04d0 04       		.byte	0x4
 661 04d1 39       		.byte	0x39
 662 04d2 92040000 		.4byte	0x492
 663 04d6 08       		.byte	0x8
 664 04d7 09       		.uleb128 0x9
 665 04d8 CD130000 		.4byte	.LASF183
 666 04dc 04       		.byte	0x4
 667 04dd 3A       		.byte	0x3a
 668 04de 92040000 		.4byte	0x492
 669 04e2 0C       		.byte	0xc
 670 04e3 09       		.uleb128 0x9
 671 04e4 620F0000 		.4byte	.LASF184
 672 04e8 04       		.byte	0x4
 673 04e9 3B       		.byte	0x3b
 674 04ea 92040000 		.4byte	0x492
 675 04ee 10       		.byte	0x10
 676 04ef 09       		.uleb128 0x9
 677 04f0 0C0D0000 		.4byte	.LASF185
 678 04f4 04       		.byte	0x4
 679 04f5 3C       		.byte	0x3c
 680 04f6 92040000 		.4byte	0x492
 681 04fa 14       		.byte	0x14
 682 04fb 09       		.uleb128 0x9
 683 04fc CC080000 		.4byte	.LASF186
 684 0500 04       		.byte	0x4
ARM GAS  C:\Users\cmila\AppData\Local\Temp\cctWBvrf.s 			page 13


 685 0501 3D       		.byte	0x3d
 686 0502 92040000 		.4byte	0x492
 687 0506 18       		.byte	0x18
 688 0507 09       		.uleb128 0x9
 689 0508 90160000 		.4byte	.LASF187
 690 050c 04       		.byte	0x4
 691 050d 3E       		.byte	0x3e
 692 050e 92040000 		.4byte	0x492
 693 0512 1C       		.byte	0x1c
 694 0513 09       		.uleb128 0x9
 695 0514 6C0C0000 		.4byte	.LASF188
 696 0518 04       		.byte	0x4
 697 0519 3F       		.byte	0x3f
 698 051a 92040000 		.4byte	0x492
 699 051e 20       		.byte	0x20
 700 051f 09       		.uleb128 0x9
 701 0520 830C0000 		.4byte	.LASF189
 702 0524 04       		.byte	0x4
 703 0525 40       		.byte	0x40
 704 0526 92040000 		.4byte	0x492
 705 052a 24       		.byte	0x24
 706 052b 09       		.uleb128 0x9
 707 052c DD100000 		.4byte	.LASF190
 708 0530 04       		.byte	0x4
 709 0531 43       		.byte	0x43
 710 0532 66040000 		.4byte	0x466
 711 0536 28       		.byte	0x28
 712 0537 09       		.uleb128 0x9
 713 0538 DE050000 		.4byte	.LASF191
 714 053c 04       		.byte	0x4
 715 053d 44       		.byte	0x44
 716 053e 66040000 		.4byte	0x466
 717 0542 29       		.byte	0x29
 718 0543 09       		.uleb128 0x9
 719 0544 CD0F0000 		.4byte	.LASF192
 720 0548 04       		.byte	0x4
 721 0549 45       		.byte	0x45
 722 054a 66040000 		.4byte	0x466
 723 054e 2A       		.byte	0x2a
 724 054f 09       		.uleb128 0x9
 725 0550 32110000 		.4byte	.LASF193
 726 0554 04       		.byte	0x4
 727 0555 46       		.byte	0x46
 728 0556 66040000 		.4byte	0x466
 729 055a 2B       		.byte	0x2b
 730 055b 09       		.uleb128 0x9
 731 055c F7100000 		.4byte	.LASF194
 732 0560 04       		.byte	0x4
 733 0561 47       		.byte	0x47
 734 0562 66040000 		.4byte	0x466
 735 0566 2C       		.byte	0x2c
 736 0567 09       		.uleb128 0x9
 737 0568 FA120000 		.4byte	.LASF195
 738 056c 04       		.byte	0x4
 739 056d 48       		.byte	0x48
 740 056e 66040000 		.4byte	0x466
 741 0572 2D       		.byte	0x2d
ARM GAS  C:\Users\cmila\AppData\Local\Temp\cctWBvrf.s 			page 14


 742 0573 09       		.uleb128 0x9
 743 0574 66170000 		.4byte	.LASF196
 744 0578 04       		.byte	0x4
 745 0579 49       		.byte	0x49
 746 057a 66040000 		.4byte	0x466
 747 057e 2E       		.byte	0x2e
 748 057f 09       		.uleb128 0x9
 749 0580 5F160000 		.4byte	.LASF197
 750 0584 04       		.byte	0x4
 751 0585 4A       		.byte	0x4a
 752 0586 66040000 		.4byte	0x466
 753 058a 2F       		.byte	0x2f
 754 058b 09       		.uleb128 0x9
 755 058c 7F040000 		.4byte	.LASF198
 756 0590 04       		.byte	0x4
 757 0591 4B       		.byte	0x4b
 758 0592 66040000 		.4byte	0x466
 759 0596 30       		.byte	0x30
 760 0597 09       		.uleb128 0x9
 761 0598 CE0D0000 		.4byte	.LASF199
 762 059c 04       		.byte	0x4
 763 059d 4E       		.byte	0x4e
 764 059e 66040000 		.4byte	0x466
 765 05a2 31       		.byte	0x31
 766 05a3 09       		.uleb128 0x9
 767 05a4 E8150000 		.4byte	.LASF200
 768 05a8 04       		.byte	0x4
 769 05a9 4F       		.byte	0x4f
 770 05aa 66040000 		.4byte	0x466
 771 05ae 32       		.byte	0x32
 772 05af 09       		.uleb128 0x9
 773 05b0 600D0000 		.4byte	.LASF201
 774 05b4 04       		.byte	0x4
 775 05b5 50       		.byte	0x50
 776 05b6 66040000 		.4byte	0x466
 777 05ba 33       		.byte	0x33
 778 05bb 09       		.uleb128 0x9
 779 05bc 520A0000 		.4byte	.LASF202
 780 05c0 04       		.byte	0x4
 781 05c1 51       		.byte	0x51
 782 05c2 66040000 		.4byte	0x466
 783 05c6 34       		.byte	0x34
 784 05c7 09       		.uleb128 0x9
 785 05c8 EE060000 		.4byte	.LASF203
 786 05cc 04       		.byte	0x4
 787 05cd 52       		.byte	0x52
 788 05ce 71040000 		.4byte	0x471
 789 05d2 36       		.byte	0x36
 790 05d3 09       		.uleb128 0x9
 791 05d4 65020000 		.4byte	.LASF204
 792 05d8 04       		.byte	0x4
 793 05d9 53       		.byte	0x53
 794 05da 71040000 		.4byte	0x471
 795 05de 38       		.byte	0x38
 796 05df 09       		.uleb128 0x9
 797 05e0 A8020000 		.4byte	.LASF205
 798 05e4 04       		.byte	0x4
ARM GAS  C:\Users\cmila\AppData\Local\Temp\cctWBvrf.s 			page 15


 799 05e5 54       		.byte	0x54
 800 05e6 71040000 		.4byte	0x471
 801 05ea 3A       		.byte	0x3a
 802 05eb 09       		.uleb128 0x9
 803 05ec E9010000 		.4byte	.LASF206
 804 05f0 04       		.byte	0x4
 805 05f1 55       		.byte	0x55
 806 05f2 66040000 		.4byte	0x466
 807 05f6 3C       		.byte	0x3c
 808 05f7 09       		.uleb128 0x9
 809 05f8 15080000 		.4byte	.LASF207
 810 05fc 04       		.byte	0x4
 811 05fd 56       		.byte	0x56
 812 05fe 66040000 		.4byte	0x466
 813 0602 3D       		.byte	0x3d
 814 0603 09       		.uleb128 0x9
 815 0604 8F080000 		.4byte	.LASF208
 816 0608 04       		.byte	0x4
 817 0609 57       		.byte	0x57
 818 060a 66040000 		.4byte	0x466
 819 060e 3E       		.byte	0x3e
 820 060f 09       		.uleb128 0x9
 821 0610 000D0000 		.4byte	.LASF209
 822 0614 04       		.byte	0x4
 823 0615 58       		.byte	0x58
 824 0616 66040000 		.4byte	0x466
 825 061a 3F       		.byte	0x3f
 826 061b 09       		.uleb128 0x9
 827 061c 88010000 		.4byte	.LASF210
 828 0620 04       		.byte	0x4
 829 0621 59       		.byte	0x59
 830 0622 66040000 		.4byte	0x466
 831 0626 40       		.byte	0x40
 832 0627 09       		.uleb128 0x9
 833 0628 50120000 		.4byte	.LASF211
 834 062c 04       		.byte	0x4
 835 062d 5A       		.byte	0x5a
 836 062e 66040000 		.4byte	0x466
 837 0632 41       		.byte	0x41
 838 0633 09       		.uleb128 0x9
 839 0634 93150000 		.4byte	.LASF212
 840 0638 04       		.byte	0x4
 841 0639 5B       		.byte	0x5b
 842 063a 66040000 		.4byte	0x466
 843 063e 42       		.byte	0x42
 844 063f 09       		.uleb128 0x9
 845 0640 B0090000 		.4byte	.LASF213
 846 0644 04       		.byte	0x4
 847 0645 5C       		.byte	0x5c
 848 0646 66040000 		.4byte	0x466
 849 064a 43       		.byte	0x43
 850 064b 09       		.uleb128 0x9
 851 064c FA0A0000 		.4byte	.LASF214
 852 0650 04       		.byte	0x4
 853 0651 5D       		.byte	0x5d
 854 0652 66040000 		.4byte	0x466
 855 0656 44       		.byte	0x44
ARM GAS  C:\Users\cmila\AppData\Local\Temp\cctWBvrf.s 			page 16


 856 0657 09       		.uleb128 0x9
 857 0658 40110000 		.4byte	.LASF215
 858 065c 04       		.byte	0x4
 859 065d 5E       		.byte	0x5e
 860 065e 92040000 		.4byte	0x492
 861 0662 48       		.byte	0x48
 862 0663 09       		.uleb128 0x9
 863 0664 6E030000 		.4byte	.LASF216
 864 0668 04       		.byte	0x4
 865 0669 5F       		.byte	0x5f
 866 066a 92040000 		.4byte	0x492
 867 066e 4C       		.byte	0x4c
 868 066f 09       		.uleb128 0x9
 869 0670 71150000 		.4byte	.LASF217
 870 0674 04       		.byte	0x4
 871 0675 60       		.byte	0x60
 872 0676 66040000 		.4byte	0x466
 873 067a 50       		.byte	0x50
 874 067b 09       		.uleb128 0x9
 875 067c 6D080000 		.4byte	.LASF218
 876 0680 04       		.byte	0x4
 877 0681 61       		.byte	0x61
 878 0682 66040000 		.4byte	0x466
 879 0686 51       		.byte	0x51
 880 0687 09       		.uleb128 0x9
 881 0688 81060000 		.4byte	.LASF219
 882 068c 04       		.byte	0x4
 883 068d 62       		.byte	0x62
 884 068e 66040000 		.4byte	0x466
 885 0692 52       		.byte	0x52
 886 0693 09       		.uleb128 0x9
 887 0694 EC050000 		.4byte	.LASF220
 888 0698 04       		.byte	0x4
 889 0699 63       		.byte	0x63
 890 069a 66040000 		.4byte	0x466
 891 069e 53       		.byte	0x53
 892 069f 09       		.uleb128 0x9
 893 06a0 D3140000 		.4byte	.LASF221
 894 06a4 04       		.byte	0x4
 895 06a5 64       		.byte	0x64
 896 06a6 66040000 		.4byte	0x466
 897 06aa 54       		.byte	0x54
 898 06ab 09       		.uleb128 0x9
 899 06ac 9D080000 		.4byte	.LASF222
 900 06b0 04       		.byte	0x4
 901 06b1 65       		.byte	0x65
 902 06b2 66040000 		.4byte	0x466
 903 06b6 55       		.byte	0x55
 904 06b7 09       		.uleb128 0x9
 905 06b8 00000000 		.4byte	.LASF223
 906 06bc 04       		.byte	0x4
 907 06bd 66       		.byte	0x66
 908 06be 66040000 		.4byte	0x466
 909 06c2 56       		.byte	0x56
 910 06c3 09       		.uleb128 0x9
 911 06c4 99160000 		.4byte	.LASF224
 912 06c8 04       		.byte	0x4
ARM GAS  C:\Users\cmila\AppData\Local\Temp\cctWBvrf.s 			page 17


 913 06c9 67       		.byte	0x67
 914 06ca 66040000 		.4byte	0x466
 915 06ce 57       		.byte	0x57
 916 06cf 09       		.uleb128 0x9
 917 06d0 F7070000 		.4byte	.LASF225
 918 06d4 04       		.byte	0x4
 919 06d5 68       		.byte	0x68
 920 06d6 66040000 		.4byte	0x466
 921 06da 58       		.byte	0x58
 922 06db 09       		.uleb128 0x9
 923 06dc E6160000 		.4byte	.LASF226
 924 06e0 04       		.byte	0x4
 925 06e1 69       		.byte	0x69
 926 06e2 66040000 		.4byte	0x466
 927 06e6 59       		.byte	0x59
 928 06e7 09       		.uleb128 0x9
 929 06e8 FF140000 		.4byte	.LASF227
 930 06ec 04       		.byte	0x4
 931 06ed 6E       		.byte	0x6e
 932 06ee 7C040000 		.4byte	0x47c
 933 06f2 5A       		.byte	0x5a
 934 06f3 09       		.uleb128 0x9
 935 06f4 55010000 		.4byte	.LASF228
 936 06f8 04       		.byte	0x4
 937 06f9 6F       		.byte	0x6f
 938 06fa 7C040000 		.4byte	0x47c
 939 06fe 5C       		.byte	0x5c
 940 06ff 09       		.uleb128 0x9
 941 0700 740C0000 		.4byte	.LASF229
 942 0704 04       		.byte	0x4
 943 0705 70       		.byte	0x70
 944 0706 66040000 		.4byte	0x466
 945 070a 5E       		.byte	0x5e
 946 070b 09       		.uleb128 0x9
 947 070c F6150000 		.4byte	.LASF230
 948 0710 04       		.byte	0x4
 949 0711 71       		.byte	0x71
 950 0712 66040000 		.4byte	0x466
 951 0716 5F       		.byte	0x5f
 952 0717 09       		.uleb128 0x9
 953 0718 BB090000 		.4byte	.LASF231
 954 071c 04       		.byte	0x4
 955 071d 72       		.byte	0x72
 956 071e 66040000 		.4byte	0x466
 957 0722 60       		.byte	0x60
 958 0723 09       		.uleb128 0x9
 959 0724 860B0000 		.4byte	.LASF232
 960 0728 04       		.byte	0x4
 961 0729 73       		.byte	0x73
 962 072a 92040000 		.4byte	0x492
 963 072e 64       		.byte	0x64
 964 072f 09       		.uleb128 0x9
 965 0730 7F080000 		.4byte	.LASF233
 966 0734 04       		.byte	0x4
 967 0735 76       		.byte	0x76
 968 0736 7C040000 		.4byte	0x47c
 969 073a 68       		.byte	0x68
ARM GAS  C:\Users\cmila\AppData\Local\Temp\cctWBvrf.s 			page 18


 970 073b 09       		.uleb128 0x9
 971 073c 6B0F0000 		.4byte	.LASF234
 972 0740 04       		.byte	0x4
 973 0741 77       		.byte	0x77
 974 0742 7C040000 		.4byte	0x47c
 975 0746 6A       		.byte	0x6a
 976 0747 09       		.uleb128 0x9
 977 0748 3B0D0000 		.4byte	.LASF235
 978 074c 04       		.byte	0x4
 979 074d 78       		.byte	0x78
 980 074e 7C040000 		.4byte	0x47c
 981 0752 6C       		.byte	0x6c
 982 0753 09       		.uleb128 0x9
 983 0754 31030000 		.4byte	.LASF236
 984 0758 04       		.byte	0x4
 985 0759 79       		.byte	0x79
 986 075a 7C040000 		.4byte	0x47c
 987 075e 6E       		.byte	0x6e
 988 075f 09       		.uleb128 0x9
 989 0760 D90B0000 		.4byte	.LASF237
 990 0764 04       		.byte	0x4
 991 0765 7B       		.byte	0x7b
 992 0766 66040000 		.4byte	0x466
 993 076a 70       		.byte	0x70
 994 076b 09       		.uleb128 0x9
 995 076c 93040000 		.4byte	.LASF238
 996 0770 04       		.byte	0x4
 997 0771 7C       		.byte	0x7c
 998 0772 66040000 		.4byte	0x466
 999 0776 71       		.byte	0x71
 1000 0777 09       		.uleb128 0x9
 1001 0778 58030000 		.4byte	.LASF239
 1002 077c 04       		.byte	0x4
 1003 077d 7D       		.byte	0x7d
 1004 077e 66040000 		.4byte	0x466
 1005 0782 72       		.byte	0x72
 1006 0783 09       		.uleb128 0x9
 1007 0784 95010000 		.4byte	.LASF240
 1008 0788 04       		.byte	0x4
 1009 0789 7E       		.byte	0x7e
 1010 078a 66040000 		.4byte	0x466
 1011 078e 73       		.byte	0x73
 1012 078f 09       		.uleb128 0x9
 1013 0790 57100000 		.4byte	.LASF241
 1014 0794 04       		.byte	0x4
 1015 0795 80       		.byte	0x80
 1016 0796 7C040000 		.4byte	0x47c
 1017 079a 74       		.byte	0x74
 1018 079b 09       		.uleb128 0x9
 1019 079c 0D0F0000 		.4byte	.LASF242
 1020 07a0 04       		.byte	0x4
 1021 07a1 81       		.byte	0x81
 1022 07a2 7C040000 		.4byte	0x47c
 1023 07a6 76       		.byte	0x76
 1024 07a7 09       		.uleb128 0x9
 1025 07a8 B80A0000 		.4byte	.LASF243
 1026 07ac 04       		.byte	0x4
ARM GAS  C:\Users\cmila\AppData\Local\Temp\cctWBvrf.s 			page 19


 1027 07ad 82       		.byte	0x82
 1028 07ae 7C040000 		.4byte	0x47c
 1029 07b2 78       		.byte	0x78
 1030 07b3 09       		.uleb128 0x9
 1031 07b4 A8060000 		.4byte	.LASF244
 1032 07b8 04       		.byte	0x4
 1033 07b9 83       		.byte	0x83
 1034 07ba 7C040000 		.4byte	0x47c
 1035 07be 7A       		.byte	0x7a
 1036 07bf 09       		.uleb128 0x9
 1037 07c0 090C0000 		.4byte	.LASF245
 1038 07c4 04       		.byte	0x4
 1039 07c5 86       		.byte	0x86
 1040 07c6 66040000 		.4byte	0x466
 1041 07ca 7C       		.byte	0x7c
 1042 07cb 09       		.uleb128 0x9
 1043 07cc 82150000 		.4byte	.LASF246
 1044 07d0 04       		.byte	0x4
 1045 07d1 87       		.byte	0x87
 1046 07d2 66040000 		.4byte	0x466
 1047 07d6 7D       		.byte	0x7d
 1048 07d7 09       		.uleb128 0x9
 1049 07d8 3A060000 		.4byte	.LASF247
 1050 07dc 04       		.byte	0x4
 1051 07dd 88       		.byte	0x88
 1052 07de 66040000 		.4byte	0x466
 1053 07e2 7E       		.byte	0x7e
 1054 07e3 09       		.uleb128 0x9
 1055 07e4 A4050000 		.4byte	.LASF248
 1056 07e8 04       		.byte	0x4
 1057 07e9 89       		.byte	0x89
 1058 07ea 66040000 		.4byte	0x466
 1059 07ee 7F       		.byte	0x7f
 1060 07ef 09       		.uleb128 0x9
 1061 07f0 BD060000 		.4byte	.LASF249
 1062 07f4 04       		.byte	0x4
 1063 07f5 8A       		.byte	0x8a
 1064 07f6 66040000 		.4byte	0x466
 1065 07fa 80       		.byte	0x80
 1066 07fb 09       		.uleb128 0x9
 1067 07fc 79000000 		.4byte	.LASF250
 1068 0800 04       		.byte	0x4
 1069 0801 8D       		.byte	0x8d
 1070 0802 92040000 		.4byte	0x492
 1071 0806 84       		.byte	0x84
 1072 0807 09       		.uleb128 0x9
 1073 0808 240D0000 		.4byte	.LASF251
 1074 080c 04       		.byte	0x4
 1075 080d 8E       		.byte	0x8e
 1076 080e 92040000 		.4byte	0x492
 1077 0812 88       		.byte	0x88
 1078 0813 09       		.uleb128 0x9
 1079 0814 D90D0000 		.4byte	.LASF252
 1080 0818 04       		.byte	0x4
 1081 0819 8F       		.byte	0x8f
 1082 081a 92040000 		.4byte	0x492
 1083 081e 8C       		.byte	0x8c
ARM GAS  C:\Users\cmila\AppData\Local\Temp\cctWBvrf.s 			page 20


 1084 081f 09       		.uleb128 0x9
 1085 0820 42100000 		.4byte	.LASF253
 1086 0824 04       		.byte	0x4
 1087 0825 90       		.byte	0x90
 1088 0826 92040000 		.4byte	0x492
 1089 082a 90       		.byte	0x90
 1090 082b 09       		.uleb128 0x9
 1091 082c D9110000 		.4byte	.LASF254
 1092 0830 04       		.byte	0x4
 1093 0831 91       		.byte	0x91
 1094 0832 92040000 		.4byte	0x492
 1095 0836 94       		.byte	0x94
 1096 0837 09       		.uleb128 0x9
 1097 0838 A8040000 		.4byte	.LASF255
 1098 083c 04       		.byte	0x4
 1099 083d 92       		.byte	0x92
 1100 083e 92040000 		.4byte	0x492
 1101 0842 98       		.byte	0x98
 1102 0843 09       		.uleb128 0x9
 1103 0844 B3120000 		.4byte	.LASF256
 1104 0848 04       		.byte	0x4
 1105 0849 93       		.byte	0x93
 1106 084a 92040000 		.4byte	0x492
 1107 084e 9C       		.byte	0x9c
 1108 084f 09       		.uleb128 0x9
 1109 0850 9A090000 		.4byte	.LASF257
 1110 0854 04       		.byte	0x4
 1111 0855 94       		.byte	0x94
 1112 0856 92040000 		.4byte	0x492
 1113 085a A0       		.byte	0xa0
 1114 085b 09       		.uleb128 0x9
 1115 085c 40010000 		.4byte	.LASF258
 1116 0860 04       		.byte	0x4
 1117 0861 95       		.byte	0x95
 1118 0862 7C040000 		.4byte	0x47c
 1119 0866 A4       		.byte	0xa4
 1120 0867 09       		.uleb128 0x9
 1121 0868 2D100000 		.4byte	.LASF259
 1122 086c 04       		.byte	0x4
 1123 086d 96       		.byte	0x96
 1124 086e 7C040000 		.4byte	0x47c
 1125 0872 A6       		.byte	0xa6
 1126 0873 09       		.uleb128 0x9
 1127 0874 5D130000 		.4byte	.LASF260
 1128 0878 04       		.byte	0x4
 1129 0879 97       		.byte	0x97
 1130 087a 7C040000 		.4byte	0x47c
 1131 087e A8       		.byte	0xa8
 1132 087f 09       		.uleb128 0x9
 1133 0880 500C0000 		.4byte	.LASF261
 1134 0884 04       		.byte	0x4
 1135 0885 98       		.byte	0x98
 1136 0886 7C040000 		.4byte	0x47c
 1137 088a AA       		.byte	0xaa
 1138 088b 09       		.uleb128 0x9
 1139 088c 7C030000 		.4byte	.LASF262
 1140 0890 04       		.byte	0x4
ARM GAS  C:\Users\cmila\AppData\Local\Temp\cctWBvrf.s 			page 21


 1141 0891 99       		.byte	0x99
 1142 0892 7C040000 		.4byte	0x47c
 1143 0896 AC       		.byte	0xac
 1144 0897 09       		.uleb128 0x9
 1145 0898 620E0000 		.4byte	.LASF263
 1146 089c 04       		.byte	0x4
 1147 089d 9A       		.byte	0x9a
 1148 089e 7C040000 		.4byte	0x47c
 1149 08a2 AE       		.byte	0xae
 1150 08a3 09       		.uleb128 0x9
 1151 08a4 23130000 		.4byte	.LASF264
 1152 08a8 04       		.byte	0x4
 1153 08a9 9D       		.byte	0x9d
 1154 08aa 7C040000 		.4byte	0x47c
 1155 08ae B0       		.byte	0xb0
 1156 08af 09       		.uleb128 0x9
 1157 08b0 88140000 		.4byte	.LASF265
 1158 08b4 04       		.byte	0x4
 1159 08b5 9E       		.byte	0x9e
 1160 08b6 92040000 		.4byte	0x492
 1161 08ba B4       		.byte	0xb4
 1162 08bb 00       		.byte	0
 1163 08bc 06       		.uleb128 0x6
 1164 08bd 8D130000 		.4byte	.LASF266
 1165 08c1 04       		.byte	0x4
 1166 08c2 9F       		.byte	0x9f
 1167 08c3 AB040000 		.4byte	0x4ab
 1168 08c7 05       		.uleb128 0x5
 1169 08c8 01       		.byte	0x1
 1170 08c9 08       		.byte	0x8
 1171 08ca AC000000 		.4byte	.LASF267
 1172 08ce 05       		.uleb128 0x5
 1173 08cf 04       		.byte	0x4
 1174 08d0 04       		.byte	0x4
 1175 08d1 D8050000 		.4byte	.LASF268
 1176 08d5 05       		.uleb128 0x5
 1177 08d6 08       		.byte	0x8
 1178 08d7 04       		.byte	0x4
 1179 08d8 89160000 		.4byte	.LASF269
 1180 08dc 0A       		.uleb128 0xa
 1181 08dd 08       		.byte	0x8
 1182 08de 05       		.byte	0x5
 1183 08df 2D01     		.2byte	0x12d
 1184 08e1 00090000 		.4byte	0x900
 1185 08e5 0B       		.uleb128 0xb
 1186 08e6 D10B0000 		.4byte	.LASF270
 1187 08ea 05       		.byte	0x5
 1188 08eb 2E01     		.2byte	0x12e
 1189 08ed E5030000 		.4byte	0x3e5
 1190 08f1 00       		.byte	0
 1191 08f2 0B       		.uleb128 0xb
 1192 08f3 C9120000 		.4byte	.LASF271
 1193 08f7 05       		.byte	0x5
 1194 08f8 3201     		.2byte	0x132
 1195 08fa 92040000 		.4byte	0x492
 1196 08fe 04       		.byte	0x4
 1197 08ff 00       		.byte	0
ARM GAS  C:\Users\cmila\AppData\Local\Temp\cctWBvrf.s 			page 22


 1198 0900 0C       		.uleb128 0xc
 1199 0901 14000000 		.4byte	.LASF272
 1200 0905 05       		.byte	0x5
 1201 0906 3301     		.2byte	0x133
 1202 0908 DC080000 		.4byte	0x8dc
 1203 090c 0D       		.uleb128 0xd
 1204 090d EA100000 		.4byte	.LASF273
 1205 0911 06       		.byte	0x6
 1206 0912 F907     		.2byte	0x7f9
 1207 0914 18090000 		.4byte	0x918
 1208 0918 0E       		.uleb128 0xe
 1209 0919 87040000 		.4byte	0x487
 1210 091d 0F       		.uleb128 0xf
 1211 091e 58000000 		.4byte	.LASF274
 1212 0922 04       		.byte	0x4
 1213 0923 A7       		.byte	0xa7
 1214 0924 28090000 		.4byte	0x928
 1215 0928 10       		.uleb128 0x10
 1216 0929 04       		.byte	0x4
 1217 092a 2E090000 		.4byte	0x92e
 1218 092e 11       		.uleb128 0x11
 1219 092f BC080000 		.4byte	0x8bc
 1220 0933 12       		.uleb128 0x12
 1221 0934 FC0E0000 		.4byte	.LASF275
 1222 0938 07       		.byte	0x7
 1223 0939 18       		.byte	0x18
 1224 093a 44090000 		.4byte	0x944
 1225 093e 05       		.uleb128 0x5
 1226 093f 03       		.byte	0x3
 1227 0940 00000000 		.4byte	UART_SCB_IRQ_cfg
 1228 0944 11       		.uleb128 0x11
 1229 0945 00090000 		.4byte	0x900
 1230 0949 12       		.uleb128 0x12
 1231 094a 1E090000 		.4byte	.LASF276
 1232 094e 07       		.byte	0x7
 1233 094f 1E       		.byte	0x1e
 1234 0950 44090000 		.4byte	0x944
 1235 0954 05       		.uleb128 0x5
 1236 0955 03       		.byte	0x3
 1237 0956 00000000 		.4byte	isrTimer_cfg
 1238 095a 00       		.byte	0
 1239              		.section	.debug_abbrev,"",%progbits
 1240              	.Ldebug_abbrev0:
 1241 0000 01       		.uleb128 0x1
 1242 0001 11       		.uleb128 0x11
 1243 0002 01       		.byte	0x1
 1244 0003 25       		.uleb128 0x25
 1245 0004 0E       		.uleb128 0xe
 1246 0005 13       		.uleb128 0x13
 1247 0006 0B       		.uleb128 0xb
 1248 0007 03       		.uleb128 0x3
 1249 0008 0E       		.uleb128 0xe
 1250 0009 1B       		.uleb128 0x1b
 1251 000a 0E       		.uleb128 0xe
 1252 000b 10       		.uleb128 0x10
 1253 000c 17       		.uleb128 0x17
 1254 000d 00       		.byte	0
ARM GAS  C:\Users\cmila\AppData\Local\Temp\cctWBvrf.s 			page 23


 1255 000e 00       		.byte	0
 1256 000f 02       		.uleb128 0x2
 1257 0010 04       		.uleb128 0x4
 1258 0011 01       		.byte	0x1
 1259 0012 0B       		.uleb128 0xb
 1260 0013 0B       		.uleb128 0xb
 1261 0014 49       		.uleb128 0x49
 1262 0015 13       		.uleb128 0x13
 1263 0016 3A       		.uleb128 0x3a
 1264 0017 0B       		.uleb128 0xb
 1265 0018 3B       		.uleb128 0x3b
 1266 0019 0B       		.uleb128 0xb
 1267 001a 01       		.uleb128 0x1
 1268 001b 13       		.uleb128 0x13
 1269 001c 00       		.byte	0
 1270 001d 00       		.byte	0
 1271 001e 03       		.uleb128 0x3
 1272 001f 28       		.uleb128 0x28
 1273 0020 00       		.byte	0
 1274 0021 03       		.uleb128 0x3
 1275 0022 0E       		.uleb128 0xe
 1276 0023 1C       		.uleb128 0x1c
 1277 0024 0D       		.uleb128 0xd
 1278 0025 00       		.byte	0
 1279 0026 00       		.byte	0
 1280 0027 04       		.uleb128 0x4
 1281 0028 28       		.uleb128 0x28
 1282 0029 00       		.byte	0
 1283 002a 03       		.uleb128 0x3
 1284 002b 0E       		.uleb128 0xe
 1285 002c 1C       		.uleb128 0x1c
 1286 002d 0B       		.uleb128 0xb
 1287 002e 00       		.byte	0
 1288 002f 00       		.byte	0
 1289 0030 05       		.uleb128 0x5
 1290 0031 24       		.uleb128 0x24
 1291 0032 00       		.byte	0
 1292 0033 0B       		.uleb128 0xb
 1293 0034 0B       		.uleb128 0xb
 1294 0035 3E       		.uleb128 0x3e
 1295 0036 0B       		.uleb128 0xb
 1296 0037 03       		.uleb128 0x3
 1297 0038 0E       		.uleb128 0xe
 1298 0039 00       		.byte	0
 1299 003a 00       		.byte	0
 1300 003b 06       		.uleb128 0x6
 1301 003c 16       		.uleb128 0x16
 1302 003d 00       		.byte	0
 1303 003e 03       		.uleb128 0x3
 1304 003f 0E       		.uleb128 0xe
 1305 0040 3A       		.uleb128 0x3a
 1306 0041 0B       		.uleb128 0xb
 1307 0042 3B       		.uleb128 0x3b
 1308 0043 0B       		.uleb128 0xb
 1309 0044 49       		.uleb128 0x49
 1310 0045 13       		.uleb128 0x13
 1311 0046 00       		.byte	0
ARM GAS  C:\Users\cmila\AppData\Local\Temp\cctWBvrf.s 			page 24


 1312 0047 00       		.byte	0
 1313 0048 07       		.uleb128 0x7
 1314 0049 24       		.uleb128 0x24
 1315 004a 00       		.byte	0
 1316 004b 0B       		.uleb128 0xb
 1317 004c 0B       		.uleb128 0xb
 1318 004d 3E       		.uleb128 0x3e
 1319 004e 0B       		.uleb128 0xb
 1320 004f 03       		.uleb128 0x3
 1321 0050 08       		.uleb128 0x8
 1322 0051 00       		.byte	0
 1323 0052 00       		.byte	0
 1324 0053 08       		.uleb128 0x8
 1325 0054 13       		.uleb128 0x13
 1326 0055 01       		.byte	0x1
 1327 0056 0B       		.uleb128 0xb
 1328 0057 0B       		.uleb128 0xb
 1329 0058 3A       		.uleb128 0x3a
 1330 0059 0B       		.uleb128 0xb
 1331 005a 3B       		.uleb128 0x3b
 1332 005b 0B       		.uleb128 0xb
 1333 005c 01       		.uleb128 0x1
 1334 005d 13       		.uleb128 0x13
 1335 005e 00       		.byte	0
 1336 005f 00       		.byte	0
 1337 0060 09       		.uleb128 0x9
 1338 0061 0D       		.uleb128 0xd
 1339 0062 00       		.byte	0
 1340 0063 03       		.uleb128 0x3
 1341 0064 0E       		.uleb128 0xe
 1342 0065 3A       		.uleb128 0x3a
 1343 0066 0B       		.uleb128 0xb
 1344 0067 3B       		.uleb128 0x3b
 1345 0068 0B       		.uleb128 0xb
 1346 0069 49       		.uleb128 0x49
 1347 006a 13       		.uleb128 0x13
 1348 006b 38       		.uleb128 0x38
 1349 006c 0B       		.uleb128 0xb
 1350 006d 00       		.byte	0
 1351 006e 00       		.byte	0
 1352 006f 0A       		.uleb128 0xa
 1353 0070 13       		.uleb128 0x13
 1354 0071 01       		.byte	0x1
 1355 0072 0B       		.uleb128 0xb
 1356 0073 0B       		.uleb128 0xb
 1357 0074 3A       		.uleb128 0x3a
 1358 0075 0B       		.uleb128 0xb
 1359 0076 3B       		.uleb128 0x3b
 1360 0077 05       		.uleb128 0x5
 1361 0078 01       		.uleb128 0x1
 1362 0079 13       		.uleb128 0x13
 1363 007a 00       		.byte	0
 1364 007b 00       		.byte	0
 1365 007c 0B       		.uleb128 0xb
 1366 007d 0D       		.uleb128 0xd
 1367 007e 00       		.byte	0
 1368 007f 03       		.uleb128 0x3
ARM GAS  C:\Users\cmila\AppData\Local\Temp\cctWBvrf.s 			page 25


 1369 0080 0E       		.uleb128 0xe
 1370 0081 3A       		.uleb128 0x3a
 1371 0082 0B       		.uleb128 0xb
 1372 0083 3B       		.uleb128 0x3b
 1373 0084 05       		.uleb128 0x5
 1374 0085 49       		.uleb128 0x49
 1375 0086 13       		.uleb128 0x13
 1376 0087 38       		.uleb128 0x38
 1377 0088 0B       		.uleb128 0xb
 1378 0089 00       		.byte	0
 1379 008a 00       		.byte	0
 1380 008b 0C       		.uleb128 0xc
 1381 008c 16       		.uleb128 0x16
 1382 008d 00       		.byte	0
 1383 008e 03       		.uleb128 0x3
 1384 008f 0E       		.uleb128 0xe
 1385 0090 3A       		.uleb128 0x3a
 1386 0091 0B       		.uleb128 0xb
 1387 0092 3B       		.uleb128 0x3b
 1388 0093 05       		.uleb128 0x5
 1389 0094 49       		.uleb128 0x49
 1390 0095 13       		.uleb128 0x13
 1391 0096 00       		.byte	0
 1392 0097 00       		.byte	0
 1393 0098 0D       		.uleb128 0xd
 1394 0099 34       		.uleb128 0x34
 1395 009a 00       		.byte	0
 1396 009b 03       		.uleb128 0x3
 1397 009c 0E       		.uleb128 0xe
 1398 009d 3A       		.uleb128 0x3a
 1399 009e 0B       		.uleb128 0xb
 1400 009f 3B       		.uleb128 0x3b
 1401 00a0 05       		.uleb128 0x5
 1402 00a1 49       		.uleb128 0x49
 1403 00a2 13       		.uleb128 0x13
 1404 00a3 3F       		.uleb128 0x3f
 1405 00a4 19       		.uleb128 0x19
 1406 00a5 3C       		.uleb128 0x3c
 1407 00a6 19       		.uleb128 0x19
 1408 00a7 00       		.byte	0
 1409 00a8 00       		.byte	0
 1410 00a9 0E       		.uleb128 0xe
 1411 00aa 35       		.uleb128 0x35
 1412 00ab 00       		.byte	0
 1413 00ac 49       		.uleb128 0x49
 1414 00ad 13       		.uleb128 0x13
 1415 00ae 00       		.byte	0
 1416 00af 00       		.byte	0
 1417 00b0 0F       		.uleb128 0xf
 1418 00b1 34       		.uleb128 0x34
 1419 00b2 00       		.byte	0
 1420 00b3 03       		.uleb128 0x3
 1421 00b4 0E       		.uleb128 0xe
 1422 00b5 3A       		.uleb128 0x3a
 1423 00b6 0B       		.uleb128 0xb
 1424 00b7 3B       		.uleb128 0x3b
 1425 00b8 0B       		.uleb128 0xb
ARM GAS  C:\Users\cmila\AppData\Local\Temp\cctWBvrf.s 			page 26


 1426 00b9 49       		.uleb128 0x49
 1427 00ba 13       		.uleb128 0x13
 1428 00bb 3F       		.uleb128 0x3f
 1429 00bc 19       		.uleb128 0x19
 1430 00bd 3C       		.uleb128 0x3c
 1431 00be 19       		.uleb128 0x19
 1432 00bf 00       		.byte	0
 1433 00c0 00       		.byte	0
 1434 00c1 10       		.uleb128 0x10
 1435 00c2 0F       		.uleb128 0xf
 1436 00c3 00       		.byte	0
 1437 00c4 0B       		.uleb128 0xb
 1438 00c5 0B       		.uleb128 0xb
 1439 00c6 49       		.uleb128 0x49
 1440 00c7 13       		.uleb128 0x13
 1441 00c8 00       		.byte	0
 1442 00c9 00       		.byte	0
 1443 00ca 11       		.uleb128 0x11
 1444 00cb 26       		.uleb128 0x26
 1445 00cc 00       		.byte	0
 1446 00cd 49       		.uleb128 0x49
 1447 00ce 13       		.uleb128 0x13
 1448 00cf 00       		.byte	0
 1449 00d0 00       		.byte	0
 1450 00d1 12       		.uleb128 0x12
 1451 00d2 34       		.uleb128 0x34
 1452 00d3 00       		.byte	0
 1453 00d4 03       		.uleb128 0x3
 1454 00d5 0E       		.uleb128 0xe
 1455 00d6 3A       		.uleb128 0x3a
 1456 00d7 0B       		.uleb128 0xb
 1457 00d8 3B       		.uleb128 0x3b
 1458 00d9 0B       		.uleb128 0xb
 1459 00da 49       		.uleb128 0x49
 1460 00db 13       		.uleb128 0x13
 1461 00dc 3F       		.uleb128 0x3f
 1462 00dd 19       		.uleb128 0x19
 1463 00de 02       		.uleb128 0x2
 1464 00df 18       		.uleb128 0x18
 1465 00e0 00       		.byte	0
 1466 00e1 00       		.byte	0
 1467 00e2 00       		.byte	0
 1468              		.section	.debug_aranges,"",%progbits
 1469 0000 14000000 		.4byte	0x14
 1470 0004 0200     		.2byte	0x2
 1471 0006 00000000 		.4byte	.Ldebug_info0
 1472 000a 04       		.byte	0x4
 1473 000b 00       		.byte	0
 1474 000c 0000     		.2byte	0
 1475 000e 0000     		.2byte	0
 1476 0010 00000000 		.4byte	0
 1477 0014 00000000 		.4byte	0
 1478              		.section	.debug_line,"",%progbits
 1479              	.Ldebug_line0:
 1480 0000 4B020000 		.section	.debug_str,"MS",%progbits,1
 1480      02004502 
 1480      00000201 
ARM GAS  C:\Users\cmila\AppData\Local\Temp\cctWBvrf.s 			page 27


 1480      FB0E0D00 
 1480      01010101 
 1481              	.LASF223:
 1482 0000 666C6173 		.ascii	"flashCtlMainWs1Freq\000"
 1482      6843746C 
 1482      4D61696E 
 1482      57733146 
 1482      72657100 
 1483              	.LASF272:
 1484 0014 63795F73 		.ascii	"cy_stc_sysint_t\000"
 1484      74635F73 
 1484      7973696E 
 1484      745F7400 
 1485              	.LASF25:
 1486 0024 696F7373 		.ascii	"ioss_interrupt_gpio_IRQn\000"
 1486      5F696E74 
 1486      65727275 
 1486      70745F67 
 1486      70696F5F 
 1487              	.LASF123:
 1488 003d 74637077 		.ascii	"tcpwm_1_interrupts_15_IRQn\000"
 1488      6D5F315F 
 1488      696E7465 
 1488      72727570 
 1488      74735F31 
 1489              	.LASF274:
 1490 0058 63795F64 		.ascii	"cy_device\000"
 1490      65766963 
 1490      6500
 1491              	.LASF142:
 1492 0062 7564625F 		.ascii	"udb_interrupts_10_IRQn\000"
 1492      696E7465 
 1492      72727570 
 1492      74735F31 
 1492      305F4952 
 1493              	.LASF250:
 1494 0079 63707573 		.ascii	"cpussCm0ClockCtlOffset\000"
 1494      73436D30 
 1494      436C6F63 
 1494      6B43746C 
 1494      4F666673 
 1495              	.LASF67:
 1496 0090 63707573 		.ascii	"cpuss_interrupts_dw0_7_IRQn\000"
 1496      735F696E 
 1496      74657272 
 1496      75707473 
 1496      5F647730 
 1497              	.LASF267:
 1498 00ac 63686172 		.ascii	"char\000"
 1498      00
 1499              	.LASF36:
 1500 00b1 63707573 		.ascii	"cpuss_interrupts_ipc_1_IRQn\000"
 1500      735F696E 
 1500      74657272 
 1500      75707473 
 1500      5F697063 
 1501              	.LASF54:
ARM GAS  C:\Users\cmila\AppData\Local\Temp\cctWBvrf.s 			page 28


 1502 00cd 7363625F 		.ascii	"scb_3_interrupt_IRQn\000"
 1502      335F696E 
 1502      74657272 
 1502      7570745F 
 1502      4952516E 
 1503              	.LASF84:
 1504 00e2 63707573 		.ascii	"cpuss_interrupts_dw1_8_IRQn\000"
 1504      735F696E 
 1504      74657272 
 1504      75707473 
 1504      5F647731 
 1505              	.LASF90:
 1506 00fe 63707573 		.ascii	"cpuss_interrupts_dw1_14_IRQn\000"
 1506      735F696E 
 1506      74657272 
 1506      75707473 
 1506      5F647731 
 1507              	.LASF182:
 1508 011b 70657269 		.ascii	"periBase\000"
 1508      42617365 
 1508      00
 1509              	.LASF62:
 1510 0124 63707573 		.ascii	"cpuss_interrupts_dw0_2_IRQn\000"
 1510      735F696E 
 1510      74657272 
 1510      75707473 
 1510      5F647730 
 1511              	.LASF258:
 1512 0140 63707573 		.ascii	"cpussCm0NmiCtlOffset\000"
 1512      73436D30 
 1512      4E6D6943 
 1512      746C4F66 
 1512      66736574 
 1513              	.LASF228:
 1514 0155 64774368 		.ascii	"dwChSize\000"
 1514      53697A65 
 1514      00
 1515              	.LASF172:
 1516 015e 756E7369 		.ascii	"unsigned int\000"
 1516      676E6564 
 1516      20696E74 
 1516      00
 1517              	.LASF46:
 1518 016b 63707573 		.ascii	"cpuss_interrupts_ipc_11_IRQn\000"
 1518      735F696E 
 1518      74657272 
 1518      75707473 
 1518      5F697063 
 1519              	.LASF210:
 1520 0188 736D6966 		.ascii	"smifDeviceNr\000"
 1520      44657669 
 1520      63654E72 
 1520      00
 1521              	.LASF240:
 1522 0195 70657269 		.ascii	"periDivCmdPaTypeSelPos\000"
 1522      44697643 
 1522      6D645061 
ARM GAS  C:\Users\cmila\AppData\Local\Temp\cctWBvrf.s 			page 29


 1522      54797065 
 1522      53656C50 
 1523              	.LASF115:
 1524 01ac 74637077 		.ascii	"tcpwm_1_interrupts_7_IRQn\000"
 1524      6D5F315F 
 1524      696E7465 
 1524      72727570 
 1524      74735F37 
 1525              	.LASF166:
 1526 01c6 5F5F696E 		.ascii	"__int32_t\000"
 1526      7433325F 
 1526      7400
 1527              	.LASF33:
 1528 01d0 70617373 		.ascii	"pass_interrupt_ctbs_IRQn\000"
 1528      5F696E74 
 1528      65727275 
 1528      70745F63 
 1528      7462735F 
 1529              	.LASF206:
 1530 01e9 73727373 		.ascii	"srssNumClkpath\000"
 1530      4E756D43 
 1530      6C6B7061 
 1530      746800
 1531              	.LASF180:
 1532 01f8 63707573 		.ascii	"cpussBase\000"
 1532      73426173 
 1532      6500
 1533              	.LASF279:
 1534 0202 433A5C55 		.ascii	"C:\\Users\\cmila\\uni\\projects\\Neural-Stimulator-"
 1534      73657273 
 1534      5C636D69 
 1534      6C615C75 
 1534      6E695C70 
 1535 0230 4669726D 		.ascii	"Firmware\\new\\PSOC6\\TIMER\\timer_compare_capture."
 1535      77617265 
 1535      5C6E6577 
 1535      5C50534F 
 1535      43365C54 
 1536 025f 63796473 		.ascii	"cydsn\000"
 1536      6E00
 1537              	.LASF204:
 1538 0265 63707573 		.ascii	"cpussFmIrq\000"
 1538      73466D49 
 1538      727100
 1539              	.LASF30:
 1540 0270 73727373 		.ascii	"srss_interrupt_mcwdt_1_IRQn\000"
 1540      5F696E74 
 1540      65727275 
 1540      70745F6D 
 1540      63776474 
 1541              	.LASF12:
 1542 028c 696F7373 		.ascii	"ioss_interrupts_gpio_2_IRQn\000"
 1542      5F696E74 
 1542      65727275 
 1542      7074735F 
 1542      6770696F 
 1543              	.LASF205:
ARM GAS  C:\Users\cmila\AppData\Local\Temp\cctWBvrf.s 			page 30


 1544 02a8 63707573 		.ascii	"cpussNotConnectedIrq\000"
 1544      734E6F74 
 1544      436F6E6E 
 1544      65637465 
 1544      64497271 
 1545              	.LASF73:
 1546 02bd 63707573 		.ascii	"cpuss_interrupts_dw0_13_IRQn\000"
 1546      735F696E 
 1546      74657272 
 1546      75707473 
 1546      5F647730 
 1547              	.LASF158:
 1548 02da 73686F72 		.ascii	"short int\000"
 1548      7420696E 
 1548      7400
 1549              	.LASF131:
 1550 02e4 74637077 		.ascii	"tcpwm_1_interrupts_23_IRQn\000"
 1550      6D5F315F 
 1550      696E7465 
 1550      72727570 
 1550      74735F32 
 1551              	.LASF129:
 1552 02ff 74637077 		.ascii	"tcpwm_1_interrupts_21_IRQn\000"
 1552      6D5F315F 
 1552      696E7465 
 1552      72727570 
 1552      74735F32 
 1553              	.LASF146:
 1554 031a 7564625F 		.ascii	"udb_interrupts_14_IRQn\000"
 1554      696E7465 
 1554      72727570 
 1554      74735F31 
 1554      345F4952 
 1555              	.LASF236:
 1556 0331 70657269 		.ascii	"periTrGrSize\000"
 1556      54724772 
 1556      53697A65 
 1556      00
 1557              	.LASF107:
 1558 033e 74637077 		.ascii	"tcpwm_0_interrupts_7_IRQn\000"
 1558      6D5F305F 
 1558      696E7465 
 1558      72727570 
 1558      74735F37 
 1559              	.LASF239:
 1560 0358 70657269 		.ascii	"periDivCmdPaDivSelPos\000"
 1560      44697643 
 1560      6D645061 
 1560      44697653 
 1560      656C506F 
 1561              	.LASF216:
 1562 036e 63727970 		.ascii	"cryptoMemSize\000"
 1562      746F4D65 
 1562      6D53697A 
 1562      6500
 1563              	.LASF262:
 1564 037c 63707573 		.ascii	"cpussRam1Ctl0\000"
ARM GAS  C:\Users\cmila\AppData\Local\Temp\cctWBvrf.s 			page 31


 1564      7352616D 
 1564      3143746C 
 1564      3000
 1565              	.LASF76:
 1566 038a 63707573 		.ascii	"cpuss_interrupts_dw1_0_IRQn\000"
 1566      735F696E 
 1566      74657272 
 1566      75707473 
 1566      5F647731 
 1567              	.LASF102:
 1568 03a6 74637077 		.ascii	"tcpwm_0_interrupts_2_IRQn\000"
 1568      6D5F305F 
 1568      696E7465 
 1568      72727570 
 1568      74735F32 
 1569              	.LASF8:
 1570 03c0 50656E64 		.ascii	"PendSV_IRQn\000"
 1570      53565F49 
 1570      52516E00 
 1571              	.LASF277:
 1572 03cc 474E5520 		.ascii	"GNU C11 5.4.1 20160609 (release) [ARM/embedded-5-br"
 1572      43313120 
 1572      352E342E 
 1572      31203230 
 1572      31363036 
 1573 03ff 616E6368 		.ascii	"anch revision 237715] -mcpu=cortex-m4 -mfloat-abi=s"
 1573      20726576 
 1573      6973696F 
 1573      6E203233 
 1573      37373135 
 1574 0432 6F667466 		.ascii	"oftfp -mfpu=fpv4-sp-d16 -mthumb -g -Og -ffunction-s"
 1574      70202D6D 
 1574      6670753D 
 1574      66707634 
 1574      2D73702D 
 1575 0465 65637469 		.ascii	"ections -ffat-lto-objects\000"
 1575      6F6E7320 
 1575      2D666661 
 1575      742D6C74 
 1575      6F2D6F62 
 1576              	.LASF198:
 1577 047f 70726F74 		.ascii	"protVersion\000"
 1577      56657273 
 1577      696F6E00 
 1578              	.LASF174:
 1579 048b 696E7431 		.ascii	"int16_t\000"
 1579      365F7400 
 1580              	.LASF238:
 1581 0493 70657269 		.ascii	"periDivCmdTypeSelPos\000"
 1581      44697643 
 1581      6D645479 
 1581      70655365 
 1581      6C506F73 
 1582              	.LASF255:
 1583 04a8 63707573 		.ascii	"cpussTrimRamCtlOffset\000"
 1583      73547269 
 1583      6D52616D 
ARM GAS  C:\Users\cmila\AppData\Local\Temp\cctWBvrf.s 			page 32


 1583      43746C4F 
 1583      66667365 
 1584              	.LASF139:
 1585 04be 7564625F 		.ascii	"udb_interrupts_7_IRQn\000"
 1585      696E7465 
 1585      72727570 
 1585      74735F37 
 1585      5F495251 
 1586              	.LASF28:
 1587 04d4 7363625F 		.ascii	"scb_8_interrupt_IRQn\000"
 1587      385F696E 
 1587      74657272 
 1587      7570745F 
 1587      4952516E 
 1588              	.LASF3:
 1589 04e9 4D656D6F 		.ascii	"MemoryManagement_IRQn\000"
 1589      72794D61 
 1589      6E616765 
 1589      6D656E74 
 1589      5F495251 
 1590              	.LASF125:
 1591 04ff 74637077 		.ascii	"tcpwm_1_interrupts_17_IRQn\000"
 1591      6D5F315F 
 1591      696E7465 
 1591      72727570 
 1591      74735F31 
 1592              	.LASF134:
 1593 051a 7564625F 		.ascii	"udb_interrupts_2_IRQn\000"
 1593      696E7465 
 1593      72727570 
 1593      74735F32 
 1593      5F495251 
 1594              	.LASF177:
 1595 0530 75696E74 		.ascii	"uint32_t\000"
 1595      33325F74 
 1595      00
 1596              	.LASF120:
 1597 0539 74637077 		.ascii	"tcpwm_1_interrupts_12_IRQn\000"
 1597      6D5F315F 
 1597      696E7465 
 1597      72727570 
 1597      74735F31 
 1598              	.LASF17:
 1599 0554 696F7373 		.ascii	"ioss_interrupts_gpio_7_IRQn\000"
 1599      5F696E74 
 1599      65727275 
 1599      7074735F 
 1599      6770696F 
 1600              	.LASF23:
 1601 0570 696F7373 		.ascii	"ioss_interrupts_gpio_13_IRQn\000"
 1601      5F696E74 
 1601      65727275 
 1601      7074735F 
 1601      6770696F 
 1602              	.LASF147:
 1603 058d 7564625F 		.ascii	"udb_interrupts_15_IRQn\000"
 1603      696E7465 
ARM GAS  C:\Users\cmila\AppData\Local\Temp\cctWBvrf.s 			page 33


 1603      72727570 
 1603      74735F31 
 1603      355F4952 
 1604              	.LASF248:
 1605 05a4 6770696F 		.ascii	"gpioPrtCfgOutOffset\000"
 1605      50727443 
 1605      66674F75 
 1605      744F6666 
 1605      73657400 
 1606              	.LASF97:
 1607 05b8 63707573 		.ascii	"cpuss_interrupts_cm0_cti_1_IRQn\000"
 1607      735F696E 
 1607      74657272 
 1607      75707473 
 1607      5F636D30 
 1608              	.LASF268:
 1609 05d8 666C6F61 		.ascii	"float\000"
 1609      7400
 1610              	.LASF191:
 1611 05de 63727970 		.ascii	"cryptoVersion\000"
 1611      746F5665 
 1611      7273696F 
 1611      6E00
 1612              	.LASF220:
 1613 05ec 666C6173 		.ascii	"flashProgramDelay\000"
 1613      6850726F 
 1613      6772616D 
 1613      44656C61 
 1613      7900
 1614              	.LASF55:
 1615 05fe 7363625F 		.ascii	"scb_4_interrupt_IRQn\000"
 1615      345F696E 
 1615      74657272 
 1615      7570745F 
 1615      4952516E 
 1616              	.LASF181:
 1617 0613 666C6173 		.ascii	"flashcBase\000"
 1617      68634261 
 1617      736500
 1618              	.LASF81:
 1619 061e 63707573 		.ascii	"cpuss_interrupts_dw1_5_IRQn\000"
 1619      735F696E 
 1619      74657272 
 1619      75707473 
 1619      5F647731 
 1620              	.LASF247:
 1621 063a 6770696F 		.ascii	"gpioPrtCfgInOffset\000"
 1621      50727443 
 1621      6667496E 
 1621      4F666673 
 1621      657400
 1622              	.LASF87:
 1623 064d 63707573 		.ascii	"cpuss_interrupts_dw1_11_IRQn\000"
 1623      735F696E 
 1623      74657272 
 1623      75707473 
 1623      5F647731 
ARM GAS  C:\Users\cmila\AppData\Local\Temp\cctWBvrf.s 			page 34


 1624              	.LASF154:
 1625 066a 7573625F 		.ascii	"usb_interrupt_med_IRQn\000"
 1625      696E7465 
 1625      72727570 
 1625      745F6D65 
 1625      645F4952 
 1626              	.LASF219:
 1627 0681 666C6173 		.ascii	"flashWriteDelay\000"
 1627      68577269 
 1627      74654465 
 1627      6C617900 
 1628              	.LASF171:
 1629 0691 6C6F6E67 		.ascii	"long long unsigned int\000"
 1629      206C6F6E 
 1629      6720756E 
 1629      7369676E 
 1629      65642069 
 1630              	.LASF244:
 1631 06a8 70657269 		.ascii	"periDiv24_5CtlOffset\000"
 1631      44697632 
 1631      345F3543 
 1631      746C4F66 
 1631      66736574 
 1632              	.LASF249:
 1633 06bd 6770696F 		.ascii	"gpioPrtCfgSioOffset\000"
 1633      50727443 
 1633      66675369 
 1633      6F4F6666 
 1633      73657400 
 1634              	.LASF48:
 1635 06d1 63707573 		.ascii	"cpuss_interrupts_ipc_13_IRQn\000"
 1635      735F696E 
 1635      74657272 
 1635      75707473 
 1635      5F697063 
 1636              	.LASF203:
 1637 06ee 63707573 		.ascii	"cpussIpc0Irq\000"
 1637      73497063 
 1637      30497271 
 1637      00
 1638              	.LASF31:
 1639 06fb 73727373 		.ascii	"srss_interrupt_backup_IRQn\000"
 1639      5F696E74 
 1639      65727275 
 1639      70745F62 
 1639      61636B75 
 1640              	.LASF117:
 1641 0716 74637077 		.ascii	"tcpwm_1_interrupts_9_IRQn\000"
 1641      6D5F315F 
 1641      696E7465 
 1641      72727570 
 1641      74735F39 
 1642              	.LASF164:
 1643 0730 5F5F7569 		.ascii	"__uint16_t\000"
 1643      6E743136 
 1643      5F7400
 1644              	.LASF6:
ARM GAS  C:\Users\cmila\AppData\Local\Temp\cctWBvrf.s 			page 35


 1645 073b 53564361 		.ascii	"SVCall_IRQn\000"
 1645      6C6C5F49 
 1645      52516E00 
 1646              	.LASF51:
 1647 0747 7363625F 		.ascii	"scb_0_interrupt_IRQn\000"
 1647      305F696E 
 1647      74657272 
 1647      7570745F 
 1647      4952516E 
 1648              	.LASF112:
 1649 075c 74637077 		.ascii	"tcpwm_1_interrupts_4_IRQn\000"
 1649      6D5F315F 
 1649      696E7465 
 1649      72727570 
 1649      74735F34 
 1650              	.LASF59:
 1651 0776 6373645F 		.ascii	"csd_interrupt_IRQn\000"
 1651      696E7465 
 1651      72727570 
 1651      745F4952 
 1651      516E00
 1652              	.LASF151:
 1653 0789 70726F66 		.ascii	"profile_interrupt_IRQn\000"
 1653      696C655F 
 1653      696E7465 
 1653      72727570 
 1653      745F4952 
 1654              	.LASF21:
 1655 07a0 696F7373 		.ascii	"ioss_interrupts_gpio_11_IRQn\000"
 1655      5F696E74 
 1655      65727275 
 1655      7074735F 
 1655      6770696F 
 1656              	.LASF43:
 1657 07bd 63707573 		.ascii	"cpuss_interrupts_ipc_8_IRQn\000"
 1657      735F696E 
 1657      74657272 
 1657      75707473 
 1657      5F697063 
 1658              	.LASF92:
 1659 07d9 63707573 		.ascii	"cpuss_interrupts_fault_0_IRQn\000"
 1659      735F696E 
 1659      74657272 
 1659      75707473 
 1659      5F666175 
 1660              	.LASF225:
 1661 07f7 666C6173 		.ascii	"flashCtlMainWs3Freq\000"
 1661      6843746C 
 1661      4D61696E 
 1661      57733346 
 1661      72657100 
 1662              	.LASF160:
 1663 080b 4952516E 		.ascii	"IRQn_Type\000"
 1663      5F547970 
 1663      6500
 1664              	.LASF207:
 1665 0815 73727373 		.ascii	"srssNumPll\000"
ARM GAS  C:\Users\cmila\AppData\Local\Temp\cctWBvrf.s 			page 36


 1665      4E756D50 
 1665      6C6C00
 1666              	.LASF143:
 1667 0820 7564625F 		.ascii	"udb_interrupts_11_IRQn\000"
 1667      696E7465 
 1667      72727570 
 1667      74735F31 
 1667      315F4952 
 1668              	.LASF37:
 1669 0837 63707573 		.ascii	"cpuss_interrupts_ipc_2_IRQn\000"
 1669      735F696E 
 1669      74657272 
 1669      75707473 
 1669      5F697063 
 1670              	.LASF104:
 1671 0853 74637077 		.ascii	"tcpwm_0_interrupts_4_IRQn\000"
 1671      6D5F305F 
 1671      696E7465 
 1671      72727570 
 1671      74735F34 
 1672              	.LASF218:
 1673 086d 666C6173 		.ascii	"flashPipeRequired\000"
 1673      68506970 
 1673      65526571 
 1673      75697265 
 1673      6400
 1674              	.LASF233:
 1675 087f 70657269 		.ascii	"periTrCmdOffset\000"
 1675      5472436D 
 1675      644F6666 
 1675      73657400 
 1676              	.LASF208:
 1677 088f 73727373 		.ascii	"srssNumHfroot\000"
 1677      4E756D48 
 1677      66726F6F 
 1677      7400
 1678              	.LASF222:
 1679 089d 666C6173 		.ascii	"flashCtlMainWs0Freq\000"
 1679      6843746C 
 1679      4D61696E 
 1679      57733046 
 1679      72657100 
 1680              	.LASF149:
 1681 08b1 61756469 		.ascii	"audioss_interrupt_i2s_IRQn\000"
 1681      6F73735F 
 1681      696E7465 
 1681      72727570 
 1681      745F6932 
 1682              	.LASF186:
 1683 08cc 6770696F 		.ascii	"gpioBase\000"
 1683      42617365 
 1683      00
 1684              	.LASF156:
 1685 08d5 70617373 		.ascii	"pass_interrupt_dacs_IRQn\000"
 1685      5F696E74 
 1685      65727275 
 1685      70745F64 
ARM GAS  C:\Users\cmila\AppData\Local\Temp\cctWBvrf.s 			page 37


 1685      6163735F 
 1686              	.LASF109:
 1687 08ee 74637077 		.ascii	"tcpwm_1_interrupts_1_IRQn\000"
 1687      6D5F315F 
 1687      696E7465 
 1687      72727570 
 1687      74735F31 
 1688              	.LASF136:
 1689 0908 7564625F 		.ascii	"udb_interrupts_4_IRQn\000"
 1689      696E7465 
 1689      72727570 
 1689      74735F34 
 1689      5F495251 
 1690              	.LASF276:
 1691 091e 69737254 		.ascii	"isrTimer_cfg\000"
 1691      696D6572 
 1691      5F636667 
 1691      00
 1692              	.LASF150:
 1693 092b 61756469 		.ascii	"audioss_interrupt_pdm_IRQn\000"
 1693      6F73735F 
 1693      696E7465 
 1693      72727570 
 1693      745F7064 
 1694              	.LASF70:
 1695 0946 63707573 		.ascii	"cpuss_interrupts_dw0_10_IRQn\000"
 1695      735F696E 
 1695      74657272 
 1695      75707473 
 1695      5F647730 
 1696              	.LASF122:
 1697 0963 74637077 		.ascii	"tcpwm_1_interrupts_14_IRQn\000"
 1697      6D5F315F 
 1697      696E7465 
 1697      72727570 
 1697      74735F31 
 1698              	.LASF19:
 1699 097e 696F7373 		.ascii	"ioss_interrupts_gpio_9_IRQn\000"
 1699      5F696E74 
 1699      65727275 
 1699      7074735F 
 1699      6770696F 
 1700              	.LASF257:
 1701 099a 63707573 		.ascii	"cpussSysTickCtlOffset\000"
 1701      73537973 
 1701      5469636B 
 1701      43746C4F 
 1701      66667365 
 1702              	.LASF213:
 1703 09b0 75646250 		.ascii	"udbPresent\000"
 1703      72657365 
 1703      6E7400
 1704              	.LASF231:
 1705 09bb 64775374 		.ascii	"dwStatusChIdxPos\000"
 1705      61747573 
 1705      43684964 
 1705      78506F73 
ARM GAS  C:\Users\cmila\AppData\Local\Temp\cctWBvrf.s 			page 38


 1705      00
 1706              	.LASF66:
 1707 09cc 63707573 		.ascii	"cpuss_interrupts_dw0_6_IRQn\000"
 1707      735F696E 
 1707      74657272 
 1707      75707473 
 1707      5F647730 
 1708              	.LASF14:
 1709 09e8 696F7373 		.ascii	"ioss_interrupts_gpio_4_IRQn\000"
 1709      5F696E74 
 1709      65727275 
 1709      7074735F 
 1709      6770696F 
 1710              	.LASF20:
 1711 0a04 696F7373 		.ascii	"ioss_interrupts_gpio_10_IRQn\000"
 1711      5F696E74 
 1711      65727275 
 1711      7074735F 
 1711      6770696F 
 1712              	.LASF75:
 1713 0a21 63707573 		.ascii	"cpuss_interrupts_dw0_15_IRQn\000"
 1713      735F696E 
 1713      74657272 
 1713      75707473 
 1713      5F647730 
 1714              	.LASF32:
 1715 0a3e 73727373 		.ascii	"srss_interrupt_IRQn\000"
 1715      5F696E74 
 1715      65727275 
 1715      70745F49 
 1715      52516E00 
 1716              	.LASF202:
 1717 0a52 63707573 		.ascii	"cpussFlashPaSize\000"
 1717      73466C61 
 1717      73685061 
 1717      53697A65 
 1717      00
 1718              	.LASF83:
 1719 0a63 63707573 		.ascii	"cpuss_interrupts_dw1_7_IRQn\000"
 1719      735F696E 
 1719      74657272 
 1719      75707473 
 1719      5F647731 
 1720              	.LASF89:
 1721 0a7f 63707573 		.ascii	"cpuss_interrupts_dw1_13_IRQn\000"
 1721      735F696E 
 1721      74657272 
 1721      75707473 
 1721      5F647731 
 1722              	.LASF61:
 1723 0a9c 63707573 		.ascii	"cpuss_interrupts_dw0_1_IRQn\000"
 1723      735F696E 
 1723      74657272 
 1723      75707473 
 1723      5F647730 
 1724              	.LASF243:
 1725 0ab8 70657269 		.ascii	"periDiv16_5CtlOffset\000"
ARM GAS  C:\Users\cmila\AppData\Local\Temp\cctWBvrf.s 			page 39


 1725      44697631 
 1725      365F3543 
 1725      746C4F66 
 1725      66736574 
 1726              	.LASF157:
 1727 0acd 756E636F 		.ascii	"unconnected_IRQn\000"
 1727      6E6E6563 
 1727      7465645F 
 1727      4952516E 
 1727      00
 1728              	.LASF78:
 1729 0ade 63707573 		.ascii	"cpuss_interrupts_dw1_2_IRQn\000"
 1729      735F696E 
 1729      74657272 
 1729      75707473 
 1729      5F647731 
 1730              	.LASF214:
 1731 0afa 73797350 		.ascii	"sysPmSimoPresent\000"
 1731      6D53696D 
 1731      6F507265 
 1731      73656E74 
 1731      00
 1732              	.LASF155:
 1733 0b0b 7573625F 		.ascii	"usb_interrupt_lo_IRQn\000"
 1733      696E7465 
 1733      72727570 
 1733      745F6C6F 
 1733      5F495251 
 1734              	.LASF45:
 1735 0b21 63707573 		.ascii	"cpuss_interrupts_ipc_10_IRQn\000"
 1735      735F696E 
 1735      74657272 
 1735      75707473 
 1735      5F697063 
 1736              	.LASF95:
 1737 0b3e 63707573 		.ascii	"cpuss_interrupt_fm_IRQn\000"
 1737      735F696E 
 1737      74657272 
 1737      7570745F 
 1737      666D5F49 
 1738              	.LASF114:
 1739 0b56 74637077 		.ascii	"tcpwm_1_interrupts_6_IRQn\000"
 1739      6D5F315F 
 1739      696E7465 
 1739      72727570 
 1739      74735F36 
 1740              	.LASF141:
 1741 0b70 7564625F 		.ascii	"udb_interrupts_9_IRQn\000"
 1741      696E7465 
 1741      72727570 
 1741      74735F39 
 1741      5F495251 
 1742              	.LASF232:
 1743 0b86 64775374 		.ascii	"dwStatusChIdxMsk\000"
 1743      61747573 
 1743      43684964 
 1743      784D736B 
ARM GAS  C:\Users\cmila\AppData\Local\Temp\cctWBvrf.s 			page 40


 1743      00
 1744              	.LASF145:
 1745 0b97 7564625F 		.ascii	"udb_interrupts_13_IRQn\000"
 1745      696E7465 
 1745      72727570 
 1745      74735F31 
 1745      335F4952 
 1746              	.LASF173:
 1747 0bae 75696E74 		.ascii	"uint8_t\000"
 1747      385F7400 
 1748              	.LASF127:
 1749 0bb6 74637077 		.ascii	"tcpwm_1_interrupts_19_IRQn\000"
 1749      6D5F315F 
 1749      696E7465 
 1749      72727570 
 1749      74735F31 
 1750              	.LASF270:
 1751 0bd1 696E7472 		.ascii	"intrSrc\000"
 1751      53726300 
 1752              	.LASF237:
 1753 0bd9 70657269 		.ascii	"periDivCmdDivSelMsk\000"
 1753      44697643 
 1753      6D644469 
 1753      7653656C 
 1753      4D736B00 
 1754              	.LASF29:
 1755 0bed 73727373 		.ascii	"srss_interrupt_mcwdt_0_IRQn\000"
 1755      5F696E74 
 1755      65727275 
 1755      70745F6D 
 1755      63776474 
 1756              	.LASF245:
 1757 0c09 6770696F 		.ascii	"gpioPrtIntrCfgOffset\000"
 1757      50727449 
 1757      6E747243 
 1757      66674F66 
 1757      66736574 
 1758              	.LASF27:
 1759 0c1e 6C70636F 		.ascii	"lpcomp_interrupt_IRQn\000"
 1759      6D705F69 
 1759      6E746572 
 1759      72757074 
 1759      5F495251 
 1760              	.LASF40:
 1761 0c34 63707573 		.ascii	"cpuss_interrupts_ipc_5_IRQn\000"
 1761      735F696E 
 1761      74657272 
 1761      75707473 
 1761      5F697063 
 1762              	.LASF261:
 1763 0c50 63707573 		.ascii	"cpussRam0Ctl0\000"
 1763      7352616D 
 1763      3043746C 
 1763      3000
 1764              	.LASF170:
 1765 0c5e 6C6F6E67 		.ascii	"long long int\000"
 1765      206C6F6E 
ARM GAS  C:\Users\cmila\AppData\Local\Temp\cctWBvrf.s 			page 41


 1765      6720696E 
 1765      7400
 1766              	.LASF188:
 1767 0c6c 69706342 		.ascii	"ipcBase\000"
 1767      61736500 
 1768              	.LASF229:
 1769 0c74 64774368 		.ascii	"dwChCtlPrioPos\000"
 1769      43746C50 
 1769      72696F50 
 1769      6F7300
 1770              	.LASF189:
 1771 0c83 63727970 		.ascii	"cryptoBase\000"
 1771      746F4261 
 1771      736500
 1772              	.LASF35:
 1773 0c8e 63707573 		.ascii	"cpuss_interrupts_ipc_0_IRQn\000"
 1773      735F696E 
 1773      74657272 
 1773      75707473 
 1773      5F697063 
 1774              	.LASF101:
 1775 0caa 74637077 		.ascii	"tcpwm_0_interrupts_1_IRQn\000"
 1775      6D5F305F 
 1775      696E7465 
 1775      72727570 
 1775      74735F31 
 1776              	.LASF56:
 1777 0cc4 7363625F 		.ascii	"scb_5_interrupt_IRQn\000"
 1777      355F696E 
 1777      74657272 
 1777      7570745F 
 1777      4952516E 
 1778              	.LASF50:
 1779 0cd9 63707573 		.ascii	"cpuss_interrupts_ipc_15_IRQn\000"
 1779      735F696E 
 1779      74657272 
 1779      75707473 
 1779      5F697063 
 1780              	.LASF163:
 1781 0cf6 5F5F696E 		.ascii	"__int16_t\000"
 1781      7431365F 
 1781      7400
 1782              	.LASF209:
 1783 0d00 70657269 		.ascii	"periClockNr\000"
 1783      436C6F63 
 1783      6B4E7200 
 1784              	.LASF185:
 1785 0d0c 6873696F 		.ascii	"hsiomBase\000"
 1785      6D426173 
 1785      6500
 1786              	.LASF4:
 1787 0d16 42757346 		.ascii	"BusFault_IRQn\000"
 1787      61756C74 
 1787      5F495251 
 1787      6E00
 1788              	.LASF251:
 1789 0d24 63707573 		.ascii	"cpussCm4ClockCtlOffset\000"
ARM GAS  C:\Users\cmila\AppData\Local\Temp\cctWBvrf.s 			page 42


 1789      73436D34 
 1789      436C6F63 
 1789      6B43746C 
 1789      4F666673 
 1790              	.LASF235:
 1791 0d3b 70657269 		.ascii	"periTrGrOffset\000"
 1791      54724772 
 1791      4F666673 
 1791      657400
 1792              	.LASF133:
 1793 0d4a 7564625F 		.ascii	"udb_interrupts_1_IRQn\000"
 1793      696E7465 
 1793      72727570 
 1793      74735F31 
 1793      5F495251 
 1794              	.LASF201:
 1795 0d60 63707573 		.ascii	"cpussDwChNr\000"
 1795      73447743 
 1795      684E7200 
 1796              	.LASF153:
 1797 0d6c 7573625F 		.ascii	"usb_interrupt_hi_IRQn\000"
 1797      696E7465 
 1797      72727570 
 1797      745F6869 
 1797      5F495251 
 1798              	.LASF52:
 1799 0d82 7363625F 		.ascii	"scb_1_interrupt_IRQn\000"
 1799      315F696E 
 1799      74657272 
 1799      7570745F 
 1799      4952516E 
 1800              	.LASF119:
 1801 0d97 74637077 		.ascii	"tcpwm_1_interrupts_11_IRQn\000"
 1801      6D5F315F 
 1801      696E7465 
 1801      72727570 
 1801      74735F31 
 1802              	.LASF16:
 1803 0db2 696F7373 		.ascii	"ioss_interrupts_gpio_6_IRQn\000"
 1803      5F696E74 
 1803      65727275 
 1803      7074735F 
 1803      6770696F 
 1804              	.LASF199:
 1805 0dce 63707573 		.ascii	"cpussIpcNr\000"
 1805      73497063 
 1805      4E7200
 1806              	.LASF252:
 1807 0dd9 63707573 		.ascii	"cpussCm4StatusOffset\000"
 1807      73436D34 
 1807      53746174 
 1807      75734F66 
 1807      66736574 
 1808              	.LASF96:
 1809 0dee 63707573 		.ascii	"cpuss_interrupts_cm0_cti_0_IRQn\000"
 1809      735F696E 
 1809      74657272 
ARM GAS  C:\Users\cmila\AppData\Local\Temp\cctWBvrf.s 			page 43


 1809      75707473 
 1809      5F636D30 
 1810              	.LASF85:
 1811 0e0e 63707573 		.ascii	"cpuss_interrupts_dw1_9_IRQn\000"
 1811      735F696E 
 1811      74657272 
 1811      75707473 
 1811      5F647731 
 1812              	.LASF69:
 1813 0e2a 63707573 		.ascii	"cpuss_interrupts_dw0_9_IRQn\000"
 1813      735F696E 
 1813      74657272 
 1813      75707473 
 1813      5F647730 
 1814              	.LASF63:
 1815 0e46 63707573 		.ascii	"cpuss_interrupts_dw0_3_IRQn\000"
 1815      735F696E 
 1815      74657272 
 1815      75707473 
 1815      5F647730 
 1816              	.LASF263:
 1817 0e62 63707573 		.ascii	"cpussRam2Ctl0\000"
 1817      7352616D 
 1817      3243746C 
 1817      3000
 1818              	.LASF11:
 1819 0e70 696F7373 		.ascii	"ioss_interrupts_gpio_1_IRQn\000"
 1819      5F696E74 
 1819      65727275 
 1819      7074735F 
 1819      6770696F 
 1820              	.LASF72:
 1821 0e8c 63707573 		.ascii	"cpuss_interrupts_dw0_12_IRQn\000"
 1821      735F696E 
 1821      74657272 
 1821      75707473 
 1821      5F647730 
 1822              	.LASF80:
 1823 0ea9 63707573 		.ascii	"cpuss_interrupts_dw1_4_IRQn\000"
 1823      735F696E 
 1823      74657272 
 1823      75707473 
 1823      5F647731 
 1824              	.LASF86:
 1825 0ec5 63707573 		.ascii	"cpuss_interrupts_dw1_10_IRQn\000"
 1825      735F696E 
 1825      74657272 
 1825      75707473 
 1825      5F647731 
 1826              	.LASF106:
 1827 0ee2 74637077 		.ascii	"tcpwm_0_interrupts_6_IRQn\000"
 1827      6D5F305F 
 1827      696E7465 
 1827      72727570 
 1827      74735F36 
 1828              	.LASF275:
 1829 0efc 55415254 		.ascii	"UART_SCB_IRQ_cfg\000"
ARM GAS  C:\Users\cmila\AppData\Local\Temp\cctWBvrf.s 			page 44


 1829      5F534342 
 1829      5F495251 
 1829      5F636667 
 1829      00
 1830              	.LASF242:
 1831 0f0d 70657269 		.ascii	"periDiv16CtlOffset\000"
 1831      44697631 
 1831      3643746C 
 1831      4F666673 
 1831      657400
 1832              	.LASF116:
 1833 0f20 74637077 		.ascii	"tcpwm_1_interrupts_8_IRQn\000"
 1833      6D5F315F 
 1833      696E7465 
 1833      72727570 
 1833      74735F38 
 1834              	.LASF165:
 1835 0f3a 73686F72 		.ascii	"short unsigned int\000"
 1835      7420756E 
 1835      7369676E 
 1835      65642069 
 1835      6E7400
 1836              	.LASF179:
 1837 0f4d 6C6F6E67 		.ascii	"long double\000"
 1837      20646F75 
 1837      626C6500 
 1838              	.LASF175:
 1839 0f59 75696E74 		.ascii	"uint16_t\000"
 1839      31365F74 
 1839      00
 1840              	.LASF184:
 1841 0f62 70726F74 		.ascii	"protBase\000"
 1841      42617365 
 1841      00
 1842              	.LASF234:
 1843 0f6b 70657269 		.ascii	"periTrCmdGrSelMsk\000"
 1843      5472436D 
 1843      64477253 
 1843      656C4D73 
 1843      6B00
 1844              	.LASF99:
 1845 0f7d 63707573 		.ascii	"cpuss_interrupts_cm4_cti_1_IRQn\000"
 1845      735F696E 
 1845      74657272 
 1845      75707473 
 1845      5F636D34 
 1846              	.LASF111:
 1847 0f9d 74637077 		.ascii	"tcpwm_1_interrupts_3_IRQn\000"
 1847      6D5F315F 
 1847      696E7465 
 1847      72727570 
 1847      74735F33 
 1848              	.LASF138:
 1849 0fb7 7564625F 		.ascii	"udb_interrupts_6_IRQn\000"
 1849      696E7465 
 1849      72727570 
 1849      74735F36 
ARM GAS  C:\Users\cmila\AppData\Local\Temp\cctWBvrf.s 			page 45


 1849      5F495251 
 1850              	.LASF192:
 1851 0fcd 64775665 		.ascii	"dwVersion\000"
 1851      7273696F 
 1851      6E00
 1852              	.LASF124:
 1853 0fd7 74637077 		.ascii	"tcpwm_1_interrupts_16_IRQn\000"
 1853      6D5F315F 
 1853      696E7465 
 1853      72727570 
 1853      74735F31 
 1854              	.LASF42:
 1855 0ff2 63707573 		.ascii	"cpuss_interrupts_ipc_7_IRQn\000"
 1855      735F696E 
 1855      74657272 
 1855      75707473 
 1855      5F697063 
 1856              	.LASF137:
 1857 100e 7564625F 		.ascii	"udb_interrupts_5_IRQn\000"
 1857      696E7465 
 1857      72727570 
 1857      74735F35 
 1857      5F495251 
 1858              	.LASF178:
 1859 1024 73697A65 		.ascii	"sizetype\000"
 1859      74797065 
 1859      00
 1860              	.LASF259:
 1861 102d 63707573 		.ascii	"cpussCm4NmiCtlOffset\000"
 1861      73436D34 
 1861      4E6D6943 
 1861      746C4F66 
 1861      66736574 
 1862              	.LASF253:
 1863 1042 63707573 		.ascii	"cpussCm0StatusOffset\000"
 1863      73436D30 
 1863      53746174 
 1863      75734F66 
 1863      66736574 
 1864              	.LASF241:
 1865 1057 70657269 		.ascii	"periDiv8CtlOffset\000"
 1865      44697638 
 1865      43746C4F 
 1865      66667365 
 1865      7400
 1866              	.LASF68:
 1867 1069 63707573 		.ascii	"cpuss_interrupts_dw0_8_IRQn\000"
 1867      735F696E 
 1867      74657272 
 1867      75707473 
 1867      5F647730 
 1868              	.LASF22:
 1869 1085 696F7373 		.ascii	"ioss_interrupts_gpio_12_IRQn\000"
 1869      5F696E74 
 1869      65727275 
 1869      7074735F 
 1869      6770696F 
ARM GAS  C:\Users\cmila\AppData\Local\Temp\cctWBvrf.s 			page 46


 1870              	.LASF34:
 1871 10a2 626C6573 		.ascii	"bless_interrupt_IRQn\000"
 1871      735F696E 
 1871      74657272 
 1871      7570745F 
 1871      4952516E 
 1872              	.LASF167:
 1873 10b7 6C6F6E67 		.ascii	"long int\000"
 1873      20696E74 
 1873      00
 1874              	.LASF91:
 1875 10c0 63707573 		.ascii	"cpuss_interrupts_dw1_15_IRQn\000"
 1875      735F696E 
 1875      74657272 
 1875      75707473 
 1875      5F647731 
 1876              	.LASF190:
 1877 10dd 63707573 		.ascii	"cpussVersion\000"
 1877      73566572 
 1877      73696F6E 
 1877      00
 1878              	.LASF273:
 1879 10ea 49544D5F 		.ascii	"ITM_RxBuffer\000"
 1879      52784275 
 1879      66666572 
 1879      00
 1880              	.LASF194:
 1881 10f7 6770696F 		.ascii	"gpioVersion\000"
 1881      56657273 
 1881      696F6E00 
 1882              	.LASF1:
 1883 1103 4E6F6E4D 		.ascii	"NonMaskableInt_IRQn\000"
 1883      61736B61 
 1883      626C6549 
 1883      6E745F49 
 1883      52516E00 
 1884              	.LASF128:
 1885 1117 74637077 		.ascii	"tcpwm_1_interrupts_20_IRQn\000"
 1885      6D5F315F 
 1885      696E7465 
 1885      72727570 
 1885      74735F32 
 1886              	.LASF193:
 1887 1132 666C6173 		.ascii	"flashcVersion\000"
 1887      68635665 
 1887      7273696F 
 1887      6E00
 1888              	.LASF215:
 1889 1140 70726F74 		.ascii	"protBusMasterMask\000"
 1889      4275734D 
 1889      61737465 
 1889      724D6173 
 1889      6B00
 1890              	.LASF57:
 1891 1152 7363625F 		.ascii	"scb_6_interrupt_IRQn\000"
 1891      365F696E 
 1891      74657272 
ARM GAS  C:\Users\cmila\AppData\Local\Temp\cctWBvrf.s 			page 47


 1891      7570745F 
 1891      4952516E 
 1892              	.LASF47:
 1893 1167 63707573 		.ascii	"cpuss_interrupts_ipc_12_IRQn\000"
 1893      735F696E 
 1893      74657272 
 1893      75707473 
 1893      5F697063 
 1894              	.LASF24:
 1895 1184 696F7373 		.ascii	"ioss_interrupts_gpio_14_IRQn\000"
 1895      5F696E74 
 1895      65727275 
 1895      7074735F 
 1895      6770696F 
 1896              	.LASF41:
 1897 11a1 63707573 		.ascii	"cpuss_interrupts_ipc_6_IRQn\000"
 1897      735F696E 
 1897      74657272 
 1897      75707473 
 1897      5F697063 
 1898              	.LASF18:
 1899 11bd 696F7373 		.ascii	"ioss_interrupts_gpio_8_IRQn\000"
 1899      5F696E74 
 1899      65727275 
 1899      7074735F 
 1899      6770696F 
 1900              	.LASF254:
 1901 11d9 63707573 		.ascii	"cpussCm4PwrCtlOffset\000"
 1901      73436D34 
 1901      50777243 
 1901      746C4F66 
 1901      66736574 
 1902              	.LASF152:
 1903 11ee 736D6966 		.ascii	"smif_interrupt_IRQn\000"
 1903      5F696E74 
 1903      65727275 
 1903      70745F49 
 1903      52516E00 
 1904              	.LASF53:
 1905 1202 7363625F 		.ascii	"scb_2_interrupt_IRQn\000"
 1905      325F696E 
 1905      74657272 
 1905      7570745F 
 1905      4952516E 
 1906              	.LASF13:
 1907 1217 696F7373 		.ascii	"ioss_interrupts_gpio_3_IRQn\000"
 1907      5F696E74 
 1907      65727275 
 1907      7074735F 
 1907      6770696F 
 1908              	.LASF74:
 1909 1233 63707573 		.ascii	"cpuss_interrupts_dw0_14_IRQn\000"
 1909      735F696E 
 1909      74657272 
 1909      75707473 
 1909      5F647730 
 1910              	.LASF211:
ARM GAS  C:\Users\cmila\AppData\Local\Temp\cctWBvrf.s 			page 48


 1911 1250 70617373 		.ascii	"passSarChannels\000"
 1911      53617243 
 1911      68616E6E 
 1911      656C7300 
 1912              	.LASF82:
 1913 1260 63707573 		.ascii	"cpuss_interrupts_dw1_6_IRQn\000"
 1913      735F696E 
 1913      74657272 
 1913      75707473 
 1913      5F647731 
 1914              	.LASF130:
 1915 127c 74637077 		.ascii	"tcpwm_1_interrupts_22_IRQn\000"
 1915      6D5F315F 
 1915      696E7465 
 1915      72727570 
 1915      74735F32 
 1916              	.LASF60:
 1917 1297 63707573 		.ascii	"cpuss_interrupts_dw0_0_IRQn\000"
 1917      735F696E 
 1917      74657272 
 1917      75707473 
 1917      5F647730 
 1918              	.LASF256:
 1919 12b3 63707573 		.ascii	"cpussTrimRomCtlOffset\000"
 1919      73547269 
 1919      6D526F6D 
 1919      43746C4F 
 1919      66667365 
 1920              	.LASF271:
 1921 12c9 696E7472 		.ascii	"intrPriority\000"
 1921      5072696F 
 1921      72697479 
 1921      00
 1922              	.LASF144:
 1923 12d6 7564625F 		.ascii	"udb_interrupts_12_IRQn\000"
 1923      696E7465 
 1923      72727570 
 1923      74735F31 
 1923      325F4952 
 1924              	.LASF9:
 1925 12ed 53797354 		.ascii	"SysTick_IRQn\000"
 1925      69636B5F 
 1925      4952516E 
 1925      00
 1926              	.LASF195:
 1927 12fa 6873696F 		.ascii	"hsiomVersion\000"
 1927      6D566572 
 1927      73696F6E 
 1927      00
 1928              	.LASF77:
 1929 1307 63707573 		.ascii	"cpuss_interrupts_dw1_1_IRQn\000"
 1929      735F696E 
 1929      74657272 
 1929      75707473 
 1929      5F647731 
 1930              	.LASF264:
 1931 1323 69706353 		.ascii	"ipcStructSize\000"
ARM GAS  C:\Users\cmila\AppData\Local\Temp\cctWBvrf.s 			page 49


 1931      74727563 
 1931      7453697A 
 1931      6500
 1932              	.LASF169:
 1933 1331 6C6F6E67 		.ascii	"long unsigned int\000"
 1933      20756E73 
 1933      69676E65 
 1933      6420696E 
 1933      7400
 1934              	.LASF103:
 1935 1343 74637077 		.ascii	"tcpwm_0_interrupts_3_IRQn\000"
 1935      6D5F305F 
 1935      696E7465 
 1935      72727570 
 1935      74735F33 
 1936              	.LASF260:
 1937 135d 63707573 		.ascii	"cpussRomCtl\000"
 1937      73526F6D 
 1937      43746C00 
 1938              	.LASF64:
 1939 1369 63707573 		.ascii	"cpuss_interrupts_dw0_4_IRQn\000"
 1939      735F696E 
 1939      74657272 
 1939      75707473 
 1939      5F647730 
 1940              	.LASF176:
 1941 1385 696E7433 		.ascii	"int32_t\000"
 1941      325F7400 
 1942              	.LASF266:
 1943 138d 63795F73 		.ascii	"cy_stc_device_t\000"
 1943      74635F64 
 1943      65766963 
 1943      655F7400 
 1944              	.LASF113:
 1945 139d 74637077 		.ascii	"tcpwm_1_interrupts_5_IRQn\000"
 1945      6D5F315F 
 1945      696E7465 
 1945      72727570 
 1945      74735F35 
 1946              	.LASF140:
 1947 13b7 7564625F 		.ascii	"udb_interrupts_8_IRQn\000"
 1947      696E7465 
 1947      72727570 
 1947      74735F38 
 1947      5F495251 
 1948              	.LASF183:
 1949 13cd 75646242 		.ascii	"udbBase\000"
 1949      61736500 
 1950              	.LASF126:
 1951 13d5 74637077 		.ascii	"tcpwm_1_interrupts_18_IRQn\000"
 1951      6D5F315F 
 1951      696E7465 
 1951      72727570 
 1951      74735F31 
 1952              	.LASF7:
 1953 13f0 44656275 		.ascii	"DebugMonitor_IRQn\000"
 1953      674D6F6E 
ARM GAS  C:\Users\cmila\AppData\Local\Temp\cctWBvrf.s 			page 50


 1953      69746F72 
 1953      5F495251 
 1953      6E00
 1954              	.LASF5:
 1955 1402 55736167 		.ascii	"UsageFault_IRQn\000"
 1955      65466175 
 1955      6C745F49 
 1955      52516E00 
 1956              	.LASF108:
 1957 1412 74637077 		.ascii	"tcpwm_1_interrupts_0_IRQn\000"
 1957      6D5F315F 
 1957      696E7465 
 1957      72727570 
 1957      74735F30 
 1958              	.LASF135:
 1959 142c 7564625F 		.ascii	"udb_interrupts_3_IRQn\000"
 1959      696E7465 
 1959      72727570 
 1959      74735F33 
 1959      5F495251 
 1960              	.LASF162:
 1961 1442 756E7369 		.ascii	"unsigned char\000"
 1961      676E6564 
 1961      20636861 
 1961      7200
 1962              	.LASF278:
 1963 1450 47656E65 		.ascii	"Generated_Source\\PSoC6\\cyfitter_sysint_cfg.c\000"
 1963      72617465 
 1963      645F536F 
 1963      75726365 
 1963      5C50536F 
 1964              	.LASF168:
 1965 147d 5F5F7569 		.ascii	"__uint32_t\000"
 1965      6E743332 
 1965      5F7400
 1966              	.LASF265:
 1967 1488 6970634C 		.ascii	"ipcLockStatusOffset\000"
 1967      6F636B53 
 1967      74617475 
 1967      734F6666 
 1967      73657400 
 1968              	.LASF121:
 1969 149c 74637077 		.ascii	"tcpwm_1_interrupts_13_IRQn\000"
 1969      6D5F315F 
 1969      696E7465 
 1969      72727570 
 1969      74735F31 
 1970              	.LASF39:
 1971 14b7 63707573 		.ascii	"cpuss_interrupts_ipc_4_IRQn\000"
 1971      735F696E 
 1971      74657272 
 1971      75707473 
 1971      5F697063 
 1972              	.LASF221:
 1973 14d3 666C6173 		.ascii	"flashEraseDelay\000"
 1973      68457261 
 1973      73654465 
ARM GAS  C:\Users\cmila\AppData\Local\Temp\cctWBvrf.s 			page 51


 1973      6C617900 
 1974              	.LASF65:
 1975 14e3 63707573 		.ascii	"cpuss_interrupts_dw0_5_IRQn\000"
 1975      735F696E 
 1975      74657272 
 1975      75707473 
 1975      5F647730 
 1976              	.LASF227:
 1977 14ff 64774368 		.ascii	"dwChOffset\000"
 1977      4F666673 
 1977      657400
 1978              	.LASF88:
 1979 150a 63707573 		.ascii	"cpuss_interrupts_dw1_12_IRQn\000"
 1979      735F696E 
 1979      74657272 
 1979      75707473 
 1979      5F647731 
 1980              	.LASF26:
 1981 1527 696F7373 		.ascii	"ioss_interrupt_vdd_IRQn\000"
 1981      5F696E74 
 1981      65727275 
 1981      70745F76 
 1981      64645F49 
 1982              	.LASF161:
 1983 153f 5F5F7569 		.ascii	"__uint8_t\000"
 1983      6E74385F 
 1983      7400
 1984              	.LASF49:
 1985 1549 63707573 		.ascii	"cpuss_interrupts_ipc_14_IRQn\000"
 1985      735F696E 
 1985      74657272 
 1985      75707473 
 1985      5F697063 
 1986              	.LASF0:
 1987 1566 52657365 		.ascii	"Reset_IRQn\000"
 1987      745F4952 
 1987      516E00
 1988              	.LASF217:
 1989 1571 666C6173 		.ascii	"flashRwwRequired\000"
 1989      68527777 
 1989      52657175 
 1989      69726564 
 1989      00
 1990              	.LASF246:
 1991 1582 6770696F 		.ascii	"gpioPrtCfgOffset\000"
 1991      50727443 
 1991      66674F66 
 1991      66736574 
 1991      00
 1992              	.LASF212:
 1993 1593 65704D6F 		.ascii	"epMonitorNr\000"
 1993      6E69746F 
 1993      724E7200 
 1994              	.LASF2:
 1995 159f 48617264 		.ascii	"HardFault_IRQn\000"
 1995      4661756C 
 1995      745F4952 
ARM GAS  C:\Users\cmila\AppData\Local\Temp\cctWBvrf.s 			page 52


 1995      516E00
 1996              	.LASF159:
 1997 15ae 7369676E 		.ascii	"signed char\000"
 1997      65642063 
 1997      68617200 
 1998              	.LASF148:
 1999 15ba 70617373 		.ascii	"pass_interrupt_sar_IRQn\000"
 1999      5F696E74 
 1999      65727275 
 1999      70745F73 
 1999      61725F49 
 2000              	.LASF132:
 2001 15d2 7564625F 		.ascii	"udb_interrupts_0_IRQn\000"
 2001      696E7465 
 2001      72727570 
 2001      74735F30 
 2001      5F495251 
 2002              	.LASF200:
 2003 15e8 63707573 		.ascii	"cpussIpcIrqNr\000"
 2003      73497063 
 2003      4972714E 
 2003      7200
 2004              	.LASF230:
 2005 15f6 64774368 		.ascii	"dwChCtlPreemptablePos\000"
 2005      43746C50 
 2005      7265656D 
 2005      70746162 
 2005      6C65506F 
 2006              	.LASF118:
 2007 160c 74637077 		.ascii	"tcpwm_1_interrupts_10_IRQn\000"
 2007      6D5F315F 
 2007      696E7465 
 2007      72727570 
 2007      74735F31 
 2008              	.LASF15:
 2009 1627 696F7373 		.ascii	"ioss_interrupts_gpio_5_IRQn\000"
 2009      5F696E74 
 2009      65727275 
 2009      7074735F 
 2009      6770696F 
 2010              	.LASF44:
 2011 1643 63707573 		.ascii	"cpuss_interrupts_ipc_9_IRQn\000"
 2011      735F696E 
 2011      74657272 
 2011      75707473 
 2011      5F697063 
 2012              	.LASF197:
 2013 165f 70657269 		.ascii	"periVersion\000"
 2013      56657273 
 2013      696F6E00 
 2014              	.LASF93:
 2015 166b 63707573 		.ascii	"cpuss_interrupts_fault_1_IRQn\000"
 2015      735F696E 
 2015      74657272 
 2015      75707473 
 2015      5F666175 
 2016              	.LASF269:
ARM GAS  C:\Users\cmila\AppData\Local\Temp\cctWBvrf.s 			page 53


 2017 1689 646F7562 		.ascii	"double\000"
 2017      6C6500
 2018              	.LASF187:
 2019 1690 70617373 		.ascii	"passBase\000"
 2019      42617365 
 2019      00
 2020              	.LASF224:
 2021 1699 666C6173 		.ascii	"flashCtlMainWs2Freq\000"
 2021      6843746C 
 2021      4D61696E 
 2021      57733246 
 2021      72657100 
 2022              	.LASF10:
 2023 16ad 696F7373 		.ascii	"ioss_interrupts_gpio_0_IRQn\000"
 2023      5F696E74 
 2023      65727275 
 2023      7074735F 
 2023      6770696F 
 2024              	.LASF71:
 2025 16c9 63707573 		.ascii	"cpuss_interrupts_dw0_11_IRQn\000"
 2025      735F696E 
 2025      74657272 
 2025      75707473 
 2025      5F647730 
 2026              	.LASF226:
 2027 16e6 666C6173 		.ascii	"flashCtlMainWs4Freq\000"
 2027      6843746C 
 2027      4D61696E 
 2027      57733446 
 2027      72657100 
 2028              	.LASF79:
 2029 16fa 63707573 		.ascii	"cpuss_interrupts_dw1_3_IRQn\000"
 2029      735F696E 
 2029      74657272 
 2029      75707473 
 2029      5F647731 
 2030              	.LASF105:
 2031 1716 74637077 		.ascii	"tcpwm_0_interrupts_5_IRQn\000"
 2031      6D5F305F 
 2031      696E7465 
 2031      72727570 
 2031      74735F35 
 2032              	.LASF94:
 2033 1730 63707573 		.ascii	"cpuss_interrupt_crypto_IRQn\000"
 2033      735F696E 
 2033      74657272 
 2033      7570745F 
 2033      63727970 
 2034              	.LASF100:
 2035 174c 74637077 		.ascii	"tcpwm_0_interrupts_0_IRQn\000"
 2035      6D5F305F 
 2035      696E7465 
 2035      72727570 
 2035      74735F30 
 2036              	.LASF196:
 2037 1766 69706356 		.ascii	"ipcVersion\000"
 2037      65727369 
ARM GAS  C:\Users\cmila\AppData\Local\Temp\cctWBvrf.s 			page 54


 2037      6F6E00
 2038              	.LASF38:
 2039 1771 63707573 		.ascii	"cpuss_interrupts_ipc_3_IRQn\000"
 2039      735F696E 
 2039      74657272 
 2039      75707473 
 2039      5F697063 
 2040              	.LASF58:
 2041 178d 7363625F 		.ascii	"scb_7_interrupt_IRQn\000"
 2041      375F696E 
 2041      74657272 
 2041      7570745F 
 2041      4952516E 
 2042              	.LASF98:
 2043 17a2 63707573 		.ascii	"cpuss_interrupts_cm4_cti_0_IRQn\000"
 2043      735F696E 
 2043      74657272 
 2043      75707473 
 2043      5F636D34 
 2044              	.LASF110:
 2045 17c2 74637077 		.ascii	"tcpwm_1_interrupts_2_IRQn\000"
 2045      6D5F315F 
 2045      696E7465 
 2045      72727570 
 2045      74735F32 
 2046              		.ident	"GCC: (GNU Tools for ARM Embedded Processors) 5.4.1 20160609 (release) [ARM/embedded-5-bran
