ARM GAS  C:\Users\cmila\AppData\Local\Temp\cc8z0g4m.s 			page 1


   1              		.syntax unified
   2              		.cpu cortex-m0plus
   3              		.fpu softvfp
   4              		.eabi_attribute 20, 1
   5              		.eabi_attribute 21, 1
   6              		.eabi_attribute 23, 3
   7              		.eabi_attribute 24, 1
   8              		.eabi_attribute 25, 1
   9              		.eabi_attribute 26, 1
  10              		.eabi_attribute 30, 1
  11              		.eabi_attribute 34, 0
  12              		.eabi_attribute 18, 4
  13              		.thumb
  14              		.syntax unified
  15              		.file	"cy_tcpwm_quaddec.c"
  16              		.text
  17              	.Ltext0:
  18              		.cfi_sections	.debug_frame
  19              		.section	.text.Cy_TCPWM_QuadDec_Init,"ax",%progbits
  20              		.align	2
  21              		.global	Cy_TCPWM_QuadDec_Init
  22              		.code	16
  23              		.thumb_func
  24              		.type	Cy_TCPWM_QuadDec_Init, %function
  25              	Cy_TCPWM_QuadDec_Init:
  26              	.LFB64:
  27              		.file 1 "Generated_Source\\PSoC6\\pdl\\drivers\\peripheral\\tcpwm\\cy_tcpwm_quaddec.c"
   1:Generated_Source\PSoC6\pdl\drivers\peripheral\tcpwm/cy_tcpwm_quaddec.c **** /***************************************************************************//**
   2:Generated_Source\PSoC6\pdl\drivers\peripheral\tcpwm/cy_tcpwm_quaddec.c **** * \file cy_tcpwm_quaddec.c
   3:Generated_Source\PSoC6\pdl\drivers\peripheral\tcpwm/cy_tcpwm_quaddec.c **** * \version 1.10
   4:Generated_Source\PSoC6\pdl\drivers\peripheral\tcpwm/cy_tcpwm_quaddec.c **** *
   5:Generated_Source\PSoC6\pdl\drivers\peripheral\tcpwm/cy_tcpwm_quaddec.c **** * \brief
   6:Generated_Source\PSoC6\pdl\drivers\peripheral\tcpwm/cy_tcpwm_quaddec.c **** *  The source file of the tcpwm driver.
   7:Generated_Source\PSoC6\pdl\drivers\peripheral\tcpwm/cy_tcpwm_quaddec.c **** *
   8:Generated_Source\PSoC6\pdl\drivers\peripheral\tcpwm/cy_tcpwm_quaddec.c **** ********************************************************************************
   9:Generated_Source\PSoC6\pdl\drivers\peripheral\tcpwm/cy_tcpwm_quaddec.c **** * \copyright
  10:Generated_Source\PSoC6\pdl\drivers\peripheral\tcpwm/cy_tcpwm_quaddec.c **** * Copyright 2016-2018, Cypress Semiconductor Corporation.  All rights reserved.
  11:Generated_Source\PSoC6\pdl\drivers\peripheral\tcpwm/cy_tcpwm_quaddec.c **** * You may use this file only in accordance with the license, terms, conditions,
  12:Generated_Source\PSoC6\pdl\drivers\peripheral\tcpwm/cy_tcpwm_quaddec.c **** * disclaimers, and limitations in the end user license agreement accompanying
  13:Generated_Source\PSoC6\pdl\drivers\peripheral\tcpwm/cy_tcpwm_quaddec.c **** * the software package with which this file was provided.
  14:Generated_Source\PSoC6\pdl\drivers\peripheral\tcpwm/cy_tcpwm_quaddec.c **** *******************************************************************************/
  15:Generated_Source\PSoC6\pdl\drivers\peripheral\tcpwm/cy_tcpwm_quaddec.c **** 
  16:Generated_Source\PSoC6\pdl\drivers\peripheral\tcpwm/cy_tcpwm_quaddec.c **** #include "cy_tcpwm_quaddec.h"
  17:Generated_Source\PSoC6\pdl\drivers\peripheral\tcpwm/cy_tcpwm_quaddec.c **** 
  18:Generated_Source\PSoC6\pdl\drivers\peripheral\tcpwm/cy_tcpwm_quaddec.c **** #ifdef CY_IP_MXTCPWM
  19:Generated_Source\PSoC6\pdl\drivers\peripheral\tcpwm/cy_tcpwm_quaddec.c **** 
  20:Generated_Source\PSoC6\pdl\drivers\peripheral\tcpwm/cy_tcpwm_quaddec.c **** #if defined(__cplusplus)
  21:Generated_Source\PSoC6\pdl\drivers\peripheral\tcpwm/cy_tcpwm_quaddec.c **** extern "C" {
  22:Generated_Source\PSoC6\pdl\drivers\peripheral\tcpwm/cy_tcpwm_quaddec.c **** #endif
  23:Generated_Source\PSoC6\pdl\drivers\peripheral\tcpwm/cy_tcpwm_quaddec.c **** 
  24:Generated_Source\PSoC6\pdl\drivers\peripheral\tcpwm/cy_tcpwm_quaddec.c **** 
  25:Generated_Source\PSoC6\pdl\drivers\peripheral\tcpwm/cy_tcpwm_quaddec.c **** /*******************************************************************************
  26:Generated_Source\PSoC6\pdl\drivers\peripheral\tcpwm/cy_tcpwm_quaddec.c **** * Function Name: Cy_TCPWM_QuadDec_Init
  27:Generated_Source\PSoC6\pdl\drivers\peripheral\tcpwm/cy_tcpwm_quaddec.c **** ****************************************************************************//**
  28:Generated_Source\PSoC6\pdl\drivers\peripheral\tcpwm/cy_tcpwm_quaddec.c **** *
  29:Generated_Source\PSoC6\pdl\drivers\peripheral\tcpwm/cy_tcpwm_quaddec.c **** * Initializes the counter in the TCPWM block for the QuadDec operation.
  30:Generated_Source\PSoC6\pdl\drivers\peripheral\tcpwm/cy_tcpwm_quaddec.c **** *
ARM GAS  C:\Users\cmila\AppData\Local\Temp\cc8z0g4m.s 			page 2


  31:Generated_Source\PSoC6\pdl\drivers\peripheral\tcpwm/cy_tcpwm_quaddec.c **** * \param base
  32:Generated_Source\PSoC6\pdl\drivers\peripheral\tcpwm/cy_tcpwm_quaddec.c **** * The pointer to a TCPWM instance.
  33:Generated_Source\PSoC6\pdl\drivers\peripheral\tcpwm/cy_tcpwm_quaddec.c **** *
  34:Generated_Source\PSoC6\pdl\drivers\peripheral\tcpwm/cy_tcpwm_quaddec.c **** * \param cntNum
  35:Generated_Source\PSoC6\pdl\drivers\peripheral\tcpwm/cy_tcpwm_quaddec.c **** * The Counter instance number in the selected TCPWM.
  36:Generated_Source\PSoC6\pdl\drivers\peripheral\tcpwm/cy_tcpwm_quaddec.c **** *
  37:Generated_Source\PSoC6\pdl\drivers\peripheral\tcpwm/cy_tcpwm_quaddec.c **** * \param config
  38:Generated_Source\PSoC6\pdl\drivers\peripheral\tcpwm/cy_tcpwm_quaddec.c **** * The pointer to a configuration structure. See \ref cy_stc_tcpwm_quaddec_config_t.
  39:Generated_Source\PSoC6\pdl\drivers\peripheral\tcpwm/cy_tcpwm_quaddec.c **** *
  40:Generated_Source\PSoC6\pdl\drivers\peripheral\tcpwm/cy_tcpwm_quaddec.c **** * \return error / status code. See \ref cy_en_tcpwm_status_t.
  41:Generated_Source\PSoC6\pdl\drivers\peripheral\tcpwm/cy_tcpwm_quaddec.c **** *
  42:Generated_Source\PSoC6\pdl\drivers\peripheral\tcpwm/cy_tcpwm_quaddec.c **** * \funcusage
  43:Generated_Source\PSoC6\pdl\drivers\peripheral\tcpwm/cy_tcpwm_quaddec.c **** * \snippet tcpwm\1.10\quaddec\snippet\main.c snippet_Cy_TCPWM_QuadDec_Config
  44:Generated_Source\PSoC6\pdl\drivers\peripheral\tcpwm/cy_tcpwm_quaddec.c **** * \snippet tcpwm\1.10\quaddec\snippet\main.c snippet_Cy_TCPWM_QuadDec_Init
  45:Generated_Source\PSoC6\pdl\drivers\peripheral\tcpwm/cy_tcpwm_quaddec.c **** *
  46:Generated_Source\PSoC6\pdl\drivers\peripheral\tcpwm/cy_tcpwm_quaddec.c **** *******************************************************************************/
  47:Generated_Source\PSoC6\pdl\drivers\peripheral\tcpwm/cy_tcpwm_quaddec.c **** cy_en_tcpwm_status_t Cy_TCPWM_QuadDec_Init(TCPWM_Type *base, uint32_t cntNum, 
  48:Generated_Source\PSoC6\pdl\drivers\peripheral\tcpwm/cy_tcpwm_quaddec.c ****                                            cy_stc_tcpwm_quaddec_config_t const *config)
  49:Generated_Source\PSoC6\pdl\drivers\peripheral\tcpwm/cy_tcpwm_quaddec.c **** {
  28              		.loc 1 49 0
  29              		.cfi_startproc
  30              		@ args = 0, pretend = 0, frame = 0
  31              		@ frame_needed = 0, uses_anonymous_args = 0
  32              	.LVL0:
  33 0000 30B5     		push	{r4, r5, lr}
  34              		.cfi_def_cfa_offset 12
  35              		.cfi_offset 4, -12
  36              		.cfi_offset 5, -8
  37              		.cfi_offset 14, -4
  38              	.LVL1:
  50:Generated_Source\PSoC6\pdl\drivers\peripheral\tcpwm/cy_tcpwm_quaddec.c ****     cy_en_tcpwm_status_t status = CY_TCPWM_BAD_PARAM;
  51:Generated_Source\PSoC6\pdl\drivers\peripheral\tcpwm/cy_tcpwm_quaddec.c **** 
  52:Generated_Source\PSoC6\pdl\drivers\peripheral\tcpwm/cy_tcpwm_quaddec.c ****     if ((NULL != base) && (NULL != config))
  39              		.loc 1 52 0
  40 0002 0028     		cmp	r0, #0
  41 0004 3ED0     		beq	.L4
  42              		.loc 1 52 0 is_stmt 0 discriminator 1
  43 0006 002A     		cmp	r2, #0
  44 0008 3ED0     		beq	.L5
  53:Generated_Source\PSoC6\pdl\drivers\peripheral\tcpwm/cy_tcpwm_quaddec.c ****     {
  54:Generated_Source\PSoC6\pdl\drivers\peripheral\tcpwm/cy_tcpwm_quaddec.c ****         TCPWM_CNT_CTRL(base, cntNum) = ( _VAL2FLD(TCPWM_CNT_CTRL_QUADRATURE_MODE, config->resolutio
  45              		.loc 1 54 0 is_stmt 1
  46 000a 1368     		ldr	r3, [r2]
  47 000c 1C05     		lsls	r4, r3, #20
  48 000e C023     		movs	r3, #192
  49 0010 9B03     		lsls	r3, r3, #14
  50 0012 2340     		ands	r3, r4
  51 0014 C024     		movs	r4, #192
  52 0016 A404     		lsls	r4, r4, #18
  53 0018 2343     		orrs	r3, r4
  54 001a 0C1D     		adds	r4, r1, #4
  55 001c A401     		lsls	r4, r4, #6
  56 001e 2350     		str	r3, [r4, r0]
  55:Generated_Source\PSoC6\pdl\drivers\peripheral\tcpwm/cy_tcpwm_quaddec.c ****                             _VAL2FLD(TCPWM_CNT_CTRL_MODE, CY_TCPWM_QUADDEC_CTRL_QUADDEC_MODE));
  56:Generated_Source\PSoC6\pdl\drivers\peripheral\tcpwm/cy_tcpwm_quaddec.c **** 
  57:Generated_Source\PSoC6\pdl\drivers\peripheral\tcpwm/cy_tcpwm_quaddec.c ****         if (CY_TCPWM_INPUT_CREATOR != config->phiAInput)
  57              		.loc 1 57 0
ARM GAS  C:\Users\cmila\AppData\Local\Temp\cc8z0g4m.s 			page 3


  58 0020 9369     		ldr	r3, [r2, #24]
  59 0022 5C1C     		adds	r4, r3, #1
  60 0024 17D0     		beq	.L3
  58:Generated_Source\PSoC6\pdl\drivers\peripheral\tcpwm/cy_tcpwm_quaddec.c ****         {        
  59:Generated_Source\PSoC6\pdl\drivers\peripheral\tcpwm/cy_tcpwm_quaddec.c ****             TCPWM_CNT_TR_CTRL0(base, cntNum) = (_VAL2FLD(TCPWM_CNT_TR_CTRL0_COUNT_SEL, config->phiA
  61              		.loc 1 59 0
  62 0026 1B01     		lsls	r3, r3, #4
  63 0028 FF24     		movs	r4, #255
  64 002a 2340     		ands	r3, r4
  60:Generated_Source\PSoC6\pdl\drivers\peripheral\tcpwm/cy_tcpwm_quaddec.c ****                                               _VAL2FLD(TCPWM_CNT_TR_CTRL0_START_SEL, config->phiBIn
  65              		.loc 1 60 0
  66 002c D469     		ldr	r4, [r2, #28]
  67 002e 2504     		lsls	r5, r4, #16
  68 0030 F024     		movs	r4, #240
  69 0032 2403     		lsls	r4, r4, #12
  70 0034 2C40     		ands	r4, r5
  59:Generated_Source\PSoC6\pdl\drivers\peripheral\tcpwm/cy_tcpwm_quaddec.c ****                                               _VAL2FLD(TCPWM_CNT_TR_CTRL0_START_SEL, config->phiBIn
  71              		.loc 1 59 0
  72 0036 2343     		orrs	r3, r4
  61:Generated_Source\PSoC6\pdl\drivers\peripheral\tcpwm/cy_tcpwm_quaddec.c ****                                               _VAL2FLD(TCPWM_CNT_TR_CTRL0_RELOAD_SEL, config->index
  73              		.loc 1 61 0
  74 0038 D468     		ldr	r4, [r2, #12]
  75 003a 2502     		lsls	r5, r4, #8
  76 003c F024     		movs	r4, #240
  77 003e 2401     		lsls	r4, r4, #4
  78 0040 2C40     		ands	r4, r5
  60:Generated_Source\PSoC6\pdl\drivers\peripheral\tcpwm/cy_tcpwm_quaddec.c ****                                               _VAL2FLD(TCPWM_CNT_TR_CTRL0_START_SEL, config->phiBIn
  79              		.loc 1 60 0
  80 0042 2343     		orrs	r3, r4
  62:Generated_Source\PSoC6\pdl\drivers\peripheral\tcpwm/cy_tcpwm_quaddec.c ****                                               _VAL2FLD(TCPWM_CNT_TR_CTRL0_STOP_SEL, config->stopInp
  81              		.loc 1 62 0
  82 0044 5469     		ldr	r4, [r2, #20]
  83 0046 2407     		lsls	r4, r4, #28
  84 0048 240C     		lsrs	r4, r4, #16
  61:Generated_Source\PSoC6\pdl\drivers\peripheral\tcpwm/cy_tcpwm_quaddec.c ****                                               _VAL2FLD(TCPWM_CNT_TR_CTRL0_RELOAD_SEL, config->index
  85              		.loc 1 61 0
  86 004a 2343     		orrs	r3, r4
  59:Generated_Source\PSoC6\pdl\drivers\peripheral\tcpwm/cy_tcpwm_quaddec.c ****                                               _VAL2FLD(TCPWM_CNT_TR_CTRL0_START_SEL, config->phiBIn
  87              		.loc 1 59 0
  88 004c 8C01     		lsls	r4, r1, #6
  89 004e 0419     		adds	r4, r0, r4
  90 0050 2134     		adds	r4, r4, #33
  91 0052 FF34     		adds	r4, r4, #255
  92 0054 2360     		str	r3, [r4]
  93              	.L3:
  63:Generated_Source\PSoC6\pdl\drivers\peripheral\tcpwm/cy_tcpwm_quaddec.c ****         }
  64:Generated_Source\PSoC6\pdl\drivers\peripheral\tcpwm/cy_tcpwm_quaddec.c ****         
  65:Generated_Source\PSoC6\pdl\drivers\peripheral\tcpwm/cy_tcpwm_quaddec.c ****         TCPWM_CNT_TR_CTRL1(base, cntNum) = (_VAL2FLD(TCPWM_CNT_TR_CTRL1_CAPTURE_EDGE, CY_TCPWM_INPU
  66:Generated_Source\PSoC6\pdl\drivers\peripheral\tcpwm/cy_tcpwm_quaddec.c ****                                           _VAL2FLD(TCPWM_CNT_TR_CTRL1_COUNT_EDGE, CY_TCPWM_INPUT_LE
  67:Generated_Source\PSoC6\pdl\drivers\peripheral\tcpwm/cy_tcpwm_quaddec.c ****                                           _VAL2FLD(TCPWM_CNT_TR_CTRL1_START_EDGE, CY_TCPWM_INPUT_LE
  68:Generated_Source\PSoC6\pdl\drivers\peripheral\tcpwm/cy_tcpwm_quaddec.c ****                                           _VAL2FLD(TCPWM_CNT_TR_CTRL1_RELOAD_EDGE, config->indexInp
  94              		.loc 1 68 0
  95 0056 9368     		ldr	r3, [r2, #8]
  96 0058 1B01     		lsls	r3, r3, #4
  97 005a 3025     		movs	r5, #48
  98 005c 1D40     		ands	r5, r3
  69:Generated_Source\PSoC6\pdl\drivers\peripheral\tcpwm/cy_tcpwm_quaddec.c ****                                           _VAL2FLD(TCPWM_CNT_TR_CTRL1_STOP_EDGE, config->stopInputM
ARM GAS  C:\Users\cmila\AppData\Local\Temp\cc8z0g4m.s 			page 4


  99              		.loc 1 69 0
 100 005e 1369     		ldr	r3, [r2, #16]
 101 0060 9C01     		lsls	r4, r3, #6
 102 0062 FF23     		movs	r3, #255
 103 0064 2340     		ands	r3, r4
  68:Generated_Source\PSoC6\pdl\drivers\peripheral\tcpwm/cy_tcpwm_quaddec.c ****                                           _VAL2FLD(TCPWM_CNT_TR_CTRL1_STOP_EDGE, config->stopInputM
 104              		.loc 1 68 0
 105 0066 2B43     		orrs	r3, r5
 106 0068 084C     		ldr	r4, .L6
 107 006a 2343     		orrs	r3, r4
  65:Generated_Source\PSoC6\pdl\drivers\peripheral\tcpwm/cy_tcpwm_quaddec.c ****                                           _VAL2FLD(TCPWM_CNT_TR_CTRL1_COUNT_EDGE, CY_TCPWM_INPUT_LE
 108              		.loc 1 65 0
 109 006c 8901     		lsls	r1, r1, #6
 110              	.LVL2:
 111 006e 4118     		adds	r1, r0, r1
 112 0070 0800     		movs	r0, r1
 113              	.LVL3:
 114 0072 2530     		adds	r0, r0, #37
 115 0074 FF30     		adds	r0, r0, #255
 116 0076 0360     		str	r3, [r0]
  70:Generated_Source\PSoC6\pdl\drivers\peripheral\tcpwm/cy_tcpwm_quaddec.c **** 
  71:Generated_Source\PSoC6\pdl\drivers\peripheral\tcpwm/cy_tcpwm_quaddec.c ****         TCPWM_CNT_INTR_MASK(base, cntNum) = config->interruptSources;
 117              		.loc 1 71 0
 118 0078 5368     		ldr	r3, [r2, #4]
 119 007a 3931     		adds	r1, r1, #57
 120 007c FF31     		adds	r1, r1, #255
 121 007e 0B60     		str	r3, [r1]
 122              	.LVL4:
  72:Generated_Source\PSoC6\pdl\drivers\peripheral\tcpwm/cy_tcpwm_quaddec.c **** 
  73:Generated_Source\PSoC6\pdl\drivers\peripheral\tcpwm/cy_tcpwm_quaddec.c ****         status = CY_TCPWM_SUCCESS;
 123              		.loc 1 73 0
 124 0080 0020     		movs	r0, #0
 125 0082 02E0     		b	.L2
 126              	.LVL5:
 127              	.L4:
  50:Generated_Source\PSoC6\pdl\drivers\peripheral\tcpwm/cy_tcpwm_quaddec.c **** 
 128              		.loc 1 50 0
 129 0084 0248     		ldr	r0, .L6+4
 130              	.LVL6:
 131 0086 00E0     		b	.L2
 132              	.LVL7:
 133              	.L5:
 134 0088 0148     		ldr	r0, .L6+4
 135              	.LVL8:
 136              	.L2:
  74:Generated_Source\PSoC6\pdl\drivers\peripheral\tcpwm/cy_tcpwm_quaddec.c ****     }
  75:Generated_Source\PSoC6\pdl\drivers\peripheral\tcpwm/cy_tcpwm_quaddec.c **** 
  76:Generated_Source\PSoC6\pdl\drivers\peripheral\tcpwm/cy_tcpwm_quaddec.c ****     return(status);
  77:Generated_Source\PSoC6\pdl\drivers\peripheral\tcpwm/cy_tcpwm_quaddec.c **** }
 137              		.loc 1 77 0
 138              		@ sp needed
 139 008a 30BD     		pop	{r4, r5, pc}
 140              	.L7:
 141              		.align	2
 142              	.L6:
 143 008c 0F030000 		.word	783
 144 0090 0100B600 		.word	11927553
ARM GAS  C:\Users\cmila\AppData\Local\Temp\cc8z0g4m.s 			page 5


 145              		.cfi_endproc
 146              	.LFE64:
 147              		.size	Cy_TCPWM_QuadDec_Init, .-Cy_TCPWM_QuadDec_Init
 148              		.section	.text.Cy_TCPWM_QuadDec_DeInit,"ax",%progbits
 149              		.align	2
 150              		.global	Cy_TCPWM_QuadDec_DeInit
 151              		.code	16
 152              		.thumb_func
 153              		.type	Cy_TCPWM_QuadDec_DeInit, %function
 154              	Cy_TCPWM_QuadDec_DeInit:
 155              	.LFB65:
  78:Generated_Source\PSoC6\pdl\drivers\peripheral\tcpwm/cy_tcpwm_quaddec.c **** 
  79:Generated_Source\PSoC6\pdl\drivers\peripheral\tcpwm/cy_tcpwm_quaddec.c **** 
  80:Generated_Source\PSoC6\pdl\drivers\peripheral\tcpwm/cy_tcpwm_quaddec.c **** /*******************************************************************************
  81:Generated_Source\PSoC6\pdl\drivers\peripheral\tcpwm/cy_tcpwm_quaddec.c **** * Function Name: Cy_TCPWM_QuadDec_DeInit
  82:Generated_Source\PSoC6\pdl\drivers\peripheral\tcpwm/cy_tcpwm_quaddec.c **** ****************************************************************************//**
  83:Generated_Source\PSoC6\pdl\drivers\peripheral\tcpwm/cy_tcpwm_quaddec.c **** *
  84:Generated_Source\PSoC6\pdl\drivers\peripheral\tcpwm/cy_tcpwm_quaddec.c **** * De-initializes the counter in the TCPWM block, returns register values to 
  85:Generated_Source\PSoC6\pdl\drivers\peripheral\tcpwm/cy_tcpwm_quaddec.c **** * default.
  86:Generated_Source\PSoC6\pdl\drivers\peripheral\tcpwm/cy_tcpwm_quaddec.c **** *
  87:Generated_Source\PSoC6\pdl\drivers\peripheral\tcpwm/cy_tcpwm_quaddec.c **** * \param base
  88:Generated_Source\PSoC6\pdl\drivers\peripheral\tcpwm/cy_tcpwm_quaddec.c **** * The pointer to a TCPWM instance.
  89:Generated_Source\PSoC6\pdl\drivers\peripheral\tcpwm/cy_tcpwm_quaddec.c **** *
  90:Generated_Source\PSoC6\pdl\drivers\peripheral\tcpwm/cy_tcpwm_quaddec.c **** * \param cntNum
  91:Generated_Source\PSoC6\pdl\drivers\peripheral\tcpwm/cy_tcpwm_quaddec.c **** * The Counter instance number in the selected TCPWM.
  92:Generated_Source\PSoC6\pdl\drivers\peripheral\tcpwm/cy_tcpwm_quaddec.c **** *
  93:Generated_Source\PSoC6\pdl\drivers\peripheral\tcpwm/cy_tcpwm_quaddec.c **** * \param config
  94:Generated_Source\PSoC6\pdl\drivers\peripheral\tcpwm/cy_tcpwm_quaddec.c **** * The pointer to a configuration structure. See \ref cy_stc_tcpwm_quaddec_config_t.
  95:Generated_Source\PSoC6\pdl\drivers\peripheral\tcpwm/cy_tcpwm_quaddec.c **** *
  96:Generated_Source\PSoC6\pdl\drivers\peripheral\tcpwm/cy_tcpwm_quaddec.c **** * \funcusage
  97:Generated_Source\PSoC6\pdl\drivers\peripheral\tcpwm/cy_tcpwm_quaddec.c **** * \snippet tcpwm\1.10\quaddec\snippet\main.c snippet_Cy_TCPWM_QuadDec_DeInit
  98:Generated_Source\PSoC6\pdl\drivers\peripheral\tcpwm/cy_tcpwm_quaddec.c **** *
  99:Generated_Source\PSoC6\pdl\drivers\peripheral\tcpwm/cy_tcpwm_quaddec.c **** *******************************************************************************/
 100:Generated_Source\PSoC6\pdl\drivers\peripheral\tcpwm/cy_tcpwm_quaddec.c **** void Cy_TCPWM_QuadDec_DeInit(TCPWM_Type *base, uint32_t cntNum, cy_stc_tcpwm_quaddec_config_t const
 101:Generated_Source\PSoC6\pdl\drivers\peripheral\tcpwm/cy_tcpwm_quaddec.c **** {
 156              		.loc 1 101 0
 157              		.cfi_startproc
 158              		@ args = 0, pretend = 0, frame = 0
 159              		@ frame_needed = 0, uses_anonymous_args = 0
 160              	.LVL9:
 161 0000 70B5     		push	{r4, r5, r6, lr}
 162              		.cfi_def_cfa_offset 16
 163              		.cfi_offset 4, -16
 164              		.cfi_offset 5, -12
 165              		.cfi_offset 6, -8
 166              		.cfi_offset 14, -4
 102:Generated_Source\PSoC6\pdl\drivers\peripheral\tcpwm/cy_tcpwm_quaddec.c ****     TCPWM_CNT_CTRL(base, cntNum) = CY_TCPWM_CNT_CTRL_DEFAULT;
 167              		.loc 1 102 0
 168 0002 0B1D     		adds	r3, r1, #4
 169 0004 9B01     		lsls	r3, r3, #6
 170 0006 0024     		movs	r4, #0
 171 0008 1C50     		str	r4, [r3, r0]
 103:Generated_Source\PSoC6\pdl\drivers\peripheral\tcpwm/cy_tcpwm_quaddec.c ****     TCPWM_CNT_COUNTER(base, cntNum) = CY_TCPWM_CNT_COUNTER_DEFAULT;
 172              		.loc 1 103 0
 173 000a 8B01     		lsls	r3, r1, #6
 174 000c C318     		adds	r3, r0, r3
 175 000e 1D00     		movs	r5, r3
ARM GAS  C:\Users\cmila\AppData\Local\Temp\cc8z0g4m.s 			page 6


 176 0010 0935     		adds	r5, r5, #9
 177 0012 FF35     		adds	r5, r5, #255
 178 0014 2C60     		str	r4, [r5]
 104:Generated_Source\PSoC6\pdl\drivers\peripheral\tcpwm/cy_tcpwm_quaddec.c ****     TCPWM_CNT_CC(base, cntNum) = CY_TCPWM_CNT_CC_DEFAULT;
 179              		.loc 1 104 0
 180 0016 1E00     		movs	r6, r3
 181 0018 0D36     		adds	r6, r6, #13
 182 001a FF36     		adds	r6, r6, #255
 183 001c 0125     		movs	r5, #1
 184 001e 6D42     		rsbs	r5, r5, #0
 185 0020 3560     		str	r5, [r6]
 105:Generated_Source\PSoC6\pdl\drivers\peripheral\tcpwm/cy_tcpwm_quaddec.c ****     TCPWM_CNT_CC_BUFF(base, cntNum) = CY_TCPWM_CNT_CC_BUFF_DEFAULT;
 186              		.loc 1 105 0
 187 0022 0436     		adds	r6, r6, #4
 188 0024 3560     		str	r5, [r6]
 106:Generated_Source\PSoC6\pdl\drivers\peripheral\tcpwm/cy_tcpwm_quaddec.c ****     TCPWM_CNT_PERIOD(base, cntNum) = CY_TCPWM_CNT_PERIOD_DEFAULT;
 189              		.loc 1 106 0
 190 0026 0436     		adds	r6, r6, #4
 191 0028 3560     		str	r5, [r6]
 107:Generated_Source\PSoC6\pdl\drivers\peripheral\tcpwm/cy_tcpwm_quaddec.c ****     TCPWM_CNT_PERIOD_BUFF(base, cntNum) = CY_TCPWM_CNT_PERIOD_BUFF_DEFAULT;
 192              		.loc 1 107 0
 193 002a 0436     		adds	r6, r6, #4
 194 002c 3560     		str	r5, [r6]
 108:Generated_Source\PSoC6\pdl\drivers\peripheral\tcpwm/cy_tcpwm_quaddec.c ****     TCPWM_CNT_TR_CTRL1(base, cntNum) = CY_TCPWM_CNT_TR_CTRL1_DEFAULT;
 195              		.loc 1 108 0
 196 002e 1D00     		movs	r5, r3
 197 0030 2535     		adds	r5, r5, #37
 198 0032 FF35     		adds	r5, r5, #255
 199 0034 0B4E     		ldr	r6, .L10
 200 0036 2E60     		str	r6, [r5]
 109:Generated_Source\PSoC6\pdl\drivers\peripheral\tcpwm/cy_tcpwm_quaddec.c ****     TCPWM_CNT_TR_CTRL2(base, cntNum) = CY_TCPWM_CNT_TR_CTRL2_DEFAULT;
 201              		.loc 1 109 0
 202 0038 0435     		adds	r5, r5, #4
 203 003a 3F26     		movs	r6, #63
 204 003c 2E60     		str	r6, [r5]
 110:Generated_Source\PSoC6\pdl\drivers\peripheral\tcpwm/cy_tcpwm_quaddec.c ****     TCPWM_CNT_INTR(base, cntNum) = CY_TCPWM_CNT_INTR_DEFAULT;
 205              		.loc 1 110 0
 206 003e 0835     		adds	r5, r5, #8
 207 0040 3C3E     		subs	r6, r6, #60
 208 0042 2E60     		str	r6, [r5]
 111:Generated_Source\PSoC6\pdl\drivers\peripheral\tcpwm/cy_tcpwm_quaddec.c ****     TCPWM_CNT_INTR_SET(base, cntNum) = CY_TCPWM_CNT_INTR_SET_DEFAULT;
 209              		.loc 1 111 0
 210 0044 0435     		adds	r5, r5, #4
 211 0046 2C60     		str	r4, [r5]
 112:Generated_Source\PSoC6\pdl\drivers\peripheral\tcpwm/cy_tcpwm_quaddec.c ****     TCPWM_CNT_INTR_MASK(base, cntNum) = CY_TCPWM_CNT_INTR_MASK_DEFAULT;
 212              		.loc 1 112 0
 213 0048 3933     		adds	r3, r3, #57
 214 004a FF33     		adds	r3, r3, #255
 215 004c 1C60     		str	r4, [r3]
 113:Generated_Source\PSoC6\pdl\drivers\peripheral\tcpwm/cy_tcpwm_quaddec.c **** 
 114:Generated_Source\PSoC6\pdl\drivers\peripheral\tcpwm/cy_tcpwm_quaddec.c ****     if (CY_TCPWM_INPUT_CREATOR != config->phiAInput)
 216              		.loc 1 114 0
 217 004e 9369     		ldr	r3, [r2, #24]
 218 0050 0133     		adds	r3, r3, #1
 219 0052 05D0     		beq	.L8
 115:Generated_Source\PSoC6\pdl\drivers\peripheral\tcpwm/cy_tcpwm_quaddec.c ****     {        
 116:Generated_Source\PSoC6\pdl\drivers\peripheral\tcpwm/cy_tcpwm_quaddec.c ****         TCPWM_CNT_TR_CTRL0(base, cntNum) = CY_TCPWM_CNT_TR_CTRL0_DEFAULT;
ARM GAS  C:\Users\cmila\AppData\Local\Temp\cc8z0g4m.s 			page 7


 220              		.loc 1 116 0
 221 0054 8901     		lsls	r1, r1, #6
 222              	.LVL10:
 223 0056 4118     		adds	r1, r0, r1
 224 0058 2131     		adds	r1, r1, #33
 225 005a FF31     		adds	r1, r1, #255
 226 005c 1023     		movs	r3, #16
 227 005e 0B60     		str	r3, [r1]
 228              	.L8:
 117:Generated_Source\PSoC6\pdl\drivers\peripheral\tcpwm/cy_tcpwm_quaddec.c ****     }
 118:Generated_Source\PSoC6\pdl\drivers\peripheral\tcpwm/cy_tcpwm_quaddec.c **** }
 229              		.loc 1 118 0
 230              		@ sp needed
 231 0060 70BD     		pop	{r4, r5, r6, pc}
 232              	.L11:
 233 0062 C046     		.align	2
 234              	.L10:
 235 0064 FF030000 		.word	1023
 236              		.cfi_endproc
 237              	.LFE65:
 238              		.size	Cy_TCPWM_QuadDec_DeInit, .-Cy_TCPWM_QuadDec_DeInit
 239              		.text
 240              	.Letext0:
 241              		.file 2 "c:\\program files (x86)\\cypress\\psoc creator\\4.4\\psoc creator\\import\\gnu\\arm\\5.4.
 242              		.file 3 "c:\\program files (x86)\\cypress\\psoc creator\\4.4\\psoc creator\\import\\gnu\\arm\\5.4.
 243              		.file 4 "Generated_Source\\PSoC6\\pdl\\devices/psoc6/include/ip/cyip_tcpwm.h"
 244              		.file 5 "Generated_Source\\PSoC6\\pdl\\devices/psoc6/include/psoc6_01_config.h"
 245              		.file 6 "Generated_Source\\PSoC6\\pdl\\drivers\\peripheral\\tcpwm\\cy_tcpwm.h"
 246              		.file 7 "Generated_Source\\PSoC6\\pdl\\drivers\\peripheral\\tcpwm\\cy_tcpwm_quaddec.h"
 247              		.section	.debug_info,"",%progbits
 248              	.Ldebug_info0:
 249 0000 83030000 		.4byte	0x383
 250 0004 0400     		.2byte	0x4
 251 0006 00000000 		.4byte	.Ldebug_abbrev0
 252 000a 04       		.byte	0x4
 253 000b 01       		.uleb128 0x1
 254 000c 98020000 		.4byte	.LASF56
 255 0010 0C       		.byte	0xc
 256 0011 1E000000 		.4byte	.LASF57
 257 0015 51030000 		.4byte	.LASF58
 258 0019 00000000 		.4byte	.Ldebug_ranges0+0
 259 001d 00000000 		.4byte	0
 260 0021 00000000 		.4byte	.Ldebug_line0
 261 0025 02       		.uleb128 0x2
 262 0026 01       		.byte	0x1
 263 0027 06       		.byte	0x6
 264 0028 B7010000 		.4byte	.LASF0
 265 002c 02       		.uleb128 0x2
 266 002d 01       		.byte	0x1
 267 002e 08       		.byte	0x8
 268 002f 99010000 		.4byte	.LASF1
 269 0033 02       		.uleb128 0x2
 270 0034 02       		.byte	0x2
 271 0035 05       		.byte	0x5
 272 0036 65000000 		.4byte	.LASF2
 273 003a 02       		.uleb128 0x2
 274 003b 02       		.byte	0x2
ARM GAS  C:\Users\cmila\AppData\Local\Temp\cc8z0g4m.s 			page 8


 275 003c 07       		.byte	0x7
 276 003d 18020000 		.4byte	.LASF3
 277 0041 02       		.uleb128 0x2
 278 0042 04       		.byte	0x4
 279 0043 05       		.byte	0x5
 280 0044 53010000 		.4byte	.LASF4
 281 0048 03       		.uleb128 0x3
 282 0049 D4000000 		.4byte	.LASF9
 283 004d 02       		.byte	0x2
 284 004e 41       		.byte	0x41
 285 004f 53000000 		.4byte	0x53
 286 0053 02       		.uleb128 0x2
 287 0054 04       		.byte	0x4
 288 0055 07       		.byte	0x7
 289 0056 7F020000 		.4byte	.LASF5
 290 005a 02       		.uleb128 0x2
 291 005b 08       		.byte	0x8
 292 005c 05       		.byte	0x5
 293 005d 3E010000 		.4byte	.LASF6
 294 0061 02       		.uleb128 0x2
 295 0062 08       		.byte	0x8
 296 0063 07       		.byte	0x7
 297 0064 CC010000 		.4byte	.LASF7
 298 0068 04       		.uleb128 0x4
 299 0069 04       		.byte	0x4
 300 006a 05       		.byte	0x5
 301 006b 696E7400 		.ascii	"int\000"
 302 006f 02       		.uleb128 0x2
 303 0070 04       		.byte	0x4
 304 0071 07       		.byte	0x7
 305 0072 F7010000 		.4byte	.LASF8
 306 0076 03       		.uleb128 0x3
 307 0077 E3010000 		.4byte	.LASF10
 308 007b 03       		.byte	0x3
 309 007c 30       		.byte	0x30
 310 007d 48000000 		.4byte	0x48
 311 0081 02       		.uleb128 0x2
 312 0082 08       		.byte	0x8
 313 0083 04       		.byte	0x4
 314 0084 77010000 		.4byte	.LASF11
 315 0088 05       		.uleb128 0x5
 316 0089 76000000 		.4byte	0x76
 317 008d 06       		.uleb128 0x6
 318 008e 88000000 		.4byte	0x88
 319 0092 02       		.uleb128 0x2
 320 0093 04       		.byte	0x4
 321 0094 07       		.byte	0x7
 322 0095 6F000000 		.4byte	.LASF12
 323 0099 07       		.uleb128 0x7
 324 009a 8D000000 		.4byte	0x8d
 325 009e A9000000 		.4byte	0xa9
 326 00a2 08       		.uleb128 0x8
 327 00a3 92000000 		.4byte	0x92
 328 00a7 37       		.byte	0x37
 329 00a8 00       		.byte	0
 330 00a9 09       		.uleb128 0x9
 331 00aa 40       		.byte	0x40
ARM GAS  C:\Users\cmila\AppData\Local\Temp\cc8z0g4m.s 			page 9


 332 00ab 04       		.byte	0x4
 333 00ac 22       		.byte	0x22
 334 00ad 71010000 		.4byte	0x171
 335 00b1 0A       		.uleb128 0xa
 336 00b2 A7010000 		.4byte	.LASF13
 337 00b6 04       		.byte	0x4
 338 00b7 23       		.byte	0x23
 339 00b8 88000000 		.4byte	0x88
 340 00bc 00       		.byte	0
 341 00bd 0A       		.uleb128 0xa
 342 00be 4C010000 		.4byte	.LASF14
 343 00c2 04       		.byte	0x4
 344 00c3 24       		.byte	0x24
 345 00c4 8D000000 		.4byte	0x8d
 346 00c8 04       		.byte	0x4
 347 00c9 0A       		.uleb128 0xa
 348 00ca C7030000 		.4byte	.LASF15
 349 00ce 04       		.byte	0x4
 350 00cf 25       		.byte	0x25
 351 00d0 88000000 		.4byte	0x88
 352 00d4 08       		.byte	0x8
 353 00d5 0B       		.uleb128 0xb
 354 00d6 434300   		.ascii	"CC\000"
 355 00d9 04       		.byte	0x4
 356 00da 26       		.byte	0x26
 357 00db 88000000 		.4byte	0x88
 358 00df 0C       		.byte	0xc
 359 00e0 0A       		.uleb128 0xa
 360 00e1 6F010000 		.4byte	.LASF16
 361 00e5 04       		.byte	0x4
 362 00e6 27       		.byte	0x27
 363 00e7 88000000 		.4byte	0x88
 364 00eb 10       		.byte	0x10
 365 00ec 0A       		.uleb128 0xa
 366 00ed 9F000000 		.4byte	.LASF17
 367 00f1 04       		.byte	0x4
 368 00f2 28       		.byte	0x28
 369 00f3 88000000 		.4byte	0x88
 370 00f7 14       		.byte	0x14
 371 00f8 0A       		.uleb128 0xa
 372 00f9 78000000 		.4byte	.LASF18
 373 00fd 04       		.byte	0x4
 374 00fe 29       		.byte	0x29
 375 00ff 88000000 		.4byte	0x88
 376 0103 18       		.byte	0x18
 377 0104 0A       		.uleb128 0xa
 378 0105 CF030000 		.4byte	.LASF19
 379 0109 04       		.byte	0x4
 380 010a 2A       		.byte	0x2a
 381 010b 8D000000 		.4byte	0x8d
 382 010f 1C       		.byte	0x1c
 383 0110 0A       		.uleb128 0xa
 384 0111 E9000000 		.4byte	.LASF20
 385 0115 04       		.byte	0x4
 386 0116 2B       		.byte	0x2b
 387 0117 88000000 		.4byte	0x88
 388 011b 20       		.byte	0x20
ARM GAS  C:\Users\cmila\AppData\Local\Temp\cc8z0g4m.s 			page 10


 389 011c 0A       		.uleb128 0xa
 390 011d B1000000 		.4byte	.LASF21
 391 0121 04       		.byte	0x4
 392 0122 2C       		.byte	0x2c
 393 0123 88000000 		.4byte	0x88
 394 0127 24       		.byte	0x24
 395 0128 0A       		.uleb128 0xa
 396 0129 BA000000 		.4byte	.LASF22
 397 012d 04       		.byte	0x4
 398 012e 2D       		.byte	0x2d
 399 012f 88000000 		.4byte	0x88
 400 0133 28       		.byte	0x28
 401 0134 0A       		.uleb128 0xa
 402 0135 6B020000 		.4byte	.LASF23
 403 0139 04       		.byte	0x4
 404 013a 2E       		.byte	0x2e
 405 013b 8D000000 		.4byte	0x8d
 406 013f 2C       		.byte	0x2c
 407 0140 0A       		.uleb128 0xa
 408 0141 66020000 		.4byte	.LASF24
 409 0145 04       		.byte	0x4
 410 0146 2F       		.byte	0x2f
 411 0147 88000000 		.4byte	0x88
 412 014b 30       		.byte	0x30
 413 014c 0A       		.uleb128 0xa
 414 014d C3010000 		.4byte	.LASF25
 415 0151 04       		.byte	0x4
 416 0152 30       		.byte	0x30
 417 0153 88000000 		.4byte	0x88
 418 0157 34       		.byte	0x34
 419 0158 0A       		.uleb128 0xa
 420 0159 ED030000 		.4byte	.LASF26
 421 015d 04       		.byte	0x4
 422 015e 31       		.byte	0x31
 423 015f 88000000 		.4byte	0x88
 424 0163 38       		.byte	0x38
 425 0164 0A       		.uleb128 0xa
 426 0165 63010000 		.4byte	.LASF27
 427 0169 04       		.byte	0x4
 428 016a 32       		.byte	0x32
 429 016b 8D000000 		.4byte	0x8d
 430 016f 3C       		.byte	0x3c
 431 0170 00       		.byte	0
 432 0171 03       		.uleb128 0x3
 433 0172 84000000 		.4byte	.LASF28
 434 0176 04       		.byte	0x4
 435 0177 33       		.byte	0x33
 436 0178 A9000000 		.4byte	0xa9
 437 017c 0C       		.uleb128 0xc
 438 017d 0009     		.2byte	0x900
 439 017f 04       		.byte	0x4
 440 0180 38       		.byte	0x38
 441 0181 FF010000 		.4byte	0x1ff
 442 0185 0A       		.uleb128 0xa
 443 0186 A7010000 		.4byte	.LASF13
 444 018a 04       		.byte	0x4
 445 018b 39       		.byte	0x39
ARM GAS  C:\Users\cmila\AppData\Local\Temp\cc8z0g4m.s 			page 11


 446 018c 88000000 		.4byte	0x88
 447 0190 00       		.byte	0
 448 0191 0A       		.uleb128 0xa
 449 0192 BE030000 		.4byte	.LASF29
 450 0196 04       		.byte	0x4
 451 0197 3A       		.byte	0x3a
 452 0198 88000000 		.4byte	0x88
 453 019c 04       		.byte	0x4
 454 019d 0A       		.uleb128 0xa
 455 019e 96000000 		.4byte	.LASF30
 456 01a2 04       		.byte	0x4
 457 01a3 3B       		.byte	0x3b
 458 01a4 88000000 		.4byte	0x88
 459 01a8 08       		.byte	0x8
 460 01a9 0A       		.uleb128 0xa
 461 01aa 11010000 		.4byte	.LASF31
 462 01ae 04       		.byte	0x4
 463 01af 3C       		.byte	0x3c
 464 01b0 88000000 		.4byte	0x88
 465 01b4 0C       		.byte	0xc
 466 01b5 0A       		.uleb128 0xa
 467 01b6 A6000000 		.4byte	.LASF32
 468 01ba 04       		.byte	0x4
 469 01bb 3D       		.byte	0x3d
 470 01bc 88000000 		.4byte	0x88
 471 01c0 10       		.byte	0x10
 472 01c1 0A       		.uleb128 0xa
 473 01c2 0F020000 		.4byte	.LASF33
 474 01c6 04       		.byte	0x4
 475 01c7 3E       		.byte	0x3e
 476 01c8 88000000 		.4byte	0x88
 477 01cc 14       		.byte	0x14
 478 01cd 0A       		.uleb128 0xa
 479 01ce 2E010000 		.4byte	.LASF34
 480 01d2 04       		.byte	0x4
 481 01d3 3F       		.byte	0x3f
 482 01d4 88000000 		.4byte	0x88
 483 01d8 18       		.byte	0x18
 484 01d9 0A       		.uleb128 0xa
 485 01da AC010000 		.4byte	.LASF35
 486 01de 04       		.byte	0x4
 487 01df 40       		.byte	0x40
 488 01e0 8D000000 		.4byte	0x8d
 489 01e4 1C       		.byte	0x1c
 490 01e5 0A       		.uleb128 0xa
 491 01e6 CF030000 		.4byte	.LASF19
 492 01ea 04       		.byte	0x4
 493 01eb 41       		.byte	0x41
 494 01ec 04020000 		.4byte	0x204
 495 01f0 20       		.byte	0x20
 496 01f1 0D       		.uleb128 0xd
 497 01f2 434E5400 		.ascii	"CNT\000"
 498 01f6 04       		.byte	0x4
 499 01f7 42       		.byte	0x42
 500 01f8 09020000 		.4byte	0x209
 501 01fc 0001     		.2byte	0x100
 502 01fe 00       		.byte	0
ARM GAS  C:\Users\cmila\AppData\Local\Temp\cc8z0g4m.s 			page 12


 503 01ff 05       		.uleb128 0x5
 504 0200 99000000 		.4byte	0x99
 505 0204 06       		.uleb128 0x6
 506 0205 FF010000 		.4byte	0x1ff
 507 0209 07       		.uleb128 0x7
 508 020a 71010000 		.4byte	0x171
 509 020e 19020000 		.4byte	0x219
 510 0212 08       		.uleb128 0x8
 511 0213 92000000 		.4byte	0x92
 512 0217 1F       		.byte	0x1f
 513 0218 00       		.byte	0
 514 0219 03       		.uleb128 0x3
 515 021a F9000000 		.4byte	.LASF36
 516 021e 04       		.byte	0x4
 517 021f 43       		.byte	0x43
 518 0220 7C010000 		.4byte	0x17c
 519 0224 0E       		.uleb128 0xe
 520 0225 F7030000 		.4byte	.LASF37
 521 0229 05       		.byte	0x5
 522 022a 4206     		.2byte	0x642
 523 022c 19020000 		.4byte	0x219
 524 0230 02       		.uleb128 0x2
 525 0231 01       		.byte	0x1
 526 0232 08       		.byte	0x8
 527 0233 32020000 		.4byte	.LASF38
 528 0237 02       		.uleb128 0x2
 529 0238 04       		.byte	0x4
 530 0239 04       		.byte	0x4
 531 023a 38010000 		.4byte	.LASF39
 532 023e 02       		.uleb128 0x2
 533 023f 08       		.byte	0x8
 534 0240 04       		.byte	0x4
 535 0241 91020000 		.4byte	.LASF40
 536 0245 0F       		.uleb128 0xf
 537 0246 04       		.byte	0x4
 538 0247 6F000000 		.4byte	0x6f
 539 024b 06       		.byte	0x6
 540 024c 7301     		.2byte	0x173
 541 024e 62020000 		.4byte	0x262
 542 0252 10       		.uleb128 0x10
 543 0253 C3000000 		.4byte	.LASF41
 544 0257 00       		.byte	0
 545 0258 11       		.uleb128 0x11
 546 0259 37020000 		.4byte	.LASF42
 547 025d 0100B600 		.4byte	0xb60001
 548 0261 00       		.byte	0
 549 0262 0E       		.uleb128 0xe
 550 0263 D8030000 		.4byte	.LASF43
 551 0267 06       		.byte	0x6
 552 0268 7601     		.2byte	0x176
 553 026a 45020000 		.4byte	0x245
 554 026e 12       		.uleb128 0x12
 555 026f 4A020000 		.4byte	.LASF59
 556 0273 20       		.byte	0x20
 557 0274 07       		.byte	0x7
 558 0275 2E       		.byte	0x2e
 559 0276 DB020000 		.4byte	0x2db
ARM GAS  C:\Users\cmila\AppData\Local\Temp\cc8z0g4m.s 			page 13


 560 027a 0A       		.uleb128 0xa
 561 027b 04020000 		.4byte	.LASF44
 562 027f 07       		.byte	0x7
 563 0280 31       		.byte	0x31
 564 0281 76000000 		.4byte	0x76
 565 0285 00       		.byte	0
 566 0286 0A       		.uleb128 0xa
 567 0287 1D010000 		.4byte	.LASF45
 568 028b 07       		.byte	0x7
 569 028c 33       		.byte	0x33
 570 028d 76000000 		.4byte	0x76
 571 0291 04       		.byte	0x4
 572 0292 0A       		.uleb128 0xa
 573 0293 42030000 		.4byte	.LASF46
 574 0297 07       		.byte	0x7
 575 0298 35       		.byte	0x35
 576 0299 76000000 		.4byte	0x76
 577 029d 08       		.byte	0x8
 578 029e 0A       		.uleb128 0xa
 579 029f EC010000 		.4byte	.LASF47
 580 02a3 07       		.byte	0x7
 581 02a4 37       		.byte	0x37
 582 02a5 76000000 		.4byte	0x76
 583 02a9 0C       		.byte	0xc
 584 02aa 0A       		.uleb128 0xa
 585 02ab B0030000 		.4byte	.LASF48
 586 02af 07       		.byte	0x7
 587 02b0 39       		.byte	0x39
 588 02b1 76000000 		.4byte	0x76
 589 02b5 10       		.byte	0x10
 590 02b6 0A       		.uleb128 0xa
 591 02b7 DF000000 		.4byte	.LASF49
 592 02bb 07       		.byte	0x7
 593 02bc 3B       		.byte	0x3b
 594 02bd 76000000 		.4byte	0x76
 595 02c1 14       		.byte	0x14
 596 02c2 0A       		.uleb128 0xa
 597 02c3 75020000 		.4byte	.LASF50
 598 02c7 07       		.byte	0x7
 599 02c8 3D       		.byte	0x3d
 600 02c9 76000000 		.4byte	0x76
 601 02cd 18       		.byte	0x18
 602 02ce 0A       		.uleb128 0xa
 603 02cf 07010000 		.4byte	.LASF51
 604 02d3 07       		.byte	0x7
 605 02d4 3F       		.byte	0x3f
 606 02d5 76000000 		.4byte	0x76
 607 02d9 1C       		.byte	0x1c
 608 02da 00       		.byte	0
 609 02db 03       		.uleb128 0x3
 610 02dc 00000000 		.4byte	.LASF52
 611 02e0 07       		.byte	0x7
 612 02e1 41       		.byte	0x41
 613 02e2 6E020000 		.4byte	0x26e
 614 02e6 13       		.uleb128 0x13
 615 02e7 83010000 		.4byte	.LASF60
 616 02eb 01       		.byte	0x1
ARM GAS  C:\Users\cmila\AppData\Local\Temp\cc8z0g4m.s 			page 14


 617 02ec 2F       		.byte	0x2f
 618 02ed 62020000 		.4byte	0x262
 619 02f1 00000000 		.4byte	.LFB64
 620 02f5 94000000 		.4byte	.LFE64-.LFB64
 621 02f9 01       		.uleb128 0x1
 622 02fa 9C       		.byte	0x9c
 623 02fb 3A030000 		.4byte	0x33a
 624 02ff 14       		.uleb128 0x14
 625 0300 02040000 		.4byte	.LASF53
 626 0304 01       		.byte	0x1
 627 0305 2F       		.byte	0x2f
 628 0306 3A030000 		.4byte	0x33a
 629 030a 00000000 		.4byte	.LLST0
 630 030e 14       		.uleb128 0x14
 631 030f 5C010000 		.4byte	.LASF54
 632 0313 01       		.byte	0x1
 633 0314 2F       		.byte	0x2f
 634 0315 76000000 		.4byte	0x76
 635 0319 53000000 		.4byte	.LLST1
 636 031d 15       		.uleb128 0x15
 637 031e F2000000 		.4byte	.LASF55
 638 0322 01       		.byte	0x1
 639 0323 30       		.byte	0x30
 640 0324 40030000 		.4byte	0x340
 641 0328 01       		.uleb128 0x1
 642 0329 52       		.byte	0x52
 643 032a 16       		.uleb128 0x16
 644 032b 2B020000 		.4byte	.LASF61
 645 032f 01       		.byte	0x1
 646 0330 32       		.byte	0x32
 647 0331 62020000 		.4byte	0x262
 648 0335 8D000000 		.4byte	.LLST2
 649 0339 00       		.byte	0
 650 033a 17       		.uleb128 0x17
 651 033b 04       		.byte	0x4
 652 033c 24020000 		.4byte	0x224
 653 0340 17       		.uleb128 0x17
 654 0341 04       		.byte	0x4
 655 0342 46030000 		.4byte	0x346
 656 0346 06       		.uleb128 0x6
 657 0347 DB020000 		.4byte	0x2db
 658 034b 18       		.uleb128 0x18
 659 034c 2A030000 		.4byte	.LASF62
 660 0350 01       		.byte	0x1
 661 0351 64       		.byte	0x64
 662 0352 00000000 		.4byte	.LFB65
 663 0356 68000000 		.4byte	.LFE65-.LFB65
 664 035a 01       		.uleb128 0x1
 665 035b 9C       		.byte	0x9c
 666 035c 15       		.uleb128 0x15
 667 035d 02040000 		.4byte	.LASF53
 668 0361 01       		.byte	0x1
 669 0362 64       		.byte	0x64
 670 0363 3A030000 		.4byte	0x33a
 671 0367 01       		.uleb128 0x1
 672 0368 50       		.byte	0x50
 673 0369 14       		.uleb128 0x14
ARM GAS  C:\Users\cmila\AppData\Local\Temp\cc8z0g4m.s 			page 15


 674 036a 5C010000 		.4byte	.LASF54
 675 036e 01       		.byte	0x1
 676 036f 64       		.byte	0x64
 677 0370 76000000 		.4byte	0x76
 678 0374 CC000000 		.4byte	.LLST3
 679 0378 15       		.uleb128 0x15
 680 0379 F2000000 		.4byte	.LASF55
 681 037d 01       		.byte	0x1
 682 037e 64       		.byte	0x64
 683 037f 40030000 		.4byte	0x340
 684 0383 01       		.uleb128 0x1
 685 0384 52       		.byte	0x52
 686 0385 00       		.byte	0
 687 0386 00       		.byte	0
 688              		.section	.debug_abbrev,"",%progbits
 689              	.Ldebug_abbrev0:
 690 0000 01       		.uleb128 0x1
 691 0001 11       		.uleb128 0x11
 692 0002 01       		.byte	0x1
 693 0003 25       		.uleb128 0x25
 694 0004 0E       		.uleb128 0xe
 695 0005 13       		.uleb128 0x13
 696 0006 0B       		.uleb128 0xb
 697 0007 03       		.uleb128 0x3
 698 0008 0E       		.uleb128 0xe
 699 0009 1B       		.uleb128 0x1b
 700 000a 0E       		.uleb128 0xe
 701 000b 55       		.uleb128 0x55
 702 000c 17       		.uleb128 0x17
 703 000d 11       		.uleb128 0x11
 704 000e 01       		.uleb128 0x1
 705 000f 10       		.uleb128 0x10
 706 0010 17       		.uleb128 0x17
 707 0011 00       		.byte	0
 708 0012 00       		.byte	0
 709 0013 02       		.uleb128 0x2
 710 0014 24       		.uleb128 0x24
 711 0015 00       		.byte	0
 712 0016 0B       		.uleb128 0xb
 713 0017 0B       		.uleb128 0xb
 714 0018 3E       		.uleb128 0x3e
 715 0019 0B       		.uleb128 0xb
 716 001a 03       		.uleb128 0x3
 717 001b 0E       		.uleb128 0xe
 718 001c 00       		.byte	0
 719 001d 00       		.byte	0
 720 001e 03       		.uleb128 0x3
 721 001f 16       		.uleb128 0x16
 722 0020 00       		.byte	0
 723 0021 03       		.uleb128 0x3
 724 0022 0E       		.uleb128 0xe
 725 0023 3A       		.uleb128 0x3a
 726 0024 0B       		.uleb128 0xb
 727 0025 3B       		.uleb128 0x3b
 728 0026 0B       		.uleb128 0xb
 729 0027 49       		.uleb128 0x49
 730 0028 13       		.uleb128 0x13
ARM GAS  C:\Users\cmila\AppData\Local\Temp\cc8z0g4m.s 			page 16


 731 0029 00       		.byte	0
 732 002a 00       		.byte	0
 733 002b 04       		.uleb128 0x4
 734 002c 24       		.uleb128 0x24
 735 002d 00       		.byte	0
 736 002e 0B       		.uleb128 0xb
 737 002f 0B       		.uleb128 0xb
 738 0030 3E       		.uleb128 0x3e
 739 0031 0B       		.uleb128 0xb
 740 0032 03       		.uleb128 0x3
 741 0033 08       		.uleb128 0x8
 742 0034 00       		.byte	0
 743 0035 00       		.byte	0
 744 0036 05       		.uleb128 0x5
 745 0037 35       		.uleb128 0x35
 746 0038 00       		.byte	0
 747 0039 49       		.uleb128 0x49
 748 003a 13       		.uleb128 0x13
 749 003b 00       		.byte	0
 750 003c 00       		.byte	0
 751 003d 06       		.uleb128 0x6
 752 003e 26       		.uleb128 0x26
 753 003f 00       		.byte	0
 754 0040 49       		.uleb128 0x49
 755 0041 13       		.uleb128 0x13
 756 0042 00       		.byte	0
 757 0043 00       		.byte	0
 758 0044 07       		.uleb128 0x7
 759 0045 01       		.uleb128 0x1
 760 0046 01       		.byte	0x1
 761 0047 49       		.uleb128 0x49
 762 0048 13       		.uleb128 0x13
 763 0049 01       		.uleb128 0x1
 764 004a 13       		.uleb128 0x13
 765 004b 00       		.byte	0
 766 004c 00       		.byte	0
 767 004d 08       		.uleb128 0x8
 768 004e 21       		.uleb128 0x21
 769 004f 00       		.byte	0
 770 0050 49       		.uleb128 0x49
 771 0051 13       		.uleb128 0x13
 772 0052 2F       		.uleb128 0x2f
 773 0053 0B       		.uleb128 0xb
 774 0054 00       		.byte	0
 775 0055 00       		.byte	0
 776 0056 09       		.uleb128 0x9
 777 0057 13       		.uleb128 0x13
 778 0058 01       		.byte	0x1
 779 0059 0B       		.uleb128 0xb
 780 005a 0B       		.uleb128 0xb
 781 005b 3A       		.uleb128 0x3a
 782 005c 0B       		.uleb128 0xb
 783 005d 3B       		.uleb128 0x3b
 784 005e 0B       		.uleb128 0xb
 785 005f 01       		.uleb128 0x1
 786 0060 13       		.uleb128 0x13
 787 0061 00       		.byte	0
ARM GAS  C:\Users\cmila\AppData\Local\Temp\cc8z0g4m.s 			page 17


 788 0062 00       		.byte	0
 789 0063 0A       		.uleb128 0xa
 790 0064 0D       		.uleb128 0xd
 791 0065 00       		.byte	0
 792 0066 03       		.uleb128 0x3
 793 0067 0E       		.uleb128 0xe
 794 0068 3A       		.uleb128 0x3a
 795 0069 0B       		.uleb128 0xb
 796 006a 3B       		.uleb128 0x3b
 797 006b 0B       		.uleb128 0xb
 798 006c 49       		.uleb128 0x49
 799 006d 13       		.uleb128 0x13
 800 006e 38       		.uleb128 0x38
 801 006f 0B       		.uleb128 0xb
 802 0070 00       		.byte	0
 803 0071 00       		.byte	0
 804 0072 0B       		.uleb128 0xb
 805 0073 0D       		.uleb128 0xd
 806 0074 00       		.byte	0
 807 0075 03       		.uleb128 0x3
 808 0076 08       		.uleb128 0x8
 809 0077 3A       		.uleb128 0x3a
 810 0078 0B       		.uleb128 0xb
 811 0079 3B       		.uleb128 0x3b
 812 007a 0B       		.uleb128 0xb
 813 007b 49       		.uleb128 0x49
 814 007c 13       		.uleb128 0x13
 815 007d 38       		.uleb128 0x38
 816 007e 0B       		.uleb128 0xb
 817 007f 00       		.byte	0
 818 0080 00       		.byte	0
 819 0081 0C       		.uleb128 0xc
 820 0082 13       		.uleb128 0x13
 821 0083 01       		.byte	0x1
 822 0084 0B       		.uleb128 0xb
 823 0085 05       		.uleb128 0x5
 824 0086 3A       		.uleb128 0x3a
 825 0087 0B       		.uleb128 0xb
 826 0088 3B       		.uleb128 0x3b
 827 0089 0B       		.uleb128 0xb
 828 008a 01       		.uleb128 0x1
 829 008b 13       		.uleb128 0x13
 830 008c 00       		.byte	0
 831 008d 00       		.byte	0
 832 008e 0D       		.uleb128 0xd
 833 008f 0D       		.uleb128 0xd
 834 0090 00       		.byte	0
 835 0091 03       		.uleb128 0x3
 836 0092 08       		.uleb128 0x8
 837 0093 3A       		.uleb128 0x3a
 838 0094 0B       		.uleb128 0xb
 839 0095 3B       		.uleb128 0x3b
 840 0096 0B       		.uleb128 0xb
 841 0097 49       		.uleb128 0x49
 842 0098 13       		.uleb128 0x13
 843 0099 38       		.uleb128 0x38
 844 009a 05       		.uleb128 0x5
ARM GAS  C:\Users\cmila\AppData\Local\Temp\cc8z0g4m.s 			page 18


 845 009b 00       		.byte	0
 846 009c 00       		.byte	0
 847 009d 0E       		.uleb128 0xe
 848 009e 16       		.uleb128 0x16
 849 009f 00       		.byte	0
 850 00a0 03       		.uleb128 0x3
 851 00a1 0E       		.uleb128 0xe
 852 00a2 3A       		.uleb128 0x3a
 853 00a3 0B       		.uleb128 0xb
 854 00a4 3B       		.uleb128 0x3b
 855 00a5 05       		.uleb128 0x5
 856 00a6 49       		.uleb128 0x49
 857 00a7 13       		.uleb128 0x13
 858 00a8 00       		.byte	0
 859 00a9 00       		.byte	0
 860 00aa 0F       		.uleb128 0xf
 861 00ab 04       		.uleb128 0x4
 862 00ac 01       		.byte	0x1
 863 00ad 0B       		.uleb128 0xb
 864 00ae 0B       		.uleb128 0xb
 865 00af 49       		.uleb128 0x49
 866 00b0 13       		.uleb128 0x13
 867 00b1 3A       		.uleb128 0x3a
 868 00b2 0B       		.uleb128 0xb
 869 00b3 3B       		.uleb128 0x3b
 870 00b4 05       		.uleb128 0x5
 871 00b5 01       		.uleb128 0x1
 872 00b6 13       		.uleb128 0x13
 873 00b7 00       		.byte	0
 874 00b8 00       		.byte	0
 875 00b9 10       		.uleb128 0x10
 876 00ba 28       		.uleb128 0x28
 877 00bb 00       		.byte	0
 878 00bc 03       		.uleb128 0x3
 879 00bd 0E       		.uleb128 0xe
 880 00be 1C       		.uleb128 0x1c
 881 00bf 0B       		.uleb128 0xb
 882 00c0 00       		.byte	0
 883 00c1 00       		.byte	0
 884 00c2 11       		.uleb128 0x11
 885 00c3 28       		.uleb128 0x28
 886 00c4 00       		.byte	0
 887 00c5 03       		.uleb128 0x3
 888 00c6 0E       		.uleb128 0xe
 889 00c7 1C       		.uleb128 0x1c
 890 00c8 06       		.uleb128 0x6
 891 00c9 00       		.byte	0
 892 00ca 00       		.byte	0
 893 00cb 12       		.uleb128 0x12
 894 00cc 13       		.uleb128 0x13
 895 00cd 01       		.byte	0x1
 896 00ce 03       		.uleb128 0x3
 897 00cf 0E       		.uleb128 0xe
 898 00d0 0B       		.uleb128 0xb
 899 00d1 0B       		.uleb128 0xb
 900 00d2 3A       		.uleb128 0x3a
 901 00d3 0B       		.uleb128 0xb
ARM GAS  C:\Users\cmila\AppData\Local\Temp\cc8z0g4m.s 			page 19


 902 00d4 3B       		.uleb128 0x3b
 903 00d5 0B       		.uleb128 0xb
 904 00d6 01       		.uleb128 0x1
 905 00d7 13       		.uleb128 0x13
 906 00d8 00       		.byte	0
 907 00d9 00       		.byte	0
 908 00da 13       		.uleb128 0x13
 909 00db 2E       		.uleb128 0x2e
 910 00dc 01       		.byte	0x1
 911 00dd 3F       		.uleb128 0x3f
 912 00de 19       		.uleb128 0x19
 913 00df 03       		.uleb128 0x3
 914 00e0 0E       		.uleb128 0xe
 915 00e1 3A       		.uleb128 0x3a
 916 00e2 0B       		.uleb128 0xb
 917 00e3 3B       		.uleb128 0x3b
 918 00e4 0B       		.uleb128 0xb
 919 00e5 27       		.uleb128 0x27
 920 00e6 19       		.uleb128 0x19
 921 00e7 49       		.uleb128 0x49
 922 00e8 13       		.uleb128 0x13
 923 00e9 11       		.uleb128 0x11
 924 00ea 01       		.uleb128 0x1
 925 00eb 12       		.uleb128 0x12
 926 00ec 06       		.uleb128 0x6
 927 00ed 40       		.uleb128 0x40
 928 00ee 18       		.uleb128 0x18
 929 00ef 9742     		.uleb128 0x2117
 930 00f1 19       		.uleb128 0x19
 931 00f2 01       		.uleb128 0x1
 932 00f3 13       		.uleb128 0x13
 933 00f4 00       		.byte	0
 934 00f5 00       		.byte	0
 935 00f6 14       		.uleb128 0x14
 936 00f7 05       		.uleb128 0x5
 937 00f8 00       		.byte	0
 938 00f9 03       		.uleb128 0x3
 939 00fa 0E       		.uleb128 0xe
 940 00fb 3A       		.uleb128 0x3a
 941 00fc 0B       		.uleb128 0xb
 942 00fd 3B       		.uleb128 0x3b
 943 00fe 0B       		.uleb128 0xb
 944 00ff 49       		.uleb128 0x49
 945 0100 13       		.uleb128 0x13
 946 0101 02       		.uleb128 0x2
 947 0102 17       		.uleb128 0x17
 948 0103 00       		.byte	0
 949 0104 00       		.byte	0
 950 0105 15       		.uleb128 0x15
 951 0106 05       		.uleb128 0x5
 952 0107 00       		.byte	0
 953 0108 03       		.uleb128 0x3
 954 0109 0E       		.uleb128 0xe
 955 010a 3A       		.uleb128 0x3a
 956 010b 0B       		.uleb128 0xb
 957 010c 3B       		.uleb128 0x3b
 958 010d 0B       		.uleb128 0xb
ARM GAS  C:\Users\cmila\AppData\Local\Temp\cc8z0g4m.s 			page 20


 959 010e 49       		.uleb128 0x49
 960 010f 13       		.uleb128 0x13
 961 0110 02       		.uleb128 0x2
 962 0111 18       		.uleb128 0x18
 963 0112 00       		.byte	0
 964 0113 00       		.byte	0
 965 0114 16       		.uleb128 0x16
 966 0115 34       		.uleb128 0x34
 967 0116 00       		.byte	0
 968 0117 03       		.uleb128 0x3
 969 0118 0E       		.uleb128 0xe
 970 0119 3A       		.uleb128 0x3a
 971 011a 0B       		.uleb128 0xb
 972 011b 3B       		.uleb128 0x3b
 973 011c 0B       		.uleb128 0xb
 974 011d 49       		.uleb128 0x49
 975 011e 13       		.uleb128 0x13
 976 011f 02       		.uleb128 0x2
 977 0120 17       		.uleb128 0x17
 978 0121 00       		.byte	0
 979 0122 00       		.byte	0
 980 0123 17       		.uleb128 0x17
 981 0124 0F       		.uleb128 0xf
 982 0125 00       		.byte	0
 983 0126 0B       		.uleb128 0xb
 984 0127 0B       		.uleb128 0xb
 985 0128 49       		.uleb128 0x49
 986 0129 13       		.uleb128 0x13
 987 012a 00       		.byte	0
 988 012b 00       		.byte	0
 989 012c 18       		.uleb128 0x18
 990 012d 2E       		.uleb128 0x2e
 991 012e 01       		.byte	0x1
 992 012f 3F       		.uleb128 0x3f
 993 0130 19       		.uleb128 0x19
 994 0131 03       		.uleb128 0x3
 995 0132 0E       		.uleb128 0xe
 996 0133 3A       		.uleb128 0x3a
 997 0134 0B       		.uleb128 0xb
 998 0135 3B       		.uleb128 0x3b
 999 0136 0B       		.uleb128 0xb
 1000 0137 27       		.uleb128 0x27
 1001 0138 19       		.uleb128 0x19
 1002 0139 11       		.uleb128 0x11
 1003 013a 01       		.uleb128 0x1
 1004 013b 12       		.uleb128 0x12
 1005 013c 06       		.uleb128 0x6
 1006 013d 40       		.uleb128 0x40
 1007 013e 18       		.uleb128 0x18
 1008 013f 9742     		.uleb128 0x2117
 1009 0141 19       		.uleb128 0x19
 1010 0142 00       		.byte	0
 1011 0143 00       		.byte	0
 1012 0144 00       		.byte	0
 1013              		.section	.debug_loc,"",%progbits
 1014              	.Ldebug_loc0:
 1015              	.LLST0:
ARM GAS  C:\Users\cmila\AppData\Local\Temp\cc8z0g4m.s 			page 21


 1016 0000 00000000 		.4byte	.LVL0
 1017 0004 72000000 		.4byte	.LVL3
 1018 0008 0100     		.2byte	0x1
 1019 000a 50       		.byte	0x50
 1020 000b 72000000 		.4byte	.LVL3
 1021 000f 84000000 		.4byte	.LVL5
 1022 0013 0400     		.2byte	0x4
 1023 0015 F3       		.byte	0xf3
 1024 0016 01       		.uleb128 0x1
 1025 0017 50       		.byte	0x50
 1026 0018 9F       		.byte	0x9f
 1027 0019 84000000 		.4byte	.LVL5
 1028 001d 86000000 		.4byte	.LVL6
 1029 0021 0100     		.2byte	0x1
 1030 0023 50       		.byte	0x50
 1031 0024 86000000 		.4byte	.LVL6
 1032 0028 88000000 		.4byte	.LVL7
 1033 002c 0400     		.2byte	0x4
 1034 002e F3       		.byte	0xf3
 1035 002f 01       		.uleb128 0x1
 1036 0030 50       		.byte	0x50
 1037 0031 9F       		.byte	0x9f
 1038 0032 88000000 		.4byte	.LVL7
 1039 0036 8A000000 		.4byte	.LVL8
 1040 003a 0100     		.2byte	0x1
 1041 003c 50       		.byte	0x50
 1042 003d 8A000000 		.4byte	.LVL8
 1043 0041 94000000 		.4byte	.LFE64
 1044 0045 0400     		.2byte	0x4
 1045 0047 F3       		.byte	0xf3
 1046 0048 01       		.uleb128 0x1
 1047 0049 50       		.byte	0x50
 1048 004a 9F       		.byte	0x9f
 1049 004b 00000000 		.4byte	0
 1050 004f 00000000 		.4byte	0
 1051              	.LLST1:
 1052 0053 00000000 		.4byte	.LVL0
 1053 0057 6E000000 		.4byte	.LVL2
 1054 005b 0100     		.2byte	0x1
 1055 005d 51       		.byte	0x51
 1056 005e 6E000000 		.4byte	.LVL2
 1057 0062 84000000 		.4byte	.LVL5
 1058 0066 0400     		.2byte	0x4
 1059 0068 F3       		.byte	0xf3
 1060 0069 01       		.uleb128 0x1
 1061 006a 51       		.byte	0x51
 1062 006b 9F       		.byte	0x9f
 1063 006c 84000000 		.4byte	.LVL5
 1064 0070 8A000000 		.4byte	.LVL8
 1065 0074 0100     		.2byte	0x1
 1066 0076 51       		.byte	0x51
 1067 0077 8A000000 		.4byte	.LVL8
 1068 007b 94000000 		.4byte	.LFE64
 1069 007f 0400     		.2byte	0x4
 1070 0081 F3       		.byte	0xf3
 1071 0082 01       		.uleb128 0x1
 1072 0083 51       		.byte	0x51
ARM GAS  C:\Users\cmila\AppData\Local\Temp\cc8z0g4m.s 			page 22


 1073 0084 9F       		.byte	0x9f
 1074 0085 00000000 		.4byte	0
 1075 0089 00000000 		.4byte	0
 1076              	.LLST2:
 1077 008d 02000000 		.4byte	.LVL1
 1078 0091 80000000 		.4byte	.LVL4
 1079 0095 0600     		.2byte	0x6
 1080 0097 0C       		.byte	0xc
 1081 0098 0100B600 		.4byte	0xb60001
 1082 009c 9F       		.byte	0x9f
 1083 009d 80000000 		.4byte	.LVL4
 1084 00a1 84000000 		.4byte	.LVL5
 1085 00a5 0200     		.2byte	0x2
 1086 00a7 30       		.byte	0x30
 1087 00a8 9F       		.byte	0x9f
 1088 00a9 84000000 		.4byte	.LVL5
 1089 00ad 8A000000 		.4byte	.LVL8
 1090 00b1 0600     		.2byte	0x6
 1091 00b3 0C       		.byte	0xc
 1092 00b4 0100B600 		.4byte	0xb60001
 1093 00b8 9F       		.byte	0x9f
 1094 00b9 8A000000 		.4byte	.LVL8
 1095 00bd 94000000 		.4byte	.LFE64
 1096 00c1 0100     		.2byte	0x1
 1097 00c3 50       		.byte	0x50
 1098 00c4 00000000 		.4byte	0
 1099 00c8 00000000 		.4byte	0
 1100              	.LLST3:
 1101 00cc 00000000 		.4byte	.LVL9
 1102 00d0 56000000 		.4byte	.LVL10
 1103 00d4 0100     		.2byte	0x1
 1104 00d6 51       		.byte	0x51
 1105 00d7 56000000 		.4byte	.LVL10
 1106 00db 68000000 		.4byte	.LFE65
 1107 00df 0400     		.2byte	0x4
 1108 00e1 F3       		.byte	0xf3
 1109 00e2 01       		.uleb128 0x1
 1110 00e3 51       		.byte	0x51
 1111 00e4 9F       		.byte	0x9f
 1112 00e5 00000000 		.4byte	0
 1113 00e9 00000000 		.4byte	0
 1114              		.section	.debug_aranges,"",%progbits
 1115 0000 24000000 		.4byte	0x24
 1116 0004 0200     		.2byte	0x2
 1117 0006 00000000 		.4byte	.Ldebug_info0
 1118 000a 04       		.byte	0x4
 1119 000b 00       		.byte	0
 1120 000c 0000     		.2byte	0
 1121 000e 0000     		.2byte	0
 1122 0010 00000000 		.4byte	.LFB64
 1123 0014 94000000 		.4byte	.LFE64-.LFB64
 1124 0018 00000000 		.4byte	.LFB65
 1125 001c 68000000 		.4byte	.LFE65-.LFB65
 1126 0020 00000000 		.4byte	0
 1127 0024 00000000 		.4byte	0
 1128              		.section	.debug_ranges,"",%progbits
 1129              	.Ldebug_ranges0:
ARM GAS  C:\Users\cmila\AppData\Local\Temp\cc8z0g4m.s 			page 23


 1130 0000 00000000 		.4byte	.LFB64
 1131 0004 94000000 		.4byte	.LFE64
 1132 0008 00000000 		.4byte	.LFB65
 1133 000c 68000000 		.4byte	.LFE65
 1134 0010 00000000 		.4byte	0
 1135 0014 00000000 		.4byte	0
 1136              		.section	.debug_line,"",%progbits
 1137              	.Ldebug_line0:
 1138 0000 5B020000 		.section	.debug_str,"MS",%progbits,1
 1138      02000802 
 1138      00000201 
 1138      FB0E0D00 
 1138      01010101 
 1139              	.LASF52:
 1140 0000 63795F73 		.ascii	"cy_stc_tcpwm_quaddec_config_t\000"
 1140      74635F74 
 1140      6370776D 
 1140      5F717561 
 1140      64646563 
 1141              	.LASF57:
 1142 001e 47656E65 		.ascii	"Generated_Source\\PSoC6\\pdl\\drivers\\peripheral\\"
 1142      72617465 
 1142      645F536F 
 1142      75726365 
 1142      5C50536F 
 1143 004c 74637077 		.ascii	"tcpwm\\cy_tcpwm_quaddec.c\000"
 1143      6D5C6379 
 1143      5F746370 
 1143      776D5F71 
 1143      75616464 
 1144              	.LASF2:
 1145 0065 73686F72 		.ascii	"short int\000"
 1145      7420696E 
 1145      7400
 1146              	.LASF12:
 1147 006f 73697A65 		.ascii	"sizetype\000"
 1147      74797065 
 1147      00
 1148              	.LASF18:
 1149 0078 50455249 		.ascii	"PERIOD_BUFF\000"
 1149      4F445F42 
 1149      55464600 
 1150              	.LASF28:
 1151 0084 54435057 		.ascii	"TCPWM_CNT_V1_Type\000"
 1151      4D5F434E 
 1151      545F5631 
 1151      5F547970 
 1151      6500
 1152              	.LASF30:
 1153 0096 4354524C 		.ascii	"CTRL_SET\000"
 1153      5F534554 
 1153      00
 1154              	.LASF17:
 1155 009f 50455249 		.ascii	"PERIOD\000"
 1155      4F4400
 1156              	.LASF32:
 1157 00a6 434D445F 		.ascii	"CMD_RELOAD\000"
ARM GAS  C:\Users\cmila\AppData\Local\Temp\cc8z0g4m.s 			page 24


 1157      52454C4F 
 1157      414400
 1158              	.LASF21:
 1159 00b1 54525F43 		.ascii	"TR_CTRL1\000"
 1159      54524C31 
 1159      00
 1160              	.LASF22:
 1161 00ba 54525F43 		.ascii	"TR_CTRL2\000"
 1161      54524C32 
 1161      00
 1162              	.LASF41:
 1163 00c3 43595F54 		.ascii	"CY_TCPWM_SUCCESS\000"
 1163      4350574D 
 1163      5F535543 
 1163      43455353 
 1163      00
 1164              	.LASF9:
 1165 00d4 5F5F7569 		.ascii	"__uint32_t\000"
 1165      6E743332 
 1165      5F7400
 1166              	.LASF49:
 1167 00df 73746F70 		.ascii	"stopInput\000"
 1167      496E7075 
 1167      7400
 1168              	.LASF20:
 1169 00e9 54525F43 		.ascii	"TR_CTRL0\000"
 1169      54524C30 
 1169      00
 1170              	.LASF55:
 1171 00f2 636F6E66 		.ascii	"config\000"
 1171      696700
 1172              	.LASF36:
 1173 00f9 54435057 		.ascii	"TCPWM_V1_Type\000"
 1173      4D5F5631 
 1173      5F547970 
 1173      6500
 1174              	.LASF51:
 1175 0107 70686942 		.ascii	"phiBInput\000"
 1175      496E7075 
 1175      7400
 1176              	.LASF31:
 1177 0111 434D445F 		.ascii	"CMD_CAPTURE\000"
 1177      43415054 
 1177      55524500 
 1178              	.LASF45:
 1179 011d 696E7465 		.ascii	"interruptSources\000"
 1179      72727570 
 1179      74536F75 
 1179      72636573 
 1179      00
 1180              	.LASF34:
 1181 012e 434D445F 		.ascii	"CMD_START\000"
 1181      53544152 
 1181      5400
 1182              	.LASF39:
 1183 0138 666C6F61 		.ascii	"float\000"
 1183      7400
ARM GAS  C:\Users\cmila\AppData\Local\Temp\cc8z0g4m.s 			page 25


 1184              	.LASF6:
 1185 013e 6C6F6E67 		.ascii	"long long int\000"
 1185      206C6F6E 
 1185      6720696E 
 1185      7400
 1186              	.LASF14:
 1187 014c 53544154 		.ascii	"STATUS\000"
 1187      555300
 1188              	.LASF4:
 1189 0153 6C6F6E67 		.ascii	"long int\000"
 1189      20696E74 
 1189      00
 1190              	.LASF54:
 1191 015c 636E744E 		.ascii	"cntNum\000"
 1191      756D00
 1192              	.LASF27:
 1193 0163 494E5452 		.ascii	"INTR_MASKED\000"
 1193      5F4D4153 
 1193      4B454400 
 1194              	.LASF16:
 1195 016f 43435F42 		.ascii	"CC_BUFF\000"
 1195      55464600 
 1196              	.LASF11:
 1197 0177 6C6F6E67 		.ascii	"long double\000"
 1197      20646F75 
 1197      626C6500 
 1198              	.LASF60:
 1199 0183 43795F54 		.ascii	"Cy_TCPWM_QuadDec_Init\000"
 1199      4350574D 
 1199      5F517561 
 1199      64446563 
 1199      5F496E69 
 1200              	.LASF1:
 1201 0199 756E7369 		.ascii	"unsigned char\000"
 1201      676E6564 
 1201      20636861 
 1201      7200
 1202              	.LASF13:
 1203 01a7 4354524C 		.ascii	"CTRL\000"
 1203      00
 1204              	.LASF35:
 1205 01ac 494E5452 		.ascii	"INTR_CAUSE\000"
 1205      5F434155 
 1205      534500
 1206              	.LASF0:
 1207 01b7 7369676E 		.ascii	"signed char\000"
 1207      65642063 
 1207      68617200 
 1208              	.LASF25:
 1209 01c3 494E5452 		.ascii	"INTR_SET\000"
 1209      5F534554 
 1209      00
 1210              	.LASF7:
 1211 01cc 6C6F6E67 		.ascii	"long long unsigned int\000"
 1211      206C6F6E 
 1211      6720756E 
 1211      7369676E 
ARM GAS  C:\Users\cmila\AppData\Local\Temp\cc8z0g4m.s 			page 26


 1211      65642069 
 1212              	.LASF10:
 1213 01e3 75696E74 		.ascii	"uint32_t\000"
 1213      33325F74 
 1213      00
 1214              	.LASF47:
 1215 01ec 696E6465 		.ascii	"indexInput\000"
 1215      78496E70 
 1215      757400
 1216              	.LASF8:
 1217 01f7 756E7369 		.ascii	"unsigned int\000"
 1217      676E6564 
 1217      20696E74 
 1217      00
 1218              	.LASF44:
 1219 0204 7265736F 		.ascii	"resolution\000"
 1219      6C757469 
 1219      6F6E00
 1220              	.LASF33:
 1221 020f 434D445F 		.ascii	"CMD_STOP\000"
 1221      53544F50 
 1221      00
 1222              	.LASF3:
 1223 0218 73686F72 		.ascii	"short unsigned int\000"
 1223      7420756E 
 1223      7369676E 
 1223      65642069 
 1223      6E7400
 1224              	.LASF61:
 1225 022b 73746174 		.ascii	"status\000"
 1225      757300
 1226              	.LASF38:
 1227 0232 63686172 		.ascii	"char\000"
 1227      00
 1228              	.LASF42:
 1229 0237 43595F54 		.ascii	"CY_TCPWM_BAD_PARAM\000"
 1229      4350574D 
 1229      5F424144 
 1229      5F504152 
 1229      414D00
 1230              	.LASF59:
 1231 024a 63795F73 		.ascii	"cy_stc_tcpwm_quaddec_config\000"
 1231      74635F74 
 1231      6370776D 
 1231      5F717561 
 1231      64646563 
 1232              	.LASF24:
 1233 0266 494E5452 		.ascii	"INTR\000"
 1233      00
 1234              	.LASF23:
 1235 026b 52455345 		.ascii	"RESERVED1\000"
 1235      52564544 
 1235      3100
 1236              	.LASF50:
 1237 0275 70686941 		.ascii	"phiAInput\000"
 1237      496E7075 
 1237      7400
ARM GAS  C:\Users\cmila\AppData\Local\Temp\cc8z0g4m.s 			page 27


 1238              	.LASF5:
 1239 027f 6C6F6E67 		.ascii	"long unsigned int\000"
 1239      20756E73 
 1239      69676E65 
 1239      6420696E 
 1239      7400
 1240              	.LASF40:
 1241 0291 646F7562 		.ascii	"double\000"
 1241      6C6500
 1242              	.LASF56:
 1243 0298 474E5520 		.ascii	"GNU C11 5.4.1 20160609 (release) [ARM/embedded-5-br"
 1243      43313120 
 1243      352E342E 
 1243      31203230 
 1243      31363036 
 1244 02cb 616E6368 		.ascii	"anch revision 237715] -mcpu=cortex-m0plus -mthumb -"
 1244      20726576 
 1244      6973696F 
 1244      6E203233 
 1244      37373135 
 1245 02fe 67202D4F 		.ascii	"g -Og -ffunction-sections -ffat-lto-objects\000"
 1245      67202D66 
 1245      66756E63 
 1245      74696F6E 
 1245      2D736563 
 1246              	.LASF62:
 1247 032a 43795F54 		.ascii	"Cy_TCPWM_QuadDec_DeInit\000"
 1247      4350574D 
 1247      5F517561 
 1247      64446563 
 1247      5F446549 
 1248              	.LASF46:
 1249 0342 696E6465 		.ascii	"indexInputMode\000"
 1249      78496E70 
 1249      75744D6F 
 1249      646500
 1250              	.LASF58:
 1251 0351 433A5C55 		.ascii	"C:\\Users\\cmila\\uni\\projects\\Neural-Stimulator-"
 1251      73657273 
 1251      5C636D69 
 1251      6C615C75 
 1251      6E695C70 
 1252 037f 4669726D 		.ascii	"Firmware\\new\\PSOC6\\BLE_DAC\\BLE_DAC\\BLE_DAC.cyd"
 1252      77617265 
 1252      5C6E6577 
 1252      5C50534F 
 1252      43365C42 
 1253 03ad 736E00   		.ascii	"sn\000"
 1254              	.LASF48:
 1255 03b0 73746F70 		.ascii	"stopInputMode\000"
 1255      496E7075 
 1255      744D6F64 
 1255      6500
 1256              	.LASF29:
 1257 03be 4354524C 		.ascii	"CTRL_CLR\000"
 1257      5F434C52 
 1257      00
ARM GAS  C:\Users\cmila\AppData\Local\Temp\cc8z0g4m.s 			page 28


 1258              	.LASF15:
 1259 03c7 434F554E 		.ascii	"COUNTER\000"
 1259      54455200 
 1260              	.LASF19:
 1261 03cf 52455345 		.ascii	"RESERVED\000"
 1261      52564544 
 1261      00
 1262              	.LASF43:
 1263 03d8 63795F65 		.ascii	"cy_en_tcpwm_status_t\000"
 1263      6E5F7463 
 1263      70776D5F 
 1263      73746174 
 1263      75735F74 
 1264              	.LASF26:
 1265 03ed 494E5452 		.ascii	"INTR_MASK\000"
 1265      5F4D4153 
 1265      4B00
 1266              	.LASF37:
 1267 03f7 54435057 		.ascii	"TCPWM_Type\000"
 1267      4D5F5479 
 1267      706500
 1268              	.LASF53:
 1269 0402 62617365 		.ascii	"base\000"
 1269      00
 1270              		.ident	"GCC: (GNU Tools for ARM Embedded Processors) 5.4.1 20160609 (release) [ARM/embedded-5-bran
