ARM GAS  C:\Users\cmila\AppData\Local\Temp\cc4hDnkT.s 			page 1


   1              		.syntax unified
   2              		.cpu cortex-m0plus
   3              		.fpu softvfp
   4              		.eabi_attribute 20, 1
   5              		.eabi_attribute 21, 1
   6              		.eabi_attribute 23, 3
   7              		.eabi_attribute 24, 1
   8              		.eabi_attribute 25, 1
   9              		.eabi_attribute 26, 1
  10              		.eabi_attribute 30, 4
  11              		.eabi_attribute 34, 0
  12              		.eabi_attribute 18, 4
  13              		.thumb
  14              		.syntax unified
  15              		.file	"cymetadata.c"
  16              		.text
  17              	.Ltext0:
  18              		.cfi_sections	.debug_frame
  19              		.global	cy_metadata
  20              		.section	.cymeta,"a",%progbits
  21              		.type	cy_metadata, %object
  22              		.size	cy_metadata, 12
  23              	cy_metadata:
  24 0000 00       		.byte	0
  25 0001 05       		.byte	5
  26 0002 E2       		.byte	-30
  27 0003 F0       		.byte	-16
  28 0004 21       		.byte	33
  29 0005 00       		.byte	0
  30 0006 21       		.byte	33
  31 0007 01       		.byte	1
  32 0008 00       		.byte	0
  33 0009 00       		.byte	0
  34 000a 00       		.byte	0
  35 000b 00       		.byte	0
  36              		.text
  37              	.Letext0:
  38              		.file 1 "c:\\program files (x86)\\cypress\\psoc creator\\4.4\\psoc creator\\import\\gnu\\arm\\5.4.
  39              		.file 2 "c:\\program files (x86)\\cypress\\psoc creator\\4.4\\psoc creator\\import\\gnu\\arm\\5.4.
  40              		.file 3 "Generated_Source\\PSoC6\\cymetadata.c"
  41              		.section	.debug_info,"",%progbits
  42              	.Ldebug_info0:
  43 0000 A8000000 		.4byte	0xa8
  44 0004 0400     		.2byte	0x4
  45 0006 00000000 		.4byte	.Ldebug_abbrev0
  46 000a 04       		.byte	0x4
  47 000b 01       		.uleb128 0x1
  48 000c 0A000000 		.4byte	.LASF12
  49 0010 0C       		.byte	0xc
  50 0011 30010000 		.4byte	.LASF13
  51 0015 B6000000 		.4byte	.LASF14
  52 0019 00000000 		.4byte	.Ldebug_line0
  53 001d 02       		.uleb128 0x2
  54 001e 01       		.byte	0x1
  55 001f 06       		.byte	0x6
  56 0020 AA010000 		.4byte	.LASF0
  57 0024 03       		.uleb128 0x3
ARM GAS  C:\Users\cmila\AppData\Local\Temp\cc4hDnkT.s 			page 2


  58 0025 00000000 		.4byte	.LASF9
  59 0029 01       		.byte	0x1
  60 002a 1D       		.byte	0x1d
  61 002b 2F000000 		.4byte	0x2f
  62 002f 02       		.uleb128 0x2
  63 0030 01       		.byte	0x1
  64 0031 08       		.byte	0x8
  65 0032 A8000000 		.4byte	.LASF1
  66 0036 02       		.uleb128 0x2
  67 0037 02       		.byte	0x2
  68 0038 05       		.byte	0x5
  69 0039 97010000 		.4byte	.LASF2
  70 003d 02       		.uleb128 0x2
  71 003e 02       		.byte	0x2
  72 003f 07       		.byte	0x7
  73 0040 1D010000 		.4byte	.LASF3
  74 0044 02       		.uleb128 0x2
  75 0045 04       		.byte	0x4
  76 0046 05       		.byte	0x5
  77 0047 A1010000 		.4byte	.LASF4
  78 004b 02       		.uleb128 0x2
  79 004c 04       		.byte	0x4
  80 004d 07       		.byte	0x7
  81 004e 0B010000 		.4byte	.LASF5
  82 0052 02       		.uleb128 0x2
  83 0053 08       		.byte	0x8
  84 0054 05       		.byte	0x5
  85 0055 89010000 		.4byte	.LASF6
  86 0059 02       		.uleb128 0x2
  87 005a 08       		.byte	0x8
  88 005b 07       		.byte	0x7
  89 005c 61010000 		.4byte	.LASF7
  90 0060 04       		.uleb128 0x4
  91 0061 04       		.byte	0x4
  92 0062 05       		.byte	0x5
  93 0063 696E7400 		.ascii	"int\000"
  94 0067 02       		.uleb128 0x2
  95 0068 04       		.byte	0x4
  96 0069 07       		.byte	0x7
  97 006a 54010000 		.4byte	.LASF8
  98 006e 03       		.uleb128 0x3
  99 006f 78010000 		.4byte	.LASF10
 100 0073 02       		.byte	0x2
 101 0074 18       		.byte	0x18
 102 0075 24000000 		.4byte	0x24
 103 0079 05       		.uleb128 0x5
 104 007a 90000000 		.4byte	0x90
 105 007e 89000000 		.4byte	0x89
 106 0082 06       		.uleb128 0x6
 107 0083 89000000 		.4byte	0x89
 108 0087 0B       		.byte	0xb
 109 0088 00       		.byte	0
 110 0089 02       		.uleb128 0x2
 111 008a 04       		.byte	0x4
 112 008b 07       		.byte	0x7
 113 008c 80010000 		.4byte	.LASF11
 114 0090 07       		.uleb128 0x7
ARM GAS  C:\Users\cmila\AppData\Local\Temp\cc4hDnkT.s 			page 3


 115 0091 6E000000 		.4byte	0x6e
 116 0095 08       		.uleb128 0x8
 117 0096 9C000000 		.4byte	.LASF15
 118 009a 03       		.byte	0x3
 119 009b 1F       		.byte	0x1f
 120 009c A6000000 		.4byte	0xa6
 121 00a0 05       		.uleb128 0x5
 122 00a1 03       		.byte	0x3
 123 00a2 00000000 		.4byte	cy_metadata
 124 00a6 07       		.uleb128 0x7
 125 00a7 79000000 		.4byte	0x79
 126 00ab 00       		.byte	0
 127              		.section	.debug_abbrev,"",%progbits
 128              	.Ldebug_abbrev0:
 129 0000 01       		.uleb128 0x1
 130 0001 11       		.uleb128 0x11
 131 0002 01       		.byte	0x1
 132 0003 25       		.uleb128 0x25
 133 0004 0E       		.uleb128 0xe
 134 0005 13       		.uleb128 0x13
 135 0006 0B       		.uleb128 0xb
 136 0007 03       		.uleb128 0x3
 137 0008 0E       		.uleb128 0xe
 138 0009 1B       		.uleb128 0x1b
 139 000a 0E       		.uleb128 0xe
 140 000b 10       		.uleb128 0x10
 141 000c 17       		.uleb128 0x17
 142 000d 00       		.byte	0
 143 000e 00       		.byte	0
 144 000f 02       		.uleb128 0x2
 145 0010 24       		.uleb128 0x24
 146 0011 00       		.byte	0
 147 0012 0B       		.uleb128 0xb
 148 0013 0B       		.uleb128 0xb
 149 0014 3E       		.uleb128 0x3e
 150 0015 0B       		.uleb128 0xb
 151 0016 03       		.uleb128 0x3
 152 0017 0E       		.uleb128 0xe
 153 0018 00       		.byte	0
 154 0019 00       		.byte	0
 155 001a 03       		.uleb128 0x3
 156 001b 16       		.uleb128 0x16
 157 001c 00       		.byte	0
 158 001d 03       		.uleb128 0x3
 159 001e 0E       		.uleb128 0xe
 160 001f 3A       		.uleb128 0x3a
 161 0020 0B       		.uleb128 0xb
 162 0021 3B       		.uleb128 0x3b
 163 0022 0B       		.uleb128 0xb
 164 0023 49       		.uleb128 0x49
 165 0024 13       		.uleb128 0x13
 166 0025 00       		.byte	0
 167 0026 00       		.byte	0
 168 0027 04       		.uleb128 0x4
 169 0028 24       		.uleb128 0x24
 170 0029 00       		.byte	0
 171 002a 0B       		.uleb128 0xb
ARM GAS  C:\Users\cmila\AppData\Local\Temp\cc4hDnkT.s 			page 4


 172 002b 0B       		.uleb128 0xb
 173 002c 3E       		.uleb128 0x3e
 174 002d 0B       		.uleb128 0xb
 175 002e 03       		.uleb128 0x3
 176 002f 08       		.uleb128 0x8
 177 0030 00       		.byte	0
 178 0031 00       		.byte	0
 179 0032 05       		.uleb128 0x5
 180 0033 01       		.uleb128 0x1
 181 0034 01       		.byte	0x1
 182 0035 49       		.uleb128 0x49
 183 0036 13       		.uleb128 0x13
 184 0037 01       		.uleb128 0x1
 185 0038 13       		.uleb128 0x13
 186 0039 00       		.byte	0
 187 003a 00       		.byte	0
 188 003b 06       		.uleb128 0x6
 189 003c 21       		.uleb128 0x21
 190 003d 00       		.byte	0
 191 003e 49       		.uleb128 0x49
 192 003f 13       		.uleb128 0x13
 193 0040 2F       		.uleb128 0x2f
 194 0041 0B       		.uleb128 0xb
 195 0042 00       		.byte	0
 196 0043 00       		.byte	0
 197 0044 07       		.uleb128 0x7
 198 0045 26       		.uleb128 0x26
 199 0046 00       		.byte	0
 200 0047 49       		.uleb128 0x49
 201 0048 13       		.uleb128 0x13
 202 0049 00       		.byte	0
 203 004a 00       		.byte	0
 204 004b 08       		.uleb128 0x8
 205 004c 34       		.uleb128 0x34
 206 004d 00       		.byte	0
 207 004e 03       		.uleb128 0x3
 208 004f 0E       		.uleb128 0xe
 209 0050 3A       		.uleb128 0x3a
 210 0051 0B       		.uleb128 0xb
 211 0052 3B       		.uleb128 0x3b
 212 0053 0B       		.uleb128 0xb
 213 0054 49       		.uleb128 0x49
 214 0055 13       		.uleb128 0x13
 215 0056 3F       		.uleb128 0x3f
 216 0057 19       		.uleb128 0x19
 217 0058 02       		.uleb128 0x2
 218 0059 18       		.uleb128 0x18
 219 005a 00       		.byte	0
 220 005b 00       		.byte	0
 221 005c 00       		.byte	0
 222              		.section	.debug_aranges,"",%progbits
 223 0000 14000000 		.4byte	0x14
 224 0004 0200     		.2byte	0x2
 225 0006 00000000 		.4byte	.Ldebug_info0
 226 000a 04       		.byte	0x4
 227 000b 00       		.byte	0
 228 000c 0000     		.2byte	0
ARM GAS  C:\Users\cmila\AppData\Local\Temp\cc4hDnkT.s 			page 5


 229 000e 0000     		.2byte	0
 230 0010 00000000 		.4byte	0
 231 0014 00000000 		.4byte	0
 232              		.section	.debug_line,"",%progbits
 233              	.Ldebug_line0:
 234 0000 3D010000 		.section	.debug_str,"MS",%progbits,1
 234      02003701 
 234      00000201 
 234      FB0E0D00 
 234      01010101 
 235              	.LASF9:
 236 0000 5F5F7569 		.ascii	"__uint8_t\000"
 236      6E74385F 
 236      7400
 237              	.LASF12:
 238 000a 474E5520 		.ascii	"GNU C11 5.4.1 20160609 (release) [ARM/embedded-5-br"
 238      43313120 
 238      352E342E 
 238      31203230 
 238      31363036 
 239 003d 616E6368 		.ascii	"anch revision 237715] -mcpu=cortex-m0plus -mthumb -"
 239      20726576 
 239      6973696F 
 239      6E203233 
 239      37373135 
 240 0070 67202D4F 		.ascii	"g -Os -ffunction-sections -ffat-lto-objects\000"
 240      73202D66 
 240      66756E63 
 240      74696F6E 
 240      2D736563 
 241              	.LASF15:
 242 009c 63795F6D 		.ascii	"cy_metadata\000"
 242      65746164 
 242      61746100 
 243              	.LASF1:
 244 00a8 756E7369 		.ascii	"unsigned char\000"
 244      676E6564 
 244      20636861 
 244      7200
 245              	.LASF14:
 246 00b6 433A5C55 		.ascii	"C:\\Users\\cmila\\uni\\projects\\Neural-Stimulator-"
 246      73657273 
 246      5C636D69 
 246      6C615C75 
 246      6E695C70 
 247 00e4 4669726D 		.ascii	"Firmware\\new\\PSOC6\\TIMER\\DAC_BLE.cydsn\000"
 247      77617265 
 247      5C6E6577 
 247      5C50534F 
 247      43365C54 
 248              	.LASF5:
 249 010b 6C6F6E67 		.ascii	"long unsigned int\000"
 249      20756E73 
 249      69676E65 
 249      6420696E 
 249      7400
 250              	.LASF3:
ARM GAS  C:\Users\cmila\AppData\Local\Temp\cc4hDnkT.s 			page 6


 251 011d 73686F72 		.ascii	"short unsigned int\000"
 251      7420756E 
 251      7369676E 
 251      65642069 
 251      6E7400
 252              	.LASF13:
 253 0130 47656E65 		.ascii	"Generated_Source\\PSoC6\\cymetadata.c\000"
 253      72617465 
 253      645F536F 
 253      75726365 
 253      5C50536F 
 254              	.LASF8:
 255 0154 756E7369 		.ascii	"unsigned int\000"
 255      676E6564 
 255      20696E74 
 255      00
 256              	.LASF7:
 257 0161 6C6F6E67 		.ascii	"long long unsigned int\000"
 257      206C6F6E 
 257      6720756E 
 257      7369676E 
 257      65642069 
 258              	.LASF10:
 259 0178 75696E74 		.ascii	"uint8_t\000"
 259      385F7400 
 260              	.LASF11:
 261 0180 73697A65 		.ascii	"sizetype\000"
 261      74797065 
 261      00
 262              	.LASF6:
 263 0189 6C6F6E67 		.ascii	"long long int\000"
 263      206C6F6E 
 263      6720696E 
 263      7400
 264              	.LASF2:
 265 0197 73686F72 		.ascii	"short int\000"
 265      7420696E 
 265      7400
 266              	.LASF4:
 267 01a1 6C6F6E67 		.ascii	"long int\000"
 267      20696E74 
 267      00
 268              	.LASF0:
 269 01aa 7369676E 		.ascii	"signed char\000"
 269      65642063 
 269      68617200 
 270              		.ident	"GCC: (GNU Tools for ARM Embedded Processors) 5.4.1 20160609 (release) [ARM/embedded-5-bran
