ARM GAS  C:\Users\subra\AppData\Local\Temp\cc0gBqll.s 			page 1


   1              		.syntax unified
   2              		.cpu cortex-m0plus
   3              		.fpu softvfp
   4              		.eabi_attribute 20, 1
   5              		.eabi_attribute 21, 1
   6              		.eabi_attribute 23, 3
   7              		.eabi_attribute 24, 1
   8              		.eabi_attribute 25, 1
   9              		.eabi_attribute 26, 1
  10              		.eabi_attribute 30, 1
  11              		.eabi_attribute 34, 0
  12              		.eabi_attribute 18, 4
  13              		.thumb
  14              		.syntax unified
  15              		.file	"main_cm0p.c"
  16              		.text
  17              	.Ltext0:
  18              		.cfi_sections	.debug_frame
  19              		.section	.text.main,"ax",%progbits
  20              		.align	2
  21              		.global	main
  22              		.code	16
  23              		.thumb_func
  24              		.type	main, %function
  25              	main:
  26              	.LFB321:
  27              		.file 1 "main_cm0p.c"
   1:main_cm0p.c   **** /* ========================================
   2:main_cm0p.c   ****  *
   3:main_cm0p.c   ****  * Copyright YOUR COMPANY, THE YEAR
   4:main_cm0p.c   ****  * All Rights Reserved
   5:main_cm0p.c   ****  * UNPUBLISHED, LICENSED SOFTWARE.
   6:main_cm0p.c   ****  *
   7:main_cm0p.c   ****  * CONFIDENTIAL AND PROPRIETARY INFORMATION
   8:main_cm0p.c   ****  * WHICH IS THE PROPERTY OF your company.
   9:main_cm0p.c   ****  *
  10:main_cm0p.c   ****  * ========================================
  11:main_cm0p.c   **** */
  12:main_cm0p.c   **** #include "project.h"
  13:main_cm0p.c   **** 
  14:main_cm0p.c   **** int main(void)
  15:main_cm0p.c   **** {
  28              		.loc 1 15 0
  29              		.cfi_startproc
  30              		@ Volatile: function does not return.
  31              		@ args = 0, pretend = 0, frame = 0
  32              		@ frame_needed = 0, uses_anonymous_args = 0
  33 0000 10B5     		push	{r4, lr}
  34              		.cfi_def_cfa_offset 8
  35              		.cfi_offset 4, -8
  36              		.cfi_offset 14, -4
  37              	.LBB4:
  38              	.LBB5:
  39              		.file 2 "Generated_Source\\PSoC6\\pdl\\cmsis/include/cmsis_gcc.h"
   1:Generated_Source\PSoC6\pdl\cmsis/include/cmsis_gcc.h **** /**************************************************************************//**
   2:Generated_Source\PSoC6\pdl\cmsis/include/cmsis_gcc.h ****  * @file     cmsis_gcc.h
   3:Generated_Source\PSoC6\pdl\cmsis/include/cmsis_gcc.h ****  * @brief    CMSIS compiler GCC header file
ARM GAS  C:\Users\subra\AppData\Local\Temp\cc0gBqll.s 			page 2


   4:Generated_Source\PSoC6\pdl\cmsis/include/cmsis_gcc.h ****  * @version  V5.0.3
   5:Generated_Source\PSoC6\pdl\cmsis/include/cmsis_gcc.h ****  * @date     16. January 2018
   6:Generated_Source\PSoC6\pdl\cmsis/include/cmsis_gcc.h ****  ******************************************************************************/
   7:Generated_Source\PSoC6\pdl\cmsis/include/cmsis_gcc.h **** /*
   8:Generated_Source\PSoC6\pdl\cmsis/include/cmsis_gcc.h ****  * Copyright (c) 2009-2017 ARM Limited. All rights reserved.
   9:Generated_Source\PSoC6\pdl\cmsis/include/cmsis_gcc.h ****  *
  10:Generated_Source\PSoC6\pdl\cmsis/include/cmsis_gcc.h ****  * SPDX-License-Identifier: Apache-2.0
  11:Generated_Source\PSoC6\pdl\cmsis/include/cmsis_gcc.h ****  *
  12:Generated_Source\PSoC6\pdl\cmsis/include/cmsis_gcc.h ****  * Licensed under the Apache License, Version 2.0 (the License); you may
  13:Generated_Source\PSoC6\pdl\cmsis/include/cmsis_gcc.h ****  * not use this file except in compliance with the License.
  14:Generated_Source\PSoC6\pdl\cmsis/include/cmsis_gcc.h ****  * You may obtain a copy of the License at
  15:Generated_Source\PSoC6\pdl\cmsis/include/cmsis_gcc.h ****  *
  16:Generated_Source\PSoC6\pdl\cmsis/include/cmsis_gcc.h ****  * www.apache.org/licenses/LICENSE-2.0
  17:Generated_Source\PSoC6\pdl\cmsis/include/cmsis_gcc.h ****  *
  18:Generated_Source\PSoC6\pdl\cmsis/include/cmsis_gcc.h ****  * Unless required by applicable law or agreed to in writing, software
  19:Generated_Source\PSoC6\pdl\cmsis/include/cmsis_gcc.h ****  * distributed under the License is distributed on an AS IS BASIS, WITHOUT
  20:Generated_Source\PSoC6\pdl\cmsis/include/cmsis_gcc.h ****  * WARRANTIES OR CONDITIONS OF ANY KIND, either express or implied.
  21:Generated_Source\PSoC6\pdl\cmsis/include/cmsis_gcc.h ****  * See the License for the specific language governing permissions and
  22:Generated_Source\PSoC6\pdl\cmsis/include/cmsis_gcc.h ****  * limitations under the License.
  23:Generated_Source\PSoC6\pdl\cmsis/include/cmsis_gcc.h ****  */
  24:Generated_Source\PSoC6\pdl\cmsis/include/cmsis_gcc.h **** 
  25:Generated_Source\PSoC6\pdl\cmsis/include/cmsis_gcc.h **** #ifndef __CMSIS_GCC_H
  26:Generated_Source\PSoC6\pdl\cmsis/include/cmsis_gcc.h **** #define __CMSIS_GCC_H
  27:Generated_Source\PSoC6\pdl\cmsis/include/cmsis_gcc.h **** 
  28:Generated_Source\PSoC6\pdl\cmsis/include/cmsis_gcc.h **** /* ignore some GCC warnings */
  29:Generated_Source\PSoC6\pdl\cmsis/include/cmsis_gcc.h **** #pragma GCC diagnostic push
  30:Generated_Source\PSoC6\pdl\cmsis/include/cmsis_gcc.h **** #pragma GCC diagnostic ignored "-Wsign-conversion"
  31:Generated_Source\PSoC6\pdl\cmsis/include/cmsis_gcc.h **** #pragma GCC diagnostic ignored "-Wconversion"
  32:Generated_Source\PSoC6\pdl\cmsis/include/cmsis_gcc.h **** #pragma GCC diagnostic ignored "-Wunused-parameter"
  33:Generated_Source\PSoC6\pdl\cmsis/include/cmsis_gcc.h **** 
  34:Generated_Source\PSoC6\pdl\cmsis/include/cmsis_gcc.h **** /* Fallback for __has_builtin */
  35:Generated_Source\PSoC6\pdl\cmsis/include/cmsis_gcc.h **** #ifndef __has_builtin
  36:Generated_Source\PSoC6\pdl\cmsis/include/cmsis_gcc.h ****   #define __has_builtin(x) (0)
  37:Generated_Source\PSoC6\pdl\cmsis/include/cmsis_gcc.h **** #endif
  38:Generated_Source\PSoC6\pdl\cmsis/include/cmsis_gcc.h **** 
  39:Generated_Source\PSoC6\pdl\cmsis/include/cmsis_gcc.h **** /* CMSIS compiler specific defines */
  40:Generated_Source\PSoC6\pdl\cmsis/include/cmsis_gcc.h **** #ifndef   __ASM
  41:Generated_Source\PSoC6\pdl\cmsis/include/cmsis_gcc.h ****   #define __ASM                                  __asm
  42:Generated_Source\PSoC6\pdl\cmsis/include/cmsis_gcc.h **** #endif
  43:Generated_Source\PSoC6\pdl\cmsis/include/cmsis_gcc.h **** #ifndef   __INLINE
  44:Generated_Source\PSoC6\pdl\cmsis/include/cmsis_gcc.h ****   #define __INLINE                               inline
  45:Generated_Source\PSoC6\pdl\cmsis/include/cmsis_gcc.h **** #endif
  46:Generated_Source\PSoC6\pdl\cmsis/include/cmsis_gcc.h **** #ifndef   __STATIC_INLINE
  47:Generated_Source\PSoC6\pdl\cmsis/include/cmsis_gcc.h ****   #define __STATIC_INLINE                        static inline
  48:Generated_Source\PSoC6\pdl\cmsis/include/cmsis_gcc.h **** #endif
  49:Generated_Source\PSoC6\pdl\cmsis/include/cmsis_gcc.h **** #ifndef   __STATIC_FORCEINLINE                 
  50:Generated_Source\PSoC6\pdl\cmsis/include/cmsis_gcc.h ****   #define __STATIC_FORCEINLINE                   __attribute__((always_inline)) static inline
  51:Generated_Source\PSoC6\pdl\cmsis/include/cmsis_gcc.h **** #endif                                           
  52:Generated_Source\PSoC6\pdl\cmsis/include/cmsis_gcc.h **** #ifndef   __NO_RETURN
  53:Generated_Source\PSoC6\pdl\cmsis/include/cmsis_gcc.h ****   #define __NO_RETURN                            __attribute__((__noreturn__))
  54:Generated_Source\PSoC6\pdl\cmsis/include/cmsis_gcc.h **** #endif
  55:Generated_Source\PSoC6\pdl\cmsis/include/cmsis_gcc.h **** #ifndef   __USED
  56:Generated_Source\PSoC6\pdl\cmsis/include/cmsis_gcc.h ****   #define __USED                                 __attribute__((used))
  57:Generated_Source\PSoC6\pdl\cmsis/include/cmsis_gcc.h **** #endif
  58:Generated_Source\PSoC6\pdl\cmsis/include/cmsis_gcc.h **** #ifndef   __WEAK
  59:Generated_Source\PSoC6\pdl\cmsis/include/cmsis_gcc.h ****   #define __WEAK                                 __attribute__((weak))
  60:Generated_Source\PSoC6\pdl\cmsis/include/cmsis_gcc.h **** #endif
ARM GAS  C:\Users\subra\AppData\Local\Temp\cc0gBqll.s 			page 3


  61:Generated_Source\PSoC6\pdl\cmsis/include/cmsis_gcc.h **** #ifndef   __PACKED
  62:Generated_Source\PSoC6\pdl\cmsis/include/cmsis_gcc.h ****   #define __PACKED                               __attribute__((packed, aligned(1)))
  63:Generated_Source\PSoC6\pdl\cmsis/include/cmsis_gcc.h **** #endif
  64:Generated_Source\PSoC6\pdl\cmsis/include/cmsis_gcc.h **** #ifndef   __PACKED_STRUCT
  65:Generated_Source\PSoC6\pdl\cmsis/include/cmsis_gcc.h ****   #define __PACKED_STRUCT                        struct __attribute__((packed, aligned(1)))
  66:Generated_Source\PSoC6\pdl\cmsis/include/cmsis_gcc.h **** #endif
  67:Generated_Source\PSoC6\pdl\cmsis/include/cmsis_gcc.h **** #ifndef   __PACKED_UNION
  68:Generated_Source\PSoC6\pdl\cmsis/include/cmsis_gcc.h ****   #define __PACKED_UNION                         union __attribute__((packed, aligned(1)))
  69:Generated_Source\PSoC6\pdl\cmsis/include/cmsis_gcc.h **** #endif
  70:Generated_Source\PSoC6\pdl\cmsis/include/cmsis_gcc.h **** #ifndef   __UNALIGNED_UINT32        /* deprecated */
  71:Generated_Source\PSoC6\pdl\cmsis/include/cmsis_gcc.h ****   #pragma GCC diagnostic push
  72:Generated_Source\PSoC6\pdl\cmsis/include/cmsis_gcc.h ****   #pragma GCC diagnostic ignored "-Wpacked"
  73:Generated_Source\PSoC6\pdl\cmsis/include/cmsis_gcc.h ****   #pragma GCC diagnostic ignored "-Wattributes"
  74:Generated_Source\PSoC6\pdl\cmsis/include/cmsis_gcc.h ****   struct __attribute__((packed)) T_UINT32 { uint32_t v; };
  75:Generated_Source\PSoC6\pdl\cmsis/include/cmsis_gcc.h ****   #pragma GCC diagnostic pop
  76:Generated_Source\PSoC6\pdl\cmsis/include/cmsis_gcc.h ****   #define __UNALIGNED_UINT32(x)                  (((struct T_UINT32 *)(x))->v)
  77:Generated_Source\PSoC6\pdl\cmsis/include/cmsis_gcc.h **** #endif
  78:Generated_Source\PSoC6\pdl\cmsis/include/cmsis_gcc.h **** #ifndef   __UNALIGNED_UINT16_WRITE
  79:Generated_Source\PSoC6\pdl\cmsis/include/cmsis_gcc.h ****   #pragma GCC diagnostic push
  80:Generated_Source\PSoC6\pdl\cmsis/include/cmsis_gcc.h ****   #pragma GCC diagnostic ignored "-Wpacked"
  81:Generated_Source\PSoC6\pdl\cmsis/include/cmsis_gcc.h ****   #pragma GCC diagnostic ignored "-Wattributes"
  82:Generated_Source\PSoC6\pdl\cmsis/include/cmsis_gcc.h ****   __PACKED_STRUCT T_UINT16_WRITE { uint16_t v; };
  83:Generated_Source\PSoC6\pdl\cmsis/include/cmsis_gcc.h ****   #pragma GCC diagnostic pop
  84:Generated_Source\PSoC6\pdl\cmsis/include/cmsis_gcc.h ****   #define __UNALIGNED_UINT16_WRITE(addr, val)    (void)((((struct T_UINT16_WRITE *)(void *)(addr))-
  85:Generated_Source\PSoC6\pdl\cmsis/include/cmsis_gcc.h **** #endif
  86:Generated_Source\PSoC6\pdl\cmsis/include/cmsis_gcc.h **** #ifndef   __UNALIGNED_UINT16_READ
  87:Generated_Source\PSoC6\pdl\cmsis/include/cmsis_gcc.h ****   #pragma GCC diagnostic push
  88:Generated_Source\PSoC6\pdl\cmsis/include/cmsis_gcc.h ****   #pragma GCC diagnostic ignored "-Wpacked"
  89:Generated_Source\PSoC6\pdl\cmsis/include/cmsis_gcc.h ****   #pragma GCC diagnostic ignored "-Wattributes"
  90:Generated_Source\PSoC6\pdl\cmsis/include/cmsis_gcc.h ****   __PACKED_STRUCT T_UINT16_READ { uint16_t v; };
  91:Generated_Source\PSoC6\pdl\cmsis/include/cmsis_gcc.h ****   #pragma GCC diagnostic pop
  92:Generated_Source\PSoC6\pdl\cmsis/include/cmsis_gcc.h ****   #define __UNALIGNED_UINT16_READ(addr)          (((const struct T_UINT16_READ *)(const void *)(add
  93:Generated_Source\PSoC6\pdl\cmsis/include/cmsis_gcc.h **** #endif
  94:Generated_Source\PSoC6\pdl\cmsis/include/cmsis_gcc.h **** #ifndef   __UNALIGNED_UINT32_WRITE
  95:Generated_Source\PSoC6\pdl\cmsis/include/cmsis_gcc.h ****   #pragma GCC diagnostic push
  96:Generated_Source\PSoC6\pdl\cmsis/include/cmsis_gcc.h ****   #pragma GCC diagnostic ignored "-Wpacked"
  97:Generated_Source\PSoC6\pdl\cmsis/include/cmsis_gcc.h ****   #pragma GCC diagnostic ignored "-Wattributes"
  98:Generated_Source\PSoC6\pdl\cmsis/include/cmsis_gcc.h ****   __PACKED_STRUCT T_UINT32_WRITE { uint32_t v; };
  99:Generated_Source\PSoC6\pdl\cmsis/include/cmsis_gcc.h ****   #pragma GCC diagnostic pop
 100:Generated_Source\PSoC6\pdl\cmsis/include/cmsis_gcc.h ****   #define __UNALIGNED_UINT32_WRITE(addr, val)    (void)((((struct T_UINT32_WRITE *)(void *)(addr))-
 101:Generated_Source\PSoC6\pdl\cmsis/include/cmsis_gcc.h **** #endif
 102:Generated_Source\PSoC6\pdl\cmsis/include/cmsis_gcc.h **** #ifndef   __UNALIGNED_UINT32_READ
 103:Generated_Source\PSoC6\pdl\cmsis/include/cmsis_gcc.h ****   #pragma GCC diagnostic push
 104:Generated_Source\PSoC6\pdl\cmsis/include/cmsis_gcc.h ****   #pragma GCC diagnostic ignored "-Wpacked"
 105:Generated_Source\PSoC6\pdl\cmsis/include/cmsis_gcc.h ****   #pragma GCC diagnostic ignored "-Wattributes"
 106:Generated_Source\PSoC6\pdl\cmsis/include/cmsis_gcc.h ****   __PACKED_STRUCT T_UINT32_READ { uint32_t v; };
 107:Generated_Source\PSoC6\pdl\cmsis/include/cmsis_gcc.h ****   #pragma GCC diagnostic pop
 108:Generated_Source\PSoC6\pdl\cmsis/include/cmsis_gcc.h ****   #define __UNALIGNED_UINT32_READ(addr)          (((const struct T_UINT32_READ *)(const void *)(add
 109:Generated_Source\PSoC6\pdl\cmsis/include/cmsis_gcc.h **** #endif
 110:Generated_Source\PSoC6\pdl\cmsis/include/cmsis_gcc.h **** #ifndef   __ALIGNED
 111:Generated_Source\PSoC6\pdl\cmsis/include/cmsis_gcc.h ****   #define __ALIGNED(x)                           __attribute__((aligned(x)))
 112:Generated_Source\PSoC6\pdl\cmsis/include/cmsis_gcc.h **** #endif
 113:Generated_Source\PSoC6\pdl\cmsis/include/cmsis_gcc.h **** #ifndef   __RESTRICT
 114:Generated_Source\PSoC6\pdl\cmsis/include/cmsis_gcc.h ****   #define __RESTRICT                             __restrict
 115:Generated_Source\PSoC6\pdl\cmsis/include/cmsis_gcc.h **** #endif
 116:Generated_Source\PSoC6\pdl\cmsis/include/cmsis_gcc.h **** 
 117:Generated_Source\PSoC6\pdl\cmsis/include/cmsis_gcc.h **** 
ARM GAS  C:\Users\subra\AppData\Local\Temp\cc0gBqll.s 			page 4


 118:Generated_Source\PSoC6\pdl\cmsis/include/cmsis_gcc.h **** /* ###########################  Core Function Access  ########################### */
 119:Generated_Source\PSoC6\pdl\cmsis/include/cmsis_gcc.h **** /** \ingroup  CMSIS_Core_FunctionInterface
 120:Generated_Source\PSoC6\pdl\cmsis/include/cmsis_gcc.h ****     \defgroup CMSIS_Core_RegAccFunctions CMSIS Core Register Access Functions
 121:Generated_Source\PSoC6\pdl\cmsis/include/cmsis_gcc.h ****   @{
 122:Generated_Source\PSoC6\pdl\cmsis/include/cmsis_gcc.h ****  */
 123:Generated_Source\PSoC6\pdl\cmsis/include/cmsis_gcc.h **** 
 124:Generated_Source\PSoC6\pdl\cmsis/include/cmsis_gcc.h **** /**
 125:Generated_Source\PSoC6\pdl\cmsis/include/cmsis_gcc.h ****   \brief   Enable IRQ Interrupts
 126:Generated_Source\PSoC6\pdl\cmsis/include/cmsis_gcc.h ****   \details Enables IRQ interrupts by clearing the I-bit in the CPSR.
 127:Generated_Source\PSoC6\pdl\cmsis/include/cmsis_gcc.h ****            Can only be executed in Privileged modes.
 128:Generated_Source\PSoC6\pdl\cmsis/include/cmsis_gcc.h ****  */
 129:Generated_Source\PSoC6\pdl\cmsis/include/cmsis_gcc.h **** __STATIC_FORCEINLINE void __enable_irq(void)
 130:Generated_Source\PSoC6\pdl\cmsis/include/cmsis_gcc.h **** {
 131:Generated_Source\PSoC6\pdl\cmsis/include/cmsis_gcc.h ****   __ASM volatile ("cpsie i" : : : "memory");
  40              		.loc 2 131 0
  41              		.syntax divided
  42              	@ 131 "Generated_Source\PSoC6\pdl\cmsis/include/cmsis_gcc.h" 1
  43 0002 62B6     		cpsie i
  44              	@ 0 "" 2
  45              		.thumb
  46              		.syntax unified
  47              	.LBE5:
  48              	.LBE4:
  16:main_cm0p.c   ****     __enable_irq(); /* Enable global interrupts. */
  17:main_cm0p.c   ****     /* Enable CM4.  CY_CORTEX_M4_APPL_ADDR must be updated if CM4 memory layout is changed. */
  18:main_cm0p.c   ****     // Cy_SysEnableCM4(CY_CORTEX_M4_APPL_ADDR); 
  19:main_cm0p.c   ****     PWM_Start();
  49              		.loc 1 19 0
  50 0004 FFF7FEFF 		bl	PWM_Start
  51              	.LVL0:
  20:main_cm0p.c   ****     Cy_SysPm_Sleep(CY_SYSPM_STATUS_CM0_SLEEP);
  52              		.loc 1 20 0
  53 0008 0020     		movs	r0, #0
  54 000a FFF7FEFF 		bl	Cy_SysPm_CpuEnterSleep
  55              	.LVL1:
  56              	.L2:
  57 000e FEE7     		b	.L2
  58              		.cfi_endproc
  59              	.LFE321:
  60              		.size	main, .-main
  61              		.text
  62              	.Letext0:
  63              		.file 3 "d:\\program files (x86)\\cypress\\psoc creator\\4.4\\psoc creator\\import\\gnu\\arm\\5.4.
  64              		.file 4 "d:\\program files (x86)\\cypress\\psoc creator\\4.4\\psoc creator\\import\\gnu\\arm\\5.4.
  65              		.file 5 "Generated_Source\\PSoC6\\pdl\\drivers/peripheral/device/cy_device.h"
  66              		.file 6 "Generated_Source\\PSoC6\\pdl\\drivers/peripheral/tcpwm/cy_tcpwm_pwm.h"
  67              		.file 7 "Generated_Source\\PSoC6/PWM.h"
  68              		.file 8 "Generated_Source\\PSoC6\\pdl\\drivers/peripheral/syspm/cy_syspm.h"
  69              		.section	.debug_info,"",%progbits
  70              	.Ldebug_info0:
  71 0000 D0060000 		.4byte	0x6d0
  72 0004 0400     		.2byte	0x4
  73 0006 00000000 		.4byte	.Ldebug_abbrev0
  74 000a 04       		.byte	0x4
  75 000b 01       		.uleb128 0x1
  76 000c 02060000 		.4byte	.LASF140
  77 0010 0C       		.byte	0xc
ARM GAS  C:\Users\subra\AppData\Local\Temp\cc0gBqll.s 			page 5


  78 0011 82000000 		.4byte	.LASF141
  79 0015 DE060000 		.4byte	.LASF142
  80 0019 00000000 		.4byte	.Ldebug_ranges0+0
  81 001d 00000000 		.4byte	0
  82 0021 00000000 		.4byte	.Ldebug_line0
  83 0025 02       		.uleb128 0x2
  84 0026 02       		.byte	0x2
  85 0027 05       		.byte	0x5
  86 0028 A2050000 		.4byte	.LASF0
  87 002c 02       		.uleb128 0x2
  88 002d 01       		.byte	0x1
  89 002e 08       		.byte	0x8
  90 002f 80050000 		.4byte	.LASF1
  91 0033 02       		.uleb128 0x2
  92 0034 01       		.byte	0x1
  93 0035 06       		.byte	0x6
  94 0036 80010000 		.4byte	.LASF2
  95 003a 03       		.uleb128 0x3
  96 003b A9000000 		.4byte	.LASF3
  97 003f 03       		.byte	0x3
  98 0040 1D       		.byte	0x1d
  99 0041 2C000000 		.4byte	0x2c
 100 0045 03       		.uleb128 0x3
 101 0046 C6020000 		.4byte	.LASF4
 102 004a 03       		.byte	0x3
 103 004b 29       		.byte	0x29
 104 004c 25000000 		.4byte	0x25
 105 0050 03       		.uleb128 0x3
 106 0051 D3060000 		.4byte	.LASF5
 107 0055 03       		.byte	0x3
 108 0056 2B       		.byte	0x2b
 109 0057 5B000000 		.4byte	0x5b
 110 005b 02       		.uleb128 0x2
 111 005c 02       		.byte	0x2
 112 005d 07       		.byte	0x7
 113 005e 73070000 		.4byte	.LASF6
 114 0062 02       		.uleb128 0x2
 115 0063 04       		.byte	0x4
 116 0064 05       		.byte	0x5
 117 0065 FB010000 		.4byte	.LASF7
 118 0069 03       		.uleb128 0x3
 119 006a AB020000 		.4byte	.LASF8
 120 006e 03       		.byte	0x3
 121 006f 41       		.byte	0x41
 122 0070 74000000 		.4byte	0x74
 123 0074 02       		.uleb128 0x2
 124 0075 04       		.byte	0x4
 125 0076 07       		.byte	0x7
 126 0077 41030000 		.4byte	.LASF9
 127 007b 02       		.uleb128 0x2
 128 007c 08       		.byte	0x8
 129 007d 05       		.byte	0x5
 130 007e 72010000 		.4byte	.LASF10
 131 0082 02       		.uleb128 0x2
 132 0083 08       		.byte	0x8
 133 0084 07       		.byte	0x7
 134 0085 F8000000 		.4byte	.LASF11
ARM GAS  C:\Users\subra\AppData\Local\Temp\cc0gBqll.s 			page 6


 135 0089 04       		.uleb128 0x4
 136 008a 04       		.byte	0x4
 137 008b 05       		.byte	0x5
 138 008c 696E7400 		.ascii	"int\000"
 139 0090 02       		.uleb128 0x2
 140 0091 04       		.byte	0x4
 141 0092 07       		.byte	0x7
 142 0093 05030000 		.4byte	.LASF12
 143 0097 03       		.uleb128 0x3
 144 0098 2D080000 		.4byte	.LASF13
 145 009c 04       		.byte	0x4
 146 009d 18       		.byte	0x18
 147 009e 3A000000 		.4byte	0x3a
 148 00a2 03       		.uleb128 0x3
 149 00a3 6A010000 		.4byte	.LASF14
 150 00a7 04       		.byte	0x4
 151 00a8 20       		.byte	0x20
 152 00a9 45000000 		.4byte	0x45
 153 00ad 03       		.uleb128 0x3
 154 00ae 12030000 		.4byte	.LASF15
 155 00b2 04       		.byte	0x4
 156 00b3 24       		.byte	0x24
 157 00b4 50000000 		.4byte	0x50
 158 00b8 03       		.uleb128 0x3
 159 00b9 F9050000 		.4byte	.LASF16
 160 00bd 04       		.byte	0x4
 161 00be 30       		.byte	0x30
 162 00bf 69000000 		.4byte	0x69
 163 00c3 02       		.uleb128 0x2
 164 00c4 04       		.byte	0x4
 165 00c5 07       		.byte	0x7
 166 00c6 85040000 		.4byte	.LASF17
 167 00ca 02       		.uleb128 0x2
 168 00cb 08       		.byte	0x8
 169 00cc 04       		.byte	0x4
 170 00cd 9D060000 		.4byte	.LASF18
 171 00d1 05       		.uleb128 0x5
 172 00d2 B8       		.byte	0xb8
 173 00d3 05       		.byte	0x5
 174 00d4 34       		.byte	0x34
 175 00d5 E2040000 		.4byte	0x4e2
 176 00d9 06       		.uleb128 0x6
 177 00da DF000000 		.4byte	.LASF19
 178 00de 05       		.byte	0x5
 179 00df 37       		.byte	0x37
 180 00e0 B8000000 		.4byte	0xb8
 181 00e4 00       		.byte	0
 182 00e5 06       		.uleb128 0x6
 183 00e6 A0020000 		.4byte	.LASF20
 184 00ea 05       		.byte	0x5
 185 00eb 38       		.byte	0x38
 186 00ec B8000000 		.4byte	0xb8
 187 00f0 04       		.byte	0x4
 188 00f1 06       		.uleb128 0x6
 189 00f2 12020000 		.4byte	.LASF21
 190 00f6 05       		.byte	0x5
 191 00f7 39       		.byte	0x39
ARM GAS  C:\Users\subra\AppData\Local\Temp\cc0gBqll.s 			page 7


 192 00f8 B8000000 		.4byte	0xb8
 193 00fc 08       		.byte	0x8
 194 00fd 06       		.uleb128 0x6
 195 00fe 72050000 		.4byte	.LASF22
 196 0102 05       		.byte	0x5
 197 0103 3A       		.byte	0x3a
 198 0104 B8000000 		.4byte	0xb8
 199 0108 0C       		.byte	0xc
 200 0109 06       		.uleb128 0x6
 201 010a A1010000 		.4byte	.LASF23
 202 010e 05       		.byte	0x5
 203 010f 3B       		.byte	0x3b
 204 0110 B8000000 		.4byte	0xb8
 205 0114 10       		.byte	0x10
 206 0115 06       		.uleb128 0x6
 207 0116 D9010000 		.4byte	.LASF24
 208 011a 05       		.byte	0x5
 209 011b 3C       		.byte	0x3c
 210 011c B8000000 		.4byte	0xb8
 211 0120 14       		.byte	0x14
 212 0121 06       		.uleb128 0x6
 213 0122 7D030000 		.4byte	.LASF25
 214 0126 05       		.byte	0x5
 215 0127 3D       		.byte	0x3d
 216 0128 B8000000 		.4byte	0xb8
 217 012c 18       		.byte	0x18
 218 012d 06       		.uleb128 0x6
 219 012e 79000000 		.4byte	.LASF26
 220 0132 05       		.byte	0x5
 221 0133 3E       		.byte	0x3e
 222 0134 B8000000 		.4byte	0xb8
 223 0138 1C       		.byte	0x1c
 224 0139 06       		.uleb128 0x6
 225 013a B8080000 		.4byte	.LASF27
 226 013e 05       		.byte	0x5
 227 013f 3F       		.byte	0x3f
 228 0140 B8000000 		.4byte	0xb8
 229 0144 20       		.byte	0x20
 230 0145 06       		.uleb128 0x6
 231 0146 F9040000 		.4byte	.LASF28
 232 014a 05       		.byte	0x5
 233 014b 40       		.byte	0x40
 234 014c B8000000 		.4byte	0xb8
 235 0150 24       		.byte	0x24
 236 0151 06       		.uleb128 0x6
 237 0152 57040000 		.4byte	.LASF29
 238 0156 05       		.byte	0x5
 239 0157 43       		.byte	0x43
 240 0158 97000000 		.4byte	0x97
 241 015c 28       		.byte	0x28
 242 015d 06       		.uleb128 0x6
 243 015e 5F000000 		.4byte	.LASF30
 244 0162 05       		.byte	0x5
 245 0163 44       		.byte	0x44
 246 0164 97000000 		.4byte	0x97
 247 0168 29       		.byte	0x29
 248 0169 06       		.uleb128 0x6
ARM GAS  C:\Users\subra\AppData\Local\Temp\cc0gBqll.s 			page 8


 249 016a AE080000 		.4byte	.LASF31
 250 016e 05       		.byte	0x5
 251 016f 45       		.byte	0x45
 252 0170 97000000 		.4byte	0x97
 253 0174 2A       		.byte	0x2a
 254 0175 06       		.uleb128 0x6
 255 0176 EB040000 		.4byte	.LASF32
 256 017a 05       		.byte	0x5
 257 017b 46       		.byte	0x46
 258 017c 97000000 		.4byte	0x97
 259 0180 2B       		.byte	0x2b
 260 0181 06       		.uleb128 0x6
 261 0182 E9030000 		.4byte	.LASF33
 262 0186 05       		.byte	0x5
 263 0187 47       		.byte	0x47
 264 0188 97000000 		.4byte	0x97
 265 018c 2C       		.byte	0x2c
 266 018d 06       		.uleb128 0x6
 267 018e 49070000 		.4byte	.LASF34
 268 0192 05       		.byte	0x5
 269 0193 48       		.byte	0x48
 270 0194 97000000 		.4byte	0x97
 271 0198 2D       		.byte	0x2d
 272 0199 06       		.uleb128 0x6
 273 019a AA010000 		.4byte	.LASF35
 274 019e 05       		.byte	0x5
 275 019f 49       		.byte	0x49
 276 01a0 97000000 		.4byte	0x97
 277 01a4 2E       		.byte	0x2e
 278 01a5 06       		.uleb128 0x6
 279 01a6 64040000 		.4byte	.LASF36
 280 01aa 05       		.byte	0x5
 281 01ab 4A       		.byte	0x4a
 282 01ac 97000000 		.4byte	0x97
 283 01b0 2F       		.byte	0x2f
 284 01b1 06       		.uleb128 0x6
 285 01b2 B9060000 		.4byte	.LASF37
 286 01b6 05       		.byte	0x5
 287 01b7 4B       		.byte	0x4b
 288 01b8 97000000 		.4byte	0x97
 289 01bc 30       		.byte	0x30
 290 01bd 06       		.uleb128 0x6
 291 01be 72030000 		.4byte	.LASF38
 292 01c2 05       		.byte	0x5
 293 01c3 4E       		.byte	0x4e
 294 01c4 97000000 		.4byte	0x97
 295 01c8 31       		.byte	0x31
 296 01c9 06       		.uleb128 0x6
 297 01ca 9B000000 		.4byte	.LASF39
 298 01ce 05       		.byte	0x5
 299 01cf 4F       		.byte	0x4f
 300 01d0 97000000 		.4byte	0x97
 301 01d4 32       		.byte	0x32
 302 01d5 06       		.uleb128 0x6
 303 01d6 F9020000 		.4byte	.LASF40
 304 01da 05       		.byte	0x5
 305 01db 50       		.byte	0x50
ARM GAS  C:\Users\subra\AppData\Local\Temp\cc0gBqll.s 			page 9


 306 01dc 97000000 		.4byte	0x97
 307 01e0 33       		.byte	0x33
 308 01e1 06       		.uleb128 0x6
 309 01e2 99040000 		.4byte	.LASF41
 310 01e6 05       		.byte	0x5
 311 01e7 51       		.byte	0x51
 312 01e8 97000000 		.4byte	0x97
 313 01ec 34       		.byte	0x34
 314 01ed 06       		.uleb128 0x6
 315 01ee AC070000 		.4byte	.LASF42
 316 01f2 05       		.byte	0x5
 317 01f3 52       		.byte	0x52
 318 01f4 A2000000 		.4byte	0xa2
 319 01f8 36       		.byte	0x36
 320 01f9 06       		.uleb128 0x6
 321 01fa 2C020000 		.4byte	.LASF43
 322 01fe 05       		.byte	0x5
 323 01ff 53       		.byte	0x53
 324 0200 A2000000 		.4byte	0xa2
 325 0204 38       		.byte	0x38
 326 0205 06       		.uleb128 0x6
 327 0206 FA070000 		.4byte	.LASF44
 328 020a 05       		.byte	0x5
 329 020b 54       		.byte	0x54
 330 020c A2000000 		.4byte	0xa2
 331 0210 3A       		.byte	0x3a
 332 0211 06       		.uleb128 0x6
 333 0212 CA010000 		.4byte	.LASF45
 334 0216 05       		.byte	0x5
 335 0217 55       		.byte	0x55
 336 0218 97000000 		.4byte	0x97
 337 021c 3C       		.byte	0x3c
 338 021d 06       		.uleb128 0x6
 339 021e 53020000 		.4byte	.LASF46
 340 0222 05       		.byte	0x5
 341 0223 56       		.byte	0x56
 342 0224 97000000 		.4byte	0x97
 343 0228 3D       		.byte	0x3d
 344 0229 06       		.uleb128 0x6
 345 022a DB050000 		.4byte	.LASF47
 346 022e 05       		.byte	0x5
 347 022f 57       		.byte	0x57
 348 0230 97000000 		.4byte	0x97
 349 0234 3E       		.byte	0x3e
 350 0235 06       		.uleb128 0x6
 351 0236 6D000000 		.4byte	.LASF48
 352 023a 05       		.byte	0x5
 353 023b 58       		.byte	0x58
 354 023c 97000000 		.4byte	0x97
 355 0240 3F       		.byte	0x3f
 356 0241 06       		.uleb128 0x6
 357 0242 04050000 		.4byte	.LASF49
 358 0246 05       		.byte	0x5
 359 0247 59       		.byte	0x59
 360 0248 97000000 		.4byte	0x97
 361 024c 40       		.byte	0x40
 362 024d 06       		.uleb128 0x6
ARM GAS  C:\Users\subra\AppData\Local\Temp\cc0gBqll.s 			page 10


 363 024e B6020000 		.4byte	.LASF50
 364 0252 05       		.byte	0x5
 365 0253 5A       		.byte	0x5a
 366 0254 97000000 		.4byte	0x97
 367 0258 41       		.byte	0x41
 368 0259 06       		.uleb128 0x6
 369 025a 86030000 		.4byte	.LASF51
 370 025e 05       		.byte	0x5
 371 025f 5B       		.byte	0x5b
 372 0260 97000000 		.4byte	0x97
 373 0264 42       		.byte	0x42
 374 0265 06       		.uleb128 0x6
 375 0266 E0040000 		.4byte	.LASF52
 376 026a 05       		.byte	0x5
 377 026b 5C       		.byte	0x5c
 378 026c 97000000 		.4byte	0x97
 379 0270 43       		.byte	0x43
 380 0271 06       		.uleb128 0x6
 381 0272 1B020000 		.4byte	.LASF53
 382 0276 05       		.byte	0x5
 383 0277 5D       		.byte	0x5d
 384 0278 97000000 		.4byte	0x97
 385 027c 44       		.byte	0x44
 386 027d 06       		.uleb128 0x6
 387 027e 00000000 		.4byte	.LASF54
 388 0282 05       		.byte	0x5
 389 0283 5E       		.byte	0x5e
 390 0284 B8000000 		.4byte	0xb8
 391 0288 48       		.byte	0x48
 392 0289 06       		.uleb128 0x6
 393 028a 04020000 		.4byte	.LASF55
 394 028e 05       		.byte	0x5
 395 028f 5F       		.byte	0x5f
 396 0290 B8000000 		.4byte	0xb8
 397 0294 4C       		.byte	0x4c
 398 0295 06       		.uleb128 0x6
 399 0296 E8080000 		.4byte	.LASF56
 400 029a 05       		.byte	0x5
 401 029b 60       		.byte	0x60
 402 029c 97000000 		.4byte	0x97
 403 02a0 50       		.byte	0x50
 404 02a1 06       		.uleb128 0x6
 405 02a2 44010000 		.4byte	.LASF57
 406 02a6 05       		.byte	0x5
 407 02a7 61       		.byte	0x61
 408 02a8 97000000 		.4byte	0x97
 409 02ac 51       		.byte	0x51
 410 02ad 06       		.uleb128 0x6
 411 02ae 1D080000 		.4byte	.LASF58
 412 02b2 05       		.byte	0x5
 413 02b3 62       		.byte	0x62
 414 02b4 97000000 		.4byte	0x97
 415 02b8 52       		.byte	0x52
 416 02b9 06       		.uleb128 0x6
 417 02ba D6080000 		.4byte	.LASF59
 418 02be 05       		.byte	0x5
 419 02bf 63       		.byte	0x63
ARM GAS  C:\Users\subra\AppData\Local\Temp\cc0gBqll.s 			page 11


 420 02c0 97000000 		.4byte	0x97
 421 02c4 53       		.byte	0x53
 422 02c5 06       		.uleb128 0x6
 423 02c6 E9050000 		.4byte	.LASF60
 424 02ca 05       		.byte	0x5
 425 02cb 64       		.byte	0x64
 426 02cc 97000000 		.4byte	0x97
 427 02d0 54       		.byte	0x54
 428 02d1 06       		.uleb128 0x6
 429 02d2 56010000 		.4byte	.LASF61
 430 02d6 05       		.byte	0x5
 431 02d7 65       		.byte	0x65
 432 02d8 97000000 		.4byte	0x97
 433 02dc 55       		.byte	0x55
 434 02dd 06       		.uleb128 0x6
 435 02de 2D030000 		.4byte	.LASF62
 436 02e2 05       		.byte	0x5
 437 02e3 66       		.byte	0x66
 438 02e4 97000000 		.4byte	0x97
 439 02e8 56       		.byte	0x56
 440 02e9 06       		.uleb128 0x6
 441 02ea 92030000 		.4byte	.LASF63
 442 02ee 05       		.byte	0x5
 443 02ef 67       		.byte	0x67
 444 02f0 97000000 		.4byte	0x97
 445 02f4 57       		.byte	0x57
 446 02f5 06       		.uleb128 0x6
 447 02f6 1A000000 		.4byte	.LASF64
 448 02fa 05       		.byte	0x5
 449 02fb 68       		.byte	0x68
 450 02fc 97000000 		.4byte	0x97
 451 0300 58       		.byte	0x58
 452 0301 06       		.uleb128 0x6
 453 0302 8E050000 		.4byte	.LASF65
 454 0306 05       		.byte	0x5
 455 0307 69       		.byte	0x69
 456 0308 97000000 		.4byte	0x97
 457 030c 59       		.byte	0x59
 458 030d 06       		.uleb128 0x6
 459 030e 8E040000 		.4byte	.LASF66
 460 0312 05       		.byte	0x5
 461 0313 6E       		.byte	0x6e
 462 0314 AD000000 		.4byte	0xad
 463 0318 5A       		.byte	0x5a
 464 0319 06       		.uleb128 0x6
 465 031a 86070000 		.4byte	.LASF67
 466 031e 05       		.byte	0x5
 467 031f 6F       		.byte	0x6f
 468 0320 AD000000 		.4byte	0xad
 469 0324 5C       		.byte	0x5c
 470 0325 06       		.uleb128 0x6
 471 0326 E9000000 		.4byte	.LASF68
 472 032a 05       		.byte	0x5
 473 032b 70       		.byte	0x70
 474 032c 97000000 		.4byte	0x97
 475 0330 5E       		.byte	0x5e
 476 0331 06       		.uleb128 0x6
ARM GAS  C:\Users\subra\AppData\Local\Temp\cc0gBqll.s 			page 12


 477 0332 53050000 		.4byte	.LASF69
 478 0336 05       		.byte	0x5
 479 0337 71       		.byte	0x71
 480 0338 97000000 		.4byte	0x97
 481 033c 5F       		.byte	0x5f
 482 033d 06       		.uleb128 0x6
 483 033e CF040000 		.4byte	.LASF70
 484 0342 05       		.byte	0x5
 485 0343 72       		.byte	0x72
 486 0344 97000000 		.4byte	0x97
 487 0348 60       		.byte	0x60
 488 0349 06       		.uleb128 0x6
 489 034a 2C050000 		.4byte	.LASF71
 490 034e 05       		.byte	0x5
 491 034f 73       		.byte	0x73
 492 0350 B8000000 		.4byte	0xb8
 493 0354 64       		.byte	0x64
 494 0355 06       		.uleb128 0x6
 495 0356 1E010000 		.4byte	.LASF72
 496 035a 05       		.byte	0x5
 497 035b 76       		.byte	0x76
 498 035c AD000000 		.4byte	0xad
 499 0360 68       		.byte	0x68
 500 0361 06       		.uleb128 0x6
 501 0362 1B030000 		.4byte	.LASF73
 502 0366 05       		.byte	0x5
 503 0367 77       		.byte	0x77
 504 0368 AD000000 		.4byte	0xad
 505 036c 6A       		.byte	0x6a
 506 036d 06       		.uleb128 0x6
 507 036e B4030000 		.4byte	.LASF74
 508 0372 05       		.byte	0x5
 509 0373 78       		.byte	0x78
 510 0374 AD000000 		.4byte	0xad
 511 0378 6C       		.byte	0x6c
 512 0379 06       		.uleb128 0x6
 513 037a 65030000 		.4byte	.LASF75
 514 037e 05       		.byte	0x5
 515 037f 79       		.byte	0x79
 516 0380 AD000000 		.4byte	0xad
 517 0384 6E       		.byte	0x6e
 518 0385 06       		.uleb128 0x6
 519 0386 AC050000 		.4byte	.LASF76
 520 038a 05       		.byte	0x5
 521 038b 7B       		.byte	0x7b
 522 038c 97000000 		.4byte	0x97
 523 0390 70       		.byte	0x70
 524 0391 06       		.uleb128 0x6
 525 0392 8C010000 		.4byte	.LASF77
 526 0396 05       		.byte	0x5
 527 0397 7C       		.byte	0x7c
 528 0398 97000000 		.4byte	0x97
 529 039c 71       		.byte	0x71
 530 039d 06       		.uleb128 0x6
 531 039e C0080000 		.4byte	.LASF78
 532 03a2 05       		.byte	0x5
 533 03a3 7D       		.byte	0x7d
ARM GAS  C:\Users\subra\AppData\Local\Temp\cc0gBqll.s 			page 13


 534 03a4 97000000 		.4byte	0x97
 535 03a8 72       		.byte	0x72
 536 03a9 06       		.uleb128 0x6
 537 03aa AA040000 		.4byte	.LASF79
 538 03ae 05       		.byte	0x5
 539 03af 7E       		.byte	0x7e
 540 03b0 97000000 		.4byte	0x97
 541 03b4 73       		.byte	0x73
 542 03b5 06       		.uleb128 0x6
 543 03b6 7A020000 		.4byte	.LASF80
 544 03ba 05       		.byte	0x5
 545 03bb 80       		.byte	0x80
 546 03bc AD000000 		.4byte	0xad
 547 03c0 74       		.byte	0x74
 548 03c1 06       		.uleb128 0x6
 549 03c2 36070000 		.4byte	.LASF81
 550 03c6 05       		.byte	0x5
 551 03c7 81       		.byte	0x81
 552 03c8 AD000000 		.4byte	0xad
 553 03cc 76       		.byte	0x76
 554 03cd 06       		.uleb128 0x6
 555 03ce 3E020000 		.4byte	.LASF82
 556 03d2 05       		.byte	0x5
 557 03d3 82       		.byte	0x82
 558 03d4 AD000000 		.4byte	0xad
 559 03d8 78       		.byte	0x78
 560 03d9 06       		.uleb128 0x6
 561 03da B3000000 		.4byte	.LASF83
 562 03de 05       		.byte	0x5
 563 03df 83       		.byte	0x83
 564 03e0 AD000000 		.4byte	0xad
 565 03e4 7A       		.byte	0x7a
 566 03e5 06       		.uleb128 0x6
 567 03e6 4A080000 		.4byte	.LASF84
 568 03ea 05       		.byte	0x5
 569 03eb 86       		.byte	0x86
 570 03ec 97000000 		.4byte	0x97
 571 03f0 7C       		.byte	0x7c
 572 03f1 06       		.uleb128 0x6
 573 03f2 E9070000 		.4byte	.LASF85
 574 03f6 05       		.byte	0x5
 575 03f7 87       		.byte	0x87
 576 03f8 97000000 		.4byte	0x97
 577 03fc 7D       		.byte	0x7d
 578 03fd 06       		.uleb128 0x6
 579 03fe 2E000000 		.4byte	.LASF86
 580 0402 05       		.byte	0x5
 581 0403 88       		.byte	0x88
 582 0404 97000000 		.4byte	0x97
 583 0408 7E       		.byte	0x7e
 584 0409 06       		.uleb128 0x6
 585 040a 8C020000 		.4byte	.LASF87
 586 040e 05       		.byte	0x5
 587 040f 89       		.byte	0x89
 588 0410 97000000 		.4byte	0x97
 589 0414 7F       		.byte	0x7f
 590 0415 06       		.uleb128 0x6
ARM GAS  C:\Users\subra\AppData\Local\Temp\cc0gBqll.s 			page 14


 591 0416 E5020000 		.4byte	.LASF88
 592 041a 05       		.byte	0x5
 593 041b 8A       		.byte	0x8a
 594 041c 97000000 		.4byte	0x97
 595 0420 80       		.byte	0x80
 596 0421 06       		.uleb128 0x6
 597 0422 D2070000 		.4byte	.LASF89
 598 0426 05       		.byte	0x5
 599 0427 8D       		.byte	0x8d
 600 0428 B8000000 		.4byte	0xb8
 601 042c 84       		.byte	0x84
 602 042d 06       		.uleb128 0x6
 603 042e C8000000 		.4byte	.LASF90
 604 0432 05       		.byte	0x5
 605 0433 8E       		.byte	0x8e
 606 0434 B8000000 		.4byte	0xb8
 607 0438 88       		.byte	0x88
 608 0439 06       		.uleb128 0x6
 609 043a 35080000 		.4byte	.LASF91
 610 043e 05       		.byte	0x5
 611 043f 8F       		.byte	0x8f
 612 0440 B8000000 		.4byte	0xb8
 613 0444 8C       		.byte	0x8c
 614 0445 06       		.uleb128 0x6
 615 0446 70040000 		.4byte	.LASF92
 616 044a 05       		.byte	0x5
 617 044b 90       		.byte	0x90
 618 044c B8000000 		.4byte	0xb8
 619 0450 90       		.byte	0x90
 620 0451 06       		.uleb128 0x6
 621 0452 D0020000 		.4byte	.LASF93
 622 0456 05       		.byte	0x5
 623 0457 91       		.byte	0x91
 624 0458 B8000000 		.4byte	0xb8
 625 045c 94       		.byte	0x94
 626 045d 06       		.uleb128 0x6
 627 045e 36040000 		.4byte	.LASF94
 628 0462 05       		.byte	0x5
 629 0463 92       		.byte	0x92
 630 0464 B8000000 		.4byte	0xb8
 631 0468 98       		.byte	0x98
 632 0469 06       		.uleb128 0x6
 633 046a 89080000 		.4byte	.LASF95
 634 046e 05       		.byte	0x5
 635 046f 93       		.byte	0x93
 636 0470 B8000000 		.4byte	0xb8
 637 0474 9C       		.byte	0x9c
 638 0475 06       		.uleb128 0x6
 639 0476 2E010000 		.4byte	.LASF96
 640 047a 05       		.byte	0x5
 641 047b 94       		.byte	0x94
 642 047c B8000000 		.4byte	0xb8
 643 0480 A0       		.byte	0xa0
 644 0481 06       		.uleb128 0x6
 645 0482 B5010000 		.4byte	.LASF97
 646 0486 05       		.byte	0x5
 647 0487 95       		.byte	0x95
ARM GAS  C:\Users\subra\AppData\Local\Temp\cc0gBqll.s 			page 15


 648 0488 AD000000 		.4byte	0xad
 649 048c A4       		.byte	0xa4
 650 048d 06       		.uleb128 0x6
 651 048e 21040000 		.4byte	.LASF98
 652 0492 05       		.byte	0x5
 653 0493 96       		.byte	0x96
 654 0494 AD000000 		.4byte	0xad
 655 0498 A6       		.byte	0xa6
 656 0499 06       		.uleb128 0x6
 657 049a 47050000 		.4byte	.LASF99
 658 049e 05       		.byte	0x5
 659 049f 97       		.byte	0x97
 660 04a0 AD000000 		.4byte	0xad
 661 04a4 A8       		.byte	0xa8
 662 04a5 06       		.uleb128 0x6
 663 04a6 C5060000 		.4byte	.LASF100
 664 04aa 05       		.byte	0x5
 665 04ab 98       		.byte	0x98
 666 04ac AD000000 		.4byte	0xad
 667 04b0 AA       		.byte	0xaa
 668 04b1 06       		.uleb128 0x6
 669 04b2 C3030000 		.4byte	.LASF101
 670 04b6 05       		.byte	0x5
 671 04b7 99       		.byte	0x99
 672 04b8 AD000000 		.4byte	0xad
 673 04bc AC       		.byte	0xac
 674 04bd 06       		.uleb128 0x6
 675 04be C1040000 		.4byte	.LASF102
 676 04c2 05       		.byte	0x5
 677 04c3 9A       		.byte	0x9a
 678 04c4 AD000000 		.4byte	0xad
 679 04c8 AE       		.byte	0xae
 680 04c9 06       		.uleb128 0x6
 681 04ca 8F070000 		.4byte	.LASF103
 682 04ce 05       		.byte	0x5
 683 04cf 9D       		.byte	0x9d
 684 04d0 AD000000 		.4byte	0xad
 685 04d4 B0       		.byte	0xb0
 686 04d5 06       		.uleb128 0x6
 687 04d6 4B000000 		.4byte	.LASF104
 688 04da 05       		.byte	0x5
 689 04db 9E       		.byte	0x9e
 690 04dc B8000000 		.4byte	0xb8
 691 04e0 B4       		.byte	0xb4
 692 04e1 00       		.byte	0
 693 04e2 03       		.uleb128 0x3
 694 04e3 F5030000 		.4byte	.LASF105
 695 04e7 05       		.byte	0x5
 696 04e8 9F       		.byte	0x9f
 697 04e9 D1000000 		.4byte	0xd1
 698 04ed 02       		.uleb128 0x2
 699 04ee 01       		.byte	0x1
 700 04ef 08       		.byte	0x8
 701 04f0 A9060000 		.4byte	.LASF106
 702 04f4 02       		.uleb128 0x2
 703 04f5 04       		.byte	0x4
 704 04f6 04       		.byte	0x4
ARM GAS  C:\Users\subra\AppData\Local\Temp\cc0gBqll.s 			page 16


 705 04f7 26050000 		.4byte	.LASF107
 706 04fb 02       		.uleb128 0x2
 707 04fc 08       		.byte	0x8
 708 04fd 04       		.byte	0x4
 709 04fe 37020000 		.4byte	.LASF108
 710 0502 02       		.uleb128 0x2
 711 0503 01       		.byte	0x1
 712 0504 02       		.byte	0x2
 713 0505 7A050000 		.4byte	.LASF109
 714 0509 07       		.uleb128 0x7
 715 050a E3010000 		.4byte	.LASF143
 716 050e 64       		.byte	0x64
 717 050f 06       		.byte	0x6
 718 0510 2F       		.byte	0x2f
 719 0511 42060000 		.4byte	0x642
 720 0515 06       		.uleb128 0x6
 721 0516 1E050000 		.4byte	.LASF110
 722 051a 06       		.byte	0x6
 723 051b 31       		.byte	0x31
 724 051c B8000000 		.4byte	0xb8
 725 0520 00       		.byte	0
 726 0521 06       		.uleb128 0x6
 727 0522 0F010000 		.4byte	.LASF111
 728 0526 06       		.byte	0x6
 729 0527 33       		.byte	0x33
 730 0528 B8000000 		.4byte	0xb8
 731 052c 04       		.byte	0x4
 732 052d 06       		.uleb128 0x6
 733 052e 8E000000 		.4byte	.LASF112
 734 0532 06       		.byte	0x6
 735 0533 34       		.byte	0x34
 736 0534 B8000000 		.4byte	0xb8
 737 0538 08       		.byte	0x8
 738 0539 06       		.uleb128 0x6
 739 053a 12040000 		.4byte	.LASF113
 740 053e 06       		.byte	0x6
 741 053f 35       		.byte	0x35
 742 0540 B8000000 		.4byte	0xb8
 743 0544 0C       		.byte	0xc
 744 0545 06       		.uleb128 0x6
 745 0546 12000000 		.4byte	.LASF114
 746 054a 06       		.byte	0x6
 747 054b 36       		.byte	0x36
 748 054c B8000000 		.4byte	0xb8
 749 0550 10       		.byte	0x10
 750 0551 06       		.uleb128 0x6
 751 0552 B9070000 		.4byte	.LASF115
 752 0556 06       		.byte	0x6
 753 0557 37       		.byte	0x37
 754 0558 B8000000 		.4byte	0xb8
 755 055c 14       		.byte	0x14
 756 055d 06       		.uleb128 0x6
 757 055e C1070000 		.4byte	.LASF116
 758 0562 06       		.byte	0x6
 759 0563 38       		.byte	0x38
 760 0564 B8000000 		.4byte	0xb8
 761 0568 18       		.byte	0x18
ARM GAS  C:\Users\subra\AppData\Local\Temp\cc0gBqll.s 			page 17


 762 0569 06       		.uleb128 0x6
 763 056a C0050000 		.4byte	.LASF117
 764 056e 06       		.byte	0x6
 765 056f 39       		.byte	0x39
 766 0570 02050000 		.4byte	0x502
 767 0574 1C       		.byte	0x1c
 768 0575 06       		.uleb128 0x6
 769 0576 94060000 		.4byte	.LASF118
 770 057a 06       		.byte	0x6
 771 057b 3A       		.byte	0x3a
 772 057c B8000000 		.4byte	0xb8
 773 0580 20       		.byte	0x20
 774 0581 06       		.uleb128 0x6
 775 0582 C9070000 		.4byte	.LASF119
 776 0586 06       		.byte	0x6
 777 0587 3B       		.byte	0x3b
 778 0588 B8000000 		.4byte	0xb8
 779 058c 24       		.byte	0x24
 780 058d 06       		.uleb128 0x6
 781 058e 53030000 		.4byte	.LASF120
 782 0592 06       		.byte	0x6
 783 0593 3C       		.byte	0x3c
 784 0594 02050000 		.4byte	0x502
 785 0598 28       		.byte	0x28
 786 0599 06       		.uleb128 0x6
 787 059a 56070000 		.4byte	.LASF121
 788 059e 06       		.byte	0x6
 789 059f 3E       		.byte	0x3e
 790 05a0 B8000000 		.4byte	0xb8
 791 05a4 2C       		.byte	0x2c
 792 05a5 06       		.uleb128 0x6
 793 05a6 05040000 		.4byte	.LASF122
 794 05aa 06       		.byte	0x6
 795 05ab 3F       		.byte	0x3f
 796 05ac B8000000 		.4byte	0xb8
 797 05b0 30       		.byte	0x30
 798 05b1 06       		.uleb128 0x6
 799 05b2 0F080000 		.4byte	.LASF123
 800 05b6 06       		.byte	0x6
 801 05b7 40       		.byte	0x40
 802 05b8 B8000000 		.4byte	0xb8
 803 05bc 34       		.byte	0x34
 804 05bd 06       		.uleb128 0x6
 805 05be 69050000 		.4byte	.LASF124
 806 05c2 06       		.byte	0x6
 807 05c3 41       		.byte	0x41
 808 05c4 B8000000 		.4byte	0xb8
 809 05c8 38       		.byte	0x38
 810 05c9 06       		.uleb128 0x6
 811 05ca A6030000 		.4byte	.LASF125
 812 05ce 06       		.byte	0x6
 813 05cf 42       		.byte	0x42
 814 05d0 B8000000 		.4byte	0xb8
 815 05d4 3C       		.byte	0x3c
 816 05d5 06       		.uleb128 0x6
 817 05d6 D1050000 		.4byte	.LASF126
 818 05da 06       		.byte	0x6
ARM GAS  C:\Users\subra\AppData\Local\Temp\cc0gBqll.s 			page 18


 819 05db 44       		.byte	0x44
 820 05dc B8000000 		.4byte	0xb8
 821 05e0 40       		.byte	0x40
 822 05e1 06       		.uleb128 0x6
 823 05e2 79080000 		.4byte	.LASF127
 824 05e6 06       		.byte	0x6
 825 05e7 45       		.byte	0x45
 826 05e8 B8000000 		.4byte	0xb8
 827 05ec 44       		.byte	0x44
 828 05ed 06       		.uleb128 0x6
 829 05ee 67070000 		.4byte	.LASF128
 830 05f2 06       		.byte	0x6
 831 05f3 47       		.byte	0x47
 832 05f4 B8000000 		.4byte	0xb8
 833 05f8 48       		.byte	0x48
 834 05f9 06       		.uleb128 0x6
 835 05fa 9D070000 		.4byte	.LASF129
 836 05fe 06       		.byte	0x6
 837 05ff 48       		.byte	0x48
 838 0600 B8000000 		.4byte	0xb8
 839 0604 4C       		.byte	0x4c
 840 0605 06       		.uleb128 0x6
 841 0606 4C040000 		.4byte	.LASF130
 842 060a 06       		.byte	0x6
 843 060b 4A       		.byte	0x4a
 844 060c B8000000 		.4byte	0xb8
 845 0610 50       		.byte	0x50
 846 0611 06       		.uleb128 0x6
 847 0612 D1030000 		.4byte	.LASF131
 848 0616 06       		.byte	0x6
 849 0617 4B       		.byte	0x4b
 850 0618 B8000000 		.4byte	0xb8
 851 061c 54       		.byte	0x54
 852 061d 06       		.uleb128 0x6
 853 061e 41000000 		.4byte	.LASF132
 854 0622 06       		.byte	0x6
 855 0623 4D       		.byte	0x4d
 856 0624 B8000000 		.4byte	0xb8
 857 0628 58       		.byte	0x58
 858 0629 06       		.uleb128 0x6
 859 062a 9F080000 		.4byte	.LASF133
 860 062e 06       		.byte	0x6
 861 062f 4E       		.byte	0x4e
 862 0630 B8000000 		.4byte	0xb8
 863 0634 5C       		.byte	0x5c
 864 0635 06       		.uleb128 0x6
 865 0636 AE060000 		.4byte	.LASF134
 866 063a 06       		.byte	0x6
 867 063b 50       		.byte	0x50
 868 063c B8000000 		.4byte	0xb8
 869 0640 60       		.byte	0x60
 870 0641 00       		.byte	0
 871 0642 03       		.uleb128 0x3
 872 0643 5F080000 		.4byte	.LASF135
 873 0647 06       		.byte	0x6
 874 0648 51       		.byte	0x51
 875 0649 09050000 		.4byte	0x509
ARM GAS  C:\Users\subra\AppData\Local\Temp\cc0gBqll.s 			page 19


 876 064d 08       		.uleb128 0x8
 877 064e 11050000 		.4byte	.LASF144
 878 0652 02       		.byte	0x2
 879 0653 81       		.byte	0x81
 880 0654 03       		.byte	0x3
 881 0655 09       		.uleb128 0x9
 882 0656 5E020000 		.4byte	.LASF145
 883 065a 01       		.byte	0x1
 884 065b 0E       		.byte	0xe
 885 065c 89000000 		.4byte	0x89
 886 0660 00000000 		.4byte	.LFB321
 887 0664 10000000 		.4byte	.LFE321-.LFB321
 888 0668 01       		.uleb128 0x1
 889 0669 9C       		.byte	0x9c
 890 066a 96060000 		.4byte	0x696
 891 066e 0A       		.uleb128 0xa
 892 066f 4D060000 		.4byte	0x64d
 893 0673 02000000 		.4byte	.LBB4
 894 0677 02000000 		.4byte	.LBE4-.LBB4
 895 067b 01       		.byte	0x1
 896 067c 10       		.byte	0x10
 897 067d 0B       		.uleb128 0xb
 898 067e 08000000 		.4byte	.LVL0
 899 0682 BC060000 		.4byte	0x6bc
 900 0686 0C       		.uleb128 0xc
 901 0687 0E000000 		.4byte	.LVL1
 902 068b C7060000 		.4byte	0x6c7
 903 068f 0D       		.uleb128 0xd
 904 0690 01       		.uleb128 0x1
 905 0691 50       		.byte	0x50
 906 0692 01       		.uleb128 0x1
 907 0693 30       		.byte	0x30
 908 0694 00       		.byte	0
 909 0695 00       		.byte	0
 910 0696 0E       		.uleb128 0xe
 911 0697 3D050000 		.4byte	.LASF136
 912 069b 05       		.byte	0x5
 913 069c A7       		.byte	0xa7
 914 069d A1060000 		.4byte	0x6a1
 915 06a1 0F       		.uleb128 0xf
 916 06a2 04       		.byte	0x4
 917 06a3 A7060000 		.4byte	0x6a7
 918 06a7 10       		.uleb128 0x10
 919 06a8 E2040000 		.4byte	0x4e2
 920 06ac 0E       		.uleb128 0xe
 921 06ad 2B070000 		.4byte	.LASF137
 922 06b1 07       		.byte	0x7
 923 06b2 1F       		.byte	0x1f
 924 06b3 B7060000 		.4byte	0x6b7
 925 06b7 10       		.uleb128 0x10
 926 06b8 42060000 		.4byte	0x642
 927 06bc 11       		.uleb128 0x11
 928 06bd DF030000 		.4byte	.LASF138
 929 06c1 DF030000 		.4byte	.LASF138
 930 06c5 07       		.byte	0x7
 931 06c6 2A       		.byte	0x2a
 932 06c7 12       		.uleb128 0x12
ARM GAS  C:\Users\subra\AppData\Local\Temp\cc0gBqll.s 			page 20


 933 06c8 63020000 		.4byte	.LASF139
 934 06cc 63020000 		.4byte	.LASF139
 935 06d0 08       		.byte	0x8
 936 06d1 4706     		.2byte	0x647
 937 06d3 00       		.byte	0
 938              		.section	.debug_abbrev,"",%progbits
 939              	.Ldebug_abbrev0:
 940 0000 01       		.uleb128 0x1
 941 0001 11       		.uleb128 0x11
 942 0002 01       		.byte	0x1
 943 0003 25       		.uleb128 0x25
 944 0004 0E       		.uleb128 0xe
 945 0005 13       		.uleb128 0x13
 946 0006 0B       		.uleb128 0xb
 947 0007 03       		.uleb128 0x3
 948 0008 0E       		.uleb128 0xe
 949 0009 1B       		.uleb128 0x1b
 950 000a 0E       		.uleb128 0xe
 951 000b 55       		.uleb128 0x55
 952 000c 17       		.uleb128 0x17
 953 000d 11       		.uleb128 0x11
 954 000e 01       		.uleb128 0x1
 955 000f 10       		.uleb128 0x10
 956 0010 17       		.uleb128 0x17
 957 0011 00       		.byte	0
 958 0012 00       		.byte	0
 959 0013 02       		.uleb128 0x2
 960 0014 24       		.uleb128 0x24
 961 0015 00       		.byte	0
 962 0016 0B       		.uleb128 0xb
 963 0017 0B       		.uleb128 0xb
 964 0018 3E       		.uleb128 0x3e
 965 0019 0B       		.uleb128 0xb
 966 001a 03       		.uleb128 0x3
 967 001b 0E       		.uleb128 0xe
 968 001c 00       		.byte	0
 969 001d 00       		.byte	0
 970 001e 03       		.uleb128 0x3
 971 001f 16       		.uleb128 0x16
 972 0020 00       		.byte	0
 973 0021 03       		.uleb128 0x3
 974 0022 0E       		.uleb128 0xe
 975 0023 3A       		.uleb128 0x3a
 976 0024 0B       		.uleb128 0xb
 977 0025 3B       		.uleb128 0x3b
 978 0026 0B       		.uleb128 0xb
 979 0027 49       		.uleb128 0x49
 980 0028 13       		.uleb128 0x13
 981 0029 00       		.byte	0
 982 002a 00       		.byte	0
 983 002b 04       		.uleb128 0x4
 984 002c 24       		.uleb128 0x24
 985 002d 00       		.byte	0
 986 002e 0B       		.uleb128 0xb
 987 002f 0B       		.uleb128 0xb
 988 0030 3E       		.uleb128 0x3e
 989 0031 0B       		.uleb128 0xb
ARM GAS  C:\Users\subra\AppData\Local\Temp\cc0gBqll.s 			page 21


 990 0032 03       		.uleb128 0x3
 991 0033 08       		.uleb128 0x8
 992 0034 00       		.byte	0
 993 0035 00       		.byte	0
 994 0036 05       		.uleb128 0x5
 995 0037 13       		.uleb128 0x13
 996 0038 01       		.byte	0x1
 997 0039 0B       		.uleb128 0xb
 998 003a 0B       		.uleb128 0xb
 999 003b 3A       		.uleb128 0x3a
 1000 003c 0B       		.uleb128 0xb
 1001 003d 3B       		.uleb128 0x3b
 1002 003e 0B       		.uleb128 0xb
 1003 003f 01       		.uleb128 0x1
 1004 0040 13       		.uleb128 0x13
 1005 0041 00       		.byte	0
 1006 0042 00       		.byte	0
 1007 0043 06       		.uleb128 0x6
 1008 0044 0D       		.uleb128 0xd
 1009 0045 00       		.byte	0
 1010 0046 03       		.uleb128 0x3
 1011 0047 0E       		.uleb128 0xe
 1012 0048 3A       		.uleb128 0x3a
 1013 0049 0B       		.uleb128 0xb
 1014 004a 3B       		.uleb128 0x3b
 1015 004b 0B       		.uleb128 0xb
 1016 004c 49       		.uleb128 0x49
 1017 004d 13       		.uleb128 0x13
 1018 004e 38       		.uleb128 0x38
 1019 004f 0B       		.uleb128 0xb
 1020 0050 00       		.byte	0
 1021 0051 00       		.byte	0
 1022 0052 07       		.uleb128 0x7
 1023 0053 13       		.uleb128 0x13
 1024 0054 01       		.byte	0x1
 1025 0055 03       		.uleb128 0x3
 1026 0056 0E       		.uleb128 0xe
 1027 0057 0B       		.uleb128 0xb
 1028 0058 0B       		.uleb128 0xb
 1029 0059 3A       		.uleb128 0x3a
 1030 005a 0B       		.uleb128 0xb
 1031 005b 3B       		.uleb128 0x3b
 1032 005c 0B       		.uleb128 0xb
 1033 005d 01       		.uleb128 0x1
 1034 005e 13       		.uleb128 0x13
 1035 005f 00       		.byte	0
 1036 0060 00       		.byte	0
 1037 0061 08       		.uleb128 0x8
 1038 0062 2E       		.uleb128 0x2e
 1039 0063 00       		.byte	0
 1040 0064 03       		.uleb128 0x3
 1041 0065 0E       		.uleb128 0xe
 1042 0066 3A       		.uleb128 0x3a
 1043 0067 0B       		.uleb128 0xb
 1044 0068 3B       		.uleb128 0x3b
 1045 0069 0B       		.uleb128 0xb
 1046 006a 27       		.uleb128 0x27
ARM GAS  C:\Users\subra\AppData\Local\Temp\cc0gBqll.s 			page 22


 1047 006b 19       		.uleb128 0x19
 1048 006c 20       		.uleb128 0x20
 1049 006d 0B       		.uleb128 0xb
 1050 006e 00       		.byte	0
 1051 006f 00       		.byte	0
 1052 0070 09       		.uleb128 0x9
 1053 0071 2E       		.uleb128 0x2e
 1054 0072 01       		.byte	0x1
 1055 0073 3F       		.uleb128 0x3f
 1056 0074 19       		.uleb128 0x19
 1057 0075 03       		.uleb128 0x3
 1058 0076 0E       		.uleb128 0xe
 1059 0077 3A       		.uleb128 0x3a
 1060 0078 0B       		.uleb128 0xb
 1061 0079 3B       		.uleb128 0x3b
 1062 007a 0B       		.uleb128 0xb
 1063 007b 27       		.uleb128 0x27
 1064 007c 19       		.uleb128 0x19
 1065 007d 49       		.uleb128 0x49
 1066 007e 13       		.uleb128 0x13
 1067 007f 8701     		.uleb128 0x87
 1068 0081 19       		.uleb128 0x19
 1069 0082 11       		.uleb128 0x11
 1070 0083 01       		.uleb128 0x1
 1071 0084 12       		.uleb128 0x12
 1072 0085 06       		.uleb128 0x6
 1073 0086 40       		.uleb128 0x40
 1074 0087 18       		.uleb128 0x18
 1075 0088 9742     		.uleb128 0x2117
 1076 008a 19       		.uleb128 0x19
 1077 008b 01       		.uleb128 0x1
 1078 008c 13       		.uleb128 0x13
 1079 008d 00       		.byte	0
 1080 008e 00       		.byte	0
 1081 008f 0A       		.uleb128 0xa
 1082 0090 1D       		.uleb128 0x1d
 1083 0091 00       		.byte	0
 1084 0092 31       		.uleb128 0x31
 1085 0093 13       		.uleb128 0x13
 1086 0094 11       		.uleb128 0x11
 1087 0095 01       		.uleb128 0x1
 1088 0096 12       		.uleb128 0x12
 1089 0097 06       		.uleb128 0x6
 1090 0098 58       		.uleb128 0x58
 1091 0099 0B       		.uleb128 0xb
 1092 009a 59       		.uleb128 0x59
 1093 009b 0B       		.uleb128 0xb
 1094 009c 00       		.byte	0
 1095 009d 00       		.byte	0
 1096 009e 0B       		.uleb128 0xb
 1097 009f 898201   		.uleb128 0x4109
 1098 00a2 00       		.byte	0
 1099 00a3 11       		.uleb128 0x11
 1100 00a4 01       		.uleb128 0x1
 1101 00a5 31       		.uleb128 0x31
 1102 00a6 13       		.uleb128 0x13
 1103 00a7 00       		.byte	0
ARM GAS  C:\Users\subra\AppData\Local\Temp\cc0gBqll.s 			page 23


 1104 00a8 00       		.byte	0
 1105 00a9 0C       		.uleb128 0xc
 1106 00aa 898201   		.uleb128 0x4109
 1107 00ad 01       		.byte	0x1
 1108 00ae 11       		.uleb128 0x11
 1109 00af 01       		.uleb128 0x1
 1110 00b0 31       		.uleb128 0x31
 1111 00b1 13       		.uleb128 0x13
 1112 00b2 00       		.byte	0
 1113 00b3 00       		.byte	0
 1114 00b4 0D       		.uleb128 0xd
 1115 00b5 8A8201   		.uleb128 0x410a
 1116 00b8 00       		.byte	0
 1117 00b9 02       		.uleb128 0x2
 1118 00ba 18       		.uleb128 0x18
 1119 00bb 9142     		.uleb128 0x2111
 1120 00bd 18       		.uleb128 0x18
 1121 00be 00       		.byte	0
 1122 00bf 00       		.byte	0
 1123 00c0 0E       		.uleb128 0xe
 1124 00c1 34       		.uleb128 0x34
 1125 00c2 00       		.byte	0
 1126 00c3 03       		.uleb128 0x3
 1127 00c4 0E       		.uleb128 0xe
 1128 00c5 3A       		.uleb128 0x3a
 1129 00c6 0B       		.uleb128 0xb
 1130 00c7 3B       		.uleb128 0x3b
 1131 00c8 0B       		.uleb128 0xb
 1132 00c9 49       		.uleb128 0x49
 1133 00ca 13       		.uleb128 0x13
 1134 00cb 3F       		.uleb128 0x3f
 1135 00cc 19       		.uleb128 0x19
 1136 00cd 3C       		.uleb128 0x3c
 1137 00ce 19       		.uleb128 0x19
 1138 00cf 00       		.byte	0
 1139 00d0 00       		.byte	0
 1140 00d1 0F       		.uleb128 0xf
 1141 00d2 0F       		.uleb128 0xf
 1142 00d3 00       		.byte	0
 1143 00d4 0B       		.uleb128 0xb
 1144 00d5 0B       		.uleb128 0xb
 1145 00d6 49       		.uleb128 0x49
 1146 00d7 13       		.uleb128 0x13
 1147 00d8 00       		.byte	0
 1148 00d9 00       		.byte	0
 1149 00da 10       		.uleb128 0x10
 1150 00db 26       		.uleb128 0x26
 1151 00dc 00       		.byte	0
 1152 00dd 49       		.uleb128 0x49
 1153 00de 13       		.uleb128 0x13
 1154 00df 00       		.byte	0
 1155 00e0 00       		.byte	0
 1156 00e1 11       		.uleb128 0x11
 1157 00e2 2E       		.uleb128 0x2e
 1158 00e3 00       		.byte	0
 1159 00e4 3F       		.uleb128 0x3f
 1160 00e5 19       		.uleb128 0x19
ARM GAS  C:\Users\subra\AppData\Local\Temp\cc0gBqll.s 			page 24


 1161 00e6 3C       		.uleb128 0x3c
 1162 00e7 19       		.uleb128 0x19
 1163 00e8 6E       		.uleb128 0x6e
 1164 00e9 0E       		.uleb128 0xe
 1165 00ea 03       		.uleb128 0x3
 1166 00eb 0E       		.uleb128 0xe
 1167 00ec 3A       		.uleb128 0x3a
 1168 00ed 0B       		.uleb128 0xb
 1169 00ee 3B       		.uleb128 0x3b
 1170 00ef 0B       		.uleb128 0xb
 1171 00f0 00       		.byte	0
 1172 00f1 00       		.byte	0
 1173 00f2 12       		.uleb128 0x12
 1174 00f3 2E       		.uleb128 0x2e
 1175 00f4 00       		.byte	0
 1176 00f5 3F       		.uleb128 0x3f
 1177 00f6 19       		.uleb128 0x19
 1178 00f7 3C       		.uleb128 0x3c
 1179 00f8 19       		.uleb128 0x19
 1180 00f9 6E       		.uleb128 0x6e
 1181 00fa 0E       		.uleb128 0xe
 1182 00fb 03       		.uleb128 0x3
 1183 00fc 0E       		.uleb128 0xe
 1184 00fd 3A       		.uleb128 0x3a
 1185 00fe 0B       		.uleb128 0xb
 1186 00ff 3B       		.uleb128 0x3b
 1187 0100 05       		.uleb128 0x5
 1188 0101 00       		.byte	0
 1189 0102 00       		.byte	0
 1190 0103 00       		.byte	0
 1191              		.section	.debug_aranges,"",%progbits
 1192 0000 1C000000 		.4byte	0x1c
 1193 0004 0200     		.2byte	0x2
 1194 0006 00000000 		.4byte	.Ldebug_info0
 1195 000a 04       		.byte	0x4
 1196 000b 00       		.byte	0
 1197 000c 0000     		.2byte	0
 1198 000e 0000     		.2byte	0
 1199 0010 00000000 		.4byte	.LFB321
 1200 0014 10000000 		.4byte	.LFE321-.LFB321
 1201 0018 00000000 		.4byte	0
 1202 001c 00000000 		.4byte	0
 1203              		.section	.debug_ranges,"",%progbits
 1204              	.Ldebug_ranges0:
 1205 0000 00000000 		.4byte	.LFB321
 1206 0004 10000000 		.4byte	.LFE321
 1207 0008 00000000 		.4byte	0
 1208 000c 00000000 		.4byte	0
 1209              		.section	.debug_line,"",%progbits
 1210              	.Ldebug_line0:
 1211 0000 65020000 		.section	.debug_str,"MS",%progbits,1
 1211      02004302 
 1211      00000201 
 1211      FB0E0D00 
 1211      01010101 
 1212              	.LASF54:
 1213 0000 70726F74 		.ascii	"protBusMasterMask\000"
ARM GAS  C:\Users\subra\AppData\Local\Temp\cc0gBqll.s 			page 25


 1213      4275734D 
 1213      61737465 
 1213      724D6173 
 1213      6B00
 1214              	.LASF114:
 1215 0012 72756E4D 		.ascii	"runMode\000"
 1215      6F646500 
 1216              	.LASF64:
 1217 001a 666C6173 		.ascii	"flashCtlMainWs3Freq\000"
 1217      6843746C 
 1217      4D61696E 
 1217      57733346 
 1217      72657100 
 1218              	.LASF86:
 1219 002e 6770696F 		.ascii	"gpioPrtCfgInOffset\000"
 1219      50727443 
 1219      6667496E 
 1219      4F666673 
 1219      657400
 1220              	.LASF132:
 1221 0041 6B696C6C 		.ascii	"killInput\000"
 1221      496E7075 
 1221      7400
 1222              	.LASF104:
 1223 004b 6970634C 		.ascii	"ipcLockStatusOffset\000"
 1223      6F636B53 
 1223      74617475 
 1223      734F6666 
 1223      73657400 
 1224              	.LASF30:
 1225 005f 63727970 		.ascii	"cryptoVersion\000"
 1225      746F5665 
 1225      7273696F 
 1225      6E00
 1226              	.LASF48:
 1227 006d 70657269 		.ascii	"periClockNr\000"
 1227      436C6F63 
 1227      6B4E7200 
 1228              	.LASF26:
 1229 0079 70617373 		.ascii	"passBase\000"
 1229      42617365 
 1229      00
 1230              	.LASF141:
 1231 0082 6D61696E 		.ascii	"main_cm0p.c\000"
 1231      5F636D30 
 1231      702E6300 
 1232              	.LASF112:
 1233 008e 70776D41 		.ascii	"pwmAlignment\000"
 1233      6C69676E 
 1233      6D656E74 
 1233      00
 1234              	.LASF39:
 1235 009b 63707573 		.ascii	"cpussIpcIrqNr\000"
 1235      73497063 
 1235      4972714E 
 1235      7200
 1236              	.LASF3:
ARM GAS  C:\Users\subra\AppData\Local\Temp\cc0gBqll.s 			page 26


 1237 00a9 5F5F7569 		.ascii	"__uint8_t\000"
 1237      6E74385F 
 1237      7400
 1238              	.LASF83:
 1239 00b3 70657269 		.ascii	"periDiv24_5CtlOffset\000"
 1239      44697632 
 1239      345F3543 
 1239      746C4F66 
 1239      66736574 
 1240              	.LASF90:
 1241 00c8 63707573 		.ascii	"cpussCm4ClockCtlOffset\000"
 1241      73436D34 
 1241      436C6F63 
 1241      6B43746C 
 1241      4F666673 
 1242              	.LASF19:
 1243 00df 63707573 		.ascii	"cpussBase\000"
 1243      73426173 
 1243      6500
 1244              	.LASF68:
 1245 00e9 64774368 		.ascii	"dwChCtlPrioPos\000"
 1245      43746C50 
 1245      72696F50 
 1245      6F7300
 1246              	.LASF11:
 1247 00f8 6C6F6E67 		.ascii	"long long unsigned int\000"
 1247      206C6F6E 
 1247      6720756E 
 1247      7369676E 
 1247      65642069 
 1248              	.LASF111:
 1249 010f 636C6F63 		.ascii	"clockPrescaler\000"
 1249      6B507265 
 1249      7363616C 
 1249      657200
 1250              	.LASF72:
 1251 011e 70657269 		.ascii	"periTrCmdOffset\000"
 1251      5472436D 
 1251      644F6666 
 1251      73657400 
 1252              	.LASF96:
 1253 012e 63707573 		.ascii	"cpussSysTickCtlOffset\000"
 1253      73537973 
 1253      5469636B 
 1253      43746C4F 
 1253      66667365 
 1254              	.LASF57:
 1255 0144 666C6173 		.ascii	"flashPipeRequired\000"
 1255      68506970 
 1255      65526571 
 1255      75697265 
 1255      6400
 1256              	.LASF61:
 1257 0156 666C6173 		.ascii	"flashCtlMainWs0Freq\000"
 1257      6843746C 
 1257      4D61696E 
 1257      57733046 
ARM GAS  C:\Users\subra\AppData\Local\Temp\cc0gBqll.s 			page 27


 1257      72657100 
 1258              	.LASF14:
 1259 016a 696E7431 		.ascii	"int16_t\000"
 1259      365F7400 
 1260              	.LASF10:
 1261 0172 6C6F6E67 		.ascii	"long long int\000"
 1261      206C6F6E 
 1261      6720696E 
 1261      7400
 1262              	.LASF2:
 1263 0180 7369676E 		.ascii	"signed char\000"
 1263      65642063 
 1263      68617200 
 1264              	.LASF77:
 1265 018c 70657269 		.ascii	"periDivCmdTypeSelPos\000"
 1265      44697643 
 1265      6D645479 
 1265      70655365 
 1265      6C506F73 
 1266              	.LASF23:
 1267 01a1 70726F74 		.ascii	"protBase\000"
 1267      42617365 
 1267      00
 1268              	.LASF35:
 1269 01aa 69706356 		.ascii	"ipcVersion\000"
 1269      65727369 
 1269      6F6E00
 1270              	.LASF97:
 1271 01b5 63707573 		.ascii	"cpussCm0NmiCtlOffset\000"
 1271      73436D30 
 1271      4E6D6943 
 1271      746C4F66 
 1271      66736574 
 1272              	.LASF45:
 1273 01ca 73727373 		.ascii	"srssNumClkpath\000"
 1273      4E756D43 
 1273      6C6B7061 
 1273      746800
 1274              	.LASF24:
 1275 01d9 6873696F 		.ascii	"hsiomBase\000"
 1275      6D426173 
 1275      6500
 1276              	.LASF143:
 1277 01e3 63795F73 		.ascii	"cy_stc_tcpwm_pwm_config\000"
 1277      74635F74 
 1277      6370776D 
 1277      5F70776D 
 1277      5F636F6E 
 1278              	.LASF7:
 1279 01fb 6C6F6E67 		.ascii	"long int\000"
 1279      20696E74 
 1279      00
 1280              	.LASF55:
 1281 0204 63727970 		.ascii	"cryptoMemSize\000"
 1281      746F4D65 
 1281      6D53697A 
 1281      6500
ARM GAS  C:\Users\subra\AppData\Local\Temp\cc0gBqll.s 			page 28


 1282              	.LASF21:
 1283 0212 70657269 		.ascii	"periBase\000"
 1283      42617365 
 1283      00
 1284              	.LASF53:
 1285 021b 73797350 		.ascii	"sysPmSimoPresent\000"
 1285      6D53696D 
 1285      6F507265 
 1285      73656E74 
 1285      00
 1286              	.LASF43:
 1287 022c 63707573 		.ascii	"cpussFmIrq\000"
 1287      73466D49 
 1287      727100
 1288              	.LASF108:
 1289 0237 646F7562 		.ascii	"double\000"
 1289      6C6500
 1290              	.LASF82:
 1291 023e 70657269 		.ascii	"periDiv16_5CtlOffset\000"
 1291      44697631 
 1291      365F3543 
 1291      746C4F66 
 1291      66736574 
 1292              	.LASF46:
 1293 0253 73727373 		.ascii	"srssNumPll\000"
 1293      4E756D50 
 1293      6C6C00
 1294              	.LASF145:
 1295 025e 6D61696E 		.ascii	"main\000"
 1295      00
 1296              	.LASF139:
 1297 0263 43795F53 		.ascii	"Cy_SysPm_CpuEnterSleep\000"
 1297      7973506D 
 1297      5F437075 
 1297      456E7465 
 1297      72536C65 
 1298              	.LASF80:
 1299 027a 70657269 		.ascii	"periDiv8CtlOffset\000"
 1299      44697638 
 1299      43746C4F 
 1299      66667365 
 1299      7400
 1300              	.LASF87:
 1301 028c 6770696F 		.ascii	"gpioPrtCfgOutOffset\000"
 1301      50727443 
 1301      66674F75 
 1301      744F6666 
 1301      73657400 
 1302              	.LASF20:
 1303 02a0 666C6173 		.ascii	"flashcBase\000"
 1303      68634261 
 1303      736500
 1304              	.LASF8:
 1305 02ab 5F5F7569 		.ascii	"__uint32_t\000"
 1305      6E743332 
 1305      5F7400
 1306              	.LASF50:
ARM GAS  C:\Users\subra\AppData\Local\Temp\cc0gBqll.s 			page 29


 1307 02b6 70617373 		.ascii	"passSarChannels\000"
 1307      53617243 
 1307      68616E6E 
 1307      656C7300 
 1308              	.LASF4:
 1309 02c6 5F5F696E 		.ascii	"__int16_t\000"
 1309      7431365F 
 1309      7400
 1310              	.LASF93:
 1311 02d0 63707573 		.ascii	"cpussCm4PwrCtlOffset\000"
 1311      73436D34 
 1311      50777243 
 1311      746C4F66 
 1311      66736574 
 1312              	.LASF88:
 1313 02e5 6770696F 		.ascii	"gpioPrtCfgSioOffset\000"
 1313      50727443 
 1313      66675369 
 1313      6F4F6666 
 1313      73657400 
 1314              	.LASF40:
 1315 02f9 63707573 		.ascii	"cpussDwChNr\000"
 1315      73447743 
 1315      684E7200 
 1316              	.LASF12:
 1317 0305 756E7369 		.ascii	"unsigned int\000"
 1317      676E6564 
 1317      20696E74 
 1317      00
 1318              	.LASF15:
 1319 0312 75696E74 		.ascii	"uint16_t\000"
 1319      31365F74 
 1319      00
 1320              	.LASF73:
 1321 031b 70657269 		.ascii	"periTrCmdGrSelMsk\000"
 1321      5472436D 
 1321      64477253 
 1321      656C4D73 
 1321      6B00
 1322              	.LASF62:
 1323 032d 666C6173 		.ascii	"flashCtlMainWs1Freq\000"
 1323      6843746C 
 1323      4D61696E 
 1323      57733146 
 1323      72657100 
 1324              	.LASF9:
 1325 0341 6C6F6E67 		.ascii	"long unsigned int\000"
 1325      20756E73 
 1325      69676E65 
 1325      6420696E 
 1325      7400
 1326              	.LASF120:
 1327 0353 656E6162 		.ascii	"enableCompareSwap\000"
 1327      6C65436F 
 1327      6D706172 
 1327      65537761 
 1327      7000
ARM GAS  C:\Users\subra\AppData\Local\Temp\cc0gBqll.s 			page 30


 1328              	.LASF75:
 1329 0365 70657269 		.ascii	"periTrGrSize\000"
 1329      54724772 
 1329      53697A65 
 1329      00
 1330              	.LASF38:
 1331 0372 63707573 		.ascii	"cpussIpcNr\000"
 1331      73497063 
 1331      4E7200
 1332              	.LASF25:
 1333 037d 6770696F 		.ascii	"gpioBase\000"
 1333      42617365 
 1333      00
 1334              	.LASF51:
 1335 0386 65704D6F 		.ascii	"epMonitorNr\000"
 1335      6E69746F 
 1335      724E7200 
 1336              	.LASF63:
 1337 0392 666C6173 		.ascii	"flashCtlMainWs2Freq\000"
 1337      6843746C 
 1337      4D61696E 
 1337      57733246 
 1337      72657100 
 1338              	.LASF125:
 1339 03a6 73776170 		.ascii	"swapInputMode\000"
 1339      496E7075 
 1339      744D6F64 
 1339      6500
 1340              	.LASF74:
 1341 03b4 70657269 		.ascii	"periTrGrOffset\000"
 1341      54724772 
 1341      4F666673 
 1341      657400
 1342              	.LASF101:
 1343 03c3 63707573 		.ascii	"cpussRam1Ctl0\000"
 1343      7352616D 
 1343      3143746C 
 1343      3000
 1344              	.LASF131:
 1345 03d1 6B696C6C 		.ascii	"killInputMode\000"
 1345      496E7075 
 1345      744D6F64 
 1345      6500
 1346              	.LASF138:
 1347 03df 50574D5F 		.ascii	"PWM_Start\000"
 1347      53746172 
 1347      7400
 1348              	.LASF33:
 1349 03e9 6770696F 		.ascii	"gpioVersion\000"
 1349      56657273 
 1349      696F6E00 
 1350              	.LASF105:
 1351 03f5 63795F73 		.ascii	"cy_stc_device_t\000"
 1351      74635F64 
 1351      65766963 
 1351      655F7400 
 1352              	.LASF122:
ARM GAS  C:\Users\subra\AppData\Local\Temp\cc0gBqll.s 			page 31


 1353 0405 696E7665 		.ascii	"invertPWMOut\000"
 1353      72745057 
 1353      4D4F7574 
 1353      00
 1354              	.LASF113:
 1355 0412 64656164 		.ascii	"deadTimeClocks\000"
 1355      54696D65 
 1355      436C6F63 
 1355      6B7300
 1356              	.LASF98:
 1357 0421 63707573 		.ascii	"cpussCm4NmiCtlOffset\000"
 1357      73436D34 
 1357      4E6D6943 
 1357      746C4F66 
 1357      66736574 
 1358              	.LASF94:
 1359 0436 63707573 		.ascii	"cpussTrimRamCtlOffset\000"
 1359      73547269 
 1359      6D52616D 
 1359      43746C4F 
 1359      66667365 
 1360              	.LASF130:
 1361 044c 73746172 		.ascii	"startInput\000"
 1361      74496E70 
 1361      757400
 1362              	.LASF29:
 1363 0457 63707573 		.ascii	"cpussVersion\000"
 1363      73566572 
 1363      73696F6E 
 1363      00
 1364              	.LASF36:
 1365 0464 70657269 		.ascii	"periVersion\000"
 1365      56657273 
 1365      696F6E00 
 1366              	.LASF92:
 1367 0470 63707573 		.ascii	"cpussCm0StatusOffset\000"
 1367      73436D30 
 1367      53746174 
 1367      75734F66 
 1367      66736574 
 1368              	.LASF17:
 1369 0485 73697A65 		.ascii	"sizetype\000"
 1369      74797065 
 1369      00
 1370              	.LASF66:
 1371 048e 64774368 		.ascii	"dwChOffset\000"
 1371      4F666673 
 1371      657400
 1372              	.LASF41:
 1373 0499 63707573 		.ascii	"cpussFlashPaSize\000"
 1373      73466C61 
 1373      73685061 
 1373      53697A65 
 1373      00
 1374              	.LASF79:
 1375 04aa 70657269 		.ascii	"periDivCmdPaTypeSelPos\000"
 1375      44697643 
ARM GAS  C:\Users\subra\AppData\Local\Temp\cc0gBqll.s 			page 32


 1375      6D645061 
 1375      54797065 
 1375      53656C50 
 1376              	.LASF102:
 1377 04c1 63707573 		.ascii	"cpussRam2Ctl0\000"
 1377      7352616D 
 1377      3243746C 
 1377      3000
 1378              	.LASF70:
 1379 04cf 64775374 		.ascii	"dwStatusChIdxPos\000"
 1379      61747573 
 1379      43684964 
 1379      78506F73 
 1379      00
 1380              	.LASF52:
 1381 04e0 75646250 		.ascii	"udbPresent\000"
 1381      72657365 
 1381      6E7400
 1382              	.LASF32:
 1383 04eb 666C6173 		.ascii	"flashcVersion\000"
 1383      68635665 
 1383      7273696F 
 1383      6E00
 1384              	.LASF28:
 1385 04f9 63727970 		.ascii	"cryptoBase\000"
 1385      746F4261 
 1385      736500
 1386              	.LASF49:
 1387 0504 736D6966 		.ascii	"smifDeviceNr\000"
 1387      44657669 
 1387      63654E72 
 1387      00
 1388              	.LASF144:
 1389 0511 5F5F656E 		.ascii	"__enable_irq\000"
 1389      61626C65 
 1389      5F697271 
 1389      00
 1390              	.LASF110:
 1391 051e 70776D4D 		.ascii	"pwmMode\000"
 1391      6F646500 
 1392              	.LASF107:
 1393 0526 666C6F61 		.ascii	"float\000"
 1393      7400
 1394              	.LASF71:
 1395 052c 64775374 		.ascii	"dwStatusChIdxMsk\000"
 1395      61747573 
 1395      43684964 
 1395      784D736B 
 1395      00
 1396              	.LASF136:
 1397 053d 63795F64 		.ascii	"cy_device\000"
 1397      65766963 
 1397      6500
 1398              	.LASF99:
 1399 0547 63707573 		.ascii	"cpussRomCtl\000"
 1399      73526F6D 
 1399      43746C00 
ARM GAS  C:\Users\subra\AppData\Local\Temp\cc0gBqll.s 			page 33


 1400              	.LASF69:
 1401 0553 64774368 		.ascii	"dwChCtlPreemptablePos\000"
 1401      43746C50 
 1401      7265656D 
 1401      70746162 
 1401      6C65506F 
 1402              	.LASF124:
 1403 0569 6B696C6C 		.ascii	"killMode\000"
 1403      4D6F6465 
 1403      00
 1404              	.LASF22:
 1405 0572 75646242 		.ascii	"udbBase\000"
 1405      61736500 
 1406              	.LASF109:
 1407 057a 5F426F6F 		.ascii	"_Bool\000"
 1407      6C00
 1408              	.LASF1:
 1409 0580 756E7369 		.ascii	"unsigned char\000"
 1409      676E6564 
 1409      20636861 
 1409      7200
 1410              	.LASF65:
 1411 058e 666C6173 		.ascii	"flashCtlMainWs4Freq\000"
 1411      6843746C 
 1411      4D61696E 
 1411      57733446 
 1411      72657100 
 1412              	.LASF0:
 1413 05a2 73686F72 		.ascii	"short int\000"
 1413      7420696E 
 1413      7400
 1414              	.LASF76:
 1415 05ac 70657269 		.ascii	"periDivCmdDivSelMsk\000"
 1415      44697643 
 1415      6D644469 
 1415      7653656C 
 1415      4D736B00 
 1416              	.LASF117:
 1417 05c0 656E6162 		.ascii	"enablePeriodSwap\000"
 1417      6C655065 
 1417      72696F64 
 1417      53776170 
 1417      00
 1418              	.LASF126:
 1419 05d1 73776170 		.ascii	"swapInput\000"
 1419      496E7075 
 1419      7400
 1420              	.LASF47:
 1421 05db 73727373 		.ascii	"srssNumHfroot\000"
 1421      4E756D48 
 1421      66726F6F 
 1421      7400
 1422              	.LASF60:
 1423 05e9 666C6173 		.ascii	"flashEraseDelay\000"
 1423      68457261 
 1423      73654465 
 1423      6C617900 
ARM GAS  C:\Users\subra\AppData\Local\Temp\cc0gBqll.s 			page 34


 1424              	.LASF16:
 1425 05f9 75696E74 		.ascii	"uint32_t\000"
 1425      33325F74 
 1425      00
 1426              	.LASF140:
 1427 0602 474E5520 		.ascii	"GNU C11 5.4.1 20160609 (release) [ARM/embedded-5-br"
 1427      43313120 
 1427      352E342E 
 1427      31203230 
 1427      31363036 
 1428 0635 616E6368 		.ascii	"anch revision 237715] -mcpu=cortex-m0plus -mthumb -"
 1428      20726576 
 1428      6973696F 
 1428      6E203233 
 1428      37373135 
 1429 0668 67202D4F 		.ascii	"g -Og -ffunction-sections -ffat-lto-objects\000"
 1429      67202D66 
 1429      66756E63 
 1429      74696F6E 
 1429      2D736563 
 1430              	.LASF118:
 1431 0694 636F6D70 		.ascii	"compare0\000"
 1431      61726530 
 1431      00
 1432              	.LASF18:
 1433 069d 6C6F6E67 		.ascii	"long double\000"
 1433      20646F75 
 1433      626C6500 
 1434              	.LASF106:
 1435 06a9 63686172 		.ascii	"char\000"
 1435      00
 1436              	.LASF134:
 1437 06ae 636F756E 		.ascii	"countInput\000"
 1437      74496E70 
 1437      757400
 1438              	.LASF37:
 1439 06b9 70726F74 		.ascii	"protVersion\000"
 1439      56657273 
 1439      696F6E00 
 1440              	.LASF100:
 1441 06c5 63707573 		.ascii	"cpussRam0Ctl0\000"
 1441      7352616D 
 1441      3043746C 
 1441      3000
 1442              	.LASF5:
 1443 06d3 5F5F7569 		.ascii	"__uint16_t\000"
 1443      6E743136 
 1443      5F7400
 1444              	.LASF142:
 1445 06de 443A5C50 		.ascii	"D:\\Projects\\NS\\Firmware\\NeruoStim\\PSOC6\\blink"
 1445      726F6A65 
 1445      6374735C 
 1445      4E535C46 
 1445      69726D77 
 1446 070b 795F6C65 		.ascii	"y_led\\blinky_led\\Design01.cydsn\000"
 1446      645C626C 
 1446      696E6B79 
ARM GAS  C:\Users\subra\AppData\Local\Temp\cc0gBqll.s 			page 35


 1446      5F6C6564 
 1446      5C446573 
 1447              	.LASF137:
 1448 072b 50574D5F 		.ascii	"PWM_config\000"
 1448      636F6E66 
 1448      696700
 1449              	.LASF81:
 1450 0736 70657269 		.ascii	"periDiv16CtlOffset\000"
 1450      44697631 
 1450      3643746C 
 1450      4F666673 
 1450      657400
 1451              	.LASF34:
 1452 0749 6873696F 		.ascii	"hsiomVersion\000"
 1452      6D566572 
 1452      73696F6E 
 1452      00
 1453              	.LASF121:
 1454 0756 696E7465 		.ascii	"interruptSources\000"
 1454      72727570 
 1454      74536F75 
 1454      72636573 
 1454      00
 1455              	.LASF128:
 1456 0767 72656C6F 		.ascii	"reloadInput\000"
 1456      6164496E 
 1456      70757400 
 1457              	.LASF6:
 1458 0773 73686F72 		.ascii	"short unsigned int\000"
 1458      7420756E 
 1458      7369676E 
 1458      65642069 
 1458      6E7400
 1459              	.LASF67:
 1460 0786 64774368 		.ascii	"dwChSize\000"
 1460      53697A65 
 1460      00
 1461              	.LASF103:
 1462 078f 69706353 		.ascii	"ipcStructSize\000"
 1462      74727563 
 1462      7453697A 
 1462      6500
 1463              	.LASF129:
 1464 079d 73746172 		.ascii	"startInputMode\000"
 1464      74496E70 
 1464      75744D6F 
 1464      646500
 1465              	.LASF42:
 1466 07ac 63707573 		.ascii	"cpussIpc0Irq\000"
 1466      73497063 
 1466      30497271 
 1466      00
 1467              	.LASF115:
 1468 07b9 70657269 		.ascii	"period0\000"
 1468      6F643000 
 1469              	.LASF116:
 1470 07c1 70657269 		.ascii	"period1\000"
ARM GAS  C:\Users\subra\AppData\Local\Temp\cc0gBqll.s 			page 36


 1470      6F643100 
 1471              	.LASF119:
 1472 07c9 636F6D70 		.ascii	"compare1\000"
 1472      61726531 
 1472      00
 1473              	.LASF89:
 1474 07d2 63707573 		.ascii	"cpussCm0ClockCtlOffset\000"
 1474      73436D30 
 1474      436C6F63 
 1474      6B43746C 
 1474      4F666673 
 1475              	.LASF85:
 1476 07e9 6770696F 		.ascii	"gpioPrtCfgOffset\000"
 1476      50727443 
 1476      66674F66 
 1476      66736574 
 1476      00
 1477              	.LASF44:
 1478 07fa 63707573 		.ascii	"cpussNotConnectedIrq\000"
 1478      734E6F74 
 1478      436F6E6E 
 1478      65637465 
 1478      64497271 
 1479              	.LASF123:
 1480 080f 696E7665 		.ascii	"invertPWMOutN\000"
 1480      72745057 
 1480      4D4F7574 
 1480      4E00
 1481              	.LASF58:
 1482 081d 666C6173 		.ascii	"flashWriteDelay\000"
 1482      68577269 
 1482      74654465 
 1482      6C617900 
 1483              	.LASF13:
 1484 082d 75696E74 		.ascii	"uint8_t\000"
 1484      385F7400 
 1485              	.LASF91:
 1486 0835 63707573 		.ascii	"cpussCm4StatusOffset\000"
 1486      73436D34 
 1486      53746174 
 1486      75734F66 
 1486      66736574 
 1487              	.LASF84:
 1488 084a 6770696F 		.ascii	"gpioPrtIntrCfgOffset\000"
 1488      50727449 
 1488      6E747243 
 1488      66674F66 
 1488      66736574 
 1489              	.LASF135:
 1490 085f 63795F73 		.ascii	"cy_stc_tcpwm_pwm_config_t\000"
 1490      74635F74 
 1490      6370776D 
 1490      5F70776D 
 1490      5F636F6E 
 1491              	.LASF127:
 1492 0879 72656C6F 		.ascii	"reloadInputMode\000"
 1492      6164496E 
ARM GAS  C:\Users\subra\AppData\Local\Temp\cc0gBqll.s 			page 37


 1492      7075744D 
 1492      6F646500 
 1493              	.LASF95:
 1494 0889 63707573 		.ascii	"cpussTrimRomCtlOffset\000"
 1494      73547269 
 1494      6D526F6D 
 1494      43746C4F 
 1494      66667365 
 1495              	.LASF133:
 1496 089f 636F756E 		.ascii	"countInputMode\000"
 1496      74496E70 
 1496      75744D6F 
 1496      646500
 1497              	.LASF31:
 1498 08ae 64775665 		.ascii	"dwVersion\000"
 1498      7273696F 
 1498      6E00
 1499              	.LASF27:
 1500 08b8 69706342 		.ascii	"ipcBase\000"
 1500      61736500 
 1501              	.LASF78:
 1502 08c0 70657269 		.ascii	"periDivCmdPaDivSelPos\000"
 1502      44697643 
 1502      6D645061 
 1502      44697653 
 1502      656C506F 
 1503              	.LASF59:
 1504 08d6 666C6173 		.ascii	"flashProgramDelay\000"
 1504      6850726F 
 1504      6772616D 
 1504      44656C61 
 1504      7900
 1505              	.LASF56:
 1506 08e8 666C6173 		.ascii	"flashRwwRequired\000"
 1506      68527777 
 1506      52657175 
 1506      69726564 
 1506      00
 1507              		.ident	"GCC: (GNU Tools for ARM Embedded Processors) 5.4.1 20160609 (release) [ARM/embedded-5-bran
