ARM GAS  C:\Users\subra\AppData\Local\Temp\ccZP0sEK.s 			page 1


   1              		.syntax unified
   2              		.cpu cortex-m4
   3              		.eabi_attribute 27, 1
   4              		.fpu fpv4-sp-d16
   5              		.eabi_attribute 20, 1
   6              		.eabi_attribute 21, 1
   7              		.eabi_attribute 23, 3
   8              		.eabi_attribute 24, 1
   9              		.eabi_attribute 25, 1
  10              		.eabi_attribute 26, 1
  11              		.eabi_attribute 30, 1
  12              		.eabi_attribute 34, 1
  13              		.eabi_attribute 18, 4
  14              		.thumb
  15              		.syntax unified
  16              		.file	"BLE_custom_config.c"
  17              		.text
  18              	.Ltext0:
  19              		.cfi_sections	.debug_frame
  20              		.global	cy_ble_customConfig
  21              		.section	.rodata
  22              		.align	2
  23              		.type	cy_ble_customs, %object
  24              		.size	cy_ble_customs, 6
  25              	cy_ble_customs:
  26 0000 1000     		.short	16
  27 0002 1200     		.short	18
  28 0004 1300     		.short	19
  29              		.data
  30              		.align	2
  31              		.type	cy_ble_customConfig, %object
  32              		.size	cy_ble_customConfig, 4
  33              	cy_ble_customConfig:
  34 0000 00000000 		.word	cy_ble_customs
  35              		.text
  36              	.Letext0:
  37              		.file 1 "d:\\program files (x86)\\cypress\\psoc creator\\4.4\\psoc creator\\import\\gnu\\arm\\5.4.
  38              		.file 2 "d:\\program files (x86)\\cypress\\psoc creator\\4.4\\psoc creator\\import\\gnu\\arm\\5.4.
  39              		.file 3 "Generated_Source\\PSoC6\\pdl\\drivers/peripheral/device/cy_device.h"
  40              		.file 4 "Generated_Source\\PSoC6\\pdl\\middleware/ble/cy_ble_stack_host_main.h"
  41              		.file 5 "Generated_Source\\PSoC6\\pdl\\middleware/ble/cy_ble_stack_gatt.h"
  42              		.file 6 "Generated_Source\\PSoC6\\pdl\\middleware/ble/cy_ble_gap.h"
  43              		.file 7 "Generated_Source\\PSoC6\\pdl\\middleware/ble/cy_ble_custom.h"
  44              		.file 8 "Generated_Source\\PSoC6\\pdl\\cmsis/include/core_cm4.h"
  45              		.file 9 "Generated_Source\\PSoC6\\BLE_custom_config.c"
  46              		.section	.debug_info,"",%progbits
  47              	.Ldebug_info0:
  48 0000 19070000 		.4byte	0x719
  49 0004 0400     		.2byte	0x4
  50 0006 00000000 		.4byte	.Ldebug_abbrev0
  51 000a 04       		.byte	0x4
  52 000b 01       		.uleb128 0x1
  53 000c 43060000 		.4byte	.LASF145
  54 0010 0C       		.byte	0xc
  55 0011 3D040000 		.4byte	.LASF146
  56 0015 60010000 		.4byte	.LASF147
  57 0019 00000000 		.4byte	.Ldebug_line0
ARM GAS  C:\Users\subra\AppData\Local\Temp\ccZP0sEK.s 			page 2


  58 001d 02       		.uleb128 0x2
  59 001e 04       		.byte	0x4
  60 001f 05       		.byte	0x5
  61 0020 696E7400 		.ascii	"int\000"
  62 0024 03       		.uleb128 0x3
  63 0025 04       		.byte	0x4
  64 0026 07       		.byte	0x7
  65 0027 A8030000 		.4byte	.LASF0
  66 002b 03       		.uleb128 0x3
  67 002c 08       		.byte	0x8
  68 002d 05       		.byte	0x5
  69 002e A8010000 		.4byte	.LASF1
  70 0032 03       		.uleb128 0x3
  71 0033 08       		.byte	0x8
  72 0034 04       		.byte	0x4
  73 0035 72080000 		.4byte	.LASF2
  74 0039 03       		.uleb128 0x3
  75 003a 01       		.byte	0x1
  76 003b 06       		.byte	0x6
  77 003c B6010000 		.4byte	.LASF3
  78 0040 04       		.uleb128 0x4
  79 0041 86000000 		.4byte	.LASF5
  80 0045 01       		.byte	0x1
  81 0046 1D       		.byte	0x1d
  82 0047 4B000000 		.4byte	0x4b
  83 004b 03       		.uleb128 0x3
  84 004c 01       		.byte	0x1
  85 004d 08       		.byte	0x8
  86 004e AD070000 		.4byte	.LASF4
  87 0052 04       		.uleb128 0x4
  88 0053 3F030000 		.4byte	.LASF6
  89 0057 01       		.byte	0x1
  90 0058 29       		.byte	0x29
  91 0059 5D000000 		.4byte	0x5d
  92 005d 03       		.uleb128 0x3
  93 005e 02       		.byte	0x2
  94 005f 05       		.byte	0x5
  95 0060 CF070000 		.4byte	.LASF7
  96 0064 04       		.uleb128 0x4
  97 0065 9D080000 		.4byte	.LASF8
  98 0069 01       		.byte	0x1
  99 006a 2B       		.byte	0x2b
 100 006b 6F000000 		.4byte	0x6f
 101 006f 03       		.uleb128 0x3
 102 0070 02       		.byte	0x2
 103 0071 07       		.byte	0x7
 104 0072 0F090000 		.4byte	.LASF9
 105 0076 04       		.uleb128 0x4
 106 0077 D4080000 		.4byte	.LASF10
 107 007b 01       		.byte	0x1
 108 007c 3F       		.byte	0x3f
 109 007d 81000000 		.4byte	0x81
 110 0081 03       		.uleb128 0x3
 111 0082 04       		.byte	0x4
 112 0083 05       		.byte	0x5
 113 0084 2A020000 		.4byte	.LASF11
 114 0088 04       		.uleb128 0x4
ARM GAS  C:\Users\subra\AppData\Local\Temp\ccZP0sEK.s 			page 3


 115 0089 15030000 		.4byte	.LASF12
 116 008d 01       		.byte	0x1
 117 008e 41       		.byte	0x41
 118 008f 93000000 		.4byte	0x93
 119 0093 03       		.uleb128 0x3
 120 0094 04       		.byte	0x4
 121 0095 07       		.byte	0x7
 122 0096 17040000 		.4byte	.LASF13
 123 009a 03       		.uleb128 0x3
 124 009b 08       		.byte	0x8
 125 009c 07       		.byte	0x7
 126 009d E8000000 		.4byte	.LASF14
 127 00a1 03       		.uleb128 0x3
 128 00a2 04       		.byte	0x4
 129 00a3 07       		.byte	0x7
 130 00a4 6D050000 		.4byte	.LASF15
 131 00a8 03       		.uleb128 0x3
 132 00a9 01       		.byte	0x1
 133 00aa 08       		.byte	0x8
 134 00ab 7E080000 		.4byte	.LASF16
 135 00af 04       		.uleb128 0x4
 136 00b0 D3090000 		.4byte	.LASF17
 137 00b4 02       		.byte	0x2
 138 00b5 18       		.byte	0x18
 139 00b6 40000000 		.4byte	0x40
 140 00ba 04       		.uleb128 0x4
 141 00bb 58010000 		.4byte	.LASF18
 142 00bf 02       		.byte	0x2
 143 00c0 20       		.byte	0x20
 144 00c1 52000000 		.4byte	0x52
 145 00c5 04       		.uleb128 0x4
 146 00c6 FC030000 		.4byte	.LASF19
 147 00ca 02       		.byte	0x2
 148 00cb 24       		.byte	0x24
 149 00cc 64000000 		.4byte	0x64
 150 00d0 04       		.uleb128 0x4
 151 00d1 A5070000 		.4byte	.LASF20
 152 00d5 02       		.byte	0x2
 153 00d6 2C       		.byte	0x2c
 154 00d7 76000000 		.4byte	0x76
 155 00db 04       		.uleb128 0x4
 156 00dc 69080000 		.4byte	.LASF21
 157 00e0 02       		.byte	0x2
 158 00e1 30       		.byte	0x30
 159 00e2 88000000 		.4byte	0x88
 160 00e6 05       		.uleb128 0x5
 161 00e7 B8       		.byte	0xb8
 162 00e8 03       		.byte	0x3
 163 00e9 34       		.byte	0x34
 164 00ea F7040000 		.4byte	0x4f7
 165 00ee 06       		.uleb128 0x6
 166 00ef CF000000 		.4byte	.LASF22
 167 00f3 03       		.byte	0x3
 168 00f4 37       		.byte	0x37
 169 00f5 DB000000 		.4byte	0xdb
 170 00f9 00       		.byte	0
 171 00fa 06       		.uleb128 0x6
ARM GAS  C:\Users\subra\AppData\Local\Temp\ccZP0sEK.s 			page 4


 172 00fb 0A030000 		.4byte	.LASF23
 173 00ff 03       		.byte	0x3
 174 0100 38       		.byte	0x38
 175 0101 DB000000 		.4byte	0xdb
 176 0105 04       		.byte	0x4
 177 0106 06       		.uleb128 0x6
 178 0107 6E020000 		.4byte	.LASF24
 179 010b 03       		.byte	0x3
 180 010c 39       		.byte	0x39
 181 010d DB000000 		.4byte	0xdb
 182 0111 08       		.byte	0x8
 183 0112 06       		.uleb128 0x6
 184 0113 6D070000 		.4byte	.LASF25
 185 0117 03       		.byte	0x3
 186 0118 3A       		.byte	0x3a
 187 0119 DB000000 		.4byte	0xdb
 188 011d 0C       		.byte	0xc
 189 011e 06       		.uleb128 0x6
 190 011f D7010000 		.4byte	.LASF26
 191 0123 03       		.byte	0x3
 192 0124 3B       		.byte	0x3b
 193 0125 DB000000 		.4byte	0xdb
 194 0129 10       		.byte	0x10
 195 012a 06       		.uleb128 0x6
 196 012b 20020000 		.4byte	.LASF27
 197 012f 03       		.byte	0x3
 198 0130 3C       		.byte	0x3c
 199 0131 DB000000 		.4byte	0xdb
 200 0135 14       		.byte	0x14
 201 0136 06       		.uleb128 0x6
 202 0137 34040000 		.4byte	.LASF28
 203 013b 03       		.byte	0x3
 204 013c 3D       		.byte	0x3d
 205 013d DB000000 		.4byte	0xdb
 206 0141 18       		.byte	0x18
 207 0142 06       		.uleb128 0x6
 208 0143 67000000 		.4byte	.LASF29
 209 0147 03       		.byte	0x3
 210 0148 3E       		.byte	0x3e
 211 0149 DB000000 		.4byte	0xdb
 212 014d 1C       		.byte	0x1c
 213 014e 06       		.uleb128 0x6
 214 014f 3D0A0000 		.4byte	.LASF30
 215 0153 03       		.byte	0x3
 216 0154 3F       		.byte	0x3f
 217 0155 DB000000 		.4byte	0xdb
 218 0159 20       		.byte	0x20
 219 015a 06       		.uleb128 0x6
 220 015b 2B060000 		.4byte	.LASF31
 221 015f 03       		.byte	0x3
 222 0160 40       		.byte	0x40
 223 0161 DB000000 		.4byte	0xdb
 224 0165 24       		.byte	0x24
 225 0166 06       		.uleb128 0x6
 226 0167 22050000 		.4byte	.LASF32
 227 016b 03       		.byte	0x3
 228 016c 43       		.byte	0x43
ARM GAS  C:\Users\subra\AppData\Local\Temp\ccZP0sEK.s 			page 5


 229 016d AF000000 		.4byte	0xaf
 230 0171 28       		.byte	0x28
 231 0172 06       		.uleb128 0x6
 232 0173 4D000000 		.4byte	.LASF33
 233 0177 03       		.byte	0x3
 234 0178 44       		.byte	0x44
 235 0179 AF000000 		.4byte	0xaf
 236 017d 29       		.byte	0x29
 237 017e 06       		.uleb128 0x6
 238 017f 330A0000 		.4byte	.LASF34
 239 0183 03       		.byte	0x3
 240 0184 45       		.byte	0x45
 241 0185 AF000000 		.4byte	0xaf
 242 0189 2A       		.byte	0x2a
 243 018a 06       		.uleb128 0x6
 244 018b 1D060000 		.4byte	.LASF35
 245 018f 03       		.byte	0x3
 246 0190 46       		.byte	0x46
 247 0191 AF000000 		.4byte	0xaf
 248 0195 2B       		.byte	0x2b
 249 0196 06       		.uleb128 0x6
 250 0197 B2040000 		.4byte	.LASF36
 251 019b 03       		.byte	0x3
 252 019c 47       		.byte	0x47
 253 019d AF000000 		.4byte	0xaf
 254 01a1 2C       		.byte	0x2c
 255 01a2 06       		.uleb128 0x6
 256 01a3 EE080000 		.4byte	.LASF37
 257 01a7 03       		.byte	0x3
 258 01a8 48       		.byte	0x48
 259 01a9 AF000000 		.4byte	0xaf
 260 01ad 2D       		.byte	0x2d
 261 01ae 06       		.uleb128 0x6
 262 01af E0010000 		.4byte	.LASF38
 263 01b3 03       		.byte	0x3
 264 01b4 49       		.byte	0x49
 265 01b5 AF000000 		.4byte	0xaf
 266 01b9 2E       		.byte	0x2e
 267 01ba 06       		.uleb128 0x6
 268 01bb 4C050000 		.4byte	.LASF39
 269 01bf 03       		.byte	0x3
 270 01c0 4A       		.byte	0x4a
 271 01c1 AF000000 		.4byte	0xaf
 272 01c5 2F       		.byte	0x2f
 273 01c6 06       		.uleb128 0x6
 274 01c7 83080000 		.4byte	.LASF40
 275 01cb 03       		.byte	0x3
 276 01cc 4B       		.byte	0x4b
 277 01cd AF000000 		.4byte	0xaf
 278 01d1 30       		.byte	0x30
 279 01d2 06       		.uleb128 0x6
 280 01d3 29040000 		.4byte	.LASF41
 281 01d7 03       		.byte	0x3
 282 01d8 4E       		.byte	0x4e
 283 01d9 AF000000 		.4byte	0xaf
 284 01dd 31       		.byte	0x31
 285 01de 06       		.uleb128 0x6
ARM GAS  C:\Users\subra\AppData\Local\Temp\ccZP0sEK.s 			page 6


 286 01df 78000000 		.4byte	.LASF42
 287 01e3 03       		.byte	0x3
 288 01e4 4F       		.byte	0x4f
 289 01e5 AF000000 		.4byte	0xaf
 290 01e9 32       		.byte	0x32
 291 01ea 06       		.uleb128 0x6
 292 01eb 9C030000 		.4byte	.LASF43
 293 01ef 03       		.byte	0x3
 294 01f0 50       		.byte	0x50
 295 01f1 AF000000 		.4byte	0xaf
 296 01f5 33       		.byte	0x33
 297 01f6 06       		.uleb128 0x6
 298 01f7 81050000 		.4byte	.LASF44
 299 01fb 03       		.byte	0x3
 300 01fc 51       		.byte	0x51
 301 01fd AF000000 		.4byte	0xaf
 302 0201 34       		.byte	0x34
 303 0202 06       		.uleb128 0x6
 304 0203 39090000 		.4byte	.LASF45
 305 0207 03       		.byte	0x3
 306 0208 52       		.byte	0x52
 307 0209 BA000000 		.4byte	0xba
 308 020d 36       		.byte	0x36
 309 020e 06       		.uleb128 0x6
 310 020f 88020000 		.4byte	.LASF46
 311 0213 03       		.byte	0x3
 312 0214 53       		.byte	0x53
 313 0215 BA000000 		.4byte	0xba
 314 0219 38       		.byte	0x38
 315 021a 06       		.uleb128 0x6
 316 021b 88090000 		.4byte	.LASF47
 317 021f 03       		.byte	0x3
 318 0220 54       		.byte	0x54
 319 0221 BA000000 		.4byte	0xba
 320 0225 3A       		.byte	0x3a
 321 0226 06       		.uleb128 0x6
 322 0227 240A0000 		.4byte	.LASF48
 323 022b 03       		.byte	0x3
 324 022c 55       		.byte	0x55
 325 022d AF000000 		.4byte	0xaf
 326 0231 3C       		.byte	0x3c
 327 0232 06       		.uleb128 0x6
 328 0233 AF020000 		.4byte	.LASF49
 329 0237 03       		.byte	0x3
 330 0238 56       		.byte	0x56
 331 0239 AF000000 		.4byte	0xaf
 332 023d 3D       		.byte	0x3d
 333 023e 06       		.uleb128 0x6
 334 023f 4B080000 		.4byte	.LASF50
 335 0243 03       		.byte	0x3
 336 0244 57       		.byte	0x57
 337 0245 AF000000 		.4byte	0xaf
 338 0249 3E       		.byte	0x3e
 339 024a 06       		.uleb128 0x6
 340 024b 5B000000 		.4byte	.LASF51
 341 024f 03       		.byte	0x3
 342 0250 58       		.byte	0x58
ARM GAS  C:\Users\subra\AppData\Local\Temp\ccZP0sEK.s 			page 7


 343 0251 AF000000 		.4byte	0xaf
 344 0255 3F       		.byte	0x3f
 345 0256 06       		.uleb128 0x6
 346 0257 36060000 		.4byte	.LASF52
 347 025b 03       		.byte	0x3
 348 025c 59       		.byte	0x59
 349 025d AF000000 		.4byte	0xaf
 350 0261 40       		.byte	0x40
 351 0262 06       		.uleb128 0x6
 352 0263 2F030000 		.4byte	.LASF53
 353 0267 03       		.byte	0x3
 354 0268 5A       		.byte	0x5a
 355 0269 AF000000 		.4byte	0xaf
 356 026d 41       		.byte	0x41
 357 026e 06       		.uleb128 0x6
 358 026f CE040000 		.4byte	.LASF54
 359 0273 03       		.byte	0x3
 360 0274 5B       		.byte	0x5b
 361 0275 AF000000 		.4byte	0xaf
 362 0279 42       		.byte	0x42
 363 027a 06       		.uleb128 0x6
 364 027b FB050000 		.4byte	.LASF55
 365 027f 03       		.byte	0x3
 366 0280 5C       		.byte	0x5c
 367 0281 AF000000 		.4byte	0xaf
 368 0285 43       		.byte	0x43
 369 0286 06       		.uleb128 0x6
 370 0287 77020000 		.4byte	.LASF56
 371 028b 03       		.byte	0x3
 372 028c 5D       		.byte	0x5d
 373 028d AF000000 		.4byte	0xaf
 374 0291 44       		.byte	0x44
 375 0292 06       		.uleb128 0x6
 376 0293 00000000 		.4byte	.LASF57
 377 0297 03       		.byte	0x3
 378 0298 5E       		.byte	0x5e
 379 0299 DB000000 		.4byte	0xdb
 380 029d 48       		.byte	0x48
 381 029e 06       		.uleb128 0x6
 382 029f 4A020000 		.4byte	.LASF58
 383 02a3 03       		.byte	0x3
 384 02a4 5F       		.byte	0x5f
 385 02a5 DB000000 		.4byte	0xdb
 386 02a9 4C       		.byte	0x4c
 387 02aa 06       		.uleb128 0x6
 388 02ab B30A0000 		.4byte	.LASF59
 389 02af 03       		.byte	0x3
 390 02b0 60       		.byte	0x60
 391 02b1 AF000000 		.4byte	0xaf
 392 02b5 50       		.byte	0x50
 393 02b6 06       		.uleb128 0x6
 394 02b7 32010000 		.4byte	.LASF60
 395 02bb 03       		.byte	0x3
 396 02bc 61       		.byte	0x61
 397 02bd AF000000 		.4byte	0xaf
 398 02c1 51       		.byte	0x51
 399 02c2 06       		.uleb128 0x6
ARM GAS  C:\Users\subra\AppData\Local\Temp\ccZP0sEK.s 			page 8


 400 02c3 F6060000 		.4byte	.LASF61
 401 02c7 03       		.byte	0x3
 402 02c8 62       		.byte	0x62
 403 02c9 AF000000 		.4byte	0xaf
 404 02cd 52       		.byte	0x52
 405 02ce 06       		.uleb128 0x6
 406 02cf 5B0A0000 		.4byte	.LASF62
 407 02d3 03       		.byte	0x3
 408 02d4 63       		.byte	0x63
 409 02d5 AF000000 		.4byte	0xaf
 410 02d9 53       		.byte	0x53
 411 02da 06       		.uleb128 0x6
 412 02db 59080000 		.4byte	.LASF63
 413 02df 03       		.byte	0x3
 414 02e0 64       		.byte	0x64
 415 02e1 AF000000 		.4byte	0xaf
 416 02e5 54       		.byte	0x54
 417 02e6 06       		.uleb128 0x6
 418 02e7 44010000 		.4byte	.LASF64
 419 02eb 03       		.byte	0x3
 420 02ec 65       		.byte	0x65
 421 02ed AF000000 		.4byte	0xaf
 422 02f1 55       		.byte	0x55
 423 02f2 06       		.uleb128 0x6
 424 02f3 FB080000 		.4byte	.LASF65
 425 02f7 03       		.byte	0x3
 426 02f8 66       		.byte	0x66
 427 02f9 AF000000 		.4byte	0xaf
 428 02fd 56       		.byte	0x56
 429 02fe 06       		.uleb128 0x6
 430 02ff 07080000 		.4byte	.LASF66
 431 0303 03       		.byte	0x3
 432 0304 67       		.byte	0x67
 433 0305 AF000000 		.4byte	0xaf
 434 0309 57       		.byte	0x57
 435 030a 06       		.uleb128 0x6
 436 030b 12000000 		.4byte	.LASF67
 437 030f 03       		.byte	0x3
 438 0310 68       		.byte	0x68
 439 0311 AF000000 		.4byte	0xaf
 440 0315 58       		.byte	0x58
 441 0316 06       		.uleb128 0x6
 442 0317 BB070000 		.4byte	.LASF68
 443 031b 03       		.byte	0x3
 444 031c 69       		.byte	0x69
 445 031d AF000000 		.4byte	0xaf
 446 0321 59       		.byte	0x59
 447 0322 06       		.uleb128 0x6
 448 0323 76050000 		.4byte	.LASF69
 449 0327 03       		.byte	0x3
 450 0328 6E       		.byte	0x6e
 451 0329 C5000000 		.4byte	0xc5
 452 032d 5A       		.byte	0x5a
 453 032e 06       		.uleb128 0x6
 454 032f 22090000 		.4byte	.LASF70
 455 0333 03       		.byte	0x3
 456 0334 6F       		.byte	0x6f
ARM GAS  C:\Users\subra\AppData\Local\Temp\ccZP0sEK.s 			page 9


 457 0335 C5000000 		.4byte	0xc5
 458 0339 5C       		.byte	0x5c
 459 033a 06       		.uleb128 0x6
 460 033b D9000000 		.4byte	.LASF71
 461 033f 03       		.byte	0x3
 462 0340 70       		.byte	0x70
 463 0341 AF000000 		.4byte	0xaf
 464 0345 5E       		.byte	0x5e
 465 0346 06       		.uleb128 0x6
 466 0347 57070000 		.4byte	.LASF72
 467 034b 03       		.byte	0x3
 468 034c 71       		.byte	0x71
 469 034d AF000000 		.4byte	0xaf
 470 0351 5F       		.byte	0x5f
 471 0352 06       		.uleb128 0x6
 472 0353 EA050000 		.4byte	.LASF73
 473 0357 03       		.byte	0x3
 474 0358 72       		.byte	0x72
 475 0359 AF000000 		.4byte	0xaf
 476 035d 60       		.byte	0x60
 477 035e 06       		.uleb128 0x6
 478 035f 30070000 		.4byte	.LASF74
 479 0363 03       		.byte	0x3
 480 0364 73       		.byte	0x73
 481 0365 DB000000 		.4byte	0xdb
 482 0369 64       		.byte	0x64
 483 036a 06       		.uleb128 0x6
 484 036b FF000000 		.4byte	.LASF75
 485 036f 03       		.byte	0x3
 486 0370 76       		.byte	0x76
 487 0371 C5000000 		.4byte	0xc5
 488 0375 68       		.byte	0x68
 489 0376 06       		.uleb128 0x6
 490 0377 05040000 		.4byte	.LASF76
 491 037b 03       		.byte	0x3
 492 037c 77       		.byte	0x77
 493 037d C5000000 		.4byte	0xc5
 494 0381 6A       		.byte	0x6a
 495 0382 06       		.uleb128 0x6
 496 0383 68040000 		.4byte	.LASF77
 497 0387 03       		.byte	0x3
 498 0388 78       		.byte	0x78
 499 0389 C5000000 		.4byte	0xc5
 500 038d 6C       		.byte	0x6c
 501 038e 06       		.uleb128 0x6
 502 038f A5040000 		.4byte	.LASF78
 503 0393 03       		.byte	0x3
 504 0394 79       		.byte	0x79
 505 0395 C5000000 		.4byte	0xc5
 506 0399 6E       		.byte	0x6e
 507 039a 06       		.uleb128 0x6
 508 039b F3070000 		.4byte	.LASF79
 509 039f 03       		.byte	0x3
 510 03a0 7B       		.byte	0x7b
 511 03a1 AF000000 		.4byte	0xaf
 512 03a5 70       		.byte	0x70
 513 03a6 06       		.uleb128 0x6
ARM GAS  C:\Users\subra\AppData\Local\Temp\ccZP0sEK.s 			page 10


 514 03a7 C2010000 		.4byte	.LASF80
 515 03ab 03       		.byte	0x3
 516 03ac 7C       		.byte	0x7c
 517 03ad AF000000 		.4byte	0xaf
 518 03b1 71       		.byte	0x71
 519 03b2 06       		.uleb128 0x6
 520 03b3 450A0000 		.4byte	.LASF81
 521 03b7 03       		.byte	0x3
 522 03b8 7D       		.byte	0x7d
 523 03b9 AF000000 		.4byte	0xaf
 524 03bd 72       		.byte	0x72
 525 03be 06       		.uleb128 0x6
 526 03bf B1050000 		.4byte	.LASF82
 527 03c3 03       		.byte	0x3
 528 03c4 7E       		.byte	0x7e
 529 03c5 AF000000 		.4byte	0xaf
 530 03c9 73       		.byte	0x73
 531 03ca 06       		.uleb128 0x6
 532 03cb BA020000 		.4byte	.LASF83
 533 03cf 03       		.byte	0x3
 534 03d0 80       		.byte	0x80
 535 03d1 C5000000 		.4byte	0xc5
 536 03d5 74       		.byte	0x74
 537 03d6 06       		.uleb128 0x6
 538 03d7 C1080000 		.4byte	.LASF84
 539 03db 03       		.byte	0x3
 540 03dc 81       		.byte	0x81
 541 03dd C5000000 		.4byte	0xc5
 542 03e1 76       		.byte	0x76
 543 03e2 06       		.uleb128 0x6
 544 03e3 9A020000 		.4byte	.LASF85
 545 03e7 03       		.byte	0x3
 546 03e8 82       		.byte	0x82
 547 03e9 C5000000 		.4byte	0xc5
 548 03ed 78       		.byte	0x78
 549 03ee 06       		.uleb128 0x6
 550 03ef 90000000 		.4byte	.LASF86
 551 03f3 03       		.byte	0x3
 552 03f4 83       		.byte	0x83
 553 03f5 C5000000 		.4byte	0xc5
 554 03f9 7A       		.byte	0x7a
 555 03fa 06       		.uleb128 0x6
 556 03fb F0090000 		.4byte	.LASF87
 557 03ff 03       		.byte	0x3
 558 0400 86       		.byte	0x86
 559 0401 AF000000 		.4byte	0xaf
 560 0405 7C       		.byte	0x7c
 561 0406 06       		.uleb128 0x6
 562 0407 46090000 		.4byte	.LASF88
 563 040b 03       		.byte	0x3
 564 040c 87       		.byte	0x87
 565 040d AF000000 		.4byte	0xaf
 566 0411 7D       		.byte	0x7d
 567 0412 06       		.uleb128 0x6
 568 0413 26000000 		.4byte	.LASF89
 569 0417 03       		.byte	0x3
 570 0418 88       		.byte	0x88
ARM GAS  C:\Users\subra\AppData\Local\Temp\ccZP0sEK.s 			page 11


 571 0419 AF000000 		.4byte	0xaf
 572 041d 7E       		.byte	0x7e
 573 041e 06       		.uleb128 0x6
 574 041f F6020000 		.4byte	.LASF90
 575 0423 03       		.byte	0x3
 576 0424 89       		.byte	0x89
 577 0425 AF000000 		.4byte	0xaf
 578 0429 7F       		.byte	0x7f
 579 042a 06       		.uleb128 0x6
 580 042b 88030000 		.4byte	.LASF91
 581 042f 03       		.byte	0x3
 582 0430 8A       		.byte	0x8a
 583 0431 AF000000 		.4byte	0xaf
 584 0435 80       		.byte	0x80
 585 0436 06       		.uleb128 0x6
 586 0437 05050000 		.4byte	.LASF92
 587 043b 03       		.byte	0x3
 588 043c 8D       		.byte	0x8d
 589 043d DB000000 		.4byte	0xdb
 590 0441 84       		.byte	0x84
 591 0442 06       		.uleb128 0x6
 592 0443 33020000 		.4byte	.LASF93
 593 0447 03       		.byte	0x3
 594 0448 8E       		.byte	0x8e
 595 0449 DB000000 		.4byte	0xdb
 596 044d 88       		.byte	0x88
 597 044e 06       		.uleb128 0x6
 598 044f DB090000 		.4byte	.LASF94
 599 0453 03       		.byte	0x3
 600 0454 8F       		.byte	0x8f
 601 0455 DB000000 		.4byte	0xdb
 602 0459 8C       		.byte	0x8c
 603 045a 06       		.uleb128 0x6
 604 045b 58050000 		.4byte	.LASF95
 605 045f 03       		.byte	0x3
 606 0460 90       		.byte	0x90
 607 0461 DB000000 		.4byte	0xdb
 608 0465 90       		.byte	0x90
 609 0466 06       		.uleb128 0x6
 610 0467 49030000 		.4byte	.LASF96
 611 046b 03       		.byte	0x3
 612 046c 91       		.byte	0x91
 613 046d DB000000 		.4byte	0xdb
 614 0471 94       		.byte	0x94
 615 0472 06       		.uleb128 0x6
 616 0473 EF040000 		.4byte	.LASF97
 617 0477 03       		.byte	0x3
 618 0478 92       		.byte	0x92
 619 0479 DB000000 		.4byte	0xdb
 620 047d 98       		.byte	0x98
 621 047e 06       		.uleb128 0x6
 622 047f 050A0000 		.4byte	.LASF98
 623 0483 03       		.byte	0x3
 624 0484 93       		.byte	0x93
 625 0485 DB000000 		.4byte	0xdb
 626 0489 9C       		.byte	0x9c
 627 048a 06       		.uleb128 0x6
ARM GAS  C:\Users\subra\AppData\Local\Temp\ccZP0sEK.s 			page 12


 628 048b 0F010000 		.4byte	.LASF99
 629 048f 03       		.byte	0x3
 630 0490 94       		.byte	0x94
 631 0491 DB000000 		.4byte	0xdb
 632 0495 A0       		.byte	0xa0
 633 0496 06       		.uleb128 0x6
 634 0497 EB010000 		.4byte	.LASF100
 635 049b 03       		.byte	0x3
 636 049c 95       		.byte	0x95
 637 049d C5000000 		.4byte	0xc5
 638 04a1 A4       		.byte	0xa4
 639 04a2 06       		.uleb128 0x6
 640 04a3 DA040000 		.4byte	.LASF101
 641 04a7 03       		.byte	0x3
 642 04a8 96       		.byte	0x96
 643 04a9 C5000000 		.4byte	0xc5
 644 04ad A6       		.byte	0xa6
 645 04ae 06       		.uleb128 0x6
 646 04af 4B070000 		.4byte	.LASF102
 647 04b3 03       		.byte	0x3
 648 04b4 97       		.byte	0x97
 649 04b5 C5000000 		.4byte	0xc5
 650 04b9 A8       		.byte	0xa8
 651 04ba 06       		.uleb128 0x6
 652 04bb 8F080000 		.4byte	.LASF103
 653 04bf 03       		.byte	0x3
 654 04c0 98       		.byte	0x98
 655 04c1 C5000000 		.4byte	0xc5
 656 04c5 AA       		.byte	0xaa
 657 04c6 06       		.uleb128 0x6
 658 04c7 77040000 		.4byte	.LASF104
 659 04cb 03       		.byte	0x3
 660 04cc 99       		.byte	0x99
 661 04cd C5000000 		.4byte	0xc5
 662 04d1 AC       		.byte	0xac
 663 04d2 06       		.uleb128 0x6
 664 04d3 C8050000 		.4byte	.LASF105
 665 04d7 03       		.byte	0x3
 666 04d8 9A       		.byte	0x9a
 667 04d9 C5000000 		.4byte	0xc5
 668 04dd AE       		.byte	0xae
 669 04de 06       		.uleb128 0x6
 670 04df 2B090000 		.4byte	.LASF106
 671 04e3 03       		.byte	0x3
 672 04e4 9D       		.byte	0x9d
 673 04e5 C5000000 		.4byte	0xc5
 674 04e9 B0       		.byte	0xb0
 675 04ea 06       		.uleb128 0x6
 676 04eb 39000000 		.4byte	.LASF107
 677 04ef 03       		.byte	0x3
 678 04f0 9E       		.byte	0x9e
 679 04f1 DB000000 		.4byte	0xdb
 680 04f5 B4       		.byte	0xb4
 681 04f6 00       		.byte	0
 682 04f7 04       		.uleb128 0x4
 683 04f8 BE040000 		.4byte	.LASF108
 684 04fc 03       		.byte	0x3
ARM GAS  C:\Users\subra\AppData\Local\Temp\ccZP0sEK.s 			page 13


 685 04fd 9F       		.byte	0x9f
 686 04fe E6000000 		.4byte	0xe6
 687 0502 03       		.uleb128 0x3
 688 0503 04       		.byte	0x4
 689 0504 04       		.byte	0x4
 690 0505 2A070000 		.4byte	.LASF109
 691 0509 03       		.uleb128 0x3
 692 050a 08       		.byte	0x8
 693 050b 04       		.byte	0x4
 694 050c 93020000 		.4byte	.LASF110
 695 0510 07       		.uleb128 0x7
 696 0511 02       		.byte	0x2
 697 0512 04       		.byte	0x4
 698 0513 6401     		.2byte	0x164
 699 0515 34050000 		.4byte	0x534
 700 0519 08       		.uleb128 0x8
 701 051a 1B0A0000 		.4byte	.LASF111
 702 051e 04       		.byte	0x4
 703 051f 6E01     		.2byte	0x16e
 704 0521 AF000000 		.4byte	0xaf
 705 0525 00       		.byte	0
 706 0526 08       		.uleb128 0x8
 707 0527 1C050000 		.4byte	.LASF112
 708 052b 04       		.byte	0x4
 709 052c 7201     		.2byte	0x172
 710 052e AF000000 		.4byte	0xaf
 711 0532 01       		.byte	0x1
 712 0533 00       		.byte	0
 713 0534 09       		.uleb128 0x9
 714 0535 A5000000 		.4byte	.LASF113
 715 0539 04       		.byte	0x4
 716 053a 7401     		.2byte	0x174
 717 053c 10050000 		.4byte	0x510
 718 0540 09       		.uleb128 0x9
 719 0541 2F050000 		.4byte	.LASF114
 720 0545 05       		.byte	0x5
 721 0546 7F01     		.2byte	0x17f
 722 0548 C5000000 		.4byte	0xc5
 723 054c 0A       		.uleb128 0xa
 724 054d 01       		.byte	0x1
 725 054e 4B000000 		.4byte	0x4b
 726 0552 06       		.byte	0x6
 727 0553 7E       		.byte	0x7e
 728 0554 71050000 		.4byte	0x571
 729 0558 0B       		.uleb128 0xb
 730 0559 BA090000 		.4byte	.LASF115
 731 055d 00       		.byte	0
 732 055e 0B       		.uleb128 0xb
 733 055f 92050000 		.4byte	.LASF116
 734 0563 01       		.byte	0x1
 735 0564 0B       		.uleb128 0xb
 736 0565 9D090000 		.4byte	.LASF117
 737 0569 02       		.byte	0x2
 738 056a 0B       		.uleb128 0xb
 739 056b 00020000 		.4byte	.LASF118
 740 056f 03       		.byte	0x3
 741 0570 00       		.byte	0
ARM GAS  C:\Users\subra\AppData\Local\Temp\ccZP0sEK.s 			page 14


 742 0571 04       		.uleb128 0x4
 743 0572 58020000 		.4byte	.LASF119
 744 0576 06       		.byte	0x6
 745 0577 83       		.byte	0x83
 746 0578 4C050000 		.4byte	0x54c
 747 057c 0A       		.uleb128 0xa
 748 057d 01       		.byte	0x1
 749 057e 4B000000 		.4byte	0x4b
 750 0582 06       		.byte	0x6
 751 0583 87       		.byte	0x87
 752 0584 B9050000 		.4byte	0x5b9
 753 0588 0B       		.uleb128 0xb
 754 0589 57090000 		.4byte	.LASF120
 755 058d 00       		.byte	0
 756 058e 0B       		.uleb128 0xb
 757 058f 820A0000 		.4byte	.LASF121
 758 0593 01       		.byte	0x1
 759 0594 0B       		.uleb128 0xb
 760 0595 B5030000 		.4byte	.LASF122
 761 0599 02       		.byte	0x2
 762 059a 0B       		.uleb128 0xb
 763 059b 5E030000 		.4byte	.LASF123
 764 059f 03       		.byte	0x3
 765 05a0 0B       		.uleb128 0xb
 766 05a1 CC020000 		.4byte	.LASF124
 767 05a5 04       		.byte	0x4
 768 05a6 0B       		.uleb128 0xb
 769 05a7 75070000 		.4byte	.LASF125
 770 05ab 05       		.byte	0x5
 771 05ac 0B       		.uleb128 0xb
 772 05ad D1030000 		.4byte	.LASF126
 773 05b1 06       		.byte	0x6
 774 05b2 0B       		.uleb128 0xb
 775 05b3 06070000 		.4byte	.LASF127
 776 05b7 07       		.byte	0x7
 777 05b8 00       		.byte	0
 778 05b9 04       		.uleb128 0x4
 779 05ba 06060000 		.4byte	.LASF128
 780 05be 06       		.byte	0x6
 781 05bf 90       		.byte	0x90
 782 05c0 7C050000 		.4byte	0x57c
 783 05c4 03       		.uleb128 0x3
 784 05c5 01       		.byte	0x1
 785 05c6 02       		.byte	0x2
 786 05c7 9F070000 		.4byte	.LASF129
 787 05cb 05       		.uleb128 0x5
 788 05cc 04       		.byte	0x4
 789 05cd 07       		.byte	0x7
 790 05ce 3B       		.byte	0x3b
 791 05cf EC050000 		.4byte	0x5ec
 792 05d3 06       		.uleb128 0x6
 793 05d4 6D0A0000 		.4byte	.LASF130
 794 05d8 07       		.byte	0x7
 795 05d9 3E       		.byte	0x3e
 796 05da 40050000 		.4byte	0x540
 797 05de 00       		.byte	0
 798 05df 06       		.uleb128 0x6
ARM GAS  C:\Users\subra\AppData\Local\Temp\ccZP0sEK.s 			page 15


 799 05e0 C40A0000 		.4byte	.LASF131
 800 05e4 07       		.byte	0x7
 801 05e5 41       		.byte	0x41
 802 05e6 EC050000 		.4byte	0x5ec
 803 05ea 02       		.byte	0x2
 804 05eb 00       		.byte	0
 805 05ec 0C       		.uleb128 0xc
 806 05ed 40050000 		.4byte	0x540
 807 05f1 FC050000 		.4byte	0x5fc
 808 05f5 0D       		.uleb128 0xd
 809 05f6 A1000000 		.4byte	0xa1
 810 05fa 00       		.byte	0
 811 05fb 00       		.byte	0
 812 05fc 04       		.uleb128 0x4
 813 05fd D9070000 		.4byte	.LASF132
 814 0601 07       		.byte	0x7
 815 0602 43       		.byte	0x43
 816 0603 CB050000 		.4byte	0x5cb
 817 0607 05       		.uleb128 0x5
 818 0608 06       		.byte	0x6
 819 0609 07       		.byte	0x7
 820 060a 46       		.byte	0x46
 821 060b 28060000 		.4byte	0x628
 822 060f 06       		.uleb128 0x6
 823 0610 BE000000 		.4byte	.LASF133
 824 0614 07       		.byte	0x7
 825 0615 49       		.byte	0x49
 826 0616 40050000 		.4byte	0x540
 827 061a 00       		.byte	0
 828 061b 06       		.uleb128 0x6
 829 061c 20030000 		.4byte	.LASF134
 830 0620 07       		.byte	0x7
 831 0621 4C       		.byte	0x4c
 832 0622 28060000 		.4byte	0x628
 833 0626 02       		.byte	0x2
 834 0627 00       		.byte	0
 835 0628 0C       		.uleb128 0xc
 836 0629 FC050000 		.4byte	0x5fc
 837 062d 38060000 		.4byte	0x638
 838 0631 0D       		.uleb128 0xd
 839 0632 A1000000 		.4byte	0xa1
 840 0636 00       		.byte	0
 841 0637 00       		.byte	0
 842 0638 04       		.uleb128 0x4
 843 0639 36080000 		.4byte	.LASF135
 844 063d 07       		.byte	0x7
 845 063e 4E       		.byte	0x4e
 846 063f 07060000 		.4byte	0x607
 847 0643 05       		.uleb128 0x5
 848 0644 04       		.byte	0x4
 849 0645 07       		.byte	0x7
 850 0646 90       		.byte	0x90
 851 0647 58060000 		.4byte	0x658
 852 064b 06       		.uleb128 0x6
 853 064c 70000000 		.4byte	.LASF136
 854 0650 07       		.byte	0x7
 855 0651 94       		.byte	0x94
ARM GAS  C:\Users\subra\AppData\Local\Temp\ccZP0sEK.s 			page 16


 856 0652 58060000 		.4byte	0x658
 857 0656 00       		.byte	0
 858 0657 00       		.byte	0
 859 0658 0E       		.uleb128 0xe
 860 0659 04       		.byte	0x4
 861 065a 5E060000 		.4byte	0x65e
 862 065e 0F       		.uleb128 0xf
 863 065f 38060000 		.4byte	0x638
 864 0663 04       		.uleb128 0x4
 865 0664 1B080000 		.4byte	.LASF137
 866 0668 07       		.byte	0x7
 867 0669 9B       		.byte	0x9b
 868 066a 43060000 		.4byte	0x643
 869 066e 0C       		.uleb128 0xc
 870 066f 5E060000 		.4byte	0x65e
 871 0673 7E060000 		.4byte	0x67e
 872 0677 0D       		.uleb128 0xd
 873 0678 A1000000 		.4byte	0xa1
 874 067c 00       		.byte	0
 875 067d 00       		.byte	0
 876 067e 10       		.uleb128 0x10
 877 067f 96040000 		.4byte	.LASF148
 878 0683 09       		.byte	0x9
 879 0684 1A       		.byte	0x1a
 880 0685 8F060000 		.4byte	0x68f
 881 0689 05       		.uleb128 0x5
 882 068a 03       		.byte	0x3
 883 068b 00000000 		.4byte	cy_ble_customs
 884 068f 0F       		.uleb128 0xf
 885 0690 6E060000 		.4byte	0x66e
 886 0694 11       		.uleb128 0x11
 887 0695 41070000 		.4byte	.LASF138
 888 0699 03       		.byte	0x3
 889 069a A7       		.byte	0xa7
 890 069b 9F060000 		.4byte	0x69f
 891 069f 0E       		.uleb128 0xe
 892 06a0 04       		.byte	0x4
 893 06a1 A5060000 		.4byte	0x6a5
 894 06a5 0F       		.uleb128 0xf
 895 06a6 F7040000 		.4byte	0x4f7
 896 06aa 12       		.uleb128 0x12
 897 06ab 25010000 		.4byte	.LASF139
 898 06af 08       		.byte	0x8
 899 06b0 F907     		.2byte	0x7f9
 900 06b2 B6060000 		.4byte	0x6b6
 901 06b6 13       		.uleb128 0x13
 902 06b7 D0000000 		.4byte	0xd0
 903 06bb 12       		.uleb128 0x12
 904 06bc DE080000 		.4byte	.LASF140
 905 06c0 06       		.byte	0x6
 906 06c1 2202     		.2byte	0x222
 907 06c3 71050000 		.4byte	0x571
 908 06c7 0C       		.uleb128 0xc
 909 06c8 34050000 		.4byte	0x534
 910 06cc D7060000 		.4byte	0x6d7
 911 06d0 0D       		.uleb128 0xd
 912 06d1 A1000000 		.4byte	0xa1
ARM GAS  C:\Users\subra\AppData\Local\Temp\ccZP0sEK.s 			page 17


 913 06d5 00       		.byte	0
 914 06d6 00       		.byte	0
 915 06d7 12       		.uleb128 0x12
 916 06d8 76090000 		.4byte	.LASF141
 917 06dc 06       		.byte	0x6
 918 06dd 2C02     		.2byte	0x22c
 919 06df C7060000 		.4byte	0x6c7
 920 06e3 0C       		.uleb128 0xc
 921 06e4 B9050000 		.4byte	0x5b9
 922 06e8 F3060000 		.4byte	0x6f3
 923 06ec 0D       		.uleb128 0xd
 924 06ed A1000000 		.4byte	0xa1
 925 06f1 00       		.byte	0
 926 06f2 00       		.byte	0
 927 06f3 12       		.uleb128 0x12
 928 06f4 85040000 		.4byte	.LASF142
 929 06f8 06       		.byte	0x6
 930 06f9 2D02     		.2byte	0x22d
 931 06fb E3060000 		.4byte	0x6e3
 932 06ff 12       		.uleb128 0x12
 933 0700 A8080000 		.4byte	.LASF143
 934 0704 06       		.byte	0x6
 935 0705 5202     		.2byte	0x252
 936 0707 AF000000 		.4byte	0xaf
 937 070b 14       		.uleb128 0x14
 938 070c D6050000 		.4byte	.LASF144
 939 0710 09       		.byte	0x9
 940 0711 3C       		.byte	0x3c
 941 0712 63060000 		.4byte	0x663
 942 0716 05       		.uleb128 0x5
 943 0717 03       		.byte	0x3
 944 0718 00000000 		.4byte	cy_ble_customConfig
 945 071c 00       		.byte	0
 946              		.section	.debug_abbrev,"",%progbits
 947              	.Ldebug_abbrev0:
 948 0000 01       		.uleb128 0x1
 949 0001 11       		.uleb128 0x11
 950 0002 01       		.byte	0x1
 951 0003 25       		.uleb128 0x25
 952 0004 0E       		.uleb128 0xe
 953 0005 13       		.uleb128 0x13
 954 0006 0B       		.uleb128 0xb
 955 0007 03       		.uleb128 0x3
 956 0008 0E       		.uleb128 0xe
 957 0009 1B       		.uleb128 0x1b
 958 000a 0E       		.uleb128 0xe
 959 000b 10       		.uleb128 0x10
 960 000c 17       		.uleb128 0x17
 961 000d 00       		.byte	0
 962 000e 00       		.byte	0
 963 000f 02       		.uleb128 0x2
 964 0010 24       		.uleb128 0x24
 965 0011 00       		.byte	0
 966 0012 0B       		.uleb128 0xb
 967 0013 0B       		.uleb128 0xb
 968 0014 3E       		.uleb128 0x3e
 969 0015 0B       		.uleb128 0xb
ARM GAS  C:\Users\subra\AppData\Local\Temp\ccZP0sEK.s 			page 18


 970 0016 03       		.uleb128 0x3
 971 0017 08       		.uleb128 0x8
 972 0018 00       		.byte	0
 973 0019 00       		.byte	0
 974 001a 03       		.uleb128 0x3
 975 001b 24       		.uleb128 0x24
 976 001c 00       		.byte	0
 977 001d 0B       		.uleb128 0xb
 978 001e 0B       		.uleb128 0xb
 979 001f 3E       		.uleb128 0x3e
 980 0020 0B       		.uleb128 0xb
 981 0021 03       		.uleb128 0x3
 982 0022 0E       		.uleb128 0xe
 983 0023 00       		.byte	0
 984 0024 00       		.byte	0
 985 0025 04       		.uleb128 0x4
 986 0026 16       		.uleb128 0x16
 987 0027 00       		.byte	0
 988 0028 03       		.uleb128 0x3
 989 0029 0E       		.uleb128 0xe
 990 002a 3A       		.uleb128 0x3a
 991 002b 0B       		.uleb128 0xb
 992 002c 3B       		.uleb128 0x3b
 993 002d 0B       		.uleb128 0xb
 994 002e 49       		.uleb128 0x49
 995 002f 13       		.uleb128 0x13
 996 0030 00       		.byte	0
 997 0031 00       		.byte	0
 998 0032 05       		.uleb128 0x5
 999 0033 13       		.uleb128 0x13
 1000 0034 01       		.byte	0x1
 1001 0035 0B       		.uleb128 0xb
 1002 0036 0B       		.uleb128 0xb
 1003 0037 3A       		.uleb128 0x3a
 1004 0038 0B       		.uleb128 0xb
 1005 0039 3B       		.uleb128 0x3b
 1006 003a 0B       		.uleb128 0xb
 1007 003b 01       		.uleb128 0x1
 1008 003c 13       		.uleb128 0x13
 1009 003d 00       		.byte	0
 1010 003e 00       		.byte	0
 1011 003f 06       		.uleb128 0x6
 1012 0040 0D       		.uleb128 0xd
 1013 0041 00       		.byte	0
 1014 0042 03       		.uleb128 0x3
 1015 0043 0E       		.uleb128 0xe
 1016 0044 3A       		.uleb128 0x3a
 1017 0045 0B       		.uleb128 0xb
 1018 0046 3B       		.uleb128 0x3b
 1019 0047 0B       		.uleb128 0xb
 1020 0048 49       		.uleb128 0x49
 1021 0049 13       		.uleb128 0x13
 1022 004a 38       		.uleb128 0x38
 1023 004b 0B       		.uleb128 0xb
 1024 004c 00       		.byte	0
 1025 004d 00       		.byte	0
 1026 004e 07       		.uleb128 0x7
ARM GAS  C:\Users\subra\AppData\Local\Temp\ccZP0sEK.s 			page 19


 1027 004f 13       		.uleb128 0x13
 1028 0050 01       		.byte	0x1
 1029 0051 0B       		.uleb128 0xb
 1030 0052 0B       		.uleb128 0xb
 1031 0053 3A       		.uleb128 0x3a
 1032 0054 0B       		.uleb128 0xb
 1033 0055 3B       		.uleb128 0x3b
 1034 0056 05       		.uleb128 0x5
 1035 0057 01       		.uleb128 0x1
 1036 0058 13       		.uleb128 0x13
 1037 0059 00       		.byte	0
 1038 005a 00       		.byte	0
 1039 005b 08       		.uleb128 0x8
 1040 005c 0D       		.uleb128 0xd
 1041 005d 00       		.byte	0
 1042 005e 03       		.uleb128 0x3
 1043 005f 0E       		.uleb128 0xe
 1044 0060 3A       		.uleb128 0x3a
 1045 0061 0B       		.uleb128 0xb
 1046 0062 3B       		.uleb128 0x3b
 1047 0063 05       		.uleb128 0x5
 1048 0064 49       		.uleb128 0x49
 1049 0065 13       		.uleb128 0x13
 1050 0066 38       		.uleb128 0x38
 1051 0067 0B       		.uleb128 0xb
 1052 0068 00       		.byte	0
 1053 0069 00       		.byte	0
 1054 006a 09       		.uleb128 0x9
 1055 006b 16       		.uleb128 0x16
 1056 006c 00       		.byte	0
 1057 006d 03       		.uleb128 0x3
 1058 006e 0E       		.uleb128 0xe
 1059 006f 3A       		.uleb128 0x3a
 1060 0070 0B       		.uleb128 0xb
 1061 0071 3B       		.uleb128 0x3b
 1062 0072 05       		.uleb128 0x5
 1063 0073 49       		.uleb128 0x49
 1064 0074 13       		.uleb128 0x13
 1065 0075 00       		.byte	0
 1066 0076 00       		.byte	0
 1067 0077 0A       		.uleb128 0xa
 1068 0078 04       		.uleb128 0x4
 1069 0079 01       		.byte	0x1
 1070 007a 0B       		.uleb128 0xb
 1071 007b 0B       		.uleb128 0xb
 1072 007c 49       		.uleb128 0x49
 1073 007d 13       		.uleb128 0x13
 1074 007e 3A       		.uleb128 0x3a
 1075 007f 0B       		.uleb128 0xb
 1076 0080 3B       		.uleb128 0x3b
 1077 0081 0B       		.uleb128 0xb
 1078 0082 01       		.uleb128 0x1
 1079 0083 13       		.uleb128 0x13
 1080 0084 00       		.byte	0
 1081 0085 00       		.byte	0
 1082 0086 0B       		.uleb128 0xb
 1083 0087 28       		.uleb128 0x28
ARM GAS  C:\Users\subra\AppData\Local\Temp\ccZP0sEK.s 			page 20


 1084 0088 00       		.byte	0
 1085 0089 03       		.uleb128 0x3
 1086 008a 0E       		.uleb128 0xe
 1087 008b 1C       		.uleb128 0x1c
 1088 008c 0B       		.uleb128 0xb
 1089 008d 00       		.byte	0
 1090 008e 00       		.byte	0
 1091 008f 0C       		.uleb128 0xc
 1092 0090 01       		.uleb128 0x1
 1093 0091 01       		.byte	0x1
 1094 0092 49       		.uleb128 0x49
 1095 0093 13       		.uleb128 0x13
 1096 0094 01       		.uleb128 0x1
 1097 0095 13       		.uleb128 0x13
 1098 0096 00       		.byte	0
 1099 0097 00       		.byte	0
 1100 0098 0D       		.uleb128 0xd
 1101 0099 21       		.uleb128 0x21
 1102 009a 00       		.byte	0
 1103 009b 49       		.uleb128 0x49
 1104 009c 13       		.uleb128 0x13
 1105 009d 2F       		.uleb128 0x2f
 1106 009e 0B       		.uleb128 0xb
 1107 009f 00       		.byte	0
 1108 00a0 00       		.byte	0
 1109 00a1 0E       		.uleb128 0xe
 1110 00a2 0F       		.uleb128 0xf
 1111 00a3 00       		.byte	0
 1112 00a4 0B       		.uleb128 0xb
 1113 00a5 0B       		.uleb128 0xb
 1114 00a6 49       		.uleb128 0x49
 1115 00a7 13       		.uleb128 0x13
 1116 00a8 00       		.byte	0
 1117 00a9 00       		.byte	0
 1118 00aa 0F       		.uleb128 0xf
 1119 00ab 26       		.uleb128 0x26
 1120 00ac 00       		.byte	0
 1121 00ad 49       		.uleb128 0x49
 1122 00ae 13       		.uleb128 0x13
 1123 00af 00       		.byte	0
 1124 00b0 00       		.byte	0
 1125 00b1 10       		.uleb128 0x10
 1126 00b2 34       		.uleb128 0x34
 1127 00b3 00       		.byte	0
 1128 00b4 03       		.uleb128 0x3
 1129 00b5 0E       		.uleb128 0xe
 1130 00b6 3A       		.uleb128 0x3a
 1131 00b7 0B       		.uleb128 0xb
 1132 00b8 3B       		.uleb128 0x3b
 1133 00b9 0B       		.uleb128 0xb
 1134 00ba 49       		.uleb128 0x49
 1135 00bb 13       		.uleb128 0x13
 1136 00bc 02       		.uleb128 0x2
 1137 00bd 18       		.uleb128 0x18
 1138 00be 00       		.byte	0
 1139 00bf 00       		.byte	0
 1140 00c0 11       		.uleb128 0x11
ARM GAS  C:\Users\subra\AppData\Local\Temp\ccZP0sEK.s 			page 21


 1141 00c1 34       		.uleb128 0x34
 1142 00c2 00       		.byte	0
 1143 00c3 03       		.uleb128 0x3
 1144 00c4 0E       		.uleb128 0xe
 1145 00c5 3A       		.uleb128 0x3a
 1146 00c6 0B       		.uleb128 0xb
 1147 00c7 3B       		.uleb128 0x3b
 1148 00c8 0B       		.uleb128 0xb
 1149 00c9 49       		.uleb128 0x49
 1150 00ca 13       		.uleb128 0x13
 1151 00cb 3F       		.uleb128 0x3f
 1152 00cc 19       		.uleb128 0x19
 1153 00cd 3C       		.uleb128 0x3c
 1154 00ce 19       		.uleb128 0x19
 1155 00cf 00       		.byte	0
 1156 00d0 00       		.byte	0
 1157 00d1 12       		.uleb128 0x12
 1158 00d2 34       		.uleb128 0x34
 1159 00d3 00       		.byte	0
 1160 00d4 03       		.uleb128 0x3
 1161 00d5 0E       		.uleb128 0xe
 1162 00d6 3A       		.uleb128 0x3a
 1163 00d7 0B       		.uleb128 0xb
 1164 00d8 3B       		.uleb128 0x3b
 1165 00d9 05       		.uleb128 0x5
 1166 00da 49       		.uleb128 0x49
 1167 00db 13       		.uleb128 0x13
 1168 00dc 3F       		.uleb128 0x3f
 1169 00dd 19       		.uleb128 0x19
 1170 00de 3C       		.uleb128 0x3c
 1171 00df 19       		.uleb128 0x19
 1172 00e0 00       		.byte	0
 1173 00e1 00       		.byte	0
 1174 00e2 13       		.uleb128 0x13
 1175 00e3 35       		.uleb128 0x35
 1176 00e4 00       		.byte	0
 1177 00e5 49       		.uleb128 0x49
 1178 00e6 13       		.uleb128 0x13
 1179 00e7 00       		.byte	0
 1180 00e8 00       		.byte	0
 1181 00e9 14       		.uleb128 0x14
 1182 00ea 34       		.uleb128 0x34
 1183 00eb 00       		.byte	0
 1184 00ec 03       		.uleb128 0x3
 1185 00ed 0E       		.uleb128 0xe
 1186 00ee 3A       		.uleb128 0x3a
 1187 00ef 0B       		.uleb128 0xb
 1188 00f0 3B       		.uleb128 0x3b
 1189 00f1 0B       		.uleb128 0xb
 1190 00f2 49       		.uleb128 0x49
 1191 00f3 13       		.uleb128 0x13
 1192 00f4 3F       		.uleb128 0x3f
 1193 00f5 19       		.uleb128 0x19
 1194 00f6 02       		.uleb128 0x2
 1195 00f7 18       		.uleb128 0x18
 1196 00f8 00       		.byte	0
 1197 00f9 00       		.byte	0
ARM GAS  C:\Users\subra\AppData\Local\Temp\ccZP0sEK.s 			page 22


 1198 00fa 00       		.byte	0
 1199              		.section	.debug_aranges,"",%progbits
 1200 0000 14000000 		.4byte	0x14
 1201 0004 0200     		.2byte	0x2
 1202 0006 00000000 		.4byte	.Ldebug_info0
 1203 000a 04       		.byte	0x4
 1204 000b 00       		.byte	0
 1205 000c 0000     		.2byte	0
 1206 000e 0000     		.2byte	0
 1207 0010 00000000 		.4byte	0
 1208 0014 00000000 		.4byte	0
 1209              		.section	.debug_line,"",%progbits
 1210              	.Ldebug_line0:
 1211 0000 3F020000 		.section	.debug_str,"MS",%progbits,1
 1211      02003902 
 1211      00000201 
 1211      FB0E0D00 
 1211      01010101 
 1212              	.LASF57:
 1213 0000 70726F74 		.ascii	"protBusMasterMask\000"
 1213      4275734D 
 1213      61737465 
 1213      724D6173 
 1213      6B00
 1214              	.LASF67:
 1215 0012 666C6173 		.ascii	"flashCtlMainWs3Freq\000"
 1215      6843746C 
 1215      4D61696E 
 1215      57733346 
 1215      72657100 
 1216              	.LASF89:
 1217 0026 6770696F 		.ascii	"gpioPrtCfgInOffset\000"
 1217      50727443 
 1217      6667496E 
 1217      4F666673 
 1217      657400
 1218              	.LASF107:
 1219 0039 6970634C 		.ascii	"ipcLockStatusOffset\000"
 1219      6F636B53 
 1219      74617475 
 1219      734F6666 
 1219      73657400 
 1220              	.LASF33:
 1221 004d 63727970 		.ascii	"cryptoVersion\000"
 1221      746F5665 
 1221      7273696F 
 1221      6E00
 1222              	.LASF51:
 1223 005b 70657269 		.ascii	"periClockNr\000"
 1223      436C6F63 
 1223      6B4E7200 
 1224              	.LASF29:
 1225 0067 70617373 		.ascii	"passBase\000"
 1225      42617365 
 1225      00
 1226              	.LASF136:
 1227 0070 63757374 		.ascii	"customs\000"
ARM GAS  C:\Users\subra\AppData\Local\Temp\ccZP0sEK.s 			page 23


 1227      6F6D7300 
 1228              	.LASF42:
 1229 0078 63707573 		.ascii	"cpussIpcIrqNr\000"
 1229      73497063 
 1229      4972714E 
 1229      7200
 1230              	.LASF5:
 1231 0086 5F5F7569 		.ascii	"__uint8_t\000"
 1231      6E74385F 
 1231      7400
 1232              	.LASF86:
 1233 0090 70657269 		.ascii	"periDiv24_5CtlOffset\000"
 1233      44697632 
 1233      345F3543 
 1233      746C4F66 
 1233      66736574 
 1234              	.LASF113:
 1235 00a5 63795F73 		.ascii	"cy_stc_ble_conn_handle_t\000"
 1235      74635F62 
 1235      6C655F63 
 1235      6F6E6E5F 
 1235      68616E64 
 1236              	.LASF133:
 1237 00be 63757374 		.ascii	"customServHandle\000"
 1237      6F6D5365 
 1237      72764861 
 1237      6E646C65 
 1237      00
 1238              	.LASF22:
 1239 00cf 63707573 		.ascii	"cpussBase\000"
 1239      73426173 
 1239      6500
 1240              	.LASF71:
 1241 00d9 64774368 		.ascii	"dwChCtlPrioPos\000"
 1241      43746C50 
 1241      72696F50 
 1241      6F7300
 1242              	.LASF14:
 1243 00e8 6C6F6E67 		.ascii	"long long unsigned int\000"
 1243      206C6F6E 
 1243      6720756E 
 1243      7369676E 
 1243      65642069 
 1244              	.LASF75:
 1245 00ff 70657269 		.ascii	"periTrCmdOffset\000"
 1245      5472436D 
 1245      644F6666 
 1245      73657400 
 1246              	.LASF99:
 1247 010f 63707573 		.ascii	"cpussSysTickCtlOffset\000"
 1247      73537973 
 1247      5469636B 
 1247      43746C4F 
 1247      66667365 
 1248              	.LASF139:
 1249 0125 49544D5F 		.ascii	"ITM_RxBuffer\000"
 1249      52784275 
ARM GAS  C:\Users\subra\AppData\Local\Temp\ccZP0sEK.s 			page 24


 1249      66666572 
 1249      00
 1250              	.LASF60:
 1251 0132 666C6173 		.ascii	"flashPipeRequired\000"
 1251      68506970 
 1251      65526571 
 1251      75697265 
 1251      6400
 1252              	.LASF64:
 1253 0144 666C6173 		.ascii	"flashCtlMainWs0Freq\000"
 1253      6843746C 
 1253      4D61696E 
 1253      57733046 
 1253      72657100 
 1254              	.LASF18:
 1255 0158 696E7431 		.ascii	"int16_t\000"
 1255      365F7400 
 1256              	.LASF147:
 1257 0160 443A5C50 		.ascii	"D:\\Projects\\NS\\Neural-Stimulator-Firmware\\new\\"
 1257      726F6A65 
 1257      6374735C 
 1257      4E535C4E 
 1257      65757261 
 1258 018e 50534F43 		.ascii	"PSOC6\\CustomService.cydsn\000"
 1258      365C4375 
 1258      73746F6D 
 1258      53657276 
 1258      6963652E 
 1259              	.LASF1:
 1260 01a8 6C6F6E67 		.ascii	"long long int\000"
 1260      206C6F6E 
 1260      6720696E 
 1260      7400
 1261              	.LASF3:
 1262 01b6 7369676E 		.ascii	"signed char\000"
 1262      65642063 
 1262      68617200 
 1263              	.LASF80:
 1264 01c2 70657269 		.ascii	"periDivCmdTypeSelPos\000"
 1264      44697643 
 1264      6D645479 
 1264      70655365 
 1264      6C506F73 
 1265              	.LASF26:
 1266 01d7 70726F74 		.ascii	"protBase\000"
 1266      42617365 
 1266      00
 1267              	.LASF38:
 1268 01e0 69706356 		.ascii	"ipcVersion\000"
 1268      65727369 
 1268      6F6E00
 1269              	.LASF100:
 1270 01eb 63707573 		.ascii	"cpussCm0NmiCtlOffset\000"
 1270      73436D30 
 1270      4E6D6943 
 1270      746C4F66 
 1270      66736574 
ARM GAS  C:\Users\subra\AppData\Local\Temp\ccZP0sEK.s 			page 25


 1271              	.LASF118:
 1272 0200 43595F42 		.ascii	"CY_BLE_ADV_STATE_STOP_INITIATED\000"
 1272      4C455F41 
 1272      44565F53 
 1272      54415445 
 1272      5F53544F 
 1273              	.LASF27:
 1274 0220 6873696F 		.ascii	"hsiomBase\000"
 1274      6D426173 
 1274      6500
 1275              	.LASF11:
 1276 022a 6C6F6E67 		.ascii	"long int\000"
 1276      20696E74 
 1276      00
 1277              	.LASF93:
 1278 0233 63707573 		.ascii	"cpussCm4ClockCtlOffset\000"
 1278      73436D34 
 1278      436C6F63 
 1278      6B43746C 
 1278      4F666673 
 1279              	.LASF58:
 1280 024a 63727970 		.ascii	"cryptoMemSize\000"
 1280      746F4D65 
 1280      6D53697A 
 1280      6500
 1281              	.LASF119:
 1282 0258 63795F65 		.ascii	"cy_en_ble_adv_state_t\000"
 1282      6E5F626C 
 1282      655F6164 
 1282      765F7374 
 1282      6174655F 
 1283              	.LASF24:
 1284 026e 70657269 		.ascii	"periBase\000"
 1284      42617365 
 1284      00
 1285              	.LASF56:
 1286 0277 73797350 		.ascii	"sysPmSimoPresent\000"
 1286      6D53696D 
 1286      6F507265 
 1286      73656E74 
 1286      00
 1287              	.LASF46:
 1288 0288 63707573 		.ascii	"cpussFmIrq\000"
 1288      73466D49 
 1288      727100
 1289              	.LASF110:
 1290 0293 646F7562 		.ascii	"double\000"
 1290      6C6500
 1291              	.LASF85:
 1292 029a 70657269 		.ascii	"periDiv16_5CtlOffset\000"
 1292      44697631 
 1292      365F3543 
 1292      746C4F66 
 1292      66736574 
 1293              	.LASF49:
 1294 02af 73727373 		.ascii	"srssNumPll\000"
 1294      4E756D50 
ARM GAS  C:\Users\subra\AppData\Local\Temp\ccZP0sEK.s 			page 26


 1294      6C6C00
 1295              	.LASF83:
 1296 02ba 70657269 		.ascii	"periDiv8CtlOffset\000"
 1296      44697638 
 1296      43746C4F 
 1296      66667365 
 1296      7400
 1297              	.LASF124:
 1298 02cc 43595F42 		.ascii	"CY_BLE_CONN_STATE_CLIENT_INCL_DISCOVERING\000"
 1298      4C455F43 
 1298      4F4E4E5F 
 1298      53544154 
 1298      455F434C 
 1299              	.LASF90:
 1300 02f6 6770696F 		.ascii	"gpioPrtCfgOutOffset\000"
 1300      50727443 
 1300      66674F75 
 1300      744F6666 
 1300      73657400 
 1301              	.LASF23:
 1302 030a 666C6173 		.ascii	"flashcBase\000"
 1302      68634261 
 1302      736500
 1303              	.LASF12:
 1304 0315 5F5F7569 		.ascii	"__uint32_t\000"
 1304      6E743332 
 1304      5F7400
 1305              	.LASF134:
 1306 0320 63757374 		.ascii	"customServInfo\000"
 1306      6F6D5365 
 1306      7276496E 
 1306      666F00
 1307              	.LASF53:
 1308 032f 70617373 		.ascii	"passSarChannels\000"
 1308      53617243 
 1308      68616E6E 
 1308      656C7300 
 1309              	.LASF6:
 1310 033f 5F5F696E 		.ascii	"__int16_t\000"
 1310      7431365F 
 1310      7400
 1311              	.LASF96:
 1312 0349 63707573 		.ascii	"cpussCm4PwrCtlOffset\000"
 1312      73436D34 
 1312      50777243 
 1312      746C4F66 
 1312      66736574 
 1313              	.LASF123:
 1314 035e 43595F42 		.ascii	"CY_BLE_CONN_STATE_CLIENT_SRVC_DISCOVERING\000"
 1314      4C455F43 
 1314      4F4E4E5F 
 1314      53544154 
 1314      455F434C 
 1315              	.LASF91:
 1316 0388 6770696F 		.ascii	"gpioPrtCfgSioOffset\000"
 1316      50727443 
 1316      66675369 
ARM GAS  C:\Users\subra\AppData\Local\Temp\ccZP0sEK.s 			page 27


 1316      6F4F6666 
 1316      73657400 
 1317              	.LASF43:
 1318 039c 63707573 		.ascii	"cpussDwChNr\000"
 1318      73447743 
 1318      684E7200 
 1319              	.LASF0:
 1320 03a8 756E7369 		.ascii	"unsigned int\000"
 1320      676E6564 
 1320      20696E74 
 1320      00
 1321              	.LASF122:
 1322 03b5 43595F42 		.ascii	"CY_BLE_CONN_STATE_CONNECTED\000"
 1322      4C455F43 
 1322      4F4E4E5F 
 1322      53544154 
 1322      455F434F 
 1323              	.LASF126:
 1324 03d1 43595F42 		.ascii	"CY_BLE_CONN_STATE_CLIENT_DESCR_DISCOVERING\000"
 1324      4C455F43 
 1324      4F4E4E5F 
 1324      53544154 
 1324      455F434C 
 1325              	.LASF19:
 1326 03fc 75696E74 		.ascii	"uint16_t\000"
 1326      31365F74 
 1326      00
 1327              	.LASF76:
 1328 0405 70657269 		.ascii	"periTrCmdGrSelMsk\000"
 1328      5472436D 
 1328      64477253 
 1328      656C4D73 
 1328      6B00
 1329              	.LASF13:
 1330 0417 6C6F6E67 		.ascii	"long unsigned int\000"
 1330      20756E73 
 1330      69676E65 
 1330      6420696E 
 1330      7400
 1331              	.LASF41:
 1332 0429 63707573 		.ascii	"cpussIpcNr\000"
 1332      73497063 
 1332      4E7200
 1333              	.LASF28:
 1334 0434 6770696F 		.ascii	"gpioBase\000"
 1334      42617365 
 1334      00
 1335              	.LASF146:
 1336 043d 47656E65 		.ascii	"Generated_Source\\PSoC6\\BLE_custom_config.c\000"
 1336      72617465 
 1336      645F536F 
 1336      75726365 
 1336      5C50536F 
 1337              	.LASF77:
 1338 0468 70657269 		.ascii	"periTrGrOffset\000"
 1338      54724772 
 1338      4F666673 
ARM GAS  C:\Users\subra\AppData\Local\Temp\ccZP0sEK.s 			page 28


 1338      657400
 1339              	.LASF104:
 1340 0477 63707573 		.ascii	"cpussRam1Ctl0\000"
 1340      7352616D 
 1340      3143746C 
 1340      3000
 1341              	.LASF142:
 1342 0485 63795F62 		.ascii	"cy_ble_connState\000"
 1342      6C655F63 
 1342      6F6E6E53 
 1342      74617465 
 1342      00
 1343              	.LASF148:
 1344 0496 63795F62 		.ascii	"cy_ble_customs\000"
 1344      6C655F63 
 1344      7573746F 
 1344      6D7300
 1345              	.LASF78:
 1346 04a5 70657269 		.ascii	"periTrGrSize\000"
 1346      54724772 
 1346      53697A65 
 1346      00
 1347              	.LASF36:
 1348 04b2 6770696F 		.ascii	"gpioVersion\000"
 1348      56657273 
 1348      696F6E00 
 1349              	.LASF108:
 1350 04be 63795F73 		.ascii	"cy_stc_device_t\000"
 1350      74635F64 
 1350      65766963 
 1350      655F7400 
 1351              	.LASF54:
 1352 04ce 65704D6F 		.ascii	"epMonitorNr\000"
 1352      6E69746F 
 1352      724E7200 
 1353              	.LASF101:
 1354 04da 63707573 		.ascii	"cpussCm4NmiCtlOffset\000"
 1354      73436D34 
 1354      4E6D6943 
 1354      746C4F66 
 1354      66736574 
 1355              	.LASF97:
 1356 04ef 63707573 		.ascii	"cpussTrimRamCtlOffset\000"
 1356      73547269 
 1356      6D52616D 
 1356      43746C4F 
 1356      66667365 
 1357              	.LASF92:
 1358 0505 63707573 		.ascii	"cpussCm0ClockCtlOffset\000"
 1358      73436D30 
 1358      436C6F63 
 1358      6B43746C 
 1358      4F666673 
 1359              	.LASF112:
 1360 051c 61747449 		.ascii	"attId\000"
 1360      6400
 1361              	.LASF32:
ARM GAS  C:\Users\subra\AppData\Local\Temp\ccZP0sEK.s 			page 29


 1362 0522 63707573 		.ascii	"cpussVersion\000"
 1362      73566572 
 1362      73696F6E 
 1362      00
 1363              	.LASF114:
 1364 052f 63795F62 		.ascii	"cy_ble_gatt_db_attr_handle_t\000"
 1364      6C655F67 
 1364      6174745F 
 1364      64625F61 
 1364      7474725F 
 1365              	.LASF39:
 1366 054c 70657269 		.ascii	"periVersion\000"
 1366      56657273 
 1366      696F6E00 
 1367              	.LASF95:
 1368 0558 63707573 		.ascii	"cpussCm0StatusOffset\000"
 1368      73436D30 
 1368      53746174 
 1368      75734F66 
 1368      66736574 
 1369              	.LASF15:
 1370 056d 73697A65 		.ascii	"sizetype\000"
 1370      74797065 
 1370      00
 1371              	.LASF69:
 1372 0576 64774368 		.ascii	"dwChOffset\000"
 1372      4F666673 
 1372      657400
 1373              	.LASF44:
 1374 0581 63707573 		.ascii	"cpussFlashPaSize\000"
 1374      73466C61 
 1374      73685061 
 1374      53697A65 
 1374      00
 1375              	.LASF116:
 1376 0592 43595F42 		.ascii	"CY_BLE_ADV_STATE_ADV_INITIATED\000"
 1376      4C455F41 
 1376      44565F53 
 1376      54415445 
 1376      5F414456 
 1377              	.LASF82:
 1378 05b1 70657269 		.ascii	"periDivCmdPaTypeSelPos\000"
 1378      44697643 
 1378      6D645061 
 1378      54797065 
 1378      53656C50 
 1379              	.LASF105:
 1380 05c8 63707573 		.ascii	"cpussRam2Ctl0\000"
 1380      7352616D 
 1380      3243746C 
 1380      3000
 1381              	.LASF144:
 1382 05d6 63795F62 		.ascii	"cy_ble_customConfig\000"
 1382      6C655F63 
 1382      7573746F 
 1382      6D436F6E 
 1382      66696700 
ARM GAS  C:\Users\subra\AppData\Local\Temp\ccZP0sEK.s 			page 30


 1383              	.LASF73:
 1384 05ea 64775374 		.ascii	"dwStatusChIdxPos\000"
 1384      61747573 
 1384      43684964 
 1384      78506F73 
 1384      00
 1385              	.LASF55:
 1386 05fb 75646250 		.ascii	"udbPresent\000"
 1386      72657365 
 1386      6E7400
 1387              	.LASF128:
 1388 0606 63795F65 		.ascii	"cy_en_ble_conn_state_t\000"
 1388      6E5F626C 
 1388      655F636F 
 1388      6E6E5F73 
 1388      74617465 
 1389              	.LASF35:
 1390 061d 666C6173 		.ascii	"flashcVersion\000"
 1390      68635665 
 1390      7273696F 
 1390      6E00
 1391              	.LASF31:
 1392 062b 63727970 		.ascii	"cryptoBase\000"
 1392      746F4261 
 1392      736500
 1393              	.LASF52:
 1394 0636 736D6966 		.ascii	"smifDeviceNr\000"
 1394      44657669 
 1394      63654E72 
 1394      00
 1395              	.LASF145:
 1396 0643 474E5520 		.ascii	"GNU C11 5.4.1 20160609 (release) [ARM/embedded-5-br"
 1396      43313120 
 1396      352E342E 
 1396      31203230 
 1396      31363036 
 1397 0676 616E6368 		.ascii	"anch revision 237715] -mcpu=cortex-m4 -mfloat-abi=s"
 1397      20726576 
 1397      6973696F 
 1397      6E203233 
 1397      37373135 
 1398 06a9 6F667466 		.ascii	"oftfp -mfpu=fpv4-sp-d16 -mthumb -g -Og -ffunction-s"
 1398      70202D6D 
 1398      6670753D 
 1398      66707634 
 1398      2D73702D 
 1399 06dc 65637469 		.ascii	"ections -ffat-lto-objects\000"
 1399      6F6E7320 
 1399      2D666661 
 1399      742D6C74 
 1399      6F2D6F62 
 1400              	.LASF61:
 1401 06f6 666C6173 		.ascii	"flashWriteDelay\000"
 1401      68577269 
 1401      74654465 
 1401      6C617900 
 1402              	.LASF127:
ARM GAS  C:\Users\subra\AppData\Local\Temp\ccZP0sEK.s 			page 31


 1403 0706 43595F42 		.ascii	"CY_BLE_CONN_STATE_CLIENT_DISCOVERED\000"
 1403      4C455F43 
 1403      4F4E4E5F 
 1403      53544154 
 1403      455F434C 
 1404              	.LASF109:
 1405 072a 666C6F61 		.ascii	"float\000"
 1405      7400
 1406              	.LASF74:
 1407 0730 64775374 		.ascii	"dwStatusChIdxMsk\000"
 1407      61747573 
 1407      43684964 
 1407      784D736B 
 1407      00
 1408              	.LASF138:
 1409 0741 63795F64 		.ascii	"cy_device\000"
 1409      65766963 
 1409      6500
 1410              	.LASF102:
 1411 074b 63707573 		.ascii	"cpussRomCtl\000"
 1411      73526F6D 
 1411      43746C00 
 1412              	.LASF72:
 1413 0757 64774368 		.ascii	"dwChCtlPreemptablePos\000"
 1413      43746C50 
 1413      7265656D 
 1413      70746162 
 1413      6C65506F 
 1414              	.LASF25:
 1415 076d 75646242 		.ascii	"udbBase\000"
 1415      61736500 
 1416              	.LASF125:
 1417 0775 43595F42 		.ascii	"CY_BLE_CONN_STATE_CLIENT_CHAR_DISCOVERING\000"
 1417      4C455F43 
 1417      4F4E4E5F 
 1417      53544154 
 1417      455F434C 
 1418              	.LASF129:
 1419 079f 5F426F6F 		.ascii	"_Bool\000"
 1419      6C00
 1420              	.LASF20:
 1421 07a5 696E7433 		.ascii	"int32_t\000"
 1421      325F7400 
 1422              	.LASF4:
 1423 07ad 756E7369 		.ascii	"unsigned char\000"
 1423      676E6564 
 1423      20636861 
 1423      7200
 1424              	.LASF68:
 1425 07bb 666C6173 		.ascii	"flashCtlMainWs4Freq\000"
 1425      6843746C 
 1425      4D61696E 
 1425      57733446 
 1425      72657100 
 1426              	.LASF7:
 1427 07cf 73686F72 		.ascii	"short int\000"
 1427      7420696E 
ARM GAS  C:\Users\subra\AppData\Local\Temp\ccZP0sEK.s 			page 32


 1427      7400
 1428              	.LASF132:
 1429 07d9 63795F73 		.ascii	"cy_stc_ble_customs_info_t\000"
 1429      74635F62 
 1429      6C655F63 
 1429      7573746F 
 1429      6D735F69 
 1430              	.LASF79:
 1431 07f3 70657269 		.ascii	"periDivCmdDivSelMsk\000"
 1431      44697643 
 1431      6D644469 
 1431      7653656C 
 1431      4D736B00 
 1432              	.LASF66:
 1433 0807 666C6173 		.ascii	"flashCtlMainWs2Freq\000"
 1433      6843746C 
 1433      4D61696E 
 1433      57733246 
 1433      72657100 
 1434              	.LASF137:
 1435 081b 63795F73 		.ascii	"cy_stc_ble_custom_config_t\000"
 1435      74635F62 
 1435      6C655F63 
 1435      7573746F 
 1435      6D5F636F 
 1436              	.LASF135:
 1437 0836 63795F73 		.ascii	"cy_stc_ble_customs_t\000"
 1437      74635F62 
 1437      6C655F63 
 1437      7573746F 
 1437      6D735F74 
 1438              	.LASF50:
 1439 084b 73727373 		.ascii	"srssNumHfroot\000"
 1439      4E756D48 
 1439      66726F6F 
 1439      7400
 1440              	.LASF63:
 1441 0859 666C6173 		.ascii	"flashEraseDelay\000"
 1441      68457261 
 1441      73654465 
 1441      6C617900 
 1442              	.LASF21:
 1443 0869 75696E74 		.ascii	"uint32_t\000"
 1443      33325F74 
 1443      00
 1444              	.LASF2:
 1445 0872 6C6F6E67 		.ascii	"long double\000"
 1445      20646F75 
 1445      626C6500 
 1446              	.LASF16:
 1447 087e 63686172 		.ascii	"char\000"
 1447      00
 1448              	.LASF40:
 1449 0883 70726F74 		.ascii	"protVersion\000"
 1449      56657273 
 1449      696F6E00 
 1450              	.LASF103:
ARM GAS  C:\Users\subra\AppData\Local\Temp\ccZP0sEK.s 			page 33


 1451 088f 63707573 		.ascii	"cpussRam0Ctl0\000"
 1451      7352616D 
 1451      3043746C 
 1451      3000
 1452              	.LASF8:
 1453 089d 5F5F7569 		.ascii	"__uint16_t\000"
 1453      6E743136 
 1453      5F7400
 1454              	.LASF143:
 1455 08a8 63795F62 		.ascii	"cy_ble_pendingFlashWrite\000"
 1455      6C655F70 
 1455      656E6469 
 1455      6E67466C 
 1455      61736857 
 1456              	.LASF84:
 1457 08c1 70657269 		.ascii	"periDiv16CtlOffset\000"
 1457      44697631 
 1457      3643746C 
 1457      4F666673 
 1457      657400
 1458              	.LASF10:
 1459 08d4 5F5F696E 		.ascii	"__int32_t\000"
 1459      7433325F 
 1459      7400
 1460              	.LASF140:
 1461 08de 63795F62 		.ascii	"cy_ble_advState\000"
 1461      6C655F61 
 1461      64765374 
 1461      61746500 
 1462              	.LASF37:
 1463 08ee 6873696F 		.ascii	"hsiomVersion\000"
 1463      6D566572 
 1463      73696F6E 
 1463      00
 1464              	.LASF65:
 1465 08fb 666C6173 		.ascii	"flashCtlMainWs1Freq\000"
 1465      6843746C 
 1465      4D61696E 
 1465      57733146 
 1465      72657100 
 1466              	.LASF9:
 1467 090f 73686F72 		.ascii	"short unsigned int\000"
 1467      7420756E 
 1467      7369676E 
 1467      65642069 
 1467      6E7400
 1468              	.LASF70:
 1469 0922 64774368 		.ascii	"dwChSize\000"
 1469      53697A65 
 1469      00
 1470              	.LASF106:
 1471 092b 69706353 		.ascii	"ipcStructSize\000"
 1471      74727563 
 1471      7453697A 
 1471      6500
 1472              	.LASF45:
 1473 0939 63707573 		.ascii	"cpussIpc0Irq\000"
ARM GAS  C:\Users\subra\AppData\Local\Temp\ccZP0sEK.s 			page 34


 1473      73497063 
 1473      30497271 
 1473      00
 1474              	.LASF88:
 1475 0946 6770696F 		.ascii	"gpioPrtCfgOffset\000"
 1475      50727443 
 1475      66674F66 
 1475      66736574 
 1475      00
 1476              	.LASF120:
 1477 0957 43595F42 		.ascii	"CY_BLE_CONN_STATE_DISCONNECTED\000"
 1477      4C455F43 
 1477      4F4E4E5F 
 1477      53544154 
 1477      455F4449 
 1478              	.LASF141:
 1479 0976 63795F62 		.ascii	"cy_ble_connHandle\000"
 1479      6C655F63 
 1479      6F6E6E48 
 1479      616E646C 
 1479      6500
 1480              	.LASF47:
 1481 0988 63707573 		.ascii	"cpussNotConnectedIrq\000"
 1481      734E6F74 
 1481      436F6E6E 
 1481      65637465 
 1481      64497271 
 1482              	.LASF117:
 1483 099d 43595F42 		.ascii	"CY_BLE_ADV_STATE_ADVERTISING\000"
 1483      4C455F41 
 1483      44565F53 
 1483      54415445 
 1483      5F414456 
 1484              	.LASF115:
 1485 09ba 43595F42 		.ascii	"CY_BLE_ADV_STATE_STOPPED\000"
 1485      4C455F41 
 1485      44565F53 
 1485      54415445 
 1485      5F53544F 
 1486              	.LASF17:
 1487 09d3 75696E74 		.ascii	"uint8_t\000"
 1487      385F7400 
 1488              	.LASF94:
 1489 09db 63707573 		.ascii	"cpussCm4StatusOffset\000"
 1489      73436D34 
 1489      53746174 
 1489      75734F66 
 1489      66736574 
 1490              	.LASF87:
 1491 09f0 6770696F 		.ascii	"gpioPrtIntrCfgOffset\000"
 1491      50727449 
 1491      6E747243 
 1491      66674F66 
 1491      66736574 
 1492              	.LASF98:
 1493 0a05 63707573 		.ascii	"cpussTrimRomCtlOffset\000"
 1493      73547269 
ARM GAS  C:\Users\subra\AppData\Local\Temp\ccZP0sEK.s 			page 35


 1493      6D526F6D 
 1493      43746C4F 
 1493      66667365 
 1494              	.LASF111:
 1495 0a1b 62644861 		.ascii	"bdHandle\000"
 1495      6E646C65 
 1495      00
 1496              	.LASF48:
 1497 0a24 73727373 		.ascii	"srssNumClkpath\000"
 1497      4E756D43 
 1497      6C6B7061 
 1497      746800
 1498              	.LASF34:
 1499 0a33 64775665 		.ascii	"dwVersion\000"
 1499      7273696F 
 1499      6E00
 1500              	.LASF30:
 1501 0a3d 69706342 		.ascii	"ipcBase\000"
 1501      61736500 
 1502              	.LASF81:
 1503 0a45 70657269 		.ascii	"periDivCmdPaDivSelPos\000"
 1503      44697643 
 1503      6D645061 
 1503      44697653 
 1503      656C506F 
 1504              	.LASF62:
 1505 0a5b 666C6173 		.ascii	"flashProgramDelay\000"
 1505      6850726F 
 1505      6772616D 
 1505      44656C61 
 1505      7900
 1506              	.LASF130:
 1507 0a6d 63757374 		.ascii	"customServCharHandle\000"
 1507      6F6D5365 
 1507      72764368 
 1507      61724861 
 1507      6E646C65 
 1508              	.LASF121:
 1509 0a82 43595F42 		.ascii	"CY_BLE_CONN_STATE_CLIENT_DISCONNECTED_DISCOVERED\000"
 1509      4C455F43 
 1509      4F4E4E5F 
 1509      53544154 
 1509      455F434C 
 1510              	.LASF59:
 1511 0ab3 666C6173 		.ascii	"flashRwwRequired\000"
 1511      68527777 
 1511      52657175 
 1511      69726564 
 1511      00
 1512              	.LASF131:
 1513 0ac4 63757374 		.ascii	"customServCharDesc\000"
 1513      6F6D5365 
 1513      72764368 
 1513      61724465 
 1513      736300
 1514              		.ident	"GCC: (GNU Tools for ARM Embedded Processors) 5.4.1 20160609 (release) [ARM/embedded-5-bran
