ARM GAS  C:\Users\subra\AppData\Local\Temp\ccj7450b.s 			page 1


   1              		.syntax unified
   2              		.cpu cortex-m4
   3              		.eabi_attribute 27, 1
   4              		.fpu fpv4-sp-d16
   5              		.eabi_attribute 20, 1
   6              		.eabi_attribute 21, 1
   7              		.eabi_attribute 23, 3
   8              		.eabi_attribute 24, 1
   9              		.eabi_attribute 25, 1
  10              		.eabi_attribute 26, 1
  11              		.eabi_attribute 30, 1
  12              		.eabi_attribute 34, 1
  13              		.eabi_attribute 18, 4
  14              		.thumb
  15              		.syntax unified
  16              		.file	"cy_tcpwm_pwm.c"
  17              		.text
  18              	.Ltext0:
  19              		.cfi_sections	.debug_frame
  20              		.section	.text.Cy_TCPWM_PWM_Init,"ax",%progbits
  21              		.align	2
  22              		.global	Cy_TCPWM_PWM_Init
  23              		.thumb
  24              		.thumb_func
  25              		.type	Cy_TCPWM_PWM_Init, %function
  26              	Cy_TCPWM_PWM_Init:
  27              	.LFB159:
  28              		.file 1 "Generated_Source\\PSoC6\\pdl\\drivers\\peripheral\\tcpwm\\cy_tcpwm_pwm.c"
   1:Generated_Source\PSoC6\pdl\drivers\peripheral\tcpwm/cy_tcpwm_pwm.c **** /***************************************************************************//**
   2:Generated_Source\PSoC6\pdl\drivers\peripheral\tcpwm/cy_tcpwm_pwm.c **** * \file cy_tcpwm_pwm.c
   3:Generated_Source\PSoC6\pdl\drivers\peripheral\tcpwm/cy_tcpwm_pwm.c **** * \version 1.10
   4:Generated_Source\PSoC6\pdl\drivers\peripheral\tcpwm/cy_tcpwm_pwm.c **** *
   5:Generated_Source\PSoC6\pdl\drivers\peripheral\tcpwm/cy_tcpwm_pwm.c **** * \brief
   6:Generated_Source\PSoC6\pdl\drivers\peripheral\tcpwm/cy_tcpwm_pwm.c **** *  The source file of the tcpwm driver.
   7:Generated_Source\PSoC6\pdl\drivers\peripheral\tcpwm/cy_tcpwm_pwm.c **** *
   8:Generated_Source\PSoC6\pdl\drivers\peripheral\tcpwm/cy_tcpwm_pwm.c **** ********************************************************************************
   9:Generated_Source\PSoC6\pdl\drivers\peripheral\tcpwm/cy_tcpwm_pwm.c **** * \copyright
  10:Generated_Source\PSoC6\pdl\drivers\peripheral\tcpwm/cy_tcpwm_pwm.c **** * Copyright 2016-2018, Cypress Semiconductor Corporation.  All rights reserved.
  11:Generated_Source\PSoC6\pdl\drivers\peripheral\tcpwm/cy_tcpwm_pwm.c **** * You may use this file only in accordance with the license, terms, conditions,
  12:Generated_Source\PSoC6\pdl\drivers\peripheral\tcpwm/cy_tcpwm_pwm.c **** * disclaimers, and limitations in the end user license agreement accompanying
  13:Generated_Source\PSoC6\pdl\drivers\peripheral\tcpwm/cy_tcpwm_pwm.c **** * the software package with which this file was provided.
  14:Generated_Source\PSoC6\pdl\drivers\peripheral\tcpwm/cy_tcpwm_pwm.c **** *******************************************************************************/
  15:Generated_Source\PSoC6\pdl\drivers\peripheral\tcpwm/cy_tcpwm_pwm.c **** 
  16:Generated_Source\PSoC6\pdl\drivers\peripheral\tcpwm/cy_tcpwm_pwm.c **** #include "cy_tcpwm_pwm.h"
  17:Generated_Source\PSoC6\pdl\drivers\peripheral\tcpwm/cy_tcpwm_pwm.c **** 
  18:Generated_Source\PSoC6\pdl\drivers\peripheral\tcpwm/cy_tcpwm_pwm.c **** #ifdef CY_IP_MXTCPWM
  19:Generated_Source\PSoC6\pdl\drivers\peripheral\tcpwm/cy_tcpwm_pwm.c **** 
  20:Generated_Source\PSoC6\pdl\drivers\peripheral\tcpwm/cy_tcpwm_pwm.c **** #if defined(__cplusplus)
  21:Generated_Source\PSoC6\pdl\drivers\peripheral\tcpwm/cy_tcpwm_pwm.c **** extern "C" {
  22:Generated_Source\PSoC6\pdl\drivers\peripheral\tcpwm/cy_tcpwm_pwm.c **** #endif
  23:Generated_Source\PSoC6\pdl\drivers\peripheral\tcpwm/cy_tcpwm_pwm.c **** 
  24:Generated_Source\PSoC6\pdl\drivers\peripheral\tcpwm/cy_tcpwm_pwm.c **** 
  25:Generated_Source\PSoC6\pdl\drivers\peripheral\tcpwm/cy_tcpwm_pwm.c **** /*******************************************************************************
  26:Generated_Source\PSoC6\pdl\drivers\peripheral\tcpwm/cy_tcpwm_pwm.c **** * Function Name: Cy_TCPWM_PWM_Init
  27:Generated_Source\PSoC6\pdl\drivers\peripheral\tcpwm/cy_tcpwm_pwm.c **** ****************************************************************************//**
  28:Generated_Source\PSoC6\pdl\drivers\peripheral\tcpwm/cy_tcpwm_pwm.c **** *
  29:Generated_Source\PSoC6\pdl\drivers\peripheral\tcpwm/cy_tcpwm_pwm.c **** * Initializes the counter in the TCPWM block for the PWM operation.
ARM GAS  C:\Users\subra\AppData\Local\Temp\ccj7450b.s 			page 2


  30:Generated_Source\PSoC6\pdl\drivers\peripheral\tcpwm/cy_tcpwm_pwm.c **** *
  31:Generated_Source\PSoC6\pdl\drivers\peripheral\tcpwm/cy_tcpwm_pwm.c **** * \param base
  32:Generated_Source\PSoC6\pdl\drivers\peripheral\tcpwm/cy_tcpwm_pwm.c **** * The pointer to a TCPWM instance.
  33:Generated_Source\PSoC6\pdl\drivers\peripheral\tcpwm/cy_tcpwm_pwm.c **** *
  34:Generated_Source\PSoC6\pdl\drivers\peripheral\tcpwm/cy_tcpwm_pwm.c **** * \param cntNum
  35:Generated_Source\PSoC6\pdl\drivers\peripheral\tcpwm/cy_tcpwm_pwm.c **** * The Counter instance number in the selected TCPWM.
  36:Generated_Source\PSoC6\pdl\drivers\peripheral\tcpwm/cy_tcpwm_pwm.c **** *
  37:Generated_Source\PSoC6\pdl\drivers\peripheral\tcpwm/cy_tcpwm_pwm.c **** * \param config
  38:Generated_Source\PSoC6\pdl\drivers\peripheral\tcpwm/cy_tcpwm_pwm.c **** * The pointer to a configuration structure. See \ref cy_stc_tcpwm_pwm_config_t.
  39:Generated_Source\PSoC6\pdl\drivers\peripheral\tcpwm/cy_tcpwm_pwm.c **** *
  40:Generated_Source\PSoC6\pdl\drivers\peripheral\tcpwm/cy_tcpwm_pwm.c **** * \return error / status code. See \ref cy_en_tcpwm_status_t.
  41:Generated_Source\PSoC6\pdl\drivers\peripheral\tcpwm/cy_tcpwm_pwm.c **** *
  42:Generated_Source\PSoC6\pdl\drivers\peripheral\tcpwm/cy_tcpwm_pwm.c **** * \funcusage
  43:Generated_Source\PSoC6\pdl\drivers\peripheral\tcpwm/cy_tcpwm_pwm.c **** * \snippet tcpwm\1.10\pwm\snippet\main.c snippet_Cy_TCPWM_PWM_Config
  44:Generated_Source\PSoC6\pdl\drivers\peripheral\tcpwm/cy_tcpwm_pwm.c **** * \snippet tcpwm\1.10\pwm\snippet\main.c snippet_Cy_TCPWM_PWM_Init
  45:Generated_Source\PSoC6\pdl\drivers\peripheral\tcpwm/cy_tcpwm_pwm.c **** *
  46:Generated_Source\PSoC6\pdl\drivers\peripheral\tcpwm/cy_tcpwm_pwm.c **** *******************************************************************************/
  47:Generated_Source\PSoC6\pdl\drivers\peripheral\tcpwm/cy_tcpwm_pwm.c **** cy_en_tcpwm_status_t Cy_TCPWM_PWM_Init(TCPWM_Type *base, uint32_t cntNum,  cy_stc_tcpwm_pwm_config_
  48:Generated_Source\PSoC6\pdl\drivers\peripheral\tcpwm/cy_tcpwm_pwm.c **** {
  29              		.loc 1 48 0
  30              		.cfi_startproc
  31              		@ args = 0, pretend = 0, frame = 0
  32              		@ frame_needed = 0, uses_anonymous_args = 0
  33              		@ link register save eliminated.
  34              	.LVL0:
  49:Generated_Source\PSoC6\pdl\drivers\peripheral\tcpwm/cy_tcpwm_pwm.c ****     cy_en_tcpwm_status_t status = CY_TCPWM_BAD_PARAM;
  50:Generated_Source\PSoC6\pdl\drivers\peripheral\tcpwm/cy_tcpwm_pwm.c **** 
  51:Generated_Source\PSoC6\pdl\drivers\peripheral\tcpwm/cy_tcpwm_pwm.c ****     if ((NULL != base) && (NULL != config))
  35              		.loc 1 51 0
  36 0000 0028     		cmp	r0, #0
  37 0002 00F0AC80 		beq	.L12
  48:Generated_Source\PSoC6\pdl\drivers\peripheral\tcpwm/cy_tcpwm_pwm.c ****     cy_en_tcpwm_status_t status = CY_TCPWM_BAD_PARAM;
  38              		.loc 1 48 0 discriminator 1
  39 0006 70B4     		push	{r4, r5, r6}
  40              		.cfi_def_cfa_offset 12
  41              		.cfi_offset 4, -12
  42              		.cfi_offset 5, -8
  43              		.cfi_offset 6, -4
  44 0008 0446     		mov	r4, r0
  45              		.loc 1 51 0 discriminator 1
  46 000a 002A     		cmp	r2, #0
  47 000c 00F0A980 		beq	.L13
  52:Generated_Source\PSoC6\pdl\drivers\peripheral\tcpwm/cy_tcpwm_pwm.c ****     {
  53:Generated_Source\PSoC6\pdl\drivers\peripheral\tcpwm/cy_tcpwm_pwm.c ****         TCPWM_CNT_CTRL(base, cntNum) = ((config->enableCompareSwap ? TCPWM_CNT_CTRL_AUTO_RELOAD_CC_
  48              		.loc 1 53 0
  49 0010 92F82830 		ldrb	r3, [r2, #40]	@ zero_extendqisi2
  50 0014 0BB1     		cbz	r3, .L14
  51 0016 0125     		movs	r5, #1
  52 0018 00E0     		b	.L3
  53              	.L14:
  54 001a 0025     		movs	r5, #0
  55              	.L3:
  54:Generated_Source\PSoC6\pdl\drivers\peripheral\tcpwm/cy_tcpwm_pwm.c ****                                       (config->enablePeriodSwap ? TCPWM_CNT_CTRL_AUTO_RELOAD_PERIOD
  56              		.loc 1 54 0
  57 001c 137F     		ldrb	r3, [r2, #28]	@ zero_extendqisi2
  58 001e 0BB1     		cbz	r3, .L15
  59 0020 0223     		movs	r3, #2
ARM GAS  C:\Users\subra\AppData\Local\Temp\ccj7450b.s 			page 3


  60 0022 00E0     		b	.L4
  61              	.L15:
  62 0024 0023     		movs	r3, #0
  63              	.L4:
  53:Generated_Source\PSoC6\pdl\drivers\peripheral\tcpwm/cy_tcpwm_pwm.c ****                                       (config->enablePeriodSwap ? TCPWM_CNT_CTRL_AUTO_RELOAD_PERIOD
  64              		.loc 1 53 0
  65 0026 1D43     		orrs	r5, r5, r3
  55:Generated_Source\PSoC6\pdl\drivers\peripheral\tcpwm/cy_tcpwm_pwm.c ****                                       _VAL2FLD(TCPWM_CNT_CTRL_ONE_SHOT, config->runMode) |
  66              		.loc 1 55 0
  67 0028 1669     		ldr	r6, [r2, #16]
  68 002a B604     		lsls	r6, r6, #18
  69 002c 06F48026 		and	r6, r6, #262144
  54:Generated_Source\PSoC6\pdl\drivers\peripheral\tcpwm/cy_tcpwm_pwm.c ****                                       (config->enablePeriodSwap ? TCPWM_CNT_CTRL_AUTO_RELOAD_PERIOD
  70              		.loc 1 54 0
  71 0030 45EA0603 		orr	r3, r5, r6
  56:Generated_Source\PSoC6\pdl\drivers\peripheral\tcpwm/cy_tcpwm_pwm.c ****                                       _VAL2FLD(TCPWM_CNT_CTRL_UP_DOWN_MODE, config->pwmAlignment) |
  72              		.loc 1 56 0
  73 0034 9568     		ldr	r5, [r2, #8]
  74 0036 2D04     		lsls	r5, r5, #16
  75 0038 05F44035 		and	r5, r5, #196608
  55:Generated_Source\PSoC6\pdl\drivers\peripheral\tcpwm/cy_tcpwm_pwm.c ****                                       _VAL2FLD(TCPWM_CNT_CTRL_ONE_SHOT, config->runMode) |
  76              		.loc 1 55 0
  77 003c 1D43     		orrs	r5, r5, r3
  57:Generated_Source\PSoC6\pdl\drivers\peripheral\tcpwm/cy_tcpwm_pwm.c ****                                       _VAL2FLD(TCPWM_CNT_CTRL_MODE, config->pwmMode) |
  78              		.loc 1 57 0
  79 003e 1668     		ldr	r6, [r2]
  80 0040 3006     		lsls	r0, r6, #24
  81              	.LVL1:
  82 0042 00F0E060 		and	r0, r0, #117440512
  56:Generated_Source\PSoC6\pdl\drivers\peripheral\tcpwm/cy_tcpwm_pwm.c ****                                       _VAL2FLD(TCPWM_CNT_CTRL_UP_DOWN_MODE, config->pwmAlignment) |
  83              		.loc 1 56 0
  84 0046 2843     		orrs	r0, r0, r5
  58:Generated_Source\PSoC6\pdl\drivers\peripheral\tcpwm/cy_tcpwm_pwm.c ****                                       _VAL2FLD(TCPWM_CNT_CTRL_QUADRATURE_MODE,
  85              		.loc 1 58 0
  86 0048 136B     		ldr	r3, [r2, #48]
  87 004a 556B     		ldr	r5, [r2, #52]
  88 004c 43EA4503 		orr	r3, r3, r5, lsl #1
  89 0050 1B05     		lsls	r3, r3, #20
  90 0052 03F44013 		and	r3, r3, #3145728
  57:Generated_Source\PSoC6\pdl\drivers\peripheral\tcpwm/cy_tcpwm_pwm.c ****                                       _VAL2FLD(TCPWM_CNT_CTRL_MODE, config->pwmMode) |
  91              		.loc 1 57 0
  92 0056 0343     		orrs	r3, r3, r0
  59:Generated_Source\PSoC6\pdl\drivers\peripheral\tcpwm/cy_tcpwm_pwm.c ****                                            (config->invertPWMOut | (config->invertPWMOutN << 1U))) 
  60:Generated_Source\PSoC6\pdl\drivers\peripheral\tcpwm/cy_tcpwm_pwm.c ****                                            (config->killMode << CY_TCPWM_PWM_CTRL_SYNC_KILL_OR_STOP
  93              		.loc 1 60 0
  94 0058 906B     		ldr	r0, [r2, #56]
  59:Generated_Source\PSoC6\pdl\drivers\peripheral\tcpwm/cy_tcpwm_pwm.c ****                                            (config->invertPWMOut | (config->invertPWMOutN << 1U))) 
  95              		.loc 1 59 0
  96 005a 43EA8000 		orr	r0, r3, r0, lsl #2
  61:Generated_Source\PSoC6\pdl\drivers\peripheral\tcpwm/cy_tcpwm_pwm.c ****                                            _VAL2FLD(TCPWM_CNT_CTRL_GENERIC, ((CY_TCPWM_PWM_MODE_DEA
  97              		.loc 1 61 0
  98 005e 052E     		cmp	r6, #5
  99 0060 03D1     		bne	.L5
 100              		.loc 1 61 0 is_stmt 0 discriminator 1
 101 0062 D368     		ldr	r3, [r2, #12]
 102 0064 1B02     		lsls	r3, r3, #8
 103 0066 9BB2     		uxth	r3, r3
ARM GAS  C:\Users\subra\AppData\Local\Temp\ccj7450b.s 			page 4


 104 0068 02E0     		b	.L6
 105              	.L5:
 106              		.loc 1 61 0 discriminator 2
 107 006a 5368     		ldr	r3, [r2, #4]
 108 006c 1B02     		lsls	r3, r3, #8
 109 006e 9BB2     		uxth	r3, r3
 110              	.L6:
  60:Generated_Source\PSoC6\pdl\drivers\peripheral\tcpwm/cy_tcpwm_pwm.c ****                                            _VAL2FLD(TCPWM_CNT_CTRL_GENERIC, ((CY_TCPWM_PWM_MODE_DEA
 111              		.loc 1 60 0 is_stmt 1
 112 0070 0343     		orrs	r3, r3, r0
  53:Generated_Source\PSoC6\pdl\drivers\peripheral\tcpwm/cy_tcpwm_pwm.c ****                                       (config->enablePeriodSwap ? TCPWM_CNT_CTRL_AUTO_RELOAD_PERIOD
 113              		.loc 1 53 0
 114 0072 081D     		adds	r0, r1, #4
 115 0074 8001     		lsls	r0, r0, #6
 116 0076 2350     		str	r3, [r4, r0]
  62:Generated_Source\PSoC6\pdl\drivers\peripheral\tcpwm/cy_tcpwm_pwm.c ****                                                                      config->deadTimeClocks : confi
  63:Generated_Source\PSoC6\pdl\drivers\peripheral\tcpwm/cy_tcpwm_pwm.c **** 
  64:Generated_Source\PSoC6\pdl\drivers\peripheral\tcpwm/cy_tcpwm_pwm.c ****         if (CY_TCPWM_PWM_MODE_PSEUDORANDOM == config->pwmMode)
 117              		.loc 1 64 0
 118 0078 1368     		ldr	r3, [r2]
 119 007a 062B     		cmp	r3, #6
 120 007c 08D1     		bne	.L7
  65:Generated_Source\PSoC6\pdl\drivers\peripheral\tcpwm/cy_tcpwm_pwm.c ****         {
  66:Generated_Source\PSoC6\pdl\drivers\peripheral\tcpwm/cy_tcpwm_pwm.c ****             TCPWM_CNT_COUNTER(base, cntNum) = CY_TCPWM_CNT_UP_DOWN_INIT_VAL;
 121              		.loc 1 66 0
 122 007e 04EB8113 		add	r3, r4, r1, lsl #6
 123 0082 0120     		movs	r0, #1
 124 0084 C3F80801 		str	r0, [r3, #264]
  67:Generated_Source\PSoC6\pdl\drivers\peripheral\tcpwm/cy_tcpwm_pwm.c ****             TCPWM_CNT_TR_CTRL2(base, cntNum) = CY_TCPWM_PWM_MODE_PR;
 125              		.loc 1 67 0
 126 0088 3F20     		movs	r0, #63
 127 008a C3F82801 		str	r0, [r3, #296]
 128 008e 1DE0     		b	.L8
 129              	.L7:
  68:Generated_Source\PSoC6\pdl\drivers\peripheral\tcpwm/cy_tcpwm_pwm.c ****         }
  69:Generated_Source\PSoC6\pdl\drivers\peripheral\tcpwm/cy_tcpwm_pwm.c ****         else
  70:Generated_Source\PSoC6\pdl\drivers\peripheral\tcpwm/cy_tcpwm_pwm.c ****         {
  71:Generated_Source\PSoC6\pdl\drivers\peripheral\tcpwm/cy_tcpwm_pwm.c ****             if (CY_TCPWM_PWM_LEFT_ALIGN == config->pwmAlignment)
 130              		.loc 1 71 0
 131 0090 9368     		ldr	r3, [r2, #8]
 132 0092 43B9     		cbnz	r3, .L9
  72:Generated_Source\PSoC6\pdl\drivers\peripheral\tcpwm/cy_tcpwm_pwm.c ****             {
  73:Generated_Source\PSoC6\pdl\drivers\peripheral\tcpwm/cy_tcpwm_pwm.c ****                 TCPWM_CNT_COUNTER(base, cntNum) = CY_TCPWM_CNT_UP_INIT_VAL;
 133              		.loc 1 73 0
 134 0094 04EB8113 		add	r3, r4, r1, lsl #6
 135 0098 0020     		movs	r0, #0
 136 009a C3F80801 		str	r0, [r3, #264]
  74:Generated_Source\PSoC6\pdl\drivers\peripheral\tcpwm/cy_tcpwm_pwm.c ****                 TCPWM_CNT_TR_CTRL2(base, cntNum) = CY_TCPWM_PWM_MODE_LEFT;
 137              		.loc 1 74 0
 138 009e 3120     		movs	r0, #49
 139 00a0 C3F82801 		str	r0, [r3, #296]
 140 00a4 12E0     		b	.L8
 141              	.L9:
  75:Generated_Source\PSoC6\pdl\drivers\peripheral\tcpwm/cy_tcpwm_pwm.c ****             }
  76:Generated_Source\PSoC6\pdl\drivers\peripheral\tcpwm/cy_tcpwm_pwm.c ****             else if (CY_TCPWM_PWM_RIGHT_ALIGN == config->pwmAlignment)
 142              		.loc 1 76 0
 143 00a6 012B     		cmp	r3, #1
ARM GAS  C:\Users\subra\AppData\Local\Temp\ccj7450b.s 			page 5


 144 00a8 08D1     		bne	.L10
  77:Generated_Source\PSoC6\pdl\drivers\peripheral\tcpwm/cy_tcpwm_pwm.c ****             {
  78:Generated_Source\PSoC6\pdl\drivers\peripheral\tcpwm/cy_tcpwm_pwm.c ****                 TCPWM_CNT_COUNTER(base, cntNum) = config->period0;
 145              		.loc 1 78 0
 146 00aa 5069     		ldr	r0, [r2, #20]
 147 00ac 04EB8113 		add	r3, r4, r1, lsl #6
 148 00b0 C3F80801 		str	r0, [r3, #264]
  79:Generated_Source\PSoC6\pdl\drivers\peripheral\tcpwm/cy_tcpwm_pwm.c ****                 TCPWM_CNT_TR_CTRL2(base, cntNum) = CY_TCPWM_PWM_MODE_RIGHT;
 149              		.loc 1 79 0
 150 00b4 1C20     		movs	r0, #28
 151 00b6 C3F82801 		str	r0, [r3, #296]
 152 00ba 07E0     		b	.L8
 153              	.L10:
  80:Generated_Source\PSoC6\pdl\drivers\peripheral\tcpwm/cy_tcpwm_pwm.c ****             }
  81:Generated_Source\PSoC6\pdl\drivers\peripheral\tcpwm/cy_tcpwm_pwm.c ****             else
  82:Generated_Source\PSoC6\pdl\drivers\peripheral\tcpwm/cy_tcpwm_pwm.c ****             {
  83:Generated_Source\PSoC6\pdl\drivers\peripheral\tcpwm/cy_tcpwm_pwm.c ****                 TCPWM_CNT_COUNTER(base, cntNum) = CY_TCPWM_CNT_UP_DOWN_INIT_VAL;
 154              		.loc 1 83 0
 155 00bc 04EB8113 		add	r3, r4, r1, lsl #6
 156 00c0 0120     		movs	r0, #1
 157 00c2 C3F80801 		str	r0, [r3, #264]
  84:Generated_Source\PSoC6\pdl\drivers\peripheral\tcpwm/cy_tcpwm_pwm.c ****                 TCPWM_CNT_TR_CTRL2(base, cntNum) = CY_TCPWM_PWM_MODE_CNTR_OR_ASYMM;
 158              		.loc 1 84 0
 159 00c6 1220     		movs	r0, #18
 160 00c8 C3F82801 		str	r0, [r3, #296]
 161              	.L8:
  85:Generated_Source\PSoC6\pdl\drivers\peripheral\tcpwm/cy_tcpwm_pwm.c ****             }
  86:Generated_Source\PSoC6\pdl\drivers\peripheral\tcpwm/cy_tcpwm_pwm.c ****         }
  87:Generated_Source\PSoC6\pdl\drivers\peripheral\tcpwm/cy_tcpwm_pwm.c **** 
  88:Generated_Source\PSoC6\pdl\drivers\peripheral\tcpwm/cy_tcpwm_pwm.c ****         TCPWM_CNT_CC(base, cntNum) = config->compare0;
 162              		.loc 1 88 0
 163 00cc 106A     		ldr	r0, [r2, #32]
 164 00ce 04EB8113 		add	r3, r4, r1, lsl #6
 165 00d2 C3F80C01 		str	r0, [r3, #268]
  89:Generated_Source\PSoC6\pdl\drivers\peripheral\tcpwm/cy_tcpwm_pwm.c ****         TCPWM_CNT_CC_BUFF(base, cntNum) = config->compare1;
 166              		.loc 1 89 0
 167 00d6 506A     		ldr	r0, [r2, #36]
 168 00d8 C3F81001 		str	r0, [r3, #272]
  90:Generated_Source\PSoC6\pdl\drivers\peripheral\tcpwm/cy_tcpwm_pwm.c ****         TCPWM_CNT_PERIOD(base, cntNum) = config->period0;
 169              		.loc 1 90 0
 170 00dc 5069     		ldr	r0, [r2, #20]
 171 00de C3F81401 		str	r0, [r3, #276]
  91:Generated_Source\PSoC6\pdl\drivers\peripheral\tcpwm/cy_tcpwm_pwm.c ****         TCPWM_CNT_PERIOD_BUFF(base, cntNum) = config->period1;
 172              		.loc 1 91 0
 173 00e2 9069     		ldr	r0, [r2, #24]
 174 00e4 C3F81801 		str	r0, [r3, #280]
  92:Generated_Source\PSoC6\pdl\drivers\peripheral\tcpwm/cy_tcpwm_pwm.c **** 
  93:Generated_Source\PSoC6\pdl\drivers\peripheral\tcpwm/cy_tcpwm_pwm.c ****         if (CY_TCPWM_INPUT_CREATOR != config->countInput)
 175              		.loc 1 93 0
 176 00e8 136E     		ldr	r3, [r2, #96]
 177 00ea B3F1FF3F 		cmp	r3, #-1
 178 00ee 17D0     		beq	.L11
  94:Generated_Source\PSoC6\pdl\drivers\peripheral\tcpwm/cy_tcpwm_pwm.c ****         {
  95:Generated_Source\PSoC6\pdl\drivers\peripheral\tcpwm/cy_tcpwm_pwm.c ****             TCPWM_CNT_TR_CTRL0(base, cntNum) = (_VAL2FLD(TCPWM_CNT_TR_CTRL0_CAPTURE_SEL, config->sw
 179              		.loc 1 95 0
 180 00f0 106C     		ldr	r0, [r2, #64]
 181 00f2 00F00F00 		and	r0, r0, #15
ARM GAS  C:\Users\subra\AppData\Local\Temp\ccj7450b.s 			page 6


  96:Generated_Source\PSoC6\pdl\drivers\peripheral\tcpwm/cy_tcpwm_pwm.c ****                                               _VAL2FLD(TCPWM_CNT_TR_CTRL0_RELOAD_SEL, config->reloa
 182              		.loc 1 96 0
 183 00f6 966C     		ldr	r6, [r2, #72]
 184 00f8 3602     		lsls	r6, r6, #8
 185 00fa 06F47066 		and	r6, r6, #3840
  95:Generated_Source\PSoC6\pdl\drivers\peripheral\tcpwm/cy_tcpwm_pwm.c ****                                               _VAL2FLD(TCPWM_CNT_TR_CTRL0_RELOAD_SEL, config->reloa
 186              		.loc 1 95 0
 187 00fe 3043     		orrs	r0, r0, r6
  97:Generated_Source\PSoC6\pdl\drivers\peripheral\tcpwm/cy_tcpwm_pwm.c ****                                               _VAL2FLD(TCPWM_CNT_TR_CTRL0_START_SEL, config->startI
 188              		.loc 1 97 0
 189 0100 156D     		ldr	r5, [r2, #80]
 190 0102 2D04     		lsls	r5, r5, #16
 191 0104 05F47025 		and	r5, r5, #983040
  96:Generated_Source\PSoC6\pdl\drivers\peripheral\tcpwm/cy_tcpwm_pwm.c ****                                               _VAL2FLD(TCPWM_CNT_TR_CTRL0_RELOAD_SEL, config->reloa
 192              		.loc 1 96 0
 193 0108 0543     		orrs	r5, r5, r0
  98:Generated_Source\PSoC6\pdl\drivers\peripheral\tcpwm/cy_tcpwm_pwm.c ****                                               _VAL2FLD(TCPWM_CNT_TR_CTRL0_STOP_SEL, config->killInp
 194              		.loc 1 98 0
 195 010a 906D     		ldr	r0, [r2, #88]
 196 010c 0003     		lsls	r0, r0, #12
 197 010e 80B2     		uxth	r0, r0
  97:Generated_Source\PSoC6\pdl\drivers\peripheral\tcpwm/cy_tcpwm_pwm.c ****                                               _VAL2FLD(TCPWM_CNT_TR_CTRL0_START_SEL, config->startI
 198              		.loc 1 97 0
 199 0110 2843     		orrs	r0, r0, r5
  99:Generated_Source\PSoC6\pdl\drivers\peripheral\tcpwm/cy_tcpwm_pwm.c ****                                               _VAL2FLD(TCPWM_CNT_TR_CTRL0_COUNT_SEL, config->countI
 200              		.loc 1 99 0
 201 0112 1B01     		lsls	r3, r3, #4
 202 0114 DBB2     		uxtb	r3, r3
  98:Generated_Source\PSoC6\pdl\drivers\peripheral\tcpwm/cy_tcpwm_pwm.c ****                                               _VAL2FLD(TCPWM_CNT_TR_CTRL0_STOP_SEL, config->killInp
 203              		.loc 1 98 0
 204 0116 0343     		orrs	r3, r3, r0
  95:Generated_Source\PSoC6\pdl\drivers\peripheral\tcpwm/cy_tcpwm_pwm.c ****                                               _VAL2FLD(TCPWM_CNT_TR_CTRL0_RELOAD_SEL, config->reloa
 205              		.loc 1 95 0
 206 0118 04EB8110 		add	r0, r4, r1, lsl #6
 207 011c C0F82031 		str	r3, [r0, #288]
 208              	.L11:
 100:Generated_Source\PSoC6\pdl\drivers\peripheral\tcpwm/cy_tcpwm_pwm.c ****         }
 101:Generated_Source\PSoC6\pdl\drivers\peripheral\tcpwm/cy_tcpwm_pwm.c ****         
 102:Generated_Source\PSoC6\pdl\drivers\peripheral\tcpwm/cy_tcpwm_pwm.c ****         TCPWM_CNT_TR_CTRL1(base, cntNum) = (_VAL2FLD(TCPWM_CNT_TR_CTRL1_CAPTURE_EDGE, config->swapI
 209              		.loc 1 102 0
 210 0120 D36B     		ldr	r3, [r2, #60]
 211 0122 03F00303 		and	r3, r3, #3
 103:Generated_Source\PSoC6\pdl\drivers\peripheral\tcpwm/cy_tcpwm_pwm.c ****                                           _VAL2FLD(TCPWM_CNT_TR_CTRL1_RELOAD_EDGE, config->reloadIn
 212              		.loc 1 103 0
 213 0126 566C     		ldr	r6, [r2, #68]
 214 0128 3601     		lsls	r6, r6, #4
 215 012a 06F03006 		and	r6, r6, #48
 102:Generated_Source\PSoC6\pdl\drivers\peripheral\tcpwm/cy_tcpwm_pwm.c ****                                           _VAL2FLD(TCPWM_CNT_TR_CTRL1_RELOAD_EDGE, config->reloadIn
 216              		.loc 1 102 0
 217 012e 3343     		orrs	r3, r3, r6
 104:Generated_Source\PSoC6\pdl\drivers\peripheral\tcpwm/cy_tcpwm_pwm.c ****                                           _VAL2FLD(TCPWM_CNT_TR_CTRL1_START_EDGE, config->startInpu
 218              		.loc 1 104 0
 219 0130 D56C     		ldr	r5, [r2, #76]
 220 0132 2D02     		lsls	r5, r5, #8
 221 0134 05F44075 		and	r5, r5, #768
 103:Generated_Source\PSoC6\pdl\drivers\peripheral\tcpwm/cy_tcpwm_pwm.c ****                                           _VAL2FLD(TCPWM_CNT_TR_CTRL1_RELOAD_EDGE, config->reloadIn
 222              		.loc 1 103 0
ARM GAS  C:\Users\subra\AppData\Local\Temp\ccj7450b.s 			page 7


 223 0138 2B43     		orrs	r3, r3, r5
 105:Generated_Source\PSoC6\pdl\drivers\peripheral\tcpwm/cy_tcpwm_pwm.c ****                                           _VAL2FLD(TCPWM_CNT_TR_CTRL1_STOP_EDGE, config->killInputM
 224              		.loc 1 105 0
 225 013a 506D     		ldr	r0, [r2, #84]
 226 013c 8001     		lsls	r0, r0, #6
 227 013e C0B2     		uxtb	r0, r0
 104:Generated_Source\PSoC6\pdl\drivers\peripheral\tcpwm/cy_tcpwm_pwm.c ****                                           _VAL2FLD(TCPWM_CNT_TR_CTRL1_START_EDGE, config->startInpu
 228              		.loc 1 104 0
 229 0140 1843     		orrs	r0, r0, r3
 106:Generated_Source\PSoC6\pdl\drivers\peripheral\tcpwm/cy_tcpwm_pwm.c ****                                           _VAL2FLD(TCPWM_CNT_TR_CTRL1_COUNT_EDGE, config->countInpu
 230              		.loc 1 106 0
 231 0142 D36D     		ldr	r3, [r2, #92]
 232 0144 9B00     		lsls	r3, r3, #2
 233 0146 03F00C03 		and	r3, r3, #12
 105:Generated_Source\PSoC6\pdl\drivers\peripheral\tcpwm/cy_tcpwm_pwm.c ****                                           _VAL2FLD(TCPWM_CNT_TR_CTRL1_STOP_EDGE, config->killInputM
 234              		.loc 1 105 0
 235 014a 0343     		orrs	r3, r3, r0
 102:Generated_Source\PSoC6\pdl\drivers\peripheral\tcpwm/cy_tcpwm_pwm.c ****                                           _VAL2FLD(TCPWM_CNT_TR_CTRL1_RELOAD_EDGE, config->reloadIn
 236              		.loc 1 102 0
 237 014c 04EB8114 		add	r4, r4, r1, lsl #6
 238              	.LVL2:
 239 0150 C4F82431 		str	r3, [r4, #292]
 107:Generated_Source\PSoC6\pdl\drivers\peripheral\tcpwm/cy_tcpwm_pwm.c **** 
 108:Generated_Source\PSoC6\pdl\drivers\peripheral\tcpwm/cy_tcpwm_pwm.c ****         TCPWM_CNT_INTR_MASK(base, cntNum) = config->interruptSources;
 240              		.loc 1 108 0
 241 0154 D36A     		ldr	r3, [r2, #44]
 242 0156 C4F83831 		str	r3, [r4, #312]
 243              	.LVL3:
 109:Generated_Source\PSoC6\pdl\drivers\peripheral\tcpwm/cy_tcpwm_pwm.c **** 
 110:Generated_Source\PSoC6\pdl\drivers\peripheral\tcpwm/cy_tcpwm_pwm.c ****         status = CY_TCPWM_SUCCESS;
 244              		.loc 1 110 0
 245 015a 0020     		movs	r0, #0
 246 015c 02E0     		b	.L2
 247              	.LVL4:
 248              	.L12:
 249              		.cfi_def_cfa_offset 0
 250              		.cfi_restore 4
 251              		.cfi_restore 5
 252              		.cfi_restore 6
  49:Generated_Source\PSoC6\pdl\drivers\peripheral\tcpwm/cy_tcpwm_pwm.c **** 
 253              		.loc 1 49 0
 254 015e 0248     		ldr	r0, .L17
 255              	.LVL5:
 111:Generated_Source\PSoC6\pdl\drivers\peripheral\tcpwm/cy_tcpwm_pwm.c ****     }
 112:Generated_Source\PSoC6\pdl\drivers\peripheral\tcpwm/cy_tcpwm_pwm.c **** 
 113:Generated_Source\PSoC6\pdl\drivers\peripheral\tcpwm/cy_tcpwm_pwm.c ****     return(status);
 114:Generated_Source\PSoC6\pdl\drivers\peripheral\tcpwm/cy_tcpwm_pwm.c **** }
 256              		.loc 1 114 0
 257 0160 7047     		bx	lr
 258              	.LVL6:
 259              	.L13:
 260              		.cfi_def_cfa_offset 12
 261              		.cfi_offset 4, -12
 262              		.cfi_offset 5, -8
 263              		.cfi_offset 6, -4
  49:Generated_Source\PSoC6\pdl\drivers\peripheral\tcpwm/cy_tcpwm_pwm.c **** 
 264              		.loc 1 49 0
ARM GAS  C:\Users\subra\AppData\Local\Temp\ccj7450b.s 			page 8


 265 0162 0148     		ldr	r0, .L17
 266              	.LVL7:
 267              	.L2:
 268              		.loc 1 114 0
 269 0164 70BC     		pop	{r4, r5, r6}
 270              		.cfi_restore 6
 271              		.cfi_restore 5
 272              		.cfi_restore 4
 273              		.cfi_def_cfa_offset 0
 274 0166 7047     		bx	lr
 275              	.L18:
 276              		.align	2
 277              	.L17:
 278 0168 0100B600 		.word	11927553
 279              		.cfi_endproc
 280              	.LFE159:
 281              		.size	Cy_TCPWM_PWM_Init, .-Cy_TCPWM_PWM_Init
 282              		.section	.text.Cy_TCPWM_PWM_DeInit,"ax",%progbits
 283              		.align	2
 284              		.global	Cy_TCPWM_PWM_DeInit
 285              		.thumb
 286              		.thumb_func
 287              		.type	Cy_TCPWM_PWM_DeInit, %function
 288              	Cy_TCPWM_PWM_DeInit:
 289              	.LFB160:
 115:Generated_Source\PSoC6\pdl\drivers\peripheral\tcpwm/cy_tcpwm_pwm.c **** 
 116:Generated_Source\PSoC6\pdl\drivers\peripheral\tcpwm/cy_tcpwm_pwm.c **** /*******************************************************************************
 117:Generated_Source\PSoC6\pdl\drivers\peripheral\tcpwm/cy_tcpwm_pwm.c **** * Function Name: Cy_TCPWM_PWM_DeInit
 118:Generated_Source\PSoC6\pdl\drivers\peripheral\tcpwm/cy_tcpwm_pwm.c **** ****************************************************************************//**
 119:Generated_Source\PSoC6\pdl\drivers\peripheral\tcpwm/cy_tcpwm_pwm.c **** *
 120:Generated_Source\PSoC6\pdl\drivers\peripheral\tcpwm/cy_tcpwm_pwm.c **** * De-initializes the counter in the TCPWM block, returns register values to 
 121:Generated_Source\PSoC6\pdl\drivers\peripheral\tcpwm/cy_tcpwm_pwm.c **** * default.
 122:Generated_Source\PSoC6\pdl\drivers\peripheral\tcpwm/cy_tcpwm_pwm.c **** *
 123:Generated_Source\PSoC6\pdl\drivers\peripheral\tcpwm/cy_tcpwm_pwm.c **** * \param base
 124:Generated_Source\PSoC6\pdl\drivers\peripheral\tcpwm/cy_tcpwm_pwm.c **** * The pointer to a TCPWM instance.
 125:Generated_Source\PSoC6\pdl\drivers\peripheral\tcpwm/cy_tcpwm_pwm.c **** *
 126:Generated_Source\PSoC6\pdl\drivers\peripheral\tcpwm/cy_tcpwm_pwm.c **** * \param cntNum
 127:Generated_Source\PSoC6\pdl\drivers\peripheral\tcpwm/cy_tcpwm_pwm.c **** * The Counter instance number in the selected TCPWM.
 128:Generated_Source\PSoC6\pdl\drivers\peripheral\tcpwm/cy_tcpwm_pwm.c **** *
 129:Generated_Source\PSoC6\pdl\drivers\peripheral\tcpwm/cy_tcpwm_pwm.c **** * \param config
 130:Generated_Source\PSoC6\pdl\drivers\peripheral\tcpwm/cy_tcpwm_pwm.c **** * The pointer to a configuration structure. See \ref cy_stc_tcpwm_pwm_config_t.
 131:Generated_Source\PSoC6\pdl\drivers\peripheral\tcpwm/cy_tcpwm_pwm.c **** *
 132:Generated_Source\PSoC6\pdl\drivers\peripheral\tcpwm/cy_tcpwm_pwm.c **** * \funcusage
 133:Generated_Source\PSoC6\pdl\drivers\peripheral\tcpwm/cy_tcpwm_pwm.c **** * \snippet tcpwm\1.10\pwm\snippet\main.c snippet_Cy_TCPWM_PWM_DeInit
 134:Generated_Source\PSoC6\pdl\drivers\peripheral\tcpwm/cy_tcpwm_pwm.c **** *
 135:Generated_Source\PSoC6\pdl\drivers\peripheral\tcpwm/cy_tcpwm_pwm.c **** *******************************************************************************/
 136:Generated_Source\PSoC6\pdl\drivers\peripheral\tcpwm/cy_tcpwm_pwm.c **** void Cy_TCPWM_PWM_DeInit(TCPWM_Type *base, uint32_t cntNum, cy_stc_tcpwm_pwm_config_t const *config
 137:Generated_Source\PSoC6\pdl\drivers\peripheral\tcpwm/cy_tcpwm_pwm.c **** {
 290              		.loc 1 137 0
 291              		.cfi_startproc
 292              		@ args = 0, pretend = 0, frame = 0
 293              		@ frame_needed = 0, uses_anonymous_args = 0
 294              		@ link register save eliminated.
 295              	.LVL8:
 296 0000 30B4     		push	{r4, r5}
 297              		.cfi_def_cfa_offset 8
 298              		.cfi_offset 4, -8
ARM GAS  C:\Users\subra\AppData\Local\Temp\ccj7450b.s 			page 9


 299              		.cfi_offset 5, -4
 138:Generated_Source\PSoC6\pdl\drivers\peripheral\tcpwm/cy_tcpwm_pwm.c ****     TCPWM_CNT_CTRL(base, cntNum) = CY_TCPWM_CNT_CTRL_DEFAULT;
 300              		.loc 1 138 0
 301 0002 0B1D     		adds	r3, r1, #4
 302 0004 9B01     		lsls	r3, r3, #6
 303 0006 0024     		movs	r4, #0
 304 0008 C450     		str	r4, [r0, r3]
 139:Generated_Source\PSoC6\pdl\drivers\peripheral\tcpwm/cy_tcpwm_pwm.c ****     TCPWM_CNT_COUNTER(base, cntNum) = CY_TCPWM_CNT_COUNTER_DEFAULT;
 305              		.loc 1 139 0
 306 000a 00EB8113 		add	r3, r0, r1, lsl #6
 307 000e C3F80841 		str	r4, [r3, #264]
 140:Generated_Source\PSoC6\pdl\drivers\peripheral\tcpwm/cy_tcpwm_pwm.c ****     TCPWM_CNT_CC(base, cntNum) = CY_TCPWM_CNT_CC_DEFAULT;
 308              		.loc 1 140 0
 309 0012 4FF0FF35 		mov	r5, #-1
 310 0016 C3F80C51 		str	r5, [r3, #268]
 141:Generated_Source\PSoC6\pdl\drivers\peripheral\tcpwm/cy_tcpwm_pwm.c ****     TCPWM_CNT_CC_BUFF(base, cntNum) = CY_TCPWM_CNT_CC_BUFF_DEFAULT;
 311              		.loc 1 141 0
 312 001a C3F81051 		str	r5, [r3, #272]
 142:Generated_Source\PSoC6\pdl\drivers\peripheral\tcpwm/cy_tcpwm_pwm.c ****     TCPWM_CNT_PERIOD(base, cntNum) = CY_TCPWM_CNT_PERIOD_DEFAULT;
 313              		.loc 1 142 0
 314 001e C3F81451 		str	r5, [r3, #276]
 143:Generated_Source\PSoC6\pdl\drivers\peripheral\tcpwm/cy_tcpwm_pwm.c ****     TCPWM_CNT_PERIOD_BUFF(base, cntNum) = CY_TCPWM_CNT_PERIOD_BUFF_DEFAULT;
 315              		.loc 1 143 0
 316 0022 C3F81851 		str	r5, [r3, #280]
 144:Generated_Source\PSoC6\pdl\drivers\peripheral\tcpwm/cy_tcpwm_pwm.c ****     TCPWM_CNT_TR_CTRL1(base, cntNum) = CY_TCPWM_CNT_TR_CTRL1_DEFAULT;
 317              		.loc 1 144 0
 318 0026 40F2FF35 		movw	r5, #1023
 319 002a C3F82451 		str	r5, [r3, #292]
 145:Generated_Source\PSoC6\pdl\drivers\peripheral\tcpwm/cy_tcpwm_pwm.c ****     TCPWM_CNT_TR_CTRL2(base, cntNum) = CY_TCPWM_CNT_TR_CTRL2_DEFAULT;
 320              		.loc 1 145 0
 321 002e 3F25     		movs	r5, #63
 322 0030 C3F82851 		str	r5, [r3, #296]
 146:Generated_Source\PSoC6\pdl\drivers\peripheral\tcpwm/cy_tcpwm_pwm.c ****     TCPWM_CNT_INTR(base, cntNum) = CY_TCPWM_CNT_INTR_DEFAULT;
 323              		.loc 1 146 0
 324 0034 0325     		movs	r5, #3
 325 0036 C3F83051 		str	r5, [r3, #304]
 147:Generated_Source\PSoC6\pdl\drivers\peripheral\tcpwm/cy_tcpwm_pwm.c ****     TCPWM_CNT_INTR_SET(base, cntNum) = CY_TCPWM_CNT_INTR_SET_DEFAULT;
 326              		.loc 1 147 0
 327 003a C3F83441 		str	r4, [r3, #308]
 148:Generated_Source\PSoC6\pdl\drivers\peripheral\tcpwm/cy_tcpwm_pwm.c ****     TCPWM_CNT_INTR_MASK(base, cntNum) = CY_TCPWM_CNT_INTR_MASK_DEFAULT;
 328              		.loc 1 148 0
 329 003e C3F83841 		str	r4, [r3, #312]
 149:Generated_Source\PSoC6\pdl\drivers\peripheral\tcpwm/cy_tcpwm_pwm.c **** 
 150:Generated_Source\PSoC6\pdl\drivers\peripheral\tcpwm/cy_tcpwm_pwm.c ****     if (CY_TCPWM_INPUT_CREATOR != config->countInput)
 330              		.loc 1 150 0
 331 0042 136E     		ldr	r3, [r2, #96]
 332 0044 B3F1FF3F 		cmp	r3, #-1
 333 0048 04D0     		beq	.L19
 151:Generated_Source\PSoC6\pdl\drivers\peripheral\tcpwm/cy_tcpwm_pwm.c ****     {    
 152:Generated_Source\PSoC6\pdl\drivers\peripheral\tcpwm/cy_tcpwm_pwm.c ****         TCPWM_CNT_TR_CTRL0(base, cntNum) = CY_TCPWM_CNT_TR_CTRL0_DEFAULT;
 334              		.loc 1 152 0
 335 004a 00EB8110 		add	r0, r0, r1, lsl #6
 336              	.LVL9:
 337 004e 1023     		movs	r3, #16
 338 0050 C0F82031 		str	r3, [r0, #288]
 339              	.L19:
 153:Generated_Source\PSoC6\pdl\drivers\peripheral\tcpwm/cy_tcpwm_pwm.c ****     }
ARM GAS  C:\Users\subra\AppData\Local\Temp\ccj7450b.s 			page 10


 154:Generated_Source\PSoC6\pdl\drivers\peripheral\tcpwm/cy_tcpwm_pwm.c **** }
 340              		.loc 1 154 0
 341 0054 30BC     		pop	{r4, r5}
 342              		.cfi_restore 5
 343              		.cfi_restore 4
 344              		.cfi_def_cfa_offset 0
 345 0056 7047     		bx	lr
 346              		.cfi_endproc
 347              	.LFE160:
 348              		.size	Cy_TCPWM_PWM_DeInit, .-Cy_TCPWM_PWM_DeInit
 349              		.text
 350              	.Letext0:
 351              		.file 2 "c:\\program files (x86)\\cypress\\psoc creator\\4.4\\psoc creator\\import\\gnu\\arm\\5.4.
 352              		.file 3 "c:\\program files (x86)\\cypress\\psoc creator\\4.4\\psoc creator\\import\\gnu\\arm\\5.4.
 353              		.file 4 "Generated_Source\\PSoC6\\pdl\\devices/psoc6/include/ip/cyip_tcpwm.h"
 354              		.file 5 "Generated_Source\\PSoC6\\pdl\\devices/psoc6/include/psoc6_01_config.h"
 355              		.file 6 "Generated_Source\\PSoC6\\pdl\\drivers\\peripheral\\tcpwm\\cy_tcpwm.h"
 356              		.file 7 "Generated_Source\\PSoC6\\pdl\\drivers\\peripheral\\tcpwm\\cy_tcpwm_pwm.h"
 357              		.file 8 "Generated_Source\\PSoC6\\pdl\\cmsis/include/core_cm4.h"
 358              		.section	.debug_info,"",%progbits
 359              	.Ldebug_info0:
 360 0000 7F040000 		.4byte	0x47f
 361 0004 0400     		.2byte	0x4
 362 0006 00000000 		.4byte	.Ldebug_abbrev0
 363 000a 04       		.byte	0x4
 364 000b 01       		.uleb128 0x1
 365 000c 0D010000 		.4byte	.LASF76
 366 0010 0C       		.byte	0xc
 367 0011 FE030000 		.4byte	.LASF77
 368 0015 71000000 		.4byte	.LASF78
 369 0019 00000000 		.4byte	.Ldebug_ranges0+0
 370 001d 00000000 		.4byte	0
 371 0021 00000000 		.4byte	.Ldebug_line0
 372 0025 02       		.uleb128 0x2
 373 0026 01       		.byte	0x1
 374 0027 06       		.byte	0x6
 375 0028 12030000 		.4byte	.LASF0
 376 002c 02       		.uleb128 0x2
 377 002d 01       		.byte	0x1
 378 002e 08       		.byte	0x8
 379 002f F4020000 		.4byte	.LASF1
 380 0033 02       		.uleb128 0x2
 381 0034 02       		.byte	0x2
 382 0035 05       		.byte	0x5
 383 0036 67000000 		.4byte	.LASF2
 384 003a 02       		.uleb128 0x2
 385 003b 02       		.byte	0x2
 386 003c 07       		.byte	0x7
 387 003d 75030000 		.4byte	.LASF3
 388 0041 03       		.uleb128 0x3
 389 0042 5A040000 		.4byte	.LASF5
 390 0046 02       		.byte	0x2
 391 0047 3F       		.byte	0x3f
 392 0048 4C000000 		.4byte	0x4c
 393 004c 02       		.uleb128 0x2
 394 004d 04       		.byte	0x4
 395 004e 05       		.byte	0x5
ARM GAS  C:\Users\subra\AppData\Local\Temp\ccj7450b.s 			page 11


 396 004f A1020000 		.4byte	.LASF4
 397 0053 03       		.uleb128 0x3
 398 0054 D1010000 		.4byte	.LASF6
 399 0058 02       		.byte	0x2
 400 0059 41       		.byte	0x41
 401 005a 5E000000 		.4byte	0x5e
 402 005e 02       		.uleb128 0x2
 403 005f 04       		.byte	0x4
 404 0060 07       		.byte	0x7
 405 0061 E5030000 		.4byte	.LASF7
 406 0065 02       		.uleb128 0x2
 407 0066 08       		.byte	0x8
 408 0067 05       		.byte	0x5
 409 0068 84020000 		.4byte	.LASF8
 410 006c 02       		.uleb128 0x2
 411 006d 08       		.byte	0x8
 412 006e 07       		.byte	0x7
 413 006f 27030000 		.4byte	.LASF9
 414 0073 04       		.uleb128 0x4
 415 0074 04       		.byte	0x4
 416 0075 05       		.byte	0x5
 417 0076 696E7400 		.ascii	"int\000"
 418 007a 02       		.uleb128 0x2
 419 007b 04       		.byte	0x4
 420 007c 07       		.byte	0x7
 421 007d 47030000 		.4byte	.LASF10
 422 0081 03       		.uleb128 0x3
 423 0082 A3030000 		.4byte	.LASF11
 424 0086 03       		.byte	0x3
 425 0087 2C       		.byte	0x2c
 426 0088 41000000 		.4byte	0x41
 427 008c 03       		.uleb128 0x3
 428 008d 3E030000 		.4byte	.LASF12
 429 0091 03       		.byte	0x3
 430 0092 30       		.byte	0x30
 431 0093 53000000 		.4byte	0x53
 432 0097 02       		.uleb128 0x2
 433 0098 08       		.byte	0x8
 434 0099 04       		.byte	0x4
 435 009a D9020000 		.4byte	.LASF13
 436 009e 05       		.uleb128 0x5
 437 009f 8C000000 		.4byte	0x8c
 438 00a3 06       		.uleb128 0x6
 439 00a4 9E000000 		.4byte	0x9e
 440 00a8 02       		.uleb128 0x2
 441 00a9 04       		.byte	0x4
 442 00aa 07       		.byte	0x7
 443 00ab B9000000 		.4byte	.LASF14
 444 00af 07       		.uleb128 0x7
 445 00b0 A3000000 		.4byte	0xa3
 446 00b4 BF000000 		.4byte	0xbf
 447 00b8 08       		.uleb128 0x8
 448 00b9 A8000000 		.4byte	0xa8
 449 00bd 37       		.byte	0x37
 450 00be 00       		.byte	0
 451 00bf 09       		.uleb128 0x9
 452 00c0 40       		.byte	0x40
ARM GAS  C:\Users\subra\AppData\Local\Temp\ccj7450b.s 			page 12


 453 00c1 04       		.byte	0x4
 454 00c2 22       		.byte	0x22
 455 00c3 87010000 		.4byte	0x187
 456 00c7 0A       		.uleb128 0xa
 457 00c8 02030000 		.4byte	.LASF15
 458 00cc 04       		.byte	0x4
 459 00cd 23       		.byte	0x23
 460 00ce 9E000000 		.4byte	0x9e
 461 00d2 00       		.byte	0
 462 00d3 0A       		.uleb128 0xa
 463 00d4 9A020000 		.4byte	.LASF16
 464 00d8 04       		.byte	0x4
 465 00d9 24       		.byte	0x24
 466 00da A3000000 		.4byte	0xa3
 467 00de 04       		.byte	0x4
 468 00df 0A       		.uleb128 0xa
 469 00e0 9F040000 		.4byte	.LASF17
 470 00e4 04       		.byte	0x4
 471 00e5 25       		.byte	0x25
 472 00e6 9E000000 		.4byte	0x9e
 473 00ea 08       		.byte	0x8
 474 00eb 0B       		.uleb128 0xb
 475 00ec 434300   		.ascii	"CC\000"
 476 00ef 04       		.byte	0x4
 477 00f0 26       		.byte	0x26
 478 00f1 9E000000 		.4byte	0x9e
 479 00f5 0C       		.byte	0xc
 480 00f6 0A       		.uleb128 0xa
 481 00f7 D1020000 		.4byte	.LASF18
 482 00fb 04       		.byte	0x4
 483 00fc 27       		.byte	0x27
 484 00fd 9E000000 		.4byte	0x9e
 485 0101 10       		.byte	0x10
 486 0102 0A       		.uleb128 0xa
 487 0103 E9000000 		.4byte	.LASF19
 488 0107 04       		.byte	0x4
 489 0108 28       		.byte	0x28
 490 0109 9E000000 		.4byte	0x9e
 491 010d 14       		.byte	0x14
 492 010e 0A       		.uleb128 0xa
 493 010f C2000000 		.4byte	.LASF20
 494 0113 04       		.byte	0x4
 495 0114 29       		.byte	0x29
 496 0115 9E000000 		.4byte	0x9e
 497 0119 18       		.byte	0x18
 498 011a 0A       		.uleb128 0xa
 499 011b AF040000 		.4byte	.LASF21
 500 011f 04       		.byte	0x4
 501 0120 2A       		.byte	0x2a
 502 0121 A3000000 		.4byte	0xa3
 503 0125 1C       		.byte	0x1c
 504 0126 0A       		.uleb128 0xa
 505 0127 DC010000 		.4byte	.LASF22
 506 012b 04       		.byte	0x4
 507 012c 2B       		.byte	0x2b
 508 012d 9E000000 		.4byte	0x9e
 509 0131 20       		.byte	0x20
ARM GAS  C:\Users\subra\AppData\Local\Temp\ccj7450b.s 			page 13


 510 0132 0A       		.uleb128 0xa
 511 0133 FB000000 		.4byte	.LASF23
 512 0137 04       		.byte	0x4
 513 0138 2C       		.byte	0x2c
 514 0139 9E000000 		.4byte	0x9e
 515 013d 24       		.byte	0x24
 516 013e 0A       		.uleb128 0xa
 517 013f 04010000 		.4byte	.LASF24
 518 0143 04       		.byte	0x4
 519 0144 2D       		.byte	0x2d
 520 0145 9E000000 		.4byte	0x9e
 521 0149 28       		.byte	0x28
 522 014a 0A       		.uleb128 0xa
 523 014b DB030000 		.4byte	.LASF25
 524 014f 04       		.byte	0x4
 525 0150 2E       		.byte	0x2e
 526 0151 A3000000 		.4byte	0xa3
 527 0155 2C       		.byte	0x2c
 528 0156 0A       		.uleb128 0xa
 529 0157 C4030000 		.4byte	.LASF26
 530 015b 04       		.byte	0x4
 531 015c 2F       		.byte	0x2f
 532 015d 9E000000 		.4byte	0x9e
 533 0161 30       		.byte	0x30
 534 0162 0A       		.uleb128 0xa
 535 0163 1E030000 		.4byte	.LASF27
 536 0167 04       		.byte	0x4
 537 0168 30       		.byte	0x30
 538 0169 9E000000 		.4byte	0x9e
 539 016d 34       		.byte	0x34
 540 016e 0A       		.uleb128 0xa
 541 016f 6B030000 		.4byte	.LASF28
 542 0173 04       		.byte	0x4
 543 0174 31       		.byte	0x31
 544 0175 9E000000 		.4byte	0x9e
 545 0179 38       		.byte	0x38
 546 017a 0A       		.uleb128 0xa
 547 017b C5020000 		.4byte	.LASF29
 548 017f 04       		.byte	0x4
 549 0180 32       		.byte	0x32
 550 0181 A3000000 		.4byte	0xa3
 551 0185 3C       		.byte	0x3c
 552 0186 00       		.byte	0
 553 0187 03       		.uleb128 0x3
 554 0188 CE000000 		.4byte	.LASF30
 555 018c 04       		.byte	0x4
 556 018d 33       		.byte	0x33
 557 018e BF000000 		.4byte	0xbf
 558 0192 0C       		.uleb128 0xc
 559 0193 0009     		.2byte	0x900
 560 0195 04       		.byte	0x4
 561 0196 38       		.byte	0x38
 562 0197 15020000 		.4byte	0x215
 563 019b 0A       		.uleb128 0xa
 564 019c 02030000 		.4byte	.LASF15
 565 01a0 04       		.byte	0x4
 566 01a1 39       		.byte	0x39
ARM GAS  C:\Users\subra\AppData\Local\Temp\ccj7450b.s 			page 14


 567 01a2 9E000000 		.4byte	0x9e
 568 01a6 00       		.byte	0
 569 01a7 0A       		.uleb128 0xa
 570 01a8 64040000 		.4byte	.LASF31
 571 01ac 04       		.byte	0x4
 572 01ad 3A       		.byte	0x3a
 573 01ae 9E000000 		.4byte	0x9e
 574 01b2 04       		.byte	0x4
 575 01b3 0A       		.uleb128 0xa
 576 01b4 E0000000 		.4byte	.LASF32
 577 01b8 04       		.byte	0x4
 578 01b9 3B       		.byte	0x3b
 579 01ba 9E000000 		.4byte	0x9e
 580 01be 08       		.byte	0x8
 581 01bf 0A       		.uleb128 0xa
 582 01c0 2E020000 		.4byte	.LASF33
 583 01c4 04       		.byte	0x4
 584 01c5 3C       		.byte	0x3c
 585 01c6 9E000000 		.4byte	0x9e
 586 01ca 0C       		.byte	0xc
 587 01cb 0A       		.uleb128 0xa
 588 01cc F0000000 		.4byte	.LASF34
 589 01d0 04       		.byte	0x4
 590 01d1 3D       		.byte	0x3d
 591 01d2 9E000000 		.4byte	0x9e
 592 01d6 10       		.byte	0x10
 593 01d7 0A       		.uleb128 0xa
 594 01d8 62030000 		.4byte	.LASF35
 595 01dc 04       		.byte	0x4
 596 01dd 3E       		.byte	0x3e
 597 01de 9E000000 		.4byte	0x9e
 598 01e2 14       		.byte	0x14
 599 01e3 0A       		.uleb128 0xa
 600 01e4 4B020000 		.4byte	.LASF36
 601 01e8 04       		.byte	0x4
 602 01e9 3F       		.byte	0x3f
 603 01ea 9E000000 		.4byte	0x9e
 604 01ee 18       		.byte	0x18
 605 01ef 0A       		.uleb128 0xa
 606 01f0 07030000 		.4byte	.LASF37
 607 01f4 04       		.byte	0x4
 608 01f5 40       		.byte	0x40
 609 01f6 A3000000 		.4byte	0xa3
 610 01fa 1C       		.byte	0x1c
 611 01fb 0A       		.uleb128 0xa
 612 01fc AF040000 		.4byte	.LASF21
 613 0200 04       		.byte	0x4
 614 0201 41       		.byte	0x41
 615 0202 1A020000 		.4byte	0x21a
 616 0206 20       		.byte	0x20
 617 0207 0D       		.uleb128 0xd
 618 0208 434E5400 		.ascii	"CNT\000"
 619 020c 04       		.byte	0x4
 620 020d 42       		.byte	0x42
 621 020e 1F020000 		.4byte	0x21f
 622 0212 0001     		.2byte	0x100
 623 0214 00       		.byte	0
ARM GAS  C:\Users\subra\AppData\Local\Temp\ccj7450b.s 			page 15


 624 0215 05       		.uleb128 0x5
 625 0216 AF000000 		.4byte	0xaf
 626 021a 06       		.uleb128 0x6
 627 021b 15020000 		.4byte	0x215
 628 021f 07       		.uleb128 0x7
 629 0220 87010000 		.4byte	0x187
 630 0224 2F020000 		.4byte	0x22f
 631 0228 08       		.uleb128 0x8
 632 0229 A8000000 		.4byte	0xa8
 633 022d 1F       		.byte	0x1f
 634 022e 00       		.byte	0
 635 022f 03       		.uleb128 0x3
 636 0230 EC010000 		.4byte	.LASF38
 637 0234 04       		.byte	0x4
 638 0235 43       		.byte	0x43
 639 0236 92010000 		.4byte	0x192
 640 023a 0E       		.uleb128 0xe
 641 023b E5040000 		.4byte	.LASF39
 642 023f 05       		.byte	0x5
 643 0240 4206     		.2byte	0x642
 644 0242 2F020000 		.4byte	0x22f
 645 0246 02       		.uleb128 0x2
 646 0247 01       		.byte	0x1
 647 0248 08       		.byte	0x8
 648 0249 8F030000 		.4byte	.LASF40
 649 024d 02       		.uleb128 0x2
 650 024e 04       		.byte	0x4
 651 024f 04       		.byte	0x4
 652 0250 5E020000 		.4byte	.LASF41
 653 0254 02       		.uleb128 0x2
 654 0255 08       		.byte	0x8
 655 0256 04       		.byte	0x4
 656 0257 F7030000 		.4byte	.LASF42
 657 025b 0F       		.uleb128 0xf
 658 025c 04       		.byte	0x4
 659 025d 7A000000 		.4byte	0x7a
 660 0261 06       		.byte	0x6
 661 0262 7301     		.2byte	0x173
 662 0264 78020000 		.4byte	0x278
 663 0268 10       		.uleb128 0x10
 664 0269 C0010000 		.4byte	.LASF43
 665 026d 00       		.byte	0
 666 026e 11       		.uleb128 0x11
 667 026f AB030000 		.4byte	.LASF44
 668 0273 0100B600 		.4byte	0xb60001
 669 0277 00       		.byte	0
 670 0278 0E       		.uleb128 0xe
 671 0279 B8040000 		.4byte	.LASF45
 672 027d 06       		.byte	0x6
 673 027e 7601     		.2byte	0x176
 674 0280 5B020000 		.4byte	0x25b
 675 0284 12       		.uleb128 0x12
 676 0285 0C020000 		.4byte	.LASF79
 677 0289 64       		.byte	0x64
 678 028a 07       		.byte	0x7
 679 028b 2F       		.byte	0x2f
 680 028c BD030000 		.4byte	0x3bd
ARM GAS  C:\Users\subra\AppData\Local\Temp\ccj7450b.s 			page 16


 681 0290 0A       		.uleb128 0xa
 682 0291 A7040000 		.4byte	.LASF46
 683 0295 07       		.byte	0x7
 684 0296 31       		.byte	0x31
 685 0297 8C000000 		.4byte	0x8c
 686 029b 00       		.byte	0
 687 029c 0A       		.uleb128 0xa
 688 029d 1D000000 		.4byte	.LASF47
 689 02a1 07       		.byte	0x7
 690 02a2 33       		.byte	0x33
 691 02a3 8C000000 		.4byte	0x8c
 692 02a7 04       		.byte	0x4
 693 02a8 0A       		.uleb128 0xa
 694 02a9 6D040000 		.4byte	.LASF48
 695 02ad 07       		.byte	0x7
 696 02ae 34       		.byte	0x34
 697 02af 8C000000 		.4byte	0x8c
 698 02b3 08       		.byte	0x8
 699 02b4 0A       		.uleb128 0xa
 700 02b5 94030000 		.4byte	.LASF49
 701 02b9 07       		.byte	0x7
 702 02ba 35       		.byte	0x35
 703 02bb 8C000000 		.4byte	0x8c
 704 02bf 0C       		.byte	0xc
 705 02c0 0A       		.uleb128 0xa
 706 02c1 92020000 		.4byte	.LASF50
 707 02c5 07       		.byte	0x7
 708 02c6 36       		.byte	0x36
 709 02c7 8C000000 		.4byte	0x8c
 710 02cb 10       		.byte	0x10
 711 02cc 0A       		.uleb128 0xa
 712 02cd 64020000 		.4byte	.LASF51
 713 02d1 07       		.byte	0x7
 714 02d2 37       		.byte	0x37
 715 02d3 8C000000 		.4byte	0x8c
 716 02d7 14       		.byte	0x14
 717 02d8 0A       		.uleb128 0xa
 718 02d9 6C020000 		.4byte	.LASF52
 719 02dd 07       		.byte	0x7
 720 02de 38       		.byte	0x38
 721 02df 8C000000 		.4byte	0x8c
 722 02e3 18       		.byte	0x18
 723 02e4 0A       		.uleb128 0xa
 724 02e5 00000000 		.4byte	.LASF53
 725 02e9 07       		.byte	0x7
 726 02ea 39       		.byte	0x39
 727 02eb BD030000 		.4byte	0x3bd
 728 02ef 1C       		.byte	0x1c
 729 02f0 0A       		.uleb128 0xa
 730 02f1 3B000000 		.4byte	.LASF54
 731 02f5 07       		.byte	0x7
 732 02f6 3A       		.byte	0x3a
 733 02f7 8C000000 		.4byte	0x8c
 734 02fb 20       		.byte	0x20
 735 02fc 0A       		.uleb128 0xa
 736 02fd 44000000 		.4byte	.LASF55
 737 0301 07       		.byte	0x7
ARM GAS  C:\Users\subra\AppData\Local\Temp\ccj7450b.s 			page 17


 738 0302 3B       		.byte	0x3b
 739 0303 8C000000 		.4byte	0x8c
 740 0307 24       		.byte	0x24
 741 0308 0A       		.uleb128 0xa
 742 0309 FA010000 		.4byte	.LASF56
 743 030d 07       		.byte	0x7
 744 030e 3C       		.byte	0x3c
 745 030f BD030000 		.4byte	0x3bd
 746 0313 28       		.byte	0x28
 747 0314 0A       		.uleb128 0xa
 748 0315 3A020000 		.4byte	.LASF57
 749 0319 07       		.byte	0x7
 750 031a 3E       		.byte	0x3e
 751 031b 8C000000 		.4byte	0x8c
 752 031f 2C       		.byte	0x2c
 753 0320 0A       		.uleb128 0xa
 754 0321 84040000 		.4byte	.LASF58
 755 0325 07       		.byte	0x7
 756 0326 3F       		.byte	0x3f
 757 0327 8C000000 		.4byte	0x8c
 758 032b 30       		.byte	0x30
 759 032c 0A       		.uleb128 0xa
 760 032d 54030000 		.4byte	.LASF59
 761 0331 07       		.byte	0x7
 762 0332 40       		.byte	0x40
 763 0333 8C000000 		.4byte	0x8c
 764 0337 34       		.byte	0x34
 765 0338 0A       		.uleb128 0xa
 766 0339 55020000 		.4byte	.LASF60
 767 033d 07       		.byte	0x7
 768 033e 41       		.byte	0x41
 769 033f 8C000000 		.4byte	0x8c
 770 0343 38       		.byte	0x38
 771 0344 0A       		.uleb128 0xa
 772 0345 41040000 		.4byte	.LASF61
 773 0349 07       		.byte	0x7
 774 034a 42       		.byte	0x42
 775 034b 8C000000 		.4byte	0x8c
 776 034f 3C       		.byte	0x3c
 777 0350 0A       		.uleb128 0xa
 778 0351 7A040000 		.4byte	.LASF62
 779 0355 07       		.byte	0x7
 780 0356 44       		.byte	0x44
 781 0357 8C000000 		.4byte	0x8c
 782 035b 40       		.byte	0x40
 783 035c 0A       		.uleb128 0xa
 784 035d 74020000 		.4byte	.LASF63
 785 0361 07       		.byte	0x7
 786 0362 45       		.byte	0x45
 787 0363 8C000000 		.4byte	0x8c
 788 0367 44       		.byte	0x44
 789 0368 0A       		.uleb128 0xa
 790 0369 11000000 		.4byte	.LASF64
 791 036d 07       		.byte	0x7
 792 036e 47       		.byte	0x47
 793 036f 8C000000 		.4byte	0x8c
 794 0373 48       		.byte	0x48
ARM GAS  C:\Users\subra\AppData\Local\Temp\ccj7450b.s 			page 18


 795 0374 0A       		.uleb128 0xa
 796 0375 E5020000 		.4byte	.LASF65
 797 0379 07       		.byte	0x7
 798 037a 48       		.byte	0x48
 799 037b 8C000000 		.4byte	0x8c
 800 037f 4C       		.byte	0x4c
 801 0380 0A       		.uleb128 0xa
 802 0381 4F040000 		.4byte	.LASF66
 803 0385 07       		.byte	0x7
 804 0386 4A       		.byte	0x4a
 805 0387 8C000000 		.4byte	0x8c
 806 038b 50       		.byte	0x50
 807 038c 0A       		.uleb128 0xa
 808 038d 91040000 		.4byte	.LASF67
 809 0391 07       		.byte	0x7
 810 0392 4B       		.byte	0x4b
 811 0393 8C000000 		.4byte	0x8c
 812 0397 54       		.byte	0x54
 813 0398 0A       		.uleb128 0xa
 814 0399 24020000 		.4byte	.LASF68
 815 039d 07       		.byte	0x7
 816 039e 4D       		.byte	0x4d
 817 039f 8C000000 		.4byte	0x8c
 818 03a3 58       		.byte	0x58
 819 03a4 0A       		.uleb128 0xa
 820 03a5 2C000000 		.4byte	.LASF69
 821 03a9 07       		.byte	0x7
 822 03aa 4E       		.byte	0x4e
 823 03ab 8C000000 		.4byte	0x8c
 824 03af 5C       		.byte	0x5c
 825 03b0 0A       		.uleb128 0xa
 826 03b1 CD040000 		.4byte	.LASF70
 827 03b5 07       		.byte	0x7
 828 03b6 50       		.byte	0x50
 829 03b7 8C000000 		.4byte	0x8c
 830 03bb 60       		.byte	0x60
 831 03bc 00       		.byte	0
 832 03bd 02       		.uleb128 0x2
 833 03be 01       		.byte	0x1
 834 03bf 02       		.byte	0x2
 835 03c0 BE030000 		.4byte	.LASF71
 836 03c4 03       		.uleb128 0x3
 837 03c5 4D000000 		.4byte	.LASF72
 838 03c9 07       		.byte	0x7
 839 03ca 51       		.byte	0x51
 840 03cb 84020000 		.4byte	0x284
 841 03cf 13       		.uleb128 0x13
 842 03d0 C9030000 		.4byte	.LASF80
 843 03d4 01       		.byte	0x1
 844 03d5 2F       		.byte	0x2f
 845 03d6 78020000 		.4byte	0x278
 846 03da 00000000 		.4byte	.LFB159
 847 03de 6C010000 		.4byte	.LFE159-.LFB159
 848 03e2 01       		.uleb128 0x1
 849 03e3 9C       		.byte	0x9c
 850 03e4 21040000 		.4byte	0x421
 851 03e8 14       		.uleb128 0x14
ARM GAS  C:\Users\subra\AppData\Local\Temp\ccj7450b.s 			page 19


 852 03e9 F0040000 		.4byte	.LASF73
 853 03ed 01       		.byte	0x1
 854 03ee 2F       		.byte	0x2f
 855 03ef 21040000 		.4byte	0x421
 856 03f3 00000000 		.4byte	.LLST0
 857 03f7 15       		.uleb128 0x15
 858 03f8 BE020000 		.4byte	.LASF74
 859 03fc 01       		.byte	0x1
 860 03fd 2F       		.byte	0x2f
 861 03fe 8C000000 		.4byte	0x8c
 862 0402 01       		.uleb128 0x1
 863 0403 51       		.byte	0x51
 864 0404 15       		.uleb128 0x15
 865 0405 E5010000 		.4byte	.LASF75
 866 0409 01       		.byte	0x1
 867 040a 2F       		.byte	0x2f
 868 040b 27040000 		.4byte	0x427
 869 040f 01       		.uleb128 0x1
 870 0410 52       		.byte	0x52
 871 0411 16       		.uleb128 0x16
 872 0412 88030000 		.4byte	.LASF81
 873 0416 01       		.byte	0x1
 874 0417 31       		.byte	0x31
 875 0418 78020000 		.4byte	0x278
 876 041c 5E000000 		.4byte	.LLST1
 877 0420 00       		.byte	0
 878 0421 17       		.uleb128 0x17
 879 0422 04       		.byte	0x4
 880 0423 3A020000 		.4byte	0x23a
 881 0427 17       		.uleb128 0x17
 882 0428 04       		.byte	0x4
 883 0429 2D040000 		.4byte	0x42d
 884 042d 06       		.uleb128 0x6
 885 042e C4030000 		.4byte	0x3c4
 886 0432 18       		.uleb128 0x18
 887 0433 AA020000 		.4byte	.LASF82
 888 0437 01       		.byte	0x1
 889 0438 88       		.byte	0x88
 890 0439 00000000 		.4byte	.LFB160
 891 043d 58000000 		.4byte	.LFE160-.LFB160
 892 0441 01       		.uleb128 0x1
 893 0442 9C       		.byte	0x9c
 894 0443 71040000 		.4byte	0x471
 895 0447 14       		.uleb128 0x14
 896 0448 F0040000 		.4byte	.LASF73
 897 044c 01       		.byte	0x1
 898 044d 88       		.byte	0x88
 899 044e 21040000 		.4byte	0x421
 900 0452 B8000000 		.4byte	.LLST2
 901 0456 15       		.uleb128 0x15
 902 0457 BE020000 		.4byte	.LASF74
 903 045b 01       		.byte	0x1
 904 045c 88       		.byte	0x88
 905 045d 8C000000 		.4byte	0x8c
 906 0461 01       		.uleb128 0x1
 907 0462 51       		.byte	0x51
 908 0463 15       		.uleb128 0x15
ARM GAS  C:\Users\subra\AppData\Local\Temp\ccj7450b.s 			page 20


 909 0464 E5010000 		.4byte	.LASF75
 910 0468 01       		.byte	0x1
 911 0469 88       		.byte	0x88
 912 046a 27040000 		.4byte	0x427
 913 046e 01       		.uleb128 0x1
 914 046f 52       		.byte	0x52
 915 0470 00       		.byte	0
 916 0471 19       		.uleb128 0x19
 917 0472 D8040000 		.4byte	.LASF83
 918 0476 08       		.byte	0x8
 919 0477 F907     		.2byte	0x7f9
 920 0479 7D040000 		.4byte	0x47d
 921 047d 05       		.uleb128 0x5
 922 047e 81000000 		.4byte	0x81
 923 0482 00       		.byte	0
 924              		.section	.debug_abbrev,"",%progbits
 925              	.Ldebug_abbrev0:
 926 0000 01       		.uleb128 0x1
 927 0001 11       		.uleb128 0x11
 928 0002 01       		.byte	0x1
 929 0003 25       		.uleb128 0x25
 930 0004 0E       		.uleb128 0xe
 931 0005 13       		.uleb128 0x13
 932 0006 0B       		.uleb128 0xb
 933 0007 03       		.uleb128 0x3
 934 0008 0E       		.uleb128 0xe
 935 0009 1B       		.uleb128 0x1b
 936 000a 0E       		.uleb128 0xe
 937 000b 55       		.uleb128 0x55
 938 000c 17       		.uleb128 0x17
 939 000d 11       		.uleb128 0x11
 940 000e 01       		.uleb128 0x1
 941 000f 10       		.uleb128 0x10
 942 0010 17       		.uleb128 0x17
 943 0011 00       		.byte	0
 944 0012 00       		.byte	0
 945 0013 02       		.uleb128 0x2
 946 0014 24       		.uleb128 0x24
 947 0015 00       		.byte	0
 948 0016 0B       		.uleb128 0xb
 949 0017 0B       		.uleb128 0xb
 950 0018 3E       		.uleb128 0x3e
 951 0019 0B       		.uleb128 0xb
 952 001a 03       		.uleb128 0x3
 953 001b 0E       		.uleb128 0xe
 954 001c 00       		.byte	0
 955 001d 00       		.byte	0
 956 001e 03       		.uleb128 0x3
 957 001f 16       		.uleb128 0x16
 958 0020 00       		.byte	0
 959 0021 03       		.uleb128 0x3
 960 0022 0E       		.uleb128 0xe
 961 0023 3A       		.uleb128 0x3a
 962 0024 0B       		.uleb128 0xb
 963 0025 3B       		.uleb128 0x3b
 964 0026 0B       		.uleb128 0xb
 965 0027 49       		.uleb128 0x49
ARM GAS  C:\Users\subra\AppData\Local\Temp\ccj7450b.s 			page 21


 966 0028 13       		.uleb128 0x13
 967 0029 00       		.byte	0
 968 002a 00       		.byte	0
 969 002b 04       		.uleb128 0x4
 970 002c 24       		.uleb128 0x24
 971 002d 00       		.byte	0
 972 002e 0B       		.uleb128 0xb
 973 002f 0B       		.uleb128 0xb
 974 0030 3E       		.uleb128 0x3e
 975 0031 0B       		.uleb128 0xb
 976 0032 03       		.uleb128 0x3
 977 0033 08       		.uleb128 0x8
 978 0034 00       		.byte	0
 979 0035 00       		.byte	0
 980 0036 05       		.uleb128 0x5
 981 0037 35       		.uleb128 0x35
 982 0038 00       		.byte	0
 983 0039 49       		.uleb128 0x49
 984 003a 13       		.uleb128 0x13
 985 003b 00       		.byte	0
 986 003c 00       		.byte	0
 987 003d 06       		.uleb128 0x6
 988 003e 26       		.uleb128 0x26
 989 003f 00       		.byte	0
 990 0040 49       		.uleb128 0x49
 991 0041 13       		.uleb128 0x13
 992 0042 00       		.byte	0
 993 0043 00       		.byte	0
 994 0044 07       		.uleb128 0x7
 995 0045 01       		.uleb128 0x1
 996 0046 01       		.byte	0x1
 997 0047 49       		.uleb128 0x49
 998 0048 13       		.uleb128 0x13
 999 0049 01       		.uleb128 0x1
 1000 004a 13       		.uleb128 0x13
 1001 004b 00       		.byte	0
 1002 004c 00       		.byte	0
 1003 004d 08       		.uleb128 0x8
 1004 004e 21       		.uleb128 0x21
 1005 004f 00       		.byte	0
 1006 0050 49       		.uleb128 0x49
 1007 0051 13       		.uleb128 0x13
 1008 0052 2F       		.uleb128 0x2f
 1009 0053 0B       		.uleb128 0xb
 1010 0054 00       		.byte	0
 1011 0055 00       		.byte	0
 1012 0056 09       		.uleb128 0x9
 1013 0057 13       		.uleb128 0x13
 1014 0058 01       		.byte	0x1
 1015 0059 0B       		.uleb128 0xb
 1016 005a 0B       		.uleb128 0xb
 1017 005b 3A       		.uleb128 0x3a
 1018 005c 0B       		.uleb128 0xb
 1019 005d 3B       		.uleb128 0x3b
 1020 005e 0B       		.uleb128 0xb
 1021 005f 01       		.uleb128 0x1
 1022 0060 13       		.uleb128 0x13
ARM GAS  C:\Users\subra\AppData\Local\Temp\ccj7450b.s 			page 22


 1023 0061 00       		.byte	0
 1024 0062 00       		.byte	0
 1025 0063 0A       		.uleb128 0xa
 1026 0064 0D       		.uleb128 0xd
 1027 0065 00       		.byte	0
 1028 0066 03       		.uleb128 0x3
 1029 0067 0E       		.uleb128 0xe
 1030 0068 3A       		.uleb128 0x3a
 1031 0069 0B       		.uleb128 0xb
 1032 006a 3B       		.uleb128 0x3b
 1033 006b 0B       		.uleb128 0xb
 1034 006c 49       		.uleb128 0x49
 1035 006d 13       		.uleb128 0x13
 1036 006e 38       		.uleb128 0x38
 1037 006f 0B       		.uleb128 0xb
 1038 0070 00       		.byte	0
 1039 0071 00       		.byte	0
 1040 0072 0B       		.uleb128 0xb
 1041 0073 0D       		.uleb128 0xd
 1042 0074 00       		.byte	0
 1043 0075 03       		.uleb128 0x3
 1044 0076 08       		.uleb128 0x8
 1045 0077 3A       		.uleb128 0x3a
 1046 0078 0B       		.uleb128 0xb
 1047 0079 3B       		.uleb128 0x3b
 1048 007a 0B       		.uleb128 0xb
 1049 007b 49       		.uleb128 0x49
 1050 007c 13       		.uleb128 0x13
 1051 007d 38       		.uleb128 0x38
 1052 007e 0B       		.uleb128 0xb
 1053 007f 00       		.byte	0
 1054 0080 00       		.byte	0
 1055 0081 0C       		.uleb128 0xc
 1056 0082 13       		.uleb128 0x13
 1057 0083 01       		.byte	0x1
 1058 0084 0B       		.uleb128 0xb
 1059 0085 05       		.uleb128 0x5
 1060 0086 3A       		.uleb128 0x3a
 1061 0087 0B       		.uleb128 0xb
 1062 0088 3B       		.uleb128 0x3b
 1063 0089 0B       		.uleb128 0xb
 1064 008a 01       		.uleb128 0x1
 1065 008b 13       		.uleb128 0x13
 1066 008c 00       		.byte	0
 1067 008d 00       		.byte	0
 1068 008e 0D       		.uleb128 0xd
 1069 008f 0D       		.uleb128 0xd
 1070 0090 00       		.byte	0
 1071 0091 03       		.uleb128 0x3
 1072 0092 08       		.uleb128 0x8
 1073 0093 3A       		.uleb128 0x3a
 1074 0094 0B       		.uleb128 0xb
 1075 0095 3B       		.uleb128 0x3b
 1076 0096 0B       		.uleb128 0xb
 1077 0097 49       		.uleb128 0x49
 1078 0098 13       		.uleb128 0x13
 1079 0099 38       		.uleb128 0x38
ARM GAS  C:\Users\subra\AppData\Local\Temp\ccj7450b.s 			page 23


 1080 009a 05       		.uleb128 0x5
 1081 009b 00       		.byte	0
 1082 009c 00       		.byte	0
 1083 009d 0E       		.uleb128 0xe
 1084 009e 16       		.uleb128 0x16
 1085 009f 00       		.byte	0
 1086 00a0 03       		.uleb128 0x3
 1087 00a1 0E       		.uleb128 0xe
 1088 00a2 3A       		.uleb128 0x3a
 1089 00a3 0B       		.uleb128 0xb
 1090 00a4 3B       		.uleb128 0x3b
 1091 00a5 05       		.uleb128 0x5
 1092 00a6 49       		.uleb128 0x49
 1093 00a7 13       		.uleb128 0x13
 1094 00a8 00       		.byte	0
 1095 00a9 00       		.byte	0
 1096 00aa 0F       		.uleb128 0xf
 1097 00ab 04       		.uleb128 0x4
 1098 00ac 01       		.byte	0x1
 1099 00ad 0B       		.uleb128 0xb
 1100 00ae 0B       		.uleb128 0xb
 1101 00af 49       		.uleb128 0x49
 1102 00b0 13       		.uleb128 0x13
 1103 00b1 3A       		.uleb128 0x3a
 1104 00b2 0B       		.uleb128 0xb
 1105 00b3 3B       		.uleb128 0x3b
 1106 00b4 05       		.uleb128 0x5
 1107 00b5 01       		.uleb128 0x1
 1108 00b6 13       		.uleb128 0x13
 1109 00b7 00       		.byte	0
 1110 00b8 00       		.byte	0
 1111 00b9 10       		.uleb128 0x10
 1112 00ba 28       		.uleb128 0x28
 1113 00bb 00       		.byte	0
 1114 00bc 03       		.uleb128 0x3
 1115 00bd 0E       		.uleb128 0xe
 1116 00be 1C       		.uleb128 0x1c
 1117 00bf 0B       		.uleb128 0xb
 1118 00c0 00       		.byte	0
 1119 00c1 00       		.byte	0
 1120 00c2 11       		.uleb128 0x11
 1121 00c3 28       		.uleb128 0x28
 1122 00c4 00       		.byte	0
 1123 00c5 03       		.uleb128 0x3
 1124 00c6 0E       		.uleb128 0xe
 1125 00c7 1C       		.uleb128 0x1c
 1126 00c8 06       		.uleb128 0x6
 1127 00c9 00       		.byte	0
 1128 00ca 00       		.byte	0
 1129 00cb 12       		.uleb128 0x12
 1130 00cc 13       		.uleb128 0x13
 1131 00cd 01       		.byte	0x1
 1132 00ce 03       		.uleb128 0x3
 1133 00cf 0E       		.uleb128 0xe
 1134 00d0 0B       		.uleb128 0xb
 1135 00d1 0B       		.uleb128 0xb
 1136 00d2 3A       		.uleb128 0x3a
ARM GAS  C:\Users\subra\AppData\Local\Temp\ccj7450b.s 			page 24


 1137 00d3 0B       		.uleb128 0xb
 1138 00d4 3B       		.uleb128 0x3b
 1139 00d5 0B       		.uleb128 0xb
 1140 00d6 01       		.uleb128 0x1
 1141 00d7 13       		.uleb128 0x13
 1142 00d8 00       		.byte	0
 1143 00d9 00       		.byte	0
 1144 00da 13       		.uleb128 0x13
 1145 00db 2E       		.uleb128 0x2e
 1146 00dc 01       		.byte	0x1
 1147 00dd 3F       		.uleb128 0x3f
 1148 00de 19       		.uleb128 0x19
 1149 00df 03       		.uleb128 0x3
 1150 00e0 0E       		.uleb128 0xe
 1151 00e1 3A       		.uleb128 0x3a
 1152 00e2 0B       		.uleb128 0xb
 1153 00e3 3B       		.uleb128 0x3b
 1154 00e4 0B       		.uleb128 0xb
 1155 00e5 27       		.uleb128 0x27
 1156 00e6 19       		.uleb128 0x19
 1157 00e7 49       		.uleb128 0x49
 1158 00e8 13       		.uleb128 0x13
 1159 00e9 11       		.uleb128 0x11
 1160 00ea 01       		.uleb128 0x1
 1161 00eb 12       		.uleb128 0x12
 1162 00ec 06       		.uleb128 0x6
 1163 00ed 40       		.uleb128 0x40
 1164 00ee 18       		.uleb128 0x18
 1165 00ef 9742     		.uleb128 0x2117
 1166 00f1 19       		.uleb128 0x19
 1167 00f2 01       		.uleb128 0x1
 1168 00f3 13       		.uleb128 0x13
 1169 00f4 00       		.byte	0
 1170 00f5 00       		.byte	0
 1171 00f6 14       		.uleb128 0x14
 1172 00f7 05       		.uleb128 0x5
 1173 00f8 00       		.byte	0
 1174 00f9 03       		.uleb128 0x3
 1175 00fa 0E       		.uleb128 0xe
 1176 00fb 3A       		.uleb128 0x3a
 1177 00fc 0B       		.uleb128 0xb
 1178 00fd 3B       		.uleb128 0x3b
 1179 00fe 0B       		.uleb128 0xb
 1180 00ff 49       		.uleb128 0x49
 1181 0100 13       		.uleb128 0x13
 1182 0101 02       		.uleb128 0x2
 1183 0102 17       		.uleb128 0x17
 1184 0103 00       		.byte	0
 1185 0104 00       		.byte	0
 1186 0105 15       		.uleb128 0x15
 1187 0106 05       		.uleb128 0x5
 1188 0107 00       		.byte	0
 1189 0108 03       		.uleb128 0x3
 1190 0109 0E       		.uleb128 0xe
 1191 010a 3A       		.uleb128 0x3a
 1192 010b 0B       		.uleb128 0xb
 1193 010c 3B       		.uleb128 0x3b
ARM GAS  C:\Users\subra\AppData\Local\Temp\ccj7450b.s 			page 25


 1194 010d 0B       		.uleb128 0xb
 1195 010e 49       		.uleb128 0x49
 1196 010f 13       		.uleb128 0x13
 1197 0110 02       		.uleb128 0x2
 1198 0111 18       		.uleb128 0x18
 1199 0112 00       		.byte	0
 1200 0113 00       		.byte	0
 1201 0114 16       		.uleb128 0x16
 1202 0115 34       		.uleb128 0x34
 1203 0116 00       		.byte	0
 1204 0117 03       		.uleb128 0x3
 1205 0118 0E       		.uleb128 0xe
 1206 0119 3A       		.uleb128 0x3a
 1207 011a 0B       		.uleb128 0xb
 1208 011b 3B       		.uleb128 0x3b
 1209 011c 0B       		.uleb128 0xb
 1210 011d 49       		.uleb128 0x49
 1211 011e 13       		.uleb128 0x13
 1212 011f 02       		.uleb128 0x2
 1213 0120 17       		.uleb128 0x17
 1214 0121 00       		.byte	0
 1215 0122 00       		.byte	0
 1216 0123 17       		.uleb128 0x17
 1217 0124 0F       		.uleb128 0xf
 1218 0125 00       		.byte	0
 1219 0126 0B       		.uleb128 0xb
 1220 0127 0B       		.uleb128 0xb
 1221 0128 49       		.uleb128 0x49
 1222 0129 13       		.uleb128 0x13
 1223 012a 00       		.byte	0
 1224 012b 00       		.byte	0
 1225 012c 18       		.uleb128 0x18
 1226 012d 2E       		.uleb128 0x2e
 1227 012e 01       		.byte	0x1
 1228 012f 3F       		.uleb128 0x3f
 1229 0130 19       		.uleb128 0x19
 1230 0131 03       		.uleb128 0x3
 1231 0132 0E       		.uleb128 0xe
 1232 0133 3A       		.uleb128 0x3a
 1233 0134 0B       		.uleb128 0xb
 1234 0135 3B       		.uleb128 0x3b
 1235 0136 0B       		.uleb128 0xb
 1236 0137 27       		.uleb128 0x27
 1237 0138 19       		.uleb128 0x19
 1238 0139 11       		.uleb128 0x11
 1239 013a 01       		.uleb128 0x1
 1240 013b 12       		.uleb128 0x12
 1241 013c 06       		.uleb128 0x6
 1242 013d 40       		.uleb128 0x40
 1243 013e 18       		.uleb128 0x18
 1244 013f 9742     		.uleb128 0x2117
 1245 0141 19       		.uleb128 0x19
 1246 0142 01       		.uleb128 0x1
 1247 0143 13       		.uleb128 0x13
 1248 0144 00       		.byte	0
 1249 0145 00       		.byte	0
 1250 0146 19       		.uleb128 0x19
ARM GAS  C:\Users\subra\AppData\Local\Temp\ccj7450b.s 			page 26


 1251 0147 34       		.uleb128 0x34
 1252 0148 00       		.byte	0
 1253 0149 03       		.uleb128 0x3
 1254 014a 0E       		.uleb128 0xe
 1255 014b 3A       		.uleb128 0x3a
 1256 014c 0B       		.uleb128 0xb
 1257 014d 3B       		.uleb128 0x3b
 1258 014e 05       		.uleb128 0x5
 1259 014f 49       		.uleb128 0x49
 1260 0150 13       		.uleb128 0x13
 1261 0151 3F       		.uleb128 0x3f
 1262 0152 19       		.uleb128 0x19
 1263 0153 3C       		.uleb128 0x3c
 1264 0154 19       		.uleb128 0x19
 1265 0155 00       		.byte	0
 1266 0156 00       		.byte	0
 1267 0157 00       		.byte	0
 1268              		.section	.debug_loc,"",%progbits
 1269              	.Ldebug_loc0:
 1270              	.LLST0:
 1271 0000 00000000 		.4byte	.LVL0
 1272 0004 42000000 		.4byte	.LVL1
 1273 0008 0100     		.2byte	0x1
 1274 000a 50       		.byte	0x50
 1275 000b 42000000 		.4byte	.LVL1
 1276 000f 50010000 		.4byte	.LVL2
 1277 0013 0100     		.2byte	0x1
 1278 0015 54       		.byte	0x54
 1279 0016 50010000 		.4byte	.LVL2
 1280 001a 5E010000 		.4byte	.LVL4
 1281 001e 0400     		.2byte	0x4
 1282 0020 F3       		.byte	0xf3
 1283 0021 01       		.uleb128 0x1
 1284 0022 50       		.byte	0x50
 1285 0023 9F       		.byte	0x9f
 1286 0024 5E010000 		.4byte	.LVL4
 1287 0028 60010000 		.4byte	.LVL5
 1288 002c 0100     		.2byte	0x1
 1289 002e 50       		.byte	0x50
 1290 002f 60010000 		.4byte	.LVL5
 1291 0033 62010000 		.4byte	.LVL6
 1292 0037 0400     		.2byte	0x4
 1293 0039 F3       		.byte	0xf3
 1294 003a 01       		.uleb128 0x1
 1295 003b 50       		.byte	0x50
 1296 003c 9F       		.byte	0x9f
 1297 003d 62010000 		.4byte	.LVL6
 1298 0041 64010000 		.4byte	.LVL7
 1299 0045 0100     		.2byte	0x1
 1300 0047 50       		.byte	0x50
 1301 0048 64010000 		.4byte	.LVL7
 1302 004c 6C010000 		.4byte	.LFE159
 1303 0050 0400     		.2byte	0x4
 1304 0052 F3       		.byte	0xf3
 1305 0053 01       		.uleb128 0x1
 1306 0054 50       		.byte	0x50
 1307 0055 9F       		.byte	0x9f
ARM GAS  C:\Users\subra\AppData\Local\Temp\ccj7450b.s 			page 27


 1308 0056 00000000 		.4byte	0
 1309 005a 00000000 		.4byte	0
 1310              	.LLST1:
 1311 005e 00000000 		.4byte	.LVL0
 1312 0062 5A010000 		.4byte	.LVL3
 1313 0066 0600     		.2byte	0x6
 1314 0068 0C       		.byte	0xc
 1315 0069 0100B600 		.4byte	0xb60001
 1316 006d 9F       		.byte	0x9f
 1317 006e 5A010000 		.4byte	.LVL3
 1318 0072 5E010000 		.4byte	.LVL4
 1319 0076 0200     		.2byte	0x2
 1320 0078 30       		.byte	0x30
 1321 0079 9F       		.byte	0x9f
 1322 007a 5E010000 		.4byte	.LVL4
 1323 007e 60010000 		.4byte	.LVL5
 1324 0082 0600     		.2byte	0x6
 1325 0084 0C       		.byte	0xc
 1326 0085 0100B600 		.4byte	0xb60001
 1327 0089 9F       		.byte	0x9f
 1328 008a 60010000 		.4byte	.LVL5
 1329 008e 62010000 		.4byte	.LVL6
 1330 0092 0100     		.2byte	0x1
 1331 0094 50       		.byte	0x50
 1332 0095 62010000 		.4byte	.LVL6
 1333 0099 64010000 		.4byte	.LVL7
 1334 009d 0600     		.2byte	0x6
 1335 009f 0C       		.byte	0xc
 1336 00a0 0100B600 		.4byte	0xb60001
 1337 00a4 9F       		.byte	0x9f
 1338 00a5 64010000 		.4byte	.LVL7
 1339 00a9 6C010000 		.4byte	.LFE159
 1340 00ad 0100     		.2byte	0x1
 1341 00af 50       		.byte	0x50
 1342 00b0 00000000 		.4byte	0
 1343 00b4 00000000 		.4byte	0
 1344              	.LLST2:
 1345 00b8 00000000 		.4byte	.LVL8
 1346 00bc 4E000000 		.4byte	.LVL9
 1347 00c0 0100     		.2byte	0x1
 1348 00c2 50       		.byte	0x50
 1349 00c3 4E000000 		.4byte	.LVL9
 1350 00c7 58000000 		.4byte	.LFE160
 1351 00cb 0400     		.2byte	0x4
 1352 00cd F3       		.byte	0xf3
 1353 00ce 01       		.uleb128 0x1
 1354 00cf 50       		.byte	0x50
 1355 00d0 9F       		.byte	0x9f
 1356 00d1 00000000 		.4byte	0
 1357 00d5 00000000 		.4byte	0
 1358              		.section	.debug_aranges,"",%progbits
 1359 0000 24000000 		.4byte	0x24
 1360 0004 0200     		.2byte	0x2
 1361 0006 00000000 		.4byte	.Ldebug_info0
 1362 000a 04       		.byte	0x4
 1363 000b 00       		.byte	0
 1364 000c 0000     		.2byte	0
ARM GAS  C:\Users\subra\AppData\Local\Temp\ccj7450b.s 			page 28


 1365 000e 0000     		.2byte	0
 1366 0010 00000000 		.4byte	.LFB159
 1367 0014 6C010000 		.4byte	.LFE159-.LFB159
 1368 0018 00000000 		.4byte	.LFB160
 1369 001c 58000000 		.4byte	.LFE160-.LFB160
 1370 0020 00000000 		.4byte	0
 1371 0024 00000000 		.4byte	0
 1372              		.section	.debug_ranges,"",%progbits
 1373              	.Ldebug_ranges0:
 1374 0000 00000000 		.4byte	.LFB159
 1375 0004 6C010000 		.4byte	.LFE159
 1376 0008 00000000 		.4byte	.LFB160
 1377 000c 58000000 		.4byte	.LFE160
 1378 0010 00000000 		.4byte	0
 1379 0014 00000000 		.4byte	0
 1380              		.section	.debug_line,"",%progbits
 1381              	.Ldebug_line0:
 1382 0000 CA020000 		.section	.debug_str,"MS",%progbits,1
 1382      02003702 
 1382      00000201 
 1382      FB0E0D00 
 1382      01010101 
 1383              	.LASF53:
 1384 0000 656E6162 		.ascii	"enablePeriodSwap\000"
 1384      6C655065 
 1384      72696F64 
 1384      53776170 
 1384      00
 1385              	.LASF64:
 1386 0011 72656C6F 		.ascii	"reloadInput\000"
 1386      6164496E 
 1386      70757400 
 1387              	.LASF47:
 1388 001d 636C6F63 		.ascii	"clockPrescaler\000"
 1388      6B507265 
 1388      7363616C 
 1388      657200
 1389              	.LASF69:
 1390 002c 636F756E 		.ascii	"countInputMode\000"
 1390      74496E70 
 1390      75744D6F 
 1390      646500
 1391              	.LASF54:
 1392 003b 636F6D70 		.ascii	"compare0\000"
 1392      61726530 
 1392      00
 1393              	.LASF55:
 1394 0044 636F6D70 		.ascii	"compare1\000"
 1394      61726531 
 1394      00
 1395              	.LASF72:
 1396 004d 63795F73 		.ascii	"cy_stc_tcpwm_pwm_config_t\000"
 1396      74635F74 
 1396      6370776D 
 1396      5F70776D 
 1396      5F636F6E 
 1397              	.LASF2:
ARM GAS  C:\Users\subra\AppData\Local\Temp\ccj7450b.s 			page 29


 1398 0067 73686F72 		.ascii	"short int\000"
 1398      7420696E 
 1398      7400
 1399              	.LASF78:
 1400 0071 443A5C50 		.ascii	"D:\\Projects\\NS\\Neural-Stimulator-Firmware\\new\\"
 1400      726F6A65 
 1400      6374735C 
 1400      4E535C4E 
 1400      65757261 
 1401 009f 50534F43 		.ascii	"PSOC6\\CustomService.cydsn\000"
 1401      365C4375 
 1401      73746F6D 
 1401      53657276 
 1401      6963652E 
 1402              	.LASF14:
 1403 00b9 73697A65 		.ascii	"sizetype\000"
 1403      74797065 
 1403      00
 1404              	.LASF20:
 1405 00c2 50455249 		.ascii	"PERIOD_BUFF\000"
 1405      4F445F42 
 1405      55464600 
 1406              	.LASF30:
 1407 00ce 54435057 		.ascii	"TCPWM_CNT_V1_Type\000"
 1407      4D5F434E 
 1407      545F5631 
 1407      5F547970 
 1407      6500
 1408              	.LASF32:
 1409 00e0 4354524C 		.ascii	"CTRL_SET\000"
 1409      5F534554 
 1409      00
 1410              	.LASF19:
 1411 00e9 50455249 		.ascii	"PERIOD\000"
 1411      4F4400
 1412              	.LASF34:
 1413 00f0 434D445F 		.ascii	"CMD_RELOAD\000"
 1413      52454C4F 
 1413      414400
 1414              	.LASF23:
 1415 00fb 54525F43 		.ascii	"TR_CTRL1\000"
 1415      54524C31 
 1415      00
 1416              	.LASF24:
 1417 0104 54525F43 		.ascii	"TR_CTRL2\000"
 1417      54524C32 
 1417      00
 1418              	.LASF76:
 1419 010d 474E5520 		.ascii	"GNU C11 5.4.1 20160609 (release) [ARM/embedded-5-br"
 1419      43313120 
 1419      352E342E 
 1419      31203230 
 1419      31363036 
 1420 0140 616E6368 		.ascii	"anch revision 237715] -mcpu=cortex-m4 -mfloat-abi=s"
 1420      20726576 
 1420      6973696F 
 1420      6E203233 
ARM GAS  C:\Users\subra\AppData\Local\Temp\ccj7450b.s 			page 30


 1420      37373135 
 1421 0173 6F667466 		.ascii	"oftfp -mfpu=fpv4-sp-d16 -mthumb -g -Og -ffunction-s"
 1421      70202D6D 
 1421      6670753D 
 1421      66707634 
 1421      2D73702D 
 1422 01a6 65637469 		.ascii	"ections -ffat-lto-objects\000"
 1422      6F6E7320 
 1422      2D666661 
 1422      742D6C74 
 1422      6F2D6F62 
 1423              	.LASF43:
 1424 01c0 43595F54 		.ascii	"CY_TCPWM_SUCCESS\000"
 1424      4350574D 
 1424      5F535543 
 1424      43455353 
 1424      00
 1425              	.LASF6:
 1426 01d1 5F5F7569 		.ascii	"__uint32_t\000"
 1426      6E743332 
 1426      5F7400
 1427              	.LASF22:
 1428 01dc 54525F43 		.ascii	"TR_CTRL0\000"
 1428      54524C30 
 1428      00
 1429              	.LASF75:
 1430 01e5 636F6E66 		.ascii	"config\000"
 1430      696700
 1431              	.LASF38:
 1432 01ec 54435057 		.ascii	"TCPWM_V1_Type\000"
 1432      4D5F5631 
 1432      5F547970 
 1432      6500
 1433              	.LASF56:
 1434 01fa 656E6162 		.ascii	"enableCompareSwap\000"
 1434      6C65436F 
 1434      6D706172 
 1434      65537761 
 1434      7000
 1435              	.LASF79:
 1436 020c 63795F73 		.ascii	"cy_stc_tcpwm_pwm_config\000"
 1436      74635F74 
 1436      6370776D 
 1436      5F70776D 
 1436      5F636F6E 
 1437              	.LASF68:
 1438 0224 6B696C6C 		.ascii	"killInput\000"
 1438      496E7075 
 1438      7400
 1439              	.LASF33:
 1440 022e 434D445F 		.ascii	"CMD_CAPTURE\000"
 1440      43415054 
 1440      55524500 
 1441              	.LASF57:
 1442 023a 696E7465 		.ascii	"interruptSources\000"
 1442      72727570 
 1442      74536F75 
ARM GAS  C:\Users\subra\AppData\Local\Temp\ccj7450b.s 			page 31


 1442      72636573 
 1442      00
 1443              	.LASF36:
 1444 024b 434D445F 		.ascii	"CMD_START\000"
 1444      53544152 
 1444      5400
 1445              	.LASF60:
 1446 0255 6B696C6C 		.ascii	"killMode\000"
 1446      4D6F6465 
 1446      00
 1447              	.LASF41:
 1448 025e 666C6F61 		.ascii	"float\000"
 1448      7400
 1449              	.LASF51:
 1450 0264 70657269 		.ascii	"period0\000"
 1450      6F643000 
 1451              	.LASF52:
 1452 026c 70657269 		.ascii	"period1\000"
 1452      6F643100 
 1453              	.LASF63:
 1454 0274 72656C6F 		.ascii	"reloadInputMode\000"
 1454      6164496E 
 1454      7075744D 
 1454      6F646500 
 1455              	.LASF8:
 1456 0284 6C6F6E67 		.ascii	"long long int\000"
 1456      206C6F6E 
 1456      6720696E 
 1456      7400
 1457              	.LASF50:
 1458 0292 72756E4D 		.ascii	"runMode\000"
 1458      6F646500 
 1459              	.LASF16:
 1460 029a 53544154 		.ascii	"STATUS\000"
 1460      555300
 1461              	.LASF4:
 1462 02a1 6C6F6E67 		.ascii	"long int\000"
 1462      20696E74 
 1462      00
 1463              	.LASF82:
 1464 02aa 43795F54 		.ascii	"Cy_TCPWM_PWM_DeInit\000"
 1464      4350574D 
 1464      5F50574D 
 1464      5F446549 
 1464      6E697400 
 1465              	.LASF74:
 1466 02be 636E744E 		.ascii	"cntNum\000"
 1466      756D00
 1467              	.LASF29:
 1468 02c5 494E5452 		.ascii	"INTR_MASKED\000"
 1468      5F4D4153 
 1468      4B454400 
 1469              	.LASF18:
 1470 02d1 43435F42 		.ascii	"CC_BUFF\000"
 1470      55464600 
 1471              	.LASF13:
 1472 02d9 6C6F6E67 		.ascii	"long double\000"
ARM GAS  C:\Users\subra\AppData\Local\Temp\ccj7450b.s 			page 32


 1472      20646F75 
 1472      626C6500 
 1473              	.LASF65:
 1474 02e5 73746172 		.ascii	"startInputMode\000"
 1474      74496E70 
 1474      75744D6F 
 1474      646500
 1475              	.LASF1:
 1476 02f4 756E7369 		.ascii	"unsigned char\000"
 1476      676E6564 
 1476      20636861 
 1476      7200
 1477              	.LASF15:
 1478 0302 4354524C 		.ascii	"CTRL\000"
 1478      00
 1479              	.LASF37:
 1480 0307 494E5452 		.ascii	"INTR_CAUSE\000"
 1480      5F434155 
 1480      534500
 1481              	.LASF0:
 1482 0312 7369676E 		.ascii	"signed char\000"
 1482      65642063 
 1482      68617200 
 1483              	.LASF27:
 1484 031e 494E5452 		.ascii	"INTR_SET\000"
 1484      5F534554 
 1484      00
 1485              	.LASF9:
 1486 0327 6C6F6E67 		.ascii	"long long unsigned int\000"
 1486      206C6F6E 
 1486      6720756E 
 1486      7369676E 
 1486      65642069 
 1487              	.LASF12:
 1488 033e 75696E74 		.ascii	"uint32_t\000"
 1488      33325F74 
 1488      00
 1489              	.LASF10:
 1490 0347 756E7369 		.ascii	"unsigned int\000"
 1490      676E6564 
 1490      20696E74 
 1490      00
 1491              	.LASF59:
 1492 0354 696E7665 		.ascii	"invertPWMOutN\000"
 1492      72745057 
 1492      4D4F7574 
 1492      4E00
 1493              	.LASF35:
 1494 0362 434D445F 		.ascii	"CMD_STOP\000"
 1494      53544F50 
 1494      00
 1495              	.LASF28:
 1496 036b 494E5452 		.ascii	"INTR_MASK\000"
 1496      5F4D4153 
 1496      4B00
 1497              	.LASF3:
 1498 0375 73686F72 		.ascii	"short unsigned int\000"
ARM GAS  C:\Users\subra\AppData\Local\Temp\ccj7450b.s 			page 33


 1498      7420756E 
 1498      7369676E 
 1498      65642069 
 1498      6E7400
 1499              	.LASF81:
 1500 0388 73746174 		.ascii	"status\000"
 1500      757300
 1501              	.LASF40:
 1502 038f 63686172 		.ascii	"char\000"
 1502      00
 1503              	.LASF49:
 1504 0394 64656164 		.ascii	"deadTimeClocks\000"
 1504      54696D65 
 1504      436C6F63 
 1504      6B7300
 1505              	.LASF11:
 1506 03a3 696E7433 		.ascii	"int32_t\000"
 1506      325F7400 
 1507              	.LASF44:
 1508 03ab 43595F54 		.ascii	"CY_TCPWM_BAD_PARAM\000"
 1508      4350574D 
 1508      5F424144 
 1508      5F504152 
 1508      414D00
 1509              	.LASF71:
 1510 03be 5F426F6F 		.ascii	"_Bool\000"
 1510      6C00
 1511              	.LASF26:
 1512 03c4 494E5452 		.ascii	"INTR\000"
 1512      00
 1513              	.LASF80:
 1514 03c9 43795F54 		.ascii	"Cy_TCPWM_PWM_Init\000"
 1514      4350574D 
 1514      5F50574D 
 1514      5F496E69 
 1514      7400
 1515              	.LASF25:
 1516 03db 52455345 		.ascii	"RESERVED1\000"
 1516      52564544 
 1516      3100
 1517              	.LASF7:
 1518 03e5 6C6F6E67 		.ascii	"long unsigned int\000"
 1518      20756E73 
 1518      69676E65 
 1518      6420696E 
 1518      7400
 1519              	.LASF42:
 1520 03f7 646F7562 		.ascii	"double\000"
 1520      6C6500
 1521              	.LASF77:
 1522 03fe 47656E65 		.ascii	"Generated_Source\\PSoC6\\pdl\\drivers\\peripheral\\"
 1522      72617465 
 1522      645F536F 
 1522      75726365 
 1522      5C50536F 
 1523 042c 74637077 		.ascii	"tcpwm\\cy_tcpwm_pwm.c\000"
 1523      6D5C6379 
ARM GAS  C:\Users\subra\AppData\Local\Temp\ccj7450b.s 			page 34


 1523      5F746370 
 1523      776D5F70 
 1523      776D2E63 
 1524              	.LASF61:
 1525 0441 73776170 		.ascii	"swapInputMode\000"
 1525      496E7075 
 1525      744D6F64 
 1525      6500
 1526              	.LASF66:
 1527 044f 73746172 		.ascii	"startInput\000"
 1527      74496E70 
 1527      757400
 1528              	.LASF5:
 1529 045a 5F5F696E 		.ascii	"__int32_t\000"
 1529      7433325F 
 1529      7400
 1530              	.LASF31:
 1531 0464 4354524C 		.ascii	"CTRL_CLR\000"
 1531      5F434C52 
 1531      00
 1532              	.LASF48:
 1533 046d 70776D41 		.ascii	"pwmAlignment\000"
 1533      6C69676E 
 1533      6D656E74 
 1533      00
 1534              	.LASF62:
 1535 047a 73776170 		.ascii	"swapInput\000"
 1535      496E7075 
 1535      7400
 1536              	.LASF58:
 1537 0484 696E7665 		.ascii	"invertPWMOut\000"
 1537      72745057 
 1537      4D4F7574 
 1537      00
 1538              	.LASF67:
 1539 0491 6B696C6C 		.ascii	"killInputMode\000"
 1539      496E7075 
 1539      744D6F64 
 1539      6500
 1540              	.LASF17:
 1541 049f 434F554E 		.ascii	"COUNTER\000"
 1541      54455200 
 1542              	.LASF46:
 1543 04a7 70776D4D 		.ascii	"pwmMode\000"
 1543      6F646500 
 1544              	.LASF21:
 1545 04af 52455345 		.ascii	"RESERVED\000"
 1545      52564544 
 1545      00
 1546              	.LASF45:
 1547 04b8 63795F65 		.ascii	"cy_en_tcpwm_status_t\000"
 1547      6E5F7463 
 1547      70776D5F 
 1547      73746174 
 1547      75735F74 
 1548              	.LASF70:
 1549 04cd 636F756E 		.ascii	"countInput\000"
ARM GAS  C:\Users\subra\AppData\Local\Temp\ccj7450b.s 			page 35


 1549      74496E70 
 1549      757400
 1550              	.LASF83:
 1551 04d8 49544D5F 		.ascii	"ITM_RxBuffer\000"
 1551      52784275 
 1551      66666572 
 1551      00
 1552              	.LASF39:
 1553 04e5 54435057 		.ascii	"TCPWM_Type\000"
 1553      4D5F5479 
 1553      706500
 1554              	.LASF73:
 1555 04f0 62617365 		.ascii	"base\000"
 1555      00
 1556              		.ident	"GCC: (GNU Tools for ARM Embedded Processors) 5.4.1 20160609 (release) [ARM/embedded-5-bran
