ARM GAS  C:\Users\subra\AppData\Local\Temp\ccmCR9D7.s 			page 1


   1              		.syntax unified
   2              		.cpu cortex-m4
   3              		.eabi_attribute 27, 1
   4              		.fpu fpv4-sp-d16
   5              		.eabi_attribute 20, 1
   6              		.eabi_attribute 21, 1
   7              		.eabi_attribute 23, 3
   8              		.eabi_attribute 24, 1
   9              		.eabi_attribute 25, 1
  10              		.eabi_attribute 26, 1
  11              		.eabi_attribute 30, 1
  12              		.eabi_attribute 34, 1
  13              		.eabi_attribute 18, 4
  14              		.thumb
  15              		.syntax unified
  16              		.file	"list.c"
  17              		.text
  18              	.Ltext0:
  19              		.cfi_sections	.debug_frame
  20              		.section	.text.vListInitialise,"ax",%progbits
  21              		.align	2
  22              		.global	vListInitialise
  23              		.thumb
  24              		.thumb_func
  25              		.type	vListInitialise, %function
  26              	vListInitialise:
  27              	.LFB136:
  28              		.file 1 "Generated_Source\\PSoC6\\pdl\\rtos\\FreeRTOS\\10.0.1\\Source\\list.c"
   1:Generated_Source\PSoC6\pdl\rtos\FreeRTOS\10.0.1\Source/list.c **** /*
   2:Generated_Source\PSoC6\pdl\rtos\FreeRTOS\10.0.1\Source/list.c ****  * FreeRTOS Kernel V10.0.1
   3:Generated_Source\PSoC6\pdl\rtos\FreeRTOS\10.0.1\Source/list.c ****  * Copyright (C) 2017 Amazon.com, Inc. or its affiliates.  All Rights Reserved.
   4:Generated_Source\PSoC6\pdl\rtos\FreeRTOS\10.0.1\Source/list.c ****  *
   5:Generated_Source\PSoC6\pdl\rtos\FreeRTOS\10.0.1\Source/list.c ****  * Permission is hereby granted, free of charge, to any person obtaining a copy of
   6:Generated_Source\PSoC6\pdl\rtos\FreeRTOS\10.0.1\Source/list.c ****  * this software and associated documentation files (the "Software"), to deal in
   7:Generated_Source\PSoC6\pdl\rtos\FreeRTOS\10.0.1\Source/list.c ****  * the Software without restriction, including without limitation the rights to
   8:Generated_Source\PSoC6\pdl\rtos\FreeRTOS\10.0.1\Source/list.c ****  * use, copy, modify, merge, publish, distribute, sublicense, and/or sell copies of
   9:Generated_Source\PSoC6\pdl\rtos\FreeRTOS\10.0.1\Source/list.c ****  * the Software, and to permit persons to whom the Software is furnished to do so,
  10:Generated_Source\PSoC6\pdl\rtos\FreeRTOS\10.0.1\Source/list.c ****  * subject to the following conditions:
  11:Generated_Source\PSoC6\pdl\rtos\FreeRTOS\10.0.1\Source/list.c ****  *
  12:Generated_Source\PSoC6\pdl\rtos\FreeRTOS\10.0.1\Source/list.c ****  * The above copyright notice and this permission notice shall be included in all
  13:Generated_Source\PSoC6\pdl\rtos\FreeRTOS\10.0.1\Source/list.c ****  * copies or substantial portions of the Software.
  14:Generated_Source\PSoC6\pdl\rtos\FreeRTOS\10.0.1\Source/list.c ****  *
  15:Generated_Source\PSoC6\pdl\rtos\FreeRTOS\10.0.1\Source/list.c ****  * THE SOFTWARE IS PROVIDED "AS IS", WITHOUT WARRANTY OF ANY KIND, EXPRESS OR
  16:Generated_Source\PSoC6\pdl\rtos\FreeRTOS\10.0.1\Source/list.c ****  * IMPLIED, INCLUDING BUT NOT LIMITED TO THE WARRANTIES OF MERCHANTABILITY, FITNESS
  17:Generated_Source\PSoC6\pdl\rtos\FreeRTOS\10.0.1\Source/list.c ****  * FOR A PARTICULAR PURPOSE AND NONINFRINGEMENT. IN NO EVENT SHALL THE AUTHORS OR
  18:Generated_Source\PSoC6\pdl\rtos\FreeRTOS\10.0.1\Source/list.c ****  * COPYRIGHT HOLDERS BE LIABLE FOR ANY CLAIM, DAMAGES OR OTHER LIABILITY, WHETHER
  19:Generated_Source\PSoC6\pdl\rtos\FreeRTOS\10.0.1\Source/list.c ****  * IN AN ACTION OF CONTRACT, TORT OR OTHERWISE, ARISING FROM, OUT OF OR IN
  20:Generated_Source\PSoC6\pdl\rtos\FreeRTOS\10.0.1\Source/list.c ****  * CONNECTION WITH THE SOFTWARE OR THE USE OR OTHER DEALINGS IN THE SOFTWARE.
  21:Generated_Source\PSoC6\pdl\rtos\FreeRTOS\10.0.1\Source/list.c ****  *
  22:Generated_Source\PSoC6\pdl\rtos\FreeRTOS\10.0.1\Source/list.c ****  * http://www.FreeRTOS.org
  23:Generated_Source\PSoC6\pdl\rtos\FreeRTOS\10.0.1\Source/list.c ****  * http://aws.amazon.com/freertos
  24:Generated_Source\PSoC6\pdl\rtos\FreeRTOS\10.0.1\Source/list.c ****  *
  25:Generated_Source\PSoC6\pdl\rtos\FreeRTOS\10.0.1\Source/list.c ****  * 1 tab == 4 spaces!
  26:Generated_Source\PSoC6\pdl\rtos\FreeRTOS\10.0.1\Source/list.c ****  */
  27:Generated_Source\PSoC6\pdl\rtos\FreeRTOS\10.0.1\Source/list.c **** 
  28:Generated_Source\PSoC6\pdl\rtos\FreeRTOS\10.0.1\Source/list.c **** 
  29:Generated_Source\PSoC6\pdl\rtos\FreeRTOS\10.0.1\Source/list.c **** #include <stdlib.h>
ARM GAS  C:\Users\subra\AppData\Local\Temp\ccmCR9D7.s 			page 2


  30:Generated_Source\PSoC6\pdl\rtos\FreeRTOS\10.0.1\Source/list.c **** #include "FreeRTOS.h"
  31:Generated_Source\PSoC6\pdl\rtos\FreeRTOS\10.0.1\Source/list.c **** #include "list.h"
  32:Generated_Source\PSoC6\pdl\rtos\FreeRTOS\10.0.1\Source/list.c **** 
  33:Generated_Source\PSoC6\pdl\rtos\FreeRTOS\10.0.1\Source/list.c **** /*-----------------------------------------------------------
  34:Generated_Source\PSoC6\pdl\rtos\FreeRTOS\10.0.1\Source/list.c ****  * PUBLIC LIST API documented in list.h
  35:Generated_Source\PSoC6\pdl\rtos\FreeRTOS\10.0.1\Source/list.c ****  *----------------------------------------------------------*/
  36:Generated_Source\PSoC6\pdl\rtos\FreeRTOS\10.0.1\Source/list.c **** 
  37:Generated_Source\PSoC6\pdl\rtos\FreeRTOS\10.0.1\Source/list.c **** void vListInitialise( List_t * const pxList )
  38:Generated_Source\PSoC6\pdl\rtos\FreeRTOS\10.0.1\Source/list.c **** {
  29              		.loc 1 38 0
  30              		.cfi_startproc
  31              		@ args = 0, pretend = 0, frame = 0
  32              		@ frame_needed = 0, uses_anonymous_args = 0
  33              		@ link register save eliminated.
  34              	.LVL0:
  39:Generated_Source\PSoC6\pdl\rtos\FreeRTOS\10.0.1\Source/list.c **** 	/* The list structure contains a list item which is used to mark the
  40:Generated_Source\PSoC6\pdl\rtos\FreeRTOS\10.0.1\Source/list.c **** 	end of the list.  To initialise the list the list end is inserted
  41:Generated_Source\PSoC6\pdl\rtos\FreeRTOS\10.0.1\Source/list.c **** 	as the only list entry. */
  42:Generated_Source\PSoC6\pdl\rtos\FreeRTOS\10.0.1\Source/list.c **** 	pxList->pxIndex = ( ListItem_t * ) &( pxList->xListEnd );			/*lint !e826 !e740 The mini list struc
  35              		.loc 1 42 0
  36 0000 00F10803 		add	r3, r0, #8
  37 0004 4360     		str	r3, [r0, #4]
  43:Generated_Source\PSoC6\pdl\rtos\FreeRTOS\10.0.1\Source/list.c **** 
  44:Generated_Source\PSoC6\pdl\rtos\FreeRTOS\10.0.1\Source/list.c **** 	/* The list end value is the highest possible value in the list to
  45:Generated_Source\PSoC6\pdl\rtos\FreeRTOS\10.0.1\Source/list.c **** 	ensure it remains at the end of the list. */
  46:Generated_Source\PSoC6\pdl\rtos\FreeRTOS\10.0.1\Source/list.c **** 	pxList->xListEnd.xItemValue = portMAX_DELAY;
  38              		.loc 1 46 0
  39 0006 4FF0FF32 		mov	r2, #-1
  40 000a 8260     		str	r2, [r0, #8]
  47:Generated_Source\PSoC6\pdl\rtos\FreeRTOS\10.0.1\Source/list.c **** 
  48:Generated_Source\PSoC6\pdl\rtos\FreeRTOS\10.0.1\Source/list.c **** 	/* The list end next and previous pointers point to itself so we know
  49:Generated_Source\PSoC6\pdl\rtos\FreeRTOS\10.0.1\Source/list.c **** 	when the list is empty. */
  50:Generated_Source\PSoC6\pdl\rtos\FreeRTOS\10.0.1\Source/list.c **** 	pxList->xListEnd.pxNext = ( ListItem_t * ) &( pxList->xListEnd );	/*lint !e826 !e740 The mini list
  41              		.loc 1 50 0
  42 000c C360     		str	r3, [r0, #12]
  51:Generated_Source\PSoC6\pdl\rtos\FreeRTOS\10.0.1\Source/list.c **** 	pxList->xListEnd.pxPrevious = ( ListItem_t * ) &( pxList->xListEnd );/*lint !e826 !e740 The mini l
  43              		.loc 1 51 0
  44 000e 0361     		str	r3, [r0, #16]
  52:Generated_Source\PSoC6\pdl\rtos\FreeRTOS\10.0.1\Source/list.c **** 
  53:Generated_Source\PSoC6\pdl\rtos\FreeRTOS\10.0.1\Source/list.c **** 	pxList->uxNumberOfItems = ( UBaseType_t ) 0U;
  45              		.loc 1 53 0
  46 0010 0023     		movs	r3, #0
  47 0012 0360     		str	r3, [r0]
  48 0014 7047     		bx	lr
  49              		.cfi_endproc
  50              	.LFE136:
  51              		.size	vListInitialise, .-vListInitialise
  52 0016 00BF     		.section	.text.vListInitialiseItem,"ax",%progbits
  53              		.align	2
  54              		.global	vListInitialiseItem
  55              		.thumb
  56              		.thumb_func
  57              		.type	vListInitialiseItem, %function
  58              	vListInitialiseItem:
  59              	.LFB137:
  54:Generated_Source\PSoC6\pdl\rtos\FreeRTOS\10.0.1\Source/list.c **** 
  55:Generated_Source\PSoC6\pdl\rtos\FreeRTOS\10.0.1\Source/list.c **** 	/* Write known values into the list if
ARM GAS  C:\Users\subra\AppData\Local\Temp\ccmCR9D7.s 			page 3


  56:Generated_Source\PSoC6\pdl\rtos\FreeRTOS\10.0.1\Source/list.c **** 	configUSE_LIST_DATA_INTEGRITY_CHECK_BYTES is set to 1. */
  57:Generated_Source\PSoC6\pdl\rtos\FreeRTOS\10.0.1\Source/list.c **** 	listSET_LIST_INTEGRITY_CHECK_1_VALUE( pxList );
  58:Generated_Source\PSoC6\pdl\rtos\FreeRTOS\10.0.1\Source/list.c **** 	listSET_LIST_INTEGRITY_CHECK_2_VALUE( pxList );
  59:Generated_Source\PSoC6\pdl\rtos\FreeRTOS\10.0.1\Source/list.c **** }
  60:Generated_Source\PSoC6\pdl\rtos\FreeRTOS\10.0.1\Source/list.c **** /*-----------------------------------------------------------*/
  61:Generated_Source\PSoC6\pdl\rtos\FreeRTOS\10.0.1\Source/list.c **** 
  62:Generated_Source\PSoC6\pdl\rtos\FreeRTOS\10.0.1\Source/list.c **** void vListInitialiseItem( ListItem_t * const pxItem )
  63:Generated_Source\PSoC6\pdl\rtos\FreeRTOS\10.0.1\Source/list.c **** {
  60              		.loc 1 63 0
  61              		.cfi_startproc
  62              		@ args = 0, pretend = 0, frame = 0
  63              		@ frame_needed = 0, uses_anonymous_args = 0
  64              		@ link register save eliminated.
  65              	.LVL1:
  64:Generated_Source\PSoC6\pdl\rtos\FreeRTOS\10.0.1\Source/list.c **** 	/* Make sure the list item is not recorded as being on a list. */
  65:Generated_Source\PSoC6\pdl\rtos\FreeRTOS\10.0.1\Source/list.c **** 	pxItem->pvContainer = NULL;
  66              		.loc 1 65 0
  67 0000 0023     		movs	r3, #0
  68 0002 0361     		str	r3, [r0, #16]
  69 0004 7047     		bx	lr
  70              		.cfi_endproc
  71              	.LFE137:
  72              		.size	vListInitialiseItem, .-vListInitialiseItem
  73 0006 00BF     		.section	.text.vListInsertEnd,"ax",%progbits
  74              		.align	2
  75              		.global	vListInsertEnd
  76              		.thumb
  77              		.thumb_func
  78              		.type	vListInsertEnd, %function
  79              	vListInsertEnd:
  80              	.LFB138:
  66:Generated_Source\PSoC6\pdl\rtos\FreeRTOS\10.0.1\Source/list.c **** 
  67:Generated_Source\PSoC6\pdl\rtos\FreeRTOS\10.0.1\Source/list.c **** 	/* Write known values into the list item if
  68:Generated_Source\PSoC6\pdl\rtos\FreeRTOS\10.0.1\Source/list.c **** 	configUSE_LIST_DATA_INTEGRITY_CHECK_BYTES is set to 1. */
  69:Generated_Source\PSoC6\pdl\rtos\FreeRTOS\10.0.1\Source/list.c **** 	listSET_FIRST_LIST_ITEM_INTEGRITY_CHECK_VALUE( pxItem );
  70:Generated_Source\PSoC6\pdl\rtos\FreeRTOS\10.0.1\Source/list.c **** 	listSET_SECOND_LIST_ITEM_INTEGRITY_CHECK_VALUE( pxItem );
  71:Generated_Source\PSoC6\pdl\rtos\FreeRTOS\10.0.1\Source/list.c **** }
  72:Generated_Source\PSoC6\pdl\rtos\FreeRTOS\10.0.1\Source/list.c **** /*-----------------------------------------------------------*/
  73:Generated_Source\PSoC6\pdl\rtos\FreeRTOS\10.0.1\Source/list.c **** 
  74:Generated_Source\PSoC6\pdl\rtos\FreeRTOS\10.0.1\Source/list.c **** void vListInsertEnd( List_t * const pxList, ListItem_t * const pxNewListItem )
  75:Generated_Source\PSoC6\pdl\rtos\FreeRTOS\10.0.1\Source/list.c **** {
  81              		.loc 1 75 0
  82              		.cfi_startproc
  83              		@ args = 0, pretend = 0, frame = 0
  84              		@ frame_needed = 0, uses_anonymous_args = 0
  85              		@ link register save eliminated.
  86              	.LVL2:
  76:Generated_Source\PSoC6\pdl\rtos\FreeRTOS\10.0.1\Source/list.c **** ListItem_t * const pxIndex = pxList->pxIndex;
  87              		.loc 1 76 0
  88 0000 4368     		ldr	r3, [r0, #4]
  89              	.LVL3:
  77:Generated_Source\PSoC6\pdl\rtos\FreeRTOS\10.0.1\Source/list.c **** 
  78:Generated_Source\PSoC6\pdl\rtos\FreeRTOS\10.0.1\Source/list.c **** 	/* Only effective when configASSERT() is also defined, these tests may catch
  79:Generated_Source\PSoC6\pdl\rtos\FreeRTOS\10.0.1\Source/list.c **** 	the list data structures being overwritten in memory.  They will not catch
  80:Generated_Source\PSoC6\pdl\rtos\FreeRTOS\10.0.1\Source/list.c **** 	data errors caused by incorrect configuration or use of FreeRTOS. */
  81:Generated_Source\PSoC6\pdl\rtos\FreeRTOS\10.0.1\Source/list.c **** 	listTEST_LIST_INTEGRITY( pxList );
  82:Generated_Source\PSoC6\pdl\rtos\FreeRTOS\10.0.1\Source/list.c **** 	listTEST_LIST_ITEM_INTEGRITY( pxNewListItem );
ARM GAS  C:\Users\subra\AppData\Local\Temp\ccmCR9D7.s 			page 4


  83:Generated_Source\PSoC6\pdl\rtos\FreeRTOS\10.0.1\Source/list.c **** 
  84:Generated_Source\PSoC6\pdl\rtos\FreeRTOS\10.0.1\Source/list.c **** 	/* Insert a new list item into pxList, but rather than sort the list,
  85:Generated_Source\PSoC6\pdl\rtos\FreeRTOS\10.0.1\Source/list.c **** 	makes the new list item the last item to be removed by a call to
  86:Generated_Source\PSoC6\pdl\rtos\FreeRTOS\10.0.1\Source/list.c **** 	listGET_OWNER_OF_NEXT_ENTRY(). */
  87:Generated_Source\PSoC6\pdl\rtos\FreeRTOS\10.0.1\Source/list.c **** 	pxNewListItem->pxNext = pxIndex;
  90              		.loc 1 87 0
  91 0002 4B60     		str	r3, [r1, #4]
  88:Generated_Source\PSoC6\pdl\rtos\FreeRTOS\10.0.1\Source/list.c **** 	pxNewListItem->pxPrevious = pxIndex->pxPrevious;
  92              		.loc 1 88 0
  93 0004 9A68     		ldr	r2, [r3, #8]
  94 0006 8A60     		str	r2, [r1, #8]
  89:Generated_Source\PSoC6\pdl\rtos\FreeRTOS\10.0.1\Source/list.c **** 
  90:Generated_Source\PSoC6\pdl\rtos\FreeRTOS\10.0.1\Source/list.c **** 	/* Only used during decision coverage testing. */
  91:Generated_Source\PSoC6\pdl\rtos\FreeRTOS\10.0.1\Source/list.c **** 	mtCOVERAGE_TEST_DELAY();
  92:Generated_Source\PSoC6\pdl\rtos\FreeRTOS\10.0.1\Source/list.c **** 
  93:Generated_Source\PSoC6\pdl\rtos\FreeRTOS\10.0.1\Source/list.c **** 	pxIndex->pxPrevious->pxNext = pxNewListItem;
  95              		.loc 1 93 0
  96 0008 9A68     		ldr	r2, [r3, #8]
  97 000a 5160     		str	r1, [r2, #4]
  94:Generated_Source\PSoC6\pdl\rtos\FreeRTOS\10.0.1\Source/list.c **** 	pxIndex->pxPrevious = pxNewListItem;
  98              		.loc 1 94 0
  99 000c 9960     		str	r1, [r3, #8]
  95:Generated_Source\PSoC6\pdl\rtos\FreeRTOS\10.0.1\Source/list.c **** 
  96:Generated_Source\PSoC6\pdl\rtos\FreeRTOS\10.0.1\Source/list.c **** 	/* Remember which list the item is in. */
  97:Generated_Source\PSoC6\pdl\rtos\FreeRTOS\10.0.1\Source/list.c **** 	pxNewListItem->pvContainer = ( void * ) pxList;
 100              		.loc 1 97 0
 101 000e 0861     		str	r0, [r1, #16]
  98:Generated_Source\PSoC6\pdl\rtos\FreeRTOS\10.0.1\Source/list.c **** 
  99:Generated_Source\PSoC6\pdl\rtos\FreeRTOS\10.0.1\Source/list.c **** 	( pxList->uxNumberOfItems )++;
 102              		.loc 1 99 0
 103 0010 0368     		ldr	r3, [r0]
 104              	.LVL4:
 105 0012 0133     		adds	r3, r3, #1
 106 0014 0360     		str	r3, [r0]
 107 0016 7047     		bx	lr
 108              		.cfi_endproc
 109              	.LFE138:
 110              		.size	vListInsertEnd, .-vListInsertEnd
 111              		.section	.text.vListInsert,"ax",%progbits
 112              		.align	2
 113              		.global	vListInsert
 114              		.thumb
 115              		.thumb_func
 116              		.type	vListInsert, %function
 117              	vListInsert:
 118              	.LFB139:
 100:Generated_Source\PSoC6\pdl\rtos\FreeRTOS\10.0.1\Source/list.c **** }
 101:Generated_Source\PSoC6\pdl\rtos\FreeRTOS\10.0.1\Source/list.c **** /*-----------------------------------------------------------*/
 102:Generated_Source\PSoC6\pdl\rtos\FreeRTOS\10.0.1\Source/list.c **** 
 103:Generated_Source\PSoC6\pdl\rtos\FreeRTOS\10.0.1\Source/list.c **** void vListInsert( List_t * const pxList, ListItem_t * const pxNewListItem )
 104:Generated_Source\PSoC6\pdl\rtos\FreeRTOS\10.0.1\Source/list.c **** {
 119              		.loc 1 104 0
 120              		.cfi_startproc
 121              		@ args = 0, pretend = 0, frame = 0
 122              		@ frame_needed = 0, uses_anonymous_args = 0
 123              		@ link register save eliminated.
 124              	.LVL5:
ARM GAS  C:\Users\subra\AppData\Local\Temp\ccmCR9D7.s 			page 5


 125 0000 30B4     		push	{r4, r5}
 126              		.cfi_def_cfa_offset 8
 127              		.cfi_offset 4, -8
 128              		.cfi_offset 5, -4
 105:Generated_Source\PSoC6\pdl\rtos\FreeRTOS\10.0.1\Source/list.c **** ListItem_t *pxIterator;
 106:Generated_Source\PSoC6\pdl\rtos\FreeRTOS\10.0.1\Source/list.c **** const TickType_t xValueOfInsertion = pxNewListItem->xItemValue;
 129              		.loc 1 106 0
 130 0002 0D68     		ldr	r5, [r1]
 131              	.LVL6:
 107:Generated_Source\PSoC6\pdl\rtos\FreeRTOS\10.0.1\Source/list.c **** 
 108:Generated_Source\PSoC6\pdl\rtos\FreeRTOS\10.0.1\Source/list.c **** 	/* Only effective when configASSERT() is also defined, these tests may catch
 109:Generated_Source\PSoC6\pdl\rtos\FreeRTOS\10.0.1\Source/list.c **** 	the list data structures being overwritten in memory.  They will not catch
 110:Generated_Source\PSoC6\pdl\rtos\FreeRTOS\10.0.1\Source/list.c **** 	data errors caused by incorrect configuration or use of FreeRTOS. */
 111:Generated_Source\PSoC6\pdl\rtos\FreeRTOS\10.0.1\Source/list.c **** 	listTEST_LIST_INTEGRITY( pxList );
 112:Generated_Source\PSoC6\pdl\rtos\FreeRTOS\10.0.1\Source/list.c **** 	listTEST_LIST_ITEM_INTEGRITY( pxNewListItem );
 113:Generated_Source\PSoC6\pdl\rtos\FreeRTOS\10.0.1\Source/list.c **** 
 114:Generated_Source\PSoC6\pdl\rtos\FreeRTOS\10.0.1\Source/list.c **** 	/* Insert the new list item into the list, sorted in xItemValue order.
 115:Generated_Source\PSoC6\pdl\rtos\FreeRTOS\10.0.1\Source/list.c **** 
 116:Generated_Source\PSoC6\pdl\rtos\FreeRTOS\10.0.1\Source/list.c **** 	If the list already contains a list item with the same item value then the
 117:Generated_Source\PSoC6\pdl\rtos\FreeRTOS\10.0.1\Source/list.c **** 	new list item should be placed after it.  This ensures that TCB's which are
 118:Generated_Source\PSoC6\pdl\rtos\FreeRTOS\10.0.1\Source/list.c **** 	stored in ready lists (all of which have the same xItemValue value) get a
 119:Generated_Source\PSoC6\pdl\rtos\FreeRTOS\10.0.1\Source/list.c **** 	share of the CPU.  However, if the xItemValue is the same as the back marker
 120:Generated_Source\PSoC6\pdl\rtos\FreeRTOS\10.0.1\Source/list.c **** 	the iteration loop below will not end.  Therefore the value is checked
 121:Generated_Source\PSoC6\pdl\rtos\FreeRTOS\10.0.1\Source/list.c **** 	first, and the algorithm slightly modified if necessary. */
 122:Generated_Source\PSoC6\pdl\rtos\FreeRTOS\10.0.1\Source/list.c **** 	if( xValueOfInsertion == portMAX_DELAY )
 132              		.loc 1 122 0
 133 0004 B5F1FF3F 		cmp	r5, #-1
 134 0008 01D1     		bne	.L5
 123:Generated_Source\PSoC6\pdl\rtos\FreeRTOS\10.0.1\Source/list.c **** 	{
 124:Generated_Source\PSoC6\pdl\rtos\FreeRTOS\10.0.1\Source/list.c **** 		pxIterator = pxList->xListEnd.pxPrevious;
 135              		.loc 1 124 0
 136 000a 0269     		ldr	r2, [r0, #16]
 137              	.LVL7:
 138 000c 07E0     		b	.L6
 139              	.LVL8:
 140              	.L5:
 125:Generated_Source\PSoC6\pdl\rtos\FreeRTOS\10.0.1\Source/list.c **** 	}
 126:Generated_Source\PSoC6\pdl\rtos\FreeRTOS\10.0.1\Source/list.c **** 	else
 127:Generated_Source\PSoC6\pdl\rtos\FreeRTOS\10.0.1\Source/list.c **** 	{
 128:Generated_Source\PSoC6\pdl\rtos\FreeRTOS\10.0.1\Source/list.c **** 		/* *** NOTE ***********************************************************
 129:Generated_Source\PSoC6\pdl\rtos\FreeRTOS\10.0.1\Source/list.c **** 		If you find your application is crashing here then likely causes are
 130:Generated_Source\PSoC6\pdl\rtos\FreeRTOS\10.0.1\Source/list.c **** 		listed below.  In addition see http://www.freertos.org/FAQHelp.html for
 131:Generated_Source\PSoC6\pdl\rtos\FreeRTOS\10.0.1\Source/list.c **** 		more tips, and ensure configASSERT() is defined!
 132:Generated_Source\PSoC6\pdl\rtos\FreeRTOS\10.0.1\Source/list.c **** 		http://www.freertos.org/a00110.html#configASSERT
 133:Generated_Source\PSoC6\pdl\rtos\FreeRTOS\10.0.1\Source/list.c **** 
 134:Generated_Source\PSoC6\pdl\rtos\FreeRTOS\10.0.1\Source/list.c **** 			1) Stack overflow -
 135:Generated_Source\PSoC6\pdl\rtos\FreeRTOS\10.0.1\Source/list.c **** 			   see http://www.freertos.org/Stacks-and-stack-overflow-checking.html
 136:Generated_Source\PSoC6\pdl\rtos\FreeRTOS\10.0.1\Source/list.c **** 			2) Incorrect interrupt priority assignment, especially on Cortex-M
 137:Generated_Source\PSoC6\pdl\rtos\FreeRTOS\10.0.1\Source/list.c **** 			   parts where numerically high priority values denote low actual
 138:Generated_Source\PSoC6\pdl\rtos\FreeRTOS\10.0.1\Source/list.c **** 			   interrupt priorities, which can seem counter intuitive.  See
 139:Generated_Source\PSoC6\pdl\rtos\FreeRTOS\10.0.1\Source/list.c **** 			   http://www.freertos.org/RTOS-Cortex-M3-M4.html and the definition
 140:Generated_Source\PSoC6\pdl\rtos\FreeRTOS\10.0.1\Source/list.c **** 			   of configMAX_SYSCALL_INTERRUPT_PRIORITY on
 141:Generated_Source\PSoC6\pdl\rtos\FreeRTOS\10.0.1\Source/list.c **** 			   http://www.freertos.org/a00110.html
 142:Generated_Source\PSoC6\pdl\rtos\FreeRTOS\10.0.1\Source/list.c **** 			3) Calling an API function from within a critical section or when
 143:Generated_Source\PSoC6\pdl\rtos\FreeRTOS\10.0.1\Source/list.c **** 			   the scheduler is suspended, or calling an API function that does
 144:Generated_Source\PSoC6\pdl\rtos\FreeRTOS\10.0.1\Source/list.c **** 			   not end in "FromISR" from an interrupt.
 145:Generated_Source\PSoC6\pdl\rtos\FreeRTOS\10.0.1\Source/list.c **** 			4) Using a queue or semaphore before it has been initialised or
ARM GAS  C:\Users\subra\AppData\Local\Temp\ccmCR9D7.s 			page 6


 146:Generated_Source\PSoC6\pdl\rtos\FreeRTOS\10.0.1\Source/list.c **** 			   before the scheduler has been started (are interrupts firing
 147:Generated_Source\PSoC6\pdl\rtos\FreeRTOS\10.0.1\Source/list.c **** 			   before vTaskStartScheduler() has been called?).
 148:Generated_Source\PSoC6\pdl\rtos\FreeRTOS\10.0.1\Source/list.c **** 		**********************************************************************/
 149:Generated_Source\PSoC6\pdl\rtos\FreeRTOS\10.0.1\Source/list.c **** 
 150:Generated_Source\PSoC6\pdl\rtos\FreeRTOS\10.0.1\Source/list.c **** 		for( pxIterator = ( ListItem_t * ) &( pxList->xListEnd ); pxIterator->pxNext->xItemValue <= xValu
 141              		.loc 1 150 0
 142 000e 00F10802 		add	r2, r0, #8
 143              	.LVL9:
 144 0012 00E0     		b	.L7
 145              	.L8:
 146 0014 1A46     		mov	r2, r3
 147              	.LVL10:
 148              	.L7:
 149              		.loc 1 150 0 is_stmt 0 discriminator 1
 150 0016 5368     		ldr	r3, [r2, #4]
 151 0018 1C68     		ldr	r4, [r3]
 152 001a A542     		cmp	r5, r4
 153 001c FAD2     		bcs	.L8
 154              	.L6:
 151:Generated_Source\PSoC6\pdl\rtos\FreeRTOS\10.0.1\Source/list.c **** 		{
 152:Generated_Source\PSoC6\pdl\rtos\FreeRTOS\10.0.1\Source/list.c **** 			/* There is nothing to do here, just iterating to the wanted
 153:Generated_Source\PSoC6\pdl\rtos\FreeRTOS\10.0.1\Source/list.c **** 			insertion position. */
 154:Generated_Source\PSoC6\pdl\rtos\FreeRTOS\10.0.1\Source/list.c **** 		}
 155:Generated_Source\PSoC6\pdl\rtos\FreeRTOS\10.0.1\Source/list.c **** 	}
 156:Generated_Source\PSoC6\pdl\rtos\FreeRTOS\10.0.1\Source/list.c **** 
 157:Generated_Source\PSoC6\pdl\rtos\FreeRTOS\10.0.1\Source/list.c **** 	pxNewListItem->pxNext = pxIterator->pxNext;
 155              		.loc 1 157 0 is_stmt 1
 156 001e 5368     		ldr	r3, [r2, #4]
 157 0020 4B60     		str	r3, [r1, #4]
 158:Generated_Source\PSoC6\pdl\rtos\FreeRTOS\10.0.1\Source/list.c **** 	pxNewListItem->pxNext->pxPrevious = pxNewListItem;
 158              		.loc 1 158 0
 159 0022 9960     		str	r1, [r3, #8]
 159:Generated_Source\PSoC6\pdl\rtos\FreeRTOS\10.0.1\Source/list.c **** 	pxNewListItem->pxPrevious = pxIterator;
 160              		.loc 1 159 0
 161 0024 8A60     		str	r2, [r1, #8]
 160:Generated_Source\PSoC6\pdl\rtos\FreeRTOS\10.0.1\Source/list.c **** 	pxIterator->pxNext = pxNewListItem;
 162              		.loc 1 160 0
 163 0026 5160     		str	r1, [r2, #4]
 161:Generated_Source\PSoC6\pdl\rtos\FreeRTOS\10.0.1\Source/list.c **** 
 162:Generated_Source\PSoC6\pdl\rtos\FreeRTOS\10.0.1\Source/list.c **** 	/* Remember which list the item is in.  This allows fast removal of the
 163:Generated_Source\PSoC6\pdl\rtos\FreeRTOS\10.0.1\Source/list.c **** 	item later. */
 164:Generated_Source\PSoC6\pdl\rtos\FreeRTOS\10.0.1\Source/list.c **** 	pxNewListItem->pvContainer = ( void * ) pxList;
 164              		.loc 1 164 0
 165 0028 0861     		str	r0, [r1, #16]
 165:Generated_Source\PSoC6\pdl\rtos\FreeRTOS\10.0.1\Source/list.c **** 
 166:Generated_Source\PSoC6\pdl\rtos\FreeRTOS\10.0.1\Source/list.c **** 	( pxList->uxNumberOfItems )++;
 166              		.loc 1 166 0
 167 002a 0368     		ldr	r3, [r0]
 168 002c 0133     		adds	r3, r3, #1
 169 002e 0360     		str	r3, [r0]
 167:Generated_Source\PSoC6\pdl\rtos\FreeRTOS\10.0.1\Source/list.c **** }
 170              		.loc 1 167 0
 171 0030 30BC     		pop	{r4, r5}
 172              		.cfi_restore 5
 173              		.cfi_restore 4
 174              		.cfi_def_cfa_offset 0
 175              	.LVL11:
ARM GAS  C:\Users\subra\AppData\Local\Temp\ccmCR9D7.s 			page 7


 176 0032 7047     		bx	lr
 177              		.cfi_endproc
 178              	.LFE139:
 179              		.size	vListInsert, .-vListInsert
 180              		.section	.text.uxListRemove,"ax",%progbits
 181              		.align	2
 182              		.global	uxListRemove
 183              		.thumb
 184              		.thumb_func
 185              		.type	uxListRemove, %function
 186              	uxListRemove:
 187              	.LFB140:
 168:Generated_Source\PSoC6\pdl\rtos\FreeRTOS\10.0.1\Source/list.c **** /*-----------------------------------------------------------*/
 169:Generated_Source\PSoC6\pdl\rtos\FreeRTOS\10.0.1\Source/list.c **** 
 170:Generated_Source\PSoC6\pdl\rtos\FreeRTOS\10.0.1\Source/list.c **** UBaseType_t uxListRemove( ListItem_t * const pxItemToRemove )
 171:Generated_Source\PSoC6\pdl\rtos\FreeRTOS\10.0.1\Source/list.c **** {
 188              		.loc 1 171 0
 189              		.cfi_startproc
 190              		@ args = 0, pretend = 0, frame = 0
 191              		@ frame_needed = 0, uses_anonymous_args = 0
 192              		@ link register save eliminated.
 193              	.LVL12:
 172:Generated_Source\PSoC6\pdl\rtos\FreeRTOS\10.0.1\Source/list.c **** /* The list item knows which list it is in.  Obtain the list from the list
 173:Generated_Source\PSoC6\pdl\rtos\FreeRTOS\10.0.1\Source/list.c **** item. */
 174:Generated_Source\PSoC6\pdl\rtos\FreeRTOS\10.0.1\Source/list.c **** List_t * const pxList = ( List_t * ) pxItemToRemove->pvContainer;
 194              		.loc 1 174 0
 195 0000 0369     		ldr	r3, [r0, #16]
 196              	.LVL13:
 175:Generated_Source\PSoC6\pdl\rtos\FreeRTOS\10.0.1\Source/list.c **** 
 176:Generated_Source\PSoC6\pdl\rtos\FreeRTOS\10.0.1\Source/list.c **** 	pxItemToRemove->pxNext->pxPrevious = pxItemToRemove->pxPrevious;
 197              		.loc 1 176 0
 198 0002 4268     		ldr	r2, [r0, #4]
 199 0004 8168     		ldr	r1, [r0, #8]
 200 0006 9160     		str	r1, [r2, #8]
 177:Generated_Source\PSoC6\pdl\rtos\FreeRTOS\10.0.1\Source/list.c **** 	pxItemToRemove->pxPrevious->pxNext = pxItemToRemove->pxNext;
 201              		.loc 1 177 0
 202 0008 8268     		ldr	r2, [r0, #8]
 203 000a 4168     		ldr	r1, [r0, #4]
 204 000c 5160     		str	r1, [r2, #4]
 178:Generated_Source\PSoC6\pdl\rtos\FreeRTOS\10.0.1\Source/list.c **** 
 179:Generated_Source\PSoC6\pdl\rtos\FreeRTOS\10.0.1\Source/list.c **** 	/* Only used during decision coverage testing. */
 180:Generated_Source\PSoC6\pdl\rtos\FreeRTOS\10.0.1\Source/list.c **** 	mtCOVERAGE_TEST_DELAY();
 181:Generated_Source\PSoC6\pdl\rtos\FreeRTOS\10.0.1\Source/list.c **** 
 182:Generated_Source\PSoC6\pdl\rtos\FreeRTOS\10.0.1\Source/list.c **** 	/* Make sure the index is left pointing to a valid item. */
 183:Generated_Source\PSoC6\pdl\rtos\FreeRTOS\10.0.1\Source/list.c **** 	if( pxList->pxIndex == pxItemToRemove )
 205              		.loc 1 183 0
 206 000e 5A68     		ldr	r2, [r3, #4]
 207 0010 9042     		cmp	r0, r2
 208 0012 01D1     		bne	.L11
 184:Generated_Source\PSoC6\pdl\rtos\FreeRTOS\10.0.1\Source/list.c **** 	{
 185:Generated_Source\PSoC6\pdl\rtos\FreeRTOS\10.0.1\Source/list.c **** 		pxList->pxIndex = pxItemToRemove->pxPrevious;
 209              		.loc 1 185 0
 210 0014 8268     		ldr	r2, [r0, #8]
 211 0016 5A60     		str	r2, [r3, #4]
 212              	.L11:
 186:Generated_Source\PSoC6\pdl\rtos\FreeRTOS\10.0.1\Source/list.c **** 	}
 187:Generated_Source\PSoC6\pdl\rtos\FreeRTOS\10.0.1\Source/list.c **** 	else
ARM GAS  C:\Users\subra\AppData\Local\Temp\ccmCR9D7.s 			page 8


 188:Generated_Source\PSoC6\pdl\rtos\FreeRTOS\10.0.1\Source/list.c **** 	{
 189:Generated_Source\PSoC6\pdl\rtos\FreeRTOS\10.0.1\Source/list.c **** 		mtCOVERAGE_TEST_MARKER();
 190:Generated_Source\PSoC6\pdl\rtos\FreeRTOS\10.0.1\Source/list.c **** 	}
 191:Generated_Source\PSoC6\pdl\rtos\FreeRTOS\10.0.1\Source/list.c **** 
 192:Generated_Source\PSoC6\pdl\rtos\FreeRTOS\10.0.1\Source/list.c **** 	pxItemToRemove->pvContainer = NULL;
 213              		.loc 1 192 0
 214 0018 0022     		movs	r2, #0
 215 001a 0261     		str	r2, [r0, #16]
 193:Generated_Source\PSoC6\pdl\rtos\FreeRTOS\10.0.1\Source/list.c **** 	( pxList->uxNumberOfItems )--;
 216              		.loc 1 193 0
 217 001c 1A68     		ldr	r2, [r3]
 218 001e 013A     		subs	r2, r2, #1
 219 0020 1A60     		str	r2, [r3]
 194:Generated_Source\PSoC6\pdl\rtos\FreeRTOS\10.0.1\Source/list.c **** 
 195:Generated_Source\PSoC6\pdl\rtos\FreeRTOS\10.0.1\Source/list.c **** 	return pxList->uxNumberOfItems;
 220              		.loc 1 195 0
 221 0022 1868     		ldr	r0, [r3]
 222              	.LVL14:
 196:Generated_Source\PSoC6\pdl\rtos\FreeRTOS\10.0.1\Source/list.c **** }
 223              		.loc 1 196 0
 224 0024 7047     		bx	lr
 225              		.cfi_endproc
 226              	.LFE140:
 227              		.size	uxListRemove, .-uxListRemove
 228 0026 00BF     		.text
 229              	.Letext0:
 230              		.file 2 "c:\\program files (x86)\\cypress\\psoc creator\\4.4\\psoc creator\\import\\gnu\\arm\\5.4.
 231              		.file 3 "c:\\program files (x86)\\cypress\\psoc creator\\4.4\\psoc creator\\import\\gnu\\arm\\5.4.
 232              		.file 4 "Generated_Source\\PSoC6\\pdl\\rtos/FreeRTOS/10.0.1/Source/portable/GCC/CM4F/portmacro.h"
 233              		.file 5 "Generated_Source\\PSoC6\\pdl\\rtos/FreeRTOS/10.0.1/Source/include/list.h"
 234              		.file 6 "Generated_Source\\PSoC6\\pdl\\cmsis/include/core_cm4.h"
 235              		.section	.debug_info,"",%progbits
 236              	.Ldebug_info0:
 237 0000 DB020000 		.4byte	0x2db
 238 0004 0400     		.2byte	0x4
 239 0006 00000000 		.4byte	.Ldebug_abbrev0
 240 000a 04       		.byte	0x4
 241 000b 01       		.uleb128 0x1
 242 000c 35020000 		.4byte	.LASF44
 243 0010 0C       		.byte	0xc
 244 0011 95010000 		.4byte	.LASF45
 245 0015 5F000000 		.4byte	.LASF46
 246 0019 00000000 		.4byte	.Ldebug_ranges0+0
 247 001d 00000000 		.4byte	0
 248 0021 00000000 		.4byte	.Ldebug_line0
 249 0025 02       		.uleb128 0x2
 250 0026 04       		.byte	0x4
 251 0027 07       		.byte	0x7
 252 0028 5F010000 		.4byte	.LASF0
 253 002c 03       		.uleb128 0x3
 254 002d 04       		.byte	0x4
 255 002e 05       		.byte	0x5
 256 002f 696E7400 		.ascii	"int\000"
 257 0033 02       		.uleb128 0x2
 258 0034 08       		.byte	0x8
 259 0035 05       		.byte	0x5
 260 0036 02020000 		.4byte	.LASF1
ARM GAS  C:\Users\subra\AppData\Local\Temp\ccmCR9D7.s 			page 9


 261 003a 02       		.uleb128 0x2
 262 003b 08       		.byte	0x8
 263 003c 04       		.byte	0x4
 264 003d FA020000 		.4byte	.LASF2
 265 0041 02       		.uleb128 0x2
 266 0042 01       		.byte	0x1
 267 0043 06       		.byte	0x6
 268 0044 16030000 		.4byte	.LASF3
 269 0048 02       		.uleb128 0x2
 270 0049 01       		.byte	0x1
 271 004a 08       		.byte	0x8
 272 004b C4000000 		.4byte	.LASF4
 273 004f 02       		.uleb128 0x2
 274 0050 02       		.byte	0x2
 275 0051 05       		.byte	0x5
 276 0052 20020000 		.4byte	.LASF5
 277 0056 02       		.uleb128 0x2
 278 0057 02       		.byte	0x2
 279 0058 07       		.byte	0x7
 280 0059 F3000000 		.4byte	.LASF6
 281 005d 04       		.uleb128 0x4
 282 005e 2E000000 		.4byte	.LASF8
 283 0062 02       		.byte	0x2
 284 0063 3F       		.byte	0x3f
 285 0064 68000000 		.4byte	0x68
 286 0068 02       		.uleb128 0x2
 287 0069 04       		.byte	0x4
 288 006a 05       		.byte	0x5
 289 006b F1020000 		.4byte	.LASF7
 290 006f 04       		.uleb128 0x4
 291 0070 35010000 		.4byte	.LASF9
 292 0074 02       		.byte	0x2
 293 0075 41       		.byte	0x41
 294 0076 7A000000 		.4byte	0x7a
 295 007a 02       		.uleb128 0x2
 296 007b 04       		.byte	0x4
 297 007c 07       		.byte	0x7
 298 007d D2000000 		.4byte	.LASF10
 299 0081 02       		.uleb128 0x2
 300 0082 08       		.byte	0x8
 301 0083 07       		.byte	0x7
 302 0084 AD000000 		.4byte	.LASF11
 303 0088 02       		.uleb128 0x2
 304 0089 04       		.byte	0x4
 305 008a 07       		.byte	0x7
 306 008b F9010000 		.4byte	.LASF12
 307 008f 05       		.uleb128 0x5
 308 0090 04       		.byte	0x4
 309 0091 02       		.uleb128 0x2
 310 0092 01       		.byte	0x1
 311 0093 08       		.byte	0x8
 312 0094 10020000 		.4byte	.LASF13
 313 0098 04       		.uleb128 0x4
 314 0099 F1010000 		.4byte	.LASF14
 315 009d 03       		.byte	0x3
 316 009e 2C       		.byte	0x2c
 317 009f 5D000000 		.4byte	0x5d
ARM GAS  C:\Users\subra\AppData\Local\Temp\ccmCR9D7.s 			page 10


 318 00a3 04       		.uleb128 0x4
 319 00a4 E8020000 		.4byte	.LASF15
 320 00a8 03       		.byte	0x3
 321 00a9 30       		.byte	0x30
 322 00aa 6F000000 		.4byte	0x6f
 323 00ae 02       		.uleb128 0x2
 324 00af 04       		.byte	0x4
 325 00b0 04       		.byte	0x4
 326 00b1 A7000000 		.4byte	.LASF16
 327 00b5 02       		.uleb128 0x2
 328 00b6 08       		.byte	0x8
 329 00b7 04       		.byte	0x4
 330 00b8 2E010000 		.4byte	.LASF17
 331 00bc 04       		.uleb128 0x4
 332 00bd DA010000 		.4byte	.LASF18
 333 00c1 04       		.byte	0x4
 334 00c2 39       		.byte	0x39
 335 00c3 7A000000 		.4byte	0x7a
 336 00c7 04       		.uleb128 0x4
 337 00c8 00000000 		.4byte	.LASF19
 338 00cc 04       		.byte	0x4
 339 00cd 3F       		.byte	0x3f
 340 00ce A3000000 		.4byte	0xa3
 341 00d2 06       		.uleb128 0x6
 342 00d3 54000000 		.4byte	.LASF26
 343 00d7 14       		.byte	0x14
 344 00d8 05       		.byte	0x5
 345 00d9 8B       		.byte	0x8b
 346 00da 1B010000 		.4byte	0x11b
 347 00de 07       		.uleb128 0x7
 348 00df 38000000 		.4byte	.LASF20
 349 00e3 05       		.byte	0x5
 350 00e4 8E       		.byte	0x8e
 351 00e5 C7000000 		.4byte	0xc7
 352 00e9 00       		.byte	0
 353 00ea 07       		.uleb128 0x7
 354 00eb 8E010000 		.4byte	.LASF21
 355 00ef 05       		.byte	0x5
 356 00f0 8F       		.byte	0x8f
 357 00f1 1B010000 		.4byte	0x11b
 358 00f5 04       		.byte	0x4
 359 00f6 07       		.uleb128 0x7
 360 00f7 2A020000 		.4byte	.LASF22
 361 00fb 05       		.byte	0x5
 362 00fc 90       		.byte	0x90
 363 00fd 1B010000 		.4byte	0x11b
 364 0101 08       		.byte	0x8
 365 0102 07       		.uleb128 0x7
 366 0103 4C000000 		.4byte	.LASF23
 367 0107 05       		.byte	0x5
 368 0108 91       		.byte	0x91
 369 0109 8F000000 		.4byte	0x8f
 370 010d 0C       		.byte	0xc
 371 010e 07       		.uleb128 0x7
 372 010f 0B000000 		.4byte	.LASF24
 373 0113 05       		.byte	0x5
 374 0114 92       		.byte	0x92
ARM GAS  C:\Users\subra\AppData\Local\Temp\ccmCR9D7.s 			page 11


 375 0115 8F000000 		.4byte	0x8f
 376 0119 10       		.byte	0x10
 377 011a 00       		.byte	0
 378 011b 08       		.uleb128 0x8
 379 011c 04       		.byte	0x4
 380 011d D2000000 		.4byte	0xd2
 381 0121 04       		.uleb128 0x4
 382 0122 E6010000 		.4byte	.LASF25
 383 0126 05       		.byte	0x5
 384 0127 95       		.byte	0x95
 385 0128 D2000000 		.4byte	0xd2
 386 012c 06       		.uleb128 0x6
 387 012d 06030000 		.4byte	.LASF27
 388 0131 0C       		.byte	0xc
 389 0132 05       		.byte	0x5
 390 0133 97       		.byte	0x97
 391 0134 5D010000 		.4byte	0x15d
 392 0138 07       		.uleb128 0x7
 393 0139 38000000 		.4byte	.LASF20
 394 013d 05       		.byte	0x5
 395 013e 9A       		.byte	0x9a
 396 013f C7000000 		.4byte	0xc7
 397 0143 00       		.byte	0
 398 0144 07       		.uleb128 0x7
 399 0145 8E010000 		.4byte	.LASF21
 400 0149 05       		.byte	0x5
 401 014a 9B       		.byte	0x9b
 402 014b 1B010000 		.4byte	0x11b
 403 014f 04       		.byte	0x4
 404 0150 07       		.uleb128 0x7
 405 0151 2A020000 		.4byte	.LASF22
 406 0155 05       		.byte	0x5
 407 0156 9C       		.byte	0x9c
 408 0157 1B010000 		.4byte	0x11b
 409 015b 08       		.byte	0x8
 410 015c 00       		.byte	0
 411 015d 04       		.uleb128 0x4
 412 015e 1F000000 		.4byte	.LASF28
 413 0162 05       		.byte	0x5
 414 0163 9E       		.byte	0x9e
 415 0164 2C010000 		.4byte	0x12c
 416 0168 06       		.uleb128 0x6
 417 0169 29030000 		.4byte	.LASF29
 418 016d 14       		.byte	0x14
 419 016e 05       		.byte	0x5
 420 016f A3       		.byte	0xa3
 421 0170 99010000 		.4byte	0x199
 422 0174 07       		.uleb128 0x7
 423 0175 40010000 		.4byte	.LASF30
 424 0179 05       		.byte	0x5
 425 017a A6       		.byte	0xa6
 426 017b 99010000 		.4byte	0x199
 427 017f 00       		.byte	0
 428 0180 07       		.uleb128 0x7
 429 0181 17000000 		.4byte	.LASF31
 430 0185 05       		.byte	0x5
 431 0186 A7       		.byte	0xa7
ARM GAS  C:\Users\subra\AppData\Local\Temp\ccmCR9D7.s 			page 12


 432 0187 9E010000 		.4byte	0x19e
 433 018b 04       		.byte	0x4
 434 018c 07       		.uleb128 0x7
 435 018d 43000000 		.4byte	.LASF32
 436 0191 05       		.byte	0x5
 437 0192 A8       		.byte	0xa8
 438 0193 5D010000 		.4byte	0x15d
 439 0197 08       		.byte	0x8
 440 0198 00       		.byte	0
 441 0199 09       		.uleb128 0x9
 442 019a BC000000 		.4byte	0xbc
 443 019e 08       		.uleb128 0x8
 444 019f 04       		.byte	0x4
 445 01a0 21010000 		.4byte	0x121
 446 01a4 04       		.uleb128 0x4
 447 01a5 27010000 		.4byte	.LASF33
 448 01a9 05       		.byte	0x5
 449 01aa AA       		.byte	0xaa
 450 01ab 68010000 		.4byte	0x168
 451 01af 0A       		.uleb128 0xa
 452 01b0 6C010000 		.4byte	.LASF34
 453 01b4 01       		.byte	0x1
 454 01b5 25       		.byte	0x25
 455 01b6 00000000 		.4byte	.LFB136
 456 01ba 16000000 		.4byte	.LFE136-.LFB136
 457 01be 01       		.uleb128 0x1
 458 01bf 9C       		.byte	0x9c
 459 01c0 D2010000 		.4byte	0x1d2
 460 01c4 0B       		.uleb128 0xb
 461 01c5 22030000 		.4byte	.LASF36
 462 01c9 01       		.byte	0x1
 463 01ca 25       		.byte	0x25
 464 01cb D8010000 		.4byte	0x1d8
 465 01cf 01       		.uleb128 0x1
 466 01d0 50       		.byte	0x50
 467 01d1 00       		.byte	0
 468 01d2 08       		.uleb128 0x8
 469 01d3 04       		.byte	0x4
 470 01d4 A4010000 		.4byte	0x1a4
 471 01d8 0C       		.uleb128 0xc
 472 01d9 D2010000 		.4byte	0x1d2
 473 01dd 0A       		.uleb128 0xa
 474 01de 13010000 		.4byte	.LASF35
 475 01e2 01       		.byte	0x1
 476 01e3 3E       		.byte	0x3e
 477 01e4 00000000 		.4byte	.LFB137
 478 01e8 06000000 		.4byte	.LFE137-.LFB137
 479 01ec 01       		.uleb128 0x1
 480 01ed 9C       		.byte	0x9c
 481 01ee 00020000 		.4byte	0x200
 482 01f2 0B       		.uleb128 0xb
 483 01f3 D3010000 		.4byte	.LASF37
 484 01f7 01       		.byte	0x1
 485 01f8 3E       		.byte	0x3e
 486 01f9 00020000 		.4byte	0x200
 487 01fd 01       		.uleb128 0x1
 488 01fe 50       		.byte	0x50
ARM GAS  C:\Users\subra\AppData\Local\Temp\ccmCR9D7.s 			page 13


 489 01ff 00       		.byte	0
 490 0200 0C       		.uleb128 0xc
 491 0201 9E010000 		.4byte	0x19e
 492 0205 0A       		.uleb128 0xa
 493 0206 50010000 		.4byte	.LASF38
 494 020a 01       		.byte	0x1
 495 020b 4A       		.byte	0x4a
 496 020c 00000000 		.4byte	.LFB138
 497 0210 18000000 		.4byte	.LFE138-.LFB138
 498 0214 01       		.uleb128 0x1
 499 0215 9C       		.byte	0x9c
 500 0216 44020000 		.4byte	0x244
 501 021a 0B       		.uleb128 0xb
 502 021b 22030000 		.4byte	.LASF36
 503 021f 01       		.byte	0x1
 504 0220 4A       		.byte	0x4a
 505 0221 D8010000 		.4byte	0x1d8
 506 0225 01       		.uleb128 0x1
 507 0226 50       		.byte	0x50
 508 0227 0B       		.uleb128 0xb
 509 0228 3C030000 		.4byte	.LASF39
 510 022c 01       		.byte	0x1
 511 022d 4A       		.byte	0x4a
 512 022e 00020000 		.4byte	0x200
 513 0232 01       		.uleb128 0x1
 514 0233 51       		.byte	0x51
 515 0234 0D       		.uleb128 0xd
 516 0235 17000000 		.4byte	.LASF31
 517 0239 01       		.byte	0x1
 518 023a 4C       		.byte	0x4c
 519 023b 00020000 		.4byte	0x200
 520 023f 00000000 		.4byte	.LLST0
 521 0243 00       		.byte	0
 522 0244 0A       		.uleb128 0xa
 523 0245 4A030000 		.4byte	.LASF40
 524 0249 01       		.byte	0x1
 525 024a 67       		.byte	0x67
 526 024b 00000000 		.4byte	.LFB139
 527 024f 34000000 		.4byte	.LFE139-.LFB139
 528 0253 01       		.uleb128 0x1
 529 0254 9C       		.byte	0x9c
 530 0255 92020000 		.4byte	0x292
 531 0259 0B       		.uleb128 0xb
 532 025a 22030000 		.4byte	.LASF36
 533 025e 01       		.byte	0x1
 534 025f 67       		.byte	0x67
 535 0260 D8010000 		.4byte	0x1d8
 536 0264 01       		.uleb128 0x1
 537 0265 50       		.byte	0x50
 538 0266 0B       		.uleb128 0xb
 539 0267 3C030000 		.4byte	.LASF39
 540 026b 01       		.byte	0x1
 541 026c 67       		.byte	0x67
 542 026d 00020000 		.4byte	0x200
 543 0271 01       		.uleb128 0x1
 544 0272 51       		.byte	0x51
 545 0273 0D       		.uleb128 0xd
ARM GAS  C:\Users\subra\AppData\Local\Temp\ccmCR9D7.s 			page 14


 546 0274 15020000 		.4byte	.LASF41
 547 0278 01       		.byte	0x1
 548 0279 69       		.byte	0x69
 549 027a 9E010000 		.4byte	0x19e
 550 027e 13000000 		.4byte	.LLST1
 551 0282 0D       		.uleb128 0xd
 552 0283 7C010000 		.4byte	.LASF42
 553 0287 01       		.byte	0x1
 554 0288 6A       		.byte	0x6a
 555 0289 92020000 		.4byte	0x292
 556 028d 31000000 		.4byte	.LLST2
 557 0291 00       		.byte	0
 558 0292 0C       		.uleb128 0xc
 559 0293 C7000000 		.4byte	0xc7
 560 0297 0E       		.uleb128 0xe
 561 0298 2F030000 		.4byte	.LASF47
 562 029c 01       		.byte	0x1
 563 029d AA       		.byte	0xaa
 564 029e BC000000 		.4byte	0xbc
 565 02a2 00000000 		.4byte	.LFB140
 566 02a6 26000000 		.4byte	.LFE140-.LFB140
 567 02aa 01       		.uleb128 0x1
 568 02ab 9C       		.byte	0x9c
 569 02ac CD020000 		.4byte	0x2cd
 570 02b0 0F       		.uleb128 0xf
 571 02b1 E4000000 		.4byte	.LASF43
 572 02b5 01       		.byte	0x1
 573 02b6 AA       		.byte	0xaa
 574 02b7 00020000 		.4byte	0x200
 575 02bb 44000000 		.4byte	.LLST3
 576 02bf 10       		.uleb128 0x10
 577 02c0 22030000 		.4byte	.LASF36
 578 02c4 01       		.byte	0x1
 579 02c5 AE       		.byte	0xae
 580 02c6 D8010000 		.4byte	0x1d8
 581 02ca 01       		.uleb128 0x1
 582 02cb 53       		.byte	0x53
 583 02cc 00       		.byte	0
 584 02cd 11       		.uleb128 0x11
 585 02ce 06010000 		.4byte	.LASF48
 586 02d2 06       		.byte	0x6
 587 02d3 F907     		.2byte	0x7f9
 588 02d5 D9020000 		.4byte	0x2d9
 589 02d9 09       		.uleb128 0x9
 590 02da 98000000 		.4byte	0x98
 591 02de 00       		.byte	0
 592              		.section	.debug_abbrev,"",%progbits
 593              	.Ldebug_abbrev0:
 594 0000 01       		.uleb128 0x1
 595 0001 11       		.uleb128 0x11
 596 0002 01       		.byte	0x1
 597 0003 25       		.uleb128 0x25
 598 0004 0E       		.uleb128 0xe
 599 0005 13       		.uleb128 0x13
 600 0006 0B       		.uleb128 0xb
 601 0007 03       		.uleb128 0x3
 602 0008 0E       		.uleb128 0xe
ARM GAS  C:\Users\subra\AppData\Local\Temp\ccmCR9D7.s 			page 15


 603 0009 1B       		.uleb128 0x1b
 604 000a 0E       		.uleb128 0xe
 605 000b 55       		.uleb128 0x55
 606 000c 17       		.uleb128 0x17
 607 000d 11       		.uleb128 0x11
 608 000e 01       		.uleb128 0x1
 609 000f 10       		.uleb128 0x10
 610 0010 17       		.uleb128 0x17
 611 0011 00       		.byte	0
 612 0012 00       		.byte	0
 613 0013 02       		.uleb128 0x2
 614 0014 24       		.uleb128 0x24
 615 0015 00       		.byte	0
 616 0016 0B       		.uleb128 0xb
 617 0017 0B       		.uleb128 0xb
 618 0018 3E       		.uleb128 0x3e
 619 0019 0B       		.uleb128 0xb
 620 001a 03       		.uleb128 0x3
 621 001b 0E       		.uleb128 0xe
 622 001c 00       		.byte	0
 623 001d 00       		.byte	0
 624 001e 03       		.uleb128 0x3
 625 001f 24       		.uleb128 0x24
 626 0020 00       		.byte	0
 627 0021 0B       		.uleb128 0xb
 628 0022 0B       		.uleb128 0xb
 629 0023 3E       		.uleb128 0x3e
 630 0024 0B       		.uleb128 0xb
 631 0025 03       		.uleb128 0x3
 632 0026 08       		.uleb128 0x8
 633 0027 00       		.byte	0
 634 0028 00       		.byte	0
 635 0029 04       		.uleb128 0x4
 636 002a 16       		.uleb128 0x16
 637 002b 00       		.byte	0
 638 002c 03       		.uleb128 0x3
 639 002d 0E       		.uleb128 0xe
 640 002e 3A       		.uleb128 0x3a
 641 002f 0B       		.uleb128 0xb
 642 0030 3B       		.uleb128 0x3b
 643 0031 0B       		.uleb128 0xb
 644 0032 49       		.uleb128 0x49
 645 0033 13       		.uleb128 0x13
 646 0034 00       		.byte	0
 647 0035 00       		.byte	0
 648 0036 05       		.uleb128 0x5
 649 0037 0F       		.uleb128 0xf
 650 0038 00       		.byte	0
 651 0039 0B       		.uleb128 0xb
 652 003a 0B       		.uleb128 0xb
 653 003b 00       		.byte	0
 654 003c 00       		.byte	0
 655 003d 06       		.uleb128 0x6
 656 003e 13       		.uleb128 0x13
 657 003f 01       		.byte	0x1
 658 0040 03       		.uleb128 0x3
 659 0041 0E       		.uleb128 0xe
ARM GAS  C:\Users\subra\AppData\Local\Temp\ccmCR9D7.s 			page 16


 660 0042 0B       		.uleb128 0xb
 661 0043 0B       		.uleb128 0xb
 662 0044 3A       		.uleb128 0x3a
 663 0045 0B       		.uleb128 0xb
 664 0046 3B       		.uleb128 0x3b
 665 0047 0B       		.uleb128 0xb
 666 0048 01       		.uleb128 0x1
 667 0049 13       		.uleb128 0x13
 668 004a 00       		.byte	0
 669 004b 00       		.byte	0
 670 004c 07       		.uleb128 0x7
 671 004d 0D       		.uleb128 0xd
 672 004e 00       		.byte	0
 673 004f 03       		.uleb128 0x3
 674 0050 0E       		.uleb128 0xe
 675 0051 3A       		.uleb128 0x3a
 676 0052 0B       		.uleb128 0xb
 677 0053 3B       		.uleb128 0x3b
 678 0054 0B       		.uleb128 0xb
 679 0055 49       		.uleb128 0x49
 680 0056 13       		.uleb128 0x13
 681 0057 38       		.uleb128 0x38
 682 0058 0B       		.uleb128 0xb
 683 0059 00       		.byte	0
 684 005a 00       		.byte	0
 685 005b 08       		.uleb128 0x8
 686 005c 0F       		.uleb128 0xf
 687 005d 00       		.byte	0
 688 005e 0B       		.uleb128 0xb
 689 005f 0B       		.uleb128 0xb
 690 0060 49       		.uleb128 0x49
 691 0061 13       		.uleb128 0x13
 692 0062 00       		.byte	0
 693 0063 00       		.byte	0
 694 0064 09       		.uleb128 0x9
 695 0065 35       		.uleb128 0x35
 696 0066 00       		.byte	0
 697 0067 49       		.uleb128 0x49
 698 0068 13       		.uleb128 0x13
 699 0069 00       		.byte	0
 700 006a 00       		.byte	0
 701 006b 0A       		.uleb128 0xa
 702 006c 2E       		.uleb128 0x2e
 703 006d 01       		.byte	0x1
 704 006e 3F       		.uleb128 0x3f
 705 006f 19       		.uleb128 0x19
 706 0070 03       		.uleb128 0x3
 707 0071 0E       		.uleb128 0xe
 708 0072 3A       		.uleb128 0x3a
 709 0073 0B       		.uleb128 0xb
 710 0074 3B       		.uleb128 0x3b
 711 0075 0B       		.uleb128 0xb
 712 0076 27       		.uleb128 0x27
 713 0077 19       		.uleb128 0x19
 714 0078 11       		.uleb128 0x11
 715 0079 01       		.uleb128 0x1
 716 007a 12       		.uleb128 0x12
ARM GAS  C:\Users\subra\AppData\Local\Temp\ccmCR9D7.s 			page 17


 717 007b 06       		.uleb128 0x6
 718 007c 40       		.uleb128 0x40
 719 007d 18       		.uleb128 0x18
 720 007e 9742     		.uleb128 0x2117
 721 0080 19       		.uleb128 0x19
 722 0081 01       		.uleb128 0x1
 723 0082 13       		.uleb128 0x13
 724 0083 00       		.byte	0
 725 0084 00       		.byte	0
 726 0085 0B       		.uleb128 0xb
 727 0086 05       		.uleb128 0x5
 728 0087 00       		.byte	0
 729 0088 03       		.uleb128 0x3
 730 0089 0E       		.uleb128 0xe
 731 008a 3A       		.uleb128 0x3a
 732 008b 0B       		.uleb128 0xb
 733 008c 3B       		.uleb128 0x3b
 734 008d 0B       		.uleb128 0xb
 735 008e 49       		.uleb128 0x49
 736 008f 13       		.uleb128 0x13
 737 0090 02       		.uleb128 0x2
 738 0091 18       		.uleb128 0x18
 739 0092 00       		.byte	0
 740 0093 00       		.byte	0
 741 0094 0C       		.uleb128 0xc
 742 0095 26       		.uleb128 0x26
 743 0096 00       		.byte	0
 744 0097 49       		.uleb128 0x49
 745 0098 13       		.uleb128 0x13
 746 0099 00       		.byte	0
 747 009a 00       		.byte	0
 748 009b 0D       		.uleb128 0xd
 749 009c 34       		.uleb128 0x34
 750 009d 00       		.byte	0
 751 009e 03       		.uleb128 0x3
 752 009f 0E       		.uleb128 0xe
 753 00a0 3A       		.uleb128 0x3a
 754 00a1 0B       		.uleb128 0xb
 755 00a2 3B       		.uleb128 0x3b
 756 00a3 0B       		.uleb128 0xb
 757 00a4 49       		.uleb128 0x49
 758 00a5 13       		.uleb128 0x13
 759 00a6 02       		.uleb128 0x2
 760 00a7 17       		.uleb128 0x17
 761 00a8 00       		.byte	0
 762 00a9 00       		.byte	0
 763 00aa 0E       		.uleb128 0xe
 764 00ab 2E       		.uleb128 0x2e
 765 00ac 01       		.byte	0x1
 766 00ad 3F       		.uleb128 0x3f
 767 00ae 19       		.uleb128 0x19
 768 00af 03       		.uleb128 0x3
 769 00b0 0E       		.uleb128 0xe
 770 00b1 3A       		.uleb128 0x3a
 771 00b2 0B       		.uleb128 0xb
 772 00b3 3B       		.uleb128 0x3b
 773 00b4 0B       		.uleb128 0xb
ARM GAS  C:\Users\subra\AppData\Local\Temp\ccmCR9D7.s 			page 18


 774 00b5 27       		.uleb128 0x27
 775 00b6 19       		.uleb128 0x19
 776 00b7 49       		.uleb128 0x49
 777 00b8 13       		.uleb128 0x13
 778 00b9 11       		.uleb128 0x11
 779 00ba 01       		.uleb128 0x1
 780 00bb 12       		.uleb128 0x12
 781 00bc 06       		.uleb128 0x6
 782 00bd 40       		.uleb128 0x40
 783 00be 18       		.uleb128 0x18
 784 00bf 9742     		.uleb128 0x2117
 785 00c1 19       		.uleb128 0x19
 786 00c2 01       		.uleb128 0x1
 787 00c3 13       		.uleb128 0x13
 788 00c4 00       		.byte	0
 789 00c5 00       		.byte	0
 790 00c6 0F       		.uleb128 0xf
 791 00c7 05       		.uleb128 0x5
 792 00c8 00       		.byte	0
 793 00c9 03       		.uleb128 0x3
 794 00ca 0E       		.uleb128 0xe
 795 00cb 3A       		.uleb128 0x3a
 796 00cc 0B       		.uleb128 0xb
 797 00cd 3B       		.uleb128 0x3b
 798 00ce 0B       		.uleb128 0xb
 799 00cf 49       		.uleb128 0x49
 800 00d0 13       		.uleb128 0x13
 801 00d1 02       		.uleb128 0x2
 802 00d2 17       		.uleb128 0x17
 803 00d3 00       		.byte	0
 804 00d4 00       		.byte	0
 805 00d5 10       		.uleb128 0x10
 806 00d6 34       		.uleb128 0x34
 807 00d7 00       		.byte	0
 808 00d8 03       		.uleb128 0x3
 809 00d9 0E       		.uleb128 0xe
 810 00da 3A       		.uleb128 0x3a
 811 00db 0B       		.uleb128 0xb
 812 00dc 3B       		.uleb128 0x3b
 813 00dd 0B       		.uleb128 0xb
 814 00de 49       		.uleb128 0x49
 815 00df 13       		.uleb128 0x13
 816 00e0 02       		.uleb128 0x2
 817 00e1 18       		.uleb128 0x18
 818 00e2 00       		.byte	0
 819 00e3 00       		.byte	0
 820 00e4 11       		.uleb128 0x11
 821 00e5 34       		.uleb128 0x34
 822 00e6 00       		.byte	0
 823 00e7 03       		.uleb128 0x3
 824 00e8 0E       		.uleb128 0xe
 825 00e9 3A       		.uleb128 0x3a
 826 00ea 0B       		.uleb128 0xb
 827 00eb 3B       		.uleb128 0x3b
 828 00ec 05       		.uleb128 0x5
 829 00ed 49       		.uleb128 0x49
 830 00ee 13       		.uleb128 0x13
ARM GAS  C:\Users\subra\AppData\Local\Temp\ccmCR9D7.s 			page 19


 831 00ef 3F       		.uleb128 0x3f
 832 00f0 19       		.uleb128 0x19
 833 00f1 3C       		.uleb128 0x3c
 834 00f2 19       		.uleb128 0x19
 835 00f3 00       		.byte	0
 836 00f4 00       		.byte	0
 837 00f5 00       		.byte	0
 838              		.section	.debug_loc,"",%progbits
 839              	.Ldebug_loc0:
 840              	.LLST0:
 841 0000 02000000 		.4byte	.LVL3
 842 0004 12000000 		.4byte	.LVL4
 843 0008 0100     		.2byte	0x1
 844 000a 53       		.byte	0x53
 845 000b 00000000 		.4byte	0
 846 000f 00000000 		.4byte	0
 847              	.LLST1:
 848 0013 0C000000 		.4byte	.LVL7
 849 0017 0E000000 		.4byte	.LVL8
 850 001b 0100     		.2byte	0x1
 851 001d 52       		.byte	0x52
 852 001e 12000000 		.4byte	.LVL9
 853 0022 34000000 		.4byte	.LFE139
 854 0026 0100     		.2byte	0x1
 855 0028 52       		.byte	0x52
 856 0029 00000000 		.4byte	0
 857 002d 00000000 		.4byte	0
 858              	.LLST2:
 859 0031 04000000 		.4byte	.LVL6
 860 0035 32000000 		.4byte	.LVL11
 861 0039 0100     		.2byte	0x1
 862 003b 55       		.byte	0x55
 863 003c 00000000 		.4byte	0
 864 0040 00000000 		.4byte	0
 865              	.LLST3:
 866 0044 00000000 		.4byte	.LVL12
 867 0048 24000000 		.4byte	.LVL14
 868 004c 0100     		.2byte	0x1
 869 004e 50       		.byte	0x50
 870 004f 24000000 		.4byte	.LVL14
 871 0053 26000000 		.4byte	.LFE140
 872 0057 0400     		.2byte	0x4
 873 0059 F3       		.byte	0xf3
 874 005a 01       		.uleb128 0x1
 875 005b 50       		.byte	0x50
 876 005c 9F       		.byte	0x9f
 877 005d 00000000 		.4byte	0
 878 0061 00000000 		.4byte	0
 879              		.section	.debug_aranges,"",%progbits
 880 0000 3C000000 		.4byte	0x3c
 881 0004 0200     		.2byte	0x2
 882 0006 00000000 		.4byte	.Ldebug_info0
 883 000a 04       		.byte	0x4
 884 000b 00       		.byte	0
 885 000c 0000     		.2byte	0
 886 000e 0000     		.2byte	0
 887 0010 00000000 		.4byte	.LFB136
ARM GAS  C:\Users\subra\AppData\Local\Temp\ccmCR9D7.s 			page 20


 888 0014 16000000 		.4byte	.LFE136-.LFB136
 889 0018 00000000 		.4byte	.LFB137
 890 001c 06000000 		.4byte	.LFE137-.LFB137
 891 0020 00000000 		.4byte	.LFB138
 892 0024 18000000 		.4byte	.LFE138-.LFB138
 893 0028 00000000 		.4byte	.LFB139
 894 002c 34000000 		.4byte	.LFE139-.LFB139
 895 0030 00000000 		.4byte	.LFB140
 896 0034 26000000 		.4byte	.LFE140-.LFB140
 897 0038 00000000 		.4byte	0
 898 003c 00000000 		.4byte	0
 899              		.section	.debug_ranges,"",%progbits
 900              	.Ldebug_ranges0:
 901 0000 00000000 		.4byte	.LFB136
 902 0004 16000000 		.4byte	.LFE136
 903 0008 00000000 		.4byte	.LFB137
 904 000c 06000000 		.4byte	.LFE137
 905 0010 00000000 		.4byte	.LFB138
 906 0014 18000000 		.4byte	.LFE138
 907 0018 00000000 		.4byte	.LFB139
 908 001c 34000000 		.4byte	.LFE139
 909 0020 00000000 		.4byte	.LFB140
 910 0024 26000000 		.4byte	.LFE140
 911 0028 00000000 		.4byte	0
 912 002c 00000000 		.4byte	0
 913              		.section	.debug_line,"",%progbits
 914              	.Ldebug_line0:
 915 0000 AB020000 		.section	.debug_str,"MS",%progbits,1
 915      02002902 
 915      00000201 
 915      FB0E0D00 
 915      01010101 
 916              	.LASF19:
 917 0000 5469636B 		.ascii	"TickType_t\000"
 917      54797065 
 917      5F7400
 918              	.LASF24:
 919 000b 7076436F 		.ascii	"pvContainer\000"
 919      6E746169 
 919      6E657200 
 920              	.LASF31:
 921 0017 7078496E 		.ascii	"pxIndex\000"
 921      64657800 
 922              	.LASF28:
 923 001f 4D696E69 		.ascii	"MiniListItem_t\000"
 923      4C697374 
 923      4974656D 
 923      5F7400
 924              	.LASF8:
 925 002e 5F5F696E 		.ascii	"__int32_t\000"
 925      7433325F 
 925      7400
 926              	.LASF20:
 927 0038 78497465 		.ascii	"xItemValue\000"
 927      6D56616C 
 927      756500
 928              	.LASF32:
ARM GAS  C:\Users\subra\AppData\Local\Temp\ccmCR9D7.s 			page 21


 929 0043 784C6973 		.ascii	"xListEnd\000"
 929      74456E64 
 929      00
 930              	.LASF23:
 931 004c 70764F77 		.ascii	"pvOwner\000"
 931      6E657200 
 932              	.LASF26:
 933 0054 784C4953 		.ascii	"xLIST_ITEM\000"
 933      545F4954 
 933      454D00
 934              	.LASF46:
 935 005f 443A5C50 		.ascii	"D:\\Projects\\NS\\Neural-Stimulator-Firmware\\new\\"
 935      726F6A65 
 935      6374735C 
 935      4E535C4E 
 935      65757261 
 936 008d 50534F43 		.ascii	"PSOC6\\CustomService.cydsn\000"
 936      365C4375 
 936      73746F6D 
 936      53657276 
 936      6963652E 
 937              	.LASF16:
 938 00a7 666C6F61 		.ascii	"float\000"
 938      7400
 939              	.LASF11:
 940 00ad 6C6F6E67 		.ascii	"long long unsigned int\000"
 940      206C6F6E 
 940      6720756E 
 940      7369676E 
 940      65642069 
 941              	.LASF4:
 942 00c4 756E7369 		.ascii	"unsigned char\000"
 942      676E6564 
 942      20636861 
 942      7200
 943              	.LASF10:
 944 00d2 6C6F6E67 		.ascii	"long unsigned int\000"
 944      20756E73 
 944      69676E65 
 944      6420696E 
 944      7400
 945              	.LASF43:
 946 00e4 70784974 		.ascii	"pxItemToRemove\000"
 946      656D546F 
 946      52656D6F 
 946      766500
 947              	.LASF6:
 948 00f3 73686F72 		.ascii	"short unsigned int\000"
 948      7420756E 
 948      7369676E 
 948      65642069 
 948      6E7400
 949              	.LASF48:
 950 0106 49544D5F 		.ascii	"ITM_RxBuffer\000"
 950      52784275 
 950      66666572 
 950      00
ARM GAS  C:\Users\subra\AppData\Local\Temp\ccmCR9D7.s 			page 22


 951              	.LASF35:
 952 0113 764C6973 		.ascii	"vListInitialiseItem\000"
 952      74496E69 
 952      7469616C 
 952      69736549 
 952      74656D00 
 953              	.LASF33:
 954 0127 4C697374 		.ascii	"List_t\000"
 954      5F7400
 955              	.LASF17:
 956 012e 646F7562 		.ascii	"double\000"
 956      6C6500
 957              	.LASF9:
 958 0135 5F5F7569 		.ascii	"__uint32_t\000"
 958      6E743332 
 958      5F7400
 959              	.LASF30:
 960 0140 75784E75 		.ascii	"uxNumberOfItems\000"
 960      6D626572 
 960      4F664974 
 960      656D7300 
 961              	.LASF38:
 962 0150 764C6973 		.ascii	"vListInsertEnd\000"
 962      74496E73 
 962      65727445 
 962      6E6400
 963              	.LASF0:
 964 015f 756E7369 		.ascii	"unsigned int\000"
 964      676E6564 
 964      20696E74 
 964      00
 965              	.LASF34:
 966 016c 764C6973 		.ascii	"vListInitialise\000"
 966      74496E69 
 966      7469616C 
 966      69736500 
 967              	.LASF42:
 968 017c 7856616C 		.ascii	"xValueOfInsertion\000"
 968      75654F66 
 968      496E7365 
 968      7274696F 
 968      6E00
 969              	.LASF21:
 970 018e 70784E65 		.ascii	"pxNext\000"
 970      787400
 971              	.LASF45:
 972 0195 47656E65 		.ascii	"Generated_Source\\PSoC6\\pdl\\rtos\\FreeRTOS\\10.0."
 972      72617465 
 972      645F536F 
 972      75726365 
 972      5C50536F 
 973 01c3 315C536F 		.ascii	"1\\Source\\list.c\000"
 973      75726365 
 973      5C6C6973 
 973      742E6300 
 974              	.LASF37:
 975 01d3 70784974 		.ascii	"pxItem\000"
ARM GAS  C:\Users\subra\AppData\Local\Temp\ccmCR9D7.s 			page 23


 975      656D00
 976              	.LASF18:
 977 01da 55426173 		.ascii	"UBaseType_t\000"
 977      65547970 
 977      655F7400 
 978              	.LASF25:
 979 01e6 4C697374 		.ascii	"ListItem_t\000"
 979      4974656D 
 979      5F7400
 980              	.LASF14:
 981 01f1 696E7433 		.ascii	"int32_t\000"
 981      325F7400 
 982              	.LASF12:
 983 01f9 73697A65 		.ascii	"sizetype\000"
 983      74797065 
 983      00
 984              	.LASF1:
 985 0202 6C6F6E67 		.ascii	"long long int\000"
 985      206C6F6E 
 985      6720696E 
 985      7400
 986              	.LASF13:
 987 0210 63686172 		.ascii	"char\000"
 987      00
 988              	.LASF41:
 989 0215 70784974 		.ascii	"pxIterator\000"
 989      65726174 
 989      6F7200
 990              	.LASF5:
 991 0220 73686F72 		.ascii	"short int\000"
 991      7420696E 
 991      7400
 992              	.LASF22:
 993 022a 70785072 		.ascii	"pxPrevious\000"
 993      6576696F 
 993      757300
 994              	.LASF44:
 995 0235 474E5520 		.ascii	"GNU C11 5.4.1 20160609 (release) [ARM/embedded-5-br"
 995      43313120 
 995      352E342E 
 995      31203230 
 995      31363036 
 996 0268 616E6368 		.ascii	"anch revision 237715] -mcpu=cortex-m4 -mfloat-abi=s"
 996      20726576 
 996      6973696F 
 996      6E203233 
 996      37373135 
 997 029b 6F667466 		.ascii	"oftfp -mfpu=fpv4-sp-d16 -mthumb -g -Og -ffunction-s"
 997      70202D6D 
 997      6670753D 
 997      66707634 
 997      2D73702D 
 998 02ce 65637469 		.ascii	"ections -ffat-lto-objects\000"
 998      6F6E7320 
 998      2D666661 
 998      742D6C74 
 998      6F2D6F62 
ARM GAS  C:\Users\subra\AppData\Local\Temp\ccmCR9D7.s 			page 24


 999              	.LASF15:
 1000 02e8 75696E74 		.ascii	"uint32_t\000"
 1000      33325F74 
 1000      00
 1001              	.LASF7:
 1002 02f1 6C6F6E67 		.ascii	"long int\000"
 1002      20696E74 
 1002      00
 1003              	.LASF2:
 1004 02fa 6C6F6E67 		.ascii	"long double\000"
 1004      20646F75 
 1004      626C6500 
 1005              	.LASF27:
 1006 0306 784D494E 		.ascii	"xMINI_LIST_ITEM\000"
 1006      495F4C49 
 1006      53545F49 
 1006      54454D00 
 1007              	.LASF3:
 1008 0316 7369676E 		.ascii	"signed char\000"
 1008      65642063 
 1008      68617200 
 1009              	.LASF36:
 1010 0322 70784C69 		.ascii	"pxList\000"
 1010      737400
 1011              	.LASF29:
 1012 0329 784C4953 		.ascii	"xLIST\000"
 1012      5400
 1013              	.LASF47:
 1014 032f 75784C69 		.ascii	"uxListRemove\000"
 1014      73745265 
 1014      6D6F7665 
 1014      00
 1015              	.LASF39:
 1016 033c 70784E65 		.ascii	"pxNewListItem\000"
 1016      774C6973 
 1016      74497465 
 1016      6D00
 1017              	.LASF40:
 1018 034a 764C6973 		.ascii	"vListInsert\000"
 1018      74496E73 
 1018      65727400 
 1019              		.ident	"GCC: (GNU Tools for ARM Embedded Processors) 5.4.1 20160609 (release) [ARM/embedded-5-bran
