ARM GAS  C:\Users\subra\AppData\Local\Temp\ccCByTty.s 			page 1


   1              		.syntax unified
   2              		.cpu cortex-m4
   3              		.eabi_attribute 27, 1
   4              		.fpu fpv4-sp-d16
   5              		.eabi_attribute 20, 1
   6              		.eabi_attribute 21, 1
   7              		.eabi_attribute 23, 3
   8              		.eabi_attribute 24, 1
   9              		.eabi_attribute 25, 1
  10              		.eabi_attribute 26, 1
  11              		.eabi_attribute 30, 1
  12              		.eabi_attribute 34, 1
  13              		.eabi_attribute 18, 4
  14              		.thumb
  15              		.syntax unified
  16              		.file	"cy_tcpwm_quaddec.c"
  17              		.text
  18              	.Ltext0:
  19              		.cfi_sections	.debug_frame
  20              		.section	.text.Cy_TCPWM_QuadDec_Init,"ax",%progbits
  21              		.align	2
  22              		.global	Cy_TCPWM_QuadDec_Init
  23              		.thumb
  24              		.thumb_func
  25              		.type	Cy_TCPWM_QuadDec_Init, %function
  26              	Cy_TCPWM_QuadDec_Init:
  27              	.LFB151:
  28              		.file 1 "Generated_Source\\PSoC6\\pdl\\drivers\\peripheral\\tcpwm\\cy_tcpwm_quaddec.c"
   1:Generated_Source\PSoC6\pdl\drivers\peripheral\tcpwm/cy_tcpwm_quaddec.c **** /***************************************************************************//**
   2:Generated_Source\PSoC6\pdl\drivers\peripheral\tcpwm/cy_tcpwm_quaddec.c **** * \file cy_tcpwm_quaddec.c
   3:Generated_Source\PSoC6\pdl\drivers\peripheral\tcpwm/cy_tcpwm_quaddec.c **** * \version 1.10
   4:Generated_Source\PSoC6\pdl\drivers\peripheral\tcpwm/cy_tcpwm_quaddec.c **** *
   5:Generated_Source\PSoC6\pdl\drivers\peripheral\tcpwm/cy_tcpwm_quaddec.c **** * \brief
   6:Generated_Source\PSoC6\pdl\drivers\peripheral\tcpwm/cy_tcpwm_quaddec.c **** *  The source file of the tcpwm driver.
   7:Generated_Source\PSoC6\pdl\drivers\peripheral\tcpwm/cy_tcpwm_quaddec.c **** *
   8:Generated_Source\PSoC6\pdl\drivers\peripheral\tcpwm/cy_tcpwm_quaddec.c **** ********************************************************************************
   9:Generated_Source\PSoC6\pdl\drivers\peripheral\tcpwm/cy_tcpwm_quaddec.c **** * \copyright
  10:Generated_Source\PSoC6\pdl\drivers\peripheral\tcpwm/cy_tcpwm_quaddec.c **** * Copyright 2016-2018, Cypress Semiconductor Corporation.  All rights reserved.
  11:Generated_Source\PSoC6\pdl\drivers\peripheral\tcpwm/cy_tcpwm_quaddec.c **** * You may use this file only in accordance with the license, terms, conditions,
  12:Generated_Source\PSoC6\pdl\drivers\peripheral\tcpwm/cy_tcpwm_quaddec.c **** * disclaimers, and limitations in the end user license agreement accompanying
  13:Generated_Source\PSoC6\pdl\drivers\peripheral\tcpwm/cy_tcpwm_quaddec.c **** * the software package with which this file was provided.
  14:Generated_Source\PSoC6\pdl\drivers\peripheral\tcpwm/cy_tcpwm_quaddec.c **** *******************************************************************************/
  15:Generated_Source\PSoC6\pdl\drivers\peripheral\tcpwm/cy_tcpwm_quaddec.c **** 
  16:Generated_Source\PSoC6\pdl\drivers\peripheral\tcpwm/cy_tcpwm_quaddec.c **** #include "cy_tcpwm_quaddec.h"
  17:Generated_Source\PSoC6\pdl\drivers\peripheral\tcpwm/cy_tcpwm_quaddec.c **** 
  18:Generated_Source\PSoC6\pdl\drivers\peripheral\tcpwm/cy_tcpwm_quaddec.c **** #ifdef CY_IP_MXTCPWM
  19:Generated_Source\PSoC6\pdl\drivers\peripheral\tcpwm/cy_tcpwm_quaddec.c **** 
  20:Generated_Source\PSoC6\pdl\drivers\peripheral\tcpwm/cy_tcpwm_quaddec.c **** #if defined(__cplusplus)
  21:Generated_Source\PSoC6\pdl\drivers\peripheral\tcpwm/cy_tcpwm_quaddec.c **** extern "C" {
  22:Generated_Source\PSoC6\pdl\drivers\peripheral\tcpwm/cy_tcpwm_quaddec.c **** #endif
  23:Generated_Source\PSoC6\pdl\drivers\peripheral\tcpwm/cy_tcpwm_quaddec.c **** 
  24:Generated_Source\PSoC6\pdl\drivers\peripheral\tcpwm/cy_tcpwm_quaddec.c **** 
  25:Generated_Source\PSoC6\pdl\drivers\peripheral\tcpwm/cy_tcpwm_quaddec.c **** /*******************************************************************************
  26:Generated_Source\PSoC6\pdl\drivers\peripheral\tcpwm/cy_tcpwm_quaddec.c **** * Function Name: Cy_TCPWM_QuadDec_Init
  27:Generated_Source\PSoC6\pdl\drivers\peripheral\tcpwm/cy_tcpwm_quaddec.c **** ****************************************************************************//**
  28:Generated_Source\PSoC6\pdl\drivers\peripheral\tcpwm/cy_tcpwm_quaddec.c **** *
  29:Generated_Source\PSoC6\pdl\drivers\peripheral\tcpwm/cy_tcpwm_quaddec.c **** * Initializes the counter in the TCPWM block for the QuadDec operation.
ARM GAS  C:\Users\subra\AppData\Local\Temp\ccCByTty.s 			page 2


  30:Generated_Source\PSoC6\pdl\drivers\peripheral\tcpwm/cy_tcpwm_quaddec.c **** *
  31:Generated_Source\PSoC6\pdl\drivers\peripheral\tcpwm/cy_tcpwm_quaddec.c **** * \param base
  32:Generated_Source\PSoC6\pdl\drivers\peripheral\tcpwm/cy_tcpwm_quaddec.c **** * The pointer to a TCPWM instance.
  33:Generated_Source\PSoC6\pdl\drivers\peripheral\tcpwm/cy_tcpwm_quaddec.c **** *
  34:Generated_Source\PSoC6\pdl\drivers\peripheral\tcpwm/cy_tcpwm_quaddec.c **** * \param cntNum
  35:Generated_Source\PSoC6\pdl\drivers\peripheral\tcpwm/cy_tcpwm_quaddec.c **** * The Counter instance number in the selected TCPWM.
  36:Generated_Source\PSoC6\pdl\drivers\peripheral\tcpwm/cy_tcpwm_quaddec.c **** *
  37:Generated_Source\PSoC6\pdl\drivers\peripheral\tcpwm/cy_tcpwm_quaddec.c **** * \param config
  38:Generated_Source\PSoC6\pdl\drivers\peripheral\tcpwm/cy_tcpwm_quaddec.c **** * The pointer to a configuration structure. See \ref cy_stc_tcpwm_quaddec_config_t.
  39:Generated_Source\PSoC6\pdl\drivers\peripheral\tcpwm/cy_tcpwm_quaddec.c **** *
  40:Generated_Source\PSoC6\pdl\drivers\peripheral\tcpwm/cy_tcpwm_quaddec.c **** * \return error / status code. See \ref cy_en_tcpwm_status_t.
  41:Generated_Source\PSoC6\pdl\drivers\peripheral\tcpwm/cy_tcpwm_quaddec.c **** *
  42:Generated_Source\PSoC6\pdl\drivers\peripheral\tcpwm/cy_tcpwm_quaddec.c **** * \funcusage
  43:Generated_Source\PSoC6\pdl\drivers\peripheral\tcpwm/cy_tcpwm_quaddec.c **** * \snippet tcpwm\1.10\quaddec\snippet\main.c snippet_Cy_TCPWM_QuadDec_Config
  44:Generated_Source\PSoC6\pdl\drivers\peripheral\tcpwm/cy_tcpwm_quaddec.c **** * \snippet tcpwm\1.10\quaddec\snippet\main.c snippet_Cy_TCPWM_QuadDec_Init
  45:Generated_Source\PSoC6\pdl\drivers\peripheral\tcpwm/cy_tcpwm_quaddec.c **** *
  46:Generated_Source\PSoC6\pdl\drivers\peripheral\tcpwm/cy_tcpwm_quaddec.c **** *******************************************************************************/
  47:Generated_Source\PSoC6\pdl\drivers\peripheral\tcpwm/cy_tcpwm_quaddec.c **** cy_en_tcpwm_status_t Cy_TCPWM_QuadDec_Init(TCPWM_Type *base, uint32_t cntNum, 
  48:Generated_Source\PSoC6\pdl\drivers\peripheral\tcpwm/cy_tcpwm_quaddec.c ****                                            cy_stc_tcpwm_quaddec_config_t const *config)
  49:Generated_Source\PSoC6\pdl\drivers\peripheral\tcpwm/cy_tcpwm_quaddec.c **** {
  29              		.loc 1 49 0
  30              		.cfi_startproc
  31              		@ args = 0, pretend = 0, frame = 0
  32              		@ frame_needed = 0, uses_anonymous_args = 0
  33              		@ link register save eliminated.
  34              	.LVL0:
  50:Generated_Source\PSoC6\pdl\drivers\peripheral\tcpwm/cy_tcpwm_quaddec.c ****     cy_en_tcpwm_status_t status = CY_TCPWM_BAD_PARAM;
  51:Generated_Source\PSoC6\pdl\drivers\peripheral\tcpwm/cy_tcpwm_quaddec.c **** 
  52:Generated_Source\PSoC6\pdl\drivers\peripheral\tcpwm/cy_tcpwm_quaddec.c ****     if ((NULL != base) && (NULL != config))
  35              		.loc 1 52 0
  36 0000 0028     		cmp	r0, #0
  37 0002 39D0     		beq	.L4
  49:Generated_Source\PSoC6\pdl\drivers\peripheral\tcpwm/cy_tcpwm_quaddec.c ****     cy_en_tcpwm_status_t status = CY_TCPWM_BAD_PARAM;
  38              		.loc 1 49 0 discriminator 1
  39 0004 30B4     		push	{r4, r5}
  40              		.cfi_def_cfa_offset 8
  41              		.cfi_offset 4, -8
  42              		.cfi_offset 5, -4
  43 0006 0446     		mov	r4, r0
  44              		.loc 1 52 0 discriminator 1
  45 0008 002A     		cmp	r2, #0
  46 000a 37D0     		beq	.L5
  53:Generated_Source\PSoC6\pdl\drivers\peripheral\tcpwm/cy_tcpwm_quaddec.c ****     {
  54:Generated_Source\PSoC6\pdl\drivers\peripheral\tcpwm/cy_tcpwm_quaddec.c ****         TCPWM_CNT_CTRL(base, cntNum) = ( _VAL2FLD(TCPWM_CNT_CTRL_QUADRATURE_MODE, config->resolutio
  47              		.loc 1 54 0
  48 000c 1368     		ldr	r3, [r2]
  49 000e 1B05     		lsls	r3, r3, #20
  50 0010 03F44013 		and	r3, r3, #3145728
  51 0014 43F04073 		orr	r3, r3, #50331648
  52 0018 081D     		adds	r0, r1, #4
  53              	.LVL1:
  54 001a 8001     		lsls	r0, r0, #6
  55 001c 2350     		str	r3, [r4, r0]
  55:Generated_Source\PSoC6\pdl\drivers\peripheral\tcpwm/cy_tcpwm_quaddec.c ****                             _VAL2FLD(TCPWM_CNT_CTRL_MODE, CY_TCPWM_QUADDEC_CTRL_QUADDEC_MODE));
  56:Generated_Source\PSoC6\pdl\drivers\peripheral\tcpwm/cy_tcpwm_quaddec.c **** 
  57:Generated_Source\PSoC6\pdl\drivers\peripheral\tcpwm/cy_tcpwm_quaddec.c ****         if (CY_TCPWM_INPUT_CREATOR != config->phiAInput)
  56              		.loc 1 57 0
ARM GAS  C:\Users\subra\AppData\Local\Temp\ccCByTty.s 			page 3


  57 001e 9369     		ldr	r3, [r2, #24]
  58 0020 B3F1FF3F 		cmp	r3, #-1
  59 0024 13D0     		beq	.L3
  58:Generated_Source\PSoC6\pdl\drivers\peripheral\tcpwm/cy_tcpwm_quaddec.c ****         {        
  59:Generated_Source\PSoC6\pdl\drivers\peripheral\tcpwm/cy_tcpwm_quaddec.c ****             TCPWM_CNT_TR_CTRL0(base, cntNum) = (_VAL2FLD(TCPWM_CNT_TR_CTRL0_COUNT_SEL, config->phiA
  60              		.loc 1 59 0
  61 0026 1B01     		lsls	r3, r3, #4
  62 0028 DBB2     		uxtb	r3, r3
  60:Generated_Source\PSoC6\pdl\drivers\peripheral\tcpwm/cy_tcpwm_quaddec.c ****                                               _VAL2FLD(TCPWM_CNT_TR_CTRL0_START_SEL, config->phiBIn
  63              		.loc 1 60 0
  64 002a D569     		ldr	r5, [r2, #28]
  65 002c 2D04     		lsls	r5, r5, #16
  66 002e 05F47025 		and	r5, r5, #983040
  59:Generated_Source\PSoC6\pdl\drivers\peripheral\tcpwm/cy_tcpwm_quaddec.c ****                                               _VAL2FLD(TCPWM_CNT_TR_CTRL0_START_SEL, config->phiBIn
  67              		.loc 1 59 0
  68 0032 2B43     		orrs	r3, r3, r5
  61:Generated_Source\PSoC6\pdl\drivers\peripheral\tcpwm/cy_tcpwm_quaddec.c ****                                               _VAL2FLD(TCPWM_CNT_TR_CTRL0_RELOAD_SEL, config->index
  69              		.loc 1 61 0
  70 0034 D068     		ldr	r0, [r2, #12]
  71 0036 0002     		lsls	r0, r0, #8
  72 0038 00F47060 		and	r0, r0, #3840
  60:Generated_Source\PSoC6\pdl\drivers\peripheral\tcpwm/cy_tcpwm_quaddec.c ****                                               _VAL2FLD(TCPWM_CNT_TR_CTRL0_START_SEL, config->phiBIn
  73              		.loc 1 60 0
  74 003c 1843     		orrs	r0, r0, r3
  62:Generated_Source\PSoC6\pdl\drivers\peripheral\tcpwm/cy_tcpwm_quaddec.c ****                                               _VAL2FLD(TCPWM_CNT_TR_CTRL0_STOP_SEL, config->stopInp
  75              		.loc 1 62 0
  76 003e 5369     		ldr	r3, [r2, #20]
  77 0040 1B03     		lsls	r3, r3, #12
  78 0042 9BB2     		uxth	r3, r3
  61:Generated_Source\PSoC6\pdl\drivers\peripheral\tcpwm/cy_tcpwm_quaddec.c ****                                               _VAL2FLD(TCPWM_CNT_TR_CTRL0_RELOAD_SEL, config->index
  79              		.loc 1 61 0
  80 0044 0343     		orrs	r3, r3, r0
  59:Generated_Source\PSoC6\pdl\drivers\peripheral\tcpwm/cy_tcpwm_quaddec.c ****                                               _VAL2FLD(TCPWM_CNT_TR_CTRL0_START_SEL, config->phiBIn
  81              		.loc 1 59 0
  82 0046 04EB8110 		add	r0, r4, r1, lsl #6
  83 004a C0F82031 		str	r3, [r0, #288]
  84              	.L3:
  63:Generated_Source\PSoC6\pdl\drivers\peripheral\tcpwm/cy_tcpwm_quaddec.c ****         }
  64:Generated_Source\PSoC6\pdl\drivers\peripheral\tcpwm/cy_tcpwm_quaddec.c ****         
  65:Generated_Source\PSoC6\pdl\drivers\peripheral\tcpwm/cy_tcpwm_quaddec.c ****         TCPWM_CNT_TR_CTRL1(base, cntNum) = (_VAL2FLD(TCPWM_CNT_TR_CTRL1_CAPTURE_EDGE, CY_TCPWM_INPU
  66:Generated_Source\PSoC6\pdl\drivers\peripheral\tcpwm/cy_tcpwm_quaddec.c ****                                           _VAL2FLD(TCPWM_CNT_TR_CTRL1_COUNT_EDGE, CY_TCPWM_INPUT_LE
  67:Generated_Source\PSoC6\pdl\drivers\peripheral\tcpwm/cy_tcpwm_quaddec.c ****                                           _VAL2FLD(TCPWM_CNT_TR_CTRL1_START_EDGE, CY_TCPWM_INPUT_LE
  68:Generated_Source\PSoC6\pdl\drivers\peripheral\tcpwm/cy_tcpwm_quaddec.c ****                                           _VAL2FLD(TCPWM_CNT_TR_CTRL1_RELOAD_EDGE, config->indexInp
  85              		.loc 1 68 0
  86 004e 9368     		ldr	r3, [r2, #8]
  87 0050 1B01     		lsls	r3, r3, #4
  88 0052 03F03003 		and	r3, r3, #48
  69:Generated_Source\PSoC6\pdl\drivers\peripheral\tcpwm/cy_tcpwm_quaddec.c ****                                           _VAL2FLD(TCPWM_CNT_TR_CTRL1_STOP_EDGE, config->stopInputM
  89              		.loc 1 69 0
  90 0056 1069     		ldr	r0, [r2, #16]
  91 0058 8001     		lsls	r0, r0, #6
  92 005a C0B2     		uxtb	r0, r0
  68:Generated_Source\PSoC6\pdl\drivers\peripheral\tcpwm/cy_tcpwm_quaddec.c ****                                           _VAL2FLD(TCPWM_CNT_TR_CTRL1_STOP_EDGE, config->stopInputM
  93              		.loc 1 68 0
  94 005c 0343     		orrs	r3, r3, r0
  95 005e 43F44373 		orr	r3, r3, #780
  96 0062 43F00303 		orr	r3, r3, #3
ARM GAS  C:\Users\subra\AppData\Local\Temp\ccCByTty.s 			page 4


  65:Generated_Source\PSoC6\pdl\drivers\peripheral\tcpwm/cy_tcpwm_quaddec.c ****                                           _VAL2FLD(TCPWM_CNT_TR_CTRL1_COUNT_EDGE, CY_TCPWM_INPUT_LE
  97              		.loc 1 65 0
  98 0066 04EB8114 		add	r4, r4, r1, lsl #6
  99              	.LVL2:
 100 006a C4F82431 		str	r3, [r4, #292]
  70:Generated_Source\PSoC6\pdl\drivers\peripheral\tcpwm/cy_tcpwm_quaddec.c **** 
  71:Generated_Source\PSoC6\pdl\drivers\peripheral\tcpwm/cy_tcpwm_quaddec.c ****         TCPWM_CNT_INTR_MASK(base, cntNum) = config->interruptSources;
 101              		.loc 1 71 0
 102 006e 5368     		ldr	r3, [r2, #4]
 103 0070 C4F83831 		str	r3, [r4, #312]
 104              	.LVL3:
  72:Generated_Source\PSoC6\pdl\drivers\peripheral\tcpwm/cy_tcpwm_quaddec.c **** 
  73:Generated_Source\PSoC6\pdl\drivers\peripheral\tcpwm/cy_tcpwm_quaddec.c ****         status = CY_TCPWM_SUCCESS;
 105              		.loc 1 73 0
 106 0074 0020     		movs	r0, #0
 107 0076 02E0     		b	.L2
 108              	.LVL4:
 109              	.L4:
 110              		.cfi_def_cfa_offset 0
 111              		.cfi_restore 4
 112              		.cfi_restore 5
  50:Generated_Source\PSoC6\pdl\drivers\peripheral\tcpwm/cy_tcpwm_quaddec.c **** 
 113              		.loc 1 50 0
 114 0078 0248     		ldr	r0, .L7
 115              	.LVL5:
  74:Generated_Source\PSoC6\pdl\drivers\peripheral\tcpwm/cy_tcpwm_quaddec.c ****     }
  75:Generated_Source\PSoC6\pdl\drivers\peripheral\tcpwm/cy_tcpwm_quaddec.c **** 
  76:Generated_Source\PSoC6\pdl\drivers\peripheral\tcpwm/cy_tcpwm_quaddec.c ****     return(status);
  77:Generated_Source\PSoC6\pdl\drivers\peripheral\tcpwm/cy_tcpwm_quaddec.c **** }
 116              		.loc 1 77 0
 117 007a 7047     		bx	lr
 118              	.LVL6:
 119              	.L5:
 120              		.cfi_def_cfa_offset 8
 121              		.cfi_offset 4, -8
 122              		.cfi_offset 5, -4
  50:Generated_Source\PSoC6\pdl\drivers\peripheral\tcpwm/cy_tcpwm_quaddec.c **** 
 123              		.loc 1 50 0
 124 007c 0148     		ldr	r0, .L7
 125              	.LVL7:
 126              	.L2:
 127              		.loc 1 77 0
 128 007e 30BC     		pop	{r4, r5}
 129              		.cfi_restore 5
 130              		.cfi_restore 4
 131              		.cfi_def_cfa_offset 0
 132 0080 7047     		bx	lr
 133              	.L8:
 134 0082 00BF     		.align	2
 135              	.L7:
 136 0084 0100B600 		.word	11927553
 137              		.cfi_endproc
 138              	.LFE151:
 139              		.size	Cy_TCPWM_QuadDec_Init, .-Cy_TCPWM_QuadDec_Init
 140              		.section	.text.Cy_TCPWM_QuadDec_DeInit,"ax",%progbits
 141              		.align	2
 142              		.global	Cy_TCPWM_QuadDec_DeInit
ARM GAS  C:\Users\subra\AppData\Local\Temp\ccCByTty.s 			page 5


 143              		.thumb
 144              		.thumb_func
 145              		.type	Cy_TCPWM_QuadDec_DeInit, %function
 146              	Cy_TCPWM_QuadDec_DeInit:
 147              	.LFB152:
  78:Generated_Source\PSoC6\pdl\drivers\peripheral\tcpwm/cy_tcpwm_quaddec.c **** 
  79:Generated_Source\PSoC6\pdl\drivers\peripheral\tcpwm/cy_tcpwm_quaddec.c **** 
  80:Generated_Source\PSoC6\pdl\drivers\peripheral\tcpwm/cy_tcpwm_quaddec.c **** /*******************************************************************************
  81:Generated_Source\PSoC6\pdl\drivers\peripheral\tcpwm/cy_tcpwm_quaddec.c **** * Function Name: Cy_TCPWM_QuadDec_DeInit
  82:Generated_Source\PSoC6\pdl\drivers\peripheral\tcpwm/cy_tcpwm_quaddec.c **** ****************************************************************************//**
  83:Generated_Source\PSoC6\pdl\drivers\peripheral\tcpwm/cy_tcpwm_quaddec.c **** *
  84:Generated_Source\PSoC6\pdl\drivers\peripheral\tcpwm/cy_tcpwm_quaddec.c **** * De-initializes the counter in the TCPWM block, returns register values to 
  85:Generated_Source\PSoC6\pdl\drivers\peripheral\tcpwm/cy_tcpwm_quaddec.c **** * default.
  86:Generated_Source\PSoC6\pdl\drivers\peripheral\tcpwm/cy_tcpwm_quaddec.c **** *
  87:Generated_Source\PSoC6\pdl\drivers\peripheral\tcpwm/cy_tcpwm_quaddec.c **** * \param base
  88:Generated_Source\PSoC6\pdl\drivers\peripheral\tcpwm/cy_tcpwm_quaddec.c **** * The pointer to a TCPWM instance.
  89:Generated_Source\PSoC6\pdl\drivers\peripheral\tcpwm/cy_tcpwm_quaddec.c **** *
  90:Generated_Source\PSoC6\pdl\drivers\peripheral\tcpwm/cy_tcpwm_quaddec.c **** * \param cntNum
  91:Generated_Source\PSoC6\pdl\drivers\peripheral\tcpwm/cy_tcpwm_quaddec.c **** * The Counter instance number in the selected TCPWM.
  92:Generated_Source\PSoC6\pdl\drivers\peripheral\tcpwm/cy_tcpwm_quaddec.c **** *
  93:Generated_Source\PSoC6\pdl\drivers\peripheral\tcpwm/cy_tcpwm_quaddec.c **** * \param config
  94:Generated_Source\PSoC6\pdl\drivers\peripheral\tcpwm/cy_tcpwm_quaddec.c **** * The pointer to a configuration structure. See \ref cy_stc_tcpwm_quaddec_config_t.
  95:Generated_Source\PSoC6\pdl\drivers\peripheral\tcpwm/cy_tcpwm_quaddec.c **** *
  96:Generated_Source\PSoC6\pdl\drivers\peripheral\tcpwm/cy_tcpwm_quaddec.c **** * \funcusage
  97:Generated_Source\PSoC6\pdl\drivers\peripheral\tcpwm/cy_tcpwm_quaddec.c **** * \snippet tcpwm\1.10\quaddec\snippet\main.c snippet_Cy_TCPWM_QuadDec_DeInit
  98:Generated_Source\PSoC6\pdl\drivers\peripheral\tcpwm/cy_tcpwm_quaddec.c **** *
  99:Generated_Source\PSoC6\pdl\drivers\peripheral\tcpwm/cy_tcpwm_quaddec.c **** *******************************************************************************/
 100:Generated_Source\PSoC6\pdl\drivers\peripheral\tcpwm/cy_tcpwm_quaddec.c **** void Cy_TCPWM_QuadDec_DeInit(TCPWM_Type *base, uint32_t cntNum, cy_stc_tcpwm_quaddec_config_t const
 101:Generated_Source\PSoC6\pdl\drivers\peripheral\tcpwm/cy_tcpwm_quaddec.c **** {
 148              		.loc 1 101 0
 149              		.cfi_startproc
 150              		@ args = 0, pretend = 0, frame = 0
 151              		@ frame_needed = 0, uses_anonymous_args = 0
 152              		@ link register save eliminated.
 153              	.LVL8:
 154 0000 30B4     		push	{r4, r5}
 155              		.cfi_def_cfa_offset 8
 156              		.cfi_offset 4, -8
 157              		.cfi_offset 5, -4
 102:Generated_Source\PSoC6\pdl\drivers\peripheral\tcpwm/cy_tcpwm_quaddec.c ****     TCPWM_CNT_CTRL(base, cntNum) = CY_TCPWM_CNT_CTRL_DEFAULT;
 158              		.loc 1 102 0
 159 0002 0B1D     		adds	r3, r1, #4
 160 0004 9B01     		lsls	r3, r3, #6
 161 0006 0024     		movs	r4, #0
 162 0008 C450     		str	r4, [r0, r3]
 103:Generated_Source\PSoC6\pdl\drivers\peripheral\tcpwm/cy_tcpwm_quaddec.c ****     TCPWM_CNT_COUNTER(base, cntNum) = CY_TCPWM_CNT_COUNTER_DEFAULT;
 163              		.loc 1 103 0
 164 000a 00EB8113 		add	r3, r0, r1, lsl #6
 165 000e C3F80841 		str	r4, [r3, #264]
 104:Generated_Source\PSoC6\pdl\drivers\peripheral\tcpwm/cy_tcpwm_quaddec.c ****     TCPWM_CNT_CC(base, cntNum) = CY_TCPWM_CNT_CC_DEFAULT;
 166              		.loc 1 104 0
 167 0012 4FF0FF35 		mov	r5, #-1
 168 0016 C3F80C51 		str	r5, [r3, #268]
 105:Generated_Source\PSoC6\pdl\drivers\peripheral\tcpwm/cy_tcpwm_quaddec.c ****     TCPWM_CNT_CC_BUFF(base, cntNum) = CY_TCPWM_CNT_CC_BUFF_DEFAULT;
 169              		.loc 1 105 0
 170 001a C3F81051 		str	r5, [r3, #272]
 106:Generated_Source\PSoC6\pdl\drivers\peripheral\tcpwm/cy_tcpwm_quaddec.c ****     TCPWM_CNT_PERIOD(base, cntNum) = CY_TCPWM_CNT_PERIOD_DEFAULT;
ARM GAS  C:\Users\subra\AppData\Local\Temp\ccCByTty.s 			page 6


 171              		.loc 1 106 0
 172 001e C3F81451 		str	r5, [r3, #276]
 107:Generated_Source\PSoC6\pdl\drivers\peripheral\tcpwm/cy_tcpwm_quaddec.c ****     TCPWM_CNT_PERIOD_BUFF(base, cntNum) = CY_TCPWM_CNT_PERIOD_BUFF_DEFAULT;
 173              		.loc 1 107 0
 174 0022 C3F81851 		str	r5, [r3, #280]
 108:Generated_Source\PSoC6\pdl\drivers\peripheral\tcpwm/cy_tcpwm_quaddec.c ****     TCPWM_CNT_TR_CTRL1(base, cntNum) = CY_TCPWM_CNT_TR_CTRL1_DEFAULT;
 175              		.loc 1 108 0
 176 0026 40F2FF35 		movw	r5, #1023
 177 002a C3F82451 		str	r5, [r3, #292]
 109:Generated_Source\PSoC6\pdl\drivers\peripheral\tcpwm/cy_tcpwm_quaddec.c ****     TCPWM_CNT_TR_CTRL2(base, cntNum) = CY_TCPWM_CNT_TR_CTRL2_DEFAULT;
 178              		.loc 1 109 0
 179 002e 3F25     		movs	r5, #63
 180 0030 C3F82851 		str	r5, [r3, #296]
 110:Generated_Source\PSoC6\pdl\drivers\peripheral\tcpwm/cy_tcpwm_quaddec.c ****     TCPWM_CNT_INTR(base, cntNum) = CY_TCPWM_CNT_INTR_DEFAULT;
 181              		.loc 1 110 0
 182 0034 0325     		movs	r5, #3
 183 0036 C3F83051 		str	r5, [r3, #304]
 111:Generated_Source\PSoC6\pdl\drivers\peripheral\tcpwm/cy_tcpwm_quaddec.c ****     TCPWM_CNT_INTR_SET(base, cntNum) = CY_TCPWM_CNT_INTR_SET_DEFAULT;
 184              		.loc 1 111 0
 185 003a C3F83441 		str	r4, [r3, #308]
 112:Generated_Source\PSoC6\pdl\drivers\peripheral\tcpwm/cy_tcpwm_quaddec.c ****     TCPWM_CNT_INTR_MASK(base, cntNum) = CY_TCPWM_CNT_INTR_MASK_DEFAULT;
 186              		.loc 1 112 0
 187 003e C3F83841 		str	r4, [r3, #312]
 113:Generated_Source\PSoC6\pdl\drivers\peripheral\tcpwm/cy_tcpwm_quaddec.c **** 
 114:Generated_Source\PSoC6\pdl\drivers\peripheral\tcpwm/cy_tcpwm_quaddec.c ****     if (CY_TCPWM_INPUT_CREATOR != config->phiAInput)
 188              		.loc 1 114 0
 189 0042 9369     		ldr	r3, [r2, #24]
 190 0044 B3F1FF3F 		cmp	r3, #-1
 191 0048 04D0     		beq	.L9
 115:Generated_Source\PSoC6\pdl\drivers\peripheral\tcpwm/cy_tcpwm_quaddec.c ****     {        
 116:Generated_Source\PSoC6\pdl\drivers\peripheral\tcpwm/cy_tcpwm_quaddec.c ****         TCPWM_CNT_TR_CTRL0(base, cntNum) = CY_TCPWM_CNT_TR_CTRL0_DEFAULT;
 192              		.loc 1 116 0
 193 004a 00EB8110 		add	r0, r0, r1, lsl #6
 194              	.LVL9:
 195 004e 1023     		movs	r3, #16
 196 0050 C0F82031 		str	r3, [r0, #288]
 197              	.L9:
 117:Generated_Source\PSoC6\pdl\drivers\peripheral\tcpwm/cy_tcpwm_quaddec.c ****     }
 118:Generated_Source\PSoC6\pdl\drivers\peripheral\tcpwm/cy_tcpwm_quaddec.c **** }
 198              		.loc 1 118 0
 199 0054 30BC     		pop	{r4, r5}
 200              		.cfi_restore 5
 201              		.cfi_restore 4
 202              		.cfi_def_cfa_offset 0
 203 0056 7047     		bx	lr
 204              		.cfi_endproc
 205              	.LFE152:
 206              		.size	Cy_TCPWM_QuadDec_DeInit, .-Cy_TCPWM_QuadDec_DeInit
 207              		.text
 208              	.Letext0:
 209              		.file 2 "c:\\program files (x86)\\cypress\\psoc creator\\4.4\\psoc creator\\import\\gnu\\arm\\5.4.
 210              		.file 3 "c:\\program files (x86)\\cypress\\psoc creator\\4.4\\psoc creator\\import\\gnu\\arm\\5.4.
 211              		.file 4 "Generated_Source\\PSoC6\\pdl\\devices/psoc6/include/ip/cyip_tcpwm.h"
 212              		.file 5 "Generated_Source\\PSoC6\\pdl\\devices/psoc6/include/psoc6_01_config.h"
 213              		.file 6 "Generated_Source\\PSoC6\\pdl\\drivers\\peripheral\\tcpwm\\cy_tcpwm.h"
 214              		.file 7 "Generated_Source\\PSoC6\\pdl\\drivers\\peripheral\\tcpwm\\cy_tcpwm_quaddec.h"
 215              		.file 8 "Generated_Source\\PSoC6\\pdl\\cmsis/include/core_cm4.h"
ARM GAS  C:\Users\subra\AppData\Local\Temp\ccCByTty.s 			page 7


 216              		.section	.debug_info,"",%progbits
 217              	.Ldebug_info0:
 218 0000 AC030000 		.4byte	0x3ac
 219 0004 0400     		.2byte	0x4
 220 0006 00000000 		.4byte	.Ldebug_abbrev0
 221 000a 04       		.byte	0x4
 222 000b 01       		.uleb128 0x1
 223 000c 16010000 		.4byte	.LASF58
 224 0010 0C       		.byte	0xc
 225 0011 71000000 		.4byte	.LASF59
 226 0015 00000000 		.4byte	.LASF60
 227 0019 00000000 		.4byte	.Ldebug_ranges0+0
 228 001d 00000000 		.4byte	0
 229 0021 00000000 		.4byte	.Ldebug_line0
 230 0025 02       		.uleb128 0x2
 231 0026 01       		.byte	0x1
 232 0027 06       		.byte	0x6
 233 0028 BD020000 		.4byte	.LASF0
 234 002c 02       		.uleb128 0x2
 235 002d 01       		.byte	0x1
 236 002e 08       		.byte	0x8
 237 002f 9F020000 		.4byte	.LASF1
 238 0033 02       		.uleb128 0x2
 239 0034 02       		.byte	0x2
 240 0035 05       		.byte	0x5
 241 0036 B8000000 		.4byte	.LASF2
 242 003a 02       		.uleb128 0x2
 243 003b 02       		.byte	0x2
 244 003c 07       		.byte	0x7
 245 003d 28030000 		.4byte	.LASF3
 246 0041 03       		.uleb128 0x3
 247 0042 D7030000 		.4byte	.LASF5
 248 0046 02       		.byte	0x2
 249 0047 3F       		.byte	0x3f
 250 0048 4C000000 		.4byte	0x4c
 251 004c 02       		.uleb128 0x2
 252 004d 04       		.byte	0x4
 253 004e 05       		.byte	0x5
 254 004f 59020000 		.4byte	.LASF4
 255 0053 03       		.uleb128 0x3
 256 0054 DA010000 		.4byte	.LASF6
 257 0058 02       		.byte	0x2
 258 0059 41       		.byte	0x41
 259 005a 5E000000 		.4byte	0x5e
 260 005e 02       		.uleb128 0x2
 261 005f 04       		.byte	0x4
 262 0060 07       		.byte	0x7
 263 0061 97030000 		.4byte	.LASF7
 264 0065 02       		.uleb128 0x2
 265 0066 08       		.byte	0x8
 266 0067 05       		.byte	0x5
 267 0068 44020000 		.4byte	.LASF8
 268 006c 02       		.uleb128 0x2
 269 006d 08       		.byte	0x8
 270 006e 07       		.byte	0x7
 271 006f D2020000 		.4byte	.LASF9
 272 0073 04       		.uleb128 0x4
ARM GAS  C:\Users\subra\AppData\Local\Temp\ccCByTty.s 			page 8


 273 0074 04       		.byte	0x4
 274 0075 05       		.byte	0x5
 275 0076 696E7400 		.ascii	"int\000"
 276 007a 02       		.uleb128 0x2
 277 007b 04       		.byte	0x4
 278 007c 07       		.byte	0x7
 279 007d FD020000 		.4byte	.LASF10
 280 0081 03       		.uleb128 0x3
 281 0082 47030000 		.4byte	.LASF11
 282 0086 03       		.byte	0x3
 283 0087 2C       		.byte	0x2c
 284 0088 41000000 		.4byte	0x41
 285 008c 03       		.uleb128 0x3
 286 008d E9020000 		.4byte	.LASF12
 287 0091 03       		.byte	0x3
 288 0092 30       		.byte	0x30
 289 0093 53000000 		.4byte	0x53
 290 0097 02       		.uleb128 0x2
 291 0098 08       		.byte	0x8
 292 0099 04       		.byte	0x4
 293 009a 7D020000 		.4byte	.LASF13
 294 009e 05       		.uleb128 0x5
 295 009f 8C000000 		.4byte	0x8c
 296 00a3 06       		.uleb128 0x6
 297 00a4 9E000000 		.4byte	0x9e
 298 00a8 02       		.uleb128 0x2
 299 00a9 04       		.byte	0x4
 300 00aa 07       		.byte	0x7
 301 00ab C2000000 		.4byte	.LASF14
 302 00af 07       		.uleb128 0x7
 303 00b0 A3000000 		.4byte	0xa3
 304 00b4 BF000000 		.4byte	0xbf
 305 00b8 08       		.uleb128 0x8
 306 00b9 A8000000 		.4byte	0xa8
 307 00bd 37       		.byte	0x37
 308 00be 00       		.byte	0
 309 00bf 09       		.uleb128 0x9
 310 00c0 40       		.byte	0x40
 311 00c1 04       		.byte	0x4
 312 00c2 22       		.byte	0x22
 313 00c3 87010000 		.4byte	0x187
 314 00c7 0A       		.uleb128 0xa
 315 00c8 AD020000 		.4byte	.LASF15
 316 00cc 04       		.byte	0x4
 317 00cd 23       		.byte	0x23
 318 00ce 9E000000 		.4byte	0x9e
 319 00d2 00       		.byte	0
 320 00d3 0A       		.uleb128 0xa
 321 00d4 52020000 		.4byte	.LASF16
 322 00d8 04       		.byte	0x4
 323 00d9 24       		.byte	0x24
 324 00da A3000000 		.4byte	0xa3
 325 00de 04       		.byte	0x4
 326 00df 0A       		.uleb128 0xa
 327 00e0 F8030000 		.4byte	.LASF17
 328 00e4 04       		.byte	0x4
 329 00e5 25       		.byte	0x25
ARM GAS  C:\Users\subra\AppData\Local\Temp\ccCByTty.s 			page 9


 330 00e6 9E000000 		.4byte	0x9e
 331 00ea 08       		.byte	0x8
 332 00eb 0B       		.uleb128 0xb
 333 00ec 434300   		.ascii	"CC\000"
 334 00ef 04       		.byte	0x4
 335 00f0 26       		.byte	0x26
 336 00f1 9E000000 		.4byte	0x9e
 337 00f5 0C       		.byte	0xc
 338 00f6 0A       		.uleb128 0xa
 339 00f7 75020000 		.4byte	.LASF18
 340 00fb 04       		.byte	0x4
 341 00fc 27       		.byte	0x27
 342 00fd 9E000000 		.4byte	0x9e
 343 0101 10       		.byte	0x10
 344 0102 0A       		.uleb128 0xa
 345 0103 F2000000 		.4byte	.LASF19
 346 0107 04       		.byte	0x4
 347 0108 28       		.byte	0x28
 348 0109 9E000000 		.4byte	0x9e
 349 010d 14       		.byte	0x14
 350 010e 0A       		.uleb128 0xa
 351 010f CB000000 		.4byte	.LASF20
 352 0113 04       		.byte	0x4
 353 0114 29       		.byte	0x29
 354 0115 9E000000 		.4byte	0x9e
 355 0119 18       		.byte	0x18
 356 011a 0A       		.uleb128 0xa
 357 011b 00040000 		.4byte	.LASF21
 358 011f 04       		.byte	0x4
 359 0120 2A       		.byte	0x2a
 360 0121 A3000000 		.4byte	0xa3
 361 0125 1C       		.byte	0x1c
 362 0126 0A       		.uleb128 0xa
 363 0127 EF010000 		.4byte	.LASF22
 364 012b 04       		.byte	0x4
 365 012c 2B       		.byte	0x2b
 366 012d 9E000000 		.4byte	0x9e
 367 0131 20       		.byte	0x20
 368 0132 0A       		.uleb128 0xa
 369 0133 04010000 		.4byte	.LASF23
 370 0137 04       		.byte	0x4
 371 0138 2C       		.byte	0x2c
 372 0139 9E000000 		.4byte	0x9e
 373 013d 24       		.byte	0x24
 374 013e 0A       		.uleb128 0xa
 375 013f 0D010000 		.4byte	.LASF24
 376 0143 04       		.byte	0x4
 377 0144 2D       		.byte	0x2d
 378 0145 9E000000 		.4byte	0x9e
 379 0149 28       		.byte	0x28
 380 014a 0A       		.uleb128 0xa
 381 014b 83030000 		.4byte	.LASF25
 382 014f 04       		.byte	0x4
 383 0150 2E       		.byte	0x2e
 384 0151 A3000000 		.4byte	0xa3
 385 0155 2C       		.byte	0x2c
 386 0156 0A       		.uleb128 0xa
ARM GAS  C:\Users\subra\AppData\Local\Temp\ccCByTty.s 			page 10


 387 0157 7E030000 		.4byte	.LASF26
 388 015b 04       		.byte	0x4
 389 015c 2F       		.byte	0x2f
 390 015d 9E000000 		.4byte	0x9e
 391 0161 30       		.byte	0x30
 392 0162 0A       		.uleb128 0xa
 393 0163 C9020000 		.4byte	.LASF27
 394 0167 04       		.byte	0x4
 395 0168 30       		.byte	0x30
 396 0169 9E000000 		.4byte	0x9e
 397 016d 34       		.byte	0x34
 398 016e 0A       		.uleb128 0xa
 399 016f 1E030000 		.4byte	.LASF28
 400 0173 04       		.byte	0x4
 401 0174 31       		.byte	0x31
 402 0175 9E000000 		.4byte	0x9e
 403 0179 38       		.byte	0x38
 404 017a 0A       		.uleb128 0xa
 405 017b 69020000 		.4byte	.LASF29
 406 017f 04       		.byte	0x4
 407 0180 32       		.byte	0x32
 408 0181 A3000000 		.4byte	0xa3
 409 0185 3C       		.byte	0x3c
 410 0186 00       		.byte	0
 411 0187 03       		.uleb128 0x3
 412 0188 D7000000 		.4byte	.LASF30
 413 018c 04       		.byte	0x4
 414 018d 33       		.byte	0x33
 415 018e BF000000 		.4byte	0xbf
 416 0192 0C       		.uleb128 0xc
 417 0193 0009     		.2byte	0x900
 418 0195 04       		.byte	0x4
 419 0196 38       		.byte	0x38
 420 0197 15020000 		.4byte	0x215
 421 019b 0A       		.uleb128 0xa
 422 019c AD020000 		.4byte	.LASF15
 423 01a0 04       		.byte	0x4
 424 01a1 39       		.byte	0x39
 425 01a2 9E000000 		.4byte	0x9e
 426 01a6 00       		.byte	0
 427 01a7 0A       		.uleb128 0xa
 428 01a8 EF030000 		.4byte	.LASF31
 429 01ac 04       		.byte	0x4
 430 01ad 3A       		.byte	0x3a
 431 01ae 9E000000 		.4byte	0x9e
 432 01b2 04       		.byte	0x4
 433 01b3 0A       		.uleb128 0xa
 434 01b4 E9000000 		.4byte	.LASF32
 435 01b8 04       		.byte	0x4
 436 01b9 3B       		.byte	0x3b
 437 01ba 9E000000 		.4byte	0x9e
 438 01be 08       		.byte	0x8
 439 01bf 0A       		.uleb128 0xa
 440 01c0 17020000 		.4byte	.LASF33
 441 01c4 04       		.byte	0x4
 442 01c5 3C       		.byte	0x3c
 443 01c6 9E000000 		.4byte	0x9e
ARM GAS  C:\Users\subra\AppData\Local\Temp\ccCByTty.s 			page 11


 444 01ca 0C       		.byte	0xc
 445 01cb 0A       		.uleb128 0xa
 446 01cc F9000000 		.4byte	.LASF34
 447 01d0 04       		.byte	0x4
 448 01d1 3D       		.byte	0x3d
 449 01d2 9E000000 		.4byte	0x9e
 450 01d6 10       		.byte	0x10
 451 01d7 0A       		.uleb128 0xa
 452 01d8 15030000 		.4byte	.LASF35
 453 01dc 04       		.byte	0x4
 454 01dd 3E       		.byte	0x3e
 455 01de 9E000000 		.4byte	0x9e
 456 01e2 14       		.byte	0x14
 457 01e3 0A       		.uleb128 0xa
 458 01e4 34020000 		.4byte	.LASF36
 459 01e8 04       		.byte	0x4
 460 01e9 3F       		.byte	0x3f
 461 01ea 9E000000 		.4byte	0x9e
 462 01ee 18       		.byte	0x18
 463 01ef 0A       		.uleb128 0xa
 464 01f0 B2020000 		.4byte	.LASF37
 465 01f4 04       		.byte	0x4
 466 01f5 40       		.byte	0x40
 467 01f6 A3000000 		.4byte	0xa3
 468 01fa 1C       		.byte	0x1c
 469 01fb 0A       		.uleb128 0xa
 470 01fc 00040000 		.4byte	.LASF21
 471 0200 04       		.byte	0x4
 472 0201 41       		.byte	0x41
 473 0202 1A020000 		.4byte	0x21a
 474 0206 20       		.byte	0x20
 475 0207 0D       		.uleb128 0xd
 476 0208 434E5400 		.ascii	"CNT\000"
 477 020c 04       		.byte	0x4
 478 020d 42       		.byte	0x42
 479 020e 1F020000 		.4byte	0x21f
 480 0212 0001     		.2byte	0x100
 481 0214 00       		.byte	0
 482 0215 05       		.uleb128 0x5
 483 0216 AF000000 		.4byte	0xaf
 484 021a 06       		.uleb128 0x6
 485 021b 15020000 		.4byte	0x215
 486 021f 07       		.uleb128 0x7
 487 0220 87010000 		.4byte	0x187
 488 0224 2F020000 		.4byte	0x22f
 489 0228 08       		.uleb128 0x8
 490 0229 A8000000 		.4byte	0xa8
 491 022d 1F       		.byte	0x1f
 492 022e 00       		.byte	0
 493 022f 03       		.uleb128 0x3
 494 0230 FF010000 		.4byte	.LASF38
 495 0234 04       		.byte	0x4
 496 0235 43       		.byte	0x43
 497 0236 92010000 		.4byte	0x192
 498 023a 0E       		.uleb128 0xe
 499 023b 2B040000 		.4byte	.LASF39
 500 023f 05       		.byte	0x5
ARM GAS  C:\Users\subra\AppData\Local\Temp\ccCByTty.s 			page 12


 501 0240 4206     		.2byte	0x642
 502 0242 2F020000 		.4byte	0x22f
 503 0246 02       		.uleb128 0x2
 504 0247 01       		.byte	0x1
 505 0248 08       		.byte	0x8
 506 0249 42030000 		.4byte	.LASF40
 507 024d 02       		.uleb128 0x2
 508 024e 04       		.byte	0x4
 509 024f 04       		.byte	0x4
 510 0250 3E020000 		.4byte	.LASF41
 511 0254 02       		.uleb128 0x2
 512 0255 08       		.byte	0x8
 513 0256 04       		.byte	0x4
 514 0257 A9030000 		.4byte	.LASF42
 515 025b 0F       		.uleb128 0xf
 516 025c 04       		.byte	0x4
 517 025d 7A000000 		.4byte	0x7a
 518 0261 06       		.byte	0x6
 519 0262 7301     		.2byte	0x173
 520 0264 78020000 		.4byte	0x278
 521 0268 10       		.uleb128 0x10
 522 0269 C9010000 		.4byte	.LASF43
 523 026d 00       		.byte	0
 524 026e 11       		.uleb128 0x11
 525 026f 4F030000 		.4byte	.LASF44
 526 0273 0100B600 		.4byte	0xb60001
 527 0277 00       		.byte	0
 528 0278 0E       		.uleb128 0xe
 529 0279 09040000 		.4byte	.LASF45
 530 027d 06       		.byte	0x6
 531 027e 7601     		.2byte	0x176
 532 0280 5B020000 		.4byte	0x25b
 533 0284 12       		.uleb128 0x12
 534 0285 62030000 		.4byte	.LASF61
 535 0289 20       		.byte	0x20
 536 028a 07       		.byte	0x7
 537 028b 2E       		.byte	0x2e
 538 028c F1020000 		.4byte	0x2f1
 539 0290 0A       		.uleb128 0xa
 540 0291 0A030000 		.4byte	.LASF46
 541 0295 07       		.byte	0x7
 542 0296 31       		.byte	0x31
 543 0297 8C000000 		.4byte	0x8c
 544 029b 00       		.byte	0
 545 029c 0A       		.uleb128 0xa
 546 029d 23020000 		.4byte	.LASF47
 547 02a1 07       		.byte	0x7
 548 02a2 33       		.byte	0x33
 549 02a3 8C000000 		.4byte	0x8c
 550 02a7 04       		.byte	0x4
 551 02a8 0A       		.uleb128 0xa
 552 02a9 C8030000 		.4byte	.LASF48
 553 02ad 07       		.byte	0x7
 554 02ae 35       		.byte	0x35
 555 02af 8C000000 		.4byte	0x8c
 556 02b3 08       		.byte	0x8
 557 02b4 0A       		.uleb128 0xa
ARM GAS  C:\Users\subra\AppData\Local\Temp\ccCByTty.s 			page 13


 558 02b5 F2020000 		.4byte	.LASF49
 559 02b9 07       		.byte	0x7
 560 02ba 37       		.byte	0x37
 561 02bb 8C000000 		.4byte	0x8c
 562 02bf 0C       		.byte	0xc
 563 02c0 0A       		.uleb128 0xa
 564 02c1 E1030000 		.4byte	.LASF50
 565 02c5 07       		.byte	0x7
 566 02c6 39       		.byte	0x39
 567 02c7 8C000000 		.4byte	0x8c
 568 02cb 10       		.byte	0x10
 569 02cc 0A       		.uleb128 0xa
 570 02cd E5010000 		.4byte	.LASF51
 571 02d1 07       		.byte	0x7
 572 02d2 3B       		.byte	0x3b
 573 02d3 8C000000 		.4byte	0x8c
 574 02d7 14       		.byte	0x14
 575 02d8 0A       		.uleb128 0xa
 576 02d9 8D030000 		.4byte	.LASF52
 577 02dd 07       		.byte	0x7
 578 02de 3D       		.byte	0x3d
 579 02df 8C000000 		.4byte	0x8c
 580 02e3 18       		.byte	0x18
 581 02e4 0A       		.uleb128 0xa
 582 02e5 0D020000 		.4byte	.LASF53
 583 02e9 07       		.byte	0x7
 584 02ea 3F       		.byte	0x3f
 585 02eb 8C000000 		.4byte	0x8c
 586 02ef 1C       		.byte	0x1c
 587 02f0 00       		.byte	0
 588 02f1 03       		.uleb128 0x3
 589 02f2 53000000 		.4byte	.LASF54
 590 02f6 07       		.byte	0x7
 591 02f7 41       		.byte	0x41
 592 02f8 84020000 		.4byte	0x284
 593 02fc 13       		.uleb128 0x13
 594 02fd 89020000 		.4byte	.LASF62
 595 0301 01       		.byte	0x1
 596 0302 2F       		.byte	0x2f
 597 0303 78020000 		.4byte	0x278
 598 0307 00000000 		.4byte	.LFB151
 599 030b 88000000 		.4byte	.LFE151-.LFB151
 600 030f 01       		.uleb128 0x1
 601 0310 9C       		.byte	0x9c
 602 0311 4E030000 		.4byte	0x34e
 603 0315 14       		.uleb128 0x14
 604 0316 36040000 		.4byte	.LASF55
 605 031a 01       		.byte	0x1
 606 031b 2F       		.byte	0x2f
 607 031c 4E030000 		.4byte	0x34e
 608 0320 00000000 		.4byte	.LLST0
 609 0324 15       		.uleb128 0x15
 610 0325 62020000 		.4byte	.LASF56
 611 0329 01       		.byte	0x1
 612 032a 2F       		.byte	0x2f
 613 032b 8C000000 		.4byte	0x8c
 614 032f 01       		.uleb128 0x1
ARM GAS  C:\Users\subra\AppData\Local\Temp\ccCByTty.s 			page 14


 615 0330 51       		.byte	0x51
 616 0331 15       		.uleb128 0x15
 617 0332 F8010000 		.4byte	.LASF57
 618 0336 01       		.byte	0x1
 619 0337 30       		.byte	0x30
 620 0338 54030000 		.4byte	0x354
 621 033c 01       		.uleb128 0x1
 622 033d 52       		.byte	0x52
 623 033e 16       		.uleb128 0x16
 624 033f 3B030000 		.4byte	.LASF63
 625 0343 01       		.byte	0x1
 626 0344 32       		.byte	0x32
 627 0345 78020000 		.4byte	0x278
 628 0349 5E000000 		.4byte	.LLST1
 629 034d 00       		.byte	0
 630 034e 17       		.uleb128 0x17
 631 034f 04       		.byte	0x4
 632 0350 3A020000 		.4byte	0x23a
 633 0354 17       		.uleb128 0x17
 634 0355 04       		.byte	0x4
 635 0356 5A030000 		.4byte	0x35a
 636 035a 06       		.uleb128 0x6
 637 035b F1020000 		.4byte	0x2f1
 638 035f 18       		.uleb128 0x18
 639 0360 B0030000 		.4byte	.LASF64
 640 0364 01       		.byte	0x1
 641 0365 64       		.byte	0x64
 642 0366 00000000 		.4byte	.LFB152
 643 036a 58000000 		.4byte	.LFE152-.LFB152
 644 036e 01       		.uleb128 0x1
 645 036f 9C       		.byte	0x9c
 646 0370 9E030000 		.4byte	0x39e
 647 0374 14       		.uleb128 0x14
 648 0375 36040000 		.4byte	.LASF55
 649 0379 01       		.byte	0x1
 650 037a 64       		.byte	0x64
 651 037b 4E030000 		.4byte	0x34e
 652 037f B8000000 		.4byte	.LLST2
 653 0383 15       		.uleb128 0x15
 654 0384 62020000 		.4byte	.LASF56
 655 0388 01       		.byte	0x1
 656 0389 64       		.byte	0x64
 657 038a 8C000000 		.4byte	0x8c
 658 038e 01       		.uleb128 0x1
 659 038f 51       		.byte	0x51
 660 0390 15       		.uleb128 0x15
 661 0391 F8010000 		.4byte	.LASF57
 662 0395 01       		.byte	0x1
 663 0396 64       		.byte	0x64
 664 0397 54030000 		.4byte	0x354
 665 039b 01       		.uleb128 0x1
 666 039c 52       		.byte	0x52
 667 039d 00       		.byte	0
 668 039e 19       		.uleb128 0x19
 669 039f 1E040000 		.4byte	.LASF65
 670 03a3 08       		.byte	0x8
 671 03a4 F907     		.2byte	0x7f9
ARM GAS  C:\Users\subra\AppData\Local\Temp\ccCByTty.s 			page 15


 672 03a6 AA030000 		.4byte	0x3aa
 673 03aa 05       		.uleb128 0x5
 674 03ab 81000000 		.4byte	0x81
 675 03af 00       		.byte	0
 676              		.section	.debug_abbrev,"",%progbits
 677              	.Ldebug_abbrev0:
 678 0000 01       		.uleb128 0x1
 679 0001 11       		.uleb128 0x11
 680 0002 01       		.byte	0x1
 681 0003 25       		.uleb128 0x25
 682 0004 0E       		.uleb128 0xe
 683 0005 13       		.uleb128 0x13
 684 0006 0B       		.uleb128 0xb
 685 0007 03       		.uleb128 0x3
 686 0008 0E       		.uleb128 0xe
 687 0009 1B       		.uleb128 0x1b
 688 000a 0E       		.uleb128 0xe
 689 000b 55       		.uleb128 0x55
 690 000c 17       		.uleb128 0x17
 691 000d 11       		.uleb128 0x11
 692 000e 01       		.uleb128 0x1
 693 000f 10       		.uleb128 0x10
 694 0010 17       		.uleb128 0x17
 695 0011 00       		.byte	0
 696 0012 00       		.byte	0
 697 0013 02       		.uleb128 0x2
 698 0014 24       		.uleb128 0x24
 699 0015 00       		.byte	0
 700 0016 0B       		.uleb128 0xb
 701 0017 0B       		.uleb128 0xb
 702 0018 3E       		.uleb128 0x3e
 703 0019 0B       		.uleb128 0xb
 704 001a 03       		.uleb128 0x3
 705 001b 0E       		.uleb128 0xe
 706 001c 00       		.byte	0
 707 001d 00       		.byte	0
 708 001e 03       		.uleb128 0x3
 709 001f 16       		.uleb128 0x16
 710 0020 00       		.byte	0
 711 0021 03       		.uleb128 0x3
 712 0022 0E       		.uleb128 0xe
 713 0023 3A       		.uleb128 0x3a
 714 0024 0B       		.uleb128 0xb
 715 0025 3B       		.uleb128 0x3b
 716 0026 0B       		.uleb128 0xb
 717 0027 49       		.uleb128 0x49
 718 0028 13       		.uleb128 0x13
 719 0029 00       		.byte	0
 720 002a 00       		.byte	0
 721 002b 04       		.uleb128 0x4
 722 002c 24       		.uleb128 0x24
 723 002d 00       		.byte	0
 724 002e 0B       		.uleb128 0xb
 725 002f 0B       		.uleb128 0xb
 726 0030 3E       		.uleb128 0x3e
 727 0031 0B       		.uleb128 0xb
 728 0032 03       		.uleb128 0x3
ARM GAS  C:\Users\subra\AppData\Local\Temp\ccCByTty.s 			page 16


 729 0033 08       		.uleb128 0x8
 730 0034 00       		.byte	0
 731 0035 00       		.byte	0
 732 0036 05       		.uleb128 0x5
 733 0037 35       		.uleb128 0x35
 734 0038 00       		.byte	0
 735 0039 49       		.uleb128 0x49
 736 003a 13       		.uleb128 0x13
 737 003b 00       		.byte	0
 738 003c 00       		.byte	0
 739 003d 06       		.uleb128 0x6
 740 003e 26       		.uleb128 0x26
 741 003f 00       		.byte	0
 742 0040 49       		.uleb128 0x49
 743 0041 13       		.uleb128 0x13
 744 0042 00       		.byte	0
 745 0043 00       		.byte	0
 746 0044 07       		.uleb128 0x7
 747 0045 01       		.uleb128 0x1
 748 0046 01       		.byte	0x1
 749 0047 49       		.uleb128 0x49
 750 0048 13       		.uleb128 0x13
 751 0049 01       		.uleb128 0x1
 752 004a 13       		.uleb128 0x13
 753 004b 00       		.byte	0
 754 004c 00       		.byte	0
 755 004d 08       		.uleb128 0x8
 756 004e 21       		.uleb128 0x21
 757 004f 00       		.byte	0
 758 0050 49       		.uleb128 0x49
 759 0051 13       		.uleb128 0x13
 760 0052 2F       		.uleb128 0x2f
 761 0053 0B       		.uleb128 0xb
 762 0054 00       		.byte	0
 763 0055 00       		.byte	0
 764 0056 09       		.uleb128 0x9
 765 0057 13       		.uleb128 0x13
 766 0058 01       		.byte	0x1
 767 0059 0B       		.uleb128 0xb
 768 005a 0B       		.uleb128 0xb
 769 005b 3A       		.uleb128 0x3a
 770 005c 0B       		.uleb128 0xb
 771 005d 3B       		.uleb128 0x3b
 772 005e 0B       		.uleb128 0xb
 773 005f 01       		.uleb128 0x1
 774 0060 13       		.uleb128 0x13
 775 0061 00       		.byte	0
 776 0062 00       		.byte	0
 777 0063 0A       		.uleb128 0xa
 778 0064 0D       		.uleb128 0xd
 779 0065 00       		.byte	0
 780 0066 03       		.uleb128 0x3
 781 0067 0E       		.uleb128 0xe
 782 0068 3A       		.uleb128 0x3a
 783 0069 0B       		.uleb128 0xb
 784 006a 3B       		.uleb128 0x3b
 785 006b 0B       		.uleb128 0xb
ARM GAS  C:\Users\subra\AppData\Local\Temp\ccCByTty.s 			page 17


 786 006c 49       		.uleb128 0x49
 787 006d 13       		.uleb128 0x13
 788 006e 38       		.uleb128 0x38
 789 006f 0B       		.uleb128 0xb
 790 0070 00       		.byte	0
 791 0071 00       		.byte	0
 792 0072 0B       		.uleb128 0xb
 793 0073 0D       		.uleb128 0xd
 794 0074 00       		.byte	0
 795 0075 03       		.uleb128 0x3
 796 0076 08       		.uleb128 0x8
 797 0077 3A       		.uleb128 0x3a
 798 0078 0B       		.uleb128 0xb
 799 0079 3B       		.uleb128 0x3b
 800 007a 0B       		.uleb128 0xb
 801 007b 49       		.uleb128 0x49
 802 007c 13       		.uleb128 0x13
 803 007d 38       		.uleb128 0x38
 804 007e 0B       		.uleb128 0xb
 805 007f 00       		.byte	0
 806 0080 00       		.byte	0
 807 0081 0C       		.uleb128 0xc
 808 0082 13       		.uleb128 0x13
 809 0083 01       		.byte	0x1
 810 0084 0B       		.uleb128 0xb
 811 0085 05       		.uleb128 0x5
 812 0086 3A       		.uleb128 0x3a
 813 0087 0B       		.uleb128 0xb
 814 0088 3B       		.uleb128 0x3b
 815 0089 0B       		.uleb128 0xb
 816 008a 01       		.uleb128 0x1
 817 008b 13       		.uleb128 0x13
 818 008c 00       		.byte	0
 819 008d 00       		.byte	0
 820 008e 0D       		.uleb128 0xd
 821 008f 0D       		.uleb128 0xd
 822 0090 00       		.byte	0
 823 0091 03       		.uleb128 0x3
 824 0092 08       		.uleb128 0x8
 825 0093 3A       		.uleb128 0x3a
 826 0094 0B       		.uleb128 0xb
 827 0095 3B       		.uleb128 0x3b
 828 0096 0B       		.uleb128 0xb
 829 0097 49       		.uleb128 0x49
 830 0098 13       		.uleb128 0x13
 831 0099 38       		.uleb128 0x38
 832 009a 05       		.uleb128 0x5
 833 009b 00       		.byte	0
 834 009c 00       		.byte	0
 835 009d 0E       		.uleb128 0xe
 836 009e 16       		.uleb128 0x16
 837 009f 00       		.byte	0
 838 00a0 03       		.uleb128 0x3
 839 00a1 0E       		.uleb128 0xe
 840 00a2 3A       		.uleb128 0x3a
 841 00a3 0B       		.uleb128 0xb
 842 00a4 3B       		.uleb128 0x3b
ARM GAS  C:\Users\subra\AppData\Local\Temp\ccCByTty.s 			page 18


 843 00a5 05       		.uleb128 0x5
 844 00a6 49       		.uleb128 0x49
 845 00a7 13       		.uleb128 0x13
 846 00a8 00       		.byte	0
 847 00a9 00       		.byte	0
 848 00aa 0F       		.uleb128 0xf
 849 00ab 04       		.uleb128 0x4
 850 00ac 01       		.byte	0x1
 851 00ad 0B       		.uleb128 0xb
 852 00ae 0B       		.uleb128 0xb
 853 00af 49       		.uleb128 0x49
 854 00b0 13       		.uleb128 0x13
 855 00b1 3A       		.uleb128 0x3a
 856 00b2 0B       		.uleb128 0xb
 857 00b3 3B       		.uleb128 0x3b
 858 00b4 05       		.uleb128 0x5
 859 00b5 01       		.uleb128 0x1
 860 00b6 13       		.uleb128 0x13
 861 00b7 00       		.byte	0
 862 00b8 00       		.byte	0
 863 00b9 10       		.uleb128 0x10
 864 00ba 28       		.uleb128 0x28
 865 00bb 00       		.byte	0
 866 00bc 03       		.uleb128 0x3
 867 00bd 0E       		.uleb128 0xe
 868 00be 1C       		.uleb128 0x1c
 869 00bf 0B       		.uleb128 0xb
 870 00c0 00       		.byte	0
 871 00c1 00       		.byte	0
 872 00c2 11       		.uleb128 0x11
 873 00c3 28       		.uleb128 0x28
 874 00c4 00       		.byte	0
 875 00c5 03       		.uleb128 0x3
 876 00c6 0E       		.uleb128 0xe
 877 00c7 1C       		.uleb128 0x1c
 878 00c8 06       		.uleb128 0x6
 879 00c9 00       		.byte	0
 880 00ca 00       		.byte	0
 881 00cb 12       		.uleb128 0x12
 882 00cc 13       		.uleb128 0x13
 883 00cd 01       		.byte	0x1
 884 00ce 03       		.uleb128 0x3
 885 00cf 0E       		.uleb128 0xe
 886 00d0 0B       		.uleb128 0xb
 887 00d1 0B       		.uleb128 0xb
 888 00d2 3A       		.uleb128 0x3a
 889 00d3 0B       		.uleb128 0xb
 890 00d4 3B       		.uleb128 0x3b
 891 00d5 0B       		.uleb128 0xb
 892 00d6 01       		.uleb128 0x1
 893 00d7 13       		.uleb128 0x13
 894 00d8 00       		.byte	0
 895 00d9 00       		.byte	0
 896 00da 13       		.uleb128 0x13
 897 00db 2E       		.uleb128 0x2e
 898 00dc 01       		.byte	0x1
 899 00dd 3F       		.uleb128 0x3f
ARM GAS  C:\Users\subra\AppData\Local\Temp\ccCByTty.s 			page 19


 900 00de 19       		.uleb128 0x19
 901 00df 03       		.uleb128 0x3
 902 00e0 0E       		.uleb128 0xe
 903 00e1 3A       		.uleb128 0x3a
 904 00e2 0B       		.uleb128 0xb
 905 00e3 3B       		.uleb128 0x3b
 906 00e4 0B       		.uleb128 0xb
 907 00e5 27       		.uleb128 0x27
 908 00e6 19       		.uleb128 0x19
 909 00e7 49       		.uleb128 0x49
 910 00e8 13       		.uleb128 0x13
 911 00e9 11       		.uleb128 0x11
 912 00ea 01       		.uleb128 0x1
 913 00eb 12       		.uleb128 0x12
 914 00ec 06       		.uleb128 0x6
 915 00ed 40       		.uleb128 0x40
 916 00ee 18       		.uleb128 0x18
 917 00ef 9742     		.uleb128 0x2117
 918 00f1 19       		.uleb128 0x19
 919 00f2 01       		.uleb128 0x1
 920 00f3 13       		.uleb128 0x13
 921 00f4 00       		.byte	0
 922 00f5 00       		.byte	0
 923 00f6 14       		.uleb128 0x14
 924 00f7 05       		.uleb128 0x5
 925 00f8 00       		.byte	0
 926 00f9 03       		.uleb128 0x3
 927 00fa 0E       		.uleb128 0xe
 928 00fb 3A       		.uleb128 0x3a
 929 00fc 0B       		.uleb128 0xb
 930 00fd 3B       		.uleb128 0x3b
 931 00fe 0B       		.uleb128 0xb
 932 00ff 49       		.uleb128 0x49
 933 0100 13       		.uleb128 0x13
 934 0101 02       		.uleb128 0x2
 935 0102 17       		.uleb128 0x17
 936 0103 00       		.byte	0
 937 0104 00       		.byte	0
 938 0105 15       		.uleb128 0x15
 939 0106 05       		.uleb128 0x5
 940 0107 00       		.byte	0
 941 0108 03       		.uleb128 0x3
 942 0109 0E       		.uleb128 0xe
 943 010a 3A       		.uleb128 0x3a
 944 010b 0B       		.uleb128 0xb
 945 010c 3B       		.uleb128 0x3b
 946 010d 0B       		.uleb128 0xb
 947 010e 49       		.uleb128 0x49
 948 010f 13       		.uleb128 0x13
 949 0110 02       		.uleb128 0x2
 950 0111 18       		.uleb128 0x18
 951 0112 00       		.byte	0
 952 0113 00       		.byte	0
 953 0114 16       		.uleb128 0x16
 954 0115 34       		.uleb128 0x34
 955 0116 00       		.byte	0
 956 0117 03       		.uleb128 0x3
ARM GAS  C:\Users\subra\AppData\Local\Temp\ccCByTty.s 			page 20


 957 0118 0E       		.uleb128 0xe
 958 0119 3A       		.uleb128 0x3a
 959 011a 0B       		.uleb128 0xb
 960 011b 3B       		.uleb128 0x3b
 961 011c 0B       		.uleb128 0xb
 962 011d 49       		.uleb128 0x49
 963 011e 13       		.uleb128 0x13
 964 011f 02       		.uleb128 0x2
 965 0120 17       		.uleb128 0x17
 966 0121 00       		.byte	0
 967 0122 00       		.byte	0
 968 0123 17       		.uleb128 0x17
 969 0124 0F       		.uleb128 0xf
 970 0125 00       		.byte	0
 971 0126 0B       		.uleb128 0xb
 972 0127 0B       		.uleb128 0xb
 973 0128 49       		.uleb128 0x49
 974 0129 13       		.uleb128 0x13
 975 012a 00       		.byte	0
 976 012b 00       		.byte	0
 977 012c 18       		.uleb128 0x18
 978 012d 2E       		.uleb128 0x2e
 979 012e 01       		.byte	0x1
 980 012f 3F       		.uleb128 0x3f
 981 0130 19       		.uleb128 0x19
 982 0131 03       		.uleb128 0x3
 983 0132 0E       		.uleb128 0xe
 984 0133 3A       		.uleb128 0x3a
 985 0134 0B       		.uleb128 0xb
 986 0135 3B       		.uleb128 0x3b
 987 0136 0B       		.uleb128 0xb
 988 0137 27       		.uleb128 0x27
 989 0138 19       		.uleb128 0x19
 990 0139 11       		.uleb128 0x11
 991 013a 01       		.uleb128 0x1
 992 013b 12       		.uleb128 0x12
 993 013c 06       		.uleb128 0x6
 994 013d 40       		.uleb128 0x40
 995 013e 18       		.uleb128 0x18
 996 013f 9742     		.uleb128 0x2117
 997 0141 19       		.uleb128 0x19
 998 0142 01       		.uleb128 0x1
 999 0143 13       		.uleb128 0x13
 1000 0144 00       		.byte	0
 1001 0145 00       		.byte	0
 1002 0146 19       		.uleb128 0x19
 1003 0147 34       		.uleb128 0x34
 1004 0148 00       		.byte	0
 1005 0149 03       		.uleb128 0x3
 1006 014a 0E       		.uleb128 0xe
 1007 014b 3A       		.uleb128 0x3a
 1008 014c 0B       		.uleb128 0xb
 1009 014d 3B       		.uleb128 0x3b
 1010 014e 05       		.uleb128 0x5
 1011 014f 49       		.uleb128 0x49
 1012 0150 13       		.uleb128 0x13
 1013 0151 3F       		.uleb128 0x3f
ARM GAS  C:\Users\subra\AppData\Local\Temp\ccCByTty.s 			page 21


 1014 0152 19       		.uleb128 0x19
 1015 0153 3C       		.uleb128 0x3c
 1016 0154 19       		.uleb128 0x19
 1017 0155 00       		.byte	0
 1018 0156 00       		.byte	0
 1019 0157 00       		.byte	0
 1020              		.section	.debug_loc,"",%progbits
 1021              	.Ldebug_loc0:
 1022              	.LLST0:
 1023 0000 00000000 		.4byte	.LVL0
 1024 0004 1A000000 		.4byte	.LVL1
 1025 0008 0100     		.2byte	0x1
 1026 000a 50       		.byte	0x50
 1027 000b 1A000000 		.4byte	.LVL1
 1028 000f 6A000000 		.4byte	.LVL2
 1029 0013 0100     		.2byte	0x1
 1030 0015 54       		.byte	0x54
 1031 0016 6A000000 		.4byte	.LVL2
 1032 001a 78000000 		.4byte	.LVL4
 1033 001e 0400     		.2byte	0x4
 1034 0020 F3       		.byte	0xf3
 1035 0021 01       		.uleb128 0x1
 1036 0022 50       		.byte	0x50
 1037 0023 9F       		.byte	0x9f
 1038 0024 78000000 		.4byte	.LVL4
 1039 0028 7A000000 		.4byte	.LVL5
 1040 002c 0100     		.2byte	0x1
 1041 002e 50       		.byte	0x50
 1042 002f 7A000000 		.4byte	.LVL5
 1043 0033 7C000000 		.4byte	.LVL6
 1044 0037 0400     		.2byte	0x4
 1045 0039 F3       		.byte	0xf3
 1046 003a 01       		.uleb128 0x1
 1047 003b 50       		.byte	0x50
 1048 003c 9F       		.byte	0x9f
 1049 003d 7C000000 		.4byte	.LVL6
 1050 0041 7E000000 		.4byte	.LVL7
 1051 0045 0100     		.2byte	0x1
 1052 0047 50       		.byte	0x50
 1053 0048 7E000000 		.4byte	.LVL7
 1054 004c 88000000 		.4byte	.LFE151
 1055 0050 0400     		.2byte	0x4
 1056 0052 F3       		.byte	0xf3
 1057 0053 01       		.uleb128 0x1
 1058 0054 50       		.byte	0x50
 1059 0055 9F       		.byte	0x9f
 1060 0056 00000000 		.4byte	0
 1061 005a 00000000 		.4byte	0
 1062              	.LLST1:
 1063 005e 00000000 		.4byte	.LVL0
 1064 0062 74000000 		.4byte	.LVL3
 1065 0066 0600     		.2byte	0x6
 1066 0068 0C       		.byte	0xc
 1067 0069 0100B600 		.4byte	0xb60001
 1068 006d 9F       		.byte	0x9f
 1069 006e 74000000 		.4byte	.LVL3
 1070 0072 78000000 		.4byte	.LVL4
ARM GAS  C:\Users\subra\AppData\Local\Temp\ccCByTty.s 			page 22


 1071 0076 0200     		.2byte	0x2
 1072 0078 30       		.byte	0x30
 1073 0079 9F       		.byte	0x9f
 1074 007a 78000000 		.4byte	.LVL4
 1075 007e 7A000000 		.4byte	.LVL5
 1076 0082 0600     		.2byte	0x6
 1077 0084 0C       		.byte	0xc
 1078 0085 0100B600 		.4byte	0xb60001
 1079 0089 9F       		.byte	0x9f
 1080 008a 7A000000 		.4byte	.LVL5
 1081 008e 7C000000 		.4byte	.LVL6
 1082 0092 0100     		.2byte	0x1
 1083 0094 50       		.byte	0x50
 1084 0095 7C000000 		.4byte	.LVL6
 1085 0099 7E000000 		.4byte	.LVL7
 1086 009d 0600     		.2byte	0x6
 1087 009f 0C       		.byte	0xc
 1088 00a0 0100B600 		.4byte	0xb60001
 1089 00a4 9F       		.byte	0x9f
 1090 00a5 7E000000 		.4byte	.LVL7
 1091 00a9 88000000 		.4byte	.LFE151
 1092 00ad 0100     		.2byte	0x1
 1093 00af 50       		.byte	0x50
 1094 00b0 00000000 		.4byte	0
 1095 00b4 00000000 		.4byte	0
 1096              	.LLST2:
 1097 00b8 00000000 		.4byte	.LVL8
 1098 00bc 4E000000 		.4byte	.LVL9
 1099 00c0 0100     		.2byte	0x1
 1100 00c2 50       		.byte	0x50
 1101 00c3 4E000000 		.4byte	.LVL9
 1102 00c7 58000000 		.4byte	.LFE152
 1103 00cb 0400     		.2byte	0x4
 1104 00cd F3       		.byte	0xf3
 1105 00ce 01       		.uleb128 0x1
 1106 00cf 50       		.byte	0x50
 1107 00d0 9F       		.byte	0x9f
 1108 00d1 00000000 		.4byte	0
 1109 00d5 00000000 		.4byte	0
 1110              		.section	.debug_aranges,"",%progbits
 1111 0000 24000000 		.4byte	0x24
 1112 0004 0200     		.2byte	0x2
 1113 0006 00000000 		.4byte	.Ldebug_info0
 1114 000a 04       		.byte	0x4
 1115 000b 00       		.byte	0
 1116 000c 0000     		.2byte	0
 1117 000e 0000     		.2byte	0
 1118 0010 00000000 		.4byte	.LFB151
 1119 0014 88000000 		.4byte	.LFE151-.LFB151
 1120 0018 00000000 		.4byte	.LFB152
 1121 001c 58000000 		.4byte	.LFE152-.LFB152
 1122 0020 00000000 		.4byte	0
 1123 0024 00000000 		.4byte	0
 1124              		.section	.debug_ranges,"",%progbits
 1125              	.Ldebug_ranges0:
 1126 0000 00000000 		.4byte	.LFB151
 1127 0004 88000000 		.4byte	.LFE151
ARM GAS  C:\Users\subra\AppData\Local\Temp\ccCByTty.s 			page 23


 1128 0008 00000000 		.4byte	.LFB152
 1129 000c 58000000 		.4byte	.LFE152
 1130 0010 00000000 		.4byte	0
 1131 0014 00000000 		.4byte	0
 1132              		.section	.debug_line,"",%progbits
 1133              	.Ldebug_line0:
 1134 0000 9B020000 		.section	.debug_str,"MS",%progbits,1
 1134      02003F02 
 1134      00000201 
 1134      FB0E0D00 
 1134      01010101 
 1135              	.LASF60:
 1136 0000 443A5C50 		.ascii	"D:\\Projects\\NS\\Neural-Stimulator-Firmware\\new\\"
 1136      726F6A65 
 1136      6374735C 
 1136      4E535C4E 
 1136      65757261 
 1137 002e 50534F43 		.ascii	"PSOC6\\TIMER\\SampleMicroSeconds.cydsn\000"
 1137      365C5449 
 1137      4D45525C 
 1137      53616D70 
 1137      6C654D69 
 1138              	.LASF54:
 1139 0053 63795F73 		.ascii	"cy_stc_tcpwm_quaddec_config_t\000"
 1139      74635F74 
 1139      6370776D 
 1139      5F717561 
 1139      64646563 
 1140              	.LASF59:
 1141 0071 47656E65 		.ascii	"Generated_Source\\PSoC6\\pdl\\drivers\\peripheral\\"
 1141      72617465 
 1141      645F536F 
 1141      75726365 
 1141      5C50536F 
 1142 009f 74637077 		.ascii	"tcpwm\\cy_tcpwm_quaddec.c\000"
 1142      6D5C6379 
 1142      5F746370 
 1142      776D5F71 
 1142      75616464 
 1143              	.LASF2:
 1144 00b8 73686F72 		.ascii	"short int\000"
 1144      7420696E 
 1144      7400
 1145              	.LASF14:
 1146 00c2 73697A65 		.ascii	"sizetype\000"
 1146      74797065 
 1146      00
 1147              	.LASF20:
 1148 00cb 50455249 		.ascii	"PERIOD_BUFF\000"
 1148      4F445F42 
 1148      55464600 
 1149              	.LASF30:
 1150 00d7 54435057 		.ascii	"TCPWM_CNT_V1_Type\000"
 1150      4D5F434E 
 1150      545F5631 
 1150      5F547970 
 1150      6500
ARM GAS  C:\Users\subra\AppData\Local\Temp\ccCByTty.s 			page 24


 1151              	.LASF32:
 1152 00e9 4354524C 		.ascii	"CTRL_SET\000"
 1152      5F534554 
 1152      00
 1153              	.LASF19:
 1154 00f2 50455249 		.ascii	"PERIOD\000"
 1154      4F4400
 1155              	.LASF34:
 1156 00f9 434D445F 		.ascii	"CMD_RELOAD\000"
 1156      52454C4F 
 1156      414400
 1157              	.LASF23:
 1158 0104 54525F43 		.ascii	"TR_CTRL1\000"
 1158      54524C31 
 1158      00
 1159              	.LASF24:
 1160 010d 54525F43 		.ascii	"TR_CTRL2\000"
 1160      54524C32 
 1160      00
 1161              	.LASF58:
 1162 0116 474E5520 		.ascii	"GNU C11 5.4.1 20160609 (release) [ARM/embedded-5-br"
 1162      43313120 
 1162      352E342E 
 1162      31203230 
 1162      31363036 
 1163 0149 616E6368 		.ascii	"anch revision 237715] -mcpu=cortex-m4 -mfloat-abi=s"
 1163      20726576 
 1163      6973696F 
 1163      6E203233 
 1163      37373135 
 1164 017c 6F667466 		.ascii	"oftfp -mfpu=fpv4-sp-d16 -mthumb -g -Og -ffunction-s"
 1164      70202D6D 
 1164      6670753D 
 1164      66707634 
 1164      2D73702D 
 1165 01af 65637469 		.ascii	"ections -ffat-lto-objects\000"
 1165      6F6E7320 
 1165      2D666661 
 1165      742D6C74 
 1165      6F2D6F62 
 1166              	.LASF43:
 1167 01c9 43595F54 		.ascii	"CY_TCPWM_SUCCESS\000"
 1167      4350574D 
 1167      5F535543 
 1167      43455353 
 1167      00
 1168              	.LASF6:
 1169 01da 5F5F7569 		.ascii	"__uint32_t\000"
 1169      6E743332 
 1169      5F7400
 1170              	.LASF51:
 1171 01e5 73746F70 		.ascii	"stopInput\000"
 1171      496E7075 
 1171      7400
 1172              	.LASF22:
 1173 01ef 54525F43 		.ascii	"TR_CTRL0\000"
 1173      54524C30 
ARM GAS  C:\Users\subra\AppData\Local\Temp\ccCByTty.s 			page 25


 1173      00
 1174              	.LASF57:
 1175 01f8 636F6E66 		.ascii	"config\000"
 1175      696700
 1176              	.LASF38:
 1177 01ff 54435057 		.ascii	"TCPWM_V1_Type\000"
 1177      4D5F5631 
 1177      5F547970 
 1177      6500
 1178              	.LASF53:
 1179 020d 70686942 		.ascii	"phiBInput\000"
 1179      496E7075 
 1179      7400
 1180              	.LASF33:
 1181 0217 434D445F 		.ascii	"CMD_CAPTURE\000"
 1181      43415054 
 1181      55524500 
 1182              	.LASF47:
 1183 0223 696E7465 		.ascii	"interruptSources\000"
 1183      72727570 
 1183      74536F75 
 1183      72636573 
 1183      00
 1184              	.LASF36:
 1185 0234 434D445F 		.ascii	"CMD_START\000"
 1185      53544152 
 1185      5400
 1186              	.LASF41:
 1187 023e 666C6F61 		.ascii	"float\000"
 1187      7400
 1188              	.LASF8:
 1189 0244 6C6F6E67 		.ascii	"long long int\000"
 1189      206C6F6E 
 1189      6720696E 
 1189      7400
 1190              	.LASF16:
 1191 0252 53544154 		.ascii	"STATUS\000"
 1191      555300
 1192              	.LASF4:
 1193 0259 6C6F6E67 		.ascii	"long int\000"
 1193      20696E74 
 1193      00
 1194              	.LASF56:
 1195 0262 636E744E 		.ascii	"cntNum\000"
 1195      756D00
 1196              	.LASF29:
 1197 0269 494E5452 		.ascii	"INTR_MASKED\000"
 1197      5F4D4153 
 1197      4B454400 
 1198              	.LASF18:
 1199 0275 43435F42 		.ascii	"CC_BUFF\000"
 1199      55464600 
 1200              	.LASF13:
 1201 027d 6C6F6E67 		.ascii	"long double\000"
 1201      20646F75 
 1201      626C6500 
 1202              	.LASF62:
ARM GAS  C:\Users\subra\AppData\Local\Temp\ccCByTty.s 			page 26


 1203 0289 43795F54 		.ascii	"Cy_TCPWM_QuadDec_Init\000"
 1203      4350574D 
 1203      5F517561 
 1203      64446563 
 1203      5F496E69 
 1204              	.LASF1:
 1205 029f 756E7369 		.ascii	"unsigned char\000"
 1205      676E6564 
 1205      20636861 
 1205      7200
 1206              	.LASF15:
 1207 02ad 4354524C 		.ascii	"CTRL\000"
 1207      00
 1208              	.LASF37:
 1209 02b2 494E5452 		.ascii	"INTR_CAUSE\000"
 1209      5F434155 
 1209      534500
 1210              	.LASF0:
 1211 02bd 7369676E 		.ascii	"signed char\000"
 1211      65642063 
 1211      68617200 
 1212              	.LASF27:
 1213 02c9 494E5452 		.ascii	"INTR_SET\000"
 1213      5F534554 
 1213      00
 1214              	.LASF9:
 1215 02d2 6C6F6E67 		.ascii	"long long unsigned int\000"
 1215      206C6F6E 
 1215      6720756E 
 1215      7369676E 
 1215      65642069 
 1216              	.LASF12:
 1217 02e9 75696E74 		.ascii	"uint32_t\000"
 1217      33325F74 
 1217      00
 1218              	.LASF49:
 1219 02f2 696E6465 		.ascii	"indexInput\000"
 1219      78496E70 
 1219      757400
 1220              	.LASF10:
 1221 02fd 756E7369 		.ascii	"unsigned int\000"
 1221      676E6564 
 1221      20696E74 
 1221      00
 1222              	.LASF46:
 1223 030a 7265736F 		.ascii	"resolution\000"
 1223      6C757469 
 1223      6F6E00
 1224              	.LASF35:
 1225 0315 434D445F 		.ascii	"CMD_STOP\000"
 1225      53544F50 
 1225      00
 1226              	.LASF28:
 1227 031e 494E5452 		.ascii	"INTR_MASK\000"
 1227      5F4D4153 
 1227      4B00
 1228              	.LASF3:
ARM GAS  C:\Users\subra\AppData\Local\Temp\ccCByTty.s 			page 27


 1229 0328 73686F72 		.ascii	"short unsigned int\000"
 1229      7420756E 
 1229      7369676E 
 1229      65642069 
 1229      6E7400
 1230              	.LASF63:
 1231 033b 73746174 		.ascii	"status\000"
 1231      757300
 1232              	.LASF40:
 1233 0342 63686172 		.ascii	"char\000"
 1233      00
 1234              	.LASF11:
 1235 0347 696E7433 		.ascii	"int32_t\000"
 1235      325F7400 
 1236              	.LASF44:
 1237 034f 43595F54 		.ascii	"CY_TCPWM_BAD_PARAM\000"
 1237      4350574D 
 1237      5F424144 
 1237      5F504152 
 1237      414D00
 1238              	.LASF61:
 1239 0362 63795F73 		.ascii	"cy_stc_tcpwm_quaddec_config\000"
 1239      74635F74 
 1239      6370776D 
 1239      5F717561 
 1239      64646563 
 1240              	.LASF26:
 1241 037e 494E5452 		.ascii	"INTR\000"
 1241      00
 1242              	.LASF25:
 1243 0383 52455345 		.ascii	"RESERVED1\000"
 1243      52564544 
 1243      3100
 1244              	.LASF52:
 1245 038d 70686941 		.ascii	"phiAInput\000"
 1245      496E7075 
 1245      7400
 1246              	.LASF7:
 1247 0397 6C6F6E67 		.ascii	"long unsigned int\000"
 1247      20756E73 
 1247      69676E65 
 1247      6420696E 
 1247      7400
 1248              	.LASF42:
 1249 03a9 646F7562 		.ascii	"double\000"
 1249      6C6500
 1250              	.LASF64:
 1251 03b0 43795F54 		.ascii	"Cy_TCPWM_QuadDec_DeInit\000"
 1251      4350574D 
 1251      5F517561 
 1251      64446563 
 1251      5F446549 
 1252              	.LASF48:
 1253 03c8 696E6465 		.ascii	"indexInputMode\000"
 1253      78496E70 
 1253      75744D6F 
 1253      646500
ARM GAS  C:\Users\subra\AppData\Local\Temp\ccCByTty.s 			page 28


 1254              	.LASF5:
 1255 03d7 5F5F696E 		.ascii	"__int32_t\000"
 1255      7433325F 
 1255      7400
 1256              	.LASF50:
 1257 03e1 73746F70 		.ascii	"stopInputMode\000"
 1257      496E7075 
 1257      744D6F64 
 1257      6500
 1258              	.LASF31:
 1259 03ef 4354524C 		.ascii	"CTRL_CLR\000"
 1259      5F434C52 
 1259      00
 1260              	.LASF17:
 1261 03f8 434F554E 		.ascii	"COUNTER\000"
 1261      54455200 
 1262              	.LASF21:
 1263 0400 52455345 		.ascii	"RESERVED\000"
 1263      52564544 
 1263      00
 1264              	.LASF45:
 1265 0409 63795F65 		.ascii	"cy_en_tcpwm_status_t\000"
 1265      6E5F7463 
 1265      70776D5F 
 1265      73746174 
 1265      75735F74 
 1266              	.LASF65:
 1267 041e 49544D5F 		.ascii	"ITM_RxBuffer\000"
 1267      52784275 
 1267      66666572 
 1267      00
 1268              	.LASF39:
 1269 042b 54435057 		.ascii	"TCPWM_Type\000"
 1269      4D5F5479 
 1269      706500
 1270              	.LASF55:
 1271 0436 62617365 		.ascii	"base\000"
 1271      00
 1272              		.ident	"GCC: (GNU Tools for ARM Embedded Processors) 5.4.1 20160609 (release) [ARM/embedded-5-bran
