ARM GAS  C:\Users\subra\AppData\Local\Temp\ccuaRndb.s 			page 1


   1              		.syntax unified
   2              		.cpu cortex-m4
   3              		.eabi_attribute 27, 1
   4              		.fpu fpv4-sp-d16
   5              		.eabi_attribute 20, 1
   6              		.eabi_attribute 21, 1
   7              		.eabi_attribute 23, 3
   8              		.eabi_attribute 24, 1
   9              		.eabi_attribute 25, 1
  10              		.eabi_attribute 26, 1
  11              		.eabi_attribute 30, 1
  12              		.eabi_attribute 34, 1
  13              		.eabi_attribute 18, 4
  14              		.thumb
  15              		.syntax unified
  16              		.file	"BLE_ias_config.c"
  17              		.text
  18              	.Ltext0:
  19              		.cfi_sections	.debug_frame
  20              		.global	cy_ble_iasConfig
  21              		.section	.rodata
  22              		.align	2
  23              		.type	cy_ble_iass, %object
  24              		.size	cy_ble_iass, 4
  25              	cy_ble_iass:
  26 0000 1000     		.short	16
  27 0002 1200     		.short	18
  28              		.data
  29              		.align	2
  30              		.type	cy_ble_iasConfig, %object
  31              		.size	cy_ble_iasConfig, 8
  32              	cy_ble_iasConfig:
  33 0000 00000000 		.word	cy_ble_iass
  34 0004 00000000 		.word	0
  35              		.text
  36              	.Letext0:
  37              		.file 1 "d:\\program files (x86)\\cypress\\psoc creator\\4.4\\psoc creator\\import\\gnu\\arm\\5.4.
  38              		.file 2 "d:\\program files (x86)\\cypress\\psoc creator\\4.4\\psoc creator\\import\\gnu\\arm\\5.4.
  39              		.file 3 "Generated_Source\\PSoC6\\pdl\\drivers/peripheral/device/cy_device.h"
  40              		.file 4 "Generated_Source\\PSoC6\\pdl\\middleware/ble/cy_ble_stack_host_main.h"
  41              		.file 5 "Generated_Source\\PSoC6\\pdl\\middleware/ble/cy_ble_stack_gatt.h"
  42              		.file 6 "Generated_Source\\PSoC6\\pdl\\middleware/ble/cy_ble_gap.h"
  43              		.file 7 "Generated_Source\\PSoC6\\pdl\\middleware/ble/cy_ble.h"
  44              		.file 8 "Generated_Source\\PSoC6\\pdl\\middleware/ble/cy_ble_ias.h"
  45              		.file 9 "Generated_Source\\PSoC6\\pdl\\cmsis/include/core_cm4.h"
  46              		.file 10 "Generated_Source\\PSoC6\\BLE_ias_config.c"
  47              		.section	.debug_info,"",%progbits
  48              	.Ldebug_info0:
  49 0000 E7060000 		.4byte	0x6e7
  50 0004 0400     		.2byte	0x4
  51 0006 00000000 		.4byte	.Ldebug_abbrev0
  52 000a 04       		.byte	0x4
  53 000b 01       		.uleb128 0x1
  54 000c 23060000 		.4byte	.LASF144
  55 0010 0C       		.byte	0xc
  56 0011 1B050000 		.4byte	.LASF145
  57 0015 37070000 		.4byte	.LASF146
ARM GAS  C:\Users\subra\AppData\Local\Temp\ccuaRndb.s 			page 2


  58 0019 00000000 		.4byte	.Ldebug_line0
  59 001d 02       		.uleb128 0x2
  60 001e 04       		.byte	0x4
  61 001f 05       		.byte	0x5
  62 0020 696E7400 		.ascii	"int\000"
  63 0024 03       		.uleb128 0x3
  64 0025 04       		.byte	0x4
  65 0026 07       		.byte	0x7
  66 0027 73030000 		.4byte	.LASF0
  67 002b 03       		.uleb128 0x3
  68 002c 08       		.byte	0x8
  69 002d 05       		.byte	0x5
  70 002e 47010000 		.4byte	.LASF1
  71 0032 03       		.uleb128 0x3
  72 0033 08       		.byte	0x8
  73 0034 04       		.byte	0x4
  74 0035 58080000 		.4byte	.LASF2
  75 0039 03       		.uleb128 0x3
  76 003a 01       		.byte	0x1
  77 003b 06       		.byte	0x6
  78 003c 55010000 		.4byte	.LASF3
  79 0040 04       		.uleb128 0x4
  80 0041 7E000000 		.4byte	.LASF5
  81 0045 01       		.byte	0x1
  82 0046 1D       		.byte	0x1d
  83 0047 4B000000 		.4byte	0x4b
  84 004b 03       		.uleb128 0x3
  85 004c 01       		.byte	0x1
  86 004d 08       		.byte	0x8
  87 004e EC070000 		.4byte	.LASF4
  88 0052 04       		.uleb128 0x4
  89 0053 0A030000 		.4byte	.LASF6
  90 0057 01       		.byte	0x1
  91 0058 29       		.byte	0x29
  92 0059 5D000000 		.4byte	0x5d
  93 005d 03       		.uleb128 0x3
  94 005e 02       		.byte	0x2
  95 005f 05       		.byte	0x5
  96 0060 0E080000 		.4byte	.LASF7
  97 0064 04       		.uleb128 0x4
  98 0065 83080000 		.4byte	.LASF8
  99 0069 01       		.byte	0x1
 100 006a 2B       		.byte	0x2b
 101 006b 6F000000 		.4byte	0x6f
 102 006f 03       		.uleb128 0x3
 103 0070 02       		.byte	0x2
 104 0071 07       		.byte	0x7
 105 0072 F5080000 		.4byte	.LASF9
 106 0076 04       		.uleb128 0x4
 107 0077 BA080000 		.4byte	.LASF10
 108 007b 01       		.byte	0x1
 109 007c 3F       		.byte	0x3f
 110 007d 81000000 		.4byte	0x81
 111 0081 03       		.uleb128 0x3
 112 0082 04       		.byte	0x4
 113 0083 05       		.byte	0x5
 114 0084 C9010000 		.4byte	.LASF11
ARM GAS  C:\Users\subra\AppData\Local\Temp\ccuaRndb.s 			page 3


 115 0088 04       		.uleb128 0x4
 116 0089 EF020000 		.4byte	.LASF12
 117 008d 01       		.byte	0x1
 118 008e 41       		.byte	0x41
 119 008f 93000000 		.4byte	0x93
 120 0093 03       		.uleb128 0x3
 121 0094 04       		.byte	0x4
 122 0095 07       		.byte	0x7
 123 0096 E2030000 		.4byte	.LASF13
 124 009a 03       		.uleb128 0x3
 125 009b 08       		.byte	0x8
 126 009c 07       		.byte	0x7
 127 009d CF000000 		.4byte	.LASF14
 128 00a1 03       		.uleb128 0x3
 129 00a2 04       		.byte	0x4
 130 00a3 07       		.byte	0x7
 131 00a4 12050000 		.4byte	.LASF15
 132 00a8 05       		.uleb128 0x5
 133 00a9 04       		.byte	0x4
 134 00aa 03       		.uleb128 0x3
 135 00ab 01       		.byte	0x1
 136 00ac 08       		.byte	0x8
 137 00ad 64080000 		.4byte	.LASF16
 138 00b1 04       		.uleb128 0x4
 139 00b2 C7090000 		.4byte	.LASF17
 140 00b6 02       		.byte	0x2
 141 00b7 18       		.byte	0x18
 142 00b8 40000000 		.4byte	0x40
 143 00bc 04       		.uleb128 0x4
 144 00bd 3F010000 		.4byte	.LASF18
 145 00c1 02       		.byte	0x2
 146 00c2 20       		.byte	0x20
 147 00c3 52000000 		.4byte	0x52
 148 00c7 04       		.uleb128 0x4
 149 00c8 C7030000 		.4byte	.LASF19
 150 00cc 02       		.byte	0x2
 151 00cd 24       		.byte	0x24
 152 00ce 64000000 		.4byte	0x64
 153 00d2 04       		.uleb128 0x4
 154 00d3 E4070000 		.4byte	.LASF20
 155 00d7 02       		.byte	0x2
 156 00d8 2C       		.byte	0x2c
 157 00d9 76000000 		.4byte	0x76
 158 00dd 04       		.uleb128 0x4
 159 00de 4A080000 		.4byte	.LASF21
 160 00e2 02       		.byte	0x2
 161 00e3 30       		.byte	0x30
 162 00e4 88000000 		.4byte	0x88
 163 00e8 06       		.uleb128 0x6
 164 00e9 B8       		.byte	0xb8
 165 00ea 03       		.byte	0x3
 166 00eb 34       		.byte	0x34
 167 00ec F9040000 		.4byte	0x4f9
 168 00f0 07       		.uleb128 0x7
 169 00f1 B6000000 		.4byte	.LASF22
 170 00f5 03       		.byte	0x3
 171 00f6 37       		.byte	0x37
ARM GAS  C:\Users\subra\AppData\Local\Temp\ccuaRndb.s 			page 4


 172 00f7 DD000000 		.4byte	0xdd
 173 00fb 00       		.byte	0
 174 00fc 07       		.uleb128 0x7
 175 00fd E4020000 		.4byte	.LASF23
 176 0101 03       		.byte	0x3
 177 0102 38       		.byte	0x38
 178 0103 DD000000 		.4byte	0xdd
 179 0107 04       		.byte	0x4
 180 0108 07       		.uleb128 0x7
 181 0109 1F020000 		.4byte	.LASF24
 182 010d 03       		.byte	0x3
 183 010e 39       		.byte	0x39
 184 010f DD000000 		.4byte	0xdd
 185 0113 08       		.byte	0x8
 186 0114 07       		.uleb128 0x7
 187 0115 9F070000 		.4byte	.LASF25
 188 0119 03       		.byte	0x3
 189 011a 3A       		.byte	0x3a
 190 011b DD000000 		.4byte	0xdd
 191 011f 0C       		.byte	0xc
 192 0120 07       		.uleb128 0x7
 193 0121 76010000 		.4byte	.LASF26
 194 0125 03       		.byte	0x3
 195 0126 3B       		.byte	0x3b
 196 0127 DD000000 		.4byte	0xdd
 197 012b 10       		.byte	0x10
 198 012c 07       		.uleb128 0x7
 199 012d BF010000 		.4byte	.LASF27
 200 0131 03       		.byte	0x3
 201 0132 3C       		.byte	0x3c
 202 0133 DD000000 		.4byte	0xdd
 203 0137 14       		.byte	0x14
 204 0138 07       		.uleb128 0x7
 205 0139 FF030000 		.4byte	.LASF28
 206 013d 03       		.byte	0x3
 207 013e 3D       		.byte	0x3d
 208 013f DD000000 		.4byte	0xdd
 209 0143 18       		.byte	0x18
 210 0144 07       		.uleb128 0x7
 211 0145 67000000 		.4byte	.LASF29
 212 0149 03       		.byte	0x3
 213 014a 3E       		.byte	0x3e
 214 014b DD000000 		.4byte	0xdd
 215 014f 1C       		.byte	0x1c
 216 0150 07       		.uleb128 0x7
 217 0151 3D0A0000 		.4byte	.LASF30
 218 0155 03       		.byte	0x3
 219 0156 3F       		.byte	0x3f
 220 0157 DD000000 		.4byte	0xdd
 221 015b 20       		.byte	0x20
 222 015c 07       		.uleb128 0x7
 223 015d 0B060000 		.4byte	.LASF31
 224 0161 03       		.byte	0x3
 225 0162 40       		.byte	0x40
 226 0163 DD000000 		.4byte	0xdd
 227 0167 24       		.byte	0x24
 228 0168 07       		.uleb128 0x7
ARM GAS  C:\Users\subra\AppData\Local\Temp\ccuaRndb.s 			page 5


 229 0169 C7040000 		.4byte	.LASF32
 230 016d 03       		.byte	0x3
 231 016e 43       		.byte	0x43
 232 016f B1000000 		.4byte	0xb1
 233 0173 28       		.byte	0x28
 234 0174 07       		.uleb128 0x7
 235 0175 4D000000 		.4byte	.LASF33
 236 0179 03       		.byte	0x3
 237 017a 44       		.byte	0x44
 238 017b B1000000 		.4byte	0xb1
 239 017f 29       		.byte	0x29
 240 0180 07       		.uleb128 0x7
 241 0181 330A0000 		.4byte	.LASF34
 242 0185 03       		.byte	0x3
 243 0186 45       		.byte	0x45
 244 0187 B1000000 		.4byte	0xb1
 245 018b 2A       		.byte	0x2a
 246 018c 07       		.uleb128 0x7
 247 018d FD050000 		.4byte	.LASF35
 248 0191 03       		.byte	0x3
 249 0192 46       		.byte	0x46
 250 0193 B1000000 		.4byte	0xb1
 251 0197 2B       		.byte	0x2b
 252 0198 07       		.uleb128 0x7
 253 0199 57040000 		.4byte	.LASF36
 254 019d 03       		.byte	0x3
 255 019e 47       		.byte	0x47
 256 019f B1000000 		.4byte	0xb1
 257 01a3 2C       		.byte	0x2c
 258 01a4 07       		.uleb128 0x7
 259 01a5 D4080000 		.4byte	.LASF37
 260 01a9 03       		.byte	0x3
 261 01aa 48       		.byte	0x48
 262 01ab B1000000 		.4byte	0xb1
 263 01af 2D       		.byte	0x2d
 264 01b0 07       		.uleb128 0x7
 265 01b1 7F010000 		.4byte	.LASF38
 266 01b5 03       		.byte	0x3
 267 01b6 49       		.byte	0x49
 268 01b7 B1000000 		.4byte	0xb1
 269 01bb 2E       		.byte	0x2e
 270 01bc 07       		.uleb128 0x7
 271 01bd F1040000 		.4byte	.LASF39
 272 01c1 03       		.byte	0x3
 273 01c2 4A       		.byte	0x4a
 274 01c3 B1000000 		.4byte	0xb1
 275 01c7 2F       		.byte	0x2f
 276 01c8 07       		.uleb128 0x7
 277 01c9 69080000 		.4byte	.LASF40
 278 01cd 03       		.byte	0x3
 279 01ce 4B       		.byte	0x4b
 280 01cf B1000000 		.4byte	0xb1
 281 01d3 30       		.byte	0x30
 282 01d4 07       		.uleb128 0x7
 283 01d5 F4030000 		.4byte	.LASF41
 284 01d9 03       		.byte	0x3
 285 01da 4E       		.byte	0x4e
ARM GAS  C:\Users\subra\AppData\Local\Temp\ccuaRndb.s 			page 6


 286 01db B1000000 		.4byte	0xb1
 287 01df 31       		.byte	0x31
 288 01e0 07       		.uleb128 0x7
 289 01e1 70000000 		.4byte	.LASF42
 290 01e5 03       		.byte	0x3
 291 01e6 4F       		.byte	0x4f
 292 01e7 B1000000 		.4byte	0xb1
 293 01eb 32       		.byte	0x32
 294 01ec 07       		.uleb128 0x7
 295 01ed 67030000 		.4byte	.LASF43
 296 01f1 03       		.byte	0x3
 297 01f2 50       		.byte	0x50
 298 01f3 B1000000 		.4byte	0xb1
 299 01f7 33       		.byte	0x33
 300 01f8 07       		.uleb128 0x7
 301 01f9 63050000 		.4byte	.LASF44
 302 01fd 03       		.byte	0x3
 303 01fe 51       		.byte	0x51
 304 01ff B1000000 		.4byte	0xb1
 305 0203 34       		.byte	0x34
 306 0204 07       		.uleb128 0x7
 307 0205 1F090000 		.4byte	.LASF45
 308 0209 03       		.byte	0x3
 309 020a 52       		.byte	0x52
 310 020b BC000000 		.4byte	0xbc
 311 020f 36       		.byte	0x36
 312 0210 07       		.uleb128 0x7
 313 0211 51020000 		.4byte	.LASF46
 314 0215 03       		.byte	0x3
 315 0216 53       		.byte	0x53
 316 0217 BC000000 		.4byte	0xbc
 317 021b 38       		.byte	0x38
 318 021c 07       		.uleb128 0x7
 319 021d 7C090000 		.4byte	.LASF47
 320 0221 03       		.byte	0x3
 321 0222 54       		.byte	0x54
 322 0223 BC000000 		.4byte	0xbc
 323 0227 3A       		.byte	0x3a
 324 0228 07       		.uleb128 0x7
 325 0229 240A0000 		.4byte	.LASF48
 326 022d 03       		.byte	0x3
 327 022e 55       		.byte	0x55
 328 022f B1000000 		.4byte	0xb1
 329 0233 3C       		.byte	0x3c
 330 0234 07       		.uleb128 0x7
 331 0235 78020000 		.4byte	.LASF49
 332 0239 03       		.byte	0x3
 333 023a 56       		.byte	0x56
 334 023b B1000000 		.4byte	0xb1
 335 023f 3D       		.byte	0x3d
 336 0240 07       		.uleb128 0x7
 337 0241 2C080000 		.4byte	.LASF50
 338 0245 03       		.byte	0x3
 339 0246 57       		.byte	0x57
 340 0247 B1000000 		.4byte	0xb1
 341 024b 3E       		.byte	0x3e
 342 024c 07       		.uleb128 0x7
ARM GAS  C:\Users\subra\AppData\Local\Temp\ccuaRndb.s 			page 7


 343 024d 5B000000 		.4byte	.LASF51
 344 0251 03       		.byte	0x3
 345 0252 58       		.byte	0x58
 346 0253 B1000000 		.4byte	0xb1
 347 0257 3F       		.byte	0x3f
 348 0258 07       		.uleb128 0x7
 349 0259 16060000 		.4byte	.LASF52
 350 025d 03       		.byte	0x3
 351 025e 59       		.byte	0x59
 352 025f B1000000 		.4byte	0xb1
 353 0263 40       		.byte	0x40
 354 0264 07       		.uleb128 0x7
 355 0265 FA020000 		.4byte	.LASF53
 356 0269 03       		.byte	0x3
 357 026a 5A       		.byte	0x5a
 358 026b B1000000 		.4byte	0xb1
 359 026f 41       		.byte	0x41
 360 0270 07       		.uleb128 0x7
 361 0271 73040000 		.4byte	.LASF54
 362 0275 03       		.byte	0x3
 363 0276 5B       		.byte	0x5b
 364 0277 B1000000 		.4byte	0xb1
 365 027b 42       		.byte	0x42
 366 027c 07       		.uleb128 0x7
 367 027d C9050000 		.4byte	.LASF55
 368 0281 03       		.byte	0x3
 369 0282 5C       		.byte	0x5c
 370 0283 B1000000 		.4byte	0xb1
 371 0287 43       		.byte	0x43
 372 0288 07       		.uleb128 0x7
 373 0289 40020000 		.4byte	.LASF56
 374 028d 03       		.byte	0x3
 375 028e 5D       		.byte	0x5d
 376 028f B1000000 		.4byte	0xb1
 377 0293 44       		.byte	0x44
 378 0294 07       		.uleb128 0x7
 379 0295 00000000 		.4byte	.LASF57
 380 0299 03       		.byte	0x3
 381 029a 5E       		.byte	0x5e
 382 029b DD000000 		.4byte	0xdd
 383 029f 48       		.byte	0x48
 384 02a0 07       		.uleb128 0x7
 385 02a1 FB010000 		.4byte	.LASF58
 386 02a5 03       		.byte	0x3
 387 02a6 5F       		.byte	0x5f
 388 02a7 DD000000 		.4byte	0xdd
 389 02ab 4C       		.byte	0x4c
 390 02ac 07       		.uleb128 0x7
 391 02ad 9E0A0000 		.4byte	.LASF59
 392 02b1 03       		.byte	0x3
 393 02b2 60       		.byte	0x60
 394 02b3 B1000000 		.4byte	0xb1
 395 02b7 50       		.byte	0x50
 396 02b8 07       		.uleb128 0x7
 397 02b9 19010000 		.4byte	.LASF60
 398 02bd 03       		.byte	0x3
 399 02be 61       		.byte	0x61
ARM GAS  C:\Users\subra\AppData\Local\Temp\ccuaRndb.s 			page 8


 400 02bf B1000000 		.4byte	0xb1
 401 02c3 51       		.byte	0x51
 402 02c4 07       		.uleb128 0x7
 403 02c5 D6060000 		.4byte	.LASF61
 404 02c9 03       		.byte	0x3
 405 02ca 62       		.byte	0x62
 406 02cb B1000000 		.4byte	0xb1
 407 02cf 52       		.byte	0x52
 408 02d0 07       		.uleb128 0x7
 409 02d1 5B0A0000 		.4byte	.LASF62
 410 02d5 03       		.byte	0x3
 411 02d6 63       		.byte	0x63
 412 02d7 B1000000 		.4byte	0xb1
 413 02db 53       		.byte	0x53
 414 02dc 07       		.uleb128 0x7
 415 02dd 3A080000 		.4byte	.LASF63
 416 02e1 03       		.byte	0x3
 417 02e2 64       		.byte	0x64
 418 02e3 B1000000 		.4byte	0xb1
 419 02e7 54       		.byte	0x54
 420 02e8 07       		.uleb128 0x7
 421 02e9 2B010000 		.4byte	.LASF64
 422 02ed 03       		.byte	0x3
 423 02ee 65       		.byte	0x65
 424 02ef B1000000 		.4byte	0xb1
 425 02f3 55       		.byte	0x55
 426 02f4 07       		.uleb128 0x7
 427 02f5 E1080000 		.4byte	.LASF65
 428 02f9 03       		.byte	0x3
 429 02fa 66       		.byte	0x66
 430 02fb B1000000 		.4byte	0xb1
 431 02ff 56       		.byte	0x56
 432 0300 07       		.uleb128 0x7
 433 0301 08040000 		.4byte	.LASF66
 434 0305 03       		.byte	0x3
 435 0306 67       		.byte	0x67
 436 0307 B1000000 		.4byte	0xb1
 437 030b 57       		.byte	0x57
 438 030c 07       		.uleb128 0x7
 439 030d 12000000 		.4byte	.LASF67
 440 0311 03       		.byte	0x3
 441 0312 68       		.byte	0x68
 442 0313 B1000000 		.4byte	0xb1
 443 0317 58       		.byte	0x58
 444 0318 07       		.uleb128 0x7
 445 0319 FA070000 		.4byte	.LASF68
 446 031d 03       		.byte	0x3
 447 031e 69       		.byte	0x69
 448 031f B1000000 		.4byte	0xb1
 449 0323 59       		.byte	0x59
 450 0324 07       		.uleb128 0x7
 451 0325 43050000 		.4byte	.LASF69
 452 0329 03       		.byte	0x3
 453 032a 6E       		.byte	0x6e
 454 032b C7000000 		.4byte	0xc7
 455 032f 5A       		.byte	0x5a
 456 0330 07       		.uleb128 0x7
ARM GAS  C:\Users\subra\AppData\Local\Temp\ccuaRndb.s 			page 9


 457 0331 08090000 		.4byte	.LASF70
 458 0335 03       		.byte	0x3
 459 0336 6F       		.byte	0x6f
 460 0337 C7000000 		.4byte	0xc7
 461 033b 5C       		.byte	0x5c
 462 033c 07       		.uleb128 0x7
 463 033d C0000000 		.4byte	.LASF71
 464 0341 03       		.byte	0x3
 465 0342 70       		.byte	0x70
 466 0343 B1000000 		.4byte	0xb1
 467 0347 5E       		.byte	0x5e
 468 0348 07       		.uleb128 0x7
 469 0349 89070000 		.4byte	.LASF72
 470 034d 03       		.byte	0x3
 471 034e 71       		.byte	0x71
 472 034f B1000000 		.4byte	0xb1
 473 0353 5F       		.byte	0x5f
 474 0354 07       		.uleb128 0x7
 475 0355 B8050000 		.4byte	.LASF73
 476 0359 03       		.byte	0x3
 477 035a 72       		.byte	0x72
 478 035b B1000000 		.4byte	0xb1
 479 035f 60       		.byte	0x60
 480 0360 07       		.uleb128 0x7
 481 0361 10070000 		.4byte	.LASF74
 482 0365 03       		.byte	0x3
 483 0366 73       		.byte	0x73
 484 0367 DD000000 		.4byte	0xdd
 485 036b 64       		.byte	0x64
 486 036c 07       		.uleb128 0x7
 487 036d E6000000 		.4byte	.LASF75
 488 0371 03       		.byte	0x3
 489 0372 76       		.byte	0x76
 490 0373 C7000000 		.4byte	0xc7
 491 0377 68       		.byte	0x68
 492 0378 07       		.uleb128 0x7
 493 0379 D0030000 		.4byte	.LASF76
 494 037d 03       		.byte	0x3
 495 037e 77       		.byte	0x77
 496 037f C7000000 		.4byte	0xc7
 497 0383 6A       		.byte	0x6a
 498 0384 07       		.uleb128 0x7
 499 0385 1C040000 		.4byte	.LASF77
 500 0389 03       		.byte	0x3
 501 038a 78       		.byte	0x78
 502 038b C7000000 		.4byte	0xc7
 503 038f 6C       		.byte	0x6c
 504 0390 07       		.uleb128 0x7
 505 0391 4A040000 		.4byte	.LASF78
 506 0395 03       		.byte	0x3
 507 0396 79       		.byte	0x79
 508 0397 C7000000 		.4byte	0xc7
 509 039b 6E       		.byte	0x6e
 510 039c 07       		.uleb128 0x7
 511 039d 18080000 		.4byte	.LASF79
 512 03a1 03       		.byte	0x3
 513 03a2 7B       		.byte	0x7b
ARM GAS  C:\Users\subra\AppData\Local\Temp\ccuaRndb.s 			page 10


 514 03a3 B1000000 		.4byte	0xb1
 515 03a7 70       		.byte	0x70
 516 03a8 07       		.uleb128 0x7
 517 03a9 61010000 		.4byte	.LASF80
 518 03ad 03       		.byte	0x3
 519 03ae 7C       		.byte	0x7c
 520 03af B1000000 		.4byte	0xb1
 521 03b3 71       		.byte	0x71
 522 03b4 07       		.uleb128 0x7
 523 03b5 450A0000 		.4byte	.LASF81
 524 03b9 03       		.byte	0x3
 525 03ba 7D       		.byte	0x7d
 526 03bb B1000000 		.4byte	0xb1
 527 03bf 72       		.byte	0x72
 528 03c0 07       		.uleb128 0x7
 529 03c1 93050000 		.4byte	.LASF82
 530 03c5 03       		.byte	0x3
 531 03c6 7E       		.byte	0x7e
 532 03c7 B1000000 		.4byte	0xb1
 533 03cb 73       		.byte	0x73
 534 03cc 07       		.uleb128 0x7
 535 03cd 94020000 		.4byte	.LASF83
 536 03d1 03       		.byte	0x3
 537 03d2 80       		.byte	0x80
 538 03d3 C7000000 		.4byte	0xc7
 539 03d7 74       		.byte	0x74
 540 03d8 07       		.uleb128 0x7
 541 03d9 A7080000 		.4byte	.LASF84
 542 03dd 03       		.byte	0x3
 543 03de 81       		.byte	0x81
 544 03df C7000000 		.4byte	0xc7
 545 03e3 76       		.byte	0x76
 546 03e4 07       		.uleb128 0x7
 547 03e5 63020000 		.4byte	.LASF85
 548 03e9 03       		.byte	0x3
 549 03ea 82       		.byte	0x82
 550 03eb C7000000 		.4byte	0xc7
 551 03ef 78       		.byte	0x78
 552 03f0 07       		.uleb128 0x7
 553 03f1 88000000 		.4byte	.LASF86
 554 03f5 03       		.byte	0x3
 555 03f6 83       		.byte	0x83
 556 03f7 C7000000 		.4byte	0xc7
 557 03fb 7A       		.byte	0x7a
 558 03fc 07       		.uleb128 0x7
 559 03fd E4090000 		.4byte	.LASF87
 560 0401 03       		.byte	0x3
 561 0402 86       		.byte	0x86
 562 0403 B1000000 		.4byte	0xb1
 563 0407 7C       		.byte	0x7c
 564 0408 07       		.uleb128 0x7
 565 0409 2C090000 		.4byte	.LASF88
 566 040d 03       		.byte	0x3
 567 040e 87       		.byte	0x87
 568 040f B1000000 		.4byte	0xb1
 569 0413 7D       		.byte	0x7d
 570 0414 07       		.uleb128 0x7
ARM GAS  C:\Users\subra\AppData\Local\Temp\ccuaRndb.s 			page 11


 571 0415 26000000 		.4byte	.LASF89
 572 0419 03       		.byte	0x3
 573 041a 88       		.byte	0x88
 574 041b B1000000 		.4byte	0xb1
 575 041f 7E       		.byte	0x7e
 576 0420 07       		.uleb128 0x7
 577 0421 D0020000 		.4byte	.LASF90
 578 0425 03       		.byte	0x3
 579 0426 89       		.byte	0x89
 580 0427 B1000000 		.4byte	0xb1
 581 042b 7F       		.byte	0x7f
 582 042c 07       		.uleb128 0x7
 583 042d 53030000 		.4byte	.LASF91
 584 0431 03       		.byte	0x3
 585 0432 8A       		.byte	0x8a
 586 0433 B1000000 		.4byte	0xb1
 587 0437 80       		.byte	0x80
 588 0438 07       		.uleb128 0x7
 589 0439 AA040000 		.4byte	.LASF92
 590 043d 03       		.byte	0x3
 591 043e 8D       		.byte	0x8d
 592 043f DD000000 		.4byte	0xdd
 593 0443 84       		.byte	0x84
 594 0444 07       		.uleb128 0x7
 595 0445 D2010000 		.4byte	.LASF93
 596 0449 03       		.byte	0x3
 597 044a 8E       		.byte	0x8e
 598 044b DD000000 		.4byte	0xdd
 599 044f 88       		.byte	0x88
 600 0450 07       		.uleb128 0x7
 601 0451 CF090000 		.4byte	.LASF94
 602 0455 03       		.byte	0x3
 603 0456 8F       		.byte	0x8f
 604 0457 DD000000 		.4byte	0xdd
 605 045b 8C       		.byte	0x8c
 606 045c 07       		.uleb128 0x7
 607 045d FD040000 		.4byte	.LASF95
 608 0461 03       		.byte	0x3
 609 0462 90       		.byte	0x90
 610 0463 DD000000 		.4byte	0xdd
 611 0467 90       		.byte	0x90
 612 0468 07       		.uleb128 0x7
 613 0469 14030000 		.4byte	.LASF96
 614 046d 03       		.byte	0x3
 615 046e 91       		.byte	0x91
 616 046f DD000000 		.4byte	0xdd
 617 0473 94       		.byte	0x94
 618 0474 07       		.uleb128 0x7
 619 0475 94040000 		.4byte	.LASF97
 620 0479 03       		.byte	0x3
 621 047a 92       		.byte	0x92
 622 047b DD000000 		.4byte	0xdd
 623 047f 98       		.byte	0x98
 624 0480 07       		.uleb128 0x7
 625 0481 050A0000 		.4byte	.LASF98
 626 0485 03       		.byte	0x3
 627 0486 93       		.byte	0x93
ARM GAS  C:\Users\subra\AppData\Local\Temp\ccuaRndb.s 			page 12


 628 0487 DD000000 		.4byte	0xdd
 629 048b 9C       		.byte	0x9c
 630 048c 07       		.uleb128 0x7
 631 048d F6000000 		.4byte	.LASF99
 632 0491 03       		.byte	0x3
 633 0492 94       		.byte	0x94
 634 0493 DD000000 		.4byte	0xdd
 635 0497 A0       		.byte	0xa0
 636 0498 07       		.uleb128 0x7
 637 0499 8A010000 		.4byte	.LASF100
 638 049d 03       		.byte	0x3
 639 049e 95       		.byte	0x95
 640 049f C7000000 		.4byte	0xc7
 641 04a3 A4       		.byte	0xa4
 642 04a4 07       		.uleb128 0x7
 643 04a5 7F040000 		.4byte	.LASF101
 644 04a9 03       		.byte	0x3
 645 04aa 96       		.byte	0x96
 646 04ab C7000000 		.4byte	0xc7
 647 04af A6       		.byte	0xa6
 648 04b0 07       		.uleb128 0x7
 649 04b1 2B070000 		.4byte	.LASF102
 650 04b5 03       		.byte	0x3
 651 04b6 97       		.byte	0x97
 652 04b7 C7000000 		.4byte	0xc7
 653 04bb A8       		.byte	0xa8
 654 04bc 07       		.uleb128 0x7
 655 04bd 75080000 		.4byte	.LASF103
 656 04c1 03       		.byte	0x3
 657 04c2 98       		.byte	0x98
 658 04c3 C7000000 		.4byte	0xc7
 659 04c7 AA       		.byte	0xaa
 660 04c8 07       		.uleb128 0x7
 661 04c9 2B040000 		.4byte	.LASF104
 662 04cd 03       		.byte	0x3
 663 04ce 99       		.byte	0x99
 664 04cf C7000000 		.4byte	0xc7
 665 04d3 AC       		.byte	0xac
 666 04d4 07       		.uleb128 0x7
 667 04d5 AA050000 		.4byte	.LASF105
 668 04d9 03       		.byte	0x3
 669 04da 9A       		.byte	0x9a
 670 04db C7000000 		.4byte	0xc7
 671 04df AE       		.byte	0xae
 672 04e0 07       		.uleb128 0x7
 673 04e1 11090000 		.4byte	.LASF106
 674 04e5 03       		.byte	0x3
 675 04e6 9D       		.byte	0x9d
 676 04e7 C7000000 		.4byte	0xc7
 677 04eb B0       		.byte	0xb0
 678 04ec 07       		.uleb128 0x7
 679 04ed 39000000 		.4byte	.LASF107
 680 04f1 03       		.byte	0x3
 681 04f2 9E       		.byte	0x9e
 682 04f3 DD000000 		.4byte	0xdd
 683 04f7 B4       		.byte	0xb4
 684 04f8 00       		.byte	0
ARM GAS  C:\Users\subra\AppData\Local\Temp\ccuaRndb.s 			page 13


 685 04f9 04       		.uleb128 0x4
 686 04fa 63040000 		.4byte	.LASF108
 687 04fe 03       		.byte	0x3
 688 04ff 9F       		.byte	0x9f
 689 0500 E8000000 		.4byte	0xe8
 690 0504 03       		.uleb128 0x3
 691 0505 04       		.byte	0x4
 692 0506 04       		.byte	0x4
 693 0507 0A070000 		.4byte	.LASF109
 694 050b 03       		.uleb128 0x3
 695 050c 08       		.byte	0x8
 696 050d 04       		.byte	0x4
 697 050e 5C020000 		.4byte	.LASF110
 698 0512 08       		.uleb128 0x8
 699 0513 02       		.byte	0x2
 700 0514 04       		.byte	0x4
 701 0515 6401     		.2byte	0x164
 702 0517 36050000 		.4byte	0x536
 703 051b 09       		.uleb128 0x9
 704 051c 1B0A0000 		.4byte	.LASF111
 705 0520 04       		.byte	0x4
 706 0521 6E01     		.2byte	0x16e
 707 0523 B1000000 		.4byte	0xb1
 708 0527 00       		.byte	0
 709 0528 09       		.uleb128 0x9
 710 0529 C1040000 		.4byte	.LASF112
 711 052d 04       		.byte	0x4
 712 052e 7201     		.2byte	0x172
 713 0530 B1000000 		.4byte	0xb1
 714 0534 01       		.byte	0x1
 715 0535 00       		.byte	0
 716 0536 0A       		.uleb128 0xa
 717 0537 9D000000 		.4byte	.LASF113
 718 053b 04       		.byte	0x4
 719 053c 7401     		.2byte	0x174
 720 053e 12050000 		.4byte	0x512
 721 0542 0A       		.uleb128 0xa
 722 0543 D4040000 		.4byte	.LASF114
 723 0547 05       		.byte	0x5
 724 0548 7F01     		.2byte	0x17f
 725 054a C7000000 		.4byte	0xc7
 726 054e 0B       		.uleb128 0xb
 727 054f 01       		.byte	0x1
 728 0550 4B000000 		.4byte	0x4b
 729 0554 06       		.byte	0x6
 730 0555 7E       		.byte	0x7e
 731 0556 73050000 		.4byte	0x573
 732 055a 0C       		.uleb128 0xc
 733 055b AE090000 		.4byte	.LASF115
 734 055f 00       		.byte	0
 735 0560 0C       		.uleb128 0xc
 736 0561 74050000 		.4byte	.LASF116
 737 0565 01       		.byte	0x1
 738 0566 0C       		.uleb128 0xc
 739 0567 91090000 		.4byte	.LASF117
 740 056b 02       		.byte	0x2
 741 056c 0C       		.uleb128 0xc
ARM GAS  C:\Users\subra\AppData\Local\Temp\ccuaRndb.s 			page 14


 742 056d 9F010000 		.4byte	.LASF118
 743 0571 03       		.byte	0x3
 744 0572 00       		.byte	0
 745 0573 04       		.uleb128 0x4
 746 0574 09020000 		.4byte	.LASF119
 747 0578 06       		.byte	0x6
 748 0579 83       		.byte	0x83
 749 057a 4E050000 		.4byte	0x54e
 750 057e 0B       		.uleb128 0xb
 751 057f 01       		.byte	0x1
 752 0580 4B000000 		.4byte	0x4b
 753 0584 06       		.byte	0x6
 754 0585 87       		.byte	0x87
 755 0586 BB050000 		.4byte	0x5bb
 756 058a 0C       		.uleb128 0xc
 757 058b 4B090000 		.4byte	.LASF120
 758 058f 00       		.byte	0
 759 0590 0C       		.uleb128 0xc
 760 0591 6D0A0000 		.4byte	.LASF121
 761 0595 01       		.byte	0x1
 762 0596 0C       		.uleb128 0xc
 763 0597 80030000 		.4byte	.LASF122
 764 059b 02       		.byte	0x2
 765 059c 0C       		.uleb128 0xc
 766 059d 29030000 		.4byte	.LASF123
 767 05a1 03       		.byte	0x3
 768 05a2 0C       		.uleb128 0xc
 769 05a3 A6020000 		.4byte	.LASF124
 770 05a7 04       		.byte	0x4
 771 05a8 0C       		.uleb128 0xc
 772 05a9 A7070000 		.4byte	.LASF125
 773 05ad 05       		.byte	0x5
 774 05ae 0C       		.uleb128 0xc
 775 05af 9C030000 		.4byte	.LASF126
 776 05b3 06       		.byte	0x6
 777 05b4 0C       		.uleb128 0xc
 778 05b5 E6060000 		.4byte	.LASF127
 779 05b9 07       		.byte	0x7
 780 05ba 00       		.byte	0
 781 05bb 04       		.uleb128 0x4
 782 05bc D4050000 		.4byte	.LASF128
 783 05c0 06       		.byte	0x6
 784 05c1 90       		.byte	0x90
 785 05c2 7E050000 		.4byte	0x57e
 786 05c6 04       		.uleb128 0x4
 787 05c7 E9010000 		.4byte	.LASF129
 788 05cb 07       		.byte	0x7
 789 05cc 40       		.byte	0x40
 790 05cd D1050000 		.4byte	0x5d1
 791 05d1 0D       		.uleb128 0xd
 792 05d2 04       		.byte	0x4
 793 05d3 D7050000 		.4byte	0x5d7
 794 05d7 0E       		.uleb128 0xe
 795 05d8 E7050000 		.4byte	0x5e7
 796 05dc 0F       		.uleb128 0xf
 797 05dd DD000000 		.4byte	0xdd
 798 05e1 0F       		.uleb128 0xf
ARM GAS  C:\Users\subra\AppData\Local\Temp\ccuaRndb.s 			page 15


 799 05e2 A8000000 		.4byte	0xa8
 800 05e6 00       		.byte	0
 801 05e7 03       		.uleb128 0x3
 802 05e8 01       		.byte	0x1
 803 05e9 02       		.byte	0x2
 804 05ea DE070000 		.4byte	.LASF130
 805 05ee 06       		.uleb128 0x6
 806 05ef 04       		.byte	0x4
 807 05f0 08       		.byte	0x8
 808 05f1 30       		.byte	0x30
 809 05f2 0F060000 		.4byte	0x60f
 810 05f6 07       		.uleb128 0x7
 811 05f7 3D090000 		.4byte	.LASF131
 812 05fb 08       		.byte	0x8
 813 05fc 32       		.byte	0x32
 814 05fd 42050000 		.4byte	0x542
 815 0601 00       		.byte	0
 816 0602 07       		.uleb128 0x7
 817 0603 4E050000 		.4byte	.LASF132
 818 0607 08       		.byte	0x8
 819 0608 33       		.byte	0x33
 820 0609 42050000 		.4byte	0x542
 821 060d 02       		.byte	0x2
 822 060e 00       		.byte	0
 823 060f 04       		.uleb128 0x4
 824 0610 EB050000 		.4byte	.LASF133
 825 0614 08       		.byte	0x8
 826 0615 34       		.byte	0x34
 827 0616 EE050000 		.4byte	0x5ee
 828 061a 06       		.uleb128 0x6
 829 061b 08       		.byte	0x8
 830 061c 08       		.byte	0x8
 831 061d 46       		.byte	0x46
 832 061e 3B060000 		.4byte	0x63b
 833 0622 07       		.uleb128 0x7
 834 0623 53080000 		.4byte	.LASF134
 835 0627 08       		.byte	0x8
 836 0628 49       		.byte	0x49
 837 0629 3B060000 		.4byte	0x63b
 838 062d 00       		.byte	0
 839 062e 07       		.uleb128 0x7
 840 062f D1070000 		.4byte	.LASF135
 841 0633 08       		.byte	0x8
 842 0634 4C       		.byte	0x4c
 843 0635 C6050000 		.4byte	0x5c6
 844 0639 04       		.byte	0x4
 845 063a 00       		.byte	0
 846 063b 0D       		.uleb128 0xd
 847 063c 04       		.byte	0x4
 848 063d 41060000 		.4byte	0x641
 849 0641 10       		.uleb128 0x10
 850 0642 0F060000 		.4byte	0x60f
 851 0646 04       		.uleb128 0x4
 852 0647 28020000 		.4byte	.LASF136
 853 064b 08       		.byte	0x8
 854 064c 4D       		.byte	0x4d
 855 064d 1A060000 		.4byte	0x61a
ARM GAS  C:\Users\subra\AppData\Local\Temp\ccuaRndb.s 			page 16


 856 0651 11       		.uleb128 0x11
 857 0652 F9090000 		.4byte	.LASF147
 858 0656 0A       		.byte	0xa
 859 0657 14       		.byte	0x14
 860 0658 41060000 		.4byte	0x641
 861 065c 05       		.uleb128 0x5
 862 065d 03       		.byte	0x3
 863 065e 00000000 		.4byte	cy_ble_iass
 864 0662 12       		.uleb128 0x12
 865 0663 21070000 		.4byte	.LASF137
 866 0667 03       		.byte	0x3
 867 0668 A7       		.byte	0xa7
 868 0669 6D060000 		.4byte	0x66d
 869 066d 0D       		.uleb128 0xd
 870 066e 04       		.byte	0x4
 871 066f 73060000 		.4byte	0x673
 872 0673 10       		.uleb128 0x10
 873 0674 F9040000 		.4byte	0x4f9
 874 0678 13       		.uleb128 0x13
 875 0679 0C010000 		.4byte	.LASF138
 876 067d 09       		.byte	0x9
 877 067e F907     		.2byte	0x7f9
 878 0680 84060000 		.4byte	0x684
 879 0684 14       		.uleb128 0x14
 880 0685 D2000000 		.4byte	0xd2
 881 0689 13       		.uleb128 0x13
 882 068a C4080000 		.4byte	.LASF139
 883 068e 06       		.byte	0x6
 884 068f 2202     		.2byte	0x222
 885 0691 73050000 		.4byte	0x573
 886 0695 15       		.uleb128 0x15
 887 0696 36050000 		.4byte	0x536
 888 069a A5060000 		.4byte	0x6a5
 889 069e 16       		.uleb128 0x16
 890 069f A1000000 		.4byte	0xa1
 891 06a3 00       		.byte	0
 892 06a4 00       		.byte	0
 893 06a5 13       		.uleb128 0x13
 894 06a6 6A090000 		.4byte	.LASF140
 895 06aa 06       		.byte	0x6
 896 06ab 2C02     		.2byte	0x22c
 897 06ad 95060000 		.4byte	0x695
 898 06b1 15       		.uleb128 0x15
 899 06b2 BB050000 		.4byte	0x5bb
 900 06b6 C1060000 		.4byte	0x6c1
 901 06ba 16       		.uleb128 0x16
 902 06bb A1000000 		.4byte	0xa1
 903 06bf 00       		.byte	0
 904 06c0 00       		.byte	0
 905 06c1 13       		.uleb128 0x13
 906 06c2 39040000 		.4byte	.LASF141
 907 06c6 06       		.byte	0x6
 908 06c7 2D02     		.2byte	0x22d
 909 06c9 B1060000 		.4byte	0x6b1
 910 06cd 13       		.uleb128 0x13
 911 06ce 8E080000 		.4byte	.LASF142
 912 06d2 06       		.byte	0x6
ARM GAS  C:\Users\subra\AppData\Local\Temp\ccuaRndb.s 			page 17


 913 06d3 5202     		.2byte	0x252
 914 06d5 B1000000 		.4byte	0xb1
 915 06d9 17       		.uleb128 0x17
 916 06da 83020000 		.4byte	.LASF143
 917 06de 0A       		.byte	0xa
 918 06df 21       		.byte	0x21
 919 06e0 46060000 		.4byte	0x646
 920 06e4 05       		.uleb128 0x5
 921 06e5 03       		.byte	0x3
 922 06e6 00000000 		.4byte	cy_ble_iasConfig
 923 06ea 00       		.byte	0
 924              		.section	.debug_abbrev,"",%progbits
 925              	.Ldebug_abbrev0:
 926 0000 01       		.uleb128 0x1
 927 0001 11       		.uleb128 0x11
 928 0002 01       		.byte	0x1
 929 0003 25       		.uleb128 0x25
 930 0004 0E       		.uleb128 0xe
 931 0005 13       		.uleb128 0x13
 932 0006 0B       		.uleb128 0xb
 933 0007 03       		.uleb128 0x3
 934 0008 0E       		.uleb128 0xe
 935 0009 1B       		.uleb128 0x1b
 936 000a 0E       		.uleb128 0xe
 937 000b 10       		.uleb128 0x10
 938 000c 17       		.uleb128 0x17
 939 000d 00       		.byte	0
 940 000e 00       		.byte	0
 941 000f 02       		.uleb128 0x2
 942 0010 24       		.uleb128 0x24
 943 0011 00       		.byte	0
 944 0012 0B       		.uleb128 0xb
 945 0013 0B       		.uleb128 0xb
 946 0014 3E       		.uleb128 0x3e
 947 0015 0B       		.uleb128 0xb
 948 0016 03       		.uleb128 0x3
 949 0017 08       		.uleb128 0x8
 950 0018 00       		.byte	0
 951 0019 00       		.byte	0
 952 001a 03       		.uleb128 0x3
 953 001b 24       		.uleb128 0x24
 954 001c 00       		.byte	0
 955 001d 0B       		.uleb128 0xb
 956 001e 0B       		.uleb128 0xb
 957 001f 3E       		.uleb128 0x3e
 958 0020 0B       		.uleb128 0xb
 959 0021 03       		.uleb128 0x3
 960 0022 0E       		.uleb128 0xe
 961 0023 00       		.byte	0
 962 0024 00       		.byte	0
 963 0025 04       		.uleb128 0x4
 964 0026 16       		.uleb128 0x16
 965 0027 00       		.byte	0
 966 0028 03       		.uleb128 0x3
 967 0029 0E       		.uleb128 0xe
 968 002a 3A       		.uleb128 0x3a
 969 002b 0B       		.uleb128 0xb
ARM GAS  C:\Users\subra\AppData\Local\Temp\ccuaRndb.s 			page 18


 970 002c 3B       		.uleb128 0x3b
 971 002d 0B       		.uleb128 0xb
 972 002e 49       		.uleb128 0x49
 973 002f 13       		.uleb128 0x13
 974 0030 00       		.byte	0
 975 0031 00       		.byte	0
 976 0032 05       		.uleb128 0x5
 977 0033 0F       		.uleb128 0xf
 978 0034 00       		.byte	0
 979 0035 0B       		.uleb128 0xb
 980 0036 0B       		.uleb128 0xb
 981 0037 00       		.byte	0
 982 0038 00       		.byte	0
 983 0039 06       		.uleb128 0x6
 984 003a 13       		.uleb128 0x13
 985 003b 01       		.byte	0x1
 986 003c 0B       		.uleb128 0xb
 987 003d 0B       		.uleb128 0xb
 988 003e 3A       		.uleb128 0x3a
 989 003f 0B       		.uleb128 0xb
 990 0040 3B       		.uleb128 0x3b
 991 0041 0B       		.uleb128 0xb
 992 0042 01       		.uleb128 0x1
 993 0043 13       		.uleb128 0x13
 994 0044 00       		.byte	0
 995 0045 00       		.byte	0
 996 0046 07       		.uleb128 0x7
 997 0047 0D       		.uleb128 0xd
 998 0048 00       		.byte	0
 999 0049 03       		.uleb128 0x3
 1000 004a 0E       		.uleb128 0xe
 1001 004b 3A       		.uleb128 0x3a
 1002 004c 0B       		.uleb128 0xb
 1003 004d 3B       		.uleb128 0x3b
 1004 004e 0B       		.uleb128 0xb
 1005 004f 49       		.uleb128 0x49
 1006 0050 13       		.uleb128 0x13
 1007 0051 38       		.uleb128 0x38
 1008 0052 0B       		.uleb128 0xb
 1009 0053 00       		.byte	0
 1010 0054 00       		.byte	0
 1011 0055 08       		.uleb128 0x8
 1012 0056 13       		.uleb128 0x13
 1013 0057 01       		.byte	0x1
 1014 0058 0B       		.uleb128 0xb
 1015 0059 0B       		.uleb128 0xb
 1016 005a 3A       		.uleb128 0x3a
 1017 005b 0B       		.uleb128 0xb
 1018 005c 3B       		.uleb128 0x3b
 1019 005d 05       		.uleb128 0x5
 1020 005e 01       		.uleb128 0x1
 1021 005f 13       		.uleb128 0x13
 1022 0060 00       		.byte	0
 1023 0061 00       		.byte	0
 1024 0062 09       		.uleb128 0x9
 1025 0063 0D       		.uleb128 0xd
 1026 0064 00       		.byte	0
ARM GAS  C:\Users\subra\AppData\Local\Temp\ccuaRndb.s 			page 19


 1027 0065 03       		.uleb128 0x3
 1028 0066 0E       		.uleb128 0xe
 1029 0067 3A       		.uleb128 0x3a
 1030 0068 0B       		.uleb128 0xb
 1031 0069 3B       		.uleb128 0x3b
 1032 006a 05       		.uleb128 0x5
 1033 006b 49       		.uleb128 0x49
 1034 006c 13       		.uleb128 0x13
 1035 006d 38       		.uleb128 0x38
 1036 006e 0B       		.uleb128 0xb
 1037 006f 00       		.byte	0
 1038 0070 00       		.byte	0
 1039 0071 0A       		.uleb128 0xa
 1040 0072 16       		.uleb128 0x16
 1041 0073 00       		.byte	0
 1042 0074 03       		.uleb128 0x3
 1043 0075 0E       		.uleb128 0xe
 1044 0076 3A       		.uleb128 0x3a
 1045 0077 0B       		.uleb128 0xb
 1046 0078 3B       		.uleb128 0x3b
 1047 0079 05       		.uleb128 0x5
 1048 007a 49       		.uleb128 0x49
 1049 007b 13       		.uleb128 0x13
 1050 007c 00       		.byte	0
 1051 007d 00       		.byte	0
 1052 007e 0B       		.uleb128 0xb
 1053 007f 04       		.uleb128 0x4
 1054 0080 01       		.byte	0x1
 1055 0081 0B       		.uleb128 0xb
 1056 0082 0B       		.uleb128 0xb
 1057 0083 49       		.uleb128 0x49
 1058 0084 13       		.uleb128 0x13
 1059 0085 3A       		.uleb128 0x3a
 1060 0086 0B       		.uleb128 0xb
 1061 0087 3B       		.uleb128 0x3b
 1062 0088 0B       		.uleb128 0xb
 1063 0089 01       		.uleb128 0x1
 1064 008a 13       		.uleb128 0x13
 1065 008b 00       		.byte	0
 1066 008c 00       		.byte	0
 1067 008d 0C       		.uleb128 0xc
 1068 008e 28       		.uleb128 0x28
 1069 008f 00       		.byte	0
 1070 0090 03       		.uleb128 0x3
 1071 0091 0E       		.uleb128 0xe
 1072 0092 1C       		.uleb128 0x1c
 1073 0093 0B       		.uleb128 0xb
 1074 0094 00       		.byte	0
 1075 0095 00       		.byte	0
 1076 0096 0D       		.uleb128 0xd
 1077 0097 0F       		.uleb128 0xf
 1078 0098 00       		.byte	0
 1079 0099 0B       		.uleb128 0xb
 1080 009a 0B       		.uleb128 0xb
 1081 009b 49       		.uleb128 0x49
 1082 009c 13       		.uleb128 0x13
 1083 009d 00       		.byte	0
ARM GAS  C:\Users\subra\AppData\Local\Temp\ccuaRndb.s 			page 20


 1084 009e 00       		.byte	0
 1085 009f 0E       		.uleb128 0xe
 1086 00a0 15       		.uleb128 0x15
 1087 00a1 01       		.byte	0x1
 1088 00a2 27       		.uleb128 0x27
 1089 00a3 19       		.uleb128 0x19
 1090 00a4 01       		.uleb128 0x1
 1091 00a5 13       		.uleb128 0x13
 1092 00a6 00       		.byte	0
 1093 00a7 00       		.byte	0
 1094 00a8 0F       		.uleb128 0xf
 1095 00a9 05       		.uleb128 0x5
 1096 00aa 00       		.byte	0
 1097 00ab 49       		.uleb128 0x49
 1098 00ac 13       		.uleb128 0x13
 1099 00ad 00       		.byte	0
 1100 00ae 00       		.byte	0
 1101 00af 10       		.uleb128 0x10
 1102 00b0 26       		.uleb128 0x26
 1103 00b1 00       		.byte	0
 1104 00b2 49       		.uleb128 0x49
 1105 00b3 13       		.uleb128 0x13
 1106 00b4 00       		.byte	0
 1107 00b5 00       		.byte	0
 1108 00b6 11       		.uleb128 0x11
 1109 00b7 34       		.uleb128 0x34
 1110 00b8 00       		.byte	0
 1111 00b9 03       		.uleb128 0x3
 1112 00ba 0E       		.uleb128 0xe
 1113 00bb 3A       		.uleb128 0x3a
 1114 00bc 0B       		.uleb128 0xb
 1115 00bd 3B       		.uleb128 0x3b
 1116 00be 0B       		.uleb128 0xb
 1117 00bf 49       		.uleb128 0x49
 1118 00c0 13       		.uleb128 0x13
 1119 00c1 02       		.uleb128 0x2
 1120 00c2 18       		.uleb128 0x18
 1121 00c3 00       		.byte	0
 1122 00c4 00       		.byte	0
 1123 00c5 12       		.uleb128 0x12
 1124 00c6 34       		.uleb128 0x34
 1125 00c7 00       		.byte	0
 1126 00c8 03       		.uleb128 0x3
 1127 00c9 0E       		.uleb128 0xe
 1128 00ca 3A       		.uleb128 0x3a
 1129 00cb 0B       		.uleb128 0xb
 1130 00cc 3B       		.uleb128 0x3b
 1131 00cd 0B       		.uleb128 0xb
 1132 00ce 49       		.uleb128 0x49
 1133 00cf 13       		.uleb128 0x13
 1134 00d0 3F       		.uleb128 0x3f
 1135 00d1 19       		.uleb128 0x19
 1136 00d2 3C       		.uleb128 0x3c
 1137 00d3 19       		.uleb128 0x19
 1138 00d4 00       		.byte	0
 1139 00d5 00       		.byte	0
 1140 00d6 13       		.uleb128 0x13
ARM GAS  C:\Users\subra\AppData\Local\Temp\ccuaRndb.s 			page 21


 1141 00d7 34       		.uleb128 0x34
 1142 00d8 00       		.byte	0
 1143 00d9 03       		.uleb128 0x3
 1144 00da 0E       		.uleb128 0xe
 1145 00db 3A       		.uleb128 0x3a
 1146 00dc 0B       		.uleb128 0xb
 1147 00dd 3B       		.uleb128 0x3b
 1148 00de 05       		.uleb128 0x5
 1149 00df 49       		.uleb128 0x49
 1150 00e0 13       		.uleb128 0x13
 1151 00e1 3F       		.uleb128 0x3f
 1152 00e2 19       		.uleb128 0x19
 1153 00e3 3C       		.uleb128 0x3c
 1154 00e4 19       		.uleb128 0x19
 1155 00e5 00       		.byte	0
 1156 00e6 00       		.byte	0
 1157 00e7 14       		.uleb128 0x14
 1158 00e8 35       		.uleb128 0x35
 1159 00e9 00       		.byte	0
 1160 00ea 49       		.uleb128 0x49
 1161 00eb 13       		.uleb128 0x13
 1162 00ec 00       		.byte	0
 1163 00ed 00       		.byte	0
 1164 00ee 15       		.uleb128 0x15
 1165 00ef 01       		.uleb128 0x1
 1166 00f0 01       		.byte	0x1
 1167 00f1 49       		.uleb128 0x49
 1168 00f2 13       		.uleb128 0x13
 1169 00f3 01       		.uleb128 0x1
 1170 00f4 13       		.uleb128 0x13
 1171 00f5 00       		.byte	0
 1172 00f6 00       		.byte	0
 1173 00f7 16       		.uleb128 0x16
 1174 00f8 21       		.uleb128 0x21
 1175 00f9 00       		.byte	0
 1176 00fa 49       		.uleb128 0x49
 1177 00fb 13       		.uleb128 0x13
 1178 00fc 2F       		.uleb128 0x2f
 1179 00fd 0B       		.uleb128 0xb
 1180 00fe 00       		.byte	0
 1181 00ff 00       		.byte	0
 1182 0100 17       		.uleb128 0x17
 1183 0101 34       		.uleb128 0x34
 1184 0102 00       		.byte	0
 1185 0103 03       		.uleb128 0x3
 1186 0104 0E       		.uleb128 0xe
 1187 0105 3A       		.uleb128 0x3a
 1188 0106 0B       		.uleb128 0xb
 1189 0107 3B       		.uleb128 0x3b
 1190 0108 0B       		.uleb128 0xb
 1191 0109 49       		.uleb128 0x49
 1192 010a 13       		.uleb128 0x13
 1193 010b 3F       		.uleb128 0x3f
 1194 010c 19       		.uleb128 0x19
 1195 010d 02       		.uleb128 0x2
 1196 010e 18       		.uleb128 0x18
 1197 010f 00       		.byte	0
ARM GAS  C:\Users\subra\AppData\Local\Temp\ccuaRndb.s 			page 22


 1198 0110 00       		.byte	0
 1199 0111 00       		.byte	0
 1200              		.section	.debug_aranges,"",%progbits
 1201 0000 14000000 		.4byte	0x14
 1202 0004 0200     		.2byte	0x2
 1203 0006 00000000 		.4byte	.Ldebug_info0
 1204 000a 04       		.byte	0x4
 1205 000b 00       		.byte	0
 1206 000c 0000     		.2byte	0
 1207 000e 0000     		.2byte	0
 1208 0010 00000000 		.4byte	0
 1209 0014 00000000 		.4byte	0
 1210              		.section	.debug_line,"",%progbits
 1211              	.Ldebug_line0:
 1212 0000 45020000 		.section	.debug_str,"MS",%progbits,1
 1212      02003F02 
 1212      00000201 
 1212      FB0E0D00 
 1212      01010101 
 1213              	.LASF57:
 1214 0000 70726F74 		.ascii	"protBusMasterMask\000"
 1214      4275734D 
 1214      61737465 
 1214      724D6173 
 1214      6B00
 1215              	.LASF67:
 1216 0012 666C6173 		.ascii	"flashCtlMainWs3Freq\000"
 1216      6843746C 
 1216      4D61696E 
 1216      57733346 
 1216      72657100 
 1217              	.LASF89:
 1218 0026 6770696F 		.ascii	"gpioPrtCfgInOffset\000"
 1218      50727443 
 1218      6667496E 
 1218      4F666673 
 1218      657400
 1219              	.LASF107:
 1220 0039 6970634C 		.ascii	"ipcLockStatusOffset\000"
 1220      6F636B53 
 1220      74617475 
 1220      734F6666 
 1220      73657400 
 1221              	.LASF33:
 1222 004d 63727970 		.ascii	"cryptoVersion\000"
 1222      746F5665 
 1222      7273696F 
 1222      6E00
 1223              	.LASF51:
 1224 005b 70657269 		.ascii	"periClockNr\000"
 1224      436C6F63 
 1224      6B4E7200 
 1225              	.LASF29:
 1226 0067 70617373 		.ascii	"passBase\000"
 1226      42617365 
 1226      00
 1227              	.LASF42:
ARM GAS  C:\Users\subra\AppData\Local\Temp\ccuaRndb.s 			page 23


 1228 0070 63707573 		.ascii	"cpussIpcIrqNr\000"
 1228      73497063 
 1228      4972714E 
 1228      7200
 1229              	.LASF5:
 1230 007e 5F5F7569 		.ascii	"__uint8_t\000"
 1230      6E74385F 
 1230      7400
 1231              	.LASF86:
 1232 0088 70657269 		.ascii	"periDiv24_5CtlOffset\000"
 1232      44697632 
 1232      345F3543 
 1232      746C4F66 
 1232      66736574 
 1233              	.LASF113:
 1234 009d 63795F73 		.ascii	"cy_stc_ble_conn_handle_t\000"
 1234      74635F62 
 1234      6C655F63 
 1234      6F6E6E5F 
 1234      68616E64 
 1235              	.LASF22:
 1236 00b6 63707573 		.ascii	"cpussBase\000"
 1236      73426173 
 1236      6500
 1237              	.LASF71:
 1238 00c0 64774368 		.ascii	"dwChCtlPrioPos\000"
 1238      43746C50 
 1238      72696F50 
 1238      6F7300
 1239              	.LASF14:
 1240 00cf 6C6F6E67 		.ascii	"long long unsigned int\000"
 1240      206C6F6E 
 1240      6720756E 
 1240      7369676E 
 1240      65642069 
 1241              	.LASF75:
 1242 00e6 70657269 		.ascii	"periTrCmdOffset\000"
 1242      5472436D 
 1242      644F6666 
 1242      73657400 
 1243              	.LASF99:
 1244 00f6 63707573 		.ascii	"cpussSysTickCtlOffset\000"
 1244      73537973 
 1244      5469636B 
 1244      43746C4F 
 1244      66667365 
 1245              	.LASF138:
 1246 010c 49544D5F 		.ascii	"ITM_RxBuffer\000"
 1246      52784275 
 1246      66666572 
 1246      00
 1247              	.LASF60:
 1248 0119 666C6173 		.ascii	"flashPipeRequired\000"
 1248      68506970 
 1248      65526571 
 1248      75697265 
 1248      6400
ARM GAS  C:\Users\subra\AppData\Local\Temp\ccuaRndb.s 			page 24


 1249              	.LASF64:
 1250 012b 666C6173 		.ascii	"flashCtlMainWs0Freq\000"
 1250      6843746C 
 1250      4D61696E 
 1250      57733046 
 1250      72657100 
 1251              	.LASF18:
 1252 013f 696E7431 		.ascii	"int16_t\000"
 1252      365F7400 
 1253              	.LASF1:
 1254 0147 6C6F6E67 		.ascii	"long long int\000"
 1254      206C6F6E 
 1254      6720696E 
 1254      7400
 1255              	.LASF3:
 1256 0155 7369676E 		.ascii	"signed char\000"
 1256      65642063 
 1256      68617200 
 1257              	.LASF80:
 1258 0161 70657269 		.ascii	"periDivCmdTypeSelPos\000"
 1258      44697643 
 1258      6D645479 
 1258      70655365 
 1258      6C506F73 
 1259              	.LASF26:
 1260 0176 70726F74 		.ascii	"protBase\000"
 1260      42617365 
 1260      00
 1261              	.LASF38:
 1262 017f 69706356 		.ascii	"ipcVersion\000"
 1262      65727369 
 1262      6F6E00
 1263              	.LASF100:
 1264 018a 63707573 		.ascii	"cpussCm0NmiCtlOffset\000"
 1264      73436D30 
 1264      4E6D6943 
 1264      746C4F66 
 1264      66736574 
 1265              	.LASF118:
 1266 019f 43595F42 		.ascii	"CY_BLE_ADV_STATE_STOP_INITIATED\000"
 1266      4C455F41 
 1266      44565F53 
 1266      54415445 
 1266      5F53544F 
 1267              	.LASF27:
 1268 01bf 6873696F 		.ascii	"hsiomBase\000"
 1268      6D426173 
 1268      6500
 1269              	.LASF11:
 1270 01c9 6C6F6E67 		.ascii	"long int\000"
 1270      20696E74 
 1270      00
 1271              	.LASF93:
 1272 01d2 63707573 		.ascii	"cpussCm4ClockCtlOffset\000"
 1272      73436D34 
 1272      436C6F63 
 1272      6B43746C 
ARM GAS  C:\Users\subra\AppData\Local\Temp\ccuaRndb.s 			page 25


 1272      4F666673 
 1273              	.LASF129:
 1274 01e9 63795F62 		.ascii	"cy_ble_callback_t\000"
 1274      6C655F63 
 1274      616C6C62 
 1274      61636B5F 
 1274      7400
 1275              	.LASF58:
 1276 01fb 63727970 		.ascii	"cryptoMemSize\000"
 1276      746F4D65 
 1276      6D53697A 
 1276      6500
 1277              	.LASF119:
 1278 0209 63795F65 		.ascii	"cy_en_ble_adv_state_t\000"
 1278      6E5F626C 
 1278      655F6164 
 1278      765F7374 
 1278      6174655F 
 1279              	.LASF24:
 1280 021f 70657269 		.ascii	"periBase\000"
 1280      42617365 
 1280      00
 1281              	.LASF136:
 1282 0228 63795F73 		.ascii	"cy_stc_ble_ias_config_t\000"
 1282      74635F62 
 1282      6C655F69 
 1282      61735F63 
 1282      6F6E6669 
 1283              	.LASF56:
 1284 0240 73797350 		.ascii	"sysPmSimoPresent\000"
 1284      6D53696D 
 1284      6F507265 
 1284      73656E74 
 1284      00
 1285              	.LASF46:
 1286 0251 63707573 		.ascii	"cpussFmIrq\000"
 1286      73466D49 
 1286      727100
 1287              	.LASF110:
 1288 025c 646F7562 		.ascii	"double\000"
 1288      6C6500
 1289              	.LASF85:
 1290 0263 70657269 		.ascii	"periDiv16_5CtlOffset\000"
 1290      44697631 
 1290      365F3543 
 1290      746C4F66 
 1290      66736574 
 1291              	.LASF49:
 1292 0278 73727373 		.ascii	"srssNumPll\000"
 1292      4E756D50 
 1292      6C6C00
 1293              	.LASF143:
 1294 0283 63795F62 		.ascii	"cy_ble_iasConfig\000"
 1294      6C655F69 
 1294      6173436F 
 1294      6E666967 
 1294      00
ARM GAS  C:\Users\subra\AppData\Local\Temp\ccuaRndb.s 			page 26


 1295              	.LASF83:
 1296 0294 70657269 		.ascii	"periDiv8CtlOffset\000"
 1296      44697638 
 1296      43746C4F 
 1296      66667365 
 1296      7400
 1297              	.LASF124:
 1298 02a6 43595F42 		.ascii	"CY_BLE_CONN_STATE_CLIENT_INCL_DISCOVERING\000"
 1298      4C455F43 
 1298      4F4E4E5F 
 1298      53544154 
 1298      455F434C 
 1299              	.LASF90:
 1300 02d0 6770696F 		.ascii	"gpioPrtCfgOutOffset\000"
 1300      50727443 
 1300      66674F75 
 1300      744F6666 
 1300      73657400 
 1301              	.LASF23:
 1302 02e4 666C6173 		.ascii	"flashcBase\000"
 1302      68634261 
 1302      736500
 1303              	.LASF12:
 1304 02ef 5F5F7569 		.ascii	"__uint32_t\000"
 1304      6E743332 
 1304      5F7400
 1305              	.LASF53:
 1306 02fa 70617373 		.ascii	"passSarChannels\000"
 1306      53617243 
 1306      68616E6E 
 1306      656C7300 
 1307              	.LASF6:
 1308 030a 5F5F696E 		.ascii	"__int16_t\000"
 1308      7431365F 
 1308      7400
 1309              	.LASF96:
 1310 0314 63707573 		.ascii	"cpussCm4PwrCtlOffset\000"
 1310      73436D34 
 1310      50777243 
 1310      746C4F66 
 1310      66736574 
 1311              	.LASF123:
 1312 0329 43595F42 		.ascii	"CY_BLE_CONN_STATE_CLIENT_SRVC_DISCOVERING\000"
 1312      4C455F43 
 1312      4F4E4E5F 
 1312      53544154 
 1312      455F434C 
 1313              	.LASF91:
 1314 0353 6770696F 		.ascii	"gpioPrtCfgSioOffset\000"
 1314      50727443 
 1314      66675369 
 1314      6F4F6666 
 1314      73657400 
 1315              	.LASF43:
 1316 0367 63707573 		.ascii	"cpussDwChNr\000"
 1316      73447743 
 1316      684E7200 
ARM GAS  C:\Users\subra\AppData\Local\Temp\ccuaRndb.s 			page 27


 1317              	.LASF0:
 1318 0373 756E7369 		.ascii	"unsigned int\000"
 1318      676E6564 
 1318      20696E74 
 1318      00
 1319              	.LASF122:
 1320 0380 43595F42 		.ascii	"CY_BLE_CONN_STATE_CONNECTED\000"
 1320      4C455F43 
 1320      4F4E4E5F 
 1320      53544154 
 1320      455F434F 
 1321              	.LASF126:
 1322 039c 43595F42 		.ascii	"CY_BLE_CONN_STATE_CLIENT_DESCR_DISCOVERING\000"
 1322      4C455F43 
 1322      4F4E4E5F 
 1322      53544154 
 1322      455F434C 
 1323              	.LASF19:
 1324 03c7 75696E74 		.ascii	"uint16_t\000"
 1324      31365F74 
 1324      00
 1325              	.LASF76:
 1326 03d0 70657269 		.ascii	"periTrCmdGrSelMsk\000"
 1326      5472436D 
 1326      64477253 
 1326      656C4D73 
 1326      6B00
 1327              	.LASF13:
 1328 03e2 6C6F6E67 		.ascii	"long unsigned int\000"
 1328      20756E73 
 1328      69676E65 
 1328      6420696E 
 1328      7400
 1329              	.LASF41:
 1330 03f4 63707573 		.ascii	"cpussIpcNr\000"
 1330      73497063 
 1330      4E7200
 1331              	.LASF28:
 1332 03ff 6770696F 		.ascii	"gpioBase\000"
 1332      42617365 
 1332      00
 1333              	.LASF66:
 1334 0408 666C6173 		.ascii	"flashCtlMainWs2Freq\000"
 1334      6843746C 
 1334      4D61696E 
 1334      57733246 
 1334      72657100 
 1335              	.LASF77:
 1336 041c 70657269 		.ascii	"periTrGrOffset\000"
 1336      54724772 
 1336      4F666673 
 1336      657400
 1337              	.LASF104:
 1338 042b 63707573 		.ascii	"cpussRam1Ctl0\000"
 1338      7352616D 
 1338      3143746C 
 1338      3000
ARM GAS  C:\Users\subra\AppData\Local\Temp\ccuaRndb.s 			page 28


 1339              	.LASF141:
 1340 0439 63795F62 		.ascii	"cy_ble_connState\000"
 1340      6C655F63 
 1340      6F6E6E53 
 1340      74617465 
 1340      00
 1341              	.LASF78:
 1342 044a 70657269 		.ascii	"periTrGrSize\000"
 1342      54724772 
 1342      53697A65 
 1342      00
 1343              	.LASF36:
 1344 0457 6770696F 		.ascii	"gpioVersion\000"
 1344      56657273 
 1344      696F6E00 
 1345              	.LASF108:
 1346 0463 63795F73 		.ascii	"cy_stc_device_t\000"
 1346      74635F64 
 1346      65766963 
 1346      655F7400 
 1347              	.LASF54:
 1348 0473 65704D6F 		.ascii	"epMonitorNr\000"
 1348      6E69746F 
 1348      724E7200 
 1349              	.LASF101:
 1350 047f 63707573 		.ascii	"cpussCm4NmiCtlOffset\000"
 1350      73436D34 
 1350      4E6D6943 
 1350      746C4F66 
 1350      66736574 
 1351              	.LASF97:
 1352 0494 63707573 		.ascii	"cpussTrimRamCtlOffset\000"
 1352      73547269 
 1352      6D52616D 
 1352      43746C4F 
 1352      66667365 
 1353              	.LASF92:
 1354 04aa 63707573 		.ascii	"cpussCm0ClockCtlOffset\000"
 1354      73436D30 
 1354      436C6F63 
 1354      6B43746C 
 1354      4F666673 
 1355              	.LASF112:
 1356 04c1 61747449 		.ascii	"attId\000"
 1356      6400
 1357              	.LASF32:
 1358 04c7 63707573 		.ascii	"cpussVersion\000"
 1358      73566572 
 1358      73696F6E 
 1358      00
 1359              	.LASF114:
 1360 04d4 63795F62 		.ascii	"cy_ble_gatt_db_attr_handle_t\000"
 1360      6C655F67 
 1360      6174745F 
 1360      64625F61 
 1360      7474725F 
 1361              	.LASF39:
ARM GAS  C:\Users\subra\AppData\Local\Temp\ccuaRndb.s 			page 29


 1362 04f1 70657269 		.ascii	"periVersion\000"
 1362      56657273 
 1362      696F6E00 
 1363              	.LASF95:
 1364 04fd 63707573 		.ascii	"cpussCm0StatusOffset\000"
 1364      73436D30 
 1364      53746174 
 1364      75734F66 
 1364      66736574 
 1365              	.LASF15:
 1366 0512 73697A65 		.ascii	"sizetype\000"
 1366      74797065 
 1366      00
 1367              	.LASF145:
 1368 051b 47656E65 		.ascii	"Generated_Source\\PSoC6\\BLE_ias_config.c\000"
 1368      72617465 
 1368      645F536F 
 1368      75726365 
 1368      5C50536F 
 1369              	.LASF69:
 1370 0543 64774368 		.ascii	"dwChOffset\000"
 1370      4F666673 
 1370      657400
 1371              	.LASF132:
 1372 054e 616C6572 		.ascii	"alertLevelCharHandle\000"
 1372      744C6576 
 1372      656C4368 
 1372      61724861 
 1372      6E646C65 
 1373              	.LASF44:
 1374 0563 63707573 		.ascii	"cpussFlashPaSize\000"
 1374      73466C61 
 1374      73685061 
 1374      53697A65 
 1374      00
 1375              	.LASF116:
 1376 0574 43595F42 		.ascii	"CY_BLE_ADV_STATE_ADV_INITIATED\000"
 1376      4C455F41 
 1376      44565F53 
 1376      54415445 
 1376      5F414456 
 1377              	.LASF82:
 1378 0593 70657269 		.ascii	"periDivCmdPaTypeSelPos\000"
 1378      44697643 
 1378      6D645061 
 1378      54797065 
 1378      53656C50 
 1379              	.LASF105:
 1380 05aa 63707573 		.ascii	"cpussRam2Ctl0\000"
 1380      7352616D 
 1380      3243746C 
 1380      3000
 1381              	.LASF73:
 1382 05b8 64775374 		.ascii	"dwStatusChIdxPos\000"
 1382      61747573 
 1382      43684964 
 1382      78506F73 
ARM GAS  C:\Users\subra\AppData\Local\Temp\ccuaRndb.s 			page 30


 1382      00
 1383              	.LASF55:
 1384 05c9 75646250 		.ascii	"udbPresent\000"
 1384      72657365 
 1384      6E7400
 1385              	.LASF128:
 1386 05d4 63795F65 		.ascii	"cy_en_ble_conn_state_t\000"
 1386      6E5F626C 
 1386      655F636F 
 1386      6E6E5F73 
 1386      74617465 
 1387              	.LASF133:
 1388 05eb 63795F73 		.ascii	"cy_stc_ble_iass_t\000"
 1388      74635F62 
 1388      6C655F69 
 1388      6173735F 
 1388      7400
 1389              	.LASF35:
 1390 05fd 666C6173 		.ascii	"flashcVersion\000"
 1390      68635665 
 1390      7273696F 
 1390      6E00
 1391              	.LASF31:
 1392 060b 63727970 		.ascii	"cryptoBase\000"
 1392      746F4261 
 1392      736500
 1393              	.LASF52:
 1394 0616 736D6966 		.ascii	"smifDeviceNr\000"
 1394      44657669 
 1394      63654E72 
 1394      00
 1395              	.LASF144:
 1396 0623 474E5520 		.ascii	"GNU C11 5.4.1 20160609 (release) [ARM/embedded-5-br"
 1396      43313120 
 1396      352E342E 
 1396      31203230 
 1396      31363036 
 1397 0656 616E6368 		.ascii	"anch revision 237715] -mcpu=cortex-m4 -mfloat-abi=s"
 1397      20726576 
 1397      6973696F 
 1397      6E203233 
 1397      37373135 
 1398 0689 6F667466 		.ascii	"oftfp -mfpu=fpv4-sp-d16 -mthumb -g -Og -ffunction-s"
 1398      70202D6D 
 1398      6670753D 
 1398      66707634 
 1398      2D73702D 
 1399 06bc 65637469 		.ascii	"ections -ffat-lto-objects\000"
 1399      6F6E7320 
 1399      2D666661 
 1399      742D6C74 
 1399      6F2D6F62 
 1400              	.LASF61:
 1401 06d6 666C6173 		.ascii	"flashWriteDelay\000"
 1401      68577269 
 1401      74654465 
 1401      6C617900 
ARM GAS  C:\Users\subra\AppData\Local\Temp\ccuaRndb.s 			page 31


 1402              	.LASF127:
 1403 06e6 43595F42 		.ascii	"CY_BLE_CONN_STATE_CLIENT_DISCOVERED\000"
 1403      4C455F43 
 1403      4F4E4E5F 
 1403      53544154 
 1403      455F434C 
 1404              	.LASF109:
 1405 070a 666C6F61 		.ascii	"float\000"
 1405      7400
 1406              	.LASF74:
 1407 0710 64775374 		.ascii	"dwStatusChIdxMsk\000"
 1407      61747573 
 1407      43684964 
 1407      784D736B 
 1407      00
 1408              	.LASF137:
 1409 0721 63795F64 		.ascii	"cy_device\000"
 1409      65766963 
 1409      6500
 1410              	.LASF102:
 1411 072b 63707573 		.ascii	"cpussRomCtl\000"
 1411      73526F6D 
 1411      43746C00 
 1412              	.LASF146:
 1413 0737 443A5C50 		.ascii	"D:\\Projects\\NS\\Neural-Stimulator-Firmware\\new\\"
 1413      726F6A65 
 1413      6374735C 
 1413      4E535C4E 
 1413      65757261 
 1414 0765 50534F43 		.ascii	"PSOC6\\AlertSystem\\AlertSystem.cydsn\000"
 1414      365C416C 
 1414      65727453 
 1414      79737465 
 1414      6D5C416C 
 1415              	.LASF72:
 1416 0789 64774368 		.ascii	"dwChCtlPreemptablePos\000"
 1416      43746C50 
 1416      7265656D 
 1416      70746162 
 1416      6C65506F 
 1417              	.LASF25:
 1418 079f 75646242 		.ascii	"udbBase\000"
 1418      61736500 
 1419              	.LASF125:
 1420 07a7 43595F42 		.ascii	"CY_BLE_CONN_STATE_CLIENT_CHAR_DISCOVERING\000"
 1420      4C455F43 
 1420      4F4E4E5F 
 1420      53544154 
 1420      455F434C 
 1421              	.LASF135:
 1422 07d1 63616C6C 		.ascii	"callbackFunc\000"
 1422      6261636B 
 1422      46756E63 
 1422      00
 1423              	.LASF130:
 1424 07de 5F426F6F 		.ascii	"_Bool\000"
 1424      6C00
ARM GAS  C:\Users\subra\AppData\Local\Temp\ccuaRndb.s 			page 32


 1425              	.LASF20:
 1426 07e4 696E7433 		.ascii	"int32_t\000"
 1426      325F7400 
 1427              	.LASF4:
 1428 07ec 756E7369 		.ascii	"unsigned char\000"
 1428      676E6564 
 1428      20636861 
 1428      7200
 1429              	.LASF68:
 1430 07fa 666C6173 		.ascii	"flashCtlMainWs4Freq\000"
 1430      6843746C 
 1430      4D61696E 
 1430      57733446 
 1430      72657100 
 1431              	.LASF7:
 1432 080e 73686F72 		.ascii	"short int\000"
 1432      7420696E 
 1432      7400
 1433              	.LASF79:
 1434 0818 70657269 		.ascii	"periDivCmdDivSelMsk\000"
 1434      44697643 
 1434      6D644469 
 1434      7653656C 
 1434      4D736B00 
 1435              	.LASF50:
 1436 082c 73727373 		.ascii	"srssNumHfroot\000"
 1436      4E756D48 
 1436      66726F6F 
 1436      7400
 1437              	.LASF63:
 1438 083a 666C6173 		.ascii	"flashEraseDelay\000"
 1438      68457261 
 1438      73654465 
 1438      6C617900 
 1439              	.LASF21:
 1440 084a 75696E74 		.ascii	"uint32_t\000"
 1440      33325F74 
 1440      00
 1441              	.LASF134:
 1442 0853 69617373 		.ascii	"iass\000"
 1442      00
 1443              	.LASF2:
 1444 0858 6C6F6E67 		.ascii	"long double\000"
 1444      20646F75 
 1444      626C6500 
 1445              	.LASF16:
 1446 0864 63686172 		.ascii	"char\000"
 1446      00
 1447              	.LASF40:
 1448 0869 70726F74 		.ascii	"protVersion\000"
 1448      56657273 
 1448      696F6E00 
 1449              	.LASF103:
 1450 0875 63707573 		.ascii	"cpussRam0Ctl0\000"
 1450      7352616D 
 1450      3043746C 
 1450      3000
ARM GAS  C:\Users\subra\AppData\Local\Temp\ccuaRndb.s 			page 33


 1451              	.LASF8:
 1452 0883 5F5F7569 		.ascii	"__uint16_t\000"
 1452      6E743136 
 1452      5F7400
 1453              	.LASF142:
 1454 088e 63795F62 		.ascii	"cy_ble_pendingFlashWrite\000"
 1454      6C655F70 
 1454      656E6469 
 1454      6E67466C 
 1454      61736857 
 1455              	.LASF84:
 1456 08a7 70657269 		.ascii	"periDiv16CtlOffset\000"
 1456      44697631 
 1456      3643746C 
 1456      4F666673 
 1456      657400
 1457              	.LASF10:
 1458 08ba 5F5F696E 		.ascii	"__int32_t\000"
 1458      7433325F 
 1458      7400
 1459              	.LASF139:
 1460 08c4 63795F62 		.ascii	"cy_ble_advState\000"
 1460      6C655F61 
 1460      64765374 
 1460      61746500 
 1461              	.LASF37:
 1462 08d4 6873696F 		.ascii	"hsiomVersion\000"
 1462      6D566572 
 1462      73696F6E 
 1462      00
 1463              	.LASF65:
 1464 08e1 666C6173 		.ascii	"flashCtlMainWs1Freq\000"
 1464      6843746C 
 1464      4D61696E 
 1464      57733146 
 1464      72657100 
 1465              	.LASF9:
 1466 08f5 73686F72 		.ascii	"short unsigned int\000"
 1466      7420756E 
 1466      7369676E 
 1466      65642069 
 1466      6E7400
 1467              	.LASF70:
 1468 0908 64774368 		.ascii	"dwChSize\000"
 1468      53697A65 
 1468      00
 1469              	.LASF106:
 1470 0911 69706353 		.ascii	"ipcStructSize\000"
 1470      74727563 
 1470      7453697A 
 1470      6500
 1471              	.LASF45:
 1472 091f 63707573 		.ascii	"cpussIpc0Irq\000"
 1472      73497063 
 1472      30497271 
 1472      00
 1473              	.LASF88:
ARM GAS  C:\Users\subra\AppData\Local\Temp\ccuaRndb.s 			page 34


 1474 092c 6770696F 		.ascii	"gpioPrtCfgOffset\000"
 1474      50727443 
 1474      66674F66 
 1474      66736574 
 1474      00
 1475              	.LASF131:
 1476 093d 73657276 		.ascii	"serviceHandle\000"
 1476      69636548 
 1476      616E646C 
 1476      6500
 1477              	.LASF120:
 1478 094b 43595F42 		.ascii	"CY_BLE_CONN_STATE_DISCONNECTED\000"
 1478      4C455F43 
 1478      4F4E4E5F 
 1478      53544154 
 1478      455F4449 
 1479              	.LASF140:
 1480 096a 63795F62 		.ascii	"cy_ble_connHandle\000"
 1480      6C655F63 
 1480      6F6E6E48 
 1480      616E646C 
 1480      6500
 1481              	.LASF47:
 1482 097c 63707573 		.ascii	"cpussNotConnectedIrq\000"
 1482      734E6F74 
 1482      436F6E6E 
 1482      65637465 
 1482      64497271 
 1483              	.LASF117:
 1484 0991 43595F42 		.ascii	"CY_BLE_ADV_STATE_ADVERTISING\000"
 1484      4C455F41 
 1484      44565F53 
 1484      54415445 
 1484      5F414456 
 1485              	.LASF115:
 1486 09ae 43595F42 		.ascii	"CY_BLE_ADV_STATE_STOPPED\000"
 1486      4C455F41 
 1486      44565F53 
 1486      54415445 
 1486      5F53544F 
 1487              	.LASF17:
 1488 09c7 75696E74 		.ascii	"uint8_t\000"
 1488      385F7400 
 1489              	.LASF94:
 1490 09cf 63707573 		.ascii	"cpussCm4StatusOffset\000"
 1490      73436D34 
 1490      53746174 
 1490      75734F66 
 1490      66736574 
 1491              	.LASF87:
 1492 09e4 6770696F 		.ascii	"gpioPrtIntrCfgOffset\000"
 1492      50727449 
 1492      6E747243 
 1492      66674F66 
 1492      66736574 
 1493              	.LASF147:
 1494 09f9 63795F62 		.ascii	"cy_ble_iass\000"
ARM GAS  C:\Users\subra\AppData\Local\Temp\ccuaRndb.s 			page 35


 1494      6C655F69 
 1494      61737300 
 1495              	.LASF98:
 1496 0a05 63707573 		.ascii	"cpussTrimRomCtlOffset\000"
 1496      73547269 
 1496      6D526F6D 
 1496      43746C4F 
 1496      66667365 
 1497              	.LASF111:
 1498 0a1b 62644861 		.ascii	"bdHandle\000"
 1498      6E646C65 
 1498      00
 1499              	.LASF48:
 1500 0a24 73727373 		.ascii	"srssNumClkpath\000"
 1500      4E756D43 
 1500      6C6B7061 
 1500      746800
 1501              	.LASF34:
 1502 0a33 64775665 		.ascii	"dwVersion\000"
 1502      7273696F 
 1502      6E00
 1503              	.LASF30:
 1504 0a3d 69706342 		.ascii	"ipcBase\000"
 1504      61736500 
 1505              	.LASF81:
 1506 0a45 70657269 		.ascii	"periDivCmdPaDivSelPos\000"
 1506      44697643 
 1506      6D645061 
 1506      44697653 
 1506      656C506F 
 1507              	.LASF62:
 1508 0a5b 666C6173 		.ascii	"flashProgramDelay\000"
 1508      6850726F 
 1508      6772616D 
 1508      44656C61 
 1508      7900
 1509              	.LASF121:
 1510 0a6d 43595F42 		.ascii	"CY_BLE_CONN_STATE_CLIENT_DISCONNECTED_DISCOVERED\000"
 1510      4C455F43 
 1510      4F4E4E5F 
 1510      53544154 
 1510      455F434C 
 1511              	.LASF59:
 1512 0a9e 666C6173 		.ascii	"flashRwwRequired\000"
 1512      68527777 
 1512      52657175 
 1512      69726564 
 1512      00
 1513              		.ident	"GCC: (GNU Tools for ARM Embedded Processors) 5.4.1 20160609 (release) [ARM/embedded-5-bran
