ARM GAS  C:\Users\subra\AppData\Local\Temp\cceNLAf1.s 			page 1


   1              		.syntax unified
   2              		.cpu cortex-m4
   3              		.eabi_attribute 27, 1
   4              		.fpu fpv4-sp-d16
   5              		.eabi_attribute 20, 1
   6              		.eabi_attribute 21, 1
   7              		.eabi_attribute 23, 3
   8              		.eabi_attribute 24, 1
   9              		.eabi_attribute 25, 1
  10              		.eabi_attribute 26, 1
  11              		.eabi_attribute 30, 1
  12              		.eabi_attribute 34, 1
  13              		.eabi_attribute 18, 4
  14              		.thumb
  15              		.syntax unified
  16              		.file	"cy_ble_cscs.c"
  17              		.text
  18              	.Ltext0:
  19              		.cfi_sections	.debug_frame
  20              	.Letext0:
  21              		.file 1 "d:\\program files (x86)\\cypress\\psoc creator\\4.4\\psoc creator\\import\\gnu\\arm\\5.4.
  22              		.file 2 "d:\\program files (x86)\\cypress\\psoc creator\\4.4\\psoc creator\\import\\gnu\\arm\\5.4.
  23              		.file 3 "Generated_Source\\PSoC6\\pdl\\drivers/peripheral/device/cy_device.h"
  24              		.file 4 "Generated_Source\\PSoC6\\pdl\\middleware\\ble\\cy_ble_stack_host_main.h"
  25              		.file 5 "Generated_Source\\PSoC6\\pdl\\middleware\\ble\\cy_ble_gap.h"
  26              		.file 6 "Generated_Source\\PSoC6\\pdl\\cmsis/include/core_cm4.h"
  27              		.section	.debug_info,"",%progbits
  28              	.Ldebug_info0:
  29 0000 33060000 		.4byte	0x633
  30 0004 0400     		.2byte	0x4
  31 0006 00000000 		.4byte	.Ldebug_abbrev0
  32 000a 04       		.byte	0x4
  33 000b 01       		.uleb128 0x1
  34 000c 7C050000 		.4byte	.LASF135
  35 0010 0C       		.byte	0xc
  36 0011 7A060000 		.4byte	.LASF136
  37 0015 C8060000 		.4byte	.LASF137
  38 0019 00000000 		.4byte	.Ldebug_line0
  39 001d 02       		.uleb128 0x2
  40 001e 04       		.byte	0x4
  41 001f 05       		.byte	0x5
  42 0020 696E7400 		.ascii	"int\000"
  43 0024 03       		.uleb128 0x3
  44 0025 04       		.byte	0x4
  45 0026 07       		.byte	0x7
  46 0027 38030000 		.4byte	.LASF0
  47 002b 03       		.uleb128 0x3
  48 002c 08       		.byte	0x8
  49 002d 05       		.byte	0x5
  50 002e 47010000 		.4byte	.LASF1
  51 0032 03       		.uleb128 0x3
  52 0033 08       		.byte	0x8
  53 0034 04       		.byte	0x4
  54 0035 D7070000 		.4byte	.LASF2
  55 0039 03       		.uleb128 0x3
  56 003a 01       		.byte	0x1
  57 003b 06       		.byte	0x6
ARM GAS  C:\Users\subra\AppData\Local\Temp\cceNLAf1.s 			page 2


  58 003c 55010000 		.4byte	.LASF3
  59 0040 04       		.uleb128 0x4
  60 0041 7E000000 		.4byte	.LASF5
  61 0045 01       		.byte	0x1
  62 0046 1D       		.byte	0x1d
  63 0047 4B000000 		.4byte	0x4b
  64 004b 03       		.uleb128 0x3
  65 004c 01       		.byte	0x1
  66 004d 08       		.byte	0x8
  67 004e 70070000 		.4byte	.LASF4
  68 0052 04       		.uleb128 0x4
  69 0053 CF020000 		.4byte	.LASF6
  70 0057 01       		.byte	0x1
  71 0058 29       		.byte	0x29
  72 0059 5D000000 		.4byte	0x5d
  73 005d 03       		.uleb128 0x3
  74 005e 02       		.byte	0x2
  75 005f 05       		.byte	0x5
  76 0060 92070000 		.4byte	.LASF7
  77 0064 04       		.uleb128 0x4
  78 0065 02080000 		.4byte	.LASF8
  79 0069 01       		.byte	0x1
  80 006a 2B       		.byte	0x2b
  81 006b 6F000000 		.4byte	0x6f
  82 006f 03       		.uleb128 0x3
  83 0070 02       		.byte	0x2
  84 0071 07       		.byte	0x7
  85 0072 74080000 		.4byte	.LASF9
  86 0076 04       		.uleb128 0x4
  87 0077 39080000 		.4byte	.LASF10
  88 007b 01       		.byte	0x1
  89 007c 3F       		.byte	0x3f
  90 007d 81000000 		.4byte	0x81
  91 0081 03       		.uleb128 0x3
  92 0082 04       		.byte	0x4
  93 0083 05       		.byte	0x5
  94 0084 C9010000 		.4byte	.LASF11
  95 0088 04       		.uleb128 0x4
  96 0089 B4020000 		.4byte	.LASF12
  97 008d 01       		.byte	0x1
  98 008e 41       		.byte	0x41
  99 008f 93000000 		.4byte	0x93
 100 0093 03       		.uleb128 0x3
 101 0094 04       		.byte	0x4
 102 0095 07       		.byte	0x7
 103 0096 A7030000 		.4byte	.LASF13
 104 009a 03       		.uleb128 0x3
 105 009b 08       		.byte	0x8
 106 009c 07       		.byte	0x7
 107 009d CF000000 		.4byte	.LASF14
 108 00a1 03       		.uleb128 0x3
 109 00a2 04       		.byte	0x4
 110 00a3 07       		.byte	0x7
 111 00a4 BA040000 		.4byte	.LASF15
 112 00a8 03       		.uleb128 0x3
 113 00a9 01       		.byte	0x1
 114 00aa 08       		.byte	0x8
ARM GAS  C:\Users\subra\AppData\Local\Temp\cceNLAf1.s 			page 3


 115 00ab E3070000 		.4byte	.LASF16
 116 00af 04       		.uleb128 0x4
 117 00b0 38090000 		.4byte	.LASF17
 118 00b4 02       		.byte	0x2
 119 00b5 18       		.byte	0x18
 120 00b6 40000000 		.4byte	0x40
 121 00ba 04       		.uleb128 0x4
 122 00bb 3F010000 		.4byte	.LASF18
 123 00bf 02       		.byte	0x2
 124 00c0 20       		.byte	0x20
 125 00c1 52000000 		.4byte	0x52
 126 00c5 04       		.uleb128 0x4
 127 00c6 8C030000 		.4byte	.LASF19
 128 00ca 02       		.byte	0x2
 129 00cb 24       		.byte	0x24
 130 00cc 64000000 		.4byte	0x64
 131 00d0 04       		.uleb128 0x4
 132 00d1 68070000 		.4byte	.LASF20
 133 00d5 02       		.byte	0x2
 134 00d6 2C       		.byte	0x2c
 135 00d7 76000000 		.4byte	0x76
 136 00db 04       		.uleb128 0x4
 137 00dc CE070000 		.4byte	.LASF21
 138 00e0 02       		.byte	0x2
 139 00e1 30       		.byte	0x30
 140 00e2 88000000 		.4byte	0x88
 141 00e6 05       		.uleb128 0x5
 142 00e7 B8       		.byte	0xb8
 143 00e8 03       		.byte	0x3
 144 00e9 34       		.byte	0x34
 145 00ea F7040000 		.4byte	0x4f7
 146 00ee 06       		.uleb128 0x6
 147 00ef B6000000 		.4byte	.LASF22
 148 00f3 03       		.byte	0x3
 149 00f4 37       		.byte	0x37
 150 00f5 DB000000 		.4byte	0xdb
 151 00f9 00       		.byte	0
 152 00fa 06       		.uleb128 0x6
 153 00fb A9020000 		.4byte	.LASF23
 154 00ff 03       		.byte	0x3
 155 0100 38       		.byte	0x38
 156 0101 DB000000 		.4byte	0xdb
 157 0105 04       		.byte	0x4
 158 0106 06       		.uleb128 0x6
 159 0107 0D020000 		.4byte	.LASF24
 160 010b 03       		.byte	0x3
 161 010c 39       		.byte	0x39
 162 010d DB000000 		.4byte	0xdb
 163 0111 08       		.byte	0x8
 164 0112 06       		.uleb128 0x6
 165 0113 30070000 		.4byte	.LASF25
 166 0117 03       		.byte	0x3
 167 0118 3A       		.byte	0x3a
 168 0119 DB000000 		.4byte	0xdb
 169 011d 0C       		.byte	0xc
 170 011e 06       		.uleb128 0x6
 171 011f 76010000 		.4byte	.LASF26
ARM GAS  C:\Users\subra\AppData\Local\Temp\cceNLAf1.s 			page 4


 172 0123 03       		.byte	0x3
 173 0124 3B       		.byte	0x3b
 174 0125 DB000000 		.4byte	0xdb
 175 0129 10       		.byte	0x10
 176 012a 06       		.uleb128 0x6
 177 012b BF010000 		.4byte	.LASF27
 178 012f 03       		.byte	0x3
 179 0130 3C       		.byte	0x3c
 180 0131 DB000000 		.4byte	0xdb
 181 0135 14       		.byte	0x14
 182 0136 06       		.uleb128 0x6
 183 0137 C4030000 		.4byte	.LASF28
 184 013b 03       		.byte	0x3
 185 013c 3D       		.byte	0x3d
 186 013d DB000000 		.4byte	0xdb
 187 0141 18       		.byte	0x18
 188 0142 06       		.uleb128 0x6
 189 0143 67000000 		.4byte	.LASF29
 190 0147 03       		.byte	0x3
 191 0148 3E       		.byte	0x3e
 192 0149 DB000000 		.4byte	0xdb
 193 014d 1C       		.byte	0x1c
 194 014e 06       		.uleb128 0x6
 195 014f A2090000 		.4byte	.LASF30
 196 0153 03       		.byte	0x3
 197 0154 3F       		.byte	0x3f
 198 0155 DB000000 		.4byte	0xdb
 199 0159 20       		.byte	0x20
 200 015a 06       		.uleb128 0x6
 201 015b 64050000 		.4byte	.LASF31
 202 015f 03       		.byte	0x3
 203 0160 40       		.byte	0x40
 204 0161 DB000000 		.4byte	0xdb
 205 0165 24       		.byte	0x24
 206 0166 06       		.uleb128 0x6
 207 0167 8C040000 		.4byte	.LASF32
 208 016b 03       		.byte	0x3
 209 016c 43       		.byte	0x43
 210 016d AF000000 		.4byte	0xaf
 211 0171 28       		.byte	0x28
 212 0172 06       		.uleb128 0x6
 213 0173 4D000000 		.4byte	.LASF33
 214 0177 03       		.byte	0x3
 215 0178 44       		.byte	0x44
 216 0179 AF000000 		.4byte	0xaf
 217 017d 29       		.byte	0x29
 218 017e 06       		.uleb128 0x6
 219 017f 98090000 		.4byte	.LASF34
 220 0183 03       		.byte	0x3
 221 0184 45       		.byte	0x45
 222 0185 AF000000 		.4byte	0xaf
 223 0189 2A       		.byte	0x2a
 224 018a 06       		.uleb128 0x6
 225 018b 56050000 		.4byte	.LASF35
 226 018f 03       		.byte	0x3
 227 0190 46       		.byte	0x46
 228 0191 AF000000 		.4byte	0xaf
ARM GAS  C:\Users\subra\AppData\Local\Temp\cceNLAf1.s 			page 5


 229 0195 2B       		.byte	0x2b
 230 0196 06       		.uleb128 0x6
 231 0197 1C040000 		.4byte	.LASF36
 232 019b 03       		.byte	0x3
 233 019c 47       		.byte	0x47
 234 019d AF000000 		.4byte	0xaf
 235 01a1 2C       		.byte	0x2c
 236 01a2 06       		.uleb128 0x6
 237 01a3 53080000 		.4byte	.LASF37
 238 01a7 03       		.byte	0x3
 239 01a8 48       		.byte	0x48
 240 01a9 AF000000 		.4byte	0xaf
 241 01ad 2D       		.byte	0x2d
 242 01ae 06       		.uleb128 0x6
 243 01af 7F010000 		.4byte	.LASF38
 244 01b3 03       		.byte	0x3
 245 01b4 49       		.byte	0x49
 246 01b5 AF000000 		.4byte	0xaf
 247 01b9 2E       		.byte	0x2e
 248 01ba 06       		.uleb128 0x6
 249 01bb 99040000 		.4byte	.LASF39
 250 01bf 03       		.byte	0x3
 251 01c0 4A       		.byte	0x4a
 252 01c1 AF000000 		.4byte	0xaf
 253 01c5 2F       		.byte	0x2f
 254 01c6 06       		.uleb128 0x6
 255 01c7 E8070000 		.4byte	.LASF40
 256 01cb 03       		.byte	0x3
 257 01cc 4B       		.byte	0x4b
 258 01cd AF000000 		.4byte	0xaf
 259 01d1 30       		.byte	0x30
 260 01d2 06       		.uleb128 0x6
 261 01d3 B9030000 		.4byte	.LASF41
 262 01d7 03       		.byte	0x3
 263 01d8 4E       		.byte	0x4e
 264 01d9 AF000000 		.4byte	0xaf
 265 01dd 31       		.byte	0x31
 266 01de 06       		.uleb128 0x6
 267 01df 70000000 		.4byte	.LASF42
 268 01e3 03       		.byte	0x3
 269 01e4 4F       		.byte	0x4f
 270 01e5 AF000000 		.4byte	0xaf
 271 01e9 32       		.byte	0x32
 272 01ea 06       		.uleb128 0x6
 273 01eb 2C030000 		.4byte	.LASF43
 274 01ef 03       		.byte	0x3
 275 01f0 50       		.byte	0x50
 276 01f1 AF000000 		.4byte	0xaf
 277 01f5 33       		.byte	0x33
 278 01f6 06       		.uleb128 0x6
 279 01f7 CE040000 		.4byte	.LASF44
 280 01fb 03       		.byte	0x3
 281 01fc 51       		.byte	0x51
 282 01fd AF000000 		.4byte	0xaf
 283 0201 34       		.byte	0x34
 284 0202 06       		.uleb128 0x6
 285 0203 9E080000 		.4byte	.LASF45
ARM GAS  C:\Users\subra\AppData\Local\Temp\cceNLAf1.s 			page 6


 286 0207 03       		.byte	0x3
 287 0208 52       		.byte	0x52
 288 0209 BA000000 		.4byte	0xba
 289 020d 36       		.byte	0x36
 290 020e 06       		.uleb128 0x6
 291 020f 27020000 		.4byte	.LASF46
 292 0213 03       		.byte	0x3
 293 0214 53       		.byte	0x53
 294 0215 BA000000 		.4byte	0xba
 295 0219 38       		.byte	0x38
 296 021a 06       		.uleb128 0x6
 297 021b ED080000 		.4byte	.LASF47
 298 021f 03       		.byte	0x3
 299 0220 54       		.byte	0x54
 300 0221 BA000000 		.4byte	0xba
 301 0225 3A       		.byte	0x3a
 302 0226 06       		.uleb128 0x6
 303 0227 89090000 		.4byte	.LASF48
 304 022b 03       		.byte	0x3
 305 022c 55       		.byte	0x55
 306 022d AF000000 		.4byte	0xaf
 307 0231 3C       		.byte	0x3c
 308 0232 06       		.uleb128 0x6
 309 0233 4E020000 		.4byte	.LASF49
 310 0237 03       		.byte	0x3
 311 0238 56       		.byte	0x56
 312 0239 AF000000 		.4byte	0xaf
 313 023d 3D       		.byte	0x3d
 314 023e 06       		.uleb128 0x6
 315 023f B0070000 		.4byte	.LASF50
 316 0243 03       		.byte	0x3
 317 0244 57       		.byte	0x57
 318 0245 AF000000 		.4byte	0xaf
 319 0249 3E       		.byte	0x3e
 320 024a 06       		.uleb128 0x6
 321 024b 5B000000 		.4byte	.LASF51
 322 024f 03       		.byte	0x3
 323 0250 58       		.byte	0x58
 324 0251 AF000000 		.4byte	0xaf
 325 0255 3F       		.byte	0x3f
 326 0256 06       		.uleb128 0x6
 327 0257 6F050000 		.4byte	.LASF52
 328 025b 03       		.byte	0x3
 329 025c 59       		.byte	0x59
 330 025d AF000000 		.4byte	0xaf
 331 0261 40       		.byte	0x40
 332 0262 06       		.uleb128 0x6
 333 0263 BF020000 		.4byte	.LASF53
 334 0267 03       		.byte	0x3
 335 0268 5A       		.byte	0x5a
 336 0269 AF000000 		.4byte	0xaf
 337 026d 41       		.byte	0x41
 338 026e 06       		.uleb128 0x6
 339 026f 38040000 		.4byte	.LASF54
 340 0273 03       		.byte	0x3
 341 0274 5B       		.byte	0x5b
 342 0275 AF000000 		.4byte	0xaf
ARM GAS  C:\Users\subra\AppData\Local\Temp\cceNLAf1.s 			page 7


 343 0279 42       		.byte	0x42
 344 027a 06       		.uleb128 0x6
 345 027b 34050000 		.4byte	.LASF55
 346 027f 03       		.byte	0x3
 347 0280 5C       		.byte	0x5c
 348 0281 AF000000 		.4byte	0xaf
 349 0285 43       		.byte	0x43
 350 0286 06       		.uleb128 0x6
 351 0287 16020000 		.4byte	.LASF56
 352 028b 03       		.byte	0x3
 353 028c 5D       		.byte	0x5d
 354 028d AF000000 		.4byte	0xaf
 355 0291 44       		.byte	0x44
 356 0292 06       		.uleb128 0x6
 357 0293 00000000 		.4byte	.LASF57
 358 0297 03       		.byte	0x3
 359 0298 5E       		.byte	0x5e
 360 0299 DB000000 		.4byte	0xdb
 361 029d 48       		.byte	0x48
 362 029e 06       		.uleb128 0x6
 363 029f E9010000 		.4byte	.LASF58
 364 02a3 03       		.byte	0x3
 365 02a4 5F       		.byte	0x5f
 366 02a5 DB000000 		.4byte	0xdb
 367 02a9 4C       		.byte	0x4c
 368 02aa 06       		.uleb128 0x6
 369 02ab 030A0000 		.4byte	.LASF59
 370 02af 03       		.byte	0x3
 371 02b0 60       		.byte	0x60
 372 02b1 AF000000 		.4byte	0xaf
 373 02b5 50       		.byte	0x50
 374 02b6 06       		.uleb128 0x6
 375 02b7 19010000 		.4byte	.LASF60
 376 02bb 03       		.byte	0x3
 377 02bc 61       		.byte	0x61
 378 02bd AF000000 		.4byte	0xaf
 379 02c1 51       		.byte	0x51
 380 02c2 06       		.uleb128 0x6
 381 02c3 2F060000 		.4byte	.LASF61
 382 02c7 03       		.byte	0x3
 383 02c8 62       		.byte	0x62
 384 02c9 AF000000 		.4byte	0xaf
 385 02cd 52       		.byte	0x52
 386 02ce 06       		.uleb128 0x6
 387 02cf C0090000 		.4byte	.LASF62
 388 02d3 03       		.byte	0x3
 389 02d4 63       		.byte	0x63
 390 02d5 AF000000 		.4byte	0xaf
 391 02d9 53       		.byte	0x53
 392 02da 06       		.uleb128 0x6
 393 02db BE070000 		.4byte	.LASF63
 394 02df 03       		.byte	0x3
 395 02e0 64       		.byte	0x64
 396 02e1 AF000000 		.4byte	0xaf
 397 02e5 54       		.byte	0x54
 398 02e6 06       		.uleb128 0x6
 399 02e7 2B010000 		.4byte	.LASF64
ARM GAS  C:\Users\subra\AppData\Local\Temp\cceNLAf1.s 			page 8


 400 02eb 03       		.byte	0x3
 401 02ec 65       		.byte	0x65
 402 02ed AF000000 		.4byte	0xaf
 403 02f1 55       		.byte	0x55
 404 02f2 06       		.uleb128 0x6
 405 02f3 60080000 		.4byte	.LASF65
 406 02f7 03       		.byte	0x3
 407 02f8 66       		.byte	0x66
 408 02f9 AF000000 		.4byte	0xaf
 409 02fd 56       		.byte	0x56
 410 02fe 06       		.uleb128 0x6
 411 02ff CD030000 		.4byte	.LASF66
 412 0303 03       		.byte	0x3
 413 0304 67       		.byte	0x67
 414 0305 AF000000 		.4byte	0xaf
 415 0309 57       		.byte	0x57
 416 030a 06       		.uleb128 0x6
 417 030b 12000000 		.4byte	.LASF67
 418 030f 03       		.byte	0x3
 419 0310 68       		.byte	0x68
 420 0311 AF000000 		.4byte	0xaf
 421 0315 58       		.byte	0x58
 422 0316 06       		.uleb128 0x6
 423 0317 7E070000 		.4byte	.LASF68
 424 031b 03       		.byte	0x3
 425 031c 69       		.byte	0x69
 426 031d AF000000 		.4byte	0xaf
 427 0321 59       		.byte	0x59
 428 0322 06       		.uleb128 0x6
 429 0323 C3040000 		.4byte	.LASF69
 430 0327 03       		.byte	0x3
 431 0328 6E       		.byte	0x6e
 432 0329 C5000000 		.4byte	0xc5
 433 032d 5A       		.byte	0x5a
 434 032e 06       		.uleb128 0x6
 435 032f 87080000 		.4byte	.LASF70
 436 0333 03       		.byte	0x3
 437 0334 6F       		.byte	0x6f
 438 0335 C5000000 		.4byte	0xc5
 439 0339 5C       		.byte	0x5c
 440 033a 06       		.uleb128 0x6
 441 033b C0000000 		.4byte	.LASF71
 442 033f 03       		.byte	0x3
 443 0340 70       		.byte	0x70
 444 0341 AF000000 		.4byte	0xaf
 445 0345 5E       		.byte	0x5e
 446 0346 06       		.uleb128 0x6
 447 0347 1A070000 		.4byte	.LASF72
 448 034b 03       		.byte	0x3
 449 034c 71       		.byte	0x71
 450 034d AF000000 		.4byte	0xaf
 451 0351 5F       		.byte	0x5f
 452 0352 06       		.uleb128 0x6
 453 0353 23050000 		.4byte	.LASF73
 454 0357 03       		.byte	0x3
 455 0358 72       		.byte	0x72
 456 0359 AF000000 		.4byte	0xaf
ARM GAS  C:\Users\subra\AppData\Local\Temp\cceNLAf1.s 			page 9


 457 035d 60       		.byte	0x60
 458 035e 06       		.uleb128 0x6
 459 035f 69060000 		.4byte	.LASF74
 460 0363 03       		.byte	0x3
 461 0364 73       		.byte	0x73
 462 0365 DB000000 		.4byte	0xdb
 463 0369 64       		.byte	0x64
 464 036a 06       		.uleb128 0x6
 465 036b E6000000 		.4byte	.LASF75
 466 036f 03       		.byte	0x3
 467 0370 76       		.byte	0x76
 468 0371 C5000000 		.4byte	0xc5
 469 0375 68       		.byte	0x68
 470 0376 06       		.uleb128 0x6
 471 0377 95030000 		.4byte	.LASF76
 472 037b 03       		.byte	0x3
 473 037c 77       		.byte	0x77
 474 037d C5000000 		.4byte	0xc5
 475 0381 6A       		.byte	0x6a
 476 0382 06       		.uleb128 0x6
 477 0383 E1030000 		.4byte	.LASF77
 478 0387 03       		.byte	0x3
 479 0388 78       		.byte	0x78
 480 0389 C5000000 		.4byte	0xc5
 481 038d 6C       		.byte	0x6c
 482 038e 06       		.uleb128 0x6
 483 038f 0F040000 		.4byte	.LASF78
 484 0393 03       		.byte	0x3
 485 0394 79       		.byte	0x79
 486 0395 C5000000 		.4byte	0xc5
 487 0399 6E       		.byte	0x6e
 488 039a 06       		.uleb128 0x6
 489 039b 9C070000 		.4byte	.LASF79
 490 039f 03       		.byte	0x3
 491 03a0 7B       		.byte	0x7b
 492 03a1 AF000000 		.4byte	0xaf
 493 03a5 70       		.byte	0x70
 494 03a6 06       		.uleb128 0x6
 495 03a7 61010000 		.4byte	.LASF80
 496 03ab 03       		.byte	0x3
 497 03ac 7C       		.byte	0x7c
 498 03ad AF000000 		.4byte	0xaf
 499 03b1 71       		.byte	0x71
 500 03b2 06       		.uleb128 0x6
 501 03b3 AA090000 		.4byte	.LASF81
 502 03b7 03       		.byte	0x3
 503 03b8 7D       		.byte	0x7d
 504 03b9 AF000000 		.4byte	0xaf
 505 03bd 72       		.byte	0x72
 506 03be 06       		.uleb128 0x6
 507 03bf FE040000 		.4byte	.LASF82
 508 03c3 03       		.byte	0x3
 509 03c4 7E       		.byte	0x7e
 510 03c5 AF000000 		.4byte	0xaf
 511 03c9 73       		.byte	0x73
 512 03ca 06       		.uleb128 0x6
 513 03cb 59020000 		.4byte	.LASF83
ARM GAS  C:\Users\subra\AppData\Local\Temp\cceNLAf1.s 			page 10


 514 03cf 03       		.byte	0x3
 515 03d0 80       		.byte	0x80
 516 03d1 C5000000 		.4byte	0xc5
 517 03d5 74       		.byte	0x74
 518 03d6 06       		.uleb128 0x6
 519 03d7 26080000 		.4byte	.LASF84
 520 03db 03       		.byte	0x3
 521 03dc 81       		.byte	0x81
 522 03dd C5000000 		.4byte	0xc5
 523 03e1 76       		.byte	0x76
 524 03e2 06       		.uleb128 0x6
 525 03e3 39020000 		.4byte	.LASF85
 526 03e7 03       		.byte	0x3
 527 03e8 82       		.byte	0x82
 528 03e9 C5000000 		.4byte	0xc5
 529 03ed 78       		.byte	0x78
 530 03ee 06       		.uleb128 0x6
 531 03ef 88000000 		.4byte	.LASF86
 532 03f3 03       		.byte	0x3
 533 03f4 83       		.byte	0x83
 534 03f5 C5000000 		.4byte	0xc5
 535 03f9 7A       		.byte	0x7a
 536 03fa 06       		.uleb128 0x6
 537 03fb 55090000 		.4byte	.LASF87
 538 03ff 03       		.byte	0x3
 539 0400 86       		.byte	0x86
 540 0401 AF000000 		.4byte	0xaf
 541 0405 7C       		.byte	0x7c
 542 0406 06       		.uleb128 0x6
 543 0407 AB080000 		.4byte	.LASF88
 544 040b 03       		.byte	0x3
 545 040c 87       		.byte	0x87
 546 040d AF000000 		.4byte	0xaf
 547 0411 7D       		.byte	0x7d
 548 0412 06       		.uleb128 0x6
 549 0413 26000000 		.4byte	.LASF89
 550 0417 03       		.byte	0x3
 551 0418 88       		.byte	0x88
 552 0419 AF000000 		.4byte	0xaf
 553 041d 7E       		.byte	0x7e
 554 041e 06       		.uleb128 0x6
 555 041f 95020000 		.4byte	.LASF90
 556 0423 03       		.byte	0x3
 557 0424 89       		.byte	0x89
 558 0425 AF000000 		.4byte	0xaf
 559 0429 7F       		.byte	0x7f
 560 042a 06       		.uleb128 0x6
 561 042b 18030000 		.4byte	.LASF91
 562 042f 03       		.byte	0x3
 563 0430 8A       		.byte	0x8a
 564 0431 AF000000 		.4byte	0xaf
 565 0435 80       		.byte	0x80
 566 0436 06       		.uleb128 0x6
 567 0437 6F040000 		.4byte	.LASF92
 568 043b 03       		.byte	0x3
 569 043c 8D       		.byte	0x8d
 570 043d DB000000 		.4byte	0xdb
ARM GAS  C:\Users\subra\AppData\Local\Temp\cceNLAf1.s 			page 11


 571 0441 84       		.byte	0x84
 572 0442 06       		.uleb128 0x6
 573 0443 D2010000 		.4byte	.LASF93
 574 0447 03       		.byte	0x3
 575 0448 8E       		.byte	0x8e
 576 0449 DB000000 		.4byte	0xdb
 577 044d 88       		.byte	0x88
 578 044e 06       		.uleb128 0x6
 579 044f 40090000 		.4byte	.LASF94
 580 0453 03       		.byte	0x3
 581 0454 8F       		.byte	0x8f
 582 0455 DB000000 		.4byte	0xdb
 583 0459 8C       		.byte	0x8c
 584 045a 06       		.uleb128 0x6
 585 045b A5040000 		.4byte	.LASF95
 586 045f 03       		.byte	0x3
 587 0460 90       		.byte	0x90
 588 0461 DB000000 		.4byte	0xdb
 589 0465 90       		.byte	0x90
 590 0466 06       		.uleb128 0x6
 591 0467 D9020000 		.4byte	.LASF96
 592 046b 03       		.byte	0x3
 593 046c 91       		.byte	0x91
 594 046d DB000000 		.4byte	0xdb
 595 0471 94       		.byte	0x94
 596 0472 06       		.uleb128 0x6
 597 0473 59040000 		.4byte	.LASF97
 598 0477 03       		.byte	0x3
 599 0478 92       		.byte	0x92
 600 0479 DB000000 		.4byte	0xdb
 601 047d 98       		.byte	0x98
 602 047e 06       		.uleb128 0x6
 603 047f 6A090000 		.4byte	.LASF98
 604 0483 03       		.byte	0x3
 605 0484 93       		.byte	0x93
 606 0485 DB000000 		.4byte	0xdb
 607 0489 9C       		.byte	0x9c
 608 048a 06       		.uleb128 0x6
 609 048b F6000000 		.4byte	.LASF99
 610 048f 03       		.byte	0x3
 611 0490 94       		.byte	0x94
 612 0491 DB000000 		.4byte	0xdb
 613 0495 A0       		.byte	0xa0
 614 0496 06       		.uleb128 0x6
 615 0497 8A010000 		.4byte	.LASF100
 616 049b 03       		.byte	0x3
 617 049c 95       		.byte	0x95
 618 049d C5000000 		.4byte	0xc5
 619 04a1 A4       		.byte	0xa4
 620 04a2 06       		.uleb128 0x6
 621 04a3 44040000 		.4byte	.LASF101
 622 04a7 03       		.byte	0x3
 623 04a8 96       		.byte	0x96
 624 04a9 C5000000 		.4byte	0xc5
 625 04ad A6       		.byte	0xa6
 626 04ae 06       		.uleb128 0x6
 627 04af BC060000 		.4byte	.LASF102
ARM GAS  C:\Users\subra\AppData\Local\Temp\cceNLAf1.s 			page 12


 628 04b3 03       		.byte	0x3
 629 04b4 97       		.byte	0x97
 630 04b5 C5000000 		.4byte	0xc5
 631 04b9 A8       		.byte	0xa8
 632 04ba 06       		.uleb128 0x6
 633 04bb F4070000 		.4byte	.LASF103
 634 04bf 03       		.byte	0x3
 635 04c0 98       		.byte	0x98
 636 04c1 C5000000 		.4byte	0xc5
 637 04c5 AA       		.byte	0xaa
 638 04c6 06       		.uleb128 0x6
 639 04c7 F0030000 		.4byte	.LASF104
 640 04cb 03       		.byte	0x3
 641 04cc 99       		.byte	0x99
 642 04cd C5000000 		.4byte	0xc5
 643 04d1 AC       		.byte	0xac
 644 04d2 06       		.uleb128 0x6
 645 04d3 15050000 		.4byte	.LASF105
 646 04d7 03       		.byte	0x3
 647 04d8 9A       		.byte	0x9a
 648 04d9 C5000000 		.4byte	0xc5
 649 04dd AE       		.byte	0xae
 650 04de 06       		.uleb128 0x6
 651 04df 90080000 		.4byte	.LASF106
 652 04e3 03       		.byte	0x3
 653 04e4 9D       		.byte	0x9d
 654 04e5 C5000000 		.4byte	0xc5
 655 04e9 B0       		.byte	0xb0
 656 04ea 06       		.uleb128 0x6
 657 04eb 39000000 		.4byte	.LASF107
 658 04ef 03       		.byte	0x3
 659 04f0 9E       		.byte	0x9e
 660 04f1 DB000000 		.4byte	0xdb
 661 04f5 B4       		.byte	0xb4
 662 04f6 00       		.byte	0
 663 04f7 04       		.uleb128 0x4
 664 04f8 28040000 		.4byte	.LASF108
 665 04fc 03       		.byte	0x3
 666 04fd 9F       		.byte	0x9f
 667 04fe E6000000 		.4byte	0xe6
 668 0502 03       		.uleb128 0x3
 669 0503 04       		.byte	0x4
 670 0504 04       		.byte	0x4
 671 0505 63060000 		.4byte	.LASF109
 672 0509 03       		.uleb128 0x3
 673 050a 08       		.byte	0x8
 674 050b 04       		.byte	0x4
 675 050c 32020000 		.4byte	.LASF110
 676 0510 07       		.uleb128 0x7
 677 0511 02       		.byte	0x2
 678 0512 04       		.byte	0x4
 679 0513 6401     		.2byte	0x164
 680 0515 34050000 		.4byte	0x534
 681 0519 08       		.uleb128 0x8
 682 051a 80090000 		.4byte	.LASF111
 683 051e 04       		.byte	0x4
 684 051f 6E01     		.2byte	0x16e
ARM GAS  C:\Users\subra\AppData\Local\Temp\cceNLAf1.s 			page 13


 685 0521 AF000000 		.4byte	0xaf
 686 0525 00       		.byte	0
 687 0526 08       		.uleb128 0x8
 688 0527 86040000 		.4byte	.LASF112
 689 052b 04       		.byte	0x4
 690 052c 7201     		.2byte	0x172
 691 052e AF000000 		.4byte	0xaf
 692 0532 01       		.byte	0x1
 693 0533 00       		.byte	0
 694 0534 09       		.uleb128 0x9
 695 0535 9D000000 		.4byte	.LASF113
 696 0539 04       		.byte	0x4
 697 053a 7401     		.2byte	0x174
 698 053c 10050000 		.4byte	0x510
 699 0540 0A       		.uleb128 0xa
 700 0541 01       		.byte	0x1
 701 0542 4B000000 		.4byte	0x4b
 702 0546 05       		.byte	0x5
 703 0547 7E       		.byte	0x7e
 704 0548 65050000 		.4byte	0x565
 705 054c 0B       		.uleb128 0xb
 706 054d 1F090000 		.4byte	.LASF114
 707 0551 00       		.byte	0
 708 0552 0B       		.uleb128 0xb
 709 0553 DF040000 		.4byte	.LASF115
 710 0557 01       		.byte	0x1
 711 0558 0B       		.uleb128 0xb
 712 0559 02090000 		.4byte	.LASF116
 713 055d 02       		.byte	0x2
 714 055e 0B       		.uleb128 0xb
 715 055f 9F010000 		.4byte	.LASF117
 716 0563 03       		.byte	0x3
 717 0564 00       		.byte	0
 718 0565 04       		.uleb128 0x4
 719 0566 F7010000 		.4byte	.LASF118
 720 056a 05       		.byte	0x5
 721 056b 83       		.byte	0x83
 722 056c 40050000 		.4byte	0x540
 723 0570 0A       		.uleb128 0xa
 724 0571 01       		.byte	0x1
 725 0572 4B000000 		.4byte	0x4b
 726 0576 05       		.byte	0x5
 727 0577 87       		.byte	0x87
 728 0578 AD050000 		.4byte	0x5ad
 729 057c 0B       		.uleb128 0xb
 730 057d BC080000 		.4byte	.LASF119
 731 0581 00       		.byte	0
 732 0582 0B       		.uleb128 0xb
 733 0583 D2090000 		.4byte	.LASF120
 734 0587 01       		.byte	0x1
 735 0588 0B       		.uleb128 0xb
 736 0589 45030000 		.4byte	.LASF121
 737 058d 02       		.byte	0x2
 738 058e 0B       		.uleb128 0xb
 739 058f EE020000 		.4byte	.LASF122
 740 0593 03       		.byte	0x3
 741 0594 0B       		.uleb128 0xb
ARM GAS  C:\Users\subra\AppData\Local\Temp\cceNLAf1.s 			page 14


 742 0595 6B020000 		.4byte	.LASF123
 743 0599 04       		.byte	0x4
 744 059a 0B       		.uleb128 0xb
 745 059b 38070000 		.4byte	.LASF124
 746 059f 05       		.byte	0x5
 747 05a0 0B       		.uleb128 0xb
 748 05a1 61030000 		.4byte	.LASF125
 749 05a5 06       		.byte	0x6
 750 05a6 0B       		.uleb128 0xb
 751 05a7 3F060000 		.4byte	.LASF126
 752 05ab 07       		.byte	0x7
 753 05ac 00       		.byte	0
 754 05ad 04       		.uleb128 0x4
 755 05ae 3F050000 		.4byte	.LASF127
 756 05b2 05       		.byte	0x5
 757 05b3 90       		.byte	0x90
 758 05b4 70050000 		.4byte	0x570
 759 05b8 03       		.uleb128 0x3
 760 05b9 01       		.byte	0x1
 761 05ba 02       		.byte	0x2
 762 05bb 62070000 		.4byte	.LASF128
 763 05bf 0C       		.uleb128 0xc
 764 05c0 B2060000 		.4byte	.LASF129
 765 05c4 03       		.byte	0x3
 766 05c5 A7       		.byte	0xa7
 767 05c6 CA050000 		.4byte	0x5ca
 768 05ca 0D       		.uleb128 0xd
 769 05cb 04       		.byte	0x4
 770 05cc D0050000 		.4byte	0x5d0
 771 05d0 0E       		.uleb128 0xe
 772 05d1 F7040000 		.4byte	0x4f7
 773 05d5 0F       		.uleb128 0xf
 774 05d6 0C010000 		.4byte	.LASF130
 775 05da 06       		.byte	0x6
 776 05db F907     		.2byte	0x7f9
 777 05dd E1050000 		.4byte	0x5e1
 778 05e1 10       		.uleb128 0x10
 779 05e2 D0000000 		.4byte	0xd0
 780 05e6 0F       		.uleb128 0xf
 781 05e7 43080000 		.4byte	.LASF131
 782 05eb 05       		.byte	0x5
 783 05ec 2202     		.2byte	0x222
 784 05ee 65050000 		.4byte	0x565
 785 05f2 11       		.uleb128 0x11
 786 05f3 34050000 		.4byte	0x534
 787 05f7 02060000 		.4byte	0x602
 788 05fb 12       		.uleb128 0x12
 789 05fc A1000000 		.4byte	0xa1
 790 0600 00       		.byte	0
 791 0601 00       		.byte	0
 792 0602 0F       		.uleb128 0xf
 793 0603 DB080000 		.4byte	.LASF132
 794 0607 05       		.byte	0x5
 795 0608 2C02     		.2byte	0x22c
 796 060a F2050000 		.4byte	0x5f2
 797 060e 11       		.uleb128 0x11
 798 060f AD050000 		.4byte	0x5ad
ARM GAS  C:\Users\subra\AppData\Local\Temp\cceNLAf1.s 			page 15


 799 0613 1E060000 		.4byte	0x61e
 800 0617 12       		.uleb128 0x12
 801 0618 A1000000 		.4byte	0xa1
 802 061c 00       		.byte	0
 803 061d 00       		.byte	0
 804 061e 0F       		.uleb128 0xf
 805 061f FE030000 		.4byte	.LASF133
 806 0623 05       		.byte	0x5
 807 0624 2D02     		.2byte	0x22d
 808 0626 0E060000 		.4byte	0x60e
 809 062a 0F       		.uleb128 0xf
 810 062b 0D080000 		.4byte	.LASF134
 811 062f 05       		.byte	0x5
 812 0630 5202     		.2byte	0x252
 813 0632 AF000000 		.4byte	0xaf
 814 0636 00       		.byte	0
 815              		.section	.debug_abbrev,"",%progbits
 816              	.Ldebug_abbrev0:
 817 0000 01       		.uleb128 0x1
 818 0001 11       		.uleb128 0x11
 819 0002 01       		.byte	0x1
 820 0003 25       		.uleb128 0x25
 821 0004 0E       		.uleb128 0xe
 822 0005 13       		.uleb128 0x13
 823 0006 0B       		.uleb128 0xb
 824 0007 03       		.uleb128 0x3
 825 0008 0E       		.uleb128 0xe
 826 0009 1B       		.uleb128 0x1b
 827 000a 0E       		.uleb128 0xe
 828 000b 10       		.uleb128 0x10
 829 000c 17       		.uleb128 0x17
 830 000d 00       		.byte	0
 831 000e 00       		.byte	0
 832 000f 02       		.uleb128 0x2
 833 0010 24       		.uleb128 0x24
 834 0011 00       		.byte	0
 835 0012 0B       		.uleb128 0xb
 836 0013 0B       		.uleb128 0xb
 837 0014 3E       		.uleb128 0x3e
 838 0015 0B       		.uleb128 0xb
 839 0016 03       		.uleb128 0x3
 840 0017 08       		.uleb128 0x8
 841 0018 00       		.byte	0
 842 0019 00       		.byte	0
 843 001a 03       		.uleb128 0x3
 844 001b 24       		.uleb128 0x24
 845 001c 00       		.byte	0
 846 001d 0B       		.uleb128 0xb
 847 001e 0B       		.uleb128 0xb
 848 001f 3E       		.uleb128 0x3e
 849 0020 0B       		.uleb128 0xb
 850 0021 03       		.uleb128 0x3
 851 0022 0E       		.uleb128 0xe
 852 0023 00       		.byte	0
 853 0024 00       		.byte	0
 854 0025 04       		.uleb128 0x4
 855 0026 16       		.uleb128 0x16
ARM GAS  C:\Users\subra\AppData\Local\Temp\cceNLAf1.s 			page 16


 856 0027 00       		.byte	0
 857 0028 03       		.uleb128 0x3
 858 0029 0E       		.uleb128 0xe
 859 002a 3A       		.uleb128 0x3a
 860 002b 0B       		.uleb128 0xb
 861 002c 3B       		.uleb128 0x3b
 862 002d 0B       		.uleb128 0xb
 863 002e 49       		.uleb128 0x49
 864 002f 13       		.uleb128 0x13
 865 0030 00       		.byte	0
 866 0031 00       		.byte	0
 867 0032 05       		.uleb128 0x5
 868 0033 13       		.uleb128 0x13
 869 0034 01       		.byte	0x1
 870 0035 0B       		.uleb128 0xb
 871 0036 0B       		.uleb128 0xb
 872 0037 3A       		.uleb128 0x3a
 873 0038 0B       		.uleb128 0xb
 874 0039 3B       		.uleb128 0x3b
 875 003a 0B       		.uleb128 0xb
 876 003b 01       		.uleb128 0x1
 877 003c 13       		.uleb128 0x13
 878 003d 00       		.byte	0
 879 003e 00       		.byte	0
 880 003f 06       		.uleb128 0x6
 881 0040 0D       		.uleb128 0xd
 882 0041 00       		.byte	0
 883 0042 03       		.uleb128 0x3
 884 0043 0E       		.uleb128 0xe
 885 0044 3A       		.uleb128 0x3a
 886 0045 0B       		.uleb128 0xb
 887 0046 3B       		.uleb128 0x3b
 888 0047 0B       		.uleb128 0xb
 889 0048 49       		.uleb128 0x49
 890 0049 13       		.uleb128 0x13
 891 004a 38       		.uleb128 0x38
 892 004b 0B       		.uleb128 0xb
 893 004c 00       		.byte	0
 894 004d 00       		.byte	0
 895 004e 07       		.uleb128 0x7
 896 004f 13       		.uleb128 0x13
 897 0050 01       		.byte	0x1
 898 0051 0B       		.uleb128 0xb
 899 0052 0B       		.uleb128 0xb
 900 0053 3A       		.uleb128 0x3a
 901 0054 0B       		.uleb128 0xb
 902 0055 3B       		.uleb128 0x3b
 903 0056 05       		.uleb128 0x5
 904 0057 01       		.uleb128 0x1
 905 0058 13       		.uleb128 0x13
 906 0059 00       		.byte	0
 907 005a 00       		.byte	0
 908 005b 08       		.uleb128 0x8
 909 005c 0D       		.uleb128 0xd
 910 005d 00       		.byte	0
 911 005e 03       		.uleb128 0x3
 912 005f 0E       		.uleb128 0xe
ARM GAS  C:\Users\subra\AppData\Local\Temp\cceNLAf1.s 			page 17


 913 0060 3A       		.uleb128 0x3a
 914 0061 0B       		.uleb128 0xb
 915 0062 3B       		.uleb128 0x3b
 916 0063 05       		.uleb128 0x5
 917 0064 49       		.uleb128 0x49
 918 0065 13       		.uleb128 0x13
 919 0066 38       		.uleb128 0x38
 920 0067 0B       		.uleb128 0xb
 921 0068 00       		.byte	0
 922 0069 00       		.byte	0
 923 006a 09       		.uleb128 0x9
 924 006b 16       		.uleb128 0x16
 925 006c 00       		.byte	0
 926 006d 03       		.uleb128 0x3
 927 006e 0E       		.uleb128 0xe
 928 006f 3A       		.uleb128 0x3a
 929 0070 0B       		.uleb128 0xb
 930 0071 3B       		.uleb128 0x3b
 931 0072 05       		.uleb128 0x5
 932 0073 49       		.uleb128 0x49
 933 0074 13       		.uleb128 0x13
 934 0075 00       		.byte	0
 935 0076 00       		.byte	0
 936 0077 0A       		.uleb128 0xa
 937 0078 04       		.uleb128 0x4
 938 0079 01       		.byte	0x1
 939 007a 0B       		.uleb128 0xb
 940 007b 0B       		.uleb128 0xb
 941 007c 49       		.uleb128 0x49
 942 007d 13       		.uleb128 0x13
 943 007e 3A       		.uleb128 0x3a
 944 007f 0B       		.uleb128 0xb
 945 0080 3B       		.uleb128 0x3b
 946 0081 0B       		.uleb128 0xb
 947 0082 01       		.uleb128 0x1
 948 0083 13       		.uleb128 0x13
 949 0084 00       		.byte	0
 950 0085 00       		.byte	0
 951 0086 0B       		.uleb128 0xb
 952 0087 28       		.uleb128 0x28
 953 0088 00       		.byte	0
 954 0089 03       		.uleb128 0x3
 955 008a 0E       		.uleb128 0xe
 956 008b 1C       		.uleb128 0x1c
 957 008c 0B       		.uleb128 0xb
 958 008d 00       		.byte	0
 959 008e 00       		.byte	0
 960 008f 0C       		.uleb128 0xc
 961 0090 34       		.uleb128 0x34
 962 0091 00       		.byte	0
 963 0092 03       		.uleb128 0x3
 964 0093 0E       		.uleb128 0xe
 965 0094 3A       		.uleb128 0x3a
 966 0095 0B       		.uleb128 0xb
 967 0096 3B       		.uleb128 0x3b
 968 0097 0B       		.uleb128 0xb
 969 0098 49       		.uleb128 0x49
ARM GAS  C:\Users\subra\AppData\Local\Temp\cceNLAf1.s 			page 18


 970 0099 13       		.uleb128 0x13
 971 009a 3F       		.uleb128 0x3f
 972 009b 19       		.uleb128 0x19
 973 009c 3C       		.uleb128 0x3c
 974 009d 19       		.uleb128 0x19
 975 009e 00       		.byte	0
 976 009f 00       		.byte	0
 977 00a0 0D       		.uleb128 0xd
 978 00a1 0F       		.uleb128 0xf
 979 00a2 00       		.byte	0
 980 00a3 0B       		.uleb128 0xb
 981 00a4 0B       		.uleb128 0xb
 982 00a5 49       		.uleb128 0x49
 983 00a6 13       		.uleb128 0x13
 984 00a7 00       		.byte	0
 985 00a8 00       		.byte	0
 986 00a9 0E       		.uleb128 0xe
 987 00aa 26       		.uleb128 0x26
 988 00ab 00       		.byte	0
 989 00ac 49       		.uleb128 0x49
 990 00ad 13       		.uleb128 0x13
 991 00ae 00       		.byte	0
 992 00af 00       		.byte	0
 993 00b0 0F       		.uleb128 0xf
 994 00b1 34       		.uleb128 0x34
 995 00b2 00       		.byte	0
 996 00b3 03       		.uleb128 0x3
 997 00b4 0E       		.uleb128 0xe
 998 00b5 3A       		.uleb128 0x3a
 999 00b6 0B       		.uleb128 0xb
 1000 00b7 3B       		.uleb128 0x3b
 1001 00b8 05       		.uleb128 0x5
 1002 00b9 49       		.uleb128 0x49
 1003 00ba 13       		.uleb128 0x13
 1004 00bb 3F       		.uleb128 0x3f
 1005 00bc 19       		.uleb128 0x19
 1006 00bd 3C       		.uleb128 0x3c
 1007 00be 19       		.uleb128 0x19
 1008 00bf 00       		.byte	0
 1009 00c0 00       		.byte	0
 1010 00c1 10       		.uleb128 0x10
 1011 00c2 35       		.uleb128 0x35
 1012 00c3 00       		.byte	0
 1013 00c4 49       		.uleb128 0x49
 1014 00c5 13       		.uleb128 0x13
 1015 00c6 00       		.byte	0
 1016 00c7 00       		.byte	0
 1017 00c8 11       		.uleb128 0x11
 1018 00c9 01       		.uleb128 0x1
 1019 00ca 01       		.byte	0x1
 1020 00cb 49       		.uleb128 0x49
 1021 00cc 13       		.uleb128 0x13
 1022 00cd 01       		.uleb128 0x1
 1023 00ce 13       		.uleb128 0x13
 1024 00cf 00       		.byte	0
 1025 00d0 00       		.byte	0
 1026 00d1 12       		.uleb128 0x12
ARM GAS  C:\Users\subra\AppData\Local\Temp\cceNLAf1.s 			page 19


 1027 00d2 21       		.uleb128 0x21
 1028 00d3 00       		.byte	0
 1029 00d4 49       		.uleb128 0x49
 1030 00d5 13       		.uleb128 0x13
 1031 00d6 2F       		.uleb128 0x2f
 1032 00d7 0B       		.uleb128 0xb
 1033 00d8 00       		.byte	0
 1034 00d9 00       		.byte	0
 1035 00da 00       		.byte	0
 1036              		.section	.debug_aranges,"",%progbits
 1037 0000 14000000 		.4byte	0x14
 1038 0004 0200     		.2byte	0x2
 1039 0006 00000000 		.4byte	.Ldebug_info0
 1040 000a 04       		.byte	0x4
 1041 000b 00       		.byte	0
 1042 000c 0000     		.2byte	0
 1043 000e 0000     		.2byte	0
 1044 0010 00000000 		.4byte	0
 1045 0014 00000000 		.4byte	0
 1046              		.section	.debug_line,"",%progbits
 1047              	.Ldebug_line0:
 1048 0000 E7010000 		.section	.debug_str,"MS",%progbits,1
 1048      0200E101 
 1048      00000201 
 1048      FB0E0D00 
 1048      01010101 
 1049              	.LASF57:
 1050 0000 70726F74 		.ascii	"protBusMasterMask\000"
 1050      4275734D 
 1050      61737465 
 1050      724D6173 
 1050      6B00
 1051              	.LASF67:
 1052 0012 666C6173 		.ascii	"flashCtlMainWs3Freq\000"
 1052      6843746C 
 1052      4D61696E 
 1052      57733346 
 1052      72657100 
 1053              	.LASF89:
 1054 0026 6770696F 		.ascii	"gpioPrtCfgInOffset\000"
 1054      50727443 
 1054      6667496E 
 1054      4F666673 
 1054      657400
 1055              	.LASF107:
 1056 0039 6970634C 		.ascii	"ipcLockStatusOffset\000"
 1056      6F636B53 
 1056      74617475 
 1056      734F6666 
 1056      73657400 
 1057              	.LASF33:
 1058 004d 63727970 		.ascii	"cryptoVersion\000"
 1058      746F5665 
 1058      7273696F 
 1058      6E00
 1059              	.LASF51:
 1060 005b 70657269 		.ascii	"periClockNr\000"
ARM GAS  C:\Users\subra\AppData\Local\Temp\cceNLAf1.s 			page 20


 1060      436C6F63 
 1060      6B4E7200 
 1061              	.LASF29:
 1062 0067 70617373 		.ascii	"passBase\000"
 1062      42617365 
 1062      00
 1063              	.LASF42:
 1064 0070 63707573 		.ascii	"cpussIpcIrqNr\000"
 1064      73497063 
 1064      4972714E 
 1064      7200
 1065              	.LASF5:
 1066 007e 5F5F7569 		.ascii	"__uint8_t\000"
 1066      6E74385F 
 1066      7400
 1067              	.LASF86:
 1068 0088 70657269 		.ascii	"periDiv24_5CtlOffset\000"
 1068      44697632 
 1068      345F3543 
 1068      746C4F66 
 1068      66736574 
 1069              	.LASF113:
 1070 009d 63795F73 		.ascii	"cy_stc_ble_conn_handle_t\000"
 1070      74635F62 
 1070      6C655F63 
 1070      6F6E6E5F 
 1070      68616E64 
 1071              	.LASF22:
 1072 00b6 63707573 		.ascii	"cpussBase\000"
 1072      73426173 
 1072      6500
 1073              	.LASF71:
 1074 00c0 64774368 		.ascii	"dwChCtlPrioPos\000"
 1074      43746C50 
 1074      72696F50 
 1074      6F7300
 1075              	.LASF14:
 1076 00cf 6C6F6E67 		.ascii	"long long unsigned int\000"
 1076      206C6F6E 
 1076      6720756E 
 1076      7369676E 
 1076      65642069 
 1077              	.LASF75:
 1078 00e6 70657269 		.ascii	"periTrCmdOffset\000"
 1078      5472436D 
 1078      644F6666 
 1078      73657400 
 1079              	.LASF99:
 1080 00f6 63707573 		.ascii	"cpussSysTickCtlOffset\000"
 1080      73537973 
 1080      5469636B 
 1080      43746C4F 
 1080      66667365 
 1081              	.LASF130:
 1082 010c 49544D5F 		.ascii	"ITM_RxBuffer\000"
 1082      52784275 
 1082      66666572 
ARM GAS  C:\Users\subra\AppData\Local\Temp\cceNLAf1.s 			page 21


 1082      00
 1083              	.LASF60:
 1084 0119 666C6173 		.ascii	"flashPipeRequired\000"
 1084      68506970 
 1084      65526571 
 1084      75697265 
 1084      6400
 1085              	.LASF64:
 1086 012b 666C6173 		.ascii	"flashCtlMainWs0Freq\000"
 1086      6843746C 
 1086      4D61696E 
 1086      57733046 
 1086      72657100 
 1087              	.LASF18:
 1088 013f 696E7431 		.ascii	"int16_t\000"
 1088      365F7400 
 1089              	.LASF1:
 1090 0147 6C6F6E67 		.ascii	"long long int\000"
 1090      206C6F6E 
 1090      6720696E 
 1090      7400
 1091              	.LASF3:
 1092 0155 7369676E 		.ascii	"signed char\000"
 1092      65642063 
 1092      68617200 
 1093              	.LASF80:
 1094 0161 70657269 		.ascii	"periDivCmdTypeSelPos\000"
 1094      44697643 
 1094      6D645479 
 1094      70655365 
 1094      6C506F73 
 1095              	.LASF26:
 1096 0176 70726F74 		.ascii	"protBase\000"
 1096      42617365 
 1096      00
 1097              	.LASF38:
 1098 017f 69706356 		.ascii	"ipcVersion\000"
 1098      65727369 
 1098      6F6E00
 1099              	.LASF100:
 1100 018a 63707573 		.ascii	"cpussCm0NmiCtlOffset\000"
 1100      73436D30 
 1100      4E6D6943 
 1100      746C4F66 
 1100      66736574 
 1101              	.LASF117:
 1102 019f 43595F42 		.ascii	"CY_BLE_ADV_STATE_STOP_INITIATED\000"
 1102      4C455F41 
 1102      44565F53 
 1102      54415445 
 1102      5F53544F 
 1103              	.LASF27:
 1104 01bf 6873696F 		.ascii	"hsiomBase\000"
 1104      6D426173 
 1104      6500
 1105              	.LASF11:
 1106 01c9 6C6F6E67 		.ascii	"long int\000"
ARM GAS  C:\Users\subra\AppData\Local\Temp\cceNLAf1.s 			page 22


 1106      20696E74 
 1106      00
 1107              	.LASF93:
 1108 01d2 63707573 		.ascii	"cpussCm4ClockCtlOffset\000"
 1108      73436D34 
 1108      436C6F63 
 1108      6B43746C 
 1108      4F666673 
 1109              	.LASF58:
 1110 01e9 63727970 		.ascii	"cryptoMemSize\000"
 1110      746F4D65 
 1110      6D53697A 
 1110      6500
 1111              	.LASF118:
 1112 01f7 63795F65 		.ascii	"cy_en_ble_adv_state_t\000"
 1112      6E5F626C 
 1112      655F6164 
 1112      765F7374 
 1112      6174655F 
 1113              	.LASF24:
 1114 020d 70657269 		.ascii	"periBase\000"
 1114      42617365 
 1114      00
 1115              	.LASF56:
 1116 0216 73797350 		.ascii	"sysPmSimoPresent\000"
 1116      6D53696D 
 1116      6F507265 
 1116      73656E74 
 1116      00
 1117              	.LASF46:
 1118 0227 63707573 		.ascii	"cpussFmIrq\000"
 1118      73466D49 
 1118      727100
 1119              	.LASF110:
 1120 0232 646F7562 		.ascii	"double\000"
 1120      6C6500
 1121              	.LASF85:
 1122 0239 70657269 		.ascii	"periDiv16_5CtlOffset\000"
 1122      44697631 
 1122      365F3543 
 1122      746C4F66 
 1122      66736574 
 1123              	.LASF49:
 1124 024e 73727373 		.ascii	"srssNumPll\000"
 1124      4E756D50 
 1124      6C6C00
 1125              	.LASF83:
 1126 0259 70657269 		.ascii	"periDiv8CtlOffset\000"
 1126      44697638 
 1126      43746C4F 
 1126      66667365 
 1126      7400
 1127              	.LASF123:
 1128 026b 43595F42 		.ascii	"CY_BLE_CONN_STATE_CLIENT_INCL_DISCOVERING\000"
 1128      4C455F43 
 1128      4F4E4E5F 
 1128      53544154 
ARM GAS  C:\Users\subra\AppData\Local\Temp\cceNLAf1.s 			page 23


 1128      455F434C 
 1129              	.LASF90:
 1130 0295 6770696F 		.ascii	"gpioPrtCfgOutOffset\000"
 1130      50727443 
 1130      66674F75 
 1130      744F6666 
 1130      73657400 
 1131              	.LASF23:
 1132 02a9 666C6173 		.ascii	"flashcBase\000"
 1132      68634261 
 1132      736500
 1133              	.LASF12:
 1134 02b4 5F5F7569 		.ascii	"__uint32_t\000"
 1134      6E743332 
 1134      5F7400
 1135              	.LASF53:
 1136 02bf 70617373 		.ascii	"passSarChannels\000"
 1136      53617243 
 1136      68616E6E 
 1136      656C7300 
 1137              	.LASF6:
 1138 02cf 5F5F696E 		.ascii	"__int16_t\000"
 1138      7431365F 
 1138      7400
 1139              	.LASF96:
 1140 02d9 63707573 		.ascii	"cpussCm4PwrCtlOffset\000"
 1140      73436D34 
 1140      50777243 
 1140      746C4F66 
 1140      66736574 
 1141              	.LASF122:
 1142 02ee 43595F42 		.ascii	"CY_BLE_CONN_STATE_CLIENT_SRVC_DISCOVERING\000"
 1142      4C455F43 
 1142      4F4E4E5F 
 1142      53544154 
 1142      455F434C 
 1143              	.LASF91:
 1144 0318 6770696F 		.ascii	"gpioPrtCfgSioOffset\000"
 1144      50727443 
 1144      66675369 
 1144      6F4F6666 
 1144      73657400 
 1145              	.LASF43:
 1146 032c 63707573 		.ascii	"cpussDwChNr\000"
 1146      73447743 
 1146      684E7200 
 1147              	.LASF0:
 1148 0338 756E7369 		.ascii	"unsigned int\000"
 1148      676E6564 
 1148      20696E74 
 1148      00
 1149              	.LASF121:
 1150 0345 43595F42 		.ascii	"CY_BLE_CONN_STATE_CONNECTED\000"
 1150      4C455F43 
 1150      4F4E4E5F 
 1150      53544154 
 1150      455F434F 
ARM GAS  C:\Users\subra\AppData\Local\Temp\cceNLAf1.s 			page 24


 1151              	.LASF125:
 1152 0361 43595F42 		.ascii	"CY_BLE_CONN_STATE_CLIENT_DESCR_DISCOVERING\000"
 1152      4C455F43 
 1152      4F4E4E5F 
 1152      53544154 
 1152      455F434C 
 1153              	.LASF19:
 1154 038c 75696E74 		.ascii	"uint16_t\000"
 1154      31365F74 
 1154      00
 1155              	.LASF76:
 1156 0395 70657269 		.ascii	"periTrCmdGrSelMsk\000"
 1156      5472436D 
 1156      64477253 
 1156      656C4D73 
 1156      6B00
 1157              	.LASF13:
 1158 03a7 6C6F6E67 		.ascii	"long unsigned int\000"
 1158      20756E73 
 1158      69676E65 
 1158      6420696E 
 1158      7400
 1159              	.LASF41:
 1160 03b9 63707573 		.ascii	"cpussIpcNr\000"
 1160      73497063 
 1160      4E7200
 1161              	.LASF28:
 1162 03c4 6770696F 		.ascii	"gpioBase\000"
 1162      42617365 
 1162      00
 1163              	.LASF66:
 1164 03cd 666C6173 		.ascii	"flashCtlMainWs2Freq\000"
 1164      6843746C 
 1164      4D61696E 
 1164      57733246 
 1164      72657100 
 1165              	.LASF77:
 1166 03e1 70657269 		.ascii	"periTrGrOffset\000"
 1166      54724772 
 1166      4F666673 
 1166      657400
 1167              	.LASF104:
 1168 03f0 63707573 		.ascii	"cpussRam1Ctl0\000"
 1168      7352616D 
 1168      3143746C 
 1168      3000
 1169              	.LASF133:
 1170 03fe 63795F62 		.ascii	"cy_ble_connState\000"
 1170      6C655F63 
 1170      6F6E6E53 
 1170      74617465 
 1170      00
 1171              	.LASF78:
 1172 040f 70657269 		.ascii	"periTrGrSize\000"
 1172      54724772 
 1172      53697A65 
 1172      00
ARM GAS  C:\Users\subra\AppData\Local\Temp\cceNLAf1.s 			page 25


 1173              	.LASF36:
 1174 041c 6770696F 		.ascii	"gpioVersion\000"
 1174      56657273 
 1174      696F6E00 
 1175              	.LASF108:
 1176 0428 63795F73 		.ascii	"cy_stc_device_t\000"
 1176      74635F64 
 1176      65766963 
 1176      655F7400 
 1177              	.LASF54:
 1178 0438 65704D6F 		.ascii	"epMonitorNr\000"
 1178      6E69746F 
 1178      724E7200 
 1179              	.LASF101:
 1180 0444 63707573 		.ascii	"cpussCm4NmiCtlOffset\000"
 1180      73436D34 
 1180      4E6D6943 
 1180      746C4F66 
 1180      66736574 
 1181              	.LASF97:
 1182 0459 63707573 		.ascii	"cpussTrimRamCtlOffset\000"
 1182      73547269 
 1182      6D52616D 
 1182      43746C4F 
 1182      66667365 
 1183              	.LASF92:
 1184 046f 63707573 		.ascii	"cpussCm0ClockCtlOffset\000"
 1184      73436D30 
 1184      436C6F63 
 1184      6B43746C 
 1184      4F666673 
 1185              	.LASF112:
 1186 0486 61747449 		.ascii	"attId\000"
 1186      6400
 1187              	.LASF32:
 1188 048c 63707573 		.ascii	"cpussVersion\000"
 1188      73566572 
 1188      73696F6E 
 1188      00
 1189              	.LASF39:
 1190 0499 70657269 		.ascii	"periVersion\000"
 1190      56657273 
 1190      696F6E00 
 1191              	.LASF95:
 1192 04a5 63707573 		.ascii	"cpussCm0StatusOffset\000"
 1192      73436D30 
 1192      53746174 
 1192      75734F66 
 1192      66736574 
 1193              	.LASF15:
 1194 04ba 73697A65 		.ascii	"sizetype\000"
 1194      74797065 
 1194      00
 1195              	.LASF69:
 1196 04c3 64774368 		.ascii	"dwChOffset\000"
 1196      4F666673 
 1196      657400
ARM GAS  C:\Users\subra\AppData\Local\Temp\cceNLAf1.s 			page 26


 1197              	.LASF44:
 1198 04ce 63707573 		.ascii	"cpussFlashPaSize\000"
 1198      73466C61 
 1198      73685061 
 1198      53697A65 
 1198      00
 1199              	.LASF115:
 1200 04df 43595F42 		.ascii	"CY_BLE_ADV_STATE_ADV_INITIATED\000"
 1200      4C455F41 
 1200      44565F53 
 1200      54415445 
 1200      5F414456 
 1201              	.LASF82:
 1202 04fe 70657269 		.ascii	"periDivCmdPaTypeSelPos\000"
 1202      44697643 
 1202      6D645061 
 1202      54797065 
 1202      53656C50 
 1203              	.LASF105:
 1204 0515 63707573 		.ascii	"cpussRam2Ctl0\000"
 1204      7352616D 
 1204      3243746C 
 1204      3000
 1205              	.LASF73:
 1206 0523 64775374 		.ascii	"dwStatusChIdxPos\000"
 1206      61747573 
 1206      43684964 
 1206      78506F73 
 1206      00
 1207              	.LASF55:
 1208 0534 75646250 		.ascii	"udbPresent\000"
 1208      72657365 
 1208      6E7400
 1209              	.LASF127:
 1210 053f 63795F65 		.ascii	"cy_en_ble_conn_state_t\000"
 1210      6E5F626C 
 1210      655F636F 
 1210      6E6E5F73 
 1210      74617465 
 1211              	.LASF35:
 1212 0556 666C6173 		.ascii	"flashcVersion\000"
 1212      68635665 
 1212      7273696F 
 1212      6E00
 1213              	.LASF31:
 1214 0564 63727970 		.ascii	"cryptoBase\000"
 1214      746F4261 
 1214      736500
 1215              	.LASF52:
 1216 056f 736D6966 		.ascii	"smifDeviceNr\000"
 1216      44657669 
 1216      63654E72 
 1216      00
 1217              	.LASF135:
 1218 057c 474E5520 		.ascii	"GNU C11 5.4.1 20160609 (release) [ARM/embedded-5-br"
 1218      43313120 
 1218      352E342E 
ARM GAS  C:\Users\subra\AppData\Local\Temp\cceNLAf1.s 			page 27


 1218      31203230 
 1218      31363036 
 1219 05af 616E6368 		.ascii	"anch revision 237715] -mcpu=cortex-m4 -mfloat-abi=s"
 1219      20726576 
 1219      6973696F 
 1219      6E203233 
 1219      37373135 
 1220 05e2 6F667466 		.ascii	"oftfp -mfpu=fpv4-sp-d16 -mthumb -g -Og -ffunction-s"
 1220      70202D6D 
 1220      6670753D 
 1220      66707634 
 1220      2D73702D 
 1221 0615 65637469 		.ascii	"ections -ffat-lto-objects\000"
 1221      6F6E7320 
 1221      2D666661 
 1221      742D6C74 
 1221      6F2D6F62 
 1222              	.LASF61:
 1223 062f 666C6173 		.ascii	"flashWriteDelay\000"
 1223      68577269 
 1223      74654465 
 1223      6C617900 
 1224              	.LASF126:
 1225 063f 43595F42 		.ascii	"CY_BLE_CONN_STATE_CLIENT_DISCOVERED\000"
 1225      4C455F43 
 1225      4F4E4E5F 
 1225      53544154 
 1225      455F434C 
 1226              	.LASF109:
 1227 0663 666C6F61 		.ascii	"float\000"
 1227      7400
 1228              	.LASF74:
 1229 0669 64775374 		.ascii	"dwStatusChIdxMsk\000"
 1229      61747573 
 1229      43684964 
 1229      784D736B 
 1229      00
 1230              	.LASF136:
 1231 067a 47656E65 		.ascii	"Generated_Source\\PSoC6\\pdl\\middleware\\ble\\cy_b"
 1231      72617465 
 1231      645F536F 
 1231      75726365 
 1231      5C50536F 
 1232 06a8 6C655F63 		.ascii	"le_cscs.c\000"
 1232      7363732E 
 1232      6300
 1233              	.LASF129:
 1234 06b2 63795F64 		.ascii	"cy_device\000"
 1234      65766963 
 1234      6500
 1235              	.LASF102:
 1236 06bc 63707573 		.ascii	"cpussRomCtl\000"
 1236      73526F6D 
 1236      43746C00 
 1237              	.LASF137:
 1238 06c8 443A5C50 		.ascii	"D:\\Projects\\NS\\Neural-Stimulator-Firmware\\new\\"
 1238      726F6A65 
ARM GAS  C:\Users\subra\AppData\Local\Temp\cceNLAf1.s 			page 28


 1238      6374735C 
 1238      4E535C4E 
 1238      65757261 
 1239 06f6 50534F43 		.ascii	"PSOC6\\AlertSystem\\AlertSystem.cydsn\000"
 1239      365C416C 
 1239      65727453 
 1239      79737465 
 1239      6D5C416C 
 1240              	.LASF72:
 1241 071a 64774368 		.ascii	"dwChCtlPreemptablePos\000"
 1241      43746C50 
 1241      7265656D 
 1241      70746162 
 1241      6C65506F 
 1242              	.LASF25:
 1243 0730 75646242 		.ascii	"udbBase\000"
 1243      61736500 
 1244              	.LASF124:
 1245 0738 43595F42 		.ascii	"CY_BLE_CONN_STATE_CLIENT_CHAR_DISCOVERING\000"
 1245      4C455F43 
 1245      4F4E4E5F 
 1245      53544154 
 1245      455F434C 
 1246              	.LASF128:
 1247 0762 5F426F6F 		.ascii	"_Bool\000"
 1247      6C00
 1248              	.LASF20:
 1249 0768 696E7433 		.ascii	"int32_t\000"
 1249      325F7400 
 1250              	.LASF4:
 1251 0770 756E7369 		.ascii	"unsigned char\000"
 1251      676E6564 
 1251      20636861 
 1251      7200
 1252              	.LASF68:
 1253 077e 666C6173 		.ascii	"flashCtlMainWs4Freq\000"
 1253      6843746C 
 1253      4D61696E 
 1253      57733446 
 1253      72657100 
 1254              	.LASF7:
 1255 0792 73686F72 		.ascii	"short int\000"
 1255      7420696E 
 1255      7400
 1256              	.LASF79:
 1257 079c 70657269 		.ascii	"periDivCmdDivSelMsk\000"
 1257      44697643 
 1257      6D644469 
 1257      7653656C 
 1257      4D736B00 
 1258              	.LASF50:
 1259 07b0 73727373 		.ascii	"srssNumHfroot\000"
 1259      4E756D48 
 1259      66726F6F 
 1259      7400
 1260              	.LASF63:
 1261 07be 666C6173 		.ascii	"flashEraseDelay\000"
ARM GAS  C:\Users\subra\AppData\Local\Temp\cceNLAf1.s 			page 29


 1261      68457261 
 1261      73654465 
 1261      6C617900 
 1262              	.LASF21:
 1263 07ce 75696E74 		.ascii	"uint32_t\000"
 1263      33325F74 
 1263      00
 1264              	.LASF2:
 1265 07d7 6C6F6E67 		.ascii	"long double\000"
 1265      20646F75 
 1265      626C6500 
 1266              	.LASF16:
 1267 07e3 63686172 		.ascii	"char\000"
 1267      00
 1268              	.LASF40:
 1269 07e8 70726F74 		.ascii	"protVersion\000"
 1269      56657273 
 1269      696F6E00 
 1270              	.LASF103:
 1271 07f4 63707573 		.ascii	"cpussRam0Ctl0\000"
 1271      7352616D 
 1271      3043746C 
 1271      3000
 1272              	.LASF8:
 1273 0802 5F5F7569 		.ascii	"__uint16_t\000"
 1273      6E743136 
 1273      5F7400
 1274              	.LASF134:
 1275 080d 63795F62 		.ascii	"cy_ble_pendingFlashWrite\000"
 1275      6C655F70 
 1275      656E6469 
 1275      6E67466C 
 1275      61736857 
 1276              	.LASF84:
 1277 0826 70657269 		.ascii	"periDiv16CtlOffset\000"
 1277      44697631 
 1277      3643746C 
 1277      4F666673 
 1277      657400
 1278              	.LASF10:
 1279 0839 5F5F696E 		.ascii	"__int32_t\000"
 1279      7433325F 
 1279      7400
 1280              	.LASF131:
 1281 0843 63795F62 		.ascii	"cy_ble_advState\000"
 1281      6C655F61 
 1281      64765374 
 1281      61746500 
 1282              	.LASF37:
 1283 0853 6873696F 		.ascii	"hsiomVersion\000"
 1283      6D566572 
 1283      73696F6E 
 1283      00
 1284              	.LASF65:
 1285 0860 666C6173 		.ascii	"flashCtlMainWs1Freq\000"
 1285      6843746C 
 1285      4D61696E 
ARM GAS  C:\Users\subra\AppData\Local\Temp\cceNLAf1.s 			page 30


 1285      57733146 
 1285      72657100 
 1286              	.LASF9:
 1287 0874 73686F72 		.ascii	"short unsigned int\000"
 1287      7420756E 
 1287      7369676E 
 1287      65642069 
 1287      6E7400
 1288              	.LASF70:
 1289 0887 64774368 		.ascii	"dwChSize\000"
 1289      53697A65 
 1289      00
 1290              	.LASF106:
 1291 0890 69706353 		.ascii	"ipcStructSize\000"
 1291      74727563 
 1291      7453697A 
 1291      6500
 1292              	.LASF45:
 1293 089e 63707573 		.ascii	"cpussIpc0Irq\000"
 1293      73497063 
 1293      30497271 
 1293      00
 1294              	.LASF88:
 1295 08ab 6770696F 		.ascii	"gpioPrtCfgOffset\000"
 1295      50727443 
 1295      66674F66 
 1295      66736574 
 1295      00
 1296              	.LASF119:
 1297 08bc 43595F42 		.ascii	"CY_BLE_CONN_STATE_DISCONNECTED\000"
 1297      4C455F43 
 1297      4F4E4E5F 
 1297      53544154 
 1297      455F4449 
 1298              	.LASF132:
 1299 08db 63795F62 		.ascii	"cy_ble_connHandle\000"
 1299      6C655F63 
 1299      6F6E6E48 
 1299      616E646C 
 1299      6500
 1300              	.LASF47:
 1301 08ed 63707573 		.ascii	"cpussNotConnectedIrq\000"
 1301      734E6F74 
 1301      436F6E6E 
 1301      65637465 
 1301      64497271 
 1302              	.LASF116:
 1303 0902 43595F42 		.ascii	"CY_BLE_ADV_STATE_ADVERTISING\000"
 1303      4C455F41 
 1303      44565F53 
 1303      54415445 
 1303      5F414456 
 1304              	.LASF114:
 1305 091f 43595F42 		.ascii	"CY_BLE_ADV_STATE_STOPPED\000"
 1305      4C455F41 
 1305      44565F53 
 1305      54415445 
ARM GAS  C:\Users\subra\AppData\Local\Temp\cceNLAf1.s 			page 31


 1305      5F53544F 
 1306              	.LASF17:
 1307 0938 75696E74 		.ascii	"uint8_t\000"
 1307      385F7400 
 1308              	.LASF94:
 1309 0940 63707573 		.ascii	"cpussCm4StatusOffset\000"
 1309      73436D34 
 1309      53746174 
 1309      75734F66 
 1309      66736574 
 1310              	.LASF87:
 1311 0955 6770696F 		.ascii	"gpioPrtIntrCfgOffset\000"
 1311      50727449 
 1311      6E747243 
 1311      66674F66 
 1311      66736574 
 1312              	.LASF98:
 1313 096a 63707573 		.ascii	"cpussTrimRomCtlOffset\000"
 1313      73547269 
 1313      6D526F6D 
 1313      43746C4F 
 1313      66667365 
 1314              	.LASF111:
 1315 0980 62644861 		.ascii	"bdHandle\000"
 1315      6E646C65 
 1315      00
 1316              	.LASF48:
 1317 0989 73727373 		.ascii	"srssNumClkpath\000"
 1317      4E756D43 
 1317      6C6B7061 
 1317      746800
 1318              	.LASF34:
 1319 0998 64775665 		.ascii	"dwVersion\000"
 1319      7273696F 
 1319      6E00
 1320              	.LASF30:
 1321 09a2 69706342 		.ascii	"ipcBase\000"
 1321      61736500 
 1322              	.LASF81:
 1323 09aa 70657269 		.ascii	"periDivCmdPaDivSelPos\000"
 1323      44697643 
 1323      6D645061 
 1323      44697653 
 1323      656C506F 
 1324              	.LASF62:
 1325 09c0 666C6173 		.ascii	"flashProgramDelay\000"
 1325      6850726F 
 1325      6772616D 
 1325      44656C61 
 1325      7900
 1326              	.LASF120:
 1327 09d2 43595F42 		.ascii	"CY_BLE_CONN_STATE_CLIENT_DISCONNECTED_DISCOVERED\000"
 1327      4C455F43 
 1327      4F4E4E5F 
 1327      53544154 
 1327      455F434C 
 1328              	.LASF59:
ARM GAS  C:\Users\subra\AppData\Local\Temp\cceNLAf1.s 			page 32


 1329 0a03 666C6173 		.ascii	"flashRwwRequired\000"
 1329      68527777 
 1329      52657175 
 1329      69726564 
 1329      00
 1330              		.ident	"GCC: (GNU Tools for ARM Embedded Processors) 5.4.1 20160609 (release) [ARM/embedded-5-bran
