ARM GAS  C:\Users\cmila\AppData\Local\Temp\cc6E9SQd.s 			page 1


   1              		.syntax unified
   2              		.cpu cortex-m4
   3              		.eabi_attribute 27, 1
   4              		.fpu fpv4-sp-d16
   5              		.eabi_attribute 20, 1
   6              		.eabi_attribute 21, 1
   7              		.eabi_attribute 23, 3
   8              		.eabi_attribute 24, 1
   9              		.eabi_attribute 25, 1
  10              		.eabi_attribute 26, 1
  11              		.eabi_attribute 30, 1
  12              		.eabi_attribute 34, 1
  13              		.eabi_attribute 18, 4
  14              		.thumb
  15              		.syntax unified
  16              		.file	"croutine.c"
  17              		.text
  18              	.Ltext0:
  19              		.cfi_sections	.debug_frame
  20              	.Letext0:
  21              		.file 1 "c:\\program files (x86)\\cypress\\psoc creator\\4.4\\psoc creator\\import\\gnu\\arm\\5.4.
  22              		.file 2 "c:\\program files (x86)\\cypress\\psoc creator\\4.4\\psoc creator\\import\\gnu\\arm\\5.4.
  23              		.file 3 "Generated_Source\\PSoC6\\pdl\\cmsis/include/core_cm4.h"
  24              		.section	.debug_info,"",%progbits
  25              	.Ldebug_info0:
  26 0000 AA000000 		.4byte	0xaa
  27 0004 0400     		.2byte	0x4
  28 0006 00000000 		.4byte	.Ldebug_abbrev0
  29 000a 04       		.byte	0x4
  30 000b 01       		.uleb128 0x1
  31 000c 0E000000 		.4byte	.LASF16
  32 0010 0C       		.byte	0xc
  33 0011 D3010000 		.4byte	.LASF17
  34 0015 C1000000 		.4byte	.LASF18
  35 0019 00000000 		.4byte	.Ldebug_line0
  36 001d 02       		.uleb128 0x2
  37 001e 04       		.byte	0x4
  38 001f 05       		.byte	0x5
  39 0020 696E7400 		.ascii	"int\000"
  40 0024 03       		.uleb128 0x3
  41 0025 04       		.byte	0x4
  42 0026 07       		.byte	0x7
  43 0027 9E010000 		.4byte	.LASF0
  44 002b 03       		.uleb128 0x3
  45 002c 08       		.byte	0x8
  46 002d 05       		.byte	0x5
  47 002e 00000000 		.4byte	.LASF1
  48 0032 03       		.uleb128 0x3
  49 0033 08       		.byte	0x8
  50 0034 04       		.byte	0x4
  51 0035 B5010000 		.4byte	.LASF2
  52 0039 03       		.uleb128 0x3
  53 003a 01       		.byte	0x1
  54 003b 06       		.byte	0x6
  55 003c 92010000 		.4byte	.LASF3
  56 0040 03       		.uleb128 0x3
  57 0041 01       		.byte	0x1
ARM GAS  C:\Users\cmila\AppData\Local\Temp\cc6E9SQd.s 			page 2


  58 0042 08       		.byte	0x8
  59 0043 4F010000 		.4byte	.LASF4
  60 0047 03       		.uleb128 0x3
  61 0048 02       		.byte	0x2
  62 0049 05       		.byte	0x5
  63 004a C1010000 		.4byte	.LASF5
  64 004e 03       		.uleb128 0x3
  65 004f 02       		.byte	0x2
  66 0050 07       		.byte	0x7
  67 0051 7F010000 		.4byte	.LASF6
  68 0055 04       		.uleb128 0x4
  69 0056 AB010000 		.4byte	.LASF10
  70 005a 01       		.byte	0x1
  71 005b 3F       		.byte	0x3f
  72 005c 60000000 		.4byte	0x60
  73 0060 03       		.uleb128 0x3
  74 0061 04       		.byte	0x4
  75 0062 05       		.byte	0x5
  76 0063 76010000 		.4byte	.LASF7
  77 0067 03       		.uleb128 0x3
  78 0068 04       		.byte	0x4
  79 0069 07       		.byte	0x7
  80 006a 20010000 		.4byte	.LASF8
  81 006e 03       		.uleb128 0x3
  82 006f 08       		.byte	0x8
  83 0070 07       		.byte	0x7
  84 0071 32010000 		.4byte	.LASF9
  85 0075 04       		.uleb128 0x4
  86 0076 CB010000 		.4byte	.LASF11
  87 007a 02       		.byte	0x2
  88 007b 2C       		.byte	0x2c
  89 007c 55000000 		.4byte	0x55
  90 0080 03       		.uleb128 0x3
  91 0081 04       		.byte	0x4
  92 0082 07       		.byte	0x7
  93 0083 15020000 		.4byte	.LASF12
  94 0087 03       		.uleb128 0x3
  95 0088 01       		.byte	0x1
  96 0089 08       		.byte	0x8
  97 008a 5D010000 		.4byte	.LASF13
  98 008e 03       		.uleb128 0x3
  99 008f 04       		.byte	0x4
 100 0090 04       		.byte	0x4
 101 0091 49010000 		.4byte	.LASF14
 102 0095 03       		.uleb128 0x3
 103 0096 08       		.byte	0x8
 104 0097 04       		.byte	0x4
 105 0098 6F010000 		.4byte	.LASF15
 106 009c 05       		.uleb128 0x5
 107 009d 62010000 		.4byte	.LASF19
 108 00a1 03       		.byte	0x3
 109 00a2 F907     		.2byte	0x7f9
 110 00a4 A8000000 		.4byte	0xa8
 111 00a8 06       		.uleb128 0x6
 112 00a9 75000000 		.4byte	0x75
 113 00ad 00       		.byte	0
 114              		.section	.debug_abbrev,"",%progbits
ARM GAS  C:\Users\cmila\AppData\Local\Temp\cc6E9SQd.s 			page 3


 115              	.Ldebug_abbrev0:
 116 0000 01       		.uleb128 0x1
 117 0001 11       		.uleb128 0x11
 118 0002 01       		.byte	0x1
 119 0003 25       		.uleb128 0x25
 120 0004 0E       		.uleb128 0xe
 121 0005 13       		.uleb128 0x13
 122 0006 0B       		.uleb128 0xb
 123 0007 03       		.uleb128 0x3
 124 0008 0E       		.uleb128 0xe
 125 0009 1B       		.uleb128 0x1b
 126 000a 0E       		.uleb128 0xe
 127 000b 10       		.uleb128 0x10
 128 000c 17       		.uleb128 0x17
 129 000d 00       		.byte	0
 130 000e 00       		.byte	0
 131 000f 02       		.uleb128 0x2
 132 0010 24       		.uleb128 0x24
 133 0011 00       		.byte	0
 134 0012 0B       		.uleb128 0xb
 135 0013 0B       		.uleb128 0xb
 136 0014 3E       		.uleb128 0x3e
 137 0015 0B       		.uleb128 0xb
 138 0016 03       		.uleb128 0x3
 139 0017 08       		.uleb128 0x8
 140 0018 00       		.byte	0
 141 0019 00       		.byte	0
 142 001a 03       		.uleb128 0x3
 143 001b 24       		.uleb128 0x24
 144 001c 00       		.byte	0
 145 001d 0B       		.uleb128 0xb
 146 001e 0B       		.uleb128 0xb
 147 001f 3E       		.uleb128 0x3e
 148 0020 0B       		.uleb128 0xb
 149 0021 03       		.uleb128 0x3
 150 0022 0E       		.uleb128 0xe
 151 0023 00       		.byte	0
 152 0024 00       		.byte	0
 153 0025 04       		.uleb128 0x4
 154 0026 16       		.uleb128 0x16
 155 0027 00       		.byte	0
 156 0028 03       		.uleb128 0x3
 157 0029 0E       		.uleb128 0xe
 158 002a 3A       		.uleb128 0x3a
 159 002b 0B       		.uleb128 0xb
 160 002c 3B       		.uleb128 0x3b
 161 002d 0B       		.uleb128 0xb
 162 002e 49       		.uleb128 0x49
 163 002f 13       		.uleb128 0x13
 164 0030 00       		.byte	0
 165 0031 00       		.byte	0
 166 0032 05       		.uleb128 0x5
 167 0033 34       		.uleb128 0x34
 168 0034 00       		.byte	0
 169 0035 03       		.uleb128 0x3
 170 0036 0E       		.uleb128 0xe
 171 0037 3A       		.uleb128 0x3a
ARM GAS  C:\Users\cmila\AppData\Local\Temp\cc6E9SQd.s 			page 4


 172 0038 0B       		.uleb128 0xb
 173 0039 3B       		.uleb128 0x3b
 174 003a 05       		.uleb128 0x5
 175 003b 49       		.uleb128 0x49
 176 003c 13       		.uleb128 0x13
 177 003d 3F       		.uleb128 0x3f
 178 003e 19       		.uleb128 0x19
 179 003f 3C       		.uleb128 0x3c
 180 0040 19       		.uleb128 0x19
 181 0041 00       		.byte	0
 182 0042 00       		.byte	0
 183 0043 06       		.uleb128 0x6
 184 0044 35       		.uleb128 0x35
 185 0045 00       		.byte	0
 186 0046 49       		.uleb128 0x49
 187 0047 13       		.uleb128 0x13
 188 0048 00       		.byte	0
 189 0049 00       		.byte	0
 190 004a 00       		.byte	0
 191              		.section	.debug_aranges,"",%progbits
 192 0000 14000000 		.4byte	0x14
 193 0004 0200     		.2byte	0x2
 194 0006 00000000 		.4byte	.Ldebug_info0
 195 000a 04       		.byte	0x4
 196 000b 00       		.byte	0
 197 000c 0000     		.2byte	0
 198 000e 0000     		.2byte	0
 199 0010 00000000 		.4byte	0
 200 0014 00000000 		.4byte	0
 201              		.section	.debug_line,"",%progbits
 202              	.Ldebug_line0:
 203 0000 4D010000 		.section	.debug_str,"MS",%progbits,1
 203      02004701 
 203      00000201 
 203      FB0E0D00 
 203      01010101 
 204              	.LASF1:
 205 0000 6C6F6E67 		.ascii	"long long int\000"
 205      206C6F6E 
 205      6720696E 
 205      7400
 206              	.LASF16:
 207 000e 474E5520 		.ascii	"GNU C11 5.4.1 20160609 (release) [ARM/embedded-5-br"
 207      43313120 
 207      352E342E 
 207      31203230 
 207      31363036 
 208 0041 616E6368 		.ascii	"anch revision 237715] -mcpu=cortex-m4 -mfloat-abi=s"
 208      20726576 
 208      6973696F 
 208      6E203233 
 208      37373135 
 209 0074 6F667466 		.ascii	"oftfp -mfpu=fpv4-sp-d16 -mthumb -g -Og -ffunction-s"
 209      70202D6D 
 209      6670753D 
 209      66707634 
 209      2D73702D 
ARM GAS  C:\Users\cmila\AppData\Local\Temp\cc6E9SQd.s 			page 5


 210 00a7 65637469 		.ascii	"ections -ffat-lto-objects\000"
 210      6F6E7320 
 210      2D666661 
 210      742D6C74 
 210      6F2D6F62 
 211              	.LASF18:
 212 00c1 433A5C55 		.ascii	"C:\\Users\\cmila\\uni\\projects\\Neural-Stimulator-"
 212      73657273 
 212      5C636D69 
 212      6C615C75 
 212      6E695C70 
 213 00ef 4669726D 		.ascii	"Firmware\\new\\PSOC6\\BLE_DAC\\BLE_DAC\\BLE_DAC.cyd"
 213      77617265 
 213      5C6E6577 
 213      5C50534F 
 213      43365C42 
 214 011d 736E00   		.ascii	"sn\000"
 215              	.LASF8:
 216 0120 6C6F6E67 		.ascii	"long unsigned int\000"
 216      20756E73 
 216      69676E65 
 216      6420696E 
 216      7400
 217              	.LASF9:
 218 0132 6C6F6E67 		.ascii	"long long unsigned int\000"
 218      206C6F6E 
 218      6720756E 
 218      7369676E 
 218      65642069 
 219              	.LASF14:
 220 0149 666C6F61 		.ascii	"float\000"
 220      7400
 221              	.LASF4:
 222 014f 756E7369 		.ascii	"unsigned char\000"
 222      676E6564 
 222      20636861 
 222      7200
 223              	.LASF13:
 224 015d 63686172 		.ascii	"char\000"
 224      00
 225              	.LASF19:
 226 0162 49544D5F 		.ascii	"ITM_RxBuffer\000"
 226      52784275 
 226      66666572 
 226      00
 227              	.LASF15:
 228 016f 646F7562 		.ascii	"double\000"
 228      6C6500
 229              	.LASF7:
 230 0176 6C6F6E67 		.ascii	"long int\000"
 230      20696E74 
 230      00
 231              	.LASF6:
 232 017f 73686F72 		.ascii	"short unsigned int\000"
 232      7420756E 
 232      7369676E 
 232      65642069 
ARM GAS  C:\Users\cmila\AppData\Local\Temp\cc6E9SQd.s 			page 6


 232      6E7400
 233              	.LASF3:
 234 0192 7369676E 		.ascii	"signed char\000"
 234      65642063 
 234      68617200 
 235              	.LASF0:
 236 019e 756E7369 		.ascii	"unsigned int\000"
 236      676E6564 
 236      20696E74 
 236      00
 237              	.LASF10:
 238 01ab 5F5F696E 		.ascii	"__int32_t\000"
 238      7433325F 
 238      7400
 239              	.LASF2:
 240 01b5 6C6F6E67 		.ascii	"long double\000"
 240      20646F75 
 240      626C6500 
 241              	.LASF5:
 242 01c1 73686F72 		.ascii	"short int\000"
 242      7420696E 
 242      7400
 243              	.LASF11:
 244 01cb 696E7433 		.ascii	"int32_t\000"
 244      325F7400 
 245              	.LASF17:
 246 01d3 47656E65 		.ascii	"Generated_Source\\PSoC6\\pdl\\rtos\\FreeRTOS\\10.0."
 246      72617465 
 246      645F536F 
 246      75726365 
 246      5C50536F 
 247 0201 315C536F 		.ascii	"1\\Source\\croutine.c\000"
 247      75726365 
 247      5C63726F 
 247      7574696E 
 247      652E6300 
 248              	.LASF12:
 249 0215 73697A65 		.ascii	"sizetype\000"
 249      74797065 
 249      00
 250              		.ident	"GCC: (GNU Tools for ARM Embedded Processors) 5.4.1 20160609 (release) [ARM/embedded-5-bran
