ARM GAS  C:\Users\cmila\AppData\Local\Temp\ccAqHVCB.s 			page 1


   1              		.syntax unified
   2              		.cpu cortex-m4
   3              		.eabi_attribute 27, 1
   4              		.fpu fpv4-sp-d16
   5              		.eabi_attribute 20, 1
   6              		.eabi_attribute 21, 1
   7              		.eabi_attribute 23, 3
   8              		.eabi_attribute 24, 1
   9              		.eabi_attribute 25, 1
  10              		.eabi_attribute 26, 1
  11              		.eabi_attribute 30, 1
  12              		.eabi_attribute 34, 1
  13              		.eabi_attribute 18, 4
  14              		.thumb
  15              		.syntax unified
  16              		.file	"cy_tcpwm_counter.c"
  17              		.text
  18              	.Ltext0:
  19              		.cfi_sections	.debug_frame
  20              		.section	.text.Cy_TCPWM_Counter_Init,"ax",%progbits
  21              		.align	2
  22              		.global	Cy_TCPWM_Counter_Init
  23              		.thumb
  24              		.thumb_func
  25              		.type	Cy_TCPWM_Counter_Init, %function
  26              	Cy_TCPWM_Counter_Init:
  27              	.LFB158:
  28              		.file 1 "Generated_Source\\PSoC6\\pdl\\drivers\\peripheral\\tcpwm\\cy_tcpwm_counter.c"
   1:Generated_Source\PSoC6\pdl\drivers\peripheral\tcpwm/cy_tcpwm_counter.c **** /***************************************************************************//**
   2:Generated_Source\PSoC6\pdl\drivers\peripheral\tcpwm/cy_tcpwm_counter.c **** * \file cy_tcpwm_counter.c
   3:Generated_Source\PSoC6\pdl\drivers\peripheral\tcpwm/cy_tcpwm_counter.c **** * \version 1.10
   4:Generated_Source\PSoC6\pdl\drivers\peripheral\tcpwm/cy_tcpwm_counter.c **** *
   5:Generated_Source\PSoC6\pdl\drivers\peripheral\tcpwm/cy_tcpwm_counter.c **** * \brief
   6:Generated_Source\PSoC6\pdl\drivers\peripheral\tcpwm/cy_tcpwm_counter.c **** *  The source file of the tcpwm driver.
   7:Generated_Source\PSoC6\pdl\drivers\peripheral\tcpwm/cy_tcpwm_counter.c **** *
   8:Generated_Source\PSoC6\pdl\drivers\peripheral\tcpwm/cy_tcpwm_counter.c **** ********************************************************************************
   9:Generated_Source\PSoC6\pdl\drivers\peripheral\tcpwm/cy_tcpwm_counter.c **** * \copyright
  10:Generated_Source\PSoC6\pdl\drivers\peripheral\tcpwm/cy_tcpwm_counter.c **** * Copyright 2016-2018, Cypress Semiconductor Corporation.  All rights reserved.
  11:Generated_Source\PSoC6\pdl\drivers\peripheral\tcpwm/cy_tcpwm_counter.c **** * You may use this file only in accordance with the license, terms, conditions,
  12:Generated_Source\PSoC6\pdl\drivers\peripheral\tcpwm/cy_tcpwm_counter.c **** * disclaimers, and limitations in the end user license agreement accompanying
  13:Generated_Source\PSoC6\pdl\drivers\peripheral\tcpwm/cy_tcpwm_counter.c **** * the software package with which this file was provided.
  14:Generated_Source\PSoC6\pdl\drivers\peripheral\tcpwm/cy_tcpwm_counter.c **** *******************************************************************************/
  15:Generated_Source\PSoC6\pdl\drivers\peripheral\tcpwm/cy_tcpwm_counter.c **** 
  16:Generated_Source\PSoC6\pdl\drivers\peripheral\tcpwm/cy_tcpwm_counter.c **** #include "cy_tcpwm_counter.h"
  17:Generated_Source\PSoC6\pdl\drivers\peripheral\tcpwm/cy_tcpwm_counter.c **** 
  18:Generated_Source\PSoC6\pdl\drivers\peripheral\tcpwm/cy_tcpwm_counter.c **** #ifdef CY_IP_MXTCPWM
  19:Generated_Source\PSoC6\pdl\drivers\peripheral\tcpwm/cy_tcpwm_counter.c **** 
  20:Generated_Source\PSoC6\pdl\drivers\peripheral\tcpwm/cy_tcpwm_counter.c **** #if defined(__cplusplus)
  21:Generated_Source\PSoC6\pdl\drivers\peripheral\tcpwm/cy_tcpwm_counter.c **** extern "C" {
  22:Generated_Source\PSoC6\pdl\drivers\peripheral\tcpwm/cy_tcpwm_counter.c **** #endif
  23:Generated_Source\PSoC6\pdl\drivers\peripheral\tcpwm/cy_tcpwm_counter.c **** 
  24:Generated_Source\PSoC6\pdl\drivers\peripheral\tcpwm/cy_tcpwm_counter.c **** 
  25:Generated_Source\PSoC6\pdl\drivers\peripheral\tcpwm/cy_tcpwm_counter.c **** /*******************************************************************************
  26:Generated_Source\PSoC6\pdl\drivers\peripheral\tcpwm/cy_tcpwm_counter.c **** * Function Name: Cy_TCPWM_Counter_Init
  27:Generated_Source\PSoC6\pdl\drivers\peripheral\tcpwm/cy_tcpwm_counter.c **** ****************************************************************************//**
  28:Generated_Source\PSoC6\pdl\drivers\peripheral\tcpwm/cy_tcpwm_counter.c **** *
  29:Generated_Source\PSoC6\pdl\drivers\peripheral\tcpwm/cy_tcpwm_counter.c **** * Initializes the counter in the TCPWM block for the Counter operation.
ARM GAS  C:\Users\cmila\AppData\Local\Temp\ccAqHVCB.s 			page 2


  30:Generated_Source\PSoC6\pdl\drivers\peripheral\tcpwm/cy_tcpwm_counter.c **** *
  31:Generated_Source\PSoC6\pdl\drivers\peripheral\tcpwm/cy_tcpwm_counter.c **** * \param base
  32:Generated_Source\PSoC6\pdl\drivers\peripheral\tcpwm/cy_tcpwm_counter.c **** * The pointer to a TCPWM instance.
  33:Generated_Source\PSoC6\pdl\drivers\peripheral\tcpwm/cy_tcpwm_counter.c **** *
  34:Generated_Source\PSoC6\pdl\drivers\peripheral\tcpwm/cy_tcpwm_counter.c **** * \param cntNum
  35:Generated_Source\PSoC6\pdl\drivers\peripheral\tcpwm/cy_tcpwm_counter.c **** * The Counter instance number in the selected TCPWM.
  36:Generated_Source\PSoC6\pdl\drivers\peripheral\tcpwm/cy_tcpwm_counter.c **** *
  37:Generated_Source\PSoC6\pdl\drivers\peripheral\tcpwm/cy_tcpwm_counter.c **** * \param config
  38:Generated_Source\PSoC6\pdl\drivers\peripheral\tcpwm/cy_tcpwm_counter.c **** * The pointer to configuration structure. See \ref cy_stc_tcpwm_counter_config_t.
  39:Generated_Source\PSoC6\pdl\drivers\peripheral\tcpwm/cy_tcpwm_counter.c **** *
  40:Generated_Source\PSoC6\pdl\drivers\peripheral\tcpwm/cy_tcpwm_counter.c **** * \return error / status code. See \ref cy_en_tcpwm_status_t.
  41:Generated_Source\PSoC6\pdl\drivers\peripheral\tcpwm/cy_tcpwm_counter.c **** *
  42:Generated_Source\PSoC6\pdl\drivers\peripheral\tcpwm/cy_tcpwm_counter.c **** * \funcusage
  43:Generated_Source\PSoC6\pdl\drivers\peripheral\tcpwm/cy_tcpwm_counter.c **** * \snippet tcpwm\1.10\counter\snippet\main.c snippet_Cy_TCPWM_Counter_Config
  44:Generated_Source\PSoC6\pdl\drivers\peripheral\tcpwm/cy_tcpwm_counter.c **** * \snippet tcpwm\1.10\counter\snippet\main.c snippet_Cy_TCPWM_Counter_Init
  45:Generated_Source\PSoC6\pdl\drivers\peripheral\tcpwm/cy_tcpwm_counter.c **** *
  46:Generated_Source\PSoC6\pdl\drivers\peripheral\tcpwm/cy_tcpwm_counter.c **** *******************************************************************************/
  47:Generated_Source\PSoC6\pdl\drivers\peripheral\tcpwm/cy_tcpwm_counter.c **** cy_en_tcpwm_status_t Cy_TCPWM_Counter_Init(TCPWM_Type *base, uint32_t cntNum, 
  48:Generated_Source\PSoC6\pdl\drivers\peripheral\tcpwm/cy_tcpwm_counter.c ****                                            cy_stc_tcpwm_counter_config_t const *config)
  49:Generated_Source\PSoC6\pdl\drivers\peripheral\tcpwm/cy_tcpwm_counter.c **** {
  29              		.loc 1 49 0
  30              		.cfi_startproc
  31              		@ args = 0, pretend = 0, frame = 0
  32              		@ frame_needed = 0, uses_anonymous_args = 0
  33              		@ link register save eliminated.
  34              	.LVL0:
  50:Generated_Source\PSoC6\pdl\drivers\peripheral\tcpwm/cy_tcpwm_counter.c ****     cy_en_tcpwm_status_t status = CY_TCPWM_BAD_PARAM;
  51:Generated_Source\PSoC6\pdl\drivers\peripheral\tcpwm/cy_tcpwm_counter.c **** 
  52:Generated_Source\PSoC6\pdl\drivers\peripheral\tcpwm/cy_tcpwm_counter.c ****     if ((NULL != base) && (NULL != config))
  35              		.loc 1 52 0
  36 0000 0028     		cmp	r0, #0
  37 0002 7DD0     		beq	.L9
  38 0004 0346     		mov	r3, r0
  39              		.loc 1 52 0 is_stmt 0 discriminator 1
  40 0006 002A     		cmp	r2, #0
  41 0008 7CD0     		beq	.L10
  49:Generated_Source\PSoC6\pdl\drivers\peripheral\tcpwm/cy_tcpwm_counter.c ****     cy_en_tcpwm_status_t status = CY_TCPWM_BAD_PARAM;
  42              		.loc 1 49 0 is_stmt 1
  43 000a 70B4     		push	{r4, r5, r6}
  44              		.cfi_def_cfa_offset 12
  45              		.cfi_offset 4, -12
  46              		.cfi_offset 5, -8
  47              		.cfi_offset 6, -4
  53:Generated_Source\PSoC6\pdl\drivers\peripheral\tcpwm/cy_tcpwm_counter.c ****     {
  54:Generated_Source\PSoC6\pdl\drivers\peripheral\tcpwm/cy_tcpwm_counter.c ****         TCPWM_CNT_CTRL(base, cntNum) = (_VAL2FLD(TCPWM_CNT_CTRL_GENERIC, config->clockPrescaler) |
  48              		.loc 1 54 0
  49 000c 5068     		ldr	r0, [r2, #4]
  50              	.LVL1:
  51 000e 0002     		lsls	r0, r0, #8
  52 0010 80B2     		uxth	r0, r0
  55:Generated_Source\PSoC6\pdl\drivers\peripheral\tcpwm/cy_tcpwm_counter.c ****                                       _VAL2FLD(TCPWM_CNT_CTRL_ONE_SHOT, config->runMode) |
  53              		.loc 1 55 0
  54 0012 9568     		ldr	r5, [r2, #8]
  55 0014 AD04     		lsls	r5, r5, #18
  56 0016 05F48025 		and	r5, r5, #262144
  54:Generated_Source\PSoC6\pdl\drivers\peripheral\tcpwm/cy_tcpwm_counter.c ****                                       _VAL2FLD(TCPWM_CNT_CTRL_ONE_SHOT, config->runMode) |
  57              		.loc 1 54 0
ARM GAS  C:\Users\cmila\AppData\Local\Temp\ccAqHVCB.s 			page 3


  58 001a 2843     		orrs	r0, r0, r5
  56:Generated_Source\PSoC6\pdl\drivers\peripheral\tcpwm/cy_tcpwm_counter.c ****                                       _VAL2FLD(TCPWM_CNT_CTRL_UP_DOWN_MODE, config->countDirection)
  59              		.loc 1 56 0
  60 001c D468     		ldr	r4, [r2, #12]
  61 001e 2404     		lsls	r4, r4, #16
  62 0020 04F44034 		and	r4, r4, #196608
  55:Generated_Source\PSoC6\pdl\drivers\peripheral\tcpwm/cy_tcpwm_counter.c ****                                       _VAL2FLD(TCPWM_CNT_CTRL_ONE_SHOT, config->runMode) |
  63              		.loc 1 55 0
  64 0024 0443     		orrs	r4, r4, r0
  57:Generated_Source\PSoC6\pdl\drivers\peripheral\tcpwm/cy_tcpwm_counter.c ****                                       _VAL2FLD(TCPWM_CNT_CTRL_MODE, config->compareOrCapture) |
  65              		.loc 1 57 0
  66 0026 1069     		ldr	r0, [r2, #16]
  67 0028 0006     		lsls	r0, r0, #24
  68 002a 00F0E060 		and	r0, r0, #117440512
  56:Generated_Source\PSoC6\pdl\drivers\peripheral\tcpwm/cy_tcpwm_counter.c ****                                       _VAL2FLD(TCPWM_CNT_CTRL_UP_DOWN_MODE, config->countDirection)
  69              		.loc 1 56 0
  70 002e 2043     		orrs	r0, r0, r4
  58:Generated_Source\PSoC6\pdl\drivers\peripheral\tcpwm/cy_tcpwm_counter.c ****                                       (config->enableCompareSwap ? TCPWM_CNT_CTRL_AUTO_RELOAD_CC_Ms
  71              		.loc 1 58 0
  72 0030 147F     		ldrb	r4, [r2, #28]	@ zero_extendqisi2
  73 0032 0CB1     		cbz	r4, .L11
  74 0034 0124     		movs	r4, #1
  75 0036 00E0     		b	.L3
  76              	.L11:
  77 0038 0024     		movs	r4, #0
  78              	.L3:
  57:Generated_Source\PSoC6\pdl\drivers\peripheral\tcpwm/cy_tcpwm_counter.c ****                                       _VAL2FLD(TCPWM_CNT_CTRL_MODE, config->compareOrCapture) |
  79              		.loc 1 57 0
  80 003a 2043     		orrs	r0, r0, r4
  54:Generated_Source\PSoC6\pdl\drivers\peripheral\tcpwm/cy_tcpwm_counter.c ****                                       _VAL2FLD(TCPWM_CNT_CTRL_ONE_SHOT, config->runMode) |
  81              		.loc 1 54 0
  82 003c 0C1D     		adds	r4, r1, #4
  83 003e A401     		lsls	r4, r4, #6
  84 0040 1851     		str	r0, [r3, r4]
  59:Generated_Source\PSoC6\pdl\drivers\peripheral\tcpwm/cy_tcpwm_counter.c **** 
  60:Generated_Source\PSoC6\pdl\drivers\peripheral\tcpwm/cy_tcpwm_counter.c ****         if (CY_TCPWM_COUNTER_COUNT_UP == config->countDirection)
  85              		.loc 1 60 0
  86 0042 D068     		ldr	r0, [r2, #12]
  87 0044 28B9     		cbnz	r0, .L4
  61:Generated_Source\PSoC6\pdl\drivers\peripheral\tcpwm/cy_tcpwm_counter.c ****         {
  62:Generated_Source\PSoC6\pdl\drivers\peripheral\tcpwm/cy_tcpwm_counter.c ****             TCPWM_CNT_COUNTER(base, cntNum) = CY_TCPWM_CNT_UP_INIT_VAL;
  88              		.loc 1 62 0
  89 0046 03EB8110 		add	r0, r3, r1, lsl #6
  90 004a 0024     		movs	r4, #0
  91 004c C0F80841 		str	r4, [r0, #264]
  92 0050 0CE0     		b	.L5
  93              	.L4:
  63:Generated_Source\PSoC6\pdl\drivers\peripheral\tcpwm/cy_tcpwm_counter.c ****         }
  64:Generated_Source\PSoC6\pdl\drivers\peripheral\tcpwm/cy_tcpwm_counter.c ****         else if (CY_TCPWM_COUNTER_COUNT_DOWN == config->countDirection)
  94              		.loc 1 64 0
  95 0052 0128     		cmp	r0, #1
  96 0054 05D1     		bne	.L6
  65:Generated_Source\PSoC6\pdl\drivers\peripheral\tcpwm/cy_tcpwm_counter.c ****         {
  66:Generated_Source\PSoC6\pdl\drivers\peripheral\tcpwm/cy_tcpwm_counter.c ****             TCPWM_CNT_COUNTER(base, cntNum) = config->period;
  97              		.loc 1 66 0
  98 0056 1468     		ldr	r4, [r2]
  99 0058 03EB8110 		add	r0, r3, r1, lsl #6
ARM GAS  C:\Users\cmila\AppData\Local\Temp\ccAqHVCB.s 			page 4


 100 005c C0F80841 		str	r4, [r0, #264]
 101 0060 04E0     		b	.L5
 102              	.L6:
  67:Generated_Source\PSoC6\pdl\drivers\peripheral\tcpwm/cy_tcpwm_counter.c ****         }
  68:Generated_Source\PSoC6\pdl\drivers\peripheral\tcpwm/cy_tcpwm_counter.c ****         else
  69:Generated_Source\PSoC6\pdl\drivers\peripheral\tcpwm/cy_tcpwm_counter.c ****         {
  70:Generated_Source\PSoC6\pdl\drivers\peripheral\tcpwm/cy_tcpwm_counter.c ****             TCPWM_CNT_COUNTER(base, cntNum) = CY_TCPWM_CNT_UP_DOWN_INIT_VAL;
 103              		.loc 1 70 0
 104 0062 03EB8110 		add	r0, r3, r1, lsl #6
 105 0066 0124     		movs	r4, #1
 106 0068 C0F80841 		str	r4, [r0, #264]
 107              	.L5:
  71:Generated_Source\PSoC6\pdl\drivers\peripheral\tcpwm/cy_tcpwm_counter.c ****         }
  72:Generated_Source\PSoC6\pdl\drivers\peripheral\tcpwm/cy_tcpwm_counter.c **** 
  73:Generated_Source\PSoC6\pdl\drivers\peripheral\tcpwm/cy_tcpwm_counter.c ****         if (CY_TCPWM_COUNTER_MODE_COMPARE == config->compareOrCapture)
 108              		.loc 1 73 0
 109 006c 1069     		ldr	r0, [r2, #16]
 110 006e 38B9     		cbnz	r0, .L7
  74:Generated_Source\PSoC6\pdl\drivers\peripheral\tcpwm/cy_tcpwm_counter.c ****         {
  75:Generated_Source\PSoC6\pdl\drivers\peripheral\tcpwm/cy_tcpwm_counter.c ****             TCPWM_CNT_CC(base, cntNum) = config->compare0;
 111              		.loc 1 75 0
 112 0070 5469     		ldr	r4, [r2, #20]
 113 0072 03EB8110 		add	r0, r3, r1, lsl #6
 114 0076 C0F80C41 		str	r4, [r0, #268]
  76:Generated_Source\PSoC6\pdl\drivers\peripheral\tcpwm/cy_tcpwm_counter.c ****             TCPWM_CNT_CC_BUFF(base, cntNum) = config->compare1;
 115              		.loc 1 76 0
 116 007a 9469     		ldr	r4, [r2, #24]
 117 007c C0F81041 		str	r4, [r0, #272]
 118              	.L7:
  77:Generated_Source\PSoC6\pdl\drivers\peripheral\tcpwm/cy_tcpwm_counter.c ****         }
  78:Generated_Source\PSoC6\pdl\drivers\peripheral\tcpwm/cy_tcpwm_counter.c **** 
  79:Generated_Source\PSoC6\pdl\drivers\peripheral\tcpwm/cy_tcpwm_counter.c ****         TCPWM_CNT_PERIOD(base, cntNum) = config->period;
 119              		.loc 1 79 0
 120 0080 1468     		ldr	r4, [r2]
 121 0082 03EB8110 		add	r0, r3, r1, lsl #6
 122 0086 C0F81441 		str	r4, [r0, #276]
  80:Generated_Source\PSoC6\pdl\drivers\peripheral\tcpwm/cy_tcpwm_counter.c **** 
  81:Generated_Source\PSoC6\pdl\drivers\peripheral\tcpwm/cy_tcpwm_counter.c ****         if (CY_TCPWM_INPUT_CREATOR != config->countInput)
 123              		.loc 1 81 0
 124 008a 906C     		ldr	r0, [r2, #72]
 125 008c B0F1FF3F 		cmp	r0, #-1
 126 0090 17D0     		beq	.L8
  82:Generated_Source\PSoC6\pdl\drivers\peripheral\tcpwm/cy_tcpwm_counter.c ****         {
  83:Generated_Source\PSoC6\pdl\drivers\peripheral\tcpwm/cy_tcpwm_counter.c ****             TCPWM_CNT_TR_CTRL0(base, cntNum) = (_VAL2FLD(TCPWM_CNT_TR_CTRL0_CAPTURE_SEL, config->ca
 127              		.loc 1 83 0
 128 0092 946A     		ldr	r4, [r2, #40]
 129 0094 04F00F04 		and	r4, r4, #15
  84:Generated_Source\PSoC6\pdl\drivers\peripheral\tcpwm/cy_tcpwm_counter.c ****                                               _VAL2FLD(TCPWM_CNT_TR_CTRL0_RELOAD_SEL, config->reloa
 130              		.loc 1 84 0
 131 0098 166B     		ldr	r6, [r2, #48]
 132 009a 3602     		lsls	r6, r6, #8
 133 009c 06F47066 		and	r6, r6, #3840
  83:Generated_Source\PSoC6\pdl\drivers\peripheral\tcpwm/cy_tcpwm_counter.c ****                                               _VAL2FLD(TCPWM_CNT_TR_CTRL0_RELOAD_SEL, config->reloa
 134              		.loc 1 83 0
 135 00a0 3443     		orrs	r4, r4, r6
  85:Generated_Source\PSoC6\pdl\drivers\peripheral\tcpwm/cy_tcpwm_counter.c ****                                               _VAL2FLD(TCPWM_CNT_TR_CTRL0_START_SEL, config->startI
 136              		.loc 1 85 0
ARM GAS  C:\Users\cmila\AppData\Local\Temp\ccAqHVCB.s 			page 5


 137 00a2 956B     		ldr	r5, [r2, #56]
 138 00a4 2D04     		lsls	r5, r5, #16
 139 00a6 05F47025 		and	r5, r5, #983040
  84:Generated_Source\PSoC6\pdl\drivers\peripheral\tcpwm/cy_tcpwm_counter.c ****                                               _VAL2FLD(TCPWM_CNT_TR_CTRL0_RELOAD_SEL, config->reloa
 140              		.loc 1 84 0
 141 00aa 2543     		orrs	r5, r5, r4
  86:Generated_Source\PSoC6\pdl\drivers\peripheral\tcpwm/cy_tcpwm_counter.c ****                                               _VAL2FLD(TCPWM_CNT_TR_CTRL0_STOP_SEL, config->stopInp
 142              		.loc 1 86 0
 143 00ac 146C     		ldr	r4, [r2, #64]
 144 00ae 2403     		lsls	r4, r4, #12
 145 00b0 A4B2     		uxth	r4, r4
  85:Generated_Source\PSoC6\pdl\drivers\peripheral\tcpwm/cy_tcpwm_counter.c ****                                               _VAL2FLD(TCPWM_CNT_TR_CTRL0_START_SEL, config->startI
 146              		.loc 1 85 0
 147 00b2 2C43     		orrs	r4, r4, r5
  87:Generated_Source\PSoC6\pdl\drivers\peripheral\tcpwm/cy_tcpwm_counter.c ****                                               _VAL2FLD(TCPWM_CNT_TR_CTRL0_COUNT_SEL, config->countI
 148              		.loc 1 87 0
 149 00b4 0001     		lsls	r0, r0, #4
 150 00b6 C0B2     		uxtb	r0, r0
  86:Generated_Source\PSoC6\pdl\drivers\peripheral\tcpwm/cy_tcpwm_counter.c ****                                               _VAL2FLD(TCPWM_CNT_TR_CTRL0_STOP_SEL, config->stopInp
 151              		.loc 1 86 0
 152 00b8 2043     		orrs	r0, r0, r4
  83:Generated_Source\PSoC6\pdl\drivers\peripheral\tcpwm/cy_tcpwm_counter.c ****                                               _VAL2FLD(TCPWM_CNT_TR_CTRL0_RELOAD_SEL, config->reloa
 153              		.loc 1 83 0
 154 00ba 03EB8114 		add	r4, r3, r1, lsl #6
 155 00be C4F82001 		str	r0, [r4, #288]
 156              	.L8:
  88:Generated_Source\PSoC6\pdl\drivers\peripheral\tcpwm/cy_tcpwm_counter.c ****         }
  89:Generated_Source\PSoC6\pdl\drivers\peripheral\tcpwm/cy_tcpwm_counter.c **** 
  90:Generated_Source\PSoC6\pdl\drivers\peripheral\tcpwm/cy_tcpwm_counter.c ****         TCPWM_CNT_TR_CTRL1(base, cntNum) = (_VAL2FLD(TCPWM_CNT_TR_CTRL1_CAPTURE_EDGE, config->captu
 157              		.loc 1 90 0
 158 00c2 506A     		ldr	r0, [r2, #36]
 159 00c4 00F00300 		and	r0, r0, #3
  91:Generated_Source\PSoC6\pdl\drivers\peripheral\tcpwm/cy_tcpwm_counter.c ****                                           _VAL2FLD(TCPWM_CNT_TR_CTRL1_RELOAD_EDGE, config->reloadIn
 160              		.loc 1 91 0
 161 00c8 D66A     		ldr	r6, [r2, #44]
 162 00ca 3601     		lsls	r6, r6, #4
 163 00cc 06F03006 		and	r6, r6, #48
  90:Generated_Source\PSoC6\pdl\drivers\peripheral\tcpwm/cy_tcpwm_counter.c ****                                           _VAL2FLD(TCPWM_CNT_TR_CTRL1_RELOAD_EDGE, config->reloadIn
 164              		.loc 1 90 0
 165 00d0 3043     		orrs	r0, r0, r6
  92:Generated_Source\PSoC6\pdl\drivers\peripheral\tcpwm/cy_tcpwm_counter.c ****                                           _VAL2FLD(TCPWM_CNT_TR_CTRL1_START_EDGE, config->startInpu
 166              		.loc 1 92 0
 167 00d2 556B     		ldr	r5, [r2, #52]
 168 00d4 2D02     		lsls	r5, r5, #8
 169 00d6 05F44075 		and	r5, r5, #768
  91:Generated_Source\PSoC6\pdl\drivers\peripheral\tcpwm/cy_tcpwm_counter.c ****                                           _VAL2FLD(TCPWM_CNT_TR_CTRL1_RELOAD_EDGE, config->reloadIn
 170              		.loc 1 91 0
 171 00da 2843     		orrs	r0, r0, r5
  93:Generated_Source\PSoC6\pdl\drivers\peripheral\tcpwm/cy_tcpwm_counter.c ****                                           _VAL2FLD(TCPWM_CNT_TR_CTRL1_STOP_EDGE, config->stopInputM
 172              		.loc 1 93 0
 173 00dc D46B     		ldr	r4, [r2, #60]
 174 00de A401     		lsls	r4, r4, #6
 175 00e0 E4B2     		uxtb	r4, r4
  92:Generated_Source\PSoC6\pdl\drivers\peripheral\tcpwm/cy_tcpwm_counter.c ****                                           _VAL2FLD(TCPWM_CNT_TR_CTRL1_START_EDGE, config->startInpu
 176              		.loc 1 92 0
 177 00e2 0443     		orrs	r4, r4, r0
  94:Generated_Source\PSoC6\pdl\drivers\peripheral\tcpwm/cy_tcpwm_counter.c ****                                           _VAL2FLD(TCPWM_CNT_TR_CTRL1_COUNT_EDGE, config->countInpu
ARM GAS  C:\Users\cmila\AppData\Local\Temp\ccAqHVCB.s 			page 6


 178              		.loc 1 94 0
 179 00e4 506C     		ldr	r0, [r2, #68]
 180 00e6 8000     		lsls	r0, r0, #2
 181 00e8 00F00C00 		and	r0, r0, #12
  93:Generated_Source\PSoC6\pdl\drivers\peripheral\tcpwm/cy_tcpwm_counter.c ****                                           _VAL2FLD(TCPWM_CNT_TR_CTRL1_STOP_EDGE, config->stopInputM
 182              		.loc 1 93 0
 183 00ec 2043     		orrs	r0, r0, r4
  90:Generated_Source\PSoC6\pdl\drivers\peripheral\tcpwm/cy_tcpwm_counter.c ****                                           _VAL2FLD(TCPWM_CNT_TR_CTRL1_RELOAD_EDGE, config->reloadIn
 184              		.loc 1 90 0
 185 00ee 03EB8113 		add	r3, r3, r1, lsl #6
 186              	.LVL2:
 187 00f2 C3F82401 		str	r0, [r3, #292]
  95:Generated_Source\PSoC6\pdl\drivers\peripheral\tcpwm/cy_tcpwm_counter.c **** 
  96:Generated_Source\PSoC6\pdl\drivers\peripheral\tcpwm/cy_tcpwm_counter.c ****         TCPWM_CNT_INTR_MASK(base, cntNum) = config->interruptSources;
 188              		.loc 1 96 0
 189 00f6 126A     		ldr	r2, [r2, #32]
 190              	.LVL3:
 191 00f8 C3F83821 		str	r2, [r3, #312]
 192              	.LVL4:
  97:Generated_Source\PSoC6\pdl\drivers\peripheral\tcpwm/cy_tcpwm_counter.c **** 
  98:Generated_Source\PSoC6\pdl\drivers\peripheral\tcpwm/cy_tcpwm_counter.c ****         status = CY_TCPWM_SUCCESS;
 193              		.loc 1 98 0
 194 00fc 0020     		movs	r0, #0
 195 00fe 03E0     		b	.L2
 196              	.LVL5:
 197              	.L9:
 198              		.cfi_def_cfa_offset 0
 199              		.cfi_restore 4
 200              		.cfi_restore 5
 201              		.cfi_restore 6
  50:Generated_Source\PSoC6\pdl\drivers\peripheral\tcpwm/cy_tcpwm_counter.c **** 
 202              		.loc 1 50 0
 203 0100 0248     		ldr	r0, .L14
 204              	.LVL6:
 205 0102 7047     		bx	lr
 206              	.LVL7:
 207              	.L10:
 208 0104 0148     		ldr	r0, .L14
 209              	.LVL8:
 210 0106 7047     		bx	lr
 211              	.LVL9:
 212              	.L2:
 213              		.cfi_def_cfa_offset 12
 214              		.cfi_offset 4, -12
 215              		.cfi_offset 5, -8
 216              		.cfi_offset 6, -4
  99:Generated_Source\PSoC6\pdl\drivers\peripheral\tcpwm/cy_tcpwm_counter.c ****     }
 100:Generated_Source\PSoC6\pdl\drivers\peripheral\tcpwm/cy_tcpwm_counter.c **** 
 101:Generated_Source\PSoC6\pdl\drivers\peripheral\tcpwm/cy_tcpwm_counter.c ****     return(status);
 102:Generated_Source\PSoC6\pdl\drivers\peripheral\tcpwm/cy_tcpwm_counter.c **** }
 217              		.loc 1 102 0
 218 0108 70BC     		pop	{r4, r5, r6}
 219              		.cfi_restore 6
 220              		.cfi_restore 5
 221              		.cfi_restore 4
 222              		.cfi_def_cfa_offset 0
 223 010a 7047     		bx	lr
ARM GAS  C:\Users\cmila\AppData\Local\Temp\ccAqHVCB.s 			page 7


 224              	.L15:
 225              		.align	2
 226              	.L14:
 227 010c 0100B600 		.word	11927553
 228              		.cfi_endproc
 229              	.LFE158:
 230              		.size	Cy_TCPWM_Counter_Init, .-Cy_TCPWM_Counter_Init
 231              		.section	.text.Cy_TCPWM_Counter_DeInit,"ax",%progbits
 232              		.align	2
 233              		.global	Cy_TCPWM_Counter_DeInit
 234              		.thumb
 235              		.thumb_func
 236              		.type	Cy_TCPWM_Counter_DeInit, %function
 237              	Cy_TCPWM_Counter_DeInit:
 238              	.LFB159:
 103:Generated_Source\PSoC6\pdl\drivers\peripheral\tcpwm/cy_tcpwm_counter.c **** 
 104:Generated_Source\PSoC6\pdl\drivers\peripheral\tcpwm/cy_tcpwm_counter.c **** 
 105:Generated_Source\PSoC6\pdl\drivers\peripheral\tcpwm/cy_tcpwm_counter.c **** /*******************************************************************************
 106:Generated_Source\PSoC6\pdl\drivers\peripheral\tcpwm/cy_tcpwm_counter.c **** * Function Name: Cy_TCPWM_Counter_DeInit
 107:Generated_Source\PSoC6\pdl\drivers\peripheral\tcpwm/cy_tcpwm_counter.c **** ****************************************************************************//**
 108:Generated_Source\PSoC6\pdl\drivers\peripheral\tcpwm/cy_tcpwm_counter.c **** *
 109:Generated_Source\PSoC6\pdl\drivers\peripheral\tcpwm/cy_tcpwm_counter.c **** * De-initializes the counter in the TCPWM block, returns register values to 
 110:Generated_Source\PSoC6\pdl\drivers\peripheral\tcpwm/cy_tcpwm_counter.c **** * default.
 111:Generated_Source\PSoC6\pdl\drivers\peripheral\tcpwm/cy_tcpwm_counter.c **** *
 112:Generated_Source\PSoC6\pdl\drivers\peripheral\tcpwm/cy_tcpwm_counter.c **** * \param base
 113:Generated_Source\PSoC6\pdl\drivers\peripheral\tcpwm/cy_tcpwm_counter.c **** * The pointer to a TCPWM instance.
 114:Generated_Source\PSoC6\pdl\drivers\peripheral\tcpwm/cy_tcpwm_counter.c **** *
 115:Generated_Source\PSoC6\pdl\drivers\peripheral\tcpwm/cy_tcpwm_counter.c **** * \param cntNum
 116:Generated_Source\PSoC6\pdl\drivers\peripheral\tcpwm/cy_tcpwm_counter.c **** * The Counter instance number in the selected TCPWM.
 117:Generated_Source\PSoC6\pdl\drivers\peripheral\tcpwm/cy_tcpwm_counter.c **** *
 118:Generated_Source\PSoC6\pdl\drivers\peripheral\tcpwm/cy_tcpwm_counter.c **** * \param config
 119:Generated_Source\PSoC6\pdl\drivers\peripheral\tcpwm/cy_tcpwm_counter.c **** * The pointer to configuration structure. See \ref cy_stc_tcpwm_counter_config_t.
 120:Generated_Source\PSoC6\pdl\drivers\peripheral\tcpwm/cy_tcpwm_counter.c **** *
 121:Generated_Source\PSoC6\pdl\drivers\peripheral\tcpwm/cy_tcpwm_counter.c **** * \funcusage
 122:Generated_Source\PSoC6\pdl\drivers\peripheral\tcpwm/cy_tcpwm_counter.c **** * \snippet tcpwm\1.10\counter\snippet\main.c snippet_Cy_TCPWM_Counter_DeInit
 123:Generated_Source\PSoC6\pdl\drivers\peripheral\tcpwm/cy_tcpwm_counter.c **** *
 124:Generated_Source\PSoC6\pdl\drivers\peripheral\tcpwm/cy_tcpwm_counter.c **** *******************************************************************************/
 125:Generated_Source\PSoC6\pdl\drivers\peripheral\tcpwm/cy_tcpwm_counter.c **** void Cy_TCPWM_Counter_DeInit(TCPWM_Type *base, uint32_t cntNum, cy_stc_tcpwm_counter_config_t const
 126:Generated_Source\PSoC6\pdl\drivers\peripheral\tcpwm/cy_tcpwm_counter.c **** {
 239              		.loc 1 126 0
 240              		.cfi_startproc
 241              		@ args = 0, pretend = 0, frame = 0
 242              		@ frame_needed = 0, uses_anonymous_args = 0
 243              		@ link register save eliminated.
 244              	.LVL10:
 245 0000 30B4     		push	{r4, r5}
 246              		.cfi_def_cfa_offset 8
 247              		.cfi_offset 4, -8
 248              		.cfi_offset 5, -4
 127:Generated_Source\PSoC6\pdl\drivers\peripheral\tcpwm/cy_tcpwm_counter.c ****     TCPWM_CNT_CTRL(base, cntNum) = CY_TCPWM_CNT_CTRL_DEFAULT;
 249              		.loc 1 127 0
 250 0002 0B1D     		adds	r3, r1, #4
 251 0004 9B01     		lsls	r3, r3, #6
 252 0006 0024     		movs	r4, #0
 253 0008 C450     		str	r4, [r0, r3]
 128:Generated_Source\PSoC6\pdl\drivers\peripheral\tcpwm/cy_tcpwm_counter.c ****     TCPWM_CNT_COUNTER(base, cntNum) = CY_TCPWM_CNT_COUNTER_DEFAULT;
 254              		.loc 1 128 0
ARM GAS  C:\Users\cmila\AppData\Local\Temp\ccAqHVCB.s 			page 8


 255 000a 00EB8113 		add	r3, r0, r1, lsl #6
 256 000e C3F80841 		str	r4, [r3, #264]
 129:Generated_Source\PSoC6\pdl\drivers\peripheral\tcpwm/cy_tcpwm_counter.c ****     TCPWM_CNT_CC(base, cntNum) = CY_TCPWM_CNT_CC_DEFAULT;
 257              		.loc 1 129 0
 258 0012 4FF0FF35 		mov	r5, #-1
 259 0016 C3F80C51 		str	r5, [r3, #268]
 130:Generated_Source\PSoC6\pdl\drivers\peripheral\tcpwm/cy_tcpwm_counter.c ****     TCPWM_CNT_CC_BUFF(base, cntNum) = CY_TCPWM_CNT_CC_BUFF_DEFAULT;
 260              		.loc 1 130 0
 261 001a C3F81051 		str	r5, [r3, #272]
 131:Generated_Source\PSoC6\pdl\drivers\peripheral\tcpwm/cy_tcpwm_counter.c ****     TCPWM_CNT_PERIOD(base, cntNum) = CY_TCPWM_CNT_PERIOD_DEFAULT;
 262              		.loc 1 131 0
 263 001e C3F81451 		str	r5, [r3, #276]
 132:Generated_Source\PSoC6\pdl\drivers\peripheral\tcpwm/cy_tcpwm_counter.c ****     TCPWM_CNT_PERIOD_BUFF(base, cntNum) = CY_TCPWM_CNT_PERIOD_BUFF_DEFAULT;
 264              		.loc 1 132 0
 265 0022 C3F81851 		str	r5, [r3, #280]
 133:Generated_Source\PSoC6\pdl\drivers\peripheral\tcpwm/cy_tcpwm_counter.c ****     TCPWM_CNT_TR_CTRL1(base, cntNum) = CY_TCPWM_CNT_TR_CTRL1_DEFAULT;
 266              		.loc 1 133 0
 267 0026 40F2FF35 		movw	r5, #1023
 268 002a C3F82451 		str	r5, [r3, #292]
 134:Generated_Source\PSoC6\pdl\drivers\peripheral\tcpwm/cy_tcpwm_counter.c ****     TCPWM_CNT_TR_CTRL2(base, cntNum) = CY_TCPWM_CNT_TR_CTRL2_DEFAULT;
 269              		.loc 1 134 0
 270 002e 3F25     		movs	r5, #63
 271 0030 C3F82851 		str	r5, [r3, #296]
 135:Generated_Source\PSoC6\pdl\drivers\peripheral\tcpwm/cy_tcpwm_counter.c ****     TCPWM_CNT_INTR(base, cntNum) = CY_TCPWM_CNT_INTR_DEFAULT;
 272              		.loc 1 135 0
 273 0034 0325     		movs	r5, #3
 274 0036 C3F83051 		str	r5, [r3, #304]
 136:Generated_Source\PSoC6\pdl\drivers\peripheral\tcpwm/cy_tcpwm_counter.c ****     TCPWM_CNT_INTR_SET(base, cntNum) = CY_TCPWM_CNT_INTR_SET_DEFAULT;
 275              		.loc 1 136 0
 276 003a C3F83441 		str	r4, [r3, #308]
 137:Generated_Source\PSoC6\pdl\drivers\peripheral\tcpwm/cy_tcpwm_counter.c ****     TCPWM_CNT_INTR_MASK(base, cntNum) = CY_TCPWM_CNT_INTR_MASK_DEFAULT;
 277              		.loc 1 137 0
 278 003e C3F83841 		str	r4, [r3, #312]
 138:Generated_Source\PSoC6\pdl\drivers\peripheral\tcpwm/cy_tcpwm_counter.c ****     
 139:Generated_Source\PSoC6\pdl\drivers\peripheral\tcpwm/cy_tcpwm_counter.c ****     if (CY_TCPWM_INPUT_CREATOR != config->countInput)
 279              		.loc 1 139 0
 280 0042 936C     		ldr	r3, [r2, #72]
 281 0044 B3F1FF3F 		cmp	r3, #-1
 282 0048 04D0     		beq	.L16
 140:Generated_Source\PSoC6\pdl\drivers\peripheral\tcpwm/cy_tcpwm_counter.c ****     {
 141:Generated_Source\PSoC6\pdl\drivers\peripheral\tcpwm/cy_tcpwm_counter.c ****         TCPWM_CNT_TR_CTRL0(base, cntNum) = CY_TCPWM_CNT_TR_CTRL0_DEFAULT;
 283              		.loc 1 141 0
 284 004a 00EB8110 		add	r0, r0, r1, lsl #6
 285              	.LVL11:
 286 004e 1023     		movs	r3, #16
 287 0050 C0F82031 		str	r3, [r0, #288]
 288              	.L16:
 142:Generated_Source\PSoC6\pdl\drivers\peripheral\tcpwm/cy_tcpwm_counter.c ****     }
 143:Generated_Source\PSoC6\pdl\drivers\peripheral\tcpwm/cy_tcpwm_counter.c **** }
 289              		.loc 1 143 0
 290 0054 30BC     		pop	{r4, r5}
 291              		.cfi_restore 5
 292              		.cfi_restore 4
 293              		.cfi_def_cfa_offset 0
 294 0056 7047     		bx	lr
 295              		.cfi_endproc
 296              	.LFE159:
ARM GAS  C:\Users\cmila\AppData\Local\Temp\ccAqHVCB.s 			page 9


 297              		.size	Cy_TCPWM_Counter_DeInit, .-Cy_TCPWM_Counter_DeInit
 298              		.text
 299              	.Letext0:
 300              		.file 2 "c:\\program files (x86)\\cypress\\psoc creator\\4.4\\psoc creator\\import\\gnu\\arm\\5.4.
 301              		.file 3 "c:\\program files (x86)\\cypress\\psoc creator\\4.4\\psoc creator\\import\\gnu\\arm\\5.4.
 302              		.file 4 "Generated_Source\\PSoC6\\pdl\\devices/psoc6/include/ip/cyip_tcpwm.h"
 303              		.file 5 "Generated_Source\\PSoC6\\pdl\\devices/psoc6/include/psoc6_01_config.h"
 304              		.file 6 "Generated_Source\\PSoC6\\pdl\\drivers\\peripheral\\tcpwm\\cy_tcpwm.h"
 305              		.file 7 "Generated_Source\\PSoC6\\pdl\\drivers\\peripheral\\tcpwm\\cy_tcpwm_counter.h"
 306              		.file 8 "Generated_Source\\PSoC6\\pdl\\cmsis/include/core_cm4.h"
 307              		.section	.debug_info,"",%progbits
 308              	.Ldebug_info0:
 309 0000 39040000 		.4byte	0x439
 310 0004 0400     		.2byte	0x4
 311 0006 00000000 		.4byte	.Ldebug_abbrev0
 312 000a 04       		.byte	0x4
 313 000b 01       		.uleb128 0x1
 314 000c 9A000000 		.4byte	.LASF70
 315 0010 0C       		.byte	0xc
 316 0011 69010000 		.4byte	.LASF71
 317 0015 7E030000 		.4byte	.LASF72
 318 0019 00000000 		.4byte	.Ldebug_ranges0+0
 319 001d 00000000 		.4byte	0
 320 0021 00000000 		.4byte	.Ldebug_line0
 321 0025 02       		.uleb128 0x2
 322 0026 01       		.byte	0x1
 323 0027 06       		.byte	0x6
 324 0028 D6020000 		.4byte	.LASF0
 325 002c 02       		.uleb128 0x2
 326 002d 01       		.byte	0x1
 327 002e 08       		.byte	0x8
 328 002f A9020000 		.4byte	.LASF1
 329 0033 02       		.uleb128 0x2
 330 0034 02       		.byte	0x2
 331 0035 05       		.byte	0x5
 332 0036 3C000000 		.4byte	.LASF2
 333 003a 02       		.uleb128 0x2
 334 003b 02       		.byte	0x2
 335 003c 07       		.byte	0x7
 336 003d 5F030000 		.4byte	.LASF3
 337 0041 03       		.uleb128 0x3
 338 0042 5D040000 		.4byte	.LASF5
 339 0046 02       		.byte	0x2
 340 0047 3F       		.byte	0x3f
 341 0048 4C000000 		.4byte	0x4c
 342 004c 02       		.uleb128 0x2
 343 004d 04       		.byte	0x4
 344 004e 05       		.byte	0x5
 345 004f 5B020000 		.4byte	.LASF4
 346 0053 03       		.uleb128 0x3
 347 0054 5E010000 		.4byte	.LASF6
 348 0058 02       		.byte	0x2
 349 0059 41       		.byte	0x41
 350 005a 5E000000 		.4byte	0x5e
 351 005e 02       		.uleb128 0x2
 352 005f 04       		.byte	0x4
 353 0060 07       		.byte	0x7
ARM GAS  C:\Users\cmila\AppData\Local\Temp\ccAqHVCB.s 			page 10


 354 0061 1D040000 		.4byte	.LASF7
 355 0065 02       		.uleb128 0x2
 356 0066 08       		.byte	0x8
 357 0067 05       		.byte	0x5
 358 0068 2F020000 		.4byte	.LASF8
 359 006c 02       		.uleb128 0x2
 360 006d 08       		.byte	0x8
 361 006e 07       		.byte	0x7
 362 006f EB020000 		.4byte	.LASF9
 363 0073 04       		.uleb128 0x4
 364 0074 04       		.byte	0x4
 365 0075 05       		.byte	0x5
 366 0076 696E7400 		.ascii	"int\000"
 367 007a 02       		.uleb128 0x2
 368 007b 04       		.byte	0x4
 369 007c 07       		.byte	0x7
 370 007d 12020000 		.4byte	.LASF10
 371 0081 03       		.uleb128 0x3
 372 0082 6B020000 		.4byte	.LASF11
 373 0086 03       		.byte	0x3
 374 0087 2C       		.byte	0x2c
 375 0088 41000000 		.4byte	0x41
 376 008c 03       		.uleb128 0x3
 377 008d 02030000 		.4byte	.LASF12
 378 0091 03       		.byte	0x3
 379 0092 30       		.byte	0x30
 380 0093 53000000 		.4byte	0x53
 381 0097 02       		.uleb128 0x2
 382 0098 08       		.byte	0x8
 383 0099 04       		.byte	0x4
 384 009a 8E020000 		.4byte	.LASF13
 385 009e 05       		.uleb128 0x5
 386 009f 8C000000 		.4byte	0x8c
 387 00a3 06       		.uleb128 0x6
 388 00a4 9E000000 		.4byte	0x9e
 389 00a8 02       		.uleb128 0x2
 390 00a9 04       		.byte	0x4
 391 00aa 07       		.byte	0x7
 392 00ab 46000000 		.4byte	.LASF14
 393 00af 07       		.uleb128 0x7
 394 00b0 A3000000 		.4byte	0xa3
 395 00b4 BF000000 		.4byte	0xbf
 396 00b8 08       		.uleb128 0x8
 397 00b9 A8000000 		.4byte	0xa8
 398 00bd 37       		.byte	0x37
 399 00be 00       		.byte	0
 400 00bf 09       		.uleb128 0x9
 401 00c0 40       		.byte	0x40
 402 00c1 04       		.byte	0x4
 403 00c2 22       		.byte	0x22
 404 00c3 87010000 		.4byte	0x187
 405 00c7 0A       		.uleb128 0xa
 406 00c8 C6020000 		.4byte	.LASF15
 407 00cc 04       		.byte	0x4
 408 00cd 23       		.byte	0x23
 409 00ce 9E000000 		.4byte	0x9e
 410 00d2 00       		.byte	0
ARM GAS  C:\Users\cmila\AppData\Local\Temp\ccAqHVCB.s 			page 11


 411 00d3 0A       		.uleb128 0xa
 412 00d4 DD030000 		.4byte	.LASF16
 413 00d8 04       		.byte	0x4
 414 00d9 24       		.byte	0x24
 415 00da A3000000 		.4byte	0xa3
 416 00de 04       		.byte	0x4
 417 00df 0A       		.uleb128 0xa
 418 00e0 96040000 		.4byte	.LASF17
 419 00e4 04       		.byte	0x4
 420 00e5 25       		.byte	0x25
 421 00e6 9E000000 		.4byte	0x9e
 422 00ea 08       		.byte	0x8
 423 00eb 0B       		.uleb128 0xb
 424 00ec 434300   		.ascii	"CC\000"
 425 00ef 04       		.byte	0x4
 426 00f0 26       		.byte	0x26
 427 00f1 9E000000 		.4byte	0x9e
 428 00f5 0C       		.byte	0xc
 429 00f6 0A       		.uleb128 0xa
 430 00f7 86020000 		.4byte	.LASF18
 431 00fb 04       		.byte	0x4
 432 00fc 27       		.byte	0x27
 433 00fd 9E000000 		.4byte	0x9e
 434 0101 10       		.byte	0x10
 435 0102 0A       		.uleb128 0xa
 436 0103 76000000 		.4byte	.LASF19
 437 0107 04       		.byte	0x4
 438 0108 28       		.byte	0x28
 439 0109 9E000000 		.4byte	0x9e
 440 010d 14       		.byte	0x14
 441 010e 0A       		.uleb128 0xa
 442 010f 4F000000 		.4byte	.LASF20
 443 0113 04       		.byte	0x4
 444 0114 29       		.byte	0x29
 445 0115 9E000000 		.4byte	0x9e
 446 0119 18       		.byte	0x18
 447 011a 0A       		.uleb128 0xa
 448 011b 9E040000 		.4byte	.LASF21
 449 011f 04       		.byte	0x4
 450 0120 2A       		.byte	0x2a
 451 0121 A3000000 		.4byte	0xa3
 452 0125 1C       		.byte	0x1c
 453 0126 0A       		.uleb128 0xa
 454 0127 BA010000 		.4byte	.LASF22
 455 012b 04       		.byte	0x4
 456 012c 2B       		.byte	0x2b
 457 012d 9E000000 		.4byte	0x9e
 458 0131 20       		.byte	0x20
 459 0132 0A       		.uleb128 0xa
 460 0133 88000000 		.4byte	.LASF23
 461 0137 04       		.byte	0x4
 462 0138 2C       		.byte	0x2c
 463 0139 9E000000 		.4byte	0x9e
 464 013d 24       		.byte	0x24
 465 013e 0A       		.uleb128 0xa
 466 013f 91000000 		.4byte	.LASF24
 467 0143 04       		.byte	0x4
ARM GAS  C:\Users\cmila\AppData\Local\Temp\ccAqHVCB.s 			page 12


 468 0144 2D       		.byte	0x2d
 469 0145 9E000000 		.4byte	0x9e
 470 0149 28       		.byte	0x28
 471 014a 0A       		.uleb128 0xa
 472 014b 13040000 		.4byte	.LASF25
 473 014f 04       		.byte	0x4
 474 0150 2E       		.byte	0x2e
 475 0151 A3000000 		.4byte	0xa3
 476 0155 2C       		.byte	0x2c
 477 0156 0A       		.uleb128 0xa
 478 0157 FD030000 		.4byte	.LASF26
 479 015b 04       		.byte	0x4
 480 015c 2F       		.byte	0x2f
 481 015d 9E000000 		.4byte	0x9e
 482 0161 30       		.byte	0x30
 483 0162 0A       		.uleb128 0xa
 484 0163 E2020000 		.4byte	.LASF27
 485 0167 04       		.byte	0x4
 486 0168 30       		.byte	0x30
 487 0169 9E000000 		.4byte	0x9e
 488 016d 34       		.byte	0x34
 489 016e 0A       		.uleb128 0xa
 490 016f 55030000 		.4byte	.LASF28
 491 0173 04       		.byte	0x4
 492 0174 31       		.byte	0x31
 493 0175 9E000000 		.4byte	0x9e
 494 0179 38       		.byte	0x38
 495 017a 0A       		.uleb128 0xa
 496 017b 7A020000 		.4byte	.LASF29
 497 017f 04       		.byte	0x4
 498 0180 32       		.byte	0x32
 499 0181 A3000000 		.4byte	0xa3
 500 0185 3C       		.byte	0x3c
 501 0186 00       		.byte	0
 502 0187 03       		.uleb128 0x3
 503 0188 5B000000 		.4byte	.LASF30
 504 018c 04       		.byte	0x4
 505 018d 33       		.byte	0x33
 506 018e BF000000 		.4byte	0xbf
 507 0192 0C       		.uleb128 0xc
 508 0193 0009     		.2byte	0x900
 509 0195 04       		.byte	0x4
 510 0196 38       		.byte	0x38
 511 0197 15020000 		.4byte	0x215
 512 019b 0A       		.uleb128 0xa
 513 019c C6020000 		.4byte	.LASF15
 514 01a0 04       		.byte	0x4
 515 01a1 39       		.byte	0x39
 516 01a2 9E000000 		.4byte	0x9e
 517 01a6 00       		.byte	0
 518 01a7 0A       		.uleb128 0xa
 519 01a8 75040000 		.4byte	.LASF31
 520 01ac 04       		.byte	0x4
 521 01ad 3A       		.byte	0x3a
 522 01ae 9E000000 		.4byte	0x9e
 523 01b2 04       		.byte	0x4
 524 01b3 0A       		.uleb128 0xa
ARM GAS  C:\Users\cmila\AppData\Local\Temp\ccAqHVCB.s 			page 13


 525 01b4 6D000000 		.4byte	.LASF32
 526 01b8 04       		.byte	0x4
 527 01b9 3B       		.byte	0x3b
 528 01ba 9E000000 		.4byte	0x9e
 529 01be 08       		.byte	0x8
 530 01bf 0A       		.uleb128 0xa
 531 01c0 E5010000 		.4byte	.LASF33
 532 01c4 04       		.byte	0x4
 533 01c5 3C       		.byte	0x3c
 534 01c6 9E000000 		.4byte	0x9e
 535 01ca 0C       		.byte	0xc
 536 01cb 0A       		.uleb128 0xa
 537 01cc 7D000000 		.4byte	.LASF34
 538 01d0 04       		.byte	0x4
 539 01d1 3D       		.byte	0x3d
 540 01d2 9E000000 		.4byte	0x9e
 541 01d6 10       		.byte	0x10
 542 01d7 0A       		.uleb128 0xa
 543 01d8 2E030000 		.4byte	.LASF35
 544 01dc 04       		.byte	0x4
 545 01dd 3E       		.byte	0x3e
 546 01de 9E000000 		.4byte	0x9e
 547 01e2 14       		.byte	0x14
 548 01e3 0A       		.uleb128 0xa
 549 01e4 02020000 		.4byte	.LASF36
 550 01e8 04       		.byte	0x4
 551 01e9 3F       		.byte	0x3f
 552 01ea 9E000000 		.4byte	0x9e
 553 01ee 18       		.byte	0x18
 554 01ef 0A       		.uleb128 0xa
 555 01f0 CB020000 		.4byte	.LASF37
 556 01f4 04       		.byte	0x4
 557 01f5 40       		.byte	0x40
 558 01f6 A3000000 		.4byte	0xa3
 559 01fa 1C       		.byte	0x1c
 560 01fb 0A       		.uleb128 0xa
 561 01fc 9E040000 		.4byte	.LASF21
 562 0200 04       		.byte	0x4
 563 0201 41       		.byte	0x41
 564 0202 1A020000 		.4byte	0x21a
 565 0206 20       		.byte	0x20
 566 0207 0D       		.uleb128 0xd
 567 0208 434E5400 		.ascii	"CNT\000"
 568 020c 04       		.byte	0x4
 569 020d 42       		.byte	0x42
 570 020e 1F020000 		.4byte	0x21f
 571 0212 0001     		.2byte	0x100
 572 0214 00       		.byte	0
 573 0215 05       		.uleb128 0x5
 574 0216 AF000000 		.4byte	0xaf
 575 021a 06       		.uleb128 0x6
 576 021b 15020000 		.4byte	0x215
 577 021f 07       		.uleb128 0x7
 578 0220 87010000 		.4byte	0x187
 579 0224 2F020000 		.4byte	0x22f
 580 0228 08       		.uleb128 0x8
 581 0229 A8000000 		.4byte	0xa8
ARM GAS  C:\Users\cmila\AppData\Local\Temp\ccAqHVCB.s 			page 14


 582 022d 1F       		.byte	0x1f
 583 022e 00       		.byte	0
 584 022f 03       		.uleb128 0x3
 585 0230 CA010000 		.4byte	.LASF38
 586 0234 04       		.byte	0x4
 587 0235 43       		.byte	0x43
 588 0236 92010000 		.4byte	0x192
 589 023a 0E       		.uleb128 0xe
 590 023b D4040000 		.4byte	.LASF39
 591 023f 05       		.byte	0x5
 592 0240 4206     		.2byte	0x642
 593 0242 2F020000 		.4byte	0x22f
 594 0246 02       		.uleb128 0x2
 595 0247 01       		.byte	0x1
 596 0248 08       		.byte	0x8
 597 0249 79030000 		.4byte	.LASF40
 598 024d 02       		.uleb128 0x2
 599 024e 04       		.byte	0x4
 600 024f 04       		.byte	0x4
 601 0250 0C020000 		.4byte	.LASF41
 602 0254 02       		.uleb128 0x2
 603 0255 08       		.byte	0x8
 604 0256 04       		.byte	0x4
 605 0257 2F040000 		.4byte	.LASF42
 606 025b 0F       		.uleb128 0xf
 607 025c 04       		.byte	0x4
 608 025d 7A000000 		.4byte	0x7a
 609 0261 06       		.byte	0x6
 610 0262 7301     		.2byte	0x173
 611 0264 78020000 		.4byte	0x278
 612 0268 10       		.uleb128 0x10
 613 0269 4D010000 		.4byte	.LASF43
 614 026d 00       		.byte	0
 615 026e 11       		.uleb128 0x11
 616 026f E4030000 		.4byte	.LASF44
 617 0273 0100B600 		.4byte	0xb60001
 618 0277 00       		.byte	0
 619 0278 0E       		.uleb128 0xe
 620 0279 A7040000 		.4byte	.LASF45
 621 027d 06       		.byte	0x6
 622 027e 7601     		.2byte	0x176
 623 0280 5B020000 		.4byte	0x25b
 624 0284 12       		.uleb128 0x12
 625 0285 36040000 		.4byte	.LASF73
 626 0289 4C       		.byte	0x4c
 627 028a 07       		.byte	0x7
 628 028b 2F       		.byte	0x2f
 629 028c 75030000 		.4byte	0x375
 630 0290 0A       		.uleb128 0xa
 631 0291 64020000 		.4byte	.LASF46
 632 0295 07       		.byte	0x7
 633 0296 31       		.byte	0x31
 634 0297 8C000000 		.4byte	0x8c
 635 029b 00       		.byte	0
 636 029c 0A       		.uleb128 0xa
 637 029d 0C000000 		.4byte	.LASF47
 638 02a1 07       		.byte	0x7
ARM GAS  C:\Users\cmila\AppData\Local\Temp\ccAqHVCB.s 			page 15


 639 02a2 33       		.byte	0x33
 640 02a3 8C000000 		.4byte	0x8c
 641 02a7 04       		.byte	0x4
 642 02a8 0A       		.uleb128 0xa
 643 02a9 3D020000 		.4byte	.LASF48
 644 02ad 07       		.byte	0x7
 645 02ae 34       		.byte	0x34
 646 02af 8C000000 		.4byte	0x8c
 647 02b3 08       		.byte	0x8
 648 02b4 0A       		.uleb128 0xa
 649 02b5 B7020000 		.4byte	.LASF49
 650 02b9 07       		.byte	0x7
 651 02ba 35       		.byte	0x35
 652 02bb 8C000000 		.4byte	0x8c
 653 02bf 0C       		.byte	0xc
 654 02c0 0A       		.uleb128 0xa
 655 02c1 0B030000 		.4byte	.LASF50
 656 02c5 07       		.byte	0x7
 657 02c6 37       		.byte	0x37
 658 02c7 8C000000 		.4byte	0x8c
 659 02cb 10       		.byte	0x10
 660 02cc 0A       		.uleb128 0xa
 661 02cd 2A000000 		.4byte	.LASF51
 662 02d1 07       		.byte	0x7
 663 02d2 38       		.byte	0x38
 664 02d3 8C000000 		.4byte	0x8c
 665 02d7 14       		.byte	0x14
 666 02d8 0A       		.uleb128 0xa
 667 02d9 33000000 		.4byte	.LASF52
 668 02dd 07       		.byte	0x7
 669 02de 39       		.byte	0x39
 670 02df 8C000000 		.4byte	0x8c
 671 02e3 18       		.byte	0x18
 672 02e4 0A       		.uleb128 0xa
 673 02e5 1C030000 		.4byte	.LASF53
 674 02e9 07       		.byte	0x7
 675 02ea 3A       		.byte	0x3a
 676 02eb 75030000 		.4byte	0x375
 677 02ef 1C       		.byte	0x1c
 678 02f0 0A       		.uleb128 0xa
 679 02f1 F1010000 		.4byte	.LASF54
 680 02f5 07       		.byte	0x7
 681 02f6 3C       		.byte	0x3c
 682 02f7 8C000000 		.4byte	0x8c
 683 02fb 20       		.byte	0x20
 684 02fc 0A       		.uleb128 0xa
 685 02fd 02040000 		.4byte	.LASF55
 686 0301 07       		.byte	0x7
 687 0302 3D       		.byte	0x3d
 688 0303 8C000000 		.4byte	0x8c
 689 0307 24       		.byte	0x24
 690 0308 0A       		.uleb128 0xa
 691 0309 D8010000 		.4byte	.LASF56
 692 030d 07       		.byte	0x7
 693 030e 3F       		.byte	0x3f
 694 030f 8C000000 		.4byte	0x8c
 695 0313 28       		.byte	0x28
ARM GAS  C:\Users\cmila\AppData\Local\Temp\ccAqHVCB.s 			page 16


 696 0314 0A       		.uleb128 0xa
 697 0315 1F020000 		.4byte	.LASF57
 698 0319 07       		.byte	0x7
 699 031a 40       		.byte	0x40
 700 031b 8C000000 		.4byte	0x8c
 701 031f 2C       		.byte	0x2c
 702 0320 0A       		.uleb128 0xa
 703 0321 00000000 		.4byte	.LASF58
 704 0325 07       		.byte	0x7
 705 0326 42       		.byte	0x42
 706 0327 8C000000 		.4byte	0x8c
 707 032b 30       		.byte	0x30
 708 032c 0A       		.uleb128 0xa
 709 032d 9A020000 		.4byte	.LASF59
 710 0331 07       		.byte	0x7
 711 0332 43       		.byte	0x43
 712 0333 8C000000 		.4byte	0x8c
 713 0337 34       		.byte	0x34
 714 0338 0A       		.uleb128 0xa
 715 0339 52040000 		.4byte	.LASF60
 716 033d 07       		.byte	0x7
 717 033e 45       		.byte	0x45
 718 033f 8C000000 		.4byte	0x8c
 719 0343 38       		.byte	0x38
 720 0344 0A       		.uleb128 0xa
 721 0345 67040000 		.4byte	.LASF61
 722 0349 07       		.byte	0x7
 723 034a 46       		.byte	0x46
 724 034b 8C000000 		.4byte	0x8c
 725 034f 3C       		.byte	0x3c
 726 0350 0A       		.uleb128 0xa
 727 0351 B0010000 		.4byte	.LASF62
 728 0355 07       		.byte	0x7
 729 0356 48       		.byte	0x48
 730 0357 8C000000 		.4byte	0x8c
 731 035b 40       		.byte	0x40
 732 035c 0A       		.uleb128 0xa
 733 035d 1B000000 		.4byte	.LASF63
 734 0361 07       		.byte	0x7
 735 0362 49       		.byte	0x49
 736 0363 8C000000 		.4byte	0x8c
 737 0367 44       		.byte	0x44
 738 0368 0A       		.uleb128 0xa
 739 0369 BC040000 		.4byte	.LASF64
 740 036d 07       		.byte	0x7
 741 036e 4B       		.byte	0x4b
 742 036f 8C000000 		.4byte	0x8c
 743 0373 48       		.byte	0x48
 744 0374 00       		.byte	0
 745 0375 02       		.uleb128 0x2
 746 0376 01       		.byte	0x1
 747 0377 02       		.byte	0x2
 748 0378 F7030000 		.4byte	.LASF65
 749 037c 03       		.uleb128 0x3
 750 037d 37030000 		.4byte	.LASF66
 751 0381 07       		.byte	0x7
 752 0382 4C       		.byte	0x4c
ARM GAS  C:\Users\cmila\AppData\Local\Temp\ccAqHVCB.s 			page 17


 753 0383 84020000 		.4byte	0x284
 754 0387 13       		.uleb128 0x13
 755 0388 45020000 		.4byte	.LASF74
 756 038c 01       		.byte	0x1
 757 038d 2F       		.byte	0x2f
 758 038e 78020000 		.4byte	0x278
 759 0392 00000000 		.4byte	.LFB158
 760 0396 10010000 		.4byte	.LFE158-.LFB158
 761 039a 01       		.uleb128 0x1
 762 039b 9C       		.byte	0x9c
 763 039c DB030000 		.4byte	0x3db
 764 03a0 14       		.uleb128 0x14
 765 03a1 DF040000 		.4byte	.LASF67
 766 03a5 01       		.byte	0x1
 767 03a6 2F       		.byte	0x2f
 768 03a7 DB030000 		.4byte	0x3db
 769 03ab 00000000 		.4byte	.LLST0
 770 03af 15       		.uleb128 0x15
 771 03b0 73020000 		.4byte	.LASF68
 772 03b4 01       		.byte	0x1
 773 03b5 2F       		.byte	0x2f
 774 03b6 8C000000 		.4byte	0x8c
 775 03ba 01       		.uleb128 0x1
 776 03bb 51       		.byte	0x51
 777 03bc 14       		.uleb128 0x14
 778 03bd C3010000 		.4byte	.LASF69
 779 03c1 01       		.byte	0x1
 780 03c2 30       		.byte	0x30
 781 03c3 E1030000 		.4byte	0x3e1
 782 03c7 69000000 		.4byte	.LLST1
 783 03cb 16       		.uleb128 0x16
 784 03cc 72030000 		.4byte	.LASF75
 785 03d0 01       		.byte	0x1
 786 03d1 32       		.byte	0x32
 787 03d2 78020000 		.4byte	0x278
 788 03d6 A3000000 		.4byte	.LLST2
 789 03da 00       		.byte	0
 790 03db 17       		.uleb128 0x17
 791 03dc 04       		.byte	0x4
 792 03dd 3A020000 		.4byte	0x23a
 793 03e1 17       		.uleb128 0x17
 794 03e2 04       		.byte	0x4
 795 03e3 E7030000 		.4byte	0x3e7
 796 03e7 06       		.uleb128 0x6
 797 03e8 7C030000 		.4byte	0x37c
 798 03ec 18       		.uleb128 0x18
 799 03ed 7E040000 		.4byte	.LASF76
 800 03f1 01       		.byte	0x1
 801 03f2 7D       		.byte	0x7d
 802 03f3 00000000 		.4byte	.LFB159
 803 03f7 58000000 		.4byte	.LFE159-.LFB159
 804 03fb 01       		.uleb128 0x1
 805 03fc 9C       		.byte	0x9c
 806 03fd 2B040000 		.4byte	0x42b
 807 0401 14       		.uleb128 0x14
 808 0402 DF040000 		.4byte	.LASF67
 809 0406 01       		.byte	0x1
ARM GAS  C:\Users\cmila\AppData\Local\Temp\ccAqHVCB.s 			page 18


 810 0407 7D       		.byte	0x7d
 811 0408 DB030000 		.4byte	0x3db
 812 040c E2000000 		.4byte	.LLST3
 813 0410 15       		.uleb128 0x15
 814 0411 73020000 		.4byte	.LASF68
 815 0415 01       		.byte	0x1
 816 0416 7D       		.byte	0x7d
 817 0417 8C000000 		.4byte	0x8c
 818 041b 01       		.uleb128 0x1
 819 041c 51       		.byte	0x51
 820 041d 15       		.uleb128 0x15
 821 041e C3010000 		.4byte	.LASF69
 822 0422 01       		.byte	0x1
 823 0423 7D       		.byte	0x7d
 824 0424 E1030000 		.4byte	0x3e1
 825 0428 01       		.uleb128 0x1
 826 0429 52       		.byte	0x52
 827 042a 00       		.byte	0
 828 042b 19       		.uleb128 0x19
 829 042c C7040000 		.4byte	.LASF77
 830 0430 08       		.byte	0x8
 831 0431 F907     		.2byte	0x7f9
 832 0433 37040000 		.4byte	0x437
 833 0437 05       		.uleb128 0x5
 834 0438 81000000 		.4byte	0x81
 835 043c 00       		.byte	0
 836              		.section	.debug_abbrev,"",%progbits
 837              	.Ldebug_abbrev0:
 838 0000 01       		.uleb128 0x1
 839 0001 11       		.uleb128 0x11
 840 0002 01       		.byte	0x1
 841 0003 25       		.uleb128 0x25
 842 0004 0E       		.uleb128 0xe
 843 0005 13       		.uleb128 0x13
 844 0006 0B       		.uleb128 0xb
 845 0007 03       		.uleb128 0x3
 846 0008 0E       		.uleb128 0xe
 847 0009 1B       		.uleb128 0x1b
 848 000a 0E       		.uleb128 0xe
 849 000b 55       		.uleb128 0x55
 850 000c 17       		.uleb128 0x17
 851 000d 11       		.uleb128 0x11
 852 000e 01       		.uleb128 0x1
 853 000f 10       		.uleb128 0x10
 854 0010 17       		.uleb128 0x17
 855 0011 00       		.byte	0
 856 0012 00       		.byte	0
 857 0013 02       		.uleb128 0x2
 858 0014 24       		.uleb128 0x24
 859 0015 00       		.byte	0
 860 0016 0B       		.uleb128 0xb
 861 0017 0B       		.uleb128 0xb
 862 0018 3E       		.uleb128 0x3e
 863 0019 0B       		.uleb128 0xb
 864 001a 03       		.uleb128 0x3
 865 001b 0E       		.uleb128 0xe
 866 001c 00       		.byte	0
ARM GAS  C:\Users\cmila\AppData\Local\Temp\ccAqHVCB.s 			page 19


 867 001d 00       		.byte	0
 868 001e 03       		.uleb128 0x3
 869 001f 16       		.uleb128 0x16
 870 0020 00       		.byte	0
 871 0021 03       		.uleb128 0x3
 872 0022 0E       		.uleb128 0xe
 873 0023 3A       		.uleb128 0x3a
 874 0024 0B       		.uleb128 0xb
 875 0025 3B       		.uleb128 0x3b
 876 0026 0B       		.uleb128 0xb
 877 0027 49       		.uleb128 0x49
 878 0028 13       		.uleb128 0x13
 879 0029 00       		.byte	0
 880 002a 00       		.byte	0
 881 002b 04       		.uleb128 0x4
 882 002c 24       		.uleb128 0x24
 883 002d 00       		.byte	0
 884 002e 0B       		.uleb128 0xb
 885 002f 0B       		.uleb128 0xb
 886 0030 3E       		.uleb128 0x3e
 887 0031 0B       		.uleb128 0xb
 888 0032 03       		.uleb128 0x3
 889 0033 08       		.uleb128 0x8
 890 0034 00       		.byte	0
 891 0035 00       		.byte	0
 892 0036 05       		.uleb128 0x5
 893 0037 35       		.uleb128 0x35
 894 0038 00       		.byte	0
 895 0039 49       		.uleb128 0x49
 896 003a 13       		.uleb128 0x13
 897 003b 00       		.byte	0
 898 003c 00       		.byte	0
 899 003d 06       		.uleb128 0x6
 900 003e 26       		.uleb128 0x26
 901 003f 00       		.byte	0
 902 0040 49       		.uleb128 0x49
 903 0041 13       		.uleb128 0x13
 904 0042 00       		.byte	0
 905 0043 00       		.byte	0
 906 0044 07       		.uleb128 0x7
 907 0045 01       		.uleb128 0x1
 908 0046 01       		.byte	0x1
 909 0047 49       		.uleb128 0x49
 910 0048 13       		.uleb128 0x13
 911 0049 01       		.uleb128 0x1
 912 004a 13       		.uleb128 0x13
 913 004b 00       		.byte	0
 914 004c 00       		.byte	0
 915 004d 08       		.uleb128 0x8
 916 004e 21       		.uleb128 0x21
 917 004f 00       		.byte	0
 918 0050 49       		.uleb128 0x49
 919 0051 13       		.uleb128 0x13
 920 0052 2F       		.uleb128 0x2f
 921 0053 0B       		.uleb128 0xb
 922 0054 00       		.byte	0
 923 0055 00       		.byte	0
ARM GAS  C:\Users\cmila\AppData\Local\Temp\ccAqHVCB.s 			page 20


 924 0056 09       		.uleb128 0x9
 925 0057 13       		.uleb128 0x13
 926 0058 01       		.byte	0x1
 927 0059 0B       		.uleb128 0xb
 928 005a 0B       		.uleb128 0xb
 929 005b 3A       		.uleb128 0x3a
 930 005c 0B       		.uleb128 0xb
 931 005d 3B       		.uleb128 0x3b
 932 005e 0B       		.uleb128 0xb
 933 005f 01       		.uleb128 0x1
 934 0060 13       		.uleb128 0x13
 935 0061 00       		.byte	0
 936 0062 00       		.byte	0
 937 0063 0A       		.uleb128 0xa
 938 0064 0D       		.uleb128 0xd
 939 0065 00       		.byte	0
 940 0066 03       		.uleb128 0x3
 941 0067 0E       		.uleb128 0xe
 942 0068 3A       		.uleb128 0x3a
 943 0069 0B       		.uleb128 0xb
 944 006a 3B       		.uleb128 0x3b
 945 006b 0B       		.uleb128 0xb
 946 006c 49       		.uleb128 0x49
 947 006d 13       		.uleb128 0x13
 948 006e 38       		.uleb128 0x38
 949 006f 0B       		.uleb128 0xb
 950 0070 00       		.byte	0
 951 0071 00       		.byte	0
 952 0072 0B       		.uleb128 0xb
 953 0073 0D       		.uleb128 0xd
 954 0074 00       		.byte	0
 955 0075 03       		.uleb128 0x3
 956 0076 08       		.uleb128 0x8
 957 0077 3A       		.uleb128 0x3a
 958 0078 0B       		.uleb128 0xb
 959 0079 3B       		.uleb128 0x3b
 960 007a 0B       		.uleb128 0xb
 961 007b 49       		.uleb128 0x49
 962 007c 13       		.uleb128 0x13
 963 007d 38       		.uleb128 0x38
 964 007e 0B       		.uleb128 0xb
 965 007f 00       		.byte	0
 966 0080 00       		.byte	0
 967 0081 0C       		.uleb128 0xc
 968 0082 13       		.uleb128 0x13
 969 0083 01       		.byte	0x1
 970 0084 0B       		.uleb128 0xb
 971 0085 05       		.uleb128 0x5
 972 0086 3A       		.uleb128 0x3a
 973 0087 0B       		.uleb128 0xb
 974 0088 3B       		.uleb128 0x3b
 975 0089 0B       		.uleb128 0xb
 976 008a 01       		.uleb128 0x1
 977 008b 13       		.uleb128 0x13
 978 008c 00       		.byte	0
 979 008d 00       		.byte	0
 980 008e 0D       		.uleb128 0xd
ARM GAS  C:\Users\cmila\AppData\Local\Temp\ccAqHVCB.s 			page 21


 981 008f 0D       		.uleb128 0xd
 982 0090 00       		.byte	0
 983 0091 03       		.uleb128 0x3
 984 0092 08       		.uleb128 0x8
 985 0093 3A       		.uleb128 0x3a
 986 0094 0B       		.uleb128 0xb
 987 0095 3B       		.uleb128 0x3b
 988 0096 0B       		.uleb128 0xb
 989 0097 49       		.uleb128 0x49
 990 0098 13       		.uleb128 0x13
 991 0099 38       		.uleb128 0x38
 992 009a 05       		.uleb128 0x5
 993 009b 00       		.byte	0
 994 009c 00       		.byte	0
 995 009d 0E       		.uleb128 0xe
 996 009e 16       		.uleb128 0x16
 997 009f 00       		.byte	0
 998 00a0 03       		.uleb128 0x3
 999 00a1 0E       		.uleb128 0xe
 1000 00a2 3A       		.uleb128 0x3a
 1001 00a3 0B       		.uleb128 0xb
 1002 00a4 3B       		.uleb128 0x3b
 1003 00a5 05       		.uleb128 0x5
 1004 00a6 49       		.uleb128 0x49
 1005 00a7 13       		.uleb128 0x13
 1006 00a8 00       		.byte	0
 1007 00a9 00       		.byte	0
 1008 00aa 0F       		.uleb128 0xf
 1009 00ab 04       		.uleb128 0x4
 1010 00ac 01       		.byte	0x1
 1011 00ad 0B       		.uleb128 0xb
 1012 00ae 0B       		.uleb128 0xb
 1013 00af 49       		.uleb128 0x49
 1014 00b0 13       		.uleb128 0x13
 1015 00b1 3A       		.uleb128 0x3a
 1016 00b2 0B       		.uleb128 0xb
 1017 00b3 3B       		.uleb128 0x3b
 1018 00b4 05       		.uleb128 0x5
 1019 00b5 01       		.uleb128 0x1
 1020 00b6 13       		.uleb128 0x13
 1021 00b7 00       		.byte	0
 1022 00b8 00       		.byte	0
 1023 00b9 10       		.uleb128 0x10
 1024 00ba 28       		.uleb128 0x28
 1025 00bb 00       		.byte	0
 1026 00bc 03       		.uleb128 0x3
 1027 00bd 0E       		.uleb128 0xe
 1028 00be 1C       		.uleb128 0x1c
 1029 00bf 0B       		.uleb128 0xb
 1030 00c0 00       		.byte	0
 1031 00c1 00       		.byte	0
 1032 00c2 11       		.uleb128 0x11
 1033 00c3 28       		.uleb128 0x28
 1034 00c4 00       		.byte	0
 1035 00c5 03       		.uleb128 0x3
 1036 00c6 0E       		.uleb128 0xe
 1037 00c7 1C       		.uleb128 0x1c
ARM GAS  C:\Users\cmila\AppData\Local\Temp\ccAqHVCB.s 			page 22


 1038 00c8 06       		.uleb128 0x6
 1039 00c9 00       		.byte	0
 1040 00ca 00       		.byte	0
 1041 00cb 12       		.uleb128 0x12
 1042 00cc 13       		.uleb128 0x13
 1043 00cd 01       		.byte	0x1
 1044 00ce 03       		.uleb128 0x3
 1045 00cf 0E       		.uleb128 0xe
 1046 00d0 0B       		.uleb128 0xb
 1047 00d1 0B       		.uleb128 0xb
 1048 00d2 3A       		.uleb128 0x3a
 1049 00d3 0B       		.uleb128 0xb
 1050 00d4 3B       		.uleb128 0x3b
 1051 00d5 0B       		.uleb128 0xb
 1052 00d6 01       		.uleb128 0x1
 1053 00d7 13       		.uleb128 0x13
 1054 00d8 00       		.byte	0
 1055 00d9 00       		.byte	0
 1056 00da 13       		.uleb128 0x13
 1057 00db 2E       		.uleb128 0x2e
 1058 00dc 01       		.byte	0x1
 1059 00dd 3F       		.uleb128 0x3f
 1060 00de 19       		.uleb128 0x19
 1061 00df 03       		.uleb128 0x3
 1062 00e0 0E       		.uleb128 0xe
 1063 00e1 3A       		.uleb128 0x3a
 1064 00e2 0B       		.uleb128 0xb
 1065 00e3 3B       		.uleb128 0x3b
 1066 00e4 0B       		.uleb128 0xb
 1067 00e5 27       		.uleb128 0x27
 1068 00e6 19       		.uleb128 0x19
 1069 00e7 49       		.uleb128 0x49
 1070 00e8 13       		.uleb128 0x13
 1071 00e9 11       		.uleb128 0x11
 1072 00ea 01       		.uleb128 0x1
 1073 00eb 12       		.uleb128 0x12
 1074 00ec 06       		.uleb128 0x6
 1075 00ed 40       		.uleb128 0x40
 1076 00ee 18       		.uleb128 0x18
 1077 00ef 9742     		.uleb128 0x2117
 1078 00f1 19       		.uleb128 0x19
 1079 00f2 01       		.uleb128 0x1
 1080 00f3 13       		.uleb128 0x13
 1081 00f4 00       		.byte	0
 1082 00f5 00       		.byte	0
 1083 00f6 14       		.uleb128 0x14
 1084 00f7 05       		.uleb128 0x5
 1085 00f8 00       		.byte	0
 1086 00f9 03       		.uleb128 0x3
 1087 00fa 0E       		.uleb128 0xe
 1088 00fb 3A       		.uleb128 0x3a
 1089 00fc 0B       		.uleb128 0xb
 1090 00fd 3B       		.uleb128 0x3b
 1091 00fe 0B       		.uleb128 0xb
 1092 00ff 49       		.uleb128 0x49
 1093 0100 13       		.uleb128 0x13
 1094 0101 02       		.uleb128 0x2
ARM GAS  C:\Users\cmila\AppData\Local\Temp\ccAqHVCB.s 			page 23


 1095 0102 17       		.uleb128 0x17
 1096 0103 00       		.byte	0
 1097 0104 00       		.byte	0
 1098 0105 15       		.uleb128 0x15
 1099 0106 05       		.uleb128 0x5
 1100 0107 00       		.byte	0
 1101 0108 03       		.uleb128 0x3
 1102 0109 0E       		.uleb128 0xe
 1103 010a 3A       		.uleb128 0x3a
 1104 010b 0B       		.uleb128 0xb
 1105 010c 3B       		.uleb128 0x3b
 1106 010d 0B       		.uleb128 0xb
 1107 010e 49       		.uleb128 0x49
 1108 010f 13       		.uleb128 0x13
 1109 0110 02       		.uleb128 0x2
 1110 0111 18       		.uleb128 0x18
 1111 0112 00       		.byte	0
 1112 0113 00       		.byte	0
 1113 0114 16       		.uleb128 0x16
 1114 0115 34       		.uleb128 0x34
 1115 0116 00       		.byte	0
 1116 0117 03       		.uleb128 0x3
 1117 0118 0E       		.uleb128 0xe
 1118 0119 3A       		.uleb128 0x3a
 1119 011a 0B       		.uleb128 0xb
 1120 011b 3B       		.uleb128 0x3b
 1121 011c 0B       		.uleb128 0xb
 1122 011d 49       		.uleb128 0x49
 1123 011e 13       		.uleb128 0x13
 1124 011f 02       		.uleb128 0x2
 1125 0120 17       		.uleb128 0x17
 1126 0121 00       		.byte	0
 1127 0122 00       		.byte	0
 1128 0123 17       		.uleb128 0x17
 1129 0124 0F       		.uleb128 0xf
 1130 0125 00       		.byte	0
 1131 0126 0B       		.uleb128 0xb
 1132 0127 0B       		.uleb128 0xb
 1133 0128 49       		.uleb128 0x49
 1134 0129 13       		.uleb128 0x13
 1135 012a 00       		.byte	0
 1136 012b 00       		.byte	0
 1137 012c 18       		.uleb128 0x18
 1138 012d 2E       		.uleb128 0x2e
 1139 012e 01       		.byte	0x1
 1140 012f 3F       		.uleb128 0x3f
 1141 0130 19       		.uleb128 0x19
 1142 0131 03       		.uleb128 0x3
 1143 0132 0E       		.uleb128 0xe
 1144 0133 3A       		.uleb128 0x3a
 1145 0134 0B       		.uleb128 0xb
 1146 0135 3B       		.uleb128 0x3b
 1147 0136 0B       		.uleb128 0xb
 1148 0137 27       		.uleb128 0x27
 1149 0138 19       		.uleb128 0x19
 1150 0139 11       		.uleb128 0x11
 1151 013a 01       		.uleb128 0x1
ARM GAS  C:\Users\cmila\AppData\Local\Temp\ccAqHVCB.s 			page 24


 1152 013b 12       		.uleb128 0x12
 1153 013c 06       		.uleb128 0x6
 1154 013d 40       		.uleb128 0x40
 1155 013e 18       		.uleb128 0x18
 1156 013f 9742     		.uleb128 0x2117
 1157 0141 19       		.uleb128 0x19
 1158 0142 01       		.uleb128 0x1
 1159 0143 13       		.uleb128 0x13
 1160 0144 00       		.byte	0
 1161 0145 00       		.byte	0
 1162 0146 19       		.uleb128 0x19
 1163 0147 34       		.uleb128 0x34
 1164 0148 00       		.byte	0
 1165 0149 03       		.uleb128 0x3
 1166 014a 0E       		.uleb128 0xe
 1167 014b 3A       		.uleb128 0x3a
 1168 014c 0B       		.uleb128 0xb
 1169 014d 3B       		.uleb128 0x3b
 1170 014e 05       		.uleb128 0x5
 1171 014f 49       		.uleb128 0x49
 1172 0150 13       		.uleb128 0x13
 1173 0151 3F       		.uleb128 0x3f
 1174 0152 19       		.uleb128 0x19
 1175 0153 3C       		.uleb128 0x3c
 1176 0154 19       		.uleb128 0x19
 1177 0155 00       		.byte	0
 1178 0156 00       		.byte	0
 1179 0157 00       		.byte	0
 1180              		.section	.debug_loc,"",%progbits
 1181              	.Ldebug_loc0:
 1182              	.LLST0:
 1183 0000 00000000 		.4byte	.LVL0
 1184 0004 0E000000 		.4byte	.LVL1
 1185 0008 0100     		.2byte	0x1
 1186 000a 50       		.byte	0x50
 1187 000b 0E000000 		.4byte	.LVL1
 1188 000f F2000000 		.4byte	.LVL2
 1189 0013 0100     		.2byte	0x1
 1190 0015 53       		.byte	0x53
 1191 0016 F2000000 		.4byte	.LVL2
 1192 001a 00010000 		.4byte	.LVL5
 1193 001e 0400     		.2byte	0x4
 1194 0020 F3       		.byte	0xf3
 1195 0021 01       		.uleb128 0x1
 1196 0022 50       		.byte	0x50
 1197 0023 9F       		.byte	0x9f
 1198 0024 00010000 		.4byte	.LVL5
 1199 0028 02010000 		.4byte	.LVL6
 1200 002c 0100     		.2byte	0x1
 1201 002e 50       		.byte	0x50
 1202 002f 02010000 		.4byte	.LVL6
 1203 0033 04010000 		.4byte	.LVL7
 1204 0037 0400     		.2byte	0x4
 1205 0039 F3       		.byte	0xf3
 1206 003a 01       		.uleb128 0x1
 1207 003b 50       		.byte	0x50
 1208 003c 9F       		.byte	0x9f
ARM GAS  C:\Users\cmila\AppData\Local\Temp\ccAqHVCB.s 			page 25


 1209 003d 04010000 		.4byte	.LVL7
 1210 0041 06010000 		.4byte	.LVL8
 1211 0045 0100     		.2byte	0x1
 1212 0047 50       		.byte	0x50
 1213 0048 06010000 		.4byte	.LVL8
 1214 004c 08010000 		.4byte	.LVL9
 1215 0050 0100     		.2byte	0x1
 1216 0052 53       		.byte	0x53
 1217 0053 08010000 		.4byte	.LVL9
 1218 0057 10010000 		.4byte	.LFE158
 1219 005b 0400     		.2byte	0x4
 1220 005d F3       		.byte	0xf3
 1221 005e 01       		.uleb128 0x1
 1222 005f 50       		.byte	0x50
 1223 0060 9F       		.byte	0x9f
 1224 0061 00000000 		.4byte	0
 1225 0065 00000000 		.4byte	0
 1226              	.LLST1:
 1227 0069 00000000 		.4byte	.LVL0
 1228 006d F8000000 		.4byte	.LVL3
 1229 0071 0100     		.2byte	0x1
 1230 0073 52       		.byte	0x52
 1231 0074 F8000000 		.4byte	.LVL3
 1232 0078 00010000 		.4byte	.LVL5
 1233 007c 0400     		.2byte	0x4
 1234 007e F3       		.byte	0xf3
 1235 007f 01       		.uleb128 0x1
 1236 0080 52       		.byte	0x52
 1237 0081 9F       		.byte	0x9f
 1238 0082 00010000 		.4byte	.LVL5
 1239 0086 08010000 		.4byte	.LVL9
 1240 008a 0100     		.2byte	0x1
 1241 008c 52       		.byte	0x52
 1242 008d 08010000 		.4byte	.LVL9
 1243 0091 10010000 		.4byte	.LFE158
 1244 0095 0400     		.2byte	0x4
 1245 0097 F3       		.byte	0xf3
 1246 0098 01       		.uleb128 0x1
 1247 0099 52       		.byte	0x52
 1248 009a 9F       		.byte	0x9f
 1249 009b 00000000 		.4byte	0
 1250 009f 00000000 		.4byte	0
 1251              	.LLST2:
 1252 00a3 00000000 		.4byte	.LVL0
 1253 00a7 FC000000 		.4byte	.LVL4
 1254 00ab 0600     		.2byte	0x6
 1255 00ad 0C       		.byte	0xc
 1256 00ae 0100B600 		.4byte	0xb60001
 1257 00b2 9F       		.byte	0x9f
 1258 00b3 FC000000 		.4byte	.LVL4
 1259 00b7 00010000 		.4byte	.LVL5
 1260 00bb 0200     		.2byte	0x2
 1261 00bd 30       		.byte	0x30
 1262 00be 9F       		.byte	0x9f
 1263 00bf 00010000 		.4byte	.LVL5
 1264 00c3 08010000 		.4byte	.LVL9
 1265 00c7 0600     		.2byte	0x6
ARM GAS  C:\Users\cmila\AppData\Local\Temp\ccAqHVCB.s 			page 26


 1266 00c9 0C       		.byte	0xc
 1267 00ca 0100B600 		.4byte	0xb60001
 1268 00ce 9F       		.byte	0x9f
 1269 00cf 08010000 		.4byte	.LVL9
 1270 00d3 10010000 		.4byte	.LFE158
 1271 00d7 0100     		.2byte	0x1
 1272 00d9 50       		.byte	0x50
 1273 00da 00000000 		.4byte	0
 1274 00de 00000000 		.4byte	0
 1275              	.LLST3:
 1276 00e2 00000000 		.4byte	.LVL10
 1277 00e6 4E000000 		.4byte	.LVL11
 1278 00ea 0100     		.2byte	0x1
 1279 00ec 50       		.byte	0x50
 1280 00ed 4E000000 		.4byte	.LVL11
 1281 00f1 58000000 		.4byte	.LFE159
 1282 00f5 0400     		.2byte	0x4
 1283 00f7 F3       		.byte	0xf3
 1284 00f8 01       		.uleb128 0x1
 1285 00f9 50       		.byte	0x50
 1286 00fa 9F       		.byte	0x9f
 1287 00fb 00000000 		.4byte	0
 1288 00ff 00000000 		.4byte	0
 1289              		.section	.debug_aranges,"",%progbits
 1290 0000 24000000 		.4byte	0x24
 1291 0004 0200     		.2byte	0x2
 1292 0006 00000000 		.4byte	.Ldebug_info0
 1293 000a 04       		.byte	0x4
 1294 000b 00       		.byte	0
 1295 000c 0000     		.2byte	0
 1296 000e 0000     		.2byte	0
 1297 0010 00000000 		.4byte	.LFB158
 1298 0014 10010000 		.4byte	.LFE158-.LFB158
 1299 0018 00000000 		.4byte	.LFB159
 1300 001c 58000000 		.4byte	.LFE159-.LFB159
 1301 0020 00000000 		.4byte	0
 1302 0024 00000000 		.4byte	0
 1303              		.section	.debug_ranges,"",%progbits
 1304              	.Ldebug_ranges0:
 1305 0000 00000000 		.4byte	.LFB158
 1306 0004 10010000 		.4byte	.LFE158
 1307 0008 00000000 		.4byte	.LFB159
 1308 000c 58000000 		.4byte	.LFE159
 1309 0010 00000000 		.4byte	0
 1310 0014 00000000 		.4byte	0
 1311              		.section	.debug_line,"",%progbits
 1312              	.Ldebug_line0:
 1313 0000 AB020000 		.section	.debug_str,"MS",%progbits,1
 1313      02003F02 
 1313      00000201 
 1313      FB0E0D00 
 1313      01010101 
 1314              	.LASF58:
 1315 0000 72656C6F 		.ascii	"reloadInput\000"
 1315      6164496E 
 1315      70757400 
 1316              	.LASF47:
ARM GAS  C:\Users\cmila\AppData\Local\Temp\ccAqHVCB.s 			page 27


 1317 000c 636C6F63 		.ascii	"clockPrescaler\000"
 1317      6B507265 
 1317      7363616C 
 1317      657200
 1318              	.LASF63:
 1319 001b 636F756E 		.ascii	"countInputMode\000"
 1319      74496E70 
 1319      75744D6F 
 1319      646500
 1320              	.LASF51:
 1321 002a 636F6D70 		.ascii	"compare0\000"
 1321      61726530 
 1321      00
 1322              	.LASF52:
 1323 0033 636F6D70 		.ascii	"compare1\000"
 1323      61726531 
 1323      00
 1324              	.LASF2:
 1325 003c 73686F72 		.ascii	"short int\000"
 1325      7420696E 
 1325      7400
 1326              	.LASF14:
 1327 0046 73697A65 		.ascii	"sizetype\000"
 1327      74797065 
 1327      00
 1328              	.LASF20:
 1329 004f 50455249 		.ascii	"PERIOD_BUFF\000"
 1329      4F445F42 
 1329      55464600 
 1330              	.LASF30:
 1331 005b 54435057 		.ascii	"TCPWM_CNT_V1_Type\000"
 1331      4D5F434E 
 1331      545F5631 
 1331      5F547970 
 1331      6500
 1332              	.LASF32:
 1333 006d 4354524C 		.ascii	"CTRL_SET\000"
 1333      5F534554 
 1333      00
 1334              	.LASF19:
 1335 0076 50455249 		.ascii	"PERIOD\000"
 1335      4F4400
 1336              	.LASF34:
 1337 007d 434D445F 		.ascii	"CMD_RELOAD\000"
 1337      52454C4F 
 1337      414400
 1338              	.LASF23:
 1339 0088 54525F43 		.ascii	"TR_CTRL1\000"
 1339      54524C31 
 1339      00
 1340              	.LASF24:
 1341 0091 54525F43 		.ascii	"TR_CTRL2\000"
 1341      54524C32 
 1341      00
 1342              	.LASF70:
 1343 009a 474E5520 		.ascii	"GNU C11 5.4.1 20160609 (release) [ARM/embedded-5-br"
 1343      43313120 
ARM GAS  C:\Users\cmila\AppData\Local\Temp\ccAqHVCB.s 			page 28


 1343      352E342E 
 1343      31203230 
 1343      31363036 
 1344 00cd 616E6368 		.ascii	"anch revision 237715] -mcpu=cortex-m4 -mfloat-abi=s"
 1344      20726576 
 1344      6973696F 
 1344      6E203233 
 1344      37373135 
 1345 0100 6F667466 		.ascii	"oftfp -mfpu=fpv4-sp-d16 -mthumb -g -Og -ffunction-s"
 1345      70202D6D 
 1345      6670753D 
 1345      66707634 
 1345      2D73702D 
 1346 0133 65637469 		.ascii	"ections -ffat-lto-objects\000"
 1346      6F6E7320 
 1346      2D666661 
 1346      742D6C74 
 1346      6F2D6F62 
 1347              	.LASF43:
 1348 014d 43595F54 		.ascii	"CY_TCPWM_SUCCESS\000"
 1348      4350574D 
 1348      5F535543 
 1348      43455353 
 1348      00
 1349              	.LASF6:
 1350 015e 5F5F7569 		.ascii	"__uint32_t\000"
 1350      6E743332 
 1350      5F7400
 1351              	.LASF71:
 1352 0169 47656E65 		.ascii	"Generated_Source\\PSoC6\\pdl\\drivers\\peripheral\\"
 1352      72617465 
 1352      645F536F 
 1352      75726365 
 1352      5C50536F 
 1353 0197 74637077 		.ascii	"tcpwm\\cy_tcpwm_counter.c\000"
 1353      6D5C6379 
 1353      5F746370 
 1353      776D5F63 
 1353      6F756E74 
 1354              	.LASF62:
 1355 01b0 73746F70 		.ascii	"stopInput\000"
 1355      496E7075 
 1355      7400
 1356              	.LASF22:
 1357 01ba 54525F43 		.ascii	"TR_CTRL0\000"
 1357      54524C30 
 1357      00
 1358              	.LASF69:
 1359 01c3 636F6E66 		.ascii	"config\000"
 1359      696700
 1360              	.LASF38:
 1361 01ca 54435057 		.ascii	"TCPWM_V1_Type\000"
 1361      4D5F5631 
 1361      5F547970 
 1361      6500
 1362              	.LASF56:
 1363 01d8 63617074 		.ascii	"captureInput\000"
ARM GAS  C:\Users\cmila\AppData\Local\Temp\ccAqHVCB.s 			page 29


 1363      75726549 
 1363      6E707574 
 1363      00
 1364              	.LASF33:
 1365 01e5 434D445F 		.ascii	"CMD_CAPTURE\000"
 1365      43415054 
 1365      55524500 
 1366              	.LASF54:
 1367 01f1 696E7465 		.ascii	"interruptSources\000"
 1367      72727570 
 1367      74536F75 
 1367      72636573 
 1367      00
 1368              	.LASF36:
 1369 0202 434D445F 		.ascii	"CMD_START\000"
 1369      53544152 
 1369      5400
 1370              	.LASF41:
 1371 020c 666C6F61 		.ascii	"float\000"
 1371      7400
 1372              	.LASF10:
 1373 0212 756E7369 		.ascii	"unsigned int\000"
 1373      676E6564 
 1373      20696E74 
 1373      00
 1374              	.LASF57:
 1375 021f 72656C6F 		.ascii	"reloadInputMode\000"
 1375      6164496E 
 1375      7075744D 
 1375      6F646500 
 1376              	.LASF8:
 1377 022f 6C6F6E67 		.ascii	"long long int\000"
 1377      206C6F6E 
 1377      6720696E 
 1377      7400
 1378              	.LASF48:
 1379 023d 72756E4D 		.ascii	"runMode\000"
 1379      6F646500 
 1380              	.LASF74:
 1381 0245 43795F54 		.ascii	"Cy_TCPWM_Counter_Init\000"
 1381      4350574D 
 1381      5F436F75 
 1381      6E746572 
 1381      5F496E69 
 1382              	.LASF4:
 1383 025b 6C6F6E67 		.ascii	"long int\000"
 1383      20696E74 
 1383      00
 1384              	.LASF46:
 1385 0264 70657269 		.ascii	"period\000"
 1385      6F6400
 1386              	.LASF11:
 1387 026b 696E7433 		.ascii	"int32_t\000"
 1387      325F7400 
 1388              	.LASF68:
 1389 0273 636E744E 		.ascii	"cntNum\000"
 1389      756D00
ARM GAS  C:\Users\cmila\AppData\Local\Temp\ccAqHVCB.s 			page 30


 1390              	.LASF29:
 1391 027a 494E5452 		.ascii	"INTR_MASKED\000"
 1391      5F4D4153 
 1391      4B454400 
 1392              	.LASF18:
 1393 0286 43435F42 		.ascii	"CC_BUFF\000"
 1393      55464600 
 1394              	.LASF13:
 1395 028e 6C6F6E67 		.ascii	"long double\000"
 1395      20646F75 
 1395      626C6500 
 1396              	.LASF59:
 1397 029a 73746172 		.ascii	"startInputMode\000"
 1397      74496E70 
 1397      75744D6F 
 1397      646500
 1398              	.LASF1:
 1399 02a9 756E7369 		.ascii	"unsigned char\000"
 1399      676E6564 
 1399      20636861 
 1399      7200
 1400              	.LASF49:
 1401 02b7 636F756E 		.ascii	"countDirection\000"
 1401      74446972 
 1401      65637469 
 1401      6F6E00
 1402              	.LASF15:
 1403 02c6 4354524C 		.ascii	"CTRL\000"
 1403      00
 1404              	.LASF37:
 1405 02cb 494E5452 		.ascii	"INTR_CAUSE\000"
 1405      5F434155 
 1405      534500
 1406              	.LASF0:
 1407 02d6 7369676E 		.ascii	"signed char\000"
 1407      65642063 
 1407      68617200 
 1408              	.LASF27:
 1409 02e2 494E5452 		.ascii	"INTR_SET\000"
 1409      5F534554 
 1409      00
 1410              	.LASF9:
 1411 02eb 6C6F6E67 		.ascii	"long long unsigned int\000"
 1411      206C6F6E 
 1411      6720756E 
 1411      7369676E 
 1411      65642069 
 1412              	.LASF12:
 1413 0302 75696E74 		.ascii	"uint32_t\000"
 1413      33325F74 
 1413      00
 1414              	.LASF50:
 1415 030b 636F6D70 		.ascii	"compareOrCapture\000"
 1415      6172654F 
 1415      72436170 
 1415      74757265 
 1415      00
ARM GAS  C:\Users\cmila\AppData\Local\Temp\ccAqHVCB.s 			page 31


 1416              	.LASF53:
 1417 031c 656E6162 		.ascii	"enableCompareSwap\000"
 1417      6C65436F 
 1417      6D706172 
 1417      65537761 
 1417      7000
 1418              	.LASF35:
 1419 032e 434D445F 		.ascii	"CMD_STOP\000"
 1419      53544F50 
 1419      00
 1420              	.LASF66:
 1421 0337 63795F73 		.ascii	"cy_stc_tcpwm_counter_config_t\000"
 1421      74635F74 
 1421      6370776D 
 1421      5F636F75 
 1421      6E746572 
 1422              	.LASF28:
 1423 0355 494E5452 		.ascii	"INTR_MASK\000"
 1423      5F4D4153 
 1423      4B00
 1424              	.LASF3:
 1425 035f 73686F72 		.ascii	"short unsigned int\000"
 1425      7420756E 
 1425      7369676E 
 1425      65642069 
 1425      6E7400
 1426              	.LASF75:
 1427 0372 73746174 		.ascii	"status\000"
 1427      757300
 1428              	.LASF40:
 1429 0379 63686172 		.ascii	"char\000"
 1429      00
 1430              	.LASF72:
 1431 037e 433A5C55 		.ascii	"C:\\Users\\cmila\\uni\\projects\\Neural-Stimulator-"
 1431      73657273 
 1431      5C636D69 
 1431      6C615C75 
 1431      6E695C70 
 1432 03ac 4669726D 		.ascii	"Firmware\\new\\PSOC6\\BLE_DAC\\BLE_DAC\\BLE_DAC.cyd"
 1432      77617265 
 1432      5C6E6577 
 1432      5C50534F 
 1432      43365C42 
 1433 03da 736E00   		.ascii	"sn\000"
 1434              	.LASF16:
 1435 03dd 53544154 		.ascii	"STATUS\000"
 1435      555300
 1436              	.LASF44:
 1437 03e4 43595F54 		.ascii	"CY_TCPWM_BAD_PARAM\000"
 1437      4350574D 
 1437      5F424144 
 1437      5F504152 
 1437      414D00
 1438              	.LASF65:
 1439 03f7 5F426F6F 		.ascii	"_Bool\000"
 1439      6C00
 1440              	.LASF26:
ARM GAS  C:\Users\cmila\AppData\Local\Temp\ccAqHVCB.s 			page 32


 1441 03fd 494E5452 		.ascii	"INTR\000"
 1441      00
 1442              	.LASF55:
 1443 0402 63617074 		.ascii	"captureInputMode\000"
 1443      75726549 
 1443      6E707574 
 1443      4D6F6465 
 1443      00
 1444              	.LASF25:
 1445 0413 52455345 		.ascii	"RESERVED1\000"
 1445      52564544 
 1445      3100
 1446              	.LASF7:
 1447 041d 6C6F6E67 		.ascii	"long unsigned int\000"
 1447      20756E73 
 1447      69676E65 
 1447      6420696E 
 1447      7400
 1448              	.LASF42:
 1449 042f 646F7562 		.ascii	"double\000"
 1449      6C6500
 1450              	.LASF73:
 1451 0436 63795F73 		.ascii	"cy_stc_tcpwm_counter_config\000"
 1451      74635F74 
 1451      6370776D 
 1451      5F636F75 
 1451      6E746572 
 1452              	.LASF60:
 1453 0452 73746172 		.ascii	"startInput\000"
 1453      74496E70 
 1453      757400
 1454              	.LASF5:
 1455 045d 5F5F696E 		.ascii	"__int32_t\000"
 1455      7433325F 
 1455      7400
 1456              	.LASF61:
 1457 0467 73746F70 		.ascii	"stopInputMode\000"
 1457      496E7075 
 1457      744D6F64 
 1457      6500
 1458              	.LASF31:
 1459 0475 4354524C 		.ascii	"CTRL_CLR\000"
 1459      5F434C52 
 1459      00
 1460              	.LASF76:
 1461 047e 43795F54 		.ascii	"Cy_TCPWM_Counter_DeInit\000"
 1461      4350574D 
 1461      5F436F75 
 1461      6E746572 
 1461      5F446549 
 1462              	.LASF17:
 1463 0496 434F554E 		.ascii	"COUNTER\000"
 1463      54455200 
 1464              	.LASF21:
 1465 049e 52455345 		.ascii	"RESERVED\000"
 1465      52564544 
 1465      00
ARM GAS  C:\Users\cmila\AppData\Local\Temp\ccAqHVCB.s 			page 33


 1466              	.LASF45:
 1467 04a7 63795F65 		.ascii	"cy_en_tcpwm_status_t\000"
 1467      6E5F7463 
 1467      70776D5F 
 1467      73746174 
 1467      75735F74 
 1468              	.LASF64:
 1469 04bc 636F756E 		.ascii	"countInput\000"
 1469      74496E70 
 1469      757400
 1470              	.LASF77:
 1471 04c7 49544D5F 		.ascii	"ITM_RxBuffer\000"
 1471      52784275 
 1471      66666572 
 1471      00
 1472              	.LASF39:
 1473 04d4 54435057 		.ascii	"TCPWM_Type\000"
 1473      4D5F5479 
 1473      706500
 1474              	.LASF67:
 1475 04df 62617365 		.ascii	"base\000"
 1475      00
 1476              		.ident	"GCC: (GNU Tools for ARM Embedded Processors) 5.4.1 20160609 (release) [ARM/embedded-5-bran
