ARM GAS  C:\Users\cmila\AppData\Local\Temp\cc4JkcFg.s 			page 1


   1              		.syntax unified
   2              		.cpu cortex-m4
   3              		.eabi_attribute 27, 1
   4              		.fpu fpv4-sp-d16
   5              		.eabi_attribute 20, 1
   6              		.eabi_attribute 21, 1
   7              		.eabi_attribute 23, 3
   8              		.eabi_attribute 24, 1
   9              		.eabi_attribute 25, 1
  10              		.eabi_attribute 26, 1
  11              		.eabi_attribute 30, 1
  12              		.eabi_attribute 34, 1
  13              		.eabi_attribute 18, 4
  14              		.thumb
  15              		.syntax unified
  16              		.file	"heap_1.c"
  17              		.text
  18              	.Ltext0:
  19              		.cfi_sections	.debug_frame
  20              		.section	.text.pvPortMalloc,"ax",%progbits
  21              		.align	2
  22              		.global	pvPortMalloc
  23              		.thumb
  24              		.thumb_func
  25              		.type	pvPortMalloc, %function
  26              	pvPortMalloc:
  27              	.LFB136:
  28              		.file 1 "Generated_Source\\PSoC6\\pdl\\rtos\\FreeRTOS\\10.0.1\\Source\\portable\\MemMang\\heap_1.c
   1:Generated_Source\PSoC6\pdl\rtos\FreeRTOS\10.0.1\Source\portable\MemMang/heap_1.c **** /*
   2:Generated_Source\PSoC6\pdl\rtos\FreeRTOS\10.0.1\Source\portable\MemMang/heap_1.c ****  * FreeRTOS Kernel V10.0.1
   3:Generated_Source\PSoC6\pdl\rtos\FreeRTOS\10.0.1\Source\portable\MemMang/heap_1.c ****  * Copyright (C) 2017 Amazon.com, Inc. or its affiliates.  All Rights Reserved.
   4:Generated_Source\PSoC6\pdl\rtos\FreeRTOS\10.0.1\Source\portable\MemMang/heap_1.c ****  *
   5:Generated_Source\PSoC6\pdl\rtos\FreeRTOS\10.0.1\Source\portable\MemMang/heap_1.c ****  * Permission is hereby granted, free of charge, to any person obtaining a copy of
   6:Generated_Source\PSoC6\pdl\rtos\FreeRTOS\10.0.1\Source\portable\MemMang/heap_1.c ****  * this software and associated documentation files (the "Software"), to deal in
   7:Generated_Source\PSoC6\pdl\rtos\FreeRTOS\10.0.1\Source\portable\MemMang/heap_1.c ****  * the Software without restriction, including without limitation the rights to
   8:Generated_Source\PSoC6\pdl\rtos\FreeRTOS\10.0.1\Source\portable\MemMang/heap_1.c ****  * use, copy, modify, merge, publish, distribute, sublicense, and/or sell copies of
   9:Generated_Source\PSoC6\pdl\rtos\FreeRTOS\10.0.1\Source\portable\MemMang/heap_1.c ****  * the Software, and to permit persons to whom the Software is furnished to do so,
  10:Generated_Source\PSoC6\pdl\rtos\FreeRTOS\10.0.1\Source\portable\MemMang/heap_1.c ****  * subject to the following conditions:
  11:Generated_Source\PSoC6\pdl\rtos\FreeRTOS\10.0.1\Source\portable\MemMang/heap_1.c ****  *
  12:Generated_Source\PSoC6\pdl\rtos\FreeRTOS\10.0.1\Source\portable\MemMang/heap_1.c ****  * The above copyright notice and this permission notice shall be included in all
  13:Generated_Source\PSoC6\pdl\rtos\FreeRTOS\10.0.1\Source\portable\MemMang/heap_1.c ****  * copies or substantial portions of the Software.
  14:Generated_Source\PSoC6\pdl\rtos\FreeRTOS\10.0.1\Source\portable\MemMang/heap_1.c ****  *
  15:Generated_Source\PSoC6\pdl\rtos\FreeRTOS\10.0.1\Source\portable\MemMang/heap_1.c ****  * THE SOFTWARE IS PROVIDED "AS IS", WITHOUT WARRANTY OF ANY KIND, EXPRESS OR
  16:Generated_Source\PSoC6\pdl\rtos\FreeRTOS\10.0.1\Source\portable\MemMang/heap_1.c ****  * IMPLIED, INCLUDING BUT NOT LIMITED TO THE WARRANTIES OF MERCHANTABILITY, FITNESS
  17:Generated_Source\PSoC6\pdl\rtos\FreeRTOS\10.0.1\Source\portable\MemMang/heap_1.c ****  * FOR A PARTICULAR PURPOSE AND NONINFRINGEMENT. IN NO EVENT SHALL THE AUTHORS OR
  18:Generated_Source\PSoC6\pdl\rtos\FreeRTOS\10.0.1\Source\portable\MemMang/heap_1.c ****  * COPYRIGHT HOLDERS BE LIABLE FOR ANY CLAIM, DAMAGES OR OTHER LIABILITY, WHETHER
  19:Generated_Source\PSoC6\pdl\rtos\FreeRTOS\10.0.1\Source\portable\MemMang/heap_1.c ****  * IN AN ACTION OF CONTRACT, TORT OR OTHERWISE, ARISING FROM, OUT OF OR IN
  20:Generated_Source\PSoC6\pdl\rtos\FreeRTOS\10.0.1\Source\portable\MemMang/heap_1.c ****  * CONNECTION WITH THE SOFTWARE OR THE USE OR OTHER DEALINGS IN THE SOFTWARE.
  21:Generated_Source\PSoC6\pdl\rtos\FreeRTOS\10.0.1\Source\portable\MemMang/heap_1.c ****  *
  22:Generated_Source\PSoC6\pdl\rtos\FreeRTOS\10.0.1\Source\portable\MemMang/heap_1.c ****  * http://www.FreeRTOS.org
  23:Generated_Source\PSoC6\pdl\rtos\FreeRTOS\10.0.1\Source\portable\MemMang/heap_1.c ****  * http://aws.amazon.com/freertos
  24:Generated_Source\PSoC6\pdl\rtos\FreeRTOS\10.0.1\Source\portable\MemMang/heap_1.c ****  *
  25:Generated_Source\PSoC6\pdl\rtos\FreeRTOS\10.0.1\Source\portable\MemMang/heap_1.c ****  * 1 tab == 4 spaces!
  26:Generated_Source\PSoC6\pdl\rtos\FreeRTOS\10.0.1\Source\portable\MemMang/heap_1.c ****  */
  27:Generated_Source\PSoC6\pdl\rtos\FreeRTOS\10.0.1\Source\portable\MemMang/heap_1.c **** 
  28:Generated_Source\PSoC6\pdl\rtos\FreeRTOS\10.0.1\Source\portable\MemMang/heap_1.c **** 
  29:Generated_Source\PSoC6\pdl\rtos\FreeRTOS\10.0.1\Source\portable\MemMang/heap_1.c **** /*
ARM GAS  C:\Users\cmila\AppData\Local\Temp\cc4JkcFg.s 			page 2


  30:Generated_Source\PSoC6\pdl\rtos\FreeRTOS\10.0.1\Source\portable\MemMang/heap_1.c ****  * The simplest possible implementation of pvPortMalloc().  Note that this
  31:Generated_Source\PSoC6\pdl\rtos\FreeRTOS\10.0.1\Source\portable\MemMang/heap_1.c ****  * implementation does NOT allow allocated memory to be freed again.
  32:Generated_Source\PSoC6\pdl\rtos\FreeRTOS\10.0.1\Source\portable\MemMang/heap_1.c ****  *
  33:Generated_Source\PSoC6\pdl\rtos\FreeRTOS\10.0.1\Source\portable\MemMang/heap_1.c ****  * See heap_2.c, heap_3.c and heap_4.c for alternative implementations, and the
  34:Generated_Source\PSoC6\pdl\rtos\FreeRTOS\10.0.1\Source\portable\MemMang/heap_1.c ****  * memory management pages of http://www.FreeRTOS.org for more information.
  35:Generated_Source\PSoC6\pdl\rtos\FreeRTOS\10.0.1\Source\portable\MemMang/heap_1.c ****  */
  36:Generated_Source\PSoC6\pdl\rtos\FreeRTOS\10.0.1\Source\portable\MemMang/heap_1.c **** #include <stdlib.h>
  37:Generated_Source\PSoC6\pdl\rtos\FreeRTOS\10.0.1\Source\portable\MemMang/heap_1.c **** 
  38:Generated_Source\PSoC6\pdl\rtos\FreeRTOS\10.0.1\Source\portable\MemMang/heap_1.c **** /* Defining MPU_WRAPPERS_INCLUDED_FROM_API_FILE prevents task.h from redefining
  39:Generated_Source\PSoC6\pdl\rtos\FreeRTOS\10.0.1\Source\portable\MemMang/heap_1.c **** all the API functions to use the MPU wrappers.  That should only be done when
  40:Generated_Source\PSoC6\pdl\rtos\FreeRTOS\10.0.1\Source\portable\MemMang/heap_1.c **** task.h is included from an application file. */
  41:Generated_Source\PSoC6\pdl\rtos\FreeRTOS\10.0.1\Source\portable\MemMang/heap_1.c **** #define MPU_WRAPPERS_INCLUDED_FROM_API_FILE
  42:Generated_Source\PSoC6\pdl\rtos\FreeRTOS\10.0.1\Source\portable\MemMang/heap_1.c **** 
  43:Generated_Source\PSoC6\pdl\rtos\FreeRTOS\10.0.1\Source\portable\MemMang/heap_1.c **** #include "FreeRTOS.h"
  44:Generated_Source\PSoC6\pdl\rtos\FreeRTOS\10.0.1\Source\portable\MemMang/heap_1.c **** #include "task.h"
  45:Generated_Source\PSoC6\pdl\rtos\FreeRTOS\10.0.1\Source\portable\MemMang/heap_1.c **** 
  46:Generated_Source\PSoC6\pdl\rtos\FreeRTOS\10.0.1\Source\portable\MemMang/heap_1.c **** #undef MPU_WRAPPERS_INCLUDED_FROM_API_FILE
  47:Generated_Source\PSoC6\pdl\rtos\FreeRTOS\10.0.1\Source\portable\MemMang/heap_1.c **** 
  48:Generated_Source\PSoC6\pdl\rtos\FreeRTOS\10.0.1\Source\portable\MemMang/heap_1.c **** #if( configSUPPORT_DYNAMIC_ALLOCATION == 0 )
  49:Generated_Source\PSoC6\pdl\rtos\FreeRTOS\10.0.1\Source\portable\MemMang/heap_1.c **** 	#error This file must not be used if configSUPPORT_DYNAMIC_ALLOCATION is 0
  50:Generated_Source\PSoC6\pdl\rtos\FreeRTOS\10.0.1\Source\portable\MemMang/heap_1.c **** #endif
  51:Generated_Source\PSoC6\pdl\rtos\FreeRTOS\10.0.1\Source\portable\MemMang/heap_1.c **** 
  52:Generated_Source\PSoC6\pdl\rtos\FreeRTOS\10.0.1\Source\portable\MemMang/heap_1.c **** /* A few bytes might be lost to byte aligning the heap start address. */
  53:Generated_Source\PSoC6\pdl\rtos\FreeRTOS\10.0.1\Source\portable\MemMang/heap_1.c **** #define configADJUSTED_HEAP_SIZE	( configTOTAL_HEAP_SIZE - portBYTE_ALIGNMENT )
  54:Generated_Source\PSoC6\pdl\rtos\FreeRTOS\10.0.1\Source\portable\MemMang/heap_1.c **** 
  55:Generated_Source\PSoC6\pdl\rtos\FreeRTOS\10.0.1\Source\portable\MemMang/heap_1.c **** /* Allocate the memory for the heap. */
  56:Generated_Source\PSoC6\pdl\rtos\FreeRTOS\10.0.1\Source\portable\MemMang/heap_1.c **** /* Allocate the memory for the heap. */
  57:Generated_Source\PSoC6\pdl\rtos\FreeRTOS\10.0.1\Source\portable\MemMang/heap_1.c **** #if( configAPPLICATION_ALLOCATED_HEAP == 1 )
  58:Generated_Source\PSoC6\pdl\rtos\FreeRTOS\10.0.1\Source\portable\MemMang/heap_1.c **** 	/* The application writer has already defined the array used for the RTOS
  59:Generated_Source\PSoC6\pdl\rtos\FreeRTOS\10.0.1\Source\portable\MemMang/heap_1.c **** 	heap - probably so it can be placed in a special segment or address. */
  60:Generated_Source\PSoC6\pdl\rtos\FreeRTOS\10.0.1\Source\portable\MemMang/heap_1.c **** 	extern uint8_t ucHeap[ configTOTAL_HEAP_SIZE ];
  61:Generated_Source\PSoC6\pdl\rtos\FreeRTOS\10.0.1\Source\portable\MemMang/heap_1.c **** #else
  62:Generated_Source\PSoC6\pdl\rtos\FreeRTOS\10.0.1\Source\portable\MemMang/heap_1.c **** 	static uint8_t ucHeap[ configTOTAL_HEAP_SIZE ];
  63:Generated_Source\PSoC6\pdl\rtos\FreeRTOS\10.0.1\Source\portable\MemMang/heap_1.c **** #endif /* configAPPLICATION_ALLOCATED_HEAP */
  64:Generated_Source\PSoC6\pdl\rtos\FreeRTOS\10.0.1\Source\portable\MemMang/heap_1.c **** 
  65:Generated_Source\PSoC6\pdl\rtos\FreeRTOS\10.0.1\Source\portable\MemMang/heap_1.c **** /* Index into the ucHeap array. */
  66:Generated_Source\PSoC6\pdl\rtos\FreeRTOS\10.0.1\Source\portable\MemMang/heap_1.c **** static size_t xNextFreeByte = ( size_t ) 0;
  67:Generated_Source\PSoC6\pdl\rtos\FreeRTOS\10.0.1\Source\portable\MemMang/heap_1.c **** 
  68:Generated_Source\PSoC6\pdl\rtos\FreeRTOS\10.0.1\Source\portable\MemMang/heap_1.c **** /*-----------------------------------------------------------*/
  69:Generated_Source\PSoC6\pdl\rtos\FreeRTOS\10.0.1\Source\portable\MemMang/heap_1.c **** 
  70:Generated_Source\PSoC6\pdl\rtos\FreeRTOS\10.0.1\Source\portable\MemMang/heap_1.c **** void *pvPortMalloc( size_t xWantedSize )
  71:Generated_Source\PSoC6\pdl\rtos\FreeRTOS\10.0.1\Source\portable\MemMang/heap_1.c **** {
  29              		.loc 1 71 0
  30              		.cfi_startproc
  31              		@ args = 0, pretend = 0, frame = 0
  32              		@ frame_needed = 0, uses_anonymous_args = 0
  33              	.LVL0:
  34 0000 38B5     		push	{r3, r4, r5, lr}
  35              		.cfi_def_cfa_offset 16
  36              		.cfi_offset 3, -16
  37              		.cfi_offset 4, -12
  38              		.cfi_offset 5, -8
  39              		.cfi_offset 14, -4
  40 0002 0446     		mov	r4, r0
  41              	.LVL1:
  72:Generated_Source\PSoC6\pdl\rtos\FreeRTOS\10.0.1\Source\portable\MemMang/heap_1.c **** void *pvReturn = NULL;
  73:Generated_Source\PSoC6\pdl\rtos\FreeRTOS\10.0.1\Source\portable\MemMang/heap_1.c **** static uint8_t *pucAlignedHeap = NULL;
ARM GAS  C:\Users\cmila\AppData\Local\Temp\cc4JkcFg.s 			page 3


  74:Generated_Source\PSoC6\pdl\rtos\FreeRTOS\10.0.1\Source\portable\MemMang/heap_1.c **** 
  75:Generated_Source\PSoC6\pdl\rtos\FreeRTOS\10.0.1\Source\portable\MemMang/heap_1.c **** 	/* Ensure that blocks are always aligned to the required number of bytes. */
  76:Generated_Source\PSoC6\pdl\rtos\FreeRTOS\10.0.1\Source\portable\MemMang/heap_1.c **** 	#if( portBYTE_ALIGNMENT != 1 )
  77:Generated_Source\PSoC6\pdl\rtos\FreeRTOS\10.0.1\Source\portable\MemMang/heap_1.c **** 	{
  78:Generated_Source\PSoC6\pdl\rtos\FreeRTOS\10.0.1\Source\portable\MemMang/heap_1.c **** 		if( xWantedSize & portBYTE_ALIGNMENT_MASK )
  42              		.loc 1 78 0
  43 0004 10F0070F 		tst	r0, #7
  44 0008 02D0     		beq	.L2
  79:Generated_Source\PSoC6\pdl\rtos\FreeRTOS\10.0.1\Source\portable\MemMang/heap_1.c **** 		{
  80:Generated_Source\PSoC6\pdl\rtos\FreeRTOS\10.0.1\Source\portable\MemMang/heap_1.c **** 			/* Byte alignment required. */
  81:Generated_Source\PSoC6\pdl\rtos\FreeRTOS\10.0.1\Source\portable\MemMang/heap_1.c **** 			xWantedSize += ( portBYTE_ALIGNMENT - ( xWantedSize & portBYTE_ALIGNMENT_MASK ) );
  45              		.loc 1 81 0
  46 000a 20F00704 		bic	r4, r0, #7
  47 000e 0834     		adds	r4, r4, #8
  48              	.LVL2:
  49              	.L2:
  82:Generated_Source\PSoC6\pdl\rtos\FreeRTOS\10.0.1\Source\portable\MemMang/heap_1.c **** 		}
  83:Generated_Source\PSoC6\pdl\rtos\FreeRTOS\10.0.1\Source\portable\MemMang/heap_1.c **** 	}
  84:Generated_Source\PSoC6\pdl\rtos\FreeRTOS\10.0.1\Source\portable\MemMang/heap_1.c **** 	#endif
  85:Generated_Source\PSoC6\pdl\rtos\FreeRTOS\10.0.1\Source\portable\MemMang/heap_1.c **** 
  86:Generated_Source\PSoC6\pdl\rtos\FreeRTOS\10.0.1\Source\portable\MemMang/heap_1.c **** 	vTaskSuspendAll();
  50              		.loc 1 86 0
  51 0010 FFF7FEFF 		bl	vTaskSuspendAll
  52              	.LVL3:
  87:Generated_Source\PSoC6\pdl\rtos\FreeRTOS\10.0.1\Source\portable\MemMang/heap_1.c **** 	{
  88:Generated_Source\PSoC6\pdl\rtos\FreeRTOS\10.0.1\Source\portable\MemMang/heap_1.c **** 		if( pucAlignedHeap == NULL )
  53              		.loc 1 88 0
  54 0014 104B     		ldr	r3, .L8
  55 0016 1B68     		ldr	r3, [r3]
  56 0018 2BB9     		cbnz	r3, .L3
  89:Generated_Source\PSoC6\pdl\rtos\FreeRTOS\10.0.1\Source\portable\MemMang/heap_1.c **** 		{
  90:Generated_Source\PSoC6\pdl\rtos\FreeRTOS\10.0.1\Source\portable\MemMang/heap_1.c **** 			/* Ensure the heap starts on a correctly aligned boundary. */
  91:Generated_Source\PSoC6\pdl\rtos\FreeRTOS\10.0.1\Source\portable\MemMang/heap_1.c **** 			pucAlignedHeap = ( uint8_t * ) ( ( ( portPOINTER_SIZE_TYPE ) &ucHeap[ portBYTE_ALIGNMENT ] ) & (
  57              		.loc 1 91 0
  58 001a 0F4A     		ldr	r2, .L8
  59 001c 02F10C03 		add	r3, r2, #12
  60 0020 23F00703 		bic	r3, r3, #7
  61 0024 1360     		str	r3, [r2]
  62              	.L3:
  92:Generated_Source\PSoC6\pdl\rtos\FreeRTOS\10.0.1\Source\portable\MemMang/heap_1.c **** 		}
  93:Generated_Source\PSoC6\pdl\rtos\FreeRTOS\10.0.1\Source\portable\MemMang/heap_1.c **** 
  94:Generated_Source\PSoC6\pdl\rtos\FreeRTOS\10.0.1\Source\portable\MemMang/heap_1.c **** 		/* Check there is enough room left for the allocation. */
  95:Generated_Source\PSoC6\pdl\rtos\FreeRTOS\10.0.1\Source\portable\MemMang/heap_1.c **** 		if( ( ( xNextFreeByte + xWantedSize ) < configADJUSTED_HEAP_SIZE ) &&
  63              		.loc 1 95 0
  64 0026 0D4B     		ldr	r3, .L8+4
  65 0028 D3F85C35 		ldr	r3, [r3, #1372]
  66 002c 1C44     		add	r4, r4, r3
  67              	.LVL4:
  68 002e 4BF6F772 		movw	r2, #49143
  69 0032 9442     		cmp	r4, r2
  70 0034 08D8     		bhi	.L5
  71              		.loc 1 95 0 is_stmt 0 discriminator 1
  72 0036 A342     		cmp	r3, r4
  73 0038 08D2     		bcs	.L6
  96:Generated_Source\PSoC6\pdl\rtos\FreeRTOS\10.0.1\Source\portable\MemMang/heap_1.c **** 			( ( xNextFreeByte + xWantedSize ) > xNextFreeByte )	)/* Check for overflow. */
  97:Generated_Source\PSoC6\pdl\rtos\FreeRTOS\10.0.1\Source\portable\MemMang/heap_1.c **** 		{
  98:Generated_Source\PSoC6\pdl\rtos\FreeRTOS\10.0.1\Source\portable\MemMang/heap_1.c **** 			/* Return the next free byte then increment the index past this
ARM GAS  C:\Users\cmila\AppData\Local\Temp\cc4JkcFg.s 			page 4


  99:Generated_Source\PSoC6\pdl\rtos\FreeRTOS\10.0.1\Source\portable\MemMang/heap_1.c **** 			block. */
 100:Generated_Source\PSoC6\pdl\rtos\FreeRTOS\10.0.1\Source\portable\MemMang/heap_1.c **** 			pvReturn = pucAlignedHeap + xNextFreeByte;
  74              		.loc 1 100 0 is_stmt 1
  75 003a 074A     		ldr	r2, .L8
  76 003c 1568     		ldr	r5, [r2]
  77 003e 1D44     		add	r5, r5, r3
  78              	.LVL5:
 101:Generated_Source\PSoC6\pdl\rtos\FreeRTOS\10.0.1\Source\portable\MemMang/heap_1.c **** 			xNextFreeByte += xWantedSize;
  79              		.loc 1 101 0
  80 0040 064B     		ldr	r3, .L8+4
  81 0042 C3F85C45 		str	r4, [r3, #1372]
  82 0046 02E0     		b	.L4
  83              	.LVL6:
  84              	.L5:
  72:Generated_Source\PSoC6\pdl\rtos\FreeRTOS\10.0.1\Source\portable\MemMang/heap_1.c **** static uint8_t *pucAlignedHeap = NULL;
  85              		.loc 1 72 0
  86 0048 0025     		movs	r5, #0
  87 004a 00E0     		b	.L4
  88              	.L6:
  89 004c 0025     		movs	r5, #0
  90              	.LVL7:
  91              	.L4:
 102:Generated_Source\PSoC6\pdl\rtos\FreeRTOS\10.0.1\Source\portable\MemMang/heap_1.c **** 		}
 103:Generated_Source\PSoC6\pdl\rtos\FreeRTOS\10.0.1\Source\portable\MemMang/heap_1.c **** 
 104:Generated_Source\PSoC6\pdl\rtos\FreeRTOS\10.0.1\Source\portable\MemMang/heap_1.c **** 		traceMALLOC( pvReturn, xWantedSize );
 105:Generated_Source\PSoC6\pdl\rtos\FreeRTOS\10.0.1\Source\portable\MemMang/heap_1.c **** 	}
 106:Generated_Source\PSoC6\pdl\rtos\FreeRTOS\10.0.1\Source\portable\MemMang/heap_1.c **** 	( void ) xTaskResumeAll();
  92              		.loc 1 106 0
  93 004e FFF7FEFF 		bl	xTaskResumeAll
  94              	.LVL8:
 107:Generated_Source\PSoC6\pdl\rtos\FreeRTOS\10.0.1\Source\portable\MemMang/heap_1.c **** 
 108:Generated_Source\PSoC6\pdl\rtos\FreeRTOS\10.0.1\Source\portable\MemMang/heap_1.c **** 	#if( configUSE_MALLOC_FAILED_HOOK == 1 )
 109:Generated_Source\PSoC6\pdl\rtos\FreeRTOS\10.0.1\Source\portable\MemMang/heap_1.c **** 	{
 110:Generated_Source\PSoC6\pdl\rtos\FreeRTOS\10.0.1\Source\portable\MemMang/heap_1.c **** 		if( pvReturn == NULL )
 111:Generated_Source\PSoC6\pdl\rtos\FreeRTOS\10.0.1\Source\portable\MemMang/heap_1.c **** 		{
 112:Generated_Source\PSoC6\pdl\rtos\FreeRTOS\10.0.1\Source\portable\MemMang/heap_1.c **** 			extern void vApplicationMallocFailedHook( void );
 113:Generated_Source\PSoC6\pdl\rtos\FreeRTOS\10.0.1\Source\portable\MemMang/heap_1.c **** 			vApplicationMallocFailedHook();
 114:Generated_Source\PSoC6\pdl\rtos\FreeRTOS\10.0.1\Source\portable\MemMang/heap_1.c **** 		}
 115:Generated_Source\PSoC6\pdl\rtos\FreeRTOS\10.0.1\Source\portable\MemMang/heap_1.c **** 	}
 116:Generated_Source\PSoC6\pdl\rtos\FreeRTOS\10.0.1\Source\portable\MemMang/heap_1.c **** 	#endif
 117:Generated_Source\PSoC6\pdl\rtos\FreeRTOS\10.0.1\Source\portable\MemMang/heap_1.c **** 
 118:Generated_Source\PSoC6\pdl\rtos\FreeRTOS\10.0.1\Source\portable\MemMang/heap_1.c **** 	return pvReturn;
 119:Generated_Source\PSoC6\pdl\rtos\FreeRTOS\10.0.1\Source\portable\MemMang/heap_1.c **** }
  95              		.loc 1 119 0
  96 0052 2846     		mov	r0, r5
  97 0054 38BD     		pop	{r3, r4, r5, pc}
  98              	.LVL9:
  99              	.L9:
 100 0056 00BF     		.align	2
 101              	.L8:
 102 0058 00000000 		.word	.LANCHOR0
 103 005c A8BA0000 		.word	.LANCHOR1
 104              		.cfi_endproc
 105              	.LFE136:
 106              		.size	pvPortMalloc, .-pvPortMalloc
 107              		.section	.text.vPortFree,"ax",%progbits
 108              		.align	2
ARM GAS  C:\Users\cmila\AppData\Local\Temp\cc4JkcFg.s 			page 5


 109              		.global	vPortFree
 110              		.thumb
 111              		.thumb_func
 112              		.type	vPortFree, %function
 113              	vPortFree:
 114              	.LFB137:
 120:Generated_Source\PSoC6\pdl\rtos\FreeRTOS\10.0.1\Source\portable\MemMang/heap_1.c **** /*-----------------------------------------------------------*/
 121:Generated_Source\PSoC6\pdl\rtos\FreeRTOS\10.0.1\Source\portable\MemMang/heap_1.c **** 
 122:Generated_Source\PSoC6\pdl\rtos\FreeRTOS\10.0.1\Source\portable\MemMang/heap_1.c **** void vPortFree( void *pv )
 123:Generated_Source\PSoC6\pdl\rtos\FreeRTOS\10.0.1\Source\portable\MemMang/heap_1.c **** {
 115              		.loc 1 123 0
 116              		.cfi_startproc
 117              		@ args = 0, pretend = 0, frame = 0
 118              		@ frame_needed = 0, uses_anonymous_args = 0
 119              		@ link register save eliminated.
 120              	.LVL10:
 124:Generated_Source\PSoC6\pdl\rtos\FreeRTOS\10.0.1\Source\portable\MemMang/heap_1.c **** 	/* Memory cannot be freed using this scheme.  See heap_2.c, heap_3.c and
 125:Generated_Source\PSoC6\pdl\rtos\FreeRTOS\10.0.1\Source\portable\MemMang/heap_1.c **** 	heap_4.c for alternative implementations, and the memory management pages of
 126:Generated_Source\PSoC6\pdl\rtos\FreeRTOS\10.0.1\Source\portable\MemMang/heap_1.c **** 	http://www.FreeRTOS.org for more information. */
 127:Generated_Source\PSoC6\pdl\rtos\FreeRTOS\10.0.1\Source\portable\MemMang/heap_1.c **** 	( void ) pv;
 128:Generated_Source\PSoC6\pdl\rtos\FreeRTOS\10.0.1\Source\portable\MemMang/heap_1.c **** 
 129:Generated_Source\PSoC6\pdl\rtos\FreeRTOS\10.0.1\Source\portable\MemMang/heap_1.c **** 	/* Force an assert as it is invalid to call this function. */
 130:Generated_Source\PSoC6\pdl\rtos\FreeRTOS\10.0.1\Source\portable\MemMang/heap_1.c **** 	configASSERT( pv == NULL );
 121              		.loc 1 130 0
 122 0000 40B1     		cbz	r0, .L10
 123              	.LBB4:
 124              	.LBB5:
 125              		.file 2 "Generated_Source\\PSoC6\\pdl\\rtos/FreeRTOS/10.0.1/Source/portable/GCC/CM4F/portmacro.h"
   1:Generated_Source\PSoC6\pdl\rtos/FreeRTOS/10.0.1/Source/portable/GCC/CM4F/portmacro.h **** /*
   2:Generated_Source\PSoC6\pdl\rtos/FreeRTOS/10.0.1/Source/portable/GCC/CM4F/portmacro.h ****  * FreeRTOS Kernel V10.0.1
   3:Generated_Source\PSoC6\pdl\rtos/FreeRTOS/10.0.1/Source/portable/GCC/CM4F/portmacro.h ****  * Copyright (C) 2017 Amazon.com, Inc. or its affiliates.  All Rights Reserved.
   4:Generated_Source\PSoC6\pdl\rtos/FreeRTOS/10.0.1/Source/portable/GCC/CM4F/portmacro.h ****  *
   5:Generated_Source\PSoC6\pdl\rtos/FreeRTOS/10.0.1/Source/portable/GCC/CM4F/portmacro.h ****  * Permission is hereby granted, free of charge, to any person obtaining a copy of
   6:Generated_Source\PSoC6\pdl\rtos/FreeRTOS/10.0.1/Source/portable/GCC/CM4F/portmacro.h ****  * this software and associated documentation files (the "Software"), to deal in
   7:Generated_Source\PSoC6\pdl\rtos/FreeRTOS/10.0.1/Source/portable/GCC/CM4F/portmacro.h ****  * the Software without restriction, including without limitation the rights to
   8:Generated_Source\PSoC6\pdl\rtos/FreeRTOS/10.0.1/Source/portable/GCC/CM4F/portmacro.h ****  * use, copy, modify, merge, publish, distribute, sublicense, and/or sell copies of
   9:Generated_Source\PSoC6\pdl\rtos/FreeRTOS/10.0.1/Source/portable/GCC/CM4F/portmacro.h ****  * the Software, and to permit persons to whom the Software is furnished to do so,
  10:Generated_Source\PSoC6\pdl\rtos/FreeRTOS/10.0.1/Source/portable/GCC/CM4F/portmacro.h ****  * subject to the following conditions:
  11:Generated_Source\PSoC6\pdl\rtos/FreeRTOS/10.0.1/Source/portable/GCC/CM4F/portmacro.h ****  *
  12:Generated_Source\PSoC6\pdl\rtos/FreeRTOS/10.0.1/Source/portable/GCC/CM4F/portmacro.h ****  * The above copyright notice and this permission notice shall be included in all
  13:Generated_Source\PSoC6\pdl\rtos/FreeRTOS/10.0.1/Source/portable/GCC/CM4F/portmacro.h ****  * copies or substantial portions of the Software.
  14:Generated_Source\PSoC6\pdl\rtos/FreeRTOS/10.0.1/Source/portable/GCC/CM4F/portmacro.h ****  *
  15:Generated_Source\PSoC6\pdl\rtos/FreeRTOS/10.0.1/Source/portable/GCC/CM4F/portmacro.h ****  * THE SOFTWARE IS PROVIDED "AS IS", WITHOUT WARRANTY OF ANY KIND, EXPRESS OR
  16:Generated_Source\PSoC6\pdl\rtos/FreeRTOS/10.0.1/Source/portable/GCC/CM4F/portmacro.h ****  * IMPLIED, INCLUDING BUT NOT LIMITED TO THE WARRANTIES OF MERCHANTABILITY, FITNESS
  17:Generated_Source\PSoC6\pdl\rtos/FreeRTOS/10.0.1/Source/portable/GCC/CM4F/portmacro.h ****  * FOR A PARTICULAR PURPOSE AND NONINFRINGEMENT. IN NO EVENT SHALL THE AUTHORS OR
  18:Generated_Source\PSoC6\pdl\rtos/FreeRTOS/10.0.1/Source/portable/GCC/CM4F/portmacro.h ****  * COPYRIGHT HOLDERS BE LIABLE FOR ANY CLAIM, DAMAGES OR OTHER LIABILITY, WHETHER
  19:Generated_Source\PSoC6\pdl\rtos/FreeRTOS/10.0.1/Source/portable/GCC/CM4F/portmacro.h ****  * IN AN ACTION OF CONTRACT, TORT OR OTHERWISE, ARISING FROM, OUT OF OR IN
  20:Generated_Source\PSoC6\pdl\rtos/FreeRTOS/10.0.1/Source/portable/GCC/CM4F/portmacro.h ****  * CONNECTION WITH THE SOFTWARE OR THE USE OR OTHER DEALINGS IN THE SOFTWARE.
  21:Generated_Source\PSoC6\pdl\rtos/FreeRTOS/10.0.1/Source/portable/GCC/CM4F/portmacro.h ****  *
  22:Generated_Source\PSoC6\pdl\rtos/FreeRTOS/10.0.1/Source/portable/GCC/CM4F/portmacro.h ****  * http://www.FreeRTOS.org
  23:Generated_Source\PSoC6\pdl\rtos/FreeRTOS/10.0.1/Source/portable/GCC/CM4F/portmacro.h ****  * http://aws.amazon.com/freertos
  24:Generated_Source\PSoC6\pdl\rtos/FreeRTOS/10.0.1/Source/portable/GCC/CM4F/portmacro.h ****  *
  25:Generated_Source\PSoC6\pdl\rtos/FreeRTOS/10.0.1/Source/portable/GCC/CM4F/portmacro.h ****  * 1 tab == 4 spaces!
  26:Generated_Source\PSoC6\pdl\rtos/FreeRTOS/10.0.1/Source/portable/GCC/CM4F/portmacro.h ****  */
  27:Generated_Source\PSoC6\pdl\rtos/FreeRTOS/10.0.1/Source/portable/GCC/CM4F/portmacro.h **** 
  28:Generated_Source\PSoC6\pdl\rtos/FreeRTOS/10.0.1/Source/portable/GCC/CM4F/portmacro.h **** 
  29:Generated_Source\PSoC6\pdl\rtos/FreeRTOS/10.0.1/Source/portable/GCC/CM4F/portmacro.h **** #ifndef PORTMACRO_H
ARM GAS  C:\Users\cmila\AppData\Local\Temp\cc4JkcFg.s 			page 6


  30:Generated_Source\PSoC6\pdl\rtos/FreeRTOS/10.0.1/Source/portable/GCC/CM4F/portmacro.h **** #define PORTMACRO_H
  31:Generated_Source\PSoC6\pdl\rtos/FreeRTOS/10.0.1/Source/portable/GCC/CM4F/portmacro.h **** 
  32:Generated_Source\PSoC6\pdl\rtos/FreeRTOS/10.0.1/Source/portable/GCC/CM4F/portmacro.h **** #ifdef __cplusplus
  33:Generated_Source\PSoC6\pdl\rtos/FreeRTOS/10.0.1/Source/portable/GCC/CM4F/portmacro.h **** extern "C" {
  34:Generated_Source\PSoC6\pdl\rtos/FreeRTOS/10.0.1/Source/portable/GCC/CM4F/portmacro.h **** #endif
  35:Generated_Source\PSoC6\pdl\rtos/FreeRTOS/10.0.1/Source/portable/GCC/CM4F/portmacro.h **** 
  36:Generated_Source\PSoC6\pdl\rtos/FreeRTOS/10.0.1/Source/portable/GCC/CM4F/portmacro.h **** /*-----------------------------------------------------------
  37:Generated_Source\PSoC6\pdl\rtos/FreeRTOS/10.0.1/Source/portable/GCC/CM4F/portmacro.h ****  * Port specific definitions.
  38:Generated_Source\PSoC6\pdl\rtos/FreeRTOS/10.0.1/Source/portable/GCC/CM4F/portmacro.h ****  *
  39:Generated_Source\PSoC6\pdl\rtos/FreeRTOS/10.0.1/Source/portable/GCC/CM4F/portmacro.h ****  * The settings in this file configure FreeRTOS correctly for the
  40:Generated_Source\PSoC6\pdl\rtos/FreeRTOS/10.0.1/Source/portable/GCC/CM4F/portmacro.h ****  * given hardware and compiler.
  41:Generated_Source\PSoC6\pdl\rtos/FreeRTOS/10.0.1/Source/portable/GCC/CM4F/portmacro.h ****  *
  42:Generated_Source\PSoC6\pdl\rtos/FreeRTOS/10.0.1/Source/portable/GCC/CM4F/portmacro.h ****  * These settings should not be altered.
  43:Generated_Source\PSoC6\pdl\rtos/FreeRTOS/10.0.1/Source/portable/GCC/CM4F/portmacro.h ****  *-----------------------------------------------------------
  44:Generated_Source\PSoC6\pdl\rtos/FreeRTOS/10.0.1/Source/portable/GCC/CM4F/portmacro.h ****  */
  45:Generated_Source\PSoC6\pdl\rtos/FreeRTOS/10.0.1/Source/portable/GCC/CM4F/portmacro.h **** 
  46:Generated_Source\PSoC6\pdl\rtos/FreeRTOS/10.0.1/Source/portable/GCC/CM4F/portmacro.h **** /* Type definitions. */
  47:Generated_Source\PSoC6\pdl\rtos/FreeRTOS/10.0.1/Source/portable/GCC/CM4F/portmacro.h **** #define portCHAR		char
  48:Generated_Source\PSoC6\pdl\rtos/FreeRTOS/10.0.1/Source/portable/GCC/CM4F/portmacro.h **** #define portFLOAT		float
  49:Generated_Source\PSoC6\pdl\rtos/FreeRTOS/10.0.1/Source/portable/GCC/CM4F/portmacro.h **** #define portDOUBLE		double
  50:Generated_Source\PSoC6\pdl\rtos/FreeRTOS/10.0.1/Source/portable/GCC/CM4F/portmacro.h **** #define portLONG		long
  51:Generated_Source\PSoC6\pdl\rtos/FreeRTOS/10.0.1/Source/portable/GCC/CM4F/portmacro.h **** #define portSHORT		short
  52:Generated_Source\PSoC6\pdl\rtos/FreeRTOS/10.0.1/Source/portable/GCC/CM4F/portmacro.h **** #define portSTACK_TYPE	uint32_t
  53:Generated_Source\PSoC6\pdl\rtos/FreeRTOS/10.0.1/Source/portable/GCC/CM4F/portmacro.h **** #define portBASE_TYPE	long
  54:Generated_Source\PSoC6\pdl\rtos/FreeRTOS/10.0.1/Source/portable/GCC/CM4F/portmacro.h **** 
  55:Generated_Source\PSoC6\pdl\rtos/FreeRTOS/10.0.1/Source/portable/GCC/CM4F/portmacro.h **** typedef portSTACK_TYPE StackType_t;
  56:Generated_Source\PSoC6\pdl\rtos/FreeRTOS/10.0.1/Source/portable/GCC/CM4F/portmacro.h **** typedef long BaseType_t;
  57:Generated_Source\PSoC6\pdl\rtos/FreeRTOS/10.0.1/Source/portable/GCC/CM4F/portmacro.h **** typedef unsigned long UBaseType_t;
  58:Generated_Source\PSoC6\pdl\rtos/FreeRTOS/10.0.1/Source/portable/GCC/CM4F/portmacro.h **** 
  59:Generated_Source\PSoC6\pdl\rtos/FreeRTOS/10.0.1/Source/portable/GCC/CM4F/portmacro.h **** #if( configUSE_16_BIT_TICKS == 1 )
  60:Generated_Source\PSoC6\pdl\rtos/FreeRTOS/10.0.1/Source/portable/GCC/CM4F/portmacro.h **** 	typedef uint16_t TickType_t;
  61:Generated_Source\PSoC6\pdl\rtos/FreeRTOS/10.0.1/Source/portable/GCC/CM4F/portmacro.h **** 	#define portMAX_DELAY ( TickType_t ) 0xffff
  62:Generated_Source\PSoC6\pdl\rtos/FreeRTOS/10.0.1/Source/portable/GCC/CM4F/portmacro.h **** #else
  63:Generated_Source\PSoC6\pdl\rtos/FreeRTOS/10.0.1/Source/portable/GCC/CM4F/portmacro.h **** 	typedef uint32_t TickType_t;
  64:Generated_Source\PSoC6\pdl\rtos/FreeRTOS/10.0.1/Source/portable/GCC/CM4F/portmacro.h **** 	#define portMAX_DELAY ( TickType_t ) 0xffffffffUL
  65:Generated_Source\PSoC6\pdl\rtos/FreeRTOS/10.0.1/Source/portable/GCC/CM4F/portmacro.h **** 
  66:Generated_Source\PSoC6\pdl\rtos/FreeRTOS/10.0.1/Source/portable/GCC/CM4F/portmacro.h **** 	/* 32-bit tick type on a 32-bit architecture, so reads of the tick count do
  67:Generated_Source\PSoC6\pdl\rtos/FreeRTOS/10.0.1/Source/portable/GCC/CM4F/portmacro.h **** 	not need to be guarded with a critical section. */
  68:Generated_Source\PSoC6\pdl\rtos/FreeRTOS/10.0.1/Source/portable/GCC/CM4F/portmacro.h **** 	#define portTICK_TYPE_IS_ATOMIC 1
  69:Generated_Source\PSoC6\pdl\rtos/FreeRTOS/10.0.1/Source/portable/GCC/CM4F/portmacro.h **** #endif
  70:Generated_Source\PSoC6\pdl\rtos/FreeRTOS/10.0.1/Source/portable/GCC/CM4F/portmacro.h **** /*-----------------------------------------------------------*/
  71:Generated_Source\PSoC6\pdl\rtos/FreeRTOS/10.0.1/Source/portable/GCC/CM4F/portmacro.h **** 
  72:Generated_Source\PSoC6\pdl\rtos/FreeRTOS/10.0.1/Source/portable/GCC/CM4F/portmacro.h **** /* Architecture specifics. */
  73:Generated_Source\PSoC6\pdl\rtos/FreeRTOS/10.0.1/Source/portable/GCC/CM4F/portmacro.h **** #define portSTACK_GROWTH			( -1 )
  74:Generated_Source\PSoC6\pdl\rtos/FreeRTOS/10.0.1/Source/portable/GCC/CM4F/portmacro.h **** #define portTICK_PERIOD_MS			( ( TickType_t ) 1000 / configTICK_RATE_HZ )
  75:Generated_Source\PSoC6\pdl\rtos/FreeRTOS/10.0.1/Source/portable/GCC/CM4F/portmacro.h **** #define portBYTE_ALIGNMENT			8
  76:Generated_Source\PSoC6\pdl\rtos/FreeRTOS/10.0.1/Source/portable/GCC/CM4F/portmacro.h **** /*-----------------------------------------------------------*/
  77:Generated_Source\PSoC6\pdl\rtos/FreeRTOS/10.0.1/Source/portable/GCC/CM4F/portmacro.h **** 
  78:Generated_Source\PSoC6\pdl\rtos/FreeRTOS/10.0.1/Source/portable/GCC/CM4F/portmacro.h **** /* Scheduler utilities. */
  79:Generated_Source\PSoC6\pdl\rtos/FreeRTOS/10.0.1/Source/portable/GCC/CM4F/portmacro.h **** #define portYIELD() 															\
  80:Generated_Source\PSoC6\pdl\rtos/FreeRTOS/10.0.1/Source/portable/GCC/CM4F/portmacro.h **** {																				\
  81:Generated_Source\PSoC6\pdl\rtos/FreeRTOS/10.0.1/Source/portable/GCC/CM4F/portmacro.h **** 	/* Set a PendSV to request a context switch. */								\
  82:Generated_Source\PSoC6\pdl\rtos/FreeRTOS/10.0.1/Source/portable/GCC/CM4F/portmacro.h **** 	portNVIC_INT_CTRL_REG = portNVIC_PENDSVSET_BIT;								\
  83:Generated_Source\PSoC6\pdl\rtos/FreeRTOS/10.0.1/Source/portable/GCC/CM4F/portmacro.h **** 																				\
  84:Generated_Source\PSoC6\pdl\rtos/FreeRTOS/10.0.1/Source/portable/GCC/CM4F/portmacro.h **** 	/* Barriers are normally not required but do ensure the code is completely	\
  85:Generated_Source\PSoC6\pdl\rtos/FreeRTOS/10.0.1/Source/portable/GCC/CM4F/portmacro.h **** 	within the specified behaviour for the architecture. */						\
  86:Generated_Source\PSoC6\pdl\rtos/FreeRTOS/10.0.1/Source/portable/GCC/CM4F/portmacro.h **** 	__asm volatile( "dsb" ::: "memory" );										\
ARM GAS  C:\Users\cmila\AppData\Local\Temp\cc4JkcFg.s 			page 7


  87:Generated_Source\PSoC6\pdl\rtos/FreeRTOS/10.0.1/Source/portable/GCC/CM4F/portmacro.h **** 	__asm volatile( "isb" );													\
  88:Generated_Source\PSoC6\pdl\rtos/FreeRTOS/10.0.1/Source/portable/GCC/CM4F/portmacro.h **** }
  89:Generated_Source\PSoC6\pdl\rtos/FreeRTOS/10.0.1/Source/portable/GCC/CM4F/portmacro.h **** 
  90:Generated_Source\PSoC6\pdl\rtos/FreeRTOS/10.0.1/Source/portable/GCC/CM4F/portmacro.h **** #define portNVIC_INT_CTRL_REG		( * ( ( volatile uint32_t * ) 0xe000ed04 ) )
  91:Generated_Source\PSoC6\pdl\rtos/FreeRTOS/10.0.1/Source/portable/GCC/CM4F/portmacro.h **** #define portNVIC_PENDSVSET_BIT		( 1UL << 28UL )
  92:Generated_Source\PSoC6\pdl\rtos/FreeRTOS/10.0.1/Source/portable/GCC/CM4F/portmacro.h **** #define portEND_SWITCHING_ISR( xSwitchRequired ) if( xSwitchRequired != pdFALSE ) portYIELD()
  93:Generated_Source\PSoC6\pdl\rtos/FreeRTOS/10.0.1/Source/portable/GCC/CM4F/portmacro.h **** #define portYIELD_FROM_ISR( x ) portEND_SWITCHING_ISR( x )
  94:Generated_Source\PSoC6\pdl\rtos/FreeRTOS/10.0.1/Source/portable/GCC/CM4F/portmacro.h **** /*-----------------------------------------------------------*/
  95:Generated_Source\PSoC6\pdl\rtos/FreeRTOS/10.0.1/Source/portable/GCC/CM4F/portmacro.h **** 
  96:Generated_Source\PSoC6\pdl\rtos/FreeRTOS/10.0.1/Source/portable/GCC/CM4F/portmacro.h **** /* Critical section management. */
  97:Generated_Source\PSoC6\pdl\rtos/FreeRTOS/10.0.1/Source/portable/GCC/CM4F/portmacro.h **** extern void vPortEnterCritical( void );
  98:Generated_Source\PSoC6\pdl\rtos/FreeRTOS/10.0.1/Source/portable/GCC/CM4F/portmacro.h **** extern void vPortExitCritical( void );
  99:Generated_Source\PSoC6\pdl\rtos/FreeRTOS/10.0.1/Source/portable/GCC/CM4F/portmacro.h **** #define portSET_INTERRUPT_MASK_FROM_ISR()		ulPortRaiseBASEPRI()
 100:Generated_Source\PSoC6\pdl\rtos/FreeRTOS/10.0.1/Source/portable/GCC/CM4F/portmacro.h **** #define portCLEAR_INTERRUPT_MASK_FROM_ISR(x)	vPortSetBASEPRI(x)
 101:Generated_Source\PSoC6\pdl\rtos/FreeRTOS/10.0.1/Source/portable/GCC/CM4F/portmacro.h **** #define portDISABLE_INTERRUPTS()				vPortRaiseBASEPRI()
 102:Generated_Source\PSoC6\pdl\rtos/FreeRTOS/10.0.1/Source/portable/GCC/CM4F/portmacro.h **** #define portENABLE_INTERRUPTS()					vPortSetBASEPRI(0)
 103:Generated_Source\PSoC6\pdl\rtos/FreeRTOS/10.0.1/Source/portable/GCC/CM4F/portmacro.h **** #define portENTER_CRITICAL()					vPortEnterCritical()
 104:Generated_Source\PSoC6\pdl\rtos/FreeRTOS/10.0.1/Source/portable/GCC/CM4F/portmacro.h **** #define portEXIT_CRITICAL()						vPortExitCritical()
 105:Generated_Source\PSoC6\pdl\rtos/FreeRTOS/10.0.1/Source/portable/GCC/CM4F/portmacro.h **** 
 106:Generated_Source\PSoC6\pdl\rtos/FreeRTOS/10.0.1/Source/portable/GCC/CM4F/portmacro.h **** /*-----------------------------------------------------------*/
 107:Generated_Source\PSoC6\pdl\rtos/FreeRTOS/10.0.1/Source/portable/GCC/CM4F/portmacro.h **** 
 108:Generated_Source\PSoC6\pdl\rtos/FreeRTOS/10.0.1/Source/portable/GCC/CM4F/portmacro.h **** /* Task function macros as described on the FreeRTOS.org WEB site.  These are
 109:Generated_Source\PSoC6\pdl\rtos/FreeRTOS/10.0.1/Source/portable/GCC/CM4F/portmacro.h **** not necessary for to use this port.  They are defined so the common demo files
 110:Generated_Source\PSoC6\pdl\rtos/FreeRTOS/10.0.1/Source/portable/GCC/CM4F/portmacro.h **** (which build with all the ports) will build. */
 111:Generated_Source\PSoC6\pdl\rtos/FreeRTOS/10.0.1/Source/portable/GCC/CM4F/portmacro.h **** #define portTASK_FUNCTION_PROTO( vFunction, pvParameters ) void vFunction( void *pvParameters )
 112:Generated_Source\PSoC6\pdl\rtos/FreeRTOS/10.0.1/Source/portable/GCC/CM4F/portmacro.h **** #define portTASK_FUNCTION( vFunction, pvParameters ) void vFunction( void *pvParameters )
 113:Generated_Source\PSoC6\pdl\rtos/FreeRTOS/10.0.1/Source/portable/GCC/CM4F/portmacro.h **** 
 114:Generated_Source\PSoC6\pdl\rtos/FreeRTOS/10.0.1/Source/portable/GCC/CM4F/portmacro.h **** /*-----------------------------------------------------------*/
 115:Generated_Source\PSoC6\pdl\rtos/FreeRTOS/10.0.1/Source/portable/GCC/CM4F/portmacro.h **** 
 116:Generated_Source\PSoC6\pdl\rtos/FreeRTOS/10.0.1/Source/portable/GCC/CM4F/portmacro.h **** #ifdef configASSERT
 117:Generated_Source\PSoC6\pdl\rtos/FreeRTOS/10.0.1/Source/portable/GCC/CM4F/portmacro.h **** 	void vPortValidateInterruptPriority( void );
 118:Generated_Source\PSoC6\pdl\rtos/FreeRTOS/10.0.1/Source/portable/GCC/CM4F/portmacro.h **** 	#define portASSERT_IF_INTERRUPT_PRIORITY_INVALID() 	vPortValidateInterruptPriority()
 119:Generated_Source\PSoC6\pdl\rtos/FreeRTOS/10.0.1/Source/portable/GCC/CM4F/portmacro.h **** #endif
 120:Generated_Source\PSoC6\pdl\rtos/FreeRTOS/10.0.1/Source/portable/GCC/CM4F/portmacro.h **** 
 121:Generated_Source\PSoC6\pdl\rtos/FreeRTOS/10.0.1/Source/portable/GCC/CM4F/portmacro.h **** /* portNOP() is not required by this port. */
 122:Generated_Source\PSoC6\pdl\rtos/FreeRTOS/10.0.1/Source/portable/GCC/CM4F/portmacro.h **** #define portNOP()
 123:Generated_Source\PSoC6\pdl\rtos/FreeRTOS/10.0.1/Source/portable/GCC/CM4F/portmacro.h **** 
 124:Generated_Source\PSoC6\pdl\rtos/FreeRTOS/10.0.1/Source/portable/GCC/CM4F/portmacro.h **** #define portINLINE	__inline
 125:Generated_Source\PSoC6\pdl\rtos/FreeRTOS/10.0.1/Source/portable/GCC/CM4F/portmacro.h **** 
 126:Generated_Source\PSoC6\pdl\rtos/FreeRTOS/10.0.1/Source/portable/GCC/CM4F/portmacro.h **** #ifndef portFORCE_INLINE
 127:Generated_Source\PSoC6\pdl\rtos/FreeRTOS/10.0.1/Source/portable/GCC/CM4F/portmacro.h **** 	#define portFORCE_INLINE inline __attribute__(( always_inline))
 128:Generated_Source\PSoC6\pdl\rtos/FreeRTOS/10.0.1/Source/portable/GCC/CM4F/portmacro.h **** #endif
 129:Generated_Source\PSoC6\pdl\rtos/FreeRTOS/10.0.1/Source/portable/GCC/CM4F/portmacro.h **** 
 130:Generated_Source\PSoC6\pdl\rtos/FreeRTOS/10.0.1/Source/portable/GCC/CM4F/portmacro.h **** portFORCE_INLINE static BaseType_t xPortIsInsideInterrupt( void )
 131:Generated_Source\PSoC6\pdl\rtos/FreeRTOS/10.0.1/Source/portable/GCC/CM4F/portmacro.h **** {
 132:Generated_Source\PSoC6\pdl\rtos/FreeRTOS/10.0.1/Source/portable/GCC/CM4F/portmacro.h **** uint32_t ulCurrentInterrupt;
 133:Generated_Source\PSoC6\pdl\rtos/FreeRTOS/10.0.1/Source/portable/GCC/CM4F/portmacro.h **** BaseType_t xReturn;
 134:Generated_Source\PSoC6\pdl\rtos/FreeRTOS/10.0.1/Source/portable/GCC/CM4F/portmacro.h **** 
 135:Generated_Source\PSoC6\pdl\rtos/FreeRTOS/10.0.1/Source/portable/GCC/CM4F/portmacro.h **** 	/* Obtain the number of the currently executing interrupt. */
 136:Generated_Source\PSoC6\pdl\rtos/FreeRTOS/10.0.1/Source/portable/GCC/CM4F/portmacro.h **** 	__asm volatile( "mrs %0, ipsr" : "=r"( ulCurrentInterrupt ) :: "memory" );
 137:Generated_Source\PSoC6\pdl\rtos/FreeRTOS/10.0.1/Source/portable/GCC/CM4F/portmacro.h **** 
 138:Generated_Source\PSoC6\pdl\rtos/FreeRTOS/10.0.1/Source/portable/GCC/CM4F/portmacro.h **** 	if( ulCurrentInterrupt == 0 )
 139:Generated_Source\PSoC6\pdl\rtos/FreeRTOS/10.0.1/Source/portable/GCC/CM4F/portmacro.h **** 	{
 140:Generated_Source\PSoC6\pdl\rtos/FreeRTOS/10.0.1/Source/portable/GCC/CM4F/portmacro.h **** 		xReturn = pdFALSE;
 141:Generated_Source\PSoC6\pdl\rtos/FreeRTOS/10.0.1/Source/portable/GCC/CM4F/portmacro.h **** 	}
 142:Generated_Source\PSoC6\pdl\rtos/FreeRTOS/10.0.1/Source/portable/GCC/CM4F/portmacro.h **** 	else
 143:Generated_Source\PSoC6\pdl\rtos/FreeRTOS/10.0.1/Source/portable/GCC/CM4F/portmacro.h **** 	{
ARM GAS  C:\Users\cmila\AppData\Local\Temp\cc4JkcFg.s 			page 8


 144:Generated_Source\PSoC6\pdl\rtos/FreeRTOS/10.0.1/Source/portable/GCC/CM4F/portmacro.h **** 		xReturn = pdTRUE;
 145:Generated_Source\PSoC6\pdl\rtos/FreeRTOS/10.0.1/Source/portable/GCC/CM4F/portmacro.h **** 	}
 146:Generated_Source\PSoC6\pdl\rtos/FreeRTOS/10.0.1/Source/portable/GCC/CM4F/portmacro.h **** 
 147:Generated_Source\PSoC6\pdl\rtos/FreeRTOS/10.0.1/Source/portable/GCC/CM4F/portmacro.h **** 	return xReturn;
 148:Generated_Source\PSoC6\pdl\rtos/FreeRTOS/10.0.1/Source/portable/GCC/CM4F/portmacro.h **** }
 149:Generated_Source\PSoC6\pdl\rtos/FreeRTOS/10.0.1/Source/portable/GCC/CM4F/portmacro.h **** 
 150:Generated_Source\PSoC6\pdl\rtos/FreeRTOS/10.0.1/Source/portable/GCC/CM4F/portmacro.h **** /*-----------------------------------------------------------*/
 151:Generated_Source\PSoC6\pdl\rtos/FreeRTOS/10.0.1/Source/portable/GCC/CM4F/portmacro.h **** 
 152:Generated_Source\PSoC6\pdl\rtos/FreeRTOS/10.0.1/Source/portable/GCC/CM4F/portmacro.h **** portFORCE_INLINE static void vPortRaiseBASEPRI( void )
 153:Generated_Source\PSoC6\pdl\rtos/FreeRTOS/10.0.1/Source/portable/GCC/CM4F/portmacro.h **** {
 154:Generated_Source\PSoC6\pdl\rtos/FreeRTOS/10.0.1/Source/portable/GCC/CM4F/portmacro.h **** uint32_t ulNewBASEPRI;
 155:Generated_Source\PSoC6\pdl\rtos/FreeRTOS/10.0.1/Source/portable/GCC/CM4F/portmacro.h **** 
 156:Generated_Source\PSoC6\pdl\rtos/FreeRTOS/10.0.1/Source/portable/GCC/CM4F/portmacro.h **** 	__asm volatile
 126              		.loc 2 156 0
 127              		.syntax unified
 128              	@ 156 "Generated_Source\PSoC6\pdl\rtos/FreeRTOS/10.0.1/Source/portable/GCC/CM4F/portmacro.h" 1
 129 0002 4FF02003 			mov r3, #32												
 130 0006 83F31188 		msr basepri, r3											
 131 000a BFF36F8F 		isb														
 132 000e BFF34F8F 		dsb														
 133              	
 134              	@ 0 "" 2
 135              	.LVL11:
 136              		.thumb
 137              		.syntax unified
 138              	.L12:
 139 0012 FEE7     		b	.L12
 140              	.L10:
 141 0014 7047     		bx	lr
 142              	.LBE5:
 143              	.LBE4:
 144              		.cfi_endproc
 145              	.LFE137:
 146              		.size	vPortFree, .-vPortFree
 147 0016 00BF     		.section	.text.vPortInitialiseBlocks,"ax",%progbits
 148              		.align	2
 149              		.global	vPortInitialiseBlocks
 150              		.thumb
 151              		.thumb_func
 152              		.type	vPortInitialiseBlocks, %function
 153              	vPortInitialiseBlocks:
 154              	.LFB138:
 131:Generated_Source\PSoC6\pdl\rtos\FreeRTOS\10.0.1\Source\portable\MemMang/heap_1.c **** }
 132:Generated_Source\PSoC6\pdl\rtos\FreeRTOS\10.0.1\Source\portable\MemMang/heap_1.c **** /*-----------------------------------------------------------*/
 133:Generated_Source\PSoC6\pdl\rtos\FreeRTOS\10.0.1\Source\portable\MemMang/heap_1.c **** 
 134:Generated_Source\PSoC6\pdl\rtos\FreeRTOS\10.0.1\Source\portable\MemMang/heap_1.c **** void vPortInitialiseBlocks( void )
 135:Generated_Source\PSoC6\pdl\rtos\FreeRTOS\10.0.1\Source\portable\MemMang/heap_1.c **** {
 155              		.loc 1 135 0
 156              		.cfi_startproc
 157              		@ args = 0, pretend = 0, frame = 0
 158              		@ frame_needed = 0, uses_anonymous_args = 0
 159              		@ link register save eliminated.
 136:Generated_Source\PSoC6\pdl\rtos\FreeRTOS\10.0.1\Source\portable\MemMang/heap_1.c **** 	/* Only required when static memory is not cleared. */
 137:Generated_Source\PSoC6\pdl\rtos\FreeRTOS\10.0.1\Source\portable\MemMang/heap_1.c **** 	xNextFreeByte = ( size_t ) 0;
 160              		.loc 1 137 0
 161 0000 0022     		movs	r2, #0
 162 0002 024B     		ldr	r3, .L14
ARM GAS  C:\Users\cmila\AppData\Local\Temp\cc4JkcFg.s 			page 9


 163 0004 C3F85C25 		str	r2, [r3, #1372]
 164 0008 7047     		bx	lr
 165              	.L15:
 166 000a 00BF     		.align	2
 167              	.L14:
 168 000c A8BA0000 		.word	.LANCHOR1
 169              		.cfi_endproc
 170              	.LFE138:
 171              		.size	vPortInitialiseBlocks, .-vPortInitialiseBlocks
 172              		.section	.text.xPortGetFreeHeapSize,"ax",%progbits
 173              		.align	2
 174              		.global	xPortGetFreeHeapSize
 175              		.thumb
 176              		.thumb_func
 177              		.type	xPortGetFreeHeapSize, %function
 178              	xPortGetFreeHeapSize:
 179              	.LFB139:
 138:Generated_Source\PSoC6\pdl\rtos\FreeRTOS\10.0.1\Source\portable\MemMang/heap_1.c **** }
 139:Generated_Source\PSoC6\pdl\rtos\FreeRTOS\10.0.1\Source\portable\MemMang/heap_1.c **** /*-----------------------------------------------------------*/
 140:Generated_Source\PSoC6\pdl\rtos\FreeRTOS\10.0.1\Source\portable\MemMang/heap_1.c **** 
 141:Generated_Source\PSoC6\pdl\rtos\FreeRTOS\10.0.1\Source\portable\MemMang/heap_1.c **** size_t xPortGetFreeHeapSize( void )
 142:Generated_Source\PSoC6\pdl\rtos\FreeRTOS\10.0.1\Source\portable\MemMang/heap_1.c **** {
 180              		.loc 1 142 0
 181              		.cfi_startproc
 182              		@ args = 0, pretend = 0, frame = 0
 183              		@ frame_needed = 0, uses_anonymous_args = 0
 184              		@ link register save eliminated.
 143:Generated_Source\PSoC6\pdl\rtos\FreeRTOS\10.0.1\Source\portable\MemMang/heap_1.c **** 	return ( configADJUSTED_HEAP_SIZE - xNextFreeByte );
 185              		.loc 1 143 0
 186 0000 034B     		ldr	r3, .L17
 187 0002 D3F85C05 		ldr	r0, [r3, #1372]
 144:Generated_Source\PSoC6\pdl\rtos\FreeRTOS\10.0.1\Source\portable\MemMang/heap_1.c **** }
 188              		.loc 1 144 0
 189 0006 C0F53F40 		rsb	r0, r0, #48896
 190 000a F830     		adds	r0, r0, #248
 191 000c 7047     		bx	lr
 192              	.L18:
 193 000e 00BF     		.align	2
 194              	.L17:
 195 0010 A8BA0000 		.word	.LANCHOR1
 196              		.cfi_endproc
 197              	.LFE139:
 198              		.size	xPortGetFreeHeapSize, .-xPortGetFreeHeapSize
 199              		.bss
 200              		.align	2
 201              		.set	.LANCHOR0,. + 0
 202              		.set	.LANCHOR1,. + 47784
 203              		.type	pucAlignedHeap.11057, %object
 204              		.size	pucAlignedHeap.11057, 4
 205              	pucAlignedHeap.11057:
 206 0000 00000000 		.space	4
 207              		.type	ucHeap, %object
 208              		.size	ucHeap, 49152
 209              	ucHeap:
 210 0004 00000000 		.space	49152
 210      00000000 
 210      00000000 
ARM GAS  C:\Users\cmila\AppData\Local\Temp\cc4JkcFg.s 			page 10


 210      00000000 
 210      00000000 
 211              		.type	xNextFreeByte, %object
 212              		.size	xNextFreeByte, 4
 213              	xNextFreeByte:
 214 c004 00000000 		.space	4
 215              		.text
 216              	.Letext0:
 217              		.file 3 "c:\\program files (x86)\\cypress\\psoc creator\\4.4\\psoc creator\\import\\gnu\\arm\\5.4.
 218              		.file 4 "c:\\program files (x86)\\cypress\\psoc creator\\4.4\\psoc creator\\import\\gnu\\arm\\5.4.
 219              		.file 5 "c:\\program files (x86)\\cypress\\psoc creator\\4.4\\psoc creator\\import\\gnu\\arm\\5.4.
 220              		.file 6 "Generated_Source\\PSoC6\\pdl\\rtos/FreeRTOS/10.0.1/Source/include/task.h"
 221              		.file 7 "Generated_Source\\PSoC6\\pdl\\cmsis/include/core_cm4.h"
 222              		.section	.debug_info,"",%progbits
 223              	.Ldebug_info0:
 224 0000 16020000 		.4byte	0x216
 225 0004 0400     		.2byte	0x4
 226 0006 00000000 		.4byte	.Ldebug_abbrev0
 227 000a 04       		.byte	0x4
 228 000b 01       		.uleb128 0x1
 229 000c B9010000 		.4byte	.LASF28
 230 0010 0C       		.byte	0xc
 231 0011 FF000000 		.4byte	.LASF29
 232 0015 81000000 		.4byte	.LASF30
 233 0019 00000000 		.4byte	.Ldebug_ranges0+0
 234 001d 00000000 		.4byte	0
 235 0021 00000000 		.4byte	.Ldebug_line0
 236 0025 02       		.uleb128 0x2
 237 0026 0A000000 		.4byte	.LASF4
 238 002a 03       		.byte	0x3
 239 002b D8       		.byte	0xd8
 240 002c 30000000 		.4byte	0x30
 241 0030 03       		.uleb128 0x3
 242 0031 04       		.byte	0x4
 243 0032 07       		.byte	0x7
 244 0033 83010000 		.4byte	.LASF0
 245 0037 04       		.uleb128 0x4
 246 0038 04       		.byte	0x4
 247 0039 05       		.byte	0x5
 248 003a 696E7400 		.ascii	"int\000"
 249 003e 03       		.uleb128 0x3
 250 003f 08       		.byte	0x8
 251 0040 05       		.byte	0x5
 252 0041 7D020000 		.4byte	.LASF1
 253 0045 03       		.uleb128 0x3
 254 0046 08       		.byte	0x8
 255 0047 04       		.byte	0x4
 256 0048 ED020000 		.4byte	.LASF2
 257 004c 03       		.uleb128 0x3
 258 004d 01       		.byte	0x1
 259 004e 06       		.byte	0x6
 260 004f F9020000 		.4byte	.LASF3
 261 0053 02       		.uleb128 0x2
 262 0054 00000000 		.4byte	.LASF5
 263 0058 04       		.byte	0x4
 264 0059 1D       		.byte	0x1d
 265 005a 5E000000 		.4byte	0x5e
ARM GAS  C:\Users\cmila\AppData\Local\Temp\cc4JkcFg.s 			page 11


 266 005e 03       		.uleb128 0x3
 267 005f 01       		.byte	0x1
 268 0060 08       		.byte	0x8
 269 0061 4E000000 		.4byte	.LASF6
 270 0065 03       		.uleb128 0x3
 271 0066 02       		.byte	0x2
 272 0067 05       		.byte	0x5
 273 0068 B8020000 		.4byte	.LASF7
 274 006c 03       		.uleb128 0x3
 275 006d 02       		.byte	0x2
 276 006e 07       		.byte	0x7
 277 006f 6E000000 		.4byte	.LASF8
 278 0073 02       		.uleb128 0x2
 279 0074 21000000 		.4byte	.LASF9
 280 0078 04       		.byte	0x4
 281 0079 3F       		.byte	0x3f
 282 007a 7E000000 		.4byte	0x7e
 283 007e 03       		.uleb128 0x3
 284 007f 04       		.byte	0x4
 285 0080 05       		.byte	0x5
 286 0081 E4020000 		.4byte	.LASF10
 287 0085 02       		.uleb128 0x2
 288 0086 E0000000 		.4byte	.LASF11
 289 008a 04       		.byte	0x4
 290 008b 41       		.byte	0x41
 291 008c 90000000 		.4byte	0x90
 292 0090 03       		.uleb128 0x3
 293 0091 04       		.byte	0x4
 294 0092 07       		.byte	0x7
 295 0093 5C000000 		.4byte	.LASF12
 296 0097 03       		.uleb128 0x3
 297 0098 08       		.byte	0x8
 298 0099 07       		.byte	0x7
 299 009a 90010000 		.4byte	.LASF13
 300 009e 03       		.uleb128 0x3
 301 009f 04       		.byte	0x4
 302 00a0 07       		.byte	0x7
 303 00a1 74020000 		.4byte	.LASF14
 304 00a5 05       		.uleb128 0x5
 305 00a6 04       		.byte	0x4
 306 00a7 03       		.uleb128 0x3
 307 00a8 01       		.byte	0x1
 308 00a9 08       		.byte	0x8
 309 00aa 97020000 		.4byte	.LASF15
 310 00ae 02       		.uleb128 0x2
 311 00af 40000000 		.4byte	.LASF16
 312 00b3 05       		.byte	0x5
 313 00b4 18       		.byte	0x18
 314 00b5 53000000 		.4byte	0x53
 315 00b9 02       		.uleb128 0x2
 316 00ba 6C020000 		.4byte	.LASF17
 317 00be 05       		.byte	0x5
 318 00bf 2C       		.byte	0x2c
 319 00c0 73000000 		.4byte	0x73
 320 00c4 02       		.uleb128 0x2
 321 00c5 DB020000 		.4byte	.LASF18
 322 00c9 05       		.byte	0x5
ARM GAS  C:\Users\cmila\AppData\Local\Temp\cc4JkcFg.s 			page 12


 323 00ca 30       		.byte	0x30
 324 00cb 85000000 		.4byte	0x85
 325 00cf 03       		.uleb128 0x3
 326 00d0 04       		.byte	0x4
 327 00d1 04       		.byte	0x4
 328 00d2 48000000 		.4byte	.LASF19
 329 00d6 03       		.uleb128 0x3
 330 00d7 08       		.byte	0x8
 331 00d8 04       		.byte	0x4
 332 00d9 EB000000 		.4byte	.LASF20
 333 00dd 06       		.uleb128 0x6
 334 00de 04       		.byte	0x4
 335 00df AE000000 		.4byte	0xae
 336 00e3 07       		.uleb128 0x7
 337 00e4 A7010000 		.4byte	.LASF31
 338 00e8 02       		.byte	0x2
 339 00e9 98       		.byte	0x98
 340 00ea 03       		.byte	0x3
 341 00eb FB000000 		.4byte	0xfb
 342 00ef 08       		.uleb128 0x8
 343 00f0 F2000000 		.4byte	.LASF32
 344 00f4 02       		.byte	0x2
 345 00f5 9A       		.byte	0x9a
 346 00f6 C4000000 		.4byte	0xc4
 347 00fa 00       		.byte	0
 348 00fb 09       		.uleb128 0x9
 349 00fc AB020000 		.4byte	.LASF33
 350 0100 01       		.byte	0x1
 351 0101 46       		.byte	0x46
 352 0102 A5000000 		.4byte	0xa5
 353 0106 00000000 		.4byte	.LFB136
 354 010a 60000000 		.4byte	.LFE136-.LFB136
 355 010e 01       		.uleb128 0x1
 356 010f 9C       		.byte	0x9c
 357 0110 56010000 		.4byte	0x156
 358 0114 0A       		.uleb128 0xa
 359 0115 8B020000 		.4byte	.LASF23
 360 0119 01       		.byte	0x1
 361 011a 46       		.byte	0x46
 362 011b 25000000 		.4byte	0x25
 363 011f 00000000 		.4byte	.LLST0
 364 0123 0B       		.uleb128 0xb
 365 0124 50010000 		.4byte	.LASF21
 366 0128 01       		.byte	0x1
 367 0129 48       		.byte	0x48
 368 012a A5000000 		.4byte	0xa5
 369 012e 1E000000 		.4byte	.LLST1
 370 0132 0C       		.uleb128 0xc
 371 0133 9C020000 		.4byte	.LASF22
 372 0137 01       		.byte	0x1
 373 0138 49       		.byte	0x49
 374 0139 DD000000 		.4byte	0xdd
 375 013d 05       		.uleb128 0x5
 376 013e 03       		.byte	0x3
 377 013f 00000000 		.4byte	pucAlignedHeap.11057
 378 0143 0D       		.uleb128 0xd
 379 0144 14000000 		.4byte	.LVL3
ARM GAS  C:\Users\cmila\AppData\Local\Temp\cc4JkcFg.s 			page 13


 380 0148 01020000 		.4byte	0x201
 381 014c 0D       		.uleb128 0xd
 382 014d 52000000 		.4byte	.LVL8
 383 0151 0D020000 		.4byte	0x20d
 384 0155 00       		.byte	0
 385 0156 0E       		.uleb128 0xe
 386 0157 C2020000 		.4byte	.LASF34
 387 015b 01       		.byte	0x1
 388 015c 7A       		.byte	0x7a
 389 015d 00000000 		.4byte	.LFB137
 390 0161 16000000 		.4byte	.LFE137-.LFB137
 391 0165 01       		.uleb128 0x1
 392 0166 9C       		.byte	0x9c
 393 0167 97010000 		.4byte	0x197
 394 016b 0F       		.uleb128 0xf
 395 016c 707600   		.ascii	"pv\000"
 396 016f 01       		.byte	0x1
 397 0170 7A       		.byte	0x7a
 398 0171 A5000000 		.4byte	0xa5
 399 0175 01       		.uleb128 0x1
 400 0176 50       		.byte	0x50
 401 0177 10       		.uleb128 0x10
 402 0178 E3000000 		.4byte	0xe3
 403 017c 02000000 		.4byte	.LBB4
 404 0180 14000000 		.4byte	.LBE4-.LBB4
 405 0184 01       		.byte	0x1
 406 0185 82       		.byte	0x82
 407 0186 11       		.uleb128 0x11
 408 0187 02000000 		.4byte	.LBB5
 409 018b 14000000 		.4byte	.LBE5-.LBB5
 410 018f 12       		.uleb128 0x12
 411 0190 EF000000 		.4byte	0xef
 412 0194 00       		.byte	0
 413 0195 00       		.byte	0
 414 0196 00       		.byte	0
 415 0197 13       		.uleb128 0x13
 416 0198 6D010000 		.4byte	.LASF35
 417 019c 01       		.byte	0x1
 418 019d 86       		.byte	0x86
 419 019e 00000000 		.4byte	.LFB138
 420 01a2 10000000 		.4byte	.LFE138-.LFB138
 421 01a6 01       		.uleb128 0x1
 422 01a7 9C       		.byte	0x9c
 423 01a8 14       		.uleb128 0x14
 424 01a9 2B000000 		.4byte	.LASF36
 425 01ad 01       		.byte	0x1
 426 01ae 8D       		.byte	0x8d
 427 01af 25000000 		.4byte	0x25
 428 01b3 00000000 		.4byte	.LFB139
 429 01b7 14000000 		.4byte	.LFE139-.LFB139
 430 01bb 01       		.uleb128 0x1
 431 01bc 9C       		.byte	0x9c
 432 01bd 15       		.uleb128 0x15
 433 01be AE000000 		.4byte	0xae
 434 01c2 CE010000 		.4byte	0x1ce
 435 01c6 16       		.uleb128 0x16
 436 01c7 9E000000 		.4byte	0x9e
ARM GAS  C:\Users\cmila\AppData\Local\Temp\cc4JkcFg.s 			page 14


 437 01cb FFBF     		.2byte	0xbfff
 438 01cd 00       		.byte	0
 439 01ce 0C       		.uleb128 0xc
 440 01cf 66010000 		.4byte	.LASF24
 441 01d3 01       		.byte	0x1
 442 01d4 3E       		.byte	0x3e
 443 01d5 BD010000 		.4byte	0x1bd
 444 01d9 05       		.uleb128 0x5
 445 01da 03       		.byte	0x3
 446 01db 04000000 		.4byte	ucHeap
 447 01df 0C       		.uleb128 0xc
 448 01e0 05030000 		.4byte	.LASF25
 449 01e4 01       		.byte	0x1
 450 01e5 42       		.byte	0x42
 451 01e6 25000000 		.4byte	0x25
 452 01ea 05       		.uleb128 0x5
 453 01eb 03       		.byte	0x3
 454 01ec 04C00000 		.4byte	xNextFreeByte
 455 01f0 17       		.uleb128 0x17
 456 01f1 59010000 		.4byte	.LASF37
 457 01f5 07       		.byte	0x7
 458 01f6 F907     		.2byte	0x7f9
 459 01f8 FC010000 		.4byte	0x1fc
 460 01fc 18       		.uleb128 0x18
 461 01fd B9000000 		.4byte	0xb9
 462 0201 19       		.uleb128 0x19
 463 0202 11000000 		.4byte	.LASF26
 464 0206 11000000 		.4byte	.LASF26
 465 020a 06       		.byte	0x6
 466 020b F904     		.2byte	0x4f9
 467 020d 19       		.uleb128 0x19
 468 020e CC020000 		.4byte	.LASF27
 469 0212 CC020000 		.4byte	.LASF27
 470 0216 06       		.byte	0x6
 471 0217 2F05     		.2byte	0x52f
 472 0219 00       		.byte	0
 473              		.section	.debug_abbrev,"",%progbits
 474              	.Ldebug_abbrev0:
 475 0000 01       		.uleb128 0x1
 476 0001 11       		.uleb128 0x11
 477 0002 01       		.byte	0x1
 478 0003 25       		.uleb128 0x25
 479 0004 0E       		.uleb128 0xe
 480 0005 13       		.uleb128 0x13
 481 0006 0B       		.uleb128 0xb
 482 0007 03       		.uleb128 0x3
 483 0008 0E       		.uleb128 0xe
 484 0009 1B       		.uleb128 0x1b
 485 000a 0E       		.uleb128 0xe
 486 000b 55       		.uleb128 0x55
 487 000c 17       		.uleb128 0x17
 488 000d 11       		.uleb128 0x11
 489 000e 01       		.uleb128 0x1
 490 000f 10       		.uleb128 0x10
 491 0010 17       		.uleb128 0x17
 492 0011 00       		.byte	0
 493 0012 00       		.byte	0
ARM GAS  C:\Users\cmila\AppData\Local\Temp\cc4JkcFg.s 			page 15


 494 0013 02       		.uleb128 0x2
 495 0014 16       		.uleb128 0x16
 496 0015 00       		.byte	0
 497 0016 03       		.uleb128 0x3
 498 0017 0E       		.uleb128 0xe
 499 0018 3A       		.uleb128 0x3a
 500 0019 0B       		.uleb128 0xb
 501 001a 3B       		.uleb128 0x3b
 502 001b 0B       		.uleb128 0xb
 503 001c 49       		.uleb128 0x49
 504 001d 13       		.uleb128 0x13
 505 001e 00       		.byte	0
 506 001f 00       		.byte	0
 507 0020 03       		.uleb128 0x3
 508 0021 24       		.uleb128 0x24
 509 0022 00       		.byte	0
 510 0023 0B       		.uleb128 0xb
 511 0024 0B       		.uleb128 0xb
 512 0025 3E       		.uleb128 0x3e
 513 0026 0B       		.uleb128 0xb
 514 0027 03       		.uleb128 0x3
 515 0028 0E       		.uleb128 0xe
 516 0029 00       		.byte	0
 517 002a 00       		.byte	0
 518 002b 04       		.uleb128 0x4
 519 002c 24       		.uleb128 0x24
 520 002d 00       		.byte	0
 521 002e 0B       		.uleb128 0xb
 522 002f 0B       		.uleb128 0xb
 523 0030 3E       		.uleb128 0x3e
 524 0031 0B       		.uleb128 0xb
 525 0032 03       		.uleb128 0x3
 526 0033 08       		.uleb128 0x8
 527 0034 00       		.byte	0
 528 0035 00       		.byte	0
 529 0036 05       		.uleb128 0x5
 530 0037 0F       		.uleb128 0xf
 531 0038 00       		.byte	0
 532 0039 0B       		.uleb128 0xb
 533 003a 0B       		.uleb128 0xb
 534 003b 00       		.byte	0
 535 003c 00       		.byte	0
 536 003d 06       		.uleb128 0x6
 537 003e 0F       		.uleb128 0xf
 538 003f 00       		.byte	0
 539 0040 0B       		.uleb128 0xb
 540 0041 0B       		.uleb128 0xb
 541 0042 49       		.uleb128 0x49
 542 0043 13       		.uleb128 0x13
 543 0044 00       		.byte	0
 544 0045 00       		.byte	0
 545 0046 07       		.uleb128 0x7
 546 0047 2E       		.uleb128 0x2e
 547 0048 01       		.byte	0x1
 548 0049 03       		.uleb128 0x3
 549 004a 0E       		.uleb128 0xe
 550 004b 3A       		.uleb128 0x3a
ARM GAS  C:\Users\cmila\AppData\Local\Temp\cc4JkcFg.s 			page 16


 551 004c 0B       		.uleb128 0xb
 552 004d 3B       		.uleb128 0x3b
 553 004e 0B       		.uleb128 0xb
 554 004f 27       		.uleb128 0x27
 555 0050 19       		.uleb128 0x19
 556 0051 20       		.uleb128 0x20
 557 0052 0B       		.uleb128 0xb
 558 0053 01       		.uleb128 0x1
 559 0054 13       		.uleb128 0x13
 560 0055 00       		.byte	0
 561 0056 00       		.byte	0
 562 0057 08       		.uleb128 0x8
 563 0058 34       		.uleb128 0x34
 564 0059 00       		.byte	0
 565 005a 03       		.uleb128 0x3
 566 005b 0E       		.uleb128 0xe
 567 005c 3A       		.uleb128 0x3a
 568 005d 0B       		.uleb128 0xb
 569 005e 3B       		.uleb128 0x3b
 570 005f 0B       		.uleb128 0xb
 571 0060 49       		.uleb128 0x49
 572 0061 13       		.uleb128 0x13
 573 0062 00       		.byte	0
 574 0063 00       		.byte	0
 575 0064 09       		.uleb128 0x9
 576 0065 2E       		.uleb128 0x2e
 577 0066 01       		.byte	0x1
 578 0067 3F       		.uleb128 0x3f
 579 0068 19       		.uleb128 0x19
 580 0069 03       		.uleb128 0x3
 581 006a 0E       		.uleb128 0xe
 582 006b 3A       		.uleb128 0x3a
 583 006c 0B       		.uleb128 0xb
 584 006d 3B       		.uleb128 0x3b
 585 006e 0B       		.uleb128 0xb
 586 006f 27       		.uleb128 0x27
 587 0070 19       		.uleb128 0x19
 588 0071 49       		.uleb128 0x49
 589 0072 13       		.uleb128 0x13
 590 0073 11       		.uleb128 0x11
 591 0074 01       		.uleb128 0x1
 592 0075 12       		.uleb128 0x12
 593 0076 06       		.uleb128 0x6
 594 0077 40       		.uleb128 0x40
 595 0078 18       		.uleb128 0x18
 596 0079 9742     		.uleb128 0x2117
 597 007b 19       		.uleb128 0x19
 598 007c 01       		.uleb128 0x1
 599 007d 13       		.uleb128 0x13
 600 007e 00       		.byte	0
 601 007f 00       		.byte	0
 602 0080 0A       		.uleb128 0xa
 603 0081 05       		.uleb128 0x5
 604 0082 00       		.byte	0
 605 0083 03       		.uleb128 0x3
 606 0084 0E       		.uleb128 0xe
 607 0085 3A       		.uleb128 0x3a
ARM GAS  C:\Users\cmila\AppData\Local\Temp\cc4JkcFg.s 			page 17


 608 0086 0B       		.uleb128 0xb
 609 0087 3B       		.uleb128 0x3b
 610 0088 0B       		.uleb128 0xb
 611 0089 49       		.uleb128 0x49
 612 008a 13       		.uleb128 0x13
 613 008b 02       		.uleb128 0x2
 614 008c 17       		.uleb128 0x17
 615 008d 00       		.byte	0
 616 008e 00       		.byte	0
 617 008f 0B       		.uleb128 0xb
 618 0090 34       		.uleb128 0x34
 619 0091 00       		.byte	0
 620 0092 03       		.uleb128 0x3
 621 0093 0E       		.uleb128 0xe
 622 0094 3A       		.uleb128 0x3a
 623 0095 0B       		.uleb128 0xb
 624 0096 3B       		.uleb128 0x3b
 625 0097 0B       		.uleb128 0xb
 626 0098 49       		.uleb128 0x49
 627 0099 13       		.uleb128 0x13
 628 009a 02       		.uleb128 0x2
 629 009b 17       		.uleb128 0x17
 630 009c 00       		.byte	0
 631 009d 00       		.byte	0
 632 009e 0C       		.uleb128 0xc
 633 009f 34       		.uleb128 0x34
 634 00a0 00       		.byte	0
 635 00a1 03       		.uleb128 0x3
 636 00a2 0E       		.uleb128 0xe
 637 00a3 3A       		.uleb128 0x3a
 638 00a4 0B       		.uleb128 0xb
 639 00a5 3B       		.uleb128 0x3b
 640 00a6 0B       		.uleb128 0xb
 641 00a7 49       		.uleb128 0x49
 642 00a8 13       		.uleb128 0x13
 643 00a9 02       		.uleb128 0x2
 644 00aa 18       		.uleb128 0x18
 645 00ab 00       		.byte	0
 646 00ac 00       		.byte	0
 647 00ad 0D       		.uleb128 0xd
 648 00ae 898201   		.uleb128 0x4109
 649 00b1 00       		.byte	0
 650 00b2 11       		.uleb128 0x11
 651 00b3 01       		.uleb128 0x1
 652 00b4 31       		.uleb128 0x31
 653 00b5 13       		.uleb128 0x13
 654 00b6 00       		.byte	0
 655 00b7 00       		.byte	0
 656 00b8 0E       		.uleb128 0xe
 657 00b9 2E       		.uleb128 0x2e
 658 00ba 01       		.byte	0x1
 659 00bb 3F       		.uleb128 0x3f
 660 00bc 19       		.uleb128 0x19
 661 00bd 03       		.uleb128 0x3
 662 00be 0E       		.uleb128 0xe
 663 00bf 3A       		.uleb128 0x3a
 664 00c0 0B       		.uleb128 0xb
ARM GAS  C:\Users\cmila\AppData\Local\Temp\cc4JkcFg.s 			page 18


 665 00c1 3B       		.uleb128 0x3b
 666 00c2 0B       		.uleb128 0xb
 667 00c3 27       		.uleb128 0x27
 668 00c4 19       		.uleb128 0x19
 669 00c5 11       		.uleb128 0x11
 670 00c6 01       		.uleb128 0x1
 671 00c7 12       		.uleb128 0x12
 672 00c8 06       		.uleb128 0x6
 673 00c9 40       		.uleb128 0x40
 674 00ca 18       		.uleb128 0x18
 675 00cb 9742     		.uleb128 0x2117
 676 00cd 19       		.uleb128 0x19
 677 00ce 01       		.uleb128 0x1
 678 00cf 13       		.uleb128 0x13
 679 00d0 00       		.byte	0
 680 00d1 00       		.byte	0
 681 00d2 0F       		.uleb128 0xf
 682 00d3 05       		.uleb128 0x5
 683 00d4 00       		.byte	0
 684 00d5 03       		.uleb128 0x3
 685 00d6 08       		.uleb128 0x8
 686 00d7 3A       		.uleb128 0x3a
 687 00d8 0B       		.uleb128 0xb
 688 00d9 3B       		.uleb128 0x3b
 689 00da 0B       		.uleb128 0xb
 690 00db 49       		.uleb128 0x49
 691 00dc 13       		.uleb128 0x13
 692 00dd 02       		.uleb128 0x2
 693 00de 18       		.uleb128 0x18
 694 00df 00       		.byte	0
 695 00e0 00       		.byte	0
 696 00e1 10       		.uleb128 0x10
 697 00e2 1D       		.uleb128 0x1d
 698 00e3 01       		.byte	0x1
 699 00e4 31       		.uleb128 0x31
 700 00e5 13       		.uleb128 0x13
 701 00e6 11       		.uleb128 0x11
 702 00e7 01       		.uleb128 0x1
 703 00e8 12       		.uleb128 0x12
 704 00e9 06       		.uleb128 0x6
 705 00ea 58       		.uleb128 0x58
 706 00eb 0B       		.uleb128 0xb
 707 00ec 59       		.uleb128 0x59
 708 00ed 0B       		.uleb128 0xb
 709 00ee 00       		.byte	0
 710 00ef 00       		.byte	0
 711 00f0 11       		.uleb128 0x11
 712 00f1 0B       		.uleb128 0xb
 713 00f2 01       		.byte	0x1
 714 00f3 11       		.uleb128 0x11
 715 00f4 01       		.uleb128 0x1
 716 00f5 12       		.uleb128 0x12
 717 00f6 06       		.uleb128 0x6
 718 00f7 00       		.byte	0
 719 00f8 00       		.byte	0
 720 00f9 12       		.uleb128 0x12
 721 00fa 34       		.uleb128 0x34
ARM GAS  C:\Users\cmila\AppData\Local\Temp\cc4JkcFg.s 			page 19


 722 00fb 00       		.byte	0
 723 00fc 31       		.uleb128 0x31
 724 00fd 13       		.uleb128 0x13
 725 00fe 00       		.byte	0
 726 00ff 00       		.byte	0
 727 0100 13       		.uleb128 0x13
 728 0101 2E       		.uleb128 0x2e
 729 0102 00       		.byte	0
 730 0103 3F       		.uleb128 0x3f
 731 0104 19       		.uleb128 0x19
 732 0105 03       		.uleb128 0x3
 733 0106 0E       		.uleb128 0xe
 734 0107 3A       		.uleb128 0x3a
 735 0108 0B       		.uleb128 0xb
 736 0109 3B       		.uleb128 0x3b
 737 010a 0B       		.uleb128 0xb
 738 010b 27       		.uleb128 0x27
 739 010c 19       		.uleb128 0x19
 740 010d 11       		.uleb128 0x11
 741 010e 01       		.uleb128 0x1
 742 010f 12       		.uleb128 0x12
 743 0110 06       		.uleb128 0x6
 744 0111 40       		.uleb128 0x40
 745 0112 18       		.uleb128 0x18
 746 0113 9742     		.uleb128 0x2117
 747 0115 19       		.uleb128 0x19
 748 0116 00       		.byte	0
 749 0117 00       		.byte	0
 750 0118 14       		.uleb128 0x14
 751 0119 2E       		.uleb128 0x2e
 752 011a 00       		.byte	0
 753 011b 3F       		.uleb128 0x3f
 754 011c 19       		.uleb128 0x19
 755 011d 03       		.uleb128 0x3
 756 011e 0E       		.uleb128 0xe
 757 011f 3A       		.uleb128 0x3a
 758 0120 0B       		.uleb128 0xb
 759 0121 3B       		.uleb128 0x3b
 760 0122 0B       		.uleb128 0xb
 761 0123 27       		.uleb128 0x27
 762 0124 19       		.uleb128 0x19
 763 0125 49       		.uleb128 0x49
 764 0126 13       		.uleb128 0x13
 765 0127 11       		.uleb128 0x11
 766 0128 01       		.uleb128 0x1
 767 0129 12       		.uleb128 0x12
 768 012a 06       		.uleb128 0x6
 769 012b 40       		.uleb128 0x40
 770 012c 18       		.uleb128 0x18
 771 012d 9742     		.uleb128 0x2117
 772 012f 19       		.uleb128 0x19
 773 0130 00       		.byte	0
 774 0131 00       		.byte	0
 775 0132 15       		.uleb128 0x15
 776 0133 01       		.uleb128 0x1
 777 0134 01       		.byte	0x1
 778 0135 49       		.uleb128 0x49
ARM GAS  C:\Users\cmila\AppData\Local\Temp\cc4JkcFg.s 			page 20


 779 0136 13       		.uleb128 0x13
 780 0137 01       		.uleb128 0x1
 781 0138 13       		.uleb128 0x13
 782 0139 00       		.byte	0
 783 013a 00       		.byte	0
 784 013b 16       		.uleb128 0x16
 785 013c 21       		.uleb128 0x21
 786 013d 00       		.byte	0
 787 013e 49       		.uleb128 0x49
 788 013f 13       		.uleb128 0x13
 789 0140 2F       		.uleb128 0x2f
 790 0141 05       		.uleb128 0x5
 791 0142 00       		.byte	0
 792 0143 00       		.byte	0
 793 0144 17       		.uleb128 0x17
 794 0145 34       		.uleb128 0x34
 795 0146 00       		.byte	0
 796 0147 03       		.uleb128 0x3
 797 0148 0E       		.uleb128 0xe
 798 0149 3A       		.uleb128 0x3a
 799 014a 0B       		.uleb128 0xb
 800 014b 3B       		.uleb128 0x3b
 801 014c 05       		.uleb128 0x5
 802 014d 49       		.uleb128 0x49
 803 014e 13       		.uleb128 0x13
 804 014f 3F       		.uleb128 0x3f
 805 0150 19       		.uleb128 0x19
 806 0151 3C       		.uleb128 0x3c
 807 0152 19       		.uleb128 0x19
 808 0153 00       		.byte	0
 809 0154 00       		.byte	0
 810 0155 18       		.uleb128 0x18
 811 0156 35       		.uleb128 0x35
 812 0157 00       		.byte	0
 813 0158 49       		.uleb128 0x49
 814 0159 13       		.uleb128 0x13
 815 015a 00       		.byte	0
 816 015b 00       		.byte	0
 817 015c 19       		.uleb128 0x19
 818 015d 2E       		.uleb128 0x2e
 819 015e 00       		.byte	0
 820 015f 3F       		.uleb128 0x3f
 821 0160 19       		.uleb128 0x19
 822 0161 3C       		.uleb128 0x3c
 823 0162 19       		.uleb128 0x19
 824 0163 6E       		.uleb128 0x6e
 825 0164 0E       		.uleb128 0xe
 826 0165 03       		.uleb128 0x3
 827 0166 0E       		.uleb128 0xe
 828 0167 3A       		.uleb128 0x3a
 829 0168 0B       		.uleb128 0xb
 830 0169 3B       		.uleb128 0x3b
 831 016a 05       		.uleb128 0x5
 832 016b 00       		.byte	0
 833 016c 00       		.byte	0
 834 016d 00       		.byte	0
 835              		.section	.debug_loc,"",%progbits
ARM GAS  C:\Users\cmila\AppData\Local\Temp\cc4JkcFg.s 			page 21


 836              	.Ldebug_loc0:
 837              	.LLST0:
 838 0000 00000000 		.4byte	.LVL0
 839 0004 10000000 		.4byte	.LVL2
 840 0008 0100     		.2byte	0x1
 841 000a 50       		.byte	0x50
 842 000b 10000000 		.4byte	.LVL2
 843 000f 2E000000 		.4byte	.LVL4
 844 0013 0100     		.2byte	0x1
 845 0015 54       		.byte	0x54
 846 0016 00000000 		.4byte	0
 847 001a 00000000 		.4byte	0
 848              	.LLST1:
 849 001e 04000000 		.4byte	.LVL1
 850 0022 40000000 		.4byte	.LVL5
 851 0026 0200     		.2byte	0x2
 852 0028 30       		.byte	0x30
 853 0029 9F       		.byte	0x9f
 854 002a 40000000 		.4byte	.LVL5
 855 002e 48000000 		.4byte	.LVL6
 856 0032 0100     		.2byte	0x1
 857 0034 55       		.byte	0x55
 858 0035 48000000 		.4byte	.LVL6
 859 0039 4E000000 		.4byte	.LVL7
 860 003d 0200     		.2byte	0x2
 861 003f 30       		.byte	0x30
 862 0040 9F       		.byte	0x9f
 863 0041 4E000000 		.4byte	.LVL7
 864 0045 56000000 		.4byte	.LVL9
 865 0049 0100     		.2byte	0x1
 866 004b 55       		.byte	0x55
 867 004c 56000000 		.4byte	.LVL9
 868 0050 60000000 		.4byte	.LFE136
 869 0054 0100     		.2byte	0x1
 870 0056 50       		.byte	0x50
 871 0057 00000000 		.4byte	0
 872 005b 00000000 		.4byte	0
 873              		.section	.debug_aranges,"",%progbits
 874 0000 34000000 		.4byte	0x34
 875 0004 0200     		.2byte	0x2
 876 0006 00000000 		.4byte	.Ldebug_info0
 877 000a 04       		.byte	0x4
 878 000b 00       		.byte	0
 879 000c 0000     		.2byte	0
 880 000e 0000     		.2byte	0
 881 0010 00000000 		.4byte	.LFB136
 882 0014 60000000 		.4byte	.LFE136-.LFB136
 883 0018 00000000 		.4byte	.LFB137
 884 001c 16000000 		.4byte	.LFE137-.LFB137
 885 0020 00000000 		.4byte	.LFB138
 886 0024 10000000 		.4byte	.LFE138-.LFB138
 887 0028 00000000 		.4byte	.LFB139
 888 002c 14000000 		.4byte	.LFE139-.LFB139
 889 0030 00000000 		.4byte	0
 890 0034 00000000 		.4byte	0
 891              		.section	.debug_ranges,"",%progbits
 892              	.Ldebug_ranges0:
ARM GAS  C:\Users\cmila\AppData\Local\Temp\cc4JkcFg.s 			page 22


 893 0000 00000000 		.4byte	.LFB136
 894 0004 60000000 		.4byte	.LFE136
 895 0008 00000000 		.4byte	.LFB137
 896 000c 16000000 		.4byte	.LFE137
 897 0010 00000000 		.4byte	.LFB138
 898 0014 10000000 		.4byte	.LFE138
 899 0018 00000000 		.4byte	.LFB139
 900 001c 14000000 		.4byte	.LFE139
 901 0020 00000000 		.4byte	0
 902 0024 00000000 		.4byte	0
 903              		.section	.debug_line,"",%progbits
 904              	.Ldebug_line0:
 905 0000 25030000 		.section	.debug_str,"MS",%progbits,1
 905      0200BE02 
 905      00000201 
 905      FB0E0D00 
 905      01010101 
 906              	.LASF5:
 907 0000 5F5F7569 		.ascii	"__uint8_t\000"
 907      6E74385F 
 907      7400
 908              	.LASF4:
 909 000a 73697A65 		.ascii	"size_t\000"
 909      5F7400
 910              	.LASF26:
 911 0011 76546173 		.ascii	"vTaskSuspendAll\000"
 911      6B537573 
 911      70656E64 
 911      416C6C00 
 912              	.LASF9:
 913 0021 5F5F696E 		.ascii	"__int32_t\000"
 913      7433325F 
 913      7400
 914              	.LASF36:
 915 002b 78506F72 		.ascii	"xPortGetFreeHeapSize\000"
 915      74476574 
 915      46726565 
 915      48656170 
 915      53697A65 
 916              	.LASF16:
 917 0040 75696E74 		.ascii	"uint8_t\000"
 917      385F7400 
 918              	.LASF19:
 919 0048 666C6F61 		.ascii	"float\000"
 919      7400
 920              	.LASF6:
 921 004e 756E7369 		.ascii	"unsigned char\000"
 921      676E6564 
 921      20636861 
 921      7200
 922              	.LASF12:
 923 005c 6C6F6E67 		.ascii	"long unsigned int\000"
 923      20756E73 
 923      69676E65 
 923      6420696E 
 923      7400
 924              	.LASF8:
ARM GAS  C:\Users\cmila\AppData\Local\Temp\cc4JkcFg.s 			page 23


 925 006e 73686F72 		.ascii	"short unsigned int\000"
 925      7420756E 
 925      7369676E 
 925      65642069 
 925      6E7400
 926              	.LASF30:
 927 0081 433A5C55 		.ascii	"C:\\Users\\cmila\\uni\\projects\\Neural-Stimulator-"
 927      73657273 
 927      5C636D69 
 927      6C615C75 
 927      6E695C70 
 928 00af 4669726D 		.ascii	"Firmware\\new\\PSOC6\\BLE_DAC\\BLE_DAC\\BLE_DAC.cyd"
 928      77617265 
 928      5C6E6577 
 928      5C50534F 
 928      43365C42 
 929 00dd 736E00   		.ascii	"sn\000"
 930              	.LASF11:
 931 00e0 5F5F7569 		.ascii	"__uint32_t\000"
 931      6E743332 
 931      5F7400
 932              	.LASF20:
 933 00eb 646F7562 		.ascii	"double\000"
 933      6C6500
 934              	.LASF32:
 935 00f2 756C4E65 		.ascii	"ulNewBASEPRI\000"
 935      77424153 
 935      45505249 
 935      00
 936              	.LASF29:
 937 00ff 47656E65 		.ascii	"Generated_Source\\PSoC6\\pdl\\rtos\\FreeRTOS\\10.0."
 937      72617465 
 937      645F536F 
 937      75726365 
 937      5C50536F 
 938 012d 315C536F 		.ascii	"1\\Source\\portable\\MemMang\\heap_1.c\000"
 938      75726365 
 938      5C706F72 
 938      7461626C 
 938      655C4D65 
 939              	.LASF21:
 940 0150 70765265 		.ascii	"pvReturn\000"
 940      7475726E 
 940      00
 941              	.LASF37:
 942 0159 49544D5F 		.ascii	"ITM_RxBuffer\000"
 942      52784275 
 942      66666572 
 942      00
 943              	.LASF24:
 944 0166 75634865 		.ascii	"ucHeap\000"
 944      617000
 945              	.LASF35:
 946 016d 76506F72 		.ascii	"vPortInitialiseBlocks\000"
 946      74496E69 
 946      7469616C 
 946      69736542 
ARM GAS  C:\Users\cmila\AppData\Local\Temp\cc4JkcFg.s 			page 24


 946      6C6F636B 
 947              	.LASF0:
 948 0183 756E7369 		.ascii	"unsigned int\000"
 948      676E6564 
 948      20696E74 
 948      00
 949              	.LASF13:
 950 0190 6C6F6E67 		.ascii	"long long unsigned int\000"
 950      206C6F6E 
 950      6720756E 
 950      7369676E 
 950      65642069 
 951              	.LASF31:
 952 01a7 76506F72 		.ascii	"vPortRaiseBASEPRI\000"
 952      74526169 
 952      73654241 
 952      53455052 
 952      4900
 953              	.LASF28:
 954 01b9 474E5520 		.ascii	"GNU C11 5.4.1 20160609 (release) [ARM/embedded-5-br"
 954      43313120 
 954      352E342E 
 954      31203230 
 954      31363036 
 955 01ec 616E6368 		.ascii	"anch revision 237715] -mcpu=cortex-m4 -mfloat-abi=s"
 955      20726576 
 955      6973696F 
 955      6E203233 
 955      37373135 
 956 021f 6F667466 		.ascii	"oftfp -mfpu=fpv4-sp-d16 -mthumb -g -Og -ffunction-s"
 956      70202D6D 
 956      6670753D 
 956      66707634 
 956      2D73702D 
 957 0252 65637469 		.ascii	"ections -ffat-lto-objects\000"
 957      6F6E7320 
 957      2D666661 
 957      742D6C74 
 957      6F2D6F62 
 958              	.LASF17:
 959 026c 696E7433 		.ascii	"int32_t\000"
 959      325F7400 
 960              	.LASF14:
 961 0274 73697A65 		.ascii	"sizetype\000"
 961      74797065 
 961      00
 962              	.LASF1:
 963 027d 6C6F6E67 		.ascii	"long long int\000"
 963      206C6F6E 
 963      6720696E 
 963      7400
 964              	.LASF23:
 965 028b 7857616E 		.ascii	"xWantedSize\000"
 965      74656453 
 965      697A6500 
 966              	.LASF15:
 967 0297 63686172 		.ascii	"char\000"
ARM GAS  C:\Users\cmila\AppData\Local\Temp\cc4JkcFg.s 			page 25


 967      00
 968              	.LASF22:
 969 029c 70756341 		.ascii	"pucAlignedHeap\000"
 969      6C69676E 
 969      65644865 
 969      617000
 970              	.LASF33:
 971 02ab 7076506F 		.ascii	"pvPortMalloc\000"
 971      72744D61 
 971      6C6C6F63 
 971      00
 972              	.LASF7:
 973 02b8 73686F72 		.ascii	"short int\000"
 973      7420696E 
 973      7400
 974              	.LASF34:
 975 02c2 76506F72 		.ascii	"vPortFree\000"
 975      74467265 
 975      6500
 976              	.LASF27:
 977 02cc 78546173 		.ascii	"xTaskResumeAll\000"
 977      6B526573 
 977      756D6541 
 977      6C6C00
 978              	.LASF18:
 979 02db 75696E74 		.ascii	"uint32_t\000"
 979      33325F74 
 979      00
 980              	.LASF10:
 981 02e4 6C6F6E67 		.ascii	"long int\000"
 981      20696E74 
 981      00
 982              	.LASF2:
 983 02ed 6C6F6E67 		.ascii	"long double\000"
 983      20646F75 
 983      626C6500 
 984              	.LASF3:
 985 02f9 7369676E 		.ascii	"signed char\000"
 985      65642063 
 985      68617200 
 986              	.LASF25:
 987 0305 784E6578 		.ascii	"xNextFreeByte\000"
 987      74467265 
 987      65427974 
 987      6500
 988              		.ident	"GCC: (GNU Tools for ARM Embedded Processors) 5.4.1 20160609 (release) [ARM/embedded-5-bran
