--------------- Build Started: 11/13/2021 23:22:20 Project: BLE_DAC, Configuration: ARM GCC 5.4-2016-q2-update Debug ---------------
The code generation step is up to date.
The compile step is up to date, no work needs to be done.
The link step is up to date, no work needs to be done.
arm-none-eabi-gcc.exe -mcpu=cortex-m4 -mfloat-abi=softfp -mfpu=fpv4-sp-d16 -mthumb -I. -IGenerated_Source\PSoC6 -IGenerated_Source\PSoC6\pdl\cmsis/include/ -IGenerated_Source\PSoC6\pdl\devices/psoc6/include/ -IGenerated_Source\PSoC6\pdl\devices/psoc6/include/ip/ -IGenerated_Source\PSoC6\pdl\drivers/peripheral/ -IGenerated_Source\PSoC6\pdl\drivers/peripheral/ctb/ -IGenerated_Source\PSoC6\pdl\drivers/peripheral/ctdac/ -IGenerated_Source\PSoC6\pdl\drivers/peripheral/device/ -IGenerated_Source\PSoC6\pdl\drivers/peripheral/efuse/ -IGenerated_Source\PSoC6\pdl\drivers/peripheral/flash/ -IGenerated_Source\PSoC6\pdl\drivers/peripheral/gpio/ -IGenerated_Source\PSoC6\pdl\drivers/peripheral/ipc/ -IGenerated_Source\PSoC6\pdl\drivers/peripheral/lvd/ -IGenerated_Source\PSoC6\pdl\drivers/peripheral/profile/ -IGenerated_Source\PSoC6\pdl\drivers/peripheral/prot/ -IGenerated_Source\PSoC6\pdl\drivers/peripheral/sar/ -IGenerated_Source\PSoC6\pdl\drivers/peripheral/scb/ -IGenerated_Source\PSoC6\pdl\drivers/peripheral/sysanalog/ -IGenerated_Source\PSoC6\pdl\drivers/peripheral/sysclk/ -IGenerated_Source\PSoC6\pdl\drivers/peripheral/sysint/ -IGenerated_Source\PSoC6\pdl\drivers/peripheral/syslib/ -IGenerated_Source\PSoC6\pdl\drivers/peripheral/syspm/ -IGenerated_Source\PSoC6\pdl\drivers/peripheral/systick/ -IGenerated_Source\PSoC6\pdl\drivers/peripheral/tcpwm/ -IGenerated_Source\PSoC6\pdl\drivers/peripheral/trigmux/ -IGenerated_Source\PSoC6\pdl\drivers/peripheral/wdt/ -IGenerated_Source\PSoC6\pdl\middleware/ -IGenerated_Source\PSoC6\pdl\rtos/FreeRTOS/10.0.1/Source/include/ -IGenerated_Source\PSoC6\pdl\rtos/FreeRTOS/10.0.1/Source/portable/GCC/CM4F/ -IGenerated_Source\PSoC6\pdl\utilities/ -Wa,-alh=.\CortexM4\ARM_GCC_541\Debug/main_cm4.lst -g -D DEBUG -D CY_CORE_ID=0 -D CY_PSOC_CREATOR_USED=1 -D CYBLE_416045_02 -Wall -ffunction-sections -ffat-lto-objects -Og -c main_cm4.c -o .\CortexM4\ARM_GCC_541\Debug\main_cm4.o
main_cm4.c: In function 'TimerInterruptHandler':
main_cm4.c:176:16: warning: format '%d' expects argument of type 'int', but argument 2 has type 'uint32_t {aka long unsigned int}' [-Wformat=]
         printf("The number of pulses as required was %d (killed in if)\r\n", curr_num_pulses);
                ^
main_cm4.c:176:16: warning: format '%d' expects argument of type 'int', but argument 2 has type 'uint32_t {aka long unsigned int}' [-Wformat=]
main_cm4.c:183:16: warning: format '%d' expects argument of type 'int', but argument 2 has type 'uint32_t {aka long unsigned int}' [-Wformat=]
         printf("The number of pulses as required was %d (killed in else if) \r\n", curr_num_pulses);
                ^
main_cm4.c:183:16: warning: format '%d' expects argument of type 'int', but argument 2 has type 'uint32_t {aka long unsigned int}' [-Wformat=]
main_cm4.c:140:20: warning: unused variable 'volts' [-Wunused-variable]
     volatile float volts = Cy_SAR_CountsTo_Volts(SAR, 0, value);//ADC
                    ^
main_cm4.c: In function 'dacTask':
main_cm4.c:239:28: warning: format '%d' expects argument of type 'int', but argument 2 has type 'long unsigned int' [-Wformat=]
                     printf("anodic is 0 cathodic is 1, we got %d\r\n", (uint32_t) value) ;
                            ^
main_cm4.c:239:28: warning: format '%d' expects argument of type 'int', but argument 2 has type 'long unsigned int' [-Wformat=]
main_cm4.c:251:28: warning: format '%d' expects argument of type 'int', but argument 2 has type 'uint32_t {aka long unsigned int}' [-Wformat=]
                     printf("phase 1 = %d\r\n", value) ;
                            ^
main_cm4.c:251:28: warning: format '%d' expects argument of type 'int', but argument 2 has type 'uint32_t {aka long unsigned int}' [-Wformat=]
main_cm4.c:259:28: warning: format '%d' expects argument of type 'int', but argument 2 has type 'uint32_t {aka long unsigned int}' [-Wformat=]
                     printf("phase 2 = %d\r\n", value) ;
                            ^
main_cm4.c:259:28: warning: format '%d' expects argument of type 'int', but argument 2 has type 'uint32_t {aka long unsigned int}' [-Wformat=]
main_cm4.c:266:28: warning: format '%d' expects argument of type 'int', but argument 2 has type 'uint32_t {aka long unsigned int}' [-Wformat=]
                     printf("dac gap = %d\r\n", value);
                            ^
main_cm4.c:266:28: warning: format '%d' expects argument of type 'int', but argument 2 has type 'uint32_t {aka long unsigned int}' [-Wformat=]
main_cm4.c:270:28: warning: format '%d' expects argument of type 'int', but argument 2 has type 'uint32_t {aka long unsigned int}' [-Wformat=]
                     printf("phase 1 time = %d\r\n", value);
                            ^
main_cm4.c:270:28: warning: format '%d' expects argument of type 'int', but argument 2 has type 'uint32_t {aka long unsigned int}' [-Wformat=]
main_cm4.c:274:28: warning: format '%d' expects argument of type 'int', but argument 2 has type 'uint32_t {aka long unsigned int}' [-Wformat=]
                     printf("inter phase gap = %d\r\n", value);
                            ^
main_cm4.c:274:28: warning: format '%d' expects argument of type 'int', but argument 2 has type 'uint32_t {aka long unsigned int}' [-Wformat=]
main_cm4.c:278:28: warning: format '%d' expects argument of type 'int', but argument 2 has type 'uint32_t {aka long unsigned int}' [-Wformat=]
                     printf("phase 2 time = %d\r\n", value);
                            ^
main_cm4.c:278:28: warning: format '%d' expects argument of type 'int', but argument 2 has type 'uint32_t {aka long unsigned int}' [-Wformat=]
main_cm4.c:282:28: warning: format '%d' expects argument of type 'int', but argument 2 has type 'uint32_t {aka long unsigned int}' [-Wformat=]
                     printf("inter stim delay = %d\r\n", value);
                            ^
main_cm4.c:282:28: warning: format '%d' expects argument of type 'int', but argument 2 has type 'uint32_t {aka long unsigned int}' [-Wformat=]
main_cm4.c:288:28: warning: format '%d' expects argument of type 'int', but argument 2 has type 'uint32_t {aka long unsigned int}' [-Wformat=]
                     printf("The interburst delay is %d\r\n", value);
                            ^
main_cm4.c:288:28: warning: format '%d' expects argument of type 'int', but argument 2 has type 'uint32_t {aka long unsigned int}' [-Wformat=]
main_cm4.c:291:28: warning: format '%d' expects argument of type 'int', but argument 2 has type 'uint32_t {aka long unsigned int}' [-Wformat=]
                     printf("number of pulses = %d\r\n", value);
                            ^
main_cm4.c:291:28: warning: format '%d' expects argument of type 'int', but argument 2 has type 'uint32_t {aka long unsigned int}' [-Wformat=]
main_cm4.c:296:28: warning: format '%d' expects argument of type 'int', but argument 2 has type 'uint32_t {aka long unsigned int}' [-Wformat=]
                     printf("number of pulses in one burst = %d\r\n", value);
                            ^
main_cm4.c:296:28: warning: format '%d' expects argument of type 'int', but argument 2 has type 'uint32_t {aka long unsigned int}' [-Wformat=]
main_cm4.c:300:28: warning: format '%d' expects argument of type 'int', but argument 2 has type 'uint32_t {aka long unsigned int}' [-Wformat=]
                     printf("number of bursts = %d\r\n", value);
                            ^
main_cm4.c:300:28: warning: format '%d' expects argument of type 'int', but argument 2 has type 'uint32_t {aka long unsigned int}' [-Wformat=]
main_cm4.c:303:28: warning: format '%d' expects argument of type 'int', but argument 2 has type 'uint32_t {aka long unsigned int}' [-Wformat=]
                     printf("THE ACTUAL number of pulses in one burst = %d\r\n", pulse_num_in_one_burst);
                            ^
main_cm4.c:303:28: warning: format '%d' expects argument of type 'int', but argument 2 has type 'uint32_t {aka long unsigned int}' [-Wformat=]
main_cm4.c:306:28: warning: format '%d' expects argument of type 'int', but argument 2 has type 'uint32_t {aka long unsigned int}' [-Wformat=]
                     printf("ramp up = %d\r\n", value);
                            ^
main_cm4.c:306:28: warning: format '%d' expects argument of type 'int', but argument 2 has type 'uint32_t {aka long unsigned int}' [-Wformat=]
arm-none-eabi-gcc.exe -Wl,--start-group -o C:\Users\cmila\uni\projects\Neural-Stimulator-Firmware\new\PSOC6\BLE_DAC\BLE_DAC\BLE_DAC.cydsn\CortexM4\ARM_GCC_541\Debug\BLE_DAC_link.elf Generated_Source\PSoC6\pdl\middleware\ble\lib\cy_ble_stack_gcc_host_ipc_cm4.a .\CortexM4\ARM_GCC_541\Debug\startup_psoc6_01_cm4.o .\CortexM4\ARM_GCC_541\Debug\main_cm4.o .\CortexM4\ARM_GCC_541\Debug\system_psoc6_cm4.o .\CortexM4\ARM_GCC_541\Debug\stdio_user.o .\CortexM4\ARM_GCC_541\Debug\cyfitter_sysint_cfg.o .\CortexM4\ARM_GCC_541\Debug\cymetadata.o .\CortexM4\ARM_GCC_541\Debug\UART_1.o .\CortexM4\ARM_GCC_541\Debug\BLE.o .\CortexM4\ARM_GCC_541\Debug\BLE_config.o .\CortexM4\ARM_GCC_541\Debug\BLE_custom_config.o .\CortexM4\ARM_GCC_541\Debug\PWM_1.o .\CortexM4\ARM_GCC_541\Debug\PWM_2.o .\CortexM4\ARM_GCC_541\Debug\Timer.o .\CortexM4\ARM_GCC_541\Debug\VDAC_1.o .\CortexM4\ARM_GCC_541\Debug\cy_ctb.o .\CortexM4\ARM_GCC_541\Debug\cy_ctdac.o .\CortexM4\ARM_GCC_541\Debug\cy_efuse.o .\CortexM4\ARM_GCC_541\Debug\cy_flash.o .\CortexM4\ARM_GCC_541\Debug\cy_gpio.o .\CortexM4\ARM_GCC_541\Debug\cy_ipc_drv.o .\CortexM4\ARM_GCC_541\Debug\cy_ipc_sema.o .\CortexM4\ARM_GCC_541\Debug\cy_ipc_pipe.o .\CortexM4\ARM_GCC_541\Debug\cy_lvd.o .\CortexM4\ARM_GCC_541\Debug\cy_profile.o .\CortexM4\ARM_GCC_541\Debug\cy_prot.o .\CortexM4\ARM_GCC_541\Debug\cy_scb_common.o .\CortexM4\ARM_GCC_541\Debug\cy_scb_i2c.o .\CortexM4\ARM_GCC_541\Debug\cy_scb_ezi2c.o .\CortexM4\ARM_GCC_541\Debug\cy_scb_spi.o .\CortexM4\ARM_GCC_541\Debug\cy_scb_uart.o .\CortexM4\ARM_GCC_541\Debug\cy_sysanalog.o .\CortexM4\ARM_GCC_541\Debug\cy_sysclk.o .\CortexM4\ARM_GCC_541\Debug\cy_sysint.o .\CortexM4\ARM_GCC_541\Debug\cy_syslib.o .\CortexM4\ARM_GCC_541\Debug\cy_syslib_gcc.o .\CortexM4\ARM_GCC_541\Debug\cy_syspm.o .\CortexM4\ARM_GCC_541\Debug\cy_systick.o .\CortexM4\ARM_GCC_541\Debug\cy_tcpwm_counter.o .\CortexM4\ARM_GCC_541\Debug\cy_tcpwm_pwm.o .\CortexM4\ARM_GCC_541\Debug\cy_tcpwm_quaddec.o .\CortexM4\ARM_GCC_541\Debug\cy_trigmux.o .\CortexM4\ARM_GCC_541\Debug\cy_wdt.o .\CortexM4\ARM_GCC_541\Debug\cy_device.o .\CortexM4\ARM_GCC_541\Debug\cy_sar.o .\CortexM4\ARM_GCC_541\Debug\cy_ble.o .\CortexM4\ARM_GCC_541\Debug\cy_ble_hal_int.o .\CortexM4\ARM_GCC_541\Debug\cy_ble_hal_pvt.o .\CortexM4\ARM_GCC_541\Debug\cy_ble_gap.o .\CortexM4\ARM_GCC_541\Debug\cy_ble_gatt.o .\CortexM4\ARM_GCC_541\Debug\cy_ble_event_handler.o .\CortexM4\ARM_GCC_541\Debug\cy_ble_ancs.o .\CortexM4\ARM_GCC_541\Debug\cy_ble_ans.o .\CortexM4\ARM_GCC_541\Debug\cy_ble_aios.o .\CortexM4\ARM_GCC_541\Debug\cy_ble_bas.o .\CortexM4\ARM_GCC_541\Debug\cy_ble_bcs.o .\CortexM4\ARM_GCC_541\Debug\cy_ble_bls.o .\CortexM4\ARM_GCC_541\Debug\cy_ble_bms.o .\CortexM4\ARM_GCC_541\Debug\cy_ble_bts.o .\CortexM4\ARM_GCC_541\Debug\cy_ble_cgms.o .\CortexM4\ARM_GCC_541\Debug\cy_ble_cps.o .\CortexM4\ARM_GCC_541\Debug\cy_ble_cscs.o .\CortexM4\ARM_GCC_541\Debug\cy_ble_cts.o .\CortexM4\ARM_GCC_541\Debug\cy_ble_custom.o .\CortexM4\ARM_GCC_541\Debug\cy_ble_dis.o .\CortexM4\ARM_GCC_541\Debug\cy_ble_ess.o .\CortexM4\ARM_GCC_541\Debug\cy_ble_gls.o .\CortexM4\ARM_GCC_541\Debug\cy_ble_hids.o .\CortexM4\ARM_GCC_541\Debug\cy_ble_hps.o .\CortexM4\ARM_GCC_541\Debug\cy_ble_hrs.o .\CortexM4\ARM_GCC_541\Debug\cy_ble_hts.o .\CortexM4\ARM_GCC_541\Debug\cy_ble_ias.o .\CortexM4\ARM_GCC_541\Debug\cy_ble_ips.o .\CortexM4\ARM_GCC_541\Debug\cy_ble_lls.o .\CortexM4\ARM_GCC_541\Debug\cy_ble_lns.o .\CortexM4\ARM_GCC_541\Debug\cy_ble_ndcs.o .\CortexM4\ARM_GCC_541\Debug\cy_ble_plxs.o .\CortexM4\ARM_GCC_541\Debug\cy_ble_pass.o .\CortexM4\ARM_GCC_541\Debug\cy_ble_rscs.o .\CortexM4\ARM_GCC_541\Debug\cy_ble_rtus.o .\CortexM4\ARM_GCC_541\Debug\cy_ble_scps.o .\CortexM4\ARM_GCC_541\Debug\cy_ble_tps.o .\CortexM4\ARM_GCC_541\Debug\cy_ble_uds.o .\CortexM4\ARM_GCC_541\Debug\cy_ble_wpts.o .\CortexM4\ARM_GCC_541\Debug\cy_ble_wss.o .\CortexM4\ARM_GCC_541\Debug\cy_ble_clk.o .\CortexM4\ARM_GCC_541\Debug\croutine.o .\CortexM4\ARM_GCC_541\Debug\event_groups.o .\CortexM4\ARM_GCC_541\Debug\list.o .\CortexM4\ARM_GCC_541\Debug\queue.o .\CortexM4\ARM_GCC_541\Debug\tasks.o .\CortexM4\ARM_GCC_541\Debug\timers.o .\CortexM4\ARM_GCC_541\Debug\stream_buffer.o .\CortexM4\ARM_GCC_541\Debug\port.o .\CortexM4\ARM_GCC_541\Debug\heap_1.o .\CortexM4\ARM_GCC_541\Debug\retarget.o .\CortexM4\ARM_GCC_541\Debug\ADC.o .\CortexM4\ARM_GCC_541\Debug\ADC_INT.o .\CortexM4\ARM_GCC_541\Debug\ADC_INIT.o .\CortexM4\ARM_GCC_541\Debug\ADC_PM.o -mcpu=cortex-m4 -mfloat-abi=softfp -mfpu=fpv4-sp-d16 -mthumb -L Generated_Source\PSoC6 -Wl,-Map,.\CortexM4\ARM_GCC_541\Debug/BLE_DAC.map -T cy8c6xx7_cm4_dual.ld -specs=nano.specs -Wl,--gc-sections -g -ffunction-sections -Og -ffat-lto-objects -Wl,--end-group
"C:\Program Files (x86)\Cypress\PDL\3.1.4\tools\win\elf\cymcuelftool.exe" --sign C:\Users\cmila\uni\projects\Neural-Stimulator-Firmware\new\PSOC6\BLE_DAC\BLE_DAC\BLE_DAC.cydsn\CortexM4\ARM_GCC_541\Debug\BLE_DAC_link.elf --output C:\Users\cmila\uni\projects\Neural-Stimulator-Firmware\new\PSOC6\BLE_DAC\BLE_DAC\BLE_DAC.cydsn\CortexM4\ARM_GCC_541\Debug\BLE_DAC_signed.elf --hex C:\Users\cmila\uni\projects\Neural-Stimulator-Firmware\new\PSOC6\BLE_DAC\BLE_DAC\BLE_DAC.cydsn\CortexM4\ARM_GCC_541\Debug\BLE_DAC_signed.hex
No ELF section .cychecksum found, creating one
Application checksum calculated and stored in ELF section .cychecksum
Checksum calculated and stored in ELF section .cymeta
"C:\Program Files (x86)\Cypress\PDL\3.1.4\tools\win\elf\cymcuelftool.exe" --merge C:\Users\cmila\uni\projects\Neural-Stimulator-Firmware\new\PSOC6\BLE_DAC\BLE_DAC\BLE_DAC.cydsn\CortexM4\ARM_GCC_541\Debug\BLE_DAC_signed.elf C:\Users\cmila\uni\projects\Neural-Stimulator-Firmware\new\PSOC6\BLE_DAC\BLE_DAC\BLE_DAC.cydsn\CortexM0p\ARM_GCC_541\Debug\BLE_DAC.elf --output C:\Users\cmila\uni\projects\Neural-Stimulator-Firmware\new\PSOC6\BLE_DAC\BLE_DAC\BLE_DAC.cydsn\CortexM4\ARM_GCC_541\Debug\BLE_DAC.elf --hex C:\Users\cmila\uni\projects\Neural-Stimulator-Firmware\new\PSOC6\BLE_DAC\BLE_DAC\BLE_DAC.cydsn\CortexM4\ARM_GCC_541\Debug\BLE_DAC.hex
Application checksum calculated and stored in ELF section .cychecksum
Checksum calculated and stored in ELF section .cymeta
"C:\Program Files (x86)\Cypress\PDL\3.1.4\tools\win\elf\cymcuelftool.exe" -A C:\Users\cmila\uni\projects\Neural-Stimulator-Firmware\new\PSOC6\BLE_DAC\BLE_DAC\BLE_DAC.cydsn\CortexM4\ARM_GCC_541\Debug\BLE_DAC.elf
code:217289	sram:65656
--------------- Build Succeeded: 11/13/2021 23:22:26 ---------------
