--------------- Rebuild Started: 10/05/2021 20:06:04 Project: BLE_DAC, Configuration: ARM GCC 5.4-2016-q2-update Debug ---------------
Deleting file ".\CortexM0p\ARM_GCC_541\Debug\startup_psoc6_01_cm0plus.o"
Deleting file ".\BLE_DAC.cycdx"
Deleting file ".\BLE_DAC.svd"
Deleting file ".\BLE_DAC.rpt"
Deleting file ".\BLE_DAC_timing.html"
cydsfit.exe -.appdatapath "C:\Users\subra\AppData\Local\Cypress Semiconductor\PSoC Creator\4.4" -.fdsnotice -.fdswarpdepfile=warp_dependencies.txt -.fdselabdepfile=elab_dependencies.txt -.fdsbldfile=generated_files.txt -.fdsreffile=referenced_files.txt -p D:\Projects\NS\Neural-Stimulator-Firmware\new\PSOC6\BLE_DAC\BLE_DAC\BLE_DAC.cydsn\BLE_DAC.cyprj -d CYBLE-416045-02 -s D:\Projects\NS\Neural-Stimulator-Firmware\new\PSOC6\BLE_DAC\BLE_DAC\BLE_DAC.cydsn\Generated_Source\PSoC6 -- -yv2 -q10 -ygs -o2 -v3 -.fftcfgtype=LE
Elaborating Design...
HDL Generation...
Synthesis...
Tech Mapping...
Warning: pft.M0127: When a BLE component is configured for DeepSleep, either the WCO or the PILO must be enabled and selected as the source of LFCLK. (App=cydsfit)
ADD: pft.M0040: information: The following 5 pin(s) will be assigned a location by the fitter: \UART_1:rx(0)\, \UART_1:tx(0)\, GREEN(0), RED(0), VDAC_Out(0)
Info: plm.M0038: The pin named CY_CPUSS_SWJ_SWCLK_TCLK(0) at location P6[7] prevents usage of special purposes: TCPWM[3].line_compl. (App=cydsfit)
Info: plm.M0038: The pin named CY_CPUSS_SWJ_SWCLK_TCLK(0) at location P6[7] prevents usage of special purposes: TCPWM[19].line_compl. (App=cydsfit)
Info: plm.M0038: The pin named CY_CPUSS_SWJ_SWCLK_TCLK(0) at location P6[7] prevents usage of special purposes: SCB[6].uart_cts. (App=cydsfit)
Info: plm.M0038: The pin named CY_CPUSS_SWJ_SWCLK_TCLK(0) at location P6[7] prevents usage of special purposes: SCB[6].spi_select[0]. (App=cydsfit)
Info: plm.M0038: The pin named CY_CPUSS_SWJ_SWCLK_TCLK(0) at location P6[7] prevents usage of special purposes: SCB[8].spi_select[0]. (App=cydsfit)
Info: plm.M0038: The pin named CY_CPUSS_SWJ_SWDIO_TMS(0) at location P6[6] prevents usage of special purposes: TCPWM[3].line. (App=cydsfit)
Info: plm.M0038: The pin named CY_CPUSS_SWJ_SWDIO_TMS(0) at location P6[6] prevents usage of special purposes: TCPWM[19].line. (App=cydsfit)
Info: plm.M0038: The pin named CY_CPUSS_SWJ_SWDIO_TMS(0) at location P6[6] prevents usage of special purposes: SCB[6].uart_rts. (App=cydsfit)
Info: plm.M0038: The pin named CY_CPUSS_SWJ_SWDIO_TMS(0) at location P6[6] prevents usage of special purposes: SCB[6].spi_clk. (App=cydsfit)
Info: plm.M0038: The pin named CY_CPUSS_SWJ_SWDIO_TMS(0) at location P6[6] prevents usage of special purposes: SCB[8].spi_clk. (App=cydsfit)
Analog Placement...
Analog Routing...
Analog Code Generation...
Digital Placement...
Digital Routing...
Bitstream Generation...
Bitstream Verification...
Static timing analysis...
API Generation...
Dependency Generation...
Cleanup...
arm-none-eabi-gcc.exe -mcpu=cortex-m0plus -mthumb -I. -IGenerated_Source\PSoC6 -IGenerated_Source\PSoC6\pdl\cmsis/include/ -IGenerated_Source\PSoC6\pdl\devices/psoc6/include/ -IGenerated_Source\PSoC6\pdl\devices/psoc6/include/ip/ -IGenerated_Source\PSoC6\pdl\drivers/peripheral/ -IGenerated_Source\PSoC6\pdl\drivers/peripheral/ctb/ -IGenerated_Source\PSoC6\pdl\drivers/peripheral/ctdac/ -IGenerated_Source\PSoC6\pdl\drivers/peripheral/device/ -IGenerated_Source\PSoC6\pdl\drivers/peripheral/efuse/ -IGenerated_Source\PSoC6\pdl\drivers/peripheral/flash/ -IGenerated_Source\PSoC6\pdl\drivers/peripheral/gpio/ -IGenerated_Source\PSoC6\pdl\drivers/peripheral/ipc/ -IGenerated_Source\PSoC6\pdl\drivers/peripheral/lvd/ -IGenerated_Source\PSoC6\pdl\drivers/peripheral/profile/ -IGenerated_Source\PSoC6\pdl\drivers/peripheral/prot/ -IGenerated_Source\PSoC6\pdl\drivers/peripheral/scb/ -IGenerated_Source\PSoC6\pdl\drivers/peripheral/sysanalog/ -IGenerated_Source\PSoC6\pdl\drivers/peripheral/sysclk/ -IGenerated_Source\PSoC6\pdl\drivers/peripheral/sysint/ -IGenerated_Source\PSoC6\pdl\drivers/peripheral/syslib/ -IGenerated_Source\PSoC6\pdl\drivers/peripheral/syspm/ -IGenerated_Source\PSoC6\pdl\drivers/peripheral/systick/ -IGenerated_Source\PSoC6\pdl\drivers/peripheral/tcpwm/ -IGenerated_Source\PSoC6\pdl\drivers/peripheral/trigmux/ -IGenerated_Source\PSoC6\pdl\drivers/peripheral/wdt/ -IGenerated_Source\PSoC6\pdl\middleware/ -IGenerated_Source\PSoC6\pdl\rtos/FreeRTOS/10.0.1/Source/include/ -IGenerated_Source\PSoC6\pdl\rtos/FreeRTOS/10.0.1/Source/portable/GCC/CM4F/ -Wa,-alh=.\CortexM0p\ARM_GCC_541\Debug/startup_psoc6_01_cm0plus.lst -g -D DEBUG -D CY_CORE_ID=0 -D CY_PSOC_CREATOR_USED=1 -D CYBLE_416045_02 -Wall -ffunction-sections -ffat-lto-objects -Og -c gcc\startup_psoc6_01_cm0plus.S -o .\CortexM0p\ARM_GCC_541\Debug\startup_psoc6_01_cm0plus.o
arm-none-eabi-gcc.exe -mcpu=cortex-m0plus -mthumb -I. -IGenerated_Source\PSoC6 -IGenerated_Source\PSoC6\pdl\cmsis/include/ -IGenerated_Source\PSoC6\pdl\devices/psoc6/include/ -IGenerated_Source\PSoC6\pdl\devices/psoc6/include/ip/ -IGenerated_Source\PSoC6\pdl\drivers/peripheral/ -IGenerated_Source\PSoC6\pdl\drivers/peripheral/ctb/ -IGenerated_Source\PSoC6\pdl\drivers/peripheral/ctdac/ -IGenerated_Source\PSoC6\pdl\drivers/peripheral/device/ -IGenerated_Source\PSoC6\pdl\drivers/peripheral/efuse/ -IGenerated_Source\PSoC6\pdl\drivers/peripheral/flash/ -IGenerated_Source\PSoC6\pdl\drivers/peripheral/gpio/ -IGenerated_Source\PSoC6\pdl\drivers/peripheral/ipc/ -IGenerated_Source\PSoC6\pdl\drivers/peripheral/lvd/ -IGenerated_Source\PSoC6\pdl\drivers/peripheral/profile/ -IGenerated_Source\PSoC6\pdl\drivers/peripheral/prot/ -IGenerated_Source\PSoC6\pdl\drivers/peripheral/scb/ -IGenerated_Source\PSoC6\pdl\drivers/peripheral/sysanalog/ -IGenerated_Source\PSoC6\pdl\drivers/peripheral/sysclk/ -IGenerated_Source\PSoC6\pdl\drivers/peripheral/sysint/ -IGenerated_Source\PSoC6\pdl\drivers/peripheral/syslib/ -IGenerated_Source\PSoC6\pdl\drivers/peripheral/syspm/ -IGenerated_Source\PSoC6\pdl\drivers/peripheral/systick/ -IGenerated_Source\PSoC6\pdl\drivers/peripheral/tcpwm/ -IGenerated_Source\PSoC6\pdl\drivers/peripheral/trigmux/ -IGenerated_Source\PSoC6\pdl\drivers/peripheral/wdt/ -IGenerated_Source\PSoC6\pdl\middleware/ -IGenerated_Source\PSoC6\pdl\rtos/FreeRTOS/10.0.1/Source/include/ -IGenerated_Source\PSoC6\pdl\rtos/FreeRTOS/10.0.1/Source/portable/GCC/CM4F/ -Wa,-alh=.\CortexM0p\ARM_GCC_541\Debug/main_cm0p.lst -g -D DEBUG -D CY_CORE_ID=0 -D CY_PSOC_CREATOR_USED=1 -D CYBLE_416045_02 -Wall -ffunction-sections -ffat-lto-objects -Og -c main_cm0p.c -o .\CortexM0p\ARM_GCC_541\Debug\main_cm0p.o
In file included from ./cy_ble_config.h:26:0,
                 from Generated_Source\PSoC6\pdl\middleware/ble/cy_ble.h:24,
                 from Generated_Source\PSoC6/project.h:47,
                 from main_cm0p.c:12:
Generated_Source\PSoC6/BLE_config.h:148:10: error: #error Enable BLE_1_bless_isr interrupt for the ARM CM0+ core in the interrupt configuration tab of the Design-Wide Resources (DWR) file (project.cydwr)
         #error Enable BLE_1_bless_isr interrupt for the ARM CM0+ core in the interrupt configuration tab of \
          ^
The command 'arm-none-eabi-gcc.exe' failed with exit code '1'.
--------------- Rebuild Failed: 10/05/2021 20:06:28 ---------------
