ARM GAS  C:\Users\cmila\AppData\Local\Temp\cc1afTQu.s 			page 1


   1              		.syntax unified
   2              		.cpu cortex-m0plus
   3              		.fpu softvfp
   4              		.eabi_attribute 20, 1
   5              		.eabi_attribute 21, 1
   6              		.eabi_attribute 23, 3
   7              		.eabi_attribute 24, 1
   8              		.eabi_attribute 25, 1
   9              		.eabi_attribute 26, 1
  10              		.eabi_attribute 30, 1
  11              		.eabi_attribute 34, 0
  12              		.eabi_attribute 18, 4
  13              		.thumb
  14              		.syntax unified
  15              		.file	"retarget.c"
  16              		.text
  17              	.Ltext0:
  18              		.cfi_sections	.debug_frame
  19              		.syntax divided
  20              		.global _printf_float
  21              		.global _scanf_float
  22              		.thumb
  23              		.syntax unified
  24              		.section	.text._write,"ax",%progbits
  25              		.align	2
  26              		.weak	_write
  27              		.code	16
  28              		.thumb_func
  29              		.type	_write, %function
  30              	_write:
  31              	.LFB468:
  32              		.file 1 "Generated_Source\\PSoC6\\pdl\\utilities\\retarget_io\\retarget.c"
   1:Generated_Source\PSoC6\pdl\utilities\retarget_io/retarget.c **** /***************************************************************************//**
   2:Generated_Source\PSoC6\pdl\utilities\retarget_io/retarget.c **** * \file retarget.c
   3:Generated_Source\PSoC6\pdl\utilities\retarget_io/retarget.c **** * \version 1.20
   4:Generated_Source\PSoC6\pdl\utilities\retarget_io/retarget.c **** *
   5:Generated_Source\PSoC6\pdl\utilities\retarget_io/retarget.c **** * \brief
   6:Generated_Source\PSoC6\pdl\utilities\retarget_io/retarget.c **** * 'Retarget' layer for target-dependent low level function.
   7:Generated_Source\PSoC6\pdl\utilities\retarget_io/retarget.c **** *
   8:Generated_Source\PSoC6\pdl\utilities\retarget_io/retarget.c **** ********************************************************************************
   9:Generated_Source\PSoC6\pdl\utilities\retarget_io/retarget.c **** * \copyright
  10:Generated_Source\PSoC6\pdl\utilities\retarget_io/retarget.c **** * Copyright 2016-2018, Cypress Semiconductor Corporation. All rights reserved.
  11:Generated_Source\PSoC6\pdl\utilities\retarget_io/retarget.c **** * You may use this file only in accordance with the license, terms, conditions,
  12:Generated_Source\PSoC6\pdl\utilities\retarget_io/retarget.c **** * disclaimers, and limitations in the end user license agreement accompanying
  13:Generated_Source\PSoC6\pdl\utilities\retarget_io/retarget.c **** * the software package with which this file was provided.
  14:Generated_Source\PSoC6\pdl\utilities\retarget_io/retarget.c **** *******************************************************************************/
  15:Generated_Source\PSoC6\pdl\utilities\retarget_io/retarget.c **** 
  16:Generated_Source\PSoC6\pdl\utilities\retarget_io/retarget.c **** #include <stdio.h>
  17:Generated_Source\PSoC6\pdl\utilities\retarget_io/retarget.c **** #include "stdio_user.h"
  18:Generated_Source\PSoC6\pdl\utilities\retarget_io/retarget.c **** 
  19:Generated_Source\PSoC6\pdl\utilities\retarget_io/retarget.c **** #if defined(__cplusplus)
  20:Generated_Source\PSoC6\pdl\utilities\retarget_io/retarget.c **** extern "C" {
  21:Generated_Source\PSoC6\pdl\utilities\retarget_io/retarget.c **** #endif
  22:Generated_Source\PSoC6\pdl\utilities\retarget_io/retarget.c **** 
  23:Generated_Source\PSoC6\pdl\utilities\retarget_io/retarget.c **** #ifdef IO_STDOUT_ENABLE
  24:Generated_Source\PSoC6\pdl\utilities\retarget_io/retarget.c **** 
  25:Generated_Source\PSoC6\pdl\utilities\retarget_io/retarget.c **** #if defined(__ARMCC_VERSION) /* ARM-MDK */
ARM GAS  C:\Users\cmila\AppData\Local\Temp\cc1afTQu.s 			page 2


  26:Generated_Source\PSoC6\pdl\utilities\retarget_io/retarget.c ****     /***************************************************************************
  27:Generated_Source\PSoC6\pdl\utilities\retarget_io/retarget.c ****     * Function Name: fputc
  28:Generated_Source\PSoC6\pdl\utilities\retarget_io/retarget.c ****     ***************************************************************************/
  29:Generated_Source\PSoC6\pdl\utilities\retarget_io/retarget.c ****     __attribute__((weak)) int fputc(int ch, FILE *f)
  30:Generated_Source\PSoC6\pdl\utilities\retarget_io/retarget.c ****     {
  31:Generated_Source\PSoC6\pdl\utilities\retarget_io/retarget.c ****         (void)f;
  32:Generated_Source\PSoC6\pdl\utilities\retarget_io/retarget.c ****     #if (STDOUT_CR_LF != 0)
  33:Generated_Source\PSoC6\pdl\utilities\retarget_io/retarget.c ****         if ((char)ch == '\n')
  34:Generated_Source\PSoC6\pdl\utilities\retarget_io/retarget.c ****         {
  35:Generated_Source\PSoC6\pdl\utilities\retarget_io/retarget.c ****             STDIO_PutChar('\r');
  36:Generated_Source\PSoC6\pdl\utilities\retarget_io/retarget.c ****         }
  37:Generated_Source\PSoC6\pdl\utilities\retarget_io/retarget.c ****     #endif /* STDOUT_CR_LF != 0 */
  38:Generated_Source\PSoC6\pdl\utilities\retarget_io/retarget.c ****         STDIO_PutChar(ch);
  39:Generated_Source\PSoC6\pdl\utilities\retarget_io/retarget.c ****         return (ch);
  40:Generated_Source\PSoC6\pdl\utilities\retarget_io/retarget.c ****     }
  41:Generated_Source\PSoC6\pdl\utilities\retarget_io/retarget.c **** #elif defined (__ICCARM__) /* IAR */
  42:Generated_Source\PSoC6\pdl\utilities\retarget_io/retarget.c ****     #include <yfuns.h>
  43:Generated_Source\PSoC6\pdl\utilities\retarget_io/retarget.c **** 
  44:Generated_Source\PSoC6\pdl\utilities\retarget_io/retarget.c ****     /***************************************************************************
  45:Generated_Source\PSoC6\pdl\utilities\retarget_io/retarget.c ****     * Function Name: __write
  46:Generated_Source\PSoC6\pdl\utilities\retarget_io/retarget.c ****     ***************************************************************************/
  47:Generated_Source\PSoC6\pdl\utilities\retarget_io/retarget.c ****     __weak size_t __write(int handle, const unsigned char * buffer, size_t size)
  48:Generated_Source\PSoC6\pdl\utilities\retarget_io/retarget.c ****     {
  49:Generated_Source\PSoC6\pdl\utilities\retarget_io/retarget.c ****         size_t nChars = 0;
  50:Generated_Source\PSoC6\pdl\utilities\retarget_io/retarget.c ****         /* This template only writes to "standard out", for all other file
  51:Generated_Source\PSoC6\pdl\utilities\retarget_io/retarget.c ****         * handles it returns failure. */
  52:Generated_Source\PSoC6\pdl\utilities\retarget_io/retarget.c ****         if (handle != _LLIO_STDOUT)
  53:Generated_Source\PSoC6\pdl\utilities\retarget_io/retarget.c ****         {
  54:Generated_Source\PSoC6\pdl\utilities\retarget_io/retarget.c ****             return (_LLIO_ERROR);
  55:Generated_Source\PSoC6\pdl\utilities\retarget_io/retarget.c ****         }
  56:Generated_Source\PSoC6\pdl\utilities\retarget_io/retarget.c ****         if (buffer != NULL)
  57:Generated_Source\PSoC6\pdl\utilities\retarget_io/retarget.c ****         {
  58:Generated_Source\PSoC6\pdl\utilities\retarget_io/retarget.c ****             for (/* Empty */; nChars < size; ++nChars)
  59:Generated_Source\PSoC6\pdl\utilities\retarget_io/retarget.c ****             {
  60:Generated_Source\PSoC6\pdl\utilities\retarget_io/retarget.c ****             #if (STDOUT_CR_LF != 0)
  61:Generated_Source\PSoC6\pdl\utilities\retarget_io/retarget.c ****                 if(*buffer == '\n')
  62:Generated_Source\PSoC6\pdl\utilities\retarget_io/retarget.c ****                 {
  63:Generated_Source\PSoC6\pdl\utilities\retarget_io/retarget.c ****                     STDIO_PutChar('\r');
  64:Generated_Source\PSoC6\pdl\utilities\retarget_io/retarget.c ****                 }
  65:Generated_Source\PSoC6\pdl\utilities\retarget_io/retarget.c ****             #endif /* STDOUT_CR_LF != 0 */
  66:Generated_Source\PSoC6\pdl\utilities\retarget_io/retarget.c ****                 STDIO_PutChar(*buffer);
  67:Generated_Source\PSoC6\pdl\utilities\retarget_io/retarget.c ****                 ++buffer;
  68:Generated_Source\PSoC6\pdl\utilities\retarget_io/retarget.c ****             }
  69:Generated_Source\PSoC6\pdl\utilities\retarget_io/retarget.c ****         }
  70:Generated_Source\PSoC6\pdl\utilities\retarget_io/retarget.c ****         return (nChars);
  71:Generated_Source\PSoC6\pdl\utilities\retarget_io/retarget.c ****     }
  72:Generated_Source\PSoC6\pdl\utilities\retarget_io/retarget.c **** #else /* (__GNUC__)  GCC */    
  73:Generated_Source\PSoC6\pdl\utilities\retarget_io/retarget.c ****     /* Add an explicit reference to the floating point printf library to allow
  74:Generated_Source\PSoC6\pdl\utilities\retarget_io/retarget.c ****     the usage of floating point conversion specifier. */
  75:Generated_Source\PSoC6\pdl\utilities\retarget_io/retarget.c ****     __asm (".global _printf_float");
  76:Generated_Source\PSoC6\pdl\utilities\retarget_io/retarget.c ****     /***************************************************************************
  77:Generated_Source\PSoC6\pdl\utilities\retarget_io/retarget.c ****     * Function Name: _write
  78:Generated_Source\PSoC6\pdl\utilities\retarget_io/retarget.c ****     ***************************************************************************/
  79:Generated_Source\PSoC6\pdl\utilities\retarget_io/retarget.c ****     __attribute__((weak)) int _write (int fd, const char *ptr, int len)
  80:Generated_Source\PSoC6\pdl\utilities\retarget_io/retarget.c ****     {
  33              		.loc 1 80 0
  34              		.cfi_startproc
ARM GAS  C:\Users\cmila\AppData\Local\Temp\cc1afTQu.s 			page 3


  35              		@ args = 0, pretend = 0, frame = 0
  36              		@ frame_needed = 0, uses_anonymous_args = 0
  37              	.LVL0:
  38 0000 70B5     		push	{r4, r5, r6, lr}
  39              		.cfi_def_cfa_offset 16
  40              		.cfi_offset 4, -16
  41              		.cfi_offset 5, -12
  42              		.cfi_offset 6, -8
  43              		.cfi_offset 14, -4
  44 0002 0D00     		movs	r5, r1
  45 0004 1600     		movs	r6, r2
  46              	.LVL1:
  81:Generated_Source\PSoC6\pdl\utilities\retarget_io/retarget.c ****         int nChars = 0;
  82:Generated_Source\PSoC6\pdl\utilities\retarget_io/retarget.c ****         (void)fd;
  83:Generated_Source\PSoC6\pdl\utilities\retarget_io/retarget.c ****         if (ptr != NULL)
  47              		.loc 1 83 0
  48 0006 0029     		cmp	r1, #0
  49 0008 07D1     		bne	.L5
  81:Generated_Source\PSoC6\pdl\utilities\retarget_io/retarget.c ****         int nChars = 0;
  50              		.loc 1 81 0
  51 000a 0024     		movs	r4, #0
  52 000c 08E0     		b	.L3
  53              	.LVL2:
  54              	.L4:
  84:Generated_Source\PSoC6\pdl\utilities\retarget_io/retarget.c ****         {
  85:Generated_Source\PSoC6\pdl\utilities\retarget_io/retarget.c ****             for (/* Empty */; nChars < len; ++nChars)
  86:Generated_Source\PSoC6\pdl\utilities\retarget_io/retarget.c ****             {
  87:Generated_Source\PSoC6\pdl\utilities\retarget_io/retarget.c ****             #if (STDOUT_CR_LF != 0)
  88:Generated_Source\PSoC6\pdl\utilities\retarget_io/retarget.c ****                 if(*ptr == '\n')
  89:Generated_Source\PSoC6\pdl\utilities\retarget_io/retarget.c ****                 {
  90:Generated_Source\PSoC6\pdl\utilities\retarget_io/retarget.c ****                     STDIO_PutChar('\r');
  91:Generated_Source\PSoC6\pdl\utilities\retarget_io/retarget.c ****                 }
  92:Generated_Source\PSoC6\pdl\utilities\retarget_io/retarget.c ****             #endif /* STDOUT_CR_LF != 0 */
  93:Generated_Source\PSoC6\pdl\utilities\retarget_io/retarget.c ****                 STDIO_PutChar((uint32_t)*ptr);
  55              		.loc 1 93 0 discriminator 2
  56 000e 2878     		ldrb	r0, [r5]
  57 0010 FFF7FEFF 		bl	STDIO_PutChar
  58              	.LVL3:
  94:Generated_Source\PSoC6\pdl\utilities\retarget_io/retarget.c ****                 ++ptr;
  59              		.loc 1 94 0 discriminator 2
  60 0014 0135     		adds	r5, r5, #1
  61              	.LVL4:
  85:Generated_Source\PSoC6\pdl\utilities\retarget_io/retarget.c ****             {
  62              		.loc 1 85 0 discriminator 2
  63 0016 0134     		adds	r4, r4, #1
  64              	.LVL5:
  65 0018 00E0     		b	.L2
  66              	.LVL6:
  67              	.L5:
  68 001a 0024     		movs	r4, #0
  69              	.LVL7:
  70              	.L2:
  85:Generated_Source\PSoC6\pdl\utilities\retarget_io/retarget.c ****             {
  71              		.loc 1 85 0 is_stmt 0 discriminator 1
  72 001c B442     		cmp	r4, r6
  73 001e F6DB     		blt	.L4
  74              	.LVL8:
ARM GAS  C:\Users\cmila\AppData\Local\Temp\cc1afTQu.s 			page 4


  75              	.L3:
  95:Generated_Source\PSoC6\pdl\utilities\retarget_io/retarget.c ****             }
  96:Generated_Source\PSoC6\pdl\utilities\retarget_io/retarget.c ****         }
  97:Generated_Source\PSoC6\pdl\utilities\retarget_io/retarget.c ****         return (nChars);
  98:Generated_Source\PSoC6\pdl\utilities\retarget_io/retarget.c ****     }
  76              		.loc 1 98 0 is_stmt 1
  77 0020 2000     		movs	r0, r4
  78              		@ sp needed
  79              	.LVL9:
  80              	.LVL10:
  81              	.LVL11:
  82 0022 70BD     		pop	{r4, r5, r6, pc}
  83              		.cfi_endproc
  84              	.LFE468:
  85              		.size	_write, .-_write
  86              		.section	.text._read,"ax",%progbits
  87              		.align	2
  88              		.weak	_read
  89              		.code	16
  90              		.thumb_func
  91              		.type	_read, %function
  92              	_read:
  93              	.LFB469:
  99:Generated_Source\PSoC6\pdl\utilities\retarget_io/retarget.c **** #endif
 100:Generated_Source\PSoC6\pdl\utilities\retarget_io/retarget.c **** 
 101:Generated_Source\PSoC6\pdl\utilities\retarget_io/retarget.c **** #endif /* IO_STDOUT_ENABLE */
 102:Generated_Source\PSoC6\pdl\utilities\retarget_io/retarget.c **** 
 103:Generated_Source\PSoC6\pdl\utilities\retarget_io/retarget.c **** #if defined(IO_STDIN_ENABLE)
 104:Generated_Source\PSoC6\pdl\utilities\retarget_io/retarget.c **** 
 105:Generated_Source\PSoC6\pdl\utilities\retarget_io/retarget.c **** #if defined(__ARMCC_VERSION) /* ARM-MDK */
 106:Generated_Source\PSoC6\pdl\utilities\retarget_io/retarget.c ****     /***************************************************************************
 107:Generated_Source\PSoC6\pdl\utilities\retarget_io/retarget.c ****     * Function Name: fgetc
 108:Generated_Source\PSoC6\pdl\utilities\retarget_io/retarget.c ****     ***************************************************************************/
 109:Generated_Source\PSoC6\pdl\utilities\retarget_io/retarget.c ****     __attribute__((weak)) int fgetc(FILE *f) 
 110:Generated_Source\PSoC6\pdl\utilities\retarget_io/retarget.c ****     {
 111:Generated_Source\PSoC6\pdl\utilities\retarget_io/retarget.c ****         (void)f;
 112:Generated_Source\PSoC6\pdl\utilities\retarget_io/retarget.c ****         return (STDIO_GetChar());
 113:Generated_Source\PSoC6\pdl\utilities\retarget_io/retarget.c ****     }
 114:Generated_Source\PSoC6\pdl\utilities\retarget_io/retarget.c **** #elif defined (__ICCARM__) /* IAR */
 115:Generated_Source\PSoC6\pdl\utilities\retarget_io/retarget.c ****     __weak size_t __read(int handle, unsigned char * buffer, size_t size)
 116:Generated_Source\PSoC6\pdl\utilities\retarget_io/retarget.c ****     {
 117:Generated_Source\PSoC6\pdl\utilities\retarget_io/retarget.c ****         /* This template only reads from "standard in", for all other file
 118:Generated_Source\PSoC6\pdl\utilities\retarget_io/retarget.c ****         handles it returns failure. */
 119:Generated_Source\PSoC6\pdl\utilities\retarget_io/retarget.c ****         if ((handle != _LLIO_STDIN) || (buffer == NULL))
 120:Generated_Source\PSoC6\pdl\utilities\retarget_io/retarget.c ****         {
 121:Generated_Source\PSoC6\pdl\utilities\retarget_io/retarget.c ****             return (_LLIO_ERROR);
 122:Generated_Source\PSoC6\pdl\utilities\retarget_io/retarget.c ****         }
 123:Generated_Source\PSoC6\pdl\utilities\retarget_io/retarget.c ****         else
 124:Generated_Source\PSoC6\pdl\utilities\retarget_io/retarget.c ****         {
 125:Generated_Source\PSoC6\pdl\utilities\retarget_io/retarget.c ****             *buffer = STDIO_GetChar();
 126:Generated_Source\PSoC6\pdl\utilities\retarget_io/retarget.c ****             return (1);
 127:Generated_Source\PSoC6\pdl\utilities\retarget_io/retarget.c ****         }
 128:Generated_Source\PSoC6\pdl\utilities\retarget_io/retarget.c ****     }
 129:Generated_Source\PSoC6\pdl\utilities\retarget_io/retarget.c **** #else /* (__GNUC__)  GCC */
 130:Generated_Source\PSoC6\pdl\utilities\retarget_io/retarget.c ****     /* Add an explicit reference to the floating point scanf library to allow
 131:Generated_Source\PSoC6\pdl\utilities\retarget_io/retarget.c ****     the usage of floating point conversion specifier. */
 132:Generated_Source\PSoC6\pdl\utilities\retarget_io/retarget.c ****     __asm (".global _scanf_float");
ARM GAS  C:\Users\cmila\AppData\Local\Temp\cc1afTQu.s 			page 5


 133:Generated_Source\PSoC6\pdl\utilities\retarget_io/retarget.c ****     __attribute__((weak)) int _read (int fd, char *ptr, int len)
 134:Generated_Source\PSoC6\pdl\utilities\retarget_io/retarget.c ****     {
  94              		.loc 1 134 0
  95              		.cfi_startproc
  96              		@ args = 0, pretend = 0, frame = 0
  97              		@ frame_needed = 0, uses_anonymous_args = 0
  98              	.LVL12:
  99 0000 70B5     		push	{r4, r5, r6, lr}
 100              		.cfi_def_cfa_offset 16
 101              		.cfi_offset 4, -16
 102              		.cfi_offset 5, -12
 103              		.cfi_offset 6, -8
 104              		.cfi_offset 14, -4
 105 0002 0D00     		movs	r5, r1
 106 0004 1600     		movs	r6, r2
 107              	.LVL13:
 135:Generated_Source\PSoC6\pdl\utilities\retarget_io/retarget.c ****         int nChars = 0;
 136:Generated_Source\PSoC6\pdl\utilities\retarget_io/retarget.c ****         (void)fd;
 137:Generated_Source\PSoC6\pdl\utilities\retarget_io/retarget.c ****         if (ptr != NULL)
 108              		.loc 1 137 0
 109 0006 0029     		cmp	r1, #0
 110 0008 0CD1     		bne	.L10
 135:Generated_Source\PSoC6\pdl\utilities\retarget_io/retarget.c ****         int nChars = 0;
 111              		.loc 1 135 0
 112 000a 0024     		movs	r4, #0
 113 000c 0DE0     		b	.L8
 114              	.LVL14:
 115              	.L9:
 138:Generated_Source\PSoC6\pdl\utilities\retarget_io/retarget.c ****         {
 139:Generated_Source\PSoC6\pdl\utilities\retarget_io/retarget.c ****             for(/* Empty */;nChars < len;++ptr)
 140:Generated_Source\PSoC6\pdl\utilities\retarget_io/retarget.c ****             {
 141:Generated_Source\PSoC6\pdl\utilities\retarget_io/retarget.c ****                 *ptr = (char)STDIO_GetChar();
 116              		.loc 1 141 0
 117 000e FFF7FEFF 		bl	STDIO_GetChar
 118              	.LVL15:
 119 0012 C0B2     		uxtb	r0, r0
 120 0014 2870     		strb	r0, [r5]
 142:Generated_Source\PSoC6\pdl\utilities\retarget_io/retarget.c ****                 ++nChars;
 121              		.loc 1 142 0
 122 0016 0134     		adds	r4, r4, #1
 123              	.LVL16:
 143:Generated_Source\PSoC6\pdl\utilities\retarget_io/retarget.c ****                 if((*ptr == '\n') || (*ptr == '\r'))
 124              		.loc 1 143 0
 125 0018 0A28     		cmp	r0, #10
 126 001a 06D0     		beq	.L8
 127              		.loc 1 143 0 is_stmt 0 discriminator 1
 128 001c 0D28     		cmp	r0, #13
 129 001e 04D0     		beq	.L8
 139:Generated_Source\PSoC6\pdl\utilities\retarget_io/retarget.c ****             {
 130              		.loc 1 139 0 is_stmt 1
 131 0020 0135     		adds	r5, r5, #1
 132              	.LVL17:
 133 0022 00E0     		b	.L7
 134              	.LVL18:
 135              	.L10:
 136 0024 0024     		movs	r4, #0
 137              	.LVL19:
ARM GAS  C:\Users\cmila\AppData\Local\Temp\cc1afTQu.s 			page 6


 138              	.L7:
 139:Generated_Source\PSoC6\pdl\utilities\retarget_io/retarget.c ****             {
 139              		.loc 1 139 0 is_stmt 0 discriminator 1
 140 0026 B442     		cmp	r4, r6
 141 0028 F1DB     		blt	.L9
 142              	.LVL20:
 143              	.L8:
 144:Generated_Source\PSoC6\pdl\utilities\retarget_io/retarget.c ****                 {
 145:Generated_Source\PSoC6\pdl\utilities\retarget_io/retarget.c ****                     break;
 146:Generated_Source\PSoC6\pdl\utilities\retarget_io/retarget.c ****                 }
 147:Generated_Source\PSoC6\pdl\utilities\retarget_io/retarget.c ****             }
 148:Generated_Source\PSoC6\pdl\utilities\retarget_io/retarget.c ****         }
 149:Generated_Source\PSoC6\pdl\utilities\retarget_io/retarget.c ****         return (nChars);
 150:Generated_Source\PSoC6\pdl\utilities\retarget_io/retarget.c ****     }
 144              		.loc 1 150 0 is_stmt 1
 145 002a 2000     		movs	r0, r4
 146              		@ sp needed
 147              	.LVL21:
 148              	.LVL22:
 149              	.LVL23:
 150 002c 70BD     		pop	{r4, r5, r6, pc}
 151              		.cfi_endproc
 152              	.LFE469:
 153              		.size	_read, .-_read
 154 002e C046     		.text
 155              	.Letext0:
 156              		.file 2 "c:\\program files (x86)\\cypress\\psoc creator\\4.4\\psoc creator\\import\\gnu\\arm\\5.4.
 157              		.file 3 "c:\\program files (x86)\\cypress\\psoc creator\\4.4\\psoc creator\\import\\gnu\\arm\\5.4.
 158              		.file 4 "Generated_Source\\PSoC6\\pdl\\drivers/peripheral/device/cy_device.h"
 159              		.file 5 "Generated_Source\\PSoC6\\pdl\\drivers/peripheral/scb/cy_scb_uart.h"
 160              		.file 6 "Generated_Source\\PSoC6\\pdl\\drivers/peripheral/tcpwm/cy_tcpwm_counter.h"
 161              		.file 7 "Generated_Source\\PSoC6/Timer.h"
 162              		.file 8 "Generated_Source\\PSoC6/UART.h"
 163              		.file 9 "./stdio_user.h"
 164              		.section	.debug_info,"",%progbits
 165              	.Ldebug_info0:
 166 0000 0A080000 		.4byte	0x80a
 167 0004 0400     		.2byte	0x4
 168 0006 00000000 		.4byte	.Ldebug_abbrev0
 169 000a 04       		.byte	0x4
 170 000b 01       		.uleb128 0x1
 171 000c CB060000 		.4byte	.LASF156
 172 0010 0C       		.byte	0xc
 173 0011 42090000 		.4byte	.LASF157
 174 0015 11020000 		.4byte	.LASF158
 175 0019 00000000 		.4byte	.Ldebug_ranges0+0
 176 001d 00000000 		.4byte	0
 177 0021 00000000 		.4byte	.Ldebug_line0
 178 0025 02       		.uleb128 0x2
 179 0026 01       		.byte	0x1
 180 0027 06       		.byte	0x6
 181 0028 82080000 		.4byte	.LASF0
 182 002c 03       		.uleb128 0x3
 183 002d 93000000 		.4byte	.LASF2
 184 0031 02       		.byte	0x2
 185 0032 1D       		.byte	0x1d
 186 0033 37000000 		.4byte	0x37
ARM GAS  C:\Users\cmila\AppData\Local\Temp\cc1afTQu.s 			page 7


 187 0037 02       		.uleb128 0x2
 188 0038 01       		.byte	0x1
 189 0039 08       		.byte	0x8
 190 003a 1F060000 		.4byte	.LASF1
 191 003e 03       		.uleb128 0x3
 192 003f 3B030000 		.4byte	.LASF3
 193 0043 02       		.byte	0x2
 194 0044 29       		.byte	0x29
 195 0045 49000000 		.4byte	0x49
 196 0049 02       		.uleb128 0x2
 197 004a 02       		.byte	0x2
 198 004b 05       		.byte	0x5
 199 004c 41060000 		.4byte	.LASF4
 200 0050 03       		.uleb128 0x3
 201 0051 9C070000 		.4byte	.LASF5
 202 0055 02       		.byte	0x2
 203 0056 2B       		.byte	0x2b
 204 0057 5B000000 		.4byte	0x5b
 205 005b 02       		.uleb128 0x2
 206 005c 02       		.byte	0x2
 207 005d 07       		.byte	0x7
 208 005e F3070000 		.4byte	.LASF6
 209 0062 02       		.uleb128 0x2
 210 0063 04       		.byte	0x4
 211 0064 05       		.byte	0x5
 212 0065 78020000 		.4byte	.LASF7
 213 0069 03       		.uleb128 0x3
 214 006a 20030000 		.4byte	.LASF8
 215 006e 02       		.byte	0x2
 216 006f 41       		.byte	0x41
 217 0070 74000000 		.4byte	0x74
 218 0074 02       		.uleb128 0x2
 219 0075 04       		.byte	0x4
 220 0076 07       		.byte	0x7
 221 0077 E0030000 		.4byte	.LASF9
 222 007b 02       		.uleb128 0x2
 223 007c 08       		.byte	0x8
 224 007d 05       		.byte	0x5
 225 007e AE010000 		.4byte	.LASF10
 226 0082 02       		.uleb128 0x2
 227 0083 08       		.byte	0x8
 228 0084 07       		.byte	0x7
 229 0085 10010000 		.4byte	.LASF11
 230 0089 04       		.uleb128 0x4
 231 008a 04       		.byte	0x4
 232 008b 05       		.byte	0x5
 233 008c 696E7400 		.ascii	"int\000"
 234 0090 02       		.uleb128 0x2
 235 0091 04       		.byte	0x4
 236 0092 07       		.byte	0x7
 237 0093 A4030000 		.4byte	.LASF12
 238 0097 02       		.uleb128 0x2
 239 0098 08       		.byte	0x8
 240 0099 04       		.byte	0x4
 241 009a 66070000 		.4byte	.LASF13
 242 009e 05       		.uleb128 0x5
 243 009f 04       		.byte	0x4
ARM GAS  C:\Users\cmila\AppData\Local\Temp\cc1afTQu.s 			page 8


 244 00a0 02       		.uleb128 0x2
 245 00a1 04       		.byte	0x4
 246 00a2 07       		.byte	0x7
 247 00a3 28050000 		.4byte	.LASF14
 248 00a7 06       		.uleb128 0x6
 249 00a8 04       		.byte	0x4
 250 00a9 AD000000 		.4byte	0xad
 251 00ad 02       		.uleb128 0x2
 252 00ae 01       		.byte	0x1
 253 00af 08       		.byte	0x8
 254 00b0 72070000 		.4byte	.LASF15
 255 00b4 06       		.uleb128 0x6
 256 00b5 04       		.byte	0x4
 257 00b6 BA000000 		.4byte	0xba
 258 00ba 07       		.uleb128 0x7
 259 00bb AD000000 		.4byte	0xad
 260 00bf 03       		.uleb128 0x3
 261 00c0 CD080000 		.4byte	.LASF16
 262 00c4 03       		.byte	0x3
 263 00c5 18       		.byte	0x18
 264 00c6 2C000000 		.4byte	0x2c
 265 00ca 03       		.uleb128 0x3
 266 00cb A6010000 		.4byte	.LASF17
 267 00cf 03       		.byte	0x3
 268 00d0 20       		.byte	0x20
 269 00d1 3E000000 		.4byte	0x3e
 270 00d5 03       		.uleb128 0x3
 271 00d6 B1030000 		.4byte	.LASF18
 272 00da 03       		.byte	0x3
 273 00db 24       		.byte	0x24
 274 00dc 50000000 		.4byte	0x50
 275 00e0 03       		.uleb128 0x3
 276 00e1 AD060000 		.4byte	.LASF19
 277 00e5 03       		.byte	0x3
 278 00e6 30       		.byte	0x30
 279 00e7 69000000 		.4byte	0x69
 280 00eb 08       		.uleb128 0x8
 281 00ec E0000000 		.4byte	0xe0
 282 00f0 09       		.uleb128 0x9
 283 00f1 B8       		.byte	0xb8
 284 00f2 04       		.byte	0x4
 285 00f3 34       		.byte	0x34
 286 00f4 01050000 		.4byte	0x501
 287 00f8 0A       		.uleb128 0xa
 288 00f9 E6000000 		.4byte	.LASF20
 289 00fd 04       		.byte	0x4
 290 00fe 37       		.byte	0x37
 291 00ff E0000000 		.4byte	0xe0
 292 0103 00       		.byte	0
 293 0104 0A       		.uleb128 0xa
 294 0105 73060000 		.4byte	.LASF21
 295 0109 04       		.byte	0x4
 296 010a 38       		.byte	0x38
 297 010b E0000000 		.4byte	0xe0
 298 010f 04       		.byte	0x4
 299 0110 0A       		.uleb128 0xa
 300 0111 8F020000 		.4byte	.LASF22
ARM GAS  C:\Users\cmila\AppData\Local\Temp\cc1afTQu.s 			page 9


 301 0115 04       		.byte	0x4
 302 0116 39       		.byte	0x39
 303 0117 E0000000 		.4byte	0xe0
 304 011b 08       		.byte	0x8
 305 011c 0A       		.uleb128 0xa
 306 011d 11060000 		.4byte	.LASF23
 307 0121 04       		.byte	0x4
 308 0122 3A       		.byte	0x3a
 309 0123 E0000000 		.4byte	0xe0
 310 0127 0C       		.byte	0xc
 311 0128 0A       		.uleb128 0xa
 312 0129 FD010000 		.4byte	.LASF24
 313 012d 04       		.byte	0x4
 314 012e 3B       		.byte	0x3b
 315 012f E0000000 		.4byte	0xe0
 316 0133 10       		.byte	0x10
 317 0134 0A       		.uleb128 0xa
 318 0135 6E020000 		.4byte	.LASF25
 319 0139 04       		.byte	0x4
 320 013a 3C       		.byte	0x3c
 321 013b E0000000 		.4byte	0xe0
 322 013f 14       		.byte	0x14
 323 0140 0A       		.uleb128 0xa
 324 0141 3B040000 		.4byte	.LASF26
 325 0145 04       		.byte	0x4
 326 0146 3D       		.byte	0x3d
 327 0147 E0000000 		.4byte	0xe0
 328 014b 18       		.byte	0x18
 329 014c 0A       		.uleb128 0xa
 330 014d 7C000000 		.4byte	.LASF27
 331 0151 04       		.byte	0x4
 332 0152 3E       		.byte	0x3e
 333 0153 E0000000 		.4byte	0xe0
 334 0157 1C       		.byte	0x1c
 335 0158 0A       		.uleb128 0xa
 336 0159 88090000 		.4byte	.LASF28
 337 015d 04       		.byte	0x4
 338 015e 3F       		.byte	0x3f
 339 015f E0000000 		.4byte	0xe0
 340 0163 20       		.byte	0x20
 341 0164 0A       		.uleb128 0xa
 342 0165 A5050000 		.4byte	.LASF29
 343 0169 04       		.byte	0x4
 344 016a 40       		.byte	0x40
 345 016b E0000000 		.4byte	0xe0
 346 016f 24       		.byte	0x24
 347 0170 0A       		.uleb128 0xa
 348 0171 DE040000 		.4byte	.LASF30
 349 0175 04       		.byte	0x4
 350 0176 43       		.byte	0x43
 351 0177 BF000000 		.4byte	0xbf
 352 017b 28       		.byte	0x28
 353 017c 0A       		.uleb128 0xa
 354 017d 5F000000 		.4byte	.LASF31
 355 0181 04       		.byte	0x4
 356 0182 44       		.byte	0x44
 357 0183 BF000000 		.4byte	0xbf
ARM GAS  C:\Users\cmila\AppData\Local\Temp\cc1afTQu.s 			page 10


 358 0187 29       		.byte	0x29
 359 0188 0A       		.uleb128 0xa
 360 0189 7E090000 		.4byte	.LASF32
 361 018d 04       		.byte	0x4
 362 018e 45       		.byte	0x45
 363 018f BF000000 		.4byte	0xbf
 364 0193 2A       		.byte	0x2a
 365 0194 0A       		.uleb128 0xa
 366 0195 97050000 		.4byte	.LASF33
 367 0199 04       		.byte	0x4
 368 019a 46       		.byte	0x46
 369 019b BF000000 		.4byte	0xbf
 370 019f 2B       		.byte	0x2b
 371 01a0 0A       		.uleb128 0xa
 372 01a1 80040000 		.4byte	.LASF34
 373 01a5 04       		.byte	0x4
 374 01a6 47       		.byte	0x47
 375 01a7 BF000000 		.4byte	0xbf
 376 01ab 2C       		.byte	0x2c
 377 01ac 0A       		.uleb128 0xa
 378 01ad BA070000 		.4byte	.LASF35
 379 01b1 04       		.byte	0x4
 380 01b2 48       		.byte	0x48
 381 01b3 BF000000 		.4byte	0xbf
 382 01b7 2D       		.byte	0x2d
 383 01b8 0A       		.uleb128 0xa
 384 01b9 06020000 		.4byte	.LASF36
 385 01bd 04       		.byte	0x4
 386 01be 49       		.byte	0x49
 387 01bf BF000000 		.4byte	0xbf
 388 01c3 2E       		.byte	0x2e
 389 01c4 0A       		.uleb128 0xa
 390 01c5 EB040000 		.4byte	.LASF37
 391 01c9 04       		.byte	0x4
 392 01ca 4A       		.byte	0x4a
 393 01cb BF000000 		.4byte	0xbf
 394 01cf 2F       		.byte	0x2f
 395 01d0 0A       		.uleb128 0xa
 396 01d1 82070000 		.4byte	.LASF38
 397 01d5 04       		.byte	0x4
 398 01d6 4B       		.byte	0x4b
 399 01d7 BF000000 		.4byte	0xbf
 400 01db 30       		.byte	0x30
 401 01dc 0A       		.uleb128 0xa
 402 01dd 30040000 		.4byte	.LASF39
 403 01e1 04       		.byte	0x4
 404 01e2 4E       		.byte	0x4e
 405 01e3 BF000000 		.4byte	0xbf
 406 01e7 31       		.byte	0x31
 407 01e8 0A       		.uleb128 0xa
 408 01e9 85000000 		.4byte	.LASF40
 409 01ed 04       		.byte	0x4
 410 01ee 4F       		.byte	0x4f
 411 01ef BF000000 		.4byte	0xbf
 412 01f3 32       		.byte	0x32
 413 01f4 0A       		.uleb128 0xa
 414 01f5 98030000 		.4byte	.LASF41
ARM GAS  C:\Users\cmila\AppData\Local\Temp\cc1afTQu.s 			page 11


 415 01f9 04       		.byte	0x4
 416 01fa 50       		.byte	0x50
 417 01fb BF000000 		.4byte	0xbf
 418 01ff 33       		.byte	0x33
 419 0200 0A       		.uleb128 0xa
 420 0201 3C050000 		.4byte	.LASF42
 421 0205 04       		.byte	0x4
 422 0206 51       		.byte	0x51
 423 0207 BF000000 		.4byte	0xbf
 424 020b 34       		.byte	0x34
 425 020c 0A       		.uleb128 0xa
 426 020d 36080000 		.4byte	.LASF43
 427 0211 04       		.byte	0x4
 428 0212 52       		.byte	0x52
 429 0213 CA000000 		.4byte	0xca
 430 0217 36       		.byte	0x36
 431 0218 0A       		.uleb128 0xa
 432 0219 A9020000 		.4byte	.LASF44
 433 021d 04       		.byte	0x4
 434 021e 53       		.byte	0x53
 435 021f CA000000 		.4byte	0xca
 436 0223 38       		.byte	0x38
 437 0224 0A       		.uleb128 0xa
 438 0225 A8080000 		.4byte	.LASF45
 439 0229 04       		.byte	0x4
 440 022a 54       		.byte	0x54
 441 022b CA000000 		.4byte	0xca
 442 022f 3A       		.byte	0x3a
 443 0230 0A       		.uleb128 0xa
 444 0231 5F020000 		.4byte	.LASF46
 445 0235 04       		.byte	0x4
 446 0236 55       		.byte	0x55
 447 0237 BF000000 		.4byte	0xbf
 448 023b 3C       		.byte	0x3c
 449 023c 0A       		.uleb128 0xa
 450 023d D0020000 		.4byte	.LASF47
 451 0241 04       		.byte	0x4
 452 0242 56       		.byte	0x56
 453 0243 BF000000 		.4byte	0xbf
 454 0247 3D       		.byte	0x3d
 455 0248 0A       		.uleb128 0xa
 456 0249 8F060000 		.4byte	.LASF48
 457 024d 04       		.byte	0x4
 458 024e 57       		.byte	0x57
 459 024f BF000000 		.4byte	0xbf
 460 0253 3E       		.byte	0x3e
 461 0254 0A       		.uleb128 0xa
 462 0255 F7000000 		.4byte	.LASF49
 463 0259 04       		.byte	0x4
 464 025a 58       		.byte	0x58
 465 025b BF000000 		.4byte	0xbf
 466 025f 3F       		.byte	0x3f
 467 0260 0A       		.uleb128 0xa
 468 0261 B0050000 		.4byte	.LASF50
 469 0265 04       		.byte	0x4
 470 0266 59       		.byte	0x59
 471 0267 BF000000 		.4byte	0xbf
ARM GAS  C:\Users\cmila\AppData\Local\Temp\cc1afTQu.s 			page 12


 472 026b 40       		.byte	0x40
 473 026c 0A       		.uleb128 0xa
 474 026d 2B030000 		.4byte	.LASF51
 475 0271 04       		.byte	0x4
 476 0272 5A       		.byte	0x5a
 477 0273 BF000000 		.4byte	0xbf
 478 0277 41       		.byte	0x41
 479 0278 0A       		.uleb128 0xa
 480 0279 9C040000 		.4byte	.LASF52
 481 027d 04       		.byte	0x4
 482 027e 5B       		.byte	0x5b
 483 027f BF000000 		.4byte	0xbf
 484 0283 42       		.byte	0x42
 485 0284 0A       		.uleb128 0xa
 486 0285 83050000 		.4byte	.LASF53
 487 0289 04       		.byte	0x4
 488 028a 5C       		.byte	0x5c
 489 028b BF000000 		.4byte	0xbf
 490 028f 43       		.byte	0x43
 491 0290 0A       		.uleb128 0xa
 492 0291 98020000 		.4byte	.LASF54
 493 0295 04       		.byte	0x4
 494 0296 5D       		.byte	0x5d
 495 0297 BF000000 		.4byte	0xbf
 496 029b 44       		.byte	0x44
 497 029c 0A       		.uleb128 0xa
 498 029d 00000000 		.4byte	.LASF55
 499 02a1 04       		.byte	0x4
 500 02a2 5E       		.byte	0x5e
 501 02a3 E0000000 		.4byte	0xe0
 502 02a7 48       		.byte	0x48
 503 02a8 0A       		.uleb128 0xa
 504 02a9 81020000 		.4byte	.LASF56
 505 02ad 04       		.byte	0x4
 506 02ae 5F       		.byte	0x5f
 507 02af E0000000 		.4byte	0xe0
 508 02b3 4C       		.byte	0x4c
 509 02b4 0A       		.uleb128 0xa
 510 02b5 BE090000 		.4byte	.LASF57
 511 02b9 04       		.byte	0x4
 512 02ba 60       		.byte	0x60
 513 02bb BF000000 		.4byte	0xbf
 514 02bf 50       		.byte	0x50
 515 02c0 0A       		.uleb128 0xa
 516 02c1 80010000 		.4byte	.LASF58
 517 02c5 04       		.byte	0x4
 518 02c6 61       		.byte	0x61
 519 02c7 BF000000 		.4byte	0xbf
 520 02cb 51       		.byte	0x51
 521 02cc 0A       		.uleb128 0xa
 522 02cd BD080000 		.4byte	.LASF59
 523 02d1 04       		.byte	0x4
 524 02d2 62       		.byte	0x62
 525 02d3 BF000000 		.4byte	0xbf
 526 02d7 52       		.byte	0x52
 527 02d8 0A       		.uleb128 0xa
 528 02d9 C7070000 		.4byte	.LASF60
ARM GAS  C:\Users\cmila\AppData\Local\Temp\cc1afTQu.s 			page 13


 529 02dd 04       		.byte	0x4
 530 02de 63       		.byte	0x63
 531 02df BF000000 		.4byte	0xbf
 532 02e3 53       		.byte	0x53
 533 02e4 0A       		.uleb128 0xa
 534 02e5 9D060000 		.4byte	.LASF61
 535 02e9 04       		.byte	0x4
 536 02ea 64       		.byte	0x64
 537 02eb BF000000 		.4byte	0xbf
 538 02ef 54       		.byte	0x54
 539 02f0 0A       		.uleb128 0xa
 540 02f1 92010000 		.4byte	.LASF62
 541 02f5 04       		.byte	0x4
 542 02f6 65       		.byte	0x65
 543 02f7 BF000000 		.4byte	0xbf
 544 02fb 55       		.byte	0x55
 545 02fc 0A       		.uleb128 0xa
 546 02fd CC030000 		.4byte	.LASF63
 547 0301 04       		.byte	0x4
 548 0302 66       		.byte	0x66
 549 0303 BF000000 		.4byte	0xbf
 550 0307 56       		.byte	0x56
 551 0308 0A       		.uleb128 0xa
 552 0309 5F060000 		.4byte	.LASF64
 553 030d 04       		.byte	0x4
 554 030e 67       		.byte	0x67
 555 030f BF000000 		.4byte	0xbf
 556 0313 57       		.byte	0x57
 557 0314 0A       		.uleb128 0xa
 558 0315 24000000 		.4byte	.LASF65
 559 0319 04       		.byte	0x4
 560 031a 68       		.byte	0x68
 561 031b BF000000 		.4byte	0xbf
 562 031f 58       		.byte	0x58
 563 0320 0A       		.uleb128 0xa
 564 0321 2D060000 		.4byte	.LASF66
 565 0325 04       		.byte	0x4
 566 0326 69       		.byte	0x69
 567 0327 BF000000 		.4byte	0xbf
 568 032b 59       		.byte	0x59
 569 032c 0A       		.uleb128 0xa
 570 032d 31050000 		.4byte	.LASF67
 571 0331 04       		.byte	0x4
 572 0332 6E       		.byte	0x6e
 573 0333 D5000000 		.4byte	0xd5
 574 0337 5A       		.byte	0x5a
 575 0338 0A       		.uleb128 0xa
 576 0339 06080000 		.4byte	.LASF68
 577 033d 04       		.byte	0x4
 578 033e 6F       		.byte	0x6f
 579 033f D5000000 		.4byte	0xd5
 580 0343 5C       		.byte	0x5c
 581 0344 0A       		.uleb128 0xa
 582 0345 6D000000 		.4byte	.LASF69
 583 0349 04       		.byte	0x4
 584 034a 70       		.byte	0x70
 585 034b BF000000 		.4byte	0xbf
ARM GAS  C:\Users\cmila\AppData\Local\Temp\cc1afTQu.s 			page 14


 586 034f 5E       		.byte	0x5e
 587 0350 0A       		.uleb128 0xa
 588 0351 EA050000 		.4byte	.LASF70
 589 0355 04       		.byte	0x4
 590 0356 71       		.byte	0x71
 591 0357 BF000000 		.4byte	0xbf
 592 035b 5F       		.byte	0x5f
 593 035c 0A       		.uleb128 0xa
 594 035d 72050000 		.4byte	.LASF71
 595 0361 04       		.byte	0x4
 596 0362 72       		.byte	0x72
 597 0363 BF000000 		.4byte	0xbf
 598 0367 60       		.byte	0x60
 599 0368 0A       		.uleb128 0xa
 600 0369 C3050000 		.4byte	.LASF72
 601 036d 04       		.byte	0x4
 602 036e 73       		.byte	0x73
 603 036f E0000000 		.4byte	0xe0
 604 0373 64       		.byte	0x64
 605 0374 0A       		.uleb128 0xa
 606 0375 36010000 		.4byte	.LASF73
 607 0379 04       		.byte	0x4
 608 037a 76       		.byte	0x76
 609 037b D5000000 		.4byte	0xd5
 610 037f 68       		.byte	0x68
 611 0380 0A       		.uleb128 0xa
 612 0381 BA030000 		.4byte	.LASF74
 613 0385 04       		.byte	0x4
 614 0386 77       		.byte	0x77
 615 0387 D5000000 		.4byte	0xd5
 616 038b 6A       		.byte	0x6a
 617 038c 0A       		.uleb128 0xa
 618 038d 4D040000 		.4byte	.LASF75
 619 0391 04       		.byte	0x4
 620 0392 78       		.byte	0x78
 621 0393 D5000000 		.4byte	0xd5
 622 0397 6C       		.byte	0x6c
 623 0398 0A       		.uleb128 0xa
 624 0399 73040000 		.4byte	.LASF76
 625 039d 04       		.byte	0x4
 626 039e 79       		.byte	0x79
 627 039f D5000000 		.4byte	0xd5
 628 03a3 6E       		.byte	0x6e
 629 03a4 0A       		.uleb128 0xa
 630 03a5 4B060000 		.4byte	.LASF77
 631 03a9 04       		.byte	0x4
 632 03aa 7B       		.byte	0x7b
 633 03ab BF000000 		.4byte	0xbf
 634 03af 70       		.byte	0x70
 635 03b0 0A       		.uleb128 0xa
 636 03b1 DA010000 		.4byte	.LASF78
 637 03b5 04       		.byte	0x4
 638 03b6 7C       		.byte	0x7c
 639 03b7 BF000000 		.4byte	0xbf
 640 03bb 71       		.byte	0x71
 641 03bc 0A       		.uleb128 0xa
 642 03bd 90090000 		.4byte	.LASF79
ARM GAS  C:\Users\cmila\AppData\Local\Temp\cc1afTQu.s 			page 15


 643 03c1 04       		.byte	0x4
 644 03c2 7D       		.byte	0x7d
 645 03c3 BF000000 		.4byte	0xbf
 646 03c7 72       		.byte	0x72
 647 03c8 0A       		.uleb128 0xa
 648 03c9 4D050000 		.4byte	.LASF80
 649 03cd 04       		.byte	0x4
 650 03ce 7E       		.byte	0x7e
 651 03cf BF000000 		.4byte	0xbf
 652 03d3 73       		.byte	0x73
 653 03d4 0A       		.uleb128 0xa
 654 03d5 FA020000 		.4byte	.LASF81
 655 03d9 04       		.byte	0x4
 656 03da 80       		.byte	0x80
 657 03db D5000000 		.4byte	0xd5
 658 03df 74       		.byte	0x74
 659 03e0 0A       		.uleb128 0xa
 660 03e1 A7070000 		.4byte	.LASF82
 661 03e5 04       		.byte	0x4
 662 03e6 81       		.byte	0x81
 663 03e7 D5000000 		.4byte	0xd5
 664 03eb 76       		.byte	0x76
 665 03ec 0A       		.uleb128 0xa
 666 03ed BB020000 		.4byte	.LASF83
 667 03f1 04       		.byte	0x4
 668 03f2 82       		.byte	0x82
 669 03f3 D5000000 		.4byte	0xd5
 670 03f7 78       		.byte	0x78
 671 03f8 0A       		.uleb128 0xa
 672 03f9 9D000000 		.4byte	.LASF84
 673 03fd 04       		.byte	0x4
 674 03fe 83       		.byte	0x83
 675 03ff D5000000 		.4byte	0xd5
 676 0403 7A       		.byte	0x7a
 677 0404 0A       		.uleb128 0xa
 678 0405 EA080000 		.4byte	.LASF85
 679 0409 04       		.byte	0x4
 680 040a 86       		.byte	0x86
 681 040b BF000000 		.4byte	0xbf
 682 040f 7C       		.byte	0x7c
 683 0410 0A       		.uleb128 0xa
 684 0411 63080000 		.4byte	.LASF86
 685 0415 04       		.byte	0x4
 686 0416 87       		.byte	0x87
 687 0417 BF000000 		.4byte	0xbf
 688 041b 7D       		.byte	0x7d
 689 041c 0A       		.uleb128 0xa
 690 041d 38000000 		.4byte	.LASF87
 691 0421 04       		.byte	0x4
 692 0422 88       		.byte	0x88
 693 0423 BF000000 		.4byte	0xbf
 694 0427 7E       		.byte	0x7e
 695 0428 0A       		.uleb128 0xa
 696 0429 0C030000 		.4byte	.LASF88
 697 042d 04       		.byte	0x4
 698 042e 89       		.byte	0x89
 699 042f BF000000 		.4byte	0xbf
ARM GAS  C:\Users\cmila\AppData\Local\Temp\cc1afTQu.s 			page 16


 700 0433 7F       		.byte	0x7f
 701 0434 0A       		.uleb128 0xa
 702 0435 84030000 		.4byte	.LASF89
 703 0439 04       		.byte	0x4
 704 043a 8A       		.byte	0x8a
 705 043b BF000000 		.4byte	0xbf
 706 043f 80       		.byte	0x80
 707 0440 0A       		.uleb128 0xa
 708 0441 4C080000 		.4byte	.LASF90
 709 0445 04       		.byte	0x4
 710 0446 8D       		.byte	0x8d
 711 0447 E0000000 		.4byte	0xe0
 712 044b 84       		.byte	0x84
 713 044c 0A       		.uleb128 0xa
 714 044d B2000000 		.4byte	.LASF91
 715 0451 04       		.byte	0x4
 716 0452 8E       		.byte	0x8e
 717 0453 E0000000 		.4byte	0xe0
 718 0457 88       		.byte	0x88
 719 0458 0A       		.uleb128 0xa
 720 0459 D5080000 		.4byte	.LASF92
 721 045d 04       		.byte	0x4
 722 045e 8F       		.byte	0x8f
 723 045f E0000000 		.4byte	0xe0
 724 0463 8C       		.byte	0x8c
 725 0464 0A       		.uleb128 0xa
 726 0465 F7040000 		.4byte	.LASF93
 727 0469 04       		.byte	0x4
 728 046a 90       		.byte	0x90
 729 046b E0000000 		.4byte	0xe0
 730 046f 90       		.byte	0x90
 731 0470 0A       		.uleb128 0xa
 732 0471 54030000 		.4byte	.LASF94
 733 0475 04       		.byte	0x4
 734 0476 91       		.byte	0x91
 735 0477 E0000000 		.4byte	0xe0
 736 047b 94       		.byte	0x94
 737 047c 0A       		.uleb128 0xa
 738 047d B6040000 		.4byte	.LASF95
 739 0481 04       		.byte	0x4
 740 0482 92       		.byte	0x92
 741 0483 E0000000 		.4byte	0xe0
 742 0487 98       		.byte	0x98
 743 0488 0A       		.uleb128 0xa
 744 0489 1D090000 		.4byte	.LASF96
 745 048d 04       		.byte	0x4
 746 048e 93       		.byte	0x93
 747 048f E0000000 		.4byte	0xe0
 748 0493 9C       		.byte	0x9c
 749 0494 0A       		.uleb128 0xa
 750 0495 50010000 		.4byte	.LASF97
 751 0499 04       		.byte	0x4
 752 049a 94       		.byte	0x94
 753 049b E0000000 		.4byte	0xe0
 754 049f A0       		.byte	0xa0
 755 04a0 0A       		.uleb128 0xa
 756 04a1 4A020000 		.4byte	.LASF98
ARM GAS  C:\Users\cmila\AppData\Local\Temp\cc1afTQu.s 			page 17


 757 04a5 04       		.byte	0x4
 758 04a6 95       		.byte	0x95
 759 04a7 D5000000 		.4byte	0xd5
 760 04ab A4       		.byte	0xa4
 761 04ac 0A       		.uleb128 0xa
 762 04ad B6060000 		.4byte	.LASF99
 763 04b1 04       		.byte	0x4
 764 04b2 96       		.byte	0x96
 765 04b3 D5000000 		.4byte	0xd5
 766 04b7 A6       		.byte	0xa6
 767 04b8 0A       		.uleb128 0xa
 768 04b9 DE050000 		.4byte	.LASF100
 769 04bd 04       		.byte	0x4
 770 04be 97       		.byte	0x97
 771 04bf D5000000 		.4byte	0xd5
 772 04c3 A8       		.byte	0xa8
 773 04c4 0A       		.uleb128 0xa
 774 04c5 8E070000 		.4byte	.LASF101
 775 04c9 04       		.byte	0x4
 776 04ca 98       		.byte	0x98
 777 04cb D5000000 		.4byte	0xd5
 778 04cf AA       		.byte	0xaa
 779 04d0 0A       		.uleb128 0xa
 780 04d1 5C040000 		.4byte	.LASF102
 781 04d5 04       		.byte	0x4
 782 04d6 99       		.byte	0x99
 783 04d7 D5000000 		.4byte	0xd5
 784 04db AC       		.byte	0xac
 785 04dc 0A       		.uleb128 0xa
 786 04dd 64050000 		.4byte	.LASF103
 787 04e1 04       		.byte	0x4
 788 04e2 9A       		.byte	0x9a
 789 04e3 D5000000 		.4byte	0xd5
 790 04e7 AE       		.byte	0xae
 791 04e8 0A       		.uleb128 0xa
 792 04e9 19080000 		.4byte	.LASF104
 793 04ed 04       		.byte	0x4
 794 04ee 9D       		.byte	0x9d
 795 04ef D5000000 		.4byte	0xd5
 796 04f3 B0       		.byte	0xb0
 797 04f4 0A       		.uleb128 0xa
 798 04f5 4B000000 		.4byte	.LASF105
 799 04f9 04       		.byte	0x4
 800 04fa 9E       		.byte	0x9e
 801 04fb E0000000 		.4byte	0xe0
 802 04ff B4       		.byte	0xb4
 803 0500 00       		.byte	0
 804 0501 03       		.uleb128 0x3
 805 0502 8C040000 		.4byte	.LASF106
 806 0506 04       		.byte	0x4
 807 0507 9F       		.byte	0x9f
 808 0508 F0000000 		.4byte	0xf0
 809 050c 02       		.uleb128 0x2
 810 050d 04       		.byte	0x4
 811 050e 04       		.byte	0x4
 812 050f BD050000 		.4byte	.LASF107
 813 0513 02       		.uleb128 0x2
ARM GAS  C:\Users\cmila\AppData\Local\Temp\cc1afTQu.s 			page 18


 814 0514 08       		.byte	0x8
 815 0515 04       		.byte	0x4
 816 0516 B4020000 		.4byte	.LASF108
 817 051a 02       		.uleb128 0x2
 818 051b 01       		.byte	0x1
 819 051c 02       		.byte	0x2
 820 051d 19060000 		.4byte	.LASF109
 821 0521 06       		.uleb128 0x6
 822 0522 04       		.byte	0x4
 823 0523 27050000 		.4byte	0x527
 824 0527 0B       		.uleb128 0xb
 825 0528 32050000 		.4byte	0x532
 826 052c 0C       		.uleb128 0xc
 827 052d E0000000 		.4byte	0xe0
 828 0531 00       		.byte	0
 829 0532 0D       		.uleb128 0xd
 830 0533 04040000 		.4byte	.LASF110
 831 0537 05       		.byte	0x5
 832 0538 D901     		.2byte	0x1d9
 833 053a 21050000 		.4byte	0x521
 834 053e 0E       		.uleb128 0xe
 835 053f A6090000 		.4byte	.LASF126
 836 0543 38       		.byte	0x38
 837 0544 05       		.byte	0x5
 838 0545 7502     		.2byte	0x275
 839 0547 02060000 		.4byte	0x602
 840 054b 0F       		.uleb128 0xf
 841 054c 44040000 		.4byte	.LASF111
 842 0550 05       		.byte	0x5
 843 0551 7802     		.2byte	0x278
 844 0553 EB000000 		.4byte	0xeb
 845 0557 00       		.byte	0
 846 0558 0F       		.uleb128 0xf
 847 0559 8E050000 		.4byte	.LASF112
 848 055d 05       		.byte	0x5
 849 055e 7902     		.2byte	0x279
 850 0560 EB000000 		.4byte	0xeb
 851 0564 04       		.byte	0x4
 852 0565 0F       		.uleb128 0xf
 853 0566 46010000 		.4byte	.LASF113
 854 056a 05       		.byte	0x5
 855 056b 7B02     		.2byte	0x27b
 856 056d 9E000000 		.4byte	0x9e
 857 0571 08       		.byte	0x8
 858 0572 0F       		.uleb128 0xf
 859 0573 D9070000 		.4byte	.LASF114
 860 0577 05       		.byte	0x5
 861 0578 7C02     		.2byte	0x27c
 862 057a E0000000 		.4byte	0xe0
 863 057e 0C       		.byte	0xc
 864 057f 0F       		.uleb128 0xf
 865 0580 A8040000 		.4byte	.LASF115
 866 0584 05       		.byte	0x5
 867 0585 7D02     		.2byte	0x27d
 868 0587 EB000000 		.4byte	0xeb
 869 058b 10       		.byte	0x10
 870 058c 0F       		.uleb128 0xf
ARM GAS  C:\Users\cmila\AppData\Local\Temp\cc1afTQu.s 			page 19


 871 058d 0F090000 		.4byte	.LASF116
 872 0591 05       		.byte	0x5
 873 0592 7E02     		.2byte	0x27e
 874 0594 EB000000 		.4byte	0xeb
 875 0598 14       		.byte	0x14
 876 0599 0F       		.uleb128 0xf
 877 059a 7C080000 		.4byte	.LASF117
 878 059e 05       		.byte	0x5
 879 059f 8002     		.2byte	0x280
 880 05a1 9E000000 		.4byte	0x9e
 881 05a5 18       		.byte	0x18
 882 05a6 0F       		.uleb128 0xf
 883 05a7 1A000000 		.4byte	.LASF118
 884 05ab 05       		.byte	0x5
 885 05ac 8102     		.2byte	0x281
 886 05ae E0000000 		.4byte	0xe0
 887 05b2 1C       		.byte	0x1c
 888 05b3 0F       		.uleb128 0xf
 889 05b4 45030000 		.4byte	.LASF119
 890 05b8 05       		.byte	0x5
 891 05b9 8202     		.2byte	0x282
 892 05bb EB000000 		.4byte	0xeb
 893 05bf 20       		.byte	0x20
 894 05c0 0F       		.uleb128 0xf
 895 05c1 66010000 		.4byte	.LASF120
 896 05c5 05       		.byte	0x5
 897 05c6 8402     		.2byte	0x284
 898 05c8 9E000000 		.4byte	0x9e
 899 05cc 24       		.byte	0x24
 900 05cd 0F       		.uleb128 0xf
 901 05ce 69030000 		.4byte	.LASF121
 902 05d2 05       		.byte	0x5
 903 05d3 8502     		.2byte	0x285
 904 05d5 E0000000 		.4byte	0xe0
 905 05d9 28       		.byte	0x28
 906 05da 0F       		.uleb128 0xf
 907 05db 00060000 		.4byte	.LASF122
 908 05df 05       		.byte	0x5
 909 05e0 8602     		.2byte	0x286
 910 05e2 EB000000 		.4byte	0xeb
 911 05e6 2C       		.byte	0x2c
 912 05e7 0F       		.uleb128 0xf
 913 05e8 6A040000 		.4byte	.LASF123
 914 05ec 05       		.byte	0x5
 915 05ed 8B02     		.2byte	0x28b
 916 05ef 32050000 		.4byte	0x532
 917 05f3 30       		.byte	0x30
 918 05f4 0F       		.uleb128 0xf
 919 05f5 74080000 		.4byte	.LASF124
 920 05f9 05       		.byte	0x5
 921 05fa 8E02     		.2byte	0x28e
 922 05fc E0000000 		.4byte	0xe0
 923 0600 34       		.byte	0x34
 924 0601 00       		.byte	0
 925 0602 0D       		.uleb128 0xd
 926 0603 8E080000 		.4byte	.LASF125
 927 0607 05       		.byte	0x5
ARM GAS  C:\Users\cmila\AppData\Local\Temp\cc1afTQu.s 			page 20


 928 0608 9102     		.2byte	0x291
 929 060a 3E050000 		.4byte	0x53e
 930 060e 10       		.uleb128 0x10
 931 060f 0C050000 		.4byte	.LASF127
 932 0613 4C       		.byte	0x4c
 933 0614 06       		.byte	0x6
 934 0615 2F       		.byte	0x2f
 935 0616 FF060000 		.4byte	0x6ff
 936 061a 0A       		.uleb128 0xa
 937 061b F0000000 		.4byte	.LASF128
 938 061f 06       		.byte	0x6
 939 0620 31       		.byte	0x31
 940 0621 E0000000 		.4byte	0xe0
 941 0625 00       		.byte	0
 942 0626 0A       		.uleb128 0xa
 943 0627 27010000 		.4byte	.LASF129
 944 062b 06       		.byte	0x6
 945 062c 33       		.byte	0x33
 946 062d E0000000 		.4byte	0xe0
 947 0631 04       		.byte	0x4
 948 0632 0A       		.uleb128 0xa
 949 0633 12000000 		.4byte	.LASF130
 950 0637 06       		.byte	0x6
 951 0638 34       		.byte	0x34
 952 0639 E0000000 		.4byte	0xe0
 953 063d 08       		.byte	0x8
 954 063e 0A       		.uleb128 0xa
 955 063f C9000000 		.4byte	.LASF131
 956 0643 06       		.byte	0x6
 957 0644 35       		.byte	0x35
 958 0645 E0000000 		.4byte	0xe0
 959 0649 0C       		.byte	0xc
 960 064a 0A       		.uleb128 0xa
 961 064b 7E060000 		.4byte	.LASF132
 962 064f 06       		.byte	0x6
 963 0650 37       		.byte	0x37
 964 0651 E0000000 		.4byte	0xe0
 965 0655 10       		.byte	0x10
 966 0656 0A       		.uleb128 0xa
 967 0657 5D070000 		.4byte	.LASF133
 968 065b 06       		.byte	0x6
 969 065c 38       		.byte	0x38
 970 065d E0000000 		.4byte	0xe0
 971 0661 14       		.byte	0x14
 972 0662 0A       		.uleb128 0xa
 973 0663 43080000 		.4byte	.LASF134
 974 0667 06       		.byte	0x6
 975 0668 39       		.byte	0x39
 976 0669 E0000000 		.4byte	0xe0
 977 066d 18       		.byte	0x18
 978 066e 0A       		.uleb128 0xa
 979 066f F2030000 		.4byte	.LASF135
 980 0673 06       		.byte	0x6
 981 0674 3A       		.byte	0x3a
 982 0675 1A050000 		.4byte	0x51a
 983 0679 1C       		.byte	0x1c
 984 067a 0A       		.uleb128 0xa
ARM GAS  C:\Users\cmila\AppData\Local\Temp\cc1afTQu.s 			page 21


 985 067b 73030000 		.4byte	.LASF136
 986 067f 06       		.byte	0x6
 987 0680 3C       		.byte	0x3c
 988 0681 E0000000 		.4byte	0xe0
 989 0685 20       		.byte	0x20
 990 0686 0A       		.uleb128 0xa
 991 0687 E9020000 		.4byte	.LASF137
 992 068b 06       		.byte	0x6
 993 068c 3D       		.byte	0x3d
 994 068d E0000000 		.4byte	0xe0
 995 0691 24       		.byte	0x24
 996 0692 0A       		.uleb128 0xa
 997 0693 03010000 		.4byte	.LASF138
 998 0697 06       		.byte	0x6
 999 0698 3F       		.byte	0x3f
 1000 0699 E0000000 		.4byte	0xe0
 1001 069d 28       		.byte	0x28
 1002 069e 0A       		.uleb128 0xa
 1003 069f FF080000 		.4byte	.LASF139
 1004 06a3 06       		.byte	0x6
 1005 06a4 40       		.byte	0x40
 1006 06a5 E0000000 		.4byte	0xe0
 1007 06a9 2C       		.byte	0x2c
 1008 06aa 0A       		.uleb128 0xa
 1009 06ab E7070000 		.4byte	.LASF140
 1010 06af 06       		.byte	0x6
 1011 06b0 42       		.byte	0x42
 1012 06b1 E0000000 		.4byte	0xe0
 1013 06b5 30       		.byte	0x30
 1014 06b6 0A       		.uleb128 0xa
 1015 06b7 27080000 		.4byte	.LASF141
 1016 06bb 06       		.byte	0x6
 1017 06bc 43       		.byte	0x43
 1018 06bd E0000000 		.4byte	0xe0
 1019 06c1 34       		.byte	0x34
 1020 06c2 0A       		.uleb128 0xa
 1021 06c3 CC040000 		.4byte	.LASF142
 1022 06c7 06       		.byte	0x6
 1023 06c8 45       		.byte	0x45
 1024 06c9 E0000000 		.4byte	0xe0
 1025 06cd 38       		.byte	0x38
 1026 06ce 0A       		.uleb128 0xa
 1027 06cf D8000000 		.4byte	.LASF143
 1028 06d3 06       		.byte	0x6
 1029 06d4 46       		.byte	0x46
 1030 06d5 E0000000 		.4byte	0xe0
 1031 06d9 3C       		.byte	0x3c
 1032 06da 0A       		.uleb128 0xa
 1033 06db 0F080000 		.4byte	.LASF144
 1034 06df 06       		.byte	0x6
 1035 06e0 48       		.byte	0x48
 1036 06e1 E0000000 		.4byte	0xe0
 1037 06e5 40       		.byte	0x40
 1038 06e6 0A       		.uleb128 0xa
 1039 06e7 33090000 		.4byte	.LASF145
 1040 06eb 06       		.byte	0x6
 1041 06ec 49       		.byte	0x49
ARM GAS  C:\Users\cmila\AppData\Local\Temp\cc1afTQu.s 			page 22


 1042 06ed E0000000 		.4byte	0xe0
 1043 06f1 44       		.byte	0x44
 1044 06f2 0A       		.uleb128 0xa
 1045 06f3 77070000 		.4byte	.LASF146
 1046 06f7 06       		.byte	0x6
 1047 06f8 4B       		.byte	0x4b
 1048 06f9 E0000000 		.4byte	0xe0
 1049 06fd 48       		.byte	0x48
 1050 06fe 00       		.byte	0
 1051 06ff 03       		.uleb128 0x3
 1052 0700 BC010000 		.4byte	.LASF147
 1053 0704 06       		.byte	0x6
 1054 0705 4C       		.byte	0x4c
 1055 0706 0E060000 		.4byte	0x60e
 1056 070a 11       		.uleb128 0x11
 1057 070b D7040000 		.4byte	.LASF148
 1058 070f 01       		.byte	0x1
 1059 0710 4F       		.byte	0x4f
 1060 0711 89000000 		.4byte	0x89
 1061 0715 00000000 		.4byte	.LFB468
 1062 0719 24000000 		.4byte	.LFE468-.LFB468
 1063 071d 01       		.uleb128 0x1
 1064 071e 9C       		.byte	0x9c
 1065 071f 68070000 		.4byte	0x768
 1066 0723 12       		.uleb128 0x12
 1067 0724 666400   		.ascii	"fd\000"
 1068 0727 01       		.byte	0x1
 1069 0728 4F       		.byte	0x4f
 1070 0729 89000000 		.4byte	0x89
 1071 072d 00000000 		.4byte	.LLST0
 1072 0731 12       		.uleb128 0x12
 1073 0732 70747200 		.ascii	"ptr\000"
 1074 0736 01       		.byte	0x1
 1075 0737 4F       		.byte	0x4f
 1076 0738 B4000000 		.4byte	0xb4
 1077 073c 3A000000 		.4byte	.LLST1
 1078 0740 12       		.uleb128 0x12
 1079 0741 6C656E00 		.ascii	"len\000"
 1080 0745 01       		.byte	0x1
 1081 0746 4F       		.byte	0x4f
 1082 0747 89000000 		.4byte	0x89
 1083 074b 6E000000 		.4byte	.LLST2
 1084 074f 13       		.uleb128 0x13
 1085 0750 79010000 		.4byte	.LASF150
 1086 0754 01       		.byte	0x1
 1087 0755 51       		.byte	0x51
 1088 0756 89000000 		.4byte	0x89
 1089 075a B0000000 		.4byte	.LLST3
 1090 075e 14       		.uleb128 0x14
 1091 075f 14000000 		.4byte	.LVL3
 1092 0763 F7070000 		.4byte	0x7f7
 1093 0767 00       		.byte	0
 1094 0768 11       		.uleb128 0x11
 1095 0769 4E030000 		.4byte	.LASF149
 1096 076d 01       		.byte	0x1
 1097 076e 85       		.byte	0x85
 1098 076f 89000000 		.4byte	0x89
ARM GAS  C:\Users\cmila\AppData\Local\Temp\cc1afTQu.s 			page 23


 1099 0773 00000000 		.4byte	.LFB469
 1100 0777 2E000000 		.4byte	.LFE469-.LFB469
 1101 077b 01       		.uleb128 0x1
 1102 077c 9C       		.byte	0x9c
 1103 077d C6070000 		.4byte	0x7c6
 1104 0781 12       		.uleb128 0x12
 1105 0782 666400   		.ascii	"fd\000"
 1106 0785 01       		.byte	0x1
 1107 0786 85       		.byte	0x85
 1108 0787 89000000 		.4byte	0x89
 1109 078b F1000000 		.4byte	.LLST4
 1110 078f 12       		.uleb128 0x12
 1111 0790 70747200 		.ascii	"ptr\000"
 1112 0794 01       		.byte	0x1
 1113 0795 85       		.byte	0x85
 1114 0796 A7000000 		.4byte	0xa7
 1115 079a 2B010000 		.4byte	.LLST5
 1116 079e 12       		.uleb128 0x12
 1117 079f 6C656E00 		.ascii	"len\000"
 1118 07a3 01       		.byte	0x1
 1119 07a4 85       		.byte	0x85
 1120 07a5 89000000 		.4byte	0x89
 1121 07a9 5F010000 		.4byte	.LLST6
 1122 07ad 13       		.uleb128 0x13
 1123 07ae 79010000 		.4byte	.LASF150
 1124 07b2 01       		.byte	0x1
 1125 07b3 87       		.byte	0x87
 1126 07b4 89000000 		.4byte	0x89
 1127 07b8 A1010000 		.4byte	.LLST7
 1128 07bc 14       		.uleb128 0x14
 1129 07bd 12000000 		.4byte	.LVL15
 1130 07c1 02080000 		.4byte	0x802
 1131 07c5 00       		.byte	0
 1132 07c6 15       		.uleb128 0x15
 1133 07c7 D4050000 		.4byte	.LASF151
 1134 07cb 04       		.byte	0x4
 1135 07cc A7       		.byte	0xa7
 1136 07cd D1070000 		.4byte	0x7d1
 1137 07d1 06       		.uleb128 0x6
 1138 07d2 04       		.byte	0x4
 1139 07d3 D7070000 		.4byte	0x7d7
 1140 07d7 07       		.uleb128 0x7
 1141 07d8 01050000 		.4byte	0x501
 1142 07dc 15       		.uleb128 0x15
 1143 07dd 6C010000 		.4byte	.LASF152
 1144 07e1 07       		.byte	0x7
 1145 07e2 1F       		.byte	0x1f
 1146 07e3 E7070000 		.4byte	0x7e7
 1147 07e7 07       		.uleb128 0x7
 1148 07e8 FF060000 		.4byte	0x6ff
 1149 07ec 15       		.uleb128 0x15
 1150 07ed 23040000 		.4byte	.LASF153
 1151 07f1 08       		.byte	0x8
 1152 07f2 87       		.byte	0x87
 1153 07f3 02060000 		.4byte	0x602
 1154 07f7 16       		.uleb128 0x16
 1155 07f8 DB020000 		.4byte	.LASF154
ARM GAS  C:\Users\cmila\AppData\Local\Temp\cc1afTQu.s 			page 24


 1156 07fc DB020000 		.4byte	.LASF154
 1157 0800 09       		.byte	0x9
 1158 0801 BA       		.byte	0xba
 1159 0802 16       		.uleb128 0x16
 1160 0803 EF010000 		.4byte	.LASF155
 1161 0807 EF010000 		.4byte	.LASF155
 1162 080b 09       		.byte	0x9
 1163 080c BE       		.byte	0xbe
 1164 080d 00       		.byte	0
 1165              		.section	.debug_abbrev,"",%progbits
 1166              	.Ldebug_abbrev0:
 1167 0000 01       		.uleb128 0x1
 1168 0001 11       		.uleb128 0x11
 1169 0002 01       		.byte	0x1
 1170 0003 25       		.uleb128 0x25
 1171 0004 0E       		.uleb128 0xe
 1172 0005 13       		.uleb128 0x13
 1173 0006 0B       		.uleb128 0xb
 1174 0007 03       		.uleb128 0x3
 1175 0008 0E       		.uleb128 0xe
 1176 0009 1B       		.uleb128 0x1b
 1177 000a 0E       		.uleb128 0xe
 1178 000b 55       		.uleb128 0x55
 1179 000c 17       		.uleb128 0x17
 1180 000d 11       		.uleb128 0x11
 1181 000e 01       		.uleb128 0x1
 1182 000f 10       		.uleb128 0x10
 1183 0010 17       		.uleb128 0x17
 1184 0011 00       		.byte	0
 1185 0012 00       		.byte	0
 1186 0013 02       		.uleb128 0x2
 1187 0014 24       		.uleb128 0x24
 1188 0015 00       		.byte	0
 1189 0016 0B       		.uleb128 0xb
 1190 0017 0B       		.uleb128 0xb
 1191 0018 3E       		.uleb128 0x3e
 1192 0019 0B       		.uleb128 0xb
 1193 001a 03       		.uleb128 0x3
 1194 001b 0E       		.uleb128 0xe
 1195 001c 00       		.byte	0
 1196 001d 00       		.byte	0
 1197 001e 03       		.uleb128 0x3
 1198 001f 16       		.uleb128 0x16
 1199 0020 00       		.byte	0
 1200 0021 03       		.uleb128 0x3
 1201 0022 0E       		.uleb128 0xe
 1202 0023 3A       		.uleb128 0x3a
 1203 0024 0B       		.uleb128 0xb
 1204 0025 3B       		.uleb128 0x3b
 1205 0026 0B       		.uleb128 0xb
 1206 0027 49       		.uleb128 0x49
 1207 0028 13       		.uleb128 0x13
 1208 0029 00       		.byte	0
 1209 002a 00       		.byte	0
 1210 002b 04       		.uleb128 0x4
 1211 002c 24       		.uleb128 0x24
 1212 002d 00       		.byte	0
ARM GAS  C:\Users\cmila\AppData\Local\Temp\cc1afTQu.s 			page 25


 1213 002e 0B       		.uleb128 0xb
 1214 002f 0B       		.uleb128 0xb
 1215 0030 3E       		.uleb128 0x3e
 1216 0031 0B       		.uleb128 0xb
 1217 0032 03       		.uleb128 0x3
 1218 0033 08       		.uleb128 0x8
 1219 0034 00       		.byte	0
 1220 0035 00       		.byte	0
 1221 0036 05       		.uleb128 0x5
 1222 0037 0F       		.uleb128 0xf
 1223 0038 00       		.byte	0
 1224 0039 0B       		.uleb128 0xb
 1225 003a 0B       		.uleb128 0xb
 1226 003b 00       		.byte	0
 1227 003c 00       		.byte	0
 1228 003d 06       		.uleb128 0x6
 1229 003e 0F       		.uleb128 0xf
 1230 003f 00       		.byte	0
 1231 0040 0B       		.uleb128 0xb
 1232 0041 0B       		.uleb128 0xb
 1233 0042 49       		.uleb128 0x49
 1234 0043 13       		.uleb128 0x13
 1235 0044 00       		.byte	0
 1236 0045 00       		.byte	0
 1237 0046 07       		.uleb128 0x7
 1238 0047 26       		.uleb128 0x26
 1239 0048 00       		.byte	0
 1240 0049 49       		.uleb128 0x49
 1241 004a 13       		.uleb128 0x13
 1242 004b 00       		.byte	0
 1243 004c 00       		.byte	0
 1244 004d 08       		.uleb128 0x8
 1245 004e 35       		.uleb128 0x35
 1246 004f 00       		.byte	0
 1247 0050 49       		.uleb128 0x49
 1248 0051 13       		.uleb128 0x13
 1249 0052 00       		.byte	0
 1250 0053 00       		.byte	0
 1251 0054 09       		.uleb128 0x9
 1252 0055 13       		.uleb128 0x13
 1253 0056 01       		.byte	0x1
 1254 0057 0B       		.uleb128 0xb
 1255 0058 0B       		.uleb128 0xb
 1256 0059 3A       		.uleb128 0x3a
 1257 005a 0B       		.uleb128 0xb
 1258 005b 3B       		.uleb128 0x3b
 1259 005c 0B       		.uleb128 0xb
 1260 005d 01       		.uleb128 0x1
 1261 005e 13       		.uleb128 0x13
 1262 005f 00       		.byte	0
 1263 0060 00       		.byte	0
 1264 0061 0A       		.uleb128 0xa
 1265 0062 0D       		.uleb128 0xd
 1266 0063 00       		.byte	0
 1267 0064 03       		.uleb128 0x3
 1268 0065 0E       		.uleb128 0xe
 1269 0066 3A       		.uleb128 0x3a
ARM GAS  C:\Users\cmila\AppData\Local\Temp\cc1afTQu.s 			page 26


 1270 0067 0B       		.uleb128 0xb
 1271 0068 3B       		.uleb128 0x3b
 1272 0069 0B       		.uleb128 0xb
 1273 006a 49       		.uleb128 0x49
 1274 006b 13       		.uleb128 0x13
 1275 006c 38       		.uleb128 0x38
 1276 006d 0B       		.uleb128 0xb
 1277 006e 00       		.byte	0
 1278 006f 00       		.byte	0
 1279 0070 0B       		.uleb128 0xb
 1280 0071 15       		.uleb128 0x15
 1281 0072 01       		.byte	0x1
 1282 0073 27       		.uleb128 0x27
 1283 0074 19       		.uleb128 0x19
 1284 0075 01       		.uleb128 0x1
 1285 0076 13       		.uleb128 0x13
 1286 0077 00       		.byte	0
 1287 0078 00       		.byte	0
 1288 0079 0C       		.uleb128 0xc
 1289 007a 05       		.uleb128 0x5
 1290 007b 00       		.byte	0
 1291 007c 49       		.uleb128 0x49
 1292 007d 13       		.uleb128 0x13
 1293 007e 00       		.byte	0
 1294 007f 00       		.byte	0
 1295 0080 0D       		.uleb128 0xd
 1296 0081 16       		.uleb128 0x16
 1297 0082 00       		.byte	0
 1298 0083 03       		.uleb128 0x3
 1299 0084 0E       		.uleb128 0xe
 1300 0085 3A       		.uleb128 0x3a
 1301 0086 0B       		.uleb128 0xb
 1302 0087 3B       		.uleb128 0x3b
 1303 0088 05       		.uleb128 0x5
 1304 0089 49       		.uleb128 0x49
 1305 008a 13       		.uleb128 0x13
 1306 008b 00       		.byte	0
 1307 008c 00       		.byte	0
 1308 008d 0E       		.uleb128 0xe
 1309 008e 13       		.uleb128 0x13
 1310 008f 01       		.byte	0x1
 1311 0090 03       		.uleb128 0x3
 1312 0091 0E       		.uleb128 0xe
 1313 0092 0B       		.uleb128 0xb
 1314 0093 0B       		.uleb128 0xb
 1315 0094 3A       		.uleb128 0x3a
 1316 0095 0B       		.uleb128 0xb
 1317 0096 3B       		.uleb128 0x3b
 1318 0097 05       		.uleb128 0x5
 1319 0098 01       		.uleb128 0x1
 1320 0099 13       		.uleb128 0x13
 1321 009a 00       		.byte	0
 1322 009b 00       		.byte	0
 1323 009c 0F       		.uleb128 0xf
 1324 009d 0D       		.uleb128 0xd
 1325 009e 00       		.byte	0
 1326 009f 03       		.uleb128 0x3
ARM GAS  C:\Users\cmila\AppData\Local\Temp\cc1afTQu.s 			page 27


 1327 00a0 0E       		.uleb128 0xe
 1328 00a1 3A       		.uleb128 0x3a
 1329 00a2 0B       		.uleb128 0xb
 1330 00a3 3B       		.uleb128 0x3b
 1331 00a4 05       		.uleb128 0x5
 1332 00a5 49       		.uleb128 0x49
 1333 00a6 13       		.uleb128 0x13
 1334 00a7 38       		.uleb128 0x38
 1335 00a8 0B       		.uleb128 0xb
 1336 00a9 00       		.byte	0
 1337 00aa 00       		.byte	0
 1338 00ab 10       		.uleb128 0x10
 1339 00ac 13       		.uleb128 0x13
 1340 00ad 01       		.byte	0x1
 1341 00ae 03       		.uleb128 0x3
 1342 00af 0E       		.uleb128 0xe
 1343 00b0 0B       		.uleb128 0xb
 1344 00b1 0B       		.uleb128 0xb
 1345 00b2 3A       		.uleb128 0x3a
 1346 00b3 0B       		.uleb128 0xb
 1347 00b4 3B       		.uleb128 0x3b
 1348 00b5 0B       		.uleb128 0xb
 1349 00b6 01       		.uleb128 0x1
 1350 00b7 13       		.uleb128 0x13
 1351 00b8 00       		.byte	0
 1352 00b9 00       		.byte	0
 1353 00ba 11       		.uleb128 0x11
 1354 00bb 2E       		.uleb128 0x2e
 1355 00bc 01       		.byte	0x1
 1356 00bd 3F       		.uleb128 0x3f
 1357 00be 19       		.uleb128 0x19
 1358 00bf 03       		.uleb128 0x3
 1359 00c0 0E       		.uleb128 0xe
 1360 00c1 3A       		.uleb128 0x3a
 1361 00c2 0B       		.uleb128 0xb
 1362 00c3 3B       		.uleb128 0x3b
 1363 00c4 0B       		.uleb128 0xb
 1364 00c5 27       		.uleb128 0x27
 1365 00c6 19       		.uleb128 0x19
 1366 00c7 49       		.uleb128 0x49
 1367 00c8 13       		.uleb128 0x13
 1368 00c9 11       		.uleb128 0x11
 1369 00ca 01       		.uleb128 0x1
 1370 00cb 12       		.uleb128 0x12
 1371 00cc 06       		.uleb128 0x6
 1372 00cd 40       		.uleb128 0x40
 1373 00ce 18       		.uleb128 0x18
 1374 00cf 9742     		.uleb128 0x2117
 1375 00d1 19       		.uleb128 0x19
 1376 00d2 01       		.uleb128 0x1
 1377 00d3 13       		.uleb128 0x13
 1378 00d4 00       		.byte	0
 1379 00d5 00       		.byte	0
 1380 00d6 12       		.uleb128 0x12
 1381 00d7 05       		.uleb128 0x5
 1382 00d8 00       		.byte	0
 1383 00d9 03       		.uleb128 0x3
ARM GAS  C:\Users\cmila\AppData\Local\Temp\cc1afTQu.s 			page 28


 1384 00da 08       		.uleb128 0x8
 1385 00db 3A       		.uleb128 0x3a
 1386 00dc 0B       		.uleb128 0xb
 1387 00dd 3B       		.uleb128 0x3b
 1388 00de 0B       		.uleb128 0xb
 1389 00df 49       		.uleb128 0x49
 1390 00e0 13       		.uleb128 0x13
 1391 00e1 02       		.uleb128 0x2
 1392 00e2 17       		.uleb128 0x17
 1393 00e3 00       		.byte	0
 1394 00e4 00       		.byte	0
 1395 00e5 13       		.uleb128 0x13
 1396 00e6 34       		.uleb128 0x34
 1397 00e7 00       		.byte	0
 1398 00e8 03       		.uleb128 0x3
 1399 00e9 0E       		.uleb128 0xe
 1400 00ea 3A       		.uleb128 0x3a
 1401 00eb 0B       		.uleb128 0xb
 1402 00ec 3B       		.uleb128 0x3b
 1403 00ed 0B       		.uleb128 0xb
 1404 00ee 49       		.uleb128 0x49
 1405 00ef 13       		.uleb128 0x13
 1406 00f0 02       		.uleb128 0x2
 1407 00f1 17       		.uleb128 0x17
 1408 00f2 00       		.byte	0
 1409 00f3 00       		.byte	0
 1410 00f4 14       		.uleb128 0x14
 1411 00f5 898201   		.uleb128 0x4109
 1412 00f8 00       		.byte	0
 1413 00f9 11       		.uleb128 0x11
 1414 00fa 01       		.uleb128 0x1
 1415 00fb 31       		.uleb128 0x31
 1416 00fc 13       		.uleb128 0x13
 1417 00fd 00       		.byte	0
 1418 00fe 00       		.byte	0
 1419 00ff 15       		.uleb128 0x15
 1420 0100 34       		.uleb128 0x34
 1421 0101 00       		.byte	0
 1422 0102 03       		.uleb128 0x3
 1423 0103 0E       		.uleb128 0xe
 1424 0104 3A       		.uleb128 0x3a
 1425 0105 0B       		.uleb128 0xb
 1426 0106 3B       		.uleb128 0x3b
 1427 0107 0B       		.uleb128 0xb
 1428 0108 49       		.uleb128 0x49
 1429 0109 13       		.uleb128 0x13
 1430 010a 3F       		.uleb128 0x3f
 1431 010b 19       		.uleb128 0x19
 1432 010c 3C       		.uleb128 0x3c
 1433 010d 19       		.uleb128 0x19
 1434 010e 00       		.byte	0
 1435 010f 00       		.byte	0
 1436 0110 16       		.uleb128 0x16
 1437 0111 2E       		.uleb128 0x2e
 1438 0112 00       		.byte	0
 1439 0113 3F       		.uleb128 0x3f
 1440 0114 19       		.uleb128 0x19
ARM GAS  C:\Users\cmila\AppData\Local\Temp\cc1afTQu.s 			page 29


 1441 0115 3C       		.uleb128 0x3c
 1442 0116 19       		.uleb128 0x19
 1443 0117 6E       		.uleb128 0x6e
 1444 0118 0E       		.uleb128 0xe
 1445 0119 03       		.uleb128 0x3
 1446 011a 0E       		.uleb128 0xe
 1447 011b 3A       		.uleb128 0x3a
 1448 011c 0B       		.uleb128 0xb
 1449 011d 3B       		.uleb128 0x3b
 1450 011e 0B       		.uleb128 0xb
 1451 011f 00       		.byte	0
 1452 0120 00       		.byte	0
 1453 0121 00       		.byte	0
 1454              		.section	.debug_loc,"",%progbits
 1455              	.Ldebug_loc0:
 1456              	.LLST0:
 1457 0000 00000000 		.4byte	.LVL0
 1458 0004 0E000000 		.4byte	.LVL2
 1459 0008 0100     		.2byte	0x1
 1460 000a 50       		.byte	0x50
 1461 000b 0E000000 		.4byte	.LVL2
 1462 000f 1A000000 		.4byte	.LVL6
 1463 0013 0400     		.2byte	0x4
 1464 0015 F3       		.byte	0xf3
 1465 0016 01       		.uleb128 0x1
 1466 0017 50       		.byte	0x50
 1467 0018 9F       		.byte	0x9f
 1468 0019 1A000000 		.4byte	.LVL6
 1469 001d 1C000000 		.4byte	.LVL7
 1470 0021 0100     		.2byte	0x1
 1471 0023 50       		.byte	0x50
 1472 0024 1C000000 		.4byte	.LVL7
 1473 0028 24000000 		.4byte	.LFE468
 1474 002c 0400     		.2byte	0x4
 1475 002e F3       		.byte	0xf3
 1476 002f 01       		.uleb128 0x1
 1477 0030 50       		.byte	0x50
 1478 0031 9F       		.byte	0x9f
 1479 0032 00000000 		.4byte	0
 1480 0036 00000000 		.4byte	0
 1481              	.LLST1:
 1482 003a 00000000 		.4byte	.LVL0
 1483 003e 0E000000 		.4byte	.LVL2
 1484 0042 0100     		.2byte	0x1
 1485 0044 51       		.byte	0x51
 1486 0045 0E000000 		.4byte	.LVL2
 1487 0049 1A000000 		.4byte	.LVL6
 1488 004d 0100     		.2byte	0x1
 1489 004f 55       		.byte	0x55
 1490 0050 1A000000 		.4byte	.LVL6
 1491 0054 1C000000 		.4byte	.LVL7
 1492 0058 0100     		.2byte	0x1
 1493 005a 51       		.byte	0x51
 1494 005b 1C000000 		.4byte	.LVL7
 1495 005f 22000000 		.4byte	.LVL10
 1496 0063 0100     		.2byte	0x1
 1497 0065 55       		.byte	0x55
ARM GAS  C:\Users\cmila\AppData\Local\Temp\cc1afTQu.s 			page 30


 1498 0066 00000000 		.4byte	0
 1499 006a 00000000 		.4byte	0
 1500              	.LLST2:
 1501 006e 00000000 		.4byte	.LVL0
 1502 0072 0E000000 		.4byte	.LVL2
 1503 0076 0100     		.2byte	0x1
 1504 0078 52       		.byte	0x52
 1505 0079 0E000000 		.4byte	.LVL2
 1506 007d 1A000000 		.4byte	.LVL6
 1507 0081 0100     		.2byte	0x1
 1508 0083 56       		.byte	0x56
 1509 0084 1A000000 		.4byte	.LVL6
 1510 0088 1C000000 		.4byte	.LVL7
 1511 008c 0100     		.2byte	0x1
 1512 008e 52       		.byte	0x52
 1513 008f 1C000000 		.4byte	.LVL7
 1514 0093 22000000 		.4byte	.LVL11
 1515 0097 0100     		.2byte	0x1
 1516 0099 56       		.byte	0x56
 1517 009a 22000000 		.4byte	.LVL11
 1518 009e 24000000 		.4byte	.LFE468
 1519 00a2 0400     		.2byte	0x4
 1520 00a4 F3       		.byte	0xf3
 1521 00a5 01       		.uleb128 0x1
 1522 00a6 52       		.byte	0x52
 1523 00a7 9F       		.byte	0x9f
 1524 00a8 00000000 		.4byte	0
 1525 00ac 00000000 		.4byte	0
 1526              	.LLST3:
 1527 00b0 06000000 		.4byte	.LVL1
 1528 00b4 0E000000 		.4byte	.LVL2
 1529 00b8 0200     		.2byte	0x2
 1530 00ba 30       		.byte	0x30
 1531 00bb 9F       		.byte	0x9f
 1532 00bc 0E000000 		.4byte	.LVL2
 1533 00c0 1A000000 		.4byte	.LVL6
 1534 00c4 0100     		.2byte	0x1
 1535 00c6 54       		.byte	0x54
 1536 00c7 1A000000 		.4byte	.LVL6
 1537 00cb 1C000000 		.4byte	.LVL7
 1538 00cf 0200     		.2byte	0x2
 1539 00d1 30       		.byte	0x30
 1540 00d2 9F       		.byte	0x9f
 1541 00d3 1C000000 		.4byte	.LVL7
 1542 00d7 22000000 		.4byte	.LVL9
 1543 00db 0100     		.2byte	0x1
 1544 00dd 54       		.byte	0x54
 1545 00de 22000000 		.4byte	.LVL9
 1546 00e2 24000000 		.4byte	.LFE468
 1547 00e6 0100     		.2byte	0x1
 1548 00e8 50       		.byte	0x50
 1549 00e9 00000000 		.4byte	0
 1550 00ed 00000000 		.4byte	0
 1551              	.LLST4:
 1552 00f1 00000000 		.4byte	.LVL12
 1553 00f5 0E000000 		.4byte	.LVL14
 1554 00f9 0100     		.2byte	0x1
ARM GAS  C:\Users\cmila\AppData\Local\Temp\cc1afTQu.s 			page 31


 1555 00fb 50       		.byte	0x50
 1556 00fc 0E000000 		.4byte	.LVL14
 1557 0100 24000000 		.4byte	.LVL18
 1558 0104 0400     		.2byte	0x4
 1559 0106 F3       		.byte	0xf3
 1560 0107 01       		.uleb128 0x1
 1561 0108 50       		.byte	0x50
 1562 0109 9F       		.byte	0x9f
 1563 010a 24000000 		.4byte	.LVL18
 1564 010e 26000000 		.4byte	.LVL19
 1565 0112 0100     		.2byte	0x1
 1566 0114 50       		.byte	0x50
 1567 0115 26000000 		.4byte	.LVL19
 1568 0119 2E000000 		.4byte	.LFE469
 1569 011d 0400     		.2byte	0x4
 1570 011f F3       		.byte	0xf3
 1571 0120 01       		.uleb128 0x1
 1572 0121 50       		.byte	0x50
 1573 0122 9F       		.byte	0x9f
 1574 0123 00000000 		.4byte	0
 1575 0127 00000000 		.4byte	0
 1576              	.LLST5:
 1577 012b 00000000 		.4byte	.LVL12
 1578 012f 0E000000 		.4byte	.LVL14
 1579 0133 0100     		.2byte	0x1
 1580 0135 51       		.byte	0x51
 1581 0136 0E000000 		.4byte	.LVL14
 1582 013a 24000000 		.4byte	.LVL18
 1583 013e 0100     		.2byte	0x1
 1584 0140 55       		.byte	0x55
 1585 0141 24000000 		.4byte	.LVL18
 1586 0145 26000000 		.4byte	.LVL19
 1587 0149 0100     		.2byte	0x1
 1588 014b 51       		.byte	0x51
 1589 014c 26000000 		.4byte	.LVL19
 1590 0150 2C000000 		.4byte	.LVL22
 1591 0154 0100     		.2byte	0x1
 1592 0156 55       		.byte	0x55
 1593 0157 00000000 		.4byte	0
 1594 015b 00000000 		.4byte	0
 1595              	.LLST6:
 1596 015f 00000000 		.4byte	.LVL12
 1597 0163 0E000000 		.4byte	.LVL14
 1598 0167 0100     		.2byte	0x1
 1599 0169 52       		.byte	0x52
 1600 016a 0E000000 		.4byte	.LVL14
 1601 016e 24000000 		.4byte	.LVL18
 1602 0172 0100     		.2byte	0x1
 1603 0174 56       		.byte	0x56
 1604 0175 24000000 		.4byte	.LVL18
 1605 0179 26000000 		.4byte	.LVL19
 1606 017d 0100     		.2byte	0x1
 1607 017f 52       		.byte	0x52
 1608 0180 26000000 		.4byte	.LVL19
 1609 0184 2C000000 		.4byte	.LVL23
 1610 0188 0100     		.2byte	0x1
 1611 018a 56       		.byte	0x56
ARM GAS  C:\Users\cmila\AppData\Local\Temp\cc1afTQu.s 			page 32


 1612 018b 2C000000 		.4byte	.LVL23
 1613 018f 2E000000 		.4byte	.LFE469
 1614 0193 0400     		.2byte	0x4
 1615 0195 F3       		.byte	0xf3
 1616 0196 01       		.uleb128 0x1
 1617 0197 52       		.byte	0x52
 1618 0198 9F       		.byte	0x9f
 1619 0199 00000000 		.4byte	0
 1620 019d 00000000 		.4byte	0
 1621              	.LLST7:
 1622 01a1 06000000 		.4byte	.LVL13
 1623 01a5 0E000000 		.4byte	.LVL14
 1624 01a9 0200     		.2byte	0x2
 1625 01ab 30       		.byte	0x30
 1626 01ac 9F       		.byte	0x9f
 1627 01ad 0E000000 		.4byte	.LVL14
 1628 01b1 24000000 		.4byte	.LVL18
 1629 01b5 0100     		.2byte	0x1
 1630 01b7 54       		.byte	0x54
 1631 01b8 24000000 		.4byte	.LVL18
 1632 01bc 26000000 		.4byte	.LVL19
 1633 01c0 0200     		.2byte	0x2
 1634 01c2 30       		.byte	0x30
 1635 01c3 9F       		.byte	0x9f
 1636 01c4 26000000 		.4byte	.LVL19
 1637 01c8 2C000000 		.4byte	.LVL21
 1638 01cc 0100     		.2byte	0x1
 1639 01ce 54       		.byte	0x54
 1640 01cf 2C000000 		.4byte	.LVL21
 1641 01d3 2E000000 		.4byte	.LFE469
 1642 01d7 0100     		.2byte	0x1
 1643 01d9 50       		.byte	0x50
 1644 01da 00000000 		.4byte	0
 1645 01de 00000000 		.4byte	0
 1646              		.section	.debug_aranges,"",%progbits
 1647 0000 24000000 		.4byte	0x24
 1648 0004 0200     		.2byte	0x2
 1649 0006 00000000 		.4byte	.Ldebug_info0
 1650 000a 04       		.byte	0x4
 1651 000b 00       		.byte	0
 1652 000c 0000     		.2byte	0
 1653 000e 0000     		.2byte	0
 1654 0010 00000000 		.4byte	.LFB468
 1655 0014 24000000 		.4byte	.LFE468-.LFB468
 1656 0018 00000000 		.4byte	.LFB469
 1657 001c 2E000000 		.4byte	.LFE469-.LFB469
 1658 0020 00000000 		.4byte	0
 1659 0024 00000000 		.4byte	0
 1660              		.section	.debug_ranges,"",%progbits
 1661              	.Ldebug_ranges0:
 1662 0000 00000000 		.4byte	.LFB468
 1663 0004 24000000 		.4byte	.LFE468
 1664 0008 00000000 		.4byte	.LFB469
 1665 000c 2E000000 		.4byte	.LFE469
 1666 0010 00000000 		.4byte	0
 1667 0014 00000000 		.4byte	0
 1668              		.section	.debug_line,"",%progbits
ARM GAS  C:\Users\cmila\AppData\Local\Temp\cc1afTQu.s 			page 33


 1669              	.Ldebug_line0:
 1670 0000 BA020000 		.section	.debug_str,"MS",%progbits,1
 1670      02005E02 
 1670      00000201 
 1670      FB0E0D00 
 1670      01010101 
 1671              	.LASF55:
 1672 0000 70726F74 		.ascii	"protBusMasterMask\000"
 1672      4275734D 
 1672      61737465 
 1672      724D6173 
 1672      6B00
 1673              	.LASF130:
 1674 0012 72756E4D 		.ascii	"runMode\000"
 1674      6F646500 
 1675              	.LASF118:
 1676 001a 72784275 		.ascii	"rxBufSize\000"
 1676      6653697A 
 1676      6500
 1677              	.LASF65:
 1678 0024 666C6173 		.ascii	"flashCtlMainWs3Freq\000"
 1678      6843746C 
 1678      4D61696E 
 1678      57733346 
 1678      72657100 
 1679              	.LASF87:
 1680 0038 6770696F 		.ascii	"gpioPrtCfgInOffset\000"
 1680      50727443 
 1680      6667496E 
 1680      4F666673 
 1680      657400
 1681              	.LASF105:
 1682 004b 6970634C 		.ascii	"ipcLockStatusOffset\000"
 1682      6F636B53 
 1682      74617475 
 1682      734F6666 
 1682      73657400 
 1683              	.LASF31:
 1684 005f 63727970 		.ascii	"cryptoVersion\000"
 1684      746F5665 
 1684      7273696F 
 1684      6E00
 1685              	.LASF69:
 1686 006d 64774368 		.ascii	"dwChCtlPrioPos\000"
 1686      43746C50 
 1686      72696F50 
 1686      6F7300
 1687              	.LASF27:
 1688 007c 70617373 		.ascii	"passBase\000"
 1688      42617365 
 1688      00
 1689              	.LASF40:
 1690 0085 63707573 		.ascii	"cpussIpcIrqNr\000"
 1690      73497063 
 1690      4972714E 
 1690      7200
 1691              	.LASF2:
ARM GAS  C:\Users\cmila\AppData\Local\Temp\cc1afTQu.s 			page 34


 1692 0093 5F5F7569 		.ascii	"__uint8_t\000"
 1692      6E74385F 
 1692      7400
 1693              	.LASF84:
 1694 009d 70657269 		.ascii	"periDiv24_5CtlOffset\000"
 1694      44697632 
 1694      345F3543 
 1694      746C4F66 
 1694      66736574 
 1695              	.LASF91:
 1696 00b2 63707573 		.ascii	"cpussCm4ClockCtlOffset\000"
 1696      73436D34 
 1696      436C6F63 
 1696      6B43746C 
 1696      4F666673 
 1697              	.LASF131:
 1698 00c9 636F756E 		.ascii	"countDirection\000"
 1698      74446972 
 1698      65637469 
 1698      6F6E00
 1699              	.LASF143:
 1700 00d8 73746F70 		.ascii	"stopInputMode\000"
 1700      496E7075 
 1700      744D6F64 
 1700      6500
 1701              	.LASF20:
 1702 00e6 63707573 		.ascii	"cpussBase\000"
 1702      73426173 
 1702      6500
 1703              	.LASF128:
 1704 00f0 70657269 		.ascii	"period\000"
 1704      6F6400
 1705              	.LASF49:
 1706 00f7 70657269 		.ascii	"periClockNr\000"
 1706      436C6F63 
 1706      6B4E7200 
 1707              	.LASF138:
 1708 0103 63617074 		.ascii	"captureInput\000"
 1708      75726549 
 1708      6E707574 
 1708      00
 1709              	.LASF11:
 1710 0110 6C6F6E67 		.ascii	"long long unsigned int\000"
 1710      206C6F6E 
 1710      6720756E 
 1710      7369676E 
 1710      65642069 
 1711              	.LASF129:
 1712 0127 636C6F63 		.ascii	"clockPrescaler\000"
 1712      6B507265 
 1712      7363616C 
 1712      657200
 1713              	.LASF73:
 1714 0136 70657269 		.ascii	"periTrCmdOffset\000"
 1714      5472436D 
 1714      644F6666 
 1714      73657400 
ARM GAS  C:\Users\cmila\AppData\Local\Temp\cc1afTQu.s 			page 35


 1715              	.LASF113:
 1716 0146 72785269 		.ascii	"rxRingBuf\000"
 1716      6E674275 
 1716      6600
 1717              	.LASF97:
 1718 0150 63707573 		.ascii	"cpussSysTickCtlOffset\000"
 1718      73537973 
 1718      5469636B 
 1718      43746C4F 
 1718      66667365 
 1719              	.LASF120:
 1720 0166 74784275 		.ascii	"txBuf\000"
 1720      6600
 1721              	.LASF152:
 1722 016c 54696D65 		.ascii	"Timer_config\000"
 1722      725F636F 
 1722      6E666967 
 1722      00
 1723              	.LASF150:
 1724 0179 6E436861 		.ascii	"nChars\000"
 1724      727300
 1725              	.LASF58:
 1726 0180 666C6173 		.ascii	"flashPipeRequired\000"
 1726      68506970 
 1726      65526571 
 1726      75697265 
 1726      6400
 1727              	.LASF62:
 1728 0192 666C6173 		.ascii	"flashCtlMainWs0Freq\000"
 1728      6843746C 
 1728      4D61696E 
 1728      57733046 
 1728      72657100 
 1729              	.LASF17:
 1730 01a6 696E7431 		.ascii	"int16_t\000"
 1730      365F7400 
 1731              	.LASF10:
 1732 01ae 6C6F6E67 		.ascii	"long long int\000"
 1732      206C6F6E 
 1732      6720696E 
 1732      7400
 1733              	.LASF147:
 1734 01bc 63795F73 		.ascii	"cy_stc_tcpwm_counter_config_t\000"
 1734      74635F74 
 1734      6370776D 
 1734      5F636F75 
 1734      6E746572 
 1735              	.LASF78:
 1736 01da 70657269 		.ascii	"periDivCmdTypeSelPos\000"
 1736      44697643 
 1736      6D645479 
 1736      70655365 
 1736      6C506F73 
 1737              	.LASF155:
 1738 01ef 53544449 		.ascii	"STDIO_GetChar\000"
 1738      4F5F4765 
 1738      74436861 
ARM GAS  C:\Users\cmila\AppData\Local\Temp\cc1afTQu.s 			page 36


 1738      7200
 1739              	.LASF24:
 1740 01fd 70726F74 		.ascii	"protBase\000"
 1740      42617365 
 1740      00
 1741              	.LASF36:
 1742 0206 69706356 		.ascii	"ipcVersion\000"
 1742      65727369 
 1742      6F6E00
 1743              	.LASF158:
 1744 0211 433A5C55 		.ascii	"C:\\Users\\cmila\\Documents\\PSoC Creator\\TIMER\\t"
 1744      73657273 
 1744      5C636D69 
 1744      6C615C44 
 1744      6F63756D 
 1745 023e 696D6572 		.ascii	"imers.cydsn\000"
 1745      732E6379 
 1745      64736E00 
 1746              	.LASF98:
 1747 024a 63707573 		.ascii	"cpussCm0NmiCtlOffset\000"
 1747      73436D30 
 1747      4E6D6943 
 1747      746C4F66 
 1747      66736574 
 1748              	.LASF46:
 1749 025f 73727373 		.ascii	"srssNumClkpath\000"
 1749      4E756D43 
 1749      6C6B7061 
 1749      746800
 1750              	.LASF25:
 1751 026e 6873696F 		.ascii	"hsiomBase\000"
 1751      6D426173 
 1751      6500
 1752              	.LASF7:
 1753 0278 6C6F6E67 		.ascii	"long int\000"
 1753      20696E74 
 1753      00
 1754              	.LASF56:
 1755 0281 63727970 		.ascii	"cryptoMemSize\000"
 1755      746F4D65 
 1755      6D53697A 
 1755      6500
 1756              	.LASF22:
 1757 028f 70657269 		.ascii	"periBase\000"
 1757      42617365 
 1757      00
 1758              	.LASF54:
 1759 0298 73797350 		.ascii	"sysPmSimoPresent\000"
 1759      6D53696D 
 1759      6F507265 
 1759      73656E74 
 1759      00
 1760              	.LASF44:
 1761 02a9 63707573 		.ascii	"cpussFmIrq\000"
 1761      73466D49 
 1761      727100
 1762              	.LASF108:
ARM GAS  C:\Users\cmila\AppData\Local\Temp\cc1afTQu.s 			page 37


 1763 02b4 646F7562 		.ascii	"double\000"
 1763      6C6500
 1764              	.LASF83:
 1765 02bb 70657269 		.ascii	"periDiv16_5CtlOffset\000"
 1765      44697631 
 1765      365F3543 
 1765      746C4F66 
 1765      66736574 
 1766              	.LASF47:
 1767 02d0 73727373 		.ascii	"srssNumPll\000"
 1767      4E756D50 
 1767      6C6C00
 1768              	.LASF154:
 1769 02db 53544449 		.ascii	"STDIO_PutChar\000"
 1769      4F5F5075 
 1769      74436861 
 1769      7200
 1770              	.LASF137:
 1771 02e9 63617074 		.ascii	"captureInputMode\000"
 1771      75726549 
 1771      6E707574 
 1771      4D6F6465 
 1771      00
 1772              	.LASF81:
 1773 02fa 70657269 		.ascii	"periDiv8CtlOffset\000"
 1773      44697638 
 1773      43746C4F 
 1773      66667365 
 1773      7400
 1774              	.LASF88:
 1775 030c 6770696F 		.ascii	"gpioPrtCfgOutOffset\000"
 1775      50727443 
 1775      66674F75 
 1775      744F6666 
 1775      73657400 
 1776              	.LASF8:
 1777 0320 5F5F7569 		.ascii	"__uint32_t\000"
 1777      6E743332 
 1777      5F7400
 1778              	.LASF51:
 1779 032b 70617373 		.ascii	"passSarChannels\000"
 1779      53617243 
 1779      68616E6E 
 1779      656C7300 
 1780              	.LASF3:
 1781 033b 5F5F696E 		.ascii	"__int16_t\000"
 1781      7431365F 
 1781      7400
 1782              	.LASF119:
 1783 0345 72784275 		.ascii	"rxBufIdx\000"
 1783      66496478 
 1783      00
 1784              	.LASF149:
 1785 034e 5F726561 		.ascii	"_read\000"
 1785      6400
 1786              	.LASF94:
 1787 0354 63707573 		.ascii	"cpussCm4PwrCtlOffset\000"
ARM GAS  C:\Users\cmila\AppData\Local\Temp\cc1afTQu.s 			page 38


 1787      73436D34 
 1787      50777243 
 1787      746C4F66 
 1787      66736574 
 1788              	.LASF121:
 1789 0369 74784275 		.ascii	"txBufSize\000"
 1789      6653697A 
 1789      6500
 1790              	.LASF136:
 1791 0373 696E7465 		.ascii	"interruptSources\000"
 1791      72727570 
 1791      74536F75 
 1791      72636573 
 1791      00
 1792              	.LASF89:
 1793 0384 6770696F 		.ascii	"gpioPrtCfgSioOffset\000"
 1793      50727443 
 1793      66675369 
 1793      6F4F6666 
 1793      73657400 
 1794              	.LASF41:
 1795 0398 63707573 		.ascii	"cpussDwChNr\000"
 1795      73447743 
 1795      684E7200 
 1796              	.LASF12:
 1797 03a4 756E7369 		.ascii	"unsigned int\000"
 1797      676E6564 
 1797      20696E74 
 1797      00
 1798              	.LASF18:
 1799 03b1 75696E74 		.ascii	"uint16_t\000"
 1799      31365F74 
 1799      00
 1800              	.LASF74:
 1801 03ba 70657269 		.ascii	"periTrCmdGrSelMsk\000"
 1801      5472436D 
 1801      64477253 
 1801      656C4D73 
 1801      6B00
 1802              	.LASF63:
 1803 03cc 666C6173 		.ascii	"flashCtlMainWs1Freq\000"
 1803      6843746C 
 1803      4D61696E 
 1803      57733146 
 1803      72657100 
 1804              	.LASF9:
 1805 03e0 6C6F6E67 		.ascii	"long unsigned int\000"
 1805      20756E73 
 1805      69676E65 
 1805      6420696E 
 1805      7400
 1806              	.LASF135:
 1807 03f2 656E6162 		.ascii	"enableCompareSwap\000"
 1807      6C65436F 
 1807      6D706172 
 1807      65537761 
 1807      7000
ARM GAS  C:\Users\cmila\AppData\Local\Temp\cc1afTQu.s 			page 39


 1808              	.LASF110:
 1809 0404 63795F63 		.ascii	"cy_cb_scb_uart_handle_events_t\000"
 1809      625F7363 
 1809      625F7561 
 1809      72745F68 
 1809      616E646C 
 1810              	.LASF153:
 1811 0423 55415254 		.ascii	"UART_context\000"
 1811      5F636F6E 
 1811      74657874 
 1811      00
 1812              	.LASF39:
 1813 0430 63707573 		.ascii	"cpussIpcNr\000"
 1813      73497063 
 1813      4E7200
 1814              	.LASF26:
 1815 043b 6770696F 		.ascii	"gpioBase\000"
 1815      42617365 
 1815      00
 1816              	.LASF111:
 1817 0444 74785374 		.ascii	"txStatus\000"
 1817      61747573 
 1817      00
 1818              	.LASF75:
 1819 044d 70657269 		.ascii	"periTrGrOffset\000"
 1819      54724772 
 1819      4F666673 
 1819      657400
 1820              	.LASF102:
 1821 045c 63707573 		.ascii	"cpussRam1Ctl0\000"
 1821      7352616D 
 1821      3143746C 
 1821      3000
 1822              	.LASF123:
 1823 046a 63624576 		.ascii	"cbEvents\000"
 1823      656E7473 
 1823      00
 1824              	.LASF76:
 1825 0473 70657269 		.ascii	"periTrGrSize\000"
 1825      54724772 
 1825      53697A65 
 1825      00
 1826              	.LASF34:
 1827 0480 6770696F 		.ascii	"gpioVersion\000"
 1827      56657273 
 1827      696F6E00 
 1828              	.LASF106:
 1829 048c 63795F73 		.ascii	"cy_stc_device_t\000"
 1829      74635F64 
 1829      65766963 
 1829      655F7400 
 1830              	.LASF52:
 1831 049c 65704D6F 		.ascii	"epMonitorNr\000"
 1831      6E69746F 
 1831      724E7200 
 1832              	.LASF115:
 1833 04a8 72785269 		.ascii	"rxRingBufHead\000"
ARM GAS  C:\Users\cmila\AppData\Local\Temp\cc1afTQu.s 			page 40


 1833      6E674275 
 1833      66486561 
 1833      6400
 1834              	.LASF95:
 1835 04b6 63707573 		.ascii	"cpussTrimRamCtlOffset\000"
 1835      73547269 
 1835      6D52616D 
 1835      43746C4F 
 1835      66667365 
 1836              	.LASF142:
 1837 04cc 73746172 		.ascii	"startInput\000"
 1837      74496E70 
 1837      757400
 1838              	.LASF148:
 1839 04d7 5F777269 		.ascii	"_write\000"
 1839      746500
 1840              	.LASF30:
 1841 04de 63707573 		.ascii	"cpussVersion\000"
 1841      73566572 
 1841      73696F6E 
 1841      00
 1842              	.LASF37:
 1843 04eb 70657269 		.ascii	"periVersion\000"
 1843      56657273 
 1843      696F6E00 
 1844              	.LASF93:
 1845 04f7 63707573 		.ascii	"cpussCm0StatusOffset\000"
 1845      73436D30 
 1845      53746174 
 1845      75734F66 
 1845      66736574 
 1846              	.LASF127:
 1847 050c 63795F73 		.ascii	"cy_stc_tcpwm_counter_config\000"
 1847      74635F74 
 1847      6370776D 
 1847      5F636F75 
 1847      6E746572 
 1848              	.LASF14:
 1849 0528 73697A65 		.ascii	"sizetype\000"
 1849      74797065 
 1849      00
 1850              	.LASF67:
 1851 0531 64774368 		.ascii	"dwChOffset\000"
 1851      4F666673 
 1851      657400
 1852              	.LASF42:
 1853 053c 63707573 		.ascii	"cpussFlashPaSize\000"
 1853      73466C61 
 1853      73685061 
 1853      53697A65 
 1853      00
 1854              	.LASF80:
 1855 054d 70657269 		.ascii	"periDivCmdPaTypeSelPos\000"
 1855      44697643 
 1855      6D645061 
 1855      54797065 
 1855      53656C50 
ARM GAS  C:\Users\cmila\AppData\Local\Temp\cc1afTQu.s 			page 41


 1856              	.LASF103:
 1857 0564 63707573 		.ascii	"cpussRam2Ctl0\000"
 1857      7352616D 
 1857      3243746C 
 1857      3000
 1858              	.LASF71:
 1859 0572 64775374 		.ascii	"dwStatusChIdxPos\000"
 1859      61747573 
 1859      43684964 
 1859      78506F73 
 1859      00
 1860              	.LASF53:
 1861 0583 75646250 		.ascii	"udbPresent\000"
 1861      72657365 
 1861      6E7400
 1862              	.LASF112:
 1863 058e 72785374 		.ascii	"rxStatus\000"
 1863      61747573 
 1863      00
 1864              	.LASF33:
 1865 0597 666C6173 		.ascii	"flashcVersion\000"
 1865      68635665 
 1865      7273696F 
 1865      6E00
 1866              	.LASF29:
 1867 05a5 63727970 		.ascii	"cryptoBase\000"
 1867      746F4261 
 1867      736500
 1868              	.LASF50:
 1869 05b0 736D6966 		.ascii	"smifDeviceNr\000"
 1869      44657669 
 1869      63654E72 
 1869      00
 1870              	.LASF107:
 1871 05bd 666C6F61 		.ascii	"float\000"
 1871      7400
 1872              	.LASF72:
 1873 05c3 64775374 		.ascii	"dwStatusChIdxMsk\000"
 1873      61747573 
 1873      43684964 
 1873      784D736B 
 1873      00
 1874              	.LASF151:
 1875 05d4 63795F64 		.ascii	"cy_device\000"
 1875      65766963 
 1875      6500
 1876              	.LASF100:
 1877 05de 63707573 		.ascii	"cpussRomCtl\000"
 1877      73526F6D 
 1877      43746C00 
 1878              	.LASF70:
 1879 05ea 64774368 		.ascii	"dwChCtlPreemptablePos\000"
 1879      43746C50 
 1879      7265656D 
 1879      70746162 
 1879      6C65506F 
 1880              	.LASF122:
ARM GAS  C:\Users\cmila\AppData\Local\Temp\cc1afTQu.s 			page 42


 1881 0600 74784C65 		.ascii	"txLeftToTransmit\000"
 1881      6674546F 
 1881      5472616E 
 1881      736D6974 
 1881      00
 1882              	.LASF23:
 1883 0611 75646242 		.ascii	"udbBase\000"
 1883      61736500 
 1884              	.LASF109:
 1885 0619 5F426F6F 		.ascii	"_Bool\000"
 1885      6C00
 1886              	.LASF1:
 1887 061f 756E7369 		.ascii	"unsigned char\000"
 1887      676E6564 
 1887      20636861 
 1887      7200
 1888              	.LASF66:
 1889 062d 666C6173 		.ascii	"flashCtlMainWs4Freq\000"
 1889      6843746C 
 1889      4D61696E 
 1889      57733446 
 1889      72657100 
 1890              	.LASF4:
 1891 0641 73686F72 		.ascii	"short int\000"
 1891      7420696E 
 1891      7400
 1892              	.LASF77:
 1893 064b 70657269 		.ascii	"periDivCmdDivSelMsk\000"
 1893      44697643 
 1893      6D644469 
 1893      7653656C 
 1893      4D736B00 
 1894              	.LASF64:
 1895 065f 666C6173 		.ascii	"flashCtlMainWs2Freq\000"
 1895      6843746C 
 1895      4D61696E 
 1895      57733246 
 1895      72657100 
 1896              	.LASF21:
 1897 0673 666C6173 		.ascii	"flashcBase\000"
 1897      68634261 
 1897      736500
 1898              	.LASF132:
 1899 067e 636F6D70 		.ascii	"compareOrCapture\000"
 1899      6172654F 
 1899      72436170 
 1899      74757265 
 1899      00
 1900              	.LASF48:
 1901 068f 73727373 		.ascii	"srssNumHfroot\000"
 1901      4E756D48 
 1901      66726F6F 
 1901      7400
 1902              	.LASF61:
 1903 069d 666C6173 		.ascii	"flashEraseDelay\000"
 1903      68457261 
 1903      73654465 
ARM GAS  C:\Users\cmila\AppData\Local\Temp\cc1afTQu.s 			page 43


 1903      6C617900 
 1904              	.LASF19:
 1905 06ad 75696E74 		.ascii	"uint32_t\000"
 1905      33325F74 
 1905      00
 1906              	.LASF99:
 1907 06b6 63707573 		.ascii	"cpussCm4NmiCtlOffset\000"
 1907      73436D34 
 1907      4E6D6943 
 1907      746C4F66 
 1907      66736574 
 1908              	.LASF156:
 1909 06cb 474E5520 		.ascii	"GNU C11 5.4.1 20160609 (release) [ARM/embedded-5-br"
 1909      43313120 
 1909      352E342E 
 1909      31203230 
 1909      31363036 
 1910 06fe 616E6368 		.ascii	"anch revision 237715] -mcpu=cortex-m0plus -mthumb -"
 1910      20726576 
 1910      6973696F 
 1910      6E203233 
 1910      37373135 
 1911 0731 67202D4F 		.ascii	"g -Og -ffunction-sections -ffat-lto-objects\000"
 1911      67202D66 
 1911      66756E63 
 1911      74696F6E 
 1911      2D736563 
 1912              	.LASF133:
 1913 075d 636F6D70 		.ascii	"compare0\000"
 1913      61726530 
 1913      00
 1914              	.LASF13:
 1915 0766 6C6F6E67 		.ascii	"long double\000"
 1915      20646F75 
 1915      626C6500 
 1916              	.LASF15:
 1917 0772 63686172 		.ascii	"char\000"
 1917      00
 1918              	.LASF146:
 1919 0777 636F756E 		.ascii	"countInput\000"
 1919      74496E70 
 1919      757400
 1920              	.LASF38:
 1921 0782 70726F74 		.ascii	"protVersion\000"
 1921      56657273 
 1921      696F6E00 
 1922              	.LASF101:
 1923 078e 63707573 		.ascii	"cpussRam0Ctl0\000"
 1923      7352616D 
 1923      3043746C 
 1923      3000
 1924              	.LASF5:
 1925 079c 5F5F7569 		.ascii	"__uint16_t\000"
 1925      6E743136 
 1925      5F7400
 1926              	.LASF82:
 1927 07a7 70657269 		.ascii	"periDiv16CtlOffset\000"
ARM GAS  C:\Users\cmila\AppData\Local\Temp\cc1afTQu.s 			page 44


 1927      44697631 
 1927      3643746C 
 1927      4F666673 
 1927      657400
 1928              	.LASF35:
 1929 07ba 6873696F 		.ascii	"hsiomVersion\000"
 1929      6D566572 
 1929      73696F6E 
 1929      00
 1930              	.LASF60:
 1931 07c7 666C6173 		.ascii	"flashProgramDelay\000"
 1931      6850726F 
 1931      6772616D 
 1931      44656C61 
 1931      7900
 1932              	.LASF114:
 1933 07d9 72785269 		.ascii	"rxRingBufSize\000"
 1933      6E674275 
 1933      6653697A 
 1933      6500
 1934              	.LASF140:
 1935 07e7 72656C6F 		.ascii	"reloadInput\000"
 1935      6164496E 
 1935      70757400 
 1936              	.LASF6:
 1937 07f3 73686F72 		.ascii	"short unsigned int\000"
 1937      7420756E 
 1937      7369676E 
 1937      65642069 
 1937      6E7400
 1938              	.LASF68:
 1939 0806 64774368 		.ascii	"dwChSize\000"
 1939      53697A65 
 1939      00
 1940              	.LASF144:
 1941 080f 73746F70 		.ascii	"stopInput\000"
 1941      496E7075 
 1941      7400
 1942              	.LASF104:
 1943 0819 69706353 		.ascii	"ipcStructSize\000"
 1943      74727563 
 1943      7453697A 
 1943      6500
 1944              	.LASF141:
 1945 0827 73746172 		.ascii	"startInputMode\000"
 1945      74496E70 
 1945      75744D6F 
 1945      646500
 1946              	.LASF43:
 1947 0836 63707573 		.ascii	"cpussIpc0Irq\000"
 1947      73497063 
 1947      30497271 
 1947      00
 1948              	.LASF134:
 1949 0843 636F6D70 		.ascii	"compare1\000"
 1949      61726531 
 1949      00
ARM GAS  C:\Users\cmila\AppData\Local\Temp\cc1afTQu.s 			page 45


 1950              	.LASF90:
 1951 084c 63707573 		.ascii	"cpussCm0ClockCtlOffset\000"
 1951      73436D30 
 1951      436C6F63 
 1951      6B43746C 
 1951      4F666673 
 1952              	.LASF86:
 1953 0863 6770696F 		.ascii	"gpioPrtCfgOffset\000"
 1953      50727443 
 1953      66674F66 
 1953      66736574 
 1953      00
 1954              	.LASF124:
 1955 0874 696E6974 		.ascii	"initKey\000"
 1955      4B657900 
 1956              	.LASF117:
 1957 087c 72784275 		.ascii	"rxBuf\000"
 1957      6600
 1958              	.LASF0:
 1959 0882 7369676E 		.ascii	"signed char\000"
 1959      65642063 
 1959      68617200 
 1960              	.LASF125:
 1961 088e 63795F73 		.ascii	"cy_stc_scb_uart_context_t\000"
 1961      74635F73 
 1961      63625F75 
 1961      6172745F 
 1961      636F6E74 
 1962              	.LASF45:
 1963 08a8 63707573 		.ascii	"cpussNotConnectedIrq\000"
 1963      734E6F74 
 1963      436F6E6E 
 1963      65637465 
 1963      64497271 
 1964              	.LASF59:
 1965 08bd 666C6173 		.ascii	"flashWriteDelay\000"
 1965      68577269 
 1965      74654465 
 1965      6C617900 
 1966              	.LASF16:
 1967 08cd 75696E74 		.ascii	"uint8_t\000"
 1967      385F7400 
 1968              	.LASF92:
 1969 08d5 63707573 		.ascii	"cpussCm4StatusOffset\000"
 1969      73436D34 
 1969      53746174 
 1969      75734F66 
 1969      66736574 
 1970              	.LASF85:
 1971 08ea 6770696F 		.ascii	"gpioPrtIntrCfgOffset\000"
 1971      50727449 
 1971      6E747243 
 1971      66674F66 
 1971      66736574 
 1972              	.LASF139:
 1973 08ff 72656C6F 		.ascii	"reloadInputMode\000"
 1973      6164496E 
ARM GAS  C:\Users\cmila\AppData\Local\Temp\cc1afTQu.s 			page 46


 1973      7075744D 
 1973      6F646500 
 1974              	.LASF116:
 1975 090f 72785269 		.ascii	"rxRingBufTail\000"
 1975      6E674275 
 1975      66546169 
 1975      6C00
 1976              	.LASF96:
 1977 091d 63707573 		.ascii	"cpussTrimRomCtlOffset\000"
 1977      73547269 
 1977      6D526F6D 
 1977      43746C4F 
 1977      66667365 
 1978              	.LASF145:
 1979 0933 636F756E 		.ascii	"countInputMode\000"
 1979      74496E70 
 1979      75744D6F 
 1979      646500
 1980              	.LASF157:
 1981 0942 47656E65 		.ascii	"Generated_Source\\PSoC6\\pdl\\utilities\\retarget_i"
 1981      72617465 
 1981      645F536F 
 1981      75726365 
 1981      5C50536F 
 1982 0971 6F5C7265 		.ascii	"o\\retarget.c\000"
 1982      74617267 
 1982      65742E63 
 1982      00
 1983              	.LASF32:
 1984 097e 64775665 		.ascii	"dwVersion\000"
 1984      7273696F 
 1984      6E00
 1985              	.LASF28:
 1986 0988 69706342 		.ascii	"ipcBase\000"
 1986      61736500 
 1987              	.LASF79:
 1988 0990 70657269 		.ascii	"periDivCmdPaDivSelPos\000"
 1988      44697643 
 1988      6D645061 
 1988      44697653 
 1988      656C506F 
 1989              	.LASF126:
 1990 09a6 63795F73 		.ascii	"cy_stc_scb_uart_context\000"
 1990      74635F73 
 1990      63625F75 
 1990      6172745F 
 1990      636F6E74 
 1991              	.LASF57:
 1992 09be 666C6173 		.ascii	"flashRwwRequired\000"
 1992      68527777 
 1992      52657175 
 1992      69726564 
 1992      00
 1993              		.ident	"GCC: (GNU Tools for ARM Embedded Processors) 5.4.1 20160609 (release) [ARM/embedded-5-bran
