ARM GAS  C:\Users\subra\AppData\Local\Temp\cc1vUHWf.s 			page 1


   1              		.syntax unified
   2              		.cpu cortex-m4
   3              		.eabi_attribute 27, 1
   4              		.fpu fpv4-sp-d16
   5              		.eabi_attribute 20, 1
   6              		.eabi_attribute 21, 1
   7              		.eabi_attribute 23, 3
   8              		.eabi_attribute 24, 1
   9              		.eabi_attribute 25, 1
  10              		.eabi_attribute 26, 1
  11              		.eabi_attribute 30, 1
  12              		.eabi_attribute 34, 1
  13              		.eabi_attribute 18, 4
  14              		.thumb
  15              		.syntax unified
  16              		.file	"main_cm4.c"
  17              		.text
  18              	.Ltext0:
  19              		.cfi_sections	.debug_frame
  20              		.section	.text.main,"ax",%progbits
  21              		.align	2
  22              		.global	main
  23              		.thumb
  24              		.thumb_func
  25              		.type	main, %function
  26              	main:
  27              	.LFB409:
  28              		.file 1 "main_cm4.c"
   1:main_cm4.c    **** /* ========================================
   2:main_cm4.c    ****  *
   3:main_cm4.c    ****  * Copyright YOUR COMPANY, THE YEAR
   4:main_cm4.c    ****  * All Rights Reserved
   5:main_cm4.c    ****  * UNPUBLISHED, LICENSED SOFTWARE.
   6:main_cm4.c    ****  *
   7:main_cm4.c    ****  * CONFIDENTIAL AND PROPRIETARY INFORMATION
   8:main_cm4.c    ****  * WHICH IS THE PROPERTY OF your company.
   9:main_cm4.c    ****  *
  10:main_cm4.c    ****  * ========================================
  11:main_cm4.c    **** */
  12:main_cm4.c    **** #include "project.h"
  13:main_cm4.c    **** 
  14:main_cm4.c    **** int main(void)
  15:main_cm4.c    **** {
  29              		.loc 1 15 0
  30              		.cfi_startproc
  31              		@ Volatile: function does not return.
  32              		@ args = 0, pretend = 0, frame = 0
  33              		@ frame_needed = 0, uses_anonymous_args = 0
  34              		@ link register save eliminated.
  35              	.LBB4:
  36              	.LBB5:
  37              		.file 2 "Generated_Source\\PSoC6\\pdl\\cmsis/include/cmsis_gcc.h"
   1:Generated_Source\PSoC6\pdl\cmsis/include/cmsis_gcc.h **** /**************************************************************************//**
   2:Generated_Source\PSoC6\pdl\cmsis/include/cmsis_gcc.h ****  * @file     cmsis_gcc.h
   3:Generated_Source\PSoC6\pdl\cmsis/include/cmsis_gcc.h ****  * @brief    CMSIS compiler GCC header file
   4:Generated_Source\PSoC6\pdl\cmsis/include/cmsis_gcc.h ****  * @version  V5.0.3
   5:Generated_Source\PSoC6\pdl\cmsis/include/cmsis_gcc.h ****  * @date     16. January 2018
ARM GAS  C:\Users\subra\AppData\Local\Temp\cc1vUHWf.s 			page 2


   6:Generated_Source\PSoC6\pdl\cmsis/include/cmsis_gcc.h ****  ******************************************************************************/
   7:Generated_Source\PSoC6\pdl\cmsis/include/cmsis_gcc.h **** /*
   8:Generated_Source\PSoC6\pdl\cmsis/include/cmsis_gcc.h ****  * Copyright (c) 2009-2017 ARM Limited. All rights reserved.
   9:Generated_Source\PSoC6\pdl\cmsis/include/cmsis_gcc.h ****  *
  10:Generated_Source\PSoC6\pdl\cmsis/include/cmsis_gcc.h ****  * SPDX-License-Identifier: Apache-2.0
  11:Generated_Source\PSoC6\pdl\cmsis/include/cmsis_gcc.h ****  *
  12:Generated_Source\PSoC6\pdl\cmsis/include/cmsis_gcc.h ****  * Licensed under the Apache License, Version 2.0 (the License); you may
  13:Generated_Source\PSoC6\pdl\cmsis/include/cmsis_gcc.h ****  * not use this file except in compliance with the License.
  14:Generated_Source\PSoC6\pdl\cmsis/include/cmsis_gcc.h ****  * You may obtain a copy of the License at
  15:Generated_Source\PSoC6\pdl\cmsis/include/cmsis_gcc.h ****  *
  16:Generated_Source\PSoC6\pdl\cmsis/include/cmsis_gcc.h ****  * www.apache.org/licenses/LICENSE-2.0
  17:Generated_Source\PSoC6\pdl\cmsis/include/cmsis_gcc.h ****  *
  18:Generated_Source\PSoC6\pdl\cmsis/include/cmsis_gcc.h ****  * Unless required by applicable law or agreed to in writing, software
  19:Generated_Source\PSoC6\pdl\cmsis/include/cmsis_gcc.h ****  * distributed under the License is distributed on an AS IS BASIS, WITHOUT
  20:Generated_Source\PSoC6\pdl\cmsis/include/cmsis_gcc.h ****  * WARRANTIES OR CONDITIONS OF ANY KIND, either express or implied.
  21:Generated_Source\PSoC6\pdl\cmsis/include/cmsis_gcc.h ****  * See the License for the specific language governing permissions and
  22:Generated_Source\PSoC6\pdl\cmsis/include/cmsis_gcc.h ****  * limitations under the License.
  23:Generated_Source\PSoC6\pdl\cmsis/include/cmsis_gcc.h ****  */
  24:Generated_Source\PSoC6\pdl\cmsis/include/cmsis_gcc.h **** 
  25:Generated_Source\PSoC6\pdl\cmsis/include/cmsis_gcc.h **** #ifndef __CMSIS_GCC_H
  26:Generated_Source\PSoC6\pdl\cmsis/include/cmsis_gcc.h **** #define __CMSIS_GCC_H
  27:Generated_Source\PSoC6\pdl\cmsis/include/cmsis_gcc.h **** 
  28:Generated_Source\PSoC6\pdl\cmsis/include/cmsis_gcc.h **** /* ignore some GCC warnings */
  29:Generated_Source\PSoC6\pdl\cmsis/include/cmsis_gcc.h **** #pragma GCC diagnostic push
  30:Generated_Source\PSoC6\pdl\cmsis/include/cmsis_gcc.h **** #pragma GCC diagnostic ignored "-Wsign-conversion"
  31:Generated_Source\PSoC6\pdl\cmsis/include/cmsis_gcc.h **** #pragma GCC diagnostic ignored "-Wconversion"
  32:Generated_Source\PSoC6\pdl\cmsis/include/cmsis_gcc.h **** #pragma GCC diagnostic ignored "-Wunused-parameter"
  33:Generated_Source\PSoC6\pdl\cmsis/include/cmsis_gcc.h **** 
  34:Generated_Source\PSoC6\pdl\cmsis/include/cmsis_gcc.h **** /* Fallback for __has_builtin */
  35:Generated_Source\PSoC6\pdl\cmsis/include/cmsis_gcc.h **** #ifndef __has_builtin
  36:Generated_Source\PSoC6\pdl\cmsis/include/cmsis_gcc.h ****   #define __has_builtin(x) (0)
  37:Generated_Source\PSoC6\pdl\cmsis/include/cmsis_gcc.h **** #endif
  38:Generated_Source\PSoC6\pdl\cmsis/include/cmsis_gcc.h **** 
  39:Generated_Source\PSoC6\pdl\cmsis/include/cmsis_gcc.h **** /* CMSIS compiler specific defines */
  40:Generated_Source\PSoC6\pdl\cmsis/include/cmsis_gcc.h **** #ifndef   __ASM
  41:Generated_Source\PSoC6\pdl\cmsis/include/cmsis_gcc.h ****   #define __ASM                                  __asm
  42:Generated_Source\PSoC6\pdl\cmsis/include/cmsis_gcc.h **** #endif
  43:Generated_Source\PSoC6\pdl\cmsis/include/cmsis_gcc.h **** #ifndef   __INLINE
  44:Generated_Source\PSoC6\pdl\cmsis/include/cmsis_gcc.h ****   #define __INLINE                               inline
  45:Generated_Source\PSoC6\pdl\cmsis/include/cmsis_gcc.h **** #endif
  46:Generated_Source\PSoC6\pdl\cmsis/include/cmsis_gcc.h **** #ifndef   __STATIC_INLINE
  47:Generated_Source\PSoC6\pdl\cmsis/include/cmsis_gcc.h ****   #define __STATIC_INLINE                        static inline
  48:Generated_Source\PSoC6\pdl\cmsis/include/cmsis_gcc.h **** #endif
  49:Generated_Source\PSoC6\pdl\cmsis/include/cmsis_gcc.h **** #ifndef   __STATIC_FORCEINLINE                 
  50:Generated_Source\PSoC6\pdl\cmsis/include/cmsis_gcc.h ****   #define __STATIC_FORCEINLINE                   __attribute__((always_inline)) static inline
  51:Generated_Source\PSoC6\pdl\cmsis/include/cmsis_gcc.h **** #endif                                           
  52:Generated_Source\PSoC6\pdl\cmsis/include/cmsis_gcc.h **** #ifndef   __NO_RETURN
  53:Generated_Source\PSoC6\pdl\cmsis/include/cmsis_gcc.h ****   #define __NO_RETURN                            __attribute__((__noreturn__))
  54:Generated_Source\PSoC6\pdl\cmsis/include/cmsis_gcc.h **** #endif
  55:Generated_Source\PSoC6\pdl\cmsis/include/cmsis_gcc.h **** #ifndef   __USED
  56:Generated_Source\PSoC6\pdl\cmsis/include/cmsis_gcc.h ****   #define __USED                                 __attribute__((used))
  57:Generated_Source\PSoC6\pdl\cmsis/include/cmsis_gcc.h **** #endif
  58:Generated_Source\PSoC6\pdl\cmsis/include/cmsis_gcc.h **** #ifndef   __WEAK
  59:Generated_Source\PSoC6\pdl\cmsis/include/cmsis_gcc.h ****   #define __WEAK                                 __attribute__((weak))
  60:Generated_Source\PSoC6\pdl\cmsis/include/cmsis_gcc.h **** #endif
  61:Generated_Source\PSoC6\pdl\cmsis/include/cmsis_gcc.h **** #ifndef   __PACKED
  62:Generated_Source\PSoC6\pdl\cmsis/include/cmsis_gcc.h ****   #define __PACKED                               __attribute__((packed, aligned(1)))
ARM GAS  C:\Users\subra\AppData\Local\Temp\cc1vUHWf.s 			page 3


  63:Generated_Source\PSoC6\pdl\cmsis/include/cmsis_gcc.h **** #endif
  64:Generated_Source\PSoC6\pdl\cmsis/include/cmsis_gcc.h **** #ifndef   __PACKED_STRUCT
  65:Generated_Source\PSoC6\pdl\cmsis/include/cmsis_gcc.h ****   #define __PACKED_STRUCT                        struct __attribute__((packed, aligned(1)))
  66:Generated_Source\PSoC6\pdl\cmsis/include/cmsis_gcc.h **** #endif
  67:Generated_Source\PSoC6\pdl\cmsis/include/cmsis_gcc.h **** #ifndef   __PACKED_UNION
  68:Generated_Source\PSoC6\pdl\cmsis/include/cmsis_gcc.h ****   #define __PACKED_UNION                         union __attribute__((packed, aligned(1)))
  69:Generated_Source\PSoC6\pdl\cmsis/include/cmsis_gcc.h **** #endif
  70:Generated_Source\PSoC6\pdl\cmsis/include/cmsis_gcc.h **** #ifndef   __UNALIGNED_UINT32        /* deprecated */
  71:Generated_Source\PSoC6\pdl\cmsis/include/cmsis_gcc.h ****   #pragma GCC diagnostic push
  72:Generated_Source\PSoC6\pdl\cmsis/include/cmsis_gcc.h ****   #pragma GCC diagnostic ignored "-Wpacked"
  73:Generated_Source\PSoC6\pdl\cmsis/include/cmsis_gcc.h ****   #pragma GCC diagnostic ignored "-Wattributes"
  74:Generated_Source\PSoC6\pdl\cmsis/include/cmsis_gcc.h ****   struct __attribute__((packed)) T_UINT32 { uint32_t v; };
  75:Generated_Source\PSoC6\pdl\cmsis/include/cmsis_gcc.h ****   #pragma GCC diagnostic pop
  76:Generated_Source\PSoC6\pdl\cmsis/include/cmsis_gcc.h ****   #define __UNALIGNED_UINT32(x)                  (((struct T_UINT32 *)(x))->v)
  77:Generated_Source\PSoC6\pdl\cmsis/include/cmsis_gcc.h **** #endif
  78:Generated_Source\PSoC6\pdl\cmsis/include/cmsis_gcc.h **** #ifndef   __UNALIGNED_UINT16_WRITE
  79:Generated_Source\PSoC6\pdl\cmsis/include/cmsis_gcc.h ****   #pragma GCC diagnostic push
  80:Generated_Source\PSoC6\pdl\cmsis/include/cmsis_gcc.h ****   #pragma GCC diagnostic ignored "-Wpacked"
  81:Generated_Source\PSoC6\pdl\cmsis/include/cmsis_gcc.h ****   #pragma GCC diagnostic ignored "-Wattributes"
  82:Generated_Source\PSoC6\pdl\cmsis/include/cmsis_gcc.h ****   __PACKED_STRUCT T_UINT16_WRITE { uint16_t v; };
  83:Generated_Source\PSoC6\pdl\cmsis/include/cmsis_gcc.h ****   #pragma GCC diagnostic pop
  84:Generated_Source\PSoC6\pdl\cmsis/include/cmsis_gcc.h ****   #define __UNALIGNED_UINT16_WRITE(addr, val)    (void)((((struct T_UINT16_WRITE *)(void *)(addr))-
  85:Generated_Source\PSoC6\pdl\cmsis/include/cmsis_gcc.h **** #endif
  86:Generated_Source\PSoC6\pdl\cmsis/include/cmsis_gcc.h **** #ifndef   __UNALIGNED_UINT16_READ
  87:Generated_Source\PSoC6\pdl\cmsis/include/cmsis_gcc.h ****   #pragma GCC diagnostic push
  88:Generated_Source\PSoC6\pdl\cmsis/include/cmsis_gcc.h ****   #pragma GCC diagnostic ignored "-Wpacked"
  89:Generated_Source\PSoC6\pdl\cmsis/include/cmsis_gcc.h ****   #pragma GCC diagnostic ignored "-Wattributes"
  90:Generated_Source\PSoC6\pdl\cmsis/include/cmsis_gcc.h ****   __PACKED_STRUCT T_UINT16_READ { uint16_t v; };
  91:Generated_Source\PSoC6\pdl\cmsis/include/cmsis_gcc.h ****   #pragma GCC diagnostic pop
  92:Generated_Source\PSoC6\pdl\cmsis/include/cmsis_gcc.h ****   #define __UNALIGNED_UINT16_READ(addr)          (((const struct T_UINT16_READ *)(const void *)(add
  93:Generated_Source\PSoC6\pdl\cmsis/include/cmsis_gcc.h **** #endif
  94:Generated_Source\PSoC6\pdl\cmsis/include/cmsis_gcc.h **** #ifndef   __UNALIGNED_UINT32_WRITE
  95:Generated_Source\PSoC6\pdl\cmsis/include/cmsis_gcc.h ****   #pragma GCC diagnostic push
  96:Generated_Source\PSoC6\pdl\cmsis/include/cmsis_gcc.h ****   #pragma GCC diagnostic ignored "-Wpacked"
  97:Generated_Source\PSoC6\pdl\cmsis/include/cmsis_gcc.h ****   #pragma GCC diagnostic ignored "-Wattributes"
  98:Generated_Source\PSoC6\pdl\cmsis/include/cmsis_gcc.h ****   __PACKED_STRUCT T_UINT32_WRITE { uint32_t v; };
  99:Generated_Source\PSoC6\pdl\cmsis/include/cmsis_gcc.h ****   #pragma GCC diagnostic pop
 100:Generated_Source\PSoC6\pdl\cmsis/include/cmsis_gcc.h ****   #define __UNALIGNED_UINT32_WRITE(addr, val)    (void)((((struct T_UINT32_WRITE *)(void *)(addr))-
 101:Generated_Source\PSoC6\pdl\cmsis/include/cmsis_gcc.h **** #endif
 102:Generated_Source\PSoC6\pdl\cmsis/include/cmsis_gcc.h **** #ifndef   __UNALIGNED_UINT32_READ
 103:Generated_Source\PSoC6\pdl\cmsis/include/cmsis_gcc.h ****   #pragma GCC diagnostic push
 104:Generated_Source\PSoC6\pdl\cmsis/include/cmsis_gcc.h ****   #pragma GCC diagnostic ignored "-Wpacked"
 105:Generated_Source\PSoC6\pdl\cmsis/include/cmsis_gcc.h ****   #pragma GCC diagnostic ignored "-Wattributes"
 106:Generated_Source\PSoC6\pdl\cmsis/include/cmsis_gcc.h ****   __PACKED_STRUCT T_UINT32_READ { uint32_t v; };
 107:Generated_Source\PSoC6\pdl\cmsis/include/cmsis_gcc.h ****   #pragma GCC diagnostic pop
 108:Generated_Source\PSoC6\pdl\cmsis/include/cmsis_gcc.h ****   #define __UNALIGNED_UINT32_READ(addr)          (((const struct T_UINT32_READ *)(const void *)(add
 109:Generated_Source\PSoC6\pdl\cmsis/include/cmsis_gcc.h **** #endif
 110:Generated_Source\PSoC6\pdl\cmsis/include/cmsis_gcc.h **** #ifndef   __ALIGNED
 111:Generated_Source\PSoC6\pdl\cmsis/include/cmsis_gcc.h ****   #define __ALIGNED(x)                           __attribute__((aligned(x)))
 112:Generated_Source\PSoC6\pdl\cmsis/include/cmsis_gcc.h **** #endif
 113:Generated_Source\PSoC6\pdl\cmsis/include/cmsis_gcc.h **** #ifndef   __RESTRICT
 114:Generated_Source\PSoC6\pdl\cmsis/include/cmsis_gcc.h ****   #define __RESTRICT                             __restrict
 115:Generated_Source\PSoC6\pdl\cmsis/include/cmsis_gcc.h **** #endif
 116:Generated_Source\PSoC6\pdl\cmsis/include/cmsis_gcc.h **** 
 117:Generated_Source\PSoC6\pdl\cmsis/include/cmsis_gcc.h **** 
 118:Generated_Source\PSoC6\pdl\cmsis/include/cmsis_gcc.h **** /* ###########################  Core Function Access  ########################### */
 119:Generated_Source\PSoC6\pdl\cmsis/include/cmsis_gcc.h **** /** \ingroup  CMSIS_Core_FunctionInterface
ARM GAS  C:\Users\subra\AppData\Local\Temp\cc1vUHWf.s 			page 4


 120:Generated_Source\PSoC6\pdl\cmsis/include/cmsis_gcc.h ****     \defgroup CMSIS_Core_RegAccFunctions CMSIS Core Register Access Functions
 121:Generated_Source\PSoC6\pdl\cmsis/include/cmsis_gcc.h ****   @{
 122:Generated_Source\PSoC6\pdl\cmsis/include/cmsis_gcc.h ****  */
 123:Generated_Source\PSoC6\pdl\cmsis/include/cmsis_gcc.h **** 
 124:Generated_Source\PSoC6\pdl\cmsis/include/cmsis_gcc.h **** /**
 125:Generated_Source\PSoC6\pdl\cmsis/include/cmsis_gcc.h ****   \brief   Enable IRQ Interrupts
 126:Generated_Source\PSoC6\pdl\cmsis/include/cmsis_gcc.h ****   \details Enables IRQ interrupts by clearing the I-bit in the CPSR.
 127:Generated_Source\PSoC6\pdl\cmsis/include/cmsis_gcc.h ****            Can only be executed in Privileged modes.
 128:Generated_Source\PSoC6\pdl\cmsis/include/cmsis_gcc.h ****  */
 129:Generated_Source\PSoC6\pdl\cmsis/include/cmsis_gcc.h **** __STATIC_FORCEINLINE void __enable_irq(void)
 130:Generated_Source\PSoC6\pdl\cmsis/include/cmsis_gcc.h **** {
 131:Generated_Source\PSoC6\pdl\cmsis/include/cmsis_gcc.h ****   __ASM volatile ("cpsie i" : : : "memory");
  38              		.loc 2 131 0
  39              		.syntax unified
  40              	@ 131 "Generated_Source\PSoC6\pdl\cmsis/include/cmsis_gcc.h" 1
  41 0000 62B6     		cpsie i
  42              	@ 0 "" 2
  43              		.thumb
  44              		.syntax unified
  45              	.L2:
  46 0002 FEE7     		b	.L2
  47              	.LBE5:
  48              	.LBE4:
  49              		.cfi_endproc
  50              	.LFE409:
  51              		.size	main, .-main
  52              		.text
  53              	.Letext0:
  54              		.file 3 "d:\\program files (x86)\\cypress\\psoc creator\\4.4\\psoc creator\\import\\gnu\\arm\\5.4.
  55              		.file 4 "d:\\program files (x86)\\cypress\\psoc creator\\4.4\\psoc creator\\import\\gnu\\arm\\5.4.
  56              		.file 5 "Generated_Source\\PSoC6\\pdl\\drivers/peripheral/device/cy_device.h"
  57              		.file 6 "Generated_Source\\PSoC6\\pdl\\drivers/peripheral/tcpwm/cy_tcpwm_pwm.h"
  58              		.file 7 "Generated_Source\\PSoC6\\pdl\\cmsis/include/core_cm4.h"
  59              		.file 8 "Generated_Source\\PSoC6/PWM.h"
  60              		.section	.debug_info,"",%progbits
  61              	.Ldebug_info0:
  62 0000 C8060000 		.4byte	0x6c8
  63 0004 0400     		.2byte	0x4
  64 0006 00000000 		.4byte	.Ldebug_abbrev0
  65 000a 04       		.byte	0x4
  66 000b 01       		.uleb128 0x1
  67 000c 0A050000 		.4byte	.LASF141
  68 0010 0C       		.byte	0xc
  69 0011 F1080000 		.4byte	.LASF142
  70 0015 E6050000 		.4byte	.LASF143
  71 0019 00000000 		.4byte	.Ldebug_ranges0+0
  72 001d 00000000 		.4byte	0
  73 0021 00000000 		.4byte	.Ldebug_line0
  74 0025 02       		.uleb128 0x2
  75 0026 02       		.byte	0x2
  76 0027 05       		.byte	0x5
  77 0028 80060000 		.4byte	.LASF0
  78 002c 02       		.uleb128 0x2
  79 002d 01       		.byte	0x1
  80 002e 06       		.byte	0x6
  81 002f 81010000 		.4byte	.LASF1
  82 0033 03       		.uleb128 0x3
ARM GAS  C:\Users\subra\AppData\Local\Temp\cc1vUHWf.s 			page 5


  83 0034 9D000000 		.4byte	.LASF3
  84 0038 03       		.byte	0x3
  85 0039 1D       		.byte	0x1d
  86 003a 3E000000 		.4byte	0x3e
  87 003e 02       		.uleb128 0x2
  88 003f 01       		.byte	0x1
  89 0040 08       		.byte	0x8
  90 0041 5E060000 		.4byte	.LASF2
  91 0045 03       		.uleb128 0x3
  92 0046 B0020000 		.4byte	.LASF4
  93 004a 03       		.byte	0x3
  94 004b 29       		.byte	0x29
  95 004c 25000000 		.4byte	0x25
  96 0050 03       		.uleb128 0x3
  97 0051 1F070000 		.4byte	.LASF5
  98 0055 03       		.byte	0x3
  99 0056 2B       		.byte	0x2b
 100 0057 5B000000 		.4byte	0x5b
 101 005b 02       		.uleb128 0x2
 102 005c 02       		.byte	0x2
 103 005d 07       		.byte	0x7
 104 005e 7C070000 		.4byte	.LASF6
 105 0062 03       		.uleb128 0x3
 106 0063 48070000 		.4byte	.LASF7
 107 0067 03       		.byte	0x3
 108 0068 3F       		.byte	0x3f
 109 0069 6D000000 		.4byte	0x6d
 110 006d 02       		.uleb128 0x2
 111 006e 04       		.byte	0x4
 112 006f 05       		.byte	0x5
 113 0070 FC010000 		.4byte	.LASF8
 114 0074 03       		.uleb128 0x3
 115 0075 95020000 		.4byte	.LASF9
 116 0079 03       		.byte	0x3
 117 007a 41       		.byte	0x41
 118 007b 7F000000 		.4byte	0x7f
 119 007f 02       		.uleb128 0x2
 120 0080 04       		.byte	0x4
 121 0081 07       		.byte	0x7
 122 0082 2B030000 		.4byte	.LASF10
 123 0086 02       		.uleb128 0x2
 124 0087 08       		.byte	0x8
 125 0088 05       		.byte	0x5
 126 0089 73010000 		.4byte	.LASF11
 127 008d 02       		.uleb128 0x2
 128 008e 08       		.byte	0x8
 129 008f 07       		.byte	0x7
 130 0090 EC000000 		.4byte	.LASF12
 131 0094 04       		.uleb128 0x4
 132 0095 04       		.byte	0x4
 133 0096 05       		.byte	0x5
 134 0097 696E7400 		.ascii	"int\000"
 135 009b 02       		.uleb128 0x2
 136 009c 04       		.byte	0x4
 137 009d 07       		.byte	0x7
 138 009e EF020000 		.4byte	.LASF13
 139 00a2 03       		.uleb128 0x3
ARM GAS  C:\Users\subra\AppData\Local\Temp\cc1vUHWf.s 			page 6


 140 00a3 36080000 		.4byte	.LASF14
 141 00a7 04       		.byte	0x4
 142 00a8 18       		.byte	0x18
 143 00a9 33000000 		.4byte	0x33
 144 00ad 03       		.uleb128 0x3
 145 00ae 6B010000 		.4byte	.LASF15
 146 00b2 04       		.byte	0x4
 147 00b3 20       		.byte	0x20
 148 00b4 45000000 		.4byte	0x45
 149 00b8 03       		.uleb128 0x3
 150 00b9 FC020000 		.4byte	.LASF16
 151 00bd 04       		.byte	0x4
 152 00be 24       		.byte	0x24
 153 00bf 50000000 		.4byte	0x50
 154 00c3 03       		.uleb128 0x3
 155 00c4 56060000 		.4byte	.LASF17
 156 00c8 04       		.byte	0x4
 157 00c9 2C       		.byte	0x2c
 158 00ca 62000000 		.4byte	0x62
 159 00ce 03       		.uleb128 0x3
 160 00cf D7060000 		.4byte	.LASF18
 161 00d3 04       		.byte	0x4
 162 00d4 30       		.byte	0x30
 163 00d5 74000000 		.4byte	0x74
 164 00d9 02       		.uleb128 0x2
 165 00da 04       		.byte	0x4
 166 00db 07       		.byte	0x7
 167 00dc 65040000 		.4byte	.LASF19
 168 00e0 02       		.uleb128 0x2
 169 00e1 08       		.byte	0x8
 170 00e2 04       		.byte	0x4
 171 00e3 E9060000 		.4byte	.LASF20
 172 00e7 05       		.uleb128 0x5
 173 00e8 B8       		.byte	0xb8
 174 00e9 05       		.byte	0x5
 175 00ea 34       		.byte	0x34
 176 00eb F8040000 		.4byte	0x4f8
 177 00ef 06       		.uleb128 0x6
 178 00f0 D3000000 		.4byte	.LASF21
 179 00f4 05       		.byte	0x5
 180 00f5 37       		.byte	0x37
 181 00f6 CE000000 		.4byte	0xce
 182 00fa 00       		.byte	0
 183 00fb 06       		.uleb128 0x6
 184 00fc 8A020000 		.4byte	.LASF22
 185 0100 05       		.byte	0x5
 186 0101 38       		.byte	0x38
 187 0102 CE000000 		.4byte	0xce
 188 0106 04       		.byte	0x4
 189 0107 06       		.uleb128 0x6
 190 0108 13020000 		.4byte	.LASF23
 191 010c 05       		.byte	0x5
 192 010d 39       		.byte	0x39
 193 010e CE000000 		.4byte	0xce
 194 0112 08       		.byte	0x8
 195 0113 06       		.uleb128 0x6
 196 0114 48060000 		.4byte	.LASF24
ARM GAS  C:\Users\subra\AppData\Local\Temp\cc1vUHWf.s 			page 7


 197 0118 05       		.byte	0x5
 198 0119 3A       		.byte	0x3a
 199 011a CE000000 		.4byte	0xce
 200 011e 0C       		.byte	0xc
 201 011f 06       		.uleb128 0x6
 202 0120 A2010000 		.4byte	.LASF25
 203 0124 05       		.byte	0x5
 204 0125 3B       		.byte	0x3b
 205 0126 CE000000 		.4byte	0xce
 206 012a 10       		.byte	0x10
 207 012b 06       		.uleb128 0x6
 208 012c DA010000 		.4byte	.LASF26
 209 0130 05       		.byte	0x5
 210 0131 3C       		.byte	0x3c
 211 0132 CE000000 		.4byte	0xce
 212 0136 14       		.byte	0x14
 213 0137 06       		.uleb128 0x6
 214 0138 5A030000 		.4byte	.LASF27
 215 013c 05       		.byte	0x5
 216 013d 3D       		.byte	0x3d
 217 013e CE000000 		.4byte	0xce
 218 0142 18       		.byte	0x18
 219 0143 06       		.uleb128 0x6
 220 0144 79000000 		.4byte	.LASF28
 221 0148 05       		.byte	0x5
 222 0149 3E       		.byte	0x3e
 223 014a CE000000 		.4byte	0xce
 224 014e 1C       		.byte	0x1c
 225 014f 06       		.uleb128 0x6
 226 0150 C1080000 		.4byte	.LASF29
 227 0154 05       		.byte	0x5
 228 0155 3F       		.byte	0x3f
 229 0156 CE000000 		.4byte	0xce
 230 015a 20       		.byte	0x20
 231 015b 06       		.uleb128 0x6
 232 015c E5040000 		.4byte	.LASF30
 233 0160 05       		.byte	0x5
 234 0161 40       		.byte	0x40
 235 0162 CE000000 		.4byte	0xce
 236 0166 24       		.byte	0x24
 237 0167 06       		.uleb128 0x6
 238 0168 37040000 		.4byte	.LASF31
 239 016c 05       		.byte	0x5
 240 016d 43       		.byte	0x43
 241 016e A2000000 		.4byte	0xa2
 242 0172 28       		.byte	0x28
 243 0173 06       		.uleb128 0x6
 244 0174 5F000000 		.4byte	.LASF32
 245 0178 05       		.byte	0x5
 246 0179 44       		.byte	0x44
 247 017a A2000000 		.4byte	0xa2
 248 017e 29       		.byte	0x29
 249 017f 06       		.uleb128 0x6
 250 0180 B7080000 		.4byte	.LASF33
 251 0184 05       		.byte	0x5
 252 0185 45       		.byte	0x45
 253 0186 A2000000 		.4byte	0xa2
ARM GAS  C:\Users\subra\AppData\Local\Temp\cc1vUHWf.s 			page 8


 254 018a 2A       		.byte	0x2a
 255 018b 06       		.uleb128 0x6
 256 018c D7040000 		.4byte	.LASF34
 257 0190 05       		.byte	0x5
 258 0191 46       		.byte	0x46
 259 0192 A2000000 		.4byte	0xa2
 260 0196 2B       		.byte	0x2b
 261 0197 06       		.uleb128 0x6
 262 0198 C9030000 		.4byte	.LASF35
 263 019c 05       		.byte	0x5
 264 019d 47       		.byte	0x47
 265 019e A2000000 		.4byte	0xa2
 266 01a2 2C       		.byte	0x2c
 267 01a3 06       		.uleb128 0x6
 268 01a4 52070000 		.4byte	.LASF36
 269 01a8 05       		.byte	0x5
 270 01a9 48       		.byte	0x48
 271 01aa A2000000 		.4byte	0xa2
 272 01ae 2D       		.byte	0x2d
 273 01af 06       		.uleb128 0x6
 274 01b0 AB010000 		.4byte	.LASF37
 275 01b4 05       		.byte	0x5
 276 01b5 49       		.byte	0x49
 277 01b6 A2000000 		.4byte	0xa2
 278 01ba 2E       		.byte	0x2e
 279 01bb 06       		.uleb128 0x6
 280 01bc 44040000 		.4byte	.LASF38
 281 01c0 05       		.byte	0x5
 282 01c1 4A       		.byte	0x4a
 283 01c2 A2000000 		.4byte	0xa2
 284 01c6 2F       		.byte	0x2f
 285 01c7 06       		.uleb128 0x6
 286 01c8 05070000 		.4byte	.LASF39
 287 01cc 05       		.byte	0x5
 288 01cd 4B       		.byte	0x4b
 289 01ce A2000000 		.4byte	0xa2
 290 01d2 30       		.byte	0x30
 291 01d3 06       		.uleb128 0x6
 292 01d4 4F030000 		.4byte	.LASF40
 293 01d8 05       		.byte	0x5
 294 01d9 4E       		.byte	0x4e
 295 01da A2000000 		.4byte	0xa2
 296 01de 31       		.byte	0x31
 297 01df 06       		.uleb128 0x6
 298 01e0 8F000000 		.4byte	.LASF41
 299 01e4 05       		.byte	0x5
 300 01e5 4F       		.byte	0x4f
 301 01e6 A2000000 		.4byte	0xa2
 302 01ea 32       		.byte	0x32
 303 01eb 06       		.uleb128 0x6
 304 01ec E3020000 		.4byte	.LASF42
 305 01f0 05       		.byte	0x5
 306 01f1 50       		.byte	0x50
 307 01f2 A2000000 		.4byte	0xa2
 308 01f6 33       		.byte	0x33
 309 01f7 06       		.uleb128 0x6
 310 01f8 79040000 		.4byte	.LASF43
ARM GAS  C:\Users\subra\AppData\Local\Temp\cc1vUHWf.s 			page 9


 311 01fc 05       		.byte	0x5
 312 01fd 51       		.byte	0x51
 313 01fe A2000000 		.4byte	0xa2
 314 0202 34       		.byte	0x34
 315 0203 06       		.uleb128 0x6
 316 0204 B5070000 		.4byte	.LASF44
 317 0208 05       		.byte	0x5
 318 0209 52       		.byte	0x52
 319 020a AD000000 		.4byte	0xad
 320 020e 36       		.byte	0x36
 321 020f 06       		.uleb128 0x6
 322 0210 2D020000 		.4byte	.LASF45
 323 0214 05       		.byte	0x5
 324 0215 53       		.byte	0x53
 325 0216 AD000000 		.4byte	0xad
 326 021a 38       		.byte	0x38
 327 021b 06       		.uleb128 0x6
 328 021c 03080000 		.4byte	.LASF46
 329 0220 05       		.byte	0x5
 330 0221 54       		.byte	0x54
 331 0222 AD000000 		.4byte	0xad
 332 0226 3A       		.byte	0x3a
 333 0227 06       		.uleb128 0x6
 334 0228 CB010000 		.4byte	.LASF47
 335 022c 05       		.byte	0x5
 336 022d 55       		.byte	0x55
 337 022e A2000000 		.4byte	0xa2
 338 0232 3C       		.byte	0x3c
 339 0233 06       		.uleb128 0x6
 340 0234 54020000 		.4byte	.LASF48
 341 0238 05       		.byte	0x5
 342 0239 56       		.byte	0x56
 343 023a A2000000 		.4byte	0xa2
 344 023e 3D       		.byte	0x3d
 345 023f 06       		.uleb128 0x6
 346 0240 B9060000 		.4byte	.LASF49
 347 0244 05       		.byte	0x5
 348 0245 57       		.byte	0x57
 349 0246 A2000000 		.4byte	0xa2
 350 024a 3E       		.byte	0x3e
 351 024b 06       		.uleb128 0x6
 352 024c 6D000000 		.4byte	.LASF50
 353 0250 05       		.byte	0x5
 354 0251 58       		.byte	0x58
 355 0252 A2000000 		.4byte	0xa2
 356 0256 3F       		.byte	0x3f
 357 0257 06       		.uleb128 0x6
 358 0258 F0040000 		.4byte	.LASF51
 359 025c 05       		.byte	0x5
 360 025d 59       		.byte	0x59
 361 025e A2000000 		.4byte	0xa2
 362 0262 40       		.byte	0x40
 363 0263 06       		.uleb128 0x6
 364 0264 A0020000 		.4byte	.LASF52
 365 0268 05       		.byte	0x5
 366 0269 5A       		.byte	0x5a
 367 026a A2000000 		.4byte	0xa2
ARM GAS  C:\Users\subra\AppData\Local\Temp\cc1vUHWf.s 			page 10


 368 026e 41       		.byte	0x41
 369 026f 06       		.uleb128 0x6
 370 0270 63030000 		.4byte	.LASF53
 371 0274 05       		.byte	0x5
 372 0275 5B       		.byte	0x5b
 373 0276 A2000000 		.4byte	0xa2
 374 027a 42       		.byte	0x42
 375 027b 06       		.uleb128 0x6
 376 027c CC040000 		.4byte	.LASF54
 377 0280 05       		.byte	0x5
 378 0281 5C       		.byte	0x5c
 379 0282 A2000000 		.4byte	0xa2
 380 0286 43       		.byte	0x43
 381 0287 06       		.uleb128 0x6
 382 0288 1C020000 		.4byte	.LASF55
 383 028c 05       		.byte	0x5
 384 028d 5D       		.byte	0x5d
 385 028e A2000000 		.4byte	0xa2
 386 0292 44       		.byte	0x44
 387 0293 06       		.uleb128 0x6
 388 0294 00000000 		.4byte	.LASF56
 389 0298 05       		.byte	0x5
 390 0299 5E       		.byte	0x5e
 391 029a CE000000 		.4byte	0xce
 392 029e 48       		.byte	0x48
 393 029f 06       		.uleb128 0x6
 394 02a0 05020000 		.4byte	.LASF57
 395 02a4 05       		.byte	0x5
 396 02a5 5F       		.byte	0x5f
 397 02a6 CE000000 		.4byte	0xce
 398 02aa 4C       		.byte	0x4c
 399 02ab 06       		.uleb128 0x6
 400 02ac FC080000 		.4byte	.LASF58
 401 02b0 05       		.byte	0x5
 402 02b1 60       		.byte	0x60
 403 02b2 A2000000 		.4byte	0xa2
 404 02b6 50       		.byte	0x50
 405 02b7 06       		.uleb128 0x6
 406 02b8 45010000 		.4byte	.LASF59
 407 02bc 05       		.byte	0x5
 408 02bd 61       		.byte	0x61
 409 02be A2000000 		.4byte	0xa2
 410 02c2 51       		.byte	0x51
 411 02c3 06       		.uleb128 0x6
 412 02c4 26080000 		.4byte	.LASF60
 413 02c8 05       		.byte	0x5
 414 02c9 62       		.byte	0x62
 415 02ca A2000000 		.4byte	0xa2
 416 02ce 52       		.byte	0x52
 417 02cf 06       		.uleb128 0x6
 418 02d0 DF080000 		.4byte	.LASF61
 419 02d4 05       		.byte	0x5
 420 02d5 63       		.byte	0x63
 421 02d6 A2000000 		.4byte	0xa2
 422 02da 53       		.byte	0x53
 423 02db 06       		.uleb128 0x6
 424 02dc C7060000 		.4byte	.LASF62
ARM GAS  C:\Users\subra\AppData\Local\Temp\cc1vUHWf.s 			page 11


 425 02e0 05       		.byte	0x5
 426 02e1 64       		.byte	0x64
 427 02e2 A2000000 		.4byte	0xa2
 428 02e6 54       		.byte	0x54
 429 02e7 06       		.uleb128 0x6
 430 02e8 57010000 		.4byte	.LASF63
 431 02ec 05       		.byte	0x5
 432 02ed 65       		.byte	0x65
 433 02ee A2000000 		.4byte	0xa2
 434 02f2 55       		.byte	0x55
 435 02f3 06       		.uleb128 0x6
 436 02f4 17030000 		.4byte	.LASF64
 437 02f8 05       		.byte	0x5
 438 02f9 66       		.byte	0x66
 439 02fa A2000000 		.4byte	0xa2
 440 02fe 56       		.byte	0x56
 441 02ff 06       		.uleb128 0x6
 442 0300 6F030000 		.4byte	.LASF65
 443 0304 05       		.byte	0x5
 444 0305 67       		.byte	0x67
 445 0306 A2000000 		.4byte	0xa2
 446 030a 57       		.byte	0x57
 447 030b 06       		.uleb128 0x6
 448 030c 1A000000 		.4byte	.LASF66
 449 0310 05       		.byte	0x5
 450 0311 68       		.byte	0x68
 451 0312 A2000000 		.4byte	0xa2
 452 0316 58       		.byte	0x58
 453 0317 06       		.uleb128 0x6
 454 0318 6C060000 		.4byte	.LASF67
 455 031c 05       		.byte	0x5
 456 031d 69       		.byte	0x69
 457 031e A2000000 		.4byte	0xa2
 458 0322 59       		.byte	0x59
 459 0323 06       		.uleb128 0x6
 460 0324 6E040000 		.4byte	.LASF68
 461 0328 05       		.byte	0x5
 462 0329 6E       		.byte	0x6e
 463 032a B8000000 		.4byte	0xb8
 464 032e 5A       		.byte	0x5a
 465 032f 06       		.uleb128 0x6
 466 0330 8F070000 		.4byte	.LASF69
 467 0334 05       		.byte	0x5
 468 0335 6F       		.byte	0x6f
 469 0336 B8000000 		.4byte	0xb8
 470 033a 5C       		.byte	0x5c
 471 033b 06       		.uleb128 0x6
 472 033c DD000000 		.4byte	.LASF70
 473 0340 05       		.byte	0x5
 474 0341 70       		.byte	0x70
 475 0342 A2000000 		.4byte	0xa2
 476 0346 5E       		.byte	0x5e
 477 0347 06       		.uleb128 0x6
 478 0348 29060000 		.4byte	.LASF71
 479 034c 05       		.byte	0x5
 480 034d 71       		.byte	0x71
 481 034e A2000000 		.4byte	0xa2
ARM GAS  C:\Users\subra\AppData\Local\Temp\cc1vUHWf.s 			page 12


 482 0352 5F       		.byte	0x5f
 483 0353 06       		.uleb128 0x6
 484 0354 BB040000 		.4byte	.LASF72
 485 0358 05       		.byte	0x5
 486 0359 72       		.byte	0x72
 487 035a A2000000 		.4byte	0xa2
 488 035e 60       		.byte	0x60
 489 035f 06       		.uleb128 0x6
 490 0360 CB050000 		.4byte	.LASF73
 491 0364 05       		.byte	0x5
 492 0365 73       		.byte	0x73
 493 0366 CE000000 		.4byte	0xce
 494 036a 64       		.byte	0x64
 495 036b 06       		.uleb128 0x6
 496 036c 12010000 		.4byte	.LASF74
 497 0370 05       		.byte	0x5
 498 0371 76       		.byte	0x76
 499 0372 B8000000 		.4byte	0xb8
 500 0376 68       		.byte	0x68
 501 0377 06       		.uleb128 0x6
 502 0378 05030000 		.4byte	.LASF75
 503 037c 05       		.byte	0x5
 504 037d 77       		.byte	0x77
 505 037e B8000000 		.4byte	0xb8
 506 0382 6A       		.byte	0x6a
 507 0383 06       		.uleb128 0x6
 508 0384 91030000 		.4byte	.LASF76
 509 0388 05       		.byte	0x5
 510 0389 78       		.byte	0x78
 511 038a B8000000 		.4byte	0xb8
 512 038e 6C       		.byte	0x6c
 513 038f 06       		.uleb128 0x6
 514 0390 BC030000 		.4byte	.LASF77
 515 0394 05       		.byte	0x5
 516 0395 79       		.byte	0x79
 517 0396 B8000000 		.4byte	0xb8
 518 039a 6E       		.byte	0x6e
 519 039b 06       		.uleb128 0x6
 520 039c 8A060000 		.4byte	.LASF78
 521 03a0 05       		.byte	0x5
 522 03a1 7B       		.byte	0x7b
 523 03a2 A2000000 		.4byte	0xa2
 524 03a6 70       		.byte	0x70
 525 03a7 06       		.uleb128 0x6
 526 03a8 8D010000 		.4byte	.LASF79
 527 03ac 05       		.byte	0x5
 528 03ad 7C       		.byte	0x7c
 529 03ae A2000000 		.4byte	0xa2
 530 03b2 71       		.byte	0x71
 531 03b3 06       		.uleb128 0x6
 532 03b4 C9080000 		.4byte	.LASF80
 533 03b8 05       		.byte	0x5
 534 03b9 7D       		.byte	0x7d
 535 03ba A2000000 		.4byte	0xa2
 536 03be 72       		.byte	0x72
 537 03bf 06       		.uleb128 0x6
 538 03c0 8A040000 		.4byte	.LASF81
ARM GAS  C:\Users\subra\AppData\Local\Temp\cc1vUHWf.s 			page 13


 539 03c4 05       		.byte	0x5
 540 03c5 7E       		.byte	0x7e
 541 03c6 A2000000 		.4byte	0xa2
 542 03ca 73       		.byte	0x73
 543 03cb 06       		.uleb128 0x6
 544 03cc 64020000 		.4byte	.LASF82
 545 03d0 05       		.byte	0x5
 546 03d1 80       		.byte	0x80
 547 03d2 B8000000 		.4byte	0xb8
 548 03d6 74       		.byte	0x74
 549 03d7 06       		.uleb128 0x6
 550 03d8 35070000 		.4byte	.LASF83
 551 03dc 05       		.byte	0x5
 552 03dd 81       		.byte	0x81
 553 03de B8000000 		.4byte	0xb8
 554 03e2 76       		.byte	0x76
 555 03e3 06       		.uleb128 0x6
 556 03e4 3F020000 		.4byte	.LASF84
 557 03e8 05       		.byte	0x5
 558 03e9 82       		.byte	0x82
 559 03ea B8000000 		.4byte	0xb8
 560 03ee 78       		.byte	0x78
 561 03ef 06       		.uleb128 0x6
 562 03f0 A7000000 		.4byte	.LASF85
 563 03f4 05       		.byte	0x5
 564 03f5 83       		.byte	0x83
 565 03f6 B8000000 		.4byte	0xb8
 566 03fa 7A       		.byte	0x7a
 567 03fb 06       		.uleb128 0x6
 568 03fc 53080000 		.4byte	.LASF86
 569 0400 05       		.byte	0x5
 570 0401 86       		.byte	0x86
 571 0402 A2000000 		.4byte	0xa2
 572 0406 7C       		.byte	0x7c
 573 0407 06       		.uleb128 0x6
 574 0408 F2070000 		.4byte	.LASF87
 575 040c 05       		.byte	0x5
 576 040d 87       		.byte	0x87
 577 040e A2000000 		.4byte	0xa2
 578 0412 7D       		.byte	0x7d
 579 0413 06       		.uleb128 0x6
 580 0414 2E000000 		.4byte	.LASF88
 581 0418 05       		.byte	0x5
 582 0419 88       		.byte	0x88
 583 041a A2000000 		.4byte	0xa2
 584 041e 7E       		.byte	0x7e
 585 041f 06       		.uleb128 0x6
 586 0420 76020000 		.4byte	.LASF89
 587 0424 05       		.byte	0x5
 588 0425 89       		.byte	0x89
 589 0426 A2000000 		.4byte	0xa2
 590 042a 7F       		.byte	0x7f
 591 042b 06       		.uleb128 0x6
 592 042c CF020000 		.4byte	.LASF90
 593 0430 05       		.byte	0x5
 594 0431 8A       		.byte	0x8a
 595 0432 A2000000 		.4byte	0xa2
ARM GAS  C:\Users\subra\AppData\Local\Temp\cc1vUHWf.s 			page 14


 596 0436 80       		.byte	0x80
 597 0437 06       		.uleb128 0x6
 598 0438 DB070000 		.4byte	.LASF91
 599 043c 05       		.byte	0x5
 600 043d 8D       		.byte	0x8d
 601 043e CE000000 		.4byte	0xce
 602 0442 84       		.byte	0x84
 603 0443 06       		.uleb128 0x6
 604 0444 BC000000 		.4byte	.LASF92
 605 0448 05       		.byte	0x5
 606 0449 8E       		.byte	0x8e
 607 044a CE000000 		.4byte	0xce
 608 044e 88       		.byte	0x88
 609 044f 06       		.uleb128 0x6
 610 0450 3E080000 		.4byte	.LASF93
 611 0454 05       		.byte	0x5
 612 0455 8F       		.byte	0x8f
 613 0456 CE000000 		.4byte	0xce
 614 045a 8C       		.byte	0x8c
 615 045b 06       		.uleb128 0x6
 616 045c 50040000 		.4byte	.LASF94
 617 0460 05       		.byte	0x5
 618 0461 90       		.byte	0x90
 619 0462 CE000000 		.4byte	0xce
 620 0466 90       		.byte	0x90
 621 0467 06       		.uleb128 0x6
 622 0468 BA020000 		.4byte	.LASF95
 623 046c 05       		.byte	0x5
 624 046d 91       		.byte	0x91
 625 046e CE000000 		.4byte	0xce
 626 0472 94       		.byte	0x94
 627 0473 06       		.uleb128 0x6
 628 0474 16040000 		.4byte	.LASF96
 629 0478 05       		.byte	0x5
 630 0479 92       		.byte	0x92
 631 047a CE000000 		.4byte	0xce
 632 047e 98       		.byte	0x98
 633 047f 06       		.uleb128 0x6
 634 0480 92080000 		.4byte	.LASF97
 635 0484 05       		.byte	0x5
 636 0485 93       		.byte	0x93
 637 0486 CE000000 		.4byte	0xce
 638 048a 9C       		.byte	0x9c
 639 048b 06       		.uleb128 0x6
 640 048c 22010000 		.4byte	.LASF98
 641 0490 05       		.byte	0x5
 642 0491 94       		.byte	0x94
 643 0492 CE000000 		.4byte	0xce
 644 0496 A0       		.byte	0xa0
 645 0497 06       		.uleb128 0x6
 646 0498 B6010000 		.4byte	.LASF99
 647 049c 05       		.byte	0x5
 648 049d 95       		.byte	0x95
 649 049e B8000000 		.4byte	0xb8
 650 04a2 A4       		.byte	0xa4
 651 04a3 06       		.uleb128 0x6
 652 04a4 01040000 		.4byte	.LASF100
ARM GAS  C:\Users\subra\AppData\Local\Temp\cc1vUHWf.s 			page 15


 653 04a8 05       		.byte	0x5
 654 04a9 96       		.byte	0x96
 655 04aa B8000000 		.4byte	0xb8
 656 04ae A6       		.byte	0xa6
 657 04af 06       		.uleb128 0x6
 658 04b0 AF040000 		.4byte	.LASF101
 659 04b4 05       		.byte	0x5
 660 04b5 97       		.byte	0x97
 661 04b6 B8000000 		.4byte	0xb8
 662 04ba A8       		.byte	0xa8
 663 04bb 06       		.uleb128 0x6
 664 04bc 11070000 		.4byte	.LASF102
 665 04c0 05       		.byte	0x5
 666 04c1 98       		.byte	0x98
 667 04c2 B8000000 		.4byte	0xb8
 668 04c6 AA       		.byte	0xaa
 669 04c7 06       		.uleb128 0x6
 670 04c8 A0030000 		.4byte	.LASF103
 671 04cc 05       		.byte	0x5
 672 04cd 99       		.byte	0x99
 673 04ce B8000000 		.4byte	0xb8
 674 04d2 AC       		.byte	0xac
 675 04d3 06       		.uleb128 0x6
 676 04d4 A1040000 		.4byte	.LASF104
 677 04d8 05       		.byte	0x5
 678 04d9 9A       		.byte	0x9a
 679 04da B8000000 		.4byte	0xb8
 680 04de AE       		.byte	0xae
 681 04df 06       		.uleb128 0x6
 682 04e0 98070000 		.4byte	.LASF105
 683 04e4 05       		.byte	0x5
 684 04e5 9D       		.byte	0x9d
 685 04e6 B8000000 		.4byte	0xb8
 686 04ea B0       		.byte	0xb0
 687 04eb 06       		.uleb128 0x6
 688 04ec 4B000000 		.4byte	.LASF106
 689 04f0 05       		.byte	0x5
 690 04f1 9E       		.byte	0x9e
 691 04f2 CE000000 		.4byte	0xce
 692 04f6 B4       		.byte	0xb4
 693 04f7 00       		.byte	0
 694 04f8 03       		.uleb128 0x3
 695 04f9 D5030000 		.4byte	.LASF107
 696 04fd 05       		.byte	0x5
 697 04fe 9F       		.byte	0x9f
 698 04ff E7000000 		.4byte	0xe7
 699 0503 02       		.uleb128 0x2
 700 0504 01       		.byte	0x1
 701 0505 08       		.byte	0x8
 702 0506 F5060000 		.4byte	.LASF108
 703 050a 02       		.uleb128 0x2
 704 050b 04       		.byte	0x4
 705 050c 04       		.byte	0x4
 706 050d C5050000 		.4byte	.LASF109
 707 0511 02       		.uleb128 0x2
 708 0512 08       		.byte	0x8
 709 0513 04       		.byte	0x4
ARM GAS  C:\Users\subra\AppData\Local\Temp\cc1vUHWf.s 			page 16


 710 0514 38020000 		.4byte	.LASF110
 711 0518 02       		.uleb128 0x2
 712 0519 01       		.byte	0x1
 713 051a 02       		.byte	0x2
 714 051b 50060000 		.4byte	.LASF111
 715 051f 07       		.uleb128 0x7
 716 0520 E4010000 		.4byte	.LASF144
 717 0524 64       		.byte	0x64
 718 0525 06       		.byte	0x6
 719 0526 2F       		.byte	0x2f
 720 0527 58060000 		.4byte	0x658
 721 052b 06       		.uleb128 0x6
 722 052c BD050000 		.4byte	.LASF112
 723 0530 06       		.byte	0x6
 724 0531 31       		.byte	0x31
 725 0532 CE000000 		.4byte	0xce
 726 0536 00       		.byte	0
 727 0537 06       		.uleb128 0x6
 728 0538 03010000 		.4byte	.LASF113
 729 053c 06       		.byte	0x6
 730 053d 33       		.byte	0x33
 731 053e CE000000 		.4byte	0xce
 732 0542 04       		.byte	0x4
 733 0543 06       		.uleb128 0x6
 734 0544 82000000 		.4byte	.LASF114
 735 0548 06       		.byte	0x6
 736 0549 34       		.byte	0x34
 737 054a CE000000 		.4byte	0xce
 738 054e 08       		.byte	0x8
 739 054f 06       		.uleb128 0x6
 740 0550 F2030000 		.4byte	.LASF115
 741 0554 06       		.byte	0x6
 742 0555 35       		.byte	0x35
 743 0556 CE000000 		.4byte	0xce
 744 055a 0C       		.byte	0xc
 745 055b 06       		.uleb128 0x6
 746 055c 12000000 		.4byte	.LASF116
 747 0560 06       		.byte	0x6
 748 0561 36       		.byte	0x36
 749 0562 CE000000 		.4byte	0xce
 750 0566 10       		.byte	0x10
 751 0567 06       		.uleb128 0x6
 752 0568 C2070000 		.4byte	.LASF117
 753 056c 06       		.byte	0x6
 754 056d 37       		.byte	0x37
 755 056e CE000000 		.4byte	0xce
 756 0572 14       		.byte	0x14
 757 0573 06       		.uleb128 0x6
 758 0574 CA070000 		.4byte	.LASF118
 759 0578 06       		.byte	0x6
 760 0579 38       		.byte	0x38
 761 057a CE000000 		.4byte	0xce
 762 057e 18       		.byte	0x18
 763 057f 06       		.uleb128 0x6
 764 0580 9E060000 		.4byte	.LASF119
 765 0584 06       		.byte	0x6
 766 0585 39       		.byte	0x39
ARM GAS  C:\Users\subra\AppData\Local\Temp\cc1vUHWf.s 			page 17


 767 0586 18050000 		.4byte	0x518
 768 058a 1C       		.byte	0x1c
 769 058b 06       		.uleb128 0x6
 770 058c E0060000 		.4byte	.LASF120
 771 0590 06       		.byte	0x6
 772 0591 3A       		.byte	0x3a
 773 0592 CE000000 		.4byte	0xce
 774 0596 20       		.byte	0x20
 775 0597 06       		.uleb128 0x6
 776 0598 D2070000 		.4byte	.LASF121
 777 059c 06       		.byte	0x6
 778 059d 3B       		.byte	0x3b
 779 059e CE000000 		.4byte	0xce
 780 05a2 24       		.byte	0x24
 781 05a3 06       		.uleb128 0x6
 782 05a4 3D030000 		.4byte	.LASF122
 783 05a8 06       		.byte	0x6
 784 05a9 3C       		.byte	0x3c
 785 05aa 18050000 		.4byte	0x518
 786 05ae 28       		.byte	0x28
 787 05af 06       		.uleb128 0x6
 788 05b0 5F070000 		.4byte	.LASF123
 789 05b4 06       		.byte	0x6
 790 05b5 3E       		.byte	0x3e
 791 05b6 CE000000 		.4byte	0xce
 792 05ba 2C       		.byte	0x2c
 793 05bb 06       		.uleb128 0x6
 794 05bc E5030000 		.4byte	.LASF124
 795 05c0 06       		.byte	0x6
 796 05c1 3F       		.byte	0x3f
 797 05c2 CE000000 		.4byte	0xce
 798 05c6 30       		.byte	0x30
 799 05c7 06       		.uleb128 0x6
 800 05c8 18080000 		.4byte	.LASF125
 801 05cc 06       		.byte	0x6
 802 05cd 40       		.byte	0x40
 803 05ce CE000000 		.4byte	0xce
 804 05d2 34       		.byte	0x34
 805 05d3 06       		.uleb128 0x6
 806 05d4 3F060000 		.4byte	.LASF126
 807 05d8 06       		.byte	0x6
 808 05d9 41       		.byte	0x41
 809 05da CE000000 		.4byte	0xce
 810 05de 38       		.byte	0x38
 811 05df 06       		.uleb128 0x6
 812 05e0 83030000 		.4byte	.LASF127
 813 05e4 06       		.byte	0x6
 814 05e5 42       		.byte	0x42
 815 05e6 CE000000 		.4byte	0xce
 816 05ea 3C       		.byte	0x3c
 817 05eb 06       		.uleb128 0x6
 818 05ec AF060000 		.4byte	.LASF128
 819 05f0 06       		.byte	0x6
 820 05f1 44       		.byte	0x44
 821 05f2 CE000000 		.4byte	0xce
 822 05f6 40       		.byte	0x40
 823 05f7 06       		.uleb128 0x6
ARM GAS  C:\Users\subra\AppData\Local\Temp\cc1vUHWf.s 			page 18


 824 05f8 82080000 		.4byte	.LASF129
 825 05fc 06       		.byte	0x6
 826 05fd 45       		.byte	0x45
 827 05fe CE000000 		.4byte	0xce
 828 0602 44       		.byte	0x44
 829 0603 06       		.uleb128 0x6
 830 0604 70070000 		.4byte	.LASF130
 831 0608 06       		.byte	0x6
 832 0609 47       		.byte	0x47
 833 060a CE000000 		.4byte	0xce
 834 060e 48       		.byte	0x48
 835 060f 06       		.uleb128 0x6
 836 0610 A6070000 		.4byte	.LASF131
 837 0614 06       		.byte	0x6
 838 0615 48       		.byte	0x48
 839 0616 CE000000 		.4byte	0xce
 840 061a 4C       		.byte	0x4c
 841 061b 06       		.uleb128 0x6
 842 061c 2C040000 		.4byte	.LASF132
 843 0620 06       		.byte	0x6
 844 0621 4A       		.byte	0x4a
 845 0622 CE000000 		.4byte	0xce
 846 0626 50       		.byte	0x50
 847 0627 06       		.uleb128 0x6
 848 0628 AE030000 		.4byte	.LASF133
 849 062c 06       		.byte	0x6
 850 062d 4B       		.byte	0x4b
 851 062e CE000000 		.4byte	0xce
 852 0632 54       		.byte	0x54
 853 0633 06       		.uleb128 0x6
 854 0634 41000000 		.4byte	.LASF134
 855 0638 06       		.byte	0x6
 856 0639 4D       		.byte	0x4d
 857 063a CE000000 		.4byte	0xce
 858 063e 58       		.byte	0x58
 859 063f 06       		.uleb128 0x6
 860 0640 A8080000 		.4byte	.LASF135
 861 0644 06       		.byte	0x6
 862 0645 4E       		.byte	0x4e
 863 0646 CE000000 		.4byte	0xce
 864 064a 5C       		.byte	0x5c
 865 064b 06       		.uleb128 0x6
 866 064c FA060000 		.4byte	.LASF136
 867 0650 06       		.byte	0x6
 868 0651 50       		.byte	0x50
 869 0652 CE000000 		.4byte	0xce
 870 0656 60       		.byte	0x60
 871 0657 00       		.byte	0
 872 0658 03       		.uleb128 0x3
 873 0659 68080000 		.4byte	.LASF137
 874 065d 06       		.byte	0x6
 875 065e 51       		.byte	0x51
 876 065f 1F050000 		.4byte	0x51f
 877 0663 08       		.uleb128 0x8
 878 0664 FD040000 		.4byte	.LASF145
 879 0668 02       		.byte	0x2
 880 0669 81       		.byte	0x81
ARM GAS  C:\Users\subra\AppData\Local\Temp\cc1vUHWf.s 			page 19


 881 066a 03       		.byte	0x3
 882 066b 09       		.uleb128 0x9
 883 066c 5F020000 		.4byte	.LASF146
 884 0670 01       		.byte	0x1
 885 0671 0E       		.byte	0xe
 886 0672 94000000 		.4byte	0x94
 887 0676 00000000 		.4byte	.LFB409
 888 067a 04000000 		.4byte	.LFE409-.LFB409
 889 067e 01       		.uleb128 0x1
 890 067f 9C       		.byte	0x9c
 891 0680 94060000 		.4byte	0x694
 892 0684 0A       		.uleb128 0xa
 893 0685 63060000 		.4byte	0x663
 894 0689 00000000 		.4byte	.LBB4
 895 068d 04000000 		.4byte	.LBE4-.LBB4
 896 0691 01       		.byte	0x1
 897 0692 10       		.byte	0x10
 898 0693 00       		.byte	0
 899 0694 0B       		.uleb128 0xb
 900 0695 38010000 		.4byte	.LASF138
 901 0699 07       		.byte	0x7
 902 069a F907     		.2byte	0x7f9
 903 069c A0060000 		.4byte	0x6a0
 904 06a0 0C       		.uleb128 0xc
 905 06a1 C3000000 		.4byte	0xc3
 906 06a5 0D       		.uleb128 0xd
 907 06a6 DC050000 		.4byte	.LASF139
 908 06aa 05       		.byte	0x5
 909 06ab A7       		.byte	0xa7
 910 06ac B0060000 		.4byte	0x6b0
 911 06b0 0E       		.uleb128 0xe
 912 06b1 04       		.byte	0x4
 913 06b2 B6060000 		.4byte	0x6b6
 914 06b6 0F       		.uleb128 0xf
 915 06b7 F8040000 		.4byte	0x4f8
 916 06bb 0D       		.uleb128 0xd
 917 06bc 2A070000 		.4byte	.LASF140
 918 06c0 08       		.byte	0x8
 919 06c1 1F       		.byte	0x1f
 920 06c2 C6060000 		.4byte	0x6c6
 921 06c6 0F       		.uleb128 0xf
 922 06c7 58060000 		.4byte	0x658
 923 06cb 00       		.byte	0
 924              		.section	.debug_abbrev,"",%progbits
 925              	.Ldebug_abbrev0:
 926 0000 01       		.uleb128 0x1
 927 0001 11       		.uleb128 0x11
 928 0002 01       		.byte	0x1
 929 0003 25       		.uleb128 0x25
 930 0004 0E       		.uleb128 0xe
 931 0005 13       		.uleb128 0x13
 932 0006 0B       		.uleb128 0xb
 933 0007 03       		.uleb128 0x3
 934 0008 0E       		.uleb128 0xe
 935 0009 1B       		.uleb128 0x1b
 936 000a 0E       		.uleb128 0xe
 937 000b 55       		.uleb128 0x55
ARM GAS  C:\Users\subra\AppData\Local\Temp\cc1vUHWf.s 			page 20


 938 000c 17       		.uleb128 0x17
 939 000d 11       		.uleb128 0x11
 940 000e 01       		.uleb128 0x1
 941 000f 10       		.uleb128 0x10
 942 0010 17       		.uleb128 0x17
 943 0011 00       		.byte	0
 944 0012 00       		.byte	0
 945 0013 02       		.uleb128 0x2
 946 0014 24       		.uleb128 0x24
 947 0015 00       		.byte	0
 948 0016 0B       		.uleb128 0xb
 949 0017 0B       		.uleb128 0xb
 950 0018 3E       		.uleb128 0x3e
 951 0019 0B       		.uleb128 0xb
 952 001a 03       		.uleb128 0x3
 953 001b 0E       		.uleb128 0xe
 954 001c 00       		.byte	0
 955 001d 00       		.byte	0
 956 001e 03       		.uleb128 0x3
 957 001f 16       		.uleb128 0x16
 958 0020 00       		.byte	0
 959 0021 03       		.uleb128 0x3
 960 0022 0E       		.uleb128 0xe
 961 0023 3A       		.uleb128 0x3a
 962 0024 0B       		.uleb128 0xb
 963 0025 3B       		.uleb128 0x3b
 964 0026 0B       		.uleb128 0xb
 965 0027 49       		.uleb128 0x49
 966 0028 13       		.uleb128 0x13
 967 0029 00       		.byte	0
 968 002a 00       		.byte	0
 969 002b 04       		.uleb128 0x4
 970 002c 24       		.uleb128 0x24
 971 002d 00       		.byte	0
 972 002e 0B       		.uleb128 0xb
 973 002f 0B       		.uleb128 0xb
 974 0030 3E       		.uleb128 0x3e
 975 0031 0B       		.uleb128 0xb
 976 0032 03       		.uleb128 0x3
 977 0033 08       		.uleb128 0x8
 978 0034 00       		.byte	0
 979 0035 00       		.byte	0
 980 0036 05       		.uleb128 0x5
 981 0037 13       		.uleb128 0x13
 982 0038 01       		.byte	0x1
 983 0039 0B       		.uleb128 0xb
 984 003a 0B       		.uleb128 0xb
 985 003b 3A       		.uleb128 0x3a
 986 003c 0B       		.uleb128 0xb
 987 003d 3B       		.uleb128 0x3b
 988 003e 0B       		.uleb128 0xb
 989 003f 01       		.uleb128 0x1
 990 0040 13       		.uleb128 0x13
 991 0041 00       		.byte	0
 992 0042 00       		.byte	0
 993 0043 06       		.uleb128 0x6
 994 0044 0D       		.uleb128 0xd
ARM GAS  C:\Users\subra\AppData\Local\Temp\cc1vUHWf.s 			page 21


 995 0045 00       		.byte	0
 996 0046 03       		.uleb128 0x3
 997 0047 0E       		.uleb128 0xe
 998 0048 3A       		.uleb128 0x3a
 999 0049 0B       		.uleb128 0xb
 1000 004a 3B       		.uleb128 0x3b
 1001 004b 0B       		.uleb128 0xb
 1002 004c 49       		.uleb128 0x49
 1003 004d 13       		.uleb128 0x13
 1004 004e 38       		.uleb128 0x38
 1005 004f 0B       		.uleb128 0xb
 1006 0050 00       		.byte	0
 1007 0051 00       		.byte	0
 1008 0052 07       		.uleb128 0x7
 1009 0053 13       		.uleb128 0x13
 1010 0054 01       		.byte	0x1
 1011 0055 03       		.uleb128 0x3
 1012 0056 0E       		.uleb128 0xe
 1013 0057 0B       		.uleb128 0xb
 1014 0058 0B       		.uleb128 0xb
 1015 0059 3A       		.uleb128 0x3a
 1016 005a 0B       		.uleb128 0xb
 1017 005b 3B       		.uleb128 0x3b
 1018 005c 0B       		.uleb128 0xb
 1019 005d 01       		.uleb128 0x1
 1020 005e 13       		.uleb128 0x13
 1021 005f 00       		.byte	0
 1022 0060 00       		.byte	0
 1023 0061 08       		.uleb128 0x8
 1024 0062 2E       		.uleb128 0x2e
 1025 0063 00       		.byte	0
 1026 0064 03       		.uleb128 0x3
 1027 0065 0E       		.uleb128 0xe
 1028 0066 3A       		.uleb128 0x3a
 1029 0067 0B       		.uleb128 0xb
 1030 0068 3B       		.uleb128 0x3b
 1031 0069 0B       		.uleb128 0xb
 1032 006a 27       		.uleb128 0x27
 1033 006b 19       		.uleb128 0x19
 1034 006c 20       		.uleb128 0x20
 1035 006d 0B       		.uleb128 0xb
 1036 006e 00       		.byte	0
 1037 006f 00       		.byte	0
 1038 0070 09       		.uleb128 0x9
 1039 0071 2E       		.uleb128 0x2e
 1040 0072 01       		.byte	0x1
 1041 0073 3F       		.uleb128 0x3f
 1042 0074 19       		.uleb128 0x19
 1043 0075 03       		.uleb128 0x3
 1044 0076 0E       		.uleb128 0xe
 1045 0077 3A       		.uleb128 0x3a
 1046 0078 0B       		.uleb128 0xb
 1047 0079 3B       		.uleb128 0x3b
 1048 007a 0B       		.uleb128 0xb
 1049 007b 27       		.uleb128 0x27
 1050 007c 19       		.uleb128 0x19
 1051 007d 49       		.uleb128 0x49
ARM GAS  C:\Users\subra\AppData\Local\Temp\cc1vUHWf.s 			page 22


 1052 007e 13       		.uleb128 0x13
 1053 007f 8701     		.uleb128 0x87
 1054 0081 19       		.uleb128 0x19
 1055 0082 11       		.uleb128 0x11
 1056 0083 01       		.uleb128 0x1
 1057 0084 12       		.uleb128 0x12
 1058 0085 06       		.uleb128 0x6
 1059 0086 40       		.uleb128 0x40
 1060 0087 18       		.uleb128 0x18
 1061 0088 9742     		.uleb128 0x2117
 1062 008a 19       		.uleb128 0x19
 1063 008b 01       		.uleb128 0x1
 1064 008c 13       		.uleb128 0x13
 1065 008d 00       		.byte	0
 1066 008e 00       		.byte	0
 1067 008f 0A       		.uleb128 0xa
 1068 0090 1D       		.uleb128 0x1d
 1069 0091 00       		.byte	0
 1070 0092 31       		.uleb128 0x31
 1071 0093 13       		.uleb128 0x13
 1072 0094 11       		.uleb128 0x11
 1073 0095 01       		.uleb128 0x1
 1074 0096 12       		.uleb128 0x12
 1075 0097 06       		.uleb128 0x6
 1076 0098 58       		.uleb128 0x58
 1077 0099 0B       		.uleb128 0xb
 1078 009a 59       		.uleb128 0x59
 1079 009b 0B       		.uleb128 0xb
 1080 009c 00       		.byte	0
 1081 009d 00       		.byte	0
 1082 009e 0B       		.uleb128 0xb
 1083 009f 34       		.uleb128 0x34
 1084 00a0 00       		.byte	0
 1085 00a1 03       		.uleb128 0x3
 1086 00a2 0E       		.uleb128 0xe
 1087 00a3 3A       		.uleb128 0x3a
 1088 00a4 0B       		.uleb128 0xb
 1089 00a5 3B       		.uleb128 0x3b
 1090 00a6 05       		.uleb128 0x5
 1091 00a7 49       		.uleb128 0x49
 1092 00a8 13       		.uleb128 0x13
 1093 00a9 3F       		.uleb128 0x3f
 1094 00aa 19       		.uleb128 0x19
 1095 00ab 3C       		.uleb128 0x3c
 1096 00ac 19       		.uleb128 0x19
 1097 00ad 00       		.byte	0
 1098 00ae 00       		.byte	0
 1099 00af 0C       		.uleb128 0xc
 1100 00b0 35       		.uleb128 0x35
 1101 00b1 00       		.byte	0
 1102 00b2 49       		.uleb128 0x49
 1103 00b3 13       		.uleb128 0x13
 1104 00b4 00       		.byte	0
 1105 00b5 00       		.byte	0
 1106 00b6 0D       		.uleb128 0xd
 1107 00b7 34       		.uleb128 0x34
 1108 00b8 00       		.byte	0
ARM GAS  C:\Users\subra\AppData\Local\Temp\cc1vUHWf.s 			page 23


 1109 00b9 03       		.uleb128 0x3
 1110 00ba 0E       		.uleb128 0xe
 1111 00bb 3A       		.uleb128 0x3a
 1112 00bc 0B       		.uleb128 0xb
 1113 00bd 3B       		.uleb128 0x3b
 1114 00be 0B       		.uleb128 0xb
 1115 00bf 49       		.uleb128 0x49
 1116 00c0 13       		.uleb128 0x13
 1117 00c1 3F       		.uleb128 0x3f
 1118 00c2 19       		.uleb128 0x19
 1119 00c3 3C       		.uleb128 0x3c
 1120 00c4 19       		.uleb128 0x19
 1121 00c5 00       		.byte	0
 1122 00c6 00       		.byte	0
 1123 00c7 0E       		.uleb128 0xe
 1124 00c8 0F       		.uleb128 0xf
 1125 00c9 00       		.byte	0
 1126 00ca 0B       		.uleb128 0xb
 1127 00cb 0B       		.uleb128 0xb
 1128 00cc 49       		.uleb128 0x49
 1129 00cd 13       		.uleb128 0x13
 1130 00ce 00       		.byte	0
 1131 00cf 00       		.byte	0
 1132 00d0 0F       		.uleb128 0xf
 1133 00d1 26       		.uleb128 0x26
 1134 00d2 00       		.byte	0
 1135 00d3 49       		.uleb128 0x49
 1136 00d4 13       		.uleb128 0x13
 1137 00d5 00       		.byte	0
 1138 00d6 00       		.byte	0
 1139 00d7 00       		.byte	0
 1140              		.section	.debug_aranges,"",%progbits
 1141 0000 1C000000 		.4byte	0x1c
 1142 0004 0200     		.2byte	0x2
 1143 0006 00000000 		.4byte	.Ldebug_info0
 1144 000a 04       		.byte	0x4
 1145 000b 00       		.byte	0
 1146 000c 0000     		.2byte	0
 1147 000e 0000     		.2byte	0
 1148 0010 00000000 		.4byte	.LFB409
 1149 0014 04000000 		.4byte	.LFE409-.LFB409
 1150 0018 00000000 		.4byte	0
 1151 001c 00000000 		.4byte	0
 1152              		.section	.debug_ranges,"",%progbits
 1153              	.Ldebug_ranges0:
 1154 0000 00000000 		.4byte	.LFB409
 1155 0004 04000000 		.4byte	.LFE409
 1156 0008 00000000 		.4byte	0
 1157 000c 00000000 		.4byte	0
 1158              		.section	.debug_line,"",%progbits
 1159              	.Ldebug_line0:
 1160 0000 29020000 		.section	.debug_str,"MS",%progbits,1
 1160      02000E02 
 1160      00000201 
 1160      FB0E0D00 
 1160      01010101 
 1161              	.LASF56:
ARM GAS  C:\Users\subra\AppData\Local\Temp\cc1vUHWf.s 			page 24


 1162 0000 70726F74 		.ascii	"protBusMasterMask\000"
 1162      4275734D 
 1162      61737465 
 1162      724D6173 
 1162      6B00
 1163              	.LASF116:
 1164 0012 72756E4D 		.ascii	"runMode\000"
 1164      6F646500 
 1165              	.LASF66:
 1166 001a 666C6173 		.ascii	"flashCtlMainWs3Freq\000"
 1166      6843746C 
 1166      4D61696E 
 1166      57733346 
 1166      72657100 
 1167              	.LASF88:
 1168 002e 6770696F 		.ascii	"gpioPrtCfgInOffset\000"
 1168      50727443 
 1168      6667496E 
 1168      4F666673 
 1168      657400
 1169              	.LASF134:
 1170 0041 6B696C6C 		.ascii	"killInput\000"
 1170      496E7075 
 1170      7400
 1171              	.LASF106:
 1172 004b 6970634C 		.ascii	"ipcLockStatusOffset\000"
 1172      6F636B53 
 1172      74617475 
 1172      734F6666 
 1172      73657400 
 1173              	.LASF32:
 1174 005f 63727970 		.ascii	"cryptoVersion\000"
 1174      746F5665 
 1174      7273696F 
 1174      6E00
 1175              	.LASF50:
 1176 006d 70657269 		.ascii	"periClockNr\000"
 1176      436C6F63 
 1176      6B4E7200 
 1177              	.LASF28:
 1178 0079 70617373 		.ascii	"passBase\000"
 1178      42617365 
 1178      00
 1179              	.LASF114:
 1180 0082 70776D41 		.ascii	"pwmAlignment\000"
 1180      6C69676E 
 1180      6D656E74 
 1180      00
 1181              	.LASF41:
 1182 008f 63707573 		.ascii	"cpussIpcIrqNr\000"
 1182      73497063 
 1182      4972714E 
 1182      7200
 1183              	.LASF3:
 1184 009d 5F5F7569 		.ascii	"__uint8_t\000"
 1184      6E74385F 
 1184      7400
ARM GAS  C:\Users\subra\AppData\Local\Temp\cc1vUHWf.s 			page 25


 1185              	.LASF85:
 1186 00a7 70657269 		.ascii	"periDiv24_5CtlOffset\000"
 1186      44697632 
 1186      345F3543 
 1186      746C4F66 
 1186      66736574 
 1187              	.LASF92:
 1188 00bc 63707573 		.ascii	"cpussCm4ClockCtlOffset\000"
 1188      73436D34 
 1188      436C6F63 
 1188      6B43746C 
 1188      4F666673 
 1189              	.LASF21:
 1190 00d3 63707573 		.ascii	"cpussBase\000"
 1190      73426173 
 1190      6500
 1191              	.LASF70:
 1192 00dd 64774368 		.ascii	"dwChCtlPrioPos\000"
 1192      43746C50 
 1192      72696F50 
 1192      6F7300
 1193              	.LASF12:
 1194 00ec 6C6F6E67 		.ascii	"long long unsigned int\000"
 1194      206C6F6E 
 1194      6720756E 
 1194      7369676E 
 1194      65642069 
 1195              	.LASF113:
 1196 0103 636C6F63 		.ascii	"clockPrescaler\000"
 1196      6B507265 
 1196      7363616C 
 1196      657200
 1197              	.LASF74:
 1198 0112 70657269 		.ascii	"periTrCmdOffset\000"
 1198      5472436D 
 1198      644F6666 
 1198      73657400 
 1199              	.LASF98:
 1200 0122 63707573 		.ascii	"cpussSysTickCtlOffset\000"
 1200      73537973 
 1200      5469636B 
 1200      43746C4F 
 1200      66667365 
 1201              	.LASF138:
 1202 0138 49544D5F 		.ascii	"ITM_RxBuffer\000"
 1202      52784275 
 1202      66666572 
 1202      00
 1203              	.LASF59:
 1204 0145 666C6173 		.ascii	"flashPipeRequired\000"
 1204      68506970 
 1204      65526571 
 1204      75697265 
 1204      6400
 1205              	.LASF63:
 1206 0157 666C6173 		.ascii	"flashCtlMainWs0Freq\000"
 1206      6843746C 
ARM GAS  C:\Users\subra\AppData\Local\Temp\cc1vUHWf.s 			page 26


 1206      4D61696E 
 1206      57733046 
 1206      72657100 
 1207              	.LASF15:
 1208 016b 696E7431 		.ascii	"int16_t\000"
 1208      365F7400 
 1209              	.LASF11:
 1210 0173 6C6F6E67 		.ascii	"long long int\000"
 1210      206C6F6E 
 1210      6720696E 
 1210      7400
 1211              	.LASF1:
 1212 0181 7369676E 		.ascii	"signed char\000"
 1212      65642063 
 1212      68617200 
 1213              	.LASF79:
 1214 018d 70657269 		.ascii	"periDivCmdTypeSelPos\000"
 1214      44697643 
 1214      6D645479 
 1214      70655365 
 1214      6C506F73 
 1215              	.LASF25:
 1216 01a2 70726F74 		.ascii	"protBase\000"
 1216      42617365 
 1216      00
 1217              	.LASF37:
 1218 01ab 69706356 		.ascii	"ipcVersion\000"
 1218      65727369 
 1218      6F6E00
 1219              	.LASF99:
 1220 01b6 63707573 		.ascii	"cpussCm0NmiCtlOffset\000"
 1220      73436D30 
 1220      4E6D6943 
 1220      746C4F66 
 1220      66736574 
 1221              	.LASF47:
 1222 01cb 73727373 		.ascii	"srssNumClkpath\000"
 1222      4E756D43 
 1222      6C6B7061 
 1222      746800
 1223              	.LASF26:
 1224 01da 6873696F 		.ascii	"hsiomBase\000"
 1224      6D426173 
 1224      6500
 1225              	.LASF144:
 1226 01e4 63795F73 		.ascii	"cy_stc_tcpwm_pwm_config\000"
 1226      74635F74 
 1226      6370776D 
 1226      5F70776D 
 1226      5F636F6E 
 1227              	.LASF8:
 1228 01fc 6C6F6E67 		.ascii	"long int\000"
 1228      20696E74 
 1228      00
 1229              	.LASF57:
 1230 0205 63727970 		.ascii	"cryptoMemSize\000"
 1230      746F4D65 
ARM GAS  C:\Users\subra\AppData\Local\Temp\cc1vUHWf.s 			page 27


 1230      6D53697A 
 1230      6500
 1231              	.LASF23:
 1232 0213 70657269 		.ascii	"periBase\000"
 1232      42617365 
 1232      00
 1233              	.LASF55:
 1234 021c 73797350 		.ascii	"sysPmSimoPresent\000"
 1234      6D53696D 
 1234      6F507265 
 1234      73656E74 
 1234      00
 1235              	.LASF45:
 1236 022d 63707573 		.ascii	"cpussFmIrq\000"
 1236      73466D49 
 1236      727100
 1237              	.LASF110:
 1238 0238 646F7562 		.ascii	"double\000"
 1238      6C6500
 1239              	.LASF84:
 1240 023f 70657269 		.ascii	"periDiv16_5CtlOffset\000"
 1240      44697631 
 1240      365F3543 
 1240      746C4F66 
 1240      66736574 
 1241              	.LASF48:
 1242 0254 73727373 		.ascii	"srssNumPll\000"
 1242      4E756D50 
 1242      6C6C00
 1243              	.LASF146:
 1244 025f 6D61696E 		.ascii	"main\000"
 1244      00
 1245              	.LASF82:
 1246 0264 70657269 		.ascii	"periDiv8CtlOffset\000"
 1246      44697638 
 1246      43746C4F 
 1246      66667365 
 1246      7400
 1247              	.LASF89:
 1248 0276 6770696F 		.ascii	"gpioPrtCfgOutOffset\000"
 1248      50727443 
 1248      66674F75 
 1248      744F6666 
 1248      73657400 
 1249              	.LASF22:
 1250 028a 666C6173 		.ascii	"flashcBase\000"
 1250      68634261 
 1250      736500
 1251              	.LASF9:
 1252 0295 5F5F7569 		.ascii	"__uint32_t\000"
 1252      6E743332 
 1252      5F7400
 1253              	.LASF52:
 1254 02a0 70617373 		.ascii	"passSarChannels\000"
 1254      53617243 
 1254      68616E6E 
 1254      656C7300 
ARM GAS  C:\Users\subra\AppData\Local\Temp\cc1vUHWf.s 			page 28


 1255              	.LASF4:
 1256 02b0 5F5F696E 		.ascii	"__int16_t\000"
 1256      7431365F 
 1256      7400
 1257              	.LASF95:
 1258 02ba 63707573 		.ascii	"cpussCm4PwrCtlOffset\000"
 1258      73436D34 
 1258      50777243 
 1258      746C4F66 
 1258      66736574 
 1259              	.LASF90:
 1260 02cf 6770696F 		.ascii	"gpioPrtCfgSioOffset\000"
 1260      50727443 
 1260      66675369 
 1260      6F4F6666 
 1260      73657400 
 1261              	.LASF42:
 1262 02e3 63707573 		.ascii	"cpussDwChNr\000"
 1262      73447743 
 1262      684E7200 
 1263              	.LASF13:
 1264 02ef 756E7369 		.ascii	"unsigned int\000"
 1264      676E6564 
 1264      20696E74 
 1264      00
 1265              	.LASF16:
 1266 02fc 75696E74 		.ascii	"uint16_t\000"
 1266      31365F74 
 1266      00
 1267              	.LASF75:
 1268 0305 70657269 		.ascii	"periTrCmdGrSelMsk\000"
 1268      5472436D 
 1268      64477253 
 1268      656C4D73 
 1268      6B00
 1269              	.LASF64:
 1270 0317 666C6173 		.ascii	"flashCtlMainWs1Freq\000"
 1270      6843746C 
 1270      4D61696E 
 1270      57733146 
 1270      72657100 
 1271              	.LASF10:
 1272 032b 6C6F6E67 		.ascii	"long unsigned int\000"
 1272      20756E73 
 1272      69676E65 
 1272      6420696E 
 1272      7400
 1273              	.LASF122:
 1274 033d 656E6162 		.ascii	"enableCompareSwap\000"
 1274      6C65436F 
 1274      6D706172 
 1274      65537761 
 1274      7000
 1275              	.LASF40:
 1276 034f 63707573 		.ascii	"cpussIpcNr\000"
 1276      73497063 
 1276      4E7200
ARM GAS  C:\Users\subra\AppData\Local\Temp\cc1vUHWf.s 			page 29


 1277              	.LASF27:
 1278 035a 6770696F 		.ascii	"gpioBase\000"
 1278      42617365 
 1278      00
 1279              	.LASF53:
 1280 0363 65704D6F 		.ascii	"epMonitorNr\000"
 1280      6E69746F 
 1280      724E7200 
 1281              	.LASF65:
 1282 036f 666C6173 		.ascii	"flashCtlMainWs2Freq\000"
 1282      6843746C 
 1282      4D61696E 
 1282      57733246 
 1282      72657100 
 1283              	.LASF127:
 1284 0383 73776170 		.ascii	"swapInputMode\000"
 1284      496E7075 
 1284      744D6F64 
 1284      6500
 1285              	.LASF76:
 1286 0391 70657269 		.ascii	"periTrGrOffset\000"
 1286      54724772 
 1286      4F666673 
 1286      657400
 1287              	.LASF103:
 1288 03a0 63707573 		.ascii	"cpussRam1Ctl0\000"
 1288      7352616D 
 1288      3143746C 
 1288      3000
 1289              	.LASF133:
 1290 03ae 6B696C6C 		.ascii	"killInputMode\000"
 1290      496E7075 
 1290      744D6F64 
 1290      6500
 1291              	.LASF77:
 1292 03bc 70657269 		.ascii	"periTrGrSize\000"
 1292      54724772 
 1292      53697A65 
 1292      00
 1293              	.LASF35:
 1294 03c9 6770696F 		.ascii	"gpioVersion\000"
 1294      56657273 
 1294      696F6E00 
 1295              	.LASF107:
 1296 03d5 63795F73 		.ascii	"cy_stc_device_t\000"
 1296      74635F64 
 1296      65766963 
 1296      655F7400 
 1297              	.LASF124:
 1298 03e5 696E7665 		.ascii	"invertPWMOut\000"
 1298      72745057 
 1298      4D4F7574 
 1298      00
 1299              	.LASF115:
 1300 03f2 64656164 		.ascii	"deadTimeClocks\000"
 1300      54696D65 
 1300      436C6F63 
ARM GAS  C:\Users\subra\AppData\Local\Temp\cc1vUHWf.s 			page 30


 1300      6B7300
 1301              	.LASF100:
 1302 0401 63707573 		.ascii	"cpussCm4NmiCtlOffset\000"
 1302      73436D34 
 1302      4E6D6943 
 1302      746C4F66 
 1302      66736574 
 1303              	.LASF96:
 1304 0416 63707573 		.ascii	"cpussTrimRamCtlOffset\000"
 1304      73547269 
 1304      6D52616D 
 1304      43746C4F 
 1304      66667365 
 1305              	.LASF132:
 1306 042c 73746172 		.ascii	"startInput\000"
 1306      74496E70 
 1306      757400
 1307              	.LASF31:
 1308 0437 63707573 		.ascii	"cpussVersion\000"
 1308      73566572 
 1308      73696F6E 
 1308      00
 1309              	.LASF38:
 1310 0444 70657269 		.ascii	"periVersion\000"
 1310      56657273 
 1310      696F6E00 
 1311              	.LASF94:
 1312 0450 63707573 		.ascii	"cpussCm0StatusOffset\000"
 1312      73436D30 
 1312      53746174 
 1312      75734F66 
 1312      66736574 
 1313              	.LASF19:
 1314 0465 73697A65 		.ascii	"sizetype\000"
 1314      74797065 
 1314      00
 1315              	.LASF68:
 1316 046e 64774368 		.ascii	"dwChOffset\000"
 1316      4F666673 
 1316      657400
 1317              	.LASF43:
 1318 0479 63707573 		.ascii	"cpussFlashPaSize\000"
 1318      73466C61 
 1318      73685061 
 1318      53697A65 
 1318      00
 1319              	.LASF81:
 1320 048a 70657269 		.ascii	"periDivCmdPaTypeSelPos\000"
 1320      44697643 
 1320      6D645061 
 1320      54797065 
 1320      53656C50 
 1321              	.LASF104:
 1322 04a1 63707573 		.ascii	"cpussRam2Ctl0\000"
 1322      7352616D 
 1322      3243746C 
 1322      3000
ARM GAS  C:\Users\subra\AppData\Local\Temp\cc1vUHWf.s 			page 31


 1323              	.LASF101:
 1324 04af 63707573 		.ascii	"cpussRomCtl\000"
 1324      73526F6D 
 1324      43746C00 
 1325              	.LASF72:
 1326 04bb 64775374 		.ascii	"dwStatusChIdxPos\000"
 1326      61747573 
 1326      43684964 
 1326      78506F73 
 1326      00
 1327              	.LASF54:
 1328 04cc 75646250 		.ascii	"udbPresent\000"
 1328      72657365 
 1328      6E7400
 1329              	.LASF34:
 1330 04d7 666C6173 		.ascii	"flashcVersion\000"
 1330      68635665 
 1330      7273696F 
 1330      6E00
 1331              	.LASF30:
 1332 04e5 63727970 		.ascii	"cryptoBase\000"
 1332      746F4261 
 1332      736500
 1333              	.LASF51:
 1334 04f0 736D6966 		.ascii	"smifDeviceNr\000"
 1334      44657669 
 1334      63654E72 
 1334      00
 1335              	.LASF145:
 1336 04fd 5F5F656E 		.ascii	"__enable_irq\000"
 1336      61626C65 
 1336      5F697271 
 1336      00
 1337              	.LASF141:
 1338 050a 474E5520 		.ascii	"GNU C11 5.4.1 20160609 (release) [ARM/embedded-5-br"
 1338      43313120 
 1338      352E342E 
 1338      31203230 
 1338      31363036 
 1339 053d 616E6368 		.ascii	"anch revision 237715] -mcpu=cortex-m4 -mfloat-abi=s"
 1339      20726576 
 1339      6973696F 
 1339      6E203233 
 1339      37373135 
 1340 0570 6F667466 		.ascii	"oftfp -mfpu=fpv4-sp-d16 -mthumb -g -Og -ffunction-s"
 1340      70202D6D 
 1340      6670753D 
 1340      66707634 
 1340      2D73702D 
 1341 05a3 65637469 		.ascii	"ections -ffat-lto-objects\000"
 1341      6F6E7320 
 1341      2D666661 
 1341      742D6C74 
 1341      6F2D6F62 
 1342              	.LASF112:
 1343 05bd 70776D4D 		.ascii	"pwmMode\000"
 1343      6F646500 
ARM GAS  C:\Users\subra\AppData\Local\Temp\cc1vUHWf.s 			page 32


 1344              	.LASF109:
 1345 05c5 666C6F61 		.ascii	"float\000"
 1345      7400
 1346              	.LASF73:
 1347 05cb 64775374 		.ascii	"dwStatusChIdxMsk\000"
 1347      61747573 
 1347      43684964 
 1347      784D736B 
 1347      00
 1348              	.LASF139:
 1349 05dc 63795F64 		.ascii	"cy_device\000"
 1349      65766963 
 1349      6500
 1350              	.LASF143:
 1351 05e6 443A5C50 		.ascii	"D:\\Projects\\NS\\Firmware\\NeruoStim\\PSOC6\\blink"
 1351      726F6A65 
 1351      6374735C 
 1351      4E535C46 
 1351      69726D77 
 1352 0613 795F6C65 		.ascii	"y_led2\\Design01.cydsn\000"
 1352      64325C44 
 1352      65736967 
 1352      6E30312E 
 1352      63796473 
 1353              	.LASF71:
 1354 0629 64774368 		.ascii	"dwChCtlPreemptablePos\000"
 1354      43746C50 
 1354      7265656D 
 1354      70746162 
 1354      6C65506F 
 1355              	.LASF126:
 1356 063f 6B696C6C 		.ascii	"killMode\000"
 1356      4D6F6465 
 1356      00
 1357              	.LASF24:
 1358 0648 75646242 		.ascii	"udbBase\000"
 1358      61736500 
 1359              	.LASF111:
 1360 0650 5F426F6F 		.ascii	"_Bool\000"
 1360      6C00
 1361              	.LASF17:
 1362 0656 696E7433 		.ascii	"int32_t\000"
 1362      325F7400 
 1363              	.LASF2:
 1364 065e 756E7369 		.ascii	"unsigned char\000"
 1364      676E6564 
 1364      20636861 
 1364      7200
 1365              	.LASF67:
 1366 066c 666C6173 		.ascii	"flashCtlMainWs4Freq\000"
 1366      6843746C 
 1366      4D61696E 
 1366      57733446 
 1366      72657100 
 1367              	.LASF0:
 1368 0680 73686F72 		.ascii	"short int\000"
 1368      7420696E 
ARM GAS  C:\Users\subra\AppData\Local\Temp\cc1vUHWf.s 			page 33


 1368      7400
 1369              	.LASF78:
 1370 068a 70657269 		.ascii	"periDivCmdDivSelMsk\000"
 1370      44697643 
 1370      6D644469 
 1370      7653656C 
 1370      4D736B00 
 1371              	.LASF119:
 1372 069e 656E6162 		.ascii	"enablePeriodSwap\000"
 1372      6C655065 
 1372      72696F64 
 1372      53776170 
 1372      00
 1373              	.LASF128:
 1374 06af 73776170 		.ascii	"swapInput\000"
 1374      496E7075 
 1374      7400
 1375              	.LASF49:
 1376 06b9 73727373 		.ascii	"srssNumHfroot\000"
 1376      4E756D48 
 1376      66726F6F 
 1376      7400
 1377              	.LASF62:
 1378 06c7 666C6173 		.ascii	"flashEraseDelay\000"
 1378      68457261 
 1378      73654465 
 1378      6C617900 
 1379              	.LASF18:
 1380 06d7 75696E74 		.ascii	"uint32_t\000"
 1380      33325F74 
 1380      00
 1381              	.LASF120:
 1382 06e0 636F6D70 		.ascii	"compare0\000"
 1382      61726530 
 1382      00
 1383              	.LASF20:
 1384 06e9 6C6F6E67 		.ascii	"long double\000"
 1384      20646F75 
 1384      626C6500 
 1385              	.LASF108:
 1386 06f5 63686172 		.ascii	"char\000"
 1386      00
 1387              	.LASF136:
 1388 06fa 636F756E 		.ascii	"countInput\000"
 1388      74496E70 
 1388      757400
 1389              	.LASF39:
 1390 0705 70726F74 		.ascii	"protVersion\000"
 1390      56657273 
 1390      696F6E00 
 1391              	.LASF102:
 1392 0711 63707573 		.ascii	"cpussRam0Ctl0\000"
 1392      7352616D 
 1392      3043746C 
 1392      3000
 1393              	.LASF5:
 1394 071f 5F5F7569 		.ascii	"__uint16_t\000"
ARM GAS  C:\Users\subra\AppData\Local\Temp\cc1vUHWf.s 			page 34


 1394      6E743136 
 1394      5F7400
 1395              	.LASF140:
 1396 072a 50574D5F 		.ascii	"PWM_config\000"
 1396      636F6E66 
 1396      696700
 1397              	.LASF83:
 1398 0735 70657269 		.ascii	"periDiv16CtlOffset\000"
 1398      44697631 
 1398      3643746C 
 1398      4F666673 
 1398      657400
 1399              	.LASF7:
 1400 0748 5F5F696E 		.ascii	"__int32_t\000"
 1400      7433325F 
 1400      7400
 1401              	.LASF36:
 1402 0752 6873696F 		.ascii	"hsiomVersion\000"
 1402      6D566572 
 1402      73696F6E 
 1402      00
 1403              	.LASF123:
 1404 075f 696E7465 		.ascii	"interruptSources\000"
 1404      72727570 
 1404      74536F75 
 1404      72636573 
 1404      00
 1405              	.LASF130:
 1406 0770 72656C6F 		.ascii	"reloadInput\000"
 1406      6164496E 
 1406      70757400 
 1407              	.LASF6:
 1408 077c 73686F72 		.ascii	"short unsigned int\000"
 1408      7420756E 
 1408      7369676E 
 1408      65642069 
 1408      6E7400
 1409              	.LASF69:
 1410 078f 64774368 		.ascii	"dwChSize\000"
 1410      53697A65 
 1410      00
 1411              	.LASF105:
 1412 0798 69706353 		.ascii	"ipcStructSize\000"
 1412      74727563 
 1412      7453697A 
 1412      6500
 1413              	.LASF131:
 1414 07a6 73746172 		.ascii	"startInputMode\000"
 1414      74496E70 
 1414      75744D6F 
 1414      646500
 1415              	.LASF44:
 1416 07b5 63707573 		.ascii	"cpussIpc0Irq\000"
 1416      73497063 
 1416      30497271 
 1416      00
 1417              	.LASF117:
ARM GAS  C:\Users\subra\AppData\Local\Temp\cc1vUHWf.s 			page 35


 1418 07c2 70657269 		.ascii	"period0\000"
 1418      6F643000 
 1419              	.LASF118:
 1420 07ca 70657269 		.ascii	"period1\000"
 1420      6F643100 
 1421              	.LASF121:
 1422 07d2 636F6D70 		.ascii	"compare1\000"
 1422      61726531 
 1422      00
 1423              	.LASF91:
 1424 07db 63707573 		.ascii	"cpussCm0ClockCtlOffset\000"
 1424      73436D30 
 1424      436C6F63 
 1424      6B43746C 
 1424      4F666673 
 1425              	.LASF87:
 1426 07f2 6770696F 		.ascii	"gpioPrtCfgOffset\000"
 1426      50727443 
 1426      66674F66 
 1426      66736574 
 1426      00
 1427              	.LASF46:
 1428 0803 63707573 		.ascii	"cpussNotConnectedIrq\000"
 1428      734E6F74 
 1428      436F6E6E 
 1428      65637465 
 1428      64497271 
 1429              	.LASF125:
 1430 0818 696E7665 		.ascii	"invertPWMOutN\000"
 1430      72745057 
 1430      4D4F7574 
 1430      4E00
 1431              	.LASF60:
 1432 0826 666C6173 		.ascii	"flashWriteDelay\000"
 1432      68577269 
 1432      74654465 
 1432      6C617900 
 1433              	.LASF14:
 1434 0836 75696E74 		.ascii	"uint8_t\000"
 1434      385F7400 
 1435              	.LASF93:
 1436 083e 63707573 		.ascii	"cpussCm4StatusOffset\000"
 1436      73436D34 
 1436      53746174 
 1436      75734F66 
 1436      66736574 
 1437              	.LASF86:
 1438 0853 6770696F 		.ascii	"gpioPrtIntrCfgOffset\000"
 1438      50727449 
 1438      6E747243 
 1438      66674F66 
 1438      66736574 
 1439              	.LASF137:
 1440 0868 63795F73 		.ascii	"cy_stc_tcpwm_pwm_config_t\000"
 1440      74635F74 
 1440      6370776D 
 1440      5F70776D 
ARM GAS  C:\Users\subra\AppData\Local\Temp\cc1vUHWf.s 			page 36


 1440      5F636F6E 
 1441              	.LASF129:
 1442 0882 72656C6F 		.ascii	"reloadInputMode\000"
 1442      6164496E 
 1442      7075744D 
 1442      6F646500 
 1443              	.LASF97:
 1444 0892 63707573 		.ascii	"cpussTrimRomCtlOffset\000"
 1444      73547269 
 1444      6D526F6D 
 1444      43746C4F 
 1444      66667365 
 1445              	.LASF135:
 1446 08a8 636F756E 		.ascii	"countInputMode\000"
 1446      74496E70 
 1446      75744D6F 
 1446      646500
 1447              	.LASF33:
 1448 08b7 64775665 		.ascii	"dwVersion\000"
 1448      7273696F 
 1448      6E00
 1449              	.LASF29:
 1450 08c1 69706342 		.ascii	"ipcBase\000"
 1450      61736500 
 1451              	.LASF80:
 1452 08c9 70657269 		.ascii	"periDivCmdPaDivSelPos\000"
 1452      44697643 
 1452      6D645061 
 1452      44697653 
 1452      656C506F 
 1453              	.LASF61:
 1454 08df 666C6173 		.ascii	"flashProgramDelay\000"
 1454      6850726F 
 1454      6772616D 
 1454      44656C61 
 1454      7900
 1455              	.LASF142:
 1456 08f1 6D61696E 		.ascii	"main_cm4.c\000"
 1456      5F636D34 
 1456      2E6300
 1457              	.LASF58:
 1458 08fc 666C6173 		.ascii	"flashRwwRequired\000"
 1458      68527777 
 1458      52657175 
 1458      69726564 
 1458      00
 1459              		.ident	"GCC: (GNU Tools for ARM Embedded Processors) 5.4.1 20160609 (release) [ARM/embedded-5-bran
