ARM GAS  C:\Users\cmila\AppData\Local\Temp\ccRth6Gm.s 			page 1


   1              		.syntax unified
   2              		.cpu cortex-m4
   3              		.eabi_attribute 27, 1
   4              		.fpu fpv4-sp-d16
   5              		.eabi_attribute 20, 1
   6              		.eabi_attribute 21, 1
   7              		.eabi_attribute 23, 3
   8              		.eabi_attribute 24, 1
   9              		.eabi_attribute 25, 1
  10              		.eabi_attribute 26, 1
  11              		.eabi_attribute 30, 4
  12              		.eabi_attribute 34, 1
  13              		.eabi_attribute 18, 4
  14              		.thumb
  15              		.syntax unified
  16              		.file	"cyfitter_sysint_cfg.c"
  17              		.text
  18              	.Ltext0:
  19              		.cfi_sections	.debug_frame
  20              		.global	isrTimer_cfg
  21              		.global	UART_SCB_IRQ_cfg
  22              		.section	.rodata
  23              		.align	2
  24              		.type	isrTimer_cfg, %object
  25              		.size	isrTimer_cfg, 8
  26              	isrTimer_cfg:
  27 0000 5A00     		.short	90
  28 0002 0000     		.space	2
  29 0004 07000000 		.word	7
  30              		.type	UART_SCB_IRQ_cfg, %object
  31              		.size	UART_SCB_IRQ_cfg, 8
  32              	UART_SCB_IRQ_cfg:
  33 0008 2E00     		.short	46
  34 000a 0000     		.space	2
  35 000c 07000000 		.word	7
  36              		.text
  37              	.Letext0:
  38              		.file 1 "Generated_Source\\PSoC6\\pdl\\devices/psoc6/include/cyble_416045_02.h"
  39              		.file 2 "c:\\program files (x86)\\cypress\\psoc creator\\4.4\\psoc creator\\import\\gnu\\arm\\5.4.
  40              		.file 3 "c:\\program files (x86)\\cypress\\psoc creator\\4.4\\psoc creator\\import\\gnu\\arm\\5.4.
  41              		.file 4 "Generated_Source\\PSoC6\\pdl\\drivers/peripheral/device/cy_device.h"
  42              		.file 5 "Generated_Source\\PSoC6\\pdl\\drivers/peripheral/sysint/cy_sysint.h"
  43              		.file 6 "Generated_Source\\PSoC6\\pdl\\cmsis/include/core_cm4.h"
  44              		.file 7 "Generated_Source\\PSoC6\\cyfitter_sysint_cfg.c"
  45              		.section	.debug_info,"",%progbits
  46              	.Ldebug_info0:
  47 0000 57090000 		.4byte	0x957
  48 0004 0400     		.2byte	0x4
  49 0006 00000000 		.4byte	.Ldebug_abbrev0
  50 000a 04       		.byte	0x4
  51 000b 01       		.uleb128 0x1
  52 000c 89100000 		.4byte	.LASF277
  53 0010 0C       		.byte	0xc
  54 0011 25140000 		.4byte	.LASF278
  55 0015 30080000 		.4byte	.LASF279
  56 0019 00000000 		.4byte	.Ldebug_line0
  57 001d 02       		.uleb128 0x2
ARM GAS  C:\Users\cmila\AppData\Local\Temp\ccRth6Gm.s 			page 2


  58 001e 02       		.byte	0x2
  59 001f DE030000 		.4byte	0x3de
  60 0023 01       		.byte	0x1
  61 0024 24       		.byte	0x24
  62 0025 DE030000 		.4byte	0x3de
  63 0029 03       		.uleb128 0x3
  64 002a 3B150000 		.4byte	.LASF0
  65 002e 71       		.sleb128 -15
  66 002f 03       		.uleb128 0x3
  67 0030 25100000 		.4byte	.LASF1
  68 0034 72       		.sleb128 -14
  69 0035 03       		.uleb128 0x3
  70 0036 91150000 		.4byte	.LASF2
  71 003a 73       		.sleb128 -13
  72 003b 03       		.uleb128 0x3
  73 003c D3030000 		.4byte	.LASF3
  74 0040 74       		.sleb128 -12
  75 0041 03       		.uleb128 0x3
  76 0042 380C0000 		.4byte	.LASF4
  77 0046 75       		.sleb128 -11
  78 0047 03       		.uleb128 0x3
  79 0048 D7130000 		.4byte	.LASF5
  80 004c 76       		.sleb128 -10
  81 004d 03       		.uleb128 0x3
  82 004e 25060000 		.4byte	.LASF6
  83 0052 7B       		.sleb128 -5
  84 0053 03       		.uleb128 0x3
  85 0054 C5130000 		.4byte	.LASF7
  86 0058 7C       		.sleb128 -4
  87 0059 03       		.uleb128 0x3
  88 005a 5D030000 		.4byte	.LASF8
  89 005e 7E       		.sleb128 -2
  90 005f 03       		.uleb128 0x3
  91 0060 C2120000 		.4byte	.LASF9
  92 0064 7F       		.sleb128 -1
  93 0065 04       		.uleb128 0x4
  94 0066 9F160000 		.4byte	.LASF10
  95 006a 00       		.byte	0
  96 006b 04       		.uleb128 0x4
  97 006c 920D0000 		.4byte	.LASF11
  98 0070 01       		.byte	0x1
  99 0071 04       		.uleb128 0x4
 100 0072 29020000 		.4byte	.LASF12
 101 0076 02       		.byte	0x2
 102 0077 04       		.uleb128 0x4
 103 0078 EC110000 		.4byte	.LASF13
 104 007c 03       		.byte	0x3
 105 007d 04       		.uleb128 0x4
 106 007e 0A090000 		.4byte	.LASF14
 107 0082 04       		.byte	0x4
 108 0083 04       		.uleb128 0x4
 109 0084 19160000 		.4byte	.LASF15
 110 0088 05       		.byte	0x5
 111 0089 04       		.uleb128 0x4
 112 008a D40C0000 		.4byte	.LASF16
 113 008e 06       		.byte	0x6
 114 008f 04       		.uleb128 0x4
ARM GAS  C:\Users\cmila\AppData\Local\Temp\ccRth6Gm.s 			page 3


 115 0090 3E040000 		.4byte	.LASF17
 116 0094 07       		.byte	0x7
 117 0095 04       		.uleb128 0x4
 118 0096 92110000 		.4byte	.LASF18
 119 009a 08       		.byte	0x8
 120 009b 04       		.uleb128 0x4
 121 009c A0080000 		.4byte	.LASF19
 122 00a0 09       		.byte	0x9
 123 00a1 04       		.uleb128 0x4
 124 00a2 26090000 		.4byte	.LASF20
 125 00a6 0A       		.byte	0xa
 126 00a7 04       		.uleb128 0x4
 127 00a8 8A060000 		.4byte	.LASF21
 128 00ac 0B       		.byte	0xb
 129 00ad 04       		.uleb128 0x4
 130 00ae A70F0000 		.4byte	.LASF22
 131 00b2 0C       		.byte	0xc
 132 00b3 04       		.uleb128 0x4
 133 00b4 5A040000 		.4byte	.LASF23
 134 00b8 0D       		.byte	0xd
 135 00b9 04       		.uleb128 0x4
 136 00ba 59110000 		.4byte	.LASF24
 137 00be 0E       		.byte	0xe
 138 00bf 04       		.uleb128 0x4
 139 00c0 24000000 		.4byte	.LASF25
 140 00c4 0F       		.byte	0xf
 141 00c5 04       		.uleb128 0x4
 142 00c6 FC140000 		.4byte	.LASF26
 143 00ca 10       		.byte	0x10
 144 00cb 04       		.uleb128 0x4
 145 00cc 400B0000 		.4byte	.LASF27
 146 00d0 11       		.byte	0x11
 147 00d1 04       		.uleb128 0x4
 148 00d2 BE030000 		.4byte	.LASF28
 149 00d6 12       		.byte	0x12
 150 00d7 04       		.uleb128 0x4
 151 00d8 0F0B0000 		.4byte	.LASF29
 152 00dc 13       		.byte	0x13
 153 00dd 04       		.uleb128 0x4
 154 00de 0D020000 		.4byte	.LASF30
 155 00e2 14       		.byte	0x14
 156 00e3 04       		.uleb128 0x4
 157 00e4 E5050000 		.4byte	.LASF31
 158 00e8 15       		.byte	0x15
 159 00e9 04       		.uleb128 0x4
 160 00ea 60090000 		.4byte	.LASF32
 161 00ee 16       		.byte	0x16
 162 00ef 04       		.uleb128 0x4
 163 00f0 D0010000 		.4byte	.LASF33
 164 00f4 17       		.byte	0x17
 165 00f5 04       		.uleb128 0x4
 166 00f6 C40F0000 		.4byte	.LASF34
 167 00fa 18       		.byte	0x18
 168 00fb 04       		.uleb128 0x4
 169 00fc B00B0000 		.4byte	.LASF35
 170 0100 19       		.byte	0x19
 171 0101 04       		.uleb128 0x4
ARM GAS  C:\Users\cmila\AppData\Local\Temp\ccRth6Gm.s 			page 4


 172 0102 B1000000 		.4byte	.LASF36
 173 0106 1A       		.byte	0x1a
 174 0107 04       		.uleb128 0x4
 175 0108 21070000 		.4byte	.LASF37
 176 010c 1B       		.byte	0x1b
 177 010d 04       		.uleb128 0x4
 178 010e 63170000 		.4byte	.LASF38
 179 0112 1C       		.byte	0x1c
 180 0113 04       		.uleb128 0x4
 181 0114 8C140000 		.4byte	.LASF39
 182 0118 1D       		.byte	0x1d
 183 0119 04       		.uleb128 0x4
 184 011a 560B0000 		.4byte	.LASF40
 185 011e 1E       		.byte	0x1e
 186 011f 04       		.uleb128 0x4
 187 0120 76110000 		.4byte	.LASF41
 188 0124 1F       		.byte	0x1f
 189 0125 04       		.uleb128 0x4
 190 0126 140F0000 		.4byte	.LASF42
 191 012a 20       		.byte	0x20
 192 012b 04       		.uleb128 0x4
 193 012c A7060000 		.4byte	.LASF43
 194 0130 21       		.byte	0x21
 195 0131 04       		.uleb128 0x4
 196 0132 35160000 		.4byte	.LASF44
 197 0136 22       		.byte	0x22
 198 0137 04       		.uleb128 0x4
 199 0138 430A0000 		.4byte	.LASF45
 200 013c 23       		.byte	0x23
 201 013d 04       		.uleb128 0x4
 202 013e 6B010000 		.4byte	.LASF46
 203 0142 24       		.byte	0x24
 204 0143 04       		.uleb128 0x4
 205 0144 3C110000 		.4byte	.LASF47
 206 0148 25       		.byte	0x25
 207 0149 04       		.uleb128 0x4
 208 014a BB050000 		.4byte	.LASF48
 209 014e 26       		.byte	0x26
 210 014f 04       		.uleb128 0x4
 211 0150 1E150000 		.4byte	.LASF49
 212 0154 27       		.byte	0x27
 213 0155 04       		.uleb128 0x4
 214 0156 FB0B0000 		.4byte	.LASF50
 215 015a 28       		.byte	0x28
 216 015b 04       		.uleb128 0x4
 217 015c 31060000 		.4byte	.LASF51
 218 0160 29       		.byte	0x29
 219 0161 04       		.uleb128 0x4
 220 0162 A40C0000 		.4byte	.LASF52
 221 0166 2A       		.byte	0x2a
 222 0167 04       		.uleb128 0x4
 223 0168 D7110000 		.4byte	.LASF53
 224 016c 2B       		.byte	0x2b
 225 016d 04       		.uleb128 0x4
 226 016e CD000000 		.4byte	.LASF54
 227 0172 2C       		.byte	0x2c
 228 0173 04       		.uleb128 0x4
ARM GAS  C:\Users\cmila\AppData\Local\Temp\ccRth6Gm.s 			page 5


 229 0174 E8040000 		.4byte	.LASF55
 230 0178 2D       		.byte	0x2d
 231 0179 04       		.uleb128 0x4
 232 017a E60B0000 		.4byte	.LASF56
 233 017e 2E       		.byte	0x2e
 234 017f 04       		.uleb128 0x4
 235 0180 74100000 		.4byte	.LASF57
 236 0184 2F       		.byte	0x2f
 237 0185 04       		.uleb128 0x4
 238 0186 7F170000 		.4byte	.LASF58
 239 018a 30       		.byte	0x30
 240 018b 04       		.uleb128 0x4
 241 018c 60060000 		.4byte	.LASF59
 242 0190 31       		.byte	0x31
 243 0191 04       		.uleb128 0x4
 244 0192 6C120000 		.4byte	.LASF60
 245 0196 32       		.byte	0x32
 246 0197 04       		.uleb128 0x4
 247 0198 BE090000 		.4byte	.LASF61
 248 019c 33       		.byte	0x33
 249 019d 04       		.uleb128 0x4
 250 019e 24010000 		.4byte	.LASF62
 251 01a2 34       		.byte	0x34
 252 01a3 04       		.uleb128 0x4
 253 01a4 680D0000 		.4byte	.LASF63
 254 01a8 35       		.byte	0x35
 255 01a9 04       		.uleb128 0x4
 256 01aa 3E130000 		.4byte	.LASF64
 257 01ae 36       		.byte	0x36
 258 01af 04       		.uleb128 0x4
 259 01b0 B8140000 		.4byte	.LASF65
 260 01b4 37       		.byte	0x37
 261 01b5 04       		.uleb128 0x4
 262 01b6 EE080000 		.4byte	.LASF66
 263 01ba 38       		.byte	0x38
 264 01bb 04       		.uleb128 0x4
 265 01bc 90000000 		.4byte	.LASF67
 266 01c0 39       		.byte	0x39
 267 01c1 04       		.uleb128 0x4
 268 01c2 8B0F0000 		.4byte	.LASF68
 269 01c6 3A       		.byte	0x3a
 270 01c7 04       		.uleb128 0x4
 271 01c8 4C0D0000 		.4byte	.LASF69
 272 01cc 3B       		.byte	0x3b
 273 01cd 04       		.uleb128 0x4
 274 01ce 74150000 		.4byte	.LASF70
 275 01d2 3C       		.byte	0x3c
 276 01d3 04       		.uleb128 0x4
 277 01d4 BB160000 		.4byte	.LASF71
 278 01d8 3D       		.byte	0x3d
 279 01d9 04       		.uleb128 0x4
 280 01da AE0D0000 		.4byte	.LASF72
 281 01de 3E       		.byte	0x3e
 282 01df 04       		.uleb128 0x4
 283 01e0 5A020000 		.4byte	.LASF73
 284 01e4 3F       		.byte	0x3f
 285 01e5 04       		.uleb128 0x4
ARM GAS  C:\Users\cmila\AppData\Local\Temp\ccRth6Gm.s 			page 6


 286 01e6 08120000 		.4byte	.LASF74
 287 01ea 40       		.byte	0x40
 288 01eb 04       		.uleb128 0x4
 289 01ec 43090000 		.4byte	.LASF75
 290 01f0 41       		.byte	0x41
 291 01f1 04       		.uleb128 0x4
 292 01f2 27030000 		.4byte	.LASF76
 293 01f6 42       		.byte	0x42
 294 01f7 04       		.uleb128 0x4
 295 01f8 DC120000 		.4byte	.LASF77
 296 01fc 43       		.byte	0x43
 297 01fd 04       		.uleb128 0x4
 298 01fe 000A0000 		.4byte	.LASF78
 299 0202 44       		.byte	0x44
 300 0203 04       		.uleb128 0x4
 301 0204 EC160000 		.4byte	.LASF79
 302 0208 45       		.byte	0x45
 303 0209 04       		.uleb128 0x4
 304 020a CB0D0000 		.4byte	.LASF80
 305 020e 46       		.byte	0x46
 306 020f 04       		.uleb128 0x4
 307 0210 08050000 		.4byte	.LASF81
 308 0214 47       		.byte	0x47
 309 0215 04       		.uleb128 0x4
 310 0216 35120000 		.4byte	.LASF82
 311 021a 48       		.byte	0x48
 312 021b 04       		.uleb128 0x4
 313 021c 85090000 		.4byte	.LASF83
 314 0220 49       		.byte	0x49
 315 0221 04       		.uleb128 0x4
 316 0222 E2000000 		.4byte	.LASF84
 317 0226 4A       		.byte	0x4a
 318 0227 04       		.uleb128 0x4
 319 0228 300D0000 		.4byte	.LASF85
 320 022c 4B       		.byte	0x4b
 321 022d 04       		.uleb128 0x4
 322 022e E70D0000 		.4byte	.LASF86
 323 0232 4C       		.byte	0x4c
 324 0233 04       		.uleb128 0x4
 325 0234 37050000 		.4byte	.LASF87
 326 0238 4D       		.byte	0x4d
 327 0239 04       		.uleb128 0x4
 328 023a DF140000 		.4byte	.LASF88
 329 023e 4E       		.byte	0x4e
 330 023f 04       		.uleb128 0x4
 331 0240 A1090000 		.4byte	.LASF89
 332 0244 4F       		.byte	0x4f
 333 0245 04       		.uleb128 0x4
 334 0246 FE000000 		.4byte	.LASF90
 335 024a 50       		.byte	0x50
 336 024b 04       		.uleb128 0x4
 337 024c E20F0000 		.4byte	.LASF91
 338 0250 51       		.byte	0x51
 339 0251 04       		.uleb128 0x4
 340 0252 C3060000 		.4byte	.LASF92
 341 0256 52       		.byte	0x52
 342 0257 04       		.uleb128 0x4
ARM GAS  C:\Users\cmila\AppData\Local\Temp\ccRth6Gm.s 			page 7


 343 0258 5D160000 		.4byte	.LASF93
 344 025c 53       		.byte	0x53
 345 025d 04       		.uleb128 0x4
 346 025e 22170000 		.4byte	.LASF94
 347 0262 54       		.byte	0x54
 348 0263 04       		.uleb128 0x4
 349 0264 600A0000 		.4byte	.LASF95
 350 0268 55       		.byte	0x55
 351 0269 04       		.uleb128 0x4
 352 026a 100D0000 		.4byte	.LASF96
 353 026e 56       		.byte	0x56
 354 026f 04       		.uleb128 0x4
 355 0270 A2040000 		.4byte	.LASF97
 356 0274 57       		.byte	0x57
 357 0275 04       		.uleb128 0x4
 358 0276 94170000 		.4byte	.LASF98
 359 027a 58       		.byte	0x58
 360 027b 04       		.uleb128 0x4
 361 027c 9F0E0000 		.4byte	.LASF99
 362 0280 59       		.byte	0x59
 363 0281 04       		.uleb128 0x4
 364 0282 3E170000 		.4byte	.LASF100
 365 0286 5A       		.byte	0x5a
 366 0287 04       		.uleb128 0x4
 367 0288 CC0B0000 		.4byte	.LASF101
 368 028c 5B       		.byte	0x5b
 369 028d 04       		.uleb128 0x4
 370 028e 43030000 		.4byte	.LASF102
 371 0292 5C       		.byte	0x5c
 372 0293 04       		.uleb128 0x4
 373 0294 18130000 		.4byte	.LASF103
 374 0298 5D       		.byte	0x5d
 375 0299 04       		.uleb128 0x4
 376 029a 3D070000 		.4byte	.LASF104
 377 029e 5E       		.byte	0x5e
 378 029f 04       		.uleb128 0x4
 379 02a0 08170000 		.4byte	.LASF105
 380 02a4 5F       		.byte	0x5f
 381 02a5 04       		.uleb128 0x4
 382 02a6 040E0000 		.4byte	.LASF106
 383 02aa 60       		.byte	0x60
 384 02ab 04       		.uleb128 0x4
 385 02ac DB020000 		.4byte	.LASF107
 386 02b0 61       		.byte	0x61
 387 02b1 04       		.uleb128 0x4
 388 02b2 E7130000 		.4byte	.LASF108
 389 02b6 62       		.byte	0x62
 390 02b7 04       		.uleb128 0x4
 391 02b8 D8070000 		.4byte	.LASF109
 392 02bc 63       		.byte	0x63
 393 02bd 04       		.uleb128 0x4
 394 02be B4170000 		.4byte	.LASF110
 395 02c2 64       		.byte	0x64
 396 02c3 04       		.uleb128 0x4
 397 02c4 BF0E0000 		.4byte	.LASF111
 398 02c8 65       		.byte	0x65
 399 02c9 04       		.uleb128 0x4
ARM GAS  C:\Users\cmila\AppData\Local\Temp\ccRth6Gm.s 			page 8


 400 02ca 46060000 		.4byte	.LASF112
 401 02ce 66       		.byte	0x66
 402 02cf 04       		.uleb128 0x4
 403 02d0 72130000 		.4byte	.LASF113
 404 02d4 67       		.byte	0x67
 405 02d5 04       		.uleb128 0x4
 406 02d6 780A0000 		.4byte	.LASF114
 407 02da 68       		.byte	0x68
 408 02db 04       		.uleb128 0x4
 409 02dc AC010000 		.4byte	.LASF115
 410 02e0 69       		.byte	0x69
 411 02e1 04       		.uleb128 0x4
 412 02e2 420E0000 		.4byte	.LASF116
 413 02e6 6A       		.byte	0x6a
 414 02e7 04       		.uleb128 0x4
 415 02e8 00060000 		.4byte	.LASF117
 416 02ec 6B       		.byte	0x6b
 417 02ed 04       		.uleb128 0x4
 418 02ee FE150000 		.4byte	.LASF118
 419 02f2 6C       		.byte	0x6c
 420 02f3 04       		.uleb128 0x4
 421 02f4 B90C0000 		.4byte	.LASF119
 422 02f8 6D       		.byte	0x6d
 423 02f9 04       		.uleb128 0x4
 424 02fa 23040000 		.4byte	.LASF120
 425 02fe 6E       		.byte	0x6e
 426 02ff 04       		.uleb128 0x4
 427 0300 71140000 		.4byte	.LASF121
 428 0304 6F       		.byte	0x6f
 429 0305 04       		.uleb128 0x4
 430 0306 85080000 		.4byte	.LASF122
 431 030a 70       		.byte	0x70
 432 030b 04       		.uleb128 0x4
 433 030c 3D000000 		.4byte	.LASF123
 434 0310 71       		.byte	0x71
 435 0311 04       		.uleb128 0x4
 436 0312 F90E0000 		.4byte	.LASF124
 437 0316 72       		.byte	0x72
 438 0317 04       		.uleb128 0x4
 439 0318 E9030000 		.4byte	.LASF125
 440 031c 73       		.byte	0x73
 441 031d 04       		.uleb128 0x4
 442 031e AA130000 		.4byte	.LASF126
 443 0322 74       		.byte	0x74
 444 0323 04       		.uleb128 0x4
 445 0324 D80A0000 		.4byte	.LASF127
 446 0328 75       		.byte	0x75
 447 0329 04       		.uleb128 0x4
 448 032a 39100000 		.4byte	.LASF128
 449 032e 76       		.byte	0x76
 450 032f 04       		.uleb128 0x4
 451 0330 9C020000 		.4byte	.LASF129
 452 0334 77       		.byte	0x77
 453 0335 04       		.uleb128 0x4
 454 0336 51120000 		.4byte	.LASF130
 455 033a 78       		.byte	0x78
 456 033b 04       		.uleb128 0x4
ARM GAS  C:\Users\cmila\AppData\Local\Temp\ccRth6Gm.s 			page 9


 457 033c 81020000 		.4byte	.LASF131
 458 0340 79       		.byte	0x79
 459 0341 04       		.uleb128 0x4
 460 0342 C4150000 		.4byte	.LASF132
 461 0346 7A       		.byte	0x7a
 462 0347 04       		.uleb128 0x4
 463 0348 6C0C0000 		.4byte	.LASF133
 464 034c 7B       		.byte	0x7b
 465 034d 04       		.uleb128 0x4
 466 034e 04040000 		.4byte	.LASF134
 467 0352 7C       		.byte	0x7c
 468 0353 04       		.uleb128 0x4
 469 0354 01140000 		.4byte	.LASF135
 470 0358 7D       		.byte	0x7d
 471 0359 04       		.uleb128 0x4
 472 035a F2070000 		.4byte	.LASF136
 473 035e 7E       		.byte	0x7e
 474 035f 04       		.uleb128 0x4
 475 0360 300F0000 		.4byte	.LASF137
 476 0364 7F       		.byte	0x7f
 477 0365 04       		.uleb128 0x4
 478 0366 D90E0000 		.4byte	.LASF138
 479 036a 80       		.byte	0x80
 480 036b 04       		.uleb128 0x4
 481 036c A8030000 		.4byte	.LASF139
 482 0370 81       		.byte	0x81
 483 0371 04       		.uleb128 0x4
 484 0372 8C130000 		.4byte	.LASF140
 485 0376 82       		.byte	0x82
 486 0377 04       		.uleb128 0x4
 487 0378 920A0000 		.4byte	.LASF141
 488 037c 83       		.byte	0x83
 489 037d 04       		.uleb128 0x4
 490 037e 62000000 		.4byte	.LASF142
 491 0382 84       		.byte	0x84
 492 0383 04       		.uleb128 0x4
 493 0384 0A070000 		.4byte	.LASF143
 494 0388 85       		.byte	0x85
 495 0389 04       		.uleb128 0x4
 496 038a AB120000 		.4byte	.LASF144
 497 038e 86       		.byte	0x86
 498 038f 04       		.uleb128 0x4
 499 0390 B90A0000 		.4byte	.LASF145
 500 0394 87       		.byte	0x87
 501 0395 04       		.uleb128 0x4
 502 0396 B7020000 		.4byte	.LASF146
 503 039a 88       		.byte	0x88
 504 039b 04       		.uleb128 0x4
 505 039c 77040000 		.4byte	.LASF147
 506 03a0 89       		.byte	0x89
 507 03a1 04       		.uleb128 0x4
 508 03a2 AC150000 		.4byte	.LASF148
 509 03a6 8A       		.byte	0x8a
 510 03a7 04       		.uleb128 0x4
 511 03a8 9B070000 		.4byte	.LASF149
 512 03ac 8B       		.byte	0x8b
 513 03ad 04       		.uleb128 0x4
ARM GAS  C:\Users\cmila\AppData\Local\Temp\ccRth6Gm.s 			page 10


 514 03ae 15080000 		.4byte	.LASF150
 515 03b2 8C       		.byte	0x8c
 516 03b3 04       		.uleb128 0x4
 517 03b4 73060000 		.4byte	.LASF151
 518 03b8 8D       		.byte	0x8d
 519 03b9 04       		.uleb128 0x4
 520 03ba C3110000 		.4byte	.LASF152
 521 03be 8E       		.byte	0x8e
 522 03bf 04       		.uleb128 0x4
 523 03c0 8E0C0000 		.4byte	.LASF153
 524 03c4 8F       		.byte	0x8f
 525 03c5 04       		.uleb128 0x4
 526 03c6 54050000 		.4byte	.LASF154
 527 03ca 90       		.byte	0x90
 528 03cb 04       		.uleb128 0x4
 529 03cc 2D0A0000 		.4byte	.LASF155
 530 03d0 91       		.byte	0x91
 531 03d1 04       		.uleb128 0x4
 532 03d2 BF070000 		.4byte	.LASF156
 533 03d6 92       		.byte	0x92
 534 03d7 04       		.uleb128 0x4
 535 03d8 EF090000 		.4byte	.LASF157
 536 03dc F0       		.byte	0xf0
 537 03dd 00       		.byte	0
 538 03de 05       		.uleb128 0x5
 539 03df 02       		.byte	0x2
 540 03e0 05       		.byte	0x5
 541 03e1 77020000 		.4byte	.LASF158
 542 03e5 06       		.uleb128 0x6
 543 03e6 F5060000 		.4byte	.LASF160
 544 03ea 01       		.byte	0x1
 545 03eb F4       		.byte	0xf4
 546 03ec 1D000000 		.4byte	0x1d
 547 03f0 05       		.uleb128 0x5
 548 03f1 01       		.byte	0x1
 549 03f2 06       		.byte	0x6
 550 03f3 A0150000 		.4byte	.LASF159
 551 03f7 06       		.uleb128 0x6
 552 03f8 14150000 		.4byte	.LASF161
 553 03fc 02       		.byte	0x2
 554 03fd 1D       		.byte	0x1d
 555 03fe 02040000 		.4byte	0x402
 556 0402 05       		.uleb128 0x5
 557 0403 01       		.byte	0x1
 558 0404 08       		.byte	0x8
 559 0405 17140000 		.4byte	.LASF162
 560 0409 06       		.uleb128 0x6
 561 040a 180C0000 		.4byte	.LASF163
 562 040e 02       		.byte	0x2
 563 040f 29       		.byte	0x29
 564 0410 DE030000 		.4byte	0x3de
 565 0414 06       		.uleb128 0x6
 566 0415 1A060000 		.4byte	.LASF164
 567 0419 02       		.byte	0x2
 568 041a 2B       		.byte	0x2b
 569 041b 1F040000 		.4byte	0x41f
 570 041f 05       		.uleb128 0x5
ARM GAS  C:\Users\cmila\AppData\Local\Temp\ccRth6Gm.s 			page 11


 571 0420 02       		.byte	0x2
 572 0421 07       		.byte	0x7
 573 0422 5C0E0000 		.4byte	.LASF165
 574 0426 06       		.uleb128 0x6
 575 0427 C6010000 		.4byte	.LASF166
 576 042b 02       		.byte	0x2
 577 042c 3F       		.byte	0x3f
 578 042d 31040000 		.4byte	0x431
 579 0431 05       		.uleb128 0x5
 580 0432 04       		.byte	0x4
 581 0433 05       		.byte	0x5
 582 0434 D90F0000 		.4byte	.LASF167
 583 0438 06       		.uleb128 0x6
 584 0439 52140000 		.4byte	.LASF168
 585 043d 02       		.byte	0x2
 586 043e 41       		.byte	0x41
 587 043f 43040000 		.4byte	0x443
 588 0443 05       		.uleb128 0x5
 589 0444 04       		.byte	0x4
 590 0445 07       		.byte	0x7
 591 0446 06130000 		.4byte	.LASF169
 592 044a 05       		.uleb128 0x5
 593 044b 08       		.byte	0x8
 594 044c 05       		.byte	0x5
 595 044d 800B0000 		.4byte	.LASF170
 596 0451 05       		.uleb128 0x5
 597 0452 08       		.byte	0x8
 598 0453 07       		.byte	0x7
 599 0454 7B050000 		.4byte	.LASF171
 600 0458 07       		.uleb128 0x7
 601 0459 04       		.byte	0x4
 602 045a 05       		.byte	0x5
 603 045b 696E7400 		.ascii	"int\000"
 604 045f 05       		.uleb128 0x5
 605 0460 04       		.byte	0x4
 606 0461 07       		.byte	0x7
 607 0462 5E010000 		.4byte	.LASF172
 608 0466 06       		.uleb128 0x6
 609 0467 D00A0000 		.4byte	.LASF173
 610 046b 03       		.byte	0x3
 611 046c 18       		.byte	0x18
 612 046d F7030000 		.4byte	0x3f7
 613 0471 06       		.uleb128 0x6
 614 0472 75030000 		.4byte	.LASF174
 615 0476 03       		.byte	0x3
 616 0477 20       		.byte	0x20
 617 0478 09040000 		.4byte	0x409
 618 047c 06       		.uleb128 0x6
 619 047d 7B0E0000 		.4byte	.LASF175
 620 0481 03       		.byte	0x3
 621 0482 24       		.byte	0x24
 622 0483 14040000 		.4byte	0x414
 623 0487 06       		.uleb128 0x6
 624 0488 5A130000 		.4byte	.LASF176
 625 048c 03       		.byte	0x3
 626 048d 2C       		.byte	0x2c
 627 048e 26040000 		.4byte	0x426
ARM GAS  C:\Users\cmila\AppData\Local\Temp\ccRth6Gm.s 			page 12


 628 0492 06       		.uleb128 0x6
 629 0493 1A040000 		.4byte	.LASF177
 630 0497 03       		.byte	0x3
 631 0498 30       		.byte	0x30
 632 0499 38040000 		.4byte	0x438
 633 049d 05       		.uleb128 0x5
 634 049e 04       		.byte	0x4
 635 049f 07       		.byte	0x7
 636 04a0 460F0000 		.4byte	.LASF178
 637 04a4 05       		.uleb128 0x5
 638 04a5 08       		.byte	0x8
 639 04a6 04       		.byte	0x4
 640 04a7 6F0E0000 		.4byte	.LASF179
 641 04ab 08       		.uleb128 0x8
 642 04ac B8       		.byte	0xb8
 643 04ad 04       		.byte	0x4
 644 04ae 34       		.byte	0x34
 645 04af BC080000 		.4byte	0x8bc
 646 04b3 09       		.uleb128 0x9
 647 04b4 F8010000 		.4byte	.LASF180
 648 04b8 04       		.byte	0x4
 649 04b9 37       		.byte	0x37
 650 04ba 92040000 		.4byte	0x492
 651 04be 00       		.byte	0
 652 04bf 09       		.uleb128 0x9
 653 04c0 FD040000 		.4byte	.LASF181
 654 04c4 04       		.byte	0x4
 655 04c5 38       		.byte	0x38
 656 04c6 92040000 		.4byte	0x492
 657 04ca 04       		.byte	0x4
 658 04cb 09       		.uleb128 0x9
 659 04cc 1B010000 		.4byte	.LASF182
 660 04d0 04       		.byte	0x4
 661 04d1 39       		.byte	0x39
 662 04d2 92040000 		.4byte	0x492
 663 04d6 08       		.byte	0x8
 664 04d7 09       		.uleb128 0x9
 665 04d8 A2130000 		.4byte	.LASF183
 666 04dc 04       		.byte	0x4
 667 04dd 3A       		.byte	0x3a
 668 04de 92040000 		.4byte	0x492
 669 04e2 0C       		.byte	0xc
 670 04e3 09       		.uleb128 0x9
 671 04e4 840E0000 		.4byte	.LASF184
 672 04e8 04       		.byte	0x4
 673 04e9 3B       		.byte	0x3b
 674 04ea 92040000 		.4byte	0x492
 675 04ee 10       		.byte	0x10
 676 04ef 09       		.uleb128 0x9
 677 04f0 2E0C0000 		.4byte	.LASF185
 678 04f4 04       		.byte	0x4
 679 04f5 3C       		.byte	0x3c
 680 04f6 92040000 		.4byte	0x492
 681 04fa 14       		.byte	0x14
 682 04fb 09       		.uleb128 0x9
 683 04fc B6070000 		.4byte	.LASF186
 684 0500 04       		.byte	0x4
ARM GAS  C:\Users\cmila\AppData\Local\Temp\ccRth6Gm.s 			page 13


 685 0501 3D       		.byte	0x3d
 686 0502 92040000 		.4byte	0x492
 687 0506 18       		.byte	0x18
 688 0507 09       		.uleb128 0x9
 689 0508 82160000 		.4byte	.LASF187
 690 050c 04       		.byte	0x4
 691 050d 3E       		.byte	0x3e
 692 050e 92040000 		.4byte	0x492
 693 0512 1C       		.byte	0x1c
 694 0513 09       		.uleb128 0x9
 695 0514 8E0B0000 		.4byte	.LASF188
 696 0518 04       		.byte	0x4
 697 0519 3F       		.byte	0x3f
 698 051a 92040000 		.4byte	0x492
 699 051e 20       		.byte	0x20
 700 051f 09       		.uleb128 0x9
 701 0520 A50B0000 		.4byte	.LASF189
 702 0524 04       		.byte	0x4
 703 0525 40       		.byte	0x40
 704 0526 92040000 		.4byte	0x492
 705 052a 24       		.byte	0x24
 706 052b 09       		.uleb128 0x9
 707 052c FF0F0000 		.4byte	.LASF190
 708 0530 04       		.byte	0x4
 709 0531 43       		.byte	0x43
 710 0532 66040000 		.4byte	0x466
 711 0536 28       		.byte	0x28
 712 0537 09       		.uleb128 0x9
 713 0538 C8040000 		.4byte	.LASF191
 714 053c 04       		.byte	0x4
 715 053d 44       		.byte	0x44
 716 053e 66040000 		.4byte	0x466
 717 0542 29       		.byte	0x29
 718 0543 09       		.uleb128 0x9
 719 0544 EF0E0000 		.4byte	.LASF192
 720 0548 04       		.byte	0x4
 721 0549 45       		.byte	0x45
 722 054a 66040000 		.4byte	0x466
 723 054e 2A       		.byte	0x2a
 724 054f 09       		.uleb128 0x9
 725 0550 54100000 		.4byte	.LASF193
 726 0554 04       		.byte	0x4
 727 0555 46       		.byte	0x46
 728 0556 66040000 		.4byte	0x466
 729 055a 2B       		.byte	0x2b
 730 055b 09       		.uleb128 0x9
 731 055c 19100000 		.4byte	.LASF194
 732 0560 04       		.byte	0x4
 733 0561 47       		.byte	0x47
 734 0562 66040000 		.4byte	0x466
 735 0566 2C       		.byte	0x2c
 736 0567 09       		.uleb128 0x9
 737 0568 CF120000 		.4byte	.LASF195
 738 056c 04       		.byte	0x4
 739 056d 48       		.byte	0x48
 740 056e 66040000 		.4byte	0x466
 741 0572 2D       		.byte	0x2d
ARM GAS  C:\Users\cmila\AppData\Local\Temp\ccRth6Gm.s 			page 14


 742 0573 09       		.uleb128 0x9
 743 0574 58170000 		.4byte	.LASF196
 744 0578 04       		.byte	0x4
 745 0579 49       		.byte	0x49
 746 057a 66040000 		.4byte	0x466
 747 057e 2E       		.byte	0x2e
 748 057f 09       		.uleb128 0x9
 749 0580 51160000 		.4byte	.LASF197
 750 0584 04       		.byte	0x4
 751 0585 4A       		.byte	0x4a
 752 0586 66040000 		.4byte	0x466
 753 058a 2F       		.byte	0x2f
 754 058b 09       		.uleb128 0x9
 755 058c 69030000 		.4byte	.LASF198
 756 0590 04       		.byte	0x4
 757 0591 4B       		.byte	0x4b
 758 0592 66040000 		.4byte	0x466
 759 0596 30       		.byte	0x30
 760 0597 09       		.uleb128 0x9
 761 0598 F00C0000 		.4byte	.LASF199
 762 059c 04       		.byte	0x4
 763 059d 4E       		.byte	0x4e
 764 059e 66040000 		.4byte	0x466
 765 05a2 31       		.byte	0x31
 766 05a3 09       		.uleb128 0x9
 767 05a4 DA150000 		.4byte	.LASF200
 768 05a8 04       		.byte	0x4
 769 05a9 4F       		.byte	0x4f
 770 05aa 66040000 		.4byte	0x466
 771 05ae 32       		.byte	0x32
 772 05af 09       		.uleb128 0x9
 773 05b0 820C0000 		.4byte	.LASF201
 774 05b4 04       		.byte	0x4
 775 05b5 50       		.byte	0x50
 776 05b6 66040000 		.4byte	0x466
 777 05ba 33       		.byte	0x33
 778 05bb 09       		.uleb128 0x9
 779 05bc 74090000 		.4byte	.LASF202
 780 05c0 04       		.byte	0x4
 781 05c1 51       		.byte	0x51
 782 05c2 66040000 		.4byte	0x466
 783 05c6 34       		.byte	0x34
 784 05c7 09       		.uleb128 0x9
 785 05c8 D8050000 		.4byte	.LASF203
 786 05cc 04       		.byte	0x4
 787 05cd 52       		.byte	0x52
 788 05ce 71040000 		.4byte	0x471
 789 05d2 36       		.byte	0x36
 790 05d3 09       		.uleb128 0x9
 791 05d4 02020000 		.4byte	.LASF204
 792 05d8 04       		.byte	0x4
 793 05d9 53       		.byte	0x53
 794 05da 71040000 		.4byte	0x471
 795 05de 38       		.byte	0x38
 796 05df 09       		.uleb128 0x9
 797 05e0 45020000 		.4byte	.LASF205
 798 05e4 04       		.byte	0x4
ARM GAS  C:\Users\cmila\AppData\Local\Temp\ccRth6Gm.s 			page 15


 799 05e5 54       		.byte	0x54
 800 05e6 71040000 		.4byte	0x471
 801 05ea 3A       		.byte	0x3a
 802 05eb 09       		.uleb128 0x9
 803 05ec E9010000 		.4byte	.LASF206
 804 05f0 04       		.byte	0x4
 805 05f1 55       		.byte	0x55
 806 05f2 66040000 		.4byte	0x466
 807 05f6 3C       		.byte	0x3c
 808 05f7 09       		.uleb128 0x9
 809 05f8 FF060000 		.4byte	.LASF207
 810 05fc 04       		.byte	0x4
 811 05fd 56       		.byte	0x56
 812 05fe 66040000 		.4byte	0x466
 813 0602 3D       		.byte	0x3d
 814 0603 09       		.uleb128 0x9
 815 0604 79070000 		.4byte	.LASF208
 816 0608 04       		.byte	0x4
 817 0609 57       		.byte	0x57
 818 060a 66040000 		.4byte	0x466
 819 060e 3E       		.byte	0x3e
 820 060f 09       		.uleb128 0x9
 821 0610 220C0000 		.4byte	.LASF209
 822 0614 04       		.byte	0x4
 823 0615 58       		.byte	0x58
 824 0616 66040000 		.4byte	0x466
 825 061a 3F       		.byte	0x3f
 826 061b 09       		.uleb128 0x9
 827 061c 88010000 		.4byte	.LASF210
 828 0620 04       		.byte	0x4
 829 0621 59       		.byte	0x59
 830 0622 66040000 		.4byte	0x466
 831 0626 40       		.byte	0x40
 832 0627 09       		.uleb128 0x9
 833 0628 25120000 		.4byte	.LASF211
 834 062c 04       		.byte	0x4
 835 062d 5A       		.byte	0x5a
 836 062e 66040000 		.4byte	0x466
 837 0632 41       		.byte	0x41
 838 0633 09       		.uleb128 0x9
 839 0634 68150000 		.4byte	.LASF212
 840 0638 04       		.byte	0x4
 841 0639 5B       		.byte	0x5b
 842 063a 66040000 		.4byte	0x466
 843 063e 42       		.byte	0x42
 844 063f 09       		.uleb128 0x9
 845 0640 D2080000 		.4byte	.LASF213
 846 0644 04       		.byte	0x4
 847 0645 5C       		.byte	0x5c
 848 0646 66040000 		.4byte	0x466
 849 064a 43       		.byte	0x43
 850 064b 09       		.uleb128 0x9
 851 064c 1C0A0000 		.4byte	.LASF214
 852 0650 04       		.byte	0x4
 853 0651 5D       		.byte	0x5d
 854 0652 66040000 		.4byte	0x466
 855 0656 44       		.byte	0x44
ARM GAS  C:\Users\cmila\AppData\Local\Temp\ccRth6Gm.s 			page 16


 856 0657 09       		.uleb128 0x9
 857 0658 62100000 		.4byte	.LASF215
 858 065c 04       		.byte	0x4
 859 065d 5E       		.byte	0x5e
 860 065e 92040000 		.4byte	0x492
 861 0662 48       		.byte	0x48
 862 0663 09       		.uleb128 0x9
 863 0664 0B030000 		.4byte	.LASF216
 864 0668 04       		.byte	0x4
 865 0669 5F       		.byte	0x5f
 866 066a 92040000 		.4byte	0x492
 867 066e 4C       		.byte	0x4c
 868 066f 09       		.uleb128 0x9
 869 0670 46150000 		.4byte	.LASF217
 870 0674 04       		.byte	0x4
 871 0675 60       		.byte	0x60
 872 0676 66040000 		.4byte	0x466
 873 067a 50       		.byte	0x50
 874 067b 09       		.uleb128 0x9
 875 067c 57070000 		.4byte	.LASF218
 876 0680 04       		.byte	0x4
 877 0681 61       		.byte	0x61
 878 0682 66040000 		.4byte	0x466
 879 0686 51       		.byte	0x51
 880 0687 09       		.uleb128 0x9
 881 0688 6B050000 		.4byte	.LASF219
 882 068c 04       		.byte	0x4
 883 068d 62       		.byte	0x62
 884 068e 66040000 		.4byte	0x466
 885 0692 52       		.byte	0x52
 886 0693 09       		.uleb128 0x9
 887 0694 D6040000 		.4byte	.LASF220
 888 0698 04       		.byte	0x4
 889 0699 63       		.byte	0x63
 890 069a 66040000 		.4byte	0x466
 891 069e 53       		.byte	0x53
 892 069f 09       		.uleb128 0x9
 893 06a0 A8140000 		.4byte	.LASF221
 894 06a4 04       		.byte	0x4
 895 06a5 64       		.byte	0x64
 896 06a6 66040000 		.4byte	0x466
 897 06aa 54       		.byte	0x54
 898 06ab 09       		.uleb128 0x9
 899 06ac 87070000 		.4byte	.LASF222
 900 06b0 04       		.byte	0x4
 901 06b1 65       		.byte	0x65
 902 06b2 66040000 		.4byte	0x466
 903 06b6 55       		.byte	0x55
 904 06b7 09       		.uleb128 0x9
 905 06b8 00000000 		.4byte	.LASF223
 906 06bc 04       		.byte	0x4
 907 06bd 66       		.byte	0x66
 908 06be 66040000 		.4byte	0x466
 909 06c2 56       		.byte	0x56
 910 06c3 09       		.uleb128 0x9
 911 06c4 8B160000 		.4byte	.LASF224
 912 06c8 04       		.byte	0x4
ARM GAS  C:\Users\cmila\AppData\Local\Temp\ccRth6Gm.s 			page 17


 913 06c9 67       		.byte	0x67
 914 06ca 66040000 		.4byte	0x466
 915 06ce 57       		.byte	0x57
 916 06cf 09       		.uleb128 0x9
 917 06d0 E1060000 		.4byte	.LASF225
 918 06d4 04       		.byte	0x4
 919 06d5 68       		.byte	0x68
 920 06d6 66040000 		.4byte	0x466
 921 06da 58       		.byte	0x58
 922 06db 09       		.uleb128 0x9
 923 06dc D8160000 		.4byte	.LASF226
 924 06e0 04       		.byte	0x4
 925 06e1 69       		.byte	0x69
 926 06e2 66040000 		.4byte	0x466
 927 06e6 59       		.byte	0x59
 928 06e7 09       		.uleb128 0x9
 929 06e8 D4140000 		.4byte	.LASF227
 930 06ec 04       		.byte	0x4
 931 06ed 6E       		.byte	0x6e
 932 06ee 7C040000 		.4byte	0x47c
 933 06f2 5A       		.byte	0x5a
 934 06f3 09       		.uleb128 0x9
 935 06f4 55010000 		.4byte	.LASF228
 936 06f8 04       		.byte	0x4
 937 06f9 6F       		.byte	0x6f
 938 06fa 7C040000 		.4byte	0x47c
 939 06fe 5C       		.byte	0x5c
 940 06ff 09       		.uleb128 0x9
 941 0700 960B0000 		.4byte	.LASF229
 942 0704 04       		.byte	0x4
 943 0705 70       		.byte	0x70
 944 0706 66040000 		.4byte	0x466
 945 070a 5E       		.byte	0x5e
 946 070b 09       		.uleb128 0x9
 947 070c E8150000 		.4byte	.LASF230
 948 0710 04       		.byte	0x4
 949 0711 71       		.byte	0x71
 950 0712 66040000 		.4byte	0x466
 951 0716 5F       		.byte	0x5f
 952 0717 09       		.uleb128 0x9
 953 0718 DD080000 		.4byte	.LASF231
 954 071c 04       		.byte	0x4
 955 071d 72       		.byte	0x72
 956 071e 66040000 		.4byte	0x466
 957 0722 60       		.byte	0x60
 958 0723 09       		.uleb128 0x9
 959 0724 A80A0000 		.4byte	.LASF232
 960 0728 04       		.byte	0x4
 961 0729 73       		.byte	0x73
 962 072a 92040000 		.4byte	0x492
 963 072e 64       		.byte	0x64
 964 072f 09       		.uleb128 0x9
 965 0730 69070000 		.4byte	.LASF233
 966 0734 04       		.byte	0x4
 967 0735 76       		.byte	0x76
 968 0736 7C040000 		.4byte	0x47c
 969 073a 68       		.byte	0x68
ARM GAS  C:\Users\cmila\AppData\Local\Temp\ccRth6Gm.s 			page 18


 970 073b 09       		.uleb128 0x9
 971 073c 8D0E0000 		.4byte	.LASF234
 972 0740 04       		.byte	0x4
 973 0741 77       		.byte	0x77
 974 0742 7C040000 		.4byte	0x47c
 975 0746 6A       		.byte	0x6a
 976 0747 09       		.uleb128 0x9
 977 0748 5D0C0000 		.4byte	.LASF235
 978 074c 04       		.byte	0x4
 979 074d 78       		.byte	0x78
 980 074e 7C040000 		.4byte	0x47c
 981 0752 6C       		.byte	0x6c
 982 0753 09       		.uleb128 0x9
 983 0754 CE020000 		.4byte	.LASF236
 984 0758 04       		.byte	0x4
 985 0759 79       		.byte	0x79
 986 075a 7C040000 		.4byte	0x47c
 987 075e 6E       		.byte	0x6e
 988 075f 09       		.uleb128 0x9
 989 0760 FB0A0000 		.4byte	.LASF237
 990 0764 04       		.byte	0x4
 991 0765 7B       		.byte	0x7b
 992 0766 66040000 		.4byte	0x466
 993 076a 70       		.byte	0x70
 994 076b 09       		.uleb128 0x9
 995 076c 7D030000 		.4byte	.LASF238
 996 0770 04       		.byte	0x4
 997 0771 7C       		.byte	0x7c
 998 0772 66040000 		.4byte	0x466
 999 0776 71       		.byte	0x71
 1000 0777 09       		.uleb128 0x9
 1001 0778 F5020000 		.4byte	.LASF239
 1002 077c 04       		.byte	0x4
 1003 077d 7D       		.byte	0x7d
 1004 077e 66040000 		.4byte	0x466
 1005 0782 72       		.byte	0x72
 1006 0783 09       		.uleb128 0x9
 1007 0784 95010000 		.4byte	.LASF240
 1008 0788 04       		.byte	0x4
 1009 0789 7E       		.byte	0x7e
 1010 078a 66040000 		.4byte	0x466
 1011 078e 73       		.byte	0x73
 1012 078f 09       		.uleb128 0x9
 1013 0790 790F0000 		.4byte	.LASF241
 1014 0794 04       		.byte	0x4
 1015 0795 80       		.byte	0x80
 1016 0796 7C040000 		.4byte	0x47c
 1017 079a 74       		.byte	0x74
 1018 079b 09       		.uleb128 0x9
 1019 079c 2F0E0000 		.4byte	.LASF242
 1020 07a0 04       		.byte	0x4
 1021 07a1 81       		.byte	0x81
 1022 07a2 7C040000 		.4byte	0x47c
 1023 07a6 76       		.byte	0x76
 1024 07a7 09       		.uleb128 0x9
 1025 07a8 DA090000 		.4byte	.LASF243
 1026 07ac 04       		.byte	0x4
ARM GAS  C:\Users\cmila\AppData\Local\Temp\ccRth6Gm.s 			page 19


 1027 07ad 82       		.byte	0x82
 1028 07ae 7C040000 		.4byte	0x47c
 1029 07b2 78       		.byte	0x78
 1030 07b3 09       		.uleb128 0x9
 1031 07b4 92050000 		.4byte	.LASF244
 1032 07b8 04       		.byte	0x4
 1033 07b9 83       		.byte	0x83
 1034 07ba 7C040000 		.4byte	0x47c
 1035 07be 7A       		.byte	0x7a
 1036 07bf 09       		.uleb128 0x9
 1037 07c0 2B0B0000 		.4byte	.LASF245
 1038 07c4 04       		.byte	0x4
 1039 07c5 86       		.byte	0x86
 1040 07c6 66040000 		.4byte	0x466
 1041 07ca 7C       		.byte	0x7c
 1042 07cb 09       		.uleb128 0x9
 1043 07cc 57150000 		.4byte	.LASF246
 1044 07d0 04       		.byte	0x4
 1045 07d1 87       		.byte	0x87
 1046 07d2 66040000 		.4byte	0x466
 1047 07d6 7D       		.byte	0x7d
 1048 07d7 09       		.uleb128 0x9
 1049 07d8 24050000 		.4byte	.LASF247
 1050 07dc 04       		.byte	0x4
 1051 07dd 88       		.byte	0x88
 1052 07de 66040000 		.4byte	0x466
 1053 07e2 7E       		.byte	0x7e
 1054 07e3 09       		.uleb128 0x9
 1055 07e4 8E040000 		.4byte	.LASF248
 1056 07e8 04       		.byte	0x4
 1057 07e9 89       		.byte	0x89
 1058 07ea 66040000 		.4byte	0x466
 1059 07ee 7F       		.byte	0x7f
 1060 07ef 09       		.uleb128 0x9
 1061 07f0 A7050000 		.4byte	.LASF249
 1062 07f4 04       		.byte	0x4
 1063 07f5 8A       		.byte	0x8a
 1064 07f6 66040000 		.4byte	0x466
 1065 07fa 80       		.byte	0x80
 1066 07fb 09       		.uleb128 0x9
 1067 07fc 79000000 		.4byte	.LASF250
 1068 0800 04       		.byte	0x4
 1069 0801 8D       		.byte	0x8d
 1070 0802 92040000 		.4byte	0x492
 1071 0806 84       		.byte	0x84
 1072 0807 09       		.uleb128 0x9
 1073 0808 460C0000 		.4byte	.LASF251
 1074 080c 04       		.byte	0x4
 1075 080d 8E       		.byte	0x8e
 1076 080e 92040000 		.4byte	0x492
 1077 0812 88       		.byte	0x88
 1078 0813 09       		.uleb128 0x9
 1079 0814 FB0C0000 		.4byte	.LASF252
 1080 0818 04       		.byte	0x4
 1081 0819 8F       		.byte	0x8f
 1082 081a 92040000 		.4byte	0x492
 1083 081e 8C       		.byte	0x8c
ARM GAS  C:\Users\cmila\AppData\Local\Temp\ccRth6Gm.s 			page 20


 1084 081f 09       		.uleb128 0x9
 1085 0820 640F0000 		.4byte	.LASF253
 1086 0824 04       		.byte	0x4
 1087 0825 90       		.byte	0x90
 1088 0826 92040000 		.4byte	0x492
 1089 082a 90       		.byte	0x90
 1090 082b 09       		.uleb128 0x9
 1091 082c AE110000 		.4byte	.LASF254
 1092 0830 04       		.byte	0x4
 1093 0831 91       		.byte	0x91
 1094 0832 92040000 		.4byte	0x492
 1095 0836 94       		.byte	0x94
 1096 0837 09       		.uleb128 0x9
 1097 0838 92030000 		.4byte	.LASF255
 1098 083c 04       		.byte	0x4
 1099 083d 92       		.byte	0x92
 1100 083e 92040000 		.4byte	0x492
 1101 0842 98       		.byte	0x98
 1102 0843 09       		.uleb128 0x9
 1103 0844 88120000 		.4byte	.LASF256
 1104 0848 04       		.byte	0x4
 1105 0849 93       		.byte	0x93
 1106 084a 92040000 		.4byte	0x492
 1107 084e 9C       		.byte	0x9c
 1108 084f 09       		.uleb128 0x9
 1109 0850 BC080000 		.4byte	.LASF257
 1110 0854 04       		.byte	0x4
 1111 0855 94       		.byte	0x94
 1112 0856 92040000 		.4byte	0x492
 1113 085a A0       		.byte	0xa0
 1114 085b 09       		.uleb128 0x9
 1115 085c 40010000 		.4byte	.LASF258
 1116 0860 04       		.byte	0x4
 1117 0861 95       		.byte	0x95
 1118 0862 7C040000 		.4byte	0x47c
 1119 0866 A4       		.byte	0xa4
 1120 0867 09       		.uleb128 0x9
 1121 0868 4F0F0000 		.4byte	.LASF259
 1122 086c 04       		.byte	0x4
 1123 086d 96       		.byte	0x96
 1124 086e 7C040000 		.4byte	0x47c
 1125 0872 A6       		.byte	0xa6
 1126 0873 09       		.uleb128 0x9
 1127 0874 32130000 		.4byte	.LASF260
 1128 0878 04       		.byte	0x4
 1129 0879 97       		.byte	0x97
 1130 087a 7C040000 		.4byte	0x47c
 1131 087e A8       		.byte	0xa8
 1132 087f 09       		.uleb128 0x9
 1133 0880 720B0000 		.4byte	.LASF261
 1134 0884 04       		.byte	0x4
 1135 0885 98       		.byte	0x98
 1136 0886 7C040000 		.4byte	0x47c
 1137 088a AA       		.byte	0xaa
 1138 088b 09       		.uleb128 0x9
 1139 088c 19030000 		.4byte	.LASF262
 1140 0890 04       		.byte	0x4
ARM GAS  C:\Users\cmila\AppData\Local\Temp\ccRth6Gm.s 			page 21


 1141 0891 99       		.byte	0x99
 1142 0892 7C040000 		.4byte	0x47c
 1143 0896 AC       		.byte	0xac
 1144 0897 09       		.uleb128 0x9
 1145 0898 840D0000 		.4byte	.LASF263
 1146 089c 04       		.byte	0x4
 1147 089d 9A       		.byte	0x9a
 1148 089e 7C040000 		.4byte	0x47c
 1149 08a2 AE       		.byte	0xae
 1150 08a3 09       		.uleb128 0x9
 1151 08a4 F8120000 		.4byte	.LASF264
 1152 08a8 04       		.byte	0x4
 1153 08a9 9D       		.byte	0x9d
 1154 08aa 7C040000 		.4byte	0x47c
 1155 08ae B0       		.byte	0xb0
 1156 08af 09       		.uleb128 0x9
 1157 08b0 5D140000 		.4byte	.LASF265
 1158 08b4 04       		.byte	0x4
 1159 08b5 9E       		.byte	0x9e
 1160 08b6 92040000 		.4byte	0x492
 1161 08ba B4       		.byte	0xb4
 1162 08bb 00       		.byte	0
 1163 08bc 06       		.uleb128 0x6
 1164 08bd 62130000 		.4byte	.LASF266
 1165 08c1 04       		.byte	0x4
 1166 08c2 9F       		.byte	0x9f
 1167 08c3 AB040000 		.4byte	0x4ab
 1168 08c7 05       		.uleb128 0x5
 1169 08c8 01       		.byte	0x1
 1170 08c9 08       		.byte	0x8
 1171 08ca AC000000 		.4byte	.LASF267
 1172 08ce 05       		.uleb128 0x5
 1173 08cf 04       		.byte	0x4
 1174 08d0 04       		.byte	0x4
 1175 08d1 C2040000 		.4byte	.LASF268
 1176 08d5 05       		.uleb128 0x5
 1177 08d6 08       		.byte	0x8
 1178 08d7 04       		.byte	0x4
 1179 08d8 7B160000 		.4byte	.LASF269
 1180 08dc 0A       		.uleb128 0xa
 1181 08dd 08       		.byte	0x8
 1182 08de 05       		.byte	0x5
 1183 08df 2D01     		.2byte	0x12d
 1184 08e1 00090000 		.4byte	0x900
 1185 08e5 0B       		.uleb128 0xb
 1186 08e6 F30A0000 		.4byte	.LASF270
 1187 08ea 05       		.byte	0x5
 1188 08eb 2E01     		.2byte	0x12e
 1189 08ed E5030000 		.4byte	0x3e5
 1190 08f1 00       		.byte	0
 1191 08f2 0B       		.uleb128 0xb
 1192 08f3 9E120000 		.4byte	.LASF271
 1193 08f7 05       		.byte	0x5
 1194 08f8 3201     		.2byte	0x132
 1195 08fa 92040000 		.4byte	0x492
 1196 08fe 04       		.byte	0x4
 1197 08ff 00       		.byte	0
ARM GAS  C:\Users\cmila\AppData\Local\Temp\ccRth6Gm.s 			page 22


 1198 0900 0C       		.uleb128 0xc
 1199 0901 14000000 		.4byte	.LASF272
 1200 0905 05       		.byte	0x5
 1201 0906 3301     		.2byte	0x133
 1202 0908 DC080000 		.4byte	0x8dc
 1203 090c 0D       		.uleb128 0xd
 1204 090d 0C100000 		.4byte	.LASF273
 1205 0911 06       		.byte	0x6
 1206 0912 F907     		.2byte	0x7f9
 1207 0914 18090000 		.4byte	0x918
 1208 0918 0E       		.uleb128 0xe
 1209 0919 87040000 		.4byte	0x487
 1210 091d 0F       		.uleb128 0xf
 1211 091e 58000000 		.4byte	.LASF274
 1212 0922 04       		.byte	0x4
 1213 0923 A7       		.byte	0xa7
 1214 0924 28090000 		.4byte	0x928
 1215 0928 10       		.uleb128 0x10
 1216 0929 04       		.byte	0x4
 1217 092a 2E090000 		.4byte	0x92e
 1218 092e 11       		.uleb128 0x11
 1219 092f BC080000 		.4byte	0x8bc
 1220 0933 12       		.uleb128 0x12
 1221 0934 1E0E0000 		.4byte	.LASF275
 1222 0938 07       		.byte	0x7
 1223 0939 18       		.byte	0x18
 1224 093a 44090000 		.4byte	0x944
 1225 093e 05       		.uleb128 0x5
 1226 093f 03       		.byte	0x3
 1227 0940 00000000 		.4byte	UART_SCB_IRQ_cfg
 1228 0944 11       		.uleb128 0x11
 1229 0945 00090000 		.4byte	0x900
 1230 0949 12       		.uleb128 0x12
 1231 094a 08080000 		.4byte	.LASF276
 1232 094e 07       		.byte	0x7
 1233 094f 1E       		.byte	0x1e
 1234 0950 44090000 		.4byte	0x944
 1235 0954 05       		.uleb128 0x5
 1236 0955 03       		.byte	0x3
 1237 0956 00000000 		.4byte	isrTimer_cfg
 1238 095a 00       		.byte	0
 1239              		.section	.debug_abbrev,"",%progbits
 1240              	.Ldebug_abbrev0:
 1241 0000 01       		.uleb128 0x1
 1242 0001 11       		.uleb128 0x11
 1243 0002 01       		.byte	0x1
 1244 0003 25       		.uleb128 0x25
 1245 0004 0E       		.uleb128 0xe
 1246 0005 13       		.uleb128 0x13
 1247 0006 0B       		.uleb128 0xb
 1248 0007 03       		.uleb128 0x3
 1249 0008 0E       		.uleb128 0xe
 1250 0009 1B       		.uleb128 0x1b
 1251 000a 0E       		.uleb128 0xe
 1252 000b 10       		.uleb128 0x10
 1253 000c 17       		.uleb128 0x17
 1254 000d 00       		.byte	0
ARM GAS  C:\Users\cmila\AppData\Local\Temp\ccRth6Gm.s 			page 23


 1255 000e 00       		.byte	0
 1256 000f 02       		.uleb128 0x2
 1257 0010 04       		.uleb128 0x4
 1258 0011 01       		.byte	0x1
 1259 0012 0B       		.uleb128 0xb
 1260 0013 0B       		.uleb128 0xb
 1261 0014 49       		.uleb128 0x49
 1262 0015 13       		.uleb128 0x13
 1263 0016 3A       		.uleb128 0x3a
 1264 0017 0B       		.uleb128 0xb
 1265 0018 3B       		.uleb128 0x3b
 1266 0019 0B       		.uleb128 0xb
 1267 001a 01       		.uleb128 0x1
 1268 001b 13       		.uleb128 0x13
 1269 001c 00       		.byte	0
 1270 001d 00       		.byte	0
 1271 001e 03       		.uleb128 0x3
 1272 001f 28       		.uleb128 0x28
 1273 0020 00       		.byte	0
 1274 0021 03       		.uleb128 0x3
 1275 0022 0E       		.uleb128 0xe
 1276 0023 1C       		.uleb128 0x1c
 1277 0024 0D       		.uleb128 0xd
 1278 0025 00       		.byte	0
 1279 0026 00       		.byte	0
 1280 0027 04       		.uleb128 0x4
 1281 0028 28       		.uleb128 0x28
 1282 0029 00       		.byte	0
 1283 002a 03       		.uleb128 0x3
 1284 002b 0E       		.uleb128 0xe
 1285 002c 1C       		.uleb128 0x1c
 1286 002d 0B       		.uleb128 0xb
 1287 002e 00       		.byte	0
 1288 002f 00       		.byte	0
 1289 0030 05       		.uleb128 0x5
 1290 0031 24       		.uleb128 0x24
 1291 0032 00       		.byte	0
 1292 0033 0B       		.uleb128 0xb
 1293 0034 0B       		.uleb128 0xb
 1294 0035 3E       		.uleb128 0x3e
 1295 0036 0B       		.uleb128 0xb
 1296 0037 03       		.uleb128 0x3
 1297 0038 0E       		.uleb128 0xe
 1298 0039 00       		.byte	0
 1299 003a 00       		.byte	0
 1300 003b 06       		.uleb128 0x6
 1301 003c 16       		.uleb128 0x16
 1302 003d 00       		.byte	0
 1303 003e 03       		.uleb128 0x3
 1304 003f 0E       		.uleb128 0xe
 1305 0040 3A       		.uleb128 0x3a
 1306 0041 0B       		.uleb128 0xb
 1307 0042 3B       		.uleb128 0x3b
 1308 0043 0B       		.uleb128 0xb
 1309 0044 49       		.uleb128 0x49
 1310 0045 13       		.uleb128 0x13
 1311 0046 00       		.byte	0
ARM GAS  C:\Users\cmila\AppData\Local\Temp\ccRth6Gm.s 			page 24


 1312 0047 00       		.byte	0
 1313 0048 07       		.uleb128 0x7
 1314 0049 24       		.uleb128 0x24
 1315 004a 00       		.byte	0
 1316 004b 0B       		.uleb128 0xb
 1317 004c 0B       		.uleb128 0xb
 1318 004d 3E       		.uleb128 0x3e
 1319 004e 0B       		.uleb128 0xb
 1320 004f 03       		.uleb128 0x3
 1321 0050 08       		.uleb128 0x8
 1322 0051 00       		.byte	0
 1323 0052 00       		.byte	0
 1324 0053 08       		.uleb128 0x8
 1325 0054 13       		.uleb128 0x13
 1326 0055 01       		.byte	0x1
 1327 0056 0B       		.uleb128 0xb
 1328 0057 0B       		.uleb128 0xb
 1329 0058 3A       		.uleb128 0x3a
 1330 0059 0B       		.uleb128 0xb
 1331 005a 3B       		.uleb128 0x3b
 1332 005b 0B       		.uleb128 0xb
 1333 005c 01       		.uleb128 0x1
 1334 005d 13       		.uleb128 0x13
 1335 005e 00       		.byte	0
 1336 005f 00       		.byte	0
 1337 0060 09       		.uleb128 0x9
 1338 0061 0D       		.uleb128 0xd
 1339 0062 00       		.byte	0
 1340 0063 03       		.uleb128 0x3
 1341 0064 0E       		.uleb128 0xe
 1342 0065 3A       		.uleb128 0x3a
 1343 0066 0B       		.uleb128 0xb
 1344 0067 3B       		.uleb128 0x3b
 1345 0068 0B       		.uleb128 0xb
 1346 0069 49       		.uleb128 0x49
 1347 006a 13       		.uleb128 0x13
 1348 006b 38       		.uleb128 0x38
 1349 006c 0B       		.uleb128 0xb
 1350 006d 00       		.byte	0
 1351 006e 00       		.byte	0
 1352 006f 0A       		.uleb128 0xa
 1353 0070 13       		.uleb128 0x13
 1354 0071 01       		.byte	0x1
 1355 0072 0B       		.uleb128 0xb
 1356 0073 0B       		.uleb128 0xb
 1357 0074 3A       		.uleb128 0x3a
 1358 0075 0B       		.uleb128 0xb
 1359 0076 3B       		.uleb128 0x3b
 1360 0077 05       		.uleb128 0x5
 1361 0078 01       		.uleb128 0x1
 1362 0079 13       		.uleb128 0x13
 1363 007a 00       		.byte	0
 1364 007b 00       		.byte	0
 1365 007c 0B       		.uleb128 0xb
 1366 007d 0D       		.uleb128 0xd
 1367 007e 00       		.byte	0
 1368 007f 03       		.uleb128 0x3
ARM GAS  C:\Users\cmila\AppData\Local\Temp\ccRth6Gm.s 			page 25


 1369 0080 0E       		.uleb128 0xe
 1370 0081 3A       		.uleb128 0x3a
 1371 0082 0B       		.uleb128 0xb
 1372 0083 3B       		.uleb128 0x3b
 1373 0084 05       		.uleb128 0x5
 1374 0085 49       		.uleb128 0x49
 1375 0086 13       		.uleb128 0x13
 1376 0087 38       		.uleb128 0x38
 1377 0088 0B       		.uleb128 0xb
 1378 0089 00       		.byte	0
 1379 008a 00       		.byte	0
 1380 008b 0C       		.uleb128 0xc
 1381 008c 16       		.uleb128 0x16
 1382 008d 00       		.byte	0
 1383 008e 03       		.uleb128 0x3
 1384 008f 0E       		.uleb128 0xe
 1385 0090 3A       		.uleb128 0x3a
 1386 0091 0B       		.uleb128 0xb
 1387 0092 3B       		.uleb128 0x3b
 1388 0093 05       		.uleb128 0x5
 1389 0094 49       		.uleb128 0x49
 1390 0095 13       		.uleb128 0x13
 1391 0096 00       		.byte	0
 1392 0097 00       		.byte	0
 1393 0098 0D       		.uleb128 0xd
 1394 0099 34       		.uleb128 0x34
 1395 009a 00       		.byte	0
 1396 009b 03       		.uleb128 0x3
 1397 009c 0E       		.uleb128 0xe
 1398 009d 3A       		.uleb128 0x3a
 1399 009e 0B       		.uleb128 0xb
 1400 009f 3B       		.uleb128 0x3b
 1401 00a0 05       		.uleb128 0x5
 1402 00a1 49       		.uleb128 0x49
 1403 00a2 13       		.uleb128 0x13
 1404 00a3 3F       		.uleb128 0x3f
 1405 00a4 19       		.uleb128 0x19
 1406 00a5 3C       		.uleb128 0x3c
 1407 00a6 19       		.uleb128 0x19
 1408 00a7 00       		.byte	0
 1409 00a8 00       		.byte	0
 1410 00a9 0E       		.uleb128 0xe
 1411 00aa 35       		.uleb128 0x35
 1412 00ab 00       		.byte	0
 1413 00ac 49       		.uleb128 0x49
 1414 00ad 13       		.uleb128 0x13
 1415 00ae 00       		.byte	0
 1416 00af 00       		.byte	0
 1417 00b0 0F       		.uleb128 0xf
 1418 00b1 34       		.uleb128 0x34
 1419 00b2 00       		.byte	0
 1420 00b3 03       		.uleb128 0x3
 1421 00b4 0E       		.uleb128 0xe
 1422 00b5 3A       		.uleb128 0x3a
 1423 00b6 0B       		.uleb128 0xb
 1424 00b7 3B       		.uleb128 0x3b
 1425 00b8 0B       		.uleb128 0xb
ARM GAS  C:\Users\cmila\AppData\Local\Temp\ccRth6Gm.s 			page 26


 1426 00b9 49       		.uleb128 0x49
 1427 00ba 13       		.uleb128 0x13
 1428 00bb 3F       		.uleb128 0x3f
 1429 00bc 19       		.uleb128 0x19
 1430 00bd 3C       		.uleb128 0x3c
 1431 00be 19       		.uleb128 0x19
 1432 00bf 00       		.byte	0
 1433 00c0 00       		.byte	0
 1434 00c1 10       		.uleb128 0x10
 1435 00c2 0F       		.uleb128 0xf
 1436 00c3 00       		.byte	0
 1437 00c4 0B       		.uleb128 0xb
 1438 00c5 0B       		.uleb128 0xb
 1439 00c6 49       		.uleb128 0x49
 1440 00c7 13       		.uleb128 0x13
 1441 00c8 00       		.byte	0
 1442 00c9 00       		.byte	0
 1443 00ca 11       		.uleb128 0x11
 1444 00cb 26       		.uleb128 0x26
 1445 00cc 00       		.byte	0
 1446 00cd 49       		.uleb128 0x49
 1447 00ce 13       		.uleb128 0x13
 1448 00cf 00       		.byte	0
 1449 00d0 00       		.byte	0
 1450 00d1 12       		.uleb128 0x12
 1451 00d2 34       		.uleb128 0x34
 1452 00d3 00       		.byte	0
 1453 00d4 03       		.uleb128 0x3
 1454 00d5 0E       		.uleb128 0xe
 1455 00d6 3A       		.uleb128 0x3a
 1456 00d7 0B       		.uleb128 0xb
 1457 00d8 3B       		.uleb128 0x3b
 1458 00d9 0B       		.uleb128 0xb
 1459 00da 49       		.uleb128 0x49
 1460 00db 13       		.uleb128 0x13
 1461 00dc 3F       		.uleb128 0x3f
 1462 00dd 19       		.uleb128 0x19
 1463 00de 02       		.uleb128 0x2
 1464 00df 18       		.uleb128 0x18
 1465 00e0 00       		.byte	0
 1466 00e1 00       		.byte	0
 1467 00e2 00       		.byte	0
 1468              		.section	.debug_aranges,"",%progbits
 1469 0000 14000000 		.4byte	0x14
 1470 0004 0200     		.2byte	0x2
 1471 0006 00000000 		.4byte	.Ldebug_info0
 1472 000a 04       		.byte	0x4
 1473 000b 00       		.byte	0
 1474 000c 0000     		.2byte	0
 1475 000e 0000     		.2byte	0
 1476 0010 00000000 		.4byte	0
 1477 0014 00000000 		.4byte	0
 1478              		.section	.debug_line,"",%progbits
 1479              	.Ldebug_line0:
 1480 0000 4B020000 		.section	.debug_str,"MS",%progbits,1
 1480      02004502 
 1480      00000201 
ARM GAS  C:\Users\cmila\AppData\Local\Temp\ccRth6Gm.s 			page 27


 1480      FB0E0D00 
 1480      01010101 
 1481              	.LASF223:
 1482 0000 666C6173 		.ascii	"flashCtlMainWs1Freq\000"
 1482      6843746C 
 1482      4D61696E 
 1482      57733146 
 1482      72657100 
 1483              	.LASF272:
 1484 0014 63795F73 		.ascii	"cy_stc_sysint_t\000"
 1484      74635F73 
 1484      7973696E 
 1484      745F7400 
 1485              	.LASF25:
 1486 0024 696F7373 		.ascii	"ioss_interrupt_gpio_IRQn\000"
 1486      5F696E74 
 1486      65727275 
 1486      70745F67 
 1486      70696F5F 
 1487              	.LASF123:
 1488 003d 74637077 		.ascii	"tcpwm_1_interrupts_15_IRQn\000"
 1488      6D5F315F 
 1488      696E7465 
 1488      72727570 
 1488      74735F31 
 1489              	.LASF274:
 1490 0058 63795F64 		.ascii	"cy_device\000"
 1490      65766963 
 1490      6500
 1491              	.LASF142:
 1492 0062 7564625F 		.ascii	"udb_interrupts_10_IRQn\000"
 1492      696E7465 
 1492      72727570 
 1492      74735F31 
 1492      305F4952 
 1493              	.LASF250:
 1494 0079 63707573 		.ascii	"cpussCm0ClockCtlOffset\000"
 1494      73436D30 
 1494      436C6F63 
 1494      6B43746C 
 1494      4F666673 
 1495              	.LASF67:
 1496 0090 63707573 		.ascii	"cpuss_interrupts_dw0_7_IRQn\000"
 1496      735F696E 
 1496      74657272 
 1496      75707473 
 1496      5F647730 
 1497              	.LASF267:
 1498 00ac 63686172 		.ascii	"char\000"
 1498      00
 1499              	.LASF36:
 1500 00b1 63707573 		.ascii	"cpuss_interrupts_ipc_1_IRQn\000"
 1500      735F696E 
 1500      74657272 
 1500      75707473 
 1500      5F697063 
 1501              	.LASF54:
ARM GAS  C:\Users\cmila\AppData\Local\Temp\ccRth6Gm.s 			page 28


 1502 00cd 7363625F 		.ascii	"scb_3_interrupt_IRQn\000"
 1502      335F696E 
 1502      74657272 
 1502      7570745F 
 1502      4952516E 
 1503              	.LASF84:
 1504 00e2 63707573 		.ascii	"cpuss_interrupts_dw1_8_IRQn\000"
 1504      735F696E 
 1504      74657272 
 1504      75707473 
 1504      5F647731 
 1505              	.LASF90:
 1506 00fe 63707573 		.ascii	"cpuss_interrupts_dw1_14_IRQn\000"
 1506      735F696E 
 1506      74657272 
 1506      75707473 
 1506      5F647731 
 1507              	.LASF182:
 1508 011b 70657269 		.ascii	"periBase\000"
 1508      42617365 
 1508      00
 1509              	.LASF62:
 1510 0124 63707573 		.ascii	"cpuss_interrupts_dw0_2_IRQn\000"
 1510      735F696E 
 1510      74657272 
 1510      75707473 
 1510      5F647730 
 1511              	.LASF258:
 1512 0140 63707573 		.ascii	"cpussCm0NmiCtlOffset\000"
 1512      73436D30 
 1512      4E6D6943 
 1512      746C4F66 
 1512      66736574 
 1513              	.LASF228:
 1514 0155 64774368 		.ascii	"dwChSize\000"
 1514      53697A65 
 1514      00
 1515              	.LASF172:
 1516 015e 756E7369 		.ascii	"unsigned int\000"
 1516      676E6564 
 1516      20696E74 
 1516      00
 1517              	.LASF46:
 1518 016b 63707573 		.ascii	"cpuss_interrupts_ipc_11_IRQn\000"
 1518      735F696E 
 1518      74657272 
 1518      75707473 
 1518      5F697063 
 1519              	.LASF210:
 1520 0188 736D6966 		.ascii	"smifDeviceNr\000"
 1520      44657669 
 1520      63654E72 
 1520      00
 1521              	.LASF240:
 1522 0195 70657269 		.ascii	"periDivCmdPaTypeSelPos\000"
 1522      44697643 
 1522      6D645061 
ARM GAS  C:\Users\cmila\AppData\Local\Temp\ccRth6Gm.s 			page 29


 1522      54797065 
 1522      53656C50 
 1523              	.LASF115:
 1524 01ac 74637077 		.ascii	"tcpwm_1_interrupts_7_IRQn\000"
 1524      6D5F315F 
 1524      696E7465 
 1524      72727570 
 1524      74735F37 
 1525              	.LASF166:
 1526 01c6 5F5F696E 		.ascii	"__int32_t\000"
 1526      7433325F 
 1526      7400
 1527              	.LASF33:
 1528 01d0 70617373 		.ascii	"pass_interrupt_ctbs_IRQn\000"
 1528      5F696E74 
 1528      65727275 
 1528      70745F63 
 1528      7462735F 
 1529              	.LASF206:
 1530 01e9 73727373 		.ascii	"srssNumClkpath\000"
 1530      4E756D43 
 1530      6C6B7061 
 1530      746800
 1531              	.LASF180:
 1532 01f8 63707573 		.ascii	"cpussBase\000"
 1532      73426173 
 1532      6500
 1533              	.LASF204:
 1534 0202 63707573 		.ascii	"cpussFmIrq\000"
 1534      73466D49 
 1534      727100
 1535              	.LASF30:
 1536 020d 73727373 		.ascii	"srss_interrupt_mcwdt_1_IRQn\000"
 1536      5F696E74 
 1536      65727275 
 1536      70745F6D 
 1536      63776474 
 1537              	.LASF12:
 1538 0229 696F7373 		.ascii	"ioss_interrupts_gpio_2_IRQn\000"
 1538      5F696E74 
 1538      65727275 
 1538      7074735F 
 1538      6770696F 
 1539              	.LASF205:
 1540 0245 63707573 		.ascii	"cpussNotConnectedIrq\000"
 1540      734E6F74 
 1540      436F6E6E 
 1540      65637465 
 1540      64497271 
 1541              	.LASF73:
 1542 025a 63707573 		.ascii	"cpuss_interrupts_dw0_13_IRQn\000"
 1542      735F696E 
 1542      74657272 
 1542      75707473 
 1542      5F647730 
 1543              	.LASF158:
 1544 0277 73686F72 		.ascii	"short int\000"
ARM GAS  C:\Users\cmila\AppData\Local\Temp\ccRth6Gm.s 			page 30


 1544      7420696E 
 1544      7400
 1545              	.LASF131:
 1546 0281 74637077 		.ascii	"tcpwm_1_interrupts_23_IRQn\000"
 1546      6D5F315F 
 1546      696E7465 
 1546      72727570 
 1546      74735F32 
 1547              	.LASF129:
 1548 029c 74637077 		.ascii	"tcpwm_1_interrupts_21_IRQn\000"
 1548      6D5F315F 
 1548      696E7465 
 1548      72727570 
 1548      74735F32 
 1549              	.LASF146:
 1550 02b7 7564625F 		.ascii	"udb_interrupts_14_IRQn\000"
 1550      696E7465 
 1550      72727570 
 1550      74735F31 
 1550      345F4952 
 1551              	.LASF236:
 1552 02ce 70657269 		.ascii	"periTrGrSize\000"
 1552      54724772 
 1552      53697A65 
 1552      00
 1553              	.LASF107:
 1554 02db 74637077 		.ascii	"tcpwm_0_interrupts_7_IRQn\000"
 1554      6D5F305F 
 1554      696E7465 
 1554      72727570 
 1554      74735F37 
 1555              	.LASF239:
 1556 02f5 70657269 		.ascii	"periDivCmdPaDivSelPos\000"
 1556      44697643 
 1556      6D645061 
 1556      44697653 
 1556      656C506F 
 1557              	.LASF216:
 1558 030b 63727970 		.ascii	"cryptoMemSize\000"
 1558      746F4D65 
 1558      6D53697A 
 1558      6500
 1559              	.LASF262:
 1560 0319 63707573 		.ascii	"cpussRam1Ctl0\000"
 1560      7352616D 
 1560      3143746C 
 1560      3000
 1561              	.LASF76:
 1562 0327 63707573 		.ascii	"cpuss_interrupts_dw1_0_IRQn\000"
 1562      735F696E 
 1562      74657272 
 1562      75707473 
 1562      5F647731 
 1563              	.LASF102:
 1564 0343 74637077 		.ascii	"tcpwm_0_interrupts_2_IRQn\000"
 1564      6D5F305F 
 1564      696E7465 
ARM GAS  C:\Users\cmila\AppData\Local\Temp\ccRth6Gm.s 			page 31


 1564      72727570 
 1564      74735F32 
 1565              	.LASF8:
 1566 035d 50656E64 		.ascii	"PendSV_IRQn\000"
 1566      53565F49 
 1566      52516E00 
 1567              	.LASF198:
 1568 0369 70726F74 		.ascii	"protVersion\000"
 1568      56657273 
 1568      696F6E00 
 1569              	.LASF174:
 1570 0375 696E7431 		.ascii	"int16_t\000"
 1570      365F7400 
 1571              	.LASF238:
 1572 037d 70657269 		.ascii	"periDivCmdTypeSelPos\000"
 1572      44697643 
 1572      6D645479 
 1572      70655365 
 1572      6C506F73 
 1573              	.LASF255:
 1574 0392 63707573 		.ascii	"cpussTrimRamCtlOffset\000"
 1574      73547269 
 1574      6D52616D 
 1574      43746C4F 
 1574      66667365 
 1575              	.LASF139:
 1576 03a8 7564625F 		.ascii	"udb_interrupts_7_IRQn\000"
 1576      696E7465 
 1576      72727570 
 1576      74735F37 
 1576      5F495251 
 1577              	.LASF28:
 1578 03be 7363625F 		.ascii	"scb_8_interrupt_IRQn\000"
 1578      385F696E 
 1578      74657272 
 1578      7570745F 
 1578      4952516E 
 1579              	.LASF3:
 1580 03d3 4D656D6F 		.ascii	"MemoryManagement_IRQn\000"
 1580      72794D61 
 1580      6E616765 
 1580      6D656E74 
 1580      5F495251 
 1581              	.LASF125:
 1582 03e9 74637077 		.ascii	"tcpwm_1_interrupts_17_IRQn\000"
 1582      6D5F315F 
 1582      696E7465 
 1582      72727570 
 1582      74735F31 
 1583              	.LASF134:
 1584 0404 7564625F 		.ascii	"udb_interrupts_2_IRQn\000"
 1584      696E7465 
 1584      72727570 
 1584      74735F32 
 1584      5F495251 
 1585              	.LASF177:
 1586 041a 75696E74 		.ascii	"uint32_t\000"
ARM GAS  C:\Users\cmila\AppData\Local\Temp\ccRth6Gm.s 			page 32


 1586      33325F74 
 1586      00
 1587              	.LASF120:
 1588 0423 74637077 		.ascii	"tcpwm_1_interrupts_12_IRQn\000"
 1588      6D5F315F 
 1588      696E7465 
 1588      72727570 
 1588      74735F31 
 1589              	.LASF17:
 1590 043e 696F7373 		.ascii	"ioss_interrupts_gpio_7_IRQn\000"
 1590      5F696E74 
 1590      65727275 
 1590      7074735F 
 1590      6770696F 
 1591              	.LASF23:
 1592 045a 696F7373 		.ascii	"ioss_interrupts_gpio_13_IRQn\000"
 1592      5F696E74 
 1592      65727275 
 1592      7074735F 
 1592      6770696F 
 1593              	.LASF147:
 1594 0477 7564625F 		.ascii	"udb_interrupts_15_IRQn\000"
 1594      696E7465 
 1594      72727570 
 1594      74735F31 
 1594      355F4952 
 1595              	.LASF248:
 1596 048e 6770696F 		.ascii	"gpioPrtCfgOutOffset\000"
 1596      50727443 
 1596      66674F75 
 1596      744F6666 
 1596      73657400 
 1597              	.LASF97:
 1598 04a2 63707573 		.ascii	"cpuss_interrupts_cm0_cti_1_IRQn\000"
 1598      735F696E 
 1598      74657272 
 1598      75707473 
 1598      5F636D30 
 1599              	.LASF268:
 1600 04c2 666C6F61 		.ascii	"float\000"
 1600      7400
 1601              	.LASF191:
 1602 04c8 63727970 		.ascii	"cryptoVersion\000"
 1602      746F5665 
 1602      7273696F 
 1602      6E00
 1603              	.LASF220:
 1604 04d6 666C6173 		.ascii	"flashProgramDelay\000"
 1604      6850726F 
 1604      6772616D 
 1604      44656C61 
 1604      7900
 1605              	.LASF55:
 1606 04e8 7363625F 		.ascii	"scb_4_interrupt_IRQn\000"
 1606      345F696E 
 1606      74657272 
 1606      7570745F 
ARM GAS  C:\Users\cmila\AppData\Local\Temp\ccRth6Gm.s 			page 33


 1606      4952516E 
 1607              	.LASF181:
 1608 04fd 666C6173 		.ascii	"flashcBase\000"
 1608      68634261 
 1608      736500
 1609              	.LASF81:
 1610 0508 63707573 		.ascii	"cpuss_interrupts_dw1_5_IRQn\000"
 1610      735F696E 
 1610      74657272 
 1610      75707473 
 1610      5F647731 
 1611              	.LASF247:
 1612 0524 6770696F 		.ascii	"gpioPrtCfgInOffset\000"
 1612      50727443 
 1612      6667496E 
 1612      4F666673 
 1612      657400
 1613              	.LASF87:
 1614 0537 63707573 		.ascii	"cpuss_interrupts_dw1_11_IRQn\000"
 1614      735F696E 
 1614      74657272 
 1614      75707473 
 1614      5F647731 
 1615              	.LASF154:
 1616 0554 7573625F 		.ascii	"usb_interrupt_med_IRQn\000"
 1616      696E7465 
 1616      72727570 
 1616      745F6D65 
 1616      645F4952 
 1617              	.LASF219:
 1618 056b 666C6173 		.ascii	"flashWriteDelay\000"
 1618      68577269 
 1618      74654465 
 1618      6C617900 
 1619              	.LASF171:
 1620 057b 6C6F6E67 		.ascii	"long long unsigned int\000"
 1620      206C6F6E 
 1620      6720756E 
 1620      7369676E 
 1620      65642069 
 1621              	.LASF244:
 1622 0592 70657269 		.ascii	"periDiv24_5CtlOffset\000"
 1622      44697632 
 1622      345F3543 
 1622      746C4F66 
 1622      66736574 
 1623              	.LASF249:
 1624 05a7 6770696F 		.ascii	"gpioPrtCfgSioOffset\000"
 1624      50727443 
 1624      66675369 
 1624      6F4F6666 
 1624      73657400 
 1625              	.LASF48:
 1626 05bb 63707573 		.ascii	"cpuss_interrupts_ipc_13_IRQn\000"
 1626      735F696E 
 1626      74657272 
 1626      75707473 
ARM GAS  C:\Users\cmila\AppData\Local\Temp\ccRth6Gm.s 			page 34


 1626      5F697063 
 1627              	.LASF203:
 1628 05d8 63707573 		.ascii	"cpussIpc0Irq\000"
 1628      73497063 
 1628      30497271 
 1628      00
 1629              	.LASF31:
 1630 05e5 73727373 		.ascii	"srss_interrupt_backup_IRQn\000"
 1630      5F696E74 
 1630      65727275 
 1630      70745F62 
 1630      61636B75 
 1631              	.LASF117:
 1632 0600 74637077 		.ascii	"tcpwm_1_interrupts_9_IRQn\000"
 1632      6D5F315F 
 1632      696E7465 
 1632      72727570 
 1632      74735F39 
 1633              	.LASF164:
 1634 061a 5F5F7569 		.ascii	"__uint16_t\000"
 1634      6E743136 
 1634      5F7400
 1635              	.LASF6:
 1636 0625 53564361 		.ascii	"SVCall_IRQn\000"
 1636      6C6C5F49 
 1636      52516E00 
 1637              	.LASF51:
 1638 0631 7363625F 		.ascii	"scb_0_interrupt_IRQn\000"
 1638      305F696E 
 1638      74657272 
 1638      7570745F 
 1638      4952516E 
 1639              	.LASF112:
 1640 0646 74637077 		.ascii	"tcpwm_1_interrupts_4_IRQn\000"
 1640      6D5F315F 
 1640      696E7465 
 1640      72727570 
 1640      74735F34 
 1641              	.LASF59:
 1642 0660 6373645F 		.ascii	"csd_interrupt_IRQn\000"
 1642      696E7465 
 1642      72727570 
 1642      745F4952 
 1642      516E00
 1643              	.LASF151:
 1644 0673 70726F66 		.ascii	"profile_interrupt_IRQn\000"
 1644      696C655F 
 1644      696E7465 
 1644      72727570 
 1644      745F4952 
 1645              	.LASF21:
 1646 068a 696F7373 		.ascii	"ioss_interrupts_gpio_11_IRQn\000"
 1646      5F696E74 
 1646      65727275 
 1646      7074735F 
 1646      6770696F 
 1647              	.LASF43:
ARM GAS  C:\Users\cmila\AppData\Local\Temp\ccRth6Gm.s 			page 35


 1648 06a7 63707573 		.ascii	"cpuss_interrupts_ipc_8_IRQn\000"
 1648      735F696E 
 1648      74657272 
 1648      75707473 
 1648      5F697063 
 1649              	.LASF92:
 1650 06c3 63707573 		.ascii	"cpuss_interrupts_fault_0_IRQn\000"
 1650      735F696E 
 1650      74657272 
 1650      75707473 
 1650      5F666175 
 1651              	.LASF225:
 1652 06e1 666C6173 		.ascii	"flashCtlMainWs3Freq\000"
 1652      6843746C 
 1652      4D61696E 
 1652      57733346 
 1652      72657100 
 1653              	.LASF160:
 1654 06f5 4952516E 		.ascii	"IRQn_Type\000"
 1654      5F547970 
 1654      6500
 1655              	.LASF207:
 1656 06ff 73727373 		.ascii	"srssNumPll\000"
 1656      4E756D50 
 1656      6C6C00
 1657              	.LASF143:
 1658 070a 7564625F 		.ascii	"udb_interrupts_11_IRQn\000"
 1658      696E7465 
 1658      72727570 
 1658      74735F31 
 1658      315F4952 
 1659              	.LASF37:
 1660 0721 63707573 		.ascii	"cpuss_interrupts_ipc_2_IRQn\000"
 1660      735F696E 
 1660      74657272 
 1660      75707473 
 1660      5F697063 
 1661              	.LASF104:
 1662 073d 74637077 		.ascii	"tcpwm_0_interrupts_4_IRQn\000"
 1662      6D5F305F 
 1662      696E7465 
 1662      72727570 
 1662      74735F34 
 1663              	.LASF218:
 1664 0757 666C6173 		.ascii	"flashPipeRequired\000"
 1664      68506970 
 1664      65526571 
 1664      75697265 
 1664      6400
 1665              	.LASF233:
 1666 0769 70657269 		.ascii	"periTrCmdOffset\000"
 1666      5472436D 
 1666      644F6666 
 1666      73657400 
 1667              	.LASF208:
 1668 0779 73727373 		.ascii	"srssNumHfroot\000"
 1668      4E756D48 
ARM GAS  C:\Users\cmila\AppData\Local\Temp\ccRth6Gm.s 			page 36


 1668      66726F6F 
 1668      7400
 1669              	.LASF222:
 1670 0787 666C6173 		.ascii	"flashCtlMainWs0Freq\000"
 1670      6843746C 
 1670      4D61696E 
 1670      57733046 
 1670      72657100 
 1671              	.LASF149:
 1672 079b 61756469 		.ascii	"audioss_interrupt_i2s_IRQn\000"
 1672      6F73735F 
 1672      696E7465 
 1672      72727570 
 1672      745F6932 
 1673              	.LASF186:
 1674 07b6 6770696F 		.ascii	"gpioBase\000"
 1674      42617365 
 1674      00
 1675              	.LASF156:
 1676 07bf 70617373 		.ascii	"pass_interrupt_dacs_IRQn\000"
 1676      5F696E74 
 1676      65727275 
 1676      70745F64 
 1676      6163735F 
 1677              	.LASF109:
 1678 07d8 74637077 		.ascii	"tcpwm_1_interrupts_1_IRQn\000"
 1678      6D5F315F 
 1678      696E7465 
 1678      72727570 
 1678      74735F31 
 1679              	.LASF136:
 1680 07f2 7564625F 		.ascii	"udb_interrupts_4_IRQn\000"
 1680      696E7465 
 1680      72727570 
 1680      74735F34 
 1680      5F495251 
 1681              	.LASF276:
 1682 0808 69737254 		.ascii	"isrTimer_cfg\000"
 1682      696D6572 
 1682      5F636667 
 1682      00
 1683              	.LASF150:
 1684 0815 61756469 		.ascii	"audioss_interrupt_pdm_IRQn\000"
 1684      6F73735F 
 1684      696E7465 
 1684      72727570 
 1684      745F7064 
 1685              	.LASF279:
 1686 0830 433A5C55 		.ascii	"C:\\Users\\cmila\\uni\\projects\\Neural-Stimulator-"
 1686      73657273 
 1686      5C636D69 
 1686      6C615C75 
 1686      6E695C70 
 1687 085e 4669726D 		.ascii	"Firmware\\new\\PSOC6\\TIMER\\DAC_BLE.cydsn\000"
 1687      77617265 
 1687      5C6E6577 
 1687      5C50534F 
ARM GAS  C:\Users\cmila\AppData\Local\Temp\ccRth6Gm.s 			page 37


 1687      43365C54 
 1688              	.LASF122:
 1689 0885 74637077 		.ascii	"tcpwm_1_interrupts_14_IRQn\000"
 1689      6D5F315F 
 1689      696E7465 
 1689      72727570 
 1689      74735F31 
 1690              	.LASF19:
 1691 08a0 696F7373 		.ascii	"ioss_interrupts_gpio_9_IRQn\000"
 1691      5F696E74 
 1691      65727275 
 1691      7074735F 
 1691      6770696F 
 1692              	.LASF257:
 1693 08bc 63707573 		.ascii	"cpussSysTickCtlOffset\000"
 1693      73537973 
 1693      5469636B 
 1693      43746C4F 
 1693      66667365 
 1694              	.LASF213:
 1695 08d2 75646250 		.ascii	"udbPresent\000"
 1695      72657365 
 1695      6E7400
 1696              	.LASF231:
 1697 08dd 64775374 		.ascii	"dwStatusChIdxPos\000"
 1697      61747573 
 1697      43684964 
 1697      78506F73 
 1697      00
 1698              	.LASF66:
 1699 08ee 63707573 		.ascii	"cpuss_interrupts_dw0_6_IRQn\000"
 1699      735F696E 
 1699      74657272 
 1699      75707473 
 1699      5F647730 
 1700              	.LASF14:
 1701 090a 696F7373 		.ascii	"ioss_interrupts_gpio_4_IRQn\000"
 1701      5F696E74 
 1701      65727275 
 1701      7074735F 
 1701      6770696F 
 1702              	.LASF20:
 1703 0926 696F7373 		.ascii	"ioss_interrupts_gpio_10_IRQn\000"
 1703      5F696E74 
 1703      65727275 
 1703      7074735F 
 1703      6770696F 
 1704              	.LASF75:
 1705 0943 63707573 		.ascii	"cpuss_interrupts_dw0_15_IRQn\000"
 1705      735F696E 
 1705      74657272 
 1705      75707473 
 1705      5F647730 
 1706              	.LASF32:
 1707 0960 73727373 		.ascii	"srss_interrupt_IRQn\000"
 1707      5F696E74 
 1707      65727275 
ARM GAS  C:\Users\cmila\AppData\Local\Temp\ccRth6Gm.s 			page 38


 1707      70745F49 
 1707      52516E00 
 1708              	.LASF202:
 1709 0974 63707573 		.ascii	"cpussFlashPaSize\000"
 1709      73466C61 
 1709      73685061 
 1709      53697A65 
 1709      00
 1710              	.LASF83:
 1711 0985 63707573 		.ascii	"cpuss_interrupts_dw1_7_IRQn\000"
 1711      735F696E 
 1711      74657272 
 1711      75707473 
 1711      5F647731 
 1712              	.LASF89:
 1713 09a1 63707573 		.ascii	"cpuss_interrupts_dw1_13_IRQn\000"
 1713      735F696E 
 1713      74657272 
 1713      75707473 
 1713      5F647731 
 1714              	.LASF61:
 1715 09be 63707573 		.ascii	"cpuss_interrupts_dw0_1_IRQn\000"
 1715      735F696E 
 1715      74657272 
 1715      75707473 
 1715      5F647730 
 1716              	.LASF243:
 1717 09da 70657269 		.ascii	"periDiv16_5CtlOffset\000"
 1717      44697631 
 1717      365F3543 
 1717      746C4F66 
 1717      66736574 
 1718              	.LASF157:
 1719 09ef 756E636F 		.ascii	"unconnected_IRQn\000"
 1719      6E6E6563 
 1719      7465645F 
 1719      4952516E 
 1719      00
 1720              	.LASF78:
 1721 0a00 63707573 		.ascii	"cpuss_interrupts_dw1_2_IRQn\000"
 1721      735F696E 
 1721      74657272 
 1721      75707473 
 1721      5F647731 
 1722              	.LASF214:
 1723 0a1c 73797350 		.ascii	"sysPmSimoPresent\000"
 1723      6D53696D 
 1723      6F507265 
 1723      73656E74 
 1723      00
 1724              	.LASF155:
 1725 0a2d 7573625F 		.ascii	"usb_interrupt_lo_IRQn\000"
 1725      696E7465 
 1725      72727570 
 1725      745F6C6F 
 1725      5F495251 
 1726              	.LASF45:
ARM GAS  C:\Users\cmila\AppData\Local\Temp\ccRth6Gm.s 			page 39


 1727 0a43 63707573 		.ascii	"cpuss_interrupts_ipc_10_IRQn\000"
 1727      735F696E 
 1727      74657272 
 1727      75707473 
 1727      5F697063 
 1728              	.LASF95:
 1729 0a60 63707573 		.ascii	"cpuss_interrupt_fm_IRQn\000"
 1729      735F696E 
 1729      74657272 
 1729      7570745F 
 1729      666D5F49 
 1730              	.LASF114:
 1731 0a78 74637077 		.ascii	"tcpwm_1_interrupts_6_IRQn\000"
 1731      6D5F315F 
 1731      696E7465 
 1731      72727570 
 1731      74735F36 
 1732              	.LASF141:
 1733 0a92 7564625F 		.ascii	"udb_interrupts_9_IRQn\000"
 1733      696E7465 
 1733      72727570 
 1733      74735F39 
 1733      5F495251 
 1734              	.LASF232:
 1735 0aa8 64775374 		.ascii	"dwStatusChIdxMsk\000"
 1735      61747573 
 1735      43684964 
 1735      784D736B 
 1735      00
 1736              	.LASF145:
 1737 0ab9 7564625F 		.ascii	"udb_interrupts_13_IRQn\000"
 1737      696E7465 
 1737      72727570 
 1737      74735F31 
 1737      335F4952 
 1738              	.LASF173:
 1739 0ad0 75696E74 		.ascii	"uint8_t\000"
 1739      385F7400 
 1740              	.LASF127:
 1741 0ad8 74637077 		.ascii	"tcpwm_1_interrupts_19_IRQn\000"
 1741      6D5F315F 
 1741      696E7465 
 1741      72727570 
 1741      74735F31 
 1742              	.LASF270:
 1743 0af3 696E7472 		.ascii	"intrSrc\000"
 1743      53726300 
 1744              	.LASF237:
 1745 0afb 70657269 		.ascii	"periDivCmdDivSelMsk\000"
 1745      44697643 
 1745      6D644469 
 1745      7653656C 
 1745      4D736B00 
 1746              	.LASF29:
 1747 0b0f 73727373 		.ascii	"srss_interrupt_mcwdt_0_IRQn\000"
 1747      5F696E74 
 1747      65727275 
ARM GAS  C:\Users\cmila\AppData\Local\Temp\ccRth6Gm.s 			page 40


 1747      70745F6D 
 1747      63776474 
 1748              	.LASF245:
 1749 0b2b 6770696F 		.ascii	"gpioPrtIntrCfgOffset\000"
 1749      50727449 
 1749      6E747243 
 1749      66674F66 
 1749      66736574 
 1750              	.LASF27:
 1751 0b40 6C70636F 		.ascii	"lpcomp_interrupt_IRQn\000"
 1751      6D705F69 
 1751      6E746572 
 1751      72757074 
 1751      5F495251 
 1752              	.LASF40:
 1753 0b56 63707573 		.ascii	"cpuss_interrupts_ipc_5_IRQn\000"
 1753      735F696E 
 1753      74657272 
 1753      75707473 
 1753      5F697063 
 1754              	.LASF261:
 1755 0b72 63707573 		.ascii	"cpussRam0Ctl0\000"
 1755      7352616D 
 1755      3043746C 
 1755      3000
 1756              	.LASF170:
 1757 0b80 6C6F6E67 		.ascii	"long long int\000"
 1757      206C6F6E 
 1757      6720696E 
 1757      7400
 1758              	.LASF188:
 1759 0b8e 69706342 		.ascii	"ipcBase\000"
 1759      61736500 
 1760              	.LASF229:
 1761 0b96 64774368 		.ascii	"dwChCtlPrioPos\000"
 1761      43746C50 
 1761      72696F50 
 1761      6F7300
 1762              	.LASF189:
 1763 0ba5 63727970 		.ascii	"cryptoBase\000"
 1763      746F4261 
 1763      736500
 1764              	.LASF35:
 1765 0bb0 63707573 		.ascii	"cpuss_interrupts_ipc_0_IRQn\000"
 1765      735F696E 
 1765      74657272 
 1765      75707473 
 1765      5F697063 
 1766              	.LASF101:
 1767 0bcc 74637077 		.ascii	"tcpwm_0_interrupts_1_IRQn\000"
 1767      6D5F305F 
 1767      696E7465 
 1767      72727570 
 1767      74735F31 
 1768              	.LASF56:
 1769 0be6 7363625F 		.ascii	"scb_5_interrupt_IRQn\000"
 1769      355F696E 
ARM GAS  C:\Users\cmila\AppData\Local\Temp\ccRth6Gm.s 			page 41


 1769      74657272 
 1769      7570745F 
 1769      4952516E 
 1770              	.LASF50:
 1771 0bfb 63707573 		.ascii	"cpuss_interrupts_ipc_15_IRQn\000"
 1771      735F696E 
 1771      74657272 
 1771      75707473 
 1771      5F697063 
 1772              	.LASF163:
 1773 0c18 5F5F696E 		.ascii	"__int16_t\000"
 1773      7431365F 
 1773      7400
 1774              	.LASF209:
 1775 0c22 70657269 		.ascii	"periClockNr\000"
 1775      436C6F63 
 1775      6B4E7200 
 1776              	.LASF185:
 1777 0c2e 6873696F 		.ascii	"hsiomBase\000"
 1777      6D426173 
 1777      6500
 1778              	.LASF4:
 1779 0c38 42757346 		.ascii	"BusFault_IRQn\000"
 1779      61756C74 
 1779      5F495251 
 1779      6E00
 1780              	.LASF251:
 1781 0c46 63707573 		.ascii	"cpussCm4ClockCtlOffset\000"
 1781      73436D34 
 1781      436C6F63 
 1781      6B43746C 
 1781      4F666673 
 1782              	.LASF235:
 1783 0c5d 70657269 		.ascii	"periTrGrOffset\000"
 1783      54724772 
 1783      4F666673 
 1783      657400
 1784              	.LASF133:
 1785 0c6c 7564625F 		.ascii	"udb_interrupts_1_IRQn\000"
 1785      696E7465 
 1785      72727570 
 1785      74735F31 
 1785      5F495251 
 1786              	.LASF201:
 1787 0c82 63707573 		.ascii	"cpussDwChNr\000"
 1787      73447743 
 1787      684E7200 
 1788              	.LASF153:
 1789 0c8e 7573625F 		.ascii	"usb_interrupt_hi_IRQn\000"
 1789      696E7465 
 1789      72727570 
 1789      745F6869 
 1789      5F495251 
 1790              	.LASF52:
 1791 0ca4 7363625F 		.ascii	"scb_1_interrupt_IRQn\000"
 1791      315F696E 
 1791      74657272 
ARM GAS  C:\Users\cmila\AppData\Local\Temp\ccRth6Gm.s 			page 42


 1791      7570745F 
 1791      4952516E 
 1792              	.LASF119:
 1793 0cb9 74637077 		.ascii	"tcpwm_1_interrupts_11_IRQn\000"
 1793      6D5F315F 
 1793      696E7465 
 1793      72727570 
 1793      74735F31 
 1794              	.LASF16:
 1795 0cd4 696F7373 		.ascii	"ioss_interrupts_gpio_6_IRQn\000"
 1795      5F696E74 
 1795      65727275 
 1795      7074735F 
 1795      6770696F 
 1796              	.LASF199:
 1797 0cf0 63707573 		.ascii	"cpussIpcNr\000"
 1797      73497063 
 1797      4E7200
 1798              	.LASF252:
 1799 0cfb 63707573 		.ascii	"cpussCm4StatusOffset\000"
 1799      73436D34 
 1799      53746174 
 1799      75734F66 
 1799      66736574 
 1800              	.LASF96:
 1801 0d10 63707573 		.ascii	"cpuss_interrupts_cm0_cti_0_IRQn\000"
 1801      735F696E 
 1801      74657272 
 1801      75707473 
 1801      5F636D30 
 1802              	.LASF85:
 1803 0d30 63707573 		.ascii	"cpuss_interrupts_dw1_9_IRQn\000"
 1803      735F696E 
 1803      74657272 
 1803      75707473 
 1803      5F647731 
 1804              	.LASF69:
 1805 0d4c 63707573 		.ascii	"cpuss_interrupts_dw0_9_IRQn\000"
 1805      735F696E 
 1805      74657272 
 1805      75707473 
 1805      5F647730 
 1806              	.LASF63:
 1807 0d68 63707573 		.ascii	"cpuss_interrupts_dw0_3_IRQn\000"
 1807      735F696E 
 1807      74657272 
 1807      75707473 
 1807      5F647730 
 1808              	.LASF263:
 1809 0d84 63707573 		.ascii	"cpussRam2Ctl0\000"
 1809      7352616D 
 1809      3243746C 
 1809      3000
 1810              	.LASF11:
 1811 0d92 696F7373 		.ascii	"ioss_interrupts_gpio_1_IRQn\000"
 1811      5F696E74 
 1811      65727275 
ARM GAS  C:\Users\cmila\AppData\Local\Temp\ccRth6Gm.s 			page 43


 1811      7074735F 
 1811      6770696F 
 1812              	.LASF72:
 1813 0dae 63707573 		.ascii	"cpuss_interrupts_dw0_12_IRQn\000"
 1813      735F696E 
 1813      74657272 
 1813      75707473 
 1813      5F647730 
 1814              	.LASF80:
 1815 0dcb 63707573 		.ascii	"cpuss_interrupts_dw1_4_IRQn\000"
 1815      735F696E 
 1815      74657272 
 1815      75707473 
 1815      5F647731 
 1816              	.LASF86:
 1817 0de7 63707573 		.ascii	"cpuss_interrupts_dw1_10_IRQn\000"
 1817      735F696E 
 1817      74657272 
 1817      75707473 
 1817      5F647731 
 1818              	.LASF106:
 1819 0e04 74637077 		.ascii	"tcpwm_0_interrupts_6_IRQn\000"
 1819      6D5F305F 
 1819      696E7465 
 1819      72727570 
 1819      74735F36 
 1820              	.LASF275:
 1821 0e1e 55415254 		.ascii	"UART_SCB_IRQ_cfg\000"
 1821      5F534342 
 1821      5F495251 
 1821      5F636667 
 1821      00
 1822              	.LASF242:
 1823 0e2f 70657269 		.ascii	"periDiv16CtlOffset\000"
 1823      44697631 
 1823      3643746C 
 1823      4F666673 
 1823      657400
 1824              	.LASF116:
 1825 0e42 74637077 		.ascii	"tcpwm_1_interrupts_8_IRQn\000"
 1825      6D5F315F 
 1825      696E7465 
 1825      72727570 
 1825      74735F38 
 1826              	.LASF165:
 1827 0e5c 73686F72 		.ascii	"short unsigned int\000"
 1827      7420756E 
 1827      7369676E 
 1827      65642069 
 1827      6E7400
 1828              	.LASF179:
 1829 0e6f 6C6F6E67 		.ascii	"long double\000"
 1829      20646F75 
 1829      626C6500 
 1830              	.LASF175:
 1831 0e7b 75696E74 		.ascii	"uint16_t\000"
 1831      31365F74 
ARM GAS  C:\Users\cmila\AppData\Local\Temp\ccRth6Gm.s 			page 44


 1831      00
 1832              	.LASF184:
 1833 0e84 70726F74 		.ascii	"protBase\000"
 1833      42617365 
 1833      00
 1834              	.LASF234:
 1835 0e8d 70657269 		.ascii	"periTrCmdGrSelMsk\000"
 1835      5472436D 
 1835      64477253 
 1835      656C4D73 
 1835      6B00
 1836              	.LASF99:
 1837 0e9f 63707573 		.ascii	"cpuss_interrupts_cm4_cti_1_IRQn\000"
 1837      735F696E 
 1837      74657272 
 1837      75707473 
 1837      5F636D34 
 1838              	.LASF111:
 1839 0ebf 74637077 		.ascii	"tcpwm_1_interrupts_3_IRQn\000"
 1839      6D5F315F 
 1839      696E7465 
 1839      72727570 
 1839      74735F33 
 1840              	.LASF138:
 1841 0ed9 7564625F 		.ascii	"udb_interrupts_6_IRQn\000"
 1841      696E7465 
 1841      72727570 
 1841      74735F36 
 1841      5F495251 
 1842              	.LASF192:
 1843 0eef 64775665 		.ascii	"dwVersion\000"
 1843      7273696F 
 1843      6E00
 1844              	.LASF124:
 1845 0ef9 74637077 		.ascii	"tcpwm_1_interrupts_16_IRQn\000"
 1845      6D5F315F 
 1845      696E7465 
 1845      72727570 
 1845      74735F31 
 1846              	.LASF42:
 1847 0f14 63707573 		.ascii	"cpuss_interrupts_ipc_7_IRQn\000"
 1847      735F696E 
 1847      74657272 
 1847      75707473 
 1847      5F697063 
 1848              	.LASF137:
 1849 0f30 7564625F 		.ascii	"udb_interrupts_5_IRQn\000"
 1849      696E7465 
 1849      72727570 
 1849      74735F35 
 1849      5F495251 
 1850              	.LASF178:
 1851 0f46 73697A65 		.ascii	"sizetype\000"
 1851      74797065 
 1851      00
 1852              	.LASF259:
 1853 0f4f 63707573 		.ascii	"cpussCm4NmiCtlOffset\000"
ARM GAS  C:\Users\cmila\AppData\Local\Temp\ccRth6Gm.s 			page 45


 1853      73436D34 
 1853      4E6D6943 
 1853      746C4F66 
 1853      66736574 
 1854              	.LASF253:
 1855 0f64 63707573 		.ascii	"cpussCm0StatusOffset\000"
 1855      73436D30 
 1855      53746174 
 1855      75734F66 
 1855      66736574 
 1856              	.LASF241:
 1857 0f79 70657269 		.ascii	"periDiv8CtlOffset\000"
 1857      44697638 
 1857      43746C4F 
 1857      66667365 
 1857      7400
 1858              	.LASF68:
 1859 0f8b 63707573 		.ascii	"cpuss_interrupts_dw0_8_IRQn\000"
 1859      735F696E 
 1859      74657272 
 1859      75707473 
 1859      5F647730 
 1860              	.LASF22:
 1861 0fa7 696F7373 		.ascii	"ioss_interrupts_gpio_12_IRQn\000"
 1861      5F696E74 
 1861      65727275 
 1861      7074735F 
 1861      6770696F 
 1862              	.LASF34:
 1863 0fc4 626C6573 		.ascii	"bless_interrupt_IRQn\000"
 1863      735F696E 
 1863      74657272 
 1863      7570745F 
 1863      4952516E 
 1864              	.LASF167:
 1865 0fd9 6C6F6E67 		.ascii	"long int\000"
 1865      20696E74 
 1865      00
 1866              	.LASF91:
 1867 0fe2 63707573 		.ascii	"cpuss_interrupts_dw1_15_IRQn\000"
 1867      735F696E 
 1867      74657272 
 1867      75707473 
 1867      5F647731 
 1868              	.LASF190:
 1869 0fff 63707573 		.ascii	"cpussVersion\000"
 1869      73566572 
 1869      73696F6E 
 1869      00
 1870              	.LASF273:
 1871 100c 49544D5F 		.ascii	"ITM_RxBuffer\000"
 1871      52784275 
 1871      66666572 
 1871      00
 1872              	.LASF194:
 1873 1019 6770696F 		.ascii	"gpioVersion\000"
 1873      56657273 
ARM GAS  C:\Users\cmila\AppData\Local\Temp\ccRth6Gm.s 			page 46


 1873      696F6E00 
 1874              	.LASF1:
 1875 1025 4E6F6E4D 		.ascii	"NonMaskableInt_IRQn\000"
 1875      61736B61 
 1875      626C6549 
 1875      6E745F49 
 1875      52516E00 
 1876              	.LASF128:
 1877 1039 74637077 		.ascii	"tcpwm_1_interrupts_20_IRQn\000"
 1877      6D5F315F 
 1877      696E7465 
 1877      72727570 
 1877      74735F32 
 1878              	.LASF193:
 1879 1054 666C6173 		.ascii	"flashcVersion\000"
 1879      68635665 
 1879      7273696F 
 1879      6E00
 1880              	.LASF215:
 1881 1062 70726F74 		.ascii	"protBusMasterMask\000"
 1881      4275734D 
 1881      61737465 
 1881      724D6173 
 1881      6B00
 1882              	.LASF57:
 1883 1074 7363625F 		.ascii	"scb_6_interrupt_IRQn\000"
 1883      365F696E 
 1883      74657272 
 1883      7570745F 
 1883      4952516E 
 1884              	.LASF277:
 1885 1089 474E5520 		.ascii	"GNU C11 5.4.1 20160609 (release) [ARM/embedded-5-br"
 1885      43313120 
 1885      352E342E 
 1885      31203230 
 1885      31363036 
 1886 10bc 616E6368 		.ascii	"anch revision 237715] -mcpu=cortex-m4 -mfloat-abi=s"
 1886      20726576 
 1886      6973696F 
 1886      6E203233 
 1886      37373135 
 1887 10ef 6F667466 		.ascii	"oftfp -mfpu=fpv4-sp-d16 -mthumb -g -Os -ffunction-s"
 1887      70202D6D 
 1887      6670753D 
 1887      66707634 
 1887      2D73702D 
 1888 1122 65637469 		.ascii	"ections -ffat-lto-objects\000"
 1888      6F6E7320 
 1888      2D666661 
 1888      742D6C74 
 1888      6F2D6F62 
 1889              	.LASF47:
 1890 113c 63707573 		.ascii	"cpuss_interrupts_ipc_12_IRQn\000"
 1890      735F696E 
 1890      74657272 
 1890      75707473 
 1890      5F697063 
ARM GAS  C:\Users\cmila\AppData\Local\Temp\ccRth6Gm.s 			page 47


 1891              	.LASF24:
 1892 1159 696F7373 		.ascii	"ioss_interrupts_gpio_14_IRQn\000"
 1892      5F696E74 
 1892      65727275 
 1892      7074735F 
 1892      6770696F 
 1893              	.LASF41:
 1894 1176 63707573 		.ascii	"cpuss_interrupts_ipc_6_IRQn\000"
 1894      735F696E 
 1894      74657272 
 1894      75707473 
 1894      5F697063 
 1895              	.LASF18:
 1896 1192 696F7373 		.ascii	"ioss_interrupts_gpio_8_IRQn\000"
 1896      5F696E74 
 1896      65727275 
 1896      7074735F 
 1896      6770696F 
 1897              	.LASF254:
 1898 11ae 63707573 		.ascii	"cpussCm4PwrCtlOffset\000"
 1898      73436D34 
 1898      50777243 
 1898      746C4F66 
 1898      66736574 
 1899              	.LASF152:
 1900 11c3 736D6966 		.ascii	"smif_interrupt_IRQn\000"
 1900      5F696E74 
 1900      65727275 
 1900      70745F49 
 1900      52516E00 
 1901              	.LASF53:
 1902 11d7 7363625F 		.ascii	"scb_2_interrupt_IRQn\000"
 1902      325F696E 
 1902      74657272 
 1902      7570745F 
 1902      4952516E 
 1903              	.LASF13:
 1904 11ec 696F7373 		.ascii	"ioss_interrupts_gpio_3_IRQn\000"
 1904      5F696E74 
 1904      65727275 
 1904      7074735F 
 1904      6770696F 
 1905              	.LASF74:
 1906 1208 63707573 		.ascii	"cpuss_interrupts_dw0_14_IRQn\000"
 1906      735F696E 
 1906      74657272 
 1906      75707473 
 1906      5F647730 
 1907              	.LASF211:
 1908 1225 70617373 		.ascii	"passSarChannels\000"
 1908      53617243 
 1908      68616E6E 
 1908      656C7300 
 1909              	.LASF82:
 1910 1235 63707573 		.ascii	"cpuss_interrupts_dw1_6_IRQn\000"
 1910      735F696E 
 1910      74657272 
ARM GAS  C:\Users\cmila\AppData\Local\Temp\ccRth6Gm.s 			page 48


 1910      75707473 
 1910      5F647731 
 1911              	.LASF130:
 1912 1251 74637077 		.ascii	"tcpwm_1_interrupts_22_IRQn\000"
 1912      6D5F315F 
 1912      696E7465 
 1912      72727570 
 1912      74735F32 
 1913              	.LASF60:
 1914 126c 63707573 		.ascii	"cpuss_interrupts_dw0_0_IRQn\000"
 1914      735F696E 
 1914      74657272 
 1914      75707473 
 1914      5F647730 
 1915              	.LASF256:
 1916 1288 63707573 		.ascii	"cpussTrimRomCtlOffset\000"
 1916      73547269 
 1916      6D526F6D 
 1916      43746C4F 
 1916      66667365 
 1917              	.LASF271:
 1918 129e 696E7472 		.ascii	"intrPriority\000"
 1918      5072696F 
 1918      72697479 
 1918      00
 1919              	.LASF144:
 1920 12ab 7564625F 		.ascii	"udb_interrupts_12_IRQn\000"
 1920      696E7465 
 1920      72727570 
 1920      74735F31 
 1920      325F4952 
 1921              	.LASF9:
 1922 12c2 53797354 		.ascii	"SysTick_IRQn\000"
 1922      69636B5F 
 1922      4952516E 
 1922      00
 1923              	.LASF195:
 1924 12cf 6873696F 		.ascii	"hsiomVersion\000"
 1924      6D566572 
 1924      73696F6E 
 1924      00
 1925              	.LASF77:
 1926 12dc 63707573 		.ascii	"cpuss_interrupts_dw1_1_IRQn\000"
 1926      735F696E 
 1926      74657272 
 1926      75707473 
 1926      5F647731 
 1927              	.LASF264:
 1928 12f8 69706353 		.ascii	"ipcStructSize\000"
 1928      74727563 
 1928      7453697A 
 1928      6500
 1929              	.LASF169:
 1930 1306 6C6F6E67 		.ascii	"long unsigned int\000"
 1930      20756E73 
 1930      69676E65 
 1930      6420696E 
ARM GAS  C:\Users\cmila\AppData\Local\Temp\ccRth6Gm.s 			page 49


 1930      7400
 1931              	.LASF103:
 1932 1318 74637077 		.ascii	"tcpwm_0_interrupts_3_IRQn\000"
 1932      6D5F305F 
 1932      696E7465 
 1932      72727570 
 1932      74735F33 
 1933              	.LASF260:
 1934 1332 63707573 		.ascii	"cpussRomCtl\000"
 1934      73526F6D 
 1934      43746C00 
 1935              	.LASF64:
 1936 133e 63707573 		.ascii	"cpuss_interrupts_dw0_4_IRQn\000"
 1936      735F696E 
 1936      74657272 
 1936      75707473 
 1936      5F647730 
 1937              	.LASF176:
 1938 135a 696E7433 		.ascii	"int32_t\000"
 1938      325F7400 
 1939              	.LASF266:
 1940 1362 63795F73 		.ascii	"cy_stc_device_t\000"
 1940      74635F64 
 1940      65766963 
 1940      655F7400 
 1941              	.LASF113:
 1942 1372 74637077 		.ascii	"tcpwm_1_interrupts_5_IRQn\000"
 1942      6D5F315F 
 1942      696E7465 
 1942      72727570 
 1942      74735F35 
 1943              	.LASF140:
 1944 138c 7564625F 		.ascii	"udb_interrupts_8_IRQn\000"
 1944      696E7465 
 1944      72727570 
 1944      74735F38 
 1944      5F495251 
 1945              	.LASF183:
 1946 13a2 75646242 		.ascii	"udbBase\000"
 1946      61736500 
 1947              	.LASF126:
 1948 13aa 74637077 		.ascii	"tcpwm_1_interrupts_18_IRQn\000"
 1948      6D5F315F 
 1948      696E7465 
 1948      72727570 
 1948      74735F31 
 1949              	.LASF7:
 1950 13c5 44656275 		.ascii	"DebugMonitor_IRQn\000"
 1950      674D6F6E 
 1950      69746F72 
 1950      5F495251 
 1950      6E00
 1951              	.LASF5:
 1952 13d7 55736167 		.ascii	"UsageFault_IRQn\000"
 1952      65466175 
 1952      6C745F49 
 1952      52516E00 
ARM GAS  C:\Users\cmila\AppData\Local\Temp\ccRth6Gm.s 			page 50


 1953              	.LASF108:
 1954 13e7 74637077 		.ascii	"tcpwm_1_interrupts_0_IRQn\000"
 1954      6D5F315F 
 1954      696E7465 
 1954      72727570 
 1954      74735F30 
 1955              	.LASF135:
 1956 1401 7564625F 		.ascii	"udb_interrupts_3_IRQn\000"
 1956      696E7465 
 1956      72727570 
 1956      74735F33 
 1956      5F495251 
 1957              	.LASF162:
 1958 1417 756E7369 		.ascii	"unsigned char\000"
 1958      676E6564 
 1958      20636861 
 1958      7200
 1959              	.LASF278:
 1960 1425 47656E65 		.ascii	"Generated_Source\\PSoC6\\cyfitter_sysint_cfg.c\000"
 1960      72617465 
 1960      645F536F 
 1960      75726365 
 1960      5C50536F 
 1961              	.LASF168:
 1962 1452 5F5F7569 		.ascii	"__uint32_t\000"
 1962      6E743332 
 1962      5F7400
 1963              	.LASF265:
 1964 145d 6970634C 		.ascii	"ipcLockStatusOffset\000"
 1964      6F636B53 
 1964      74617475 
 1964      734F6666 
 1964      73657400 
 1965              	.LASF121:
 1966 1471 74637077 		.ascii	"tcpwm_1_interrupts_13_IRQn\000"
 1966      6D5F315F 
 1966      696E7465 
 1966      72727570 
 1966      74735F31 
 1967              	.LASF39:
 1968 148c 63707573 		.ascii	"cpuss_interrupts_ipc_4_IRQn\000"
 1968      735F696E 
 1968      74657272 
 1968      75707473 
 1968      5F697063 
 1969              	.LASF221:
 1970 14a8 666C6173 		.ascii	"flashEraseDelay\000"
 1970      68457261 
 1970      73654465 
 1970      6C617900 
 1971              	.LASF65:
 1972 14b8 63707573 		.ascii	"cpuss_interrupts_dw0_5_IRQn\000"
 1972      735F696E 
 1972      74657272 
 1972      75707473 
 1972      5F647730 
 1973              	.LASF227:
ARM GAS  C:\Users\cmila\AppData\Local\Temp\ccRth6Gm.s 			page 51


 1974 14d4 64774368 		.ascii	"dwChOffset\000"
 1974      4F666673 
 1974      657400
 1975              	.LASF88:
 1976 14df 63707573 		.ascii	"cpuss_interrupts_dw1_12_IRQn\000"
 1976      735F696E 
 1976      74657272 
 1976      75707473 
 1976      5F647731 
 1977              	.LASF26:
 1978 14fc 696F7373 		.ascii	"ioss_interrupt_vdd_IRQn\000"
 1978      5F696E74 
 1978      65727275 
 1978      70745F76 
 1978      64645F49 
 1979              	.LASF161:
 1980 1514 5F5F7569 		.ascii	"__uint8_t\000"
 1980      6E74385F 
 1980      7400
 1981              	.LASF49:
 1982 151e 63707573 		.ascii	"cpuss_interrupts_ipc_14_IRQn\000"
 1982      735F696E 
 1982      74657272 
 1982      75707473 
 1982      5F697063 
 1983              	.LASF0:
 1984 153b 52657365 		.ascii	"Reset_IRQn\000"
 1984      745F4952 
 1984      516E00
 1985              	.LASF217:
 1986 1546 666C6173 		.ascii	"flashRwwRequired\000"
 1986      68527777 
 1986      52657175 
 1986      69726564 
 1986      00
 1987              	.LASF246:
 1988 1557 6770696F 		.ascii	"gpioPrtCfgOffset\000"
 1988      50727443 
 1988      66674F66 
 1988      66736574 
 1988      00
 1989              	.LASF212:
 1990 1568 65704D6F 		.ascii	"epMonitorNr\000"
 1990      6E69746F 
 1990      724E7200 
 1991              	.LASF70:
 1992 1574 63707573 		.ascii	"cpuss_interrupts_dw0_10_IRQn\000"
 1992      735F696E 
 1992      74657272 
 1992      75707473 
 1992      5F647730 
 1993              	.LASF2:
 1994 1591 48617264 		.ascii	"HardFault_IRQn\000"
 1994      4661756C 
 1994      745F4952 
 1994      516E00
 1995              	.LASF159:
ARM GAS  C:\Users\cmila\AppData\Local\Temp\ccRth6Gm.s 			page 52


 1996 15a0 7369676E 		.ascii	"signed char\000"
 1996      65642063 
 1996      68617200 
 1997              	.LASF148:
 1998 15ac 70617373 		.ascii	"pass_interrupt_sar_IRQn\000"
 1998      5F696E74 
 1998      65727275 
 1998      70745F73 
 1998      61725F49 
 1999              	.LASF132:
 2000 15c4 7564625F 		.ascii	"udb_interrupts_0_IRQn\000"
 2000      696E7465 
 2000      72727570 
 2000      74735F30 
 2000      5F495251 
 2001              	.LASF200:
 2002 15da 63707573 		.ascii	"cpussIpcIrqNr\000"
 2002      73497063 
 2002      4972714E 
 2002      7200
 2003              	.LASF230:
 2004 15e8 64774368 		.ascii	"dwChCtlPreemptablePos\000"
 2004      43746C50 
 2004      7265656D 
 2004      70746162 
 2004      6C65506F 
 2005              	.LASF118:
 2006 15fe 74637077 		.ascii	"tcpwm_1_interrupts_10_IRQn\000"
 2006      6D5F315F 
 2006      696E7465 
 2006      72727570 
 2006      74735F31 
 2007              	.LASF15:
 2008 1619 696F7373 		.ascii	"ioss_interrupts_gpio_5_IRQn\000"
 2008      5F696E74 
 2008      65727275 
 2008      7074735F 
 2008      6770696F 
 2009              	.LASF44:
 2010 1635 63707573 		.ascii	"cpuss_interrupts_ipc_9_IRQn\000"
 2010      735F696E 
 2010      74657272 
 2010      75707473 
 2010      5F697063 
 2011              	.LASF197:
 2012 1651 70657269 		.ascii	"periVersion\000"
 2012      56657273 
 2012      696F6E00 
 2013              	.LASF93:
 2014 165d 63707573 		.ascii	"cpuss_interrupts_fault_1_IRQn\000"
 2014      735F696E 
 2014      74657272 
 2014      75707473 
 2014      5F666175 
 2015              	.LASF269:
 2016 167b 646F7562 		.ascii	"double\000"
 2016      6C6500
ARM GAS  C:\Users\cmila\AppData\Local\Temp\ccRth6Gm.s 			page 53


 2017              	.LASF187:
 2018 1682 70617373 		.ascii	"passBase\000"
 2018      42617365 
 2018      00
 2019              	.LASF224:
 2020 168b 666C6173 		.ascii	"flashCtlMainWs2Freq\000"
 2020      6843746C 
 2020      4D61696E 
 2020      57733246 
 2020      72657100 
 2021              	.LASF10:
 2022 169f 696F7373 		.ascii	"ioss_interrupts_gpio_0_IRQn\000"
 2022      5F696E74 
 2022      65727275 
 2022      7074735F 
 2022      6770696F 
 2023              	.LASF71:
 2024 16bb 63707573 		.ascii	"cpuss_interrupts_dw0_11_IRQn\000"
 2024      735F696E 
 2024      74657272 
 2024      75707473 
 2024      5F647730 
 2025              	.LASF226:
 2026 16d8 666C6173 		.ascii	"flashCtlMainWs4Freq\000"
 2026      6843746C 
 2026      4D61696E 
 2026      57733446 
 2026      72657100 
 2027              	.LASF79:
 2028 16ec 63707573 		.ascii	"cpuss_interrupts_dw1_3_IRQn\000"
 2028      735F696E 
 2028      74657272 
 2028      75707473 
 2028      5F647731 
 2029              	.LASF105:
 2030 1708 74637077 		.ascii	"tcpwm_0_interrupts_5_IRQn\000"
 2030      6D5F305F 
 2030      696E7465 
 2030      72727570 
 2030      74735F35 
 2031              	.LASF94:
 2032 1722 63707573 		.ascii	"cpuss_interrupt_crypto_IRQn\000"
 2032      735F696E 
 2032      74657272 
 2032      7570745F 
 2032      63727970 
 2033              	.LASF100:
 2034 173e 74637077 		.ascii	"tcpwm_0_interrupts_0_IRQn\000"
 2034      6D5F305F 
 2034      696E7465 
 2034      72727570 
 2034      74735F30 
 2035              	.LASF196:
 2036 1758 69706356 		.ascii	"ipcVersion\000"
 2036      65727369 
 2036      6F6E00
 2037              	.LASF38:
ARM GAS  C:\Users\cmila\AppData\Local\Temp\ccRth6Gm.s 			page 54


 2038 1763 63707573 		.ascii	"cpuss_interrupts_ipc_3_IRQn\000"
 2038      735F696E 
 2038      74657272 
 2038      75707473 
 2038      5F697063 
 2039              	.LASF58:
 2040 177f 7363625F 		.ascii	"scb_7_interrupt_IRQn\000"
 2040      375F696E 
 2040      74657272 
 2040      7570745F 
 2040      4952516E 
 2041              	.LASF98:
 2042 1794 63707573 		.ascii	"cpuss_interrupts_cm4_cti_0_IRQn\000"
 2042      735F696E 
 2042      74657272 
 2042      75707473 
 2042      5F636D34 
 2043              	.LASF110:
 2044 17b4 74637077 		.ascii	"tcpwm_1_interrupts_2_IRQn\000"
 2044      6D5F315F 
 2044      696E7465 
 2044      72727570 
 2044      74735F32 
 2045              		.ident	"GCC: (GNU Tools for ARM Embedded Processors) 5.4.1 20160609 (release) [ARM/embedded-5-bran
