ARM GAS  C:\Users\SEANIL~1\AppData\Local\Temp\ccKIJPLR.s 			page 1


   1              		.syntax unified
   2              		.cpu cortex-m4
   3              		.eabi_attribute 27, 1
   4              		.fpu fpv4-sp-d16
   5              		.eabi_attribute 20, 1
   6              		.eabi_attribute 21, 1
   7              		.eabi_attribute 23, 3
   8              		.eabi_attribute 24, 1
   9              		.eabi_attribute 25, 1
  10              		.eabi_attribute 26, 1
  11              		.eabi_attribute 30, 1
  12              		.eabi_attribute 34, 1
  13              		.eabi_attribute 18, 4
  14              		.thumb
  15              		.syntax unified
  16              		.file	"command_parse.c"
  17              		.text
  18              	.Ltext0:
  19              		.cfi_sections	.debug_frame
  20              	.Letext0:
  21              		.file 1 "c:\\program files (x86)\\cypress\\psoc creator\\4.4\\psoc creator\\import\\gnu\\arm\\5.4.
  22              		.file 2 "c:\\program files (x86)\\cypress\\psoc creator\\4.4\\psoc creator\\import\\gnu\\arm\\5.4.
  23              		.file 3 "Generated_Source\\PSoC6\\pdl\\drivers/peripheral/device/cy_device.h"
  24              		.file 4 "Generated_Source\\PSoC6\\pdl\\drivers/peripheral/scb/cy_scb_uart.h"
  25              		.file 5 "Generated_Source\\PSoC6\\pdl\\cmsis/include/core_cm4.h"
  26              		.file 6 "Generated_Source\\PSoC6/UART.h"
  27              		.section	.debug_info,"",%progbits
  28              	.Ldebug_info0:
  29 0000 3A060000 		.4byte	0x63a
  30 0004 0400     		.2byte	0x4
  31 0006 00000000 		.4byte	.Ldebug_abbrev0
  32 000a 04       		.byte	0x4
  33 000b 01       		.uleb128 0x1
  34 000c 32050000 		.4byte	.LASF131
  35 0010 0C       		.byte	0xc
  36 0011 7A000000 		.4byte	.LASF132
  37 0015 D2030000 		.4byte	.LASF133
  38 0019 00000000 		.4byte	.Ldebug_line0
  39 001d 02       		.uleb128 0x2
  40 001e 02       		.byte	0x2
  41 001f 05       		.byte	0x5
  42 0020 71060000 		.4byte	.LASF0
  43 0024 02       		.uleb128 0x2
  44 0025 01       		.byte	0x1
  45 0026 06       		.byte	0x6
  46 0027 77010000 		.4byte	.LASF1
  47 002b 03       		.uleb128 0x3
  48 002c 98000000 		.4byte	.LASF3
  49 0030 01       		.byte	0x1
  50 0031 1D       		.byte	0x1d
  51 0032 36000000 		.4byte	0x36
  52 0036 02       		.uleb128 0x2
  53 0037 01       		.byte	0x1
  54 0038 08       		.byte	0x8
  55 0039 4F060000 		.4byte	.LASF2
  56 003d 03       		.uleb128 0x3
  57 003e 89020000 		.4byte	.LASF4
ARM GAS  C:\Users\SEANIL~1\AppData\Local\Temp\ccKIJPLR.s 			page 2


  58 0042 01       		.byte	0x1
  59 0043 29       		.byte	0x29
  60 0044 1D000000 		.4byte	0x1d
  61 0048 03       		.uleb128 0x3
  62 0049 F6060000 		.4byte	.LASF5
  63 004d 01       		.byte	0x1
  64 004e 2B       		.byte	0x2b
  65 004f 53000000 		.4byte	0x53
  66 0053 02       		.uleb128 0x2
  67 0054 02       		.byte	0x2
  68 0055 07       		.byte	0x7
  69 0056 4B070000 		.4byte	.LASF6
  70 005a 03       		.uleb128 0x3
  71 005b 14070000 		.4byte	.LASF7
  72 005f 01       		.byte	0x1
  73 0060 3F       		.byte	0x3f
  74 0061 65000000 		.4byte	0x65
  75 0065 02       		.uleb128 0x2
  76 0066 04       		.byte	0x4
  77 0067 05       		.byte	0x5
  78 0068 DA010000 		.4byte	.LASF8
  79 006c 03       		.uleb128 0x3
  80 006d 6E020000 		.4byte	.LASF9
  81 0071 01       		.byte	0x1
  82 0072 41       		.byte	0x41
  83 0073 77000000 		.4byte	0x77
  84 0077 02       		.uleb128 0x2
  85 0078 04       		.byte	0x4
  86 0079 07       		.byte	0x7
  87 007a 17030000 		.4byte	.LASF10
  88 007e 02       		.uleb128 0x2
  89 007f 08       		.byte	0x8
  90 0080 05       		.byte	0x5
  91 0081 69010000 		.4byte	.LASF11
  92 0085 02       		.uleb128 0x2
  93 0086 08       		.byte	0x8
  94 0087 07       		.byte	0x7
  95 0088 E7000000 		.4byte	.LASF12
  96 008c 04       		.uleb128 0x4
  97 008d 04       		.byte	0x4
  98 008e 05       		.byte	0x5
  99 008f 696E7400 		.ascii	"int\000"
 100 0093 02       		.uleb128 0x2
 101 0094 04       		.byte	0x4
 102 0095 07       		.byte	0x7
 103 0096 DB020000 		.4byte	.LASF13
 104 009a 03       		.uleb128 0x3
 105 009b E0070000 		.4byte	.LASF14
 106 009f 02       		.byte	0x2
 107 00a0 18       		.byte	0x18
 108 00a1 2B000000 		.4byte	0x2b
 109 00a5 03       		.uleb128 0x3
 110 00a6 61010000 		.4byte	.LASF15
 111 00aa 02       		.byte	0x2
 112 00ab 20       		.byte	0x20
 113 00ac 3D000000 		.4byte	0x3d
 114 00b0 03       		.uleb128 0x3
ARM GAS  C:\Users\SEANIL~1\AppData\Local\Temp\ccKIJPLR.s 			page 3


 115 00b1 E8020000 		.4byte	.LASF16
 116 00b5 02       		.byte	0x2
 117 00b6 24       		.byte	0x24
 118 00b7 48000000 		.4byte	0x48
 119 00bb 03       		.uleb128 0x3
 120 00bc 47060000 		.4byte	.LASF17
 121 00c0 02       		.byte	0x2
 122 00c1 2C       		.byte	0x2c
 123 00c2 5A000000 		.4byte	0x5a
 124 00c6 03       		.uleb128 0x3
 125 00c7 AD060000 		.4byte	.LASF18
 126 00cb 02       		.byte	0x2
 127 00cc 30       		.byte	0x30
 128 00cd 6C000000 		.4byte	0x6c
 129 00d1 02       		.uleb128 0x2
 130 00d2 04       		.byte	0x4
 131 00d3 07       		.byte	0x7
 132 00d4 9D040000 		.4byte	.LASF19
 133 00d8 05       		.uleb128 0x5
 134 00d9 C6000000 		.4byte	0xc6
 135 00dd 02       		.uleb128 0x2
 136 00de 08       		.byte	0x8
 137 00df 04       		.byte	0x4
 138 00e0 CB060000 		.4byte	.LASF20
 139 00e4 06       		.uleb128 0x6
 140 00e5 B8       		.byte	0xb8
 141 00e6 03       		.byte	0x3
 142 00e7 34       		.byte	0x34
 143 00e8 F5040000 		.4byte	0x4f5
 144 00ec 07       		.uleb128 0x7
 145 00ed CE000000 		.4byte	.LASF21
 146 00f1 03       		.byte	0x3
 147 00f2 37       		.byte	0x37
 148 00f3 C6000000 		.4byte	0xc6
 149 00f7 00       		.byte	0
 150 00f8 07       		.uleb128 0x7
 151 00f9 63020000 		.4byte	.LASF22
 152 00fd 03       		.byte	0x3
 153 00fe 38       		.byte	0x38
 154 00ff C6000000 		.4byte	0xc6
 155 0103 04       		.byte	0x4
 156 0104 07       		.uleb128 0x7
 157 0105 F1010000 		.4byte	.LASF23
 158 0109 03       		.byte	0x3
 159 010a 39       		.byte	0x39
 160 010b C6000000 		.4byte	0xc6
 161 010f 08       		.byte	0x8
 162 0110 07       		.uleb128 0x7
 163 0111 39060000 		.4byte	.LASF24
 164 0115 03       		.byte	0x3
 165 0116 3A       		.byte	0x3a
 166 0117 C6000000 		.4byte	0xc6
 167 011b 0C       		.byte	0xc
 168 011c 07       		.uleb128 0x7
 169 011d 98010000 		.4byte	.LASF25
 170 0121 03       		.byte	0x3
 171 0122 3B       		.byte	0x3b
ARM GAS  C:\Users\SEANIL~1\AppData\Local\Temp\ccKIJPLR.s 			page 4


 172 0123 C6000000 		.4byte	0xc6
 173 0127 10       		.byte	0x10
 174 0128 07       		.uleb128 0x7
 175 0129 D0010000 		.4byte	.LASF26
 176 012d 03       		.byte	0x3
 177 012e 3C       		.byte	0x3c
 178 012f C6000000 		.4byte	0xc6
 179 0133 14       		.byte	0x14
 180 0134 07       		.uleb128 0x7
 181 0135 60030000 		.4byte	.LASF27
 182 0139 03       		.byte	0x3
 183 013a 3D       		.byte	0x3d
 184 013b C6000000 		.4byte	0xc6
 185 013f 18       		.byte	0x18
 186 0140 07       		.uleb128 0x7
 187 0141 71000000 		.4byte	.LASF28
 188 0145 03       		.byte	0x3
 189 0146 3E       		.byte	0x3e
 190 0147 C6000000 		.4byte	0xc6
 191 014b 1C       		.byte	0x1c
 192 014c 07       		.uleb128 0x7
 193 014d 49080000 		.4byte	.LASF29
 194 0151 03       		.byte	0x3
 195 0152 3F       		.byte	0x3f
 196 0153 C6000000 		.4byte	0xc6
 197 0157 20       		.byte	0x20
 198 0158 07       		.uleb128 0x7
 199 0159 1A050000 		.4byte	.LASF30
 200 015d 03       		.byte	0x3
 201 015e 40       		.byte	0x40
 202 015f C6000000 		.4byte	0xc6
 203 0163 24       		.byte	0x24
 204 0164 07       		.uleb128 0x7
 205 0165 6F040000 		.4byte	.LASF31
 206 0169 03       		.byte	0x3
 207 016a 43       		.byte	0x43
 208 016b 9A000000 		.4byte	0x9a
 209 016f 28       		.byte	0x28
 210 0170 07       		.uleb128 0x7
 211 0171 57000000 		.4byte	.LASF32
 212 0175 03       		.byte	0x3
 213 0176 44       		.byte	0x44
 214 0177 9A000000 		.4byte	0x9a
 215 017b 29       		.byte	0x29
 216 017c 07       		.uleb128 0x7
 217 017d 3F080000 		.4byte	.LASF33
 218 0181 03       		.byte	0x3
 219 0182 45       		.byte	0x45
 220 0183 9A000000 		.4byte	0x9a
 221 0187 2A       		.byte	0x2a
 222 0188 07       		.uleb128 0x7
 223 0189 0C050000 		.4byte	.LASF34
 224 018d 03       		.byte	0x3
 225 018e 46       		.byte	0x46
 226 018f 9A000000 		.4byte	0x9a
 227 0193 2B       		.byte	0x2b
 228 0194 07       		.uleb128 0x7
ARM GAS  C:\Users\SEANIL~1\AppData\Local\Temp\ccKIJPLR.s 			page 5


 229 0195 B0030000 		.4byte	.LASF35
 230 0199 03       		.byte	0x3
 231 019a 47       		.byte	0x47
 232 019b 9A000000 		.4byte	0x9a
 233 019f 2C       		.byte	0x2c
 234 01a0 07       		.uleb128 0x7
 235 01a1 1E070000 		.4byte	.LASF36
 236 01a5 03       		.byte	0x3
 237 01a6 48       		.byte	0x48
 238 01a7 9A000000 		.4byte	0x9a
 239 01ab 2D       		.byte	0x2d
 240 01ac 07       		.uleb128 0x7
 241 01ad A1010000 		.4byte	.LASF37
 242 01b1 03       		.byte	0x3
 243 01b2 49       		.byte	0x49
 244 01b3 9A000000 		.4byte	0x9a
 245 01b7 2E       		.byte	0x2e
 246 01b8 07       		.uleb128 0x7
 247 01b9 7C040000 		.4byte	.LASF38
 248 01bd 03       		.byte	0x3
 249 01be 4A       		.byte	0x4a
 250 01bf 9A000000 		.4byte	0x9a
 251 01c3 2F       		.byte	0x2f
 252 01c4 07       		.uleb128 0x7
 253 01c5 DC060000 		.4byte	.LASF39
 254 01c9 03       		.byte	0x3
 255 01ca 4B       		.byte	0x4b
 256 01cb 9A000000 		.4byte	0x9a
 257 01cf 30       		.byte	0x30
 258 01d0 07       		.uleb128 0x7
 259 01d1 55030000 		.4byte	.LASF40
 260 01d5 03       		.byte	0x3
 261 01d6 4E       		.byte	0x4e
 262 01d7 9A000000 		.4byte	0x9a
 263 01db 31       		.byte	0x31
 264 01dc 07       		.uleb128 0x7
 265 01dd 8A000000 		.4byte	.LASF41
 266 01e1 03       		.byte	0x3
 267 01e2 4F       		.byte	0x4f
 268 01e3 9A000000 		.4byte	0x9a
 269 01e7 32       		.byte	0x32
 270 01e8 07       		.uleb128 0x7
 271 01e9 CF020000 		.4byte	.LASF42
 272 01ed 03       		.byte	0x3
 273 01ee 50       		.byte	0x50
 274 01ef 9A000000 		.4byte	0x9a
 275 01f3 33       		.byte	0x33
 276 01f4 07       		.uleb128 0x7
 277 01f5 B1040000 		.4byte	.LASF43
 278 01f9 03       		.byte	0x3
 279 01fa 51       		.byte	0x51
 280 01fb 9A000000 		.4byte	0x9a
 281 01ff 34       		.byte	0x34
 282 0200 07       		.uleb128 0x7
 283 0201 75070000 		.4byte	.LASF44
 284 0205 03       		.byte	0x3
 285 0206 52       		.byte	0x52
ARM GAS  C:\Users\SEANIL~1\AppData\Local\Temp\ccKIJPLR.s 			page 6


 286 0207 A5000000 		.4byte	0xa5
 287 020b 36       		.byte	0x36
 288 020c 07       		.uleb128 0x7
 289 020d 0B020000 		.4byte	.LASF45
 290 0211 03       		.byte	0x3
 291 0212 53       		.byte	0x53
 292 0213 A5000000 		.4byte	0xa5
 293 0217 38       		.byte	0x38
 294 0218 07       		.uleb128 0x7
 295 0219 BB070000 		.4byte	.LASF46
 296 021d 03       		.byte	0x3
 297 021e 54       		.byte	0x54
 298 021f A5000000 		.4byte	0xa5
 299 0223 3A       		.byte	0x3a
 300 0224 07       		.uleb128 0x7
 301 0225 C1010000 		.4byte	.LASF47
 302 0229 03       		.byte	0x3
 303 022a 55       		.byte	0x55
 304 022b 9A000000 		.4byte	0x9a
 305 022f 3C       		.byte	0x3c
 306 0230 07       		.uleb128 0x7
 307 0231 32020000 		.4byte	.LASF48
 308 0235 03       		.byte	0x3
 309 0236 56       		.byte	0x56
 310 0237 9A000000 		.4byte	0x9a
 311 023b 3D       		.byte	0x3d
 312 023c 07       		.uleb128 0x7
 313 023d 8F060000 		.4byte	.LASF49
 314 0241 03       		.byte	0x3
 315 0242 57       		.byte	0x57
 316 0243 9A000000 		.4byte	0x9a
 317 0247 3E       		.byte	0x3e
 318 0248 07       		.uleb128 0x7
 319 0249 65000000 		.4byte	.LASF50
 320 024d 03       		.byte	0x3
 321 024e 58       		.byte	0x58
 322 024f 9A000000 		.4byte	0x9a
 323 0253 3F       		.byte	0x3f
 324 0254 07       		.uleb128 0x7
 325 0255 25050000 		.4byte	.LASF51
 326 0259 03       		.byte	0x3
 327 025a 59       		.byte	0x59
 328 025b 9A000000 		.4byte	0x9a
 329 025f 40       		.byte	0x40
 330 0260 07       		.uleb128 0x7
 331 0261 79020000 		.4byte	.LASF52
 332 0265 03       		.byte	0x3
 333 0266 5A       		.byte	0x5a
 334 0267 9A000000 		.4byte	0x9a
 335 026b 41       		.byte	0x41
 336 026c 07       		.uleb128 0x7
 337 026d 28040000 		.4byte	.LASF53
 338 0271 03       		.byte	0x3
 339 0272 5B       		.byte	0x5b
 340 0273 9A000000 		.4byte	0x9a
 341 0277 42       		.byte	0x42
 342 0278 07       		.uleb128 0x7
ARM GAS  C:\Users\SEANIL~1\AppData\Local\Temp\ccKIJPLR.s 			page 7


 343 0279 F8040000 		.4byte	.LASF54
 344 027d 03       		.byte	0x3
 345 027e 5C       		.byte	0x5c
 346 027f 9A000000 		.4byte	0x9a
 347 0283 43       		.byte	0x43
 348 0284 07       		.uleb128 0x7
 349 0285 FA010000 		.4byte	.LASF55
 350 0289 03       		.byte	0x3
 351 028a 5D       		.byte	0x5d
 352 028b 9A000000 		.4byte	0x9a
 353 028f 44       		.byte	0x44
 354 0290 07       		.uleb128 0x7
 355 0291 00000000 		.4byte	.LASF56
 356 0295 03       		.byte	0x3
 357 0296 5E       		.byte	0x5e
 358 0297 C6000000 		.4byte	0xc6
 359 029b 48       		.byte	0x48
 360 029c 07       		.uleb128 0x7
 361 029d E3010000 		.4byte	.LASF57
 362 02a1 03       		.byte	0x3
 363 02a2 5F       		.byte	0x5f
 364 02a3 C6000000 		.4byte	0xc6
 365 02a7 4C       		.byte	0x4c
 366 02a8 07       		.uleb128 0x7
 367 02a9 7F080000 		.4byte	.LASF58
 368 02ad 03       		.byte	0x3
 369 02ae 60       		.byte	0x60
 370 02af 9A000000 		.4byte	0x9a
 371 02b3 50       		.byte	0x50
 372 02b4 07       		.uleb128 0x7
 373 02b5 3B010000 		.4byte	.LASF59
 374 02b9 03       		.byte	0x3
 375 02ba 61       		.byte	0x61
 376 02bb 9A000000 		.4byte	0x9a
 377 02bf 51       		.byte	0x51
 378 02c0 07       		.uleb128 0x7
 379 02c1 D0070000 		.4byte	.LASF60
 380 02c5 03       		.byte	0x3
 381 02c6 62       		.byte	0x62
 382 02c7 9A000000 		.4byte	0x9a
 383 02cb 52       		.byte	0x52
 384 02cc 07       		.uleb128 0x7
 385 02cd 2B070000 		.4byte	.LASF61
 386 02d1 03       		.byte	0x3
 387 02d2 63       		.byte	0x63
 388 02d3 9A000000 		.4byte	0x9a
 389 02d7 53       		.byte	0x53
 390 02d8 07       		.uleb128 0x7
 391 02d9 9D060000 		.4byte	.LASF62
 392 02dd 03       		.byte	0x3
 393 02de 64       		.byte	0x64
 394 02df 9A000000 		.4byte	0x9a
 395 02e3 54       		.byte	0x54
 396 02e4 07       		.uleb128 0x7
 397 02e5 4D010000 		.4byte	.LASF63
 398 02e9 03       		.byte	0x3
 399 02ea 65       		.byte	0x65
ARM GAS  C:\Users\SEANIL~1\AppData\Local\Temp\ccKIJPLR.s 			page 8


 400 02eb 9A000000 		.4byte	0x9a
 401 02ef 55       		.byte	0x55
 402 02f0 07       		.uleb128 0x7
 403 02f1 03030000 		.4byte	.LASF64
 404 02f5 03       		.byte	0x3
 405 02f6 66       		.byte	0x66
 406 02f7 9A000000 		.4byte	0x9a
 407 02fb 56       		.byte	0x56
 408 02fc 07       		.uleb128 0x7
 409 02fd 69030000 		.4byte	.LASF65
 410 0301 03       		.byte	0x3
 411 0302 67       		.byte	0x67
 412 0303 9A000000 		.4byte	0x9a
 413 0307 57       		.byte	0x57
 414 0308 07       		.uleb128 0x7
 415 0309 1C000000 		.4byte	.LASF66
 416 030d 03       		.byte	0x3
 417 030e 68       		.byte	0x68
 418 030f 9A000000 		.4byte	0x9a
 419 0313 58       		.byte	0x58
 420 0314 07       		.uleb128 0x7
 421 0315 5D060000 		.4byte	.LASF67
 422 0319 03       		.byte	0x3
 423 031a 69       		.byte	0x69
 424 031b 9A000000 		.4byte	0x9a
 425 031f 59       		.byte	0x59
 426 0320 07       		.uleb128 0x7
 427 0321 A6040000 		.4byte	.LASF68
 428 0325 03       		.byte	0x3
 429 0326 6E       		.byte	0x6e
 430 0327 B0000000 		.4byte	0xb0
 431 032b 5A       		.byte	0x5a
 432 032c 07       		.uleb128 0x7
 433 032d 5E070000 		.4byte	.LASF69
 434 0331 03       		.byte	0x3
 435 0332 6F       		.byte	0x6f
 436 0333 B0000000 		.4byte	0xb0
 437 0337 5C       		.byte	0x5c
 438 0338 07       		.uleb128 0x7
 439 0339 D8000000 		.4byte	.LASF70
 440 033d 03       		.byte	0x3
 441 033e 70       		.byte	0x70
 442 033f 9A000000 		.4byte	0x9a
 443 0343 5E       		.byte	0x5e
 444 0344 07       		.uleb128 0x7
 445 0345 12060000 		.4byte	.LASF71
 446 0349 03       		.byte	0x3
 447 034a 71       		.byte	0x71
 448 034b 9A000000 		.4byte	0x9a
 449 034f 5F       		.byte	0x5f
 450 0350 07       		.uleb128 0x7
 451 0351 E7040000 		.4byte	.LASF72
 452 0355 03       		.byte	0x3
 453 0356 72       		.byte	0x72
 454 0357 9A000000 		.4byte	0x9a
 455 035b 60       		.byte	0x60
 456 035c 07       		.uleb128 0x7
ARM GAS  C:\Users\SEANIL~1\AppData\Local\Temp\ccKIJPLR.s 			page 9


 457 035d EB050000 		.4byte	.LASF73
 458 0361 03       		.byte	0x3
 459 0362 73       		.byte	0x73
 460 0363 C6000000 		.4byte	0xc6
 461 0367 64       		.byte	0x64
 462 0368 07       		.uleb128 0x7
 463 0369 FE000000 		.4byte	.LASF74
 464 036d 03       		.byte	0x3
 465 036e 76       		.byte	0x76
 466 036f B0000000 		.4byte	0xb0
 467 0373 68       		.byte	0x68
 468 0374 07       		.uleb128 0x7
 469 0375 F1020000 		.4byte	.LASF75
 470 0379 03       		.byte	0x3
 471 037a 77       		.byte	0x77
 472 037b B0000000 		.4byte	0xb0
 473 037f 6A       		.byte	0x6a
 474 0380 07       		.uleb128 0x7
 475 0381 7D030000 		.4byte	.LASF76
 476 0385 03       		.byte	0x3
 477 0386 78       		.byte	0x78
 478 0387 B0000000 		.4byte	0xb0
 479 038b 6C       		.byte	0x6c
 480 038c 07       		.uleb128 0x7
 481 038d A3030000 		.4byte	.LASF77
 482 0391 03       		.byte	0x3
 483 0392 79       		.byte	0x79
 484 0393 B0000000 		.4byte	0xb0
 485 0397 6E       		.byte	0x6e
 486 0398 07       		.uleb128 0x7
 487 0399 7B060000 		.4byte	.LASF78
 488 039d 03       		.byte	0x3
 489 039e 7B       		.byte	0x7b
 490 039f 9A000000 		.4byte	0x9a
 491 03a3 70       		.byte	0x70
 492 03a4 07       		.uleb128 0x7
 493 03a5 83010000 		.4byte	.LASF79
 494 03a9 03       		.byte	0x3
 495 03aa 7C       		.byte	0x7c
 496 03ab 9A000000 		.4byte	0x9a
 497 03af 71       		.byte	0x71
 498 03b0 07       		.uleb128 0x7
 499 03b1 51080000 		.4byte	.LASF80
 500 03b5 03       		.byte	0x3
 501 03b6 7D       		.byte	0x7d
 502 03b7 9A000000 		.4byte	0x9a
 503 03bb 72       		.byte	0x72
 504 03bc 07       		.uleb128 0x7
 505 03bd C2040000 		.4byte	.LASF81
 506 03c1 03       		.byte	0x3
 507 03c2 7E       		.byte	0x7e
 508 03c3 9A000000 		.4byte	0x9a
 509 03c7 73       		.byte	0x73
 510 03c8 07       		.uleb128 0x7
 511 03c9 3D020000 		.4byte	.LASF82
 512 03cd 03       		.byte	0x3
 513 03ce 80       		.byte	0x80
ARM GAS  C:\Users\SEANIL~1\AppData\Local\Temp\ccKIJPLR.s 			page 10


 514 03cf B0000000 		.4byte	0xb0
 515 03d3 74       		.byte	0x74
 516 03d4 07       		.uleb128 0x7
 517 03d5 01070000 		.4byte	.LASF83
 518 03d9 03       		.byte	0x3
 519 03da 81       		.byte	0x81
 520 03db B0000000 		.4byte	0xb0
 521 03df 76       		.byte	0x76
 522 03e0 07       		.uleb128 0x7
 523 03e1 1D020000 		.4byte	.LASF84
 524 03e5 03       		.byte	0x3
 525 03e6 82       		.byte	0x82
 526 03e7 B0000000 		.4byte	0xb0
 527 03eb 78       		.byte	0x78
 528 03ec 07       		.uleb128 0x7
 529 03ed A2000000 		.4byte	.LASF85
 530 03f1 03       		.byte	0x3
 531 03f2 83       		.byte	0x83
 532 03f3 B0000000 		.4byte	0xb0
 533 03f7 7A       		.byte	0x7a
 534 03f8 07       		.uleb128 0x7
 535 03f9 FD070000 		.4byte	.LASF86
 536 03fd 03       		.byte	0x3
 537 03fe 86       		.byte	0x86
 538 03ff 9A000000 		.4byte	0x9a
 539 0403 7C       		.byte	0x7c
 540 0404 07       		.uleb128 0x7
 541 0405 82070000 		.4byte	.LASF87
 542 0409 03       		.byte	0x3
 543 040a 87       		.byte	0x87
 544 040b 9A000000 		.4byte	0x9a
 545 040f 7D       		.byte	0x7d
 546 0410 07       		.uleb128 0x7
 547 0411 30000000 		.4byte	.LASF88
 548 0415 03       		.byte	0x3
 549 0416 88       		.byte	0x88
 550 0417 9A000000 		.4byte	0x9a
 551 041b 7E       		.byte	0x7e
 552 041c 07       		.uleb128 0x7
 553 041d 4F020000 		.4byte	.LASF89
 554 0421 03       		.byte	0x3
 555 0422 89       		.byte	0x89
 556 0423 9A000000 		.4byte	0x9a
 557 0427 7F       		.byte	0x7f
 558 0428 07       		.uleb128 0x7
 559 0429 BB020000 		.4byte	.LASF90
 560 042d 03       		.byte	0x3
 561 042e 8A       		.byte	0x8a
 562 042f 9A000000 		.4byte	0x9a
 563 0433 80       		.byte	0x80
 564 0434 07       		.uleb128 0x7
 565 0435 58040000 		.4byte	.LASF91
 566 0439 03       		.byte	0x3
 567 043a 8D       		.byte	0x8d
 568 043b C6000000 		.4byte	0xc6
 569 043f 84       		.byte	0x84
 570 0440 07       		.uleb128 0x7
ARM GAS  C:\Users\SEANIL~1\AppData\Local\Temp\ccKIJPLR.s 			page 11


 571 0441 B7000000 		.4byte	.LASF92
 572 0445 03       		.byte	0x3
 573 0446 8E       		.byte	0x8e
 574 0447 C6000000 		.4byte	0xc6
 575 044b 88       		.byte	0x88
 576 044c 07       		.uleb128 0x7
 577 044d E8070000 		.4byte	.LASF93
 578 0451 03       		.byte	0x3
 579 0452 8F       		.byte	0x8f
 580 0453 C6000000 		.4byte	0xc6
 581 0457 8C       		.byte	0x8c
 582 0458 07       		.uleb128 0x7
 583 0459 88040000 		.4byte	.LASF94
 584 045d 03       		.byte	0x3
 585 045e 90       		.byte	0x90
 586 045f C6000000 		.4byte	0xc6
 587 0463 90       		.byte	0x90
 588 0464 07       		.uleb128 0x7
 589 0465 9C020000 		.4byte	.LASF95
 590 0469 03       		.byte	0x3
 591 046a 91       		.byte	0x91
 592 046b C6000000 		.4byte	0xc6
 593 046f 94       		.byte	0x94
 594 0470 07       		.uleb128 0x7
 595 0471 42040000 		.4byte	.LASF96
 596 0475 03       		.byte	0x3
 597 0476 92       		.byte	0x92
 598 0477 C6000000 		.4byte	0xc6
 599 047b 98       		.byte	0x98
 600 047c 07       		.uleb128 0x7
 601 047d 20080000 		.4byte	.LASF97
 602 0481 03       		.byte	0x3
 603 0482 93       		.byte	0x93
 604 0483 C6000000 		.4byte	0xc6
 605 0487 9C       		.byte	0x9c
 606 0488 07       		.uleb128 0x7
 607 0489 18010000 		.4byte	.LASF98
 608 048d 03       		.byte	0x3
 609 048e 94       		.byte	0x94
 610 048f C6000000 		.4byte	0xc6
 611 0493 A0       		.byte	0xa0
 612 0494 07       		.uleb128 0x7
 613 0495 AC010000 		.4byte	.LASF99
 614 0499 03       		.byte	0x3
 615 049a 95       		.byte	0x95
 616 049b B0000000 		.4byte	0xb0
 617 049f A4       		.byte	0xa4
 618 04a0 07       		.uleb128 0x7
 619 04a1 B6060000 		.4byte	.LASF100
 620 04a5 03       		.byte	0x3
 621 04a6 96       		.byte	0x96
 622 04a7 B0000000 		.4byte	0xb0
 623 04ab A6       		.byte	0xa6
 624 04ac 07       		.uleb128 0x7
 625 04ad 06060000 		.4byte	.LASF101
 626 04b1 03       		.byte	0x3
 627 04b2 97       		.byte	0x97
ARM GAS  C:\Users\SEANIL~1\AppData\Local\Temp\ccKIJPLR.s 			page 12


 628 04b3 B0000000 		.4byte	0xb0
 629 04b7 A8       		.byte	0xa8
 630 04b8 07       		.uleb128 0x7
 631 04b9 E8060000 		.4byte	.LASF102
 632 04bd 03       		.byte	0x3
 633 04be 98       		.byte	0x98
 634 04bf B0000000 		.4byte	0xb0
 635 04c3 AA       		.byte	0xaa
 636 04c4 07       		.uleb128 0x7
 637 04c5 8C030000 		.4byte	.LASF103
 638 04c9 03       		.byte	0x3
 639 04ca 99       		.byte	0x99
 640 04cb B0000000 		.4byte	0xb0
 641 04cf AC       		.byte	0xac
 642 04d0 07       		.uleb128 0x7
 643 04d1 D9040000 		.4byte	.LASF104
 644 04d5 03       		.byte	0x3
 645 04d6 9A       		.byte	0x9a
 646 04d7 B0000000 		.4byte	0xb0
 647 04db AE       		.byte	0xae
 648 04dc 07       		.uleb128 0x7
 649 04dd 67070000 		.4byte	.LASF105
 650 04e1 03       		.byte	0x3
 651 04e2 9D       		.byte	0x9d
 652 04e3 B0000000 		.4byte	0xb0
 653 04e7 B0       		.byte	0xb0
 654 04e8 07       		.uleb128 0x7
 655 04e9 43000000 		.4byte	.LASF106
 656 04ed 03       		.byte	0x3
 657 04ee 9E       		.byte	0x9e
 658 04ef C6000000 		.4byte	0xc6
 659 04f3 B4       		.byte	0xb4
 660 04f4 00       		.byte	0
 661 04f5 03       		.uleb128 0x3
 662 04f6 C2030000 		.4byte	.LASF107
 663 04fa 03       		.byte	0x3
 664 04fb 9F       		.byte	0x9f
 665 04fc E4000000 		.4byte	0xe4
 666 0500 02       		.uleb128 0x2
 667 0501 01       		.byte	0x1
 668 0502 08       		.byte	0x8
 669 0503 D7060000 		.4byte	.LASF108
 670 0507 02       		.uleb128 0x2
 671 0508 04       		.byte	0x4
 672 0509 04       		.byte	0x4
 673 050a E5050000 		.4byte	.LASF109
 674 050e 02       		.uleb128 0x2
 675 050f 08       		.byte	0x8
 676 0510 04       		.byte	0x4
 677 0511 16020000 		.4byte	.LASF110
 678 0515 08       		.uleb128 0x8
 679 0516 04       		.byte	0x4
 680 0517 02       		.uleb128 0x2
 681 0518 01       		.byte	0x1
 682 0519 02       		.byte	0x2
 683 051a 41060000 		.4byte	.LASF111
 684 051e 09       		.uleb128 0x9
ARM GAS  C:\Users\SEANIL~1\AppData\Local\Temp\ccKIJPLR.s 			page 13


 685 051f 04       		.byte	0x4
 686 0520 24050000 		.4byte	0x524
 687 0524 0A       		.uleb128 0xa
 688 0525 2F050000 		.4byte	0x52f
 689 0529 0B       		.uleb128 0xb
 690 052a C6000000 		.4byte	0xc6
 691 052e 00       		.byte	0
 692 052f 0C       		.uleb128 0xc
 693 0530 29030000 		.4byte	.LASF112
 694 0534 04       		.byte	0x4
 695 0535 D901     		.2byte	0x1d9
 696 0537 1E050000 		.4byte	0x51e
 697 053b 0D       		.uleb128 0xd
 698 053c 67080000 		.4byte	.LASF134
 699 0540 38       		.byte	0x38
 700 0541 04       		.byte	0x4
 701 0542 7502     		.2byte	0x275
 702 0544 FF050000 		.4byte	0x5ff
 703 0548 0E       		.uleb128 0xe
 704 0549 36080000 		.4byte	.LASF113
 705 054d 04       		.byte	0x4
 706 054e 7802     		.2byte	0x278
 707 0550 D8000000 		.4byte	0xd8
 708 0554 00       		.byte	0
 709 0555 0E       		.uleb128 0xe
 710 0556 03050000 		.4byte	.LASF114
 711 055a 04       		.byte	0x4
 712 055b 7902     		.2byte	0x279
 713 055d D8000000 		.4byte	0xd8
 714 0561 04       		.byte	0x4
 715 0562 0E       		.uleb128 0xe
 716 0563 0E010000 		.4byte	.LASF115
 717 0567 04       		.byte	0x4
 718 0568 7B02     		.2byte	0x27b
 719 056a 15050000 		.4byte	0x515
 720 056e 08       		.byte	0x8
 721 056f 0E       		.uleb128 0xe
 722 0570 3D070000 		.4byte	.LASF116
 723 0574 04       		.byte	0x4
 724 0575 7C02     		.2byte	0x27c
 725 0577 C6000000 		.4byte	0xc6
 726 057b 0C       		.byte	0xc
 727 057c 0E       		.uleb128 0xe
 728 057d 34040000 		.4byte	.LASF117
 729 0581 04       		.byte	0x4
 730 0582 7D02     		.2byte	0x27d
 731 0584 D8000000 		.4byte	0xd8
 732 0588 10       		.byte	0x10
 733 0589 0E       		.uleb128 0xe
 734 058a 12080000 		.4byte	.LASF118
 735 058e 04       		.byte	0x4
 736 058f 7E02     		.2byte	0x27e
 737 0591 D8000000 		.4byte	0xd8
 738 0595 14       		.byte	0x14
 739 0596 0E       		.uleb128 0xe
 740 0597 9B070000 		.4byte	.LASF119
 741 059b 04       		.byte	0x4
ARM GAS  C:\Users\SEANIL~1\AppData\Local\Temp\ccKIJPLR.s 			page 14


 742 059c 8002     		.2byte	0x280
 743 059e 15050000 		.4byte	0x515
 744 05a2 18       		.byte	0x18
 745 05a3 0E       		.uleb128 0xe
 746 05a4 12000000 		.4byte	.LASF120
 747 05a8 04       		.byte	0x4
 748 05a9 8102     		.2byte	0x281
 749 05ab C6000000 		.4byte	0xc6
 750 05af 1C       		.byte	0x1c
 751 05b0 0E       		.uleb128 0xe
 752 05b1 93020000 		.4byte	.LASF121
 753 05b5 04       		.byte	0x4
 754 05b6 8202     		.2byte	0x282
 755 05b8 D8000000 		.4byte	0xd8
 756 05bc 20       		.byte	0x20
 757 05bd 0E       		.uleb128 0xe
 758 05be BC030000 		.4byte	.LASF122
 759 05c2 04       		.byte	0x4
 760 05c3 8402     		.2byte	0x284
 761 05c5 15050000 		.4byte	0x515
 762 05c9 24       		.byte	0x24
 763 05ca 0E       		.uleb128 0xe
 764 05cb B1020000 		.4byte	.LASF123
 765 05cf 04       		.byte	0x4
 766 05d0 8502     		.2byte	0x285
 767 05d2 C6000000 		.4byte	0xc6
 768 05d6 28       		.byte	0x28
 769 05d7 0E       		.uleb128 0xe
 770 05d8 28060000 		.4byte	.LASF124
 771 05dc 04       		.byte	0x4
 772 05dd 8602     		.2byte	0x286
 773 05df D8000000 		.4byte	0xd8
 774 05e3 2C       		.byte	0x2c
 775 05e4 0E       		.uleb128 0xe
 776 05e5 9A030000 		.4byte	.LASF125
 777 05e9 04       		.byte	0x4
 778 05ea 8B02     		.2byte	0x28b
 779 05ec 2F050000 		.4byte	0x52f
 780 05f0 30       		.byte	0x30
 781 05f1 0E       		.uleb128 0xe
 782 05f2 93070000 		.4byte	.LASF126
 783 05f6 04       		.byte	0x4
 784 05f7 8E02     		.2byte	0x28e
 785 05f9 C6000000 		.4byte	0xc6
 786 05fd 34       		.byte	0x34
 787 05fe 00       		.byte	0
 788 05ff 0C       		.uleb128 0xc
 789 0600 A1070000 		.4byte	.LASF127
 790 0604 04       		.byte	0x4
 791 0605 9102     		.2byte	0x291
 792 0607 3B050000 		.4byte	0x53b
 793 060b 0F       		.uleb128 0xf
 794 060c 2E010000 		.4byte	.LASF128
 795 0610 05       		.byte	0x5
 796 0611 F907     		.2byte	0x7f9
 797 0613 17060000 		.4byte	0x617
 798 0617 05       		.uleb128 0x5
ARM GAS  C:\Users\SEANIL~1\AppData\Local\Temp\ccKIJPLR.s 			page 15


 799 0618 BB000000 		.4byte	0xbb
 800 061c 10       		.uleb128 0x10
 801 061d FC050000 		.4byte	.LASF129
 802 0621 03       		.byte	0x3
 803 0622 A7       		.byte	0xa7
 804 0623 27060000 		.4byte	0x627
 805 0627 09       		.uleb128 0x9
 806 0628 04       		.byte	0x4
 807 0629 2D060000 		.4byte	0x62d
 808 062d 11       		.uleb128 0x11
 809 062e F5040000 		.4byte	0x4f5
 810 0632 10       		.uleb128 0x10
 811 0633 48030000 		.4byte	.LASF130
 812 0637 06       		.byte	0x6
 813 0638 87       		.byte	0x87
 814 0639 FF050000 		.4byte	0x5ff
 815 063d 00       		.byte	0
 816              		.section	.debug_abbrev,"",%progbits
 817              	.Ldebug_abbrev0:
 818 0000 01       		.uleb128 0x1
 819 0001 11       		.uleb128 0x11
 820 0002 01       		.byte	0x1
 821 0003 25       		.uleb128 0x25
 822 0004 0E       		.uleb128 0xe
 823 0005 13       		.uleb128 0x13
 824 0006 0B       		.uleb128 0xb
 825 0007 03       		.uleb128 0x3
 826 0008 0E       		.uleb128 0xe
 827 0009 1B       		.uleb128 0x1b
 828 000a 0E       		.uleb128 0xe
 829 000b 10       		.uleb128 0x10
 830 000c 17       		.uleb128 0x17
 831 000d 00       		.byte	0
 832 000e 00       		.byte	0
 833 000f 02       		.uleb128 0x2
 834 0010 24       		.uleb128 0x24
 835 0011 00       		.byte	0
 836 0012 0B       		.uleb128 0xb
 837 0013 0B       		.uleb128 0xb
 838 0014 3E       		.uleb128 0x3e
 839 0015 0B       		.uleb128 0xb
 840 0016 03       		.uleb128 0x3
 841 0017 0E       		.uleb128 0xe
 842 0018 00       		.byte	0
 843 0019 00       		.byte	0
 844 001a 03       		.uleb128 0x3
 845 001b 16       		.uleb128 0x16
 846 001c 00       		.byte	0
 847 001d 03       		.uleb128 0x3
 848 001e 0E       		.uleb128 0xe
 849 001f 3A       		.uleb128 0x3a
 850 0020 0B       		.uleb128 0xb
 851 0021 3B       		.uleb128 0x3b
 852 0022 0B       		.uleb128 0xb
 853 0023 49       		.uleb128 0x49
 854 0024 13       		.uleb128 0x13
 855 0025 00       		.byte	0
ARM GAS  C:\Users\SEANIL~1\AppData\Local\Temp\ccKIJPLR.s 			page 16


 856 0026 00       		.byte	0
 857 0027 04       		.uleb128 0x4
 858 0028 24       		.uleb128 0x24
 859 0029 00       		.byte	0
 860 002a 0B       		.uleb128 0xb
 861 002b 0B       		.uleb128 0xb
 862 002c 3E       		.uleb128 0x3e
 863 002d 0B       		.uleb128 0xb
 864 002e 03       		.uleb128 0x3
 865 002f 08       		.uleb128 0x8
 866 0030 00       		.byte	0
 867 0031 00       		.byte	0
 868 0032 05       		.uleb128 0x5
 869 0033 35       		.uleb128 0x35
 870 0034 00       		.byte	0
 871 0035 49       		.uleb128 0x49
 872 0036 13       		.uleb128 0x13
 873 0037 00       		.byte	0
 874 0038 00       		.byte	0
 875 0039 06       		.uleb128 0x6
 876 003a 13       		.uleb128 0x13
 877 003b 01       		.byte	0x1
 878 003c 0B       		.uleb128 0xb
 879 003d 0B       		.uleb128 0xb
 880 003e 3A       		.uleb128 0x3a
 881 003f 0B       		.uleb128 0xb
 882 0040 3B       		.uleb128 0x3b
 883 0041 0B       		.uleb128 0xb
 884 0042 01       		.uleb128 0x1
 885 0043 13       		.uleb128 0x13
 886 0044 00       		.byte	0
 887 0045 00       		.byte	0
 888 0046 07       		.uleb128 0x7
 889 0047 0D       		.uleb128 0xd
 890 0048 00       		.byte	0
 891 0049 03       		.uleb128 0x3
 892 004a 0E       		.uleb128 0xe
 893 004b 3A       		.uleb128 0x3a
 894 004c 0B       		.uleb128 0xb
 895 004d 3B       		.uleb128 0x3b
 896 004e 0B       		.uleb128 0xb
 897 004f 49       		.uleb128 0x49
 898 0050 13       		.uleb128 0x13
 899 0051 38       		.uleb128 0x38
 900 0052 0B       		.uleb128 0xb
 901 0053 00       		.byte	0
 902 0054 00       		.byte	0
 903 0055 08       		.uleb128 0x8
 904 0056 0F       		.uleb128 0xf
 905 0057 00       		.byte	0
 906 0058 0B       		.uleb128 0xb
 907 0059 0B       		.uleb128 0xb
 908 005a 00       		.byte	0
 909 005b 00       		.byte	0
 910 005c 09       		.uleb128 0x9
 911 005d 0F       		.uleb128 0xf
 912 005e 00       		.byte	0
ARM GAS  C:\Users\SEANIL~1\AppData\Local\Temp\ccKIJPLR.s 			page 17


 913 005f 0B       		.uleb128 0xb
 914 0060 0B       		.uleb128 0xb
 915 0061 49       		.uleb128 0x49
 916 0062 13       		.uleb128 0x13
 917 0063 00       		.byte	0
 918 0064 00       		.byte	0
 919 0065 0A       		.uleb128 0xa
 920 0066 15       		.uleb128 0x15
 921 0067 01       		.byte	0x1
 922 0068 27       		.uleb128 0x27
 923 0069 19       		.uleb128 0x19
 924 006a 01       		.uleb128 0x1
 925 006b 13       		.uleb128 0x13
 926 006c 00       		.byte	0
 927 006d 00       		.byte	0
 928 006e 0B       		.uleb128 0xb
 929 006f 05       		.uleb128 0x5
 930 0070 00       		.byte	0
 931 0071 49       		.uleb128 0x49
 932 0072 13       		.uleb128 0x13
 933 0073 00       		.byte	0
 934 0074 00       		.byte	0
 935 0075 0C       		.uleb128 0xc
 936 0076 16       		.uleb128 0x16
 937 0077 00       		.byte	0
 938 0078 03       		.uleb128 0x3
 939 0079 0E       		.uleb128 0xe
 940 007a 3A       		.uleb128 0x3a
 941 007b 0B       		.uleb128 0xb
 942 007c 3B       		.uleb128 0x3b
 943 007d 05       		.uleb128 0x5
 944 007e 49       		.uleb128 0x49
 945 007f 13       		.uleb128 0x13
 946 0080 00       		.byte	0
 947 0081 00       		.byte	0
 948 0082 0D       		.uleb128 0xd
 949 0083 13       		.uleb128 0x13
 950 0084 01       		.byte	0x1
 951 0085 03       		.uleb128 0x3
 952 0086 0E       		.uleb128 0xe
 953 0087 0B       		.uleb128 0xb
 954 0088 0B       		.uleb128 0xb
 955 0089 3A       		.uleb128 0x3a
 956 008a 0B       		.uleb128 0xb
 957 008b 3B       		.uleb128 0x3b
 958 008c 05       		.uleb128 0x5
 959 008d 01       		.uleb128 0x1
 960 008e 13       		.uleb128 0x13
 961 008f 00       		.byte	0
 962 0090 00       		.byte	0
 963 0091 0E       		.uleb128 0xe
 964 0092 0D       		.uleb128 0xd
 965 0093 00       		.byte	0
 966 0094 03       		.uleb128 0x3
 967 0095 0E       		.uleb128 0xe
 968 0096 3A       		.uleb128 0x3a
 969 0097 0B       		.uleb128 0xb
ARM GAS  C:\Users\SEANIL~1\AppData\Local\Temp\ccKIJPLR.s 			page 18


 970 0098 3B       		.uleb128 0x3b
 971 0099 05       		.uleb128 0x5
 972 009a 49       		.uleb128 0x49
 973 009b 13       		.uleb128 0x13
 974 009c 38       		.uleb128 0x38
 975 009d 0B       		.uleb128 0xb
 976 009e 00       		.byte	0
 977 009f 00       		.byte	0
 978 00a0 0F       		.uleb128 0xf
 979 00a1 34       		.uleb128 0x34
 980 00a2 00       		.byte	0
 981 00a3 03       		.uleb128 0x3
 982 00a4 0E       		.uleb128 0xe
 983 00a5 3A       		.uleb128 0x3a
 984 00a6 0B       		.uleb128 0xb
 985 00a7 3B       		.uleb128 0x3b
 986 00a8 05       		.uleb128 0x5
 987 00a9 49       		.uleb128 0x49
 988 00aa 13       		.uleb128 0x13
 989 00ab 3F       		.uleb128 0x3f
 990 00ac 19       		.uleb128 0x19
 991 00ad 3C       		.uleb128 0x3c
 992 00ae 19       		.uleb128 0x19
 993 00af 00       		.byte	0
 994 00b0 00       		.byte	0
 995 00b1 10       		.uleb128 0x10
 996 00b2 34       		.uleb128 0x34
 997 00b3 00       		.byte	0
 998 00b4 03       		.uleb128 0x3
 999 00b5 0E       		.uleb128 0xe
 1000 00b6 3A       		.uleb128 0x3a
 1001 00b7 0B       		.uleb128 0xb
 1002 00b8 3B       		.uleb128 0x3b
 1003 00b9 0B       		.uleb128 0xb
 1004 00ba 49       		.uleb128 0x49
 1005 00bb 13       		.uleb128 0x13
 1006 00bc 3F       		.uleb128 0x3f
 1007 00bd 19       		.uleb128 0x19
 1008 00be 3C       		.uleb128 0x3c
 1009 00bf 19       		.uleb128 0x19
 1010 00c0 00       		.byte	0
 1011 00c1 00       		.byte	0
 1012 00c2 11       		.uleb128 0x11
 1013 00c3 26       		.uleb128 0x26
 1014 00c4 00       		.byte	0
 1015 00c5 49       		.uleb128 0x49
 1016 00c6 13       		.uleb128 0x13
 1017 00c7 00       		.byte	0
 1018 00c8 00       		.byte	0
 1019 00c9 00       		.byte	0
 1020              		.section	.debug_aranges,"",%progbits
 1021 0000 14000000 		.4byte	0x14
 1022 0004 0200     		.2byte	0x2
 1023 0006 00000000 		.4byte	.Ldebug_info0
 1024 000a 04       		.byte	0x4
 1025 000b 00       		.byte	0
 1026 000c 0000     		.2byte	0
ARM GAS  C:\Users\SEANIL~1\AppData\Local\Temp\ccKIJPLR.s 			page 19


 1027 000e 0000     		.2byte	0
 1028 0010 00000000 		.4byte	0
 1029 0014 00000000 		.4byte	0
 1030              		.section	.debug_line,"",%progbits
 1031              	.Ldebug_line0:
 1032 0000 F5010000 		.section	.debug_str,"MS",%progbits,1
 1032      0200EF01 
 1032      00000201 
 1032      FB0E0D00 
 1032      01010101 
 1033              	.LASF56:
 1034 0000 70726F74 		.ascii	"protBusMasterMask\000"
 1034      4275734D 
 1034      61737465 
 1034      724D6173 
 1034      6B00
 1035              	.LASF120:
 1036 0012 72784275 		.ascii	"rxBufSize\000"
 1036      6653697A 
 1036      6500
 1037              	.LASF66:
 1038 001c 666C6173 		.ascii	"flashCtlMainWs3Freq\000"
 1038      6843746C 
 1038      4D61696E 
 1038      57733346 
 1038      72657100 
 1039              	.LASF88:
 1040 0030 6770696F 		.ascii	"gpioPrtCfgInOffset\000"
 1040      50727443 
 1040      6667496E 
 1040      4F666673 
 1040      657400
 1041              	.LASF106:
 1042 0043 6970634C 		.ascii	"ipcLockStatusOffset\000"
 1042      6F636B53 
 1042      74617475 
 1042      734F6666 
 1042      73657400 
 1043              	.LASF32:
 1044 0057 63727970 		.ascii	"cryptoVersion\000"
 1044      746F5665 
 1044      7273696F 
 1044      6E00
 1045              	.LASF50:
 1046 0065 70657269 		.ascii	"periClockNr\000"
 1046      436C6F63 
 1046      6B4E7200 
 1047              	.LASF28:
 1048 0071 70617373 		.ascii	"passBase\000"
 1048      42617365 
 1048      00
 1049              	.LASF132:
 1050 007a 636F6D6D 		.ascii	"command_parse.c\000"
 1050      616E645F 
 1050      70617273 
 1050      652E6300 
 1051              	.LASF41:
ARM GAS  C:\Users\SEANIL~1\AppData\Local\Temp\ccKIJPLR.s 			page 20


 1052 008a 63707573 		.ascii	"cpussIpcIrqNr\000"
 1052      73497063 
 1052      4972714E 
 1052      7200
 1053              	.LASF3:
 1054 0098 5F5F7569 		.ascii	"__uint8_t\000"
 1054      6E74385F 
 1054      7400
 1055              	.LASF85:
 1056 00a2 70657269 		.ascii	"periDiv24_5CtlOffset\000"
 1056      44697632 
 1056      345F3543 
 1056      746C4F66 
 1056      66736574 
 1057              	.LASF92:
 1058 00b7 63707573 		.ascii	"cpussCm4ClockCtlOffset\000"
 1058      73436D34 
 1058      436C6F63 
 1058      6B43746C 
 1058      4F666673 
 1059              	.LASF21:
 1060 00ce 63707573 		.ascii	"cpussBase\000"
 1060      73426173 
 1060      6500
 1061              	.LASF70:
 1062 00d8 64774368 		.ascii	"dwChCtlPrioPos\000"
 1062      43746C50 
 1062      72696F50 
 1062      6F7300
 1063              	.LASF12:
 1064 00e7 6C6F6E67 		.ascii	"long long unsigned int\000"
 1064      206C6F6E 
 1064      6720756E 
 1064      7369676E 
 1064      65642069 
 1065              	.LASF74:
 1066 00fe 70657269 		.ascii	"periTrCmdOffset\000"
 1066      5472436D 
 1066      644F6666 
 1066      73657400 
 1067              	.LASF115:
 1068 010e 72785269 		.ascii	"rxRingBuf\000"
 1068      6E674275 
 1068      6600
 1069              	.LASF98:
 1070 0118 63707573 		.ascii	"cpussSysTickCtlOffset\000"
 1070      73537973 
 1070      5469636B 
 1070      43746C4F 
 1070      66667365 
 1071              	.LASF128:
 1072 012e 49544D5F 		.ascii	"ITM_RxBuffer\000"
 1072      52784275 
 1072      66666572 
 1072      00
 1073              	.LASF59:
 1074 013b 666C6173 		.ascii	"flashPipeRequired\000"
ARM GAS  C:\Users\SEANIL~1\AppData\Local\Temp\ccKIJPLR.s 			page 21


 1074      68506970 
 1074      65526571 
 1074      75697265 
 1074      6400
 1075              	.LASF63:
 1076 014d 666C6173 		.ascii	"flashCtlMainWs0Freq\000"
 1076      6843746C 
 1076      4D61696E 
 1076      57733046 
 1076      72657100 
 1077              	.LASF15:
 1078 0161 696E7431 		.ascii	"int16_t\000"
 1078      365F7400 
 1079              	.LASF11:
 1080 0169 6C6F6E67 		.ascii	"long long int\000"
 1080      206C6F6E 
 1080      6720696E 
 1080      7400
 1081              	.LASF1:
 1082 0177 7369676E 		.ascii	"signed char\000"
 1082      65642063 
 1082      68617200 
 1083              	.LASF79:
 1084 0183 70657269 		.ascii	"periDivCmdTypeSelPos\000"
 1084      44697643 
 1084      6D645479 
 1084      70655365 
 1084      6C506F73 
 1085              	.LASF25:
 1086 0198 70726F74 		.ascii	"protBase\000"
 1086      42617365 
 1086      00
 1087              	.LASF37:
 1088 01a1 69706356 		.ascii	"ipcVersion\000"
 1088      65727369 
 1088      6F6E00
 1089              	.LASF99:
 1090 01ac 63707573 		.ascii	"cpussCm0NmiCtlOffset\000"
 1090      73436D30 
 1090      4E6D6943 
 1090      746C4F66 
 1090      66736574 
 1091              	.LASF47:
 1092 01c1 73727373 		.ascii	"srssNumClkpath\000"
 1092      4E756D43 
 1092      6C6B7061 
 1092      746800
 1093              	.LASF26:
 1094 01d0 6873696F 		.ascii	"hsiomBase\000"
 1094      6D426173 
 1094      6500
 1095              	.LASF8:
 1096 01da 6C6F6E67 		.ascii	"long int\000"
 1096      20696E74 
 1096      00
 1097              	.LASF57:
 1098 01e3 63727970 		.ascii	"cryptoMemSize\000"
ARM GAS  C:\Users\SEANIL~1\AppData\Local\Temp\ccKIJPLR.s 			page 22


 1098      746F4D65 
 1098      6D53697A 
 1098      6500
 1099              	.LASF23:
 1100 01f1 70657269 		.ascii	"periBase\000"
 1100      42617365 
 1100      00
 1101              	.LASF55:
 1102 01fa 73797350 		.ascii	"sysPmSimoPresent\000"
 1102      6D53696D 
 1102      6F507265 
 1102      73656E74 
 1102      00
 1103              	.LASF45:
 1104 020b 63707573 		.ascii	"cpussFmIrq\000"
 1104      73466D49 
 1104      727100
 1105              	.LASF110:
 1106 0216 646F7562 		.ascii	"double\000"
 1106      6C6500
 1107              	.LASF84:
 1108 021d 70657269 		.ascii	"periDiv16_5CtlOffset\000"
 1108      44697631 
 1108      365F3543 
 1108      746C4F66 
 1108      66736574 
 1109              	.LASF48:
 1110 0232 73727373 		.ascii	"srssNumPll\000"
 1110      4E756D50 
 1110      6C6C00
 1111              	.LASF82:
 1112 023d 70657269 		.ascii	"periDiv8CtlOffset\000"
 1112      44697638 
 1112      43746C4F 
 1112      66667365 
 1112      7400
 1113              	.LASF89:
 1114 024f 6770696F 		.ascii	"gpioPrtCfgOutOffset\000"
 1114      50727443 
 1114      66674F75 
 1114      744F6666 
 1114      73657400 
 1115              	.LASF22:
 1116 0263 666C6173 		.ascii	"flashcBase\000"
 1116      68634261 
 1116      736500
 1117              	.LASF9:
 1118 026e 5F5F7569 		.ascii	"__uint32_t\000"
 1118      6E743332 
 1118      5F7400
 1119              	.LASF52:
 1120 0279 70617373 		.ascii	"passSarChannels\000"
 1120      53617243 
 1120      68616E6E 
 1120      656C7300 
 1121              	.LASF4:
 1122 0289 5F5F696E 		.ascii	"__int16_t\000"
ARM GAS  C:\Users\SEANIL~1\AppData\Local\Temp\ccKIJPLR.s 			page 23


 1122      7431365F 
 1122      7400
 1123              	.LASF121:
 1124 0293 72784275 		.ascii	"rxBufIdx\000"
 1124      66496478 
 1124      00
 1125              	.LASF95:
 1126 029c 63707573 		.ascii	"cpussCm4PwrCtlOffset\000"
 1126      73436D34 
 1126      50777243 
 1126      746C4F66 
 1126      66736574 
 1127              	.LASF123:
 1128 02b1 74784275 		.ascii	"txBufSize\000"
 1128      6653697A 
 1128      6500
 1129              	.LASF90:
 1130 02bb 6770696F 		.ascii	"gpioPrtCfgSioOffset\000"
 1130      50727443 
 1130      66675369 
 1130      6F4F6666 
 1130      73657400 
 1131              	.LASF42:
 1132 02cf 63707573 		.ascii	"cpussDwChNr\000"
 1132      73447743 
 1132      684E7200 
 1133              	.LASF13:
 1134 02db 756E7369 		.ascii	"unsigned int\000"
 1134      676E6564 
 1134      20696E74 
 1134      00
 1135              	.LASF16:
 1136 02e8 75696E74 		.ascii	"uint16_t\000"
 1136      31365F74 
 1136      00
 1137              	.LASF75:
 1138 02f1 70657269 		.ascii	"periTrCmdGrSelMsk\000"
 1138      5472436D 
 1138      64477253 
 1138      656C4D73 
 1138      6B00
 1139              	.LASF64:
 1140 0303 666C6173 		.ascii	"flashCtlMainWs1Freq\000"
 1140      6843746C 
 1140      4D61696E 
 1140      57733146 
 1140      72657100 
 1141              	.LASF10:
 1142 0317 6C6F6E67 		.ascii	"long unsigned int\000"
 1142      20756E73 
 1142      69676E65 
 1142      6420696E 
 1142      7400
 1143              	.LASF112:
 1144 0329 63795F63 		.ascii	"cy_cb_scb_uart_handle_events_t\000"
 1144      625F7363 
 1144      625F7561 
ARM GAS  C:\Users\SEANIL~1\AppData\Local\Temp\ccKIJPLR.s 			page 24


 1144      72745F68 
 1144      616E646C 
 1145              	.LASF130:
 1146 0348 55415254 		.ascii	"UART_context\000"
 1146      5F636F6E 
 1146      74657874 
 1146      00
 1147              	.LASF40:
 1148 0355 63707573 		.ascii	"cpussIpcNr\000"
 1148      73497063 
 1148      4E7200
 1149              	.LASF27:
 1150 0360 6770696F 		.ascii	"gpioBase\000"
 1150      42617365 
 1150      00
 1151              	.LASF65:
 1152 0369 666C6173 		.ascii	"flashCtlMainWs2Freq\000"
 1152      6843746C 
 1152      4D61696E 
 1152      57733246 
 1152      72657100 
 1153              	.LASF76:
 1154 037d 70657269 		.ascii	"periTrGrOffset\000"
 1154      54724772 
 1154      4F666673 
 1154      657400
 1155              	.LASF103:
 1156 038c 63707573 		.ascii	"cpussRam1Ctl0\000"
 1156      7352616D 
 1156      3143746C 
 1156      3000
 1157              	.LASF125:
 1158 039a 63624576 		.ascii	"cbEvents\000"
 1158      656E7473 
 1158      00
 1159              	.LASF77:
 1160 03a3 70657269 		.ascii	"periTrGrSize\000"
 1160      54724772 
 1160      53697A65 
 1160      00
 1161              	.LASF35:
 1162 03b0 6770696F 		.ascii	"gpioVersion\000"
 1162      56657273 
 1162      696F6E00 
 1163              	.LASF122:
 1164 03bc 74784275 		.ascii	"txBuf\000"
 1164      6600
 1165              	.LASF107:
 1166 03c2 63795F73 		.ascii	"cy_stc_device_t\000"
 1166      74635F64 
 1166      65766963 
 1166      655F7400 
 1167              	.LASF133:
 1168 03d2 433A5C55 		.ascii	"C:\\Users\\Sean Ilagan\\Documents\\PSoC Creator\\pl"
 1168      73657273 
 1168      5C536561 
 1168      6E20496C 
ARM GAS  C:\Users\SEANIL~1\AppData\Local\Temp\ccKIJPLR.s 			page 25


 1168      6167616E 
 1169 0400 61797465 		.ascii	"aytesting\\Command Parsing Example.cydsn\000"
 1169      7374696E 
 1169      675C436F 
 1169      6D6D616E 
 1169      64205061 
 1170              	.LASF53:
 1171 0428 65704D6F 		.ascii	"epMonitorNr\000"
 1171      6E69746F 
 1171      724E7200 
 1172              	.LASF117:
 1173 0434 72785269 		.ascii	"rxRingBufHead\000"
 1173      6E674275 
 1173      66486561 
 1173      6400
 1174              	.LASF96:
 1175 0442 63707573 		.ascii	"cpussTrimRamCtlOffset\000"
 1175      73547269 
 1175      6D52616D 
 1175      43746C4F 
 1175      66667365 
 1176              	.LASF91:
 1177 0458 63707573 		.ascii	"cpussCm0ClockCtlOffset\000"
 1177      73436D30 
 1177      436C6F63 
 1177      6B43746C 
 1177      4F666673 
 1178              	.LASF31:
 1179 046f 63707573 		.ascii	"cpussVersion\000"
 1179      73566572 
 1179      73696F6E 
 1179      00
 1180              	.LASF38:
 1181 047c 70657269 		.ascii	"periVersion\000"
 1181      56657273 
 1181      696F6E00 
 1182              	.LASF94:
 1183 0488 63707573 		.ascii	"cpussCm0StatusOffset\000"
 1183      73436D30 
 1183      53746174 
 1183      75734F66 
 1183      66736574 
 1184              	.LASF19:
 1185 049d 73697A65 		.ascii	"sizetype\000"
 1185      74797065 
 1185      00
 1186              	.LASF68:
 1187 04a6 64774368 		.ascii	"dwChOffset\000"
 1187      4F666673 
 1187      657400
 1188              	.LASF43:
 1189 04b1 63707573 		.ascii	"cpussFlashPaSize\000"
 1189      73466C61 
 1189      73685061 
 1189      53697A65 
 1189      00
 1190              	.LASF81:
ARM GAS  C:\Users\SEANIL~1\AppData\Local\Temp\ccKIJPLR.s 			page 26


 1191 04c2 70657269 		.ascii	"periDivCmdPaTypeSelPos\000"
 1191      44697643 
 1191      6D645061 
 1191      54797065 
 1191      53656C50 
 1192              	.LASF104:
 1193 04d9 63707573 		.ascii	"cpussRam2Ctl0\000"
 1193      7352616D 
 1193      3243746C 
 1193      3000
 1194              	.LASF72:
 1195 04e7 64775374 		.ascii	"dwStatusChIdxPos\000"
 1195      61747573 
 1195      43684964 
 1195      78506F73 
 1195      00
 1196              	.LASF54:
 1197 04f8 75646250 		.ascii	"udbPresent\000"
 1197      72657365 
 1197      6E7400
 1198              	.LASF114:
 1199 0503 72785374 		.ascii	"rxStatus\000"
 1199      61747573 
 1199      00
 1200              	.LASF34:
 1201 050c 666C6173 		.ascii	"flashcVersion\000"
 1201      68635665 
 1201      7273696F 
 1201      6E00
 1202              	.LASF30:
 1203 051a 63727970 		.ascii	"cryptoBase\000"
 1203      746F4261 
 1203      736500
 1204              	.LASF51:
 1205 0525 736D6966 		.ascii	"smifDeviceNr\000"
 1205      44657669 
 1205      63654E72 
 1205      00
 1206              	.LASF131:
 1207 0532 474E5520 		.ascii	"GNU C11 5.4.1 20160609 (release) [ARM/embedded-5-br"
 1207      43313120 
 1207      352E342E 
 1207      31203230 
 1207      31363036 
 1208 0565 616E6368 		.ascii	"anch revision 237715] -mcpu=cortex-m4 -mfloat-abi=s"
 1208      20726576 
 1208      6973696F 
 1208      6E203233 
 1208      37373135 
 1209 0598 6F667466 		.ascii	"oftfp -mfpu=fpv4-sp-d16 -mthumb -g -Og -ffunction-s"
 1209      70202D6D 
 1209      6670753D 
 1209      66707634 
 1209      2D73702D 
 1210 05cb 65637469 		.ascii	"ections -ffat-lto-objects\000"
 1210      6F6E7320 
 1210      2D666661 
ARM GAS  C:\Users\SEANIL~1\AppData\Local\Temp\ccKIJPLR.s 			page 27


 1210      742D6C74 
 1210      6F2D6F62 
 1211              	.LASF109:
 1212 05e5 666C6F61 		.ascii	"float\000"
 1212      7400
 1213              	.LASF73:
 1214 05eb 64775374 		.ascii	"dwStatusChIdxMsk\000"
 1214      61747573 
 1214      43684964 
 1214      784D736B 
 1214      00
 1215              	.LASF129:
 1216 05fc 63795F64 		.ascii	"cy_device\000"
 1216      65766963 
 1216      6500
 1217              	.LASF101:
 1218 0606 63707573 		.ascii	"cpussRomCtl\000"
 1218      73526F6D 
 1218      43746C00 
 1219              	.LASF71:
 1220 0612 64774368 		.ascii	"dwChCtlPreemptablePos\000"
 1220      43746C50 
 1220      7265656D 
 1220      70746162 
 1220      6C65506F 
 1221              	.LASF124:
 1222 0628 74784C65 		.ascii	"txLeftToTransmit\000"
 1222      6674546F 
 1222      5472616E 
 1222      736D6974 
 1222      00
 1223              	.LASF24:
 1224 0639 75646242 		.ascii	"udbBase\000"
 1224      61736500 
 1225              	.LASF111:
 1226 0641 5F426F6F 		.ascii	"_Bool\000"
 1226      6C00
 1227              	.LASF17:
 1228 0647 696E7433 		.ascii	"int32_t\000"
 1228      325F7400 
 1229              	.LASF2:
 1230 064f 756E7369 		.ascii	"unsigned char\000"
 1230      676E6564 
 1230      20636861 
 1230      7200
 1231              	.LASF67:
 1232 065d 666C6173 		.ascii	"flashCtlMainWs4Freq\000"
 1232      6843746C 
 1232      4D61696E 
 1232      57733446 
 1232      72657100 
 1233              	.LASF0:
 1234 0671 73686F72 		.ascii	"short int\000"
 1234      7420696E 
 1234      7400
 1235              	.LASF78:
 1236 067b 70657269 		.ascii	"periDivCmdDivSelMsk\000"
ARM GAS  C:\Users\SEANIL~1\AppData\Local\Temp\ccKIJPLR.s 			page 28


 1236      44697643 
 1236      6D644469 
 1236      7653656C 
 1236      4D736B00 
 1237              	.LASF49:
 1238 068f 73727373 		.ascii	"srssNumHfroot\000"
 1238      4E756D48 
 1238      66726F6F 
 1238      7400
 1239              	.LASF62:
 1240 069d 666C6173 		.ascii	"flashEraseDelay\000"
 1240      68457261 
 1240      73654465 
 1240      6C617900 
 1241              	.LASF18:
 1242 06ad 75696E74 		.ascii	"uint32_t\000"
 1242      33325F74 
 1242      00
 1243              	.LASF100:
 1244 06b6 63707573 		.ascii	"cpussCm4NmiCtlOffset\000"
 1244      73436D34 
 1244      4E6D6943 
 1244      746C4F66 
 1244      66736574 
 1245              	.LASF20:
 1246 06cb 6C6F6E67 		.ascii	"long double\000"
 1246      20646F75 
 1246      626C6500 
 1247              	.LASF108:
 1248 06d7 63686172 		.ascii	"char\000"
 1248      00
 1249              	.LASF39:
 1250 06dc 70726F74 		.ascii	"protVersion\000"
 1250      56657273 
 1250      696F6E00 
 1251              	.LASF102:
 1252 06e8 63707573 		.ascii	"cpussRam0Ctl0\000"
 1252      7352616D 
 1252      3043746C 
 1252      3000
 1253              	.LASF5:
 1254 06f6 5F5F7569 		.ascii	"__uint16_t\000"
 1254      6E743136 
 1254      5F7400
 1255              	.LASF83:
 1256 0701 70657269 		.ascii	"periDiv16CtlOffset\000"
 1256      44697631 
 1256      3643746C 
 1256      4F666673 
 1256      657400
 1257              	.LASF7:
 1258 0714 5F5F696E 		.ascii	"__int32_t\000"
 1258      7433325F 
 1258      7400
 1259              	.LASF36:
 1260 071e 6873696F 		.ascii	"hsiomVersion\000"
 1260      6D566572 
ARM GAS  C:\Users\SEANIL~1\AppData\Local\Temp\ccKIJPLR.s 			page 29


 1260      73696F6E 
 1260      00
 1261              	.LASF61:
 1262 072b 666C6173 		.ascii	"flashProgramDelay\000"
 1262      6850726F 
 1262      6772616D 
 1262      44656C61 
 1262      7900
 1263              	.LASF116:
 1264 073d 72785269 		.ascii	"rxRingBufSize\000"
 1264      6E674275 
 1264      6653697A 
 1264      6500
 1265              	.LASF6:
 1266 074b 73686F72 		.ascii	"short unsigned int\000"
 1266      7420756E 
 1266      7369676E 
 1266      65642069 
 1266      6E7400
 1267              	.LASF69:
 1268 075e 64774368 		.ascii	"dwChSize\000"
 1268      53697A65 
 1268      00
 1269              	.LASF105:
 1270 0767 69706353 		.ascii	"ipcStructSize\000"
 1270      74727563 
 1270      7453697A 
 1270      6500
 1271              	.LASF44:
 1272 0775 63707573 		.ascii	"cpussIpc0Irq\000"
 1272      73497063 
 1272      30497271 
 1272      00
 1273              	.LASF87:
 1274 0782 6770696F 		.ascii	"gpioPrtCfgOffset\000"
 1274      50727443 
 1274      66674F66 
 1274      66736574 
 1274      00
 1275              	.LASF126:
 1276 0793 696E6974 		.ascii	"initKey\000"
 1276      4B657900 
 1277              	.LASF119:
 1278 079b 72784275 		.ascii	"rxBuf\000"
 1278      6600
 1279              	.LASF127:
 1280 07a1 63795F73 		.ascii	"cy_stc_scb_uart_context_t\000"
 1280      74635F73 
 1280      63625F75 
 1280      6172745F 
 1280      636F6E74 
 1281              	.LASF46:
 1282 07bb 63707573 		.ascii	"cpussNotConnectedIrq\000"
 1282      734E6F74 
 1282      436F6E6E 
 1282      65637465 
 1282      64497271 
ARM GAS  C:\Users\SEANIL~1\AppData\Local\Temp\ccKIJPLR.s 			page 30


 1283              	.LASF60:
 1284 07d0 666C6173 		.ascii	"flashWriteDelay\000"
 1284      68577269 
 1284      74654465 
 1284      6C617900 
 1285              	.LASF14:
 1286 07e0 75696E74 		.ascii	"uint8_t\000"
 1286      385F7400 
 1287              	.LASF93:
 1288 07e8 63707573 		.ascii	"cpussCm4StatusOffset\000"
 1288      73436D34 
 1288      53746174 
 1288      75734F66 
 1288      66736574 
 1289              	.LASF86:
 1290 07fd 6770696F 		.ascii	"gpioPrtIntrCfgOffset\000"
 1290      50727449 
 1290      6E747243 
 1290      66674F66 
 1290      66736574 
 1291              	.LASF118:
 1292 0812 72785269 		.ascii	"rxRingBufTail\000"
 1292      6E674275 
 1292      66546169 
 1292      6C00
 1293              	.LASF97:
 1294 0820 63707573 		.ascii	"cpussTrimRomCtlOffset\000"
 1294      73547269 
 1294      6D526F6D 
 1294      43746C4F 
 1294      66667365 
 1295              	.LASF113:
 1296 0836 74785374 		.ascii	"txStatus\000"
 1296      61747573 
 1296      00
 1297              	.LASF33:
 1298 083f 64775665 		.ascii	"dwVersion\000"
 1298      7273696F 
 1298      6E00
 1299              	.LASF29:
 1300 0849 69706342 		.ascii	"ipcBase\000"
 1300      61736500 
 1301              	.LASF80:
 1302 0851 70657269 		.ascii	"periDivCmdPaDivSelPos\000"
 1302      44697643 
 1302      6D645061 
 1302      44697653 
 1302      656C506F 
 1303              	.LASF134:
 1304 0867 63795F73 		.ascii	"cy_stc_scb_uart_context\000"
 1304      74635F73 
 1304      63625F75 
 1304      6172745F 
 1304      636F6E74 
 1305              	.LASF58:
 1306 087f 666C6173 		.ascii	"flashRwwRequired\000"
 1306      68527777 
ARM GAS  C:\Users\SEANIL~1\AppData\Local\Temp\ccKIJPLR.s 			page 31


 1306      52657175 
 1306      69726564 
 1306      00
 1307              		.ident	"GCC: (GNU Tools for ARM Embedded Processors) 5.4.1 20160609 (release) [ARM/embedded-5-bran
