ARM GAS  C:\Users\SEANIL~1\AppData\Local\Temp\cchAkzS8.s 			page 1


   1              		.syntax unified
   2              		.cpu cortex-m4
   3              		.eabi_attribute 27, 1
   4              		.fpu fpv4-sp-d16
   5              		.eabi_attribute 20, 1
   6              		.eabi_attribute 21, 1
   7              		.eabi_attribute 23, 3
   8              		.eabi_attribute 24, 1
   9              		.eabi_attribute 25, 1
  10              		.eabi_attribute 26, 1
  11              		.eabi_attribute 30, 1
  12              		.eabi_attribute 34, 1
  13              		.eabi_attribute 18, 4
  14              		.thumb
  15              		.syntax unified
  16              		.file	"retarget.c"
  17              		.text
  18              	.Ltext0:
  19              		.cfi_sections	.debug_frame
  20              		.syntax unified
  21              		.global _printf_float
  22              		.global _scanf_float
  23              		.thumb
  24              		.syntax unified
  25              		.section	.text._write,"ax",%progbits
  26              		.align	2
  27              		.weak	_write
  28              		.thumb
  29              		.thumb_func
  30              		.type	_write, %function
  31              	_write:
  32              	.LFB481:
  33              		.file 1 "Generated_Source\\PSoC6\\pdl\\utilities\\retarget_io\\retarget.c"
   1:Generated_Source\PSoC6\pdl\utilities\retarget_io/retarget.c **** /***************************************************************************//**
   2:Generated_Source\PSoC6\pdl\utilities\retarget_io/retarget.c **** * \file retarget.c
   3:Generated_Source\PSoC6\pdl\utilities\retarget_io/retarget.c **** * \version 1.20
   4:Generated_Source\PSoC6\pdl\utilities\retarget_io/retarget.c **** *
   5:Generated_Source\PSoC6\pdl\utilities\retarget_io/retarget.c **** * \brief
   6:Generated_Source\PSoC6\pdl\utilities\retarget_io/retarget.c **** * 'Retarget' layer for target-dependent low level function.
   7:Generated_Source\PSoC6\pdl\utilities\retarget_io/retarget.c **** *
   8:Generated_Source\PSoC6\pdl\utilities\retarget_io/retarget.c **** ********************************************************************************
   9:Generated_Source\PSoC6\pdl\utilities\retarget_io/retarget.c **** * \copyright
  10:Generated_Source\PSoC6\pdl\utilities\retarget_io/retarget.c **** * Copyright 2016-2018, Cypress Semiconductor Corporation. All rights reserved.
  11:Generated_Source\PSoC6\pdl\utilities\retarget_io/retarget.c **** * You may use this file only in accordance with the license, terms, conditions,
  12:Generated_Source\PSoC6\pdl\utilities\retarget_io/retarget.c **** * disclaimers, and limitations in the end user license agreement accompanying
  13:Generated_Source\PSoC6\pdl\utilities\retarget_io/retarget.c **** * the software package with which this file was provided.
  14:Generated_Source\PSoC6\pdl\utilities\retarget_io/retarget.c **** *******************************************************************************/
  15:Generated_Source\PSoC6\pdl\utilities\retarget_io/retarget.c **** 
  16:Generated_Source\PSoC6\pdl\utilities\retarget_io/retarget.c **** #include <stdio.h>
  17:Generated_Source\PSoC6\pdl\utilities\retarget_io/retarget.c **** #include "stdio_user.h"
  18:Generated_Source\PSoC6\pdl\utilities\retarget_io/retarget.c **** 
  19:Generated_Source\PSoC6\pdl\utilities\retarget_io/retarget.c **** #if defined(__cplusplus)
  20:Generated_Source\PSoC6\pdl\utilities\retarget_io/retarget.c **** extern "C" {
  21:Generated_Source\PSoC6\pdl\utilities\retarget_io/retarget.c **** #endif
  22:Generated_Source\PSoC6\pdl\utilities\retarget_io/retarget.c **** 
  23:Generated_Source\PSoC6\pdl\utilities\retarget_io/retarget.c **** #ifdef IO_STDOUT_ENABLE
  24:Generated_Source\PSoC6\pdl\utilities\retarget_io/retarget.c **** 
ARM GAS  C:\Users\SEANIL~1\AppData\Local\Temp\cchAkzS8.s 			page 2


  25:Generated_Source\PSoC6\pdl\utilities\retarget_io/retarget.c **** #if defined(__ARMCC_VERSION) /* ARM-MDK */
  26:Generated_Source\PSoC6\pdl\utilities\retarget_io/retarget.c ****     /***************************************************************************
  27:Generated_Source\PSoC6\pdl\utilities\retarget_io/retarget.c ****     * Function Name: fputc
  28:Generated_Source\PSoC6\pdl\utilities\retarget_io/retarget.c ****     ***************************************************************************/
  29:Generated_Source\PSoC6\pdl\utilities\retarget_io/retarget.c ****     __attribute__((weak)) int fputc(int ch, FILE *f)
  30:Generated_Source\PSoC6\pdl\utilities\retarget_io/retarget.c ****     {
  31:Generated_Source\PSoC6\pdl\utilities\retarget_io/retarget.c ****         (void)f;
  32:Generated_Source\PSoC6\pdl\utilities\retarget_io/retarget.c ****     #if (STDOUT_CR_LF != 0)
  33:Generated_Source\PSoC6\pdl\utilities\retarget_io/retarget.c ****         if ((char)ch == '\n')
  34:Generated_Source\PSoC6\pdl\utilities\retarget_io/retarget.c ****         {
  35:Generated_Source\PSoC6\pdl\utilities\retarget_io/retarget.c ****             STDIO_PutChar('\r');
  36:Generated_Source\PSoC6\pdl\utilities\retarget_io/retarget.c ****         }
  37:Generated_Source\PSoC6\pdl\utilities\retarget_io/retarget.c ****     #endif /* STDOUT_CR_LF != 0 */
  38:Generated_Source\PSoC6\pdl\utilities\retarget_io/retarget.c ****         STDIO_PutChar(ch);
  39:Generated_Source\PSoC6\pdl\utilities\retarget_io/retarget.c ****         return (ch);
  40:Generated_Source\PSoC6\pdl\utilities\retarget_io/retarget.c ****     }
  41:Generated_Source\PSoC6\pdl\utilities\retarget_io/retarget.c **** #elif defined (__ICCARM__) /* IAR */
  42:Generated_Source\PSoC6\pdl\utilities\retarget_io/retarget.c ****     #include <yfuns.h>
  43:Generated_Source\PSoC6\pdl\utilities\retarget_io/retarget.c **** 
  44:Generated_Source\PSoC6\pdl\utilities\retarget_io/retarget.c ****     /***************************************************************************
  45:Generated_Source\PSoC6\pdl\utilities\retarget_io/retarget.c ****     * Function Name: __write
  46:Generated_Source\PSoC6\pdl\utilities\retarget_io/retarget.c ****     ***************************************************************************/
  47:Generated_Source\PSoC6\pdl\utilities\retarget_io/retarget.c ****     __weak size_t __write(int handle, const unsigned char * buffer, size_t size)
  48:Generated_Source\PSoC6\pdl\utilities\retarget_io/retarget.c ****     {
  49:Generated_Source\PSoC6\pdl\utilities\retarget_io/retarget.c ****         size_t nChars = 0;
  50:Generated_Source\PSoC6\pdl\utilities\retarget_io/retarget.c ****         /* This template only writes to "standard out", for all other file
  51:Generated_Source\PSoC6\pdl\utilities\retarget_io/retarget.c ****         * handles it returns failure. */
  52:Generated_Source\PSoC6\pdl\utilities\retarget_io/retarget.c ****         if (handle != _LLIO_STDOUT)
  53:Generated_Source\PSoC6\pdl\utilities\retarget_io/retarget.c ****         {
  54:Generated_Source\PSoC6\pdl\utilities\retarget_io/retarget.c ****             return (_LLIO_ERROR);
  55:Generated_Source\PSoC6\pdl\utilities\retarget_io/retarget.c ****         }
  56:Generated_Source\PSoC6\pdl\utilities\retarget_io/retarget.c ****         if (buffer != NULL)
  57:Generated_Source\PSoC6\pdl\utilities\retarget_io/retarget.c ****         {
  58:Generated_Source\PSoC6\pdl\utilities\retarget_io/retarget.c ****             for (/* Empty */; nChars < size; ++nChars)
  59:Generated_Source\PSoC6\pdl\utilities\retarget_io/retarget.c ****             {
  60:Generated_Source\PSoC6\pdl\utilities\retarget_io/retarget.c ****             #if (STDOUT_CR_LF != 0)
  61:Generated_Source\PSoC6\pdl\utilities\retarget_io/retarget.c ****                 if(*buffer == '\n')
  62:Generated_Source\PSoC6\pdl\utilities\retarget_io/retarget.c ****                 {
  63:Generated_Source\PSoC6\pdl\utilities\retarget_io/retarget.c ****                     STDIO_PutChar('\r');
  64:Generated_Source\PSoC6\pdl\utilities\retarget_io/retarget.c ****                 }
  65:Generated_Source\PSoC6\pdl\utilities\retarget_io/retarget.c ****             #endif /* STDOUT_CR_LF != 0 */
  66:Generated_Source\PSoC6\pdl\utilities\retarget_io/retarget.c ****                 STDIO_PutChar(*buffer);
  67:Generated_Source\PSoC6\pdl\utilities\retarget_io/retarget.c ****                 ++buffer;
  68:Generated_Source\PSoC6\pdl\utilities\retarget_io/retarget.c ****             }
  69:Generated_Source\PSoC6\pdl\utilities\retarget_io/retarget.c ****         }
  70:Generated_Source\PSoC6\pdl\utilities\retarget_io/retarget.c ****         return (nChars);
  71:Generated_Source\PSoC6\pdl\utilities\retarget_io/retarget.c ****     }
  72:Generated_Source\PSoC6\pdl\utilities\retarget_io/retarget.c **** #else /* (__GNUC__)  GCC */    
  73:Generated_Source\PSoC6\pdl\utilities\retarget_io/retarget.c ****     /* Add an explicit reference to the floating point printf library to allow
  74:Generated_Source\PSoC6\pdl\utilities\retarget_io/retarget.c ****     the usage of floating point conversion specifier. */
  75:Generated_Source\PSoC6\pdl\utilities\retarget_io/retarget.c ****     __asm (".global _printf_float");
  76:Generated_Source\PSoC6\pdl\utilities\retarget_io/retarget.c ****     /***************************************************************************
  77:Generated_Source\PSoC6\pdl\utilities\retarget_io/retarget.c ****     * Function Name: _write
  78:Generated_Source\PSoC6\pdl\utilities\retarget_io/retarget.c ****     ***************************************************************************/
  79:Generated_Source\PSoC6\pdl\utilities\retarget_io/retarget.c ****     __attribute__((weak)) int _write (int fd, const char *ptr, int len)
  80:Generated_Source\PSoC6\pdl\utilities\retarget_io/retarget.c ****     {
  34              		.loc 1 80 0
ARM GAS  C:\Users\SEANIL~1\AppData\Local\Temp\cchAkzS8.s 			page 3


  35              		.cfi_startproc
  36              		@ args = 0, pretend = 0, frame = 0
  37              		@ frame_needed = 0, uses_anonymous_args = 0
  38              	.LVL0:
  39 0000 70B5     		push	{r4, r5, r6, lr}
  40              		.cfi_def_cfa_offset 16
  41              		.cfi_offset 4, -16
  42              		.cfi_offset 5, -12
  43              		.cfi_offset 6, -8
  44              		.cfi_offset 14, -4
  45              	.LVL1:
  81:Generated_Source\PSoC6\pdl\utilities\retarget_io/retarget.c ****         int nChars = 0;
  82:Generated_Source\PSoC6\pdl\utilities\retarget_io/retarget.c ****         (void)fd;
  83:Generated_Source\PSoC6\pdl\utilities\retarget_io/retarget.c ****         if (ptr != NULL)
  46              		.loc 1 83 0
  47 0002 39B9     		cbnz	r1, .L5
  81:Generated_Source\PSoC6\pdl\utilities\retarget_io/retarget.c ****         int nChars = 0;
  48              		.loc 1 81 0
  49 0004 0024     		movs	r4, #0
  50 0006 0AE0     		b	.L3
  51              	.LVL2:
  52              	.L4:
  84:Generated_Source\PSoC6\pdl\utilities\retarget_io/retarget.c ****         {
  85:Generated_Source\PSoC6\pdl\utilities\retarget_io/retarget.c ****             for (/* Empty */; nChars < len; ++nChars)
  86:Generated_Source\PSoC6\pdl\utilities\retarget_io/retarget.c ****             {
  87:Generated_Source\PSoC6\pdl\utilities\retarget_io/retarget.c ****             #if (STDOUT_CR_LF != 0)
  88:Generated_Source\PSoC6\pdl\utilities\retarget_io/retarget.c ****                 if(*ptr == '\n')
  89:Generated_Source\PSoC6\pdl\utilities\retarget_io/retarget.c ****                 {
  90:Generated_Source\PSoC6\pdl\utilities\retarget_io/retarget.c ****                     STDIO_PutChar('\r');
  91:Generated_Source\PSoC6\pdl\utilities\retarget_io/retarget.c ****                 }
  92:Generated_Source\PSoC6\pdl\utilities\retarget_io/retarget.c ****             #endif /* STDOUT_CR_LF != 0 */
  93:Generated_Source\PSoC6\pdl\utilities\retarget_io/retarget.c ****                 STDIO_PutChar((uint32_t)*ptr);
  53              		.loc 1 93 0 discriminator 2
  54 0008 15F8010B 		ldrb	r0, [r5], #1	@ zero_extendqisi2
  55              	.LVL3:
  56 000c FFF7FEFF 		bl	STDIO_PutChar
  57              	.LVL4:
  85:Generated_Source\PSoC6\pdl\utilities\retarget_io/retarget.c ****             {
  58              		.loc 1 85 0 discriminator 2
  59 0010 0134     		adds	r4, r4, #1
  60              	.LVL5:
  61 0012 02E0     		b	.L2
  62              	.LVL6:
  63              	.L5:
  64 0014 1646     		mov	r6, r2
  65 0016 0D46     		mov	r5, r1
  66 0018 0024     		movs	r4, #0
  67              	.LVL7:
  68              	.L2:
  85:Generated_Source\PSoC6\pdl\utilities\retarget_io/retarget.c ****             {
  69              		.loc 1 85 0 is_stmt 0 discriminator 1
  70 001a B442     		cmp	r4, r6
  71 001c F4DB     		blt	.L4
  72              	.LVL8:
  73              	.L3:
  94:Generated_Source\PSoC6\pdl\utilities\retarget_io/retarget.c ****                 ++ptr;
  95:Generated_Source\PSoC6\pdl\utilities\retarget_io/retarget.c ****             }
ARM GAS  C:\Users\SEANIL~1\AppData\Local\Temp\cchAkzS8.s 			page 4


  96:Generated_Source\PSoC6\pdl\utilities\retarget_io/retarget.c ****         }
  97:Generated_Source\PSoC6\pdl\utilities\retarget_io/retarget.c ****         return (nChars);
  98:Generated_Source\PSoC6\pdl\utilities\retarget_io/retarget.c ****     }
  74              		.loc 1 98 0 is_stmt 1
  75 001e 2046     		mov	r0, r4
  76 0020 70BD     		pop	{r4, r5, r6, pc}
  77              		.cfi_endproc
  78              	.LFE481:
  79              		.size	_write, .-_write
  80 0022 00BF     		.section	.text._read,"ax",%progbits
  81              		.align	2
  82              		.weak	_read
  83              		.thumb
  84              		.thumb_func
  85              		.type	_read, %function
  86              	_read:
  87              	.LFB482:
  99:Generated_Source\PSoC6\pdl\utilities\retarget_io/retarget.c **** #endif
 100:Generated_Source\PSoC6\pdl\utilities\retarget_io/retarget.c **** 
 101:Generated_Source\PSoC6\pdl\utilities\retarget_io/retarget.c **** #endif /* IO_STDOUT_ENABLE */
 102:Generated_Source\PSoC6\pdl\utilities\retarget_io/retarget.c **** 
 103:Generated_Source\PSoC6\pdl\utilities\retarget_io/retarget.c **** #if defined(IO_STDIN_ENABLE)
 104:Generated_Source\PSoC6\pdl\utilities\retarget_io/retarget.c **** 
 105:Generated_Source\PSoC6\pdl\utilities\retarget_io/retarget.c **** #if defined(__ARMCC_VERSION) /* ARM-MDK */
 106:Generated_Source\PSoC6\pdl\utilities\retarget_io/retarget.c ****     /***************************************************************************
 107:Generated_Source\PSoC6\pdl\utilities\retarget_io/retarget.c ****     * Function Name: fgetc
 108:Generated_Source\PSoC6\pdl\utilities\retarget_io/retarget.c ****     ***************************************************************************/
 109:Generated_Source\PSoC6\pdl\utilities\retarget_io/retarget.c ****     __attribute__((weak)) int fgetc(FILE *f) 
 110:Generated_Source\PSoC6\pdl\utilities\retarget_io/retarget.c ****     {
 111:Generated_Source\PSoC6\pdl\utilities\retarget_io/retarget.c ****         (void)f;
 112:Generated_Source\PSoC6\pdl\utilities\retarget_io/retarget.c ****         return (STDIO_GetChar());
 113:Generated_Source\PSoC6\pdl\utilities\retarget_io/retarget.c ****     }
 114:Generated_Source\PSoC6\pdl\utilities\retarget_io/retarget.c **** #elif defined (__ICCARM__) /* IAR */
 115:Generated_Source\PSoC6\pdl\utilities\retarget_io/retarget.c ****     __weak size_t __read(int handle, unsigned char * buffer, size_t size)
 116:Generated_Source\PSoC6\pdl\utilities\retarget_io/retarget.c ****     {
 117:Generated_Source\PSoC6\pdl\utilities\retarget_io/retarget.c ****         /* This template only reads from "standard in", for all other file
 118:Generated_Source\PSoC6\pdl\utilities\retarget_io/retarget.c ****         handles it returns failure. */
 119:Generated_Source\PSoC6\pdl\utilities\retarget_io/retarget.c ****         if ((handle != _LLIO_STDIN) || (buffer == NULL))
 120:Generated_Source\PSoC6\pdl\utilities\retarget_io/retarget.c ****         {
 121:Generated_Source\PSoC6\pdl\utilities\retarget_io/retarget.c ****             return (_LLIO_ERROR);
 122:Generated_Source\PSoC6\pdl\utilities\retarget_io/retarget.c ****         }
 123:Generated_Source\PSoC6\pdl\utilities\retarget_io/retarget.c ****         else
 124:Generated_Source\PSoC6\pdl\utilities\retarget_io/retarget.c ****         {
 125:Generated_Source\PSoC6\pdl\utilities\retarget_io/retarget.c ****             *buffer = STDIO_GetChar();
 126:Generated_Source\PSoC6\pdl\utilities\retarget_io/retarget.c ****             return (1);
 127:Generated_Source\PSoC6\pdl\utilities\retarget_io/retarget.c ****         }
 128:Generated_Source\PSoC6\pdl\utilities\retarget_io/retarget.c ****     }
 129:Generated_Source\PSoC6\pdl\utilities\retarget_io/retarget.c **** #else /* (__GNUC__)  GCC */
 130:Generated_Source\PSoC6\pdl\utilities\retarget_io/retarget.c ****     /* Add an explicit reference to the floating point scanf library to allow
 131:Generated_Source\PSoC6\pdl\utilities\retarget_io/retarget.c ****     the usage of floating point conversion specifier. */
 132:Generated_Source\PSoC6\pdl\utilities\retarget_io/retarget.c ****     __asm (".global _scanf_float");
 133:Generated_Source\PSoC6\pdl\utilities\retarget_io/retarget.c ****     __attribute__((weak)) int _read (int fd, char *ptr, int len)
 134:Generated_Source\PSoC6\pdl\utilities\retarget_io/retarget.c ****     {
  88              		.loc 1 134 0
  89              		.cfi_startproc
  90              		@ args = 0, pretend = 0, frame = 0
  91              		@ frame_needed = 0, uses_anonymous_args = 0
ARM GAS  C:\Users\SEANIL~1\AppData\Local\Temp\cchAkzS8.s 			page 5


  92              	.LVL9:
  93 0000 70B5     		push	{r4, r5, r6, lr}
  94              		.cfi_def_cfa_offset 16
  95              		.cfi_offset 4, -16
  96              		.cfi_offset 5, -12
  97              		.cfi_offset 6, -8
  98              		.cfi_offset 14, -4
  99              	.LVL10:
 135:Generated_Source\PSoC6\pdl\utilities\retarget_io/retarget.c ****         int nChars = 0;
 136:Generated_Source\PSoC6\pdl\utilities\retarget_io/retarget.c ****         (void)fd;
 137:Generated_Source\PSoC6\pdl\utilities\retarget_io/retarget.c ****         if (ptr != NULL)
 100              		.loc 1 137 0
 101 0002 61B9     		cbnz	r1, .L11
 135:Generated_Source\PSoC6\pdl\utilities\retarget_io/retarget.c ****         int nChars = 0;
 102              		.loc 1 135 0
 103 0004 0024     		movs	r4, #0
 104 0006 0FE0     		b	.L9
 105              	.LVL11:
 106              	.L10:
 138:Generated_Source\PSoC6\pdl\utilities\retarget_io/retarget.c ****         {
 139:Generated_Source\PSoC6\pdl\utilities\retarget_io/retarget.c ****             for(/* Empty */;nChars < len;++ptr)
 140:Generated_Source\PSoC6\pdl\utilities\retarget_io/retarget.c ****             {
 141:Generated_Source\PSoC6\pdl\utilities\retarget_io/retarget.c ****                 *ptr = (char)STDIO_GetChar();
 107              		.loc 1 141 0
 108 0008 FFF7FEFF 		bl	STDIO_GetChar
 109              	.LVL12:
 110 000c C0B2     		uxtb	r0, r0
 111 000e 2870     		strb	r0, [r5]
 142:Generated_Source\PSoC6\pdl\utilities\retarget_io/retarget.c ****                 ++nChars;
 112              		.loc 1 142 0
 113 0010 0134     		adds	r4, r4, #1
 114              	.LVL13:
 143:Generated_Source\PSoC6\pdl\utilities\retarget_io/retarget.c ****                 if((*ptr == '\n') || (*ptr == '\r'))
 115              		.loc 1 143 0
 116 0012 0A28     		cmp	r0, #10
 117 0014 08D0     		beq	.L9
 118              		.loc 1 143 0 is_stmt 0 discriminator 1
 119 0016 0D28     		cmp	r0, #13
 120 0018 06D0     		beq	.L9
 139:Generated_Source\PSoC6\pdl\utilities\retarget_io/retarget.c ****             {
 121              		.loc 1 139 0 is_stmt 1
 122 001a 0135     		adds	r5, r5, #1
 123              	.LVL14:
 124 001c 02E0     		b	.L8
 125              	.LVL15:
 126              	.L11:
 127 001e 1646     		mov	r6, r2
 128 0020 0D46     		mov	r5, r1
 129 0022 0024     		movs	r4, #0
 130              	.LVL16:
 131              	.L8:
 139:Generated_Source\PSoC6\pdl\utilities\retarget_io/retarget.c ****             {
 132              		.loc 1 139 0 is_stmt 0 discriminator 1
 133 0024 B442     		cmp	r4, r6
 134 0026 EFDB     		blt	.L10
 135              	.LVL17:
 136              	.L9:
ARM GAS  C:\Users\SEANIL~1\AppData\Local\Temp\cchAkzS8.s 			page 6


 144:Generated_Source\PSoC6\pdl\utilities\retarget_io/retarget.c ****                 {
 145:Generated_Source\PSoC6\pdl\utilities\retarget_io/retarget.c ****                     break;
 146:Generated_Source\PSoC6\pdl\utilities\retarget_io/retarget.c ****                 }
 147:Generated_Source\PSoC6\pdl\utilities\retarget_io/retarget.c ****             }
 148:Generated_Source\PSoC6\pdl\utilities\retarget_io/retarget.c ****         }
 149:Generated_Source\PSoC6\pdl\utilities\retarget_io/retarget.c ****         return (nChars);
 150:Generated_Source\PSoC6\pdl\utilities\retarget_io/retarget.c ****     }
 137              		.loc 1 150 0 is_stmt 1
 138 0028 2046     		mov	r0, r4
 139 002a 70BD     		pop	{r4, r5, r6, pc}
 140              		.cfi_endproc
 141              	.LFE482:
 142              		.size	_read, .-_read
 143              		.text
 144              	.Letext0:
 145              		.file 2 "c:\\program files (x86)\\cypress\\psoc creator\\4.4\\psoc creator\\import\\gnu\\arm\\5.4.
 146              		.file 3 "c:\\program files (x86)\\cypress\\psoc creator\\4.4\\psoc creator\\import\\gnu\\arm\\5.4.
 147              		.file 4 "Generated_Source\\PSoC6\\pdl\\drivers/peripheral/device/cy_device.h"
 148              		.file 5 "Generated_Source\\PSoC6\\pdl\\drivers/peripheral/scb/cy_scb_uart.h"
 149              		.file 6 "Generated_Source\\PSoC6\\pdl\\cmsis/include/core_cm4.h"
 150              		.file 7 "Generated_Source\\PSoC6/UART.h"
 151              		.file 8 "./stdio_user.h"
 152              		.section	.debug_info,"",%progbits
 153              	.Ldebug_info0:
 154 0000 25070000 		.4byte	0x725
 155 0004 0400     		.2byte	0x4
 156 0006 00000000 		.4byte	.Ldebug_abbrev0
 157 000a 04       		.byte	0x4
 158 000b 01       		.uleb128 0x1
 159 000c 47050000 		.4byte	.LASF136
 160 0010 0C       		.byte	0xc
 161 0011 5F080000 		.4byte	.LASF137
 162 0015 E0030000 		.4byte	.LASF138
 163 0019 00000000 		.4byte	.Ldebug_ranges0+0
 164 001d 00000000 		.4byte	0
 165 0021 00000000 		.4byte	.Ldebug_line0
 166 0025 02       		.uleb128 0x2
 167 0026 01       		.byte	0x1
 168 0027 06       		.byte	0x6
 169 0028 6E010000 		.4byte	.LASF0
 170 002c 03       		.uleb128 0x3
 171 002d 88000000 		.4byte	.LASF2
 172 0031 02       		.byte	0x2
 173 0032 1D       		.byte	0x1d
 174 0033 37000000 		.4byte	0x37
 175 0037 02       		.uleb128 0x2
 176 0038 01       		.byte	0x1
 177 0039 08       		.byte	0x8
 178 003a 64060000 		.4byte	.LASF1
 179 003e 03       		.uleb128 0x3
 180 003f 91020000 		.4byte	.LASF3
 181 0043 02       		.byte	0x2
 182 0044 29       		.byte	0x29
 183 0045 49000000 		.4byte	0x49
 184 0049 02       		.uleb128 0x2
 185 004a 02       		.byte	0x2
 186 004b 05       		.byte	0x5
ARM GAS  C:\Users\SEANIL~1\AppData\Local\Temp\cchAkzS8.s 			page 7


 187 004c 86060000 		.4byte	.LASF4
 188 0050 03       		.uleb128 0x3
 189 0051 16070000 		.4byte	.LASF5
 190 0055 02       		.byte	0x2
 191 0056 2B       		.byte	0x2b
 192 0057 5B000000 		.4byte	0x5b
 193 005b 02       		.uleb128 0x2
 194 005c 02       		.byte	0x2
 195 005d 07       		.byte	0x7
 196 005e 6B070000 		.4byte	.LASF6
 197 0062 03       		.uleb128 0x3
 198 0063 34070000 		.4byte	.LASF7
 199 0067 02       		.byte	0x2
 200 0068 3F       		.byte	0x3f
 201 0069 6D000000 		.4byte	0x6d
 202 006d 02       		.uleb128 0x2
 203 006e 04       		.byte	0x4
 204 006f 05       		.byte	0x5
 205 0070 DF010000 		.4byte	.LASF8
 206 0074 03       		.uleb128 0x3
 207 0075 76020000 		.4byte	.LASF9
 208 0079 02       		.byte	0x2
 209 007a 41       		.byte	0x41
 210 007b 7F000000 		.4byte	0x7f
 211 007f 02       		.uleb128 0x2
 212 0080 04       		.byte	0x4
 213 0081 07       		.byte	0x7
 214 0082 25030000 		.4byte	.LASF10
 215 0086 02       		.uleb128 0x2
 216 0087 08       		.byte	0x8
 217 0088 05       		.byte	0x5
 218 0089 60010000 		.4byte	.LASF11
 219 008d 02       		.uleb128 0x2
 220 008e 08       		.byte	0x8
 221 008f 07       		.byte	0x7
 222 0090 D7000000 		.4byte	.LASF12
 223 0094 04       		.uleb128 0x4
 224 0095 04       		.byte	0x4
 225 0096 05       		.byte	0x5
 226 0097 696E7400 		.ascii	"int\000"
 227 009b 02       		.uleb128 0x2
 228 009c 04       		.byte	0x4
 229 009d 07       		.byte	0x7
 230 009e E9020000 		.4byte	.LASF13
 231 00a2 02       		.uleb128 0x2
 232 00a3 08       		.byte	0x8
 233 00a4 04       		.byte	0x4
 234 00a5 EB060000 		.4byte	.LASF14
 235 00a9 05       		.uleb128 0x5
 236 00aa 04       		.byte	0x4
 237 00ab 02       		.uleb128 0x2
 238 00ac 04       		.byte	0x4
 239 00ad 07       		.byte	0x7
 240 00ae B2040000 		.4byte	.LASF15
 241 00b2 06       		.uleb128 0x6
 242 00b3 04       		.byte	0x4
 243 00b4 B8000000 		.4byte	0xb8
ARM GAS  C:\Users\SEANIL~1\AppData\Local\Temp\cchAkzS8.s 			page 8


 244 00b8 02       		.uleb128 0x2
 245 00b9 01       		.byte	0x1
 246 00ba 08       		.byte	0x8
 247 00bb F7060000 		.4byte	.LASF16
 248 00bf 06       		.uleb128 0x6
 249 00c0 04       		.byte	0x4
 250 00c1 C5000000 		.4byte	0xc5
 251 00c5 07       		.uleb128 0x7
 252 00c6 B8000000 		.4byte	0xb8
 253 00ca 03       		.uleb128 0x3
 254 00cb 00080000 		.4byte	.LASF17
 255 00cf 03       		.byte	0x3
 256 00d0 18       		.byte	0x18
 257 00d1 2C000000 		.4byte	0x2c
 258 00d5 03       		.uleb128 0x3
 259 00d6 58010000 		.4byte	.LASF18
 260 00da 03       		.byte	0x3
 261 00db 20       		.byte	0x20
 262 00dc 3E000000 		.4byte	0x3e
 263 00e0 03       		.uleb128 0x3
 264 00e1 F6020000 		.4byte	.LASF19
 265 00e5 03       		.byte	0x3
 266 00e6 24       		.byte	0x24
 267 00e7 50000000 		.4byte	0x50
 268 00eb 03       		.uleb128 0x3
 269 00ec 5C060000 		.4byte	.LASF20
 270 00f0 03       		.byte	0x3
 271 00f1 2C       		.byte	0x2c
 272 00f2 62000000 		.4byte	0x62
 273 00f6 03       		.uleb128 0x3
 274 00f7 CD060000 		.4byte	.LASF21
 275 00fb 03       		.byte	0x3
 276 00fc 30       		.byte	0x30
 277 00fd 74000000 		.4byte	0x74
 278 0101 08       		.uleb128 0x8
 279 0102 F6000000 		.4byte	0xf6
 280 0106 09       		.uleb128 0x9
 281 0107 B8       		.byte	0xb8
 282 0108 04       		.byte	0x4
 283 0109 34       		.byte	0x34
 284 010a 17050000 		.4byte	0x517
 285 010e 0A       		.uleb128 0xa
 286 010f BE000000 		.4byte	.LASF22
 287 0113 04       		.byte	0x4
 288 0114 37       		.byte	0x37
 289 0115 F6000000 		.4byte	0xf6
 290 0119 00       		.byte	0
 291 011a 0A       		.uleb128 0xa
 292 011b A4060000 		.4byte	.LASF23
 293 011f 04       		.byte	0x4
 294 0120 38       		.byte	0x38
 295 0121 F6000000 		.4byte	0xf6
 296 0125 04       		.byte	0x4
 297 0126 0A       		.uleb128 0xa
 298 0127 F6010000 		.4byte	.LASF24
 299 012b 04       		.byte	0x4
 300 012c 39       		.byte	0x39
ARM GAS  C:\Users\SEANIL~1\AppData\Local\Temp\cchAkzS8.s 			page 9


 301 012d F6000000 		.4byte	0xf6
 302 0131 08       		.byte	0x8
 303 0132 0A       		.uleb128 0xa
 304 0133 4E060000 		.4byte	.LASF25
 305 0137 04       		.byte	0x4
 306 0138 3A       		.byte	0x3a
 307 0139 F6000000 		.4byte	0xf6
 308 013d 0C       		.byte	0xc
 309 013e 0A       		.uleb128 0xa
 310 013f 9D010000 		.4byte	.LASF26
 311 0143 04       		.byte	0x4
 312 0144 3B       		.byte	0x3b
 313 0145 F6000000 		.4byte	0xf6
 314 0149 10       		.byte	0x10
 315 014a 0A       		.uleb128 0xa
 316 014b D5010000 		.4byte	.LASF27
 317 014f 04       		.byte	0x4
 318 0150 3C       		.byte	0x3c
 319 0151 F6000000 		.4byte	0xf6
 320 0155 14       		.byte	0x14
 321 0156 0A       		.uleb128 0xa
 322 0157 6E030000 		.4byte	.LASF28
 323 015b 04       		.byte	0x4
 324 015c 3D       		.byte	0x3d
 325 015d F6000000 		.4byte	0xf6
 326 0161 18       		.byte	0x18
 327 0162 0A       		.uleb128 0xa
 328 0163 71000000 		.4byte	.LASF29
 329 0167 04       		.byte	0x4
 330 0168 3E       		.byte	0x3e
 331 0169 F6000000 		.4byte	0xf6
 332 016d 1C       		.byte	0x1c
 333 016e 0A       		.uleb128 0xa
 334 016f A5080000 		.4byte	.LASF30
 335 0173 04       		.byte	0x4
 336 0174 3F       		.byte	0x3f
 337 0175 F6000000 		.4byte	0xf6
 338 0179 20       		.byte	0x20
 339 017a 0A       		.uleb128 0xa
 340 017b 2F050000 		.4byte	.LASF31
 341 017f 04       		.byte	0x4
 342 0180 40       		.byte	0x40
 343 0181 F6000000 		.4byte	0xf6
 344 0185 24       		.byte	0x24
 345 0186 0A       		.uleb128 0xa
 346 0187 84040000 		.4byte	.LASF32
 347 018b 04       		.byte	0x4
 348 018c 43       		.byte	0x43
 349 018d CA000000 		.4byte	0xca
 350 0191 28       		.byte	0x28
 351 0192 0A       		.uleb128 0xa
 352 0193 57000000 		.4byte	.LASF33
 353 0197 04       		.byte	0x4
 354 0198 44       		.byte	0x44
 355 0199 CA000000 		.4byte	0xca
 356 019d 29       		.byte	0x29
 357 019e 0A       		.uleb128 0xa
ARM GAS  C:\Users\SEANIL~1\AppData\Local\Temp\cchAkzS8.s 			page 10


 358 019f 9B080000 		.4byte	.LASF34
 359 01a3 04       		.byte	0x4
 360 01a4 45       		.byte	0x45
 361 01a5 CA000000 		.4byte	0xca
 362 01a9 2A       		.byte	0x2a
 363 01aa 0A       		.uleb128 0xa
 364 01ab 21050000 		.4byte	.LASF35
 365 01af 04       		.byte	0x4
 366 01b0 46       		.byte	0x46
 367 01b1 CA000000 		.4byte	0xca
 368 01b5 2B       		.byte	0x2b
 369 01b6 0A       		.uleb128 0xa
 370 01b7 BE030000 		.4byte	.LASF36
 371 01bb 04       		.byte	0x4
 372 01bc 47       		.byte	0x47
 373 01bd CA000000 		.4byte	0xca
 374 01c1 2C       		.byte	0x2c
 375 01c2 0A       		.uleb128 0xa
 376 01c3 3E070000 		.4byte	.LASF37
 377 01c7 04       		.byte	0x4
 378 01c8 48       		.byte	0x48
 379 01c9 CA000000 		.4byte	0xca
 380 01cd 2D       		.byte	0x2d
 381 01ce 0A       		.uleb128 0xa
 382 01cf A6010000 		.4byte	.LASF38
 383 01d3 04       		.byte	0x4
 384 01d4 49       		.byte	0x49
 385 01d5 CA000000 		.4byte	0xca
 386 01d9 2E       		.byte	0x2e
 387 01da 0A       		.uleb128 0xa
 388 01db 91040000 		.4byte	.LASF39
 389 01df 04       		.byte	0x4
 390 01e0 4A       		.byte	0x4a
 391 01e1 CA000000 		.4byte	0xca
 392 01e5 2F       		.byte	0x2f
 393 01e6 0A       		.uleb128 0xa
 394 01e7 FC060000 		.4byte	.LASF40
 395 01eb 04       		.byte	0x4
 396 01ec 4B       		.byte	0x4b
 397 01ed CA000000 		.4byte	0xca
 398 01f1 30       		.byte	0x30
 399 01f2 0A       		.uleb128 0xa
 400 01f3 63030000 		.4byte	.LASF41
 401 01f7 04       		.byte	0x4
 402 01f8 4E       		.byte	0x4e
 403 01f9 CA000000 		.4byte	0xca
 404 01fd 31       		.byte	0x31
 405 01fe 0A       		.uleb128 0xa
 406 01ff 7A000000 		.4byte	.LASF42
 407 0203 04       		.byte	0x4
 408 0204 4F       		.byte	0x4f
 409 0205 CA000000 		.4byte	0xca
 410 0209 32       		.byte	0x32
 411 020a 0A       		.uleb128 0xa
 412 020b DD020000 		.4byte	.LASF43
 413 020f 04       		.byte	0x4
 414 0210 50       		.byte	0x50
ARM GAS  C:\Users\SEANIL~1\AppData\Local\Temp\cchAkzS8.s 			page 11


 415 0211 CA000000 		.4byte	0xca
 416 0215 33       		.byte	0x33
 417 0216 0A       		.uleb128 0xa
 418 0217 C6040000 		.4byte	.LASF44
 419 021b 04       		.byte	0x4
 420 021c 51       		.byte	0x51
 421 021d CA000000 		.4byte	0xca
 422 0221 34       		.byte	0x34
 423 0222 0A       		.uleb128 0xa
 424 0223 95070000 		.4byte	.LASF45
 425 0227 04       		.byte	0x4
 426 0228 52       		.byte	0x52
 427 0229 D5000000 		.4byte	0xd5
 428 022d 36       		.byte	0x36
 429 022e 0A       		.uleb128 0xa
 430 022f 10020000 		.4byte	.LASF46
 431 0233 04       		.byte	0x4
 432 0234 53       		.byte	0x53
 433 0235 D5000000 		.4byte	0xd5
 434 0239 38       		.byte	0x38
 435 023a 0A       		.uleb128 0xa
 436 023b DB070000 		.4byte	.LASF47
 437 023f 04       		.byte	0x4
 438 0240 54       		.byte	0x54
 439 0241 D5000000 		.4byte	0xd5
 440 0245 3A       		.byte	0x3a
 441 0246 0A       		.uleb128 0xa
 442 0247 C6010000 		.4byte	.LASF48
 443 024b 04       		.byte	0x4
 444 024c 55       		.byte	0x55
 445 024d CA000000 		.4byte	0xca
 446 0251 3C       		.byte	0x3c
 447 0252 0A       		.uleb128 0xa
 448 0253 37020000 		.4byte	.LASF49
 449 0257 04       		.byte	0x4
 450 0258 56       		.byte	0x56
 451 0259 CA000000 		.4byte	0xca
 452 025d 3D       		.byte	0x3d
 453 025e 0A       		.uleb128 0xa
 454 025f AF060000 		.4byte	.LASF50
 455 0263 04       		.byte	0x4
 456 0264 57       		.byte	0x57
 457 0265 CA000000 		.4byte	0xca
 458 0269 3E       		.byte	0x3e
 459 026a 0A       		.uleb128 0xa
 460 026b 65000000 		.4byte	.LASF51
 461 026f 04       		.byte	0x4
 462 0270 58       		.byte	0x58
 463 0271 CA000000 		.4byte	0xca
 464 0275 3F       		.byte	0x3f
 465 0276 0A       		.uleb128 0xa
 466 0277 3A050000 		.4byte	.LASF52
 467 027b 04       		.byte	0x4
 468 027c 59       		.byte	0x59
 469 027d CA000000 		.4byte	0xca
 470 0281 40       		.byte	0x40
 471 0282 0A       		.uleb128 0xa
ARM GAS  C:\Users\SEANIL~1\AppData\Local\Temp\cchAkzS8.s 			page 12


 472 0283 81020000 		.4byte	.LASF53
 473 0287 04       		.byte	0x4
 474 0288 5A       		.byte	0x5a
 475 0289 CA000000 		.4byte	0xca
 476 028d 41       		.byte	0x41
 477 028e 0A       		.uleb128 0xa
 478 028f 36040000 		.4byte	.LASF54
 479 0293 04       		.byte	0x4
 480 0294 5B       		.byte	0x5b
 481 0295 CA000000 		.4byte	0xca
 482 0299 42       		.byte	0x42
 483 029a 0A       		.uleb128 0xa
 484 029b 0D050000 		.4byte	.LASF55
 485 029f 04       		.byte	0x4
 486 02a0 5C       		.byte	0x5c
 487 02a1 CA000000 		.4byte	0xca
 488 02a5 43       		.byte	0x43
 489 02a6 0A       		.uleb128 0xa
 490 02a7 FF010000 		.4byte	.LASF56
 491 02ab 04       		.byte	0x4
 492 02ac 5D       		.byte	0x5d
 493 02ad CA000000 		.4byte	0xca
 494 02b1 44       		.byte	0x44
 495 02b2 0A       		.uleb128 0xa
 496 02b3 00000000 		.4byte	.LASF57
 497 02b7 04       		.byte	0x4
 498 02b8 5E       		.byte	0x5e
 499 02b9 F6000000 		.4byte	0xf6
 500 02bd 48       		.byte	0x48
 501 02be 0A       		.uleb128 0xa
 502 02bf E8010000 		.4byte	.LASF58
 503 02c3 04       		.byte	0x4
 504 02c4 5F       		.byte	0x5f
 505 02c5 F6000000 		.4byte	0xf6
 506 02c9 4C       		.byte	0x4c
 507 02ca 0A       		.uleb128 0xa
 508 02cb DB080000 		.4byte	.LASF59
 509 02cf 04       		.byte	0x4
 510 02d0 60       		.byte	0x60
 511 02d1 CA000000 		.4byte	0xca
 512 02d5 50       		.byte	0x50
 513 02d6 0A       		.uleb128 0xa
 514 02d7 32010000 		.4byte	.LASF60
 515 02db 04       		.byte	0x4
 516 02dc 61       		.byte	0x61
 517 02dd CA000000 		.4byte	0xca
 518 02e1 51       		.byte	0x51
 519 02e2 0A       		.uleb128 0xa
 520 02e3 F0070000 		.4byte	.LASF61
 521 02e7 04       		.byte	0x4
 522 02e8 62       		.byte	0x62
 523 02e9 CA000000 		.4byte	0xca
 524 02ed 52       		.byte	0x52
 525 02ee 0A       		.uleb128 0xa
 526 02ef 4B070000 		.4byte	.LASF62
 527 02f3 04       		.byte	0x4
 528 02f4 63       		.byte	0x63
ARM GAS  C:\Users\SEANIL~1\AppData\Local\Temp\cchAkzS8.s 			page 13


 529 02f5 CA000000 		.4byte	0xca
 530 02f9 53       		.byte	0x53
 531 02fa 0A       		.uleb128 0xa
 532 02fb BD060000 		.4byte	.LASF63
 533 02ff 04       		.byte	0x4
 534 0300 64       		.byte	0x64
 535 0301 CA000000 		.4byte	0xca
 536 0305 54       		.byte	0x54
 537 0306 0A       		.uleb128 0xa
 538 0307 44010000 		.4byte	.LASF64
 539 030b 04       		.byte	0x4
 540 030c 65       		.byte	0x65
 541 030d CA000000 		.4byte	0xca
 542 0311 55       		.byte	0x55
 543 0312 0A       		.uleb128 0xa
 544 0313 11030000 		.4byte	.LASF65
 545 0317 04       		.byte	0x4
 546 0318 66       		.byte	0x66
 547 0319 CA000000 		.4byte	0xca
 548 031d 56       		.byte	0x56
 549 031e 0A       		.uleb128 0xa
 550 031f 77030000 		.4byte	.LASF66
 551 0323 04       		.byte	0x4
 552 0324 67       		.byte	0x67
 553 0325 CA000000 		.4byte	0xca
 554 0329 57       		.byte	0x57
 555 032a 0A       		.uleb128 0xa
 556 032b 1C000000 		.4byte	.LASF67
 557 032f 04       		.byte	0x4
 558 0330 68       		.byte	0x68
 559 0331 CA000000 		.4byte	0xca
 560 0335 58       		.byte	0x58
 561 0336 0A       		.uleb128 0xa
 562 0337 72060000 		.4byte	.LASF68
 563 033b 04       		.byte	0x4
 564 033c 69       		.byte	0x69
 565 033d CA000000 		.4byte	0xca
 566 0341 59       		.byte	0x59
 567 0342 0A       		.uleb128 0xa
 568 0343 BB040000 		.4byte	.LASF69
 569 0347 04       		.byte	0x4
 570 0348 6E       		.byte	0x6e
 571 0349 E0000000 		.4byte	0xe0
 572 034d 5A       		.byte	0x5a
 573 034e 0A       		.uleb128 0xa
 574 034f 7E070000 		.4byte	.LASF70
 575 0353 04       		.byte	0x4
 576 0354 6F       		.byte	0x6f
 577 0355 E0000000 		.4byte	0xe0
 578 0359 5C       		.byte	0x5c
 579 035a 0A       		.uleb128 0xa
 580 035b C8000000 		.4byte	.LASF71
 581 035f 04       		.byte	0x4
 582 0360 70       		.byte	0x70
 583 0361 CA000000 		.4byte	0xca
 584 0365 5E       		.byte	0x5e
 585 0366 0A       		.uleb128 0xa
ARM GAS  C:\Users\SEANIL~1\AppData\Local\Temp\cchAkzS8.s 			page 14


 586 0367 27060000 		.4byte	.LASF72
 587 036b 04       		.byte	0x4
 588 036c 71       		.byte	0x71
 589 036d CA000000 		.4byte	0xca
 590 0371 5F       		.byte	0x5f
 591 0372 0A       		.uleb128 0xa
 592 0373 FC040000 		.4byte	.LASF73
 593 0377 04       		.byte	0x4
 594 0378 72       		.byte	0x72
 595 0379 CA000000 		.4byte	0xca
 596 037d 60       		.byte	0x60
 597 037e 0A       		.uleb128 0xa
 598 037f 00060000 		.4byte	.LASF74
 599 0383 04       		.byte	0x4
 600 0384 73       		.byte	0x73
 601 0385 F6000000 		.4byte	0xf6
 602 0389 64       		.byte	0x64
 603 038a 0A       		.uleb128 0xa
 604 038b EE000000 		.4byte	.LASF75
 605 038f 04       		.byte	0x4
 606 0390 76       		.byte	0x76
 607 0391 E0000000 		.4byte	0xe0
 608 0395 68       		.byte	0x68
 609 0396 0A       		.uleb128 0xa
 610 0397 FF020000 		.4byte	.LASF76
 611 039b 04       		.byte	0x4
 612 039c 77       		.byte	0x77
 613 039d E0000000 		.4byte	0xe0
 614 03a1 6A       		.byte	0x6a
 615 03a2 0A       		.uleb128 0xa
 616 03a3 8B030000 		.4byte	.LASF77
 617 03a7 04       		.byte	0x4
 618 03a8 78       		.byte	0x78
 619 03a9 E0000000 		.4byte	0xe0
 620 03ad 6C       		.byte	0x6c
 621 03ae 0A       		.uleb128 0xa
 622 03af B1030000 		.4byte	.LASF78
 623 03b3 04       		.byte	0x4
 624 03b4 79       		.byte	0x79
 625 03b5 E0000000 		.4byte	0xe0
 626 03b9 6E       		.byte	0x6e
 627 03ba 0A       		.uleb128 0xa
 628 03bb 90060000 		.4byte	.LASF79
 629 03bf 04       		.byte	0x4
 630 03c0 7B       		.byte	0x7b
 631 03c1 CA000000 		.4byte	0xca
 632 03c5 70       		.byte	0x70
 633 03c6 0A       		.uleb128 0xa
 634 03c7 7A010000 		.4byte	.LASF80
 635 03cb 04       		.byte	0x4
 636 03cc 7C       		.byte	0x7c
 637 03cd CA000000 		.4byte	0xca
 638 03d1 71       		.byte	0x71
 639 03d2 0A       		.uleb128 0xa
 640 03d3 AD080000 		.4byte	.LASF81
 641 03d7 04       		.byte	0x4
 642 03d8 7D       		.byte	0x7d
ARM GAS  C:\Users\SEANIL~1\AppData\Local\Temp\cchAkzS8.s 			page 15


 643 03d9 CA000000 		.4byte	0xca
 644 03dd 72       		.byte	0x72
 645 03de 0A       		.uleb128 0xa
 646 03df D7040000 		.4byte	.LASF82
 647 03e3 04       		.byte	0x4
 648 03e4 7E       		.byte	0x7e
 649 03e5 CA000000 		.4byte	0xca
 650 03e9 73       		.byte	0x73
 651 03ea 0A       		.uleb128 0xa
 652 03eb 50020000 		.4byte	.LASF83
 653 03ef 04       		.byte	0x4
 654 03f0 80       		.byte	0x80
 655 03f1 E0000000 		.4byte	0xe0
 656 03f5 74       		.byte	0x74
 657 03f6 0A       		.uleb128 0xa
 658 03f7 21070000 		.4byte	.LASF84
 659 03fb 04       		.byte	0x4
 660 03fc 81       		.byte	0x81
 661 03fd E0000000 		.4byte	0xe0
 662 0401 76       		.byte	0x76
 663 0402 0A       		.uleb128 0xa
 664 0403 22020000 		.4byte	.LASF85
 665 0407 04       		.byte	0x4
 666 0408 82       		.byte	0x82
 667 0409 E0000000 		.4byte	0xe0
 668 040d 78       		.byte	0x78
 669 040e 0A       		.uleb128 0xa
 670 040f 92000000 		.4byte	.LASF86
 671 0413 04       		.byte	0x4
 672 0414 83       		.byte	0x83
 673 0415 E0000000 		.4byte	0xe0
 674 0419 7A       		.byte	0x7a
 675 041a 0A       		.uleb128 0xa
 676 041b 1D080000 		.4byte	.LASF87
 677 041f 04       		.byte	0x4
 678 0420 86       		.byte	0x86
 679 0421 CA000000 		.4byte	0xca
 680 0425 7C       		.byte	0x7c
 681 0426 0A       		.uleb128 0xa
 682 0427 A2070000 		.4byte	.LASF88
 683 042b 04       		.byte	0x4
 684 042c 87       		.byte	0x87
 685 042d CA000000 		.4byte	0xca
 686 0431 7D       		.byte	0x7d
 687 0432 0A       		.uleb128 0xa
 688 0433 30000000 		.4byte	.LASF89
 689 0437 04       		.byte	0x4
 690 0438 88       		.byte	0x88
 691 0439 CA000000 		.4byte	0xca
 692 043d 7E       		.byte	0x7e
 693 043e 0A       		.uleb128 0xa
 694 043f 62020000 		.4byte	.LASF90
 695 0443 04       		.byte	0x4
 696 0444 89       		.byte	0x89
 697 0445 CA000000 		.4byte	0xca
 698 0449 7F       		.byte	0x7f
 699 044a 0A       		.uleb128 0xa
ARM GAS  C:\Users\SEANIL~1\AppData\Local\Temp\cchAkzS8.s 			page 16


 700 044b C9020000 		.4byte	.LASF91
 701 044f 04       		.byte	0x4
 702 0450 8A       		.byte	0x8a
 703 0451 CA000000 		.4byte	0xca
 704 0455 80       		.byte	0x80
 705 0456 0A       		.uleb128 0xa
 706 0457 66040000 		.4byte	.LASF92
 707 045b 04       		.byte	0x4
 708 045c 8D       		.byte	0x8d
 709 045d F6000000 		.4byte	0xf6
 710 0461 84       		.byte	0x84
 711 0462 0A       		.uleb128 0xa
 712 0463 A7000000 		.4byte	.LASF93
 713 0467 04       		.byte	0x4
 714 0468 8E       		.byte	0x8e
 715 0469 F6000000 		.4byte	0xf6
 716 046d 88       		.byte	0x88
 717 046e 0A       		.uleb128 0xa
 718 046f 08080000 		.4byte	.LASF94
 719 0473 04       		.byte	0x4
 720 0474 8F       		.byte	0x8f
 721 0475 F6000000 		.4byte	0xf6
 722 0479 8C       		.byte	0x8c
 723 047a 0A       		.uleb128 0xa
 724 047b 9D040000 		.4byte	.LASF95
 725 047f 04       		.byte	0x4
 726 0480 90       		.byte	0x90
 727 0481 F6000000 		.4byte	0xf6
 728 0485 90       		.byte	0x90
 729 0486 0A       		.uleb128 0xa
 730 0487 AA020000 		.4byte	.LASF96
 731 048b 04       		.byte	0x4
 732 048c 91       		.byte	0x91
 733 048d F6000000 		.4byte	0xf6
 734 0491 94       		.byte	0x94
 735 0492 0A       		.uleb128 0xa
 736 0493 50040000 		.4byte	.LASF97
 737 0497 04       		.byte	0x4
 738 0498 92       		.byte	0x92
 739 0499 F6000000 		.4byte	0xf6
 740 049d 98       		.byte	0x98
 741 049e 0A       		.uleb128 0xa
 742 049f 40080000 		.4byte	.LASF98
 743 04a3 04       		.byte	0x4
 744 04a4 93       		.byte	0x93
 745 04a5 F6000000 		.4byte	0xf6
 746 04a9 9C       		.byte	0x9c
 747 04aa 0A       		.uleb128 0xa
 748 04ab 08010000 		.4byte	.LASF99
 749 04af 04       		.byte	0x4
 750 04b0 94       		.byte	0x94
 751 04b1 F6000000 		.4byte	0xf6
 752 04b5 A0       		.byte	0xa0
 753 04b6 0A       		.uleb128 0xa
 754 04b7 B1010000 		.4byte	.LASF100
 755 04bb 04       		.byte	0x4
 756 04bc 95       		.byte	0x95
ARM GAS  C:\Users\SEANIL~1\AppData\Local\Temp\cchAkzS8.s 			page 17


 757 04bd E0000000 		.4byte	0xe0
 758 04c1 A4       		.byte	0xa4
 759 04c2 0A       		.uleb128 0xa
 760 04c3 D6060000 		.4byte	.LASF101
 761 04c7 04       		.byte	0x4
 762 04c8 96       		.byte	0x96
 763 04c9 E0000000 		.4byte	0xe0
 764 04cd A6       		.byte	0xa6
 765 04ce 0A       		.uleb128 0xa
 766 04cf 1B060000 		.4byte	.LASF102
 767 04d3 04       		.byte	0x4
 768 04d4 97       		.byte	0x97
 769 04d5 E0000000 		.4byte	0xe0
 770 04d9 A8       		.byte	0xa8
 771 04da 0A       		.uleb128 0xa
 772 04db 08070000 		.4byte	.LASF103
 773 04df 04       		.byte	0x4
 774 04e0 98       		.byte	0x98
 775 04e1 E0000000 		.4byte	0xe0
 776 04e5 AA       		.byte	0xaa
 777 04e6 0A       		.uleb128 0xa
 778 04e7 9A030000 		.4byte	.LASF104
 779 04eb 04       		.byte	0x4
 780 04ec 99       		.byte	0x99
 781 04ed E0000000 		.4byte	0xe0
 782 04f1 AC       		.byte	0xac
 783 04f2 0A       		.uleb128 0xa
 784 04f3 EE040000 		.4byte	.LASF105
 785 04f7 04       		.byte	0x4
 786 04f8 9A       		.byte	0x9a
 787 04f9 E0000000 		.4byte	0xe0
 788 04fd AE       		.byte	0xae
 789 04fe 0A       		.uleb128 0xa
 790 04ff 87070000 		.4byte	.LASF106
 791 0503 04       		.byte	0x4
 792 0504 9D       		.byte	0x9d
 793 0505 E0000000 		.4byte	0xe0
 794 0509 B0       		.byte	0xb0
 795 050a 0A       		.uleb128 0xa
 796 050b 43000000 		.4byte	.LASF107
 797 050f 04       		.byte	0x4
 798 0510 9E       		.byte	0x9e
 799 0511 F6000000 		.4byte	0xf6
 800 0515 B4       		.byte	0xb4
 801 0516 00       		.byte	0
 802 0517 03       		.uleb128 0x3
 803 0518 D0030000 		.4byte	.LASF108
 804 051c 04       		.byte	0x4
 805 051d 9F       		.byte	0x9f
 806 051e 06010000 		.4byte	0x106
 807 0522 02       		.uleb128 0x2
 808 0523 04       		.byte	0x4
 809 0524 04       		.byte	0x4
 810 0525 FA050000 		.4byte	.LASF109
 811 0529 02       		.uleb128 0x2
 812 052a 08       		.byte	0x8
 813 052b 04       		.byte	0x4
ARM GAS  C:\Users\SEANIL~1\AppData\Local\Temp\cchAkzS8.s 			page 18


 814 052c 1B020000 		.4byte	.LASF110
 815 0530 02       		.uleb128 0x2
 816 0531 01       		.byte	0x1
 817 0532 02       		.byte	0x2
 818 0533 56060000 		.4byte	.LASF111
 819 0537 06       		.uleb128 0x6
 820 0538 04       		.byte	0x4
 821 0539 3D050000 		.4byte	0x53d
 822 053d 0B       		.uleb128 0xb
 823 053e 48050000 		.4byte	0x548
 824 0542 0C       		.uleb128 0xc
 825 0543 F6000000 		.4byte	0xf6
 826 0547 00       		.byte	0
 827 0548 0D       		.uleb128 0xd
 828 0549 37030000 		.4byte	.LASF112
 829 054d 05       		.byte	0x5
 830 054e D901     		.2byte	0x1d9
 831 0550 37050000 		.4byte	0x537
 832 0554 0E       		.uleb128 0xe
 833 0555 C3080000 		.4byte	.LASF139
 834 0559 38       		.byte	0x38
 835 055a 05       		.byte	0x5
 836 055b 7502     		.2byte	0x275
 837 055d 18060000 		.4byte	0x618
 838 0561 0F       		.uleb128 0xf
 839 0562 56080000 		.4byte	.LASF113
 840 0566 05       		.byte	0x5
 841 0567 7802     		.2byte	0x278
 842 0569 01010000 		.4byte	0x101
 843 056d 00       		.byte	0
 844 056e 0F       		.uleb128 0xf
 845 056f 18050000 		.4byte	.LASF114
 846 0573 05       		.byte	0x5
 847 0574 7902     		.2byte	0x279
 848 0576 01010000 		.4byte	0x101
 849 057a 04       		.byte	0x4
 850 057b 0F       		.uleb128 0xf
 851 057c FE000000 		.4byte	.LASF115
 852 0580 05       		.byte	0x5
 853 0581 7B02     		.2byte	0x27b
 854 0583 A9000000 		.4byte	0xa9
 855 0587 08       		.byte	0x8
 856 0588 0F       		.uleb128 0xf
 857 0589 5D070000 		.4byte	.LASF116
 858 058d 05       		.byte	0x5
 859 058e 7C02     		.2byte	0x27c
 860 0590 F6000000 		.4byte	0xf6
 861 0594 0C       		.byte	0xc
 862 0595 0F       		.uleb128 0xf
 863 0596 42040000 		.4byte	.LASF117
 864 059a 05       		.byte	0x5
 865 059b 7D02     		.2byte	0x27d
 866 059d 01010000 		.4byte	0x101
 867 05a1 10       		.byte	0x10
 868 05a2 0F       		.uleb128 0xf
 869 05a3 32080000 		.4byte	.LASF118
 870 05a7 05       		.byte	0x5
ARM GAS  C:\Users\SEANIL~1\AppData\Local\Temp\cchAkzS8.s 			page 19


 871 05a8 7E02     		.2byte	0x27e
 872 05aa 01010000 		.4byte	0x101
 873 05ae 14       		.byte	0x14
 874 05af 0F       		.uleb128 0xf
 875 05b0 BB070000 		.4byte	.LASF119
 876 05b4 05       		.byte	0x5
 877 05b5 8002     		.2byte	0x280
 878 05b7 A9000000 		.4byte	0xa9
 879 05bb 18       		.byte	0x18
 880 05bc 0F       		.uleb128 0xf
 881 05bd 12000000 		.4byte	.LASF120
 882 05c1 05       		.byte	0x5
 883 05c2 8102     		.2byte	0x281
 884 05c4 F6000000 		.4byte	0xf6
 885 05c8 1C       		.byte	0x1c
 886 05c9 0F       		.uleb128 0xf
 887 05ca 9B020000 		.4byte	.LASF121
 888 05ce 05       		.byte	0x5
 889 05cf 8202     		.2byte	0x282
 890 05d1 01010000 		.4byte	0x101
 891 05d5 20       		.byte	0x20
 892 05d6 0F       		.uleb128 0xf
 893 05d7 CA030000 		.4byte	.LASF122
 894 05db 05       		.byte	0x5
 895 05dc 8402     		.2byte	0x284
 896 05de A9000000 		.4byte	0xa9
 897 05e2 24       		.byte	0x24
 898 05e3 0F       		.uleb128 0xf
 899 05e4 BF020000 		.4byte	.LASF123
 900 05e8 05       		.byte	0x5
 901 05e9 8502     		.2byte	0x285
 902 05eb F6000000 		.4byte	0xf6
 903 05ef 28       		.byte	0x28
 904 05f0 0F       		.uleb128 0xf
 905 05f1 3D060000 		.4byte	.LASF124
 906 05f5 05       		.byte	0x5
 907 05f6 8602     		.2byte	0x286
 908 05f8 01010000 		.4byte	0x101
 909 05fc 2C       		.byte	0x2c
 910 05fd 0F       		.uleb128 0xf
 911 05fe A8030000 		.4byte	.LASF125
 912 0602 05       		.byte	0x5
 913 0603 8B02     		.2byte	0x28b
 914 0605 48050000 		.4byte	0x548
 915 0609 30       		.byte	0x30
 916 060a 0F       		.uleb128 0xf
 917 060b B3070000 		.4byte	.LASF126
 918 060f 05       		.byte	0x5
 919 0610 8E02     		.2byte	0x28e
 920 0612 F6000000 		.4byte	0xf6
 921 0616 34       		.byte	0x34
 922 0617 00       		.byte	0
 923 0618 0D       		.uleb128 0xd
 924 0619 C1070000 		.4byte	.LASF127
 925 061d 05       		.byte	0x5
 926 061e 9102     		.2byte	0x291
 927 0620 54050000 		.4byte	0x554
ARM GAS  C:\Users\SEANIL~1\AppData\Local\Temp\cchAkzS8.s 			page 20


 928 0624 10       		.uleb128 0x10
 929 0625 7D040000 		.4byte	.LASF128
 930 0629 01       		.byte	0x1
 931 062a 4F       		.byte	0x4f
 932 062b 94000000 		.4byte	0x94
 933 062f 00000000 		.4byte	.LFB481
 934 0633 22000000 		.4byte	.LFE481-.LFB481
 935 0637 01       		.uleb128 0x1
 936 0638 9C       		.byte	0x9c
 937 0639 82060000 		.4byte	0x682
 938 063d 11       		.uleb128 0x11
 939 063e 666400   		.ascii	"fd\000"
 940 0641 01       		.byte	0x1
 941 0642 4F       		.byte	0x4f
 942 0643 94000000 		.4byte	0x94
 943 0647 00000000 		.4byte	.LLST0
 944 064b 11       		.uleb128 0x11
 945 064c 70747200 		.ascii	"ptr\000"
 946 0650 01       		.byte	0x1
 947 0651 4F       		.byte	0x4f
 948 0652 BF000000 		.4byte	0xbf
 949 0656 3A000000 		.4byte	.LLST1
 950 065a 11       		.uleb128 0x11
 951 065b 6C656E00 		.ascii	"len\000"
 952 065f 01       		.byte	0x1
 953 0660 4F       		.byte	0x4f
 954 0661 94000000 		.4byte	0x94
 955 0665 86000000 		.4byte	.LLST2
 956 0669 12       		.uleb128 0x12
 957 066a 2B010000 		.4byte	.LASF130
 958 066e 01       		.byte	0x1
 959 066f 51       		.byte	0x51
 960 0670 94000000 		.4byte	0x94
 961 0674 C8000000 		.4byte	.LLST3
 962 0678 13       		.uleb128 0x13
 963 0679 10000000 		.4byte	.LVL4
 964 067d 12070000 		.4byte	0x712
 965 0681 00       		.byte	0
 966 0682 10       		.uleb128 0x10
 967 0683 A4020000 		.4byte	.LASF129
 968 0687 01       		.byte	0x1
 969 0688 85       		.byte	0x85
 970 0689 94000000 		.4byte	0x94
 971 068d 00000000 		.4byte	.LFB482
 972 0691 2C000000 		.4byte	.LFE482-.LFB482
 973 0695 01       		.uleb128 0x1
 974 0696 9C       		.byte	0x9c
 975 0697 E0060000 		.4byte	0x6e0
 976 069b 11       		.uleb128 0x11
 977 069c 666400   		.ascii	"fd\000"
 978 069f 01       		.byte	0x1
 979 06a0 85       		.byte	0x85
 980 06a1 94000000 		.4byte	0x94
 981 06a5 FE000000 		.4byte	.LLST4
 982 06a9 11       		.uleb128 0x11
 983 06aa 70747200 		.ascii	"ptr\000"
 984 06ae 01       		.byte	0x1
ARM GAS  C:\Users\SEANIL~1\AppData\Local\Temp\cchAkzS8.s 			page 21


 985 06af 85       		.byte	0x85
 986 06b0 B2000000 		.4byte	0xb2
 987 06b4 38010000 		.4byte	.LLST5
 988 06b8 11       		.uleb128 0x11
 989 06b9 6C656E00 		.ascii	"len\000"
 990 06bd 01       		.byte	0x1
 991 06be 85       		.byte	0x85
 992 06bf 94000000 		.4byte	0x94
 993 06c3 6C010000 		.4byte	.LLST6
 994 06c7 12       		.uleb128 0x12
 995 06c8 2B010000 		.4byte	.LASF130
 996 06cc 01       		.byte	0x1
 997 06cd 87       		.byte	0x87
 998 06ce 94000000 		.4byte	0x94
 999 06d2 AE010000 		.4byte	.LLST7
 1000 06d6 13       		.uleb128 0x13
 1001 06d7 0C000000 		.4byte	.LVL12
 1002 06db 1D070000 		.4byte	0x71d
 1003 06df 00       		.byte	0
 1004 06e0 14       		.uleb128 0x14
 1005 06e1 1E010000 		.4byte	.LASF131
 1006 06e5 06       		.byte	0x6
 1007 06e6 F907     		.2byte	0x7f9
 1008 06e8 EC060000 		.4byte	0x6ec
 1009 06ec 08       		.uleb128 0x8
 1010 06ed EB000000 		.4byte	0xeb
 1011 06f1 15       		.uleb128 0x15
 1012 06f2 11060000 		.4byte	.LASF132
 1013 06f6 04       		.byte	0x4
 1014 06f7 A7       		.byte	0xa7
 1015 06f8 FC060000 		.4byte	0x6fc
 1016 06fc 06       		.uleb128 0x6
 1017 06fd 04       		.byte	0x4
 1018 06fe 02070000 		.4byte	0x702
 1019 0702 07       		.uleb128 0x7
 1020 0703 17050000 		.4byte	0x517
 1021 0707 15       		.uleb128 0x15
 1022 0708 56030000 		.4byte	.LASF133
 1023 070c 07       		.byte	0x7
 1024 070d 87       		.byte	0x87
 1025 070e 18060000 		.4byte	0x618
 1026 0712 16       		.uleb128 0x16
 1027 0713 42020000 		.4byte	.LASF134
 1028 0717 42020000 		.4byte	.LASF134
 1029 071b 08       		.byte	0x8
 1030 071c B9       		.byte	0xb9
 1031 071d 16       		.uleb128 0x16
 1032 071e 8F010000 		.4byte	.LASF135
 1033 0722 8F010000 		.4byte	.LASF135
 1034 0726 08       		.byte	0x8
 1035 0727 BD       		.byte	0xbd
 1036 0728 00       		.byte	0
 1037              		.section	.debug_abbrev,"",%progbits
 1038              	.Ldebug_abbrev0:
 1039 0000 01       		.uleb128 0x1
 1040 0001 11       		.uleb128 0x11
 1041 0002 01       		.byte	0x1
ARM GAS  C:\Users\SEANIL~1\AppData\Local\Temp\cchAkzS8.s 			page 22


 1042 0003 25       		.uleb128 0x25
 1043 0004 0E       		.uleb128 0xe
 1044 0005 13       		.uleb128 0x13
 1045 0006 0B       		.uleb128 0xb
 1046 0007 03       		.uleb128 0x3
 1047 0008 0E       		.uleb128 0xe
 1048 0009 1B       		.uleb128 0x1b
 1049 000a 0E       		.uleb128 0xe
 1050 000b 55       		.uleb128 0x55
 1051 000c 17       		.uleb128 0x17
 1052 000d 11       		.uleb128 0x11
 1053 000e 01       		.uleb128 0x1
 1054 000f 10       		.uleb128 0x10
 1055 0010 17       		.uleb128 0x17
 1056 0011 00       		.byte	0
 1057 0012 00       		.byte	0
 1058 0013 02       		.uleb128 0x2
 1059 0014 24       		.uleb128 0x24
 1060 0015 00       		.byte	0
 1061 0016 0B       		.uleb128 0xb
 1062 0017 0B       		.uleb128 0xb
 1063 0018 3E       		.uleb128 0x3e
 1064 0019 0B       		.uleb128 0xb
 1065 001a 03       		.uleb128 0x3
 1066 001b 0E       		.uleb128 0xe
 1067 001c 00       		.byte	0
 1068 001d 00       		.byte	0
 1069 001e 03       		.uleb128 0x3
 1070 001f 16       		.uleb128 0x16
 1071 0020 00       		.byte	0
 1072 0021 03       		.uleb128 0x3
 1073 0022 0E       		.uleb128 0xe
 1074 0023 3A       		.uleb128 0x3a
 1075 0024 0B       		.uleb128 0xb
 1076 0025 3B       		.uleb128 0x3b
 1077 0026 0B       		.uleb128 0xb
 1078 0027 49       		.uleb128 0x49
 1079 0028 13       		.uleb128 0x13
 1080 0029 00       		.byte	0
 1081 002a 00       		.byte	0
 1082 002b 04       		.uleb128 0x4
 1083 002c 24       		.uleb128 0x24
 1084 002d 00       		.byte	0
 1085 002e 0B       		.uleb128 0xb
 1086 002f 0B       		.uleb128 0xb
 1087 0030 3E       		.uleb128 0x3e
 1088 0031 0B       		.uleb128 0xb
 1089 0032 03       		.uleb128 0x3
 1090 0033 08       		.uleb128 0x8
 1091 0034 00       		.byte	0
 1092 0035 00       		.byte	0
 1093 0036 05       		.uleb128 0x5
 1094 0037 0F       		.uleb128 0xf
 1095 0038 00       		.byte	0
 1096 0039 0B       		.uleb128 0xb
 1097 003a 0B       		.uleb128 0xb
 1098 003b 00       		.byte	0
ARM GAS  C:\Users\SEANIL~1\AppData\Local\Temp\cchAkzS8.s 			page 23


 1099 003c 00       		.byte	0
 1100 003d 06       		.uleb128 0x6
 1101 003e 0F       		.uleb128 0xf
 1102 003f 00       		.byte	0
 1103 0040 0B       		.uleb128 0xb
 1104 0041 0B       		.uleb128 0xb
 1105 0042 49       		.uleb128 0x49
 1106 0043 13       		.uleb128 0x13
 1107 0044 00       		.byte	0
 1108 0045 00       		.byte	0
 1109 0046 07       		.uleb128 0x7
 1110 0047 26       		.uleb128 0x26
 1111 0048 00       		.byte	0
 1112 0049 49       		.uleb128 0x49
 1113 004a 13       		.uleb128 0x13
 1114 004b 00       		.byte	0
 1115 004c 00       		.byte	0
 1116 004d 08       		.uleb128 0x8
 1117 004e 35       		.uleb128 0x35
 1118 004f 00       		.byte	0
 1119 0050 49       		.uleb128 0x49
 1120 0051 13       		.uleb128 0x13
 1121 0052 00       		.byte	0
 1122 0053 00       		.byte	0
 1123 0054 09       		.uleb128 0x9
 1124 0055 13       		.uleb128 0x13
 1125 0056 01       		.byte	0x1
 1126 0057 0B       		.uleb128 0xb
 1127 0058 0B       		.uleb128 0xb
 1128 0059 3A       		.uleb128 0x3a
 1129 005a 0B       		.uleb128 0xb
 1130 005b 3B       		.uleb128 0x3b
 1131 005c 0B       		.uleb128 0xb
 1132 005d 01       		.uleb128 0x1
 1133 005e 13       		.uleb128 0x13
 1134 005f 00       		.byte	0
 1135 0060 00       		.byte	0
 1136 0061 0A       		.uleb128 0xa
 1137 0062 0D       		.uleb128 0xd
 1138 0063 00       		.byte	0
 1139 0064 03       		.uleb128 0x3
 1140 0065 0E       		.uleb128 0xe
 1141 0066 3A       		.uleb128 0x3a
 1142 0067 0B       		.uleb128 0xb
 1143 0068 3B       		.uleb128 0x3b
 1144 0069 0B       		.uleb128 0xb
 1145 006a 49       		.uleb128 0x49
 1146 006b 13       		.uleb128 0x13
 1147 006c 38       		.uleb128 0x38
 1148 006d 0B       		.uleb128 0xb
 1149 006e 00       		.byte	0
 1150 006f 00       		.byte	0
 1151 0070 0B       		.uleb128 0xb
 1152 0071 15       		.uleb128 0x15
 1153 0072 01       		.byte	0x1
 1154 0073 27       		.uleb128 0x27
 1155 0074 19       		.uleb128 0x19
ARM GAS  C:\Users\SEANIL~1\AppData\Local\Temp\cchAkzS8.s 			page 24


 1156 0075 01       		.uleb128 0x1
 1157 0076 13       		.uleb128 0x13
 1158 0077 00       		.byte	0
 1159 0078 00       		.byte	0
 1160 0079 0C       		.uleb128 0xc
 1161 007a 05       		.uleb128 0x5
 1162 007b 00       		.byte	0
 1163 007c 49       		.uleb128 0x49
 1164 007d 13       		.uleb128 0x13
 1165 007e 00       		.byte	0
 1166 007f 00       		.byte	0
 1167 0080 0D       		.uleb128 0xd
 1168 0081 16       		.uleb128 0x16
 1169 0082 00       		.byte	0
 1170 0083 03       		.uleb128 0x3
 1171 0084 0E       		.uleb128 0xe
 1172 0085 3A       		.uleb128 0x3a
 1173 0086 0B       		.uleb128 0xb
 1174 0087 3B       		.uleb128 0x3b
 1175 0088 05       		.uleb128 0x5
 1176 0089 49       		.uleb128 0x49
 1177 008a 13       		.uleb128 0x13
 1178 008b 00       		.byte	0
 1179 008c 00       		.byte	0
 1180 008d 0E       		.uleb128 0xe
 1181 008e 13       		.uleb128 0x13
 1182 008f 01       		.byte	0x1
 1183 0090 03       		.uleb128 0x3
 1184 0091 0E       		.uleb128 0xe
 1185 0092 0B       		.uleb128 0xb
 1186 0093 0B       		.uleb128 0xb
 1187 0094 3A       		.uleb128 0x3a
 1188 0095 0B       		.uleb128 0xb
 1189 0096 3B       		.uleb128 0x3b
 1190 0097 05       		.uleb128 0x5
 1191 0098 01       		.uleb128 0x1
 1192 0099 13       		.uleb128 0x13
 1193 009a 00       		.byte	0
 1194 009b 00       		.byte	0
 1195 009c 0F       		.uleb128 0xf
 1196 009d 0D       		.uleb128 0xd
 1197 009e 00       		.byte	0
 1198 009f 03       		.uleb128 0x3
 1199 00a0 0E       		.uleb128 0xe
 1200 00a1 3A       		.uleb128 0x3a
 1201 00a2 0B       		.uleb128 0xb
 1202 00a3 3B       		.uleb128 0x3b
 1203 00a4 05       		.uleb128 0x5
 1204 00a5 49       		.uleb128 0x49
 1205 00a6 13       		.uleb128 0x13
 1206 00a7 38       		.uleb128 0x38
 1207 00a8 0B       		.uleb128 0xb
 1208 00a9 00       		.byte	0
 1209 00aa 00       		.byte	0
 1210 00ab 10       		.uleb128 0x10
 1211 00ac 2E       		.uleb128 0x2e
 1212 00ad 01       		.byte	0x1
ARM GAS  C:\Users\SEANIL~1\AppData\Local\Temp\cchAkzS8.s 			page 25


 1213 00ae 3F       		.uleb128 0x3f
 1214 00af 19       		.uleb128 0x19
 1215 00b0 03       		.uleb128 0x3
 1216 00b1 0E       		.uleb128 0xe
 1217 00b2 3A       		.uleb128 0x3a
 1218 00b3 0B       		.uleb128 0xb
 1219 00b4 3B       		.uleb128 0x3b
 1220 00b5 0B       		.uleb128 0xb
 1221 00b6 27       		.uleb128 0x27
 1222 00b7 19       		.uleb128 0x19
 1223 00b8 49       		.uleb128 0x49
 1224 00b9 13       		.uleb128 0x13
 1225 00ba 11       		.uleb128 0x11
 1226 00bb 01       		.uleb128 0x1
 1227 00bc 12       		.uleb128 0x12
 1228 00bd 06       		.uleb128 0x6
 1229 00be 40       		.uleb128 0x40
 1230 00bf 18       		.uleb128 0x18
 1231 00c0 9742     		.uleb128 0x2117
 1232 00c2 19       		.uleb128 0x19
 1233 00c3 01       		.uleb128 0x1
 1234 00c4 13       		.uleb128 0x13
 1235 00c5 00       		.byte	0
 1236 00c6 00       		.byte	0
 1237 00c7 11       		.uleb128 0x11
 1238 00c8 05       		.uleb128 0x5
 1239 00c9 00       		.byte	0
 1240 00ca 03       		.uleb128 0x3
 1241 00cb 08       		.uleb128 0x8
 1242 00cc 3A       		.uleb128 0x3a
 1243 00cd 0B       		.uleb128 0xb
 1244 00ce 3B       		.uleb128 0x3b
 1245 00cf 0B       		.uleb128 0xb
 1246 00d0 49       		.uleb128 0x49
 1247 00d1 13       		.uleb128 0x13
 1248 00d2 02       		.uleb128 0x2
 1249 00d3 17       		.uleb128 0x17
 1250 00d4 00       		.byte	0
 1251 00d5 00       		.byte	0
 1252 00d6 12       		.uleb128 0x12
 1253 00d7 34       		.uleb128 0x34
 1254 00d8 00       		.byte	0
 1255 00d9 03       		.uleb128 0x3
 1256 00da 0E       		.uleb128 0xe
 1257 00db 3A       		.uleb128 0x3a
 1258 00dc 0B       		.uleb128 0xb
 1259 00dd 3B       		.uleb128 0x3b
 1260 00de 0B       		.uleb128 0xb
 1261 00df 49       		.uleb128 0x49
 1262 00e0 13       		.uleb128 0x13
 1263 00e1 02       		.uleb128 0x2
 1264 00e2 17       		.uleb128 0x17
 1265 00e3 00       		.byte	0
 1266 00e4 00       		.byte	0
 1267 00e5 13       		.uleb128 0x13
 1268 00e6 898201   		.uleb128 0x4109
 1269 00e9 00       		.byte	0
ARM GAS  C:\Users\SEANIL~1\AppData\Local\Temp\cchAkzS8.s 			page 26


 1270 00ea 11       		.uleb128 0x11
 1271 00eb 01       		.uleb128 0x1
 1272 00ec 31       		.uleb128 0x31
 1273 00ed 13       		.uleb128 0x13
 1274 00ee 00       		.byte	0
 1275 00ef 00       		.byte	0
 1276 00f0 14       		.uleb128 0x14
 1277 00f1 34       		.uleb128 0x34
 1278 00f2 00       		.byte	0
 1279 00f3 03       		.uleb128 0x3
 1280 00f4 0E       		.uleb128 0xe
 1281 00f5 3A       		.uleb128 0x3a
 1282 00f6 0B       		.uleb128 0xb
 1283 00f7 3B       		.uleb128 0x3b
 1284 00f8 05       		.uleb128 0x5
 1285 00f9 49       		.uleb128 0x49
 1286 00fa 13       		.uleb128 0x13
 1287 00fb 3F       		.uleb128 0x3f
 1288 00fc 19       		.uleb128 0x19
 1289 00fd 3C       		.uleb128 0x3c
 1290 00fe 19       		.uleb128 0x19
 1291 00ff 00       		.byte	0
 1292 0100 00       		.byte	0
 1293 0101 15       		.uleb128 0x15
 1294 0102 34       		.uleb128 0x34
 1295 0103 00       		.byte	0
 1296 0104 03       		.uleb128 0x3
 1297 0105 0E       		.uleb128 0xe
 1298 0106 3A       		.uleb128 0x3a
 1299 0107 0B       		.uleb128 0xb
 1300 0108 3B       		.uleb128 0x3b
 1301 0109 0B       		.uleb128 0xb
 1302 010a 49       		.uleb128 0x49
 1303 010b 13       		.uleb128 0x13
 1304 010c 3F       		.uleb128 0x3f
 1305 010d 19       		.uleb128 0x19
 1306 010e 3C       		.uleb128 0x3c
 1307 010f 19       		.uleb128 0x19
 1308 0110 00       		.byte	0
 1309 0111 00       		.byte	0
 1310 0112 16       		.uleb128 0x16
 1311 0113 2E       		.uleb128 0x2e
 1312 0114 00       		.byte	0
 1313 0115 3F       		.uleb128 0x3f
 1314 0116 19       		.uleb128 0x19
 1315 0117 3C       		.uleb128 0x3c
 1316 0118 19       		.uleb128 0x19
 1317 0119 6E       		.uleb128 0x6e
 1318 011a 0E       		.uleb128 0xe
 1319 011b 03       		.uleb128 0x3
 1320 011c 0E       		.uleb128 0xe
 1321 011d 3A       		.uleb128 0x3a
 1322 011e 0B       		.uleb128 0xb
 1323 011f 3B       		.uleb128 0x3b
 1324 0120 0B       		.uleb128 0xb
 1325 0121 00       		.byte	0
 1326 0122 00       		.byte	0
ARM GAS  C:\Users\SEANIL~1\AppData\Local\Temp\cchAkzS8.s 			page 27


 1327 0123 00       		.byte	0
 1328              		.section	.debug_loc,"",%progbits
 1329              	.Ldebug_loc0:
 1330              	.LLST0:
 1331 0000 00000000 		.4byte	.LVL0
 1332 0004 08000000 		.4byte	.LVL2
 1333 0008 0100     		.2byte	0x1
 1334 000a 50       		.byte	0x50
 1335 000b 08000000 		.4byte	.LVL2
 1336 000f 14000000 		.4byte	.LVL6
 1337 0013 0400     		.2byte	0x4
 1338 0015 F3       		.byte	0xf3
 1339 0016 01       		.uleb128 0x1
 1340 0017 50       		.byte	0x50
 1341 0018 9F       		.byte	0x9f
 1342 0019 14000000 		.4byte	.LVL6
 1343 001d 1A000000 		.4byte	.LVL7
 1344 0021 0100     		.2byte	0x1
 1345 0023 50       		.byte	0x50
 1346 0024 1A000000 		.4byte	.LVL7
 1347 0028 22000000 		.4byte	.LFE481
 1348 002c 0400     		.2byte	0x4
 1349 002e F3       		.byte	0xf3
 1350 002f 01       		.uleb128 0x1
 1351 0030 50       		.byte	0x50
 1352 0031 9F       		.byte	0x9f
 1353 0032 00000000 		.4byte	0
 1354 0036 00000000 		.4byte	0
 1355              	.LLST1:
 1356 003a 00000000 		.4byte	.LVL0
 1357 003e 08000000 		.4byte	.LVL2
 1358 0042 0100     		.2byte	0x1
 1359 0044 51       		.byte	0x51
 1360 0045 08000000 		.4byte	.LVL2
 1361 0049 0C000000 		.4byte	.LVL3
 1362 004d 0100     		.2byte	0x1
 1363 004f 55       		.byte	0x55
 1364 0050 0C000000 		.4byte	.LVL3
 1365 0054 10000000 		.4byte	.LVL4
 1366 0058 0300     		.2byte	0x3
 1367 005a 75       		.byte	0x75
 1368 005b 7F       		.sleb128 -1
 1369 005c 9F       		.byte	0x9f
 1370 005d 10000000 		.4byte	.LVL4
 1371 0061 14000000 		.4byte	.LVL6
 1372 0065 0100     		.2byte	0x1
 1373 0067 55       		.byte	0x55
 1374 0068 14000000 		.4byte	.LVL6
 1375 006c 1A000000 		.4byte	.LVL7
 1376 0070 0100     		.2byte	0x1
 1377 0072 51       		.byte	0x51
 1378 0073 1A000000 		.4byte	.LVL7
 1379 0077 1E000000 		.4byte	.LVL8
 1380 007b 0100     		.2byte	0x1
 1381 007d 55       		.byte	0x55
 1382 007e 00000000 		.4byte	0
 1383 0082 00000000 		.4byte	0
ARM GAS  C:\Users\SEANIL~1\AppData\Local\Temp\cchAkzS8.s 			page 28


 1384              	.LLST2:
 1385 0086 00000000 		.4byte	.LVL0
 1386 008a 08000000 		.4byte	.LVL2
 1387 008e 0100     		.2byte	0x1
 1388 0090 52       		.byte	0x52
 1389 0091 08000000 		.4byte	.LVL2
 1390 0095 14000000 		.4byte	.LVL6
 1391 0099 0100     		.2byte	0x1
 1392 009b 56       		.byte	0x56
 1393 009c 14000000 		.4byte	.LVL6
 1394 00a0 1A000000 		.4byte	.LVL7
 1395 00a4 0100     		.2byte	0x1
 1396 00a6 52       		.byte	0x52
 1397 00a7 1A000000 		.4byte	.LVL7
 1398 00ab 1E000000 		.4byte	.LVL8
 1399 00af 0100     		.2byte	0x1
 1400 00b1 56       		.byte	0x56
 1401 00b2 1E000000 		.4byte	.LVL8
 1402 00b6 22000000 		.4byte	.LFE481
 1403 00ba 0400     		.2byte	0x4
 1404 00bc F3       		.byte	0xf3
 1405 00bd 01       		.uleb128 0x1
 1406 00be 52       		.byte	0x52
 1407 00bf 9F       		.byte	0x9f
 1408 00c0 00000000 		.4byte	0
 1409 00c4 00000000 		.4byte	0
 1410              	.LLST3:
 1411 00c8 02000000 		.4byte	.LVL1
 1412 00cc 08000000 		.4byte	.LVL2
 1413 00d0 0200     		.2byte	0x2
 1414 00d2 30       		.byte	0x30
 1415 00d3 9F       		.byte	0x9f
 1416 00d4 08000000 		.4byte	.LVL2
 1417 00d8 14000000 		.4byte	.LVL6
 1418 00dc 0100     		.2byte	0x1
 1419 00de 54       		.byte	0x54
 1420 00df 14000000 		.4byte	.LVL6
 1421 00e3 1A000000 		.4byte	.LVL7
 1422 00e7 0200     		.2byte	0x2
 1423 00e9 30       		.byte	0x30
 1424 00ea 9F       		.byte	0x9f
 1425 00eb 1A000000 		.4byte	.LVL7
 1426 00ef 22000000 		.4byte	.LFE481
 1427 00f3 0100     		.2byte	0x1
 1428 00f5 54       		.byte	0x54
 1429 00f6 00000000 		.4byte	0
 1430 00fa 00000000 		.4byte	0
 1431              	.LLST4:
 1432 00fe 00000000 		.4byte	.LVL9
 1433 0102 08000000 		.4byte	.LVL11
 1434 0106 0100     		.2byte	0x1
 1435 0108 50       		.byte	0x50
 1436 0109 08000000 		.4byte	.LVL11
 1437 010d 1E000000 		.4byte	.LVL15
 1438 0111 0400     		.2byte	0x4
 1439 0113 F3       		.byte	0xf3
 1440 0114 01       		.uleb128 0x1
ARM GAS  C:\Users\SEANIL~1\AppData\Local\Temp\cchAkzS8.s 			page 29


 1441 0115 50       		.byte	0x50
 1442 0116 9F       		.byte	0x9f
 1443 0117 1E000000 		.4byte	.LVL15
 1444 011b 24000000 		.4byte	.LVL16
 1445 011f 0100     		.2byte	0x1
 1446 0121 50       		.byte	0x50
 1447 0122 24000000 		.4byte	.LVL16
 1448 0126 2C000000 		.4byte	.LFE482
 1449 012a 0400     		.2byte	0x4
 1450 012c F3       		.byte	0xf3
 1451 012d 01       		.uleb128 0x1
 1452 012e 50       		.byte	0x50
 1453 012f 9F       		.byte	0x9f
 1454 0130 00000000 		.4byte	0
 1455 0134 00000000 		.4byte	0
 1456              	.LLST5:
 1457 0138 00000000 		.4byte	.LVL9
 1458 013c 08000000 		.4byte	.LVL11
 1459 0140 0100     		.2byte	0x1
 1460 0142 51       		.byte	0x51
 1461 0143 08000000 		.4byte	.LVL11
 1462 0147 1E000000 		.4byte	.LVL15
 1463 014b 0100     		.2byte	0x1
 1464 014d 55       		.byte	0x55
 1465 014e 1E000000 		.4byte	.LVL15
 1466 0152 24000000 		.4byte	.LVL16
 1467 0156 0100     		.2byte	0x1
 1468 0158 51       		.byte	0x51
 1469 0159 24000000 		.4byte	.LVL16
 1470 015d 28000000 		.4byte	.LVL17
 1471 0161 0100     		.2byte	0x1
 1472 0163 55       		.byte	0x55
 1473 0164 00000000 		.4byte	0
 1474 0168 00000000 		.4byte	0
 1475              	.LLST6:
 1476 016c 00000000 		.4byte	.LVL9
 1477 0170 08000000 		.4byte	.LVL11
 1478 0174 0100     		.2byte	0x1
 1479 0176 52       		.byte	0x52
 1480 0177 08000000 		.4byte	.LVL11
 1481 017b 1E000000 		.4byte	.LVL15
 1482 017f 0100     		.2byte	0x1
 1483 0181 56       		.byte	0x56
 1484 0182 1E000000 		.4byte	.LVL15
 1485 0186 24000000 		.4byte	.LVL16
 1486 018a 0100     		.2byte	0x1
 1487 018c 52       		.byte	0x52
 1488 018d 24000000 		.4byte	.LVL16
 1489 0191 28000000 		.4byte	.LVL17
 1490 0195 0100     		.2byte	0x1
 1491 0197 56       		.byte	0x56
 1492 0198 28000000 		.4byte	.LVL17
 1493 019c 2C000000 		.4byte	.LFE482
 1494 01a0 0400     		.2byte	0x4
 1495 01a2 F3       		.byte	0xf3
 1496 01a3 01       		.uleb128 0x1
 1497 01a4 52       		.byte	0x52
ARM GAS  C:\Users\SEANIL~1\AppData\Local\Temp\cchAkzS8.s 			page 30


 1498 01a5 9F       		.byte	0x9f
 1499 01a6 00000000 		.4byte	0
 1500 01aa 00000000 		.4byte	0
 1501              	.LLST7:
 1502 01ae 02000000 		.4byte	.LVL10
 1503 01b2 08000000 		.4byte	.LVL11
 1504 01b6 0200     		.2byte	0x2
 1505 01b8 30       		.byte	0x30
 1506 01b9 9F       		.byte	0x9f
 1507 01ba 08000000 		.4byte	.LVL11
 1508 01be 1E000000 		.4byte	.LVL15
 1509 01c2 0100     		.2byte	0x1
 1510 01c4 54       		.byte	0x54
 1511 01c5 1E000000 		.4byte	.LVL15
 1512 01c9 24000000 		.4byte	.LVL16
 1513 01cd 0200     		.2byte	0x2
 1514 01cf 30       		.byte	0x30
 1515 01d0 9F       		.byte	0x9f
 1516 01d1 24000000 		.4byte	.LVL16
 1517 01d5 2C000000 		.4byte	.LFE482
 1518 01d9 0100     		.2byte	0x1
 1519 01db 54       		.byte	0x54
 1520 01dc 00000000 		.4byte	0
 1521 01e0 00000000 		.4byte	0
 1522              		.section	.debug_aranges,"",%progbits
 1523 0000 24000000 		.4byte	0x24
 1524 0004 0200     		.2byte	0x2
 1525 0006 00000000 		.4byte	.Ldebug_info0
 1526 000a 04       		.byte	0x4
 1527 000b 00       		.byte	0
 1528 000c 0000     		.2byte	0
 1529 000e 0000     		.2byte	0
 1530 0010 00000000 		.4byte	.LFB481
 1531 0014 22000000 		.4byte	.LFE481-.LFB481
 1532 0018 00000000 		.4byte	.LFB482
 1533 001c 2C000000 		.4byte	.LFE482-.LFB482
 1534 0020 00000000 		.4byte	0
 1535 0024 00000000 		.4byte	0
 1536              		.section	.debug_ranges,"",%progbits
 1537              	.Ldebug_ranges0:
 1538 0000 00000000 		.4byte	.LFB481
 1539 0004 22000000 		.4byte	.LFE481
 1540 0008 00000000 		.4byte	.LFB482
 1541 000c 2C000000 		.4byte	.LFE482
 1542 0010 00000000 		.4byte	0
 1543 0014 00000000 		.4byte	0
 1544              		.section	.debug_line,"",%progbits
 1545              	.Ldebug_line0:
 1546 0000 97020000 		.section	.debug_str,"MS",%progbits,1
 1546      02004002 
 1546      00000201 
 1546      FB0E0D00 
 1546      01010101 
 1547              	.LASF57:
 1548 0000 70726F74 		.ascii	"protBusMasterMask\000"
 1548      4275734D 
 1548      61737465 
ARM GAS  C:\Users\SEANIL~1\AppData\Local\Temp\cchAkzS8.s 			page 31


 1548      724D6173 
 1548      6B00
 1549              	.LASF120:
 1550 0012 72784275 		.ascii	"rxBufSize\000"
 1550      6653697A 
 1550      6500
 1551              	.LASF67:
 1552 001c 666C6173 		.ascii	"flashCtlMainWs3Freq\000"
 1552      6843746C 
 1552      4D61696E 
 1552      57733346 
 1552      72657100 
 1553              	.LASF89:
 1554 0030 6770696F 		.ascii	"gpioPrtCfgInOffset\000"
 1554      50727443 
 1554      6667496E 
 1554      4F666673 
 1554      657400
 1555              	.LASF107:
 1556 0043 6970634C 		.ascii	"ipcLockStatusOffset\000"
 1556      6F636B53 
 1556      74617475 
 1556      734F6666 
 1556      73657400 
 1557              	.LASF33:
 1558 0057 63727970 		.ascii	"cryptoVersion\000"
 1558      746F5665 
 1558      7273696F 
 1558      6E00
 1559              	.LASF51:
 1560 0065 70657269 		.ascii	"periClockNr\000"
 1560      436C6F63 
 1560      6B4E7200 
 1561              	.LASF29:
 1562 0071 70617373 		.ascii	"passBase\000"
 1562      42617365 
 1562      00
 1563              	.LASF42:
 1564 007a 63707573 		.ascii	"cpussIpcIrqNr\000"
 1564      73497063 
 1564      4972714E 
 1564      7200
 1565              	.LASF2:
 1566 0088 5F5F7569 		.ascii	"__uint8_t\000"
 1566      6E74385F 
 1566      7400
 1567              	.LASF86:
 1568 0092 70657269 		.ascii	"periDiv24_5CtlOffset\000"
 1568      44697632 
 1568      345F3543 
 1568      746C4F66 
 1568      66736574 
 1569              	.LASF93:
 1570 00a7 63707573 		.ascii	"cpussCm4ClockCtlOffset\000"
 1570      73436D34 
 1570      436C6F63 
 1570      6B43746C 
ARM GAS  C:\Users\SEANIL~1\AppData\Local\Temp\cchAkzS8.s 			page 32


 1570      4F666673 
 1571              	.LASF22:
 1572 00be 63707573 		.ascii	"cpussBase\000"
 1572      73426173 
 1572      6500
 1573              	.LASF71:
 1574 00c8 64774368 		.ascii	"dwChCtlPrioPos\000"
 1574      43746C50 
 1574      72696F50 
 1574      6F7300
 1575              	.LASF12:
 1576 00d7 6C6F6E67 		.ascii	"long long unsigned int\000"
 1576      206C6F6E 
 1576      6720756E 
 1576      7369676E 
 1576      65642069 
 1577              	.LASF75:
 1578 00ee 70657269 		.ascii	"periTrCmdOffset\000"
 1578      5472436D 
 1578      644F6666 
 1578      73657400 
 1579              	.LASF115:
 1580 00fe 72785269 		.ascii	"rxRingBuf\000"
 1580      6E674275 
 1580      6600
 1581              	.LASF99:
 1582 0108 63707573 		.ascii	"cpussSysTickCtlOffset\000"
 1582      73537973 
 1582      5469636B 
 1582      43746C4F 
 1582      66667365 
 1583              	.LASF131:
 1584 011e 49544D5F 		.ascii	"ITM_RxBuffer\000"
 1584      52784275 
 1584      66666572 
 1584      00
 1585              	.LASF130:
 1586 012b 6E436861 		.ascii	"nChars\000"
 1586      727300
 1587              	.LASF60:
 1588 0132 666C6173 		.ascii	"flashPipeRequired\000"
 1588      68506970 
 1588      65526571 
 1588      75697265 
 1588      6400
 1589              	.LASF64:
 1590 0144 666C6173 		.ascii	"flashCtlMainWs0Freq\000"
 1590      6843746C 
 1590      4D61696E 
 1590      57733046 
 1590      72657100 
 1591              	.LASF18:
 1592 0158 696E7431 		.ascii	"int16_t\000"
 1592      365F7400 
 1593              	.LASF11:
 1594 0160 6C6F6E67 		.ascii	"long long int\000"
 1594      206C6F6E 
ARM GAS  C:\Users\SEANIL~1\AppData\Local\Temp\cchAkzS8.s 			page 33


 1594      6720696E 
 1594      7400
 1595              	.LASF0:
 1596 016e 7369676E 		.ascii	"signed char\000"
 1596      65642063 
 1596      68617200 
 1597              	.LASF80:
 1598 017a 70657269 		.ascii	"periDivCmdTypeSelPos\000"
 1598      44697643 
 1598      6D645479 
 1598      70655365 
 1598      6C506F73 
 1599              	.LASF135:
 1600 018f 53544449 		.ascii	"STDIO_GetChar\000"
 1600      4F5F4765 
 1600      74436861 
 1600      7200
 1601              	.LASF26:
 1602 019d 70726F74 		.ascii	"protBase\000"
 1602      42617365 
 1602      00
 1603              	.LASF38:
 1604 01a6 69706356 		.ascii	"ipcVersion\000"
 1604      65727369 
 1604      6F6E00
 1605              	.LASF100:
 1606 01b1 63707573 		.ascii	"cpussCm0NmiCtlOffset\000"
 1606      73436D30 
 1606      4E6D6943 
 1606      746C4F66 
 1606      66736574 
 1607              	.LASF48:
 1608 01c6 73727373 		.ascii	"srssNumClkpath\000"
 1608      4E756D43 
 1608      6C6B7061 
 1608      746800
 1609              	.LASF27:
 1610 01d5 6873696F 		.ascii	"hsiomBase\000"
 1610      6D426173 
 1610      6500
 1611              	.LASF8:
 1612 01df 6C6F6E67 		.ascii	"long int\000"
 1612      20696E74 
 1612      00
 1613              	.LASF58:
 1614 01e8 63727970 		.ascii	"cryptoMemSize\000"
 1614      746F4D65 
 1614      6D53697A 
 1614      6500
 1615              	.LASF24:
 1616 01f6 70657269 		.ascii	"periBase\000"
 1616      42617365 
 1616      00
 1617              	.LASF56:
 1618 01ff 73797350 		.ascii	"sysPmSimoPresent\000"
 1618      6D53696D 
 1618      6F507265 
ARM GAS  C:\Users\SEANIL~1\AppData\Local\Temp\cchAkzS8.s 			page 34


 1618      73656E74 
 1618      00
 1619              	.LASF46:
 1620 0210 63707573 		.ascii	"cpussFmIrq\000"
 1620      73466D49 
 1620      727100
 1621              	.LASF110:
 1622 021b 646F7562 		.ascii	"double\000"
 1622      6C6500
 1623              	.LASF85:
 1624 0222 70657269 		.ascii	"periDiv16_5CtlOffset\000"
 1624      44697631 
 1624      365F3543 
 1624      746C4F66 
 1624      66736574 
 1625              	.LASF49:
 1626 0237 73727373 		.ascii	"srssNumPll\000"
 1626      4E756D50 
 1626      6C6C00
 1627              	.LASF134:
 1628 0242 53544449 		.ascii	"STDIO_PutChar\000"
 1628      4F5F5075 
 1628      74436861 
 1628      7200
 1629              	.LASF83:
 1630 0250 70657269 		.ascii	"periDiv8CtlOffset\000"
 1630      44697638 
 1630      43746C4F 
 1630      66667365 
 1630      7400
 1631              	.LASF90:
 1632 0262 6770696F 		.ascii	"gpioPrtCfgOutOffset\000"
 1632      50727443 
 1632      66674F75 
 1632      744F6666 
 1632      73657400 
 1633              	.LASF9:
 1634 0276 5F5F7569 		.ascii	"__uint32_t\000"
 1634      6E743332 
 1634      5F7400
 1635              	.LASF53:
 1636 0281 70617373 		.ascii	"passSarChannels\000"
 1636      53617243 
 1636      68616E6E 
 1636      656C7300 
 1637              	.LASF3:
 1638 0291 5F5F696E 		.ascii	"__int16_t\000"
 1638      7431365F 
 1638      7400
 1639              	.LASF121:
 1640 029b 72784275 		.ascii	"rxBufIdx\000"
 1640      66496478 
 1640      00
 1641              	.LASF129:
 1642 02a4 5F726561 		.ascii	"_read\000"
 1642      6400
 1643              	.LASF96:
ARM GAS  C:\Users\SEANIL~1\AppData\Local\Temp\cchAkzS8.s 			page 35


 1644 02aa 63707573 		.ascii	"cpussCm4PwrCtlOffset\000"
 1644      73436D34 
 1644      50777243 
 1644      746C4F66 
 1644      66736574 
 1645              	.LASF123:
 1646 02bf 74784275 		.ascii	"txBufSize\000"
 1646      6653697A 
 1646      6500
 1647              	.LASF91:
 1648 02c9 6770696F 		.ascii	"gpioPrtCfgSioOffset\000"
 1648      50727443 
 1648      66675369 
 1648      6F4F6666 
 1648      73657400 
 1649              	.LASF43:
 1650 02dd 63707573 		.ascii	"cpussDwChNr\000"
 1650      73447743 
 1650      684E7200 
 1651              	.LASF13:
 1652 02e9 756E7369 		.ascii	"unsigned int\000"
 1652      676E6564 
 1652      20696E74 
 1652      00
 1653              	.LASF19:
 1654 02f6 75696E74 		.ascii	"uint16_t\000"
 1654      31365F74 
 1654      00
 1655              	.LASF76:
 1656 02ff 70657269 		.ascii	"periTrCmdGrSelMsk\000"
 1656      5472436D 
 1656      64477253 
 1656      656C4D73 
 1656      6B00
 1657              	.LASF65:
 1658 0311 666C6173 		.ascii	"flashCtlMainWs1Freq\000"
 1658      6843746C 
 1658      4D61696E 
 1658      57733146 
 1658      72657100 
 1659              	.LASF10:
 1660 0325 6C6F6E67 		.ascii	"long unsigned int\000"
 1660      20756E73 
 1660      69676E65 
 1660      6420696E 
 1660      7400
 1661              	.LASF112:
 1662 0337 63795F63 		.ascii	"cy_cb_scb_uart_handle_events_t\000"
 1662      625F7363 
 1662      625F7561 
 1662      72745F68 
 1662      616E646C 
 1663              	.LASF133:
 1664 0356 55415254 		.ascii	"UART_context\000"
 1664      5F636F6E 
 1664      74657874 
 1664      00
ARM GAS  C:\Users\SEANIL~1\AppData\Local\Temp\cchAkzS8.s 			page 36


 1665              	.LASF41:
 1666 0363 63707573 		.ascii	"cpussIpcNr\000"
 1666      73497063 
 1666      4E7200
 1667              	.LASF28:
 1668 036e 6770696F 		.ascii	"gpioBase\000"
 1668      42617365 
 1668      00
 1669              	.LASF66:
 1670 0377 666C6173 		.ascii	"flashCtlMainWs2Freq\000"
 1670      6843746C 
 1670      4D61696E 
 1670      57733246 
 1670      72657100 
 1671              	.LASF77:
 1672 038b 70657269 		.ascii	"periTrGrOffset\000"
 1672      54724772 
 1672      4F666673 
 1672      657400
 1673              	.LASF104:
 1674 039a 63707573 		.ascii	"cpussRam1Ctl0\000"
 1674      7352616D 
 1674      3143746C 
 1674      3000
 1675              	.LASF125:
 1676 03a8 63624576 		.ascii	"cbEvents\000"
 1676      656E7473 
 1676      00
 1677              	.LASF78:
 1678 03b1 70657269 		.ascii	"periTrGrSize\000"
 1678      54724772 
 1678      53697A65 
 1678      00
 1679              	.LASF36:
 1680 03be 6770696F 		.ascii	"gpioVersion\000"
 1680      56657273 
 1680      696F6E00 
 1681              	.LASF122:
 1682 03ca 74784275 		.ascii	"txBuf\000"
 1682      6600
 1683              	.LASF108:
 1684 03d0 63795F73 		.ascii	"cy_stc_device_t\000"
 1684      74635F64 
 1684      65766963 
 1684      655F7400 
 1685              	.LASF138:
 1686 03e0 433A5C55 		.ascii	"C:\\Users\\Sean Ilagan\\Documents\\PSoC Creator\\pl"
 1686      73657273 
 1686      5C536561 
 1686      6E20496C 
 1686      6167616E 
 1687 040e 61797465 		.ascii	"aytesting\\Command Parsing Example.cydsn\000"
 1687      7374696E 
 1687      675C436F 
 1687      6D6D616E 
 1687      64205061 
 1688              	.LASF54:
ARM GAS  C:\Users\SEANIL~1\AppData\Local\Temp\cchAkzS8.s 			page 37


 1689 0436 65704D6F 		.ascii	"epMonitorNr\000"
 1689      6E69746F 
 1689      724E7200 
 1690              	.LASF117:
 1691 0442 72785269 		.ascii	"rxRingBufHead\000"
 1691      6E674275 
 1691      66486561 
 1691      6400
 1692              	.LASF97:
 1693 0450 63707573 		.ascii	"cpussTrimRamCtlOffset\000"
 1693      73547269 
 1693      6D52616D 
 1693      43746C4F 
 1693      66667365 
 1694              	.LASF92:
 1695 0466 63707573 		.ascii	"cpussCm0ClockCtlOffset\000"
 1695      73436D30 
 1695      436C6F63 
 1695      6B43746C 
 1695      4F666673 
 1696              	.LASF128:
 1697 047d 5F777269 		.ascii	"_write\000"
 1697      746500
 1698              	.LASF32:
 1699 0484 63707573 		.ascii	"cpussVersion\000"
 1699      73566572 
 1699      73696F6E 
 1699      00
 1700              	.LASF39:
 1701 0491 70657269 		.ascii	"periVersion\000"
 1701      56657273 
 1701      696F6E00 
 1702              	.LASF95:
 1703 049d 63707573 		.ascii	"cpussCm0StatusOffset\000"
 1703      73436D30 
 1703      53746174 
 1703      75734F66 
 1703      66736574 
 1704              	.LASF15:
 1705 04b2 73697A65 		.ascii	"sizetype\000"
 1705      74797065 
 1705      00
 1706              	.LASF69:
 1707 04bb 64774368 		.ascii	"dwChOffset\000"
 1707      4F666673 
 1707      657400
 1708              	.LASF44:
 1709 04c6 63707573 		.ascii	"cpussFlashPaSize\000"
 1709      73466C61 
 1709      73685061 
 1709      53697A65 
 1709      00
 1710              	.LASF82:
 1711 04d7 70657269 		.ascii	"periDivCmdPaTypeSelPos\000"
 1711      44697643 
 1711      6D645061 
 1711      54797065 
ARM GAS  C:\Users\SEANIL~1\AppData\Local\Temp\cchAkzS8.s 			page 38


 1711      53656C50 
 1712              	.LASF105:
 1713 04ee 63707573 		.ascii	"cpussRam2Ctl0\000"
 1713      7352616D 
 1713      3243746C 
 1713      3000
 1714              	.LASF73:
 1715 04fc 64775374 		.ascii	"dwStatusChIdxPos\000"
 1715      61747573 
 1715      43684964 
 1715      78506F73 
 1715      00
 1716              	.LASF55:
 1717 050d 75646250 		.ascii	"udbPresent\000"
 1717      72657365 
 1717      6E7400
 1718              	.LASF114:
 1719 0518 72785374 		.ascii	"rxStatus\000"
 1719      61747573 
 1719      00
 1720              	.LASF35:
 1721 0521 666C6173 		.ascii	"flashcVersion\000"
 1721      68635665 
 1721      7273696F 
 1721      6E00
 1722              	.LASF31:
 1723 052f 63727970 		.ascii	"cryptoBase\000"
 1723      746F4261 
 1723      736500
 1724              	.LASF52:
 1725 053a 736D6966 		.ascii	"smifDeviceNr\000"
 1725      44657669 
 1725      63654E72 
 1725      00
 1726              	.LASF136:
 1727 0547 474E5520 		.ascii	"GNU C11 5.4.1 20160609 (release) [ARM/embedded-5-br"
 1727      43313120 
 1727      352E342E 
 1727      31203230 
 1727      31363036 
 1728 057a 616E6368 		.ascii	"anch revision 237715] -mcpu=cortex-m4 -mfloat-abi=s"
 1728      20726576 
 1728      6973696F 
 1728      6E203233 
 1728      37373135 
 1729 05ad 6F667466 		.ascii	"oftfp -mfpu=fpv4-sp-d16 -mthumb -g -Og -ffunction-s"
 1729      70202D6D 
 1729      6670753D 
 1729      66707634 
 1729      2D73702D 
 1730 05e0 65637469 		.ascii	"ections -ffat-lto-objects\000"
 1730      6F6E7320 
 1730      2D666661 
 1730      742D6C74 
 1730      6F2D6F62 
 1731              	.LASF109:
 1732 05fa 666C6F61 		.ascii	"float\000"
ARM GAS  C:\Users\SEANIL~1\AppData\Local\Temp\cchAkzS8.s 			page 39


 1732      7400
 1733              	.LASF74:
 1734 0600 64775374 		.ascii	"dwStatusChIdxMsk\000"
 1734      61747573 
 1734      43684964 
 1734      784D736B 
 1734      00
 1735              	.LASF132:
 1736 0611 63795F64 		.ascii	"cy_device\000"
 1736      65766963 
 1736      6500
 1737              	.LASF102:
 1738 061b 63707573 		.ascii	"cpussRomCtl\000"
 1738      73526F6D 
 1738      43746C00 
 1739              	.LASF72:
 1740 0627 64774368 		.ascii	"dwChCtlPreemptablePos\000"
 1740      43746C50 
 1740      7265656D 
 1740      70746162 
 1740      6C65506F 
 1741              	.LASF124:
 1742 063d 74784C65 		.ascii	"txLeftToTransmit\000"
 1742      6674546F 
 1742      5472616E 
 1742      736D6974 
 1742      00
 1743              	.LASF25:
 1744 064e 75646242 		.ascii	"udbBase\000"
 1744      61736500 
 1745              	.LASF111:
 1746 0656 5F426F6F 		.ascii	"_Bool\000"
 1746      6C00
 1747              	.LASF20:
 1748 065c 696E7433 		.ascii	"int32_t\000"
 1748      325F7400 
 1749              	.LASF1:
 1750 0664 756E7369 		.ascii	"unsigned char\000"
 1750      676E6564 
 1750      20636861 
 1750      7200
 1751              	.LASF68:
 1752 0672 666C6173 		.ascii	"flashCtlMainWs4Freq\000"
 1752      6843746C 
 1752      4D61696E 
 1752      57733446 
 1752      72657100 
 1753              	.LASF4:
 1754 0686 73686F72 		.ascii	"short int\000"
 1754      7420696E 
 1754      7400
 1755              	.LASF79:
 1756 0690 70657269 		.ascii	"periDivCmdDivSelMsk\000"
 1756      44697643 
 1756      6D644469 
 1756      7653656C 
 1756      4D736B00 
ARM GAS  C:\Users\SEANIL~1\AppData\Local\Temp\cchAkzS8.s 			page 40


 1757              	.LASF23:
 1758 06a4 666C6173 		.ascii	"flashcBase\000"
 1758      68634261 
 1758      736500
 1759              	.LASF50:
 1760 06af 73727373 		.ascii	"srssNumHfroot\000"
 1760      4E756D48 
 1760      66726F6F 
 1760      7400
 1761              	.LASF63:
 1762 06bd 666C6173 		.ascii	"flashEraseDelay\000"
 1762      68457261 
 1762      73654465 
 1762      6C617900 
 1763              	.LASF21:
 1764 06cd 75696E74 		.ascii	"uint32_t\000"
 1764      33325F74 
 1764      00
 1765              	.LASF101:
 1766 06d6 63707573 		.ascii	"cpussCm4NmiCtlOffset\000"
 1766      73436D34 
 1766      4E6D6943 
 1766      746C4F66 
 1766      66736574 
 1767              	.LASF14:
 1768 06eb 6C6F6E67 		.ascii	"long double\000"
 1768      20646F75 
 1768      626C6500 
 1769              	.LASF16:
 1770 06f7 63686172 		.ascii	"char\000"
 1770      00
 1771              	.LASF40:
 1772 06fc 70726F74 		.ascii	"protVersion\000"
 1772      56657273 
 1772      696F6E00 
 1773              	.LASF103:
 1774 0708 63707573 		.ascii	"cpussRam0Ctl0\000"
 1774      7352616D 
 1774      3043746C 
 1774      3000
 1775              	.LASF5:
 1776 0716 5F5F7569 		.ascii	"__uint16_t\000"
 1776      6E743136 
 1776      5F7400
 1777              	.LASF84:
 1778 0721 70657269 		.ascii	"periDiv16CtlOffset\000"
 1778      44697631 
 1778      3643746C 
 1778      4F666673 
 1778      657400
 1779              	.LASF7:
 1780 0734 5F5F696E 		.ascii	"__int32_t\000"
 1780      7433325F 
 1780      7400
 1781              	.LASF37:
 1782 073e 6873696F 		.ascii	"hsiomVersion\000"
 1782      6D566572 
ARM GAS  C:\Users\SEANIL~1\AppData\Local\Temp\cchAkzS8.s 			page 41


 1782      73696F6E 
 1782      00
 1783              	.LASF62:
 1784 074b 666C6173 		.ascii	"flashProgramDelay\000"
 1784      6850726F 
 1784      6772616D 
 1784      44656C61 
 1784      7900
 1785              	.LASF116:
 1786 075d 72785269 		.ascii	"rxRingBufSize\000"
 1786      6E674275 
 1786      6653697A 
 1786      6500
 1787              	.LASF6:
 1788 076b 73686F72 		.ascii	"short unsigned int\000"
 1788      7420756E 
 1788      7369676E 
 1788      65642069 
 1788      6E7400
 1789              	.LASF70:
 1790 077e 64774368 		.ascii	"dwChSize\000"
 1790      53697A65 
 1790      00
 1791              	.LASF106:
 1792 0787 69706353 		.ascii	"ipcStructSize\000"
 1792      74727563 
 1792      7453697A 
 1792      6500
 1793              	.LASF45:
 1794 0795 63707573 		.ascii	"cpussIpc0Irq\000"
 1794      73497063 
 1794      30497271 
 1794      00
 1795              	.LASF88:
 1796 07a2 6770696F 		.ascii	"gpioPrtCfgOffset\000"
 1796      50727443 
 1796      66674F66 
 1796      66736574 
 1796      00
 1797              	.LASF126:
 1798 07b3 696E6974 		.ascii	"initKey\000"
 1798      4B657900 
 1799              	.LASF119:
 1800 07bb 72784275 		.ascii	"rxBuf\000"
 1800      6600
 1801              	.LASF127:
 1802 07c1 63795F73 		.ascii	"cy_stc_scb_uart_context_t\000"
 1802      74635F73 
 1802      63625F75 
 1802      6172745F 
 1802      636F6E74 
 1803              	.LASF47:
 1804 07db 63707573 		.ascii	"cpussNotConnectedIrq\000"
 1804      734E6F74 
 1804      436F6E6E 
 1804      65637465 
 1804      64497271 
ARM GAS  C:\Users\SEANIL~1\AppData\Local\Temp\cchAkzS8.s 			page 42


 1805              	.LASF61:
 1806 07f0 666C6173 		.ascii	"flashWriteDelay\000"
 1806      68577269 
 1806      74654465 
 1806      6C617900 
 1807              	.LASF17:
 1808 0800 75696E74 		.ascii	"uint8_t\000"
 1808      385F7400 
 1809              	.LASF94:
 1810 0808 63707573 		.ascii	"cpussCm4StatusOffset\000"
 1810      73436D34 
 1810      53746174 
 1810      75734F66 
 1810      66736574 
 1811              	.LASF87:
 1812 081d 6770696F 		.ascii	"gpioPrtIntrCfgOffset\000"
 1812      50727449 
 1812      6E747243 
 1812      66674F66 
 1812      66736574 
 1813              	.LASF118:
 1814 0832 72785269 		.ascii	"rxRingBufTail\000"
 1814      6E674275 
 1814      66546169 
 1814      6C00
 1815              	.LASF98:
 1816 0840 63707573 		.ascii	"cpussTrimRomCtlOffset\000"
 1816      73547269 
 1816      6D526F6D 
 1816      43746C4F 
 1816      66667365 
 1817              	.LASF113:
 1818 0856 74785374 		.ascii	"txStatus\000"
 1818      61747573 
 1818      00
 1819              	.LASF137:
 1820 085f 47656E65 		.ascii	"Generated_Source\\PSoC6\\pdl\\utilities\\retarget_i"
 1820      72617465 
 1820      645F536F 
 1820      75726365 
 1820      5C50536F 
 1821 088e 6F5C7265 		.ascii	"o\\retarget.c\000"
 1821      74617267 
 1821      65742E63 
 1821      00
 1822              	.LASF34:
 1823 089b 64775665 		.ascii	"dwVersion\000"
 1823      7273696F 
 1823      6E00
 1824              	.LASF30:
 1825 08a5 69706342 		.ascii	"ipcBase\000"
 1825      61736500 
 1826              	.LASF81:
 1827 08ad 70657269 		.ascii	"periDivCmdPaDivSelPos\000"
 1827      44697643 
 1827      6D645061 
 1827      44697653 
ARM GAS  C:\Users\SEANIL~1\AppData\Local\Temp\cchAkzS8.s 			page 43


 1827      656C506F 
 1828              	.LASF139:
 1829 08c3 63795F73 		.ascii	"cy_stc_scb_uart_context\000"
 1829      74635F73 
 1829      63625F75 
 1829      6172745F 
 1829      636F6E74 
 1830              	.LASF59:
 1831 08db 666C6173 		.ascii	"flashRwwRequired\000"
 1831      68527777 
 1831      52657175 
 1831      69726564 
 1831      00
 1832              		.ident	"GCC: (GNU Tools for ARM Embedded Processors) 5.4.1 20160609 (release) [ARM/embedded-5-bran
