ARM GAS  C:\Users\cmila\AppData\Local\Temp\cc3i1FQR.s 			page 1


   1              		.syntax unified
   2              		.cpu cortex-m4
   3              		.eabi_attribute 27, 1
   4              		.fpu fpv4-sp-d16
   5              		.eabi_attribute 20, 1
   6              		.eabi_attribute 21, 1
   7              		.eabi_attribute 23, 3
   8              		.eabi_attribute 24, 1
   9              		.eabi_attribute 25, 1
  10              		.eabi_attribute 26, 1
  11              		.eabi_attribute 30, 1
  12              		.eabi_attribute 34, 1
  13              		.eabi_attribute 18, 4
  14              		.thumb
  15              		.syntax unified
  16              		.file	"cyfitter_sysint_cfg.c"
  17              		.text
  18              	.Ltext0:
  19              		.cfi_sections	.debug_frame
  20              		.global	ADC_1_IRQ_cfg
  21              		.global	UART_SCB_IRQ_cfg
  22              		.section	.rodata
  23              		.align	2
  24              		.type	ADC_1_IRQ_cfg, %object
  25              		.size	ADC_1_IRQ_cfg, 8
  26              	ADC_1_IRQ_cfg:
  27 0000 8A00     		.short	138
  28 0002 0000     		.space	2
  29 0004 07000000 		.word	7
  30              		.type	UART_SCB_IRQ_cfg, %object
  31              		.size	UART_SCB_IRQ_cfg, 8
  32              	UART_SCB_IRQ_cfg:
  33 0008 2E00     		.short	46
  34 000a 0000     		.space	2
  35 000c 07000000 		.word	7
  36              		.text
  37              	.Letext0:
  38              		.file 1 "Generated_Source\\PSoC6\\pdl\\devices/psoc6/include/cyble_416045_02.h"
  39              		.file 2 "c:\\program files (x86)\\cypress\\psoc creator\\4.4\\psoc creator\\import\\gnu\\arm\\5.4.
  40              		.file 3 "c:\\program files (x86)\\cypress\\psoc creator\\4.4\\psoc creator\\import\\gnu\\arm\\5.4.
  41              		.file 4 "Generated_Source\\PSoC6\\pdl\\drivers/peripheral/device/cy_device.h"
  42              		.file 5 "Generated_Source\\PSoC6\\pdl\\drivers/peripheral/sysint/cy_sysint.h"
  43              		.file 6 "Generated_Source\\PSoC6\\pdl\\cmsis/include/core_cm4.h"
  44              		.file 7 "Generated_Source\\PSoC6\\cyfitter_sysint_cfg.c"
  45              		.section	.debug_info,"",%progbits
  46              	.Ldebug_info0:
  47 0000 57090000 		.4byte	0x957
  48 0004 0400     		.2byte	0x4
  49 0006 00000000 		.4byte	.Ldebug_abbrev0
  50 000a 04       		.byte	0x4
  51 000b 01       		.uleb128 0x1
  52 000c 69030000 		.4byte	.LASF277
  53 0010 0C       		.byte	0xc
  54 0011 41140000 		.4byte	.LASF278
  55 0015 1C0E0000 		.4byte	.LASF279
  56 0019 00000000 		.4byte	.Ldebug_line0
  57 001d 02       		.uleb128 0x2
ARM GAS  C:\Users\cmila\AppData\Local\Temp\cc3i1FQR.s 			page 2


  58 001e 02       		.byte	0x2
  59 001f DE030000 		.4byte	0x3de
  60 0023 01       		.byte	0x1
  61 0024 24       		.byte	0x24
  62 0025 DE030000 		.4byte	0x3de
  63 0029 03       		.uleb128 0x3
  64 002a 57150000 		.4byte	.LASF0
  65 002e 71       		.sleb128 -15
  66 002f 03       		.uleb128 0x3
  67 0030 F4100000 		.4byte	.LASF1
  68 0034 72       		.sleb128 -14
  69 0035 03       		.uleb128 0x3
  70 0036 90150000 		.4byte	.LASF2
  71 003a 73       		.sleb128 -13
  72 003b 03       		.uleb128 0x3
  73 003c 86040000 		.4byte	.LASF3
  74 0040 74       		.sleb128 -12
  75 0041 03       		.uleb128 0x3
  76 0042 A60C0000 		.4byte	.LASF4
  77 0046 75       		.sleb128 -11
  78 0047 03       		.uleb128 0x3
  79 0048 F3130000 		.4byte	.LASF5
  80 004c 76       		.sleb128 -10
  81 004d 03       		.uleb128 0x3
  82 004e D8060000 		.4byte	.LASF6
  83 0052 7B       		.sleb128 -5
  84 0053 03       		.uleb128 0x3
  85 0054 E1130000 		.4byte	.LASF7
  86 0058 7C       		.sleb128 -4
  87 0059 03       		.uleb128 0x3
  88 005a 5D030000 		.4byte	.LASF8
  89 005e 7E       		.sleb128 -2
  90 005f 03       		.uleb128 0x3
  91 0060 DE120000 		.4byte	.LASF9
  92 0064 7F       		.sleb128 -1
  93 0065 04       		.uleb128 0x4
  94 0066 9E160000 		.4byte	.LASF10
  95 006a 00       		.byte	0
  96 006b 04       		.uleb128 0x4
  97 006c 000E0000 		.4byte	.LASF11
  98 0070 01       		.byte	0x1
  99 0071 04       		.uleb128 0x4
 100 0072 29020000 		.4byte	.LASF12
 101 0076 02       		.byte	0x2
 102 0077 04       		.uleb128 0x4
 103 0078 08120000 		.4byte	.LASF13
 104 007c 03       		.byte	0x3
 105 007d 04       		.uleb128 0x4
 106 007e 78090000 		.4byte	.LASF14
 107 0082 04       		.byte	0x4
 108 0083 04       		.uleb128 0x4
 109 0084 18160000 		.4byte	.LASF15
 110 0088 05       		.byte	0x5
 111 0089 04       		.uleb128 0x4
 112 008a 420D0000 		.4byte	.LASF16
 113 008e 06       		.byte	0x6
 114 008f 04       		.uleb128 0x4
ARM GAS  C:\Users\cmila\AppData\Local\Temp\cc3i1FQR.s 			page 3


 115 0090 F1040000 		.4byte	.LASF17
 116 0094 07       		.byte	0x7
 117 0095 04       		.uleb128 0x4
 118 0096 AE110000 		.4byte	.LASF18
 119 009a 08       		.byte	0x8
 120 009b 04       		.uleb128 0x4
 121 009c 0E090000 		.4byte	.LASF19
 122 00a0 09       		.byte	0x9
 123 00a1 04       		.uleb128 0x4
 124 00a2 94090000 		.4byte	.LASF20
 125 00a6 0A       		.byte	0xa
 126 00a7 04       		.uleb128 0x4
 127 00a8 3D070000 		.4byte	.LASF21
 128 00ac 0B       		.byte	0xb
 129 00ad 04       		.uleb128 0x4
 130 00ae 76100000 		.4byte	.LASF22
 131 00b2 0C       		.byte	0xc
 132 00b3 04       		.uleb128 0x4
 133 00b4 0D050000 		.4byte	.LASF23
 134 00b8 0D       		.byte	0xd
 135 00b9 04       		.uleb128 0x4
 136 00ba 75110000 		.4byte	.LASF24
 137 00be 0E       		.byte	0xe
 138 00bf 04       		.uleb128 0x4
 139 00c0 24000000 		.4byte	.LASF25
 140 00c4 0F       		.byte	0xf
 141 00c5 04       		.uleb128 0x4
 142 00c6 18150000 		.4byte	.LASF26
 143 00ca 10       		.byte	0x10
 144 00cb 04       		.uleb128 0x4
 145 00cc AE0B0000 		.4byte	.LASF27
 146 00d0 11       		.byte	0x11
 147 00d1 04       		.uleb128 0x4
 148 00d2 71040000 		.4byte	.LASF28
 149 00d6 12       		.byte	0x12
 150 00d7 04       		.uleb128 0x4
 151 00d8 7D0B0000 		.4byte	.LASF29
 152 00dc 13       		.byte	0x13
 153 00dd 04       		.uleb128 0x4
 154 00de 0D020000 		.4byte	.LASF30
 155 00e2 14       		.byte	0x14
 156 00e3 04       		.uleb128 0x4
 157 00e4 98060000 		.4byte	.LASF31
 158 00e8 15       		.byte	0x15
 159 00e9 04       		.uleb128 0x4
 160 00ea CE090000 		.4byte	.LASF32
 161 00ee 16       		.byte	0x16
 162 00ef 04       		.uleb128 0x4
 163 00f0 D0010000 		.4byte	.LASF33
 164 00f4 17       		.byte	0x17
 165 00f5 04       		.uleb128 0x4
 166 00f6 93100000 		.4byte	.LASF34
 167 00fa 18       		.byte	0x18
 168 00fb 04       		.uleb128 0x4
 169 00fc 1E0C0000 		.4byte	.LASF35
 170 0100 19       		.byte	0x19
 171 0101 04       		.uleb128 0x4
ARM GAS  C:\Users\cmila\AppData\Local\Temp\cc3i1FQR.s 			page 4


 172 0102 B1000000 		.4byte	.LASF36
 173 0106 1A       		.byte	0x1a
 174 0107 04       		.uleb128 0x4
 175 0108 D4070000 		.4byte	.LASF37
 176 010c 1B       		.byte	0x1b
 177 010d 04       		.uleb128 0x4
 178 010e 70170000 		.4byte	.LASF38
 179 0112 1C       		.byte	0x1c
 180 0113 04       		.uleb128 0x4
 181 0114 A8140000 		.4byte	.LASF39
 182 0118 1D       		.byte	0x1d
 183 0119 04       		.uleb128 0x4
 184 011a C40B0000 		.4byte	.LASF40
 185 011e 1E       		.byte	0x1e
 186 011f 04       		.uleb128 0x4
 187 0120 92110000 		.4byte	.LASF41
 188 0124 1F       		.byte	0x1f
 189 0125 04       		.uleb128 0x4
 190 0126 E30F0000 		.4byte	.LASF42
 191 012a 20       		.byte	0x20
 192 012b 04       		.uleb128 0x4
 193 012c 5A070000 		.4byte	.LASF43
 194 0130 21       		.byte	0x21
 195 0131 04       		.uleb128 0x4
 196 0132 34160000 		.4byte	.LASF44
 197 0136 22       		.byte	0x22
 198 0137 04       		.uleb128 0x4
 199 0138 B10A0000 		.4byte	.LASF45
 200 013c 23       		.byte	0x23
 201 013d 04       		.uleb128 0x4
 202 013e 6B010000 		.4byte	.LASF46
 203 0142 24       		.byte	0x24
 204 0143 04       		.uleb128 0x4
 205 0144 58110000 		.4byte	.LASF47
 206 0148 25       		.byte	0x25
 207 0149 04       		.uleb128 0x4
 208 014a 6E060000 		.4byte	.LASF48
 209 014e 26       		.byte	0x26
 210 014f 04       		.uleb128 0x4
 211 0150 3A150000 		.4byte	.LASF49
 212 0154 27       		.byte	0x27
 213 0155 04       		.uleb128 0x4
 214 0156 690C0000 		.4byte	.LASF50
 215 015a 28       		.byte	0x28
 216 015b 04       		.uleb128 0x4
 217 015c E4060000 		.4byte	.LASF51
 218 0160 29       		.byte	0x29
 219 0161 04       		.uleb128 0x4
 220 0162 120D0000 		.4byte	.LASF52
 221 0166 2A       		.byte	0x2a
 222 0167 04       		.uleb128 0x4
 223 0168 F3110000 		.4byte	.LASF53
 224 016c 2B       		.byte	0x2b
 225 016d 04       		.uleb128 0x4
 226 016e CD000000 		.4byte	.LASF54
 227 0172 2C       		.byte	0x2c
 228 0173 04       		.uleb128 0x4
ARM GAS  C:\Users\cmila\AppData\Local\Temp\cc3i1FQR.s 			page 5


 229 0174 9B050000 		.4byte	.LASF55
 230 0178 2D       		.byte	0x2d
 231 0179 04       		.uleb128 0x4
 232 017a 540C0000 		.4byte	.LASF56
 233 017e 2E       		.byte	0x2e
 234 017f 04       		.uleb128 0x4
 235 0180 43110000 		.4byte	.LASF57
 236 0184 2F       		.byte	0x2f
 237 0185 04       		.uleb128 0x4
 238 0186 8C170000 		.4byte	.LASF58
 239 018a 30       		.byte	0x30
 240 018b 04       		.uleb128 0x4
 241 018c 13070000 		.4byte	.LASF59
 242 0190 31       		.byte	0x31
 243 0191 04       		.uleb128 0x4
 244 0192 88120000 		.4byte	.LASF60
 245 0196 32       		.byte	0x32
 246 0197 04       		.uleb128 0x4
 247 0198 2C0A0000 		.4byte	.LASF61
 248 019c 33       		.byte	0x33
 249 019d 04       		.uleb128 0x4
 250 019e 24010000 		.4byte	.LASF62
 251 01a2 34       		.byte	0x34
 252 01a3 04       		.uleb128 0x4
 253 01a4 D60D0000 		.4byte	.LASF63
 254 01a8 35       		.byte	0x35
 255 01a9 04       		.uleb128 0x4
 256 01aa 5A130000 		.4byte	.LASF64
 257 01ae 36       		.byte	0x36
 258 01af 04       		.uleb128 0x4
 259 01b0 D4140000 		.4byte	.LASF65
 260 01b4 37       		.byte	0x37
 261 01b5 04       		.uleb128 0x4
 262 01b6 5C090000 		.4byte	.LASF66
 263 01ba 38       		.byte	0x38
 264 01bb 04       		.uleb128 0x4
 265 01bc 90000000 		.4byte	.LASF67
 266 01c0 39       		.byte	0x39
 267 01c1 04       		.uleb128 0x4
 268 01c2 5A100000 		.4byte	.LASF68
 269 01c6 3A       		.byte	0x3a
 270 01c7 04       		.uleb128 0x4
 271 01c8 BA0D0000 		.4byte	.LASF69
 272 01cc 3B       		.byte	0x3b
 273 01cd 04       		.uleb128 0x4
 274 01ce D6080000 		.4byte	.LASF70
 275 01d2 3C       		.byte	0x3c
 276 01d3 04       		.uleb128 0x4
 277 01d4 BA160000 		.4byte	.LASF71
 278 01d8 3D       		.byte	0x3d
 279 01d9 04       		.uleb128 0x4
 280 01da 7D0E0000 		.4byte	.LASF72
 281 01de 3E       		.byte	0x3e
 282 01df 04       		.uleb128 0x4
 283 01e0 5A020000 		.4byte	.LASF73
 284 01e4 3F       		.byte	0x3f
 285 01e5 04       		.uleb128 0x4
ARM GAS  C:\Users\cmila\AppData\Local\Temp\cc3i1FQR.s 			page 6


 286 01e6 24120000 		.4byte	.LASF74
 287 01ea 40       		.byte	0x40
 288 01eb 04       		.uleb128 0x4
 289 01ec B1090000 		.4byte	.LASF75
 290 01f0 41       		.byte	0x41
 291 01f1 04       		.uleb128 0x4
 292 01f2 27030000 		.4byte	.LASF76
 293 01f6 42       		.byte	0x42
 294 01f7 04       		.uleb128 0x4
 295 01f8 F8120000 		.4byte	.LASF77
 296 01fc 43       		.byte	0x43
 297 01fd 04       		.uleb128 0x4
 298 01fe 6E0A0000 		.4byte	.LASF78
 299 0202 44       		.byte	0x44
 300 0203 04       		.uleb128 0x4
 301 0204 EB160000 		.4byte	.LASF79
 302 0208 45       		.byte	0x45
 303 0209 04       		.uleb128 0x4
 304 020a 9A0E0000 		.4byte	.LASF80
 305 020e 46       		.byte	0x46
 306 020f 04       		.uleb128 0x4
 307 0210 BB050000 		.4byte	.LASF81
 308 0214 47       		.byte	0x47
 309 0215 04       		.uleb128 0x4
 310 0216 51120000 		.4byte	.LASF82
 311 021a 48       		.byte	0x48
 312 021b 04       		.uleb128 0x4
 313 021c F3090000 		.4byte	.LASF83
 314 0220 49       		.byte	0x49
 315 0221 04       		.uleb128 0x4
 316 0222 E2000000 		.4byte	.LASF84
 317 0226 4A       		.byte	0x4a
 318 0227 04       		.uleb128 0x4
 319 0228 9E0D0000 		.4byte	.LASF85
 320 022c 4B       		.byte	0x4b
 321 022d 04       		.uleb128 0x4
 322 022e B60E0000 		.4byte	.LASF86
 323 0232 4C       		.byte	0x4c
 324 0233 04       		.uleb128 0x4
 325 0234 EA050000 		.4byte	.LASF87
 326 0238 4D       		.byte	0x4d
 327 0239 04       		.uleb128 0x4
 328 023a FB140000 		.4byte	.LASF88
 329 023e 4E       		.byte	0x4e
 330 023f 04       		.uleb128 0x4
 331 0240 0F0A0000 		.4byte	.LASF89
 332 0244 4F       		.byte	0x4f
 333 0245 04       		.uleb128 0x4
 334 0246 FE000000 		.4byte	.LASF90
 335 024a 50       		.byte	0x50
 336 024b 04       		.uleb128 0x4
 337 024c B1100000 		.4byte	.LASF91
 338 0250 51       		.byte	0x51
 339 0251 04       		.uleb128 0x4
 340 0252 76070000 		.4byte	.LASF92
 341 0256 52       		.byte	0x52
 342 0257 04       		.uleb128 0x4
ARM GAS  C:\Users\cmila\AppData\Local\Temp\cc3i1FQR.s 			page 7


 343 0258 5C160000 		.4byte	.LASF93
 344 025c 53       		.byte	0x53
 345 025d 04       		.uleb128 0x4
 346 025e 2F170000 		.4byte	.LASF94
 347 0262 54       		.byte	0x54
 348 0263 04       		.uleb128 0x4
 349 0264 CE0A0000 		.4byte	.LASF95
 350 0268 55       		.byte	0x55
 351 0269 04       		.uleb128 0x4
 352 026a 7E0D0000 		.4byte	.LASF96
 353 026e 56       		.byte	0x56
 354 026f 04       		.uleb128 0x4
 355 0270 55050000 		.4byte	.LASF97
 356 0274 57       		.byte	0x57
 357 0275 04       		.uleb128 0x4
 358 0276 A1170000 		.4byte	.LASF98
 359 027a 58       		.byte	0x58
 360 027b 04       		.uleb128 0x4
 361 027c 6E0F0000 		.4byte	.LASF99
 362 0280 59       		.byte	0x59
 363 0281 04       		.uleb128 0x4
 364 0282 4B170000 		.4byte	.LASF100
 365 0286 5A       		.byte	0x5a
 366 0287 04       		.uleb128 0x4
 367 0288 3A0C0000 		.4byte	.LASF101
 368 028c 5B       		.byte	0x5b
 369 028d 04       		.uleb128 0x4
 370 028e 43030000 		.4byte	.LASF102
 371 0292 5C       		.byte	0x5c
 372 0293 04       		.uleb128 0x4
 373 0294 34130000 		.4byte	.LASF103
 374 0298 5D       		.byte	0x5d
 375 0299 04       		.uleb128 0x4
 376 029a F0070000 		.4byte	.LASF104
 377 029e 5E       		.byte	0x5e
 378 029f 04       		.uleb128 0x4
 379 02a0 07170000 		.4byte	.LASF105
 380 02a4 5F       		.byte	0x5f
 381 02a5 04       		.uleb128 0x4
 382 02a6 D30E0000 		.4byte	.LASF106
 383 02aa 60       		.byte	0x60
 384 02ab 04       		.uleb128 0x4
 385 02ac DB020000 		.4byte	.LASF107
 386 02b0 61       		.byte	0x61
 387 02b1 04       		.uleb128 0x4
 388 02b2 03140000 		.4byte	.LASF108
 389 02b6 62       		.byte	0x62
 390 02b7 04       		.uleb128 0x4
 391 02b8 8B080000 		.4byte	.LASF109
 392 02bc 63       		.byte	0x63
 393 02bd 04       		.uleb128 0x4
 394 02be C1170000 		.4byte	.LASF110
 395 02c2 64       		.byte	0x64
 396 02c3 04       		.uleb128 0x4
 397 02c4 8E0F0000 		.4byte	.LASF111
 398 02c8 65       		.byte	0x65
 399 02c9 04       		.uleb128 0x4
ARM GAS  C:\Users\cmila\AppData\Local\Temp\cc3i1FQR.s 			page 8


 400 02ca F9060000 		.4byte	.LASF112
 401 02ce 66       		.byte	0x66
 402 02cf 04       		.uleb128 0x4
 403 02d0 8E130000 		.4byte	.LASF113
 404 02d4 67       		.byte	0x67
 405 02d5 04       		.uleb128 0x4
 406 02d6 E60A0000 		.4byte	.LASF114
 407 02da 68       		.byte	0x68
 408 02db 04       		.uleb128 0x4
 409 02dc AC010000 		.4byte	.LASF115
 410 02e0 69       		.byte	0x69
 411 02e1 04       		.uleb128 0x4
 412 02e2 110F0000 		.4byte	.LASF116
 413 02e6 6A       		.byte	0x6a
 414 02e7 04       		.uleb128 0x4
 415 02e8 B3060000 		.4byte	.LASF117
 416 02ec 6B       		.byte	0x6b
 417 02ed 04       		.uleb128 0x4
 418 02ee FD150000 		.4byte	.LASF118
 419 02f2 6C       		.byte	0x6c
 420 02f3 04       		.uleb128 0x4
 421 02f4 270D0000 		.4byte	.LASF119
 422 02f8 6D       		.byte	0x6d
 423 02f9 04       		.uleb128 0x4
 424 02fa D6040000 		.4byte	.LASF120
 425 02fe 6E       		.byte	0x6e
 426 02ff 04       		.uleb128 0x4
 427 0300 8D140000 		.4byte	.LASF121
 428 0304 6F       		.byte	0x6f
 429 0305 04       		.uleb128 0x4
 430 0306 F3080000 		.4byte	.LASF122
 431 030a 70       		.byte	0x70
 432 030b 04       		.uleb128 0x4
 433 030c 3D000000 		.4byte	.LASF123
 434 0310 71       		.byte	0x71
 435 0311 04       		.uleb128 0x4
 436 0312 C80F0000 		.4byte	.LASF124
 437 0316 72       		.byte	0x72
 438 0317 04       		.uleb128 0x4
 439 0318 9C040000 		.4byte	.LASF125
 440 031c 73       		.byte	0x73
 441 031d 04       		.uleb128 0x4
 442 031e C6130000 		.4byte	.LASF126
 443 0322 74       		.byte	0x74
 444 0323 04       		.uleb128 0x4
 445 0324 460B0000 		.4byte	.LASF127
 446 0328 75       		.byte	0x75
 447 0329 04       		.uleb128 0x4
 448 032a 08110000 		.4byte	.LASF128
 449 032e 76       		.byte	0x76
 450 032f 04       		.uleb128 0x4
 451 0330 9C020000 		.4byte	.LASF129
 452 0334 77       		.byte	0x77
 453 0335 04       		.uleb128 0x4
 454 0336 6D120000 		.4byte	.LASF130
 455 033a 78       		.byte	0x78
 456 033b 04       		.uleb128 0x4
ARM GAS  C:\Users\cmila\AppData\Local\Temp\cc3i1FQR.s 			page 9


 457 033c 81020000 		.4byte	.LASF131
 458 0340 79       		.byte	0x79
 459 0341 04       		.uleb128 0x4
 460 0342 C3150000 		.4byte	.LASF132
 461 0346 7A       		.byte	0x7a
 462 0347 04       		.uleb128 0x4
 463 0348 DA0C0000 		.4byte	.LASF133
 464 034c 7B       		.byte	0x7b
 465 034d 04       		.uleb128 0x4
 466 034e B7040000 		.4byte	.LASF134
 467 0352 7C       		.byte	0x7c
 468 0353 04       		.uleb128 0x4
 469 0354 1D140000 		.4byte	.LASF135
 470 0358 7D       		.byte	0x7d
 471 0359 04       		.uleb128 0x4
 472 035a A5080000 		.4byte	.LASF136
 473 035e 7E       		.byte	0x7e
 474 035f 04       		.uleb128 0x4
 475 0360 FF0F0000 		.4byte	.LASF137
 476 0364 7F       		.byte	0x7f
 477 0365 04       		.uleb128 0x4
 478 0366 A80F0000 		.4byte	.LASF138
 479 036a 80       		.byte	0x80
 480 036b 04       		.uleb128 0x4
 481 036c 5B040000 		.4byte	.LASF139
 482 0370 81       		.byte	0x81
 483 0371 04       		.uleb128 0x4
 484 0372 A8130000 		.4byte	.LASF140
 485 0376 82       		.byte	0x82
 486 0377 04       		.uleb128 0x4
 487 0378 000B0000 		.4byte	.LASF141
 488 037c 83       		.byte	0x83
 489 037d 04       		.uleb128 0x4
 490 037e 62000000 		.4byte	.LASF142
 491 0382 84       		.byte	0x84
 492 0383 04       		.uleb128 0x4
 493 0384 BD070000 		.4byte	.LASF143
 494 0388 85       		.byte	0x85
 495 0389 04       		.uleb128 0x4
 496 038a C7120000 		.4byte	.LASF144
 497 038e 86       		.byte	0x86
 498 038f 04       		.uleb128 0x4
 499 0390 270B0000 		.4byte	.LASF145
 500 0394 87       		.byte	0x87
 501 0395 04       		.uleb128 0x4
 502 0396 B7020000 		.4byte	.LASF146
 503 039a 88       		.byte	0x88
 504 039b 04       		.uleb128 0x4
 505 039c 2A050000 		.4byte	.LASF147
 506 03a0 89       		.byte	0x89
 507 03a1 04       		.uleb128 0x4
 508 03a2 AB150000 		.4byte	.LASF148
 509 03a6 8A       		.byte	0x8a
 510 03a7 04       		.uleb128 0x4
 511 03a8 4E080000 		.4byte	.LASF149
 512 03ac 8B       		.byte	0x8b
 513 03ad 04       		.uleb128 0x4
ARM GAS  C:\Users\cmila\AppData\Local\Temp\cc3i1FQR.s 			page 10


 514 03ae BB080000 		.4byte	.LASF150
 515 03b2 8C       		.byte	0x8c
 516 03b3 04       		.uleb128 0x4
 517 03b4 26070000 		.4byte	.LASF151
 518 03b8 8D       		.byte	0x8d
 519 03b9 04       		.uleb128 0x4
 520 03ba DF110000 		.4byte	.LASF152
 521 03be 8E       		.byte	0x8e
 522 03bf 04       		.uleb128 0x4
 523 03c0 FC0C0000 		.4byte	.LASF153
 524 03c4 8F       		.byte	0x8f
 525 03c5 04       		.uleb128 0x4
 526 03c6 07060000 		.4byte	.LASF154
 527 03ca 90       		.byte	0x90
 528 03cb 04       		.uleb128 0x4
 529 03cc 9B0A0000 		.4byte	.LASF155
 530 03d0 91       		.byte	0x91
 531 03d1 04       		.uleb128 0x4
 532 03d2 72080000 		.4byte	.LASF156
 533 03d6 92       		.byte	0x92
 534 03d7 04       		.uleb128 0x4
 535 03d8 5D0A0000 		.4byte	.LASF157
 536 03dc F0       		.byte	0xf0
 537 03dd 00       		.byte	0
 538 03de 05       		.uleb128 0x5
 539 03df 02       		.byte	0x2
 540 03e0 05       		.byte	0x5
 541 03e1 77020000 		.4byte	.LASF158
 542 03e5 06       		.uleb128 0x6
 543 03e6 A8070000 		.4byte	.LASF160
 544 03ea 01       		.byte	0x1
 545 03eb F4       		.byte	0xf4
 546 03ec 1D000000 		.4byte	0x1d
 547 03f0 05       		.uleb128 0x5
 548 03f1 01       		.byte	0x1
 549 03f2 06       		.byte	0x6
 550 03f3 9F150000 		.4byte	.LASF159
 551 03f7 06       		.uleb128 0x6
 552 03f8 30150000 		.4byte	.LASF161
 553 03fc 02       		.byte	0x2
 554 03fd 1D       		.byte	0x1d
 555 03fe 02040000 		.4byte	0x402
 556 0402 05       		.uleb128 0x5
 557 0403 01       		.byte	0x1
 558 0404 08       		.byte	0x8
 559 0405 33140000 		.4byte	.LASF162
 560 0409 06       		.uleb128 0x6
 561 040a 860C0000 		.4byte	.LASF163
 562 040e 02       		.byte	0x2
 563 040f 29       		.byte	0x29
 564 0410 DE030000 		.4byte	0x3de
 565 0414 06       		.uleb128 0x6
 566 0415 CD060000 		.4byte	.LASF164
 567 0419 02       		.byte	0x2
 568 041a 2B       		.byte	0x2b
 569 041b 1F040000 		.4byte	0x41f
 570 041f 05       		.uleb128 0x5
ARM GAS  C:\Users\cmila\AppData\Local\Temp\cc3i1FQR.s 			page 11


 571 0420 02       		.byte	0x2
 572 0421 07       		.byte	0x7
 573 0422 2B0F0000 		.4byte	.LASF165
 574 0426 06       		.uleb128 0x6
 575 0427 C6010000 		.4byte	.LASF166
 576 042b 02       		.byte	0x2
 577 042c 3F       		.byte	0x3f
 578 042d 31040000 		.4byte	0x431
 579 0431 05       		.uleb128 0x5
 580 0432 04       		.byte	0x4
 581 0433 05       		.byte	0x5
 582 0434 A8100000 		.4byte	.LASF167
 583 0438 06       		.uleb128 0x6
 584 0439 6E140000 		.4byte	.LASF168
 585 043d 02       		.byte	0x2
 586 043e 41       		.byte	0x41
 587 043f 43040000 		.4byte	0x443
 588 0443 05       		.uleb128 0x5
 589 0444 04       		.byte	0x4
 590 0445 07       		.byte	0x7
 591 0446 22130000 		.4byte	.LASF169
 592 044a 05       		.uleb128 0x5
 593 044b 08       		.byte	0x8
 594 044c 05       		.byte	0x5
 595 044d EE0B0000 		.4byte	.LASF170
 596 0451 05       		.uleb128 0x5
 597 0452 08       		.byte	0x8
 598 0453 07       		.byte	0x7
 599 0454 2E060000 		.4byte	.LASF171
 600 0458 07       		.uleb128 0x7
 601 0459 04       		.byte	0x4
 602 045a 05       		.byte	0x5
 603 045b 696E7400 		.ascii	"int\000"
 604 045f 05       		.uleb128 0x5
 605 0460 04       		.byte	0x4
 606 0461 07       		.byte	0x7
 607 0462 5E010000 		.4byte	.LASF172
 608 0466 06       		.uleb128 0x6
 609 0467 3E0B0000 		.4byte	.LASF173
 610 046b 03       		.byte	0x3
 611 046c 18       		.byte	0x18
 612 046d F7030000 		.4byte	0x3f7
 613 0471 06       		.uleb128 0x6
 614 0472 28040000 		.4byte	.LASF174
 615 0476 03       		.byte	0x3
 616 0477 20       		.byte	0x20
 617 0478 09040000 		.4byte	0x409
 618 047c 06       		.uleb128 0x6
 619 047d 4A0F0000 		.4byte	.LASF175
 620 0481 03       		.byte	0x3
 621 0482 24       		.byte	0x24
 622 0483 14040000 		.4byte	0x414
 623 0487 06       		.uleb128 0x6
 624 0488 76130000 		.4byte	.LASF176
 625 048c 03       		.byte	0x3
 626 048d 2C       		.byte	0x2c
 627 048e 26040000 		.4byte	0x426
ARM GAS  C:\Users\cmila\AppData\Local\Temp\cc3i1FQR.s 			page 12


 628 0492 06       		.uleb128 0x6
 629 0493 CD040000 		.4byte	.LASF177
 630 0497 03       		.byte	0x3
 631 0498 30       		.byte	0x30
 632 0499 38040000 		.4byte	0x438
 633 049d 05       		.uleb128 0x5
 634 049e 04       		.byte	0x4
 635 049f 07       		.byte	0x7
 636 04a0 15100000 		.4byte	.LASF178
 637 04a4 05       		.uleb128 0x5
 638 04a5 08       		.byte	0x8
 639 04a6 04       		.byte	0x4
 640 04a7 3E0F0000 		.4byte	.LASF179
 641 04ab 08       		.uleb128 0x8
 642 04ac B8       		.byte	0xb8
 643 04ad 04       		.byte	0x4
 644 04ae 34       		.byte	0x34
 645 04af BC080000 		.4byte	0x8bc
 646 04b3 09       		.uleb128 0x9
 647 04b4 F8010000 		.4byte	.LASF180
 648 04b8 04       		.byte	0x4
 649 04b9 37       		.byte	0x37
 650 04ba 92040000 		.4byte	0x492
 651 04be 00       		.byte	0
 652 04bf 09       		.uleb128 0x9
 653 04c0 B0050000 		.4byte	.LASF181
 654 04c4 04       		.byte	0x4
 655 04c5 38       		.byte	0x38
 656 04c6 92040000 		.4byte	0x492
 657 04ca 04       		.byte	0x4
 658 04cb 09       		.uleb128 0x9
 659 04cc 1B010000 		.4byte	.LASF182
 660 04d0 04       		.byte	0x4
 661 04d1 39       		.byte	0x39
 662 04d2 92040000 		.4byte	0x492
 663 04d6 08       		.byte	0x8
 664 04d7 09       		.uleb128 0x9
 665 04d8 BE130000 		.4byte	.LASF183
 666 04dc 04       		.byte	0x4
 667 04dd 3A       		.byte	0x3a
 668 04de 92040000 		.4byte	0x492
 669 04e2 0C       		.byte	0xc
 670 04e3 09       		.uleb128 0x9
 671 04e4 530F0000 		.4byte	.LASF184
 672 04e8 04       		.byte	0x4
 673 04e9 3B       		.byte	0x3b
 674 04ea 92040000 		.4byte	0x492
 675 04ee 10       		.byte	0x10
 676 04ef 09       		.uleb128 0x9
 677 04f0 9C0C0000 		.4byte	.LASF185
 678 04f4 04       		.byte	0x4
 679 04f5 3C       		.byte	0x3c
 680 04f6 92040000 		.4byte	0x492
 681 04fa 14       		.byte	0x14
 682 04fb 09       		.uleb128 0x9
 683 04fc 69080000 		.4byte	.LASF186
 684 0500 04       		.byte	0x4
ARM GAS  C:\Users\cmila\AppData\Local\Temp\cc3i1FQR.s 			page 13


 685 0501 3D       		.byte	0x3d
 686 0502 92040000 		.4byte	0x492
 687 0506 18       		.byte	0x18
 688 0507 09       		.uleb128 0x9
 689 0508 81160000 		.4byte	.LASF187
 690 050c 04       		.byte	0x4
 691 050d 3E       		.byte	0x3e
 692 050e 92040000 		.4byte	0x492
 693 0512 1C       		.byte	0x1c
 694 0513 09       		.uleb128 0x9
 695 0514 FC0B0000 		.4byte	.LASF188
 696 0518 04       		.byte	0x4
 697 0519 3F       		.byte	0x3f
 698 051a 92040000 		.4byte	0x492
 699 051e 20       		.byte	0x20
 700 051f 09       		.uleb128 0x9
 701 0520 130C0000 		.4byte	.LASF189
 702 0524 04       		.byte	0x4
 703 0525 40       		.byte	0x40
 704 0526 92040000 		.4byte	0x492
 705 052a 24       		.byte	0x24
 706 052b 09       		.uleb128 0x9
 707 052c CE100000 		.4byte	.LASF190
 708 0530 04       		.byte	0x4
 709 0531 43       		.byte	0x43
 710 0532 66040000 		.4byte	0x466
 711 0536 28       		.byte	0x28
 712 0537 09       		.uleb128 0x9
 713 0538 7B050000 		.4byte	.LASF191
 714 053c 04       		.byte	0x4
 715 053d 44       		.byte	0x44
 716 053e 66040000 		.4byte	0x466
 717 0542 29       		.byte	0x29
 718 0543 09       		.uleb128 0x9
 719 0544 BE0F0000 		.4byte	.LASF192
 720 0548 04       		.byte	0x4
 721 0549 45       		.byte	0x45
 722 054a 66040000 		.4byte	0x466
 723 054e 2A       		.byte	0x2a
 724 054f 09       		.uleb128 0x9
 725 0550 23110000 		.4byte	.LASF193
 726 0554 04       		.byte	0x4
 727 0555 46       		.byte	0x46
 728 0556 66040000 		.4byte	0x466
 729 055a 2B       		.byte	0x2b
 730 055b 09       		.uleb128 0x9
 731 055c E8100000 		.4byte	.LASF194
 732 0560 04       		.byte	0x4
 733 0561 47       		.byte	0x47
 734 0562 66040000 		.4byte	0x466
 735 0566 2C       		.byte	0x2c
 736 0567 09       		.uleb128 0x9
 737 0568 EB120000 		.4byte	.LASF195
 738 056c 04       		.byte	0x4
 739 056d 48       		.byte	0x48
 740 056e 66040000 		.4byte	0x466
 741 0572 2D       		.byte	0x2d
ARM GAS  C:\Users\cmila\AppData\Local\Temp\cc3i1FQR.s 			page 14


 742 0573 09       		.uleb128 0x9
 743 0574 65170000 		.4byte	.LASF196
 744 0578 04       		.byte	0x4
 745 0579 49       		.byte	0x49
 746 057a 66040000 		.4byte	0x466
 747 057e 2E       		.byte	0x2e
 748 057f 09       		.uleb128 0x9
 749 0580 50160000 		.4byte	.LASF197
 750 0584 04       		.byte	0x4
 751 0585 4A       		.byte	0x4a
 752 0586 66040000 		.4byte	0x466
 753 058a 2F       		.byte	0x2f
 754 058b 09       		.uleb128 0x9
 755 058c 1C040000 		.4byte	.LASF198
 756 0590 04       		.byte	0x4
 757 0591 4B       		.byte	0x4b
 758 0592 66040000 		.4byte	0x466
 759 0596 30       		.byte	0x30
 760 0597 09       		.uleb128 0x9
 761 0598 5E0D0000 		.4byte	.LASF199
 762 059c 04       		.byte	0x4
 763 059d 4E       		.byte	0x4e
 764 059e 66040000 		.4byte	0x466
 765 05a2 31       		.byte	0x31
 766 05a3 09       		.uleb128 0x9
 767 05a4 D9150000 		.4byte	.LASF200
 768 05a8 04       		.byte	0x4
 769 05a9 4F       		.byte	0x4f
 770 05aa 66040000 		.4byte	0x466
 771 05ae 32       		.byte	0x32
 772 05af 09       		.uleb128 0x9
 773 05b0 F00C0000 		.4byte	.LASF201
 774 05b4 04       		.byte	0x4
 775 05b5 50       		.byte	0x50
 776 05b6 66040000 		.4byte	0x466
 777 05ba 33       		.byte	0x33
 778 05bb 09       		.uleb128 0x9
 779 05bc E2090000 		.4byte	.LASF202
 780 05c0 04       		.byte	0x4
 781 05c1 51       		.byte	0x51
 782 05c2 66040000 		.4byte	0x466
 783 05c6 34       		.byte	0x34
 784 05c7 09       		.uleb128 0x9
 785 05c8 8B060000 		.4byte	.LASF203
 786 05cc 04       		.byte	0x4
 787 05cd 52       		.byte	0x52
 788 05ce 71040000 		.4byte	0x471
 789 05d2 36       		.byte	0x36
 790 05d3 09       		.uleb128 0x9
 791 05d4 02020000 		.4byte	.LASF204
 792 05d8 04       		.byte	0x4
 793 05d9 53       		.byte	0x53
 794 05da 71040000 		.4byte	0x471
 795 05de 38       		.byte	0x38
 796 05df 09       		.uleb128 0x9
 797 05e0 45020000 		.4byte	.LASF205
 798 05e4 04       		.byte	0x4
ARM GAS  C:\Users\cmila\AppData\Local\Temp\cc3i1FQR.s 			page 15


 799 05e5 54       		.byte	0x54
 800 05e6 71040000 		.4byte	0x471
 801 05ea 3A       		.byte	0x3a
 802 05eb 09       		.uleb128 0x9
 803 05ec E9010000 		.4byte	.LASF206
 804 05f0 04       		.byte	0x4
 805 05f1 55       		.byte	0x55
 806 05f2 66040000 		.4byte	0x466
 807 05f6 3C       		.byte	0x3c
 808 05f7 09       		.uleb128 0x9
 809 05f8 B2070000 		.4byte	.LASF207
 810 05fc 04       		.byte	0x4
 811 05fd 56       		.byte	0x56
 812 05fe 66040000 		.4byte	0x466
 813 0602 3D       		.byte	0x3d
 814 0603 09       		.uleb128 0x9
 815 0604 2C080000 		.4byte	.LASF208
 816 0608 04       		.byte	0x4
 817 0609 57       		.byte	0x57
 818 060a 66040000 		.4byte	0x466
 819 060e 3E       		.byte	0x3e
 820 060f 09       		.uleb128 0x9
 821 0610 900C0000 		.4byte	.LASF209
 822 0614 04       		.byte	0x4
 823 0615 58       		.byte	0x58
 824 0616 66040000 		.4byte	0x466
 825 061a 3F       		.byte	0x3f
 826 061b 09       		.uleb128 0x9
 827 061c 88010000 		.4byte	.LASF210
 828 0620 04       		.byte	0x4
 829 0621 59       		.byte	0x59
 830 0622 66040000 		.4byte	0x466
 831 0626 40       		.byte	0x40
 832 0627 09       		.uleb128 0x9
 833 0628 41120000 		.4byte	.LASF211
 834 062c 04       		.byte	0x4
 835 062d 5A       		.byte	0x5a
 836 062e 66040000 		.4byte	0x466
 837 0632 41       		.byte	0x41
 838 0633 09       		.uleb128 0x9
 839 0634 84150000 		.4byte	.LASF212
 840 0638 04       		.byte	0x4
 841 0639 5B       		.byte	0x5b
 842 063a 66040000 		.4byte	0x466
 843 063e 42       		.byte	0x42
 844 063f 09       		.uleb128 0x9
 845 0640 40090000 		.4byte	.LASF213
 846 0644 04       		.byte	0x4
 847 0645 5C       		.byte	0x5c
 848 0646 66040000 		.4byte	0x466
 849 064a 43       		.byte	0x43
 850 064b 09       		.uleb128 0x9
 851 064c 8A0A0000 		.4byte	.LASF214
 852 0650 04       		.byte	0x4
 853 0651 5D       		.byte	0x5d
 854 0652 66040000 		.4byte	0x466
 855 0656 44       		.byte	0x44
ARM GAS  C:\Users\cmila\AppData\Local\Temp\cc3i1FQR.s 			page 16


 856 0657 09       		.uleb128 0x9
 857 0658 31110000 		.4byte	.LASF215
 858 065c 04       		.byte	0x4
 859 065d 5E       		.byte	0x5e
 860 065e 92040000 		.4byte	0x492
 861 0662 48       		.byte	0x48
 862 0663 09       		.uleb128 0x9
 863 0664 0B030000 		.4byte	.LASF216
 864 0668 04       		.byte	0x4
 865 0669 5F       		.byte	0x5f
 866 066a 92040000 		.4byte	0x492
 867 066e 4C       		.byte	0x4c
 868 066f 09       		.uleb128 0x9
 869 0670 62150000 		.4byte	.LASF217
 870 0674 04       		.byte	0x4
 871 0675 60       		.byte	0x60
 872 0676 66040000 		.4byte	0x466
 873 067a 50       		.byte	0x50
 874 067b 09       		.uleb128 0x9
 875 067c 0A080000 		.4byte	.LASF218
 876 0680 04       		.byte	0x4
 877 0681 61       		.byte	0x61
 878 0682 66040000 		.4byte	0x466
 879 0686 51       		.byte	0x51
 880 0687 09       		.uleb128 0x9
 881 0688 1E060000 		.4byte	.LASF219
 882 068c 04       		.byte	0x4
 883 068d 62       		.byte	0x62
 884 068e 66040000 		.4byte	0x466
 885 0692 52       		.byte	0x52
 886 0693 09       		.uleb128 0x9
 887 0694 89050000 		.4byte	.LASF220
 888 0698 04       		.byte	0x4
 889 0699 63       		.byte	0x63
 890 069a 66040000 		.4byte	0x466
 891 069e 53       		.byte	0x53
 892 069f 09       		.uleb128 0x9
 893 06a0 C4140000 		.4byte	.LASF221
 894 06a4 04       		.byte	0x4
 895 06a5 64       		.byte	0x64
 896 06a6 66040000 		.4byte	0x466
 897 06aa 54       		.byte	0x54
 898 06ab 09       		.uleb128 0x9
 899 06ac 3A080000 		.4byte	.LASF222
 900 06b0 04       		.byte	0x4
 901 06b1 65       		.byte	0x65
 902 06b2 66040000 		.4byte	0x466
 903 06b6 55       		.byte	0x55
 904 06b7 09       		.uleb128 0x9
 905 06b8 00000000 		.4byte	.LASF223
 906 06bc 04       		.byte	0x4
 907 06bd 66       		.byte	0x66
 908 06be 66040000 		.4byte	0x466
 909 06c2 56       		.byte	0x56
 910 06c3 09       		.uleb128 0x9
 911 06c4 8A160000 		.4byte	.LASF224
 912 06c8 04       		.byte	0x4
ARM GAS  C:\Users\cmila\AppData\Local\Temp\cc3i1FQR.s 			page 17


 913 06c9 67       		.byte	0x67
 914 06ca 66040000 		.4byte	0x466
 915 06ce 57       		.byte	0x57
 916 06cf 09       		.uleb128 0x9
 917 06d0 94070000 		.4byte	.LASF225
 918 06d4 04       		.byte	0x4
 919 06d5 68       		.byte	0x68
 920 06d6 66040000 		.4byte	0x466
 921 06da 58       		.byte	0x58
 922 06db 09       		.uleb128 0x9
 923 06dc D7160000 		.4byte	.LASF226
 924 06e0 04       		.byte	0x4
 925 06e1 69       		.byte	0x69
 926 06e2 66040000 		.4byte	0x466
 927 06e6 59       		.byte	0x59
 928 06e7 09       		.uleb128 0x9
 929 06e8 F0140000 		.4byte	.LASF227
 930 06ec 04       		.byte	0x4
 931 06ed 6E       		.byte	0x6e
 932 06ee 7C040000 		.4byte	0x47c
 933 06f2 5A       		.byte	0x5a
 934 06f3 09       		.uleb128 0x9
 935 06f4 55010000 		.4byte	.LASF228
 936 06f8 04       		.byte	0x4
 937 06f9 6F       		.byte	0x6f
 938 06fa 7C040000 		.4byte	0x47c
 939 06fe 5C       		.byte	0x5c
 940 06ff 09       		.uleb128 0x9
 941 0700 040C0000 		.4byte	.LASF229
 942 0704 04       		.byte	0x4
 943 0705 70       		.byte	0x70
 944 0706 66040000 		.4byte	0x466
 945 070a 5E       		.byte	0x5e
 946 070b 09       		.uleb128 0x9
 947 070c E7150000 		.4byte	.LASF230
 948 0710 04       		.byte	0x4
 949 0711 71       		.byte	0x71
 950 0712 66040000 		.4byte	0x466
 951 0716 5F       		.byte	0x5f
 952 0717 09       		.uleb128 0x9
 953 0718 4B090000 		.4byte	.LASF231
 954 071c 04       		.byte	0x4
 955 071d 72       		.byte	0x72
 956 071e 66040000 		.4byte	0x466
 957 0722 60       		.byte	0x60
 958 0723 09       		.uleb128 0x9
 959 0724 160B0000 		.4byte	.LASF232
 960 0728 04       		.byte	0x4
 961 0729 73       		.byte	0x73
 962 072a 92040000 		.4byte	0x492
 963 072e 64       		.byte	0x64
 964 072f 09       		.uleb128 0x9
 965 0730 1C080000 		.4byte	.LASF233
 966 0734 04       		.byte	0x4
 967 0735 76       		.byte	0x76
 968 0736 7C040000 		.4byte	0x47c
 969 073a 68       		.byte	0x68
ARM GAS  C:\Users\cmila\AppData\Local\Temp\cc3i1FQR.s 			page 18


 970 073b 09       		.uleb128 0x9
 971 073c 5C0F0000 		.4byte	.LASF234
 972 0740 04       		.byte	0x4
 973 0741 77       		.byte	0x77
 974 0742 7C040000 		.4byte	0x47c
 975 0746 6A       		.byte	0x6a
 976 0747 09       		.uleb128 0x9
 977 0748 CB0C0000 		.4byte	.LASF235
 978 074c 04       		.byte	0x4
 979 074d 78       		.byte	0x78
 980 074e 7C040000 		.4byte	0x47c
 981 0752 6C       		.byte	0x6c
 982 0753 09       		.uleb128 0x9
 983 0754 CE020000 		.4byte	.LASF236
 984 0758 04       		.byte	0x4
 985 0759 79       		.byte	0x79
 986 075a 7C040000 		.4byte	0x47c
 987 075e 6E       		.byte	0x6e
 988 075f 09       		.uleb128 0x9
 989 0760 690B0000 		.4byte	.LASF237
 990 0764 04       		.byte	0x4
 991 0765 7B       		.byte	0x7b
 992 0766 66040000 		.4byte	0x466
 993 076a 70       		.byte	0x70
 994 076b 09       		.uleb128 0x9
 995 076c 30040000 		.4byte	.LASF238
 996 0770 04       		.byte	0x4
 997 0771 7C       		.byte	0x7c
 998 0772 66040000 		.4byte	0x466
 999 0776 71       		.byte	0x71
 1000 0777 09       		.uleb128 0x9
 1001 0778 F5020000 		.4byte	.LASF239
 1002 077c 04       		.byte	0x4
 1003 077d 7D       		.byte	0x7d
 1004 077e 66040000 		.4byte	0x466
 1005 0782 72       		.byte	0x72
 1006 0783 09       		.uleb128 0x9
 1007 0784 95010000 		.4byte	.LASF240
 1008 0788 04       		.byte	0x4
 1009 0789 7E       		.byte	0x7e
 1010 078a 66040000 		.4byte	0x466
 1011 078e 73       		.byte	0x73
 1012 078f 09       		.uleb128 0x9
 1013 0790 48100000 		.4byte	.LASF241
 1014 0794 04       		.byte	0x4
 1015 0795 80       		.byte	0x80
 1016 0796 7C040000 		.4byte	0x47c
 1017 079a 74       		.byte	0x74
 1018 079b 09       		.uleb128 0x9
 1019 079c FE0E0000 		.4byte	.LASF242
 1020 07a0 04       		.byte	0x4
 1021 07a1 81       		.byte	0x81
 1022 07a2 7C040000 		.4byte	0x47c
 1023 07a6 76       		.byte	0x76
 1024 07a7 09       		.uleb128 0x9
 1025 07a8 480A0000 		.4byte	.LASF243
 1026 07ac 04       		.byte	0x4
ARM GAS  C:\Users\cmila\AppData\Local\Temp\cc3i1FQR.s 			page 19


 1027 07ad 82       		.byte	0x82
 1028 07ae 7C040000 		.4byte	0x47c
 1029 07b2 78       		.byte	0x78
 1030 07b3 09       		.uleb128 0x9
 1031 07b4 45060000 		.4byte	.LASF244
 1032 07b8 04       		.byte	0x4
 1033 07b9 83       		.byte	0x83
 1034 07ba 7C040000 		.4byte	0x47c
 1035 07be 7A       		.byte	0x7a
 1036 07bf 09       		.uleb128 0x9
 1037 07c0 990B0000 		.4byte	.LASF245
 1038 07c4 04       		.byte	0x4
 1039 07c5 86       		.byte	0x86
 1040 07c6 66040000 		.4byte	0x466
 1041 07ca 7C       		.byte	0x7c
 1042 07cb 09       		.uleb128 0x9
 1043 07cc 73150000 		.4byte	.LASF246
 1044 07d0 04       		.byte	0x4
 1045 07d1 87       		.byte	0x87
 1046 07d2 66040000 		.4byte	0x466
 1047 07d6 7D       		.byte	0x7d
 1048 07d7 09       		.uleb128 0x9
 1049 07d8 D7050000 		.4byte	.LASF247
 1050 07dc 04       		.byte	0x4
 1051 07dd 88       		.byte	0x88
 1052 07de 66040000 		.4byte	0x466
 1053 07e2 7E       		.byte	0x7e
 1054 07e3 09       		.uleb128 0x9
 1055 07e4 41050000 		.4byte	.LASF248
 1056 07e8 04       		.byte	0x4
 1057 07e9 89       		.byte	0x89
 1058 07ea 66040000 		.4byte	0x466
 1059 07ee 7F       		.byte	0x7f
 1060 07ef 09       		.uleb128 0x9
 1061 07f0 5A060000 		.4byte	.LASF249
 1062 07f4 04       		.byte	0x4
 1063 07f5 8A       		.byte	0x8a
 1064 07f6 66040000 		.4byte	0x466
 1065 07fa 80       		.byte	0x80
 1066 07fb 09       		.uleb128 0x9
 1067 07fc 79000000 		.4byte	.LASF250
 1068 0800 04       		.byte	0x4
 1069 0801 8D       		.byte	0x8d
 1070 0802 92040000 		.4byte	0x492
 1071 0806 84       		.byte	0x84
 1072 0807 09       		.uleb128 0x9
 1073 0808 B40C0000 		.4byte	.LASF251
 1074 080c 04       		.byte	0x4
 1075 080d 8E       		.byte	0x8e
 1076 080e 92040000 		.4byte	0x492
 1077 0812 88       		.byte	0x88
 1078 0813 09       		.uleb128 0x9
 1079 0814 690D0000 		.4byte	.LASF252
 1080 0818 04       		.byte	0x4
 1081 0819 8F       		.byte	0x8f
 1082 081a 92040000 		.4byte	0x492
 1083 081e 8C       		.byte	0x8c
ARM GAS  C:\Users\cmila\AppData\Local\Temp\cc3i1FQR.s 			page 20


 1084 081f 09       		.uleb128 0x9
 1085 0820 33100000 		.4byte	.LASF253
 1086 0824 04       		.byte	0x4
 1087 0825 90       		.byte	0x90
 1088 0826 92040000 		.4byte	0x492
 1089 082a 90       		.byte	0x90
 1090 082b 09       		.uleb128 0x9
 1091 082c CA110000 		.4byte	.LASF254
 1092 0830 04       		.byte	0x4
 1093 0831 91       		.byte	0x91
 1094 0832 92040000 		.4byte	0x492
 1095 0836 94       		.byte	0x94
 1096 0837 09       		.uleb128 0x9
 1097 0838 45040000 		.4byte	.LASF255
 1098 083c 04       		.byte	0x4
 1099 083d 92       		.byte	0x92
 1100 083e 92040000 		.4byte	0x492
 1101 0842 98       		.byte	0x98
 1102 0843 09       		.uleb128 0x9
 1103 0844 A4120000 		.4byte	.LASF256
 1104 0848 04       		.byte	0x4
 1105 0849 93       		.byte	0x93
 1106 084a 92040000 		.4byte	0x492
 1107 084e 9C       		.byte	0x9c
 1108 084f 09       		.uleb128 0x9
 1109 0850 2A090000 		.4byte	.LASF257
 1110 0854 04       		.byte	0x4
 1111 0855 94       		.byte	0x94
 1112 0856 92040000 		.4byte	0x492
 1113 085a A0       		.byte	0xa0
 1114 085b 09       		.uleb128 0x9
 1115 085c 40010000 		.4byte	.LASF258
 1116 0860 04       		.byte	0x4
 1117 0861 95       		.byte	0x95
 1118 0862 7C040000 		.4byte	0x47c
 1119 0866 A4       		.byte	0xa4
 1120 0867 09       		.uleb128 0x9
 1121 0868 1E100000 		.4byte	.LASF259
 1122 086c 04       		.byte	0x4
 1123 086d 96       		.byte	0x96
 1124 086e 7C040000 		.4byte	0x47c
 1125 0872 A6       		.byte	0xa6
 1126 0873 09       		.uleb128 0x9
 1127 0874 4E130000 		.4byte	.LASF260
 1128 0878 04       		.byte	0x4
 1129 0879 97       		.byte	0x97
 1130 087a 7C040000 		.4byte	0x47c
 1131 087e A8       		.byte	0xa8
 1132 087f 09       		.uleb128 0x9
 1133 0880 E00B0000 		.4byte	.LASF261
 1134 0884 04       		.byte	0x4
 1135 0885 98       		.byte	0x98
 1136 0886 7C040000 		.4byte	0x47c
 1137 088a AA       		.byte	0xaa
 1138 088b 09       		.uleb128 0x9
 1139 088c 19030000 		.4byte	.LASF262
 1140 0890 04       		.byte	0x4
ARM GAS  C:\Users\cmila\AppData\Local\Temp\cc3i1FQR.s 			page 21


 1141 0891 99       		.byte	0x99
 1142 0892 7C040000 		.4byte	0x47c
 1143 0896 AC       		.byte	0xac
 1144 0897 09       		.uleb128 0x9
 1145 0898 F20D0000 		.4byte	.LASF263
 1146 089c 04       		.byte	0x4
 1147 089d 9A       		.byte	0x9a
 1148 089e 7C040000 		.4byte	0x47c
 1149 08a2 AE       		.byte	0xae
 1150 08a3 09       		.uleb128 0x9
 1151 08a4 14130000 		.4byte	.LASF264
 1152 08a8 04       		.byte	0x4
 1153 08a9 9D       		.byte	0x9d
 1154 08aa 7C040000 		.4byte	0x47c
 1155 08ae B0       		.byte	0xb0
 1156 08af 09       		.uleb128 0x9
 1157 08b0 79140000 		.4byte	.LASF265
 1158 08b4 04       		.byte	0x4
 1159 08b5 9E       		.byte	0x9e
 1160 08b6 92040000 		.4byte	0x492
 1161 08ba B4       		.byte	0xb4
 1162 08bb 00       		.byte	0
 1163 08bc 06       		.uleb128 0x6
 1164 08bd 7E130000 		.4byte	.LASF266
 1165 08c1 04       		.byte	0x4
 1166 08c2 9F       		.byte	0x9f
 1167 08c3 AB040000 		.4byte	0x4ab
 1168 08c7 05       		.uleb128 0x5
 1169 08c8 01       		.byte	0x1
 1170 08c9 08       		.byte	0x8
 1171 08ca AC000000 		.4byte	.LASF267
 1172 08ce 05       		.uleb128 0x5
 1173 08cf 04       		.byte	0x4
 1174 08d0 04       		.byte	0x4
 1175 08d1 75050000 		.4byte	.LASF268
 1176 08d5 05       		.uleb128 0x5
 1177 08d6 08       		.byte	0x8
 1178 08d7 04       		.byte	0x4
 1179 08d8 7A160000 		.4byte	.LASF269
 1180 08dc 0A       		.uleb128 0xa
 1181 08dd 08       		.byte	0x8
 1182 08de 05       		.byte	0x5
 1183 08df 2D01     		.2byte	0x12d
 1184 08e1 00090000 		.4byte	0x900
 1185 08e5 0B       		.uleb128 0xb
 1186 08e6 610B0000 		.4byte	.LASF270
 1187 08ea 05       		.byte	0x5
 1188 08eb 2E01     		.2byte	0x12e
 1189 08ed E5030000 		.4byte	0x3e5
 1190 08f1 00       		.byte	0
 1191 08f2 0B       		.uleb128 0xb
 1192 08f3 BA120000 		.4byte	.LASF271
 1193 08f7 05       		.byte	0x5
 1194 08f8 3201     		.2byte	0x132
 1195 08fa 92040000 		.4byte	0x492
 1196 08fe 04       		.byte	0x4
 1197 08ff 00       		.byte	0
ARM GAS  C:\Users\cmila\AppData\Local\Temp\cc3i1FQR.s 			page 22


 1198 0900 0C       		.uleb128 0xc
 1199 0901 14000000 		.4byte	.LASF272
 1200 0905 05       		.byte	0x5
 1201 0906 3301     		.2byte	0x133
 1202 0908 DC080000 		.4byte	0x8dc
 1203 090c 0D       		.uleb128 0xd
 1204 090d DB100000 		.4byte	.LASF273
 1205 0911 06       		.byte	0x6
 1206 0912 F907     		.2byte	0x7f9
 1207 0914 18090000 		.4byte	0x918
 1208 0918 0E       		.uleb128 0xe
 1209 0919 87040000 		.4byte	0x487
 1210 091d 0F       		.uleb128 0xf
 1211 091e 58000000 		.4byte	.LASF274
 1212 0922 04       		.byte	0x4
 1213 0923 A7       		.byte	0xa7
 1214 0924 28090000 		.4byte	0x928
 1215 0928 10       		.uleb128 0x10
 1216 0929 04       		.byte	0x4
 1217 092a 2E090000 		.4byte	0x92e
 1218 092e 11       		.uleb128 0x11
 1219 092f BC080000 		.4byte	0x8bc
 1220 0933 12       		.uleb128 0x12
 1221 0934 ED0E0000 		.4byte	.LASF275
 1222 0938 07       		.byte	0x7
 1223 0939 18       		.byte	0x18
 1224 093a 44090000 		.4byte	0x944
 1225 093e 05       		.uleb128 0x5
 1226 093f 03       		.byte	0x3
 1227 0940 00000000 		.4byte	UART_SCB_IRQ_cfg
 1228 0944 11       		.uleb128 0x11
 1229 0945 00090000 		.4byte	0x900
 1230 0949 12       		.uleb128 0x12
 1231 094a 21170000 		.4byte	.LASF276
 1232 094e 07       		.byte	0x7
 1233 094f 1E       		.byte	0x1e
 1234 0950 44090000 		.4byte	0x944
 1235 0954 05       		.uleb128 0x5
 1236 0955 03       		.byte	0x3
 1237 0956 00000000 		.4byte	ADC_1_IRQ_cfg
 1238 095a 00       		.byte	0
 1239              		.section	.debug_abbrev,"",%progbits
 1240              	.Ldebug_abbrev0:
 1241 0000 01       		.uleb128 0x1
 1242 0001 11       		.uleb128 0x11
 1243 0002 01       		.byte	0x1
 1244 0003 25       		.uleb128 0x25
 1245 0004 0E       		.uleb128 0xe
 1246 0005 13       		.uleb128 0x13
 1247 0006 0B       		.uleb128 0xb
 1248 0007 03       		.uleb128 0x3
 1249 0008 0E       		.uleb128 0xe
 1250 0009 1B       		.uleb128 0x1b
 1251 000a 0E       		.uleb128 0xe
 1252 000b 10       		.uleb128 0x10
 1253 000c 17       		.uleb128 0x17
 1254 000d 00       		.byte	0
ARM GAS  C:\Users\cmila\AppData\Local\Temp\cc3i1FQR.s 			page 23


 1255 000e 00       		.byte	0
 1256 000f 02       		.uleb128 0x2
 1257 0010 04       		.uleb128 0x4
 1258 0011 01       		.byte	0x1
 1259 0012 0B       		.uleb128 0xb
 1260 0013 0B       		.uleb128 0xb
 1261 0014 49       		.uleb128 0x49
 1262 0015 13       		.uleb128 0x13
 1263 0016 3A       		.uleb128 0x3a
 1264 0017 0B       		.uleb128 0xb
 1265 0018 3B       		.uleb128 0x3b
 1266 0019 0B       		.uleb128 0xb
 1267 001a 01       		.uleb128 0x1
 1268 001b 13       		.uleb128 0x13
 1269 001c 00       		.byte	0
 1270 001d 00       		.byte	0
 1271 001e 03       		.uleb128 0x3
 1272 001f 28       		.uleb128 0x28
 1273 0020 00       		.byte	0
 1274 0021 03       		.uleb128 0x3
 1275 0022 0E       		.uleb128 0xe
 1276 0023 1C       		.uleb128 0x1c
 1277 0024 0D       		.uleb128 0xd
 1278 0025 00       		.byte	0
 1279 0026 00       		.byte	0
 1280 0027 04       		.uleb128 0x4
 1281 0028 28       		.uleb128 0x28
 1282 0029 00       		.byte	0
 1283 002a 03       		.uleb128 0x3
 1284 002b 0E       		.uleb128 0xe
 1285 002c 1C       		.uleb128 0x1c
 1286 002d 0B       		.uleb128 0xb
 1287 002e 00       		.byte	0
 1288 002f 00       		.byte	0
 1289 0030 05       		.uleb128 0x5
 1290 0031 24       		.uleb128 0x24
 1291 0032 00       		.byte	0
 1292 0033 0B       		.uleb128 0xb
 1293 0034 0B       		.uleb128 0xb
 1294 0035 3E       		.uleb128 0x3e
 1295 0036 0B       		.uleb128 0xb
 1296 0037 03       		.uleb128 0x3
 1297 0038 0E       		.uleb128 0xe
 1298 0039 00       		.byte	0
 1299 003a 00       		.byte	0
 1300 003b 06       		.uleb128 0x6
 1301 003c 16       		.uleb128 0x16
 1302 003d 00       		.byte	0
 1303 003e 03       		.uleb128 0x3
 1304 003f 0E       		.uleb128 0xe
 1305 0040 3A       		.uleb128 0x3a
 1306 0041 0B       		.uleb128 0xb
 1307 0042 3B       		.uleb128 0x3b
 1308 0043 0B       		.uleb128 0xb
 1309 0044 49       		.uleb128 0x49
 1310 0045 13       		.uleb128 0x13
 1311 0046 00       		.byte	0
ARM GAS  C:\Users\cmila\AppData\Local\Temp\cc3i1FQR.s 			page 24


 1312 0047 00       		.byte	0
 1313 0048 07       		.uleb128 0x7
 1314 0049 24       		.uleb128 0x24
 1315 004a 00       		.byte	0
 1316 004b 0B       		.uleb128 0xb
 1317 004c 0B       		.uleb128 0xb
 1318 004d 3E       		.uleb128 0x3e
 1319 004e 0B       		.uleb128 0xb
 1320 004f 03       		.uleb128 0x3
 1321 0050 08       		.uleb128 0x8
 1322 0051 00       		.byte	0
 1323 0052 00       		.byte	0
 1324 0053 08       		.uleb128 0x8
 1325 0054 13       		.uleb128 0x13
 1326 0055 01       		.byte	0x1
 1327 0056 0B       		.uleb128 0xb
 1328 0057 0B       		.uleb128 0xb
 1329 0058 3A       		.uleb128 0x3a
 1330 0059 0B       		.uleb128 0xb
 1331 005a 3B       		.uleb128 0x3b
 1332 005b 0B       		.uleb128 0xb
 1333 005c 01       		.uleb128 0x1
 1334 005d 13       		.uleb128 0x13
 1335 005e 00       		.byte	0
 1336 005f 00       		.byte	0
 1337 0060 09       		.uleb128 0x9
 1338 0061 0D       		.uleb128 0xd
 1339 0062 00       		.byte	0
 1340 0063 03       		.uleb128 0x3
 1341 0064 0E       		.uleb128 0xe
 1342 0065 3A       		.uleb128 0x3a
 1343 0066 0B       		.uleb128 0xb
 1344 0067 3B       		.uleb128 0x3b
 1345 0068 0B       		.uleb128 0xb
 1346 0069 49       		.uleb128 0x49
 1347 006a 13       		.uleb128 0x13
 1348 006b 38       		.uleb128 0x38
 1349 006c 0B       		.uleb128 0xb
 1350 006d 00       		.byte	0
 1351 006e 00       		.byte	0
 1352 006f 0A       		.uleb128 0xa
 1353 0070 13       		.uleb128 0x13
 1354 0071 01       		.byte	0x1
 1355 0072 0B       		.uleb128 0xb
 1356 0073 0B       		.uleb128 0xb
 1357 0074 3A       		.uleb128 0x3a
 1358 0075 0B       		.uleb128 0xb
 1359 0076 3B       		.uleb128 0x3b
 1360 0077 05       		.uleb128 0x5
 1361 0078 01       		.uleb128 0x1
 1362 0079 13       		.uleb128 0x13
 1363 007a 00       		.byte	0
 1364 007b 00       		.byte	0
 1365 007c 0B       		.uleb128 0xb
 1366 007d 0D       		.uleb128 0xd
 1367 007e 00       		.byte	0
 1368 007f 03       		.uleb128 0x3
ARM GAS  C:\Users\cmila\AppData\Local\Temp\cc3i1FQR.s 			page 25


 1369 0080 0E       		.uleb128 0xe
 1370 0081 3A       		.uleb128 0x3a
 1371 0082 0B       		.uleb128 0xb
 1372 0083 3B       		.uleb128 0x3b
 1373 0084 05       		.uleb128 0x5
 1374 0085 49       		.uleb128 0x49
 1375 0086 13       		.uleb128 0x13
 1376 0087 38       		.uleb128 0x38
 1377 0088 0B       		.uleb128 0xb
 1378 0089 00       		.byte	0
 1379 008a 00       		.byte	0
 1380 008b 0C       		.uleb128 0xc
 1381 008c 16       		.uleb128 0x16
 1382 008d 00       		.byte	0
 1383 008e 03       		.uleb128 0x3
 1384 008f 0E       		.uleb128 0xe
 1385 0090 3A       		.uleb128 0x3a
 1386 0091 0B       		.uleb128 0xb
 1387 0092 3B       		.uleb128 0x3b
 1388 0093 05       		.uleb128 0x5
 1389 0094 49       		.uleb128 0x49
 1390 0095 13       		.uleb128 0x13
 1391 0096 00       		.byte	0
 1392 0097 00       		.byte	0
 1393 0098 0D       		.uleb128 0xd
 1394 0099 34       		.uleb128 0x34
 1395 009a 00       		.byte	0
 1396 009b 03       		.uleb128 0x3
 1397 009c 0E       		.uleb128 0xe
 1398 009d 3A       		.uleb128 0x3a
 1399 009e 0B       		.uleb128 0xb
 1400 009f 3B       		.uleb128 0x3b
 1401 00a0 05       		.uleb128 0x5
 1402 00a1 49       		.uleb128 0x49
 1403 00a2 13       		.uleb128 0x13
 1404 00a3 3F       		.uleb128 0x3f
 1405 00a4 19       		.uleb128 0x19
 1406 00a5 3C       		.uleb128 0x3c
 1407 00a6 19       		.uleb128 0x19
 1408 00a7 00       		.byte	0
 1409 00a8 00       		.byte	0
 1410 00a9 0E       		.uleb128 0xe
 1411 00aa 35       		.uleb128 0x35
 1412 00ab 00       		.byte	0
 1413 00ac 49       		.uleb128 0x49
 1414 00ad 13       		.uleb128 0x13
 1415 00ae 00       		.byte	0
 1416 00af 00       		.byte	0
 1417 00b0 0F       		.uleb128 0xf
 1418 00b1 34       		.uleb128 0x34
 1419 00b2 00       		.byte	0
 1420 00b3 03       		.uleb128 0x3
 1421 00b4 0E       		.uleb128 0xe
 1422 00b5 3A       		.uleb128 0x3a
 1423 00b6 0B       		.uleb128 0xb
 1424 00b7 3B       		.uleb128 0x3b
 1425 00b8 0B       		.uleb128 0xb
ARM GAS  C:\Users\cmila\AppData\Local\Temp\cc3i1FQR.s 			page 26


 1426 00b9 49       		.uleb128 0x49
 1427 00ba 13       		.uleb128 0x13
 1428 00bb 3F       		.uleb128 0x3f
 1429 00bc 19       		.uleb128 0x19
 1430 00bd 3C       		.uleb128 0x3c
 1431 00be 19       		.uleb128 0x19
 1432 00bf 00       		.byte	0
 1433 00c0 00       		.byte	0
 1434 00c1 10       		.uleb128 0x10
 1435 00c2 0F       		.uleb128 0xf
 1436 00c3 00       		.byte	0
 1437 00c4 0B       		.uleb128 0xb
 1438 00c5 0B       		.uleb128 0xb
 1439 00c6 49       		.uleb128 0x49
 1440 00c7 13       		.uleb128 0x13
 1441 00c8 00       		.byte	0
 1442 00c9 00       		.byte	0
 1443 00ca 11       		.uleb128 0x11
 1444 00cb 26       		.uleb128 0x26
 1445 00cc 00       		.byte	0
 1446 00cd 49       		.uleb128 0x49
 1447 00ce 13       		.uleb128 0x13
 1448 00cf 00       		.byte	0
 1449 00d0 00       		.byte	0
 1450 00d1 12       		.uleb128 0x12
 1451 00d2 34       		.uleb128 0x34
 1452 00d3 00       		.byte	0
 1453 00d4 03       		.uleb128 0x3
 1454 00d5 0E       		.uleb128 0xe
 1455 00d6 3A       		.uleb128 0x3a
 1456 00d7 0B       		.uleb128 0xb
 1457 00d8 3B       		.uleb128 0x3b
 1458 00d9 0B       		.uleb128 0xb
 1459 00da 49       		.uleb128 0x49
 1460 00db 13       		.uleb128 0x13
 1461 00dc 3F       		.uleb128 0x3f
 1462 00dd 19       		.uleb128 0x19
 1463 00de 02       		.uleb128 0x2
 1464 00df 18       		.uleb128 0x18
 1465 00e0 00       		.byte	0
 1466 00e1 00       		.byte	0
 1467 00e2 00       		.byte	0
 1468              		.section	.debug_aranges,"",%progbits
 1469 0000 14000000 		.4byte	0x14
 1470 0004 0200     		.2byte	0x2
 1471 0006 00000000 		.4byte	.Ldebug_info0
 1472 000a 04       		.byte	0x4
 1473 000b 00       		.byte	0
 1474 000c 0000     		.2byte	0
 1475 000e 0000     		.2byte	0
 1476 0010 00000000 		.4byte	0
 1477 0014 00000000 		.4byte	0
 1478              		.section	.debug_line,"",%progbits
 1479              	.Ldebug_line0:
 1480 0000 4B020000 		.section	.debug_str,"MS",%progbits,1
 1480      02004502 
 1480      00000201 
ARM GAS  C:\Users\cmila\AppData\Local\Temp\cc3i1FQR.s 			page 27


 1480      FB0E0D00 
 1480      01010101 
 1481              	.LASF223:
 1482 0000 666C6173 		.ascii	"flashCtlMainWs1Freq\000"
 1482      6843746C 
 1482      4D61696E 
 1482      57733146 
 1482      72657100 
 1483              	.LASF272:
 1484 0014 63795F73 		.ascii	"cy_stc_sysint_t\000"
 1484      74635F73 
 1484      7973696E 
 1484      745F7400 
 1485              	.LASF25:
 1486 0024 696F7373 		.ascii	"ioss_interrupt_gpio_IRQn\000"
 1486      5F696E74 
 1486      65727275 
 1486      70745F67 
 1486      70696F5F 
 1487              	.LASF123:
 1488 003d 74637077 		.ascii	"tcpwm_1_interrupts_15_IRQn\000"
 1488      6D5F315F 
 1488      696E7465 
 1488      72727570 
 1488      74735F31 
 1489              	.LASF274:
 1490 0058 63795F64 		.ascii	"cy_device\000"
 1490      65766963 
 1490      6500
 1491              	.LASF142:
 1492 0062 7564625F 		.ascii	"udb_interrupts_10_IRQn\000"
 1492      696E7465 
 1492      72727570 
 1492      74735F31 
 1492      305F4952 
 1493              	.LASF250:
 1494 0079 63707573 		.ascii	"cpussCm0ClockCtlOffset\000"
 1494      73436D30 
 1494      436C6F63 
 1494      6B43746C 
 1494      4F666673 
 1495              	.LASF67:
 1496 0090 63707573 		.ascii	"cpuss_interrupts_dw0_7_IRQn\000"
 1496      735F696E 
 1496      74657272 
 1496      75707473 
 1496      5F647730 
 1497              	.LASF267:
 1498 00ac 63686172 		.ascii	"char\000"
 1498      00
 1499              	.LASF36:
 1500 00b1 63707573 		.ascii	"cpuss_interrupts_ipc_1_IRQn\000"
 1500      735F696E 
 1500      74657272 
 1500      75707473 
 1500      5F697063 
 1501              	.LASF54:
ARM GAS  C:\Users\cmila\AppData\Local\Temp\cc3i1FQR.s 			page 28


 1502 00cd 7363625F 		.ascii	"scb_3_interrupt_IRQn\000"
 1502      335F696E 
 1502      74657272 
 1502      7570745F 
 1502      4952516E 
 1503              	.LASF84:
 1504 00e2 63707573 		.ascii	"cpuss_interrupts_dw1_8_IRQn\000"
 1504      735F696E 
 1504      74657272 
 1504      75707473 
 1504      5F647731 
 1505              	.LASF90:
 1506 00fe 63707573 		.ascii	"cpuss_interrupts_dw1_14_IRQn\000"
 1506      735F696E 
 1506      74657272 
 1506      75707473 
 1506      5F647731 
 1507              	.LASF182:
 1508 011b 70657269 		.ascii	"periBase\000"
 1508      42617365 
 1508      00
 1509              	.LASF62:
 1510 0124 63707573 		.ascii	"cpuss_interrupts_dw0_2_IRQn\000"
 1510      735F696E 
 1510      74657272 
 1510      75707473 
 1510      5F647730 
 1511              	.LASF258:
 1512 0140 63707573 		.ascii	"cpussCm0NmiCtlOffset\000"
 1512      73436D30 
 1512      4E6D6943 
 1512      746C4F66 
 1512      66736574 
 1513              	.LASF228:
 1514 0155 64774368 		.ascii	"dwChSize\000"
 1514      53697A65 
 1514      00
 1515              	.LASF172:
 1516 015e 756E7369 		.ascii	"unsigned int\000"
 1516      676E6564 
 1516      20696E74 
 1516      00
 1517              	.LASF46:
 1518 016b 63707573 		.ascii	"cpuss_interrupts_ipc_11_IRQn\000"
 1518      735F696E 
 1518      74657272 
 1518      75707473 
 1518      5F697063 
 1519              	.LASF210:
 1520 0188 736D6966 		.ascii	"smifDeviceNr\000"
 1520      44657669 
 1520      63654E72 
 1520      00
 1521              	.LASF240:
 1522 0195 70657269 		.ascii	"periDivCmdPaTypeSelPos\000"
 1522      44697643 
 1522      6D645061 
ARM GAS  C:\Users\cmila\AppData\Local\Temp\cc3i1FQR.s 			page 29


 1522      54797065 
 1522      53656C50 
 1523              	.LASF115:
 1524 01ac 74637077 		.ascii	"tcpwm_1_interrupts_7_IRQn\000"
 1524      6D5F315F 
 1524      696E7465 
 1524      72727570 
 1524      74735F37 
 1525              	.LASF166:
 1526 01c6 5F5F696E 		.ascii	"__int32_t\000"
 1526      7433325F 
 1526      7400
 1527              	.LASF33:
 1528 01d0 70617373 		.ascii	"pass_interrupt_ctbs_IRQn\000"
 1528      5F696E74 
 1528      65727275 
 1528      70745F63 
 1528      7462735F 
 1529              	.LASF206:
 1530 01e9 73727373 		.ascii	"srssNumClkpath\000"
 1530      4E756D43 
 1530      6C6B7061 
 1530      746800
 1531              	.LASF180:
 1532 01f8 63707573 		.ascii	"cpussBase\000"
 1532      73426173 
 1532      6500
 1533              	.LASF204:
 1534 0202 63707573 		.ascii	"cpussFmIrq\000"
 1534      73466D49 
 1534      727100
 1535              	.LASF30:
 1536 020d 73727373 		.ascii	"srss_interrupt_mcwdt_1_IRQn\000"
 1536      5F696E74 
 1536      65727275 
 1536      70745F6D 
 1536      63776474 
 1537              	.LASF12:
 1538 0229 696F7373 		.ascii	"ioss_interrupts_gpio_2_IRQn\000"
 1538      5F696E74 
 1538      65727275 
 1538      7074735F 
 1538      6770696F 
 1539              	.LASF205:
 1540 0245 63707573 		.ascii	"cpussNotConnectedIrq\000"
 1540      734E6F74 
 1540      436F6E6E 
 1540      65637465 
 1540      64497271 
 1541              	.LASF73:
 1542 025a 63707573 		.ascii	"cpuss_interrupts_dw0_13_IRQn\000"
 1542      735F696E 
 1542      74657272 
 1542      75707473 
 1542      5F647730 
 1543              	.LASF158:
 1544 0277 73686F72 		.ascii	"short int\000"
ARM GAS  C:\Users\cmila\AppData\Local\Temp\cc3i1FQR.s 			page 30


 1544      7420696E 
 1544      7400
 1545              	.LASF131:
 1546 0281 74637077 		.ascii	"tcpwm_1_interrupts_23_IRQn\000"
 1546      6D5F315F 
 1546      696E7465 
 1546      72727570 
 1546      74735F32 
 1547              	.LASF129:
 1548 029c 74637077 		.ascii	"tcpwm_1_interrupts_21_IRQn\000"
 1548      6D5F315F 
 1548      696E7465 
 1548      72727570 
 1548      74735F32 
 1549              	.LASF146:
 1550 02b7 7564625F 		.ascii	"udb_interrupts_14_IRQn\000"
 1550      696E7465 
 1550      72727570 
 1550      74735F31 
 1550      345F4952 
 1551              	.LASF236:
 1552 02ce 70657269 		.ascii	"periTrGrSize\000"
 1552      54724772 
 1552      53697A65 
 1552      00
 1553              	.LASF107:
 1554 02db 74637077 		.ascii	"tcpwm_0_interrupts_7_IRQn\000"
 1554      6D5F305F 
 1554      696E7465 
 1554      72727570 
 1554      74735F37 
 1555              	.LASF239:
 1556 02f5 70657269 		.ascii	"periDivCmdPaDivSelPos\000"
 1556      44697643 
 1556      6D645061 
 1556      44697653 
 1556      656C506F 
 1557              	.LASF216:
 1558 030b 63727970 		.ascii	"cryptoMemSize\000"
 1558      746F4D65 
 1558      6D53697A 
 1558      6500
 1559              	.LASF262:
 1560 0319 63707573 		.ascii	"cpussRam1Ctl0\000"
 1560      7352616D 
 1560      3143746C 
 1560      3000
 1561              	.LASF76:
 1562 0327 63707573 		.ascii	"cpuss_interrupts_dw1_0_IRQn\000"
 1562      735F696E 
 1562      74657272 
 1562      75707473 
 1562      5F647731 
 1563              	.LASF102:
 1564 0343 74637077 		.ascii	"tcpwm_0_interrupts_2_IRQn\000"
 1564      6D5F305F 
 1564      696E7465 
ARM GAS  C:\Users\cmila\AppData\Local\Temp\cc3i1FQR.s 			page 31


 1564      72727570 
 1564      74735F32 
 1565              	.LASF8:
 1566 035d 50656E64 		.ascii	"PendSV_IRQn\000"
 1566      53565F49 
 1566      52516E00 
 1567              	.LASF277:
 1568 0369 474E5520 		.ascii	"GNU C11 5.4.1 20160609 (release) [ARM/embedded-5-br"
 1568      43313120 
 1568      352E342E 
 1568      31203230 
 1568      31363036 
 1569 039c 616E6368 		.ascii	"anch revision 237715] -mcpu=cortex-m4 -mfloat-abi=s"
 1569      20726576 
 1569      6973696F 
 1569      6E203233 
 1569      37373135 
 1570 03cf 6F667466 		.ascii	"oftfp -mfpu=fpv4-sp-d16 -mthumb -g -Og -ffunction-s"
 1570      70202D6D 
 1570      6670753D 
 1570      66707634 
 1570      2D73702D 
 1571 0402 65637469 		.ascii	"ections -ffat-lto-objects\000"
 1571      6F6E7320 
 1571      2D666661 
 1571      742D6C74 
 1571      6F2D6F62 
 1572              	.LASF198:
 1573 041c 70726F74 		.ascii	"protVersion\000"
 1573      56657273 
 1573      696F6E00 
 1574              	.LASF174:
 1575 0428 696E7431 		.ascii	"int16_t\000"
 1575      365F7400 
 1576              	.LASF238:
 1577 0430 70657269 		.ascii	"periDivCmdTypeSelPos\000"
 1577      44697643 
 1577      6D645479 
 1577      70655365 
 1577      6C506F73 
 1578              	.LASF255:
 1579 0445 63707573 		.ascii	"cpussTrimRamCtlOffset\000"
 1579      73547269 
 1579      6D52616D 
 1579      43746C4F 
 1579      66667365 
 1580              	.LASF139:
 1581 045b 7564625F 		.ascii	"udb_interrupts_7_IRQn\000"
 1581      696E7465 
 1581      72727570 
 1581      74735F37 
 1581      5F495251 
 1582              	.LASF28:
 1583 0471 7363625F 		.ascii	"scb_8_interrupt_IRQn\000"
 1583      385F696E 
 1583      74657272 
 1583      7570745F 
ARM GAS  C:\Users\cmila\AppData\Local\Temp\cc3i1FQR.s 			page 32


 1583      4952516E 
 1584              	.LASF3:
 1585 0486 4D656D6F 		.ascii	"MemoryManagement_IRQn\000"
 1585      72794D61 
 1585      6E616765 
 1585      6D656E74 
 1585      5F495251 
 1586              	.LASF125:
 1587 049c 74637077 		.ascii	"tcpwm_1_interrupts_17_IRQn\000"
 1587      6D5F315F 
 1587      696E7465 
 1587      72727570 
 1587      74735F31 
 1588              	.LASF134:
 1589 04b7 7564625F 		.ascii	"udb_interrupts_2_IRQn\000"
 1589      696E7465 
 1589      72727570 
 1589      74735F32 
 1589      5F495251 
 1590              	.LASF177:
 1591 04cd 75696E74 		.ascii	"uint32_t\000"
 1591      33325F74 
 1591      00
 1592              	.LASF120:
 1593 04d6 74637077 		.ascii	"tcpwm_1_interrupts_12_IRQn\000"
 1593      6D5F315F 
 1593      696E7465 
 1593      72727570 
 1593      74735F31 
 1594              	.LASF17:
 1595 04f1 696F7373 		.ascii	"ioss_interrupts_gpio_7_IRQn\000"
 1595      5F696E74 
 1595      65727275 
 1595      7074735F 
 1595      6770696F 
 1596              	.LASF23:
 1597 050d 696F7373 		.ascii	"ioss_interrupts_gpio_13_IRQn\000"
 1597      5F696E74 
 1597      65727275 
 1597      7074735F 
 1597      6770696F 
 1598              	.LASF147:
 1599 052a 7564625F 		.ascii	"udb_interrupts_15_IRQn\000"
 1599      696E7465 
 1599      72727570 
 1599      74735F31 
 1599      355F4952 
 1600              	.LASF248:
 1601 0541 6770696F 		.ascii	"gpioPrtCfgOutOffset\000"
 1601      50727443 
 1601      66674F75 
 1601      744F6666 
 1601      73657400 
 1602              	.LASF97:
 1603 0555 63707573 		.ascii	"cpuss_interrupts_cm0_cti_1_IRQn\000"
 1603      735F696E 
 1603      74657272 
ARM GAS  C:\Users\cmila\AppData\Local\Temp\cc3i1FQR.s 			page 33


 1603      75707473 
 1603      5F636D30 
 1604              	.LASF268:
 1605 0575 666C6F61 		.ascii	"float\000"
 1605      7400
 1606              	.LASF191:
 1607 057b 63727970 		.ascii	"cryptoVersion\000"
 1607      746F5665 
 1607      7273696F 
 1607      6E00
 1608              	.LASF220:
 1609 0589 666C6173 		.ascii	"flashProgramDelay\000"
 1609      6850726F 
 1609      6772616D 
 1609      44656C61 
 1609      7900
 1610              	.LASF55:
 1611 059b 7363625F 		.ascii	"scb_4_interrupt_IRQn\000"
 1611      345F696E 
 1611      74657272 
 1611      7570745F 
 1611      4952516E 
 1612              	.LASF181:
 1613 05b0 666C6173 		.ascii	"flashcBase\000"
 1613      68634261 
 1613      736500
 1614              	.LASF81:
 1615 05bb 63707573 		.ascii	"cpuss_interrupts_dw1_5_IRQn\000"
 1615      735F696E 
 1615      74657272 
 1615      75707473 
 1615      5F647731 
 1616              	.LASF247:
 1617 05d7 6770696F 		.ascii	"gpioPrtCfgInOffset\000"
 1617      50727443 
 1617      6667496E 
 1617      4F666673 
 1617      657400
 1618              	.LASF87:
 1619 05ea 63707573 		.ascii	"cpuss_interrupts_dw1_11_IRQn\000"
 1619      735F696E 
 1619      74657272 
 1619      75707473 
 1619      5F647731 
 1620              	.LASF154:
 1621 0607 7573625F 		.ascii	"usb_interrupt_med_IRQn\000"
 1621      696E7465 
 1621      72727570 
 1621      745F6D65 
 1621      645F4952 
 1622              	.LASF219:
 1623 061e 666C6173 		.ascii	"flashWriteDelay\000"
 1623      68577269 
 1623      74654465 
 1623      6C617900 
 1624              	.LASF171:
 1625 062e 6C6F6E67 		.ascii	"long long unsigned int\000"
ARM GAS  C:\Users\cmila\AppData\Local\Temp\cc3i1FQR.s 			page 34


 1625      206C6F6E 
 1625      6720756E 
 1625      7369676E 
 1625      65642069 
 1626              	.LASF244:
 1627 0645 70657269 		.ascii	"periDiv24_5CtlOffset\000"
 1627      44697632 
 1627      345F3543 
 1627      746C4F66 
 1627      66736574 
 1628              	.LASF249:
 1629 065a 6770696F 		.ascii	"gpioPrtCfgSioOffset\000"
 1629      50727443 
 1629      66675369 
 1629      6F4F6666 
 1629      73657400 
 1630              	.LASF48:
 1631 066e 63707573 		.ascii	"cpuss_interrupts_ipc_13_IRQn\000"
 1631      735F696E 
 1631      74657272 
 1631      75707473 
 1631      5F697063 
 1632              	.LASF203:
 1633 068b 63707573 		.ascii	"cpussIpc0Irq\000"
 1633      73497063 
 1633      30497271 
 1633      00
 1634              	.LASF31:
 1635 0698 73727373 		.ascii	"srss_interrupt_backup_IRQn\000"
 1635      5F696E74 
 1635      65727275 
 1635      70745F62 
 1635      61636B75 
 1636              	.LASF117:
 1637 06b3 74637077 		.ascii	"tcpwm_1_interrupts_9_IRQn\000"
 1637      6D5F315F 
 1637      696E7465 
 1637      72727570 
 1637      74735F39 
 1638              	.LASF164:
 1639 06cd 5F5F7569 		.ascii	"__uint16_t\000"
 1639      6E743136 
 1639      5F7400
 1640              	.LASF6:
 1641 06d8 53564361 		.ascii	"SVCall_IRQn\000"
 1641      6C6C5F49 
 1641      52516E00 
 1642              	.LASF51:
 1643 06e4 7363625F 		.ascii	"scb_0_interrupt_IRQn\000"
 1643      305F696E 
 1643      74657272 
 1643      7570745F 
 1643      4952516E 
 1644              	.LASF112:
 1645 06f9 74637077 		.ascii	"tcpwm_1_interrupts_4_IRQn\000"
 1645      6D5F315F 
 1645      696E7465 
ARM GAS  C:\Users\cmila\AppData\Local\Temp\cc3i1FQR.s 			page 35


 1645      72727570 
 1645      74735F34 
 1646              	.LASF59:
 1647 0713 6373645F 		.ascii	"csd_interrupt_IRQn\000"
 1647      696E7465 
 1647      72727570 
 1647      745F4952 
 1647      516E00
 1648              	.LASF151:
 1649 0726 70726F66 		.ascii	"profile_interrupt_IRQn\000"
 1649      696C655F 
 1649      696E7465 
 1649      72727570 
 1649      745F4952 
 1650              	.LASF21:
 1651 073d 696F7373 		.ascii	"ioss_interrupts_gpio_11_IRQn\000"
 1651      5F696E74 
 1651      65727275 
 1651      7074735F 
 1651      6770696F 
 1652              	.LASF43:
 1653 075a 63707573 		.ascii	"cpuss_interrupts_ipc_8_IRQn\000"
 1653      735F696E 
 1653      74657272 
 1653      75707473 
 1653      5F697063 
 1654              	.LASF92:
 1655 0776 63707573 		.ascii	"cpuss_interrupts_fault_0_IRQn\000"
 1655      735F696E 
 1655      74657272 
 1655      75707473 
 1655      5F666175 
 1656              	.LASF225:
 1657 0794 666C6173 		.ascii	"flashCtlMainWs3Freq\000"
 1657      6843746C 
 1657      4D61696E 
 1657      57733346 
 1657      72657100 
 1658              	.LASF160:
 1659 07a8 4952516E 		.ascii	"IRQn_Type\000"
 1659      5F547970 
 1659      6500
 1660              	.LASF207:
 1661 07b2 73727373 		.ascii	"srssNumPll\000"
 1661      4E756D50 
 1661      6C6C00
 1662              	.LASF143:
 1663 07bd 7564625F 		.ascii	"udb_interrupts_11_IRQn\000"
 1663      696E7465 
 1663      72727570 
 1663      74735F31 
 1663      315F4952 
 1664              	.LASF37:
 1665 07d4 63707573 		.ascii	"cpuss_interrupts_ipc_2_IRQn\000"
 1665      735F696E 
 1665      74657272 
 1665      75707473 
ARM GAS  C:\Users\cmila\AppData\Local\Temp\cc3i1FQR.s 			page 36


 1665      5F697063 
 1666              	.LASF104:
 1667 07f0 74637077 		.ascii	"tcpwm_0_interrupts_4_IRQn\000"
 1667      6D5F305F 
 1667      696E7465 
 1667      72727570 
 1667      74735F34 
 1668              	.LASF218:
 1669 080a 666C6173 		.ascii	"flashPipeRequired\000"
 1669      68506970 
 1669      65526571 
 1669      75697265 
 1669      6400
 1670              	.LASF233:
 1671 081c 70657269 		.ascii	"periTrCmdOffset\000"
 1671      5472436D 
 1671      644F6666 
 1671      73657400 
 1672              	.LASF208:
 1673 082c 73727373 		.ascii	"srssNumHfroot\000"
 1673      4E756D48 
 1673      66726F6F 
 1673      7400
 1674              	.LASF222:
 1675 083a 666C6173 		.ascii	"flashCtlMainWs0Freq\000"
 1675      6843746C 
 1675      4D61696E 
 1675      57733046 
 1675      72657100 
 1676              	.LASF149:
 1677 084e 61756469 		.ascii	"audioss_interrupt_i2s_IRQn\000"
 1677      6F73735F 
 1677      696E7465 
 1677      72727570 
 1677      745F6932 
 1678              	.LASF186:
 1679 0869 6770696F 		.ascii	"gpioBase\000"
 1679      42617365 
 1679      00
 1680              	.LASF156:
 1681 0872 70617373 		.ascii	"pass_interrupt_dacs_IRQn\000"
 1681      5F696E74 
 1681      65727275 
 1681      70745F64 
 1681      6163735F 
 1682              	.LASF109:
 1683 088b 74637077 		.ascii	"tcpwm_1_interrupts_1_IRQn\000"
 1683      6D5F315F 
 1683      696E7465 
 1683      72727570 
 1683      74735F31 
 1684              	.LASF136:
 1685 08a5 7564625F 		.ascii	"udb_interrupts_4_IRQn\000"
 1685      696E7465 
 1685      72727570 
 1685      74735F34 
 1685      5F495251 
ARM GAS  C:\Users\cmila\AppData\Local\Temp\cc3i1FQR.s 			page 37


 1686              	.LASF150:
 1687 08bb 61756469 		.ascii	"audioss_interrupt_pdm_IRQn\000"
 1687      6F73735F 
 1687      696E7465 
 1687      72727570 
 1687      745F7064 
 1688              	.LASF70:
 1689 08d6 63707573 		.ascii	"cpuss_interrupts_dw0_10_IRQn\000"
 1689      735F696E 
 1689      74657272 
 1689      75707473 
 1689      5F647730 
 1690              	.LASF122:
 1691 08f3 74637077 		.ascii	"tcpwm_1_interrupts_14_IRQn\000"
 1691      6D5F315F 
 1691      696E7465 
 1691      72727570 
 1691      74735F31 
 1692              	.LASF19:
 1693 090e 696F7373 		.ascii	"ioss_interrupts_gpio_9_IRQn\000"
 1693      5F696E74 
 1693      65727275 
 1693      7074735F 
 1693      6770696F 
 1694              	.LASF257:
 1695 092a 63707573 		.ascii	"cpussSysTickCtlOffset\000"
 1695      73537973 
 1695      5469636B 
 1695      43746C4F 
 1695      66667365 
 1696              	.LASF213:
 1697 0940 75646250 		.ascii	"udbPresent\000"
 1697      72657365 
 1697      6E7400
 1698              	.LASF231:
 1699 094b 64775374 		.ascii	"dwStatusChIdxPos\000"
 1699      61747573 
 1699      43684964 
 1699      78506F73 
 1699      00
 1700              	.LASF66:
 1701 095c 63707573 		.ascii	"cpuss_interrupts_dw0_6_IRQn\000"
 1701      735F696E 
 1701      74657272 
 1701      75707473 
 1701      5F647730 
 1702              	.LASF14:
 1703 0978 696F7373 		.ascii	"ioss_interrupts_gpio_4_IRQn\000"
 1703      5F696E74 
 1703      65727275 
 1703      7074735F 
 1703      6770696F 
 1704              	.LASF20:
 1705 0994 696F7373 		.ascii	"ioss_interrupts_gpio_10_IRQn\000"
 1705      5F696E74 
 1705      65727275 
 1705      7074735F 
ARM GAS  C:\Users\cmila\AppData\Local\Temp\cc3i1FQR.s 			page 38


 1705      6770696F 
 1706              	.LASF75:
 1707 09b1 63707573 		.ascii	"cpuss_interrupts_dw0_15_IRQn\000"
 1707      735F696E 
 1707      74657272 
 1707      75707473 
 1707      5F647730 
 1708              	.LASF32:
 1709 09ce 73727373 		.ascii	"srss_interrupt_IRQn\000"
 1709      5F696E74 
 1709      65727275 
 1709      70745F49 
 1709      52516E00 
 1710              	.LASF202:
 1711 09e2 63707573 		.ascii	"cpussFlashPaSize\000"
 1711      73466C61 
 1711      73685061 
 1711      53697A65 
 1711      00
 1712              	.LASF83:
 1713 09f3 63707573 		.ascii	"cpuss_interrupts_dw1_7_IRQn\000"
 1713      735F696E 
 1713      74657272 
 1713      75707473 
 1713      5F647731 
 1714              	.LASF89:
 1715 0a0f 63707573 		.ascii	"cpuss_interrupts_dw1_13_IRQn\000"
 1715      735F696E 
 1715      74657272 
 1715      75707473 
 1715      5F647731 
 1716              	.LASF61:
 1717 0a2c 63707573 		.ascii	"cpuss_interrupts_dw0_1_IRQn\000"
 1717      735F696E 
 1717      74657272 
 1717      75707473 
 1717      5F647730 
 1718              	.LASF243:
 1719 0a48 70657269 		.ascii	"periDiv16_5CtlOffset\000"
 1719      44697631 
 1719      365F3543 
 1719      746C4F66 
 1719      66736574 
 1720              	.LASF157:
 1721 0a5d 756E636F 		.ascii	"unconnected_IRQn\000"
 1721      6E6E6563 
 1721      7465645F 
 1721      4952516E 
 1721      00
 1722              	.LASF78:
 1723 0a6e 63707573 		.ascii	"cpuss_interrupts_dw1_2_IRQn\000"
 1723      735F696E 
 1723      74657272 
 1723      75707473 
 1723      5F647731 
 1724              	.LASF214:
 1725 0a8a 73797350 		.ascii	"sysPmSimoPresent\000"
ARM GAS  C:\Users\cmila\AppData\Local\Temp\cc3i1FQR.s 			page 39


 1725      6D53696D 
 1725      6F507265 
 1725      73656E74 
 1725      00
 1726              	.LASF155:
 1727 0a9b 7573625F 		.ascii	"usb_interrupt_lo_IRQn\000"
 1727      696E7465 
 1727      72727570 
 1727      745F6C6F 
 1727      5F495251 
 1728              	.LASF45:
 1729 0ab1 63707573 		.ascii	"cpuss_interrupts_ipc_10_IRQn\000"
 1729      735F696E 
 1729      74657272 
 1729      75707473 
 1729      5F697063 
 1730              	.LASF95:
 1731 0ace 63707573 		.ascii	"cpuss_interrupt_fm_IRQn\000"
 1731      735F696E 
 1731      74657272 
 1731      7570745F 
 1731      666D5F49 
 1732              	.LASF114:
 1733 0ae6 74637077 		.ascii	"tcpwm_1_interrupts_6_IRQn\000"
 1733      6D5F315F 
 1733      696E7465 
 1733      72727570 
 1733      74735F36 
 1734              	.LASF141:
 1735 0b00 7564625F 		.ascii	"udb_interrupts_9_IRQn\000"
 1735      696E7465 
 1735      72727570 
 1735      74735F39 
 1735      5F495251 
 1736              	.LASF232:
 1737 0b16 64775374 		.ascii	"dwStatusChIdxMsk\000"
 1737      61747573 
 1737      43684964 
 1737      784D736B 
 1737      00
 1738              	.LASF145:
 1739 0b27 7564625F 		.ascii	"udb_interrupts_13_IRQn\000"
 1739      696E7465 
 1739      72727570 
 1739      74735F31 
 1739      335F4952 
 1740              	.LASF173:
 1741 0b3e 75696E74 		.ascii	"uint8_t\000"
 1741      385F7400 
 1742              	.LASF127:
 1743 0b46 74637077 		.ascii	"tcpwm_1_interrupts_19_IRQn\000"
 1743      6D5F315F 
 1743      696E7465 
 1743      72727570 
 1743      74735F31 
 1744              	.LASF270:
 1745 0b61 696E7472 		.ascii	"intrSrc\000"
ARM GAS  C:\Users\cmila\AppData\Local\Temp\cc3i1FQR.s 			page 40


 1745      53726300 
 1746              	.LASF237:
 1747 0b69 70657269 		.ascii	"periDivCmdDivSelMsk\000"
 1747      44697643 
 1747      6D644469 
 1747      7653656C 
 1747      4D736B00 
 1748              	.LASF29:
 1749 0b7d 73727373 		.ascii	"srss_interrupt_mcwdt_0_IRQn\000"
 1749      5F696E74 
 1749      65727275 
 1749      70745F6D 
 1749      63776474 
 1750              	.LASF245:
 1751 0b99 6770696F 		.ascii	"gpioPrtIntrCfgOffset\000"
 1751      50727449 
 1751      6E747243 
 1751      66674F66 
 1751      66736574 
 1752              	.LASF27:
 1753 0bae 6C70636F 		.ascii	"lpcomp_interrupt_IRQn\000"
 1753      6D705F69 
 1753      6E746572 
 1753      72757074 
 1753      5F495251 
 1754              	.LASF40:
 1755 0bc4 63707573 		.ascii	"cpuss_interrupts_ipc_5_IRQn\000"
 1755      735F696E 
 1755      74657272 
 1755      75707473 
 1755      5F697063 
 1756              	.LASF261:
 1757 0be0 63707573 		.ascii	"cpussRam0Ctl0\000"
 1757      7352616D 
 1757      3043746C 
 1757      3000
 1758              	.LASF170:
 1759 0bee 6C6F6E67 		.ascii	"long long int\000"
 1759      206C6F6E 
 1759      6720696E 
 1759      7400
 1760              	.LASF188:
 1761 0bfc 69706342 		.ascii	"ipcBase\000"
 1761      61736500 
 1762              	.LASF229:
 1763 0c04 64774368 		.ascii	"dwChCtlPrioPos\000"
 1763      43746C50 
 1763      72696F50 
 1763      6F7300
 1764              	.LASF189:
 1765 0c13 63727970 		.ascii	"cryptoBase\000"
 1765      746F4261 
 1765      736500
 1766              	.LASF35:
 1767 0c1e 63707573 		.ascii	"cpuss_interrupts_ipc_0_IRQn\000"
 1767      735F696E 
 1767      74657272 
ARM GAS  C:\Users\cmila\AppData\Local\Temp\cc3i1FQR.s 			page 41


 1767      75707473 
 1767      5F697063 
 1768              	.LASF101:
 1769 0c3a 74637077 		.ascii	"tcpwm_0_interrupts_1_IRQn\000"
 1769      6D5F305F 
 1769      696E7465 
 1769      72727570 
 1769      74735F31 
 1770              	.LASF56:
 1771 0c54 7363625F 		.ascii	"scb_5_interrupt_IRQn\000"
 1771      355F696E 
 1771      74657272 
 1771      7570745F 
 1771      4952516E 
 1772              	.LASF50:
 1773 0c69 63707573 		.ascii	"cpuss_interrupts_ipc_15_IRQn\000"
 1773      735F696E 
 1773      74657272 
 1773      75707473 
 1773      5F697063 
 1774              	.LASF163:
 1775 0c86 5F5F696E 		.ascii	"__int16_t\000"
 1775      7431365F 
 1775      7400
 1776              	.LASF209:
 1777 0c90 70657269 		.ascii	"periClockNr\000"
 1777      436C6F63 
 1777      6B4E7200 
 1778              	.LASF185:
 1779 0c9c 6873696F 		.ascii	"hsiomBase\000"
 1779      6D426173 
 1779      6500
 1780              	.LASF4:
 1781 0ca6 42757346 		.ascii	"BusFault_IRQn\000"
 1781      61756C74 
 1781      5F495251 
 1781      6E00
 1782              	.LASF251:
 1783 0cb4 63707573 		.ascii	"cpussCm4ClockCtlOffset\000"
 1783      73436D34 
 1783      436C6F63 
 1783      6B43746C 
 1783      4F666673 
 1784              	.LASF235:
 1785 0ccb 70657269 		.ascii	"periTrGrOffset\000"
 1785      54724772 
 1785      4F666673 
 1785      657400
 1786              	.LASF133:
 1787 0cda 7564625F 		.ascii	"udb_interrupts_1_IRQn\000"
 1787      696E7465 
 1787      72727570 
 1787      74735F31 
 1787      5F495251 
 1788              	.LASF201:
 1789 0cf0 63707573 		.ascii	"cpussDwChNr\000"
 1789      73447743 
ARM GAS  C:\Users\cmila\AppData\Local\Temp\cc3i1FQR.s 			page 42


 1789      684E7200 
 1790              	.LASF153:
 1791 0cfc 7573625F 		.ascii	"usb_interrupt_hi_IRQn\000"
 1791      696E7465 
 1791      72727570 
 1791      745F6869 
 1791      5F495251 
 1792              	.LASF52:
 1793 0d12 7363625F 		.ascii	"scb_1_interrupt_IRQn\000"
 1793      315F696E 
 1793      74657272 
 1793      7570745F 
 1793      4952516E 
 1794              	.LASF119:
 1795 0d27 74637077 		.ascii	"tcpwm_1_interrupts_11_IRQn\000"
 1795      6D5F315F 
 1795      696E7465 
 1795      72727570 
 1795      74735F31 
 1796              	.LASF16:
 1797 0d42 696F7373 		.ascii	"ioss_interrupts_gpio_6_IRQn\000"
 1797      5F696E74 
 1797      65727275 
 1797      7074735F 
 1797      6770696F 
 1798              	.LASF199:
 1799 0d5e 63707573 		.ascii	"cpussIpcNr\000"
 1799      73497063 
 1799      4E7200
 1800              	.LASF252:
 1801 0d69 63707573 		.ascii	"cpussCm4StatusOffset\000"
 1801      73436D34 
 1801      53746174 
 1801      75734F66 
 1801      66736574 
 1802              	.LASF96:
 1803 0d7e 63707573 		.ascii	"cpuss_interrupts_cm0_cti_0_IRQn\000"
 1803      735F696E 
 1803      74657272 
 1803      75707473 
 1803      5F636D30 
 1804              	.LASF85:
 1805 0d9e 63707573 		.ascii	"cpuss_interrupts_dw1_9_IRQn\000"
 1805      735F696E 
 1805      74657272 
 1805      75707473 
 1805      5F647731 
 1806              	.LASF69:
 1807 0dba 63707573 		.ascii	"cpuss_interrupts_dw0_9_IRQn\000"
 1807      735F696E 
 1807      74657272 
 1807      75707473 
 1807      5F647730 
 1808              	.LASF63:
 1809 0dd6 63707573 		.ascii	"cpuss_interrupts_dw0_3_IRQn\000"
 1809      735F696E 
 1809      74657272 
ARM GAS  C:\Users\cmila\AppData\Local\Temp\cc3i1FQR.s 			page 43


 1809      75707473 
 1809      5F647730 
 1810              	.LASF263:
 1811 0df2 63707573 		.ascii	"cpussRam2Ctl0\000"
 1811      7352616D 
 1811      3243746C 
 1811      3000
 1812              	.LASF11:
 1813 0e00 696F7373 		.ascii	"ioss_interrupts_gpio_1_IRQn\000"
 1813      5F696E74 
 1813      65727275 
 1813      7074735F 
 1813      6770696F 
 1814              	.LASF279:
 1815 0e1c 433A5C55 		.ascii	"C:\\Users\\cmila\\uni\\projects\\Neural-Stimulator-"
 1815      73657273 
 1815      5C636D69 
 1815      6C615C75 
 1815      6E695C70 
 1816 0e4a 4669726D 		.ascii	"Firmware\\new\\PSOC6\\dacProgramming\\dacProgram.cy"
 1816      77617265 
 1816      5C6E6577 
 1816      5C50534F 
 1816      43365C64 
 1817 0e79 64736E00 		.ascii	"dsn\000"
 1818              	.LASF72:
 1819 0e7d 63707573 		.ascii	"cpuss_interrupts_dw0_12_IRQn\000"
 1819      735F696E 
 1819      74657272 
 1819      75707473 
 1819      5F647730 
 1820              	.LASF80:
 1821 0e9a 63707573 		.ascii	"cpuss_interrupts_dw1_4_IRQn\000"
 1821      735F696E 
 1821      74657272 
 1821      75707473 
 1821      5F647731 
 1822              	.LASF86:
 1823 0eb6 63707573 		.ascii	"cpuss_interrupts_dw1_10_IRQn\000"
 1823      735F696E 
 1823      74657272 
 1823      75707473 
 1823      5F647731 
 1824              	.LASF106:
 1825 0ed3 74637077 		.ascii	"tcpwm_0_interrupts_6_IRQn\000"
 1825      6D5F305F 
 1825      696E7465 
 1825      72727570 
 1825      74735F36 
 1826              	.LASF275:
 1827 0eed 55415254 		.ascii	"UART_SCB_IRQ_cfg\000"
 1827      5F534342 
 1827      5F495251 
 1827      5F636667 
 1827      00
 1828              	.LASF242:
 1829 0efe 70657269 		.ascii	"periDiv16CtlOffset\000"
ARM GAS  C:\Users\cmila\AppData\Local\Temp\cc3i1FQR.s 			page 44


 1829      44697631 
 1829      3643746C 
 1829      4F666673 
 1829      657400
 1830              	.LASF116:
 1831 0f11 74637077 		.ascii	"tcpwm_1_interrupts_8_IRQn\000"
 1831      6D5F315F 
 1831      696E7465 
 1831      72727570 
 1831      74735F38 
 1832              	.LASF165:
 1833 0f2b 73686F72 		.ascii	"short unsigned int\000"
 1833      7420756E 
 1833      7369676E 
 1833      65642069 
 1833      6E7400
 1834              	.LASF179:
 1835 0f3e 6C6F6E67 		.ascii	"long double\000"
 1835      20646F75 
 1835      626C6500 
 1836              	.LASF175:
 1837 0f4a 75696E74 		.ascii	"uint16_t\000"
 1837      31365F74 
 1837      00
 1838              	.LASF184:
 1839 0f53 70726F74 		.ascii	"protBase\000"
 1839      42617365 
 1839      00
 1840              	.LASF234:
 1841 0f5c 70657269 		.ascii	"periTrCmdGrSelMsk\000"
 1841      5472436D 
 1841      64477253 
 1841      656C4D73 
 1841      6B00
 1842              	.LASF99:
 1843 0f6e 63707573 		.ascii	"cpuss_interrupts_cm4_cti_1_IRQn\000"
 1843      735F696E 
 1843      74657272 
 1843      75707473 
 1843      5F636D34 
 1844              	.LASF111:
 1845 0f8e 74637077 		.ascii	"tcpwm_1_interrupts_3_IRQn\000"
 1845      6D5F315F 
 1845      696E7465 
 1845      72727570 
 1845      74735F33 
 1846              	.LASF138:
 1847 0fa8 7564625F 		.ascii	"udb_interrupts_6_IRQn\000"
 1847      696E7465 
 1847      72727570 
 1847      74735F36 
 1847      5F495251 
 1848              	.LASF192:
 1849 0fbe 64775665 		.ascii	"dwVersion\000"
 1849      7273696F 
 1849      6E00
 1850              	.LASF124:
ARM GAS  C:\Users\cmila\AppData\Local\Temp\cc3i1FQR.s 			page 45


 1851 0fc8 74637077 		.ascii	"tcpwm_1_interrupts_16_IRQn\000"
 1851      6D5F315F 
 1851      696E7465 
 1851      72727570 
 1851      74735F31 
 1852              	.LASF42:
 1853 0fe3 63707573 		.ascii	"cpuss_interrupts_ipc_7_IRQn\000"
 1853      735F696E 
 1853      74657272 
 1853      75707473 
 1853      5F697063 
 1854              	.LASF137:
 1855 0fff 7564625F 		.ascii	"udb_interrupts_5_IRQn\000"
 1855      696E7465 
 1855      72727570 
 1855      74735F35 
 1855      5F495251 
 1856              	.LASF178:
 1857 1015 73697A65 		.ascii	"sizetype\000"
 1857      74797065 
 1857      00
 1858              	.LASF259:
 1859 101e 63707573 		.ascii	"cpussCm4NmiCtlOffset\000"
 1859      73436D34 
 1859      4E6D6943 
 1859      746C4F66 
 1859      66736574 
 1860              	.LASF253:
 1861 1033 63707573 		.ascii	"cpussCm0StatusOffset\000"
 1861      73436D30 
 1861      53746174 
 1861      75734F66 
 1861      66736574 
 1862              	.LASF241:
 1863 1048 70657269 		.ascii	"periDiv8CtlOffset\000"
 1863      44697638 
 1863      43746C4F 
 1863      66667365 
 1863      7400
 1864              	.LASF68:
 1865 105a 63707573 		.ascii	"cpuss_interrupts_dw0_8_IRQn\000"
 1865      735F696E 
 1865      74657272 
 1865      75707473 
 1865      5F647730 
 1866              	.LASF22:
 1867 1076 696F7373 		.ascii	"ioss_interrupts_gpio_12_IRQn\000"
 1867      5F696E74 
 1867      65727275 
 1867      7074735F 
 1867      6770696F 
 1868              	.LASF34:
 1869 1093 626C6573 		.ascii	"bless_interrupt_IRQn\000"
 1869      735F696E 
 1869      74657272 
 1869      7570745F 
 1869      4952516E 
ARM GAS  C:\Users\cmila\AppData\Local\Temp\cc3i1FQR.s 			page 46


 1870              	.LASF167:
 1871 10a8 6C6F6E67 		.ascii	"long int\000"
 1871      20696E74 
 1871      00
 1872              	.LASF91:
 1873 10b1 63707573 		.ascii	"cpuss_interrupts_dw1_15_IRQn\000"
 1873      735F696E 
 1873      74657272 
 1873      75707473 
 1873      5F647731 
 1874              	.LASF190:
 1875 10ce 63707573 		.ascii	"cpussVersion\000"
 1875      73566572 
 1875      73696F6E 
 1875      00
 1876              	.LASF273:
 1877 10db 49544D5F 		.ascii	"ITM_RxBuffer\000"
 1877      52784275 
 1877      66666572 
 1877      00
 1878              	.LASF194:
 1879 10e8 6770696F 		.ascii	"gpioVersion\000"
 1879      56657273 
 1879      696F6E00 
 1880              	.LASF1:
 1881 10f4 4E6F6E4D 		.ascii	"NonMaskableInt_IRQn\000"
 1881      61736B61 
 1881      626C6549 
 1881      6E745F49 
 1881      52516E00 
 1882              	.LASF128:
 1883 1108 74637077 		.ascii	"tcpwm_1_interrupts_20_IRQn\000"
 1883      6D5F315F 
 1883      696E7465 
 1883      72727570 
 1883      74735F32 
 1884              	.LASF193:
 1885 1123 666C6173 		.ascii	"flashcVersion\000"
 1885      68635665 
 1885      7273696F 
 1885      6E00
 1886              	.LASF215:
 1887 1131 70726F74 		.ascii	"protBusMasterMask\000"
 1887      4275734D 
 1887      61737465 
 1887      724D6173 
 1887      6B00
 1888              	.LASF57:
 1889 1143 7363625F 		.ascii	"scb_6_interrupt_IRQn\000"
 1889      365F696E 
 1889      74657272 
 1889      7570745F 
 1889      4952516E 
 1890              	.LASF47:
 1891 1158 63707573 		.ascii	"cpuss_interrupts_ipc_12_IRQn\000"
 1891      735F696E 
 1891      74657272 
ARM GAS  C:\Users\cmila\AppData\Local\Temp\cc3i1FQR.s 			page 47


 1891      75707473 
 1891      5F697063 
 1892              	.LASF24:
 1893 1175 696F7373 		.ascii	"ioss_interrupts_gpio_14_IRQn\000"
 1893      5F696E74 
 1893      65727275 
 1893      7074735F 
 1893      6770696F 
 1894              	.LASF41:
 1895 1192 63707573 		.ascii	"cpuss_interrupts_ipc_6_IRQn\000"
 1895      735F696E 
 1895      74657272 
 1895      75707473 
 1895      5F697063 
 1896              	.LASF18:
 1897 11ae 696F7373 		.ascii	"ioss_interrupts_gpio_8_IRQn\000"
 1897      5F696E74 
 1897      65727275 
 1897      7074735F 
 1897      6770696F 
 1898              	.LASF254:
 1899 11ca 63707573 		.ascii	"cpussCm4PwrCtlOffset\000"
 1899      73436D34 
 1899      50777243 
 1899      746C4F66 
 1899      66736574 
 1900              	.LASF152:
 1901 11df 736D6966 		.ascii	"smif_interrupt_IRQn\000"
 1901      5F696E74 
 1901      65727275 
 1901      70745F49 
 1901      52516E00 
 1902              	.LASF53:
 1903 11f3 7363625F 		.ascii	"scb_2_interrupt_IRQn\000"
 1903      325F696E 
 1903      74657272 
 1903      7570745F 
 1903      4952516E 
 1904              	.LASF13:
 1905 1208 696F7373 		.ascii	"ioss_interrupts_gpio_3_IRQn\000"
 1905      5F696E74 
 1905      65727275 
 1905      7074735F 
 1905      6770696F 
 1906              	.LASF74:
 1907 1224 63707573 		.ascii	"cpuss_interrupts_dw0_14_IRQn\000"
 1907      735F696E 
 1907      74657272 
 1907      75707473 
 1907      5F647730 
 1908              	.LASF211:
 1909 1241 70617373 		.ascii	"passSarChannels\000"
 1909      53617243 
 1909      68616E6E 
 1909      656C7300 
 1910              	.LASF82:
 1911 1251 63707573 		.ascii	"cpuss_interrupts_dw1_6_IRQn\000"
ARM GAS  C:\Users\cmila\AppData\Local\Temp\cc3i1FQR.s 			page 48


 1911      735F696E 
 1911      74657272 
 1911      75707473 
 1911      5F647731 
 1912              	.LASF130:
 1913 126d 74637077 		.ascii	"tcpwm_1_interrupts_22_IRQn\000"
 1913      6D5F315F 
 1913      696E7465 
 1913      72727570 
 1913      74735F32 
 1914              	.LASF60:
 1915 1288 63707573 		.ascii	"cpuss_interrupts_dw0_0_IRQn\000"
 1915      735F696E 
 1915      74657272 
 1915      75707473 
 1915      5F647730 
 1916              	.LASF256:
 1917 12a4 63707573 		.ascii	"cpussTrimRomCtlOffset\000"
 1917      73547269 
 1917      6D526F6D 
 1917      43746C4F 
 1917      66667365 
 1918              	.LASF271:
 1919 12ba 696E7472 		.ascii	"intrPriority\000"
 1919      5072696F 
 1919      72697479 
 1919      00
 1920              	.LASF144:
 1921 12c7 7564625F 		.ascii	"udb_interrupts_12_IRQn\000"
 1921      696E7465 
 1921      72727570 
 1921      74735F31 
 1921      325F4952 
 1922              	.LASF9:
 1923 12de 53797354 		.ascii	"SysTick_IRQn\000"
 1923      69636B5F 
 1923      4952516E 
 1923      00
 1924              	.LASF195:
 1925 12eb 6873696F 		.ascii	"hsiomVersion\000"
 1925      6D566572 
 1925      73696F6E 
 1925      00
 1926              	.LASF77:
 1927 12f8 63707573 		.ascii	"cpuss_interrupts_dw1_1_IRQn\000"
 1927      735F696E 
 1927      74657272 
 1927      75707473 
 1927      5F647731 
 1928              	.LASF264:
 1929 1314 69706353 		.ascii	"ipcStructSize\000"
 1929      74727563 
 1929      7453697A 
 1929      6500
 1930              	.LASF169:
 1931 1322 6C6F6E67 		.ascii	"long unsigned int\000"
 1931      20756E73 
ARM GAS  C:\Users\cmila\AppData\Local\Temp\cc3i1FQR.s 			page 49


 1931      69676E65 
 1931      6420696E 
 1931      7400
 1932              	.LASF103:
 1933 1334 74637077 		.ascii	"tcpwm_0_interrupts_3_IRQn\000"
 1933      6D5F305F 
 1933      696E7465 
 1933      72727570 
 1933      74735F33 
 1934              	.LASF260:
 1935 134e 63707573 		.ascii	"cpussRomCtl\000"
 1935      73526F6D 
 1935      43746C00 
 1936              	.LASF64:
 1937 135a 63707573 		.ascii	"cpuss_interrupts_dw0_4_IRQn\000"
 1937      735F696E 
 1937      74657272 
 1937      75707473 
 1937      5F647730 
 1938              	.LASF176:
 1939 1376 696E7433 		.ascii	"int32_t\000"
 1939      325F7400 
 1940              	.LASF266:
 1941 137e 63795F73 		.ascii	"cy_stc_device_t\000"
 1941      74635F64 
 1941      65766963 
 1941      655F7400 
 1942              	.LASF113:
 1943 138e 74637077 		.ascii	"tcpwm_1_interrupts_5_IRQn\000"
 1943      6D5F315F 
 1943      696E7465 
 1943      72727570 
 1943      74735F35 
 1944              	.LASF140:
 1945 13a8 7564625F 		.ascii	"udb_interrupts_8_IRQn\000"
 1945      696E7465 
 1945      72727570 
 1945      74735F38 
 1945      5F495251 
 1946              	.LASF183:
 1947 13be 75646242 		.ascii	"udbBase\000"
 1947      61736500 
 1948              	.LASF126:
 1949 13c6 74637077 		.ascii	"tcpwm_1_interrupts_18_IRQn\000"
 1949      6D5F315F 
 1949      696E7465 
 1949      72727570 
 1949      74735F31 
 1950              	.LASF7:
 1951 13e1 44656275 		.ascii	"DebugMonitor_IRQn\000"
 1951      674D6F6E 
 1951      69746F72 
 1951      5F495251 
 1951      6E00
 1952              	.LASF5:
 1953 13f3 55736167 		.ascii	"UsageFault_IRQn\000"
 1953      65466175 
ARM GAS  C:\Users\cmila\AppData\Local\Temp\cc3i1FQR.s 			page 50


 1953      6C745F49 
 1953      52516E00 
 1954              	.LASF108:
 1955 1403 74637077 		.ascii	"tcpwm_1_interrupts_0_IRQn\000"
 1955      6D5F315F 
 1955      696E7465 
 1955      72727570 
 1955      74735F30 
 1956              	.LASF135:
 1957 141d 7564625F 		.ascii	"udb_interrupts_3_IRQn\000"
 1957      696E7465 
 1957      72727570 
 1957      74735F33 
 1957      5F495251 
 1958              	.LASF162:
 1959 1433 756E7369 		.ascii	"unsigned char\000"
 1959      676E6564 
 1959      20636861 
 1959      7200
 1960              	.LASF278:
 1961 1441 47656E65 		.ascii	"Generated_Source\\PSoC6\\cyfitter_sysint_cfg.c\000"
 1961      72617465 
 1961      645F536F 
 1961      75726365 
 1961      5C50536F 
 1962              	.LASF168:
 1963 146e 5F5F7569 		.ascii	"__uint32_t\000"
 1963      6E743332 
 1963      5F7400
 1964              	.LASF265:
 1965 1479 6970634C 		.ascii	"ipcLockStatusOffset\000"
 1965      6F636B53 
 1965      74617475 
 1965      734F6666 
 1965      73657400 
 1966              	.LASF121:
 1967 148d 74637077 		.ascii	"tcpwm_1_interrupts_13_IRQn\000"
 1967      6D5F315F 
 1967      696E7465 
 1967      72727570 
 1967      74735F31 
 1968              	.LASF39:
 1969 14a8 63707573 		.ascii	"cpuss_interrupts_ipc_4_IRQn\000"
 1969      735F696E 
 1969      74657272 
 1969      75707473 
 1969      5F697063 
 1970              	.LASF221:
 1971 14c4 666C6173 		.ascii	"flashEraseDelay\000"
 1971      68457261 
 1971      73654465 
 1971      6C617900 
 1972              	.LASF65:
 1973 14d4 63707573 		.ascii	"cpuss_interrupts_dw0_5_IRQn\000"
 1973      735F696E 
 1973      74657272 
 1973      75707473 
ARM GAS  C:\Users\cmila\AppData\Local\Temp\cc3i1FQR.s 			page 51


 1973      5F647730 
 1974              	.LASF227:
 1975 14f0 64774368 		.ascii	"dwChOffset\000"
 1975      4F666673 
 1975      657400
 1976              	.LASF88:
 1977 14fb 63707573 		.ascii	"cpuss_interrupts_dw1_12_IRQn\000"
 1977      735F696E 
 1977      74657272 
 1977      75707473 
 1977      5F647731 
 1978              	.LASF26:
 1979 1518 696F7373 		.ascii	"ioss_interrupt_vdd_IRQn\000"
 1979      5F696E74 
 1979      65727275 
 1979      70745F76 
 1979      64645F49 
 1980              	.LASF161:
 1981 1530 5F5F7569 		.ascii	"__uint8_t\000"
 1981      6E74385F 
 1981      7400
 1982              	.LASF49:
 1983 153a 63707573 		.ascii	"cpuss_interrupts_ipc_14_IRQn\000"
 1983      735F696E 
 1983      74657272 
 1983      75707473 
 1983      5F697063 
 1984              	.LASF0:
 1985 1557 52657365 		.ascii	"Reset_IRQn\000"
 1985      745F4952 
 1985      516E00
 1986              	.LASF217:
 1987 1562 666C6173 		.ascii	"flashRwwRequired\000"
 1987      68527777 
 1987      52657175 
 1987      69726564 
 1987      00
 1988              	.LASF246:
 1989 1573 6770696F 		.ascii	"gpioPrtCfgOffset\000"
 1989      50727443 
 1989      66674F66 
 1989      66736574 
 1989      00
 1990              	.LASF212:
 1991 1584 65704D6F 		.ascii	"epMonitorNr\000"
 1991      6E69746F 
 1991      724E7200 
 1992              	.LASF2:
 1993 1590 48617264 		.ascii	"HardFault_IRQn\000"
 1993      4661756C 
 1993      745F4952 
 1993      516E00
 1994              	.LASF159:
 1995 159f 7369676E 		.ascii	"signed char\000"
 1995      65642063 
 1995      68617200 
 1996              	.LASF148:
ARM GAS  C:\Users\cmila\AppData\Local\Temp\cc3i1FQR.s 			page 52


 1997 15ab 70617373 		.ascii	"pass_interrupt_sar_IRQn\000"
 1997      5F696E74 
 1997      65727275 
 1997      70745F73 
 1997      61725F49 
 1998              	.LASF132:
 1999 15c3 7564625F 		.ascii	"udb_interrupts_0_IRQn\000"
 1999      696E7465 
 1999      72727570 
 1999      74735F30 
 1999      5F495251 
 2000              	.LASF200:
 2001 15d9 63707573 		.ascii	"cpussIpcIrqNr\000"
 2001      73497063 
 2001      4972714E 
 2001      7200
 2002              	.LASF230:
 2003 15e7 64774368 		.ascii	"dwChCtlPreemptablePos\000"
 2003      43746C50 
 2003      7265656D 
 2003      70746162 
 2003      6C65506F 
 2004              	.LASF118:
 2005 15fd 74637077 		.ascii	"tcpwm_1_interrupts_10_IRQn\000"
 2005      6D5F315F 
 2005      696E7465 
 2005      72727570 
 2005      74735F31 
 2006              	.LASF15:
 2007 1618 696F7373 		.ascii	"ioss_interrupts_gpio_5_IRQn\000"
 2007      5F696E74 
 2007      65727275 
 2007      7074735F 
 2007      6770696F 
 2008              	.LASF44:
 2009 1634 63707573 		.ascii	"cpuss_interrupts_ipc_9_IRQn\000"
 2009      735F696E 
 2009      74657272 
 2009      75707473 
 2009      5F697063 
 2010              	.LASF197:
 2011 1650 70657269 		.ascii	"periVersion\000"
 2011      56657273 
 2011      696F6E00 
 2012              	.LASF93:
 2013 165c 63707573 		.ascii	"cpuss_interrupts_fault_1_IRQn\000"
 2013      735F696E 
 2013      74657272 
 2013      75707473 
 2013      5F666175 
 2014              	.LASF269:
 2015 167a 646F7562 		.ascii	"double\000"
 2015      6C6500
 2016              	.LASF187:
 2017 1681 70617373 		.ascii	"passBase\000"
 2017      42617365 
 2017      00
ARM GAS  C:\Users\cmila\AppData\Local\Temp\cc3i1FQR.s 			page 53


 2018              	.LASF224:
 2019 168a 666C6173 		.ascii	"flashCtlMainWs2Freq\000"
 2019      6843746C 
 2019      4D61696E 
 2019      57733246 
 2019      72657100 
 2020              	.LASF10:
 2021 169e 696F7373 		.ascii	"ioss_interrupts_gpio_0_IRQn\000"
 2021      5F696E74 
 2021      65727275 
 2021      7074735F 
 2021      6770696F 
 2022              	.LASF71:
 2023 16ba 63707573 		.ascii	"cpuss_interrupts_dw0_11_IRQn\000"
 2023      735F696E 
 2023      74657272 
 2023      75707473 
 2023      5F647730 
 2024              	.LASF226:
 2025 16d7 666C6173 		.ascii	"flashCtlMainWs4Freq\000"
 2025      6843746C 
 2025      4D61696E 
 2025      57733446 
 2025      72657100 
 2026              	.LASF79:
 2027 16eb 63707573 		.ascii	"cpuss_interrupts_dw1_3_IRQn\000"
 2027      735F696E 
 2027      74657272 
 2027      75707473 
 2027      5F647731 
 2028              	.LASF105:
 2029 1707 74637077 		.ascii	"tcpwm_0_interrupts_5_IRQn\000"
 2029      6D5F305F 
 2029      696E7465 
 2029      72727570 
 2029      74735F35 
 2030              	.LASF276:
 2031 1721 4144435F 		.ascii	"ADC_1_IRQ_cfg\000"
 2031      315F4952 
 2031      515F6366 
 2031      6700
 2032              	.LASF94:
 2033 172f 63707573 		.ascii	"cpuss_interrupt_crypto_IRQn\000"
 2033      735F696E 
 2033      74657272 
 2033      7570745F 
 2033      63727970 
 2034              	.LASF100:
 2035 174b 74637077 		.ascii	"tcpwm_0_interrupts_0_IRQn\000"
 2035      6D5F305F 
 2035      696E7465 
 2035      72727570 
 2035      74735F30 
 2036              	.LASF196:
 2037 1765 69706356 		.ascii	"ipcVersion\000"
 2037      65727369 
 2037      6F6E00
ARM GAS  C:\Users\cmila\AppData\Local\Temp\cc3i1FQR.s 			page 54


 2038              	.LASF38:
 2039 1770 63707573 		.ascii	"cpuss_interrupts_ipc_3_IRQn\000"
 2039      735F696E 
 2039      74657272 
 2039      75707473 
 2039      5F697063 
 2040              	.LASF58:
 2041 178c 7363625F 		.ascii	"scb_7_interrupt_IRQn\000"
 2041      375F696E 
 2041      74657272 
 2041      7570745F 
 2041      4952516E 
 2042              	.LASF98:
 2043 17a1 63707573 		.ascii	"cpuss_interrupts_cm4_cti_0_IRQn\000"
 2043      735F696E 
 2043      74657272 
 2043      75707473 
 2043      5F636D34 
 2044              	.LASF110:
 2045 17c1 74637077 		.ascii	"tcpwm_1_interrupts_2_IRQn\000"
 2045      6D5F315F 
 2045      696E7465 
 2045      72727570 
 2045      74735F32 
 2046              		.ident	"GCC: (GNU Tools for ARM Embedded Processors) 5.4.1 20160609 (release) [ARM/embedded-5-bran
