ARM GAS  C:\Users\cmila\AppData\Local\Temp\ccAjWGuM.s 			page 1


   1              		.syntax unified
   2              		.cpu cortex-m4
   3              		.eabi_attribute 27, 1
   4              		.fpu fpv4-sp-d16
   5              		.eabi_attribute 20, 1
   6              		.eabi_attribute 21, 1
   7              		.eabi_attribute 23, 3
   8              		.eabi_attribute 24, 1
   9              		.eabi_attribute 25, 1
  10              		.eabi_attribute 26, 1
  11              		.eabi_attribute 30, 4
  12              		.eabi_attribute 34, 1
  13              		.eabi_attribute 18, 4
  14              		.thumb
  15              		.syntax unified
  16              		.file	"cy_sysanalog.c"
  17              		.text
  18              	.Ltext0:
  19              		.cfi_sections	.debug_frame
  20              		.section	.text.Cy_SysAnalog_Init,"ax",%progbits
  21              		.align	1
  22              		.global	Cy_SysAnalog_Init
  23              		.thumb
  24              		.thumb_func
  25              		.type	Cy_SysAnalog_Init, %function
  26              	Cy_SysAnalog_Init:
  27              	.LFB175:
  28              		.file 1 "Generated_Source\\PSoC6\\pdl\\drivers\\peripheral\\sysanalog\\cy_sysanalog.c"
   1:Generated_Source\PSoC6\pdl\drivers\peripheral\sysanalog/cy_sysanalog.c **** /***************************************************************************//**
   2:Generated_Source\PSoC6\pdl\drivers\peripheral\sysanalog/cy_sysanalog.c **** * \file cy_sysanalog.c
   3:Generated_Source\PSoC6\pdl\drivers\peripheral\sysanalog/cy_sysanalog.c **** * \version 1.10
   4:Generated_Source\PSoC6\pdl\drivers\peripheral\sysanalog/cy_sysanalog.c **** *
   5:Generated_Source\PSoC6\pdl\drivers\peripheral\sysanalog/cy_sysanalog.c **** * Provides the public functions for the API for the SAR driver.
   6:Generated_Source\PSoC6\pdl\drivers\peripheral\sysanalog/cy_sysanalog.c **** *
   7:Generated_Source\PSoC6\pdl\drivers\peripheral\sysanalog/cy_sysanalog.c **** ********************************************************************************
   8:Generated_Source\PSoC6\pdl\drivers\peripheral\sysanalog/cy_sysanalog.c **** * \copyright
   9:Generated_Source\PSoC6\pdl\drivers\peripheral\sysanalog/cy_sysanalog.c **** * Copyright 2017-2018, Cypress Semiconductor Corporation. All rights reserved.
  10:Generated_Source\PSoC6\pdl\drivers\peripheral\sysanalog/cy_sysanalog.c **** * You may use this file only in accordance with the license, terms, conditions,
  11:Generated_Source\PSoC6\pdl\drivers\peripheral\sysanalog/cy_sysanalog.c **** * disclaimers, and limitations in the end user license agreement accompanying
  12:Generated_Source\PSoC6\pdl\drivers\peripheral\sysanalog/cy_sysanalog.c **** * the software package with which this file was provided.
  13:Generated_Source\PSoC6\pdl\drivers\peripheral\sysanalog/cy_sysanalog.c **** *******************************************************************************/
  14:Generated_Source\PSoC6\pdl\drivers\peripheral\sysanalog/cy_sysanalog.c **** #include "cy_sysanalog.h"
  15:Generated_Source\PSoC6\pdl\drivers\peripheral\sysanalog/cy_sysanalog.c **** 
  16:Generated_Source\PSoC6\pdl\drivers\peripheral\sysanalog/cy_sysanalog.c **** #ifdef CY_IP_MXS40PASS
  17:Generated_Source\PSoC6\pdl\drivers\peripheral\sysanalog/cy_sysanalog.c **** 
  18:Generated_Source\PSoC6\pdl\drivers\peripheral\sysanalog/cy_sysanalog.c **** #if defined(__cplusplus)
  19:Generated_Source\PSoC6\pdl\drivers\peripheral\sysanalog/cy_sysanalog.c **** extern "C" {
  20:Generated_Source\PSoC6\pdl\drivers\peripheral\sysanalog/cy_sysanalog.c **** #endif
  21:Generated_Source\PSoC6\pdl\drivers\peripheral\sysanalog/cy_sysanalog.c **** 
  22:Generated_Source\PSoC6\pdl\drivers\peripheral\sysanalog/cy_sysanalog.c **** /* Configure the AREF to use the local Vref and local IZTAT. Can be used with \ref Cy_SysAnalog_Ini
  23:Generated_Source\PSoC6\pdl\drivers\peripheral\sysanalog/cy_sysanalog.c **** const cy_stc_sysanalog_config_t Cy_SysAnalog_Fast_Local =
  24:Generated_Source\PSoC6\pdl\drivers\peripheral\sysanalog/cy_sysanalog.c **** {
  25:Generated_Source\PSoC6\pdl\drivers\peripheral\sysanalog/cy_sysanalog.c ****     /*.startup    */ CY_SYSANALOG_STARTUP_FAST,
  26:Generated_Source\PSoC6\pdl\drivers\peripheral\sysanalog/cy_sysanalog.c ****     /*.iztat      */ CY_SYSANALOG_IZTAT_SOURCE_LOCAL,
  27:Generated_Source\PSoC6\pdl\drivers\peripheral\sysanalog/cy_sysanalog.c ****     /*.vref       */ CY_SYSANALOG_VREF_SOURCE_LOCAL_1_2V,
  28:Generated_Source\PSoC6\pdl\drivers\peripheral\sysanalog/cy_sysanalog.c ****     /*.deepSleep  */ CY_SYSANALOG_DEEPSLEEP_DISABLE,
  29:Generated_Source\PSoC6\pdl\drivers\peripheral\sysanalog/cy_sysanalog.c **** };
ARM GAS  C:\Users\cmila\AppData\Local\Temp\ccAjWGuM.s 			page 2


  30:Generated_Source\PSoC6\pdl\drivers\peripheral\sysanalog/cy_sysanalog.c **** 
  31:Generated_Source\PSoC6\pdl\drivers\peripheral\sysanalog/cy_sysanalog.c **** /* Configure the AREF to use the SRSS Vref and SRSS IZTAT. Can be used with \ref Cy_SysAnalog_Init.
  32:Generated_Source\PSoC6\pdl\drivers\peripheral\sysanalog/cy_sysanalog.c **** const cy_stc_sysanalog_config_t Cy_SysAnalog_Fast_SRSS =
  33:Generated_Source\PSoC6\pdl\drivers\peripheral\sysanalog/cy_sysanalog.c **** {
  34:Generated_Source\PSoC6\pdl\drivers\peripheral\sysanalog/cy_sysanalog.c ****     /*.startup    */ CY_SYSANALOG_STARTUP_FAST,
  35:Generated_Source\PSoC6\pdl\drivers\peripheral\sysanalog/cy_sysanalog.c ****     /*.iztat      */ CY_SYSANALOG_IZTAT_SOURCE_SRSS,
  36:Generated_Source\PSoC6\pdl\drivers\peripheral\sysanalog/cy_sysanalog.c ****     /*.vref       */ CY_SYSANALOG_VREF_SOURCE_SRSS,
  37:Generated_Source\PSoC6\pdl\drivers\peripheral\sysanalog/cy_sysanalog.c ****     /*.deepSleep  */ CY_SYSANALOG_DEEPSLEEP_DISABLE,
  38:Generated_Source\PSoC6\pdl\drivers\peripheral\sysanalog/cy_sysanalog.c **** };
  39:Generated_Source\PSoC6\pdl\drivers\peripheral\sysanalog/cy_sysanalog.c **** 
  40:Generated_Source\PSoC6\pdl\drivers\peripheral\sysanalog/cy_sysanalog.c **** /* Configure the AREF to use the external Vref and local IZTAT. Can be used with \ref Cy_SysAnalog_
  41:Generated_Source\PSoC6\pdl\drivers\peripheral\sysanalog/cy_sysanalog.c **** const cy_stc_sysanalog_config_t Cy_SysAnalog_Fast_External =
  42:Generated_Source\PSoC6\pdl\drivers\peripheral\sysanalog/cy_sysanalog.c **** {
  43:Generated_Source\PSoC6\pdl\drivers\peripheral\sysanalog/cy_sysanalog.c ****     /*.startup    */ CY_SYSANALOG_STARTUP_FAST,
  44:Generated_Source\PSoC6\pdl\drivers\peripheral\sysanalog/cy_sysanalog.c ****     /*.iztat      */ CY_SYSANALOG_IZTAT_SOURCE_LOCAL,
  45:Generated_Source\PSoC6\pdl\drivers\peripheral\sysanalog/cy_sysanalog.c ****     /*.vref       */ CY_SYSANALOG_VREF_SOURCE_EXTERNAL,
  46:Generated_Source\PSoC6\pdl\drivers\peripheral\sysanalog/cy_sysanalog.c ****     /*.deepSleep  */ CY_SYSANALOG_DEEPSLEEP_DISABLE,
  47:Generated_Source\PSoC6\pdl\drivers\peripheral\sysanalog/cy_sysanalog.c **** };
  48:Generated_Source\PSoC6\pdl\drivers\peripheral\sysanalog/cy_sysanalog.c **** 
  49:Generated_Source\PSoC6\pdl\drivers\peripheral\sysanalog/cy_sysanalog.c **** /*******************************************************************************
  50:Generated_Source\PSoC6\pdl\drivers\peripheral\sysanalog/cy_sysanalog.c **** * Function Name: Cy_SysAnalog_Init
  51:Generated_Source\PSoC6\pdl\drivers\peripheral\sysanalog/cy_sysanalog.c **** ****************************************************************************//**
  52:Generated_Source\PSoC6\pdl\drivers\peripheral\sysanalog/cy_sysanalog.c **** *
  53:Generated_Source\PSoC6\pdl\drivers\peripheral\sysanalog/cy_sysanalog.c **** * Initialize the AREF block.
  54:Generated_Source\PSoC6\pdl\drivers\peripheral\sysanalog/cy_sysanalog.c **** *
  55:Generated_Source\PSoC6\pdl\drivers\peripheral\sysanalog/cy_sysanalog.c **** * \param config
  56:Generated_Source\PSoC6\pdl\drivers\peripheral\sysanalog/cy_sysanalog.c **** * Pointer to structure containing configuration data. See \ref cy_stc_sysanalog_config_t
  57:Generated_Source\PSoC6\pdl\drivers\peripheral\sysanalog/cy_sysanalog.c **** *
  58:Generated_Source\PSoC6\pdl\drivers\peripheral\sysanalog/cy_sysanalog.c **** * \return
  59:Generated_Source\PSoC6\pdl\drivers\peripheral\sysanalog/cy_sysanalog.c **** * - \ref CY_SYSANALOG_SUCCESS : initialization complete
  60:Generated_Source\PSoC6\pdl\drivers\peripheral\sysanalog/cy_sysanalog.c **** * - \ref CY_SYSANALOG_BAD_PARAM : input pointers are null, initialization incomplete
  61:Generated_Source\PSoC6\pdl\drivers\peripheral\sysanalog/cy_sysanalog.c **** *
  62:Generated_Source\PSoC6\pdl\drivers\peripheral\sysanalog/cy_sysanalog.c **** * \funcusage
  63:Generated_Source\PSoC6\pdl\drivers\peripheral\sysanalog/cy_sysanalog.c **** *
  64:Generated_Source\PSoC6\pdl\drivers\peripheral\sysanalog/cy_sysanalog.c **** * \snippet sysanalog_sut_01.cydsn/main_cm0p.c SYSANA_SNIPPET_INIT
  65:Generated_Source\PSoC6\pdl\drivers\peripheral\sysanalog/cy_sysanalog.c **** *
  66:Generated_Source\PSoC6\pdl\drivers\peripheral\sysanalog/cy_sysanalog.c **** *******************************************************************************/
  67:Generated_Source\PSoC6\pdl\drivers\peripheral\sysanalog/cy_sysanalog.c **** cy_en_sysanalog_status_t Cy_SysAnalog_Init(const cy_stc_sysanalog_config_t *config)
  68:Generated_Source\PSoC6\pdl\drivers\peripheral\sysanalog/cy_sysanalog.c **** {
  29              		.loc 1 68 0
  30              		.cfi_startproc
  31              		@ args = 0, pretend = 0, frame = 0
  32              		@ frame_needed = 0, uses_anonymous_args = 0
  33              		@ link register save eliminated.
  34              	.LVL0:
  69:Generated_Source\PSoC6\pdl\drivers\peripheral\sysanalog/cy_sysanalog.c ****     CY_ASSERT_L1(NULL != config);
  70:Generated_Source\PSoC6\pdl\drivers\peripheral\sysanalog/cy_sysanalog.c **** 
  71:Generated_Source\PSoC6\pdl\drivers\peripheral\sysanalog/cy_sysanalog.c ****     cy_en_sysanalog_status_t result;
  72:Generated_Source\PSoC6\pdl\drivers\peripheral\sysanalog/cy_sysanalog.c ****     uint32_t ctrlReg = CY_SYSANALOG_DEINIT;
  73:Generated_Source\PSoC6\pdl\drivers\peripheral\sysanalog/cy_sysanalog.c **** 
  74:Generated_Source\PSoC6\pdl\drivers\peripheral\sysanalog/cy_sysanalog.c ****     if (NULL == config)
  35              		.loc 1 74 0
  36 0000 78B1     		cbz	r0, .L3
  75:Generated_Source\PSoC6\pdl\drivers\peripheral\sysanalog/cy_sysanalog.c ****     {
  76:Generated_Source\PSoC6\pdl\drivers\peripheral\sysanalog/cy_sysanalog.c ****         result = CY_SYSANALOG_BAD_PARAM;
  77:Generated_Source\PSoC6\pdl\drivers\peripheral\sysanalog/cy_sysanalog.c ****     }
  78:Generated_Source\PSoC6\pdl\drivers\peripheral\sysanalog/cy_sysanalog.c ****     else
ARM GAS  C:\Users\cmila\AppData\Local\Temp\ccAjWGuM.s 			page 3


  79:Generated_Source\PSoC6\pdl\drivers\peripheral\sysanalog/cy_sysanalog.c ****     {
  80:Generated_Source\PSoC6\pdl\drivers\peripheral\sysanalog/cy_sysanalog.c ****         CY_ASSERT_L3(CY_SYSANALOG_STARTUP(config->startup));
  81:Generated_Source\PSoC6\pdl\drivers\peripheral\sysanalog/cy_sysanalog.c ****         CY_ASSERT_L3(CY_SYSANALOG_DEEPSLEEP(config->deepSleep));
  82:Generated_Source\PSoC6\pdl\drivers\peripheral\sysanalog/cy_sysanalog.c ****         CY_ASSERT_L3(CY_SYSANALOG_VREF(config->vref));
  83:Generated_Source\PSoC6\pdl\drivers\peripheral\sysanalog/cy_sysanalog.c ****         CY_ASSERT_L3(CY_SYSANALOG_IZTAT(config->iztat));
  84:Generated_Source\PSoC6\pdl\drivers\peripheral\sysanalog/cy_sysanalog.c **** 
  85:Generated_Source\PSoC6\pdl\drivers\peripheral\sysanalog/cy_sysanalog.c ****         ctrlReg = (uint32_t) config->startup \
  37              		.loc 1 85 0
  38 0002 8368     		ldr	r3, [r0, #8]
  39 0004 4268     		ldr	r2, [r0, #4]
  40 0006 1A43     		orrs	r2, r2, r3
  41 0008 C368     		ldr	r3, [r0, #12]
  42 000a 1A43     		orrs	r2, r2, r3
  43 000c 0378     		ldrb	r3, [r0]	@ zero_extendqisi2
  44 000e 43F00403 		orr	r3, r3, #4
  45 0012 1343     		orrs	r3, r3, r2
  46              	.LVL1:
  86:Generated_Source\PSoC6\pdl\drivers\peripheral\sysanalog/cy_sysanalog.c ****                   | CY_SYSANALOG_DEFAULT_BIAS_SCALE \
  87:Generated_Source\PSoC6\pdl\drivers\peripheral\sysanalog/cy_sysanalog.c ****                   | (uint32_t) config->iztat \
  88:Generated_Source\PSoC6\pdl\drivers\peripheral\sysanalog/cy_sysanalog.c ****                   | (uint32_t) config->vref \
  89:Generated_Source\PSoC6\pdl\drivers\peripheral\sysanalog/cy_sysanalog.c ****                   | (uint32_t) config->deepSleep;
  90:Generated_Source\PSoC6\pdl\drivers\peripheral\sysanalog/cy_sysanalog.c **** 
  91:Generated_Source\PSoC6\pdl\drivers\peripheral\sysanalog/cy_sysanalog.c ****         PASS_AREF_AREF_CTRL = ctrlReg;
  47              		.loc 1 91 0
  48 0014 044A     		ldr	r2, .L5
  49 0016 1268     		ldr	r2, [r2]
  50 0018 D269     		ldr	r2, [r2, #28]
  92:Generated_Source\PSoC6\pdl\drivers\peripheral\sysanalog/cy_sysanalog.c **** 
  93:Generated_Source\PSoC6\pdl\drivers\peripheral\sysanalog/cy_sysanalog.c ****         result = CY_SYSANALOG_SUCCESS;
  51              		.loc 1 93 0
  52 001a 0020     		movs	r0, #0
  53              	.LVL2:
  91:Generated_Source\PSoC6\pdl\drivers\peripheral\sysanalog/cy_sysanalog.c **** 
  54              		.loc 1 91 0
  55 001c C2F8003E 		str	r3, [r2, #3584]
  56              	.LVL3:
  57 0020 7047     		bx	lr
  58              	.LVL4:
  59              	.L3:
  76:Generated_Source\PSoC6\pdl\drivers\peripheral\sysanalog/cy_sysanalog.c ****     }
  60              		.loc 1 76 0
  61 0022 0248     		ldr	r0, .L5+4
  62              	.LVL5:
  94:Generated_Source\PSoC6\pdl\drivers\peripheral\sysanalog/cy_sysanalog.c ****     }
  95:Generated_Source\PSoC6\pdl\drivers\peripheral\sysanalog/cy_sysanalog.c **** 
  96:Generated_Source\PSoC6\pdl\drivers\peripheral\sysanalog/cy_sysanalog.c ****     return result;
  97:Generated_Source\PSoC6\pdl\drivers\peripheral\sysanalog/cy_sysanalog.c **** }
  63              		.loc 1 97 0
  64 0024 7047     		bx	lr
  65              	.L6:
  66 0026 00BF     		.align	2
  67              	.L5:
  68 0028 00000000 		.word	cy_device
  69 002c 01005E00 		.word	6160385
  70              		.cfi_endproc
  71              	.LFE175:
  72              		.size	Cy_SysAnalog_Init, .-Cy_SysAnalog_Init
ARM GAS  C:\Users\cmila\AppData\Local\Temp\ccAjWGuM.s 			page 4


  73              		.global	Cy_SysAnalog_Fast_External
  74              		.global	Cy_SysAnalog_Fast_SRSS
  75              		.global	Cy_SysAnalog_Fast_Local
  76              		.section	.rodata
  77              		.align	2
  78              		.type	Cy_SysAnalog_Fast_External, %object
  79              		.size	Cy_SysAnalog_Fast_External, 16
  80              	Cy_SysAnalog_Fast_External:
  81 0000 01       		.byte	1
  82 0001 000000   		.space	3
  83 0004 00000100 		.word	65536
  84 0008 00002000 		.word	2097152
  85 000c 00000000 		.word	0
  86              		.type	Cy_SysAnalog_Fast_SRSS, %object
  87              		.size	Cy_SysAnalog_Fast_SRSS, 16
  88              	Cy_SysAnalog_Fast_SRSS:
  89 0010 01       		.byte	1
  90 0011 000000   		.space	3
  91 0014 00000000 		.word	0
  92 0018 00000000 		.word	0
  93 001c 00000000 		.word	0
  94              		.type	Cy_SysAnalog_Fast_Local, %object
  95              		.size	Cy_SysAnalog_Fast_Local, 16
  96              	Cy_SysAnalog_Fast_Local:
  97 0020 01       		.byte	1
  98 0021 000000   		.space	3
  99 0024 00000100 		.word	65536
 100 0028 00001000 		.word	1048576
 101 002c 00000000 		.word	0
 102              		.text
 103              	.Letext0:
 104              		.file 2 "c:\\program files (x86)\\cypress\\psoc creator\\4.4\\psoc creator\\import\\gnu\\arm\\5.4.
 105              		.file 3 "c:\\program files (x86)\\cypress\\psoc creator\\4.4\\psoc creator\\import\\gnu\\arm\\5.4.
 106              		.file 4 "Generated_Source\\PSoC6\\pdl\\devices/psoc6/include/ip/cyip_pass.h"
 107              		.file 5 "Generated_Source\\PSoC6\\pdl\\drivers/peripheral/device/cy_device.h"
 108              		.file 6 "Generated_Source\\PSoC6\\pdl\\drivers\\peripheral\\sysanalog\\cy_sysanalog.h"
 109              		.file 7 "Generated_Source\\PSoC6\\pdl\\cmsis/include/core_cm4.h"
 110              		.section	.debug_info,"",%progbits
 111              	.Ldebug_info0:
 112 0000 F8070000 		.4byte	0x7f8
 113 0004 0400     		.2byte	0x4
 114 0006 00000000 		.4byte	.Ldebug_abbrev0
 115 000a 04       		.byte	0x4
 116 000b 01       		.uleb128 0x1
 117 000c 39000000 		.4byte	.LASF155
 118 0010 0C       		.byte	0xc
 119 0011 DB0A0000 		.4byte	.LASF156
 120 0015 60010000 		.4byte	.LASF157
 121 0019 00000000 		.4byte	.Ldebug_ranges0+0
 122 001d 00000000 		.4byte	0
 123 0021 00000000 		.4byte	.Ldebug_line0
 124 0025 02       		.uleb128 0x2
 125 0026 01       		.byte	0x1
 126 0027 06       		.byte	0x6
 127 0028 04030000 		.4byte	.LASF0
 128 002c 03       		.uleb128 0x3
 129 002d 2A010000 		.4byte	.LASF2
ARM GAS  C:\Users\cmila\AppData\Local\Temp\ccAjWGuM.s 			page 5


 130 0031 02       		.byte	0x2
 131 0032 1D       		.byte	0x1d
 132 0033 37000000 		.4byte	0x37
 133 0037 02       		.uleb128 0x2
 134 0038 01       		.byte	0x1
 135 0039 08       		.byte	0x8
 136 003a 1F080000 		.4byte	.LASF1
 137 003e 03       		.uleb128 0x3
 138 003f 7C040000 		.4byte	.LASF3
 139 0043 02       		.byte	0x2
 140 0044 29       		.byte	0x29
 141 0045 49000000 		.4byte	0x49
 142 0049 02       		.uleb128 0x2
 143 004a 02       		.byte	0x2
 144 004b 05       		.byte	0x5
 145 004c 55080000 		.4byte	.LASF4
 146 0050 03       		.uleb128 0x3
 147 0051 2D090000 		.4byte	.LASF5
 148 0055 02       		.byte	0x2
 149 0056 2B       		.byte	0x2b
 150 0057 5B000000 		.4byte	0x5b
 151 005b 02       		.uleb128 0x2
 152 005c 02       		.byte	0x2
 153 005d 07       		.byte	0x7
 154 005e B4090000 		.4byte	.LASF6
 155 0062 03       		.uleb128 0x3
 156 0063 6F090000 		.4byte	.LASF7
 157 0067 02       		.byte	0x2
 158 0068 3F       		.byte	0x3f
 159 0069 6D000000 		.4byte	0x6d
 160 006d 02       		.uleb128 0x2
 161 006e 04       		.byte	0x4
 162 006f 05       		.byte	0x5
 163 0070 6E030000 		.4byte	.LASF8
 164 0074 03       		.uleb128 0x3
 165 0075 61040000 		.4byte	.LASF9
 166 0079 02       		.byte	0x2
 167 007a 41       		.byte	0x41
 168 007b 7F000000 		.4byte	0x7f
 169 007f 02       		.uleb128 0x2
 170 0080 04       		.byte	0x4
 171 0081 07       		.byte	0x7
 172 0082 2B050000 		.4byte	.LASF10
 173 0086 02       		.uleb128 0x2
 174 0087 08       		.byte	0x8
 175 0088 05       		.byte	0x5
 176 0089 F6020000 		.4byte	.LASF11
 177 008d 02       		.uleb128 0x2
 178 008e 08       		.byte	0x8
 179 008f 07       		.byte	0x7
 180 0090 15020000 		.4byte	.LASF12
 181 0094 04       		.uleb128 0x4
 182 0095 04       		.byte	0x4
 183 0096 05       		.byte	0x5
 184 0097 696E7400 		.ascii	"int\000"
 185 009b 02       		.uleb128 0x2
 186 009c 04       		.byte	0x4
ARM GAS  C:\Users\cmila\AppData\Local\Temp\ccAjWGuM.s 			page 6


 187 009d 07       		.byte	0x7
 188 009e BB040000 		.4byte	.LASF13
 189 00a2 03       		.uleb128 0x3
 190 00a3 330A0000 		.4byte	.LASF14
 191 00a7 03       		.byte	0x3
 192 00a8 18       		.byte	0x18
 193 00a9 2C000000 		.4byte	0x2c
 194 00ad 03       		.uleb128 0x3
 195 00ae EE020000 		.4byte	.LASF15
 196 00b2 03       		.byte	0x3
 197 00b3 20       		.byte	0x20
 198 00b4 3E000000 		.4byte	0x3e
 199 00b8 03       		.uleb128 0x3
 200 00b9 C8040000 		.4byte	.LASF16
 201 00bd 03       		.byte	0x3
 202 00be 24       		.byte	0x24
 203 00bf 50000000 		.4byte	0x50
 204 00c3 03       		.uleb128 0x3
 205 00c4 17080000 		.4byte	.LASF17
 206 00c8 03       		.byte	0x3
 207 00c9 2C       		.byte	0x2c
 208 00ca 62000000 		.4byte	0x62
 209 00ce 03       		.uleb128 0x3
 210 00cf E2080000 		.4byte	.LASF18
 211 00d3 03       		.byte	0x3
 212 00d4 30       		.byte	0x30
 213 00d5 74000000 		.4byte	0x74
 214 00d9 02       		.uleb128 0x2
 215 00da 08       		.byte	0x8
 216 00db 04       		.byte	0x4
 217 00dc EB080000 		.4byte	.LASF19
 218 00e0 02       		.uleb128 0x2
 219 00e1 04       		.byte	0x4
 220 00e2 07       		.byte	0x7
 221 00e3 60060000 		.4byte	.LASF20
 222 00e7 05       		.uleb128 0x5
 223 00e8 CE000000 		.4byte	0xce
 224 00ec 06       		.uleb128 0x6
 225 00ed E7000000 		.4byte	0xe7
 226 00f1 07       		.uleb128 0x7
 227 00f2 EC000000 		.4byte	0xec
 228 00f6 01010000 		.4byte	0x101
 229 00fa 08       		.uleb128 0x8
 230 00fb E0000000 		.4byte	0xe0
 231 00ff 3E       		.byte	0x3e
 232 0100 00       		.byte	0
 233 0101 09       		.uleb128 0x9
 234 0102 0001     		.2byte	0x100
 235 0104 04       		.byte	0x4
 236 0105 22       		.byte	0x22
 237 0106 23010000 		.4byte	0x123
 238 010a 0A       		.uleb128 0xa
 239 010b 5A020000 		.4byte	.LASF21
 240 010f 04       		.byte	0x4
 241 0110 23       		.byte	0x23
 242 0111 E7000000 		.4byte	0xe7
 243 0115 00       		.byte	0
ARM GAS  C:\Users\cmila\AppData\Local\Temp\ccAjWGuM.s 			page 7


 244 0116 0A       		.uleb128 0xa
 245 0117 64080000 		.4byte	.LASF22
 246 011b 04       		.byte	0x4
 247 011c 24       		.byte	0x24
 248 011d 28010000 		.4byte	0x128
 249 0121 04       		.byte	0x4
 250 0122 00       		.byte	0
 251 0123 05       		.uleb128 0x5
 252 0124 F1000000 		.4byte	0xf1
 253 0128 06       		.uleb128 0x6
 254 0129 23010000 		.4byte	0x123
 255 012d 03       		.uleb128 0x3
 256 012e 31070000 		.4byte	.LASF23
 257 0132 04       		.byte	0x4
 258 0133 25       		.byte	0x25
 259 0134 01010000 		.4byte	0x101
 260 0138 09       		.uleb128 0x9
 261 0139 200F     		.2byte	0xf20
 262 013b 04       		.byte	0x4
 263 013c 2A       		.byte	0x2a
 264 013d CF010000 		.4byte	0x1cf
 265 0141 0A       		.uleb128 0xa
 266 0142 77030000 		.4byte	.LASF24
 267 0146 04       		.byte	0x4
 268 0147 2B       		.byte	0x2b
 269 0148 EC000000 		.4byte	0xec
 270 014c 00       		.byte	0
 271 014d 0A       		.uleb128 0xa
 272 014e 64080000 		.4byte	.LASF22
 273 0152 04       		.byte	0x4
 274 0153 2C       		.byte	0x2c
 275 0154 E5010000 		.4byte	0x1e5
 276 0158 04       		.byte	0x4
 277 0159 0B       		.uleb128 0xb
 278 015a 89080000 		.4byte	.LASF25
 279 015e 04       		.byte	0x4
 280 015f 2D       		.byte	0x2d
 281 0160 2D010000 		.4byte	0x12d
 282 0164 000E     		.2byte	0xe00
 283 0166 0B       		.uleb128 0xb
 284 0167 B5030000 		.4byte	.LASF26
 285 016b 04       		.byte	0x4
 286 016c 2E       		.byte	0x2e
 287 016d E7000000 		.4byte	0xe7
 288 0171 000F     		.2byte	0xf00
 289 0173 0B       		.uleb128 0xb
 290 0174 39030000 		.4byte	.LASF27
 291 0178 04       		.byte	0x4
 292 0179 2F       		.byte	0x2f
 293 017a E7000000 		.4byte	0xe7
 294 017e 040F     		.2byte	0xf04
 295 0180 0B       		.uleb128 0xb
 296 0181 E7030000 		.4byte	.LASF28
 297 0185 04       		.byte	0x4
 298 0186 30       		.byte	0x30
 299 0187 E7000000 		.4byte	0xe7
 300 018b 080F     		.2byte	0xf08
ARM GAS  C:\Users\cmila\AppData\Local\Temp\ccAjWGuM.s 			page 8


 301 018d 0B       		.uleb128 0xb
 302 018e 59030000 		.4byte	.LASF29
 303 0192 04       		.byte	0x4
 304 0193 31       		.byte	0x31
 305 0194 E7000000 		.4byte	0xe7
 306 0198 0C0F     		.2byte	0xf0c
 307 019a 0B       		.uleb128 0xb
 308 019b 13050000 		.4byte	.LASF30
 309 019f 04       		.byte	0x4
 310 01a0 32       		.byte	0x32
 311 01a1 E7000000 		.4byte	0xe7
 312 01a5 100F     		.2byte	0xf10
 313 01a7 0B       		.uleb128 0xb
 314 01a8 1F050000 		.4byte	.LASF31
 315 01ac 04       		.byte	0x4
 316 01ad 33       		.byte	0x33
 317 01ae E7000000 		.4byte	0xe7
 318 01b2 140F     		.2byte	0xf14
 319 01b4 0B       		.uleb128 0xb
 320 01b5 C9070000 		.4byte	.LASF32
 321 01b9 04       		.byte	0x4
 322 01ba 34       		.byte	0x34
 323 01bb E7000000 		.4byte	0xe7
 324 01bf 180F     		.2byte	0xf18
 325 01c1 0B       		.uleb128 0xb
 326 01c2 FC090000 		.4byte	.LASF33
 327 01c6 04       		.byte	0x4
 328 01c7 35       		.byte	0x35
 329 01c8 E7000000 		.4byte	0xe7
 330 01cc 1C0F     		.2byte	0xf1c
 331 01ce 00       		.byte	0
 332 01cf 07       		.uleb128 0x7
 333 01d0 EC000000 		.4byte	0xec
 334 01d4 E0010000 		.4byte	0x1e0
 335 01d8 0C       		.uleb128 0xc
 336 01d9 E0000000 		.4byte	0xe0
 337 01dd 7E03     		.2byte	0x37e
 338 01df 00       		.byte	0
 339 01e0 05       		.uleb128 0x5
 340 01e1 CF010000 		.4byte	0x1cf
 341 01e5 06       		.uleb128 0x6
 342 01e6 E0010000 		.4byte	0x1e0
 343 01ea 03       		.uleb128 0x3
 344 01eb 4B090000 		.4byte	.LASF34
 345 01ef 04       		.byte	0x4
 346 01f0 36       		.byte	0x36
 347 01f1 38010000 		.4byte	0x138
 348 01f5 0D       		.uleb128 0xd
 349 01f6 B8       		.byte	0xb8
 350 01f7 05       		.byte	0x5
 351 01f8 34       		.byte	0x34
 352 01f9 06060000 		.4byte	0x606
 353 01fd 0A       		.uleb128 0xa
 354 01fe C0010000 		.4byte	.LASF35
 355 0202 05       		.byte	0x5
 356 0203 37       		.byte	0x37
 357 0204 CE000000 		.4byte	0xce
ARM GAS  C:\Users\cmila\AppData\Local\Temp\ccAjWGuM.s 			page 9


 358 0208 00       		.byte	0
 359 0209 0A       		.uleb128 0xa
 360 020a 56040000 		.4byte	.LASF36
 361 020e 05       		.byte	0x5
 362 020f 38       		.byte	0x38
 363 0210 CE000000 		.4byte	0xce
 364 0214 04       		.byte	0x4
 365 0215 0A       		.uleb128 0xa
 366 0216 90030000 		.4byte	.LASF37
 367 021a 05       		.byte	0x5
 368 021b 39       		.byte	0x39
 369 021c CE000000 		.4byte	0xce
 370 0220 08       		.byte	0x8
 371 0221 0A       		.uleb128 0xa
 372 0222 0F080000 		.4byte	.LASF38
 373 0226 05       		.byte	0x5
 374 0227 3A       		.byte	0x3a
 375 0228 CE000000 		.4byte	0xce
 376 022c 0C       		.byte	0xc
 377 022d 0A       		.uleb128 0xa
 378 022e 25030000 		.4byte	.LASF39
 379 0232 05       		.byte	0x5
 380 0233 3B       		.byte	0x3b
 381 0234 CE000000 		.4byte	0xce
 382 0238 10       		.byte	0x10
 383 0239 0A       		.uleb128 0xa
 384 023a 64030000 		.4byte	.LASF40
 385 023e 05       		.byte	0x5
 386 023f 3C       		.byte	0x3c
 387 0240 CE000000 		.4byte	0xce
 388 0244 14       		.byte	0x14
 389 0245 0A       		.uleb128 0xa
 390 0246 50050000 		.4byte	.LASF41
 391 024a 05       		.byte	0x5
 392 024b 3D       		.byte	0x3d
 393 024c CE000000 		.4byte	0xce
 394 0250 18       		.byte	0x18
 395 0251 0A       		.uleb128 0xa
 396 0252 06010000 		.4byte	.LASF42
 397 0256 05       		.byte	0x5
 398 0257 3E       		.byte	0x3e
 399 0258 CE000000 		.4byte	0xce
 400 025c 1C       		.byte	0x1c
 401 025d 0A       		.uleb128 0xa
 402 025e 6D080000 		.4byte	.LASF43
 403 0262 05       		.byte	0x5
 404 0263 3F       		.byte	0x3f
 405 0264 CE000000 		.4byte	0xce
 406 0268 20       		.byte	0x20
 407 0269 0A       		.uleb128 0xa
 408 026a 5C070000 		.4byte	.LASF44
 409 026e 05       		.byte	0x5
 410 026f 40       		.byte	0x40
 411 0270 CE000000 		.4byte	0xce
 412 0274 24       		.byte	0x24
 413 0275 0A       		.uleb128 0xa
 414 0276 32060000 		.4byte	.LASF45
ARM GAS  C:\Users\cmila\AppData\Local\Temp\ccAjWGuM.s 			page 10


 415 027a 05       		.byte	0x5
 416 027b 43       		.byte	0x43
 417 027c A2000000 		.4byte	0xa2
 418 0280 28       		.byte	0x28
 419 0281 0A       		.uleb128 0xa
 420 0282 EC000000 		.4byte	.LASF46
 421 0286 05       		.byte	0x5
 422 0287 44       		.byte	0x44
 423 0288 A2000000 		.4byte	0xa2
 424 028c 29       		.byte	0x29
 425 028d 0A       		.uleb128 0xa
 426 028e 8A0A0000 		.4byte	.LASF47
 427 0292 05       		.byte	0x5
 428 0293 45       		.byte	0x45
 429 0294 A2000000 		.4byte	0xa2
 430 0298 2A       		.byte	0x2a
 431 0299 0A       		.uleb128 0xa
 432 029a 01080000 		.4byte	.LASF48
 433 029e 05       		.byte	0x5
 434 029f 46       		.byte	0x46
 435 02a0 A2000000 		.4byte	0xa2
 436 02a4 2B       		.byte	0x2b
 437 02a5 0A       		.uleb128 0xa
 438 02a6 C8050000 		.4byte	.LASF49
 439 02aa 05       		.byte	0x5
 440 02ab 47       		.byte	0x47
 441 02ac A2000000 		.4byte	0xa2
 442 02b0 2C       		.byte	0x2c
 443 02b1 0A       		.uleb128 0xa
 444 02b2 79090000 		.4byte	.LASF50
 445 02b6 05       		.byte	0x5
 446 02b7 48       		.byte	0x48
 447 02b8 A2000000 		.4byte	0xa2
 448 02bc 2D       		.byte	0x2d
 449 02bd 0A       		.uleb128 0xa
 450 02be 2E030000 		.4byte	.LASF51
 451 02c2 05       		.byte	0x5
 452 02c3 49       		.byte	0x49
 453 02c4 A2000000 		.4byte	0xa2
 454 02c8 2E       		.byte	0x2e
 455 02c9 0A       		.uleb128 0xa
 456 02ca 3F060000 		.4byte	.LASF52
 457 02ce 05       		.byte	0x5
 458 02cf 4A       		.byte	0x4a
 459 02d0 A2000000 		.4byte	0xa2
 460 02d4 2F       		.byte	0x2f
 461 02d5 0A       		.uleb128 0xa
 462 02d6 F1060000 		.4byte	.LASF53
 463 02da 05       		.byte	0x5
 464 02db 4B       		.byte	0x4b
 465 02dc A2000000 		.4byte	0xa2
 466 02e0 30       		.byte	0x30
 467 02e1 0A       		.uleb128 0xa
 468 02e2 45050000 		.4byte	.LASF54
 469 02e6 05       		.byte	0x5
 470 02e7 4E       		.byte	0x4e
 471 02e8 A2000000 		.4byte	0xa2
ARM GAS  C:\Users\cmila\AppData\Local\Temp\ccAjWGuM.s 			page 11


 472 02ec 31       		.byte	0x31
 473 02ed 0A       		.uleb128 0xa
 474 02ee 1C010000 		.4byte	.LASF55
 475 02f2 05       		.byte	0x5
 476 02f3 4F       		.byte	0x4f
 477 02f4 A2000000 		.4byte	0xa2
 478 02f8 32       		.byte	0x32
 479 02f9 0A       		.uleb128 0xa
 480 02fa AF040000 		.4byte	.LASF56
 481 02fe 05       		.byte	0x5
 482 02ff 50       		.byte	0x50
 483 0300 A2000000 		.4byte	0xa2
 484 0304 33       		.byte	0x33
 485 0305 0A       		.uleb128 0xa
 486 0306 BB060000 		.4byte	.LASF57
 487 030a 05       		.byte	0x5
 488 030b 51       		.byte	0x51
 489 030c A2000000 		.4byte	0xa2
 490 0310 34       		.byte	0x34
 491 0311 0A       		.uleb128 0xa
 492 0312 DE090000 		.4byte	.LASF58
 493 0316 05       		.byte	0x5
 494 0317 52       		.byte	0x52
 495 0318 AD000000 		.4byte	0xad
 496 031c 36       		.byte	0x36
 497 031d 0A       		.uleb128 0xa
 498 031e 99030000 		.4byte	.LASF59
 499 0322 05       		.byte	0x5
 500 0323 53       		.byte	0x53
 501 0324 AD000000 		.4byte	0xad
 502 0328 38       		.byte	0x38
 503 0329 0A       		.uleb128 0xa
 504 032a 080A0000 		.4byte	.LASF60
 505 032e 05       		.byte	0x5
 506 032f 54       		.byte	0x54
 507 0330 AD000000 		.4byte	0xad
 508 0334 3A       		.byte	0x3a
 509 0335 0A       		.uleb128 0xa
 510 0336 7B0A0000 		.4byte	.LASF61
 511 033a 05       		.byte	0x5
 512 033b 55       		.byte	0x55
 513 033c A2000000 		.4byte	0xa2
 514 0340 3C       		.byte	0x3c
 515 0341 0A       		.uleb128 0xa
 516 0342 F2030000 		.4byte	.LASF62
 517 0346 05       		.byte	0x5
 518 0347 56       		.byte	0x56
 519 0348 A2000000 		.4byte	0xa2
 520 034c 3D       		.byte	0x3d
 521 034d 0A       		.uleb128 0xa
 522 034e A8080000 		.4byte	.LASF63
 523 0352 05       		.byte	0x5
 524 0353 57       		.byte	0x57
 525 0354 A2000000 		.4byte	0xa2
 526 0358 3E       		.byte	0x3e
 527 0359 0A       		.uleb128 0xa
 528 035a FA000000 		.4byte	.LASF64
ARM GAS  C:\Users\cmila\AppData\Local\Temp\ccAjWGuM.s 			page 12


 529 035e 05       		.byte	0x5
 530 035f 58       		.byte	0x58
 531 0360 A2000000 		.4byte	0xa2
 532 0364 3F       		.byte	0x3f
 533 0365 0A       		.uleb128 0xa
 534 0366 67070000 		.4byte	.LASF65
 535 036a 05       		.byte	0x5
 536 036b 59       		.byte	0x59
 537 036c A2000000 		.4byte	0xa2
 538 0370 40       		.byte	0x40
 539 0371 0A       		.uleb128 0xa
 540 0372 6C040000 		.4byte	.LASF66
 541 0376 05       		.byte	0x5
 542 0377 5A       		.byte	0x5a
 543 0378 A2000000 		.4byte	0xa2
 544 037c 41       		.byte	0x41
 545 037d 0A       		.uleb128 0xa
 546 037e E4050000 		.4byte	.LASF67
 547 0382 05       		.byte	0x5
 548 0383 5B       		.byte	0x5b
 549 0384 A2000000 		.4byte	0xa2
 550 0388 42       		.byte	0x42
 551 0389 0A       		.uleb128 0xa
 552 038a 0E070000 		.4byte	.LASF68
 553 038e 05       		.byte	0x5
 554 038f 5C       		.byte	0x5c
 555 0390 A2000000 		.4byte	0xa2
 556 0394 43       		.byte	0x43
 557 0395 0A       		.uleb128 0xa
 558 0396 A4030000 		.4byte	.LASF69
 559 039a 05       		.byte	0x5
 560 039b 5D       		.byte	0x5d
 561 039c A2000000 		.4byte	0xa2
 562 03a0 44       		.byte	0x44
 563 03a1 0A       		.uleb128 0xa
 564 03a2 00000000 		.4byte	.LASF70
 565 03a6 05       		.byte	0x5
 566 03a7 5E       		.byte	0x5e
 567 03a8 CE000000 		.4byte	0xce
 568 03ac 48       		.byte	0x48
 569 03ad 0A       		.uleb128 0xa
 570 03ae 82030000 		.4byte	.LASF71
 571 03b2 05       		.byte	0x5
 572 03b3 5F       		.byte	0x5f
 573 03b4 CE000000 		.4byte	0xce
 574 03b8 4C       		.byte	0x4c
 575 03b9 0A       		.uleb128 0xa
 576 03ba 290B0000 		.4byte	.LASF72
 577 03be 05       		.byte	0x5
 578 03bf 60       		.byte	0x60
 579 03c0 A2000000 		.4byte	0xa2
 580 03c4 50       		.byte	0x50
 581 03c5 0A       		.uleb128 0xa
 582 03c6 A4020000 		.4byte	.LASF73
 583 03ca 05       		.byte	0x5
 584 03cb 61       		.byte	0x61
 585 03cc A2000000 		.4byte	0xa2
ARM GAS  C:\Users\cmila\AppData\Local\Temp\ccAjWGuM.s 			page 13


 586 03d0 51       		.byte	0x51
 587 03d1 0A       		.uleb128 0xa
 588 03d2 230A0000 		.4byte	.LASF74
 589 03d6 05       		.byte	0x5
 590 03d7 62       		.byte	0x62
 591 03d8 A2000000 		.4byte	0xa2
 592 03dc 52       		.byte	0x52
 593 03dd 0A       		.uleb128 0xa
 594 03de C90A0000 		.4byte	.LASF75
 595 03e2 05       		.byte	0x5
 596 03e3 63       		.byte	0x63
 597 03e4 A2000000 		.4byte	0xa2
 598 03e8 53       		.byte	0x53
 599 03e9 0A       		.uleb128 0xa
 600 03ea B6080000 		.4byte	.LASF76
 601 03ee 05       		.byte	0x5
 602 03ef 64       		.byte	0x64
 603 03f0 A2000000 		.4byte	0xa2
 604 03f4 54       		.byte	0x54
 605 03f5 0A       		.uleb128 0xa
 606 03f6 DA020000 		.4byte	.LASF77
 607 03fa 05       		.byte	0x5
 608 03fb 65       		.byte	0x65
 609 03fc A2000000 		.4byte	0xa2
 610 0400 55       		.byte	0x55
 611 0401 0A       		.uleb128 0xa
 612 0402 86090000 		.4byte	.LASF78
 613 0406 05       		.byte	0x5
 614 0407 66       		.byte	0x66
 615 0408 A2000000 		.4byte	0xa2
 616 040c 56       		.byte	0x56
 617 040d 0A       		.uleb128 0xa
 618 040e 59050000 		.4byte	.LASF79
 619 0412 05       		.byte	0x5
 620 0413 67       		.byte	0x67
 621 0414 A2000000 		.4byte	0xa2
 622 0418 57       		.byte	0x57
 623 0419 0A       		.uleb128 0xa
 624 041a 12000000 		.4byte	.LASF80
 625 041e 05       		.byte	0x5
 626 041f 68       		.byte	0x68
 627 0420 A2000000 		.4byte	0xa2
 628 0424 58       		.byte	0x58
 629 0425 0A       		.uleb128 0xa
 630 0426 2D080000 		.4byte	.LASF81
 631 042a 05       		.byte	0x5
 632 042b 69       		.byte	0x69
 633 042c A2000000 		.4byte	0xa2
 634 0430 59       		.byte	0x59
 635 0431 0A       		.uleb128 0xa
 636 0432 C0030000 		.4byte	.LASF82
 637 0436 05       		.byte	0x5
 638 0437 6E       		.byte	0x6e
 639 0438 B8000000 		.4byte	0xb8
 640 043c 5A       		.byte	0x5a
 641 043d 0A       		.uleb128 0xa
 642 043e C7090000 		.4byte	.LASF83
ARM GAS  C:\Users\cmila\AppData\Local\Temp\ccAjWGuM.s 			page 14


 643 0442 05       		.byte	0x5
 644 0443 6F       		.byte	0x6f
 645 0444 B8000000 		.4byte	0xb8
 646 0448 5C       		.byte	0x5c
 647 0449 0A       		.uleb128 0xa
 648 044a EC010000 		.4byte	.LASF84
 649 044e 05       		.byte	0x5
 650 044f 70       		.byte	0x70
 651 0450 A2000000 		.4byte	0xa2
 652 0454 5E       		.byte	0x5e
 653 0455 0A       		.uleb128 0xa
 654 0456 EB070000 		.4byte	.LASF85
 655 045a 05       		.byte	0x5
 656 045b 71       		.byte	0x71
 657 045c A2000000 		.4byte	0xa2
 658 0460 5F       		.byte	0x5f
 659 0461 0A       		.uleb128 0xa
 660 0462 FD060000 		.4byte	.LASF86
 661 0466 05       		.byte	0x5
 662 0467 72       		.byte	0x72
 663 0468 A2000000 		.4byte	0xa2
 664 046c 60       		.byte	0x60
 665 046d 0A       		.uleb128 0xa
 666 046e B8070000 		.4byte	.LASF87
 667 0472 05       		.byte	0x5
 668 0473 73       		.byte	0x73
 669 0474 CE000000 		.4byte	0xce
 670 0478 64       		.byte	0x64
 671 0479 0A       		.uleb128 0xa
 672 047a 2C020000 		.4byte	.LASF88
 673 047e 05       		.byte	0x5
 674 047f 76       		.byte	0x76
 675 0480 B8000000 		.4byte	0xb8
 676 0484 68       		.byte	0x68
 677 0485 0A       		.uleb128 0xa
 678 0486 01050000 		.4byte	.LASF89
 679 048a 05       		.byte	0x5
 680 048b 77       		.byte	0x77
 681 048c B8000000 		.4byte	0xb8
 682 0490 6A       		.byte	0x6a
 683 0491 0A       		.uleb128 0xa
 684 0492 6D050000 		.4byte	.LASF90
 685 0496 05       		.byte	0x5
 686 0497 78       		.byte	0x78
 687 0498 B8000000 		.4byte	0xb8
 688 049c 6C       		.byte	0x6c
 689 049d 0A       		.uleb128 0xa
 690 049e 0F010000 		.4byte	.LASF91
 691 04a2 05       		.byte	0x5
 692 04a3 79       		.byte	0x79
 693 04a4 B8000000 		.4byte	0xb8
 694 04a8 6E       		.byte	0x6e
 695 04a9 0A       		.uleb128 0xa
 696 04aa 75080000 		.4byte	.LASF92
 697 04ae 05       		.byte	0x5
 698 04af 7B       		.byte	0x7b
 699 04b0 A2000000 		.4byte	0xa2
ARM GAS  C:\Users\cmila\AppData\Local\Temp\ccAjWGuM.s 			page 15


 700 04b4 70       		.byte	0x70
 701 04b5 0A       		.uleb128 0xa
 702 04b6 10030000 		.4byte	.LASF93
 703 04ba 05       		.byte	0x5
 704 04bb 7C       		.byte	0x7c
 705 04bc A2000000 		.4byte	0xa2
 706 04c0 71       		.byte	0x71
 707 04c1 0A       		.uleb128 0xa
 708 04c2 B30A0000 		.4byte	.LASF94
 709 04c6 05       		.byte	0x5
 710 04c7 7D       		.byte	0x7d
 711 04c8 A2000000 		.4byte	0xa2
 712 04cc 72       		.byte	0x72
 713 04cd 0A       		.uleb128 0xa
 714 04ce CC060000 		.4byte	.LASF95
 715 04d2 05       		.byte	0x5
 716 04d3 7E       		.byte	0x7e
 717 04d4 A2000000 		.4byte	0xa2
 718 04d8 73       		.byte	0x73
 719 04d9 0A       		.uleb128 0xa
 720 04da FD030000 		.4byte	.LASF96
 721 04de 05       		.byte	0x5
 722 04df 80       		.byte	0x80
 723 04e0 B8000000 		.4byte	0xb8
 724 04e4 74       		.byte	0x74
 725 04e5 0A       		.uleb128 0xa
 726 04e6 38090000 		.4byte	.LASF97
 727 04ea 05       		.byte	0x5
 728 04eb 81       		.byte	0x81
 729 04ec B8000000 		.4byte	0xb8
 730 04f0 76       		.byte	0x76
 731 04f1 0A       		.uleb128 0xa
 732 04f2 D2030000 		.4byte	.LASF98
 733 04f6 05       		.byte	0x5
 734 04f7 82       		.byte	0x82
 735 04f8 B8000000 		.4byte	0xb8
 736 04fc 78       		.byte	0x78
 737 04fd 0A       		.uleb128 0xa
 738 04fe 34010000 		.4byte	.LASF99
 739 0502 05       		.byte	0x5
 740 0503 83       		.byte	0x83
 741 0504 B8000000 		.4byte	0xb8
 742 0508 7A       		.byte	0x7a
 743 0509 0A       		.uleb128 0xa
 744 050a 500A0000 		.4byte	.LASF100
 745 050e 05       		.byte	0x5
 746 050f 86       		.byte	0x86
 747 0510 A2000000 		.4byte	0xa2
 748 0514 7C       		.byte	0x7c
 749 0515 0A       		.uleb128 0xa
 750 0516 EB090000 		.4byte	.LASF101
 751 051a 05       		.byte	0x5
 752 051b 87       		.byte	0x87
 753 051c A2000000 		.4byte	0xa2
 754 0520 7D       		.byte	0x7d
 755 0521 0A       		.uleb128 0xa
 756 0522 26000000 		.4byte	.LASF102
ARM GAS  C:\Users\cmila\AppData\Local\Temp\ccAjWGuM.s 			page 16


 757 0526 05       		.byte	0x5
 758 0527 88       		.byte	0x88
 759 0528 A2000000 		.4byte	0xa2
 760 052c 7E       		.byte	0x7e
 761 052d 0A       		.uleb128 0xa
 762 052e 24040000 		.4byte	.LASF103
 763 0532 05       		.byte	0x5
 764 0533 89       		.byte	0x89
 765 0534 A2000000 		.4byte	0xa2
 766 0538 7F       		.byte	0x7f
 767 0539 0A       		.uleb128 0xa
 768 053a 9B040000 		.4byte	.LASF104
 769 053e 05       		.byte	0x5
 770 053f 8A       		.byte	0x8a
 771 0540 A2000000 		.4byte	0xa2
 772 0544 80       		.byte	0x80
 773 0545 0A       		.uleb128 0xa
 774 0546 1B060000 		.4byte	.LASF105
 775 054a 05       		.byte	0x5
 776 054b 8D       		.byte	0x8d
 777 054c CE000000 		.4byte	0xce
 778 0550 84       		.byte	0x84
 779 0551 0A       		.uleb128 0xa
 780 0552 49010000 		.4byte	.LASF106
 781 0556 05       		.byte	0x5
 782 0557 8E       		.byte	0x8e
 783 0558 CE000000 		.4byte	0xce
 784 055c 88       		.byte	0x88
 785 055d 0A       		.uleb128 0xa
 786 055e 3B0A0000 		.4byte	.LASF107
 787 0562 05       		.byte	0x5
 788 0563 8F       		.byte	0x8f
 789 0564 CE000000 		.4byte	0xce
 790 0568 8C       		.byte	0x8c
 791 0569 0A       		.uleb128 0xa
 792 056a 4B060000 		.4byte	.LASF108
 793 056e 05       		.byte	0x5
 794 056f 90       		.byte	0x90
 795 0570 CE000000 		.4byte	0xce
 796 0574 90       		.byte	0x90
 797 0575 0A       		.uleb128 0xa
 798 0576 86040000 		.4byte	.LASF109
 799 057a 05       		.byte	0x5
 800 057b 91       		.byte	0x91
 801 057c CE000000 		.4byte	0xce
 802 0580 94       		.byte	0x94
 803 0581 0A       		.uleb128 0xa
 804 0582 05060000 		.4byte	.LASF110
 805 0586 05       		.byte	0x5
 806 0587 92       		.byte	0x92
 807 0588 CE000000 		.4byte	0xce
 808 058c 98       		.byte	0x98
 809 058d 0A       		.uleb128 0xa
 810 058e 650A0000 		.4byte	.LASF111
 811 0592 05       		.byte	0x5
 812 0593 93       		.byte	0x93
 813 0594 CE000000 		.4byte	0xce
ARM GAS  C:\Users\cmila\AppData\Local\Temp\ccAjWGuM.s 			page 17


 814 0598 9C       		.byte	0x9c
 815 0599 0A       		.uleb128 0xa
 816 059a 64020000 		.4byte	.LASF112
 817 059e 05       		.byte	0x5
 818 059f 94       		.byte	0x94
 819 05a0 CE000000 		.4byte	0xce
 820 05a4 A0       		.byte	0xa0
 821 05a5 0A       		.uleb128 0xa
 822 05a6 44030000 		.4byte	.LASF113
 823 05aa 05       		.byte	0x5
 824 05ab 95       		.byte	0x95
 825 05ac B8000000 		.4byte	0xb8
 826 05b0 A4       		.byte	0xa4
 827 05b1 0A       		.uleb128 0xa
 828 05b2 F0050000 		.4byte	.LASF114
 829 05b6 05       		.byte	0x5
 830 05b7 96       		.byte	0x96
 831 05b8 B8000000 		.4byte	0xb8
 832 05bc A6       		.byte	0xa6
 833 05bd 0A       		.uleb128 0xa
 834 05be DF070000 		.4byte	.LASF115
 835 05c2 05       		.byte	0x5
 836 05c3 97       		.byte	0x97
 837 05c4 B8000000 		.4byte	0xb8
 838 05c8 A8       		.byte	0xa8
 839 05c9 0A       		.uleb128 0xa
 840 05ca 18090000 		.4byte	.LASF116
 841 05ce 05       		.byte	0x5
 842 05cf 98       		.byte	0x98
 843 05d0 B8000000 		.4byte	0xb8
 844 05d4 AA       		.byte	0xaa
 845 05d5 0A       		.uleb128 0xa
 846 05d6 7C050000 		.4byte	.LASF117
 847 05da 05       		.byte	0x5
 848 05db 99       		.byte	0x99
 849 05dc B8000000 		.4byte	0xb8
 850 05e0 AC       		.byte	0xac
 851 05e1 0A       		.uleb128 0xa
 852 05e2 E3060000 		.4byte	.LASF118
 853 05e6 05       		.byte	0x5
 854 05e7 9A       		.byte	0x9a
 855 05e8 B8000000 		.4byte	0xb8
 856 05ec AE       		.byte	0xae
 857 05ed 0A       		.uleb128 0xa
 858 05ee D0090000 		.4byte	.LASF119
 859 05f2 05       		.byte	0x5
 860 05f3 9D       		.byte	0x9d
 861 05f4 B8000000 		.4byte	0xb8
 862 05f8 B0       		.byte	0xb0
 863 05f9 0A       		.uleb128 0xa
 864 05fa 41080000 		.4byte	.LASF120
 865 05fe 05       		.byte	0x5
 866 05ff 9E       		.byte	0x9e
 867 0600 CE000000 		.4byte	0xce
 868 0604 B4       		.byte	0xb4
 869 0605 00       		.byte	0
 870 0606 03       		.uleb128 0x3
ARM GAS  C:\Users\cmila\AppData\Local\Temp\ccAjWGuM.s 			page 18


 871 0607 D4050000 		.4byte	.LASF121
 872 060b 05       		.byte	0x5
 873 060c 9F       		.byte	0x9f
 874 060d F5010000 		.4byte	0x1f5
 875 0611 02       		.uleb128 0x2
 876 0612 01       		.byte	0x1
 877 0613 08       		.byte	0x8
 878 0614 F7080000 		.4byte	.LASF122
 879 0618 02       		.uleb128 0x2
 880 0619 04       		.byte	0x4
 881 061a 04       		.byte	0x4
 882 061b B2070000 		.4byte	.LASF123
 883 061f 02       		.uleb128 0x2
 884 0620 08       		.byte	0x8
 885 0621 04       		.byte	0x4
 886 0622 CB030000 		.4byte	.LASF124
 887 0626 0E       		.uleb128 0xe
 888 0627 04       		.byte	0x4
 889 0628 9B000000 		.4byte	0x9b
 890 062c 06       		.byte	0x6
 891 062d DB       		.byte	0xdb
 892 062e 42060000 		.4byte	0x642
 893 0632 0F       		.uleb128 0xf
 894 0633 0F040000 		.4byte	.LASF125
 895 0637 00       		.byte	0
 896 0638 10       		.uleb128 0x10
 897 0639 58090000 		.4byte	.LASF126
 898 063d 01005E00 		.4byte	0x5e0001
 899 0641 00       		.byte	0
 900 0642 03       		.uleb128 0x3
 901 0643 43070000 		.4byte	.LASF127
 902 0647 06       		.byte	0x6
 903 0648 DE       		.byte	0xde
 904 0649 26060000 		.4byte	0x626
 905 064d 0E       		.uleb128 0xe
 906 064e 01       		.byte	0x1
 907 064f 37000000 		.4byte	0x37
 908 0653 06       		.byte	0x6
 909 0654 E8       		.byte	0xe8
 910 0655 66060000 		.4byte	0x666
 911 0659 0F       		.uleb128 0xf
 912 065a C6080000 		.4byte	.LASF128
 913 065e 00       		.byte	0
 914 065f 0F       		.uleb128 0xf
 915 0660 FB010000 		.4byte	.LASF129
 916 0664 01       		.byte	0x1
 917 0665 00       		.byte	0
 918 0666 03       		.uleb128 0x3
 919 0667 9A090000 		.4byte	.LASF130
 920 066b 06       		.byte	0x6
 921 066c EB       		.byte	0xeb
 922 066d 4D060000 		.4byte	0x64d
 923 0671 0E       		.uleb128 0xe
 924 0672 04       		.byte	0x4
 925 0673 9B000000 		.4byte	0x9b
 926 0677 06       		.byte	0x6
 927 0678 F5       		.byte	0xf5
ARM GAS  C:\Users\cmila\AppData\Local\Temp\ccAjWGuM.s 			page 19


 928 0679 96060000 		.4byte	0x696
 929 067d 0F       		.uleb128 0xf
 930 067e 38040000 		.4byte	.LASF131
 931 0682 00       		.byte	0
 932 0683 10       		.uleb128 0x10
 933 0684 B6020000 		.4byte	.LASF132
 934 0688 00001000 		.4byte	0x100000
 935 068c 10       		.uleb128 0x10
 936 068d CA010000 		.4byte	.LASF133
 937 0691 00002000 		.4byte	0x200000
 938 0695 00       		.byte	0
 939 0696 03       		.uleb128 0x3
 940 0697 3C020000 		.4byte	.LASF134
 941 069b 06       		.byte	0x6
 942 069c F9       		.byte	0xf9
 943 069d 71060000 		.4byte	0x671
 944 06a1 11       		.uleb128 0x11
 945 06a2 04       		.byte	0x4
 946 06a3 9B000000 		.4byte	0x9b
 947 06a7 06       		.byte	0x6
 948 06a8 0401     		.2byte	0x104
 949 06aa BE060000 		.4byte	0x6be
 950 06ae 0F       		.uleb128 0xf
 951 06af 940A0000 		.4byte	.LASF135
 952 06b3 00       		.byte	0
 953 06b4 10       		.uleb128 0x10
 954 06b5 69060000 		.4byte	.LASF136
 955 06b9 00000100 		.4byte	0x10000
 956 06bd 00       		.byte	0
 957 06be 12       		.uleb128 0x12
 958 06bf A9050000 		.4byte	.LASF137
 959 06c3 06       		.byte	0x6
 960 06c4 0701     		.2byte	0x107
 961 06c6 A1060000 		.4byte	0x6a1
 962 06ca 11       		.uleb128 0x11
 963 06cb 04       		.byte	0x4
 964 06cc 9B000000 		.4byte	0x9b
 965 06d0 06       		.byte	0x6
 966 06d1 1301     		.2byte	0x113
 967 06d3 F9060000 		.4byte	0x6f9
 968 06d7 0F       		.uleb128 0xf
 969 06d8 8A050000 		.4byte	.LASF138
 970 06dc 00       		.byte	0
 971 06dd 10       		.uleb128 0x10
 972 06de 74070000 		.4byte	.LASF139
 973 06e2 00000050 		.4byte	0x50000000
 974 06e6 10       		.uleb128 0x10
 975 06e7 93070000 		.4byte	.LASF140
 976 06eb 00000060 		.4byte	0x60000000
 977 06ef 10       		.uleb128 0x10
 978 06f0 D1040000 		.4byte	.LASF141
 979 06f4 00000070 		.4byte	0x70000000
 980 06f8 00       		.byte	0
 981 06f9 12       		.uleb128 0x12
 982 06fa 87020000 		.4byte	.LASF142
 983 06fe 06       		.byte	0x6
 984 06ff 1C01     		.2byte	0x11c
ARM GAS  C:\Users\cmila\AppData\Local\Temp\ccAjWGuM.s 			page 20


 985 0701 CA060000 		.4byte	0x6ca
 986 0705 13       		.uleb128 0x13
 987 0706 10       		.byte	0x10
 988 0707 06       		.byte	0x6
 989 0708 4001     		.2byte	0x140
 990 070a 43070000 		.4byte	0x743
 991 070e 14       		.uleb128 0x14
 992 070f 3D050000 		.4byte	.LASF143
 993 0713 06       		.byte	0x6
 994 0714 4201     		.2byte	0x142
 995 0716 66060000 		.4byte	0x666
 996 071a 00       		.byte	0
 997 071b 14       		.uleb128 0x14
 998 071c 1D0A0000 		.4byte	.LASF144
 999 0720 06       		.byte	0x6
 1000 0721 4301     		.2byte	0x143
 1001 0723 BE060000 		.4byte	0x6be
 1002 0727 04       		.byte	0x4
 1003 0728 14       		.uleb128 0x14
 1004 0729 5F080000 		.4byte	.LASF145
 1005 072d 06       		.byte	0x6
 1006 072e 4401     		.2byte	0x144
 1007 0730 96060000 		.4byte	0x696
 1008 0734 08       		.byte	0x8
 1009 0735 14       		.uleb128 0x14
 1010 0736 FC080000 		.4byte	.LASF146
 1011 073a 06       		.byte	0x6
 1012 073b 4501     		.2byte	0x145
 1013 073d F9060000 		.4byte	0x6f9
 1014 0741 0C       		.byte	0xc
 1015 0742 00       		.byte	0
 1016 0743 12       		.uleb128 0x12
 1017 0744 8E080000 		.4byte	.LASF147
 1018 0748 06       		.byte	0x6
 1019 0749 4601     		.2byte	0x146
 1020 074b 05070000 		.4byte	0x705
 1021 074f 15       		.uleb128 0x15
 1022 0750 06090000 		.4byte	.LASF158
 1023 0754 01       		.byte	0x1
 1024 0755 43       		.byte	0x43
 1025 0756 42060000 		.4byte	0x642
 1026 075a 00000000 		.4byte	.LFB175
 1027 075e 30000000 		.4byte	.LFE175-.LFB175
 1028 0762 01       		.uleb128 0x1
 1029 0763 9C       		.byte	0x9c
 1030 0764 96070000 		.4byte	0x796
 1031 0768 16       		.uleb128 0x16
 1032 0769 26090000 		.4byte	.LASF159
 1033 076d 01       		.byte	0x1
 1034 076e 43       		.byte	0x43
 1035 076f 96070000 		.4byte	0x796
 1036 0773 00000000 		.4byte	.LLST0
 1037 0777 17       		.uleb128 0x17
 1038 0778 220B0000 		.4byte	.LASF148
 1039 077c 01       		.byte	0x1
 1040 077d 47       		.byte	0x47
 1041 077e 42060000 		.4byte	0x642
ARM GAS  C:\Users\cmila\AppData\Local\Temp\ccAjWGuM.s 			page 21


 1042 0782 3A000000 		.4byte	.LLST1
 1043 0786 17       		.uleb128 0x17
 1044 0787 F9040000 		.4byte	.LASF149
 1045 078b 01       		.byte	0x1
 1046 078c 48       		.byte	0x48
 1047 078d CE000000 		.4byte	0xce
 1048 0791 59000000 		.4byte	.LLST2
 1049 0795 00       		.byte	0
 1050 0796 18       		.uleb128 0x18
 1051 0797 04       		.byte	0x4
 1052 0798 9C070000 		.4byte	0x79c
 1053 079c 06       		.uleb128 0x6
 1054 079d 43070000 		.4byte	0x743
 1055 07a1 19       		.uleb128 0x19
 1056 07a2 7A020000 		.4byte	.LASF150
 1057 07a6 07       		.byte	0x7
 1058 07a7 F907     		.2byte	0x7f9
 1059 07a9 AD070000 		.4byte	0x7ad
 1060 07ad 05       		.uleb128 0x5
 1061 07ae C3000000 		.4byte	0xc3
 1062 07b2 1A       		.uleb128 0x1a
 1063 07b3 D5070000 		.4byte	.LASF151
 1064 07b7 05       		.byte	0x5
 1065 07b8 A7       		.byte	0xa7
 1066 07b9 BD070000 		.4byte	0x7bd
 1067 07bd 18       		.uleb128 0x18
 1068 07be 04       		.byte	0x4
 1069 07bf C3070000 		.4byte	0x7c3
 1070 07c3 06       		.uleb128 0x6
 1071 07c4 06060000 		.4byte	0x606
 1072 07c8 1B       		.uleb128 0x1b
 1073 07c9 19070000 		.4byte	.LASF152
 1074 07cd 01       		.byte	0x1
 1075 07ce 17       		.byte	0x17
 1076 07cf 9C070000 		.4byte	0x79c
 1077 07d3 05       		.uleb128 0x5
 1078 07d4 03       		.byte	0x3
 1079 07d5 00000000 		.4byte	Cy_SysAnalog_Fast_Local
 1080 07d9 1B       		.uleb128 0x1b
 1081 07da A4060000 		.4byte	.LASF153
 1082 07de 01       		.byte	0x1
 1083 07df 20       		.byte	0x20
 1084 07e0 9C070000 		.4byte	0x79c
 1085 07e4 05       		.uleb128 0x5
 1086 07e5 03       		.byte	0x3
 1087 07e6 00000000 		.4byte	Cy_SysAnalog_Fast_SRSS
 1088 07ea 1B       		.uleb128 0x1b
 1089 07eb 89060000 		.4byte	.LASF154
 1090 07ef 01       		.byte	0x1
 1091 07f0 29       		.byte	0x29
 1092 07f1 9C070000 		.4byte	0x79c
 1093 07f5 05       		.uleb128 0x5
 1094 07f6 03       		.byte	0x3
 1095 07f7 00000000 		.4byte	Cy_SysAnalog_Fast_External
 1096 07fb 00       		.byte	0
 1097              		.section	.debug_abbrev,"",%progbits
 1098              	.Ldebug_abbrev0:
ARM GAS  C:\Users\cmila\AppData\Local\Temp\ccAjWGuM.s 			page 22


 1099 0000 01       		.uleb128 0x1
 1100 0001 11       		.uleb128 0x11
 1101 0002 01       		.byte	0x1
 1102 0003 25       		.uleb128 0x25
 1103 0004 0E       		.uleb128 0xe
 1104 0005 13       		.uleb128 0x13
 1105 0006 0B       		.uleb128 0xb
 1106 0007 03       		.uleb128 0x3
 1107 0008 0E       		.uleb128 0xe
 1108 0009 1B       		.uleb128 0x1b
 1109 000a 0E       		.uleb128 0xe
 1110 000b 55       		.uleb128 0x55
 1111 000c 17       		.uleb128 0x17
 1112 000d 11       		.uleb128 0x11
 1113 000e 01       		.uleb128 0x1
 1114 000f 10       		.uleb128 0x10
 1115 0010 17       		.uleb128 0x17
 1116 0011 00       		.byte	0
 1117 0012 00       		.byte	0
 1118 0013 02       		.uleb128 0x2
 1119 0014 24       		.uleb128 0x24
 1120 0015 00       		.byte	0
 1121 0016 0B       		.uleb128 0xb
 1122 0017 0B       		.uleb128 0xb
 1123 0018 3E       		.uleb128 0x3e
 1124 0019 0B       		.uleb128 0xb
 1125 001a 03       		.uleb128 0x3
 1126 001b 0E       		.uleb128 0xe
 1127 001c 00       		.byte	0
 1128 001d 00       		.byte	0
 1129 001e 03       		.uleb128 0x3
 1130 001f 16       		.uleb128 0x16
 1131 0020 00       		.byte	0
 1132 0021 03       		.uleb128 0x3
 1133 0022 0E       		.uleb128 0xe
 1134 0023 3A       		.uleb128 0x3a
 1135 0024 0B       		.uleb128 0xb
 1136 0025 3B       		.uleb128 0x3b
 1137 0026 0B       		.uleb128 0xb
 1138 0027 49       		.uleb128 0x49
 1139 0028 13       		.uleb128 0x13
 1140 0029 00       		.byte	0
 1141 002a 00       		.byte	0
 1142 002b 04       		.uleb128 0x4
 1143 002c 24       		.uleb128 0x24
 1144 002d 00       		.byte	0
 1145 002e 0B       		.uleb128 0xb
 1146 002f 0B       		.uleb128 0xb
 1147 0030 3E       		.uleb128 0x3e
 1148 0031 0B       		.uleb128 0xb
 1149 0032 03       		.uleb128 0x3
 1150 0033 08       		.uleb128 0x8
 1151 0034 00       		.byte	0
 1152 0035 00       		.byte	0
 1153 0036 05       		.uleb128 0x5
 1154 0037 35       		.uleb128 0x35
 1155 0038 00       		.byte	0
ARM GAS  C:\Users\cmila\AppData\Local\Temp\ccAjWGuM.s 			page 23


 1156 0039 49       		.uleb128 0x49
 1157 003a 13       		.uleb128 0x13
 1158 003b 00       		.byte	0
 1159 003c 00       		.byte	0
 1160 003d 06       		.uleb128 0x6
 1161 003e 26       		.uleb128 0x26
 1162 003f 00       		.byte	0
 1163 0040 49       		.uleb128 0x49
 1164 0041 13       		.uleb128 0x13
 1165 0042 00       		.byte	0
 1166 0043 00       		.byte	0
 1167 0044 07       		.uleb128 0x7
 1168 0045 01       		.uleb128 0x1
 1169 0046 01       		.byte	0x1
 1170 0047 49       		.uleb128 0x49
 1171 0048 13       		.uleb128 0x13
 1172 0049 01       		.uleb128 0x1
 1173 004a 13       		.uleb128 0x13
 1174 004b 00       		.byte	0
 1175 004c 00       		.byte	0
 1176 004d 08       		.uleb128 0x8
 1177 004e 21       		.uleb128 0x21
 1178 004f 00       		.byte	0
 1179 0050 49       		.uleb128 0x49
 1180 0051 13       		.uleb128 0x13
 1181 0052 2F       		.uleb128 0x2f
 1182 0053 0B       		.uleb128 0xb
 1183 0054 00       		.byte	0
 1184 0055 00       		.byte	0
 1185 0056 09       		.uleb128 0x9
 1186 0057 13       		.uleb128 0x13
 1187 0058 01       		.byte	0x1
 1188 0059 0B       		.uleb128 0xb
 1189 005a 05       		.uleb128 0x5
 1190 005b 3A       		.uleb128 0x3a
 1191 005c 0B       		.uleb128 0xb
 1192 005d 3B       		.uleb128 0x3b
 1193 005e 0B       		.uleb128 0xb
 1194 005f 01       		.uleb128 0x1
 1195 0060 13       		.uleb128 0x13
 1196 0061 00       		.byte	0
 1197 0062 00       		.byte	0
 1198 0063 0A       		.uleb128 0xa
 1199 0064 0D       		.uleb128 0xd
 1200 0065 00       		.byte	0
 1201 0066 03       		.uleb128 0x3
 1202 0067 0E       		.uleb128 0xe
 1203 0068 3A       		.uleb128 0x3a
 1204 0069 0B       		.uleb128 0xb
 1205 006a 3B       		.uleb128 0x3b
 1206 006b 0B       		.uleb128 0xb
 1207 006c 49       		.uleb128 0x49
 1208 006d 13       		.uleb128 0x13
 1209 006e 38       		.uleb128 0x38
 1210 006f 0B       		.uleb128 0xb
 1211 0070 00       		.byte	0
 1212 0071 00       		.byte	0
ARM GAS  C:\Users\cmila\AppData\Local\Temp\ccAjWGuM.s 			page 24


 1213 0072 0B       		.uleb128 0xb
 1214 0073 0D       		.uleb128 0xd
 1215 0074 00       		.byte	0
 1216 0075 03       		.uleb128 0x3
 1217 0076 0E       		.uleb128 0xe
 1218 0077 3A       		.uleb128 0x3a
 1219 0078 0B       		.uleb128 0xb
 1220 0079 3B       		.uleb128 0x3b
 1221 007a 0B       		.uleb128 0xb
 1222 007b 49       		.uleb128 0x49
 1223 007c 13       		.uleb128 0x13
 1224 007d 38       		.uleb128 0x38
 1225 007e 05       		.uleb128 0x5
 1226 007f 00       		.byte	0
 1227 0080 00       		.byte	0
 1228 0081 0C       		.uleb128 0xc
 1229 0082 21       		.uleb128 0x21
 1230 0083 00       		.byte	0
 1231 0084 49       		.uleb128 0x49
 1232 0085 13       		.uleb128 0x13
 1233 0086 2F       		.uleb128 0x2f
 1234 0087 05       		.uleb128 0x5
 1235 0088 00       		.byte	0
 1236 0089 00       		.byte	0
 1237 008a 0D       		.uleb128 0xd
 1238 008b 13       		.uleb128 0x13
 1239 008c 01       		.byte	0x1
 1240 008d 0B       		.uleb128 0xb
 1241 008e 0B       		.uleb128 0xb
 1242 008f 3A       		.uleb128 0x3a
 1243 0090 0B       		.uleb128 0xb
 1244 0091 3B       		.uleb128 0x3b
 1245 0092 0B       		.uleb128 0xb
 1246 0093 01       		.uleb128 0x1
 1247 0094 13       		.uleb128 0x13
 1248 0095 00       		.byte	0
 1249 0096 00       		.byte	0
 1250 0097 0E       		.uleb128 0xe
 1251 0098 04       		.uleb128 0x4
 1252 0099 01       		.byte	0x1
 1253 009a 0B       		.uleb128 0xb
 1254 009b 0B       		.uleb128 0xb
 1255 009c 49       		.uleb128 0x49
 1256 009d 13       		.uleb128 0x13
 1257 009e 3A       		.uleb128 0x3a
 1258 009f 0B       		.uleb128 0xb
 1259 00a0 3B       		.uleb128 0x3b
 1260 00a1 0B       		.uleb128 0xb
 1261 00a2 01       		.uleb128 0x1
 1262 00a3 13       		.uleb128 0x13
 1263 00a4 00       		.byte	0
 1264 00a5 00       		.byte	0
 1265 00a6 0F       		.uleb128 0xf
 1266 00a7 28       		.uleb128 0x28
 1267 00a8 00       		.byte	0
 1268 00a9 03       		.uleb128 0x3
 1269 00aa 0E       		.uleb128 0xe
ARM GAS  C:\Users\cmila\AppData\Local\Temp\ccAjWGuM.s 			page 25


 1270 00ab 1C       		.uleb128 0x1c
 1271 00ac 0B       		.uleb128 0xb
 1272 00ad 00       		.byte	0
 1273 00ae 00       		.byte	0
 1274 00af 10       		.uleb128 0x10
 1275 00b0 28       		.uleb128 0x28
 1276 00b1 00       		.byte	0
 1277 00b2 03       		.uleb128 0x3
 1278 00b3 0E       		.uleb128 0xe
 1279 00b4 1C       		.uleb128 0x1c
 1280 00b5 06       		.uleb128 0x6
 1281 00b6 00       		.byte	0
 1282 00b7 00       		.byte	0
 1283 00b8 11       		.uleb128 0x11
 1284 00b9 04       		.uleb128 0x4
 1285 00ba 01       		.byte	0x1
 1286 00bb 0B       		.uleb128 0xb
 1287 00bc 0B       		.uleb128 0xb
 1288 00bd 49       		.uleb128 0x49
 1289 00be 13       		.uleb128 0x13
 1290 00bf 3A       		.uleb128 0x3a
 1291 00c0 0B       		.uleb128 0xb
 1292 00c1 3B       		.uleb128 0x3b
 1293 00c2 05       		.uleb128 0x5
 1294 00c3 01       		.uleb128 0x1
 1295 00c4 13       		.uleb128 0x13
 1296 00c5 00       		.byte	0
 1297 00c6 00       		.byte	0
 1298 00c7 12       		.uleb128 0x12
 1299 00c8 16       		.uleb128 0x16
 1300 00c9 00       		.byte	0
 1301 00ca 03       		.uleb128 0x3
 1302 00cb 0E       		.uleb128 0xe
 1303 00cc 3A       		.uleb128 0x3a
 1304 00cd 0B       		.uleb128 0xb
 1305 00ce 3B       		.uleb128 0x3b
 1306 00cf 05       		.uleb128 0x5
 1307 00d0 49       		.uleb128 0x49
 1308 00d1 13       		.uleb128 0x13
 1309 00d2 00       		.byte	0
 1310 00d3 00       		.byte	0
 1311 00d4 13       		.uleb128 0x13
 1312 00d5 13       		.uleb128 0x13
 1313 00d6 01       		.byte	0x1
 1314 00d7 0B       		.uleb128 0xb
 1315 00d8 0B       		.uleb128 0xb
 1316 00d9 3A       		.uleb128 0x3a
 1317 00da 0B       		.uleb128 0xb
 1318 00db 3B       		.uleb128 0x3b
 1319 00dc 05       		.uleb128 0x5
 1320 00dd 01       		.uleb128 0x1
 1321 00de 13       		.uleb128 0x13
 1322 00df 00       		.byte	0
 1323 00e0 00       		.byte	0
 1324 00e1 14       		.uleb128 0x14
 1325 00e2 0D       		.uleb128 0xd
 1326 00e3 00       		.byte	0
ARM GAS  C:\Users\cmila\AppData\Local\Temp\ccAjWGuM.s 			page 26


 1327 00e4 03       		.uleb128 0x3
 1328 00e5 0E       		.uleb128 0xe
 1329 00e6 3A       		.uleb128 0x3a
 1330 00e7 0B       		.uleb128 0xb
 1331 00e8 3B       		.uleb128 0x3b
 1332 00e9 05       		.uleb128 0x5
 1333 00ea 49       		.uleb128 0x49
 1334 00eb 13       		.uleb128 0x13
 1335 00ec 38       		.uleb128 0x38
 1336 00ed 0B       		.uleb128 0xb
 1337 00ee 00       		.byte	0
 1338 00ef 00       		.byte	0
 1339 00f0 15       		.uleb128 0x15
 1340 00f1 2E       		.uleb128 0x2e
 1341 00f2 01       		.byte	0x1
 1342 00f3 3F       		.uleb128 0x3f
 1343 00f4 19       		.uleb128 0x19
 1344 00f5 03       		.uleb128 0x3
 1345 00f6 0E       		.uleb128 0xe
 1346 00f7 3A       		.uleb128 0x3a
 1347 00f8 0B       		.uleb128 0xb
 1348 00f9 3B       		.uleb128 0x3b
 1349 00fa 0B       		.uleb128 0xb
 1350 00fb 27       		.uleb128 0x27
 1351 00fc 19       		.uleb128 0x19
 1352 00fd 49       		.uleb128 0x49
 1353 00fe 13       		.uleb128 0x13
 1354 00ff 11       		.uleb128 0x11
 1355 0100 01       		.uleb128 0x1
 1356 0101 12       		.uleb128 0x12
 1357 0102 06       		.uleb128 0x6
 1358 0103 40       		.uleb128 0x40
 1359 0104 18       		.uleb128 0x18
 1360 0105 9742     		.uleb128 0x2117
 1361 0107 19       		.uleb128 0x19
 1362 0108 01       		.uleb128 0x1
 1363 0109 13       		.uleb128 0x13
 1364 010a 00       		.byte	0
 1365 010b 00       		.byte	0
 1366 010c 16       		.uleb128 0x16
 1367 010d 05       		.uleb128 0x5
 1368 010e 00       		.byte	0
 1369 010f 03       		.uleb128 0x3
 1370 0110 0E       		.uleb128 0xe
 1371 0111 3A       		.uleb128 0x3a
 1372 0112 0B       		.uleb128 0xb
 1373 0113 3B       		.uleb128 0x3b
 1374 0114 0B       		.uleb128 0xb
 1375 0115 49       		.uleb128 0x49
 1376 0116 13       		.uleb128 0x13
 1377 0117 02       		.uleb128 0x2
 1378 0118 17       		.uleb128 0x17
 1379 0119 00       		.byte	0
 1380 011a 00       		.byte	0
 1381 011b 17       		.uleb128 0x17
 1382 011c 34       		.uleb128 0x34
 1383 011d 00       		.byte	0
ARM GAS  C:\Users\cmila\AppData\Local\Temp\ccAjWGuM.s 			page 27


 1384 011e 03       		.uleb128 0x3
 1385 011f 0E       		.uleb128 0xe
 1386 0120 3A       		.uleb128 0x3a
 1387 0121 0B       		.uleb128 0xb
 1388 0122 3B       		.uleb128 0x3b
 1389 0123 0B       		.uleb128 0xb
 1390 0124 49       		.uleb128 0x49
 1391 0125 13       		.uleb128 0x13
 1392 0126 02       		.uleb128 0x2
 1393 0127 17       		.uleb128 0x17
 1394 0128 00       		.byte	0
 1395 0129 00       		.byte	0
 1396 012a 18       		.uleb128 0x18
 1397 012b 0F       		.uleb128 0xf
 1398 012c 00       		.byte	0
 1399 012d 0B       		.uleb128 0xb
 1400 012e 0B       		.uleb128 0xb
 1401 012f 49       		.uleb128 0x49
 1402 0130 13       		.uleb128 0x13
 1403 0131 00       		.byte	0
 1404 0132 00       		.byte	0
 1405 0133 19       		.uleb128 0x19
 1406 0134 34       		.uleb128 0x34
 1407 0135 00       		.byte	0
 1408 0136 03       		.uleb128 0x3
 1409 0137 0E       		.uleb128 0xe
 1410 0138 3A       		.uleb128 0x3a
 1411 0139 0B       		.uleb128 0xb
 1412 013a 3B       		.uleb128 0x3b
 1413 013b 05       		.uleb128 0x5
 1414 013c 49       		.uleb128 0x49
 1415 013d 13       		.uleb128 0x13
 1416 013e 3F       		.uleb128 0x3f
 1417 013f 19       		.uleb128 0x19
 1418 0140 3C       		.uleb128 0x3c
 1419 0141 19       		.uleb128 0x19
 1420 0142 00       		.byte	0
 1421 0143 00       		.byte	0
 1422 0144 1A       		.uleb128 0x1a
 1423 0145 34       		.uleb128 0x34
 1424 0146 00       		.byte	0
 1425 0147 03       		.uleb128 0x3
 1426 0148 0E       		.uleb128 0xe
 1427 0149 3A       		.uleb128 0x3a
 1428 014a 0B       		.uleb128 0xb
 1429 014b 3B       		.uleb128 0x3b
 1430 014c 0B       		.uleb128 0xb
 1431 014d 49       		.uleb128 0x49
 1432 014e 13       		.uleb128 0x13
 1433 014f 3F       		.uleb128 0x3f
 1434 0150 19       		.uleb128 0x19
 1435 0151 3C       		.uleb128 0x3c
 1436 0152 19       		.uleb128 0x19
 1437 0153 00       		.byte	0
 1438 0154 00       		.byte	0
 1439 0155 1B       		.uleb128 0x1b
 1440 0156 34       		.uleb128 0x34
ARM GAS  C:\Users\cmila\AppData\Local\Temp\ccAjWGuM.s 			page 28


 1441 0157 00       		.byte	0
 1442 0158 03       		.uleb128 0x3
 1443 0159 0E       		.uleb128 0xe
 1444 015a 3A       		.uleb128 0x3a
 1445 015b 0B       		.uleb128 0xb
 1446 015c 3B       		.uleb128 0x3b
 1447 015d 0B       		.uleb128 0xb
 1448 015e 49       		.uleb128 0x49
 1449 015f 13       		.uleb128 0x13
 1450 0160 3F       		.uleb128 0x3f
 1451 0161 19       		.uleb128 0x19
 1452 0162 02       		.uleb128 0x2
 1453 0163 18       		.uleb128 0x18
 1454 0164 00       		.byte	0
 1455 0165 00       		.byte	0
 1456 0166 00       		.byte	0
 1457              		.section	.debug_loc,"",%progbits
 1458              	.Ldebug_loc0:
 1459              	.LLST0:
 1460 0000 00000000 		.4byte	.LVL0
 1461 0004 1C000000 		.4byte	.LVL2
 1462 0008 0100     		.2byte	0x1
 1463 000a 50       		.byte	0x50
 1464 000b 1C000000 		.4byte	.LVL2
 1465 000f 22000000 		.4byte	.LVL4
 1466 0013 0400     		.2byte	0x4
 1467 0015 F3       		.byte	0xf3
 1468 0016 01       		.uleb128 0x1
 1469 0017 50       		.byte	0x50
 1470 0018 9F       		.byte	0x9f
 1471 0019 22000000 		.4byte	.LVL4
 1472 001d 24000000 		.4byte	.LVL5
 1473 0021 0100     		.2byte	0x1
 1474 0023 50       		.byte	0x50
 1475 0024 24000000 		.4byte	.LVL5
 1476 0028 30000000 		.4byte	.LFE175
 1477 002c 0400     		.2byte	0x4
 1478 002e F3       		.byte	0xf3
 1479 002f 01       		.uleb128 0x1
 1480 0030 50       		.byte	0x50
 1481 0031 9F       		.byte	0x9f
 1482 0032 00000000 		.4byte	0
 1483 0036 00000000 		.4byte	0
 1484              	.LLST1:
 1485 003a 20000000 		.4byte	.LVL3
 1486 003e 22000000 		.4byte	.LVL4
 1487 0042 0200     		.2byte	0x2
 1488 0044 30       		.byte	0x30
 1489 0045 9F       		.byte	0x9f
 1490 0046 24000000 		.4byte	.LVL5
 1491 004a 30000000 		.4byte	.LFE175
 1492 004e 0100     		.2byte	0x1
 1493 0050 50       		.byte	0x50
 1494 0051 00000000 		.4byte	0
 1495 0055 00000000 		.4byte	0
 1496              	.LLST2:
 1497 0059 00000000 		.4byte	.LVL0
ARM GAS  C:\Users\cmila\AppData\Local\Temp\ccAjWGuM.s 			page 29


 1498 005d 14000000 		.4byte	.LVL1
 1499 0061 0200     		.2byte	0x2
 1500 0063 30       		.byte	0x30
 1501 0064 9F       		.byte	0x9f
 1502 0065 14000000 		.4byte	.LVL1
 1503 0069 22000000 		.4byte	.LVL4
 1504 006d 0100     		.2byte	0x1
 1505 006f 53       		.byte	0x53
 1506 0070 22000000 		.4byte	.LVL4
 1507 0074 30000000 		.4byte	.LFE175
 1508 0078 0200     		.2byte	0x2
 1509 007a 30       		.byte	0x30
 1510 007b 9F       		.byte	0x9f
 1511 007c 00000000 		.4byte	0
 1512 0080 00000000 		.4byte	0
 1513              		.section	.debug_aranges,"",%progbits
 1514 0000 1C000000 		.4byte	0x1c
 1515 0004 0200     		.2byte	0x2
 1516 0006 00000000 		.4byte	.Ldebug_info0
 1517 000a 04       		.byte	0x4
 1518 000b 00       		.byte	0
 1519 000c 0000     		.2byte	0
 1520 000e 0000     		.2byte	0
 1521 0010 00000000 		.4byte	.LFB175
 1522 0014 30000000 		.4byte	.LFE175-.LFB175
 1523 0018 00000000 		.4byte	0
 1524 001c 00000000 		.4byte	0
 1525              		.section	.debug_ranges,"",%progbits
 1526              	.Ldebug_ranges0:
 1527 0000 00000000 		.4byte	.LFB175
 1528 0004 30000000 		.4byte	.LFE175
 1529 0008 00000000 		.4byte	0
 1530 000c 00000000 		.4byte	0
 1531              		.section	.debug_line,"",%progbits
 1532              	.Ldebug_line0:
 1533 0000 4D020000 		.section	.debug_str,"MS",%progbits,1
 1533      02002A02 
 1533      00000201 
 1533      FB0E0D00 
 1533      01010101 
 1534              	.LASF70:
 1535 0000 70726F74 		.ascii	"protBusMasterMask\000"
 1535      4275734D 
 1535      61737465 
 1535      724D6173 
 1535      6B00
 1536              	.LASF80:
 1537 0012 666C6173 		.ascii	"flashCtlMainWs3Freq\000"
 1537      6843746C 
 1537      4D61696E 
 1537      57733346 
 1537      72657100 
 1538              	.LASF102:
 1539 0026 6770696F 		.ascii	"gpioPrtCfgInOffset\000"
 1539      50727443 
 1539      6667496E 
 1539      4F666673 
ARM GAS  C:\Users\cmila\AppData\Local\Temp\ccAjWGuM.s 			page 30


 1539      657400
 1540              	.LASF155:
 1541 0039 474E5520 		.ascii	"GNU C11 5.4.1 20160609 (release) [ARM/embedded-5-br"
 1541      43313120 
 1541      352E342E 
 1541      31203230 
 1541      31363036 
 1542 006c 616E6368 		.ascii	"anch revision 237715] -mcpu=cortex-m4 -mfloat-abi=s"
 1542      20726576 
 1542      6973696F 
 1542      6E203233 
 1542      37373135 
 1543 009f 6F667466 		.ascii	"oftfp -mfpu=fpv4-sp-d16 -mthumb -g -Os -ffunction-s"
 1543      70202D6D 
 1543      6670753D 
 1543      66707634 
 1543      2D73702D 
 1544 00d2 65637469 		.ascii	"ections -ffat-lto-objects\000"
 1544      6F6E7320 
 1544      2D666661 
 1544      742D6C74 
 1544      6F2D6F62 
 1545              	.LASF46:
 1546 00ec 63727970 		.ascii	"cryptoVersion\000"
 1546      746F5665 
 1546      7273696F 
 1546      6E00
 1547              	.LASF64:
 1548 00fa 70657269 		.ascii	"periClockNr\000"
 1548      436C6F63 
 1548      6B4E7200 
 1549              	.LASF42:
 1550 0106 70617373 		.ascii	"passBase\000"
 1550      42617365 
 1550      00
 1551              	.LASF91:
 1552 010f 70657269 		.ascii	"periTrGrSize\000"
 1552      54724772 
 1552      53697A65 
 1552      00
 1553              	.LASF55:
 1554 011c 63707573 		.ascii	"cpussIpcIrqNr\000"
 1554      73497063 
 1554      4972714E 
 1554      7200
 1555              	.LASF2:
 1556 012a 5F5F7569 		.ascii	"__uint8_t\000"
 1556      6E74385F 
 1556      7400
 1557              	.LASF99:
 1558 0134 70657269 		.ascii	"periDiv24_5CtlOffset\000"
 1558      44697632 
 1558      345F3543 
 1558      746C4F66 
 1558      66736574 
 1559              	.LASF106:
 1560 0149 63707573 		.ascii	"cpussCm4ClockCtlOffset\000"
ARM GAS  C:\Users\cmila\AppData\Local\Temp\ccAjWGuM.s 			page 31


 1560      73436D34 
 1560      436C6F63 
 1560      6B43746C 
 1560      4F666673 
 1561              	.LASF157:
 1562 0160 433A5C55 		.ascii	"C:\\Users\\cmila\\uni\\projects\\Neural-Stimulator-"
 1562      73657273 
 1562      5C636D69 
 1562      6C615C75 
 1562      6E695C70 
 1563 018e 4669726D 		.ascii	"Firmware\\new\\PSOC6\\TIMER\\SampleMicroSeconds.cyd"
 1563      77617265 
 1563      5C6E6577 
 1563      5C50534F 
 1563      43365C54 
 1564 01bd 736E00   		.ascii	"sn\000"
 1565              	.LASF35:
 1566 01c0 63707573 		.ascii	"cpussBase\000"
 1566      73426173 
 1566      6500
 1567              	.LASF133:
 1568 01ca 43595F53 		.ascii	"CY_SYSANALOG_VREF_SOURCE_EXTERNAL\000"
 1568      5953414E 
 1568      414C4F47 
 1568      5F565245 
 1568      465F534F 
 1569              	.LASF84:
 1570 01ec 64774368 		.ascii	"dwChCtlPrioPos\000"
 1570      43746C50 
 1570      72696F50 
 1570      6F7300
 1571              	.LASF129:
 1572 01fb 43595F53 		.ascii	"CY_SYSANALOG_STARTUP_FAST\000"
 1572      5953414E 
 1572      414C4F47 
 1572      5F535441 
 1572      52545550 
 1573              	.LASF12:
 1574 0215 6C6F6E67 		.ascii	"long long unsigned int\000"
 1574      206C6F6E 
 1574      6720756E 
 1574      7369676E 
 1574      65642069 
 1575              	.LASF88:
 1576 022c 70657269 		.ascii	"periTrCmdOffset\000"
 1576      5472436D 
 1576      644F6666 
 1576      73657400 
 1577              	.LASF134:
 1578 023c 63795F65 		.ascii	"cy_en_sysanalog_vref_source_t\000"
 1578      6E5F7379 
 1578      73616E61 
 1578      6C6F675F 
 1578      76726566 
 1579              	.LASF21:
 1580 025a 41524546 		.ascii	"AREF_CTRL\000"
 1580      5F435452 
ARM GAS  C:\Users\cmila\AppData\Local\Temp\ccAjWGuM.s 			page 32


 1580      4C00
 1581              	.LASF112:
 1582 0264 63707573 		.ascii	"cpussSysTickCtlOffset\000"
 1582      73537973 
 1582      5469636B 
 1582      43746C4F 
 1582      66667365 
 1583              	.LASF150:
 1584 027a 49544D5F 		.ascii	"ITM_RxBuffer\000"
 1584      52784275 
 1584      66666572 
 1584      00
 1585              	.LASF142:
 1586 0287 63795F65 		.ascii	"cy_en_sysanalog_deep_sleep_t\000"
 1586      6E5F7379 
 1586      73616E61 
 1586      6C6F675F 
 1586      64656570 
 1587              	.LASF73:
 1588 02a4 666C6173 		.ascii	"flashPipeRequired\000"
 1588      68506970 
 1588      65526571 
 1588      75697265 
 1588      6400
 1589              	.LASF132:
 1590 02b6 43595F53 		.ascii	"CY_SYSANALOG_VREF_SOURCE_LOCAL_1_2V\000"
 1590      5953414E 
 1590      414C4F47 
 1590      5F565245 
 1590      465F534F 
 1591              	.LASF77:
 1592 02da 666C6173 		.ascii	"flashCtlMainWs0Freq\000"
 1592      6843746C 
 1592      4D61696E 
 1592      57733046 
 1592      72657100 
 1593              	.LASF15:
 1594 02ee 696E7431 		.ascii	"int16_t\000"
 1594      365F7400 
 1595              	.LASF11:
 1596 02f6 6C6F6E67 		.ascii	"long long int\000"
 1596      206C6F6E 
 1596      6720696E 
 1596      7400
 1597              	.LASF0:
 1598 0304 7369676E 		.ascii	"signed char\000"
 1598      65642063 
 1598      68617200 
 1599              	.LASF93:
 1600 0310 70657269 		.ascii	"periDivCmdTypeSelPos\000"
 1600      44697643 
 1600      6D645479 
 1600      70655365 
 1600      6C506F73 
 1601              	.LASF39:
 1602 0325 70726F74 		.ascii	"protBase\000"
 1602      42617365 
ARM GAS  C:\Users\cmila\AppData\Local\Temp\ccAjWGuM.s 			page 33


 1602      00
 1603              	.LASF51:
 1604 032e 69706356 		.ascii	"ipcVersion\000"
 1604      65727369 
 1604      6F6E00
 1605              	.LASF27:
 1606 0339 56524546 		.ascii	"VREF_TRIM1\000"
 1606      5F545249 
 1606      4D3100
 1607              	.LASF113:
 1608 0344 63707573 		.ascii	"cpussCm0NmiCtlOffset\000"
 1608      73436D30 
 1608      4E6D6943 
 1608      746C4F66 
 1608      66736574 
 1609              	.LASF29:
 1610 0359 56524546 		.ascii	"VREF_TRIM3\000"
 1610      5F545249 
 1610      4D3300
 1611              	.LASF40:
 1612 0364 6873696F 		.ascii	"hsiomBase\000"
 1612      6D426173 
 1612      6500
 1613              	.LASF8:
 1614 036e 6C6F6E67 		.ascii	"long int\000"
 1614      20696E74 
 1614      00
 1615              	.LASF24:
 1616 0377 494E5452 		.ascii	"INTR_CAUSE\000"
 1616      5F434155 
 1616      534500
 1617              	.LASF71:
 1618 0382 63727970 		.ascii	"cryptoMemSize\000"
 1618      746F4D65 
 1618      6D53697A 
 1618      6500
 1619              	.LASF37:
 1620 0390 70657269 		.ascii	"periBase\000"
 1620      42617365 
 1620      00
 1621              	.LASF59:
 1622 0399 63707573 		.ascii	"cpussFmIrq\000"
 1622      73466D49 
 1622      727100
 1623              	.LASF69:
 1624 03a4 73797350 		.ascii	"sysPmSimoPresent\000"
 1624      6D53696D 
 1624      6F507265 
 1624      73656E74 
 1624      00
 1625              	.LASF26:
 1626 03b5 56524546 		.ascii	"VREF_TRIM0\000"
 1626      5F545249 
 1626      4D3000
 1627              	.LASF82:
 1628 03c0 64774368 		.ascii	"dwChOffset\000"
 1628      4F666673 
ARM GAS  C:\Users\cmila\AppData\Local\Temp\ccAjWGuM.s 			page 34


 1628      657400
 1629              	.LASF124:
 1630 03cb 646F7562 		.ascii	"double\000"
 1630      6C6500
 1631              	.LASF98:
 1632 03d2 70657269 		.ascii	"periDiv16_5CtlOffset\000"
 1632      44697631 
 1632      365F3543 
 1632      746C4F66 
 1632      66736574 
 1633              	.LASF28:
 1634 03e7 56524546 		.ascii	"VREF_TRIM2\000"
 1634      5F545249 
 1634      4D3200
 1635              	.LASF62:
 1636 03f2 73727373 		.ascii	"srssNumPll\000"
 1636      4E756D50 
 1636      6C6C00
 1637              	.LASF96:
 1638 03fd 70657269 		.ascii	"periDiv8CtlOffset\000"
 1638      44697638 
 1638      43746C4F 
 1638      66667365 
 1638      7400
 1639              	.LASF125:
 1640 040f 43595F53 		.ascii	"CY_SYSANALOG_SUCCESS\000"
 1640      5953414E 
 1640      414C4F47 
 1640      5F535543 
 1640      43455353 
 1641              	.LASF103:
 1642 0424 6770696F 		.ascii	"gpioPrtCfgOutOffset\000"
 1642      50727443 
 1642      66674F75 
 1642      744F6666 
 1642      73657400 
 1643              	.LASF131:
 1644 0438 43595F53 		.ascii	"CY_SYSANALOG_VREF_SOURCE_SRSS\000"
 1644      5953414E 
 1644      414C4F47 
 1644      5F565245 
 1644      465F534F 
 1645              	.LASF36:
 1646 0456 666C6173 		.ascii	"flashcBase\000"
 1646      68634261 
 1646      736500
 1647              	.LASF9:
 1648 0461 5F5F7569 		.ascii	"__uint32_t\000"
 1648      6E743332 
 1648      5F7400
 1649              	.LASF66:
 1650 046c 70617373 		.ascii	"passSarChannels\000"
 1650      53617243 
 1650      68616E6E 
 1650      656C7300 
 1651              	.LASF3:
 1652 047c 5F5F696E 		.ascii	"__int16_t\000"
ARM GAS  C:\Users\cmila\AppData\Local\Temp\ccAjWGuM.s 			page 35


 1652      7431365F 
 1652      7400
 1653              	.LASF109:
 1654 0486 63707573 		.ascii	"cpussCm4PwrCtlOffset\000"
 1654      73436D34 
 1654      50777243 
 1654      746C4F66 
 1654      66736574 
 1655              	.LASF104:
 1656 049b 6770696F 		.ascii	"gpioPrtCfgSioOffset\000"
 1656      50727443 
 1656      66675369 
 1656      6F4F6666 
 1656      73657400 
 1657              	.LASF56:
 1658 04af 63707573 		.ascii	"cpussDwChNr\000"
 1658      73447743 
 1658      684E7200 
 1659              	.LASF13:
 1660 04bb 756E7369 		.ascii	"unsigned int\000"
 1660      676E6564 
 1660      20696E74 
 1660      00
 1661              	.LASF16:
 1662 04c8 75696E74 		.ascii	"uint16_t\000"
 1662      31365F74 
 1662      00
 1663              	.LASF141:
 1664 04d1 43595F53 		.ascii	"CY_SYSANALOG_DEEPSLEEP_IPTAT_IZTAT_VREF\000"
 1664      5953414E 
 1664      414C4F47 
 1664      5F444545 
 1664      50534C45 
 1665              	.LASF149:
 1666 04f9 6374726C 		.ascii	"ctrlReg\000"
 1666      52656700 
 1667              	.LASF89:
 1668 0501 70657269 		.ascii	"periTrCmdGrSelMsk\000"
 1668      5472436D 
 1668      64477253 
 1668      656C4D73 
 1668      6B00
 1669              	.LASF30:
 1670 0513 495A5441 		.ascii	"IZTAT_TRIM0\000"
 1670      545F5452 
 1670      494D3000 
 1671              	.LASF31:
 1672 051f 495A5441 		.ascii	"IZTAT_TRIM1\000"
 1672      545F5452 
 1672      494D3100 
 1673              	.LASF10:
 1674 052b 6C6F6E67 		.ascii	"long unsigned int\000"
 1674      20756E73 
 1674      69676E65 
 1674      6420696E 
 1674      7400
 1675              	.LASF143:
ARM GAS  C:\Users\cmila\AppData\Local\Temp\ccAjWGuM.s 			page 36


 1676 053d 73746172 		.ascii	"startup\000"
 1676      74757000 
 1677              	.LASF54:
 1678 0545 63707573 		.ascii	"cpussIpcNr\000"
 1678      73497063 
 1678      4E7200
 1679              	.LASF41:
 1680 0550 6770696F 		.ascii	"gpioBase\000"
 1680      42617365 
 1680      00
 1681              	.LASF79:
 1682 0559 666C6173 		.ascii	"flashCtlMainWs2Freq\000"
 1682      6843746C 
 1682      4D61696E 
 1682      57733246 
 1682      72657100 
 1683              	.LASF90:
 1684 056d 70657269 		.ascii	"periTrGrOffset\000"
 1684      54724772 
 1684      4F666673 
 1684      657400
 1685              	.LASF117:
 1686 057c 63707573 		.ascii	"cpussRam1Ctl0\000"
 1686      7352616D 
 1686      3143746C 
 1686      3000
 1687              	.LASF138:
 1688 058a 43595F53 		.ascii	"CY_SYSANALOG_DEEPSLEEP_DISABLE\000"
 1688      5953414E 
 1688      414C4F47 
 1688      5F444545 
 1688      50534C45 
 1689              	.LASF137:
 1690 05a9 63795F65 		.ascii	"cy_en_sysanalog_iztat_source_t\000"
 1690      6E5F7379 
 1690      73616E61 
 1690      6C6F675F 
 1690      697A7461 
 1691              	.LASF49:
 1692 05c8 6770696F 		.ascii	"gpioVersion\000"
 1692      56657273 
 1692      696F6E00 
 1693              	.LASF121:
 1694 05d4 63795F73 		.ascii	"cy_stc_device_t\000"
 1694      74635F64 
 1694      65766963 
 1694      655F7400 
 1695              	.LASF67:
 1696 05e4 65704D6F 		.ascii	"epMonitorNr\000"
 1696      6E69746F 
 1696      724E7200 
 1697              	.LASF114:
 1698 05f0 63707573 		.ascii	"cpussCm4NmiCtlOffset\000"
 1698      73436D34 
 1698      4E6D6943 
 1698      746C4F66 
 1698      66736574 
ARM GAS  C:\Users\cmila\AppData\Local\Temp\ccAjWGuM.s 			page 37


 1699              	.LASF110:
 1700 0605 63707573 		.ascii	"cpussTrimRamCtlOffset\000"
 1700      73547269 
 1700      6D52616D 
 1700      43746C4F 
 1700      66667365 
 1701              	.LASF105:
 1702 061b 63707573 		.ascii	"cpussCm0ClockCtlOffset\000"
 1702      73436D30 
 1702      436C6F63 
 1702      6B43746C 
 1702      4F666673 
 1703              	.LASF45:
 1704 0632 63707573 		.ascii	"cpussVersion\000"
 1704      73566572 
 1704      73696F6E 
 1704      00
 1705              	.LASF52:
 1706 063f 70657269 		.ascii	"periVersion\000"
 1706      56657273 
 1706      696F6E00 
 1707              	.LASF108:
 1708 064b 63707573 		.ascii	"cpussCm0StatusOffset\000"
 1708      73436D30 
 1708      53746174 
 1708      75734F66 
 1708      66736574 
 1709              	.LASF20:
 1710 0660 73697A65 		.ascii	"sizetype\000"
 1710      74797065 
 1710      00
 1711              	.LASF136:
 1712 0669 43595F53 		.ascii	"CY_SYSANALOG_IZTAT_SOURCE_LOCAL\000"
 1712      5953414E 
 1712      414C4F47 
 1712      5F495A54 
 1712      41545F53 
 1713              	.LASF154:
 1714 0689 43795F53 		.ascii	"Cy_SysAnalog_Fast_External\000"
 1714      7973416E 
 1714      616C6F67 
 1714      5F466173 
 1714      745F4578 
 1715              	.LASF153:
 1716 06a4 43795F53 		.ascii	"Cy_SysAnalog_Fast_SRSS\000"
 1716      7973416E 
 1716      616C6F67 
 1716      5F466173 
 1716      745F5352 
 1717              	.LASF57:
 1718 06bb 63707573 		.ascii	"cpussFlashPaSize\000"
 1718      73466C61 
 1718      73685061 
 1718      53697A65 
 1718      00
 1719              	.LASF95:
 1720 06cc 70657269 		.ascii	"periDivCmdPaTypeSelPos\000"
ARM GAS  C:\Users\cmila\AppData\Local\Temp\ccAjWGuM.s 			page 38


 1720      44697643 
 1720      6D645061 
 1720      54797065 
 1720      53656C50 
 1721              	.LASF118:
 1722 06e3 63707573 		.ascii	"cpussRam2Ctl0\000"
 1722      7352616D 
 1722      3243746C 
 1722      3000
 1723              	.LASF53:
 1724 06f1 70726F74 		.ascii	"protVersion\000"
 1724      56657273 
 1724      696F6E00 
 1725              	.LASF86:
 1726 06fd 64775374 		.ascii	"dwStatusChIdxPos\000"
 1726      61747573 
 1726      43684964 
 1726      78506F73 
 1726      00
 1727              	.LASF68:
 1728 070e 75646250 		.ascii	"udbPresent\000"
 1728      72657365 
 1728      6E7400
 1729              	.LASF152:
 1730 0719 43795F53 		.ascii	"Cy_SysAnalog_Fast_Local\000"
 1730      7973416E 
 1730      616C6F67 
 1730      5F466173 
 1730      745F4C6F 
 1731              	.LASF23:
 1732 0731 50415353 		.ascii	"PASS_AREF_V1_Type\000"
 1732      5F415245 
 1732      465F5631 
 1732      5F547970 
 1732      6500
 1733              	.LASF127:
 1734 0743 63795F65 		.ascii	"cy_en_sysanalog_status_t\000"
 1734      6E5F7379 
 1734      73616E61 
 1734      6C6F675F 
 1734      73746174 
 1735              	.LASF44:
 1736 075c 63727970 		.ascii	"cryptoBase\000"
 1736      746F4261 
 1736      736500
 1737              	.LASF65:
 1738 0767 736D6966 		.ascii	"smifDeviceNr\000"
 1738      44657669 
 1738      63654E72 
 1738      00
 1739              	.LASF139:
 1740 0774 43595F53 		.ascii	"CY_SYSANALOG_DEEPSLEEP_IPTAT_1\000"
 1740      5953414E 
 1740      414C4F47 
 1740      5F444545 
 1740      50534C45 
 1741              	.LASF140:
ARM GAS  C:\Users\cmila\AppData\Local\Temp\ccAjWGuM.s 			page 39


 1742 0793 43595F53 		.ascii	"CY_SYSANALOG_DEEPSLEEP_IPTAT_2\000"
 1742      5953414E 
 1742      414C4F47 
 1742      5F444545 
 1742      50534C45 
 1743              	.LASF123:
 1744 07b2 666C6F61 		.ascii	"float\000"
 1744      7400
 1745              	.LASF87:
 1746 07b8 64775374 		.ascii	"dwStatusChIdxMsk\000"
 1746      61747573 
 1746      43684964 
 1746      784D736B 
 1746      00
 1747              	.LASF32:
 1748 07c9 49505441 		.ascii	"IPTAT_TRIM0\000"
 1748      545F5452 
 1748      494D3000 
 1749              	.LASF151:
 1750 07d5 63795F64 		.ascii	"cy_device\000"
 1750      65766963 
 1750      6500
 1751              	.LASF115:
 1752 07df 63707573 		.ascii	"cpussRomCtl\000"
 1752      73526F6D 
 1752      43746C00 
 1753              	.LASF85:
 1754 07eb 64774368 		.ascii	"dwChCtlPreemptablePos\000"
 1754      43746C50 
 1754      7265656D 
 1754      70746162 
 1754      6C65506F 
 1755              	.LASF48:
 1756 0801 666C6173 		.ascii	"flashcVersion\000"
 1756      68635665 
 1756      7273696F 
 1756      6E00
 1757              	.LASF38:
 1758 080f 75646242 		.ascii	"udbBase\000"
 1758      61736500 
 1759              	.LASF17:
 1760 0817 696E7433 		.ascii	"int32_t\000"
 1760      325F7400 
 1761              	.LASF1:
 1762 081f 756E7369 		.ascii	"unsigned char\000"
 1762      676E6564 
 1762      20636861 
 1762      7200
 1763              	.LASF81:
 1764 082d 666C6173 		.ascii	"flashCtlMainWs4Freq\000"
 1764      6843746C 
 1764      4D61696E 
 1764      57733446 
 1764      72657100 
 1765              	.LASF120:
 1766 0841 6970634C 		.ascii	"ipcLockStatusOffset\000"
 1766      6F636B53 
ARM GAS  C:\Users\cmila\AppData\Local\Temp\ccAjWGuM.s 			page 40


 1766      74617475 
 1766      734F6666 
 1766      73657400 
 1767              	.LASF4:
 1768 0855 73686F72 		.ascii	"short int\000"
 1768      7420696E 
 1768      7400
 1769              	.LASF145:
 1770 085f 76726566 		.ascii	"vref\000"
 1770      00
 1771              	.LASF22:
 1772 0864 52455345 		.ascii	"RESERVED\000"
 1772      52564544 
 1772      00
 1773              	.LASF43:
 1774 086d 69706342 		.ascii	"ipcBase\000"
 1774      61736500 
 1775              	.LASF92:
 1776 0875 70657269 		.ascii	"periDivCmdDivSelMsk\000"
 1776      44697643 
 1776      6D644469 
 1776      7653656C 
 1776      4D736B00 
 1777              	.LASF25:
 1778 0889 41524546 		.ascii	"AREF\000"
 1778      00
 1779              	.LASF147:
 1780 088e 63795F73 		.ascii	"cy_stc_sysanalog_config_t\000"
 1780      74635F73 
 1780      7973616E 
 1780      616C6F67 
 1780      5F636F6E 
 1781              	.LASF63:
 1782 08a8 73727373 		.ascii	"srssNumHfroot\000"
 1782      4E756D48 
 1782      66726F6F 
 1782      7400
 1783              	.LASF76:
 1784 08b6 666C6173 		.ascii	"flashEraseDelay\000"
 1784      68457261 
 1784      73654465 
 1784      6C617900 
 1785              	.LASF128:
 1786 08c6 43595F53 		.ascii	"CY_SYSANALOG_STARTUP_NORMAL\000"
 1786      5953414E 
 1786      414C4F47 
 1786      5F535441 
 1786      52545550 
 1787              	.LASF18:
 1788 08e2 75696E74 		.ascii	"uint32_t\000"
 1788      33325F74 
 1788      00
 1789              	.LASF19:
 1790 08eb 6C6F6E67 		.ascii	"long double\000"
 1790      20646F75 
 1790      626C6500 
 1791              	.LASF122:
ARM GAS  C:\Users\cmila\AppData\Local\Temp\ccAjWGuM.s 			page 41


 1792 08f7 63686172 		.ascii	"char\000"
 1792      00
 1793              	.LASF146:
 1794 08fc 64656570 		.ascii	"deepSleep\000"
 1794      536C6565 
 1794      7000
 1795              	.LASF158:
 1796 0906 43795F53 		.ascii	"Cy_SysAnalog_Init\000"
 1796      7973416E 
 1796      616C6F67 
 1796      5F496E69 
 1796      7400
 1797              	.LASF116:
 1798 0918 63707573 		.ascii	"cpussRam0Ctl0\000"
 1798      7352616D 
 1798      3043746C 
 1798      3000
 1799              	.LASF159:
 1800 0926 636F6E66 		.ascii	"config\000"
 1800      696700
 1801              	.LASF5:
 1802 092d 5F5F7569 		.ascii	"__uint16_t\000"
 1802      6E743136 
 1802      5F7400
 1803              	.LASF97:
 1804 0938 70657269 		.ascii	"periDiv16CtlOffset\000"
 1804      44697631 
 1804      3643746C 
 1804      4F666673 
 1804      657400
 1805              	.LASF34:
 1806 094b 50415353 		.ascii	"PASS_V1_Type\000"
 1806      5F56315F 
 1806      54797065 
 1806      00
 1807              	.LASF126:
 1808 0958 43595F53 		.ascii	"CY_SYSANALOG_BAD_PARAM\000"
 1808      5953414E 
 1808      414C4F47 
 1808      5F424144 
 1808      5F504152 
 1809              	.LASF7:
 1810 096f 5F5F696E 		.ascii	"__int32_t\000"
 1810      7433325F 
 1810      7400
 1811              	.LASF50:
 1812 0979 6873696F 		.ascii	"hsiomVersion\000"
 1812      6D566572 
 1812      73696F6E 
 1812      00
 1813              	.LASF78:
 1814 0986 666C6173 		.ascii	"flashCtlMainWs1Freq\000"
 1814      6843746C 
 1814      4D61696E 
 1814      57733146 
 1814      72657100 
 1815              	.LASF130:
ARM GAS  C:\Users\cmila\AppData\Local\Temp\ccAjWGuM.s 			page 42


 1816 099a 63795F65 		.ascii	"cy_en_sysanalog_startup_t\000"
 1816      6E5F7379 
 1816      73616E61 
 1816      6C6F675F 
 1816      73746172 
 1817              	.LASF6:
 1818 09b4 73686F72 		.ascii	"short unsigned int\000"
 1818      7420756E 
 1818      7369676E 
 1818      65642069 
 1818      6E7400
 1819              	.LASF83:
 1820 09c7 64774368 		.ascii	"dwChSize\000"
 1820      53697A65 
 1820      00
 1821              	.LASF119:
 1822 09d0 69706353 		.ascii	"ipcStructSize\000"
 1822      74727563 
 1822      7453697A 
 1822      6500
 1823              	.LASF58:
 1824 09de 63707573 		.ascii	"cpussIpc0Irq\000"
 1824      73497063 
 1824      30497271 
 1824      00
 1825              	.LASF101:
 1826 09eb 6770696F 		.ascii	"gpioPrtCfgOffset\000"
 1826      50727443 
 1826      66674F66 
 1826      66736574 
 1826      00
 1827              	.LASF33:
 1828 09fc 49435441 		.ascii	"ICTAT_TRIM0\000"
 1828      545F5452 
 1828      494D3000 
 1829              	.LASF60:
 1830 0a08 63707573 		.ascii	"cpussNotConnectedIrq\000"
 1830      734E6F74 
 1830      436F6E6E 
 1830      65637465 
 1830      64497271 
 1831              	.LASF144:
 1832 0a1d 697A7461 		.ascii	"iztat\000"
 1832      7400
 1833              	.LASF74:
 1834 0a23 666C6173 		.ascii	"flashWriteDelay\000"
 1834      68577269 
 1834      74654465 
 1834      6C617900 
 1835              	.LASF14:
 1836 0a33 75696E74 		.ascii	"uint8_t\000"
 1836      385F7400 
 1837              	.LASF107:
 1838 0a3b 63707573 		.ascii	"cpussCm4StatusOffset\000"
 1838      73436D34 
 1838      53746174 
 1838      75734F66 
ARM GAS  C:\Users\cmila\AppData\Local\Temp\ccAjWGuM.s 			page 43


 1838      66736574 
 1839              	.LASF100:
 1840 0a50 6770696F 		.ascii	"gpioPrtIntrCfgOffset\000"
 1840      50727449 
 1840      6E747243 
 1840      66674F66 
 1840      66736574 
 1841              	.LASF111:
 1842 0a65 63707573 		.ascii	"cpussTrimRomCtlOffset\000"
 1842      73547269 
 1842      6D526F6D 
 1842      43746C4F 
 1842      66667365 
 1843              	.LASF61:
 1844 0a7b 73727373 		.ascii	"srssNumClkpath\000"
 1844      4E756D43 
 1844      6C6B7061 
 1844      746800
 1845              	.LASF47:
 1846 0a8a 64775665 		.ascii	"dwVersion\000"
 1846      7273696F 
 1846      6E00
 1847              	.LASF135:
 1848 0a94 43595F53 		.ascii	"CY_SYSANALOG_IZTAT_SOURCE_SRSS\000"
 1848      5953414E 
 1848      414C4F47 
 1848      5F495A54 
 1848      41545F53 
 1849              	.LASF94:
 1850 0ab3 70657269 		.ascii	"periDivCmdPaDivSelPos\000"
 1850      44697643 
 1850      6D645061 
 1850      44697653 
 1850      656C506F 
 1851              	.LASF75:
 1852 0ac9 666C6173 		.ascii	"flashProgramDelay\000"
 1852      6850726F 
 1852      6772616D 
 1852      44656C61 
 1852      7900
 1853              	.LASF156:
 1854 0adb 47656E65 		.ascii	"Generated_Source\\PSoC6\\pdl\\drivers\\peripheral\\"
 1854      72617465 
 1854      645F536F 
 1854      75726365 
 1854      5C50536F 
 1855 0b09 73797361 		.ascii	"sysanalog\\cy_sysanalog.c\000"
 1855      6E616C6F 
 1855      675C6379 
 1855      5F737973 
 1855      616E616C 
 1856              	.LASF148:
 1857 0b22 72657375 		.ascii	"result\000"
 1857      6C7400
 1858              	.LASF72:
 1859 0b29 666C6173 		.ascii	"flashRwwRequired\000"
 1859      68527777 
ARM GAS  C:\Users\cmila\AppData\Local\Temp\ccAjWGuM.s 			page 44


 1859      52657175 
 1859      69726564 
 1859      00
 1860              		.ident	"GCC: (GNU Tools for ARM Embedded Processors) 5.4.1 20160609 (release) [ARM/embedded-5-bran
