ARM GAS  C:\Users\cmila\AppData\Local\Temp\cc4bGznX.s 			page 1


   1              		.syntax unified
   2              		.cpu cortex-m4
   3              		.eabi_attribute 27, 1
   4              		.fpu fpv4-sp-d16
   5              		.eabi_attribute 20, 1
   6              		.eabi_attribute 21, 1
   7              		.eabi_attribute 23, 3
   8              		.eabi_attribute 24, 1
   9              		.eabi_attribute 25, 1
  10              		.eabi_attribute 26, 1
  11              		.eabi_attribute 30, 4
  12              		.eabi_attribute 34, 1
  13              		.eabi_attribute 18, 4
  14              		.thumb
  15              		.syntax unified
  16              		.file	"cy_tcpwm_quaddec.c"
  17              		.text
  18              	.Ltext0:
  19              		.cfi_sections	.debug_frame
  20              		.section	.text.Cy_TCPWM_QuadDec_Init,"ax",%progbits
  21              		.align	1
  22              		.global	Cy_TCPWM_QuadDec_Init
  23              		.thumb
  24              		.thumb_func
  25              		.type	Cy_TCPWM_QuadDec_Init, %function
  26              	Cy_TCPWM_QuadDec_Init:
  27              	.LFB151:
  28              		.file 1 "Generated_Source\\PSoC6\\pdl\\drivers\\peripheral\\tcpwm\\cy_tcpwm_quaddec.c"
   1:Generated_Source\PSoC6\pdl\drivers\peripheral\tcpwm/cy_tcpwm_quaddec.c **** /***************************************************************************//**
   2:Generated_Source\PSoC6\pdl\drivers\peripheral\tcpwm/cy_tcpwm_quaddec.c **** * \file cy_tcpwm_quaddec.c
   3:Generated_Source\PSoC6\pdl\drivers\peripheral\tcpwm/cy_tcpwm_quaddec.c **** * \version 1.10
   4:Generated_Source\PSoC6\pdl\drivers\peripheral\tcpwm/cy_tcpwm_quaddec.c **** *
   5:Generated_Source\PSoC6\pdl\drivers\peripheral\tcpwm/cy_tcpwm_quaddec.c **** * \brief
   6:Generated_Source\PSoC6\pdl\drivers\peripheral\tcpwm/cy_tcpwm_quaddec.c **** *  The source file of the tcpwm driver.
   7:Generated_Source\PSoC6\pdl\drivers\peripheral\tcpwm/cy_tcpwm_quaddec.c **** *
   8:Generated_Source\PSoC6\pdl\drivers\peripheral\tcpwm/cy_tcpwm_quaddec.c **** ********************************************************************************
   9:Generated_Source\PSoC6\pdl\drivers\peripheral\tcpwm/cy_tcpwm_quaddec.c **** * \copyright
  10:Generated_Source\PSoC6\pdl\drivers\peripheral\tcpwm/cy_tcpwm_quaddec.c **** * Copyright 2016-2018, Cypress Semiconductor Corporation.  All rights reserved.
  11:Generated_Source\PSoC6\pdl\drivers\peripheral\tcpwm/cy_tcpwm_quaddec.c **** * You may use this file only in accordance with the license, terms, conditions,
  12:Generated_Source\PSoC6\pdl\drivers\peripheral\tcpwm/cy_tcpwm_quaddec.c **** * disclaimers, and limitations in the end user license agreement accompanying
  13:Generated_Source\PSoC6\pdl\drivers\peripheral\tcpwm/cy_tcpwm_quaddec.c **** * the software package with which this file was provided.
  14:Generated_Source\PSoC6\pdl\drivers\peripheral\tcpwm/cy_tcpwm_quaddec.c **** *******************************************************************************/
  15:Generated_Source\PSoC6\pdl\drivers\peripheral\tcpwm/cy_tcpwm_quaddec.c **** 
  16:Generated_Source\PSoC6\pdl\drivers\peripheral\tcpwm/cy_tcpwm_quaddec.c **** #include "cy_tcpwm_quaddec.h"
  17:Generated_Source\PSoC6\pdl\drivers\peripheral\tcpwm/cy_tcpwm_quaddec.c **** 
  18:Generated_Source\PSoC6\pdl\drivers\peripheral\tcpwm/cy_tcpwm_quaddec.c **** #ifdef CY_IP_MXTCPWM
  19:Generated_Source\PSoC6\pdl\drivers\peripheral\tcpwm/cy_tcpwm_quaddec.c **** 
  20:Generated_Source\PSoC6\pdl\drivers\peripheral\tcpwm/cy_tcpwm_quaddec.c **** #if defined(__cplusplus)
  21:Generated_Source\PSoC6\pdl\drivers\peripheral\tcpwm/cy_tcpwm_quaddec.c **** extern "C" {
  22:Generated_Source\PSoC6\pdl\drivers\peripheral\tcpwm/cy_tcpwm_quaddec.c **** #endif
  23:Generated_Source\PSoC6\pdl\drivers\peripheral\tcpwm/cy_tcpwm_quaddec.c **** 
  24:Generated_Source\PSoC6\pdl\drivers\peripheral\tcpwm/cy_tcpwm_quaddec.c **** 
  25:Generated_Source\PSoC6\pdl\drivers\peripheral\tcpwm/cy_tcpwm_quaddec.c **** /*******************************************************************************
  26:Generated_Source\PSoC6\pdl\drivers\peripheral\tcpwm/cy_tcpwm_quaddec.c **** * Function Name: Cy_TCPWM_QuadDec_Init
  27:Generated_Source\PSoC6\pdl\drivers\peripheral\tcpwm/cy_tcpwm_quaddec.c **** ****************************************************************************//**
  28:Generated_Source\PSoC6\pdl\drivers\peripheral\tcpwm/cy_tcpwm_quaddec.c **** *
  29:Generated_Source\PSoC6\pdl\drivers\peripheral\tcpwm/cy_tcpwm_quaddec.c **** * Initializes the counter in the TCPWM block for the QuadDec operation.
ARM GAS  C:\Users\cmila\AppData\Local\Temp\cc4bGznX.s 			page 2


  30:Generated_Source\PSoC6\pdl\drivers\peripheral\tcpwm/cy_tcpwm_quaddec.c **** *
  31:Generated_Source\PSoC6\pdl\drivers\peripheral\tcpwm/cy_tcpwm_quaddec.c **** * \param base
  32:Generated_Source\PSoC6\pdl\drivers\peripheral\tcpwm/cy_tcpwm_quaddec.c **** * The pointer to a TCPWM instance.
  33:Generated_Source\PSoC6\pdl\drivers\peripheral\tcpwm/cy_tcpwm_quaddec.c **** *
  34:Generated_Source\PSoC6\pdl\drivers\peripheral\tcpwm/cy_tcpwm_quaddec.c **** * \param cntNum
  35:Generated_Source\PSoC6\pdl\drivers\peripheral\tcpwm/cy_tcpwm_quaddec.c **** * The Counter instance number in the selected TCPWM.
  36:Generated_Source\PSoC6\pdl\drivers\peripheral\tcpwm/cy_tcpwm_quaddec.c **** *
  37:Generated_Source\PSoC6\pdl\drivers\peripheral\tcpwm/cy_tcpwm_quaddec.c **** * \param config
  38:Generated_Source\PSoC6\pdl\drivers\peripheral\tcpwm/cy_tcpwm_quaddec.c **** * The pointer to a configuration structure. See \ref cy_stc_tcpwm_quaddec_config_t.
  39:Generated_Source\PSoC6\pdl\drivers\peripheral\tcpwm/cy_tcpwm_quaddec.c **** *
  40:Generated_Source\PSoC6\pdl\drivers\peripheral\tcpwm/cy_tcpwm_quaddec.c **** * \return error / status code. See \ref cy_en_tcpwm_status_t.
  41:Generated_Source\PSoC6\pdl\drivers\peripheral\tcpwm/cy_tcpwm_quaddec.c **** *
  42:Generated_Source\PSoC6\pdl\drivers\peripheral\tcpwm/cy_tcpwm_quaddec.c **** * \funcusage
  43:Generated_Source\PSoC6\pdl\drivers\peripheral\tcpwm/cy_tcpwm_quaddec.c **** * \snippet tcpwm\1.10\quaddec\snippet\main.c snippet_Cy_TCPWM_QuadDec_Config
  44:Generated_Source\PSoC6\pdl\drivers\peripheral\tcpwm/cy_tcpwm_quaddec.c **** * \snippet tcpwm\1.10\quaddec\snippet\main.c snippet_Cy_TCPWM_QuadDec_Init
  45:Generated_Source\PSoC6\pdl\drivers\peripheral\tcpwm/cy_tcpwm_quaddec.c **** *
  46:Generated_Source\PSoC6\pdl\drivers\peripheral\tcpwm/cy_tcpwm_quaddec.c **** *******************************************************************************/
  47:Generated_Source\PSoC6\pdl\drivers\peripheral\tcpwm/cy_tcpwm_quaddec.c **** cy_en_tcpwm_status_t Cy_TCPWM_QuadDec_Init(TCPWM_Type *base, uint32_t cntNum, 
  48:Generated_Source\PSoC6\pdl\drivers\peripheral\tcpwm/cy_tcpwm_quaddec.c ****                                            cy_stc_tcpwm_quaddec_config_t const *config)
  49:Generated_Source\PSoC6\pdl\drivers\peripheral\tcpwm/cy_tcpwm_quaddec.c **** {
  29              		.loc 1 49 0
  30              		.cfi_startproc
  31              		@ args = 0, pretend = 0, frame = 0
  32              		@ frame_needed = 0, uses_anonymous_args = 0
  33              	.LVL0:
  34 0000 10B5     		push	{r4, lr}
  35              		.cfi_def_cfa_offset 8
  36              		.cfi_offset 4, -8
  37              		.cfi_offset 14, -4
  50:Generated_Source\PSoC6\pdl\drivers\peripheral\tcpwm/cy_tcpwm_quaddec.c ****     cy_en_tcpwm_status_t status = CY_TCPWM_BAD_PARAM;
  51:Generated_Source\PSoC6\pdl\drivers\peripheral\tcpwm/cy_tcpwm_quaddec.c **** 
  52:Generated_Source\PSoC6\pdl\drivers\peripheral\tcpwm/cy_tcpwm_quaddec.c ****     if ((NULL != base) && (NULL != config))
  38              		.loc 1 52 0
  39 0002 0028     		cmp	r0, #0
  40 0004 36D0     		beq	.L5
  41              		.loc 1 52 0 is_stmt 0 discriminator 1
  42 0006 002A     		cmp	r2, #0
  43 0008 34D0     		beq	.L5
  53:Generated_Source\PSoC6\pdl\drivers\peripheral\tcpwm/cy_tcpwm_quaddec.c ****     {
  54:Generated_Source\PSoC6\pdl\drivers\peripheral\tcpwm/cy_tcpwm_quaddec.c ****         TCPWM_CNT_CTRL(base, cntNum) = ( _VAL2FLD(TCPWM_CNT_CTRL_QUADRATURE_MODE, config->resolutio
  44              		.loc 1 54 0 is_stmt 1
  45 000a 1368     		ldr	r3, [r2]
  46 000c 0C1D     		adds	r4, r1, #4
  47 000e 1B05     		lsls	r3, r3, #20
  48 0010 A401     		lsls	r4, r4, #6
  49 0012 03F44013 		and	r3, r3, #3145728
  50 0016 43F04073 		orr	r3, r3, #50331648
  51 001a 0351     		str	r3, [r0, r4]
  55:Generated_Source\PSoC6\pdl\drivers\peripheral\tcpwm/cy_tcpwm_quaddec.c ****                             _VAL2FLD(TCPWM_CNT_CTRL_MODE, CY_TCPWM_QUADDEC_CTRL_QUADDEC_MODE));
  56:Generated_Source\PSoC6\pdl\drivers\peripheral\tcpwm/cy_tcpwm_quaddec.c **** 
  57:Generated_Source\PSoC6\pdl\drivers\peripheral\tcpwm/cy_tcpwm_quaddec.c ****         if (CY_TCPWM_INPUT_CREATOR != config->phiAInput)
  52              		.loc 1 57 0
  53 001c 9369     		ldr	r3, [r2, #24]
  54 001e 5C1C     		adds	r4, r3, #1
  55 0020 4FEA8111 		lsl	r1, r1, #6
  56              	.LVL1:
  57 0024 12D0     		beq	.L3
ARM GAS  C:\Users\cmila\AppData\Local\Temp\cc4bGznX.s 			page 3


  58:Generated_Source\PSoC6\pdl\drivers\peripheral\tcpwm/cy_tcpwm_quaddec.c ****         {        
  59:Generated_Source\PSoC6\pdl\drivers\peripheral\tcpwm/cy_tcpwm_quaddec.c ****             TCPWM_CNT_TR_CTRL0(base, cntNum) = (_VAL2FLD(TCPWM_CNT_TR_CTRL0_COUNT_SEL, config->phiA
  60:Generated_Source\PSoC6\pdl\drivers\peripheral\tcpwm/cy_tcpwm_quaddec.c ****                                               _VAL2FLD(TCPWM_CNT_TR_CTRL0_START_SEL, config->phiBIn
  61:Generated_Source\PSoC6\pdl\drivers\peripheral\tcpwm/cy_tcpwm_quaddec.c ****                                               _VAL2FLD(TCPWM_CNT_TR_CTRL0_RELOAD_SEL, config->index
  58              		.loc 1 61 0
  59 0026 D469     		ldr	r4, [r2, #28]
  60 0028 1B01     		lsls	r3, r3, #4
  61 002a 2404     		lsls	r4, r4, #16
  62 002c 04F47024 		and	r4, r4, #983040
  63 0030 DBB2     		uxtb	r3, r3
  64 0032 2343     		orrs	r3, r3, r4
  65 0034 D468     		ldr	r4, [r2, #12]
  66 0036 2402     		lsls	r4, r4, #8
  67 0038 04F47064 		and	r4, r4, #3840
  68 003c 2343     		orrs	r3, r3, r4
  69 003e 5469     		ldr	r4, [r2, #20]
  70 0040 2403     		lsls	r4, r4, #12
  71 0042 A4B2     		uxth	r4, r4
  72 0044 2343     		orrs	r3, r3, r4
  59:Generated_Source\PSoC6\pdl\drivers\peripheral\tcpwm/cy_tcpwm_quaddec.c ****                                               _VAL2FLD(TCPWM_CNT_TR_CTRL0_START_SEL, config->phiBIn
  73              		.loc 1 59 0
  74 0046 4418     		adds	r4, r0, r1
  75 0048 C4F82031 		str	r3, [r4, #288]
  76              	.L3:
  62:Generated_Source\PSoC6\pdl\drivers\peripheral\tcpwm/cy_tcpwm_quaddec.c ****                                               _VAL2FLD(TCPWM_CNT_TR_CTRL0_STOP_SEL, config->stopInp
  63:Generated_Source\PSoC6\pdl\drivers\peripheral\tcpwm/cy_tcpwm_quaddec.c ****         }
  64:Generated_Source\PSoC6\pdl\drivers\peripheral\tcpwm/cy_tcpwm_quaddec.c ****         
  65:Generated_Source\PSoC6\pdl\drivers\peripheral\tcpwm/cy_tcpwm_quaddec.c ****         TCPWM_CNT_TR_CTRL1(base, cntNum) = (_VAL2FLD(TCPWM_CNT_TR_CTRL1_CAPTURE_EDGE, CY_TCPWM_INPU
  66:Generated_Source\PSoC6\pdl\drivers\peripheral\tcpwm/cy_tcpwm_quaddec.c ****                                           _VAL2FLD(TCPWM_CNT_TR_CTRL1_COUNT_EDGE, CY_TCPWM_INPUT_LE
  67:Generated_Source\PSoC6\pdl\drivers\peripheral\tcpwm/cy_tcpwm_quaddec.c ****                                           _VAL2FLD(TCPWM_CNT_TR_CTRL1_START_EDGE, CY_TCPWM_INPUT_LE
  68:Generated_Source\PSoC6\pdl\drivers\peripheral\tcpwm/cy_tcpwm_quaddec.c ****                                           _VAL2FLD(TCPWM_CNT_TR_CTRL1_RELOAD_EDGE, config->indexInp
  77              		.loc 1 68 0
  78 004c 9368     		ldr	r3, [r2, #8]
  79 004e 1469     		ldr	r4, [r2, #16]
  80 0050 1B01     		lsls	r3, r3, #4
  81 0052 A401     		lsls	r4, r4, #6
  82 0054 E4B2     		uxtb	r4, r4
  83 0056 03F03003 		and	r3, r3, #48
  84 005a 2343     		orrs	r3, r3, r4
  65:Generated_Source\PSoC6\pdl\drivers\peripheral\tcpwm/cy_tcpwm_quaddec.c ****                                           _VAL2FLD(TCPWM_CNT_TR_CTRL1_COUNT_EDGE, CY_TCPWM_INPUT_LE
  85              		.loc 1 65 0
  86 005c 0144     		add	r1, r1, r0
  87              		.loc 1 68 0
  88 005e 43F44373 		orr	r3, r3, #780
  89 0062 43F00303 		orr	r3, r3, #3
  65:Generated_Source\PSoC6\pdl\drivers\peripheral\tcpwm/cy_tcpwm_quaddec.c ****                                           _VAL2FLD(TCPWM_CNT_TR_CTRL1_COUNT_EDGE, CY_TCPWM_INPUT_LE
  90              		.loc 1 65 0
  91 0066 C1F82431 		str	r3, [r1, #292]
  69:Generated_Source\PSoC6\pdl\drivers\peripheral\tcpwm/cy_tcpwm_quaddec.c ****                                           _VAL2FLD(TCPWM_CNT_TR_CTRL1_STOP_EDGE, config->stopInputM
  70:Generated_Source\PSoC6\pdl\drivers\peripheral\tcpwm/cy_tcpwm_quaddec.c **** 
  71:Generated_Source\PSoC6\pdl\drivers\peripheral\tcpwm/cy_tcpwm_quaddec.c ****         TCPWM_CNT_INTR_MASK(base, cntNum) = config->interruptSources;
  92              		.loc 1 71 0
  93 006a 5368     		ldr	r3, [r2, #4]
  94 006c C1F83831 		str	r3, [r1, #312]
  95              	.LVL2:
  72:Generated_Source\PSoC6\pdl\drivers\peripheral\tcpwm/cy_tcpwm_quaddec.c **** 
  73:Generated_Source\PSoC6\pdl\drivers\peripheral\tcpwm/cy_tcpwm_quaddec.c ****         status = CY_TCPWM_SUCCESS;
ARM GAS  C:\Users\cmila\AppData\Local\Temp\cc4bGznX.s 			page 4


  96              		.loc 1 73 0
  97 0070 0020     		movs	r0, #0
  98              	.LVL3:
  99 0072 10BD     		pop	{r4, pc}
 100              	.LVL4:
 101              	.L5:
  50:Generated_Source\PSoC6\pdl\drivers\peripheral\tcpwm/cy_tcpwm_quaddec.c **** 
 102              		.loc 1 50 0
 103 0074 0048     		ldr	r0, .L10
 104              	.LVL5:
  74:Generated_Source\PSoC6\pdl\drivers\peripheral\tcpwm/cy_tcpwm_quaddec.c ****     }
  75:Generated_Source\PSoC6\pdl\drivers\peripheral\tcpwm/cy_tcpwm_quaddec.c **** 
  76:Generated_Source\PSoC6\pdl\drivers\peripheral\tcpwm/cy_tcpwm_quaddec.c ****     return(status);
  77:Generated_Source\PSoC6\pdl\drivers\peripheral\tcpwm/cy_tcpwm_quaddec.c **** }
 105              		.loc 1 77 0
 106 0076 10BD     		pop	{r4, pc}
 107              	.L11:
 108              		.align	2
 109              	.L10:
 110 0078 0100B600 		.word	11927553
 111              		.cfi_endproc
 112              	.LFE151:
 113              		.size	Cy_TCPWM_QuadDec_Init, .-Cy_TCPWM_QuadDec_Init
 114              		.section	.text.Cy_TCPWM_QuadDec_DeInit,"ax",%progbits
 115              		.align	1
 116              		.global	Cy_TCPWM_QuadDec_DeInit
 117              		.thumb
 118              		.thumb_func
 119              		.type	Cy_TCPWM_QuadDec_DeInit, %function
 120              	Cy_TCPWM_QuadDec_DeInit:
 121              	.LFB152:
  78:Generated_Source\PSoC6\pdl\drivers\peripheral\tcpwm/cy_tcpwm_quaddec.c **** 
  79:Generated_Source\PSoC6\pdl\drivers\peripheral\tcpwm/cy_tcpwm_quaddec.c **** 
  80:Generated_Source\PSoC6\pdl\drivers\peripheral\tcpwm/cy_tcpwm_quaddec.c **** /*******************************************************************************
  81:Generated_Source\PSoC6\pdl\drivers\peripheral\tcpwm/cy_tcpwm_quaddec.c **** * Function Name: Cy_TCPWM_QuadDec_DeInit
  82:Generated_Source\PSoC6\pdl\drivers\peripheral\tcpwm/cy_tcpwm_quaddec.c **** ****************************************************************************//**
  83:Generated_Source\PSoC6\pdl\drivers\peripheral\tcpwm/cy_tcpwm_quaddec.c **** *
  84:Generated_Source\PSoC6\pdl\drivers\peripheral\tcpwm/cy_tcpwm_quaddec.c **** * De-initializes the counter in the TCPWM block, returns register values to 
  85:Generated_Source\PSoC6\pdl\drivers\peripheral\tcpwm/cy_tcpwm_quaddec.c **** * default.
  86:Generated_Source\PSoC6\pdl\drivers\peripheral\tcpwm/cy_tcpwm_quaddec.c **** *
  87:Generated_Source\PSoC6\pdl\drivers\peripheral\tcpwm/cy_tcpwm_quaddec.c **** * \param base
  88:Generated_Source\PSoC6\pdl\drivers\peripheral\tcpwm/cy_tcpwm_quaddec.c **** * The pointer to a TCPWM instance.
  89:Generated_Source\PSoC6\pdl\drivers\peripheral\tcpwm/cy_tcpwm_quaddec.c **** *
  90:Generated_Source\PSoC6\pdl\drivers\peripheral\tcpwm/cy_tcpwm_quaddec.c **** * \param cntNum
  91:Generated_Source\PSoC6\pdl\drivers\peripheral\tcpwm/cy_tcpwm_quaddec.c **** * The Counter instance number in the selected TCPWM.
  92:Generated_Source\PSoC6\pdl\drivers\peripheral\tcpwm/cy_tcpwm_quaddec.c **** *
  93:Generated_Source\PSoC6\pdl\drivers\peripheral\tcpwm/cy_tcpwm_quaddec.c **** * \param config
  94:Generated_Source\PSoC6\pdl\drivers\peripheral\tcpwm/cy_tcpwm_quaddec.c **** * The pointer to a configuration structure. See \ref cy_stc_tcpwm_quaddec_config_t.
  95:Generated_Source\PSoC6\pdl\drivers\peripheral\tcpwm/cy_tcpwm_quaddec.c **** *
  96:Generated_Source\PSoC6\pdl\drivers\peripheral\tcpwm/cy_tcpwm_quaddec.c **** * \funcusage
  97:Generated_Source\PSoC6\pdl\drivers\peripheral\tcpwm/cy_tcpwm_quaddec.c **** * \snippet tcpwm\1.10\quaddec\snippet\main.c snippet_Cy_TCPWM_QuadDec_DeInit
  98:Generated_Source\PSoC6\pdl\drivers\peripheral\tcpwm/cy_tcpwm_quaddec.c **** *
  99:Generated_Source\PSoC6\pdl\drivers\peripheral\tcpwm/cy_tcpwm_quaddec.c **** *******************************************************************************/
 100:Generated_Source\PSoC6\pdl\drivers\peripheral\tcpwm/cy_tcpwm_quaddec.c **** void Cy_TCPWM_QuadDec_DeInit(TCPWM_Type *base, uint32_t cntNum, cy_stc_tcpwm_quaddec_config_t const
 101:Generated_Source\PSoC6\pdl\drivers\peripheral\tcpwm/cy_tcpwm_quaddec.c **** {
 122              		.loc 1 101 0
 123              		.cfi_startproc
ARM GAS  C:\Users\cmila\AppData\Local\Temp\cc4bGznX.s 			page 5


 124              		@ args = 0, pretend = 0, frame = 0
 125              		@ frame_needed = 0, uses_anonymous_args = 0
 126              	.LVL6:
 127 0000 10B5     		push	{r4, lr}
 128              		.cfi_def_cfa_offset 8
 129              		.cfi_offset 4, -8
 130              		.cfi_offset 14, -4
 102:Generated_Source\PSoC6\pdl\drivers\peripheral\tcpwm/cy_tcpwm_quaddec.c ****     TCPWM_CNT_CTRL(base, cntNum) = CY_TCPWM_CNT_CTRL_DEFAULT;
 131              		.loc 1 102 0
 132 0002 0C1D     		adds	r4, r1, #4
 133 0004 A401     		lsls	r4, r4, #6
 103:Generated_Source\PSoC6\pdl\drivers\peripheral\tcpwm/cy_tcpwm_quaddec.c ****     TCPWM_CNT_COUNTER(base, cntNum) = CY_TCPWM_CNT_COUNTER_DEFAULT;
 134              		.loc 1 103 0
 135 0006 00EB8111 		add	r1, r0, r1, lsl #6
 136              	.LVL7:
 102:Generated_Source\PSoC6\pdl\drivers\peripheral\tcpwm/cy_tcpwm_quaddec.c ****     TCPWM_CNT_CTRL(base, cntNum) = CY_TCPWM_CNT_CTRL_DEFAULT;
 137              		.loc 1 102 0
 138 000a 0023     		movs	r3, #0
 139 000c 0351     		str	r3, [r0, r4]
 104:Generated_Source\PSoC6\pdl\drivers\peripheral\tcpwm/cy_tcpwm_quaddec.c ****     TCPWM_CNT_CC(base, cntNum) = CY_TCPWM_CNT_CC_DEFAULT;
 140              		.loc 1 104 0
 141 000e 4FF0FF30 		mov	r0, #-1
 142              	.LVL8:
 103:Generated_Source\PSoC6\pdl\drivers\peripheral\tcpwm/cy_tcpwm_quaddec.c ****     TCPWM_CNT_COUNTER(base, cntNum) = CY_TCPWM_CNT_COUNTER_DEFAULT;
 143              		.loc 1 103 0
 144 0012 C1F80831 		str	r3, [r1, #264]
 145              		.loc 1 104 0
 146 0016 C1F80C01 		str	r0, [r1, #268]
 105:Generated_Source\PSoC6\pdl\drivers\peripheral\tcpwm/cy_tcpwm_quaddec.c ****     TCPWM_CNT_CC_BUFF(base, cntNum) = CY_TCPWM_CNT_CC_BUFF_DEFAULT;
 147              		.loc 1 105 0
 148 001a C1F81001 		str	r0, [r1, #272]
 106:Generated_Source\PSoC6\pdl\drivers\peripheral\tcpwm/cy_tcpwm_quaddec.c ****     TCPWM_CNT_PERIOD(base, cntNum) = CY_TCPWM_CNT_PERIOD_DEFAULT;
 149              		.loc 1 106 0
 150 001e C1F81401 		str	r0, [r1, #276]
 107:Generated_Source\PSoC6\pdl\drivers\peripheral\tcpwm/cy_tcpwm_quaddec.c ****     TCPWM_CNT_PERIOD_BUFF(base, cntNum) = CY_TCPWM_CNT_PERIOD_BUFF_DEFAULT;
 151              		.loc 1 107 0
 152 0022 C1F81801 		str	r0, [r1, #280]
 108:Generated_Source\PSoC6\pdl\drivers\peripheral\tcpwm/cy_tcpwm_quaddec.c ****     TCPWM_CNT_TR_CTRL1(base, cntNum) = CY_TCPWM_CNT_TR_CTRL1_DEFAULT;
 153              		.loc 1 108 0
 154 0026 40F2FF30 		movw	r0, #1023
 155 002a C1F82401 		str	r0, [r1, #292]
 109:Generated_Source\PSoC6\pdl\drivers\peripheral\tcpwm/cy_tcpwm_quaddec.c ****     TCPWM_CNT_TR_CTRL2(base, cntNum) = CY_TCPWM_CNT_TR_CTRL2_DEFAULT;
 156              		.loc 1 109 0
 157 002e 3F20     		movs	r0, #63
 158 0030 C1F82801 		str	r0, [r1, #296]
 110:Generated_Source\PSoC6\pdl\drivers\peripheral\tcpwm/cy_tcpwm_quaddec.c ****     TCPWM_CNT_INTR(base, cntNum) = CY_TCPWM_CNT_INTR_DEFAULT;
 159              		.loc 1 110 0
 160 0034 0320     		movs	r0, #3
 161 0036 C1F83001 		str	r0, [r1, #304]
 111:Generated_Source\PSoC6\pdl\drivers\peripheral\tcpwm/cy_tcpwm_quaddec.c ****     TCPWM_CNT_INTR_SET(base, cntNum) = CY_TCPWM_CNT_INTR_SET_DEFAULT;
 162              		.loc 1 111 0
 163 003a C1F83431 		str	r3, [r1, #308]
 112:Generated_Source\PSoC6\pdl\drivers\peripheral\tcpwm/cy_tcpwm_quaddec.c ****     TCPWM_CNT_INTR_MASK(base, cntNum) = CY_TCPWM_CNT_INTR_MASK_DEFAULT;
 164              		.loc 1 112 0
 165 003e C1F83831 		str	r3, [r1, #312]
 113:Generated_Source\PSoC6\pdl\drivers\peripheral\tcpwm/cy_tcpwm_quaddec.c **** 
 114:Generated_Source\PSoC6\pdl\drivers\peripheral\tcpwm/cy_tcpwm_quaddec.c ****     if (CY_TCPWM_INPUT_CREATOR != config->phiAInput)
ARM GAS  C:\Users\cmila\AppData\Local\Temp\cc4bGznX.s 			page 6


 166              		.loc 1 114 0
 167 0042 9369     		ldr	r3, [r2, #24]
 168 0044 0133     		adds	r3, r3, #1
 115:Generated_Source\PSoC6\pdl\drivers\peripheral\tcpwm/cy_tcpwm_quaddec.c ****     {        
 116:Generated_Source\PSoC6\pdl\drivers\peripheral\tcpwm/cy_tcpwm_quaddec.c ****         TCPWM_CNT_TR_CTRL0(base, cntNum) = CY_TCPWM_CNT_TR_CTRL0_DEFAULT;
 169              		.loc 1 116 0
 170 0046 1CBF     		itt	ne
 171 0048 1023     		movne	r3, #16
 172 004a C1F82031 		strne	r3, [r1, #288]
 173 004e 10BD     		pop	{r4, pc}
 174              		.cfi_endproc
 175              	.LFE152:
 176              		.size	Cy_TCPWM_QuadDec_DeInit, .-Cy_TCPWM_QuadDec_DeInit
 177              		.text
 178              	.Letext0:
 179              		.file 2 "c:\\program files (x86)\\cypress\\psoc creator\\4.4\\psoc creator\\import\\gnu\\arm\\5.4.
 180              		.file 3 "c:\\program files (x86)\\cypress\\psoc creator\\4.4\\psoc creator\\import\\gnu\\arm\\5.4.
 181              		.file 4 "Generated_Source\\PSoC6\\pdl\\devices/psoc6/include/ip/cyip_tcpwm.h"
 182              		.file 5 "Generated_Source\\PSoC6\\pdl\\devices/psoc6/include/psoc6_01_config.h"
 183              		.file 6 "Generated_Source\\PSoC6\\pdl\\drivers\\peripheral\\tcpwm\\cy_tcpwm.h"
 184              		.file 7 "Generated_Source\\PSoC6\\pdl\\drivers\\peripheral\\tcpwm\\cy_tcpwm_quaddec.h"
 185              		.file 8 "Generated_Source\\PSoC6\\pdl\\cmsis/include/core_cm4.h"
 186              		.section	.debug_info,"",%progbits
 187              	.Ldebug_info0:
 188 0000 B0030000 		.4byte	0x3b0
 189 0004 0400     		.2byte	0x4
 190 0006 00000000 		.4byte	.Ldebug_abbrev0
 191 000a 04       		.byte	0x4
 192 000b 01       		.uleb128 0x1
 193 000c 31030000 		.4byte	.LASF58
 194 0010 0C       		.byte	0xc
 195 0011 1E000000 		.4byte	.LASF59
 196 0015 41020000 		.4byte	.LASF60
 197 0019 00000000 		.4byte	.Ldebug_ranges0+0
 198 001d 00000000 		.4byte	0
 199 0021 00000000 		.4byte	.Ldebug_line0
 200 0025 02       		.uleb128 0x2
 201 0026 01       		.byte	0x1
 202 0027 06       		.byte	0x6
 203 0028 B7010000 		.4byte	.LASF0
 204 002c 02       		.uleb128 0x2
 205 002d 01       		.byte	0x1
 206 002e 08       		.byte	0x8
 207 002f 99010000 		.4byte	.LASF1
 208 0033 02       		.uleb128 0x2
 209 0034 02       		.byte	0x2
 210 0035 05       		.byte	0x5
 211 0036 65000000 		.4byte	.LASF2
 212 003a 02       		.uleb128 0x2
 213 003b 02       		.byte	0x2
 214 003c 07       		.byte	0x7
 215 003d 22020000 		.4byte	.LASF3
 216 0041 03       		.uleb128 0x3
 217 0042 E4030000 		.4byte	.LASF5
 218 0046 02       		.byte	0x2
 219 0047 3F       		.byte	0x3f
 220 0048 4C000000 		.4byte	0x4c
ARM GAS  C:\Users\cmila\AppData\Local\Temp\cc4bGznX.s 			page 7


 221 004c 02       		.uleb128 0x2
 222 004d 04       		.byte	0x4
 223 004e 05       		.byte	0x5
 224 004f 53010000 		.4byte	.LASF4
 225 0053 03       		.uleb128 0x3
 226 0054 D4000000 		.4byte	.LASF6
 227 0058 02       		.byte	0x2
 228 0059 41       		.byte	0x41
 229 005a 5E000000 		.4byte	0x5e
 230 005e 02       		.uleb128 0x2
 231 005f 04       		.byte	0x4
 232 0060 07       		.byte	0x7
 233 0061 F1020000 		.4byte	.LASF7
 234 0065 02       		.uleb128 0x2
 235 0066 08       		.byte	0x8
 236 0067 05       		.byte	0x5
 237 0068 3E010000 		.4byte	.LASF8
 238 006c 02       		.uleb128 0x2
 239 006d 08       		.byte	0x8
 240 006e 07       		.byte	0x7
 241 006f CC010000 		.4byte	.LASF9
 242 0073 04       		.uleb128 0x4
 243 0074 04       		.byte	0x4
 244 0075 05       		.byte	0x5
 245 0076 696E7400 		.ascii	"int\000"
 246 007a 02       		.uleb128 0x2
 247 007b 04       		.byte	0x4
 248 007c 07       		.byte	0x7
 249 007d F7010000 		.4byte	.LASF10
 250 0081 03       		.uleb128 0x3
 251 0082 A1020000 		.4byte	.LASF11
 252 0086 03       		.byte	0x3
 253 0087 2C       		.byte	0x2c
 254 0088 41000000 		.4byte	0x41
 255 008c 03       		.uleb128 0x3
 256 008d E3010000 		.4byte	.LASF12
 257 0091 03       		.byte	0x3
 258 0092 30       		.byte	0x30
 259 0093 53000000 		.4byte	0x53
 260 0097 02       		.uleb128 0x2
 261 0098 08       		.byte	0x8
 262 0099 04       		.byte	0x4
 263 009a 77010000 		.4byte	.LASF13
 264 009e 05       		.uleb128 0x5
 265 009f 8C000000 		.4byte	0x8c
 266 00a3 06       		.uleb128 0x6
 267 00a4 9E000000 		.4byte	0x9e
 268 00a8 02       		.uleb128 0x2
 269 00a9 04       		.byte	0x4
 270 00aa 07       		.byte	0x7
 271 00ab 6F000000 		.4byte	.LASF14
 272 00af 07       		.uleb128 0x7
 273 00b0 A3000000 		.4byte	0xa3
 274 00b4 BF000000 		.4byte	0xbf
 275 00b8 08       		.uleb128 0x8
 276 00b9 A8000000 		.4byte	0xa8
 277 00bd 37       		.byte	0x37
ARM GAS  C:\Users\cmila\AppData\Local\Temp\cc4bGznX.s 			page 8


 278 00be 00       		.byte	0
 279 00bf 09       		.uleb128 0x9
 280 00c0 40       		.byte	0x40
 281 00c1 04       		.byte	0x4
 282 00c2 22       		.byte	0x22
 283 00c3 87010000 		.4byte	0x187
 284 00c7 0A       		.uleb128 0xa
 285 00c8 A7010000 		.4byte	.LASF15
 286 00cc 04       		.byte	0x4
 287 00cd 23       		.byte	0x23
 288 00ce 9E000000 		.4byte	0x9e
 289 00d2 00       		.byte	0
 290 00d3 0A       		.uleb128 0xa
 291 00d4 4C010000 		.4byte	.LASF16
 292 00d8 04       		.byte	0x4
 293 00d9 24       		.byte	0x24
 294 00da A3000000 		.4byte	0xa3
 295 00de 04       		.byte	0x4
 296 00df 0A       		.uleb128 0xa
 297 00e0 05040000 		.4byte	.LASF17
 298 00e4 04       		.byte	0x4
 299 00e5 25       		.byte	0x25
 300 00e6 9E000000 		.4byte	0x9e
 301 00ea 08       		.byte	0x8
 302 00eb 0B       		.uleb128 0xb
 303 00ec 434300   		.ascii	"CC\000"
 304 00ef 04       		.byte	0x4
 305 00f0 26       		.byte	0x26
 306 00f1 9E000000 		.4byte	0x9e
 307 00f5 0C       		.byte	0xc
 308 00f6 0A       		.uleb128 0xa
 309 00f7 6F010000 		.4byte	.LASF18
 310 00fb 04       		.byte	0x4
 311 00fc 27       		.byte	0x27
 312 00fd 9E000000 		.4byte	0x9e
 313 0101 10       		.byte	0x10
 314 0102 0A       		.uleb128 0xa
 315 0103 9F000000 		.4byte	.LASF19
 316 0107 04       		.byte	0x4
 317 0108 28       		.byte	0x28
 318 0109 9E000000 		.4byte	0x9e
 319 010d 14       		.byte	0x14
 320 010e 0A       		.uleb128 0xa
 321 010f 78000000 		.4byte	.LASF20
 322 0113 04       		.byte	0x4
 323 0114 29       		.byte	0x29
 324 0115 9E000000 		.4byte	0x9e
 325 0119 18       		.byte	0x18
 326 011a 0A       		.uleb128 0xa
 327 011b 0D040000 		.4byte	.LASF21
 328 011f 04       		.byte	0x4
 329 0120 2A       		.byte	0x2a
 330 0121 A3000000 		.4byte	0xa3
 331 0125 1C       		.byte	0x1c
 332 0126 0A       		.uleb128 0xa
 333 0127 E9000000 		.4byte	.LASF22
 334 012b 04       		.byte	0x4
ARM GAS  C:\Users\cmila\AppData\Local\Temp\cc4bGznX.s 			page 9


 335 012c 2B       		.byte	0x2b
 336 012d 9E000000 		.4byte	0x9e
 337 0131 20       		.byte	0x20
 338 0132 0A       		.uleb128 0xa
 339 0133 B1000000 		.4byte	.LASF23
 340 0137 04       		.byte	0x4
 341 0138 2C       		.byte	0x2c
 342 0139 9E000000 		.4byte	0x9e
 343 013d 24       		.byte	0x24
 344 013e 0A       		.uleb128 0xa
 345 013f BA000000 		.4byte	.LASF24
 346 0143 04       		.byte	0x4
 347 0144 2D       		.byte	0x2d
 348 0145 9E000000 		.4byte	0x9e
 349 0149 28       		.byte	0x28
 350 014a 0A       		.uleb128 0xa
 351 014b DD020000 		.4byte	.LASF25
 352 014f 04       		.byte	0x4
 353 0150 2E       		.byte	0x2e
 354 0151 A3000000 		.4byte	0xa3
 355 0155 2C       		.byte	0x2c
 356 0156 0A       		.uleb128 0xa
 357 0157 D8020000 		.4byte	.LASF26
 358 015b 04       		.byte	0x4
 359 015c 2F       		.byte	0x2f
 360 015d 9E000000 		.4byte	0x9e
 361 0161 30       		.byte	0x30
 362 0162 0A       		.uleb128 0xa
 363 0163 C3010000 		.4byte	.LASF27
 364 0167 04       		.byte	0x4
 365 0168 30       		.byte	0x30
 366 0169 9E000000 		.4byte	0x9e
 367 016d 34       		.byte	0x34
 368 016e 0A       		.uleb128 0xa
 369 016f 18020000 		.4byte	.LASF28
 370 0173 04       		.byte	0x4
 371 0174 31       		.byte	0x31
 372 0175 9E000000 		.4byte	0x9e
 373 0179 38       		.byte	0x38
 374 017a 0A       		.uleb128 0xa
 375 017b 63010000 		.4byte	.LASF29
 376 017f 04       		.byte	0x4
 377 0180 32       		.byte	0x32
 378 0181 A3000000 		.4byte	0xa3
 379 0185 3C       		.byte	0x3c
 380 0186 00       		.byte	0
 381 0187 03       		.uleb128 0x3
 382 0188 84000000 		.4byte	.LASF30
 383 018c 04       		.byte	0x4
 384 018d 33       		.byte	0x33
 385 018e BF000000 		.4byte	0xbf
 386 0192 0C       		.uleb128 0xc
 387 0193 0009     		.2byte	0x900
 388 0195 04       		.byte	0x4
 389 0196 38       		.byte	0x38
 390 0197 15020000 		.4byte	0x215
 391 019b 0A       		.uleb128 0xa
ARM GAS  C:\Users\cmila\AppData\Local\Temp\cc4bGznX.s 			page 10


 392 019c A7010000 		.4byte	.LASF15
 393 01a0 04       		.byte	0x4
 394 01a1 39       		.byte	0x39
 395 01a2 9E000000 		.4byte	0x9e
 396 01a6 00       		.byte	0
 397 01a7 0A       		.uleb128 0xa
 398 01a8 FC030000 		.4byte	.LASF31
 399 01ac 04       		.byte	0x4
 400 01ad 3A       		.byte	0x3a
 401 01ae 9E000000 		.4byte	0x9e
 402 01b2 04       		.byte	0x4
 403 01b3 0A       		.uleb128 0xa
 404 01b4 96000000 		.4byte	.LASF32
 405 01b8 04       		.byte	0x4
 406 01b9 3B       		.byte	0x3b
 407 01ba 9E000000 		.4byte	0x9e
 408 01be 08       		.byte	0x8
 409 01bf 0A       		.uleb128 0xa
 410 01c0 11010000 		.4byte	.LASF33
 411 01c4 04       		.byte	0x4
 412 01c5 3C       		.byte	0x3c
 413 01c6 9E000000 		.4byte	0x9e
 414 01ca 0C       		.byte	0xc
 415 01cb 0A       		.uleb128 0xa
 416 01cc A6000000 		.4byte	.LASF34
 417 01d0 04       		.byte	0x4
 418 01d1 3D       		.byte	0x3d
 419 01d2 9E000000 		.4byte	0x9e
 420 01d6 10       		.byte	0x10
 421 01d7 0A       		.uleb128 0xa
 422 01d8 0F020000 		.4byte	.LASF35
 423 01dc 04       		.byte	0x4
 424 01dd 3E       		.byte	0x3e
 425 01de 9E000000 		.4byte	0x9e
 426 01e2 14       		.byte	0x14
 427 01e3 0A       		.uleb128 0xa
 428 01e4 2E010000 		.4byte	.LASF36
 429 01e8 04       		.byte	0x4
 430 01e9 3F       		.byte	0x3f
 431 01ea 9E000000 		.4byte	0x9e
 432 01ee 18       		.byte	0x18
 433 01ef 0A       		.uleb128 0xa
 434 01f0 AC010000 		.4byte	.LASF37
 435 01f4 04       		.byte	0x4
 436 01f5 40       		.byte	0x40
 437 01f6 A3000000 		.4byte	0xa3
 438 01fa 1C       		.byte	0x1c
 439 01fb 0A       		.uleb128 0xa
 440 01fc 0D040000 		.4byte	.LASF21
 441 0200 04       		.byte	0x4
 442 0201 41       		.byte	0x41
 443 0202 1A020000 		.4byte	0x21a
 444 0206 20       		.byte	0x20
 445 0207 0D       		.uleb128 0xd
 446 0208 434E5400 		.ascii	"CNT\000"
 447 020c 04       		.byte	0x4
 448 020d 42       		.byte	0x42
ARM GAS  C:\Users\cmila\AppData\Local\Temp\cc4bGznX.s 			page 11


 449 020e 1F020000 		.4byte	0x21f
 450 0212 0001     		.2byte	0x100
 451 0214 00       		.byte	0
 452 0215 05       		.uleb128 0x5
 453 0216 AF000000 		.4byte	0xaf
 454 021a 06       		.uleb128 0x6
 455 021b 15020000 		.4byte	0x215
 456 021f 07       		.uleb128 0x7
 457 0220 87010000 		.4byte	0x187
 458 0224 2F020000 		.4byte	0x22f
 459 0228 08       		.uleb128 0x8
 460 0229 A8000000 		.4byte	0xa8
 461 022d 1F       		.byte	0x1f
 462 022e 00       		.byte	0
 463 022f 03       		.uleb128 0x3
 464 0230 F9000000 		.4byte	.LASF38
 465 0234 04       		.byte	0x4
 466 0235 43       		.byte	0x43
 467 0236 92010000 		.4byte	0x192
 468 023a 0E       		.uleb128 0xe
 469 023b 38040000 		.4byte	.LASF39
 470 023f 05       		.byte	0x5
 471 0240 4206     		.2byte	0x642
 472 0242 2F020000 		.4byte	0x22f
 473 0246 02       		.uleb128 0x2
 474 0247 01       		.byte	0x1
 475 0248 08       		.byte	0x8
 476 0249 3C020000 		.4byte	.LASF40
 477 024d 02       		.uleb128 0x2
 478 024e 04       		.byte	0x4
 479 024f 04       		.byte	0x4
 480 0250 38010000 		.4byte	.LASF41
 481 0254 02       		.uleb128 0x2
 482 0255 08       		.byte	0x8
 483 0256 04       		.byte	0x4
 484 0257 03030000 		.4byte	.LASF42
 485 025b 0F       		.uleb128 0xf
 486 025c 04       		.byte	0x4
 487 025d 7A000000 		.4byte	0x7a
 488 0261 06       		.byte	0x6
 489 0262 7301     		.2byte	0x173
 490 0264 78020000 		.4byte	0x278
 491 0268 10       		.uleb128 0x10
 492 0269 C3000000 		.4byte	.LASF43
 493 026d 00       		.byte	0
 494 026e 11       		.uleb128 0x11
 495 026f A9020000 		.4byte	.LASF44
 496 0273 0100B600 		.4byte	0xb60001
 497 0277 00       		.byte	0
 498 0278 0E       		.uleb128 0xe
 499 0279 16040000 		.4byte	.LASF45
 500 027d 06       		.byte	0x6
 501 027e 7601     		.2byte	0x176
 502 0280 5B020000 		.4byte	0x25b
 503 0284 12       		.uleb128 0x12
 504 0285 BC020000 		.4byte	.LASF61
 505 0289 20       		.byte	0x20
ARM GAS  C:\Users\cmila\AppData\Local\Temp\cc4bGznX.s 			page 12


 506 028a 07       		.byte	0x7
 507 028b 2E       		.byte	0x2e
 508 028c F1020000 		.4byte	0x2f1
 509 0290 0A       		.uleb128 0xa
 510 0291 04020000 		.4byte	.LASF46
 511 0295 07       		.byte	0x7
 512 0296 31       		.byte	0x31
 513 0297 8C000000 		.4byte	0x8c
 514 029b 00       		.byte	0
 515 029c 0A       		.uleb128 0xa
 516 029d 1D010000 		.4byte	.LASF47
 517 02a1 07       		.byte	0x7
 518 02a2 33       		.byte	0x33
 519 02a3 8C000000 		.4byte	0x8c
 520 02a7 04       		.byte	0x4
 521 02a8 0A       		.uleb128 0xa
 522 02a9 22030000 		.4byte	.LASF48
 523 02ad 07       		.byte	0x7
 524 02ae 35       		.byte	0x35
 525 02af 8C000000 		.4byte	0x8c
 526 02b3 08       		.byte	0x8
 527 02b4 0A       		.uleb128 0xa
 528 02b5 EC010000 		.4byte	.LASF49
 529 02b9 07       		.byte	0x7
 530 02ba 37       		.byte	0x37
 531 02bb 8C000000 		.4byte	0x8c
 532 02bf 0C       		.byte	0xc
 533 02c0 0A       		.uleb128 0xa
 534 02c1 EE030000 		.4byte	.LASF50
 535 02c5 07       		.byte	0x7
 536 02c6 39       		.byte	0x39
 537 02c7 8C000000 		.4byte	0x8c
 538 02cb 10       		.byte	0x10
 539 02cc 0A       		.uleb128 0xa
 540 02cd DF000000 		.4byte	.LASF51
 541 02d1 07       		.byte	0x7
 542 02d2 3B       		.byte	0x3b
 543 02d3 8C000000 		.4byte	0x8c
 544 02d7 14       		.byte	0x14
 545 02d8 0A       		.uleb128 0xa
 546 02d9 E7020000 		.4byte	.LASF52
 547 02dd 07       		.byte	0x7
 548 02de 3D       		.byte	0x3d
 549 02df 8C000000 		.4byte	0x8c
 550 02e3 18       		.byte	0x18
 551 02e4 0A       		.uleb128 0xa
 552 02e5 07010000 		.4byte	.LASF53
 553 02e9 07       		.byte	0x7
 554 02ea 3F       		.byte	0x3f
 555 02eb 8C000000 		.4byte	0x8c
 556 02ef 1C       		.byte	0x1c
 557 02f0 00       		.byte	0
 558 02f1 03       		.uleb128 0x3
 559 02f2 00000000 		.4byte	.LASF54
 560 02f6 07       		.byte	0x7
 561 02f7 41       		.byte	0x41
 562 02f8 84020000 		.4byte	0x284
ARM GAS  C:\Users\cmila\AppData\Local\Temp\cc4bGznX.s 			page 13


 563 02fc 13       		.uleb128 0x13
 564 02fd 83010000 		.4byte	.LASF62
 565 0301 01       		.byte	0x1
 566 0302 2F       		.byte	0x2f
 567 0303 78020000 		.4byte	0x278
 568 0307 00000000 		.4byte	.LFB151
 569 030b 7C000000 		.4byte	.LFE151-.LFB151
 570 030f 01       		.uleb128 0x1
 571 0310 9C       		.byte	0x9c
 572 0311 50030000 		.4byte	0x350
 573 0315 14       		.uleb128 0x14
 574 0316 43040000 		.4byte	.LASF55
 575 031a 01       		.byte	0x1
 576 031b 2F       		.byte	0x2f
 577 031c 50030000 		.4byte	0x350
 578 0320 00000000 		.4byte	.LLST0
 579 0324 14       		.uleb128 0x14
 580 0325 5C010000 		.4byte	.LASF56
 581 0329 01       		.byte	0x1
 582 032a 2F       		.byte	0x2f
 583 032b 8C000000 		.4byte	0x8c
 584 032f 3A000000 		.4byte	.LLST1
 585 0333 15       		.uleb128 0x15
 586 0334 F2000000 		.4byte	.LASF57
 587 0338 01       		.byte	0x1
 588 0339 30       		.byte	0x30
 589 033a 56030000 		.4byte	0x356
 590 033e 01       		.uleb128 0x1
 591 033f 52       		.byte	0x52
 592 0340 16       		.uleb128 0x16
 593 0341 35020000 		.4byte	.LASF63
 594 0345 01       		.byte	0x1
 595 0346 32       		.byte	0x32
 596 0347 78020000 		.4byte	0x278
 597 034b 66000000 		.4byte	.LLST2
 598 034f 00       		.byte	0
 599 0350 17       		.uleb128 0x17
 600 0351 04       		.byte	0x4
 601 0352 3A020000 		.4byte	0x23a
 602 0356 17       		.uleb128 0x17
 603 0357 04       		.byte	0x4
 604 0358 5C030000 		.4byte	0x35c
 605 035c 06       		.uleb128 0x6
 606 035d F1020000 		.4byte	0x2f1
 607 0361 18       		.uleb128 0x18
 608 0362 0A030000 		.4byte	.LASF64
 609 0366 01       		.byte	0x1
 610 0367 64       		.byte	0x64
 611 0368 00000000 		.4byte	.LFB152
 612 036c 50000000 		.4byte	.LFE152-.LFB152
 613 0370 01       		.uleb128 0x1
 614 0371 9C       		.byte	0x9c
 615 0372 A2030000 		.4byte	0x3a2
 616 0376 14       		.uleb128 0x14
 617 0377 43040000 		.4byte	.LASF55
 618 037b 01       		.byte	0x1
 619 037c 64       		.byte	0x64
ARM GAS  C:\Users\cmila\AppData\Local\Temp\cc4bGznX.s 			page 14


 620 037d 50030000 		.4byte	0x350
 621 0381 A5000000 		.4byte	.LLST3
 622 0385 14       		.uleb128 0x14
 623 0386 5C010000 		.4byte	.LASF56
 624 038a 01       		.byte	0x1
 625 038b 64       		.byte	0x64
 626 038c 8C000000 		.4byte	0x8c
 627 0390 C6000000 		.4byte	.LLST4
 628 0394 15       		.uleb128 0x15
 629 0395 F2000000 		.4byte	.LASF57
 630 0399 01       		.byte	0x1
 631 039a 64       		.byte	0x64
 632 039b 56030000 		.4byte	0x356
 633 039f 01       		.uleb128 0x1
 634 03a0 52       		.byte	0x52
 635 03a1 00       		.byte	0
 636 03a2 19       		.uleb128 0x19
 637 03a3 2B040000 		.4byte	.LASF65
 638 03a7 08       		.byte	0x8
 639 03a8 F907     		.2byte	0x7f9
 640 03aa AE030000 		.4byte	0x3ae
 641 03ae 05       		.uleb128 0x5
 642 03af 81000000 		.4byte	0x81
 643 03b3 00       		.byte	0
 644              		.section	.debug_abbrev,"",%progbits
 645              	.Ldebug_abbrev0:
 646 0000 01       		.uleb128 0x1
 647 0001 11       		.uleb128 0x11
 648 0002 01       		.byte	0x1
 649 0003 25       		.uleb128 0x25
 650 0004 0E       		.uleb128 0xe
 651 0005 13       		.uleb128 0x13
 652 0006 0B       		.uleb128 0xb
 653 0007 03       		.uleb128 0x3
 654 0008 0E       		.uleb128 0xe
 655 0009 1B       		.uleb128 0x1b
 656 000a 0E       		.uleb128 0xe
 657 000b 55       		.uleb128 0x55
 658 000c 17       		.uleb128 0x17
 659 000d 11       		.uleb128 0x11
 660 000e 01       		.uleb128 0x1
 661 000f 10       		.uleb128 0x10
 662 0010 17       		.uleb128 0x17
 663 0011 00       		.byte	0
 664 0012 00       		.byte	0
 665 0013 02       		.uleb128 0x2
 666 0014 24       		.uleb128 0x24
 667 0015 00       		.byte	0
 668 0016 0B       		.uleb128 0xb
 669 0017 0B       		.uleb128 0xb
 670 0018 3E       		.uleb128 0x3e
 671 0019 0B       		.uleb128 0xb
 672 001a 03       		.uleb128 0x3
 673 001b 0E       		.uleb128 0xe
 674 001c 00       		.byte	0
 675 001d 00       		.byte	0
 676 001e 03       		.uleb128 0x3
ARM GAS  C:\Users\cmila\AppData\Local\Temp\cc4bGznX.s 			page 15


 677 001f 16       		.uleb128 0x16
 678 0020 00       		.byte	0
 679 0021 03       		.uleb128 0x3
 680 0022 0E       		.uleb128 0xe
 681 0023 3A       		.uleb128 0x3a
 682 0024 0B       		.uleb128 0xb
 683 0025 3B       		.uleb128 0x3b
 684 0026 0B       		.uleb128 0xb
 685 0027 49       		.uleb128 0x49
 686 0028 13       		.uleb128 0x13
 687 0029 00       		.byte	0
 688 002a 00       		.byte	0
 689 002b 04       		.uleb128 0x4
 690 002c 24       		.uleb128 0x24
 691 002d 00       		.byte	0
 692 002e 0B       		.uleb128 0xb
 693 002f 0B       		.uleb128 0xb
 694 0030 3E       		.uleb128 0x3e
 695 0031 0B       		.uleb128 0xb
 696 0032 03       		.uleb128 0x3
 697 0033 08       		.uleb128 0x8
 698 0034 00       		.byte	0
 699 0035 00       		.byte	0
 700 0036 05       		.uleb128 0x5
 701 0037 35       		.uleb128 0x35
 702 0038 00       		.byte	0
 703 0039 49       		.uleb128 0x49
 704 003a 13       		.uleb128 0x13
 705 003b 00       		.byte	0
 706 003c 00       		.byte	0
 707 003d 06       		.uleb128 0x6
 708 003e 26       		.uleb128 0x26
 709 003f 00       		.byte	0
 710 0040 49       		.uleb128 0x49
 711 0041 13       		.uleb128 0x13
 712 0042 00       		.byte	0
 713 0043 00       		.byte	0
 714 0044 07       		.uleb128 0x7
 715 0045 01       		.uleb128 0x1
 716 0046 01       		.byte	0x1
 717 0047 49       		.uleb128 0x49
 718 0048 13       		.uleb128 0x13
 719 0049 01       		.uleb128 0x1
 720 004a 13       		.uleb128 0x13
 721 004b 00       		.byte	0
 722 004c 00       		.byte	0
 723 004d 08       		.uleb128 0x8
 724 004e 21       		.uleb128 0x21
 725 004f 00       		.byte	0
 726 0050 49       		.uleb128 0x49
 727 0051 13       		.uleb128 0x13
 728 0052 2F       		.uleb128 0x2f
 729 0053 0B       		.uleb128 0xb
 730 0054 00       		.byte	0
 731 0055 00       		.byte	0
 732 0056 09       		.uleb128 0x9
 733 0057 13       		.uleb128 0x13
ARM GAS  C:\Users\cmila\AppData\Local\Temp\cc4bGznX.s 			page 16


 734 0058 01       		.byte	0x1
 735 0059 0B       		.uleb128 0xb
 736 005a 0B       		.uleb128 0xb
 737 005b 3A       		.uleb128 0x3a
 738 005c 0B       		.uleb128 0xb
 739 005d 3B       		.uleb128 0x3b
 740 005e 0B       		.uleb128 0xb
 741 005f 01       		.uleb128 0x1
 742 0060 13       		.uleb128 0x13
 743 0061 00       		.byte	0
 744 0062 00       		.byte	0
 745 0063 0A       		.uleb128 0xa
 746 0064 0D       		.uleb128 0xd
 747 0065 00       		.byte	0
 748 0066 03       		.uleb128 0x3
 749 0067 0E       		.uleb128 0xe
 750 0068 3A       		.uleb128 0x3a
 751 0069 0B       		.uleb128 0xb
 752 006a 3B       		.uleb128 0x3b
 753 006b 0B       		.uleb128 0xb
 754 006c 49       		.uleb128 0x49
 755 006d 13       		.uleb128 0x13
 756 006e 38       		.uleb128 0x38
 757 006f 0B       		.uleb128 0xb
 758 0070 00       		.byte	0
 759 0071 00       		.byte	0
 760 0072 0B       		.uleb128 0xb
 761 0073 0D       		.uleb128 0xd
 762 0074 00       		.byte	0
 763 0075 03       		.uleb128 0x3
 764 0076 08       		.uleb128 0x8
 765 0077 3A       		.uleb128 0x3a
 766 0078 0B       		.uleb128 0xb
 767 0079 3B       		.uleb128 0x3b
 768 007a 0B       		.uleb128 0xb
 769 007b 49       		.uleb128 0x49
 770 007c 13       		.uleb128 0x13
 771 007d 38       		.uleb128 0x38
 772 007e 0B       		.uleb128 0xb
 773 007f 00       		.byte	0
 774 0080 00       		.byte	0
 775 0081 0C       		.uleb128 0xc
 776 0082 13       		.uleb128 0x13
 777 0083 01       		.byte	0x1
 778 0084 0B       		.uleb128 0xb
 779 0085 05       		.uleb128 0x5
 780 0086 3A       		.uleb128 0x3a
 781 0087 0B       		.uleb128 0xb
 782 0088 3B       		.uleb128 0x3b
 783 0089 0B       		.uleb128 0xb
 784 008a 01       		.uleb128 0x1
 785 008b 13       		.uleb128 0x13
 786 008c 00       		.byte	0
 787 008d 00       		.byte	0
 788 008e 0D       		.uleb128 0xd
 789 008f 0D       		.uleb128 0xd
 790 0090 00       		.byte	0
ARM GAS  C:\Users\cmila\AppData\Local\Temp\cc4bGznX.s 			page 17


 791 0091 03       		.uleb128 0x3
 792 0092 08       		.uleb128 0x8
 793 0093 3A       		.uleb128 0x3a
 794 0094 0B       		.uleb128 0xb
 795 0095 3B       		.uleb128 0x3b
 796 0096 0B       		.uleb128 0xb
 797 0097 49       		.uleb128 0x49
 798 0098 13       		.uleb128 0x13
 799 0099 38       		.uleb128 0x38
 800 009a 05       		.uleb128 0x5
 801 009b 00       		.byte	0
 802 009c 00       		.byte	0
 803 009d 0E       		.uleb128 0xe
 804 009e 16       		.uleb128 0x16
 805 009f 00       		.byte	0
 806 00a0 03       		.uleb128 0x3
 807 00a1 0E       		.uleb128 0xe
 808 00a2 3A       		.uleb128 0x3a
 809 00a3 0B       		.uleb128 0xb
 810 00a4 3B       		.uleb128 0x3b
 811 00a5 05       		.uleb128 0x5
 812 00a6 49       		.uleb128 0x49
 813 00a7 13       		.uleb128 0x13
 814 00a8 00       		.byte	0
 815 00a9 00       		.byte	0
 816 00aa 0F       		.uleb128 0xf
 817 00ab 04       		.uleb128 0x4
 818 00ac 01       		.byte	0x1
 819 00ad 0B       		.uleb128 0xb
 820 00ae 0B       		.uleb128 0xb
 821 00af 49       		.uleb128 0x49
 822 00b0 13       		.uleb128 0x13
 823 00b1 3A       		.uleb128 0x3a
 824 00b2 0B       		.uleb128 0xb
 825 00b3 3B       		.uleb128 0x3b
 826 00b4 05       		.uleb128 0x5
 827 00b5 01       		.uleb128 0x1
 828 00b6 13       		.uleb128 0x13
 829 00b7 00       		.byte	0
 830 00b8 00       		.byte	0
 831 00b9 10       		.uleb128 0x10
 832 00ba 28       		.uleb128 0x28
 833 00bb 00       		.byte	0
 834 00bc 03       		.uleb128 0x3
 835 00bd 0E       		.uleb128 0xe
 836 00be 1C       		.uleb128 0x1c
 837 00bf 0B       		.uleb128 0xb
 838 00c0 00       		.byte	0
 839 00c1 00       		.byte	0
 840 00c2 11       		.uleb128 0x11
 841 00c3 28       		.uleb128 0x28
 842 00c4 00       		.byte	0
 843 00c5 03       		.uleb128 0x3
 844 00c6 0E       		.uleb128 0xe
 845 00c7 1C       		.uleb128 0x1c
 846 00c8 06       		.uleb128 0x6
 847 00c9 00       		.byte	0
ARM GAS  C:\Users\cmila\AppData\Local\Temp\cc4bGznX.s 			page 18


 848 00ca 00       		.byte	0
 849 00cb 12       		.uleb128 0x12
 850 00cc 13       		.uleb128 0x13
 851 00cd 01       		.byte	0x1
 852 00ce 03       		.uleb128 0x3
 853 00cf 0E       		.uleb128 0xe
 854 00d0 0B       		.uleb128 0xb
 855 00d1 0B       		.uleb128 0xb
 856 00d2 3A       		.uleb128 0x3a
 857 00d3 0B       		.uleb128 0xb
 858 00d4 3B       		.uleb128 0x3b
 859 00d5 0B       		.uleb128 0xb
 860 00d6 01       		.uleb128 0x1
 861 00d7 13       		.uleb128 0x13
 862 00d8 00       		.byte	0
 863 00d9 00       		.byte	0
 864 00da 13       		.uleb128 0x13
 865 00db 2E       		.uleb128 0x2e
 866 00dc 01       		.byte	0x1
 867 00dd 3F       		.uleb128 0x3f
 868 00de 19       		.uleb128 0x19
 869 00df 03       		.uleb128 0x3
 870 00e0 0E       		.uleb128 0xe
 871 00e1 3A       		.uleb128 0x3a
 872 00e2 0B       		.uleb128 0xb
 873 00e3 3B       		.uleb128 0x3b
 874 00e4 0B       		.uleb128 0xb
 875 00e5 27       		.uleb128 0x27
 876 00e6 19       		.uleb128 0x19
 877 00e7 49       		.uleb128 0x49
 878 00e8 13       		.uleb128 0x13
 879 00e9 11       		.uleb128 0x11
 880 00ea 01       		.uleb128 0x1
 881 00eb 12       		.uleb128 0x12
 882 00ec 06       		.uleb128 0x6
 883 00ed 40       		.uleb128 0x40
 884 00ee 18       		.uleb128 0x18
 885 00ef 9742     		.uleb128 0x2117
 886 00f1 19       		.uleb128 0x19
 887 00f2 01       		.uleb128 0x1
 888 00f3 13       		.uleb128 0x13
 889 00f4 00       		.byte	0
 890 00f5 00       		.byte	0
 891 00f6 14       		.uleb128 0x14
 892 00f7 05       		.uleb128 0x5
 893 00f8 00       		.byte	0
 894 00f9 03       		.uleb128 0x3
 895 00fa 0E       		.uleb128 0xe
 896 00fb 3A       		.uleb128 0x3a
 897 00fc 0B       		.uleb128 0xb
 898 00fd 3B       		.uleb128 0x3b
 899 00fe 0B       		.uleb128 0xb
 900 00ff 49       		.uleb128 0x49
 901 0100 13       		.uleb128 0x13
 902 0101 02       		.uleb128 0x2
 903 0102 17       		.uleb128 0x17
 904 0103 00       		.byte	0
ARM GAS  C:\Users\cmila\AppData\Local\Temp\cc4bGznX.s 			page 19


 905 0104 00       		.byte	0
 906 0105 15       		.uleb128 0x15
 907 0106 05       		.uleb128 0x5
 908 0107 00       		.byte	0
 909 0108 03       		.uleb128 0x3
 910 0109 0E       		.uleb128 0xe
 911 010a 3A       		.uleb128 0x3a
 912 010b 0B       		.uleb128 0xb
 913 010c 3B       		.uleb128 0x3b
 914 010d 0B       		.uleb128 0xb
 915 010e 49       		.uleb128 0x49
 916 010f 13       		.uleb128 0x13
 917 0110 02       		.uleb128 0x2
 918 0111 18       		.uleb128 0x18
 919 0112 00       		.byte	0
 920 0113 00       		.byte	0
 921 0114 16       		.uleb128 0x16
 922 0115 34       		.uleb128 0x34
 923 0116 00       		.byte	0
 924 0117 03       		.uleb128 0x3
 925 0118 0E       		.uleb128 0xe
 926 0119 3A       		.uleb128 0x3a
 927 011a 0B       		.uleb128 0xb
 928 011b 3B       		.uleb128 0x3b
 929 011c 0B       		.uleb128 0xb
 930 011d 49       		.uleb128 0x49
 931 011e 13       		.uleb128 0x13
 932 011f 02       		.uleb128 0x2
 933 0120 17       		.uleb128 0x17
 934 0121 00       		.byte	0
 935 0122 00       		.byte	0
 936 0123 17       		.uleb128 0x17
 937 0124 0F       		.uleb128 0xf
 938 0125 00       		.byte	0
 939 0126 0B       		.uleb128 0xb
 940 0127 0B       		.uleb128 0xb
 941 0128 49       		.uleb128 0x49
 942 0129 13       		.uleb128 0x13
 943 012a 00       		.byte	0
 944 012b 00       		.byte	0
 945 012c 18       		.uleb128 0x18
 946 012d 2E       		.uleb128 0x2e
 947 012e 01       		.byte	0x1
 948 012f 3F       		.uleb128 0x3f
 949 0130 19       		.uleb128 0x19
 950 0131 03       		.uleb128 0x3
 951 0132 0E       		.uleb128 0xe
 952 0133 3A       		.uleb128 0x3a
 953 0134 0B       		.uleb128 0xb
 954 0135 3B       		.uleb128 0x3b
 955 0136 0B       		.uleb128 0xb
 956 0137 27       		.uleb128 0x27
 957 0138 19       		.uleb128 0x19
 958 0139 11       		.uleb128 0x11
 959 013a 01       		.uleb128 0x1
 960 013b 12       		.uleb128 0x12
 961 013c 06       		.uleb128 0x6
ARM GAS  C:\Users\cmila\AppData\Local\Temp\cc4bGznX.s 			page 20


 962 013d 40       		.uleb128 0x40
 963 013e 18       		.uleb128 0x18
 964 013f 9742     		.uleb128 0x2117
 965 0141 19       		.uleb128 0x19
 966 0142 01       		.uleb128 0x1
 967 0143 13       		.uleb128 0x13
 968 0144 00       		.byte	0
 969 0145 00       		.byte	0
 970 0146 19       		.uleb128 0x19
 971 0147 34       		.uleb128 0x34
 972 0148 00       		.byte	0
 973 0149 03       		.uleb128 0x3
 974 014a 0E       		.uleb128 0xe
 975 014b 3A       		.uleb128 0x3a
 976 014c 0B       		.uleb128 0xb
 977 014d 3B       		.uleb128 0x3b
 978 014e 05       		.uleb128 0x5
 979 014f 49       		.uleb128 0x49
 980 0150 13       		.uleb128 0x13
 981 0151 3F       		.uleb128 0x3f
 982 0152 19       		.uleb128 0x19
 983 0153 3C       		.uleb128 0x3c
 984 0154 19       		.uleb128 0x19
 985 0155 00       		.byte	0
 986 0156 00       		.byte	0
 987 0157 00       		.byte	0
 988              		.section	.debug_loc,"",%progbits
 989              	.Ldebug_loc0:
 990              	.LLST0:
 991 0000 00000000 		.4byte	.LVL0
 992 0004 72000000 		.4byte	.LVL3
 993 0008 0100     		.2byte	0x1
 994 000a 50       		.byte	0x50
 995 000b 72000000 		.4byte	.LVL3
 996 000f 74000000 		.4byte	.LVL4
 997 0013 0400     		.2byte	0x4
 998 0015 F3       		.byte	0xf3
 999 0016 01       		.uleb128 0x1
 1000 0017 50       		.byte	0x50
 1001 0018 9F       		.byte	0x9f
 1002 0019 74000000 		.4byte	.LVL4
 1003 001d 76000000 		.4byte	.LVL5
 1004 0021 0100     		.2byte	0x1
 1005 0023 50       		.byte	0x50
 1006 0024 76000000 		.4byte	.LVL5
 1007 0028 7C000000 		.4byte	.LFE151
 1008 002c 0400     		.2byte	0x4
 1009 002e F3       		.byte	0xf3
 1010 002f 01       		.uleb128 0x1
 1011 0030 50       		.byte	0x50
 1012 0031 9F       		.byte	0x9f
 1013 0032 00000000 		.4byte	0
 1014 0036 00000000 		.4byte	0
 1015              	.LLST1:
 1016 003a 00000000 		.4byte	.LVL0
 1017 003e 24000000 		.4byte	.LVL1
 1018 0042 0100     		.2byte	0x1
ARM GAS  C:\Users\cmila\AppData\Local\Temp\cc4bGznX.s 			page 21


 1019 0044 51       		.byte	0x51
 1020 0045 24000000 		.4byte	.LVL1
 1021 0049 74000000 		.4byte	.LVL4
 1022 004d 0400     		.2byte	0x4
 1023 004f F3       		.byte	0xf3
 1024 0050 01       		.uleb128 0x1
 1025 0051 51       		.byte	0x51
 1026 0052 9F       		.byte	0x9f
 1027 0053 74000000 		.4byte	.LVL4
 1028 0057 7C000000 		.4byte	.LFE151
 1029 005b 0100     		.2byte	0x1
 1030 005d 51       		.byte	0x51
 1031 005e 00000000 		.4byte	0
 1032 0062 00000000 		.4byte	0
 1033              	.LLST2:
 1034 0066 00000000 		.4byte	.LVL0
 1035 006a 70000000 		.4byte	.LVL2
 1036 006e 0600     		.2byte	0x6
 1037 0070 0C       		.byte	0xc
 1038 0071 0100B600 		.4byte	0xb60001
 1039 0075 9F       		.byte	0x9f
 1040 0076 70000000 		.4byte	.LVL2
 1041 007a 74000000 		.4byte	.LVL4
 1042 007e 0200     		.2byte	0x2
 1043 0080 30       		.byte	0x30
 1044 0081 9F       		.byte	0x9f
 1045 0082 74000000 		.4byte	.LVL4
 1046 0086 76000000 		.4byte	.LVL5
 1047 008a 0600     		.2byte	0x6
 1048 008c 0C       		.byte	0xc
 1049 008d 0100B600 		.4byte	0xb60001
 1050 0091 9F       		.byte	0x9f
 1051 0092 76000000 		.4byte	.LVL5
 1052 0096 7C000000 		.4byte	.LFE151
 1053 009a 0100     		.2byte	0x1
 1054 009c 50       		.byte	0x50
 1055 009d 00000000 		.4byte	0
 1056 00a1 00000000 		.4byte	0
 1057              	.LLST3:
 1058 00a5 00000000 		.4byte	.LVL6
 1059 00a9 12000000 		.4byte	.LVL8
 1060 00ad 0100     		.2byte	0x1
 1061 00af 50       		.byte	0x50
 1062 00b0 12000000 		.4byte	.LVL8
 1063 00b4 50000000 		.4byte	.LFE152
 1064 00b8 0400     		.2byte	0x4
 1065 00ba F3       		.byte	0xf3
 1066 00bb 01       		.uleb128 0x1
 1067 00bc 50       		.byte	0x50
 1068 00bd 9F       		.byte	0x9f
 1069 00be 00000000 		.4byte	0
 1070 00c2 00000000 		.4byte	0
 1071              	.LLST4:
 1072 00c6 00000000 		.4byte	.LVL6
 1073 00ca 0A000000 		.4byte	.LVL7
 1074 00ce 0100     		.2byte	0x1
 1075 00d0 51       		.byte	0x51
ARM GAS  C:\Users\cmila\AppData\Local\Temp\cc4bGznX.s 			page 22


 1076 00d1 0A000000 		.4byte	.LVL7
 1077 00d5 50000000 		.4byte	.LFE152
 1078 00d9 0400     		.2byte	0x4
 1079 00db F3       		.byte	0xf3
 1080 00dc 01       		.uleb128 0x1
 1081 00dd 51       		.byte	0x51
 1082 00de 9F       		.byte	0x9f
 1083 00df 00000000 		.4byte	0
 1084 00e3 00000000 		.4byte	0
 1085              		.section	.debug_aranges,"",%progbits
 1086 0000 24000000 		.4byte	0x24
 1087 0004 0200     		.2byte	0x2
 1088 0006 00000000 		.4byte	.Ldebug_info0
 1089 000a 04       		.byte	0x4
 1090 000b 00       		.byte	0
 1091 000c 0000     		.2byte	0
 1092 000e 0000     		.2byte	0
 1093 0010 00000000 		.4byte	.LFB151
 1094 0014 7C000000 		.4byte	.LFE151-.LFB151
 1095 0018 00000000 		.4byte	.LFB152
 1096 001c 50000000 		.4byte	.LFE152-.LFB152
 1097 0020 00000000 		.4byte	0
 1098 0024 00000000 		.4byte	0
 1099              		.section	.debug_ranges,"",%progbits
 1100              	.Ldebug_ranges0:
 1101 0000 00000000 		.4byte	.LFB151
 1102 0004 7C000000 		.4byte	.LFE151
 1103 0008 00000000 		.4byte	.LFB152
 1104 000c 50000000 		.4byte	.LFE152
 1105 0010 00000000 		.4byte	0
 1106 0014 00000000 		.4byte	0
 1107              		.section	.debug_line,"",%progbits
 1108              	.Ldebug_line0:
 1109 0000 8E020000 		.section	.debug_str,"MS",%progbits,1
 1109      02003F02 
 1109      00000201 
 1109      FB0E0D00 
 1109      01010101 
 1110              	.LASF54:
 1111 0000 63795F73 		.ascii	"cy_stc_tcpwm_quaddec_config_t\000"
 1111      74635F74 
 1111      6370776D 
 1111      5F717561 
 1111      64646563 
 1112              	.LASF59:
 1113 001e 47656E65 		.ascii	"Generated_Source\\PSoC6\\pdl\\drivers\\peripheral\\"
 1113      72617465 
 1113      645F536F 
 1113      75726365 
 1113      5C50536F 
 1114 004c 74637077 		.ascii	"tcpwm\\cy_tcpwm_quaddec.c\000"
 1114      6D5C6379 
 1114      5F746370 
 1114      776D5F71 
 1114      75616464 
 1115              	.LASF2:
 1116 0065 73686F72 		.ascii	"short int\000"
ARM GAS  C:\Users\cmila\AppData\Local\Temp\cc4bGznX.s 			page 23


 1116      7420696E 
 1116      7400
 1117              	.LASF14:
 1118 006f 73697A65 		.ascii	"sizetype\000"
 1118      74797065 
 1118      00
 1119              	.LASF20:
 1120 0078 50455249 		.ascii	"PERIOD_BUFF\000"
 1120      4F445F42 
 1120      55464600 
 1121              	.LASF30:
 1122 0084 54435057 		.ascii	"TCPWM_CNT_V1_Type\000"
 1122      4D5F434E 
 1122      545F5631 
 1122      5F547970 
 1122      6500
 1123              	.LASF32:
 1124 0096 4354524C 		.ascii	"CTRL_SET\000"
 1124      5F534554 
 1124      00
 1125              	.LASF19:
 1126 009f 50455249 		.ascii	"PERIOD\000"
 1126      4F4400
 1127              	.LASF34:
 1128 00a6 434D445F 		.ascii	"CMD_RELOAD\000"
 1128      52454C4F 
 1128      414400
 1129              	.LASF23:
 1130 00b1 54525F43 		.ascii	"TR_CTRL1\000"
 1130      54524C31 
 1130      00
 1131              	.LASF24:
 1132 00ba 54525F43 		.ascii	"TR_CTRL2\000"
 1132      54524C32 
 1132      00
 1133              	.LASF43:
 1134 00c3 43595F54 		.ascii	"CY_TCPWM_SUCCESS\000"
 1134      4350574D 
 1134      5F535543 
 1134      43455353 
 1134      00
 1135              	.LASF6:
 1136 00d4 5F5F7569 		.ascii	"__uint32_t\000"
 1136      6E743332 
 1136      5F7400
 1137              	.LASF51:
 1138 00df 73746F70 		.ascii	"stopInput\000"
 1138      496E7075 
 1138      7400
 1139              	.LASF22:
 1140 00e9 54525F43 		.ascii	"TR_CTRL0\000"
 1140      54524C30 
 1140      00
 1141              	.LASF57:
 1142 00f2 636F6E66 		.ascii	"config\000"
 1142      696700
 1143              	.LASF38:
ARM GAS  C:\Users\cmila\AppData\Local\Temp\cc4bGznX.s 			page 24


 1144 00f9 54435057 		.ascii	"TCPWM_V1_Type\000"
 1144      4D5F5631 
 1144      5F547970 
 1144      6500
 1145              	.LASF53:
 1146 0107 70686942 		.ascii	"phiBInput\000"
 1146      496E7075 
 1146      7400
 1147              	.LASF33:
 1148 0111 434D445F 		.ascii	"CMD_CAPTURE\000"
 1148      43415054 
 1148      55524500 
 1149              	.LASF47:
 1150 011d 696E7465 		.ascii	"interruptSources\000"
 1150      72727570 
 1150      74536F75 
 1150      72636573 
 1150      00
 1151              	.LASF36:
 1152 012e 434D445F 		.ascii	"CMD_START\000"
 1152      53544152 
 1152      5400
 1153              	.LASF41:
 1154 0138 666C6F61 		.ascii	"float\000"
 1154      7400
 1155              	.LASF8:
 1156 013e 6C6F6E67 		.ascii	"long long int\000"
 1156      206C6F6E 
 1156      6720696E 
 1156      7400
 1157              	.LASF16:
 1158 014c 53544154 		.ascii	"STATUS\000"
 1158      555300
 1159              	.LASF4:
 1160 0153 6C6F6E67 		.ascii	"long int\000"
 1160      20696E74 
 1160      00
 1161              	.LASF56:
 1162 015c 636E744E 		.ascii	"cntNum\000"
 1162      756D00
 1163              	.LASF29:
 1164 0163 494E5452 		.ascii	"INTR_MASKED\000"
 1164      5F4D4153 
 1164      4B454400 
 1165              	.LASF18:
 1166 016f 43435F42 		.ascii	"CC_BUFF\000"
 1166      55464600 
 1167              	.LASF13:
 1168 0177 6C6F6E67 		.ascii	"long double\000"
 1168      20646F75 
 1168      626C6500 
 1169              	.LASF62:
 1170 0183 43795F54 		.ascii	"Cy_TCPWM_QuadDec_Init\000"
 1170      4350574D 
 1170      5F517561 
 1170      64446563 
 1170      5F496E69 
ARM GAS  C:\Users\cmila\AppData\Local\Temp\cc4bGznX.s 			page 25


 1171              	.LASF1:
 1172 0199 756E7369 		.ascii	"unsigned char\000"
 1172      676E6564 
 1172      20636861 
 1172      7200
 1173              	.LASF15:
 1174 01a7 4354524C 		.ascii	"CTRL\000"
 1174      00
 1175              	.LASF37:
 1176 01ac 494E5452 		.ascii	"INTR_CAUSE\000"
 1176      5F434155 
 1176      534500
 1177              	.LASF0:
 1178 01b7 7369676E 		.ascii	"signed char\000"
 1178      65642063 
 1178      68617200 
 1179              	.LASF27:
 1180 01c3 494E5452 		.ascii	"INTR_SET\000"
 1180      5F534554 
 1180      00
 1181              	.LASF9:
 1182 01cc 6C6F6E67 		.ascii	"long long unsigned int\000"
 1182      206C6F6E 
 1182      6720756E 
 1182      7369676E 
 1182      65642069 
 1183              	.LASF12:
 1184 01e3 75696E74 		.ascii	"uint32_t\000"
 1184      33325F74 
 1184      00
 1185              	.LASF49:
 1186 01ec 696E6465 		.ascii	"indexInput\000"
 1186      78496E70 
 1186      757400
 1187              	.LASF10:
 1188 01f7 756E7369 		.ascii	"unsigned int\000"
 1188      676E6564 
 1188      20696E74 
 1188      00
 1189              	.LASF46:
 1190 0204 7265736F 		.ascii	"resolution\000"
 1190      6C757469 
 1190      6F6E00
 1191              	.LASF35:
 1192 020f 434D445F 		.ascii	"CMD_STOP\000"
 1192      53544F50 
 1192      00
 1193              	.LASF28:
 1194 0218 494E5452 		.ascii	"INTR_MASK\000"
 1194      5F4D4153 
 1194      4B00
 1195              	.LASF3:
 1196 0222 73686F72 		.ascii	"short unsigned int\000"
 1196      7420756E 
 1196      7369676E 
 1196      65642069 
 1196      6E7400
ARM GAS  C:\Users\cmila\AppData\Local\Temp\cc4bGznX.s 			page 26


 1197              	.LASF63:
 1198 0235 73746174 		.ascii	"status\000"
 1198      757300
 1199              	.LASF40:
 1200 023c 63686172 		.ascii	"char\000"
 1200      00
 1201              	.LASF60:
 1202 0241 433A5C55 		.ascii	"C:\\Users\\cmila\\uni\\projects\\Neural-Stimulator-"
 1202      73657273 
 1202      5C636D69 
 1202      6C615C75 
 1202      6E695C70 
 1203 026f 4669726D 		.ascii	"Firmware\\new\\PSOC6\\TIMER\\SampleMicroSeconds.cyd"
 1203      77617265 
 1203      5C6E6577 
 1203      5C50534F 
 1203      43365C54 
 1204 029e 736E00   		.ascii	"sn\000"
 1205              	.LASF11:
 1206 02a1 696E7433 		.ascii	"int32_t\000"
 1206      325F7400 
 1207              	.LASF44:
 1208 02a9 43595F54 		.ascii	"CY_TCPWM_BAD_PARAM\000"
 1208      4350574D 
 1208      5F424144 
 1208      5F504152 
 1208      414D00
 1209              	.LASF61:
 1210 02bc 63795F73 		.ascii	"cy_stc_tcpwm_quaddec_config\000"
 1210      74635F74 
 1210      6370776D 
 1210      5F717561 
 1210      64646563 
 1211              	.LASF26:
 1212 02d8 494E5452 		.ascii	"INTR\000"
 1212      00
 1213              	.LASF25:
 1214 02dd 52455345 		.ascii	"RESERVED1\000"
 1214      52564544 
 1214      3100
 1215              	.LASF52:
 1216 02e7 70686941 		.ascii	"phiAInput\000"
 1216      496E7075 
 1216      7400
 1217              	.LASF7:
 1218 02f1 6C6F6E67 		.ascii	"long unsigned int\000"
 1218      20756E73 
 1218      69676E65 
 1218      6420696E 
 1218      7400
 1219              	.LASF42:
 1220 0303 646F7562 		.ascii	"double\000"
 1220      6C6500
 1221              	.LASF64:
 1222 030a 43795F54 		.ascii	"Cy_TCPWM_QuadDec_DeInit\000"
 1222      4350574D 
 1222      5F517561 
ARM GAS  C:\Users\cmila\AppData\Local\Temp\cc4bGznX.s 			page 27


 1222      64446563 
 1222      5F446549 
 1223              	.LASF48:
 1224 0322 696E6465 		.ascii	"indexInputMode\000"
 1224      78496E70 
 1224      75744D6F 
 1224      646500
 1225              	.LASF58:
 1226 0331 474E5520 		.ascii	"GNU C11 5.4.1 20160609 (release) [ARM/embedded-5-br"
 1226      43313120 
 1226      352E342E 
 1226      31203230 
 1226      31363036 
 1227 0364 616E6368 		.ascii	"anch revision 237715] -mcpu=cortex-m4 -mfloat-abi=s"
 1227      20726576 
 1227      6973696F 
 1227      6E203233 
 1227      37373135 
 1228 0397 6F667466 		.ascii	"oftfp -mfpu=fpv4-sp-d16 -mthumb -g -Os -ffunction-s"
 1228      70202D6D 
 1228      6670753D 
 1228      66707634 
 1228      2D73702D 
 1229 03ca 65637469 		.ascii	"ections -ffat-lto-objects\000"
 1229      6F6E7320 
 1229      2D666661 
 1229      742D6C74 
 1229      6F2D6F62 
 1230              	.LASF5:
 1231 03e4 5F5F696E 		.ascii	"__int32_t\000"
 1231      7433325F 
 1231      7400
 1232              	.LASF50:
 1233 03ee 73746F70 		.ascii	"stopInputMode\000"
 1233      496E7075 
 1233      744D6F64 
 1233      6500
 1234              	.LASF31:
 1235 03fc 4354524C 		.ascii	"CTRL_CLR\000"
 1235      5F434C52 
 1235      00
 1236              	.LASF17:
 1237 0405 434F554E 		.ascii	"COUNTER\000"
 1237      54455200 
 1238              	.LASF21:
 1239 040d 52455345 		.ascii	"RESERVED\000"
 1239      52564544 
 1239      00
 1240              	.LASF45:
 1241 0416 63795F65 		.ascii	"cy_en_tcpwm_status_t\000"
 1241      6E5F7463 
 1241      70776D5F 
 1241      73746174 
 1241      75735F74 
 1242              	.LASF65:
 1243 042b 49544D5F 		.ascii	"ITM_RxBuffer\000"
 1243      52784275 
ARM GAS  C:\Users\cmila\AppData\Local\Temp\cc4bGznX.s 			page 28


 1243      66666572 
 1243      00
 1244              	.LASF39:
 1245 0438 54435057 		.ascii	"TCPWM_Type\000"
 1245      4D5F5479 
 1245      706500
 1246              	.LASF55:
 1247 0443 62617365 		.ascii	"base\000"
 1247      00
 1248              		.ident	"GCC: (GNU Tools for ARM Embedded Processors) 5.4.1 20160609 (release) [ARM/embedded-5-bran
