ARM GAS  C:\Users\cmila\AppData\Local\Temp\ccJTrVIi.s 			page 1


   1              		.syntax unified
   2              		.cpu cortex-m4
   3              		.eabi_attribute 27, 1
   4              		.fpu fpv4-sp-d16
   5              		.eabi_attribute 20, 1
   6              		.eabi_attribute 21, 1
   7              		.eabi_attribute 23, 3
   8              		.eabi_attribute 24, 1
   9              		.eabi_attribute 25, 1
  10              		.eabi_attribute 26, 1
  11              		.eabi_attribute 30, 4
  12              		.eabi_attribute 34, 1
  13              		.eabi_attribute 18, 4
  14              		.thumb
  15              		.syntax unified
  16              		.file	"cyfitter_sysint_cfg.c"
  17              		.text
  18              	.Ltext0:
  19              		.cfi_sections	.debug_frame
  20              		.global	isrTimer_cfg
  21              		.global	UART_SCB_IRQ_cfg
  22              		.section	.rodata
  23              		.align	2
  24              		.type	isrTimer_cfg, %object
  25              		.size	isrTimer_cfg, 8
  26              	isrTimer_cfg:
  27 0000 5A00     		.short	90
  28 0002 0000     		.space	2
  29 0004 07000000 		.word	7
  30              		.type	UART_SCB_IRQ_cfg, %object
  31              		.size	UART_SCB_IRQ_cfg, 8
  32              	UART_SCB_IRQ_cfg:
  33 0008 2E00     		.short	46
  34 000a 0000     		.space	2
  35 000c 07000000 		.word	7
  36              		.text
  37              	.Letext0:
  38              		.file 1 "Generated_Source\\PSoC6\\pdl\\devices/psoc6/include/cyble_416045_02.h"
  39              		.file 2 "c:\\program files (x86)\\cypress\\psoc creator\\4.4\\psoc creator\\import\\gnu\\arm\\5.4.
  40              		.file 3 "c:\\program files (x86)\\cypress\\psoc creator\\4.4\\psoc creator\\import\\gnu\\arm\\5.4.
  41              		.file 4 "Generated_Source\\PSoC6\\pdl\\drivers/peripheral/device/cy_device.h"
  42              		.file 5 "Generated_Source\\PSoC6\\pdl\\drivers/peripheral/sysint/cy_sysint.h"
  43              		.file 6 "Generated_Source\\PSoC6\\pdl\\cmsis/include/core_cm4.h"
  44              		.file 7 "Generated_Source\\PSoC6\\cyfitter_sysint_cfg.c"
  45              		.section	.debug_info,"",%progbits
  46              	.Ldebug_info0:
  47 0000 57090000 		.4byte	0x957
  48 0004 0400     		.2byte	0x4
  49 0006 00000000 		.4byte	.Ldebug_abbrev0
  50 000a 04       		.byte	0x4
  51 000b 01       		.uleb128 0x1
  52 000c B1100000 		.4byte	.LASF277
  53 0010 0C       		.byte	0xc
  54 0011 4D140000 		.4byte	.LASF278
  55 0015 40010000 		.4byte	.LASF279
  56 0019 00000000 		.4byte	.Ldebug_line0
  57 001d 02       		.uleb128 0x2
ARM GAS  C:\Users\cmila\AppData\Local\Temp\ccJTrVIi.s 			page 2


  58 001e 02       		.byte	0x2
  59 001f DE030000 		.4byte	0x3de
  60 0023 01       		.byte	0x1
  61 0024 24       		.byte	0x24
  62 0025 DE030000 		.4byte	0x3de
  63 0029 03       		.uleb128 0x3
  64 002a 63150000 		.4byte	.LASF0
  65 002e 71       		.sleb128 -15
  66 002f 03       		.uleb128 0x3
  67 0030 4D100000 		.4byte	.LASF1
  68 0034 72       		.sleb128 -14
  69 0035 03       		.uleb128 0x3
  70 0036 9C150000 		.4byte	.LASF2
  71 003a 73       		.sleb128 -13
  72 003b 03       		.uleb128 0x3
  73 003c 33040000 		.4byte	.LASF3
  74 0040 74       		.sleb128 -12
  75 0041 03       		.uleb128 0x3
  76 0042 600C0000 		.4byte	.LASF4
  77 0046 75       		.sleb128 -11
  78 0047 03       		.uleb128 0x3
  79 0048 FF130000 		.4byte	.LASF5
  80 004c 76       		.sleb128 -10
  81 004d 03       		.uleb128 0x3
  82 004e 85060000 		.4byte	.LASF6
  83 0052 7B       		.sleb128 -5
  84 0053 03       		.uleb128 0x3
  85 0054 ED130000 		.4byte	.LASF7
  86 0058 7C       		.sleb128 -4
  87 0059 03       		.uleb128 0x3
  88 005a BD030000 		.4byte	.LASF8
  89 005e 7E       		.sleb128 -2
  90 005f 03       		.uleb128 0x3
  91 0060 EA120000 		.4byte	.LASF9
  92 0064 7F       		.sleb128 -1
  93 0065 04       		.uleb128 0x4
  94 0066 AA160000 		.4byte	.LASF10
  95 006a 00       		.byte	0
  96 006b 04       		.uleb128 0x4
  97 006c BA0D0000 		.4byte	.LASF11
  98 0070 01       		.byte	0x1
  99 0071 04       		.uleb128 0x4
 100 0072 89020000 		.4byte	.LASF12
 101 0076 02       		.byte	0x2
 102 0077 04       		.uleb128 0x4
 103 0078 14120000 		.4byte	.LASF13
 104 007c 03       		.byte	0x3
 105 007d 04       		.uleb128 0x4
 106 007e 32090000 		.4byte	.LASF14
 107 0082 04       		.byte	0x4
 108 0083 04       		.uleb128 0x4
 109 0084 24160000 		.4byte	.LASF15
 110 0088 05       		.byte	0x5
 111 0089 04       		.uleb128 0x4
 112 008a FC0C0000 		.4byte	.LASF16
 113 008e 06       		.byte	0x6
 114 008f 04       		.uleb128 0x4
ARM GAS  C:\Users\cmila\AppData\Local\Temp\ccJTrVIi.s 			page 3


 115 0090 9E040000 		.4byte	.LASF17
 116 0094 07       		.byte	0x7
 117 0095 04       		.uleb128 0x4
 118 0096 BA110000 		.4byte	.LASF18
 119 009a 08       		.byte	0x8
 120 009b 04       		.uleb128 0x4
 121 009c C8080000 		.4byte	.LASF19
 122 00a0 09       		.byte	0x9
 123 00a1 04       		.uleb128 0x4
 124 00a2 4E090000 		.4byte	.LASF20
 125 00a6 0A       		.byte	0xa
 126 00a7 04       		.uleb128 0x4
 127 00a8 EA060000 		.4byte	.LASF21
 128 00ac 0B       		.byte	0xb
 129 00ad 04       		.uleb128 0x4
 130 00ae CF0F0000 		.4byte	.LASF22
 131 00b2 0C       		.byte	0xc
 132 00b3 04       		.uleb128 0x4
 133 00b4 BA040000 		.4byte	.LASF23
 134 00b8 0D       		.byte	0xd
 135 00b9 04       		.uleb128 0x4
 136 00ba 81110000 		.4byte	.LASF24
 137 00be 0E       		.byte	0xe
 138 00bf 04       		.uleb128 0x4
 139 00c0 24000000 		.4byte	.LASF25
 140 00c4 0F       		.byte	0xf
 141 00c5 04       		.uleb128 0x4
 142 00c6 24150000 		.4byte	.LASF26
 143 00ca 10       		.byte	0x10
 144 00cb 04       		.uleb128 0x4
 145 00cc 680B0000 		.4byte	.LASF27
 146 00d0 11       		.byte	0x11
 147 00d1 04       		.uleb128 0x4
 148 00d2 1E040000 		.4byte	.LASF28
 149 00d6 12       		.byte	0x12
 150 00d7 04       		.uleb128 0x4
 151 00d8 370B0000 		.4byte	.LASF29
 152 00dc 13       		.byte	0x13
 153 00dd 04       		.uleb128 0x4
 154 00de 6D020000 		.4byte	.LASF30
 155 00e2 14       		.byte	0x14
 156 00e3 04       		.uleb128 0x4
 157 00e4 45060000 		.4byte	.LASF31
 158 00e8 15       		.byte	0x15
 159 00e9 04       		.uleb128 0x4
 160 00ea 88090000 		.4byte	.LASF32
 161 00ee 16       		.byte	0x16
 162 00ef 04       		.uleb128 0x4
 163 00f0 30020000 		.4byte	.LASF33
 164 00f4 17       		.byte	0x17
 165 00f5 04       		.uleb128 0x4
 166 00f6 EC0F0000 		.4byte	.LASF34
 167 00fa 18       		.byte	0x18
 168 00fb 04       		.uleb128 0x4
 169 00fc D80B0000 		.4byte	.LASF35
 170 0100 19       		.byte	0x19
 171 0101 04       		.uleb128 0x4
ARM GAS  C:\Users\cmila\AppData\Local\Temp\ccJTrVIi.s 			page 4


 172 0102 B1000000 		.4byte	.LASF36
 173 0106 1A       		.byte	0x1a
 174 0107 04       		.uleb128 0x4
 175 0108 81070000 		.4byte	.LASF37
 176 010c 1B       		.byte	0x1b
 177 010d 04       		.uleb128 0x4
 178 010e 6E170000 		.4byte	.LASF38
 179 0112 1C       		.byte	0x1c
 180 0113 04       		.uleb128 0x4
 181 0114 B4140000 		.4byte	.LASF39
 182 0118 1D       		.byte	0x1d
 183 0119 04       		.uleb128 0x4
 184 011a 7E0B0000 		.4byte	.LASF40
 185 011e 1E       		.byte	0x1e
 186 011f 04       		.uleb128 0x4
 187 0120 9E110000 		.4byte	.LASF41
 188 0124 1F       		.byte	0x1f
 189 0125 04       		.uleb128 0x4
 190 0126 3C0F0000 		.4byte	.LASF42
 191 012a 20       		.byte	0x20
 192 012b 04       		.uleb128 0x4
 193 012c 07070000 		.4byte	.LASF43
 194 0130 21       		.byte	0x21
 195 0131 04       		.uleb128 0x4
 196 0132 40160000 		.4byte	.LASF44
 197 0136 22       		.byte	0x22
 198 0137 04       		.uleb128 0x4
 199 0138 6B0A0000 		.4byte	.LASF45
 200 013c 23       		.byte	0x23
 201 013d 04       		.uleb128 0x4
 202 013e CB010000 		.4byte	.LASF46
 203 0142 24       		.byte	0x24
 204 0143 04       		.uleb128 0x4
 205 0144 64110000 		.4byte	.LASF47
 206 0148 25       		.byte	0x25
 207 0149 04       		.uleb128 0x4
 208 014a 1B060000 		.4byte	.LASF48
 209 014e 26       		.byte	0x26
 210 014f 04       		.uleb128 0x4
 211 0150 46150000 		.4byte	.LASF49
 212 0154 27       		.byte	0x27
 213 0155 04       		.uleb128 0x4
 214 0156 230C0000 		.4byte	.LASF50
 215 015a 28       		.byte	0x28
 216 015b 04       		.uleb128 0x4
 217 015c 91060000 		.4byte	.LASF51
 218 0160 29       		.byte	0x29
 219 0161 04       		.uleb128 0x4
 220 0162 CC0C0000 		.4byte	.LASF52
 221 0166 2A       		.byte	0x2a
 222 0167 04       		.uleb128 0x4
 223 0168 FF110000 		.4byte	.LASF53
 224 016c 2B       		.byte	0x2b
 225 016d 04       		.uleb128 0x4
 226 016e CD000000 		.4byte	.LASF54
 227 0172 2C       		.byte	0x2c
 228 0173 04       		.uleb128 0x4
ARM GAS  C:\Users\cmila\AppData\Local\Temp\ccJTrVIi.s 			page 5


 229 0174 48050000 		.4byte	.LASF55
 230 0178 2D       		.byte	0x2d
 231 0179 04       		.uleb128 0x4
 232 017a 0E0C0000 		.4byte	.LASF56
 233 017e 2E       		.byte	0x2e
 234 017f 04       		.uleb128 0x4
 235 0180 9C100000 		.4byte	.LASF57
 236 0184 2F       		.byte	0x2f
 237 0185 04       		.uleb128 0x4
 238 0186 8A170000 		.4byte	.LASF58
 239 018a 30       		.byte	0x30
 240 018b 04       		.uleb128 0x4
 241 018c C0060000 		.4byte	.LASF59
 242 0190 31       		.byte	0x31
 243 0191 04       		.uleb128 0x4
 244 0192 94120000 		.4byte	.LASF60
 245 0196 32       		.byte	0x32
 246 0197 04       		.uleb128 0x4
 247 0198 E6090000 		.4byte	.LASF61
 248 019c 33       		.byte	0x33
 249 019d 04       		.uleb128 0x4
 250 019e 24010000 		.4byte	.LASF62
 251 01a2 34       		.byte	0x34
 252 01a3 04       		.uleb128 0x4
 253 01a4 900D0000 		.4byte	.LASF63
 254 01a8 35       		.byte	0x35
 255 01a9 04       		.uleb128 0x4
 256 01aa 66130000 		.4byte	.LASF64
 257 01ae 36       		.byte	0x36
 258 01af 04       		.uleb128 0x4
 259 01b0 E0140000 		.4byte	.LASF65
 260 01b4 37       		.byte	0x37
 261 01b5 04       		.uleb128 0x4
 262 01b6 16090000 		.4byte	.LASF66
 263 01ba 38       		.byte	0x38
 264 01bb 04       		.uleb128 0x4
 265 01bc 90000000 		.4byte	.LASF67
 266 01c0 39       		.byte	0x39
 267 01c1 04       		.uleb128 0x4
 268 01c2 B30F0000 		.4byte	.LASF68
 269 01c6 3A       		.byte	0x3a
 270 01c7 04       		.uleb128 0x4
 271 01c8 740D0000 		.4byte	.LASF69
 272 01cc 3B       		.byte	0x3b
 273 01cd 04       		.uleb128 0x4
 274 01ce 90080000 		.4byte	.LASF70
 275 01d2 3C       		.byte	0x3c
 276 01d3 04       		.uleb128 0x4
 277 01d4 C6160000 		.4byte	.LASF71
 278 01d8 3D       		.byte	0x3d
 279 01d9 04       		.uleb128 0x4
 280 01da D60D0000 		.4byte	.LASF72
 281 01de 3E       		.byte	0x3e
 282 01df 04       		.uleb128 0x4
 283 01e0 BA020000 		.4byte	.LASF73
 284 01e4 3F       		.byte	0x3f
 285 01e5 04       		.uleb128 0x4
ARM GAS  C:\Users\cmila\AppData\Local\Temp\ccJTrVIi.s 			page 6


 286 01e6 30120000 		.4byte	.LASF74
 287 01ea 40       		.byte	0x40
 288 01eb 04       		.uleb128 0x4
 289 01ec 6B090000 		.4byte	.LASF75
 290 01f0 41       		.byte	0x41
 291 01f1 04       		.uleb128 0x4
 292 01f2 87030000 		.4byte	.LASF76
 293 01f6 42       		.byte	0x42
 294 01f7 04       		.uleb128 0x4
 295 01f8 04130000 		.4byte	.LASF77
 296 01fc 43       		.byte	0x43
 297 01fd 04       		.uleb128 0x4
 298 01fe 280A0000 		.4byte	.LASF78
 299 0202 44       		.byte	0x44
 300 0203 04       		.uleb128 0x4
 301 0204 F7160000 		.4byte	.LASF79
 302 0208 45       		.byte	0x45
 303 0209 04       		.uleb128 0x4
 304 020a F30D0000 		.4byte	.LASF80
 305 020e 46       		.byte	0x46
 306 020f 04       		.uleb128 0x4
 307 0210 68050000 		.4byte	.LASF81
 308 0214 47       		.byte	0x47
 309 0215 04       		.uleb128 0x4
 310 0216 5D120000 		.4byte	.LASF82
 311 021a 48       		.byte	0x48
 312 021b 04       		.uleb128 0x4
 313 021c AD090000 		.4byte	.LASF83
 314 0220 49       		.byte	0x49
 315 0221 04       		.uleb128 0x4
 316 0222 E2000000 		.4byte	.LASF84
 317 0226 4A       		.byte	0x4a
 318 0227 04       		.uleb128 0x4
 319 0228 580D0000 		.4byte	.LASF85
 320 022c 4B       		.byte	0x4b
 321 022d 04       		.uleb128 0x4
 322 022e 0F0E0000 		.4byte	.LASF86
 323 0232 4C       		.byte	0x4c
 324 0233 04       		.uleb128 0x4
 325 0234 97050000 		.4byte	.LASF87
 326 0238 4D       		.byte	0x4d
 327 0239 04       		.uleb128 0x4
 328 023a 07150000 		.4byte	.LASF88
 329 023e 4E       		.byte	0x4e
 330 023f 04       		.uleb128 0x4
 331 0240 C9090000 		.4byte	.LASF89
 332 0244 4F       		.byte	0x4f
 333 0245 04       		.uleb128 0x4
 334 0246 FE000000 		.4byte	.LASF90
 335 024a 50       		.byte	0x50
 336 024b 04       		.uleb128 0x4
 337 024c 0A100000 		.4byte	.LASF91
 338 0250 51       		.byte	0x51
 339 0251 04       		.uleb128 0x4
 340 0252 23070000 		.4byte	.LASF92
 341 0256 52       		.byte	0x52
 342 0257 04       		.uleb128 0x4
ARM GAS  C:\Users\cmila\AppData\Local\Temp\ccJTrVIi.s 			page 7


 343 0258 68160000 		.4byte	.LASF93
 344 025c 53       		.byte	0x53
 345 025d 04       		.uleb128 0x4
 346 025e 2D170000 		.4byte	.LASF94
 347 0262 54       		.byte	0x54
 348 0263 04       		.uleb128 0x4
 349 0264 880A0000 		.4byte	.LASF95
 350 0268 55       		.byte	0x55
 351 0269 04       		.uleb128 0x4
 352 026a 380D0000 		.4byte	.LASF96
 353 026e 56       		.byte	0x56
 354 026f 04       		.uleb128 0x4
 355 0270 02050000 		.4byte	.LASF97
 356 0274 57       		.byte	0x57
 357 0275 04       		.uleb128 0x4
 358 0276 9F170000 		.4byte	.LASF98
 359 027a 58       		.byte	0x58
 360 027b 04       		.uleb128 0x4
 361 027c C70E0000 		.4byte	.LASF99
 362 0280 59       		.byte	0x59
 363 0281 04       		.uleb128 0x4
 364 0282 49170000 		.4byte	.LASF100
 365 0286 5A       		.byte	0x5a
 366 0287 04       		.uleb128 0x4
 367 0288 F40B0000 		.4byte	.LASF101
 368 028c 5B       		.byte	0x5b
 369 028d 04       		.uleb128 0x4
 370 028e A3030000 		.4byte	.LASF102
 371 0292 5C       		.byte	0x5c
 372 0293 04       		.uleb128 0x4
 373 0294 40130000 		.4byte	.LASF103
 374 0298 5D       		.byte	0x5d
 375 0299 04       		.uleb128 0x4
 376 029a 9D070000 		.4byte	.LASF104
 377 029e 5E       		.byte	0x5e
 378 029f 04       		.uleb128 0x4
 379 02a0 13170000 		.4byte	.LASF105
 380 02a4 5F       		.byte	0x5f
 381 02a5 04       		.uleb128 0x4
 382 02a6 2C0E0000 		.4byte	.LASF106
 383 02aa 60       		.byte	0x60
 384 02ab 04       		.uleb128 0x4
 385 02ac 3B030000 		.4byte	.LASF107
 386 02b0 61       		.byte	0x61
 387 02b1 04       		.uleb128 0x4
 388 02b2 0F140000 		.4byte	.LASF108
 389 02b6 62       		.byte	0x62
 390 02b7 04       		.uleb128 0x4
 391 02b8 38080000 		.4byte	.LASF109
 392 02bc 63       		.byte	0x63
 393 02bd 04       		.uleb128 0x4
 394 02be BF170000 		.4byte	.LASF110
 395 02c2 64       		.byte	0x64
 396 02c3 04       		.uleb128 0x4
 397 02c4 E70E0000 		.4byte	.LASF111
 398 02c8 65       		.byte	0x65
 399 02c9 04       		.uleb128 0x4
ARM GAS  C:\Users\cmila\AppData\Local\Temp\ccJTrVIi.s 			page 8


 400 02ca A6060000 		.4byte	.LASF112
 401 02ce 66       		.byte	0x66
 402 02cf 04       		.uleb128 0x4
 403 02d0 9A130000 		.4byte	.LASF113
 404 02d4 67       		.byte	0x67
 405 02d5 04       		.uleb128 0x4
 406 02d6 A00A0000 		.4byte	.LASF114
 407 02da 68       		.byte	0x68
 408 02db 04       		.uleb128 0x4
 409 02dc 0C020000 		.4byte	.LASF115
 410 02e0 69       		.byte	0x69
 411 02e1 04       		.uleb128 0x4
 412 02e2 6A0E0000 		.4byte	.LASF116
 413 02e6 6A       		.byte	0x6a
 414 02e7 04       		.uleb128 0x4
 415 02e8 60060000 		.4byte	.LASF117
 416 02ec 6B       		.byte	0x6b
 417 02ed 04       		.uleb128 0x4
 418 02ee 09160000 		.4byte	.LASF118
 419 02f2 6C       		.byte	0x6c
 420 02f3 04       		.uleb128 0x4
 421 02f4 E10C0000 		.4byte	.LASF119
 422 02f8 6D       		.byte	0x6d
 423 02f9 04       		.uleb128 0x4
 424 02fa 83040000 		.4byte	.LASF120
 425 02fe 6E       		.byte	0x6e
 426 02ff 04       		.uleb128 0x4
 427 0300 99140000 		.4byte	.LASF121
 428 0304 6F       		.byte	0x6f
 429 0305 04       		.uleb128 0x4
 430 0306 AD080000 		.4byte	.LASF122
 431 030a 70       		.byte	0x70
 432 030b 04       		.uleb128 0x4
 433 030c 3D000000 		.4byte	.LASF123
 434 0310 71       		.byte	0x71
 435 0311 04       		.uleb128 0x4
 436 0312 210F0000 		.4byte	.LASF124
 437 0316 72       		.byte	0x72
 438 0317 04       		.uleb128 0x4
 439 0318 49040000 		.4byte	.LASF125
 440 031c 73       		.byte	0x73
 441 031d 04       		.uleb128 0x4
 442 031e D2130000 		.4byte	.LASF126
 443 0322 74       		.byte	0x74
 444 0323 04       		.uleb128 0x4
 445 0324 000B0000 		.4byte	.LASF127
 446 0328 75       		.byte	0x75
 447 0329 04       		.uleb128 0x4
 448 032a 61100000 		.4byte	.LASF128
 449 032e 76       		.byte	0x76
 450 032f 04       		.uleb128 0x4
 451 0330 FC020000 		.4byte	.LASF129
 452 0334 77       		.byte	0x77
 453 0335 04       		.uleb128 0x4
 454 0336 79120000 		.4byte	.LASF130
 455 033a 78       		.byte	0x78
 456 033b 04       		.uleb128 0x4
ARM GAS  C:\Users\cmila\AppData\Local\Temp\ccJTrVIi.s 			page 9


 457 033c E1020000 		.4byte	.LASF131
 458 0340 79       		.byte	0x79
 459 0341 04       		.uleb128 0x4
 460 0342 CF150000 		.4byte	.LASF132
 461 0346 7A       		.byte	0x7a
 462 0347 04       		.uleb128 0x4
 463 0348 940C0000 		.4byte	.LASF133
 464 034c 7B       		.byte	0x7b
 465 034d 04       		.uleb128 0x4
 466 034e 64040000 		.4byte	.LASF134
 467 0352 7C       		.byte	0x7c
 468 0353 04       		.uleb128 0x4
 469 0354 29140000 		.4byte	.LASF135
 470 0358 7D       		.byte	0x7d
 471 0359 04       		.uleb128 0x4
 472 035a 52080000 		.4byte	.LASF136
 473 035e 7E       		.byte	0x7e
 474 035f 04       		.uleb128 0x4
 475 0360 580F0000 		.4byte	.LASF137
 476 0364 7F       		.byte	0x7f
 477 0365 04       		.uleb128 0x4
 478 0366 010F0000 		.4byte	.LASF138
 479 036a 80       		.byte	0x80
 480 036b 04       		.uleb128 0x4
 481 036c 08040000 		.4byte	.LASF139
 482 0370 81       		.byte	0x81
 483 0371 04       		.uleb128 0x4
 484 0372 B4130000 		.4byte	.LASF140
 485 0376 82       		.byte	0x82
 486 0377 04       		.uleb128 0x4
 487 0378 BA0A0000 		.4byte	.LASF141
 488 037c 83       		.byte	0x83
 489 037d 04       		.uleb128 0x4
 490 037e 62000000 		.4byte	.LASF142
 491 0382 84       		.byte	0x84
 492 0383 04       		.uleb128 0x4
 493 0384 6A070000 		.4byte	.LASF143
 494 0388 85       		.byte	0x85
 495 0389 04       		.uleb128 0x4
 496 038a D3120000 		.4byte	.LASF144
 497 038e 86       		.byte	0x86
 498 038f 04       		.uleb128 0x4
 499 0390 E10A0000 		.4byte	.LASF145
 500 0394 87       		.byte	0x87
 501 0395 04       		.uleb128 0x4
 502 0396 17030000 		.4byte	.LASF146
 503 039a 88       		.byte	0x88
 504 039b 04       		.uleb128 0x4
 505 039c D7040000 		.4byte	.LASF147
 506 03a0 89       		.byte	0x89
 507 03a1 04       		.uleb128 0x4
 508 03a2 B7150000 		.4byte	.LASF148
 509 03a6 8A       		.byte	0x8a
 510 03a7 04       		.uleb128 0x4
 511 03a8 FB070000 		.4byte	.LASF149
 512 03ac 8B       		.byte	0x8b
 513 03ad 04       		.uleb128 0x4
ARM GAS  C:\Users\cmila\AppData\Local\Temp\ccJTrVIi.s 			page 10


 514 03ae 75080000 		.4byte	.LASF150
 515 03b2 8C       		.byte	0x8c
 516 03b3 04       		.uleb128 0x4
 517 03b4 D3060000 		.4byte	.LASF151
 518 03b8 8D       		.byte	0x8d
 519 03b9 04       		.uleb128 0x4
 520 03ba EB110000 		.4byte	.LASF152
 521 03be 8E       		.byte	0x8e
 522 03bf 04       		.uleb128 0x4
 523 03c0 B60C0000 		.4byte	.LASF153
 524 03c4 8F       		.byte	0x8f
 525 03c5 04       		.uleb128 0x4
 526 03c6 B4050000 		.4byte	.LASF154
 527 03ca 90       		.byte	0x90
 528 03cb 04       		.uleb128 0x4
 529 03cc 550A0000 		.4byte	.LASF155
 530 03d0 91       		.byte	0x91
 531 03d1 04       		.uleb128 0x4
 532 03d2 1F080000 		.4byte	.LASF156
 533 03d6 92       		.byte	0x92
 534 03d7 04       		.uleb128 0x4
 535 03d8 170A0000 		.4byte	.LASF157
 536 03dc F0       		.byte	0xf0
 537 03dd 00       		.byte	0
 538 03de 05       		.uleb128 0x5
 539 03df 02       		.byte	0x2
 540 03e0 05       		.byte	0x5
 541 03e1 D7020000 		.4byte	.LASF158
 542 03e5 06       		.uleb128 0x6
 543 03e6 55070000 		.4byte	.LASF160
 544 03ea 01       		.byte	0x1
 545 03eb F4       		.byte	0xf4
 546 03ec 1D000000 		.4byte	0x1d
 547 03f0 05       		.uleb128 0x5
 548 03f1 01       		.byte	0x1
 549 03f2 06       		.byte	0x6
 550 03f3 AB150000 		.4byte	.LASF159
 551 03f7 06       		.uleb128 0x6
 552 03f8 3C150000 		.4byte	.LASF161
 553 03fc 02       		.byte	0x2
 554 03fd 1D       		.byte	0x1d
 555 03fe 02040000 		.4byte	0x402
 556 0402 05       		.uleb128 0x5
 557 0403 01       		.byte	0x1
 558 0404 08       		.byte	0x8
 559 0405 3F140000 		.4byte	.LASF162
 560 0409 06       		.uleb128 0x6
 561 040a 400C0000 		.4byte	.LASF163
 562 040e 02       		.byte	0x2
 563 040f 29       		.byte	0x29
 564 0410 DE030000 		.4byte	0x3de
 565 0414 06       		.uleb128 0x6
 566 0415 7A060000 		.4byte	.LASF164
 567 0419 02       		.byte	0x2
 568 041a 2B       		.byte	0x2b
 569 041b 1F040000 		.4byte	0x41f
 570 041f 05       		.uleb128 0x5
ARM GAS  C:\Users\cmila\AppData\Local\Temp\ccJTrVIi.s 			page 11


 571 0420 02       		.byte	0x2
 572 0421 07       		.byte	0x7
 573 0422 840E0000 		.4byte	.LASF165
 574 0426 06       		.uleb128 0x6
 575 0427 26020000 		.4byte	.LASF166
 576 042b 02       		.byte	0x2
 577 042c 3F       		.byte	0x3f
 578 042d 31040000 		.4byte	0x431
 579 0431 05       		.uleb128 0x5
 580 0432 04       		.byte	0x4
 581 0433 05       		.byte	0x5
 582 0434 01100000 		.4byte	.LASF167
 583 0438 06       		.uleb128 0x6
 584 0439 7A140000 		.4byte	.LASF168
 585 043d 02       		.byte	0x2
 586 043e 41       		.byte	0x41
 587 043f 43040000 		.4byte	0x443
 588 0443 05       		.uleb128 0x5
 589 0444 04       		.byte	0x4
 590 0445 07       		.byte	0x7
 591 0446 2E130000 		.4byte	.LASF169
 592 044a 05       		.uleb128 0x5
 593 044b 08       		.byte	0x8
 594 044c 05       		.byte	0x5
 595 044d A80B0000 		.4byte	.LASF170
 596 0451 05       		.uleb128 0x5
 597 0452 08       		.byte	0x8
 598 0453 07       		.byte	0x7
 599 0454 DB050000 		.4byte	.LASF171
 600 0458 07       		.uleb128 0x7
 601 0459 04       		.byte	0x4
 602 045a 05       		.byte	0x5
 603 045b 696E7400 		.ascii	"int\000"
 604 045f 05       		.uleb128 0x5
 605 0460 04       		.byte	0x4
 606 0461 07       		.byte	0x7
 607 0462 BE010000 		.4byte	.LASF172
 608 0466 06       		.uleb128 0x6
 609 0467 F80A0000 		.4byte	.LASF173
 610 046b 03       		.byte	0x3
 611 046c 18       		.byte	0x18
 612 046d F7030000 		.4byte	0x3f7
 613 0471 06       		.uleb128 0x6
 614 0472 D5030000 		.4byte	.LASF174
 615 0476 03       		.byte	0x3
 616 0477 20       		.byte	0x20
 617 0478 09040000 		.4byte	0x409
 618 047c 06       		.uleb128 0x6
 619 047d A30E0000 		.4byte	.LASF175
 620 0481 03       		.byte	0x3
 621 0482 24       		.byte	0x24
 622 0483 14040000 		.4byte	0x414
 623 0487 06       		.uleb128 0x6
 624 0488 82130000 		.4byte	.LASF176
 625 048c 03       		.byte	0x3
 626 048d 2C       		.byte	0x2c
 627 048e 26040000 		.4byte	0x426
ARM GAS  C:\Users\cmila\AppData\Local\Temp\ccJTrVIi.s 			page 12


 628 0492 06       		.uleb128 0x6
 629 0493 7A040000 		.4byte	.LASF177
 630 0497 03       		.byte	0x3
 631 0498 30       		.byte	0x30
 632 0499 38040000 		.4byte	0x438
 633 049d 05       		.uleb128 0x5
 634 049e 04       		.byte	0x4
 635 049f 07       		.byte	0x7
 636 04a0 6E0F0000 		.4byte	.LASF178
 637 04a4 05       		.uleb128 0x5
 638 04a5 08       		.byte	0x8
 639 04a6 04       		.byte	0x4
 640 04a7 970E0000 		.4byte	.LASF179
 641 04ab 08       		.uleb128 0x8
 642 04ac B8       		.byte	0xb8
 643 04ad 04       		.byte	0x4
 644 04ae 34       		.byte	0x34
 645 04af BC080000 		.4byte	0x8bc
 646 04b3 09       		.uleb128 0x9
 647 04b4 58020000 		.4byte	.LASF180
 648 04b8 04       		.byte	0x4
 649 04b9 37       		.byte	0x37
 650 04ba 92040000 		.4byte	0x492
 651 04be 00       		.byte	0
 652 04bf 09       		.uleb128 0x9
 653 04c0 5D050000 		.4byte	.LASF181
 654 04c4 04       		.byte	0x4
 655 04c5 38       		.byte	0x38
 656 04c6 92040000 		.4byte	0x492
 657 04ca 04       		.byte	0x4
 658 04cb 09       		.uleb128 0x9
 659 04cc 1B010000 		.4byte	.LASF182
 660 04d0 04       		.byte	0x4
 661 04d1 39       		.byte	0x39
 662 04d2 92040000 		.4byte	0x492
 663 04d6 08       		.byte	0x8
 664 04d7 09       		.uleb128 0x9
 665 04d8 CA130000 		.4byte	.LASF183
 666 04dc 04       		.byte	0x4
 667 04dd 3A       		.byte	0x3a
 668 04de 92040000 		.4byte	0x492
 669 04e2 0C       		.byte	0xc
 670 04e3 09       		.uleb128 0x9
 671 04e4 AC0E0000 		.4byte	.LASF184
 672 04e8 04       		.byte	0x4
 673 04e9 3B       		.byte	0x3b
 674 04ea 92040000 		.4byte	0x492
 675 04ee 10       		.byte	0x10
 676 04ef 09       		.uleb128 0x9
 677 04f0 560C0000 		.4byte	.LASF185
 678 04f4 04       		.byte	0x4
 679 04f5 3C       		.byte	0x3c
 680 04f6 92040000 		.4byte	0x492
 681 04fa 14       		.byte	0x14
 682 04fb 09       		.uleb128 0x9
 683 04fc 16080000 		.4byte	.LASF186
 684 0500 04       		.byte	0x4
ARM GAS  C:\Users\cmila\AppData\Local\Temp\ccJTrVIi.s 			page 13


 685 0501 3D       		.byte	0x3d
 686 0502 92040000 		.4byte	0x492
 687 0506 18       		.byte	0x18
 688 0507 09       		.uleb128 0x9
 689 0508 8D160000 		.4byte	.LASF187
 690 050c 04       		.byte	0x4
 691 050d 3E       		.byte	0x3e
 692 050e 92040000 		.4byte	0x492
 693 0512 1C       		.byte	0x1c
 694 0513 09       		.uleb128 0x9
 695 0514 B60B0000 		.4byte	.LASF188
 696 0518 04       		.byte	0x4
 697 0519 3F       		.byte	0x3f
 698 051a 92040000 		.4byte	0x492
 699 051e 20       		.byte	0x20
 700 051f 09       		.uleb128 0x9
 701 0520 CD0B0000 		.4byte	.LASF189
 702 0524 04       		.byte	0x4
 703 0525 40       		.byte	0x40
 704 0526 92040000 		.4byte	0x492
 705 052a 24       		.byte	0x24
 706 052b 09       		.uleb128 0x9
 707 052c 27100000 		.4byte	.LASF190
 708 0530 04       		.byte	0x4
 709 0531 43       		.byte	0x43
 710 0532 66040000 		.4byte	0x466
 711 0536 28       		.byte	0x28
 712 0537 09       		.uleb128 0x9
 713 0538 28050000 		.4byte	.LASF191
 714 053c 04       		.byte	0x4
 715 053d 44       		.byte	0x44
 716 053e 66040000 		.4byte	0x466
 717 0542 29       		.byte	0x29
 718 0543 09       		.uleb128 0x9
 719 0544 170F0000 		.4byte	.LASF192
 720 0548 04       		.byte	0x4
 721 0549 45       		.byte	0x45
 722 054a 66040000 		.4byte	0x466
 723 054e 2A       		.byte	0x2a
 724 054f 09       		.uleb128 0x9
 725 0550 7C100000 		.4byte	.LASF193
 726 0554 04       		.byte	0x4
 727 0555 46       		.byte	0x46
 728 0556 66040000 		.4byte	0x466
 729 055a 2B       		.byte	0x2b
 730 055b 09       		.uleb128 0x9
 731 055c 41100000 		.4byte	.LASF194
 732 0560 04       		.byte	0x4
 733 0561 47       		.byte	0x47
 734 0562 66040000 		.4byte	0x466
 735 0566 2C       		.byte	0x2c
 736 0567 09       		.uleb128 0x9
 737 0568 F7120000 		.4byte	.LASF195
 738 056c 04       		.byte	0x4
 739 056d 48       		.byte	0x48
 740 056e 66040000 		.4byte	0x466
 741 0572 2D       		.byte	0x2d
ARM GAS  C:\Users\cmila\AppData\Local\Temp\ccJTrVIi.s 			page 14


 742 0573 09       		.uleb128 0x9
 743 0574 63170000 		.4byte	.LASF196
 744 0578 04       		.byte	0x4
 745 0579 49       		.byte	0x49
 746 057a 66040000 		.4byte	0x466
 747 057e 2E       		.byte	0x2e
 748 057f 09       		.uleb128 0x9
 749 0580 5C160000 		.4byte	.LASF197
 750 0584 04       		.byte	0x4
 751 0585 4A       		.byte	0x4a
 752 0586 66040000 		.4byte	0x466
 753 058a 2F       		.byte	0x2f
 754 058b 09       		.uleb128 0x9
 755 058c C9030000 		.4byte	.LASF198
 756 0590 04       		.byte	0x4
 757 0591 4B       		.byte	0x4b
 758 0592 66040000 		.4byte	0x466
 759 0596 30       		.byte	0x30
 760 0597 09       		.uleb128 0x9
 761 0598 180D0000 		.4byte	.LASF199
 762 059c 04       		.byte	0x4
 763 059d 4E       		.byte	0x4e
 764 059e 66040000 		.4byte	0x466
 765 05a2 31       		.byte	0x31
 766 05a3 09       		.uleb128 0x9
 767 05a4 E5150000 		.4byte	.LASF200
 768 05a8 04       		.byte	0x4
 769 05a9 4F       		.byte	0x4f
 770 05aa 66040000 		.4byte	0x466
 771 05ae 32       		.byte	0x32
 772 05af 09       		.uleb128 0x9
 773 05b0 AA0C0000 		.4byte	.LASF201
 774 05b4 04       		.byte	0x4
 775 05b5 50       		.byte	0x50
 776 05b6 66040000 		.4byte	0x466
 777 05ba 33       		.byte	0x33
 778 05bb 09       		.uleb128 0x9
 779 05bc 9C090000 		.4byte	.LASF202
 780 05c0 04       		.byte	0x4
 781 05c1 51       		.byte	0x51
 782 05c2 66040000 		.4byte	0x466
 783 05c6 34       		.byte	0x34
 784 05c7 09       		.uleb128 0x9
 785 05c8 38060000 		.4byte	.LASF203
 786 05cc 04       		.byte	0x4
 787 05cd 52       		.byte	0x52
 788 05ce 71040000 		.4byte	0x471
 789 05d2 36       		.byte	0x36
 790 05d3 09       		.uleb128 0x9
 791 05d4 62020000 		.4byte	.LASF204
 792 05d8 04       		.byte	0x4
 793 05d9 53       		.byte	0x53
 794 05da 71040000 		.4byte	0x471
 795 05de 38       		.byte	0x38
 796 05df 09       		.uleb128 0x9
 797 05e0 A5020000 		.4byte	.LASF205
 798 05e4 04       		.byte	0x4
ARM GAS  C:\Users\cmila\AppData\Local\Temp\ccJTrVIi.s 			page 15


 799 05e5 54       		.byte	0x54
 800 05e6 71040000 		.4byte	0x471
 801 05ea 3A       		.byte	0x3a
 802 05eb 09       		.uleb128 0x9
 803 05ec 49020000 		.4byte	.LASF206
 804 05f0 04       		.byte	0x4
 805 05f1 55       		.byte	0x55
 806 05f2 66040000 		.4byte	0x466
 807 05f6 3C       		.byte	0x3c
 808 05f7 09       		.uleb128 0x9
 809 05f8 5F070000 		.4byte	.LASF207
 810 05fc 04       		.byte	0x4
 811 05fd 56       		.byte	0x56
 812 05fe 66040000 		.4byte	0x466
 813 0602 3D       		.byte	0x3d
 814 0603 09       		.uleb128 0x9
 815 0604 D9070000 		.4byte	.LASF208
 816 0608 04       		.byte	0x4
 817 0609 57       		.byte	0x57
 818 060a 66040000 		.4byte	0x466
 819 060e 3E       		.byte	0x3e
 820 060f 09       		.uleb128 0x9
 821 0610 4A0C0000 		.4byte	.LASF209
 822 0614 04       		.byte	0x4
 823 0615 58       		.byte	0x58
 824 0616 66040000 		.4byte	0x466
 825 061a 3F       		.byte	0x3f
 826 061b 09       		.uleb128 0x9
 827 061c E8010000 		.4byte	.LASF210
 828 0620 04       		.byte	0x4
 829 0621 59       		.byte	0x59
 830 0622 66040000 		.4byte	0x466
 831 0626 40       		.byte	0x40
 832 0627 09       		.uleb128 0x9
 833 0628 4D120000 		.4byte	.LASF211
 834 062c 04       		.byte	0x4
 835 062d 5A       		.byte	0x5a
 836 062e 66040000 		.4byte	0x466
 837 0632 41       		.byte	0x41
 838 0633 09       		.uleb128 0x9
 839 0634 90150000 		.4byte	.LASF212
 840 0638 04       		.byte	0x4
 841 0639 5B       		.byte	0x5b
 842 063a 66040000 		.4byte	0x466
 843 063e 42       		.byte	0x42
 844 063f 09       		.uleb128 0x9
 845 0640 FA080000 		.4byte	.LASF213
 846 0644 04       		.byte	0x4
 847 0645 5C       		.byte	0x5c
 848 0646 66040000 		.4byte	0x466
 849 064a 43       		.byte	0x43
 850 064b 09       		.uleb128 0x9
 851 064c 440A0000 		.4byte	.LASF214
 852 0650 04       		.byte	0x4
 853 0651 5D       		.byte	0x5d
 854 0652 66040000 		.4byte	0x466
 855 0656 44       		.byte	0x44
ARM GAS  C:\Users\cmila\AppData\Local\Temp\ccJTrVIi.s 			page 16


 856 0657 09       		.uleb128 0x9
 857 0658 8A100000 		.4byte	.LASF215
 858 065c 04       		.byte	0x4
 859 065d 5E       		.byte	0x5e
 860 065e 92040000 		.4byte	0x492
 861 0662 48       		.byte	0x48
 862 0663 09       		.uleb128 0x9
 863 0664 6B030000 		.4byte	.LASF216
 864 0668 04       		.byte	0x4
 865 0669 5F       		.byte	0x5f
 866 066a 92040000 		.4byte	0x492
 867 066e 4C       		.byte	0x4c
 868 066f 09       		.uleb128 0x9
 869 0670 6E150000 		.4byte	.LASF217
 870 0674 04       		.byte	0x4
 871 0675 60       		.byte	0x60
 872 0676 66040000 		.4byte	0x466
 873 067a 50       		.byte	0x50
 874 067b 09       		.uleb128 0x9
 875 067c B7070000 		.4byte	.LASF218
 876 0680 04       		.byte	0x4
 877 0681 61       		.byte	0x61
 878 0682 66040000 		.4byte	0x466
 879 0686 51       		.byte	0x51
 880 0687 09       		.uleb128 0x9
 881 0688 CB050000 		.4byte	.LASF219
 882 068c 04       		.byte	0x4
 883 068d 62       		.byte	0x62
 884 068e 66040000 		.4byte	0x466
 885 0692 52       		.byte	0x52
 886 0693 09       		.uleb128 0x9
 887 0694 36050000 		.4byte	.LASF220
 888 0698 04       		.byte	0x4
 889 0699 63       		.byte	0x63
 890 069a 66040000 		.4byte	0x466
 891 069e 53       		.byte	0x53
 892 069f 09       		.uleb128 0x9
 893 06a0 D0140000 		.4byte	.LASF221
 894 06a4 04       		.byte	0x4
 895 06a5 64       		.byte	0x64
 896 06a6 66040000 		.4byte	0x466
 897 06aa 54       		.byte	0x54
 898 06ab 09       		.uleb128 0x9
 899 06ac E7070000 		.4byte	.LASF222
 900 06b0 04       		.byte	0x4
 901 06b1 65       		.byte	0x65
 902 06b2 66040000 		.4byte	0x466
 903 06b6 55       		.byte	0x55
 904 06b7 09       		.uleb128 0x9
 905 06b8 00000000 		.4byte	.LASF223
 906 06bc 04       		.byte	0x4
 907 06bd 66       		.byte	0x66
 908 06be 66040000 		.4byte	0x466
 909 06c2 56       		.byte	0x56
 910 06c3 09       		.uleb128 0x9
 911 06c4 96160000 		.4byte	.LASF224
 912 06c8 04       		.byte	0x4
ARM GAS  C:\Users\cmila\AppData\Local\Temp\ccJTrVIi.s 			page 17


 913 06c9 67       		.byte	0x67
 914 06ca 66040000 		.4byte	0x466
 915 06ce 57       		.byte	0x57
 916 06cf 09       		.uleb128 0x9
 917 06d0 41070000 		.4byte	.LASF225
 918 06d4 04       		.byte	0x4
 919 06d5 68       		.byte	0x68
 920 06d6 66040000 		.4byte	0x466
 921 06da 58       		.byte	0x58
 922 06db 09       		.uleb128 0x9
 923 06dc E3160000 		.4byte	.LASF226
 924 06e0 04       		.byte	0x4
 925 06e1 69       		.byte	0x69
 926 06e2 66040000 		.4byte	0x466
 927 06e6 59       		.byte	0x59
 928 06e7 09       		.uleb128 0x9
 929 06e8 FC140000 		.4byte	.LASF227
 930 06ec 04       		.byte	0x4
 931 06ed 6E       		.byte	0x6e
 932 06ee 7C040000 		.4byte	0x47c
 933 06f2 5A       		.byte	0x5a
 934 06f3 09       		.uleb128 0x9
 935 06f4 B5010000 		.4byte	.LASF228
 936 06f8 04       		.byte	0x4
 937 06f9 6F       		.byte	0x6f
 938 06fa 7C040000 		.4byte	0x47c
 939 06fe 5C       		.byte	0x5c
 940 06ff 09       		.uleb128 0x9
 941 0700 BE0B0000 		.4byte	.LASF229
 942 0704 04       		.byte	0x4
 943 0705 70       		.byte	0x70
 944 0706 66040000 		.4byte	0x466
 945 070a 5E       		.byte	0x5e
 946 070b 09       		.uleb128 0x9
 947 070c F3150000 		.4byte	.LASF230
 948 0710 04       		.byte	0x4
 949 0711 71       		.byte	0x71
 950 0712 66040000 		.4byte	0x466
 951 0716 5F       		.byte	0x5f
 952 0717 09       		.uleb128 0x9
 953 0718 05090000 		.4byte	.LASF231
 954 071c 04       		.byte	0x4
 955 071d 72       		.byte	0x72
 956 071e 66040000 		.4byte	0x466
 957 0722 60       		.byte	0x60
 958 0723 09       		.uleb128 0x9
 959 0724 D00A0000 		.4byte	.LASF232
 960 0728 04       		.byte	0x4
 961 0729 73       		.byte	0x73
 962 072a 92040000 		.4byte	0x492
 963 072e 64       		.byte	0x64
 964 072f 09       		.uleb128 0x9
 965 0730 C9070000 		.4byte	.LASF233
 966 0734 04       		.byte	0x4
 967 0735 76       		.byte	0x76
 968 0736 7C040000 		.4byte	0x47c
 969 073a 68       		.byte	0x68
ARM GAS  C:\Users\cmila\AppData\Local\Temp\ccJTrVIi.s 			page 18


 970 073b 09       		.uleb128 0x9
 971 073c B50E0000 		.4byte	.LASF234
 972 0740 04       		.byte	0x4
 973 0741 77       		.byte	0x77
 974 0742 7C040000 		.4byte	0x47c
 975 0746 6A       		.byte	0x6a
 976 0747 09       		.uleb128 0x9
 977 0748 850C0000 		.4byte	.LASF235
 978 074c 04       		.byte	0x4
 979 074d 78       		.byte	0x78
 980 074e 7C040000 		.4byte	0x47c
 981 0752 6C       		.byte	0x6c
 982 0753 09       		.uleb128 0x9
 983 0754 2E030000 		.4byte	.LASF236
 984 0758 04       		.byte	0x4
 985 0759 79       		.byte	0x79
 986 075a 7C040000 		.4byte	0x47c
 987 075e 6E       		.byte	0x6e
 988 075f 09       		.uleb128 0x9
 989 0760 230B0000 		.4byte	.LASF237
 990 0764 04       		.byte	0x4
 991 0765 7B       		.byte	0x7b
 992 0766 66040000 		.4byte	0x466
 993 076a 70       		.byte	0x70
 994 076b 09       		.uleb128 0x9
 995 076c DD030000 		.4byte	.LASF238
 996 0770 04       		.byte	0x4
 997 0771 7C       		.byte	0x7c
 998 0772 66040000 		.4byte	0x466
 999 0776 71       		.byte	0x71
 1000 0777 09       		.uleb128 0x9
 1001 0778 55030000 		.4byte	.LASF239
 1002 077c 04       		.byte	0x4
 1003 077d 7D       		.byte	0x7d
 1004 077e 66040000 		.4byte	0x466
 1005 0782 72       		.byte	0x72
 1006 0783 09       		.uleb128 0x9
 1007 0784 F5010000 		.4byte	.LASF240
 1008 0788 04       		.byte	0x4
 1009 0789 7E       		.byte	0x7e
 1010 078a 66040000 		.4byte	0x466
 1011 078e 73       		.byte	0x73
 1012 078f 09       		.uleb128 0x9
 1013 0790 A10F0000 		.4byte	.LASF241
 1014 0794 04       		.byte	0x4
 1015 0795 80       		.byte	0x80
 1016 0796 7C040000 		.4byte	0x47c
 1017 079a 74       		.byte	0x74
 1018 079b 09       		.uleb128 0x9
 1019 079c 570E0000 		.4byte	.LASF242
 1020 07a0 04       		.byte	0x4
 1021 07a1 81       		.byte	0x81
 1022 07a2 7C040000 		.4byte	0x47c
 1023 07a6 76       		.byte	0x76
 1024 07a7 09       		.uleb128 0x9
 1025 07a8 020A0000 		.4byte	.LASF243
 1026 07ac 04       		.byte	0x4
ARM GAS  C:\Users\cmila\AppData\Local\Temp\ccJTrVIi.s 			page 19


 1027 07ad 82       		.byte	0x82
 1028 07ae 7C040000 		.4byte	0x47c
 1029 07b2 78       		.byte	0x78
 1030 07b3 09       		.uleb128 0x9
 1031 07b4 F2050000 		.4byte	.LASF244
 1032 07b8 04       		.byte	0x4
 1033 07b9 83       		.byte	0x83
 1034 07ba 7C040000 		.4byte	0x47c
 1035 07be 7A       		.byte	0x7a
 1036 07bf 09       		.uleb128 0x9
 1037 07c0 530B0000 		.4byte	.LASF245
 1038 07c4 04       		.byte	0x4
 1039 07c5 86       		.byte	0x86
 1040 07c6 66040000 		.4byte	0x466
 1041 07ca 7C       		.byte	0x7c
 1042 07cb 09       		.uleb128 0x9
 1043 07cc 7F150000 		.4byte	.LASF246
 1044 07d0 04       		.byte	0x4
 1045 07d1 87       		.byte	0x87
 1046 07d2 66040000 		.4byte	0x466
 1047 07d6 7D       		.byte	0x7d
 1048 07d7 09       		.uleb128 0x9
 1049 07d8 84050000 		.4byte	.LASF247
 1050 07dc 04       		.byte	0x4
 1051 07dd 88       		.byte	0x88
 1052 07de 66040000 		.4byte	0x466
 1053 07e2 7E       		.byte	0x7e
 1054 07e3 09       		.uleb128 0x9
 1055 07e4 EE040000 		.4byte	.LASF248
 1056 07e8 04       		.byte	0x4
 1057 07e9 89       		.byte	0x89
 1058 07ea 66040000 		.4byte	0x466
 1059 07ee 7F       		.byte	0x7f
 1060 07ef 09       		.uleb128 0x9
 1061 07f0 07060000 		.4byte	.LASF249
 1062 07f4 04       		.byte	0x4
 1063 07f5 8A       		.byte	0x8a
 1064 07f6 66040000 		.4byte	0x466
 1065 07fa 80       		.byte	0x80
 1066 07fb 09       		.uleb128 0x9
 1067 07fc 79000000 		.4byte	.LASF250
 1068 0800 04       		.byte	0x4
 1069 0801 8D       		.byte	0x8d
 1070 0802 92040000 		.4byte	0x492
 1071 0806 84       		.byte	0x84
 1072 0807 09       		.uleb128 0x9
 1073 0808 6E0C0000 		.4byte	.LASF251
 1074 080c 04       		.byte	0x4
 1075 080d 8E       		.byte	0x8e
 1076 080e 92040000 		.4byte	0x492
 1077 0812 88       		.byte	0x88
 1078 0813 09       		.uleb128 0x9
 1079 0814 230D0000 		.4byte	.LASF252
 1080 0818 04       		.byte	0x4
 1081 0819 8F       		.byte	0x8f
 1082 081a 92040000 		.4byte	0x492
 1083 081e 8C       		.byte	0x8c
ARM GAS  C:\Users\cmila\AppData\Local\Temp\ccJTrVIi.s 			page 20


 1084 081f 09       		.uleb128 0x9
 1085 0820 8C0F0000 		.4byte	.LASF253
 1086 0824 04       		.byte	0x4
 1087 0825 90       		.byte	0x90
 1088 0826 92040000 		.4byte	0x492
 1089 082a 90       		.byte	0x90
 1090 082b 09       		.uleb128 0x9
 1091 082c D6110000 		.4byte	.LASF254
 1092 0830 04       		.byte	0x4
 1093 0831 91       		.byte	0x91
 1094 0832 92040000 		.4byte	0x492
 1095 0836 94       		.byte	0x94
 1096 0837 09       		.uleb128 0x9
 1097 0838 F2030000 		.4byte	.LASF255
 1098 083c 04       		.byte	0x4
 1099 083d 92       		.byte	0x92
 1100 083e 92040000 		.4byte	0x492
 1101 0842 98       		.byte	0x98
 1102 0843 09       		.uleb128 0x9
 1103 0844 B0120000 		.4byte	.LASF256
 1104 0848 04       		.byte	0x4
 1105 0849 93       		.byte	0x93
 1106 084a 92040000 		.4byte	0x492
 1107 084e 9C       		.byte	0x9c
 1108 084f 09       		.uleb128 0x9
 1109 0850 E4080000 		.4byte	.LASF257
 1110 0854 04       		.byte	0x4
 1111 0855 94       		.byte	0x94
 1112 0856 92040000 		.4byte	0x492
 1113 085a A0       		.byte	0xa0
 1114 085b 09       		.uleb128 0x9
 1115 085c A0010000 		.4byte	.LASF258
 1116 0860 04       		.byte	0x4
 1117 0861 95       		.byte	0x95
 1118 0862 7C040000 		.4byte	0x47c
 1119 0866 A4       		.byte	0xa4
 1120 0867 09       		.uleb128 0x9
 1121 0868 770F0000 		.4byte	.LASF259
 1122 086c 04       		.byte	0x4
 1123 086d 96       		.byte	0x96
 1124 086e 7C040000 		.4byte	0x47c
 1125 0872 A6       		.byte	0xa6
 1126 0873 09       		.uleb128 0x9
 1127 0874 5A130000 		.4byte	.LASF260
 1128 0878 04       		.byte	0x4
 1129 0879 97       		.byte	0x97
 1130 087a 7C040000 		.4byte	0x47c
 1131 087e A8       		.byte	0xa8
 1132 087f 09       		.uleb128 0x9
 1133 0880 9A0B0000 		.4byte	.LASF261
 1134 0884 04       		.byte	0x4
 1135 0885 98       		.byte	0x98
 1136 0886 7C040000 		.4byte	0x47c
 1137 088a AA       		.byte	0xaa
 1138 088b 09       		.uleb128 0x9
 1139 088c 79030000 		.4byte	.LASF262
 1140 0890 04       		.byte	0x4
ARM GAS  C:\Users\cmila\AppData\Local\Temp\ccJTrVIi.s 			page 21


 1141 0891 99       		.byte	0x99
 1142 0892 7C040000 		.4byte	0x47c
 1143 0896 AC       		.byte	0xac
 1144 0897 09       		.uleb128 0x9
 1145 0898 AC0D0000 		.4byte	.LASF263
 1146 089c 04       		.byte	0x4
 1147 089d 9A       		.byte	0x9a
 1148 089e 7C040000 		.4byte	0x47c
 1149 08a2 AE       		.byte	0xae
 1150 08a3 09       		.uleb128 0x9
 1151 08a4 20130000 		.4byte	.LASF264
 1152 08a8 04       		.byte	0x4
 1153 08a9 9D       		.byte	0x9d
 1154 08aa 7C040000 		.4byte	0x47c
 1155 08ae B0       		.byte	0xb0
 1156 08af 09       		.uleb128 0x9
 1157 08b0 85140000 		.4byte	.LASF265
 1158 08b4 04       		.byte	0x4
 1159 08b5 9E       		.byte	0x9e
 1160 08b6 92040000 		.4byte	0x492
 1161 08ba B4       		.byte	0xb4
 1162 08bb 00       		.byte	0
 1163 08bc 06       		.uleb128 0x6
 1164 08bd 8A130000 		.4byte	.LASF266
 1165 08c1 04       		.byte	0x4
 1166 08c2 9F       		.byte	0x9f
 1167 08c3 AB040000 		.4byte	0x4ab
 1168 08c7 05       		.uleb128 0x5
 1169 08c8 01       		.byte	0x1
 1170 08c9 08       		.byte	0x8
 1171 08ca AC000000 		.4byte	.LASF267
 1172 08ce 05       		.uleb128 0x5
 1173 08cf 04       		.byte	0x4
 1174 08d0 04       		.byte	0x4
 1175 08d1 22050000 		.4byte	.LASF268
 1176 08d5 05       		.uleb128 0x5
 1177 08d6 08       		.byte	0x8
 1178 08d7 04       		.byte	0x4
 1179 08d8 86160000 		.4byte	.LASF269
 1180 08dc 0A       		.uleb128 0xa
 1181 08dd 08       		.byte	0x8
 1182 08de 05       		.byte	0x5
 1183 08df 2D01     		.2byte	0x12d
 1184 08e1 00090000 		.4byte	0x900
 1185 08e5 0B       		.uleb128 0xb
 1186 08e6 1B0B0000 		.4byte	.LASF270
 1187 08ea 05       		.byte	0x5
 1188 08eb 2E01     		.2byte	0x12e
 1189 08ed E5030000 		.4byte	0x3e5
 1190 08f1 00       		.byte	0
 1191 08f2 0B       		.uleb128 0xb
 1192 08f3 C6120000 		.4byte	.LASF271
 1193 08f7 05       		.byte	0x5
 1194 08f8 3201     		.2byte	0x132
 1195 08fa 92040000 		.4byte	0x492
 1196 08fe 04       		.byte	0x4
 1197 08ff 00       		.byte	0
ARM GAS  C:\Users\cmila\AppData\Local\Temp\ccJTrVIi.s 			page 22


 1198 0900 0C       		.uleb128 0xc
 1199 0901 14000000 		.4byte	.LASF272
 1200 0905 05       		.byte	0x5
 1201 0906 3301     		.2byte	0x133
 1202 0908 DC080000 		.4byte	0x8dc
 1203 090c 0D       		.uleb128 0xd
 1204 090d 34100000 		.4byte	.LASF273
 1205 0911 06       		.byte	0x6
 1206 0912 F907     		.2byte	0x7f9
 1207 0914 18090000 		.4byte	0x918
 1208 0918 0E       		.uleb128 0xe
 1209 0919 87040000 		.4byte	0x487
 1210 091d 0F       		.uleb128 0xf
 1211 091e 58000000 		.4byte	.LASF274
 1212 0922 04       		.byte	0x4
 1213 0923 A7       		.byte	0xa7
 1214 0924 28090000 		.4byte	0x928
 1215 0928 10       		.uleb128 0x10
 1216 0929 04       		.byte	0x4
 1217 092a 2E090000 		.4byte	0x92e
 1218 092e 11       		.uleb128 0x11
 1219 092f BC080000 		.4byte	0x8bc
 1220 0933 12       		.uleb128 0x12
 1221 0934 460E0000 		.4byte	.LASF275
 1222 0938 07       		.byte	0x7
 1223 0939 18       		.byte	0x18
 1224 093a 44090000 		.4byte	0x944
 1225 093e 05       		.uleb128 0x5
 1226 093f 03       		.byte	0x3
 1227 0940 00000000 		.4byte	UART_SCB_IRQ_cfg
 1228 0944 11       		.uleb128 0x11
 1229 0945 00090000 		.4byte	0x900
 1230 0949 12       		.uleb128 0x12
 1231 094a 68080000 		.4byte	.LASF276
 1232 094e 07       		.byte	0x7
 1233 094f 1E       		.byte	0x1e
 1234 0950 44090000 		.4byte	0x944
 1235 0954 05       		.uleb128 0x5
 1236 0955 03       		.byte	0x3
 1237 0956 00000000 		.4byte	isrTimer_cfg
 1238 095a 00       		.byte	0
 1239              		.section	.debug_abbrev,"",%progbits
 1240              	.Ldebug_abbrev0:
 1241 0000 01       		.uleb128 0x1
 1242 0001 11       		.uleb128 0x11
 1243 0002 01       		.byte	0x1
 1244 0003 25       		.uleb128 0x25
 1245 0004 0E       		.uleb128 0xe
 1246 0005 13       		.uleb128 0x13
 1247 0006 0B       		.uleb128 0xb
 1248 0007 03       		.uleb128 0x3
 1249 0008 0E       		.uleb128 0xe
 1250 0009 1B       		.uleb128 0x1b
 1251 000a 0E       		.uleb128 0xe
 1252 000b 10       		.uleb128 0x10
 1253 000c 17       		.uleb128 0x17
 1254 000d 00       		.byte	0
ARM GAS  C:\Users\cmila\AppData\Local\Temp\ccJTrVIi.s 			page 23


 1255 000e 00       		.byte	0
 1256 000f 02       		.uleb128 0x2
 1257 0010 04       		.uleb128 0x4
 1258 0011 01       		.byte	0x1
 1259 0012 0B       		.uleb128 0xb
 1260 0013 0B       		.uleb128 0xb
 1261 0014 49       		.uleb128 0x49
 1262 0015 13       		.uleb128 0x13
 1263 0016 3A       		.uleb128 0x3a
 1264 0017 0B       		.uleb128 0xb
 1265 0018 3B       		.uleb128 0x3b
 1266 0019 0B       		.uleb128 0xb
 1267 001a 01       		.uleb128 0x1
 1268 001b 13       		.uleb128 0x13
 1269 001c 00       		.byte	0
 1270 001d 00       		.byte	0
 1271 001e 03       		.uleb128 0x3
 1272 001f 28       		.uleb128 0x28
 1273 0020 00       		.byte	0
 1274 0021 03       		.uleb128 0x3
 1275 0022 0E       		.uleb128 0xe
 1276 0023 1C       		.uleb128 0x1c
 1277 0024 0D       		.uleb128 0xd
 1278 0025 00       		.byte	0
 1279 0026 00       		.byte	0
 1280 0027 04       		.uleb128 0x4
 1281 0028 28       		.uleb128 0x28
 1282 0029 00       		.byte	0
 1283 002a 03       		.uleb128 0x3
 1284 002b 0E       		.uleb128 0xe
 1285 002c 1C       		.uleb128 0x1c
 1286 002d 0B       		.uleb128 0xb
 1287 002e 00       		.byte	0
 1288 002f 00       		.byte	0
 1289 0030 05       		.uleb128 0x5
 1290 0031 24       		.uleb128 0x24
 1291 0032 00       		.byte	0
 1292 0033 0B       		.uleb128 0xb
 1293 0034 0B       		.uleb128 0xb
 1294 0035 3E       		.uleb128 0x3e
 1295 0036 0B       		.uleb128 0xb
 1296 0037 03       		.uleb128 0x3
 1297 0038 0E       		.uleb128 0xe
 1298 0039 00       		.byte	0
 1299 003a 00       		.byte	0
 1300 003b 06       		.uleb128 0x6
 1301 003c 16       		.uleb128 0x16
 1302 003d 00       		.byte	0
 1303 003e 03       		.uleb128 0x3
 1304 003f 0E       		.uleb128 0xe
 1305 0040 3A       		.uleb128 0x3a
 1306 0041 0B       		.uleb128 0xb
 1307 0042 3B       		.uleb128 0x3b
 1308 0043 0B       		.uleb128 0xb
 1309 0044 49       		.uleb128 0x49
 1310 0045 13       		.uleb128 0x13
 1311 0046 00       		.byte	0
ARM GAS  C:\Users\cmila\AppData\Local\Temp\ccJTrVIi.s 			page 24


 1312 0047 00       		.byte	0
 1313 0048 07       		.uleb128 0x7
 1314 0049 24       		.uleb128 0x24
 1315 004a 00       		.byte	0
 1316 004b 0B       		.uleb128 0xb
 1317 004c 0B       		.uleb128 0xb
 1318 004d 3E       		.uleb128 0x3e
 1319 004e 0B       		.uleb128 0xb
 1320 004f 03       		.uleb128 0x3
 1321 0050 08       		.uleb128 0x8
 1322 0051 00       		.byte	0
 1323 0052 00       		.byte	0
 1324 0053 08       		.uleb128 0x8
 1325 0054 13       		.uleb128 0x13
 1326 0055 01       		.byte	0x1
 1327 0056 0B       		.uleb128 0xb
 1328 0057 0B       		.uleb128 0xb
 1329 0058 3A       		.uleb128 0x3a
 1330 0059 0B       		.uleb128 0xb
 1331 005a 3B       		.uleb128 0x3b
 1332 005b 0B       		.uleb128 0xb
 1333 005c 01       		.uleb128 0x1
 1334 005d 13       		.uleb128 0x13
 1335 005e 00       		.byte	0
 1336 005f 00       		.byte	0
 1337 0060 09       		.uleb128 0x9
 1338 0061 0D       		.uleb128 0xd
 1339 0062 00       		.byte	0
 1340 0063 03       		.uleb128 0x3
 1341 0064 0E       		.uleb128 0xe
 1342 0065 3A       		.uleb128 0x3a
 1343 0066 0B       		.uleb128 0xb
 1344 0067 3B       		.uleb128 0x3b
 1345 0068 0B       		.uleb128 0xb
 1346 0069 49       		.uleb128 0x49
 1347 006a 13       		.uleb128 0x13
 1348 006b 38       		.uleb128 0x38
 1349 006c 0B       		.uleb128 0xb
 1350 006d 00       		.byte	0
 1351 006e 00       		.byte	0
 1352 006f 0A       		.uleb128 0xa
 1353 0070 13       		.uleb128 0x13
 1354 0071 01       		.byte	0x1
 1355 0072 0B       		.uleb128 0xb
 1356 0073 0B       		.uleb128 0xb
 1357 0074 3A       		.uleb128 0x3a
 1358 0075 0B       		.uleb128 0xb
 1359 0076 3B       		.uleb128 0x3b
 1360 0077 05       		.uleb128 0x5
 1361 0078 01       		.uleb128 0x1
 1362 0079 13       		.uleb128 0x13
 1363 007a 00       		.byte	0
 1364 007b 00       		.byte	0
 1365 007c 0B       		.uleb128 0xb
 1366 007d 0D       		.uleb128 0xd
 1367 007e 00       		.byte	0
 1368 007f 03       		.uleb128 0x3
ARM GAS  C:\Users\cmila\AppData\Local\Temp\ccJTrVIi.s 			page 25


 1369 0080 0E       		.uleb128 0xe
 1370 0081 3A       		.uleb128 0x3a
 1371 0082 0B       		.uleb128 0xb
 1372 0083 3B       		.uleb128 0x3b
 1373 0084 05       		.uleb128 0x5
 1374 0085 49       		.uleb128 0x49
 1375 0086 13       		.uleb128 0x13
 1376 0087 38       		.uleb128 0x38
 1377 0088 0B       		.uleb128 0xb
 1378 0089 00       		.byte	0
 1379 008a 00       		.byte	0
 1380 008b 0C       		.uleb128 0xc
 1381 008c 16       		.uleb128 0x16
 1382 008d 00       		.byte	0
 1383 008e 03       		.uleb128 0x3
 1384 008f 0E       		.uleb128 0xe
 1385 0090 3A       		.uleb128 0x3a
 1386 0091 0B       		.uleb128 0xb
 1387 0092 3B       		.uleb128 0x3b
 1388 0093 05       		.uleb128 0x5
 1389 0094 49       		.uleb128 0x49
 1390 0095 13       		.uleb128 0x13
 1391 0096 00       		.byte	0
 1392 0097 00       		.byte	0
 1393 0098 0D       		.uleb128 0xd
 1394 0099 34       		.uleb128 0x34
 1395 009a 00       		.byte	0
 1396 009b 03       		.uleb128 0x3
 1397 009c 0E       		.uleb128 0xe
 1398 009d 3A       		.uleb128 0x3a
 1399 009e 0B       		.uleb128 0xb
 1400 009f 3B       		.uleb128 0x3b
 1401 00a0 05       		.uleb128 0x5
 1402 00a1 49       		.uleb128 0x49
 1403 00a2 13       		.uleb128 0x13
 1404 00a3 3F       		.uleb128 0x3f
 1405 00a4 19       		.uleb128 0x19
 1406 00a5 3C       		.uleb128 0x3c
 1407 00a6 19       		.uleb128 0x19
 1408 00a7 00       		.byte	0
 1409 00a8 00       		.byte	0
 1410 00a9 0E       		.uleb128 0xe
 1411 00aa 35       		.uleb128 0x35
 1412 00ab 00       		.byte	0
 1413 00ac 49       		.uleb128 0x49
 1414 00ad 13       		.uleb128 0x13
 1415 00ae 00       		.byte	0
 1416 00af 00       		.byte	0
 1417 00b0 0F       		.uleb128 0xf
 1418 00b1 34       		.uleb128 0x34
 1419 00b2 00       		.byte	0
 1420 00b3 03       		.uleb128 0x3
 1421 00b4 0E       		.uleb128 0xe
 1422 00b5 3A       		.uleb128 0x3a
 1423 00b6 0B       		.uleb128 0xb
 1424 00b7 3B       		.uleb128 0x3b
 1425 00b8 0B       		.uleb128 0xb
ARM GAS  C:\Users\cmila\AppData\Local\Temp\ccJTrVIi.s 			page 26


 1426 00b9 49       		.uleb128 0x49
 1427 00ba 13       		.uleb128 0x13
 1428 00bb 3F       		.uleb128 0x3f
 1429 00bc 19       		.uleb128 0x19
 1430 00bd 3C       		.uleb128 0x3c
 1431 00be 19       		.uleb128 0x19
 1432 00bf 00       		.byte	0
 1433 00c0 00       		.byte	0
 1434 00c1 10       		.uleb128 0x10
 1435 00c2 0F       		.uleb128 0xf
 1436 00c3 00       		.byte	0
 1437 00c4 0B       		.uleb128 0xb
 1438 00c5 0B       		.uleb128 0xb
 1439 00c6 49       		.uleb128 0x49
 1440 00c7 13       		.uleb128 0x13
 1441 00c8 00       		.byte	0
 1442 00c9 00       		.byte	0
 1443 00ca 11       		.uleb128 0x11
 1444 00cb 26       		.uleb128 0x26
 1445 00cc 00       		.byte	0
 1446 00cd 49       		.uleb128 0x49
 1447 00ce 13       		.uleb128 0x13
 1448 00cf 00       		.byte	0
 1449 00d0 00       		.byte	0
 1450 00d1 12       		.uleb128 0x12
 1451 00d2 34       		.uleb128 0x34
 1452 00d3 00       		.byte	0
 1453 00d4 03       		.uleb128 0x3
 1454 00d5 0E       		.uleb128 0xe
 1455 00d6 3A       		.uleb128 0x3a
 1456 00d7 0B       		.uleb128 0xb
 1457 00d8 3B       		.uleb128 0x3b
 1458 00d9 0B       		.uleb128 0xb
 1459 00da 49       		.uleb128 0x49
 1460 00db 13       		.uleb128 0x13
 1461 00dc 3F       		.uleb128 0x3f
 1462 00dd 19       		.uleb128 0x19
 1463 00de 02       		.uleb128 0x2
 1464 00df 18       		.uleb128 0x18
 1465 00e0 00       		.byte	0
 1466 00e1 00       		.byte	0
 1467 00e2 00       		.byte	0
 1468              		.section	.debug_aranges,"",%progbits
 1469 0000 14000000 		.4byte	0x14
 1470 0004 0200     		.2byte	0x2
 1471 0006 00000000 		.4byte	.Ldebug_info0
 1472 000a 04       		.byte	0x4
 1473 000b 00       		.byte	0
 1474 000c 0000     		.2byte	0
 1475 000e 0000     		.2byte	0
 1476 0010 00000000 		.4byte	0
 1477 0014 00000000 		.4byte	0
 1478              		.section	.debug_line,"",%progbits
 1479              	.Ldebug_line0:
 1480 0000 4B020000 		.section	.debug_str,"MS",%progbits,1
 1480      02004502 
 1480      00000201 
ARM GAS  C:\Users\cmila\AppData\Local\Temp\ccJTrVIi.s 			page 27


 1480      FB0E0D00 
 1480      01010101 
 1481              	.LASF223:
 1482 0000 666C6173 		.ascii	"flashCtlMainWs1Freq\000"
 1482      6843746C 
 1482      4D61696E 
 1482      57733146 
 1482      72657100 
 1483              	.LASF272:
 1484 0014 63795F73 		.ascii	"cy_stc_sysint_t\000"
 1484      74635F73 
 1484      7973696E 
 1484      745F7400 
 1485              	.LASF25:
 1486 0024 696F7373 		.ascii	"ioss_interrupt_gpio_IRQn\000"
 1486      5F696E74 
 1486      65727275 
 1486      70745F67 
 1486      70696F5F 
 1487              	.LASF123:
 1488 003d 74637077 		.ascii	"tcpwm_1_interrupts_15_IRQn\000"
 1488      6D5F315F 
 1488      696E7465 
 1488      72727570 
 1488      74735F31 
 1489              	.LASF274:
 1490 0058 63795F64 		.ascii	"cy_device\000"
 1490      65766963 
 1490      6500
 1491              	.LASF142:
 1492 0062 7564625F 		.ascii	"udb_interrupts_10_IRQn\000"
 1492      696E7465 
 1492      72727570 
 1492      74735F31 
 1492      305F4952 
 1493              	.LASF250:
 1494 0079 63707573 		.ascii	"cpussCm0ClockCtlOffset\000"
 1494      73436D30 
 1494      436C6F63 
 1494      6B43746C 
 1494      4F666673 
 1495              	.LASF67:
 1496 0090 63707573 		.ascii	"cpuss_interrupts_dw0_7_IRQn\000"
 1496      735F696E 
 1496      74657272 
 1496      75707473 
 1496      5F647730 
 1497              	.LASF267:
 1498 00ac 63686172 		.ascii	"char\000"
 1498      00
 1499              	.LASF36:
 1500 00b1 63707573 		.ascii	"cpuss_interrupts_ipc_1_IRQn\000"
 1500      735F696E 
 1500      74657272 
 1500      75707473 
 1500      5F697063 
 1501              	.LASF54:
ARM GAS  C:\Users\cmila\AppData\Local\Temp\ccJTrVIi.s 			page 28


 1502 00cd 7363625F 		.ascii	"scb_3_interrupt_IRQn\000"
 1502      335F696E 
 1502      74657272 
 1502      7570745F 
 1502      4952516E 
 1503              	.LASF84:
 1504 00e2 63707573 		.ascii	"cpuss_interrupts_dw1_8_IRQn\000"
 1504      735F696E 
 1504      74657272 
 1504      75707473 
 1504      5F647731 
 1505              	.LASF90:
 1506 00fe 63707573 		.ascii	"cpuss_interrupts_dw1_14_IRQn\000"
 1506      735F696E 
 1506      74657272 
 1506      75707473 
 1506      5F647731 
 1507              	.LASF182:
 1508 011b 70657269 		.ascii	"periBase\000"
 1508      42617365 
 1508      00
 1509              	.LASF62:
 1510 0124 63707573 		.ascii	"cpuss_interrupts_dw0_2_IRQn\000"
 1510      735F696E 
 1510      74657272 
 1510      75707473 
 1510      5F647730 
 1511              	.LASF279:
 1512 0140 433A5C55 		.ascii	"C:\\Users\\cmila\\uni\\projects\\Neural-Stimulator-"
 1512      73657273 
 1512      5C636D69 
 1512      6C615C75 
 1512      6E695C70 
 1513 016e 4669726D 		.ascii	"Firmware\\new\\PSOC6\\TIMER\\SampleMicroSeconds.cyd"
 1513      77617265 
 1513      5C6E6577 
 1513      5C50534F 
 1513      43365C54 
 1514 019d 736E00   		.ascii	"sn\000"
 1515              	.LASF258:
 1516 01a0 63707573 		.ascii	"cpussCm0NmiCtlOffset\000"
 1516      73436D30 
 1516      4E6D6943 
 1516      746C4F66 
 1516      66736574 
 1517              	.LASF228:
 1518 01b5 64774368 		.ascii	"dwChSize\000"
 1518      53697A65 
 1518      00
 1519              	.LASF172:
 1520 01be 756E7369 		.ascii	"unsigned int\000"
 1520      676E6564 
 1520      20696E74 
 1520      00
 1521              	.LASF46:
 1522 01cb 63707573 		.ascii	"cpuss_interrupts_ipc_11_IRQn\000"
 1522      735F696E 
ARM GAS  C:\Users\cmila\AppData\Local\Temp\ccJTrVIi.s 			page 29


 1522      74657272 
 1522      75707473 
 1522      5F697063 
 1523              	.LASF210:
 1524 01e8 736D6966 		.ascii	"smifDeviceNr\000"
 1524      44657669 
 1524      63654E72 
 1524      00
 1525              	.LASF240:
 1526 01f5 70657269 		.ascii	"periDivCmdPaTypeSelPos\000"
 1526      44697643 
 1526      6D645061 
 1526      54797065 
 1526      53656C50 
 1527              	.LASF115:
 1528 020c 74637077 		.ascii	"tcpwm_1_interrupts_7_IRQn\000"
 1528      6D5F315F 
 1528      696E7465 
 1528      72727570 
 1528      74735F37 
 1529              	.LASF166:
 1530 0226 5F5F696E 		.ascii	"__int32_t\000"
 1530      7433325F 
 1530      7400
 1531              	.LASF33:
 1532 0230 70617373 		.ascii	"pass_interrupt_ctbs_IRQn\000"
 1532      5F696E74 
 1532      65727275 
 1532      70745F63 
 1532      7462735F 
 1533              	.LASF206:
 1534 0249 73727373 		.ascii	"srssNumClkpath\000"
 1534      4E756D43 
 1534      6C6B7061 
 1534      746800
 1535              	.LASF180:
 1536 0258 63707573 		.ascii	"cpussBase\000"
 1536      73426173 
 1536      6500
 1537              	.LASF204:
 1538 0262 63707573 		.ascii	"cpussFmIrq\000"
 1538      73466D49 
 1538      727100
 1539              	.LASF30:
 1540 026d 73727373 		.ascii	"srss_interrupt_mcwdt_1_IRQn\000"
 1540      5F696E74 
 1540      65727275 
 1540      70745F6D 
 1540      63776474 
 1541              	.LASF12:
 1542 0289 696F7373 		.ascii	"ioss_interrupts_gpio_2_IRQn\000"
 1542      5F696E74 
 1542      65727275 
 1542      7074735F 
 1542      6770696F 
 1543              	.LASF205:
 1544 02a5 63707573 		.ascii	"cpussNotConnectedIrq\000"
ARM GAS  C:\Users\cmila\AppData\Local\Temp\ccJTrVIi.s 			page 30


 1544      734E6F74 
 1544      436F6E6E 
 1544      65637465 
 1544      64497271 
 1545              	.LASF73:
 1546 02ba 63707573 		.ascii	"cpuss_interrupts_dw0_13_IRQn\000"
 1546      735F696E 
 1546      74657272 
 1546      75707473 
 1546      5F647730 
 1547              	.LASF158:
 1548 02d7 73686F72 		.ascii	"short int\000"
 1548      7420696E 
 1548      7400
 1549              	.LASF131:
 1550 02e1 74637077 		.ascii	"tcpwm_1_interrupts_23_IRQn\000"
 1550      6D5F315F 
 1550      696E7465 
 1550      72727570 
 1550      74735F32 
 1551              	.LASF129:
 1552 02fc 74637077 		.ascii	"tcpwm_1_interrupts_21_IRQn\000"
 1552      6D5F315F 
 1552      696E7465 
 1552      72727570 
 1552      74735F32 
 1553              	.LASF146:
 1554 0317 7564625F 		.ascii	"udb_interrupts_14_IRQn\000"
 1554      696E7465 
 1554      72727570 
 1554      74735F31 
 1554      345F4952 
 1555              	.LASF236:
 1556 032e 70657269 		.ascii	"periTrGrSize\000"
 1556      54724772 
 1556      53697A65 
 1556      00
 1557              	.LASF107:
 1558 033b 74637077 		.ascii	"tcpwm_0_interrupts_7_IRQn\000"
 1558      6D5F305F 
 1558      696E7465 
 1558      72727570 
 1558      74735F37 
 1559              	.LASF239:
 1560 0355 70657269 		.ascii	"periDivCmdPaDivSelPos\000"
 1560      44697643 
 1560      6D645061 
 1560      44697653 
 1560      656C506F 
 1561              	.LASF216:
 1562 036b 63727970 		.ascii	"cryptoMemSize\000"
 1562      746F4D65 
 1562      6D53697A 
 1562      6500
 1563              	.LASF262:
 1564 0379 63707573 		.ascii	"cpussRam1Ctl0\000"
 1564      7352616D 
ARM GAS  C:\Users\cmila\AppData\Local\Temp\ccJTrVIi.s 			page 31


 1564      3143746C 
 1564      3000
 1565              	.LASF76:
 1566 0387 63707573 		.ascii	"cpuss_interrupts_dw1_0_IRQn\000"
 1566      735F696E 
 1566      74657272 
 1566      75707473 
 1566      5F647731 
 1567              	.LASF102:
 1568 03a3 74637077 		.ascii	"tcpwm_0_interrupts_2_IRQn\000"
 1568      6D5F305F 
 1568      696E7465 
 1568      72727570 
 1568      74735F32 
 1569              	.LASF8:
 1570 03bd 50656E64 		.ascii	"PendSV_IRQn\000"
 1570      53565F49 
 1570      52516E00 
 1571              	.LASF198:
 1572 03c9 70726F74 		.ascii	"protVersion\000"
 1572      56657273 
 1572      696F6E00 
 1573              	.LASF174:
 1574 03d5 696E7431 		.ascii	"int16_t\000"
 1574      365F7400 
 1575              	.LASF238:
 1576 03dd 70657269 		.ascii	"periDivCmdTypeSelPos\000"
 1576      44697643 
 1576      6D645479 
 1576      70655365 
 1576      6C506F73 
 1577              	.LASF255:
 1578 03f2 63707573 		.ascii	"cpussTrimRamCtlOffset\000"
 1578      73547269 
 1578      6D52616D 
 1578      43746C4F 
 1578      66667365 
 1579              	.LASF139:
 1580 0408 7564625F 		.ascii	"udb_interrupts_7_IRQn\000"
 1580      696E7465 
 1580      72727570 
 1580      74735F37 
 1580      5F495251 
 1581              	.LASF28:
 1582 041e 7363625F 		.ascii	"scb_8_interrupt_IRQn\000"
 1582      385F696E 
 1582      74657272 
 1582      7570745F 
 1582      4952516E 
 1583              	.LASF3:
 1584 0433 4D656D6F 		.ascii	"MemoryManagement_IRQn\000"
 1584      72794D61 
 1584      6E616765 
 1584      6D656E74 
 1584      5F495251 
 1585              	.LASF125:
 1586 0449 74637077 		.ascii	"tcpwm_1_interrupts_17_IRQn\000"
ARM GAS  C:\Users\cmila\AppData\Local\Temp\ccJTrVIi.s 			page 32


 1586      6D5F315F 
 1586      696E7465 
 1586      72727570 
 1586      74735F31 
 1587              	.LASF134:
 1588 0464 7564625F 		.ascii	"udb_interrupts_2_IRQn\000"
 1588      696E7465 
 1588      72727570 
 1588      74735F32 
 1588      5F495251 
 1589              	.LASF177:
 1590 047a 75696E74 		.ascii	"uint32_t\000"
 1590      33325F74 
 1590      00
 1591              	.LASF120:
 1592 0483 74637077 		.ascii	"tcpwm_1_interrupts_12_IRQn\000"
 1592      6D5F315F 
 1592      696E7465 
 1592      72727570 
 1592      74735F31 
 1593              	.LASF17:
 1594 049e 696F7373 		.ascii	"ioss_interrupts_gpio_7_IRQn\000"
 1594      5F696E74 
 1594      65727275 
 1594      7074735F 
 1594      6770696F 
 1595              	.LASF23:
 1596 04ba 696F7373 		.ascii	"ioss_interrupts_gpio_13_IRQn\000"
 1596      5F696E74 
 1596      65727275 
 1596      7074735F 
 1596      6770696F 
 1597              	.LASF147:
 1598 04d7 7564625F 		.ascii	"udb_interrupts_15_IRQn\000"
 1598      696E7465 
 1598      72727570 
 1598      74735F31 
 1598      355F4952 
 1599              	.LASF248:
 1600 04ee 6770696F 		.ascii	"gpioPrtCfgOutOffset\000"
 1600      50727443 
 1600      66674F75 
 1600      744F6666 
 1600      73657400 
 1601              	.LASF97:
 1602 0502 63707573 		.ascii	"cpuss_interrupts_cm0_cti_1_IRQn\000"
 1602      735F696E 
 1602      74657272 
 1602      75707473 
 1602      5F636D30 
 1603              	.LASF268:
 1604 0522 666C6F61 		.ascii	"float\000"
 1604      7400
 1605              	.LASF191:
 1606 0528 63727970 		.ascii	"cryptoVersion\000"
 1606      746F5665 
 1606      7273696F 
ARM GAS  C:\Users\cmila\AppData\Local\Temp\ccJTrVIi.s 			page 33


 1606      6E00
 1607              	.LASF220:
 1608 0536 666C6173 		.ascii	"flashProgramDelay\000"
 1608      6850726F 
 1608      6772616D 
 1608      44656C61 
 1608      7900
 1609              	.LASF55:
 1610 0548 7363625F 		.ascii	"scb_4_interrupt_IRQn\000"
 1610      345F696E 
 1610      74657272 
 1610      7570745F 
 1610      4952516E 
 1611              	.LASF181:
 1612 055d 666C6173 		.ascii	"flashcBase\000"
 1612      68634261 
 1612      736500
 1613              	.LASF81:
 1614 0568 63707573 		.ascii	"cpuss_interrupts_dw1_5_IRQn\000"
 1614      735F696E 
 1614      74657272 
 1614      75707473 
 1614      5F647731 
 1615              	.LASF247:
 1616 0584 6770696F 		.ascii	"gpioPrtCfgInOffset\000"
 1616      50727443 
 1616      6667496E 
 1616      4F666673 
 1616      657400
 1617              	.LASF87:
 1618 0597 63707573 		.ascii	"cpuss_interrupts_dw1_11_IRQn\000"
 1618      735F696E 
 1618      74657272 
 1618      75707473 
 1618      5F647731 
 1619              	.LASF154:
 1620 05b4 7573625F 		.ascii	"usb_interrupt_med_IRQn\000"
 1620      696E7465 
 1620      72727570 
 1620      745F6D65 
 1620      645F4952 
 1621              	.LASF219:
 1622 05cb 666C6173 		.ascii	"flashWriteDelay\000"
 1622      68577269 
 1622      74654465 
 1622      6C617900 
 1623              	.LASF171:
 1624 05db 6C6F6E67 		.ascii	"long long unsigned int\000"
 1624      206C6F6E 
 1624      6720756E 
 1624      7369676E 
 1624      65642069 
 1625              	.LASF244:
 1626 05f2 70657269 		.ascii	"periDiv24_5CtlOffset\000"
 1626      44697632 
 1626      345F3543 
 1626      746C4F66 
ARM GAS  C:\Users\cmila\AppData\Local\Temp\ccJTrVIi.s 			page 34


 1626      66736574 
 1627              	.LASF249:
 1628 0607 6770696F 		.ascii	"gpioPrtCfgSioOffset\000"
 1628      50727443 
 1628      66675369 
 1628      6F4F6666 
 1628      73657400 
 1629              	.LASF48:
 1630 061b 63707573 		.ascii	"cpuss_interrupts_ipc_13_IRQn\000"
 1630      735F696E 
 1630      74657272 
 1630      75707473 
 1630      5F697063 
 1631              	.LASF203:
 1632 0638 63707573 		.ascii	"cpussIpc0Irq\000"
 1632      73497063 
 1632      30497271 
 1632      00
 1633              	.LASF31:
 1634 0645 73727373 		.ascii	"srss_interrupt_backup_IRQn\000"
 1634      5F696E74 
 1634      65727275 
 1634      70745F62 
 1634      61636B75 
 1635              	.LASF117:
 1636 0660 74637077 		.ascii	"tcpwm_1_interrupts_9_IRQn\000"
 1636      6D5F315F 
 1636      696E7465 
 1636      72727570 
 1636      74735F39 
 1637              	.LASF164:
 1638 067a 5F5F7569 		.ascii	"__uint16_t\000"
 1638      6E743136 
 1638      5F7400
 1639              	.LASF6:
 1640 0685 53564361 		.ascii	"SVCall_IRQn\000"
 1640      6C6C5F49 
 1640      52516E00 
 1641              	.LASF51:
 1642 0691 7363625F 		.ascii	"scb_0_interrupt_IRQn\000"
 1642      305F696E 
 1642      74657272 
 1642      7570745F 
 1642      4952516E 
 1643              	.LASF112:
 1644 06a6 74637077 		.ascii	"tcpwm_1_interrupts_4_IRQn\000"
 1644      6D5F315F 
 1644      696E7465 
 1644      72727570 
 1644      74735F34 
 1645              	.LASF59:
 1646 06c0 6373645F 		.ascii	"csd_interrupt_IRQn\000"
 1646      696E7465 
 1646      72727570 
 1646      745F4952 
 1646      516E00
 1647              	.LASF151:
ARM GAS  C:\Users\cmila\AppData\Local\Temp\ccJTrVIi.s 			page 35


 1648 06d3 70726F66 		.ascii	"profile_interrupt_IRQn\000"
 1648      696C655F 
 1648      696E7465 
 1648      72727570 
 1648      745F4952 
 1649              	.LASF21:
 1650 06ea 696F7373 		.ascii	"ioss_interrupts_gpio_11_IRQn\000"
 1650      5F696E74 
 1650      65727275 
 1650      7074735F 
 1650      6770696F 
 1651              	.LASF43:
 1652 0707 63707573 		.ascii	"cpuss_interrupts_ipc_8_IRQn\000"
 1652      735F696E 
 1652      74657272 
 1652      75707473 
 1652      5F697063 
 1653              	.LASF92:
 1654 0723 63707573 		.ascii	"cpuss_interrupts_fault_0_IRQn\000"
 1654      735F696E 
 1654      74657272 
 1654      75707473 
 1654      5F666175 
 1655              	.LASF225:
 1656 0741 666C6173 		.ascii	"flashCtlMainWs3Freq\000"
 1656      6843746C 
 1656      4D61696E 
 1656      57733346 
 1656      72657100 
 1657              	.LASF160:
 1658 0755 4952516E 		.ascii	"IRQn_Type\000"
 1658      5F547970 
 1658      6500
 1659              	.LASF207:
 1660 075f 73727373 		.ascii	"srssNumPll\000"
 1660      4E756D50 
 1660      6C6C00
 1661              	.LASF143:
 1662 076a 7564625F 		.ascii	"udb_interrupts_11_IRQn\000"
 1662      696E7465 
 1662      72727570 
 1662      74735F31 
 1662      315F4952 
 1663              	.LASF37:
 1664 0781 63707573 		.ascii	"cpuss_interrupts_ipc_2_IRQn\000"
 1664      735F696E 
 1664      74657272 
 1664      75707473 
 1664      5F697063 
 1665              	.LASF104:
 1666 079d 74637077 		.ascii	"tcpwm_0_interrupts_4_IRQn\000"
 1666      6D5F305F 
 1666      696E7465 
 1666      72727570 
 1666      74735F34 
 1667              	.LASF218:
 1668 07b7 666C6173 		.ascii	"flashPipeRequired\000"
ARM GAS  C:\Users\cmila\AppData\Local\Temp\ccJTrVIi.s 			page 36


 1668      68506970 
 1668      65526571 
 1668      75697265 
 1668      6400
 1669              	.LASF233:
 1670 07c9 70657269 		.ascii	"periTrCmdOffset\000"
 1670      5472436D 
 1670      644F6666 
 1670      73657400 
 1671              	.LASF208:
 1672 07d9 73727373 		.ascii	"srssNumHfroot\000"
 1672      4E756D48 
 1672      66726F6F 
 1672      7400
 1673              	.LASF222:
 1674 07e7 666C6173 		.ascii	"flashCtlMainWs0Freq\000"
 1674      6843746C 
 1674      4D61696E 
 1674      57733046 
 1674      72657100 
 1675              	.LASF149:
 1676 07fb 61756469 		.ascii	"audioss_interrupt_i2s_IRQn\000"
 1676      6F73735F 
 1676      696E7465 
 1676      72727570 
 1676      745F6932 
 1677              	.LASF186:
 1678 0816 6770696F 		.ascii	"gpioBase\000"
 1678      42617365 
 1678      00
 1679              	.LASF156:
 1680 081f 70617373 		.ascii	"pass_interrupt_dacs_IRQn\000"
 1680      5F696E74 
 1680      65727275 
 1680      70745F64 
 1680      6163735F 
 1681              	.LASF109:
 1682 0838 74637077 		.ascii	"tcpwm_1_interrupts_1_IRQn\000"
 1682      6D5F315F 
 1682      696E7465 
 1682      72727570 
 1682      74735F31 
 1683              	.LASF136:
 1684 0852 7564625F 		.ascii	"udb_interrupts_4_IRQn\000"
 1684      696E7465 
 1684      72727570 
 1684      74735F34 
 1684      5F495251 
 1685              	.LASF276:
 1686 0868 69737254 		.ascii	"isrTimer_cfg\000"
 1686      696D6572 
 1686      5F636667 
 1686      00
 1687              	.LASF150:
 1688 0875 61756469 		.ascii	"audioss_interrupt_pdm_IRQn\000"
 1688      6F73735F 
 1688      696E7465 
ARM GAS  C:\Users\cmila\AppData\Local\Temp\ccJTrVIi.s 			page 37


 1688      72727570 
 1688      745F7064 
 1689              	.LASF70:
 1690 0890 63707573 		.ascii	"cpuss_interrupts_dw0_10_IRQn\000"
 1690      735F696E 
 1690      74657272 
 1690      75707473 
 1690      5F647730 
 1691              	.LASF122:
 1692 08ad 74637077 		.ascii	"tcpwm_1_interrupts_14_IRQn\000"
 1692      6D5F315F 
 1692      696E7465 
 1692      72727570 
 1692      74735F31 
 1693              	.LASF19:
 1694 08c8 696F7373 		.ascii	"ioss_interrupts_gpio_9_IRQn\000"
 1694      5F696E74 
 1694      65727275 
 1694      7074735F 
 1694      6770696F 
 1695              	.LASF257:
 1696 08e4 63707573 		.ascii	"cpussSysTickCtlOffset\000"
 1696      73537973 
 1696      5469636B 
 1696      43746C4F 
 1696      66667365 
 1697              	.LASF213:
 1698 08fa 75646250 		.ascii	"udbPresent\000"
 1698      72657365 
 1698      6E7400
 1699              	.LASF231:
 1700 0905 64775374 		.ascii	"dwStatusChIdxPos\000"
 1700      61747573 
 1700      43684964 
 1700      78506F73 
 1700      00
 1701              	.LASF66:
 1702 0916 63707573 		.ascii	"cpuss_interrupts_dw0_6_IRQn\000"
 1702      735F696E 
 1702      74657272 
 1702      75707473 
 1702      5F647730 
 1703              	.LASF14:
 1704 0932 696F7373 		.ascii	"ioss_interrupts_gpio_4_IRQn\000"
 1704      5F696E74 
 1704      65727275 
 1704      7074735F 
 1704      6770696F 
 1705              	.LASF20:
 1706 094e 696F7373 		.ascii	"ioss_interrupts_gpio_10_IRQn\000"
 1706      5F696E74 
 1706      65727275 
 1706      7074735F 
 1706      6770696F 
 1707              	.LASF75:
 1708 096b 63707573 		.ascii	"cpuss_interrupts_dw0_15_IRQn\000"
 1708      735F696E 
ARM GAS  C:\Users\cmila\AppData\Local\Temp\ccJTrVIi.s 			page 38


 1708      74657272 
 1708      75707473 
 1708      5F647730 
 1709              	.LASF32:
 1710 0988 73727373 		.ascii	"srss_interrupt_IRQn\000"
 1710      5F696E74 
 1710      65727275 
 1710      70745F49 
 1710      52516E00 
 1711              	.LASF202:
 1712 099c 63707573 		.ascii	"cpussFlashPaSize\000"
 1712      73466C61 
 1712      73685061 
 1712      53697A65 
 1712      00
 1713              	.LASF83:
 1714 09ad 63707573 		.ascii	"cpuss_interrupts_dw1_7_IRQn\000"
 1714      735F696E 
 1714      74657272 
 1714      75707473 
 1714      5F647731 
 1715              	.LASF89:
 1716 09c9 63707573 		.ascii	"cpuss_interrupts_dw1_13_IRQn\000"
 1716      735F696E 
 1716      74657272 
 1716      75707473 
 1716      5F647731 
 1717              	.LASF61:
 1718 09e6 63707573 		.ascii	"cpuss_interrupts_dw0_1_IRQn\000"
 1718      735F696E 
 1718      74657272 
 1718      75707473 
 1718      5F647730 
 1719              	.LASF243:
 1720 0a02 70657269 		.ascii	"periDiv16_5CtlOffset\000"
 1720      44697631 
 1720      365F3543 
 1720      746C4F66 
 1720      66736574 
 1721              	.LASF157:
 1722 0a17 756E636F 		.ascii	"unconnected_IRQn\000"
 1722      6E6E6563 
 1722      7465645F 
 1722      4952516E 
 1722      00
 1723              	.LASF78:
 1724 0a28 63707573 		.ascii	"cpuss_interrupts_dw1_2_IRQn\000"
 1724      735F696E 
 1724      74657272 
 1724      75707473 
 1724      5F647731 
 1725              	.LASF214:
 1726 0a44 73797350 		.ascii	"sysPmSimoPresent\000"
 1726      6D53696D 
 1726      6F507265 
 1726      73656E74 
 1726      00
ARM GAS  C:\Users\cmila\AppData\Local\Temp\ccJTrVIi.s 			page 39


 1727              	.LASF155:
 1728 0a55 7573625F 		.ascii	"usb_interrupt_lo_IRQn\000"
 1728      696E7465 
 1728      72727570 
 1728      745F6C6F 
 1728      5F495251 
 1729              	.LASF45:
 1730 0a6b 63707573 		.ascii	"cpuss_interrupts_ipc_10_IRQn\000"
 1730      735F696E 
 1730      74657272 
 1730      75707473 
 1730      5F697063 
 1731              	.LASF95:
 1732 0a88 63707573 		.ascii	"cpuss_interrupt_fm_IRQn\000"
 1732      735F696E 
 1732      74657272 
 1732      7570745F 
 1732      666D5F49 
 1733              	.LASF114:
 1734 0aa0 74637077 		.ascii	"tcpwm_1_interrupts_6_IRQn\000"
 1734      6D5F315F 
 1734      696E7465 
 1734      72727570 
 1734      74735F36 
 1735              	.LASF141:
 1736 0aba 7564625F 		.ascii	"udb_interrupts_9_IRQn\000"
 1736      696E7465 
 1736      72727570 
 1736      74735F39 
 1736      5F495251 
 1737              	.LASF232:
 1738 0ad0 64775374 		.ascii	"dwStatusChIdxMsk\000"
 1738      61747573 
 1738      43684964 
 1738      784D736B 
 1738      00
 1739              	.LASF145:
 1740 0ae1 7564625F 		.ascii	"udb_interrupts_13_IRQn\000"
 1740      696E7465 
 1740      72727570 
 1740      74735F31 
 1740      335F4952 
 1741              	.LASF173:
 1742 0af8 75696E74 		.ascii	"uint8_t\000"
 1742      385F7400 
 1743              	.LASF127:
 1744 0b00 74637077 		.ascii	"tcpwm_1_interrupts_19_IRQn\000"
 1744      6D5F315F 
 1744      696E7465 
 1744      72727570 
 1744      74735F31 
 1745              	.LASF270:
 1746 0b1b 696E7472 		.ascii	"intrSrc\000"
 1746      53726300 
 1747              	.LASF237:
 1748 0b23 70657269 		.ascii	"periDivCmdDivSelMsk\000"
 1748      44697643 
ARM GAS  C:\Users\cmila\AppData\Local\Temp\ccJTrVIi.s 			page 40


 1748      6D644469 
 1748      7653656C 
 1748      4D736B00 
 1749              	.LASF29:
 1750 0b37 73727373 		.ascii	"srss_interrupt_mcwdt_0_IRQn\000"
 1750      5F696E74 
 1750      65727275 
 1750      70745F6D 
 1750      63776474 
 1751              	.LASF245:
 1752 0b53 6770696F 		.ascii	"gpioPrtIntrCfgOffset\000"
 1752      50727449 
 1752      6E747243 
 1752      66674F66 
 1752      66736574 
 1753              	.LASF27:
 1754 0b68 6C70636F 		.ascii	"lpcomp_interrupt_IRQn\000"
 1754      6D705F69 
 1754      6E746572 
 1754      72757074 
 1754      5F495251 
 1755              	.LASF40:
 1756 0b7e 63707573 		.ascii	"cpuss_interrupts_ipc_5_IRQn\000"
 1756      735F696E 
 1756      74657272 
 1756      75707473 
 1756      5F697063 
 1757              	.LASF261:
 1758 0b9a 63707573 		.ascii	"cpussRam0Ctl0\000"
 1758      7352616D 
 1758      3043746C 
 1758      3000
 1759              	.LASF170:
 1760 0ba8 6C6F6E67 		.ascii	"long long int\000"
 1760      206C6F6E 
 1760      6720696E 
 1760      7400
 1761              	.LASF188:
 1762 0bb6 69706342 		.ascii	"ipcBase\000"
 1762      61736500 
 1763              	.LASF229:
 1764 0bbe 64774368 		.ascii	"dwChCtlPrioPos\000"
 1764      43746C50 
 1764      72696F50 
 1764      6F7300
 1765              	.LASF189:
 1766 0bcd 63727970 		.ascii	"cryptoBase\000"
 1766      746F4261 
 1766      736500
 1767              	.LASF35:
 1768 0bd8 63707573 		.ascii	"cpuss_interrupts_ipc_0_IRQn\000"
 1768      735F696E 
 1768      74657272 
 1768      75707473 
 1768      5F697063 
 1769              	.LASF101:
 1770 0bf4 74637077 		.ascii	"tcpwm_0_interrupts_1_IRQn\000"
ARM GAS  C:\Users\cmila\AppData\Local\Temp\ccJTrVIi.s 			page 41


 1770      6D5F305F 
 1770      696E7465 
 1770      72727570 
 1770      74735F31 
 1771              	.LASF56:
 1772 0c0e 7363625F 		.ascii	"scb_5_interrupt_IRQn\000"
 1772      355F696E 
 1772      74657272 
 1772      7570745F 
 1772      4952516E 
 1773              	.LASF50:
 1774 0c23 63707573 		.ascii	"cpuss_interrupts_ipc_15_IRQn\000"
 1774      735F696E 
 1774      74657272 
 1774      75707473 
 1774      5F697063 
 1775              	.LASF163:
 1776 0c40 5F5F696E 		.ascii	"__int16_t\000"
 1776      7431365F 
 1776      7400
 1777              	.LASF209:
 1778 0c4a 70657269 		.ascii	"periClockNr\000"
 1778      436C6F63 
 1778      6B4E7200 
 1779              	.LASF185:
 1780 0c56 6873696F 		.ascii	"hsiomBase\000"
 1780      6D426173 
 1780      6500
 1781              	.LASF4:
 1782 0c60 42757346 		.ascii	"BusFault_IRQn\000"
 1782      61756C74 
 1782      5F495251 
 1782      6E00
 1783              	.LASF251:
 1784 0c6e 63707573 		.ascii	"cpussCm4ClockCtlOffset\000"
 1784      73436D34 
 1784      436C6F63 
 1784      6B43746C 
 1784      4F666673 
 1785              	.LASF235:
 1786 0c85 70657269 		.ascii	"periTrGrOffset\000"
 1786      54724772 
 1786      4F666673 
 1786      657400
 1787              	.LASF133:
 1788 0c94 7564625F 		.ascii	"udb_interrupts_1_IRQn\000"
 1788      696E7465 
 1788      72727570 
 1788      74735F31 
 1788      5F495251 
 1789              	.LASF201:
 1790 0caa 63707573 		.ascii	"cpussDwChNr\000"
 1790      73447743 
 1790      684E7200 
 1791              	.LASF153:
 1792 0cb6 7573625F 		.ascii	"usb_interrupt_hi_IRQn\000"
 1792      696E7465 
ARM GAS  C:\Users\cmila\AppData\Local\Temp\ccJTrVIi.s 			page 42


 1792      72727570 
 1792      745F6869 
 1792      5F495251 
 1793              	.LASF52:
 1794 0ccc 7363625F 		.ascii	"scb_1_interrupt_IRQn\000"
 1794      315F696E 
 1794      74657272 
 1794      7570745F 
 1794      4952516E 
 1795              	.LASF119:
 1796 0ce1 74637077 		.ascii	"tcpwm_1_interrupts_11_IRQn\000"
 1796      6D5F315F 
 1796      696E7465 
 1796      72727570 
 1796      74735F31 
 1797              	.LASF16:
 1798 0cfc 696F7373 		.ascii	"ioss_interrupts_gpio_6_IRQn\000"
 1798      5F696E74 
 1798      65727275 
 1798      7074735F 
 1798      6770696F 
 1799              	.LASF199:
 1800 0d18 63707573 		.ascii	"cpussIpcNr\000"
 1800      73497063 
 1800      4E7200
 1801              	.LASF252:
 1802 0d23 63707573 		.ascii	"cpussCm4StatusOffset\000"
 1802      73436D34 
 1802      53746174 
 1802      75734F66 
 1802      66736574 
 1803              	.LASF96:
 1804 0d38 63707573 		.ascii	"cpuss_interrupts_cm0_cti_0_IRQn\000"
 1804      735F696E 
 1804      74657272 
 1804      75707473 
 1804      5F636D30 
 1805              	.LASF85:
 1806 0d58 63707573 		.ascii	"cpuss_interrupts_dw1_9_IRQn\000"
 1806      735F696E 
 1806      74657272 
 1806      75707473 
 1806      5F647731 
 1807              	.LASF69:
 1808 0d74 63707573 		.ascii	"cpuss_interrupts_dw0_9_IRQn\000"
 1808      735F696E 
 1808      74657272 
 1808      75707473 
 1808      5F647730 
 1809              	.LASF63:
 1810 0d90 63707573 		.ascii	"cpuss_interrupts_dw0_3_IRQn\000"
 1810      735F696E 
 1810      74657272 
 1810      75707473 
 1810      5F647730 
 1811              	.LASF263:
 1812 0dac 63707573 		.ascii	"cpussRam2Ctl0\000"
ARM GAS  C:\Users\cmila\AppData\Local\Temp\ccJTrVIi.s 			page 43


 1812      7352616D 
 1812      3243746C 
 1812      3000
 1813              	.LASF11:
 1814 0dba 696F7373 		.ascii	"ioss_interrupts_gpio_1_IRQn\000"
 1814      5F696E74 
 1814      65727275 
 1814      7074735F 
 1814      6770696F 
 1815              	.LASF72:
 1816 0dd6 63707573 		.ascii	"cpuss_interrupts_dw0_12_IRQn\000"
 1816      735F696E 
 1816      74657272 
 1816      75707473 
 1816      5F647730 
 1817              	.LASF80:
 1818 0df3 63707573 		.ascii	"cpuss_interrupts_dw1_4_IRQn\000"
 1818      735F696E 
 1818      74657272 
 1818      75707473 
 1818      5F647731 
 1819              	.LASF86:
 1820 0e0f 63707573 		.ascii	"cpuss_interrupts_dw1_10_IRQn\000"
 1820      735F696E 
 1820      74657272 
 1820      75707473 
 1820      5F647731 
 1821              	.LASF106:
 1822 0e2c 74637077 		.ascii	"tcpwm_0_interrupts_6_IRQn\000"
 1822      6D5F305F 
 1822      696E7465 
 1822      72727570 
 1822      74735F36 
 1823              	.LASF275:
 1824 0e46 55415254 		.ascii	"UART_SCB_IRQ_cfg\000"
 1824      5F534342 
 1824      5F495251 
 1824      5F636667 
 1824      00
 1825              	.LASF242:
 1826 0e57 70657269 		.ascii	"periDiv16CtlOffset\000"
 1826      44697631 
 1826      3643746C 
 1826      4F666673 
 1826      657400
 1827              	.LASF116:
 1828 0e6a 74637077 		.ascii	"tcpwm_1_interrupts_8_IRQn\000"
 1828      6D5F315F 
 1828      696E7465 
 1828      72727570 
 1828      74735F38 
 1829              	.LASF165:
 1830 0e84 73686F72 		.ascii	"short unsigned int\000"
 1830      7420756E 
 1830      7369676E 
 1830      65642069 
 1830      6E7400
ARM GAS  C:\Users\cmila\AppData\Local\Temp\ccJTrVIi.s 			page 44


 1831              	.LASF179:
 1832 0e97 6C6F6E67 		.ascii	"long double\000"
 1832      20646F75 
 1832      626C6500 
 1833              	.LASF175:
 1834 0ea3 75696E74 		.ascii	"uint16_t\000"
 1834      31365F74 
 1834      00
 1835              	.LASF184:
 1836 0eac 70726F74 		.ascii	"protBase\000"
 1836      42617365 
 1836      00
 1837              	.LASF234:
 1838 0eb5 70657269 		.ascii	"periTrCmdGrSelMsk\000"
 1838      5472436D 
 1838      64477253 
 1838      656C4D73 
 1838      6B00
 1839              	.LASF99:
 1840 0ec7 63707573 		.ascii	"cpuss_interrupts_cm4_cti_1_IRQn\000"
 1840      735F696E 
 1840      74657272 
 1840      75707473 
 1840      5F636D34 
 1841              	.LASF111:
 1842 0ee7 74637077 		.ascii	"tcpwm_1_interrupts_3_IRQn\000"
 1842      6D5F315F 
 1842      696E7465 
 1842      72727570 
 1842      74735F33 
 1843              	.LASF138:
 1844 0f01 7564625F 		.ascii	"udb_interrupts_6_IRQn\000"
 1844      696E7465 
 1844      72727570 
 1844      74735F36 
 1844      5F495251 
 1845              	.LASF192:
 1846 0f17 64775665 		.ascii	"dwVersion\000"
 1846      7273696F 
 1846      6E00
 1847              	.LASF124:
 1848 0f21 74637077 		.ascii	"tcpwm_1_interrupts_16_IRQn\000"
 1848      6D5F315F 
 1848      696E7465 
 1848      72727570 
 1848      74735F31 
 1849              	.LASF42:
 1850 0f3c 63707573 		.ascii	"cpuss_interrupts_ipc_7_IRQn\000"
 1850      735F696E 
 1850      74657272 
 1850      75707473 
 1850      5F697063 
 1851              	.LASF137:
 1852 0f58 7564625F 		.ascii	"udb_interrupts_5_IRQn\000"
 1852      696E7465 
 1852      72727570 
 1852      74735F35 
ARM GAS  C:\Users\cmila\AppData\Local\Temp\ccJTrVIi.s 			page 45


 1852      5F495251 
 1853              	.LASF178:
 1854 0f6e 73697A65 		.ascii	"sizetype\000"
 1854      74797065 
 1854      00
 1855              	.LASF259:
 1856 0f77 63707573 		.ascii	"cpussCm4NmiCtlOffset\000"
 1856      73436D34 
 1856      4E6D6943 
 1856      746C4F66 
 1856      66736574 
 1857              	.LASF253:
 1858 0f8c 63707573 		.ascii	"cpussCm0StatusOffset\000"
 1858      73436D30 
 1858      53746174 
 1858      75734F66 
 1858      66736574 
 1859              	.LASF241:
 1860 0fa1 70657269 		.ascii	"periDiv8CtlOffset\000"
 1860      44697638 
 1860      43746C4F 
 1860      66667365 
 1860      7400
 1861              	.LASF68:
 1862 0fb3 63707573 		.ascii	"cpuss_interrupts_dw0_8_IRQn\000"
 1862      735F696E 
 1862      74657272 
 1862      75707473 
 1862      5F647730 
 1863              	.LASF22:
 1864 0fcf 696F7373 		.ascii	"ioss_interrupts_gpio_12_IRQn\000"
 1864      5F696E74 
 1864      65727275 
 1864      7074735F 
 1864      6770696F 
 1865              	.LASF34:
 1866 0fec 626C6573 		.ascii	"bless_interrupt_IRQn\000"
 1866      735F696E 
 1866      74657272 
 1866      7570745F 
 1866      4952516E 
 1867              	.LASF167:
 1868 1001 6C6F6E67 		.ascii	"long int\000"
 1868      20696E74 
 1868      00
 1869              	.LASF91:
 1870 100a 63707573 		.ascii	"cpuss_interrupts_dw1_15_IRQn\000"
 1870      735F696E 
 1870      74657272 
 1870      75707473 
 1870      5F647731 
 1871              	.LASF190:
 1872 1027 63707573 		.ascii	"cpussVersion\000"
 1872      73566572 
 1872      73696F6E 
 1872      00
 1873              	.LASF273:
ARM GAS  C:\Users\cmila\AppData\Local\Temp\ccJTrVIi.s 			page 46


 1874 1034 49544D5F 		.ascii	"ITM_RxBuffer\000"
 1874      52784275 
 1874      66666572 
 1874      00
 1875              	.LASF194:
 1876 1041 6770696F 		.ascii	"gpioVersion\000"
 1876      56657273 
 1876      696F6E00 
 1877              	.LASF1:
 1878 104d 4E6F6E4D 		.ascii	"NonMaskableInt_IRQn\000"
 1878      61736B61 
 1878      626C6549 
 1878      6E745F49 
 1878      52516E00 
 1879              	.LASF128:
 1880 1061 74637077 		.ascii	"tcpwm_1_interrupts_20_IRQn\000"
 1880      6D5F315F 
 1880      696E7465 
 1880      72727570 
 1880      74735F32 
 1881              	.LASF193:
 1882 107c 666C6173 		.ascii	"flashcVersion\000"
 1882      68635665 
 1882      7273696F 
 1882      6E00
 1883              	.LASF215:
 1884 108a 70726F74 		.ascii	"protBusMasterMask\000"
 1884      4275734D 
 1884      61737465 
 1884      724D6173 
 1884      6B00
 1885              	.LASF57:
 1886 109c 7363625F 		.ascii	"scb_6_interrupt_IRQn\000"
 1886      365F696E 
 1886      74657272 
 1886      7570745F 
 1886      4952516E 
 1887              	.LASF277:
 1888 10b1 474E5520 		.ascii	"GNU C11 5.4.1 20160609 (release) [ARM/embedded-5-br"
 1888      43313120 
 1888      352E342E 
 1888      31203230 
 1888      31363036 
 1889 10e4 616E6368 		.ascii	"anch revision 237715] -mcpu=cortex-m4 -mfloat-abi=s"
 1889      20726576 
 1889      6973696F 
 1889      6E203233 
 1889      37373135 
 1890 1117 6F667466 		.ascii	"oftfp -mfpu=fpv4-sp-d16 -mthumb -g -Os -ffunction-s"
 1890      70202D6D 
 1890      6670753D 
 1890      66707634 
 1890      2D73702D 
 1891 114a 65637469 		.ascii	"ections -ffat-lto-objects\000"
 1891      6F6E7320 
 1891      2D666661 
 1891      742D6C74 
ARM GAS  C:\Users\cmila\AppData\Local\Temp\ccJTrVIi.s 			page 47


 1891      6F2D6F62 
 1892              	.LASF47:
 1893 1164 63707573 		.ascii	"cpuss_interrupts_ipc_12_IRQn\000"
 1893      735F696E 
 1893      74657272 
 1893      75707473 
 1893      5F697063 
 1894              	.LASF24:
 1895 1181 696F7373 		.ascii	"ioss_interrupts_gpio_14_IRQn\000"
 1895      5F696E74 
 1895      65727275 
 1895      7074735F 
 1895      6770696F 
 1896              	.LASF41:
 1897 119e 63707573 		.ascii	"cpuss_interrupts_ipc_6_IRQn\000"
 1897      735F696E 
 1897      74657272 
 1897      75707473 
 1897      5F697063 
 1898              	.LASF18:
 1899 11ba 696F7373 		.ascii	"ioss_interrupts_gpio_8_IRQn\000"
 1899      5F696E74 
 1899      65727275 
 1899      7074735F 
 1899      6770696F 
 1900              	.LASF254:
 1901 11d6 63707573 		.ascii	"cpussCm4PwrCtlOffset\000"
 1901      73436D34 
 1901      50777243 
 1901      746C4F66 
 1901      66736574 
 1902              	.LASF152:
 1903 11eb 736D6966 		.ascii	"smif_interrupt_IRQn\000"
 1903      5F696E74 
 1903      65727275 
 1903      70745F49 
 1903      52516E00 
 1904              	.LASF53:
 1905 11ff 7363625F 		.ascii	"scb_2_interrupt_IRQn\000"
 1905      325F696E 
 1905      74657272 
 1905      7570745F 
 1905      4952516E 
 1906              	.LASF13:
 1907 1214 696F7373 		.ascii	"ioss_interrupts_gpio_3_IRQn\000"
 1907      5F696E74 
 1907      65727275 
 1907      7074735F 
 1907      6770696F 
 1908              	.LASF74:
 1909 1230 63707573 		.ascii	"cpuss_interrupts_dw0_14_IRQn\000"
 1909      735F696E 
 1909      74657272 
 1909      75707473 
 1909      5F647730 
 1910              	.LASF211:
 1911 124d 70617373 		.ascii	"passSarChannels\000"
ARM GAS  C:\Users\cmila\AppData\Local\Temp\ccJTrVIi.s 			page 48


 1911      53617243 
 1911      68616E6E 
 1911      656C7300 
 1912              	.LASF82:
 1913 125d 63707573 		.ascii	"cpuss_interrupts_dw1_6_IRQn\000"
 1913      735F696E 
 1913      74657272 
 1913      75707473 
 1913      5F647731 
 1914              	.LASF130:
 1915 1279 74637077 		.ascii	"tcpwm_1_interrupts_22_IRQn\000"
 1915      6D5F315F 
 1915      696E7465 
 1915      72727570 
 1915      74735F32 
 1916              	.LASF60:
 1917 1294 63707573 		.ascii	"cpuss_interrupts_dw0_0_IRQn\000"
 1917      735F696E 
 1917      74657272 
 1917      75707473 
 1917      5F647730 
 1918              	.LASF256:
 1919 12b0 63707573 		.ascii	"cpussTrimRomCtlOffset\000"
 1919      73547269 
 1919      6D526F6D 
 1919      43746C4F 
 1919      66667365 
 1920              	.LASF271:
 1921 12c6 696E7472 		.ascii	"intrPriority\000"
 1921      5072696F 
 1921      72697479 
 1921      00
 1922              	.LASF144:
 1923 12d3 7564625F 		.ascii	"udb_interrupts_12_IRQn\000"
 1923      696E7465 
 1923      72727570 
 1923      74735F31 
 1923      325F4952 
 1924              	.LASF9:
 1925 12ea 53797354 		.ascii	"SysTick_IRQn\000"
 1925      69636B5F 
 1925      4952516E 
 1925      00
 1926              	.LASF195:
 1927 12f7 6873696F 		.ascii	"hsiomVersion\000"
 1927      6D566572 
 1927      73696F6E 
 1927      00
 1928              	.LASF77:
 1929 1304 63707573 		.ascii	"cpuss_interrupts_dw1_1_IRQn\000"
 1929      735F696E 
 1929      74657272 
 1929      75707473 
 1929      5F647731 
 1930              	.LASF264:
 1931 1320 69706353 		.ascii	"ipcStructSize\000"
 1931      74727563 
ARM GAS  C:\Users\cmila\AppData\Local\Temp\ccJTrVIi.s 			page 49


 1931      7453697A 
 1931      6500
 1932              	.LASF169:
 1933 132e 6C6F6E67 		.ascii	"long unsigned int\000"
 1933      20756E73 
 1933      69676E65 
 1933      6420696E 
 1933      7400
 1934              	.LASF103:
 1935 1340 74637077 		.ascii	"tcpwm_0_interrupts_3_IRQn\000"
 1935      6D5F305F 
 1935      696E7465 
 1935      72727570 
 1935      74735F33 
 1936              	.LASF260:
 1937 135a 63707573 		.ascii	"cpussRomCtl\000"
 1937      73526F6D 
 1937      43746C00 
 1938              	.LASF64:
 1939 1366 63707573 		.ascii	"cpuss_interrupts_dw0_4_IRQn\000"
 1939      735F696E 
 1939      74657272 
 1939      75707473 
 1939      5F647730 
 1940              	.LASF176:
 1941 1382 696E7433 		.ascii	"int32_t\000"
 1941      325F7400 
 1942              	.LASF266:
 1943 138a 63795F73 		.ascii	"cy_stc_device_t\000"
 1943      74635F64 
 1943      65766963 
 1943      655F7400 
 1944              	.LASF113:
 1945 139a 74637077 		.ascii	"tcpwm_1_interrupts_5_IRQn\000"
 1945      6D5F315F 
 1945      696E7465 
 1945      72727570 
 1945      74735F35 
 1946              	.LASF140:
 1947 13b4 7564625F 		.ascii	"udb_interrupts_8_IRQn\000"
 1947      696E7465 
 1947      72727570 
 1947      74735F38 
 1947      5F495251 
 1948              	.LASF183:
 1949 13ca 75646242 		.ascii	"udbBase\000"
 1949      61736500 
 1950              	.LASF126:
 1951 13d2 74637077 		.ascii	"tcpwm_1_interrupts_18_IRQn\000"
 1951      6D5F315F 
 1951      696E7465 
 1951      72727570 
 1951      74735F31 
 1952              	.LASF7:
 1953 13ed 44656275 		.ascii	"DebugMonitor_IRQn\000"
 1953      674D6F6E 
 1953      69746F72 
ARM GAS  C:\Users\cmila\AppData\Local\Temp\ccJTrVIi.s 			page 50


 1953      5F495251 
 1953      6E00
 1954              	.LASF5:
 1955 13ff 55736167 		.ascii	"UsageFault_IRQn\000"
 1955      65466175 
 1955      6C745F49 
 1955      52516E00 
 1956              	.LASF108:
 1957 140f 74637077 		.ascii	"tcpwm_1_interrupts_0_IRQn\000"
 1957      6D5F315F 
 1957      696E7465 
 1957      72727570 
 1957      74735F30 
 1958              	.LASF135:
 1959 1429 7564625F 		.ascii	"udb_interrupts_3_IRQn\000"
 1959      696E7465 
 1959      72727570 
 1959      74735F33 
 1959      5F495251 
 1960              	.LASF162:
 1961 143f 756E7369 		.ascii	"unsigned char\000"
 1961      676E6564 
 1961      20636861 
 1961      7200
 1962              	.LASF278:
 1963 144d 47656E65 		.ascii	"Generated_Source\\PSoC6\\cyfitter_sysint_cfg.c\000"
 1963      72617465 
 1963      645F536F 
 1963      75726365 
 1963      5C50536F 
 1964              	.LASF168:
 1965 147a 5F5F7569 		.ascii	"__uint32_t\000"
 1965      6E743332 
 1965      5F7400
 1966              	.LASF265:
 1967 1485 6970634C 		.ascii	"ipcLockStatusOffset\000"
 1967      6F636B53 
 1967      74617475 
 1967      734F6666 
 1967      73657400 
 1968              	.LASF121:
 1969 1499 74637077 		.ascii	"tcpwm_1_interrupts_13_IRQn\000"
 1969      6D5F315F 
 1969      696E7465 
 1969      72727570 
 1969      74735F31 
 1970              	.LASF39:
 1971 14b4 63707573 		.ascii	"cpuss_interrupts_ipc_4_IRQn\000"
 1971      735F696E 
 1971      74657272 
 1971      75707473 
 1971      5F697063 
 1972              	.LASF221:
 1973 14d0 666C6173 		.ascii	"flashEraseDelay\000"
 1973      68457261 
 1973      73654465 
 1973      6C617900 
ARM GAS  C:\Users\cmila\AppData\Local\Temp\ccJTrVIi.s 			page 51


 1974              	.LASF65:
 1975 14e0 63707573 		.ascii	"cpuss_interrupts_dw0_5_IRQn\000"
 1975      735F696E 
 1975      74657272 
 1975      75707473 
 1975      5F647730 
 1976              	.LASF227:
 1977 14fc 64774368 		.ascii	"dwChOffset\000"
 1977      4F666673 
 1977      657400
 1978              	.LASF88:
 1979 1507 63707573 		.ascii	"cpuss_interrupts_dw1_12_IRQn\000"
 1979      735F696E 
 1979      74657272 
 1979      75707473 
 1979      5F647731 
 1980              	.LASF26:
 1981 1524 696F7373 		.ascii	"ioss_interrupt_vdd_IRQn\000"
 1981      5F696E74 
 1981      65727275 
 1981      70745F76 
 1981      64645F49 
 1982              	.LASF161:
 1983 153c 5F5F7569 		.ascii	"__uint8_t\000"
 1983      6E74385F 
 1983      7400
 1984              	.LASF49:
 1985 1546 63707573 		.ascii	"cpuss_interrupts_ipc_14_IRQn\000"
 1985      735F696E 
 1985      74657272 
 1985      75707473 
 1985      5F697063 
 1986              	.LASF0:
 1987 1563 52657365 		.ascii	"Reset_IRQn\000"
 1987      745F4952 
 1987      516E00
 1988              	.LASF217:
 1989 156e 666C6173 		.ascii	"flashRwwRequired\000"
 1989      68527777 
 1989      52657175 
 1989      69726564 
 1989      00
 1990              	.LASF246:
 1991 157f 6770696F 		.ascii	"gpioPrtCfgOffset\000"
 1991      50727443 
 1991      66674F66 
 1991      66736574 
 1991      00
 1992              	.LASF212:
 1993 1590 65704D6F 		.ascii	"epMonitorNr\000"
 1993      6E69746F 
 1993      724E7200 
 1994              	.LASF2:
 1995 159c 48617264 		.ascii	"HardFault_IRQn\000"
 1995      4661756C 
 1995      745F4952 
 1995      516E00
ARM GAS  C:\Users\cmila\AppData\Local\Temp\ccJTrVIi.s 			page 52


 1996              	.LASF159:
 1997 15ab 7369676E 		.ascii	"signed char\000"
 1997      65642063 
 1997      68617200 
 1998              	.LASF148:
 1999 15b7 70617373 		.ascii	"pass_interrupt_sar_IRQn\000"
 1999      5F696E74 
 1999      65727275 
 1999      70745F73 
 1999      61725F49 
 2000              	.LASF132:
 2001 15cf 7564625F 		.ascii	"udb_interrupts_0_IRQn\000"
 2001      696E7465 
 2001      72727570 
 2001      74735F30 
 2001      5F495251 
 2002              	.LASF200:
 2003 15e5 63707573 		.ascii	"cpussIpcIrqNr\000"
 2003      73497063 
 2003      4972714E 
 2003      7200
 2004              	.LASF230:
 2005 15f3 64774368 		.ascii	"dwChCtlPreemptablePos\000"
 2005      43746C50 
 2005      7265656D 
 2005      70746162 
 2005      6C65506F 
 2006              	.LASF118:
 2007 1609 74637077 		.ascii	"tcpwm_1_interrupts_10_IRQn\000"
 2007      6D5F315F 
 2007      696E7465 
 2007      72727570 
 2007      74735F31 
 2008              	.LASF15:
 2009 1624 696F7373 		.ascii	"ioss_interrupts_gpio_5_IRQn\000"
 2009      5F696E74 
 2009      65727275 
 2009      7074735F 
 2009      6770696F 
 2010              	.LASF44:
 2011 1640 63707573 		.ascii	"cpuss_interrupts_ipc_9_IRQn\000"
 2011      735F696E 
 2011      74657272 
 2011      75707473 
 2011      5F697063 
 2012              	.LASF197:
 2013 165c 70657269 		.ascii	"periVersion\000"
 2013      56657273 
 2013      696F6E00 
 2014              	.LASF93:
 2015 1668 63707573 		.ascii	"cpuss_interrupts_fault_1_IRQn\000"
 2015      735F696E 
 2015      74657272 
 2015      75707473 
 2015      5F666175 
 2016              	.LASF269:
 2017 1686 646F7562 		.ascii	"double\000"
ARM GAS  C:\Users\cmila\AppData\Local\Temp\ccJTrVIi.s 			page 53


 2017      6C6500
 2018              	.LASF187:
 2019 168d 70617373 		.ascii	"passBase\000"
 2019      42617365 
 2019      00
 2020              	.LASF224:
 2021 1696 666C6173 		.ascii	"flashCtlMainWs2Freq\000"
 2021      6843746C 
 2021      4D61696E 
 2021      57733246 
 2021      72657100 
 2022              	.LASF10:
 2023 16aa 696F7373 		.ascii	"ioss_interrupts_gpio_0_IRQn\000"
 2023      5F696E74 
 2023      65727275 
 2023      7074735F 
 2023      6770696F 
 2024              	.LASF71:
 2025 16c6 63707573 		.ascii	"cpuss_interrupts_dw0_11_IRQn\000"
 2025      735F696E 
 2025      74657272 
 2025      75707473 
 2025      5F647730 
 2026              	.LASF226:
 2027 16e3 666C6173 		.ascii	"flashCtlMainWs4Freq\000"
 2027      6843746C 
 2027      4D61696E 
 2027      57733446 
 2027      72657100 
 2028              	.LASF79:
 2029 16f7 63707573 		.ascii	"cpuss_interrupts_dw1_3_IRQn\000"
 2029      735F696E 
 2029      74657272 
 2029      75707473 
 2029      5F647731 
 2030              	.LASF105:
 2031 1713 74637077 		.ascii	"tcpwm_0_interrupts_5_IRQn\000"
 2031      6D5F305F 
 2031      696E7465 
 2031      72727570 
 2031      74735F35 
 2032              	.LASF94:
 2033 172d 63707573 		.ascii	"cpuss_interrupt_crypto_IRQn\000"
 2033      735F696E 
 2033      74657272 
 2033      7570745F 
 2033      63727970 
 2034              	.LASF100:
 2035 1749 74637077 		.ascii	"tcpwm_0_interrupts_0_IRQn\000"
 2035      6D5F305F 
 2035      696E7465 
 2035      72727570 
 2035      74735F30 
 2036              	.LASF196:
 2037 1763 69706356 		.ascii	"ipcVersion\000"
 2037      65727369 
 2037      6F6E00
ARM GAS  C:\Users\cmila\AppData\Local\Temp\ccJTrVIi.s 			page 54


 2038              	.LASF38:
 2039 176e 63707573 		.ascii	"cpuss_interrupts_ipc_3_IRQn\000"
 2039      735F696E 
 2039      74657272 
 2039      75707473 
 2039      5F697063 
 2040              	.LASF58:
 2041 178a 7363625F 		.ascii	"scb_7_interrupt_IRQn\000"
 2041      375F696E 
 2041      74657272 
 2041      7570745F 
 2041      4952516E 
 2042              	.LASF98:
 2043 179f 63707573 		.ascii	"cpuss_interrupts_cm4_cti_0_IRQn\000"
 2043      735F696E 
 2043      74657272 
 2043      75707473 
 2043      5F636D34 
 2044              	.LASF110:
 2045 17bf 74637077 		.ascii	"tcpwm_1_interrupts_2_IRQn\000"
 2045      6D5F315F 
 2045      696E7465 
 2045      72727570 
 2045      74735F32 
 2046              		.ident	"GCC: (GNU Tools for ARM Embedded Processors) 5.4.1 20160609 (release) [ARM/embedded-5-bran
