ARM GAS  C:\Users\cmila\AppData\Local\Temp\cc8LM3FF.s 			page 1


   1              		.syntax unified
   2              		.cpu cortex-m0plus
   3              		.fpu softvfp
   4              		.eabi_attribute 20, 1
   5              		.eabi_attribute 21, 1
   6              		.eabi_attribute 23, 3
   7              		.eabi_attribute 24, 1
   8              		.eabi_attribute 25, 1
   9              		.eabi_attribute 26, 1
  10              		.eabi_attribute 30, 1
  11              		.eabi_attribute 34, 0
  12              		.eabi_attribute 18, 4
  13              		.thumb
  14              		.syntax unified
  15              		.file	"main_cm0p.c"
  16              		.text
  17              	.Ltext0:
  18              		.cfi_sections	.debug_frame
  19              		.section	.text.main,"ax",%progbits
  20              		.align	2
  21              		.global	main
  22              		.code	16
  23              		.thumb_func
  24              		.type	main, %function
  25              	main:
  26              	.LFB494:
  27              		.file 1 "main_cm0p.c"
   1:main_cm0p.c   **** /* ========================================
   2:main_cm0p.c   ****  *
   3:main_cm0p.c   ****  * Copyright YOUR COMPANY, THE YEAR
   4:main_cm0p.c   ****  * All Rights Reserved
   5:main_cm0p.c   ****  * UNPUBLISHED, LICENSED SOFTWARE.
   6:main_cm0p.c   ****  *
   7:main_cm0p.c   ****  * CONFIDENTIAL AND PROPRIETARY INFORMATION
   8:main_cm0p.c   ****  * WHICH IS THE PROPERTY OF your company.
   9:main_cm0p.c   ****  *
  10:main_cm0p.c   ****  * ========================================
  11:main_cm0p.c   **** */
  12:main_cm0p.c   **** #include "project.h"
  13:main_cm0p.c   **** 
  14:main_cm0p.c   **** int main(void)
  15:main_cm0p.c   **** {
  28              		.loc 1 15 0
  29              		.cfi_startproc
  30              		@ Volatile: function does not return.
  31              		@ args = 0, pretend = 0, frame = 0
  32              		@ frame_needed = 0, uses_anonymous_args = 0
  33 0000 10B5     		push	{r4, lr}
  34              		.cfi_def_cfa_offset 8
  35              		.cfi_offset 4, -8
  36              		.cfi_offset 14, -4
  37              	.LBB4:
  38              	.LBB5:
  39              		.file 2 "Generated_Source\\PSoC6\\pdl\\cmsis/include/cmsis_gcc.h"
   1:Generated_Source\PSoC6\pdl\cmsis/include/cmsis_gcc.h **** /**************************************************************************//**
   2:Generated_Source\PSoC6\pdl\cmsis/include/cmsis_gcc.h ****  * @file     cmsis_gcc.h
   3:Generated_Source\PSoC6\pdl\cmsis/include/cmsis_gcc.h ****  * @brief    CMSIS compiler GCC header file
ARM GAS  C:\Users\cmila\AppData\Local\Temp\cc8LM3FF.s 			page 2


   4:Generated_Source\PSoC6\pdl\cmsis/include/cmsis_gcc.h ****  * @version  V5.0.3
   5:Generated_Source\PSoC6\pdl\cmsis/include/cmsis_gcc.h ****  * @date     16. January 2018
   6:Generated_Source\PSoC6\pdl\cmsis/include/cmsis_gcc.h ****  ******************************************************************************/
   7:Generated_Source\PSoC6\pdl\cmsis/include/cmsis_gcc.h **** /*
   8:Generated_Source\PSoC6\pdl\cmsis/include/cmsis_gcc.h ****  * Copyright (c) 2009-2017 ARM Limited. All rights reserved.
   9:Generated_Source\PSoC6\pdl\cmsis/include/cmsis_gcc.h ****  *
  10:Generated_Source\PSoC6\pdl\cmsis/include/cmsis_gcc.h ****  * SPDX-License-Identifier: Apache-2.0
  11:Generated_Source\PSoC6\pdl\cmsis/include/cmsis_gcc.h ****  *
  12:Generated_Source\PSoC6\pdl\cmsis/include/cmsis_gcc.h ****  * Licensed under the Apache License, Version 2.0 (the License); you may
  13:Generated_Source\PSoC6\pdl\cmsis/include/cmsis_gcc.h ****  * not use this file except in compliance with the License.
  14:Generated_Source\PSoC6\pdl\cmsis/include/cmsis_gcc.h ****  * You may obtain a copy of the License at
  15:Generated_Source\PSoC6\pdl\cmsis/include/cmsis_gcc.h ****  *
  16:Generated_Source\PSoC6\pdl\cmsis/include/cmsis_gcc.h ****  * www.apache.org/licenses/LICENSE-2.0
  17:Generated_Source\PSoC6\pdl\cmsis/include/cmsis_gcc.h ****  *
  18:Generated_Source\PSoC6\pdl\cmsis/include/cmsis_gcc.h ****  * Unless required by applicable law or agreed to in writing, software
  19:Generated_Source\PSoC6\pdl\cmsis/include/cmsis_gcc.h ****  * distributed under the License is distributed on an AS IS BASIS, WITHOUT
  20:Generated_Source\PSoC6\pdl\cmsis/include/cmsis_gcc.h ****  * WARRANTIES OR CONDITIONS OF ANY KIND, either express or implied.
  21:Generated_Source\PSoC6\pdl\cmsis/include/cmsis_gcc.h ****  * See the License for the specific language governing permissions and
  22:Generated_Source\PSoC6\pdl\cmsis/include/cmsis_gcc.h ****  * limitations under the License.
  23:Generated_Source\PSoC6\pdl\cmsis/include/cmsis_gcc.h ****  */
  24:Generated_Source\PSoC6\pdl\cmsis/include/cmsis_gcc.h **** 
  25:Generated_Source\PSoC6\pdl\cmsis/include/cmsis_gcc.h **** #ifndef __CMSIS_GCC_H
  26:Generated_Source\PSoC6\pdl\cmsis/include/cmsis_gcc.h **** #define __CMSIS_GCC_H
  27:Generated_Source\PSoC6\pdl\cmsis/include/cmsis_gcc.h **** 
  28:Generated_Source\PSoC6\pdl\cmsis/include/cmsis_gcc.h **** /* ignore some GCC warnings */
  29:Generated_Source\PSoC6\pdl\cmsis/include/cmsis_gcc.h **** #pragma GCC diagnostic push
  30:Generated_Source\PSoC6\pdl\cmsis/include/cmsis_gcc.h **** #pragma GCC diagnostic ignored "-Wsign-conversion"
  31:Generated_Source\PSoC6\pdl\cmsis/include/cmsis_gcc.h **** #pragma GCC diagnostic ignored "-Wconversion"
  32:Generated_Source\PSoC6\pdl\cmsis/include/cmsis_gcc.h **** #pragma GCC diagnostic ignored "-Wunused-parameter"
  33:Generated_Source\PSoC6\pdl\cmsis/include/cmsis_gcc.h **** 
  34:Generated_Source\PSoC6\pdl\cmsis/include/cmsis_gcc.h **** /* Fallback for __has_builtin */
  35:Generated_Source\PSoC6\pdl\cmsis/include/cmsis_gcc.h **** #ifndef __has_builtin
  36:Generated_Source\PSoC6\pdl\cmsis/include/cmsis_gcc.h ****   #define __has_builtin(x) (0)
  37:Generated_Source\PSoC6\pdl\cmsis/include/cmsis_gcc.h **** #endif
  38:Generated_Source\PSoC6\pdl\cmsis/include/cmsis_gcc.h **** 
  39:Generated_Source\PSoC6\pdl\cmsis/include/cmsis_gcc.h **** /* CMSIS compiler specific defines */
  40:Generated_Source\PSoC6\pdl\cmsis/include/cmsis_gcc.h **** #ifndef   __ASM
  41:Generated_Source\PSoC6\pdl\cmsis/include/cmsis_gcc.h ****   #define __ASM                                  __asm
  42:Generated_Source\PSoC6\pdl\cmsis/include/cmsis_gcc.h **** #endif
  43:Generated_Source\PSoC6\pdl\cmsis/include/cmsis_gcc.h **** #ifndef   __INLINE
  44:Generated_Source\PSoC6\pdl\cmsis/include/cmsis_gcc.h ****   #define __INLINE                               inline
  45:Generated_Source\PSoC6\pdl\cmsis/include/cmsis_gcc.h **** #endif
  46:Generated_Source\PSoC6\pdl\cmsis/include/cmsis_gcc.h **** #ifndef   __STATIC_INLINE
  47:Generated_Source\PSoC6\pdl\cmsis/include/cmsis_gcc.h ****   #define __STATIC_INLINE                        static inline
  48:Generated_Source\PSoC6\pdl\cmsis/include/cmsis_gcc.h **** #endif
  49:Generated_Source\PSoC6\pdl\cmsis/include/cmsis_gcc.h **** #ifndef   __STATIC_FORCEINLINE                 
  50:Generated_Source\PSoC6\pdl\cmsis/include/cmsis_gcc.h ****   #define __STATIC_FORCEINLINE                   __attribute__((always_inline)) static inline
  51:Generated_Source\PSoC6\pdl\cmsis/include/cmsis_gcc.h **** #endif                                           
  52:Generated_Source\PSoC6\pdl\cmsis/include/cmsis_gcc.h **** #ifndef   __NO_RETURN
  53:Generated_Source\PSoC6\pdl\cmsis/include/cmsis_gcc.h ****   #define __NO_RETURN                            __attribute__((__noreturn__))
  54:Generated_Source\PSoC6\pdl\cmsis/include/cmsis_gcc.h **** #endif
  55:Generated_Source\PSoC6\pdl\cmsis/include/cmsis_gcc.h **** #ifndef   __USED
  56:Generated_Source\PSoC6\pdl\cmsis/include/cmsis_gcc.h ****   #define __USED                                 __attribute__((used))
  57:Generated_Source\PSoC6\pdl\cmsis/include/cmsis_gcc.h **** #endif
  58:Generated_Source\PSoC6\pdl\cmsis/include/cmsis_gcc.h **** #ifndef   __WEAK
  59:Generated_Source\PSoC6\pdl\cmsis/include/cmsis_gcc.h ****   #define __WEAK                                 __attribute__((weak))
  60:Generated_Source\PSoC6\pdl\cmsis/include/cmsis_gcc.h **** #endif
ARM GAS  C:\Users\cmila\AppData\Local\Temp\cc8LM3FF.s 			page 3


  61:Generated_Source\PSoC6\pdl\cmsis/include/cmsis_gcc.h **** #ifndef   __PACKED
  62:Generated_Source\PSoC6\pdl\cmsis/include/cmsis_gcc.h ****   #define __PACKED                               __attribute__((packed, aligned(1)))
  63:Generated_Source\PSoC6\pdl\cmsis/include/cmsis_gcc.h **** #endif
  64:Generated_Source\PSoC6\pdl\cmsis/include/cmsis_gcc.h **** #ifndef   __PACKED_STRUCT
  65:Generated_Source\PSoC6\pdl\cmsis/include/cmsis_gcc.h ****   #define __PACKED_STRUCT                        struct __attribute__((packed, aligned(1)))
  66:Generated_Source\PSoC6\pdl\cmsis/include/cmsis_gcc.h **** #endif
  67:Generated_Source\PSoC6\pdl\cmsis/include/cmsis_gcc.h **** #ifndef   __PACKED_UNION
  68:Generated_Source\PSoC6\pdl\cmsis/include/cmsis_gcc.h ****   #define __PACKED_UNION                         union __attribute__((packed, aligned(1)))
  69:Generated_Source\PSoC6\pdl\cmsis/include/cmsis_gcc.h **** #endif
  70:Generated_Source\PSoC6\pdl\cmsis/include/cmsis_gcc.h **** #ifndef   __UNALIGNED_UINT32        /* deprecated */
  71:Generated_Source\PSoC6\pdl\cmsis/include/cmsis_gcc.h ****   #pragma GCC diagnostic push
  72:Generated_Source\PSoC6\pdl\cmsis/include/cmsis_gcc.h ****   #pragma GCC diagnostic ignored "-Wpacked"
  73:Generated_Source\PSoC6\pdl\cmsis/include/cmsis_gcc.h ****   #pragma GCC diagnostic ignored "-Wattributes"
  74:Generated_Source\PSoC6\pdl\cmsis/include/cmsis_gcc.h ****   struct __attribute__((packed)) T_UINT32 { uint32_t v; };
  75:Generated_Source\PSoC6\pdl\cmsis/include/cmsis_gcc.h ****   #pragma GCC diagnostic pop
  76:Generated_Source\PSoC6\pdl\cmsis/include/cmsis_gcc.h ****   #define __UNALIGNED_UINT32(x)                  (((struct T_UINT32 *)(x))->v)
  77:Generated_Source\PSoC6\pdl\cmsis/include/cmsis_gcc.h **** #endif
  78:Generated_Source\PSoC6\pdl\cmsis/include/cmsis_gcc.h **** #ifndef   __UNALIGNED_UINT16_WRITE
  79:Generated_Source\PSoC6\pdl\cmsis/include/cmsis_gcc.h ****   #pragma GCC diagnostic push
  80:Generated_Source\PSoC6\pdl\cmsis/include/cmsis_gcc.h ****   #pragma GCC diagnostic ignored "-Wpacked"
  81:Generated_Source\PSoC6\pdl\cmsis/include/cmsis_gcc.h ****   #pragma GCC diagnostic ignored "-Wattributes"
  82:Generated_Source\PSoC6\pdl\cmsis/include/cmsis_gcc.h ****   __PACKED_STRUCT T_UINT16_WRITE { uint16_t v; };
  83:Generated_Source\PSoC6\pdl\cmsis/include/cmsis_gcc.h ****   #pragma GCC diagnostic pop
  84:Generated_Source\PSoC6\pdl\cmsis/include/cmsis_gcc.h ****   #define __UNALIGNED_UINT16_WRITE(addr, val)    (void)((((struct T_UINT16_WRITE *)(void *)(addr))-
  85:Generated_Source\PSoC6\pdl\cmsis/include/cmsis_gcc.h **** #endif
  86:Generated_Source\PSoC6\pdl\cmsis/include/cmsis_gcc.h **** #ifndef   __UNALIGNED_UINT16_READ
  87:Generated_Source\PSoC6\pdl\cmsis/include/cmsis_gcc.h ****   #pragma GCC diagnostic push
  88:Generated_Source\PSoC6\pdl\cmsis/include/cmsis_gcc.h ****   #pragma GCC diagnostic ignored "-Wpacked"
  89:Generated_Source\PSoC6\pdl\cmsis/include/cmsis_gcc.h ****   #pragma GCC diagnostic ignored "-Wattributes"
  90:Generated_Source\PSoC6\pdl\cmsis/include/cmsis_gcc.h ****   __PACKED_STRUCT T_UINT16_READ { uint16_t v; };
  91:Generated_Source\PSoC6\pdl\cmsis/include/cmsis_gcc.h ****   #pragma GCC diagnostic pop
  92:Generated_Source\PSoC6\pdl\cmsis/include/cmsis_gcc.h ****   #define __UNALIGNED_UINT16_READ(addr)          (((const struct T_UINT16_READ *)(const void *)(add
  93:Generated_Source\PSoC6\pdl\cmsis/include/cmsis_gcc.h **** #endif
  94:Generated_Source\PSoC6\pdl\cmsis/include/cmsis_gcc.h **** #ifndef   __UNALIGNED_UINT32_WRITE
  95:Generated_Source\PSoC6\pdl\cmsis/include/cmsis_gcc.h ****   #pragma GCC diagnostic push
  96:Generated_Source\PSoC6\pdl\cmsis/include/cmsis_gcc.h ****   #pragma GCC diagnostic ignored "-Wpacked"
  97:Generated_Source\PSoC6\pdl\cmsis/include/cmsis_gcc.h ****   #pragma GCC diagnostic ignored "-Wattributes"
  98:Generated_Source\PSoC6\pdl\cmsis/include/cmsis_gcc.h ****   __PACKED_STRUCT T_UINT32_WRITE { uint32_t v; };
  99:Generated_Source\PSoC6\pdl\cmsis/include/cmsis_gcc.h ****   #pragma GCC diagnostic pop
 100:Generated_Source\PSoC6\pdl\cmsis/include/cmsis_gcc.h ****   #define __UNALIGNED_UINT32_WRITE(addr, val)    (void)((((struct T_UINT32_WRITE *)(void *)(addr))-
 101:Generated_Source\PSoC6\pdl\cmsis/include/cmsis_gcc.h **** #endif
 102:Generated_Source\PSoC6\pdl\cmsis/include/cmsis_gcc.h **** #ifndef   __UNALIGNED_UINT32_READ
 103:Generated_Source\PSoC6\pdl\cmsis/include/cmsis_gcc.h ****   #pragma GCC diagnostic push
 104:Generated_Source\PSoC6\pdl\cmsis/include/cmsis_gcc.h ****   #pragma GCC diagnostic ignored "-Wpacked"
 105:Generated_Source\PSoC6\pdl\cmsis/include/cmsis_gcc.h ****   #pragma GCC diagnostic ignored "-Wattributes"
 106:Generated_Source\PSoC6\pdl\cmsis/include/cmsis_gcc.h ****   __PACKED_STRUCT T_UINT32_READ { uint32_t v; };
 107:Generated_Source\PSoC6\pdl\cmsis/include/cmsis_gcc.h ****   #pragma GCC diagnostic pop
 108:Generated_Source\PSoC6\pdl\cmsis/include/cmsis_gcc.h ****   #define __UNALIGNED_UINT32_READ(addr)          (((const struct T_UINT32_READ *)(const void *)(add
 109:Generated_Source\PSoC6\pdl\cmsis/include/cmsis_gcc.h **** #endif
 110:Generated_Source\PSoC6\pdl\cmsis/include/cmsis_gcc.h **** #ifndef   __ALIGNED
 111:Generated_Source\PSoC6\pdl\cmsis/include/cmsis_gcc.h ****   #define __ALIGNED(x)                           __attribute__((aligned(x)))
 112:Generated_Source\PSoC6\pdl\cmsis/include/cmsis_gcc.h **** #endif
 113:Generated_Source\PSoC6\pdl\cmsis/include/cmsis_gcc.h **** #ifndef   __RESTRICT
 114:Generated_Source\PSoC6\pdl\cmsis/include/cmsis_gcc.h ****   #define __RESTRICT                             __restrict
 115:Generated_Source\PSoC6\pdl\cmsis/include/cmsis_gcc.h **** #endif
 116:Generated_Source\PSoC6\pdl\cmsis/include/cmsis_gcc.h **** 
 117:Generated_Source\PSoC6\pdl\cmsis/include/cmsis_gcc.h **** 
ARM GAS  C:\Users\cmila\AppData\Local\Temp\cc8LM3FF.s 			page 4


 118:Generated_Source\PSoC6\pdl\cmsis/include/cmsis_gcc.h **** /* ###########################  Core Function Access  ########################### */
 119:Generated_Source\PSoC6\pdl\cmsis/include/cmsis_gcc.h **** /** \ingroup  CMSIS_Core_FunctionInterface
 120:Generated_Source\PSoC6\pdl\cmsis/include/cmsis_gcc.h ****     \defgroup CMSIS_Core_RegAccFunctions CMSIS Core Register Access Functions
 121:Generated_Source\PSoC6\pdl\cmsis/include/cmsis_gcc.h ****   @{
 122:Generated_Source\PSoC6\pdl\cmsis/include/cmsis_gcc.h ****  */
 123:Generated_Source\PSoC6\pdl\cmsis/include/cmsis_gcc.h **** 
 124:Generated_Source\PSoC6\pdl\cmsis/include/cmsis_gcc.h **** /**
 125:Generated_Source\PSoC6\pdl\cmsis/include/cmsis_gcc.h ****   \brief   Enable IRQ Interrupts
 126:Generated_Source\PSoC6\pdl\cmsis/include/cmsis_gcc.h ****   \details Enables IRQ interrupts by clearing the I-bit in the CPSR.
 127:Generated_Source\PSoC6\pdl\cmsis/include/cmsis_gcc.h ****            Can only be executed in Privileged modes.
 128:Generated_Source\PSoC6\pdl\cmsis/include/cmsis_gcc.h ****  */
 129:Generated_Source\PSoC6\pdl\cmsis/include/cmsis_gcc.h **** __STATIC_FORCEINLINE void __enable_irq(void)
 130:Generated_Source\PSoC6\pdl\cmsis/include/cmsis_gcc.h **** {
 131:Generated_Source\PSoC6\pdl\cmsis/include/cmsis_gcc.h ****   __ASM volatile ("cpsie i" : : : "memory");
  40              		.loc 2 131 0
  41              		.syntax divided
  42              	@ 131 "Generated_Source\PSoC6\pdl\cmsis/include/cmsis_gcc.h" 1
  43 0002 62B6     		cpsie i
  44              	@ 0 "" 2
  45              		.thumb
  46              		.syntax unified
  47              	.LBE5:
  48              	.LBE4:
  16:main_cm0p.c   ****     __enable_irq(); /* Enable global interrupts. */
  17:main_cm0p.c   ****     /* Enable CM4.  CY_CORTEX_M4_APPL_ADDR must be updated if CM4 memory layout is changed. */
  18:main_cm0p.c   ****     Cy_SysEnableCM4(CY_CORTEX_M4_APPL_ADDR); 
  49              		.loc 1 18 0
  50 0004 0148     		ldr	r0, .L3
  51 0006 FFF7FEFF 		bl	Cy_SysEnableCM4
  52              	.LVL0:
  53              	.L2:
  54 000a FEE7     		b	.L2
  55              	.L4:
  56              		.align	2
  57              	.L3:
  58 000c 00000810 		.word	268959744
  59              		.cfi_endproc
  60              	.LFE494:
  61              		.size	main, .-main
  62              		.text
  63              	.Letext0:
  64              		.file 3 "c:\\program files (x86)\\cypress\\psoc creator\\4.4\\psoc creator\\import\\gnu\\arm\\5.4.
  65              		.file 4 "c:\\program files (x86)\\cypress\\psoc creator\\4.4\\psoc creator\\import\\gnu\\arm\\5.4.
  66              		.file 5 "Generated_Source\\PSoC6\\pdl\\drivers/peripheral/device/cy_device.h"
  67              		.file 6 "Generated_Source\\PSoC6\\pdl\\drivers/peripheral/scb/cy_scb_uart.h"
  68              		.file 7 "Generated_Source\\PSoC6\\pdl\\drivers/peripheral/tcpwm/cy_tcpwm_counter.h"
  69              		.file 8 "Generated_Source\\PSoC6/Timer.h"
  70              		.file 9 "Generated_Source\\PSoC6/UART.h"
  71              		.file 10 "Generated_Source\\PSoC6/Timer_1.h"
  72              		.file 11 "./system_psoc6.h"
  73              		.section	.debug_info,"",%progbits
  74              	.Ldebug_info0:
  75 0000 82070000 		.4byte	0x782
  76 0004 0400     		.2byte	0x4
  77 0006 00000000 		.4byte	.Ldebug_abbrev0
  78 000a 04       		.byte	0x4
  79 000b 01       		.uleb128 0x1
ARM GAS  C:\Users\cmila\AppData\Local\Temp\cc8LM3FF.s 			page 5


  80 000c DB060000 		.4byte	.LASF152
  81 0010 0C       		.byte	0xc
  82 0011 85000000 		.4byte	.LASF153
  83 0015 AD020000 		.4byte	.LASF154
  84 0019 00000000 		.4byte	.Ldebug_ranges0+0
  85 001d 00000000 		.4byte	0
  86 0021 00000000 		.4byte	.Ldebug_line0
  87 0025 02       		.uleb128 0x2
  88 0026 02       		.byte	0x2
  89 0027 05       		.byte	0x5
  90 0028 5C060000 		.4byte	.LASF0
  91 002c 02       		.uleb128 0x2
  92 002d 01       		.byte	0x1
  93 002e 08       		.byte	0x8
  94 002f 3A060000 		.4byte	.LASF1
  95 0033 02       		.uleb128 0x2
  96 0034 01       		.byte	0x1
  97 0035 06       		.byte	0x6
  98 0036 92080000 		.4byte	.LASF2
  99 003a 03       		.uleb128 0x3
 100 003b 9F000000 		.4byte	.LASF3
 101 003f 03       		.byte	0x3
 102 0040 1D       		.byte	0x1d
 103 0041 2C000000 		.4byte	0x2c
 104 0045 03       		.uleb128 0x3
 105 0046 46030000 		.4byte	.LASF4
 106 004a 03       		.byte	0x3
 107 004b 29       		.byte	0x29
 108 004c 25000000 		.4byte	0x25
 109 0050 03       		.uleb128 0x3
 110 0051 AC070000 		.4byte	.LASF5
 111 0055 03       		.byte	0x3
 112 0056 2B       		.byte	0x2b
 113 0057 5B000000 		.4byte	0x5b
 114 005b 02       		.uleb128 0x2
 115 005c 02       		.byte	0x2
 116 005d 07       		.byte	0x7
 117 005e 03080000 		.4byte	.LASF6
 118 0062 02       		.uleb128 0x2
 119 0063 04       		.byte	0x4
 120 0064 05       		.byte	0x5
 121 0065 45020000 		.4byte	.LASF7
 122 0069 03       		.uleb128 0x3
 123 006a 2B030000 		.4byte	.LASF8
 124 006e 03       		.byte	0x3
 125 006f 41       		.byte	0x41
 126 0070 74000000 		.4byte	0x74
 127 0074 02       		.uleb128 0x2
 128 0075 04       		.byte	0x4
 129 0076 07       		.byte	0x7
 130 0077 E5030000 		.4byte	.LASF9
 131 007b 02       		.uleb128 0x2
 132 007c 08       		.byte	0x8
 133 007d 05       		.byte	0x5
 134 007e C2010000 		.4byte	.LASF10
 135 0082 02       		.uleb128 0x2
 136 0083 08       		.byte	0x8
ARM GAS  C:\Users\cmila\AppData\Local\Temp\cc8LM3FF.s 			page 6


 137 0084 07       		.byte	0x7
 138 0085 2B010000 		.4byte	.LASF11
 139 0089 04       		.uleb128 0x4
 140 008a 04       		.byte	0x4
 141 008b 05       		.byte	0x5
 142 008c 696E7400 		.ascii	"int\000"
 143 0090 02       		.uleb128 0x2
 144 0091 04       		.byte	0x4
 145 0092 07       		.byte	0x7
 146 0093 A9030000 		.4byte	.LASF12
 147 0097 03       		.uleb128 0x3
 148 0098 DD080000 		.4byte	.LASF13
 149 009c 04       		.byte	0x4
 150 009d 18       		.byte	0x18
 151 009e 3A000000 		.4byte	0x3a
 152 00a2 03       		.uleb128 0x3
 153 00a3 BA010000 		.4byte	.LASF14
 154 00a7 04       		.byte	0x4
 155 00a8 20       		.byte	0x20
 156 00a9 45000000 		.4byte	0x45
 157 00ad 03       		.uleb128 0x3
 158 00ae B6030000 		.4byte	.LASF15
 159 00b2 04       		.byte	0x4
 160 00b3 24       		.byte	0x24
 161 00b4 50000000 		.4byte	0x50
 162 00b8 03       		.uleb128 0x3
 163 00b9 BD060000 		.4byte	.LASF16
 164 00bd 04       		.byte	0x4
 165 00be 30       		.byte	0x30
 166 00bf 69000000 		.4byte	0x69
 167 00c3 02       		.uleb128 0x2
 168 00c4 04       		.byte	0x4
 169 00c5 07       		.byte	0x7
 170 00c6 36050000 		.4byte	.LASF17
 171 00ca 05       		.uleb128 0x5
 172 00cb B8000000 		.4byte	0xb8
 173 00cf 02       		.uleb128 0x2
 174 00d0 08       		.byte	0x8
 175 00d1 04       		.byte	0x4
 176 00d2 76070000 		.4byte	.LASF18
 177 00d6 06       		.uleb128 0x6
 178 00d7 B8       		.byte	0xb8
 179 00d8 05       		.byte	0x5
 180 00d9 34       		.byte	0x34
 181 00da E7040000 		.4byte	0x4e7
 182 00de 07       		.uleb128 0x7
 183 00df F2000000 		.4byte	.LASF19
 184 00e3 05       		.byte	0x5
 185 00e4 37       		.byte	0x37
 186 00e5 B8000000 		.4byte	0xb8
 187 00e9 00       		.byte	0
 188 00ea 07       		.uleb128 0x7
 189 00eb 20030000 		.4byte	.LASF20
 190 00ef 05       		.byte	0x5
 191 00f0 38       		.byte	0x38
 192 00f1 B8000000 		.4byte	0xb8
 193 00f5 04       		.byte	0x4
ARM GAS  C:\Users\cmila\AppData\Local\Temp\cc8LM3FF.s 			page 7


 194 00f6 07       		.uleb128 0x7
 195 00f7 5C020000 		.4byte	.LASF21
 196 00fb 05       		.byte	0x5
 197 00fc 39       		.byte	0x39
 198 00fd B8000000 		.4byte	0xb8
 199 0101 08       		.byte	0x8
 200 0102 07       		.uleb128 0x7
 201 0103 2C060000 		.4byte	.LASF22
 202 0107 05       		.byte	0x5
 203 0108 3A       		.byte	0x3a
 204 0109 B8000000 		.4byte	0xb8
 205 010d 0C       		.byte	0xc
 206 010e 07       		.uleb128 0x7
 207 010f 03020000 		.4byte	.LASF23
 208 0113 05       		.byte	0x5
 209 0114 3B       		.byte	0x3b
 210 0115 B8000000 		.4byte	0xb8
 211 0119 10       		.byte	0x10
 212 011a 07       		.uleb128 0x7
 213 011b 3B020000 		.4byte	.LASF24
 214 011f 05       		.byte	0x5
 215 0120 3C       		.byte	0x3c
 216 0121 B8000000 		.4byte	0xb8
 217 0125 14       		.byte	0x14
 218 0126 07       		.uleb128 0x7
 219 0127 40040000 		.4byte	.LASF25
 220 012b 05       		.byte	0x5
 221 012c 3D       		.byte	0x3d
 222 012d B8000000 		.4byte	0xb8
 223 0131 18       		.byte	0x18
 224 0132 07       		.uleb128 0x7
 225 0133 7C000000 		.4byte	.LASF26
 226 0137 05       		.byte	0x5
 227 0138 3E       		.byte	0x3e
 228 0139 B8000000 		.4byte	0xb8
 229 013d 1C       		.byte	0x1c
 230 013e 07       		.uleb128 0x7
 231 013f 5C090000 		.4byte	.LASF27
 232 0143 05       		.byte	0x5
 233 0144 3F       		.byte	0x3f
 234 0145 B8000000 		.4byte	0xb8
 235 0149 20       		.byte	0x20
 236 014a 07       		.uleb128 0x7
 237 014b B3050000 		.4byte	.LASF28
 238 014f 05       		.byte	0x5
 239 0150 40       		.byte	0x40
 240 0151 B8000000 		.4byte	0xb8
 241 0155 24       		.byte	0x24
 242 0156 07       		.uleb128 0x7
 243 0157 EC040000 		.4byte	.LASF29
 244 015b 05       		.byte	0x5
 245 015c 43       		.byte	0x43
 246 015d 97000000 		.4byte	0x97
 247 0161 28       		.byte	0x28
 248 0162 07       		.uleb128 0x7
 249 0163 5F000000 		.4byte	.LASF30
 250 0167 05       		.byte	0x5
ARM GAS  C:\Users\cmila\AppData\Local\Temp\cc8LM3FF.s 			page 8


 251 0168 44       		.byte	0x44
 252 0169 97000000 		.4byte	0x97
 253 016d 29       		.byte	0x29
 254 016e 07       		.uleb128 0x7
 255 016f 52090000 		.4byte	.LASF31
 256 0173 05       		.byte	0x5
 257 0174 45       		.byte	0x45
 258 0175 97000000 		.4byte	0x97
 259 0179 2A       		.byte	0x2a
 260 017a 07       		.uleb128 0x7
 261 017b A5050000 		.4byte	.LASF32
 262 017f 05       		.byte	0x5
 263 0180 46       		.byte	0x46
 264 0181 97000000 		.4byte	0x97
 265 0185 2B       		.byte	0x2b
 266 0186 07       		.uleb128 0x7
 267 0187 95040000 		.4byte	.LASF33
 268 018b 05       		.byte	0x5
 269 018c 47       		.byte	0x47
 270 018d 97000000 		.4byte	0x97
 271 0191 2C       		.byte	0x2c
 272 0192 07       		.uleb128 0x7
 273 0193 CA070000 		.4byte	.LASF34
 274 0197 05       		.byte	0x5
 275 0198 48       		.byte	0x48
 276 0199 97000000 		.4byte	0x97
 277 019d 2D       		.byte	0x2d
 278 019e 07       		.uleb128 0x7
 279 019f 0C020000 		.4byte	.LASF35
 280 01a3 05       		.byte	0x5
 281 01a4 49       		.byte	0x49
 282 01a5 97000000 		.4byte	0x97
 283 01a9 2E       		.byte	0x2e
 284 01aa 07       		.uleb128 0x7
 285 01ab F9040000 		.4byte	.LASF36
 286 01af 05       		.byte	0x5
 287 01b0 4A       		.byte	0x4a
 288 01b1 97000000 		.4byte	0x97
 289 01b5 2F       		.byte	0x2f
 290 01b6 07       		.uleb128 0x7
 291 01b7 92070000 		.4byte	.LASF37
 292 01bb 05       		.byte	0x5
 293 01bc 4B       		.byte	0x4b
 294 01bd 97000000 		.4byte	0x97
 295 01c1 30       		.byte	0x30
 296 01c2 07       		.uleb128 0x7
 297 01c3 35040000 		.4byte	.LASF38
 298 01c7 05       		.byte	0x5
 299 01c8 4E       		.byte	0x4e
 300 01c9 97000000 		.4byte	0x97
 301 01cd 31       		.byte	0x31
 302 01ce 07       		.uleb128 0x7
 303 01cf 91000000 		.4byte	.LASF39
 304 01d3 05       		.byte	0x5
 305 01d4 4F       		.byte	0x4f
 306 01d5 97000000 		.4byte	0x97
 307 01d9 32       		.byte	0x32
ARM GAS  C:\Users\cmila\AppData\Local\Temp\cc8LM3FF.s 			page 9


 308 01da 07       		.uleb128 0x7
 309 01db 9D030000 		.4byte	.LASF40
 310 01df 05       		.byte	0x5
 311 01e0 50       		.byte	0x50
 312 01e1 97000000 		.4byte	0x97
 313 01e5 33       		.byte	0x33
 314 01e6 07       		.uleb128 0x7
 315 01e7 4A050000 		.4byte	.LASF41
 316 01eb 05       		.byte	0x5
 317 01ec 51       		.byte	0x51
 318 01ed 97000000 		.4byte	0x97
 319 01f1 34       		.byte	0x34
 320 01f2 07       		.uleb128 0x7
 321 01f3 46080000 		.4byte	.LASF42
 322 01f7 05       		.byte	0x5
 323 01f8 52       		.byte	0x52
 324 01f9 A2000000 		.4byte	0xa2
 325 01fd 36       		.byte	0x36
 326 01fe 07       		.uleb128 0x7
 327 01ff 76020000 		.4byte	.LASF43
 328 0203 05       		.byte	0x5
 329 0204 53       		.byte	0x53
 330 0205 A2000000 		.4byte	0xa2
 331 0209 38       		.byte	0x38
 332 020a 07       		.uleb128 0x7
 333 020b B8080000 		.4byte	.LASF44
 334 020f 05       		.byte	0x5
 335 0210 54       		.byte	0x54
 336 0211 A2000000 		.4byte	0xa2
 337 0215 3A       		.byte	0x3a
 338 0216 07       		.uleb128 0x7
 339 0217 2C020000 		.4byte	.LASF45
 340 021b 05       		.byte	0x5
 341 021c 55       		.byte	0x55
 342 021d 97000000 		.4byte	0x97
 343 0221 3C       		.byte	0x3c
 344 0222 07       		.uleb128 0x7
 345 0223 9D020000 		.4byte	.LASF46
 346 0227 05       		.byte	0x5
 347 0228 56       		.byte	0x56
 348 0229 97000000 		.4byte	0x97
 349 022d 3D       		.byte	0x3d
 350 022e 07       		.uleb128 0x7
 351 022f 9F060000 		.4byte	.LASF47
 352 0233 05       		.byte	0x5
 353 0234 57       		.byte	0x57
 354 0235 97000000 		.4byte	0x97
 355 0239 3E       		.byte	0x3e
 356 023a 07       		.uleb128 0x7
 357 023b 03010000 		.4byte	.LASF48
 358 023f 05       		.byte	0x5
 359 0240 58       		.byte	0x58
 360 0241 97000000 		.4byte	0x97
 361 0245 3F       		.byte	0x3f
 362 0246 07       		.uleb128 0x7
 363 0247 BE050000 		.4byte	.LASF49
 364 024b 05       		.byte	0x5
ARM GAS  C:\Users\cmila\AppData\Local\Temp\cc8LM3FF.s 			page 10


 365 024c 59       		.byte	0x59
 366 024d 97000000 		.4byte	0x97
 367 0251 40       		.byte	0x40
 368 0252 07       		.uleb128 0x7
 369 0253 36030000 		.4byte	.LASF50
 370 0257 05       		.byte	0x5
 371 0258 5A       		.byte	0x5a
 372 0259 97000000 		.4byte	0x97
 373 025d 41       		.byte	0x41
 374 025e 07       		.uleb128 0x7
 375 025f B1040000 		.4byte	.LASF51
 376 0263 05       		.byte	0x5
 377 0264 5B       		.byte	0x5b
 378 0265 97000000 		.4byte	0x97
 379 0269 42       		.byte	0x42
 380 026a 07       		.uleb128 0x7
 381 026b 91050000 		.4byte	.LASF52
 382 026f 05       		.byte	0x5
 383 0270 5C       		.byte	0x5c
 384 0271 97000000 		.4byte	0x97
 385 0275 43       		.byte	0x43
 386 0276 07       		.uleb128 0x7
 387 0277 65020000 		.4byte	.LASF53
 388 027b 05       		.byte	0x5
 389 027c 5D       		.byte	0x5d
 390 027d 97000000 		.4byte	0x97
 391 0281 44       		.byte	0x44
 392 0282 07       		.uleb128 0x7
 393 0283 00000000 		.4byte	.LASF54
 394 0287 05       		.byte	0x5
 395 0288 5E       		.byte	0x5e
 396 0289 B8000000 		.4byte	0xb8
 397 028d 48       		.byte	0x48
 398 028e 07       		.uleb128 0x7
 399 028f 4E020000 		.4byte	.LASF55
 400 0293 05       		.byte	0x5
 401 0294 5F       		.byte	0x5f
 402 0295 B8000000 		.4byte	0xb8
 403 0299 4C       		.byte	0x4c
 404 029a 07       		.uleb128 0x7
 405 029b 92090000 		.4byte	.LASF56
 406 029f 05       		.byte	0x5
 407 02a0 60       		.byte	0x60
 408 02a1 97000000 		.4byte	0x97
 409 02a5 50       		.byte	0x50
 410 02a6 07       		.uleb128 0x7
 411 02a7 94010000 		.4byte	.LASF57
 412 02ab 05       		.byte	0x5
 413 02ac 61       		.byte	0x61
 414 02ad 97000000 		.4byte	0x97
 415 02b1 51       		.byte	0x51
 416 02b2 07       		.uleb128 0x7
 417 02b3 CD080000 		.4byte	.LASF58
 418 02b7 05       		.byte	0x5
 419 02b8 62       		.byte	0x62
 420 02b9 97000000 		.4byte	0x97
 421 02bd 52       		.byte	0x52
ARM GAS  C:\Users\cmila\AppData\Local\Temp\cc8LM3FF.s 			page 11


 422 02be 07       		.uleb128 0x7
 423 02bf D7070000 		.4byte	.LASF59
 424 02c3 05       		.byte	0x5
 425 02c4 63       		.byte	0x63
 426 02c5 97000000 		.4byte	0x97
 427 02c9 53       		.byte	0x53
 428 02ca 07       		.uleb128 0x7
 429 02cb AD060000 		.4byte	.LASF60
 430 02cf 05       		.byte	0x5
 431 02d0 64       		.byte	0x64
 432 02d1 97000000 		.4byte	0x97
 433 02d5 54       		.byte	0x54
 434 02d6 07       		.uleb128 0x7
 435 02d7 A6010000 		.4byte	.LASF61
 436 02db 05       		.byte	0x5
 437 02dc 65       		.byte	0x65
 438 02dd 97000000 		.4byte	0x97
 439 02e1 55       		.byte	0x55
 440 02e2 07       		.uleb128 0x7
 441 02e3 D1030000 		.4byte	.LASF62
 442 02e7 05       		.byte	0x5
 443 02e8 66       		.byte	0x66
 444 02e9 97000000 		.4byte	0x97
 445 02ed 56       		.byte	0x56
 446 02ee 07       		.uleb128 0x7
 447 02ef 7A060000 		.4byte	.LASF63
 448 02f3 05       		.byte	0x5
 449 02f4 67       		.byte	0x67
 450 02f5 97000000 		.4byte	0x97
 451 02f9 57       		.byte	0x57
 452 02fa 07       		.uleb128 0x7
 453 02fb 24000000 		.4byte	.LASF64
 454 02ff 05       		.byte	0x5
 455 0300 68       		.byte	0x68
 456 0301 97000000 		.4byte	0x97
 457 0305 58       		.byte	0x58
 458 0306 07       		.uleb128 0x7
 459 0307 48060000 		.4byte	.LASF65
 460 030b 05       		.byte	0x5
 461 030c 69       		.byte	0x69
 462 030d 97000000 		.4byte	0x97
 463 0311 59       		.byte	0x59
 464 0312 07       		.uleb128 0x7
 465 0313 3F050000 		.4byte	.LASF66
 466 0317 05       		.byte	0x5
 467 0318 6E       		.byte	0x6e
 468 0319 AD000000 		.4byte	0xad
 469 031d 5A       		.byte	0x5a
 470 031e 07       		.uleb128 0x7
 471 031f 16080000 		.4byte	.LASF67
 472 0323 05       		.byte	0x5
 473 0324 6F       		.byte	0x6f
 474 0325 AD000000 		.4byte	0xad
 475 0329 5C       		.byte	0x5c
 476 032a 07       		.uleb128 0x7
 477 032b 6D000000 		.4byte	.LASF68
 478 032f 05       		.byte	0x5
ARM GAS  C:\Users\cmila\AppData\Local\Temp\cc8LM3FF.s 			page 12


 479 0330 70       		.byte	0x70
 480 0331 97000000 		.4byte	0x97
 481 0335 5E       		.byte	0x5e
 482 0336 07       		.uleb128 0x7
 483 0337 05060000 		.4byte	.LASF69
 484 033b 05       		.byte	0x5
 485 033c 71       		.byte	0x71
 486 033d 97000000 		.4byte	0x97
 487 0341 5F       		.byte	0x5f
 488 0342 07       		.uleb128 0x7
 489 0343 80050000 		.4byte	.LASF70
 490 0347 05       		.byte	0x5
 491 0348 72       		.byte	0x72
 492 0349 97000000 		.4byte	0x97
 493 034d 60       		.byte	0x60
 494 034e 07       		.uleb128 0x7
 495 034f DE050000 		.4byte	.LASF71
 496 0353 05       		.byte	0x5
 497 0354 73       		.byte	0x73
 498 0355 B8000000 		.4byte	0xb8
 499 0359 64       		.byte	0x64
 500 035a 07       		.uleb128 0x7
 501 035b 51010000 		.4byte	.LASF72
 502 035f 05       		.byte	0x5
 503 0360 76       		.byte	0x76
 504 0361 AD000000 		.4byte	0xad
 505 0365 68       		.byte	0x68
 506 0366 07       		.uleb128 0x7
 507 0367 BF030000 		.4byte	.LASF73
 508 036b 05       		.byte	0x5
 509 036c 77       		.byte	0x77
 510 036d AD000000 		.4byte	0xad
 511 0371 6A       		.byte	0x6a
 512 0372 07       		.uleb128 0x7
 513 0373 52040000 		.4byte	.LASF74
 514 0377 05       		.byte	0x5
 515 0378 78       		.byte	0x78
 516 0379 AD000000 		.4byte	0xad
 517 037d 6C       		.byte	0x6c
 518 037e 07       		.uleb128 0x7
 519 037f 78040000 		.4byte	.LASF75
 520 0383 05       		.byte	0x5
 521 0384 79       		.byte	0x79
 522 0385 AD000000 		.4byte	0xad
 523 0389 6E       		.byte	0x6e
 524 038a 07       		.uleb128 0x7
 525 038b 66060000 		.4byte	.LASF76
 526 038f 05       		.byte	0x5
 527 0390 7B       		.byte	0x7b
 528 0391 97000000 		.4byte	0x97
 529 0395 70       		.byte	0x70
 530 0396 07       		.uleb128 0x7
 531 0397 EE010000 		.4byte	.LASF77
 532 039b 05       		.byte	0x5
 533 039c 7C       		.byte	0x7c
 534 039d 97000000 		.4byte	0x97
 535 03a1 71       		.byte	0x71
ARM GAS  C:\Users\cmila\AppData\Local\Temp\cc8LM3FF.s 			page 13


 536 03a2 07       		.uleb128 0x7
 537 03a3 64090000 		.4byte	.LASF78
 538 03a7 05       		.byte	0x5
 539 03a8 7D       		.byte	0x7d
 540 03a9 97000000 		.4byte	0x97
 541 03ad 72       		.byte	0x72
 542 03ae 07       		.uleb128 0x7
 543 03af 5B050000 		.4byte	.LASF79
 544 03b3 05       		.byte	0x5
 545 03b4 7E       		.byte	0x7e
 546 03b5 97000000 		.4byte	0x97
 547 03b9 73       		.byte	0x73
 548 03ba 07       		.uleb128 0x7
 549 03bb FA020000 		.4byte	.LASF80
 550 03bf 05       		.byte	0x5
 551 03c0 80       		.byte	0x80
 552 03c1 AD000000 		.4byte	0xad
 553 03c5 74       		.byte	0x74
 554 03c6 07       		.uleb128 0x7
 555 03c7 B7070000 		.4byte	.LASF81
 556 03cb 05       		.byte	0x5
 557 03cc 81       		.byte	0x81
 558 03cd AD000000 		.4byte	0xad
 559 03d1 76       		.byte	0x76
 560 03d2 07       		.uleb128 0x7
 561 03d3 88020000 		.4byte	.LASF82
 562 03d7 05       		.byte	0x5
 563 03d8 82       		.byte	0x82
 564 03d9 AD000000 		.4byte	0xad
 565 03dd 78       		.byte	0x78
 566 03de 07       		.uleb128 0x7
 567 03df A9000000 		.4byte	.LASF83
 568 03e3 05       		.byte	0x5
 569 03e4 83       		.byte	0x83
 570 03e5 AD000000 		.4byte	0xad
 571 03e9 7A       		.byte	0x7a
 572 03ea 07       		.uleb128 0x7
 573 03eb FA080000 		.4byte	.LASF84
 574 03ef 05       		.byte	0x5
 575 03f0 86       		.byte	0x86
 576 03f1 97000000 		.4byte	0x97
 577 03f5 7C       		.byte	0x7c
 578 03f6 07       		.uleb128 0x7
 579 03f7 73080000 		.4byte	.LASF85
 580 03fb 05       		.byte	0x5
 581 03fc 87       		.byte	0x87
 582 03fd 97000000 		.4byte	0x97
 583 0401 7D       		.byte	0x7d
 584 0402 07       		.uleb128 0x7
 585 0403 38000000 		.4byte	.LASF86
 586 0407 05       		.byte	0x5
 587 0408 88       		.byte	0x88
 588 0409 97000000 		.4byte	0x97
 589 040d 7E       		.byte	0x7e
 590 040e 07       		.uleb128 0x7
 591 040f 0C030000 		.4byte	.LASF87
 592 0413 05       		.byte	0x5
ARM GAS  C:\Users\cmila\AppData\Local\Temp\cc8LM3FF.s 			page 14


 593 0414 89       		.byte	0x89
 594 0415 97000000 		.4byte	0x97
 595 0419 7F       		.byte	0x7f
 596 041a 07       		.uleb128 0x7
 597 041b 89030000 		.4byte	.LASF88
 598 041f 05       		.byte	0x5
 599 0420 8A       		.byte	0x8a
 600 0421 97000000 		.4byte	0x97
 601 0425 80       		.byte	0x80
 602 0426 07       		.uleb128 0x7
 603 0427 5C080000 		.4byte	.LASF89
 604 042b 05       		.byte	0x5
 605 042c 8D       		.byte	0x8d
 606 042d B8000000 		.4byte	0xb8
 607 0431 84       		.byte	0x84
 608 0432 07       		.uleb128 0x7
 609 0433 BE000000 		.4byte	.LASF90
 610 0437 05       		.byte	0x5
 611 0438 8E       		.byte	0x8e
 612 0439 B8000000 		.4byte	0xb8
 613 043d 88       		.byte	0x88
 614 043e 07       		.uleb128 0x7
 615 043f E5080000 		.4byte	.LASF91
 616 0443 05       		.byte	0x5
 617 0444 8F       		.byte	0x8f
 618 0445 B8000000 		.4byte	0xb8
 619 0449 8C       		.byte	0x8c
 620 044a 07       		.uleb128 0x7
 621 044b 05050000 		.4byte	.LASF92
 622 044f 05       		.byte	0x5
 623 0450 90       		.byte	0x90
 624 0451 B8000000 		.4byte	0xb8
 625 0455 90       		.byte	0x90
 626 0456 07       		.uleb128 0x7
 627 0457 59030000 		.4byte	.LASF93
 628 045b 05       		.byte	0x5
 629 045c 91       		.byte	0x91
 630 045d B8000000 		.4byte	0xb8
 631 0461 94       		.byte	0x94
 632 0462 07       		.uleb128 0x7
 633 0463 CB040000 		.4byte	.LASF94
 634 0467 05       		.byte	0x5
 635 0468 92       		.byte	0x92
 636 0469 B8000000 		.4byte	0xb8
 637 046d 98       		.byte	0x98
 638 046e 07       		.uleb128 0x7
 639 046f 2D090000 		.4byte	.LASF95
 640 0473 05       		.byte	0x5
 641 0474 93       		.byte	0x93
 642 0475 B8000000 		.4byte	0xb8
 643 0479 9C       		.byte	0x9c
 644 047a 07       		.uleb128 0x7
 645 047b 6B010000 		.4byte	.LASF96
 646 047f 05       		.byte	0x5
 647 0480 94       		.byte	0x94
 648 0481 B8000000 		.4byte	0xb8
 649 0485 A0       		.byte	0xa0
ARM GAS  C:\Users\cmila\AppData\Local\Temp\cc8LM3FF.s 			page 15


 650 0486 07       		.uleb128 0x7
 651 0487 17020000 		.4byte	.LASF97
 652 048b 05       		.byte	0x5
 653 048c 95       		.byte	0x95
 654 048d AD000000 		.4byte	0xad
 655 0491 A4       		.byte	0xa4
 656 0492 07       		.uleb128 0x7
 657 0493 C6060000 		.4byte	.LASF98
 658 0497 05       		.byte	0x5
 659 0498 96       		.byte	0x96
 660 0499 AD000000 		.4byte	0xad
 661 049d A6       		.byte	0xa6
 662 049e 07       		.uleb128 0x7
 663 049f F9050000 		.4byte	.LASF99
 664 04a3 05       		.byte	0x5
 665 04a4 97       		.byte	0x97
 666 04a5 AD000000 		.4byte	0xad
 667 04a9 A8       		.byte	0xa8
 668 04aa 07       		.uleb128 0x7
 669 04ab 9E070000 		.4byte	.LASF100
 670 04af 05       		.byte	0x5
 671 04b0 98       		.byte	0x98
 672 04b1 AD000000 		.4byte	0xad
 673 04b5 AA       		.byte	0xaa
 674 04b6 07       		.uleb128 0x7
 675 04b7 61040000 		.4byte	.LASF101
 676 04bb 05       		.byte	0x5
 677 04bc 99       		.byte	0x99
 678 04bd AD000000 		.4byte	0xad
 679 04c1 AC       		.byte	0xac
 680 04c2 07       		.uleb128 0x7
 681 04c3 72050000 		.4byte	.LASF102
 682 04c7 05       		.byte	0x5
 683 04c8 9A       		.byte	0x9a
 684 04c9 AD000000 		.4byte	0xad
 685 04cd AE       		.byte	0xae
 686 04ce 07       		.uleb128 0x7
 687 04cf 29080000 		.4byte	.LASF103
 688 04d3 05       		.byte	0x5
 689 04d4 9D       		.byte	0x9d
 690 04d5 AD000000 		.4byte	0xad
 691 04d9 B0       		.byte	0xb0
 692 04da 07       		.uleb128 0x7
 693 04db 4B000000 		.4byte	.LASF104
 694 04df 05       		.byte	0x5
 695 04e0 9E       		.byte	0x9e
 696 04e1 B8000000 		.4byte	0xb8
 697 04e5 B4       		.byte	0xb4
 698 04e6 00       		.byte	0
 699 04e7 03       		.uleb128 0x3
 700 04e8 A1040000 		.4byte	.LASF105
 701 04ec 05       		.byte	0x5
 702 04ed 9F       		.byte	0x9f
 703 04ee D6000000 		.4byte	0xd6
 704 04f2 02       		.uleb128 0x2
 705 04f3 01       		.byte	0x1
 706 04f4 08       		.byte	0x8
ARM GAS  C:\Users\cmila\AppData\Local\Temp\cc8LM3FF.s 			page 16


 707 04f5 82070000 		.4byte	.LASF106
 708 04f9 02       		.uleb128 0x2
 709 04fa 04       		.byte	0x4
 710 04fb 04       		.byte	0x4
 711 04fc D8050000 		.4byte	.LASF107
 712 0500 02       		.uleb128 0x2
 713 0501 08       		.byte	0x8
 714 0502 04       		.byte	0x4
 715 0503 81020000 		.4byte	.LASF108
 716 0507 08       		.uleb128 0x8
 717 0508 04       		.byte	0x4
 718 0509 02       		.uleb128 0x2
 719 050a 01       		.byte	0x1
 720 050b 02       		.byte	0x2
 721 050c 34060000 		.4byte	.LASF109
 722 0510 09       		.uleb128 0x9
 723 0511 04       		.byte	0x4
 724 0512 16050000 		.4byte	0x516
 725 0516 0A       		.uleb128 0xa
 726 0517 21050000 		.4byte	0x521
 727 051b 0B       		.uleb128 0xb
 728 051c B8000000 		.4byte	0xb8
 729 0520 00       		.byte	0
 730 0521 0C       		.uleb128 0xc
 731 0522 09040000 		.4byte	.LASF110
 732 0526 06       		.byte	0x6
 733 0527 D901     		.2byte	0x1d9
 734 0529 10050000 		.4byte	0x510
 735 052d 0D       		.uleb128 0xd
 736 052e 7A090000 		.4byte	.LASF126
 737 0532 38       		.byte	0x38
 738 0533 06       		.byte	0x6
 739 0534 7502     		.2byte	0x275
 740 0536 F1050000 		.4byte	0x5f1
 741 053a 0E       		.uleb128 0xe
 742 053b 49040000 		.4byte	.LASF111
 743 053f 06       		.byte	0x6
 744 0540 7802     		.2byte	0x278
 745 0542 CA000000 		.4byte	0xca
 746 0546 00       		.byte	0
 747 0547 0E       		.uleb128 0xe
 748 0548 9C050000 		.4byte	.LASF112
 749 054c 06       		.byte	0x6
 750 054d 7902     		.2byte	0x279
 751 054f CA000000 		.4byte	0xca
 752 0553 04       		.byte	0x4
 753 0554 0E       		.uleb128 0xe
 754 0555 61010000 		.4byte	.LASF113
 755 0559 06       		.byte	0x6
 756 055a 7B02     		.2byte	0x27b
 757 055c 07050000 		.4byte	0x507
 758 0560 08       		.byte	0x8
 759 0561 0E       		.uleb128 0xe
 760 0562 E9070000 		.4byte	.LASF114
 761 0566 06       		.byte	0x6
 762 0567 7C02     		.2byte	0x27c
 763 0569 B8000000 		.4byte	0xb8
ARM GAS  C:\Users\cmila\AppData\Local\Temp\cc8LM3FF.s 			page 17


 764 056d 0C       		.byte	0xc
 765 056e 0E       		.uleb128 0xe
 766 056f BD040000 		.4byte	.LASF115
 767 0573 06       		.byte	0x6
 768 0574 7D02     		.2byte	0x27d
 769 0576 CA000000 		.4byte	0xca
 770 057a 10       		.byte	0x10
 771 057b 0E       		.uleb128 0xe
 772 057c 1F090000 		.4byte	.LASF116
 773 0580 06       		.byte	0x6
 774 0581 7E02     		.2byte	0x27e
 775 0583 CA000000 		.4byte	0xca
 776 0587 14       		.byte	0x14
 777 0588 0E       		.uleb128 0xe
 778 0589 8C080000 		.4byte	.LASF117
 779 058d 06       		.byte	0x6
 780 058e 8002     		.2byte	0x280
 781 0590 07050000 		.4byte	0x507
 782 0594 18       		.byte	0x18
 783 0595 0E       		.uleb128 0xe
 784 0596 1A000000 		.4byte	.LASF118
 785 059a 06       		.byte	0x6
 786 059b 8102     		.2byte	0x281
 787 059d B8000000 		.4byte	0xb8
 788 05a1 1C       		.byte	0x1c
 789 05a2 0E       		.uleb128 0xe
 790 05a3 50030000 		.4byte	.LASF119
 791 05a7 06       		.byte	0x6
 792 05a8 8202     		.2byte	0x282
 793 05aa CA000000 		.4byte	0xca
 794 05ae 20       		.byte	0x20
 795 05af 0E       		.uleb128 0xe
 796 05b0 81010000 		.4byte	.LASF120
 797 05b4 06       		.byte	0x6
 798 05b5 8402     		.2byte	0x284
 799 05b7 07050000 		.4byte	0x507
 800 05bb 24       		.byte	0x24
 801 05bc 0E       		.uleb128 0xe
 802 05bd 6E030000 		.4byte	.LASF121
 803 05c1 06       		.byte	0x6
 804 05c2 8502     		.2byte	0x285
 805 05c4 B8000000 		.4byte	0xb8
 806 05c8 28       		.byte	0x28
 807 05c9 0E       		.uleb128 0xe
 808 05ca 1B060000 		.4byte	.LASF122
 809 05ce 06       		.byte	0x6
 810 05cf 8602     		.2byte	0x286
 811 05d1 CA000000 		.4byte	0xca
 812 05d5 2C       		.byte	0x2c
 813 05d6 0E       		.uleb128 0xe
 814 05d7 6F040000 		.4byte	.LASF123
 815 05db 06       		.byte	0x6
 816 05dc 8B02     		.2byte	0x28b
 817 05de 21050000 		.4byte	0x521
 818 05e2 30       		.byte	0x30
 819 05e3 0E       		.uleb128 0xe
 820 05e4 84080000 		.4byte	.LASF124
ARM GAS  C:\Users\cmila\AppData\Local\Temp\cc8LM3FF.s 			page 18


 821 05e8 06       		.byte	0x6
 822 05e9 8E02     		.2byte	0x28e
 823 05eb B8000000 		.4byte	0xb8
 824 05ef 34       		.byte	0x34
 825 05f0 00       		.byte	0
 826 05f1 0C       		.uleb128 0xc
 827 05f2 9E080000 		.4byte	.LASF125
 828 05f6 06       		.byte	0x6
 829 05f7 9102     		.2byte	0x291
 830 05f9 2D050000 		.4byte	0x52d
 831 05fd 0F       		.uleb128 0xf
 832 05fe 1A050000 		.4byte	.LASF127
 833 0602 4C       		.byte	0x4c
 834 0603 07       		.byte	0x7
 835 0604 2F       		.byte	0x2f
 836 0605 EE060000 		.4byte	0x6ee
 837 0609 07       		.uleb128 0x7
 838 060a FC000000 		.4byte	.LASF128
 839 060e 07       		.byte	0x7
 840 060f 31       		.byte	0x31
 841 0610 B8000000 		.4byte	0xb8
 842 0614 00       		.byte	0
 843 0615 07       		.uleb128 0x7
 844 0616 42010000 		.4byte	.LASF129
 845 061a 07       		.byte	0x7
 846 061b 33       		.byte	0x33
 847 061c B8000000 		.4byte	0xb8
 848 0620 04       		.byte	0x4
 849 0621 07       		.uleb128 0x7
 850 0622 12000000 		.4byte	.LASF130
 851 0626 07       		.byte	0x7
 852 0627 34       		.byte	0x34
 853 0628 B8000000 		.4byte	0xb8
 854 062c 08       		.byte	0x8
 855 062d 07       		.uleb128 0x7
 856 062e D5000000 		.4byte	.LASF131
 857 0632 07       		.byte	0x7
 858 0633 35       		.byte	0x35
 859 0634 B8000000 		.4byte	0xb8
 860 0638 0C       		.byte	0xc
 861 0639 07       		.uleb128 0x7
 862 063a 8E060000 		.4byte	.LASF132
 863 063e 07       		.byte	0x7
 864 063f 37       		.byte	0x37
 865 0640 B8000000 		.4byte	0xb8
 866 0644 10       		.byte	0x10
 867 0645 07       		.uleb128 0x7
 868 0646 6D070000 		.4byte	.LASF133
 869 064a 07       		.byte	0x7
 870 064b 38       		.byte	0x38
 871 064c B8000000 		.4byte	0xb8
 872 0650 14       		.byte	0x14
 873 0651 07       		.uleb128 0x7
 874 0652 53080000 		.4byte	.LASF134
 875 0656 07       		.byte	0x7
 876 0657 39       		.byte	0x39
 877 0658 B8000000 		.4byte	0xb8
ARM GAS  C:\Users\cmila\AppData\Local\Temp\cc8LM3FF.s 			page 19


 878 065c 18       		.byte	0x18
 879 065d 07       		.uleb128 0x7
 880 065e F7030000 		.4byte	.LASF135
 881 0662 07       		.byte	0x7
 882 0663 3A       		.byte	0x3a
 883 0664 09050000 		.4byte	0x509
 884 0668 1C       		.byte	0x1c
 885 0669 07       		.uleb128 0x7
 886 066a 78030000 		.4byte	.LASF136
 887 066e 07       		.byte	0x7
 888 066f 3C       		.byte	0x3c
 889 0670 B8000000 		.4byte	0xb8
 890 0674 20       		.byte	0x20
 891 0675 07       		.uleb128 0x7
 892 0676 E9020000 		.4byte	.LASF137
 893 067a 07       		.byte	0x7
 894 067b 3D       		.byte	0x3d
 895 067c B8000000 		.4byte	0xb8
 896 0680 24       		.byte	0x24
 897 0681 07       		.uleb128 0x7
 898 0682 0F010000 		.4byte	.LASF138
 899 0686 07       		.byte	0x7
 900 0687 3F       		.byte	0x3f
 901 0688 B8000000 		.4byte	0xb8
 902 068c 28       		.byte	0x28
 903 068d 07       		.uleb128 0x7
 904 068e 0F090000 		.4byte	.LASF139
 905 0692 07       		.byte	0x7
 906 0693 40       		.byte	0x40
 907 0694 B8000000 		.4byte	0xb8
 908 0698 2C       		.byte	0x2c
 909 0699 07       		.uleb128 0x7
 910 069a F7070000 		.4byte	.LASF140
 911 069e 07       		.byte	0x7
 912 069f 42       		.byte	0x42
 913 06a0 B8000000 		.4byte	0xb8
 914 06a4 30       		.byte	0x30
 915 06a5 07       		.uleb128 0x7
 916 06a6 37080000 		.4byte	.LASF141
 917 06aa 07       		.byte	0x7
 918 06ab 43       		.byte	0x43
 919 06ac B8000000 		.4byte	0xb8
 920 06b0 34       		.byte	0x34
 921 06b1 07       		.uleb128 0x7
 922 06b2 E1040000 		.4byte	.LASF142
 923 06b6 07       		.byte	0x7
 924 06b7 45       		.byte	0x45
 925 06b8 B8000000 		.4byte	0xb8
 926 06bc 38       		.byte	0x38
 927 06bd 07       		.uleb128 0x7
 928 06be E4000000 		.4byte	.LASF143
 929 06c2 07       		.byte	0x7
 930 06c3 46       		.byte	0x46
 931 06c4 B8000000 		.4byte	0xb8
 932 06c8 3C       		.byte	0x3c
 933 06c9 07       		.uleb128 0x7
 934 06ca 1F080000 		.4byte	.LASF144
ARM GAS  C:\Users\cmila\AppData\Local\Temp\cc8LM3FF.s 			page 20


 935 06ce 07       		.byte	0x7
 936 06cf 48       		.byte	0x48
 937 06d0 B8000000 		.4byte	0xb8
 938 06d4 40       		.byte	0x40
 939 06d5 07       		.uleb128 0x7
 940 06d6 43090000 		.4byte	.LASF145
 941 06da 07       		.byte	0x7
 942 06db 49       		.byte	0x49
 943 06dc B8000000 		.4byte	0xb8
 944 06e0 44       		.byte	0x44
 945 06e1 07       		.uleb128 0x7
 946 06e2 87070000 		.4byte	.LASF146
 947 06e6 07       		.byte	0x7
 948 06e7 4B       		.byte	0x4b
 949 06e8 B8000000 		.4byte	0xb8
 950 06ec 48       		.byte	0x48
 951 06ed 00       		.byte	0
 952 06ee 03       		.uleb128 0x3
 953 06ef D0010000 		.4byte	.LASF147
 954 06f3 07       		.byte	0x7
 955 06f4 4C       		.byte	0x4c
 956 06f5 FD050000 		.4byte	0x5fd
 957 06f9 10       		.uleb128 0x10
 958 06fa CB050000 		.4byte	.LASF155
 959 06fe 02       		.byte	0x2
 960 06ff 81       		.byte	0x81
 961 0700 03       		.byte	0x3
 962 0701 11       		.uleb128 0x11
 963 0702 A8020000 		.4byte	.LASF156
 964 0706 01       		.byte	0x1
 965 0707 0E       		.byte	0xe
 966 0708 89000000 		.4byte	0x89
 967 070c 00000000 		.4byte	.LFB494
 968 0710 10000000 		.4byte	.LFE494-.LFB494
 969 0714 01       		.uleb128 0x1
 970 0715 9C       		.byte	0x9c
 971 0716 3D070000 		.4byte	0x73d
 972 071a 12       		.uleb128 0x12
 973 071b F9060000 		.4byte	0x6f9
 974 071f 02000000 		.4byte	.LBB4
 975 0723 02000000 		.4byte	.LBE4-.LBB4
 976 0727 01       		.byte	0x1
 977 0728 10       		.byte	0x10
 978 0729 13       		.uleb128 0x13
 979 072a 0A000000 		.4byte	.LVL0
 980 072e 79070000 		.4byte	0x779
 981 0732 14       		.uleb128 0x14
 982 0733 01       		.uleb128 0x1
 983 0734 50       		.byte	0x50
 984 0735 05       		.uleb128 0x5
 985 0736 0C       		.byte	0xc
 986 0737 00000810 		.4byte	0x10080000
 987 073b 00       		.byte	0
 988 073c 00       		.byte	0
 989 073d 15       		.uleb128 0x15
 990 073e EF050000 		.4byte	.LASF148
 991 0742 05       		.byte	0x5
ARM GAS  C:\Users\cmila\AppData\Local\Temp\cc8LM3FF.s 			page 21


 992 0743 A7       		.byte	0xa7
 993 0744 48070000 		.4byte	0x748
 994 0748 09       		.uleb128 0x9
 995 0749 04       		.byte	0x4
 996 074a 4E070000 		.4byte	0x74e
 997 074e 16       		.uleb128 0x16
 998 074f E7040000 		.4byte	0x4e7
 999 0753 15       		.uleb128 0x15
 1000 0754 87010000 		.4byte	.LASF149
 1001 0758 08       		.byte	0x8
 1002 0759 1F       		.byte	0x1f
 1003 075a 5E070000 		.4byte	0x75e
 1004 075e 16       		.uleb128 0x16
 1005 075f EE060000 		.4byte	0x6ee
 1006 0763 15       		.uleb128 0x15
 1007 0764 28040000 		.4byte	.LASF150
 1008 0768 09       		.byte	0x9
 1009 0769 87       		.byte	0x87
 1010 076a F1050000 		.4byte	0x5f1
 1011 076e 15       		.uleb128 0x15
 1012 076f 1C010000 		.4byte	.LASF151
 1013 0773 0A       		.byte	0xa
 1014 0774 1F       		.byte	0x1f
 1015 0775 5E070000 		.4byte	0x75e
 1016 0779 17       		.uleb128 0x17
 1017 077a 85040000 		.4byte	.LASF157
 1018 077e 85040000 		.4byte	.LASF157
 1019 0782 0B       		.byte	0xb
 1020 0783 2502     		.2byte	0x225
 1021 0785 00       		.byte	0
 1022              		.section	.debug_abbrev,"",%progbits
 1023              	.Ldebug_abbrev0:
 1024 0000 01       		.uleb128 0x1
 1025 0001 11       		.uleb128 0x11
 1026 0002 01       		.byte	0x1
 1027 0003 25       		.uleb128 0x25
 1028 0004 0E       		.uleb128 0xe
 1029 0005 13       		.uleb128 0x13
 1030 0006 0B       		.uleb128 0xb
 1031 0007 03       		.uleb128 0x3
 1032 0008 0E       		.uleb128 0xe
 1033 0009 1B       		.uleb128 0x1b
 1034 000a 0E       		.uleb128 0xe
 1035 000b 55       		.uleb128 0x55
 1036 000c 17       		.uleb128 0x17
 1037 000d 11       		.uleb128 0x11
 1038 000e 01       		.uleb128 0x1
 1039 000f 10       		.uleb128 0x10
 1040 0010 17       		.uleb128 0x17
 1041 0011 00       		.byte	0
 1042 0012 00       		.byte	0
 1043 0013 02       		.uleb128 0x2
 1044 0014 24       		.uleb128 0x24
 1045 0015 00       		.byte	0
 1046 0016 0B       		.uleb128 0xb
 1047 0017 0B       		.uleb128 0xb
 1048 0018 3E       		.uleb128 0x3e
ARM GAS  C:\Users\cmila\AppData\Local\Temp\cc8LM3FF.s 			page 22


 1049 0019 0B       		.uleb128 0xb
 1050 001a 03       		.uleb128 0x3
 1051 001b 0E       		.uleb128 0xe
 1052 001c 00       		.byte	0
 1053 001d 00       		.byte	0
 1054 001e 03       		.uleb128 0x3
 1055 001f 16       		.uleb128 0x16
 1056 0020 00       		.byte	0
 1057 0021 03       		.uleb128 0x3
 1058 0022 0E       		.uleb128 0xe
 1059 0023 3A       		.uleb128 0x3a
 1060 0024 0B       		.uleb128 0xb
 1061 0025 3B       		.uleb128 0x3b
 1062 0026 0B       		.uleb128 0xb
 1063 0027 49       		.uleb128 0x49
 1064 0028 13       		.uleb128 0x13
 1065 0029 00       		.byte	0
 1066 002a 00       		.byte	0
 1067 002b 04       		.uleb128 0x4
 1068 002c 24       		.uleb128 0x24
 1069 002d 00       		.byte	0
 1070 002e 0B       		.uleb128 0xb
 1071 002f 0B       		.uleb128 0xb
 1072 0030 3E       		.uleb128 0x3e
 1073 0031 0B       		.uleb128 0xb
 1074 0032 03       		.uleb128 0x3
 1075 0033 08       		.uleb128 0x8
 1076 0034 00       		.byte	0
 1077 0035 00       		.byte	0
 1078 0036 05       		.uleb128 0x5
 1079 0037 35       		.uleb128 0x35
 1080 0038 00       		.byte	0
 1081 0039 49       		.uleb128 0x49
 1082 003a 13       		.uleb128 0x13
 1083 003b 00       		.byte	0
 1084 003c 00       		.byte	0
 1085 003d 06       		.uleb128 0x6
 1086 003e 13       		.uleb128 0x13
 1087 003f 01       		.byte	0x1
 1088 0040 0B       		.uleb128 0xb
 1089 0041 0B       		.uleb128 0xb
 1090 0042 3A       		.uleb128 0x3a
 1091 0043 0B       		.uleb128 0xb
 1092 0044 3B       		.uleb128 0x3b
 1093 0045 0B       		.uleb128 0xb
 1094 0046 01       		.uleb128 0x1
 1095 0047 13       		.uleb128 0x13
 1096 0048 00       		.byte	0
 1097 0049 00       		.byte	0
 1098 004a 07       		.uleb128 0x7
 1099 004b 0D       		.uleb128 0xd
 1100 004c 00       		.byte	0
 1101 004d 03       		.uleb128 0x3
 1102 004e 0E       		.uleb128 0xe
 1103 004f 3A       		.uleb128 0x3a
 1104 0050 0B       		.uleb128 0xb
 1105 0051 3B       		.uleb128 0x3b
ARM GAS  C:\Users\cmila\AppData\Local\Temp\cc8LM3FF.s 			page 23


 1106 0052 0B       		.uleb128 0xb
 1107 0053 49       		.uleb128 0x49
 1108 0054 13       		.uleb128 0x13
 1109 0055 38       		.uleb128 0x38
 1110 0056 0B       		.uleb128 0xb
 1111 0057 00       		.byte	0
 1112 0058 00       		.byte	0
 1113 0059 08       		.uleb128 0x8
 1114 005a 0F       		.uleb128 0xf
 1115 005b 00       		.byte	0
 1116 005c 0B       		.uleb128 0xb
 1117 005d 0B       		.uleb128 0xb
 1118 005e 00       		.byte	0
 1119 005f 00       		.byte	0
 1120 0060 09       		.uleb128 0x9
 1121 0061 0F       		.uleb128 0xf
 1122 0062 00       		.byte	0
 1123 0063 0B       		.uleb128 0xb
 1124 0064 0B       		.uleb128 0xb
 1125 0065 49       		.uleb128 0x49
 1126 0066 13       		.uleb128 0x13
 1127 0067 00       		.byte	0
 1128 0068 00       		.byte	0
 1129 0069 0A       		.uleb128 0xa
 1130 006a 15       		.uleb128 0x15
 1131 006b 01       		.byte	0x1
 1132 006c 27       		.uleb128 0x27
 1133 006d 19       		.uleb128 0x19
 1134 006e 01       		.uleb128 0x1
 1135 006f 13       		.uleb128 0x13
 1136 0070 00       		.byte	0
 1137 0071 00       		.byte	0
 1138 0072 0B       		.uleb128 0xb
 1139 0073 05       		.uleb128 0x5
 1140 0074 00       		.byte	0
 1141 0075 49       		.uleb128 0x49
 1142 0076 13       		.uleb128 0x13
 1143 0077 00       		.byte	0
 1144 0078 00       		.byte	0
 1145 0079 0C       		.uleb128 0xc
 1146 007a 16       		.uleb128 0x16
 1147 007b 00       		.byte	0
 1148 007c 03       		.uleb128 0x3
 1149 007d 0E       		.uleb128 0xe
 1150 007e 3A       		.uleb128 0x3a
 1151 007f 0B       		.uleb128 0xb
 1152 0080 3B       		.uleb128 0x3b
 1153 0081 05       		.uleb128 0x5
 1154 0082 49       		.uleb128 0x49
 1155 0083 13       		.uleb128 0x13
 1156 0084 00       		.byte	0
 1157 0085 00       		.byte	0
 1158 0086 0D       		.uleb128 0xd
 1159 0087 13       		.uleb128 0x13
 1160 0088 01       		.byte	0x1
 1161 0089 03       		.uleb128 0x3
 1162 008a 0E       		.uleb128 0xe
ARM GAS  C:\Users\cmila\AppData\Local\Temp\cc8LM3FF.s 			page 24


 1163 008b 0B       		.uleb128 0xb
 1164 008c 0B       		.uleb128 0xb
 1165 008d 3A       		.uleb128 0x3a
 1166 008e 0B       		.uleb128 0xb
 1167 008f 3B       		.uleb128 0x3b
 1168 0090 05       		.uleb128 0x5
 1169 0091 01       		.uleb128 0x1
 1170 0092 13       		.uleb128 0x13
 1171 0093 00       		.byte	0
 1172 0094 00       		.byte	0
 1173 0095 0E       		.uleb128 0xe
 1174 0096 0D       		.uleb128 0xd
 1175 0097 00       		.byte	0
 1176 0098 03       		.uleb128 0x3
 1177 0099 0E       		.uleb128 0xe
 1178 009a 3A       		.uleb128 0x3a
 1179 009b 0B       		.uleb128 0xb
 1180 009c 3B       		.uleb128 0x3b
 1181 009d 05       		.uleb128 0x5
 1182 009e 49       		.uleb128 0x49
 1183 009f 13       		.uleb128 0x13
 1184 00a0 38       		.uleb128 0x38
 1185 00a1 0B       		.uleb128 0xb
 1186 00a2 00       		.byte	0
 1187 00a3 00       		.byte	0
 1188 00a4 0F       		.uleb128 0xf
 1189 00a5 13       		.uleb128 0x13
 1190 00a6 01       		.byte	0x1
 1191 00a7 03       		.uleb128 0x3
 1192 00a8 0E       		.uleb128 0xe
 1193 00a9 0B       		.uleb128 0xb
 1194 00aa 0B       		.uleb128 0xb
 1195 00ab 3A       		.uleb128 0x3a
 1196 00ac 0B       		.uleb128 0xb
 1197 00ad 3B       		.uleb128 0x3b
 1198 00ae 0B       		.uleb128 0xb
 1199 00af 01       		.uleb128 0x1
 1200 00b0 13       		.uleb128 0x13
 1201 00b1 00       		.byte	0
 1202 00b2 00       		.byte	0
 1203 00b3 10       		.uleb128 0x10
 1204 00b4 2E       		.uleb128 0x2e
 1205 00b5 00       		.byte	0
 1206 00b6 03       		.uleb128 0x3
 1207 00b7 0E       		.uleb128 0xe
 1208 00b8 3A       		.uleb128 0x3a
 1209 00b9 0B       		.uleb128 0xb
 1210 00ba 3B       		.uleb128 0x3b
 1211 00bb 0B       		.uleb128 0xb
 1212 00bc 27       		.uleb128 0x27
 1213 00bd 19       		.uleb128 0x19
 1214 00be 20       		.uleb128 0x20
 1215 00bf 0B       		.uleb128 0xb
 1216 00c0 00       		.byte	0
 1217 00c1 00       		.byte	0
 1218 00c2 11       		.uleb128 0x11
 1219 00c3 2E       		.uleb128 0x2e
ARM GAS  C:\Users\cmila\AppData\Local\Temp\cc8LM3FF.s 			page 25


 1220 00c4 01       		.byte	0x1
 1221 00c5 3F       		.uleb128 0x3f
 1222 00c6 19       		.uleb128 0x19
 1223 00c7 03       		.uleb128 0x3
 1224 00c8 0E       		.uleb128 0xe
 1225 00c9 3A       		.uleb128 0x3a
 1226 00ca 0B       		.uleb128 0xb
 1227 00cb 3B       		.uleb128 0x3b
 1228 00cc 0B       		.uleb128 0xb
 1229 00cd 27       		.uleb128 0x27
 1230 00ce 19       		.uleb128 0x19
 1231 00cf 49       		.uleb128 0x49
 1232 00d0 13       		.uleb128 0x13
 1233 00d1 8701     		.uleb128 0x87
 1234 00d3 19       		.uleb128 0x19
 1235 00d4 11       		.uleb128 0x11
 1236 00d5 01       		.uleb128 0x1
 1237 00d6 12       		.uleb128 0x12
 1238 00d7 06       		.uleb128 0x6
 1239 00d8 40       		.uleb128 0x40
 1240 00d9 18       		.uleb128 0x18
 1241 00da 9742     		.uleb128 0x2117
 1242 00dc 19       		.uleb128 0x19
 1243 00dd 01       		.uleb128 0x1
 1244 00de 13       		.uleb128 0x13
 1245 00df 00       		.byte	0
 1246 00e0 00       		.byte	0
 1247 00e1 12       		.uleb128 0x12
 1248 00e2 1D       		.uleb128 0x1d
 1249 00e3 00       		.byte	0
 1250 00e4 31       		.uleb128 0x31
 1251 00e5 13       		.uleb128 0x13
 1252 00e6 11       		.uleb128 0x11
 1253 00e7 01       		.uleb128 0x1
 1254 00e8 12       		.uleb128 0x12
 1255 00e9 06       		.uleb128 0x6
 1256 00ea 58       		.uleb128 0x58
 1257 00eb 0B       		.uleb128 0xb
 1258 00ec 59       		.uleb128 0x59
 1259 00ed 0B       		.uleb128 0xb
 1260 00ee 00       		.byte	0
 1261 00ef 00       		.byte	0
 1262 00f0 13       		.uleb128 0x13
 1263 00f1 898201   		.uleb128 0x4109
 1264 00f4 01       		.byte	0x1
 1265 00f5 11       		.uleb128 0x11
 1266 00f6 01       		.uleb128 0x1
 1267 00f7 31       		.uleb128 0x31
 1268 00f8 13       		.uleb128 0x13
 1269 00f9 00       		.byte	0
 1270 00fa 00       		.byte	0
 1271 00fb 14       		.uleb128 0x14
 1272 00fc 8A8201   		.uleb128 0x410a
 1273 00ff 00       		.byte	0
 1274 0100 02       		.uleb128 0x2
 1275 0101 18       		.uleb128 0x18
 1276 0102 9142     		.uleb128 0x2111
ARM GAS  C:\Users\cmila\AppData\Local\Temp\cc8LM3FF.s 			page 26


 1277 0104 18       		.uleb128 0x18
 1278 0105 00       		.byte	0
 1279 0106 00       		.byte	0
 1280 0107 15       		.uleb128 0x15
 1281 0108 34       		.uleb128 0x34
 1282 0109 00       		.byte	0
 1283 010a 03       		.uleb128 0x3
 1284 010b 0E       		.uleb128 0xe
 1285 010c 3A       		.uleb128 0x3a
 1286 010d 0B       		.uleb128 0xb
 1287 010e 3B       		.uleb128 0x3b
 1288 010f 0B       		.uleb128 0xb
 1289 0110 49       		.uleb128 0x49
 1290 0111 13       		.uleb128 0x13
 1291 0112 3F       		.uleb128 0x3f
 1292 0113 19       		.uleb128 0x19
 1293 0114 3C       		.uleb128 0x3c
 1294 0115 19       		.uleb128 0x19
 1295 0116 00       		.byte	0
 1296 0117 00       		.byte	0
 1297 0118 16       		.uleb128 0x16
 1298 0119 26       		.uleb128 0x26
 1299 011a 00       		.byte	0
 1300 011b 49       		.uleb128 0x49
 1301 011c 13       		.uleb128 0x13
 1302 011d 00       		.byte	0
 1303 011e 00       		.byte	0
 1304 011f 17       		.uleb128 0x17
 1305 0120 2E       		.uleb128 0x2e
 1306 0121 00       		.byte	0
 1307 0122 3F       		.uleb128 0x3f
 1308 0123 19       		.uleb128 0x19
 1309 0124 3C       		.uleb128 0x3c
 1310 0125 19       		.uleb128 0x19
 1311 0126 6E       		.uleb128 0x6e
 1312 0127 0E       		.uleb128 0xe
 1313 0128 03       		.uleb128 0x3
 1314 0129 0E       		.uleb128 0xe
 1315 012a 3A       		.uleb128 0x3a
 1316 012b 0B       		.uleb128 0xb
 1317 012c 3B       		.uleb128 0x3b
 1318 012d 05       		.uleb128 0x5
 1319 012e 00       		.byte	0
 1320 012f 00       		.byte	0
 1321 0130 00       		.byte	0
 1322              		.section	.debug_aranges,"",%progbits
 1323 0000 1C000000 		.4byte	0x1c
 1324 0004 0200     		.2byte	0x2
 1325 0006 00000000 		.4byte	.Ldebug_info0
 1326 000a 04       		.byte	0x4
 1327 000b 00       		.byte	0
 1328 000c 0000     		.2byte	0
 1329 000e 0000     		.2byte	0
 1330 0010 00000000 		.4byte	.LFB494
 1331 0014 10000000 		.4byte	.LFE494-.LFB494
 1332 0018 00000000 		.4byte	0
 1333 001c 00000000 		.4byte	0
ARM GAS  C:\Users\cmila\AppData\Local\Temp\cc8LM3FF.s 			page 27


 1334              		.section	.debug_ranges,"",%progbits
 1335              	.Ldebug_ranges0:
 1336 0000 00000000 		.4byte	.LFB494
 1337 0004 10000000 		.4byte	.LFE494
 1338 0008 00000000 		.4byte	0
 1339 000c 00000000 		.4byte	0
 1340              		.section	.debug_line,"",%progbits
 1341              	.Ldebug_line0:
 1342 0000 96020000 		.section	.debug_str,"MS",%progbits,1
 1342      02007502 
 1342      00000201 
 1342      FB0E0D00 
 1342      01010101 
 1343              	.LASF54:
 1344 0000 70726F74 		.ascii	"protBusMasterMask\000"
 1344      4275734D 
 1344      61737465 
 1344      724D6173 
 1344      6B00
 1345              	.LASF130:
 1346 0012 72756E4D 		.ascii	"runMode\000"
 1346      6F646500 
 1347              	.LASF118:
 1348 001a 72784275 		.ascii	"rxBufSize\000"
 1348      6653697A 
 1348      6500
 1349              	.LASF64:
 1350 0024 666C6173 		.ascii	"flashCtlMainWs3Freq\000"
 1350      6843746C 
 1350      4D61696E 
 1350      57733346 
 1350      72657100 
 1351              	.LASF86:
 1352 0038 6770696F 		.ascii	"gpioPrtCfgInOffset\000"
 1352      50727443 
 1352      6667496E 
 1352      4F666673 
 1352      657400
 1353              	.LASF104:
 1354 004b 6970634C 		.ascii	"ipcLockStatusOffset\000"
 1354      6F636B53 
 1354      74617475 
 1354      734F6666 
 1354      73657400 
 1355              	.LASF30:
 1356 005f 63727970 		.ascii	"cryptoVersion\000"
 1356      746F5665 
 1356      7273696F 
 1356      6E00
 1357              	.LASF68:
 1358 006d 64774368 		.ascii	"dwChCtlPrioPos\000"
 1358      43746C50 
 1358      72696F50 
 1358      6F7300
 1359              	.LASF26:
 1360 007c 70617373 		.ascii	"passBase\000"
 1360      42617365 
ARM GAS  C:\Users\cmila\AppData\Local\Temp\cc8LM3FF.s 			page 28


 1360      00
 1361              	.LASF153:
 1362 0085 6D61696E 		.ascii	"main_cm0p.c\000"
 1362      5F636D30 
 1362      702E6300 
 1363              	.LASF39:
 1364 0091 63707573 		.ascii	"cpussIpcIrqNr\000"
 1364      73497063 
 1364      4972714E 
 1364      7200
 1365              	.LASF3:
 1366 009f 5F5F7569 		.ascii	"__uint8_t\000"
 1366      6E74385F 
 1366      7400
 1367              	.LASF83:
 1368 00a9 70657269 		.ascii	"periDiv24_5CtlOffset\000"
 1368      44697632 
 1368      345F3543 
 1368      746C4F66 
 1368      66736574 
 1369              	.LASF90:
 1370 00be 63707573 		.ascii	"cpussCm4ClockCtlOffset\000"
 1370      73436D34 
 1370      436C6F63 
 1370      6B43746C 
 1370      4F666673 
 1371              	.LASF131:
 1372 00d5 636F756E 		.ascii	"countDirection\000"
 1372      74446972 
 1372      65637469 
 1372      6F6E00
 1373              	.LASF143:
 1374 00e4 73746F70 		.ascii	"stopInputMode\000"
 1374      496E7075 
 1374      744D6F64 
 1374      6500
 1375              	.LASF19:
 1376 00f2 63707573 		.ascii	"cpussBase\000"
 1376      73426173 
 1376      6500
 1377              	.LASF128:
 1378 00fc 70657269 		.ascii	"period\000"
 1378      6F6400
 1379              	.LASF48:
 1380 0103 70657269 		.ascii	"periClockNr\000"
 1380      436C6F63 
 1380      6B4E7200 
 1381              	.LASF138:
 1382 010f 63617074 		.ascii	"captureInput\000"
 1382      75726549 
 1382      6E707574 
 1382      00
 1383              	.LASF151:
 1384 011c 54696D65 		.ascii	"Timer_1_config\000"
 1384      725F315F 
 1384      636F6E66 
 1384      696700
ARM GAS  C:\Users\cmila\AppData\Local\Temp\cc8LM3FF.s 			page 29


 1385              	.LASF11:
 1386 012b 6C6F6E67 		.ascii	"long long unsigned int\000"
 1386      206C6F6E 
 1386      6720756E 
 1386      7369676E 
 1386      65642069 
 1387              	.LASF129:
 1388 0142 636C6F63 		.ascii	"clockPrescaler\000"
 1388      6B507265 
 1388      7363616C 
 1388      657200
 1389              	.LASF72:
 1390 0151 70657269 		.ascii	"periTrCmdOffset\000"
 1390      5472436D 
 1390      644F6666 
 1390      73657400 
 1391              	.LASF113:
 1392 0161 72785269 		.ascii	"rxRingBuf\000"
 1392      6E674275 
 1392      6600
 1393              	.LASF96:
 1394 016b 63707573 		.ascii	"cpussSysTickCtlOffset\000"
 1394      73537973 
 1394      5469636B 
 1394      43746C4F 
 1394      66667365 
 1395              	.LASF120:
 1396 0181 74784275 		.ascii	"txBuf\000"
 1396      6600
 1397              	.LASF149:
 1398 0187 54696D65 		.ascii	"Timer_config\000"
 1398      725F636F 
 1398      6E666967 
 1398      00
 1399              	.LASF57:
 1400 0194 666C6173 		.ascii	"flashPipeRequired\000"
 1400      68506970 
 1400      65526571 
 1400      75697265 
 1400      6400
 1401              	.LASF61:
 1402 01a6 666C6173 		.ascii	"flashCtlMainWs0Freq\000"
 1402      6843746C 
 1402      4D61696E 
 1402      57733046 
 1402      72657100 
 1403              	.LASF14:
 1404 01ba 696E7431 		.ascii	"int16_t\000"
 1404      365F7400 
 1405              	.LASF10:
 1406 01c2 6C6F6E67 		.ascii	"long long int\000"
 1406      206C6F6E 
 1406      6720696E 
 1406      7400
 1407              	.LASF147:
 1408 01d0 63795F73 		.ascii	"cy_stc_tcpwm_counter_config_t\000"
 1408      74635F74 
ARM GAS  C:\Users\cmila\AppData\Local\Temp\cc8LM3FF.s 			page 30


 1408      6370776D 
 1408      5F636F75 
 1408      6E746572 
 1409              	.LASF77:
 1410 01ee 70657269 		.ascii	"periDivCmdTypeSelPos\000"
 1410      44697643 
 1410      6D645479 
 1410      70655365 
 1410      6C506F73 
 1411              	.LASF23:
 1412 0203 70726F74 		.ascii	"protBase\000"
 1412      42617365 
 1412      00
 1413              	.LASF35:
 1414 020c 69706356 		.ascii	"ipcVersion\000"
 1414      65727369 
 1414      6F6E00
 1415              	.LASF97:
 1416 0217 63707573 		.ascii	"cpussCm0NmiCtlOffset\000"
 1416      73436D30 
 1416      4E6D6943 
 1416      746C4F66 
 1416      66736574 
 1417              	.LASF45:
 1418 022c 73727373 		.ascii	"srssNumClkpath\000"
 1418      4E756D43 
 1418      6C6B7061 
 1418      746800
 1419              	.LASF24:
 1420 023b 6873696F 		.ascii	"hsiomBase\000"
 1420      6D426173 
 1420      6500
 1421              	.LASF7:
 1422 0245 6C6F6E67 		.ascii	"long int\000"
 1422      20696E74 
 1422      00
 1423              	.LASF55:
 1424 024e 63727970 		.ascii	"cryptoMemSize\000"
 1424      746F4D65 
 1424      6D53697A 
 1424      6500
 1425              	.LASF21:
 1426 025c 70657269 		.ascii	"periBase\000"
 1426      42617365 
 1426      00
 1427              	.LASF53:
 1428 0265 73797350 		.ascii	"sysPmSimoPresent\000"
 1428      6D53696D 
 1428      6F507265 
 1428      73656E74 
 1428      00
 1429              	.LASF43:
 1430 0276 63707573 		.ascii	"cpussFmIrq\000"
 1430      73466D49 
 1430      727100
 1431              	.LASF108:
 1432 0281 646F7562 		.ascii	"double\000"
ARM GAS  C:\Users\cmila\AppData\Local\Temp\cc8LM3FF.s 			page 31


 1432      6C6500
 1433              	.LASF82:
 1434 0288 70657269 		.ascii	"periDiv16_5CtlOffset\000"
 1434      44697631 
 1434      365F3543 
 1434      746C4F66 
 1434      66736574 
 1435              	.LASF46:
 1436 029d 73727373 		.ascii	"srssNumPll\000"
 1436      4E756D50 
 1436      6C6C00
 1437              	.LASF156:
 1438 02a8 6D61696E 		.ascii	"main\000"
 1438      00
 1439              	.LASF154:
 1440 02ad 433A5C55 		.ascii	"C:\\Users\\cmila\\Documents\\PSoC Creator\\timers\\"
 1440      73657273 
 1440      5C636D69 
 1440      6C615C44 
 1440      6F63756D 
 1441 02da 44657369 		.ascii	"Design01.cydsn\000"
 1441      676E3031 
 1441      2E637964 
 1441      736E00
 1442              	.LASF137:
 1443 02e9 63617074 		.ascii	"captureInputMode\000"
 1443      75726549 
 1443      6E707574 
 1443      4D6F6465 
 1443      00
 1444              	.LASF80:
 1445 02fa 70657269 		.ascii	"periDiv8CtlOffset\000"
 1445      44697638 
 1445      43746C4F 
 1445      66667365 
 1445      7400
 1446              	.LASF87:
 1447 030c 6770696F 		.ascii	"gpioPrtCfgOutOffset\000"
 1447      50727443 
 1447      66674F75 
 1447      744F6666 
 1447      73657400 
 1448              	.LASF20:
 1449 0320 666C6173 		.ascii	"flashcBase\000"
 1449      68634261 
 1449      736500
 1450              	.LASF8:
 1451 032b 5F5F7569 		.ascii	"__uint32_t\000"
 1451      6E743332 
 1451      5F7400
 1452              	.LASF50:
 1453 0336 70617373 		.ascii	"passSarChannels\000"
 1453      53617243 
 1453      68616E6E 
 1453      656C7300 
 1454              	.LASF4:
 1455 0346 5F5F696E 		.ascii	"__int16_t\000"
ARM GAS  C:\Users\cmila\AppData\Local\Temp\cc8LM3FF.s 			page 32


 1455      7431365F 
 1455      7400
 1456              	.LASF119:
 1457 0350 72784275 		.ascii	"rxBufIdx\000"
 1457      66496478 
 1457      00
 1458              	.LASF93:
 1459 0359 63707573 		.ascii	"cpussCm4PwrCtlOffset\000"
 1459      73436D34 
 1459      50777243 
 1459      746C4F66 
 1459      66736574 
 1460              	.LASF121:
 1461 036e 74784275 		.ascii	"txBufSize\000"
 1461      6653697A 
 1461      6500
 1462              	.LASF136:
 1463 0378 696E7465 		.ascii	"interruptSources\000"
 1463      72727570 
 1463      74536F75 
 1463      72636573 
 1463      00
 1464              	.LASF88:
 1465 0389 6770696F 		.ascii	"gpioPrtCfgSioOffset\000"
 1465      50727443 
 1465      66675369 
 1465      6F4F6666 
 1465      73657400 
 1466              	.LASF40:
 1467 039d 63707573 		.ascii	"cpussDwChNr\000"
 1467      73447743 
 1467      684E7200 
 1468              	.LASF12:
 1469 03a9 756E7369 		.ascii	"unsigned int\000"
 1469      676E6564 
 1469      20696E74 
 1469      00
 1470              	.LASF15:
 1471 03b6 75696E74 		.ascii	"uint16_t\000"
 1471      31365F74 
 1471      00
 1472              	.LASF73:
 1473 03bf 70657269 		.ascii	"periTrCmdGrSelMsk\000"
 1473      5472436D 
 1473      64477253 
 1473      656C4D73 
 1473      6B00
 1474              	.LASF62:
 1475 03d1 666C6173 		.ascii	"flashCtlMainWs1Freq\000"
 1475      6843746C 
 1475      4D61696E 
 1475      57733146 
 1475      72657100 
 1476              	.LASF9:
 1477 03e5 6C6F6E67 		.ascii	"long unsigned int\000"
 1477      20756E73 
 1477      69676E65 
ARM GAS  C:\Users\cmila\AppData\Local\Temp\cc8LM3FF.s 			page 33


 1477      6420696E 
 1477      7400
 1478              	.LASF135:
 1479 03f7 656E6162 		.ascii	"enableCompareSwap\000"
 1479      6C65436F 
 1479      6D706172 
 1479      65537761 
 1479      7000
 1480              	.LASF110:
 1481 0409 63795F63 		.ascii	"cy_cb_scb_uart_handle_events_t\000"
 1481      625F7363 
 1481      625F7561 
 1481      72745F68 
 1481      616E646C 
 1482              	.LASF150:
 1483 0428 55415254 		.ascii	"UART_context\000"
 1483      5F636F6E 
 1483      74657874 
 1483      00
 1484              	.LASF38:
 1485 0435 63707573 		.ascii	"cpussIpcNr\000"
 1485      73497063 
 1485      4E7200
 1486              	.LASF25:
 1487 0440 6770696F 		.ascii	"gpioBase\000"
 1487      42617365 
 1487      00
 1488              	.LASF111:
 1489 0449 74785374 		.ascii	"txStatus\000"
 1489      61747573 
 1489      00
 1490              	.LASF74:
 1491 0452 70657269 		.ascii	"periTrGrOffset\000"
 1491      54724772 
 1491      4F666673 
 1491      657400
 1492              	.LASF101:
 1493 0461 63707573 		.ascii	"cpussRam1Ctl0\000"
 1493      7352616D 
 1493      3143746C 
 1493      3000
 1494              	.LASF123:
 1495 046f 63624576 		.ascii	"cbEvents\000"
 1495      656E7473 
 1495      00
 1496              	.LASF75:
 1497 0478 70657269 		.ascii	"periTrGrSize\000"
 1497      54724772 
 1497      53697A65 
 1497      00
 1498              	.LASF157:
 1499 0485 43795F53 		.ascii	"Cy_SysEnableCM4\000"
 1499      7973456E 
 1499      61626C65 
 1499      434D3400 
 1500              	.LASF33:
 1501 0495 6770696F 		.ascii	"gpioVersion\000"
ARM GAS  C:\Users\cmila\AppData\Local\Temp\cc8LM3FF.s 			page 34


 1501      56657273 
 1501      696F6E00 
 1502              	.LASF105:
 1503 04a1 63795F73 		.ascii	"cy_stc_device_t\000"
 1503      74635F64 
 1503      65766963 
 1503      655F7400 
 1504              	.LASF51:
 1505 04b1 65704D6F 		.ascii	"epMonitorNr\000"
 1505      6E69746F 
 1505      724E7200 
 1506              	.LASF115:
 1507 04bd 72785269 		.ascii	"rxRingBufHead\000"
 1507      6E674275 
 1507      66486561 
 1507      6400
 1508              	.LASF94:
 1509 04cb 63707573 		.ascii	"cpussTrimRamCtlOffset\000"
 1509      73547269 
 1509      6D52616D 
 1509      43746C4F 
 1509      66667365 
 1510              	.LASF142:
 1511 04e1 73746172 		.ascii	"startInput\000"
 1511      74496E70 
 1511      757400
 1512              	.LASF29:
 1513 04ec 63707573 		.ascii	"cpussVersion\000"
 1513      73566572 
 1513      73696F6E 
 1513      00
 1514              	.LASF36:
 1515 04f9 70657269 		.ascii	"periVersion\000"
 1515      56657273 
 1515      696F6E00 
 1516              	.LASF92:
 1517 0505 63707573 		.ascii	"cpussCm0StatusOffset\000"
 1517      73436D30 
 1517      53746174 
 1517      75734F66 
 1517      66736574 
 1518              	.LASF127:
 1519 051a 63795F73 		.ascii	"cy_stc_tcpwm_counter_config\000"
 1519      74635F74 
 1519      6370776D 
 1519      5F636F75 
 1519      6E746572 
 1520              	.LASF17:
 1521 0536 73697A65 		.ascii	"sizetype\000"
 1521      74797065 
 1521      00
 1522              	.LASF66:
 1523 053f 64774368 		.ascii	"dwChOffset\000"
 1523      4F666673 
 1523      657400
 1524              	.LASF41:
 1525 054a 63707573 		.ascii	"cpussFlashPaSize\000"
ARM GAS  C:\Users\cmila\AppData\Local\Temp\cc8LM3FF.s 			page 35


 1525      73466C61 
 1525      73685061 
 1525      53697A65 
 1525      00
 1526              	.LASF79:
 1527 055b 70657269 		.ascii	"periDivCmdPaTypeSelPos\000"
 1527      44697643 
 1527      6D645061 
 1527      54797065 
 1527      53656C50 
 1528              	.LASF102:
 1529 0572 63707573 		.ascii	"cpussRam2Ctl0\000"
 1529      7352616D 
 1529      3243746C 
 1529      3000
 1530              	.LASF70:
 1531 0580 64775374 		.ascii	"dwStatusChIdxPos\000"
 1531      61747573 
 1531      43684964 
 1531      78506F73 
 1531      00
 1532              	.LASF52:
 1533 0591 75646250 		.ascii	"udbPresent\000"
 1533      72657365 
 1533      6E7400
 1534              	.LASF112:
 1535 059c 72785374 		.ascii	"rxStatus\000"
 1535      61747573 
 1535      00
 1536              	.LASF32:
 1537 05a5 666C6173 		.ascii	"flashcVersion\000"
 1537      68635665 
 1537      7273696F 
 1537      6E00
 1538              	.LASF28:
 1539 05b3 63727970 		.ascii	"cryptoBase\000"
 1539      746F4261 
 1539      736500
 1540              	.LASF49:
 1541 05be 736D6966 		.ascii	"smifDeviceNr\000"
 1541      44657669 
 1541      63654E72 
 1541      00
 1542              	.LASF155:
 1543 05cb 5F5F656E 		.ascii	"__enable_irq\000"
 1543      61626C65 
 1543      5F697271 
 1543      00
 1544              	.LASF107:
 1545 05d8 666C6F61 		.ascii	"float\000"
 1545      7400
 1546              	.LASF71:
 1547 05de 64775374 		.ascii	"dwStatusChIdxMsk\000"
 1547      61747573 
 1547      43684964 
 1547      784D736B 
 1547      00
ARM GAS  C:\Users\cmila\AppData\Local\Temp\cc8LM3FF.s 			page 36


 1548              	.LASF148:
 1549 05ef 63795F64 		.ascii	"cy_device\000"
 1549      65766963 
 1549      6500
 1550              	.LASF99:
 1551 05f9 63707573 		.ascii	"cpussRomCtl\000"
 1551      73526F6D 
 1551      43746C00 
 1552              	.LASF69:
 1553 0605 64774368 		.ascii	"dwChCtlPreemptablePos\000"
 1553      43746C50 
 1553      7265656D 
 1553      70746162 
 1553      6C65506F 
 1554              	.LASF122:
 1555 061b 74784C65 		.ascii	"txLeftToTransmit\000"
 1555      6674546F 
 1555      5472616E 
 1555      736D6974 
 1555      00
 1556              	.LASF22:
 1557 062c 75646242 		.ascii	"udbBase\000"
 1557      61736500 
 1558              	.LASF109:
 1559 0634 5F426F6F 		.ascii	"_Bool\000"
 1559      6C00
 1560              	.LASF1:
 1561 063a 756E7369 		.ascii	"unsigned char\000"
 1561      676E6564 
 1561      20636861 
 1561      7200
 1562              	.LASF65:
 1563 0648 666C6173 		.ascii	"flashCtlMainWs4Freq\000"
 1563      6843746C 
 1563      4D61696E 
 1563      57733446 
 1563      72657100 
 1564              	.LASF0:
 1565 065c 73686F72 		.ascii	"short int\000"
 1565      7420696E 
 1565      7400
 1566              	.LASF76:
 1567 0666 70657269 		.ascii	"periDivCmdDivSelMsk\000"
 1567      44697643 
 1567      6D644469 
 1567      7653656C 
 1567      4D736B00 
 1568              	.LASF63:
 1569 067a 666C6173 		.ascii	"flashCtlMainWs2Freq\000"
 1569      6843746C 
 1569      4D61696E 
 1569      57733246 
 1569      72657100 
 1570              	.LASF132:
 1571 068e 636F6D70 		.ascii	"compareOrCapture\000"
 1571      6172654F 
 1571      72436170 
ARM GAS  C:\Users\cmila\AppData\Local\Temp\cc8LM3FF.s 			page 37


 1571      74757265 
 1571      00
 1572              	.LASF47:
 1573 069f 73727373 		.ascii	"srssNumHfroot\000"
 1573      4E756D48 
 1573      66726F6F 
 1573      7400
 1574              	.LASF60:
 1575 06ad 666C6173 		.ascii	"flashEraseDelay\000"
 1575      68457261 
 1575      73654465 
 1575      6C617900 
 1576              	.LASF16:
 1577 06bd 75696E74 		.ascii	"uint32_t\000"
 1577      33325F74 
 1577      00
 1578              	.LASF98:
 1579 06c6 63707573 		.ascii	"cpussCm4NmiCtlOffset\000"
 1579      73436D34 
 1579      4E6D6943 
 1579      746C4F66 
 1579      66736574 
 1580              	.LASF152:
 1581 06db 474E5520 		.ascii	"GNU C11 5.4.1 20160609 (release) [ARM/embedded-5-br"
 1581      43313120 
 1581      352E342E 
 1581      31203230 
 1581      31363036 
 1582 070e 616E6368 		.ascii	"anch revision 237715] -mcpu=cortex-m0plus -mthumb -"
 1582      20726576 
 1582      6973696F 
 1582      6E203233 
 1582      37373135 
 1583 0741 67202D4F 		.ascii	"g -Og -ffunction-sections -ffat-lto-objects\000"
 1583      67202D66 
 1583      66756E63 
 1583      74696F6E 
 1583      2D736563 
 1584              	.LASF133:
 1585 076d 636F6D70 		.ascii	"compare0\000"
 1585      61726530 
 1585      00
 1586              	.LASF18:
 1587 0776 6C6F6E67 		.ascii	"long double\000"
 1587      20646F75 
 1587      626C6500 
 1588              	.LASF106:
 1589 0782 63686172 		.ascii	"char\000"
 1589      00
 1590              	.LASF146:
 1591 0787 636F756E 		.ascii	"countInput\000"
 1591      74496E70 
 1591      757400
 1592              	.LASF37:
 1593 0792 70726F74 		.ascii	"protVersion\000"
 1593      56657273 
 1593      696F6E00 
ARM GAS  C:\Users\cmila\AppData\Local\Temp\cc8LM3FF.s 			page 38


 1594              	.LASF100:
 1595 079e 63707573 		.ascii	"cpussRam0Ctl0\000"
 1595      7352616D 
 1595      3043746C 
 1595      3000
 1596              	.LASF5:
 1597 07ac 5F5F7569 		.ascii	"__uint16_t\000"
 1597      6E743136 
 1597      5F7400
 1598              	.LASF81:
 1599 07b7 70657269 		.ascii	"periDiv16CtlOffset\000"
 1599      44697631 
 1599      3643746C 
 1599      4F666673 
 1599      657400
 1600              	.LASF34:
 1601 07ca 6873696F 		.ascii	"hsiomVersion\000"
 1601      6D566572 
 1601      73696F6E 
 1601      00
 1602              	.LASF59:
 1603 07d7 666C6173 		.ascii	"flashProgramDelay\000"
 1603      6850726F 
 1603      6772616D 
 1603      44656C61 
 1603      7900
 1604              	.LASF114:
 1605 07e9 72785269 		.ascii	"rxRingBufSize\000"
 1605      6E674275 
 1605      6653697A 
 1605      6500
 1606              	.LASF140:
 1607 07f7 72656C6F 		.ascii	"reloadInput\000"
 1607      6164496E 
 1607      70757400 
 1608              	.LASF6:
 1609 0803 73686F72 		.ascii	"short unsigned int\000"
 1609      7420756E 
 1609      7369676E 
 1609      65642069 
 1609      6E7400
 1610              	.LASF67:
 1611 0816 64774368 		.ascii	"dwChSize\000"
 1611      53697A65 
 1611      00
 1612              	.LASF144:
 1613 081f 73746F70 		.ascii	"stopInput\000"
 1613      496E7075 
 1613      7400
 1614              	.LASF103:
 1615 0829 69706353 		.ascii	"ipcStructSize\000"
 1615      74727563 
 1615      7453697A 
 1615      6500
 1616              	.LASF141:
 1617 0837 73746172 		.ascii	"startInputMode\000"
 1617      74496E70 
ARM GAS  C:\Users\cmila\AppData\Local\Temp\cc8LM3FF.s 			page 39


 1617      75744D6F 
 1617      646500
 1618              	.LASF42:
 1619 0846 63707573 		.ascii	"cpussIpc0Irq\000"
 1619      73497063 
 1619      30497271 
 1619      00
 1620              	.LASF134:
 1621 0853 636F6D70 		.ascii	"compare1\000"
 1621      61726531 
 1621      00
 1622              	.LASF89:
 1623 085c 63707573 		.ascii	"cpussCm0ClockCtlOffset\000"
 1623      73436D30 
 1623      436C6F63 
 1623      6B43746C 
 1623      4F666673 
 1624              	.LASF85:
 1625 0873 6770696F 		.ascii	"gpioPrtCfgOffset\000"
 1625      50727443 
 1625      66674F66 
 1625      66736574 
 1625      00
 1626              	.LASF124:
 1627 0884 696E6974 		.ascii	"initKey\000"
 1627      4B657900 
 1628              	.LASF117:
 1629 088c 72784275 		.ascii	"rxBuf\000"
 1629      6600
 1630              	.LASF2:
 1631 0892 7369676E 		.ascii	"signed char\000"
 1631      65642063 
 1631      68617200 
 1632              	.LASF125:
 1633 089e 63795F73 		.ascii	"cy_stc_scb_uart_context_t\000"
 1633      74635F73 
 1633      63625F75 
 1633      6172745F 
 1633      636F6E74 
 1634              	.LASF44:
 1635 08b8 63707573 		.ascii	"cpussNotConnectedIrq\000"
 1635      734E6F74 
 1635      436F6E6E 
 1635      65637465 
 1635      64497271 
 1636              	.LASF58:
 1637 08cd 666C6173 		.ascii	"flashWriteDelay\000"
 1637      68577269 
 1637      74654465 
 1637      6C617900 
 1638              	.LASF13:
 1639 08dd 75696E74 		.ascii	"uint8_t\000"
 1639      385F7400 
 1640              	.LASF91:
 1641 08e5 63707573 		.ascii	"cpussCm4StatusOffset\000"
 1641      73436D34 
 1641      53746174 
ARM GAS  C:\Users\cmila\AppData\Local\Temp\cc8LM3FF.s 			page 40


 1641      75734F66 
 1641      66736574 
 1642              	.LASF84:
 1643 08fa 6770696F 		.ascii	"gpioPrtIntrCfgOffset\000"
 1643      50727449 
 1643      6E747243 
 1643      66674F66 
 1643      66736574 
 1644              	.LASF139:
 1645 090f 72656C6F 		.ascii	"reloadInputMode\000"
 1645      6164496E 
 1645      7075744D 
 1645      6F646500 
 1646              	.LASF116:
 1647 091f 72785269 		.ascii	"rxRingBufTail\000"
 1647      6E674275 
 1647      66546169 
 1647      6C00
 1648              	.LASF95:
 1649 092d 63707573 		.ascii	"cpussTrimRomCtlOffset\000"
 1649      73547269 
 1649      6D526F6D 
 1649      43746C4F 
 1649      66667365 
 1650              	.LASF145:
 1651 0943 636F756E 		.ascii	"countInputMode\000"
 1651      74496E70 
 1651      75744D6F 
 1651      646500
 1652              	.LASF31:
 1653 0952 64775665 		.ascii	"dwVersion\000"
 1653      7273696F 
 1653      6E00
 1654              	.LASF27:
 1655 095c 69706342 		.ascii	"ipcBase\000"
 1655      61736500 
 1656              	.LASF78:
 1657 0964 70657269 		.ascii	"periDivCmdPaDivSelPos\000"
 1657      44697643 
 1657      6D645061 
 1657      44697653 
 1657      656C506F 
 1658              	.LASF126:
 1659 097a 63795F73 		.ascii	"cy_stc_scb_uart_context\000"
 1659      74635F73 
 1659      63625F75 
 1659      6172745F 
 1659      636F6E74 
 1660              	.LASF56:
 1661 0992 666C6173 		.ascii	"flashRwwRequired\000"
 1661      68527777 
 1661      52657175 
 1661      69726564 
 1661      00
 1662              		.ident	"GCC: (GNU Tools for ARM Embedded Processors) 5.4.1 20160609 (release) [ARM/embedded-5-bran
