ARM GAS  C:\Users\subra\AppData\Local\Temp\ccUwcBcb.s 			page 1


   1              		.syntax unified
   2              		.cpu cortex-m4
   3              		.eabi_attribute 27, 1
   4              		.fpu fpv4-sp-d16
   5              		.eabi_attribute 20, 1
   6              		.eabi_attribute 21, 1
   7              		.eabi_attribute 23, 3
   8              		.eabi_attribute 24, 1
   9              		.eabi_attribute 25, 1
  10              		.eabi_attribute 26, 1
  11              		.eabi_attribute 30, 1
  12              		.eabi_attribute 34, 1
  13              		.eabi_attribute 18, 4
  14              		.thumb
  15              		.syntax unified
  16              		.file	"main_cm4.c"
  17              		.text
  18              	.Ltext0:
  19              		.cfi_sections	.debug_frame
  20              		.section	.text.main,"ax",%progbits
  21              		.align	2
  22              		.global	main
  23              		.thumb
  24              		.thumb_func
  25              		.type	main, %function
  26              	main:
  27              	.LFB528:
  28              		.file 1 "main_cm4.c"
   1:main_cm4.c    **** /* ========================================
   2:main_cm4.c    ****  *
   3:main_cm4.c    ****  * Copyright YOUR COMPANY, THE YEAR
   4:main_cm4.c    ****  * All Rights Reserved
   5:main_cm4.c    ****  * UNPUBLISHED, LICENSED SOFTWARE.
   6:main_cm4.c    ****  *
   7:main_cm4.c    ****  * CONFIDENTIAL AND PROPRIETARY INFORMATION
   8:main_cm4.c    ****  * WHICH IS THE PROPERTY OF your company.
   9:main_cm4.c    ****  *
  10:main_cm4.c    ****  * ========================================
  11:main_cm4.c    **** */
  12:main_cm4.c    **** #include "project.h"
  13:main_cm4.c    **** 
  14:main_cm4.c    **** int main(void)
  15:main_cm4.c    **** {
  29              		.loc 1 15 0
  30              		.cfi_startproc
  31              		@ Volatile: function does not return.
  32              		@ args = 0, pretend = 0, frame = 0
  33              		@ frame_needed = 0, uses_anonymous_args = 0
  34              		@ link register save eliminated.
  35              	.LBB4:
  36              	.LBB5:
  37              		.file 2 "Generated_Source\\PSoC6\\pdl\\cmsis/include/cmsis_gcc.h"
   1:Generated_Source\PSoC6\pdl\cmsis/include/cmsis_gcc.h **** /**************************************************************************//**
   2:Generated_Source\PSoC6\pdl\cmsis/include/cmsis_gcc.h ****  * @file     cmsis_gcc.h
   3:Generated_Source\PSoC6\pdl\cmsis/include/cmsis_gcc.h ****  * @brief    CMSIS compiler GCC header file
   4:Generated_Source\PSoC6\pdl\cmsis/include/cmsis_gcc.h ****  * @version  V5.0.3
   5:Generated_Source\PSoC6\pdl\cmsis/include/cmsis_gcc.h ****  * @date     16. January 2018
ARM GAS  C:\Users\subra\AppData\Local\Temp\ccUwcBcb.s 			page 2


   6:Generated_Source\PSoC6\pdl\cmsis/include/cmsis_gcc.h ****  ******************************************************************************/
   7:Generated_Source\PSoC6\pdl\cmsis/include/cmsis_gcc.h **** /*
   8:Generated_Source\PSoC6\pdl\cmsis/include/cmsis_gcc.h ****  * Copyright (c) 2009-2017 ARM Limited. All rights reserved.
   9:Generated_Source\PSoC6\pdl\cmsis/include/cmsis_gcc.h ****  *
  10:Generated_Source\PSoC6\pdl\cmsis/include/cmsis_gcc.h ****  * SPDX-License-Identifier: Apache-2.0
  11:Generated_Source\PSoC6\pdl\cmsis/include/cmsis_gcc.h ****  *
  12:Generated_Source\PSoC6\pdl\cmsis/include/cmsis_gcc.h ****  * Licensed under the Apache License, Version 2.0 (the License); you may
  13:Generated_Source\PSoC6\pdl\cmsis/include/cmsis_gcc.h ****  * not use this file except in compliance with the License.
  14:Generated_Source\PSoC6\pdl\cmsis/include/cmsis_gcc.h ****  * You may obtain a copy of the License at
  15:Generated_Source\PSoC6\pdl\cmsis/include/cmsis_gcc.h ****  *
  16:Generated_Source\PSoC6\pdl\cmsis/include/cmsis_gcc.h ****  * www.apache.org/licenses/LICENSE-2.0
  17:Generated_Source\PSoC6\pdl\cmsis/include/cmsis_gcc.h ****  *
  18:Generated_Source\PSoC6\pdl\cmsis/include/cmsis_gcc.h ****  * Unless required by applicable law or agreed to in writing, software
  19:Generated_Source\PSoC6\pdl\cmsis/include/cmsis_gcc.h ****  * distributed under the License is distributed on an AS IS BASIS, WITHOUT
  20:Generated_Source\PSoC6\pdl\cmsis/include/cmsis_gcc.h ****  * WARRANTIES OR CONDITIONS OF ANY KIND, either express or implied.
  21:Generated_Source\PSoC6\pdl\cmsis/include/cmsis_gcc.h ****  * See the License for the specific language governing permissions and
  22:Generated_Source\PSoC6\pdl\cmsis/include/cmsis_gcc.h ****  * limitations under the License.
  23:Generated_Source\PSoC6\pdl\cmsis/include/cmsis_gcc.h ****  */
  24:Generated_Source\PSoC6\pdl\cmsis/include/cmsis_gcc.h **** 
  25:Generated_Source\PSoC6\pdl\cmsis/include/cmsis_gcc.h **** #ifndef __CMSIS_GCC_H
  26:Generated_Source\PSoC6\pdl\cmsis/include/cmsis_gcc.h **** #define __CMSIS_GCC_H
  27:Generated_Source\PSoC6\pdl\cmsis/include/cmsis_gcc.h **** 
  28:Generated_Source\PSoC6\pdl\cmsis/include/cmsis_gcc.h **** /* ignore some GCC warnings */
  29:Generated_Source\PSoC6\pdl\cmsis/include/cmsis_gcc.h **** #pragma GCC diagnostic push
  30:Generated_Source\PSoC6\pdl\cmsis/include/cmsis_gcc.h **** #pragma GCC diagnostic ignored "-Wsign-conversion"
  31:Generated_Source\PSoC6\pdl\cmsis/include/cmsis_gcc.h **** #pragma GCC diagnostic ignored "-Wconversion"
  32:Generated_Source\PSoC6\pdl\cmsis/include/cmsis_gcc.h **** #pragma GCC diagnostic ignored "-Wunused-parameter"
  33:Generated_Source\PSoC6\pdl\cmsis/include/cmsis_gcc.h **** 
  34:Generated_Source\PSoC6\pdl\cmsis/include/cmsis_gcc.h **** /* Fallback for __has_builtin */
  35:Generated_Source\PSoC6\pdl\cmsis/include/cmsis_gcc.h **** #ifndef __has_builtin
  36:Generated_Source\PSoC6\pdl\cmsis/include/cmsis_gcc.h ****   #define __has_builtin(x) (0)
  37:Generated_Source\PSoC6\pdl\cmsis/include/cmsis_gcc.h **** #endif
  38:Generated_Source\PSoC6\pdl\cmsis/include/cmsis_gcc.h **** 
  39:Generated_Source\PSoC6\pdl\cmsis/include/cmsis_gcc.h **** /* CMSIS compiler specific defines */
  40:Generated_Source\PSoC6\pdl\cmsis/include/cmsis_gcc.h **** #ifndef   __ASM
  41:Generated_Source\PSoC6\pdl\cmsis/include/cmsis_gcc.h ****   #define __ASM                                  __asm
  42:Generated_Source\PSoC6\pdl\cmsis/include/cmsis_gcc.h **** #endif
  43:Generated_Source\PSoC6\pdl\cmsis/include/cmsis_gcc.h **** #ifndef   __INLINE
  44:Generated_Source\PSoC6\pdl\cmsis/include/cmsis_gcc.h ****   #define __INLINE                               inline
  45:Generated_Source\PSoC6\pdl\cmsis/include/cmsis_gcc.h **** #endif
  46:Generated_Source\PSoC6\pdl\cmsis/include/cmsis_gcc.h **** #ifndef   __STATIC_INLINE
  47:Generated_Source\PSoC6\pdl\cmsis/include/cmsis_gcc.h ****   #define __STATIC_INLINE                        static inline
  48:Generated_Source\PSoC6\pdl\cmsis/include/cmsis_gcc.h **** #endif
  49:Generated_Source\PSoC6\pdl\cmsis/include/cmsis_gcc.h **** #ifndef   __STATIC_FORCEINLINE                 
  50:Generated_Source\PSoC6\pdl\cmsis/include/cmsis_gcc.h ****   #define __STATIC_FORCEINLINE                   __attribute__((always_inline)) static inline
  51:Generated_Source\PSoC6\pdl\cmsis/include/cmsis_gcc.h **** #endif                                           
  52:Generated_Source\PSoC6\pdl\cmsis/include/cmsis_gcc.h **** #ifndef   __NO_RETURN
  53:Generated_Source\PSoC6\pdl\cmsis/include/cmsis_gcc.h ****   #define __NO_RETURN                            __attribute__((__noreturn__))
  54:Generated_Source\PSoC6\pdl\cmsis/include/cmsis_gcc.h **** #endif
  55:Generated_Source\PSoC6\pdl\cmsis/include/cmsis_gcc.h **** #ifndef   __USED
  56:Generated_Source\PSoC6\pdl\cmsis/include/cmsis_gcc.h ****   #define __USED                                 __attribute__((used))
  57:Generated_Source\PSoC6\pdl\cmsis/include/cmsis_gcc.h **** #endif
  58:Generated_Source\PSoC6\pdl\cmsis/include/cmsis_gcc.h **** #ifndef   __WEAK
  59:Generated_Source\PSoC6\pdl\cmsis/include/cmsis_gcc.h ****   #define __WEAK                                 __attribute__((weak))
  60:Generated_Source\PSoC6\pdl\cmsis/include/cmsis_gcc.h **** #endif
  61:Generated_Source\PSoC6\pdl\cmsis/include/cmsis_gcc.h **** #ifndef   __PACKED
  62:Generated_Source\PSoC6\pdl\cmsis/include/cmsis_gcc.h ****   #define __PACKED                               __attribute__((packed, aligned(1)))
ARM GAS  C:\Users\subra\AppData\Local\Temp\ccUwcBcb.s 			page 3


  63:Generated_Source\PSoC6\pdl\cmsis/include/cmsis_gcc.h **** #endif
  64:Generated_Source\PSoC6\pdl\cmsis/include/cmsis_gcc.h **** #ifndef   __PACKED_STRUCT
  65:Generated_Source\PSoC6\pdl\cmsis/include/cmsis_gcc.h ****   #define __PACKED_STRUCT                        struct __attribute__((packed, aligned(1)))
  66:Generated_Source\PSoC6\pdl\cmsis/include/cmsis_gcc.h **** #endif
  67:Generated_Source\PSoC6\pdl\cmsis/include/cmsis_gcc.h **** #ifndef   __PACKED_UNION
  68:Generated_Source\PSoC6\pdl\cmsis/include/cmsis_gcc.h ****   #define __PACKED_UNION                         union __attribute__((packed, aligned(1)))
  69:Generated_Source\PSoC6\pdl\cmsis/include/cmsis_gcc.h **** #endif
  70:Generated_Source\PSoC6\pdl\cmsis/include/cmsis_gcc.h **** #ifndef   __UNALIGNED_UINT32        /* deprecated */
  71:Generated_Source\PSoC6\pdl\cmsis/include/cmsis_gcc.h ****   #pragma GCC diagnostic push
  72:Generated_Source\PSoC6\pdl\cmsis/include/cmsis_gcc.h ****   #pragma GCC diagnostic ignored "-Wpacked"
  73:Generated_Source\PSoC6\pdl\cmsis/include/cmsis_gcc.h ****   #pragma GCC diagnostic ignored "-Wattributes"
  74:Generated_Source\PSoC6\pdl\cmsis/include/cmsis_gcc.h ****   struct __attribute__((packed)) T_UINT32 { uint32_t v; };
  75:Generated_Source\PSoC6\pdl\cmsis/include/cmsis_gcc.h ****   #pragma GCC diagnostic pop
  76:Generated_Source\PSoC6\pdl\cmsis/include/cmsis_gcc.h ****   #define __UNALIGNED_UINT32(x)                  (((struct T_UINT32 *)(x))->v)
  77:Generated_Source\PSoC6\pdl\cmsis/include/cmsis_gcc.h **** #endif
  78:Generated_Source\PSoC6\pdl\cmsis/include/cmsis_gcc.h **** #ifndef   __UNALIGNED_UINT16_WRITE
  79:Generated_Source\PSoC6\pdl\cmsis/include/cmsis_gcc.h ****   #pragma GCC diagnostic push
  80:Generated_Source\PSoC6\pdl\cmsis/include/cmsis_gcc.h ****   #pragma GCC diagnostic ignored "-Wpacked"
  81:Generated_Source\PSoC6\pdl\cmsis/include/cmsis_gcc.h ****   #pragma GCC diagnostic ignored "-Wattributes"
  82:Generated_Source\PSoC6\pdl\cmsis/include/cmsis_gcc.h ****   __PACKED_STRUCT T_UINT16_WRITE { uint16_t v; };
  83:Generated_Source\PSoC6\pdl\cmsis/include/cmsis_gcc.h ****   #pragma GCC diagnostic pop
  84:Generated_Source\PSoC6\pdl\cmsis/include/cmsis_gcc.h ****   #define __UNALIGNED_UINT16_WRITE(addr, val)    (void)((((struct T_UINT16_WRITE *)(void *)(addr))-
  85:Generated_Source\PSoC6\pdl\cmsis/include/cmsis_gcc.h **** #endif
  86:Generated_Source\PSoC6\pdl\cmsis/include/cmsis_gcc.h **** #ifndef   __UNALIGNED_UINT16_READ
  87:Generated_Source\PSoC6\pdl\cmsis/include/cmsis_gcc.h ****   #pragma GCC diagnostic push
  88:Generated_Source\PSoC6\pdl\cmsis/include/cmsis_gcc.h ****   #pragma GCC diagnostic ignored "-Wpacked"
  89:Generated_Source\PSoC6\pdl\cmsis/include/cmsis_gcc.h ****   #pragma GCC diagnostic ignored "-Wattributes"
  90:Generated_Source\PSoC6\pdl\cmsis/include/cmsis_gcc.h ****   __PACKED_STRUCT T_UINT16_READ { uint16_t v; };
  91:Generated_Source\PSoC6\pdl\cmsis/include/cmsis_gcc.h ****   #pragma GCC diagnostic pop
  92:Generated_Source\PSoC6\pdl\cmsis/include/cmsis_gcc.h ****   #define __UNALIGNED_UINT16_READ(addr)          (((const struct T_UINT16_READ *)(const void *)(add
  93:Generated_Source\PSoC6\pdl\cmsis/include/cmsis_gcc.h **** #endif
  94:Generated_Source\PSoC6\pdl\cmsis/include/cmsis_gcc.h **** #ifndef   __UNALIGNED_UINT32_WRITE
  95:Generated_Source\PSoC6\pdl\cmsis/include/cmsis_gcc.h ****   #pragma GCC diagnostic push
  96:Generated_Source\PSoC6\pdl\cmsis/include/cmsis_gcc.h ****   #pragma GCC diagnostic ignored "-Wpacked"
  97:Generated_Source\PSoC6\pdl\cmsis/include/cmsis_gcc.h ****   #pragma GCC diagnostic ignored "-Wattributes"
  98:Generated_Source\PSoC6\pdl\cmsis/include/cmsis_gcc.h ****   __PACKED_STRUCT T_UINT32_WRITE { uint32_t v; };
  99:Generated_Source\PSoC6\pdl\cmsis/include/cmsis_gcc.h ****   #pragma GCC diagnostic pop
 100:Generated_Source\PSoC6\pdl\cmsis/include/cmsis_gcc.h ****   #define __UNALIGNED_UINT32_WRITE(addr, val)    (void)((((struct T_UINT32_WRITE *)(void *)(addr))-
 101:Generated_Source\PSoC6\pdl\cmsis/include/cmsis_gcc.h **** #endif
 102:Generated_Source\PSoC6\pdl\cmsis/include/cmsis_gcc.h **** #ifndef   __UNALIGNED_UINT32_READ
 103:Generated_Source\PSoC6\pdl\cmsis/include/cmsis_gcc.h ****   #pragma GCC diagnostic push
 104:Generated_Source\PSoC6\pdl\cmsis/include/cmsis_gcc.h ****   #pragma GCC diagnostic ignored "-Wpacked"
 105:Generated_Source\PSoC6\pdl\cmsis/include/cmsis_gcc.h ****   #pragma GCC diagnostic ignored "-Wattributes"
 106:Generated_Source\PSoC6\pdl\cmsis/include/cmsis_gcc.h ****   __PACKED_STRUCT T_UINT32_READ { uint32_t v; };
 107:Generated_Source\PSoC6\pdl\cmsis/include/cmsis_gcc.h ****   #pragma GCC diagnostic pop
 108:Generated_Source\PSoC6\pdl\cmsis/include/cmsis_gcc.h ****   #define __UNALIGNED_UINT32_READ(addr)          (((const struct T_UINT32_READ *)(const void *)(add
 109:Generated_Source\PSoC6\pdl\cmsis/include/cmsis_gcc.h **** #endif
 110:Generated_Source\PSoC6\pdl\cmsis/include/cmsis_gcc.h **** #ifndef   __ALIGNED
 111:Generated_Source\PSoC6\pdl\cmsis/include/cmsis_gcc.h ****   #define __ALIGNED(x)                           __attribute__((aligned(x)))
 112:Generated_Source\PSoC6\pdl\cmsis/include/cmsis_gcc.h **** #endif
 113:Generated_Source\PSoC6\pdl\cmsis/include/cmsis_gcc.h **** #ifndef   __RESTRICT
 114:Generated_Source\PSoC6\pdl\cmsis/include/cmsis_gcc.h ****   #define __RESTRICT                             __restrict
 115:Generated_Source\PSoC6\pdl\cmsis/include/cmsis_gcc.h **** #endif
 116:Generated_Source\PSoC6\pdl\cmsis/include/cmsis_gcc.h **** 
 117:Generated_Source\PSoC6\pdl\cmsis/include/cmsis_gcc.h **** 
 118:Generated_Source\PSoC6\pdl\cmsis/include/cmsis_gcc.h **** /* ###########################  Core Function Access  ########################### */
 119:Generated_Source\PSoC6\pdl\cmsis/include/cmsis_gcc.h **** /** \ingroup  CMSIS_Core_FunctionInterface
ARM GAS  C:\Users\subra\AppData\Local\Temp\ccUwcBcb.s 			page 4


 120:Generated_Source\PSoC6\pdl\cmsis/include/cmsis_gcc.h ****     \defgroup CMSIS_Core_RegAccFunctions CMSIS Core Register Access Functions
 121:Generated_Source\PSoC6\pdl\cmsis/include/cmsis_gcc.h ****   @{
 122:Generated_Source\PSoC6\pdl\cmsis/include/cmsis_gcc.h ****  */
 123:Generated_Source\PSoC6\pdl\cmsis/include/cmsis_gcc.h **** 
 124:Generated_Source\PSoC6\pdl\cmsis/include/cmsis_gcc.h **** /**
 125:Generated_Source\PSoC6\pdl\cmsis/include/cmsis_gcc.h ****   \brief   Enable IRQ Interrupts
 126:Generated_Source\PSoC6\pdl\cmsis/include/cmsis_gcc.h ****   \details Enables IRQ interrupts by clearing the I-bit in the CPSR.
 127:Generated_Source\PSoC6\pdl\cmsis/include/cmsis_gcc.h ****            Can only be executed in Privileged modes.
 128:Generated_Source\PSoC6\pdl\cmsis/include/cmsis_gcc.h ****  */
 129:Generated_Source\PSoC6\pdl\cmsis/include/cmsis_gcc.h **** __STATIC_FORCEINLINE void __enable_irq(void)
 130:Generated_Source\PSoC6\pdl\cmsis/include/cmsis_gcc.h **** {
 131:Generated_Source\PSoC6\pdl\cmsis/include/cmsis_gcc.h ****   __ASM volatile ("cpsie i" : : : "memory");
  38              		.loc 2 131 0
  39              		.syntax unified
  40              	@ 131 "Generated_Source\PSoC6\pdl\cmsis/include/cmsis_gcc.h" 1
  41 0000 62B6     		cpsie i
  42              	@ 0 "" 2
  43              		.thumb
  44              		.syntax unified
  45              	.L2:
  46 0002 FEE7     		b	.L2
  47              	.LBE5:
  48              	.LBE4:
  49              		.cfi_endproc
  50              	.LFE528:
  51              		.size	main, .-main
  52              		.text
  53              	.Letext0:
  54              		.file 3 "c:\\program files (x86)\\cypress\\psoc creator\\4.4\\psoc creator\\import\\gnu\\arm\\5.4.
  55              		.file 4 "c:\\program files (x86)\\cypress\\psoc creator\\4.4\\psoc creator\\import\\gnu\\arm\\5.4.
  56              		.file 5 "Generated_Source\\PSoC6\\pdl\\drivers/peripheral/device/cy_device.h"
  57              		.file 6 "Generated_Source\\PSoC6\\pdl\\drivers/peripheral/sar/cy_sar.h"
  58              		.file 7 "Generated_Source\\PSoC6\\pdl\\drivers/peripheral/scb/cy_scb_uart.h"
  59              		.file 8 "Generated_Source\\PSoC6/ADC_1.h"
  60              		.file 9 "Generated_Source\\PSoC6\\pdl\\cmsis/include/core_cm4.h"
  61              		.file 10 "Generated_Source\\PSoC6/UART_1.h"
  62              		.section	.debug_info,"",%progbits
  63              	.Ldebug_info0:
  64 0000 1B080000 		.4byte	0x81b
  65 0004 0400     		.2byte	0x4
  66 0006 00000000 		.4byte	.Ldebug_abbrev0
  67 000a 04       		.byte	0x4
  68 000b 01       		.uleb128 0x1
  69 000c 0D060000 		.4byte	.LASF160
  70 0010 0C       		.byte	0xc
  71 0011 240A0000 		.4byte	.LASF161
  72 0015 C5030000 		.4byte	.LASF162
  73 0019 00000000 		.4byte	.Ldebug_ranges0+0
  74 001d 00000000 		.4byte	0
  75 0021 00000000 		.4byte	.Ldebug_line0
  76 0025 02       		.uleb128 0x2
  77 0026 02       		.byte	0x2
  78 0027 05       		.byte	0x5
  79 0028 7C070000 		.4byte	.LASF0
  80 002c 02       		.uleb128 0x2
  81 002d 01       		.byte	0x1
  82 002e 06       		.byte	0x6
ARM GAS  C:\Users\subra\AppData\Local\Temp\ccUwcBcb.s 			page 5


  83 002f 87010000 		.4byte	.LASF1
  84 0033 03       		.uleb128 0x3
  85 0034 88000000 		.4byte	.LASF3
  86 0038 03       		.byte	0x3
  87 0039 1D       		.byte	0x1d
  88 003a 3E000000 		.4byte	0x3e
  89 003e 02       		.uleb128 0x2
  90 003f 01       		.byte	0x1
  91 0040 08       		.byte	0x8
  92 0041 5A070000 		.4byte	.LASF2
  93 0045 03       		.uleb128 0x3
  94 0046 25030000 		.4byte	.LASF4
  95 004a 03       		.byte	0x3
  96 004b 29       		.byte	0x29
  97 004c 25000000 		.4byte	0x25
  98 0050 03       		.uleb128 0x3
  99 0051 46080000 		.4byte	.LASF5
 100 0055 03       		.byte	0x3
 101 0056 2B       		.byte	0x2b
 102 0057 5B000000 		.4byte	0x5b
 103 005b 02       		.uleb128 0x2
 104 005c 02       		.byte	0x2
 105 005d 07       		.byte	0x7
 106 005e CC020000 		.4byte	.LASF6
 107 0062 03       		.uleb128 0x3
 108 0063 C3040000 		.4byte	.LASF7
 109 0067 03       		.byte	0x3
 110 0068 3F       		.byte	0x3f
 111 0069 6D000000 		.4byte	0x6d
 112 006d 02       		.uleb128 0x2
 113 006e 04       		.byte	0x4
 114 006f 05       		.byte	0x5
 115 0070 30020000 		.4byte	.LASF8
 116 0074 03       		.uleb128 0x3
 117 0075 FE020000 		.4byte	.LASF9
 118 0079 03       		.byte	0x3
 119 007a 41       		.byte	0x41
 120 007b 7F000000 		.4byte	0x7f
 121 007f 02       		.uleb128 0x2
 122 0080 04       		.byte	0x4
 123 0081 07       		.byte	0x7
 124 0082 B3030000 		.4byte	.LASF10
 125 0086 02       		.uleb128 0x2
 126 0087 08       		.byte	0x8
 127 0088 05       		.byte	0x5
 128 0089 79010000 		.4byte	.LASF11
 129 008d 02       		.uleb128 0x2
 130 008e 08       		.byte	0x8
 131 008f 07       		.byte	0x7
 132 0090 E3000000 		.4byte	.LASF12
 133 0094 04       		.uleb128 0x4
 134 0095 04       		.byte	0x4
 135 0096 05       		.byte	0x5
 136 0097 696E7400 		.ascii	"int\000"
 137 009b 02       		.uleb128 0x2
 138 009c 04       		.byte	0x4
 139 009d 07       		.byte	0x7
ARM GAS  C:\Users\subra\AppData\Local\Temp\ccUwcBcb.s 			page 6


 140 009e 77030000 		.4byte	.LASF13
 141 00a2 03       		.uleb128 0x3
 142 00a3 64080000 		.4byte	.LASF14
 143 00a7 04       		.byte	0x4
 144 00a8 18       		.byte	0x18
 145 00a9 33000000 		.4byte	0x33
 146 00ad 03       		.uleb128 0x3
 147 00ae 5D010000 		.4byte	.LASF15
 148 00b2 04       		.byte	0x4
 149 00b3 20       		.byte	0x20
 150 00b4 45000000 		.4byte	0x45
 151 00b8 03       		.uleb128 0x3
 152 00b9 84030000 		.4byte	.LASF16
 153 00bd 04       		.byte	0x4
 154 00be 24       		.byte	0x24
 155 00bf 50000000 		.4byte	0x50
 156 00c3 03       		.uleb128 0x3
 157 00c4 52070000 		.4byte	.LASF17
 158 00c8 04       		.byte	0x4
 159 00c9 2C       		.byte	0x2c
 160 00ca 62000000 		.4byte	0x62
 161 00ce 03       		.uleb128 0x3
 162 00cf DD070000 		.4byte	.LASF18
 163 00d3 04       		.byte	0x4
 164 00d4 30       		.byte	0x30
 165 00d5 74000000 		.4byte	0x74
 166 00d9 02       		.uleb128 0x2
 167 00da 04       		.byte	0x4
 168 00db 07       		.byte	0x7
 169 00dc 42050000 		.4byte	.LASF19
 170 00e0 05       		.uleb128 0x5
 171 00e1 CE000000 		.4byte	0xce
 172 00e5 02       		.uleb128 0x2
 173 00e6 08       		.byte	0x8
 174 00e7 04       		.byte	0x4
 175 00e8 1B080000 		.4byte	.LASF20
 176 00ec 06       		.uleb128 0x6
 177 00ed B8       		.byte	0xb8
 178 00ee 05       		.byte	0x5
 179 00ef 34       		.byte	0x34
 180 00f0 FD040000 		.4byte	0x4fd
 181 00f4 07       		.uleb128 0x7
 182 00f5 CA000000 		.4byte	.LASF21
 183 00f9 05       		.byte	0x5
 184 00fa 37       		.byte	0x37
 185 00fb CE000000 		.4byte	0xce
 186 00ff 00       		.byte	0
 187 0100 07       		.uleb128 0x7
 188 0101 F3020000 		.4byte	.LASF22
 189 0105 05       		.byte	0x5
 190 0106 38       		.byte	0x38
 191 0107 CE000000 		.4byte	0xce
 192 010b 04       		.byte	0x4
 193 010c 07       		.uleb128 0x7
 194 010d 56020000 		.4byte	.LASF23
 195 0111 05       		.byte	0x5
 196 0112 39       		.byte	0x39
ARM GAS  C:\Users\subra\AppData\Local\Temp\ccUwcBcb.s 			page 7


 197 0113 CE000000 		.4byte	0xce
 198 0117 08       		.byte	0x8
 199 0118 07       		.uleb128 0x7
 200 0119 2B070000 		.4byte	.LASF24
 201 011d 05       		.byte	0x5
 202 011e 3A       		.byte	0x3a
 203 011f CE000000 		.4byte	0xce
 204 0123 0C       		.byte	0xc
 205 0124 07       		.uleb128 0x7
 206 0125 D6010000 		.4byte	.LASF25
 207 0129 05       		.byte	0x5
 208 012a 3B       		.byte	0x3b
 209 012b CE000000 		.4byte	0xce
 210 012f 10       		.byte	0x10
 211 0130 07       		.uleb128 0x7
 212 0131 0E020000 		.4byte	.LASF26
 213 0135 05       		.byte	0x5
 214 0136 3C       		.byte	0x3c
 215 0137 CE000000 		.4byte	0xce
 216 013b 14       		.byte	0x14
 217 013c 07       		.uleb128 0x7
 218 013d 12040000 		.4byte	.LASF27
 219 0141 05       		.byte	0x5
 220 0142 3D       		.byte	0x3d
 221 0143 CE000000 		.4byte	0xce
 222 0147 18       		.byte	0x18
 223 0148 07       		.uleb128 0x7
 224 0149 71000000 		.4byte	.LASF28
 225 014d 05       		.byte	0x5
 226 014e 3E       		.byte	0x3e
 227 014f CE000000 		.4byte	0xce
 228 0153 1C       		.byte	0x1c
 229 0154 07       		.uleb128 0x7
 230 0155 EE090000 		.4byte	.LASF29
 231 0159 05       		.byte	0x5
 232 015a 3F       		.byte	0x3f
 233 015b CE000000 		.4byte	0xce
 234 015f 20       		.byte	0x20
 235 0160 07       		.uleb128 0x7
 236 0161 DA050000 		.4byte	.LASF30
 237 0165 05       		.byte	0x5
 238 0166 40       		.byte	0x40
 239 0167 CE000000 		.4byte	0xce
 240 016b 24       		.byte	0x24
 241 016c 07       		.uleb128 0x7
 242 016d 14050000 		.4byte	.LASF31
 243 0171 05       		.byte	0x5
 244 0172 43       		.byte	0x43
 245 0173 A2000000 		.4byte	0xa2
 246 0177 28       		.byte	0x28
 247 0178 07       		.uleb128 0x7
 248 0179 57000000 		.4byte	.LASF32
 249 017d 05       		.byte	0x5
 250 017e 44       		.byte	0x44
 251 017f A2000000 		.4byte	0xa2
 252 0183 29       		.byte	0x29
 253 0184 07       		.uleb128 0x7
ARM GAS  C:\Users\subra\AppData\Local\Temp\ccUwcBcb.s 			page 8


 254 0185 E4090000 		.4byte	.LASF33
 255 0189 05       		.byte	0x5
 256 018a 45       		.byte	0x45
 257 018b A2000000 		.4byte	0xa2
 258 018f 2A       		.byte	0x2a
 259 0190 07       		.uleb128 0x7
 260 0191 CC050000 		.4byte	.LASF34
 261 0195 05       		.byte	0x5
 262 0196 46       		.byte	0x46
 263 0197 A2000000 		.4byte	0xa2
 264 019b 2B       		.byte	0x2b
 265 019c 07       		.uleb128 0x7
 266 019d 7E040000 		.4byte	.LASF35
 267 01a1 05       		.byte	0x5
 268 01a2 47       		.byte	0x47
 269 01a3 A2000000 		.4byte	0xa2
 270 01a7 2C       		.byte	0x2c
 271 01a8 07       		.uleb128 0x7
 272 01a9 6C080000 		.4byte	.LASF36
 273 01ad 05       		.byte	0x5
 274 01ae 48       		.byte	0x48
 275 01af A2000000 		.4byte	0xa2
 276 01b3 2D       		.byte	0x2d
 277 01b4 07       		.uleb128 0x7
 278 01b5 DF010000 		.4byte	.LASF37
 279 01b9 05       		.byte	0x5
 280 01ba 49       		.byte	0x49
 281 01bb A2000000 		.4byte	0xa2
 282 01bf 2E       		.byte	0x2e
 283 01c0 07       		.uleb128 0x7
 284 01c1 21050000 		.4byte	.LASF38
 285 01c5 05       		.byte	0x5
 286 01c6 4A       		.byte	0x4a
 287 01c7 A2000000 		.4byte	0xa2
 288 01cb 2F       		.byte	0x2f
 289 01cc 07       		.uleb128 0x7
 290 01cd 2C080000 		.4byte	.LASF39
 291 01d1 05       		.byte	0x5
 292 01d2 4B       		.byte	0x4b
 293 01d3 A2000000 		.4byte	0xa2
 294 01d7 30       		.byte	0x30
 295 01d8 07       		.uleb128 0x7
 296 01d9 07040000 		.4byte	.LASF40
 297 01dd 05       		.byte	0x5
 298 01de 4E       		.byte	0x4e
 299 01df A2000000 		.4byte	0xa2
 300 01e3 31       		.byte	0x31
 301 01e4 07       		.uleb128 0x7
 302 01e5 7A000000 		.4byte	.LASF41
 303 01e9 05       		.byte	0x5
 304 01ea 4F       		.byte	0x4f
 305 01eb A2000000 		.4byte	0xa2
 306 01ef 32       		.byte	0x32
 307 01f0 07       		.uleb128 0x7
 308 01f1 6B030000 		.4byte	.LASF42
 309 01f5 05       		.byte	0x5
 310 01f6 50       		.byte	0x50
ARM GAS  C:\Users\subra\AppData\Local\Temp\ccUwcBcb.s 			page 9


 311 01f7 A2000000 		.4byte	0xa2
 312 01fb 33       		.byte	0x33
 313 01fc 07       		.uleb128 0x7
 314 01fd 56050000 		.4byte	.LASF43
 315 0201 05       		.byte	0x5
 316 0202 51       		.byte	0x51
 317 0203 A2000000 		.4byte	0xa2
 318 0207 34       		.byte	0x34
 319 0208 07       		.uleb128 0x7
 320 0209 C0080000 		.4byte	.LASF44
 321 020d 05       		.byte	0x5
 322 020e 52       		.byte	0x52
 323 020f AD000000 		.4byte	0xad
 324 0213 36       		.byte	0x36
 325 0214 07       		.uleb128 0x7
 326 0215 88020000 		.4byte	.LASF45
 327 0219 05       		.byte	0x5
 328 021a 53       		.byte	0x53
 329 021b AD000000 		.4byte	0xad
 330 021f 38       		.byte	0x38
 331 0220 07       		.uleb128 0x7
 332 0221 10090000 		.4byte	.LASF46
 333 0225 05       		.byte	0x5
 334 0226 54       		.byte	0x54
 335 0227 AD000000 		.4byte	0xad
 336 022b 3A       		.byte	0x3a
 337 022c 07       		.uleb128 0x7
 338 022d FF010000 		.4byte	.LASF47
 339 0231 05       		.byte	0x5
 340 0232 55       		.byte	0x55
 341 0233 A2000000 		.4byte	0xa2
 342 0237 3C       		.byte	0x3c
 343 0238 07       		.uleb128 0x7
 344 0239 AF020000 		.4byte	.LASF48
 345 023d 05       		.byte	0x5
 346 023e 56       		.byte	0x56
 347 023f A2000000 		.4byte	0xa2
 348 0243 3D       		.byte	0x3d
 349 0244 07       		.uleb128 0x7
 350 0245 AD070000 		.4byte	.LASF49
 351 0249 05       		.byte	0x5
 352 024a 57       		.byte	0x57
 353 024b A2000000 		.4byte	0xa2
 354 024f 3E       		.byte	0x3e
 355 0250 07       		.uleb128 0x7
 356 0251 65000000 		.4byte	.LASF50
 357 0255 05       		.byte	0x5
 358 0256 58       		.byte	0x58
 359 0257 A2000000 		.4byte	0xa2
 360 025b 3F       		.byte	0x3f
 361 025c 07       		.uleb128 0x7
 362 025d E5050000 		.4byte	.LASF51
 363 0261 05       		.byte	0x5
 364 0262 59       		.byte	0x59
 365 0263 A2000000 		.4byte	0xa2
 366 0267 40       		.byte	0x40
 367 0268 07       		.uleb128 0x7
ARM GAS  C:\Users\subra\AppData\Local\Temp\ccUwcBcb.s 			page 10


 368 0269 09030000 		.4byte	.LASF52
 369 026d 05       		.byte	0x5
 370 026e 5A       		.byte	0x5a
 371 026f A2000000 		.4byte	0xa2
 372 0273 41       		.byte	0x41
 373 0274 07       		.uleb128 0x7
 374 0275 CD040000 		.4byte	.LASF53
 375 0279 05       		.byte	0x5
 376 027a 5B       		.byte	0x5b
 377 027b A2000000 		.4byte	0xa2
 378 027f 42       		.byte	0x42
 379 0280 07       		.uleb128 0x7
 380 0281 B8050000 		.4byte	.LASF54
 381 0285 05       		.byte	0x5
 382 0286 5C       		.byte	0x5c
 383 0287 A2000000 		.4byte	0xa2
 384 028b 43       		.byte	0x43
 385 028c 07       		.uleb128 0x7
 386 028d 5F020000 		.4byte	.LASF55
 387 0291 05       		.byte	0x5
 388 0292 5D       		.byte	0x5d
 389 0293 A2000000 		.4byte	0xa2
 390 0297 44       		.byte	0x44
 391 0298 07       		.uleb128 0x7
 392 0299 00000000 		.4byte	.LASF56
 393 029d 05       		.byte	0x5
 394 029e 5E       		.byte	0x5e
 395 029f CE000000 		.4byte	0xce
 396 02a3 48       		.byte	0x48
 397 02a4 07       		.uleb128 0x7
 398 02a5 48020000 		.4byte	.LASF57
 399 02a9 05       		.byte	0x5
 400 02aa 5F       		.byte	0x5f
 401 02ab CE000000 		.4byte	0xce
 402 02af 4C       		.byte	0x4c
 403 02b0 07       		.uleb128 0x7
 404 02b1 2F0A0000 		.4byte	.LASF58
 405 02b5 05       		.byte	0x5
 406 02b6 60       		.byte	0x60
 407 02b7 A2000000 		.4byte	0xa2
 408 02bb 50       		.byte	0x50
 409 02bc 07       		.uleb128 0x7
 410 02bd 37010000 		.4byte	.LASF59
 411 02c1 05       		.byte	0x5
 412 02c2 61       		.byte	0x61
 413 02c3 A2000000 		.4byte	0xa2
 414 02c7 51       		.byte	0x51
 415 02c8 07       		.uleb128 0x7
 416 02c9 C0060000 		.4byte	.LASF60
 417 02cd 05       		.byte	0x5
 418 02ce 62       		.byte	0x62
 419 02cf A2000000 		.4byte	0xa2
 420 02d3 52       		.byte	0x52
 421 02d4 07       		.uleb128 0x7
 422 02d5 79080000 		.4byte	.LASF61
 423 02d9 05       		.byte	0x5
 424 02da 63       		.byte	0x63
ARM GAS  C:\Users\subra\AppData\Local\Temp\ccUwcBcb.s 			page 11


 425 02db A2000000 		.4byte	0xa2
 426 02df 53       		.byte	0x53
 427 02e0 07       		.uleb128 0x7
 428 02e1 BB070000 		.4byte	.LASF62
 429 02e5 05       		.byte	0x5
 430 02e6 64       		.byte	0x64
 431 02e7 A2000000 		.4byte	0xa2
 432 02eb 54       		.byte	0x54
 433 02ec 07       		.uleb128 0x7
 434 02ed 49010000 		.4byte	.LASF63
 435 02f1 05       		.byte	0x5
 436 02f2 65       		.byte	0x65
 437 02f3 A2000000 		.4byte	0xa2
 438 02f7 55       		.byte	0x55
 439 02f8 07       		.uleb128 0x7
 440 02f9 9F030000 		.4byte	.LASF64
 441 02fd 05       		.byte	0x5
 442 02fe 66       		.byte	0x66
 443 02ff A2000000 		.4byte	0xa2
 444 0303 56       		.byte	0x56
 445 0304 07       		.uleb128 0x7
 446 0305 1B040000 		.4byte	.LASF65
 447 0309 05       		.byte	0x5
 448 030a 67       		.byte	0x67
 449 030b A2000000 		.4byte	0xa2
 450 030f 57       		.byte	0x57
 451 0310 07       		.uleb128 0x7
 452 0311 1C000000 		.4byte	.LASF66
 453 0315 05       		.byte	0x5
 454 0316 68       		.byte	0x68
 455 0317 A2000000 		.4byte	0xa2
 456 031b 58       		.byte	0x58
 457 031c 07       		.uleb128 0x7
 458 031d 68070000 		.4byte	.LASF67
 459 0321 05       		.byte	0x5
 460 0322 69       		.byte	0x69
 461 0323 A2000000 		.4byte	0xa2
 462 0327 59       		.byte	0x59
 463 0328 07       		.uleb128 0x7
 464 0329 4B050000 		.4byte	.LASF68
 465 032d 05       		.byte	0x5
 466 032e 6E       		.byte	0x6e
 467 032f B8000000 		.4byte	0xb8
 468 0333 5A       		.byte	0x5a
 469 0334 07       		.uleb128 0x7
 470 0335 A9080000 		.4byte	.LASF69
 471 0339 05       		.byte	0x5
 472 033a 6F       		.byte	0x6f
 473 033b B8000000 		.4byte	0xb8
 474 033f 5C       		.byte	0x5c
 475 0340 07       		.uleb128 0x7
 476 0341 D4000000 		.4byte	.LASF70
 477 0345 05       		.byte	0x5
 478 0346 70       		.byte	0x70
 479 0347 A2000000 		.4byte	0xa2
 480 034b 5E       		.byte	0x5e
 481 034c 07       		.uleb128 0x7
ARM GAS  C:\Users\subra\AppData\Local\Temp\ccUwcBcb.s 			page 12


 482 034d FD060000 		.4byte	.LASF71
 483 0351 05       		.byte	0x5
 484 0352 71       		.byte	0x71
 485 0353 A2000000 		.4byte	0xa2
 486 0357 5F       		.byte	0x5f
 487 0358 07       		.uleb128 0x7
 488 0359 A7050000 		.4byte	.LASF72
 489 035d 05       		.byte	0x5
 490 035e 72       		.byte	0x72
 491 035f A2000000 		.4byte	0xa2
 492 0363 60       		.byte	0x60
 493 0364 07       		.uleb128 0x7
 494 0365 D6060000 		.4byte	.LASF73
 495 0369 05       		.byte	0x5
 496 036a 73       		.byte	0x73
 497 036b CE000000 		.4byte	0xce
 498 036f 64       		.byte	0x64
 499 0370 07       		.uleb128 0x7
 500 0371 FA000000 		.4byte	.LASF74
 501 0375 05       		.byte	0x5
 502 0376 76       		.byte	0x76
 503 0377 B8000000 		.4byte	0xb8
 504 037b 68       		.byte	0x68
 505 037c 07       		.uleb128 0x7
 506 037d 8D030000 		.4byte	.LASF75
 507 0381 05       		.byte	0x5
 508 0382 77       		.byte	0x77
 509 0383 B8000000 		.4byte	0xb8
 510 0387 6A       		.byte	0x6a
 511 0388 07       		.uleb128 0x7
 512 0389 2F040000 		.4byte	.LASF76
 513 038d 05       		.byte	0x5
 514 038e 78       		.byte	0x78
 515 038f B8000000 		.4byte	0xb8
 516 0393 6C       		.byte	0x6c
 517 0394 07       		.uleb128 0x7
 518 0395 71040000 		.4byte	.LASF77
 519 0399 05       		.byte	0x5
 520 039a 79       		.byte	0x79
 521 039b B8000000 		.4byte	0xb8
 522 039f 6E       		.byte	0x6e
 523 03a0 07       		.uleb128 0x7
 524 03a1 99070000 		.4byte	.LASF78
 525 03a5 05       		.byte	0x5
 526 03a6 7B       		.byte	0x7b
 527 03a7 A2000000 		.4byte	0xa2
 528 03ab 70       		.byte	0x70
 529 03ac 07       		.uleb128 0x7
 530 03ad 93010000 		.4byte	.LASF79
 531 03b1 05       		.byte	0x5
 532 03b2 7C       		.byte	0x7c
 533 03b3 A2000000 		.4byte	0xa2
 534 03b7 71       		.byte	0x71
 535 03b8 07       		.uleb128 0x7
 536 03b9 F6090000 		.4byte	.LASF80
 537 03bd 05       		.byte	0x5
 538 03be 7D       		.byte	0x7d
ARM GAS  C:\Users\subra\AppData\Local\Temp\ccUwcBcb.s 			page 13


 539 03bf A2000000 		.4byte	0xa2
 540 03c3 72       		.byte	0x72
 541 03c4 07       		.uleb128 0x7
 542 03c5 74050000 		.4byte	.LASF81
 543 03c9 05       		.byte	0x5
 544 03ca 7E       		.byte	0x7e
 545 03cb A2000000 		.4byte	0xa2
 546 03cf 73       		.byte	0x73
 547 03d0 07       		.uleb128 0x7
 548 03d1 CB070000 		.4byte	.LASF82
 549 03d5 05       		.byte	0x5
 550 03d6 80       		.byte	0x80
 551 03d7 B8000000 		.4byte	0xb8
 552 03db 74       		.byte	0x74
 553 03dc 07       		.uleb128 0x7
 554 03dd 51080000 		.4byte	.LASF83
 555 03e1 05       		.byte	0x5
 556 03e2 81       		.byte	0x81
 557 03e3 B8000000 		.4byte	0xb8
 558 03e7 76       		.byte	0x76
 559 03e8 07       		.uleb128 0x7
 560 03e9 9A020000 		.4byte	.LASF84
 561 03ed 05       		.byte	0x5
 562 03ee 82       		.byte	0x82
 563 03ef B8000000 		.4byte	0xb8
 564 03f3 78       		.byte	0x78
 565 03f4 07       		.uleb128 0x7
 566 03f5 9E000000 		.4byte	.LASF85
 567 03f9 05       		.byte	0x5
 568 03fa 83       		.byte	0x83
 569 03fb B8000000 		.4byte	0xb8
 570 03ff 7A       		.byte	0x7a
 571 0400 07       		.uleb128 0x7
 572 0401 78090000 		.4byte	.LASF86
 573 0405 05       		.byte	0x5
 574 0406 86       		.byte	0x86
 575 0407 A2000000 		.4byte	0xa2
 576 040b 7C       		.byte	0x7c
 577 040c 07       		.uleb128 0x7
 578 040d CD080000 		.4byte	.LASF87
 579 0411 05       		.byte	0x5
 580 0412 87       		.byte	0x87
 581 0413 A2000000 		.4byte	0xa2
 582 0417 7D       		.byte	0x7d
 583 0418 07       		.uleb128 0x7
 584 0419 30000000 		.4byte	.LASF88
 585 041d 05       		.byte	0x5
 586 041e 88       		.byte	0x88
 587 041f A2000000 		.4byte	0xa2
 588 0423 7E       		.byte	0x7e
 589 0424 07       		.uleb128 0x7
 590 0425 DF020000 		.4byte	.LASF89
 591 0429 05       		.byte	0x5
 592 042a 89       		.byte	0x89
 593 042b A2000000 		.4byte	0xa2
 594 042f 7F       		.byte	0x7f
 595 0430 07       		.uleb128 0x7
ARM GAS  C:\Users\subra\AppData\Local\Temp\ccUwcBcb.s 			page 14


 596 0431 57030000 		.4byte	.LASF90
 597 0435 05       		.byte	0x5
 598 0436 8A       		.byte	0x8a
 599 0437 A2000000 		.4byte	0xa2
 600 043b 80       		.byte	0x80
 601 043c 07       		.uleb128 0x7
 602 043d FD040000 		.4byte	.LASF91
 603 0441 05       		.byte	0x5
 604 0442 8D       		.byte	0x8d
 605 0443 CE000000 		.4byte	0xce
 606 0447 84       		.byte	0x84
 607 0448 07       		.uleb128 0x7
 608 0449 B3000000 		.4byte	.LASF92
 609 044d 05       		.byte	0x5
 610 044e 8E       		.byte	0x8e
 611 044f CE000000 		.4byte	0xce
 612 0453 88       		.byte	0x88
 613 0454 07       		.uleb128 0x7
 614 0455 63090000 		.4byte	.LASF93
 615 0459 05       		.byte	0x5
 616 045a 8F       		.byte	0x8f
 617 045b CE000000 		.4byte	0xce
 618 045f 8C       		.byte	0x8c
 619 0460 07       		.uleb128 0x7
 620 0461 2D050000 		.4byte	.LASF94
 621 0465 05       		.byte	0x5
 622 0466 90       		.byte	0x90
 623 0467 CE000000 		.4byte	0xce
 624 046b 90       		.byte	0x90
 625 046c 07       		.uleb128 0x7
 626 046d 38030000 		.4byte	.LASF95
 627 0471 05       		.byte	0x5
 628 0472 91       		.byte	0x91
 629 0473 CE000000 		.4byte	0xce
 630 0477 94       		.byte	0x94
 631 0478 07       		.uleb128 0x7
 632 0479 E7040000 		.4byte	.LASF96
 633 047d 05       		.byte	0x5
 634 047e 92       		.byte	0x92
 635 047f CE000000 		.4byte	0xce
 636 0483 98       		.byte	0x98
 637 0484 07       		.uleb128 0x7
 638 0485 B5090000 		.4byte	.LASF97
 639 0489 05       		.byte	0x5
 640 048a 93       		.byte	0x93
 641 048b CE000000 		.4byte	0xce
 642 048f 9C       		.byte	0x9c
 643 0490 07       		.uleb128 0x7
 644 0491 14010000 		.4byte	.LASF98
 645 0495 05       		.byte	0x5
 646 0496 94       		.byte	0x94
 647 0497 CE000000 		.4byte	0xce
 648 049b A0       		.byte	0xa0
 649 049c 07       		.uleb128 0x7
 650 049d EA010000 		.4byte	.LASF99
 651 04a1 05       		.byte	0x5
 652 04a2 95       		.byte	0x95
ARM GAS  C:\Users\subra\AppData\Local\Temp\ccUwcBcb.s 			page 15


 653 04a3 B8000000 		.4byte	0xb8
 654 04a7 A4       		.byte	0xa4
 655 04a8 07       		.uleb128 0x7
 656 04a9 FA070000 		.4byte	.LASF100
 657 04ad 05       		.byte	0x5
 658 04ae 96       		.byte	0x96
 659 04af B8000000 		.4byte	0xb8
 660 04b3 A6       		.byte	0xa6
 661 04b4 07       		.uleb128 0x7
 662 04b5 F1060000 		.4byte	.LASF101
 663 04b9 05       		.byte	0x5
 664 04ba 97       		.byte	0x97
 665 04bb B8000000 		.4byte	0xb8
 666 04bf A8       		.byte	0xa8
 667 04c0 07       		.uleb128 0x7
 668 04c1 38080000 		.4byte	.LASF102
 669 04c5 05       		.byte	0x5
 670 04c6 98       		.byte	0x98
 671 04c7 B8000000 		.4byte	0xb8
 672 04cb AA       		.byte	0xaa
 673 04cc 07       		.uleb128 0x7
 674 04cd 3E040000 		.4byte	.LASF103
 675 04d1 05       		.byte	0x5
 676 04d2 99       		.byte	0x99
 677 04d3 B8000000 		.4byte	0xb8
 678 04d7 AC       		.byte	0xac
 679 04d8 07       		.uleb128 0x7
 680 04d9 8B050000 		.4byte	.LASF104
 681 04dd 05       		.byte	0x5
 682 04de 9A       		.byte	0x9a
 683 04df B8000000 		.4byte	0xb8
 684 04e3 AE       		.byte	0xae
 685 04e4 07       		.uleb128 0x7
 686 04e5 B2080000 		.4byte	.LASF105
 687 04e9 05       		.byte	0x5
 688 04ea 9D       		.byte	0x9d
 689 04eb B8000000 		.4byte	0xb8
 690 04ef B0       		.byte	0xb0
 691 04f0 07       		.uleb128 0x7
 692 04f1 43000000 		.4byte	.LASF106
 693 04f5 05       		.byte	0x5
 694 04f6 9E       		.byte	0x9e
 695 04f7 CE000000 		.4byte	0xce
 696 04fb B4       		.byte	0xb4
 697 04fc 00       		.byte	0
 698 04fd 03       		.uleb128 0x3
 699 04fe 9C040000 		.4byte	.LASF107
 700 0502 05       		.byte	0x5
 701 0503 9F       		.byte	0x9f
 702 0504 EC000000 		.4byte	0xec
 703 0508 02       		.uleb128 0x2
 704 0509 01       		.byte	0x1
 705 050a 08       		.byte	0x8
 706 050b 27080000 		.4byte	.LASF108
 707 050f 02       		.uleb128 0x2
 708 0510 04       		.byte	0x4
 709 0511 04       		.byte	0x4
ARM GAS  C:\Users\subra\AppData\Local\Temp\ccUwcBcb.s 			page 16


 710 0512 D0060000 		.4byte	.LASF109
 711 0516 02       		.uleb128 0x2
 712 0517 08       		.byte	0x8
 713 0518 04       		.byte	0x4
 714 0519 93020000 		.4byte	.LASF110
 715 051d 08       		.uleb128 0x8
 716 051e 04       		.byte	0x4
 717 051f 02       		.uleb128 0x2
 718 0520 01       		.byte	0x1
 719 0521 02       		.byte	0x2
 720 0522 4C070000 		.4byte	.LASF111
 721 0526 09       		.uleb128 0x9
 722 0527 01       		.byte	0x1
 723 0528 3E000000 		.4byte	0x3e
 724 052c 06       		.byte	0x6
 725 052d 1304     		.2byte	0x413
 726 052f 4C050000 		.4byte	0x54c
 727 0533 0A       		.uleb128 0xa
 728 0534 18020000 		.4byte	.LASF112
 729 0538 00       		.byte	0
 730 0539 0A       		.uleb128 0xa
 731 053a 33070000 		.4byte	.LASF113
 732 053e 01       		.byte	0x1
 733 053f 0A       		.uleb128 0xa
 734 0540 70020000 		.4byte	.LASF114
 735 0544 02       		.byte	0x2
 736 0545 0A       		.uleb128 0xa
 737 0546 8D090000 		.4byte	.LASF115
 738 054a 03       		.byte	0x3
 739 054b 00       		.byte	0
 740 054c 0B       		.uleb128 0xb
 741 054d A8010000 		.4byte	.LASF116
 742 0551 06       		.byte	0x6
 743 0552 1804     		.2byte	0x418
 744 0554 26050000 		.4byte	0x526
 745 0558 0C       		.uleb128 0xc
 746 0559 78       		.byte	0x78
 747 055a 06       		.byte	0x6
 748 055b 0205     		.2byte	0x502
 749 055d 25060000 		.4byte	0x625
 750 0561 0D       		.uleb128 0xd
 751 0562 8B080000 		.4byte	.LASF117
 752 0566 06       		.byte	0x6
 753 0567 0405     		.2byte	0x504
 754 0569 CE000000 		.4byte	0xce
 755 056d 00       		.byte	0
 756 056e 0D       		.uleb128 0xd
 757 056f 44090000 		.4byte	.LASF118
 758 0573 06       		.byte	0x6
 759 0574 0505     		.2byte	0x505
 760 0576 CE000000 		.4byte	0xce
 761 057a 04       		.byte	0x4
 762 057b 0D       		.uleb128 0xd
 763 057c BF020000 		.4byte	.LASF119
 764 0580 06       		.byte	0x6
 765 0581 0605     		.2byte	0x506
 766 0583 CE000000 		.4byte	0xce
ARM GAS  C:\Users\subra\AppData\Local\Temp\ccUwcBcb.s 			page 17


 767 0587 08       		.byte	0x8
 768 0588 0D       		.uleb128 0xd
 769 0589 67050000 		.4byte	.LASF120
 770 058d 06       		.byte	0x6
 771 058e 0705     		.2byte	0x507
 772 0590 CE000000 		.4byte	0xce
 773 0594 0C       		.byte	0xc
 774 0595 0D       		.uleb128 0xd
 775 0596 5D040000 		.4byte	.LASF121
 776 059a 06       		.byte	0x6
 777 059b 0805     		.2byte	0x508
 778 059d CE000000 		.4byte	0xce
 779 05a1 10       		.byte	0x10
 780 05a2 0D       		.uleb128 0xd
 781 05a3 06090000 		.4byte	.LASF122
 782 05a7 06       		.byte	0x6
 783 05a8 0905     		.2byte	0x509
 784 05aa 4C050000 		.4byte	0x54c
 785 05ae 14       		.byte	0x14
 786 05af 0D       		.uleb128 0xd
 787 05b0 24070000 		.4byte	.LASF123
 788 05b4 06       		.byte	0x6
 789 05b5 0A05     		.2byte	0x50a
 790 05b7 CE000000 		.4byte	0xce
 791 05bb 18       		.byte	0x18
 792 05bc 0D       		.uleb128 0xd
 793 05bd AC040000 		.4byte	.LASF124
 794 05c1 06       		.byte	0x6
 795 05c2 0B05     		.2byte	0x50b
 796 05c4 25060000 		.4byte	0x625
 797 05c8 1C       		.byte	0x1c
 798 05c9 0D       		.uleb128 0xd
 799 05ca 90070000 		.4byte	.LASF125
 800 05ce 06       		.byte	0x6
 801 05cf 0C05     		.2byte	0x50c
 802 05d1 CE000000 		.4byte	0xce
 803 05d5 5C       		.byte	0x5c
 804 05d6 0D       		.uleb128 0xd
 805 05d7 92000000 		.4byte	.LASF126
 806 05db 06       		.byte	0x6
 807 05dc 0D05     		.2byte	0x50d
 808 05de CE000000 		.4byte	0xce
 809 05e2 60       		.byte	0x60
 810 05e3 0D       		.uleb128 0xd
 811 05e4 FF050000 		.4byte	.LASF127
 812 05e8 06       		.byte	0x6
 813 05e9 0E05     		.2byte	0x50e
 814 05eb CE000000 		.4byte	0xce
 815 05ef 64       		.byte	0x64
 816 05f0 0D       		.uleb128 0xd
 817 05f1 86070000 		.4byte	.LASF128
 818 05f5 06       		.byte	0x6
 819 05f6 0F05     		.2byte	0x50f
 820 05f8 CE000000 		.4byte	0xce
 821 05fc 68       		.byte	0x68
 822 05fd 0D       		.uleb128 0xd
 823 05fe D4090000 		.4byte	.LASF129
ARM GAS  C:\Users\subra\AppData\Local\Temp\ccUwcBcb.s 			page 18


 824 0602 06       		.byte	0x6
 825 0603 1005     		.2byte	0x510
 826 0605 CE000000 		.4byte	0xce
 827 0609 6C       		.byte	0x6c
 828 060a 0D       		.uleb128 0xd
 829 060b 99050000 		.4byte	.LASF130
 830 060f 06       		.byte	0x6
 831 0610 1105     		.2byte	0x511
 832 0612 1F050000 		.4byte	0x51f
 833 0616 70       		.byte	0x70
 834 0617 0D       		.uleb128 0xd
 835 0618 0F080000 		.4byte	.LASF131
 836 061c 06       		.byte	0x6
 837 061d 1205     		.2byte	0x512
 838 061f CE000000 		.4byte	0xce
 839 0623 74       		.byte	0x74
 840 0624 00       		.byte	0
 841 0625 0E       		.uleb128 0xe
 842 0626 CE000000 		.4byte	0xce
 843 062a 35060000 		.4byte	0x635
 844 062e 0F       		.uleb128 0xf
 845 062f D9000000 		.4byte	0xd9
 846 0633 0F       		.byte	0xf
 847 0634 00       		.byte	0
 848 0635 0B       		.uleb128 0xb
 849 0636 65010000 		.4byte	.LASF132
 850 063a 06       		.byte	0x6
 851 063b 1305     		.2byte	0x513
 852 063d 58050000 		.4byte	0x558
 853 0641 10       		.uleb128 0x10
 854 0642 04       		.byte	0x4
 855 0643 47060000 		.4byte	0x647
 856 0647 11       		.uleb128 0x11
 857 0648 52060000 		.4byte	0x652
 858 064c 12       		.uleb128 0x12
 859 064d CE000000 		.4byte	0xce
 860 0651 00       		.byte	0
 861 0652 0B       		.uleb128 0xb
 862 0653 25090000 		.4byte	.LASF133
 863 0657 07       		.byte	0x7
 864 0658 D901     		.2byte	0x1d9
 865 065a 41060000 		.4byte	0x641
 866 065e 13       		.uleb128 0x13
 867 065f 0C0A0000 		.4byte	.LASF163
 868 0663 38       		.byte	0x38
 869 0664 07       		.byte	0x7
 870 0665 7502     		.2byte	0x275
 871 0667 22070000 		.4byte	0x722
 872 066b 0D       		.uleb128 0xd
 873 066c CB090000 		.4byte	.LASF134
 874 0670 07       		.byte	0x7
 875 0671 7802     		.2byte	0x278
 876 0673 E0000000 		.4byte	0xe0
 877 0677 00       		.byte	0
 878 0678 0D       		.uleb128 0xd
 879 0679 C3050000 		.4byte	.LASF135
 880 067d 07       		.byte	0x7
ARM GAS  C:\Users\subra\AppData\Local\Temp\ccUwcBcb.s 			page 19


 881 067e 7902     		.2byte	0x279
 882 0680 E0000000 		.4byte	0xe0
 883 0684 04       		.byte	0x4
 884 0685 0D       		.uleb128 0xd
 885 0686 0A010000 		.4byte	.LASF136
 886 068a 07       		.byte	0x7
 887 068b 7B02     		.2byte	0x27b
 888 068d 1D050000 		.4byte	0x51d
 889 0691 08       		.byte	0x8
 890 0692 0D       		.uleb128 0xd
 891 0693 90080000 		.4byte	.LASF137
 892 0697 07       		.byte	0x7
 893 0698 7C02     		.2byte	0x27c
 894 069a CE000000 		.4byte	0xce
 895 069e 0C       		.byte	0xc
 896 069f 0D       		.uleb128 0xd
 897 06a0 D9040000 		.4byte	.LASF138
 898 06a4 07       		.byte	0x7
 899 06a5 7D02     		.2byte	0x27d
 900 06a7 E0000000 		.4byte	0xe0
 901 06ab 10       		.byte	0x10
 902 06ac 0D       		.uleb128 0xd
 903 06ad A7090000 		.4byte	.LASF139
 904 06b1 07       		.byte	0x7
 905 06b2 7E02     		.2byte	0x27e
 906 06b4 E0000000 		.4byte	0xe0
 907 06b8 14       		.byte	0x14
 908 06b9 0D       		.uleb128 0xd
 909 06ba E6080000 		.4byte	.LASF140
 910 06be 07       		.byte	0x7
 911 06bf 8002     		.2byte	0x280
 912 06c1 1D050000 		.4byte	0x51d
 913 06c5 18       		.byte	0x18
 914 06c6 0D       		.uleb128 0xd
 915 06c7 12000000 		.4byte	.LASF141
 916 06cb 07       		.byte	0x7
 917 06cc 8102     		.2byte	0x281
 918 06ce CE000000 		.4byte	0xce
 919 06d2 1C       		.byte	0x1c
 920 06d3 0D       		.uleb128 0xd
 921 06d4 2F030000 		.4byte	.LASF142
 922 06d8 07       		.byte	0x7
 923 06d9 8202     		.2byte	0x282
 924 06db E0000000 		.4byte	0xe0
 925 06df 20       		.byte	0x20
 926 06e0 0D       		.uleb128 0xd
 927 06e1 8A040000 		.4byte	.LASF143
 928 06e5 07       		.byte	0x7
 929 06e6 8402     		.2byte	0x284
 930 06e8 1D050000 		.4byte	0x51d
 931 06ec 24       		.byte	0x24
 932 06ed 0D       		.uleb128 0xd
 933 06ee 4D030000 		.4byte	.LASF144
 934 06f2 07       		.byte	0x7
 935 06f3 8502     		.2byte	0x285
 936 06f5 CE000000 		.4byte	0xce
 937 06f9 28       		.byte	0x28
ARM GAS  C:\Users\subra\AppData\Local\Temp\ccUwcBcb.s 			page 20


 938 06fa 0D       		.uleb128 0xd
 939 06fb 13070000 		.4byte	.LASF145
 940 06ff 07       		.byte	0x7
 941 0700 8602     		.2byte	0x286
 942 0702 E0000000 		.4byte	0xe0
 943 0706 2C       		.byte	0x2c
 944 0707 0D       		.uleb128 0xd
 945 0708 68040000 		.4byte	.LASF146
 946 070c 07       		.byte	0x7
 947 070d 8B02     		.2byte	0x28b
 948 070f 52060000 		.4byte	0x652
 949 0713 30       		.byte	0x30
 950 0714 0D       		.uleb128 0xd
 951 0715 DE080000 		.4byte	.LASF147
 952 0719 07       		.byte	0x7
 953 071a 8E02     		.2byte	0x28e
 954 071c CE000000 		.4byte	0xce
 955 0720 34       		.byte	0x34
 956 0721 00       		.byte	0
 957 0722 0B       		.uleb128 0xb
 958 0723 EC080000 		.4byte	.LASF148
 959 0727 07       		.byte	0x7
 960 0728 9102     		.2byte	0x291
 961 072a 5E060000 		.4byte	0x65e
 962 072e 06       		.uleb128 0x6
 963 072f 14       		.byte	0x14
 964 0730 08       		.byte	0x8
 965 0731 3B       		.byte	0x3b
 966 0732 73070000 		.4byte	0x773
 967 0736 07       		.uleb128 0x7
 968 0737 B7040000 		.4byte	.LASF149
 969 073b 08       		.byte	0x8
 970 073c 3D       		.byte	0x3d
 971 073d CE000000 		.4byte	0xce
 972 0741 00       		.byte	0
 973 0742 07       		.uleb128 0x7
 974 0743 90040000 		.4byte	.LASF150
 975 0747 08       		.byte	0x8
 976 0748 3E       		.byte	0x3e
 977 0749 CE000000 		.4byte	0xce
 978 074d 04       		.byte	0x4
 979 074e 07       		.uleb128 0x7
 980 074f 19030000 		.4byte	.LASF151
 981 0753 08       		.byte	0x8
 982 0754 3F       		.byte	0x3f
 983 0755 73070000 		.4byte	0x773
 984 0759 08       		.byte	0x8
 985 075a 07       		.uleb128 0x7
 986 075b 9E080000 		.4byte	.LASF152
 987 075f 08       		.byte	0x8
 988 0760 40       		.byte	0x40
 989 0761 CE000000 		.4byte	0xce
 990 0765 0C       		.byte	0xc
 991 0766 07       		.uleb128 0x7
 992 0767 CB010000 		.4byte	.LASF153
 993 076b 08       		.byte	0x8
 994 076c 45       		.byte	0x45
ARM GAS  C:\Users\subra\AppData\Local\Temp\ccUwcBcb.s 			page 21


 995 076d CE000000 		.4byte	0xce
 996 0771 10       		.byte	0x10
 997 0772 00       		.byte	0
 998 0773 10       		.uleb128 0x10
 999 0774 04       		.byte	0x4
 1000 0775 79070000 		.4byte	0x779
 1001 0779 14       		.uleb128 0x14
 1002 077a 35060000 		.4byte	0x635
 1003 077e 03       		.uleb128 0x3
 1004 077f 4F090000 		.4byte	.LASF154
 1005 0783 08       		.byte	0x8
 1006 0784 48       		.byte	0x48
 1007 0785 2E070000 		.4byte	0x72e
 1008 0789 15       		.uleb128 0x15
 1009 078a F2050000 		.4byte	.LASF164
 1010 078e 02       		.byte	0x2
 1011 078f 81       		.byte	0x81
 1012 0790 03       		.byte	0x3
 1013 0791 16       		.uleb128 0x16
 1014 0792 BA020000 		.4byte	.LASF165
 1015 0796 01       		.byte	0x1
 1016 0797 0E       		.byte	0xe
 1017 0798 94000000 		.4byte	0x94
 1018 079c 00000000 		.4byte	.LFB528
 1019 07a0 04000000 		.4byte	.LFE528-.LFB528
 1020 07a4 01       		.uleb128 0x1
 1021 07a5 9C       		.byte	0x9c
 1022 07a6 BA070000 		.4byte	0x7ba
 1023 07aa 17       		.uleb128 0x17
 1024 07ab 89070000 		.4byte	0x789
 1025 07af 00000000 		.4byte	.LBB4
 1026 07b3 04000000 		.4byte	.LBE4-.LBB4
 1027 07b7 01       		.byte	0x1
 1028 07b8 10       		.byte	0x10
 1029 07b9 00       		.byte	0
 1030 07ba 18       		.uleb128 0x18
 1031 07bb 2A010000 		.4byte	.LASF155
 1032 07bf 09       		.byte	0x9
 1033 07c0 F907     		.2byte	0x7f9
 1034 07c2 C6070000 		.4byte	0x7c6
 1035 07c6 05       		.uleb128 0x5
 1036 07c7 C3000000 		.4byte	0xc3
 1037 07cb 19       		.uleb128 0x19
 1038 07cc E7060000 		.4byte	.LASF156
 1039 07d0 05       		.byte	0x5
 1040 07d1 A7       		.byte	0xa7
 1041 07d2 D6070000 		.4byte	0x7d6
 1042 07d6 10       		.uleb128 0x10
 1043 07d7 04       		.byte	0x4
 1044 07d8 DC070000 		.4byte	0x7dc
 1045 07dc 14       		.uleb128 0x14
 1046 07dd FD040000 		.4byte	0x4fd
 1047 07e1 18       		.uleb128 0x18
 1048 07e2 E6070000 		.4byte	.LASF157
 1049 07e6 08       		.byte	0x8
 1050 07e7 6001     		.2byte	0x160
 1051 07e9 CE000000 		.4byte	0xce
ARM GAS  C:\Users\subra\AppData\Local\Temp\ccUwcBcb.s 			page 22


 1052 07ed 0E       		.uleb128 0xe
 1053 07ee FD070000 		.4byte	0x7fd
 1054 07f2 FD070000 		.4byte	0x7fd
 1055 07f6 0F       		.uleb128 0xf
 1056 07f7 D9000000 		.4byte	0xd9
 1057 07fb 00       		.byte	0
 1058 07fc 00       		.byte	0
 1059 07fd 14       		.uleb128 0x14
 1060 07fe 7E070000 		.4byte	0x77e
 1061 0802 18       		.uleb128 0x18
 1062 0803 4C040000 		.4byte	.LASF158
 1063 0807 08       		.byte	0x8
 1064 0808 6401     		.2byte	0x164
 1065 080a 0E080000 		.4byte	0x80e
 1066 080e 14       		.uleb128 0x14
 1067 080f ED070000 		.4byte	0x7ed
 1068 0813 19       		.uleb128 0x19
 1069 0814 39020000 		.4byte	.LASF159
 1070 0818 0A       		.byte	0xa
 1071 0819 87       		.byte	0x87
 1072 081a 22070000 		.4byte	0x722
 1073 081e 00       		.byte	0
 1074              		.section	.debug_abbrev,"",%progbits
 1075              	.Ldebug_abbrev0:
 1076 0000 01       		.uleb128 0x1
 1077 0001 11       		.uleb128 0x11
 1078 0002 01       		.byte	0x1
 1079 0003 25       		.uleb128 0x25
 1080 0004 0E       		.uleb128 0xe
 1081 0005 13       		.uleb128 0x13
 1082 0006 0B       		.uleb128 0xb
 1083 0007 03       		.uleb128 0x3
 1084 0008 0E       		.uleb128 0xe
 1085 0009 1B       		.uleb128 0x1b
 1086 000a 0E       		.uleb128 0xe
 1087 000b 55       		.uleb128 0x55
 1088 000c 17       		.uleb128 0x17
 1089 000d 11       		.uleb128 0x11
 1090 000e 01       		.uleb128 0x1
 1091 000f 10       		.uleb128 0x10
 1092 0010 17       		.uleb128 0x17
 1093 0011 00       		.byte	0
 1094 0012 00       		.byte	0
 1095 0013 02       		.uleb128 0x2
 1096 0014 24       		.uleb128 0x24
 1097 0015 00       		.byte	0
 1098 0016 0B       		.uleb128 0xb
 1099 0017 0B       		.uleb128 0xb
 1100 0018 3E       		.uleb128 0x3e
 1101 0019 0B       		.uleb128 0xb
 1102 001a 03       		.uleb128 0x3
 1103 001b 0E       		.uleb128 0xe
 1104 001c 00       		.byte	0
 1105 001d 00       		.byte	0
 1106 001e 03       		.uleb128 0x3
 1107 001f 16       		.uleb128 0x16
 1108 0020 00       		.byte	0
ARM GAS  C:\Users\subra\AppData\Local\Temp\ccUwcBcb.s 			page 23


 1109 0021 03       		.uleb128 0x3
 1110 0022 0E       		.uleb128 0xe
 1111 0023 3A       		.uleb128 0x3a
 1112 0024 0B       		.uleb128 0xb
 1113 0025 3B       		.uleb128 0x3b
 1114 0026 0B       		.uleb128 0xb
 1115 0027 49       		.uleb128 0x49
 1116 0028 13       		.uleb128 0x13
 1117 0029 00       		.byte	0
 1118 002a 00       		.byte	0
 1119 002b 04       		.uleb128 0x4
 1120 002c 24       		.uleb128 0x24
 1121 002d 00       		.byte	0
 1122 002e 0B       		.uleb128 0xb
 1123 002f 0B       		.uleb128 0xb
 1124 0030 3E       		.uleb128 0x3e
 1125 0031 0B       		.uleb128 0xb
 1126 0032 03       		.uleb128 0x3
 1127 0033 08       		.uleb128 0x8
 1128 0034 00       		.byte	0
 1129 0035 00       		.byte	0
 1130 0036 05       		.uleb128 0x5
 1131 0037 35       		.uleb128 0x35
 1132 0038 00       		.byte	0
 1133 0039 49       		.uleb128 0x49
 1134 003a 13       		.uleb128 0x13
 1135 003b 00       		.byte	0
 1136 003c 00       		.byte	0
 1137 003d 06       		.uleb128 0x6
 1138 003e 13       		.uleb128 0x13
 1139 003f 01       		.byte	0x1
 1140 0040 0B       		.uleb128 0xb
 1141 0041 0B       		.uleb128 0xb
 1142 0042 3A       		.uleb128 0x3a
 1143 0043 0B       		.uleb128 0xb
 1144 0044 3B       		.uleb128 0x3b
 1145 0045 0B       		.uleb128 0xb
 1146 0046 01       		.uleb128 0x1
 1147 0047 13       		.uleb128 0x13
 1148 0048 00       		.byte	0
 1149 0049 00       		.byte	0
 1150 004a 07       		.uleb128 0x7
 1151 004b 0D       		.uleb128 0xd
 1152 004c 00       		.byte	0
 1153 004d 03       		.uleb128 0x3
 1154 004e 0E       		.uleb128 0xe
 1155 004f 3A       		.uleb128 0x3a
 1156 0050 0B       		.uleb128 0xb
 1157 0051 3B       		.uleb128 0x3b
 1158 0052 0B       		.uleb128 0xb
 1159 0053 49       		.uleb128 0x49
 1160 0054 13       		.uleb128 0x13
 1161 0055 38       		.uleb128 0x38
 1162 0056 0B       		.uleb128 0xb
 1163 0057 00       		.byte	0
 1164 0058 00       		.byte	0
 1165 0059 08       		.uleb128 0x8
ARM GAS  C:\Users\subra\AppData\Local\Temp\ccUwcBcb.s 			page 24


 1166 005a 0F       		.uleb128 0xf
 1167 005b 00       		.byte	0
 1168 005c 0B       		.uleb128 0xb
 1169 005d 0B       		.uleb128 0xb
 1170 005e 00       		.byte	0
 1171 005f 00       		.byte	0
 1172 0060 09       		.uleb128 0x9
 1173 0061 04       		.uleb128 0x4
 1174 0062 01       		.byte	0x1
 1175 0063 0B       		.uleb128 0xb
 1176 0064 0B       		.uleb128 0xb
 1177 0065 49       		.uleb128 0x49
 1178 0066 13       		.uleb128 0x13
 1179 0067 3A       		.uleb128 0x3a
 1180 0068 0B       		.uleb128 0xb
 1181 0069 3B       		.uleb128 0x3b
 1182 006a 05       		.uleb128 0x5
 1183 006b 01       		.uleb128 0x1
 1184 006c 13       		.uleb128 0x13
 1185 006d 00       		.byte	0
 1186 006e 00       		.byte	0
 1187 006f 0A       		.uleb128 0xa
 1188 0070 28       		.uleb128 0x28
 1189 0071 00       		.byte	0
 1190 0072 03       		.uleb128 0x3
 1191 0073 0E       		.uleb128 0xe
 1192 0074 1C       		.uleb128 0x1c
 1193 0075 0B       		.uleb128 0xb
 1194 0076 00       		.byte	0
 1195 0077 00       		.byte	0
 1196 0078 0B       		.uleb128 0xb
 1197 0079 16       		.uleb128 0x16
 1198 007a 00       		.byte	0
 1199 007b 03       		.uleb128 0x3
 1200 007c 0E       		.uleb128 0xe
 1201 007d 3A       		.uleb128 0x3a
 1202 007e 0B       		.uleb128 0xb
 1203 007f 3B       		.uleb128 0x3b
 1204 0080 05       		.uleb128 0x5
 1205 0081 49       		.uleb128 0x49
 1206 0082 13       		.uleb128 0x13
 1207 0083 00       		.byte	0
 1208 0084 00       		.byte	0
 1209 0085 0C       		.uleb128 0xc
 1210 0086 13       		.uleb128 0x13
 1211 0087 01       		.byte	0x1
 1212 0088 0B       		.uleb128 0xb
 1213 0089 0B       		.uleb128 0xb
 1214 008a 3A       		.uleb128 0x3a
 1215 008b 0B       		.uleb128 0xb
 1216 008c 3B       		.uleb128 0x3b
 1217 008d 05       		.uleb128 0x5
 1218 008e 01       		.uleb128 0x1
 1219 008f 13       		.uleb128 0x13
 1220 0090 00       		.byte	0
 1221 0091 00       		.byte	0
 1222 0092 0D       		.uleb128 0xd
ARM GAS  C:\Users\subra\AppData\Local\Temp\ccUwcBcb.s 			page 25


 1223 0093 0D       		.uleb128 0xd
 1224 0094 00       		.byte	0
 1225 0095 03       		.uleb128 0x3
 1226 0096 0E       		.uleb128 0xe
 1227 0097 3A       		.uleb128 0x3a
 1228 0098 0B       		.uleb128 0xb
 1229 0099 3B       		.uleb128 0x3b
 1230 009a 05       		.uleb128 0x5
 1231 009b 49       		.uleb128 0x49
 1232 009c 13       		.uleb128 0x13
 1233 009d 38       		.uleb128 0x38
 1234 009e 0B       		.uleb128 0xb
 1235 009f 00       		.byte	0
 1236 00a0 00       		.byte	0
 1237 00a1 0E       		.uleb128 0xe
 1238 00a2 01       		.uleb128 0x1
 1239 00a3 01       		.byte	0x1
 1240 00a4 49       		.uleb128 0x49
 1241 00a5 13       		.uleb128 0x13
 1242 00a6 01       		.uleb128 0x1
 1243 00a7 13       		.uleb128 0x13
 1244 00a8 00       		.byte	0
 1245 00a9 00       		.byte	0
 1246 00aa 0F       		.uleb128 0xf
 1247 00ab 21       		.uleb128 0x21
 1248 00ac 00       		.byte	0
 1249 00ad 49       		.uleb128 0x49
 1250 00ae 13       		.uleb128 0x13
 1251 00af 2F       		.uleb128 0x2f
 1252 00b0 0B       		.uleb128 0xb
 1253 00b1 00       		.byte	0
 1254 00b2 00       		.byte	0
 1255 00b3 10       		.uleb128 0x10
 1256 00b4 0F       		.uleb128 0xf
 1257 00b5 00       		.byte	0
 1258 00b6 0B       		.uleb128 0xb
 1259 00b7 0B       		.uleb128 0xb
 1260 00b8 49       		.uleb128 0x49
 1261 00b9 13       		.uleb128 0x13
 1262 00ba 00       		.byte	0
 1263 00bb 00       		.byte	0
 1264 00bc 11       		.uleb128 0x11
 1265 00bd 15       		.uleb128 0x15
 1266 00be 01       		.byte	0x1
 1267 00bf 27       		.uleb128 0x27
 1268 00c0 19       		.uleb128 0x19
 1269 00c1 01       		.uleb128 0x1
 1270 00c2 13       		.uleb128 0x13
 1271 00c3 00       		.byte	0
 1272 00c4 00       		.byte	0
 1273 00c5 12       		.uleb128 0x12
 1274 00c6 05       		.uleb128 0x5
 1275 00c7 00       		.byte	0
 1276 00c8 49       		.uleb128 0x49
 1277 00c9 13       		.uleb128 0x13
 1278 00ca 00       		.byte	0
 1279 00cb 00       		.byte	0
ARM GAS  C:\Users\subra\AppData\Local\Temp\ccUwcBcb.s 			page 26


 1280 00cc 13       		.uleb128 0x13
 1281 00cd 13       		.uleb128 0x13
 1282 00ce 01       		.byte	0x1
 1283 00cf 03       		.uleb128 0x3
 1284 00d0 0E       		.uleb128 0xe
 1285 00d1 0B       		.uleb128 0xb
 1286 00d2 0B       		.uleb128 0xb
 1287 00d3 3A       		.uleb128 0x3a
 1288 00d4 0B       		.uleb128 0xb
 1289 00d5 3B       		.uleb128 0x3b
 1290 00d6 05       		.uleb128 0x5
 1291 00d7 01       		.uleb128 0x1
 1292 00d8 13       		.uleb128 0x13
 1293 00d9 00       		.byte	0
 1294 00da 00       		.byte	0
 1295 00db 14       		.uleb128 0x14
 1296 00dc 26       		.uleb128 0x26
 1297 00dd 00       		.byte	0
 1298 00de 49       		.uleb128 0x49
 1299 00df 13       		.uleb128 0x13
 1300 00e0 00       		.byte	0
 1301 00e1 00       		.byte	0
 1302 00e2 15       		.uleb128 0x15
 1303 00e3 2E       		.uleb128 0x2e
 1304 00e4 00       		.byte	0
 1305 00e5 03       		.uleb128 0x3
 1306 00e6 0E       		.uleb128 0xe
 1307 00e7 3A       		.uleb128 0x3a
 1308 00e8 0B       		.uleb128 0xb
 1309 00e9 3B       		.uleb128 0x3b
 1310 00ea 0B       		.uleb128 0xb
 1311 00eb 27       		.uleb128 0x27
 1312 00ec 19       		.uleb128 0x19
 1313 00ed 20       		.uleb128 0x20
 1314 00ee 0B       		.uleb128 0xb
 1315 00ef 00       		.byte	0
 1316 00f0 00       		.byte	0
 1317 00f1 16       		.uleb128 0x16
 1318 00f2 2E       		.uleb128 0x2e
 1319 00f3 01       		.byte	0x1
 1320 00f4 3F       		.uleb128 0x3f
 1321 00f5 19       		.uleb128 0x19
 1322 00f6 03       		.uleb128 0x3
 1323 00f7 0E       		.uleb128 0xe
 1324 00f8 3A       		.uleb128 0x3a
 1325 00f9 0B       		.uleb128 0xb
 1326 00fa 3B       		.uleb128 0x3b
 1327 00fb 0B       		.uleb128 0xb
 1328 00fc 27       		.uleb128 0x27
 1329 00fd 19       		.uleb128 0x19
 1330 00fe 49       		.uleb128 0x49
 1331 00ff 13       		.uleb128 0x13
 1332 0100 8701     		.uleb128 0x87
 1333 0102 19       		.uleb128 0x19
 1334 0103 11       		.uleb128 0x11
 1335 0104 01       		.uleb128 0x1
 1336 0105 12       		.uleb128 0x12
ARM GAS  C:\Users\subra\AppData\Local\Temp\ccUwcBcb.s 			page 27


 1337 0106 06       		.uleb128 0x6
 1338 0107 40       		.uleb128 0x40
 1339 0108 18       		.uleb128 0x18
 1340 0109 9742     		.uleb128 0x2117
 1341 010b 19       		.uleb128 0x19
 1342 010c 01       		.uleb128 0x1
 1343 010d 13       		.uleb128 0x13
 1344 010e 00       		.byte	0
 1345 010f 00       		.byte	0
 1346 0110 17       		.uleb128 0x17
 1347 0111 1D       		.uleb128 0x1d
 1348 0112 00       		.byte	0
 1349 0113 31       		.uleb128 0x31
 1350 0114 13       		.uleb128 0x13
 1351 0115 11       		.uleb128 0x11
 1352 0116 01       		.uleb128 0x1
 1353 0117 12       		.uleb128 0x12
 1354 0118 06       		.uleb128 0x6
 1355 0119 58       		.uleb128 0x58
 1356 011a 0B       		.uleb128 0xb
 1357 011b 59       		.uleb128 0x59
 1358 011c 0B       		.uleb128 0xb
 1359 011d 00       		.byte	0
 1360 011e 00       		.byte	0
 1361 011f 18       		.uleb128 0x18
 1362 0120 34       		.uleb128 0x34
 1363 0121 00       		.byte	0
 1364 0122 03       		.uleb128 0x3
 1365 0123 0E       		.uleb128 0xe
 1366 0124 3A       		.uleb128 0x3a
 1367 0125 0B       		.uleb128 0xb
 1368 0126 3B       		.uleb128 0x3b
 1369 0127 05       		.uleb128 0x5
 1370 0128 49       		.uleb128 0x49
 1371 0129 13       		.uleb128 0x13
 1372 012a 3F       		.uleb128 0x3f
 1373 012b 19       		.uleb128 0x19
 1374 012c 3C       		.uleb128 0x3c
 1375 012d 19       		.uleb128 0x19
 1376 012e 00       		.byte	0
 1377 012f 00       		.byte	0
 1378 0130 19       		.uleb128 0x19
 1379 0131 34       		.uleb128 0x34
 1380 0132 00       		.byte	0
 1381 0133 03       		.uleb128 0x3
 1382 0134 0E       		.uleb128 0xe
 1383 0135 3A       		.uleb128 0x3a
 1384 0136 0B       		.uleb128 0xb
 1385 0137 3B       		.uleb128 0x3b
 1386 0138 0B       		.uleb128 0xb
 1387 0139 49       		.uleb128 0x49
 1388 013a 13       		.uleb128 0x13
 1389 013b 3F       		.uleb128 0x3f
 1390 013c 19       		.uleb128 0x19
 1391 013d 3C       		.uleb128 0x3c
 1392 013e 19       		.uleb128 0x19
 1393 013f 00       		.byte	0
ARM GAS  C:\Users\subra\AppData\Local\Temp\ccUwcBcb.s 			page 28


 1394 0140 00       		.byte	0
 1395 0141 00       		.byte	0
 1396              		.section	.debug_aranges,"",%progbits
 1397 0000 1C000000 		.4byte	0x1c
 1398 0004 0200     		.2byte	0x2
 1399 0006 00000000 		.4byte	.Ldebug_info0
 1400 000a 04       		.byte	0x4
 1401 000b 00       		.byte	0
 1402 000c 0000     		.2byte	0
 1403 000e 0000     		.2byte	0
 1404 0010 00000000 		.4byte	.LFB528
 1405 0014 04000000 		.4byte	.LFE528-.LFB528
 1406 0018 00000000 		.4byte	0
 1407 001c 00000000 		.4byte	0
 1408              		.section	.debug_ranges,"",%progbits
 1409              	.Ldebug_ranges0:
 1410 0000 00000000 		.4byte	.LFB528
 1411 0004 04000000 		.4byte	.LFE528
 1412 0008 00000000 		.4byte	0
 1413 000c 00000000 		.4byte	0
 1414              		.section	.debug_line,"",%progbits
 1415              	.Ldebug_line0:
 1416 0000 72020000 		.section	.debug_str,"MS",%progbits,1
 1416      02005702 
 1416      00000201 
 1416      FB0E0D00 
 1416      01010101 
 1417              	.LASF56:
 1418 0000 70726F74 		.ascii	"protBusMasterMask\000"
 1418      4275734D 
 1418      61737465 
 1418      724D6173 
 1418      6B00
 1419              	.LASF141:
 1420 0012 72784275 		.ascii	"rxBufSize\000"
 1420      6653697A 
 1420      6500
 1421              	.LASF66:
 1422 001c 666C6173 		.ascii	"flashCtlMainWs3Freq\000"
 1422      6843746C 
 1422      4D61696E 
 1422      57733346 
 1422      72657100 
 1423              	.LASF88:
 1424 0030 6770696F 		.ascii	"gpioPrtCfgInOffset\000"
 1424      50727443 
 1424      6667496E 
 1424      4F666673 
 1424      657400
 1425              	.LASF106:
 1426 0043 6970634C 		.ascii	"ipcLockStatusOffset\000"
 1426      6F636B53 
 1426      74617475 
 1426      734F6666 
 1426      73657400 
 1427              	.LASF32:
 1428 0057 63727970 		.ascii	"cryptoVersion\000"
ARM GAS  C:\Users\subra\AppData\Local\Temp\ccUwcBcb.s 			page 29


 1428      746F5665 
 1428      7273696F 
 1428      6E00
 1429              	.LASF50:
 1430 0065 70657269 		.ascii	"periClockNr\000"
 1430      436C6F63 
 1430      6B4E7200 
 1431              	.LASF28:
 1432 0071 70617373 		.ascii	"passBase\000"
 1432      42617365 
 1432      00
 1433              	.LASF41:
 1434 007a 63707573 		.ascii	"cpussIpcIrqNr\000"
 1434      73497063 
 1434      4972714E 
 1434      7200
 1435              	.LASF3:
 1436 0088 5F5F7569 		.ascii	"__uint8_t\000"
 1436      6E74385F 
 1436      7400
 1437              	.LASF126:
 1438 0092 73617449 		.ascii	"satIntrMask\000"
 1438      6E74724D 
 1438      61736B00 
 1439              	.LASF85:
 1440 009e 70657269 		.ascii	"periDiv24_5CtlOffset\000"
 1440      44697632 
 1440      345F3543 
 1440      746C4F66 
 1440      66736574 
 1441              	.LASF92:
 1442 00b3 63707573 		.ascii	"cpussCm4ClockCtlOffset\000"
 1442      73436D34 
 1442      436C6F63 
 1442      6B43746C 
 1442      4F666673 
 1443              	.LASF21:
 1444 00ca 63707573 		.ascii	"cpussBase\000"
 1444      73426173 
 1444      6500
 1445              	.LASF70:
 1446 00d4 64774368 		.ascii	"dwChCtlPrioPos\000"
 1446      43746C50 
 1446      72696F50 
 1446      6F7300
 1447              	.LASF12:
 1448 00e3 6C6F6E67 		.ascii	"long long unsigned int\000"
 1448      206C6F6E 
 1448      6720756E 
 1448      7369676E 
 1448      65642069 
 1449              	.LASF74:
 1450 00fa 70657269 		.ascii	"periTrCmdOffset\000"
 1450      5472436D 
 1450      644F6666 
 1450      73657400 
 1451              	.LASF136:
ARM GAS  C:\Users\subra\AppData\Local\Temp\ccUwcBcb.s 			page 30


 1452 010a 72785269 		.ascii	"rxRingBuf\000"
 1452      6E674275 
 1452      6600
 1453              	.LASF98:
 1454 0114 63707573 		.ascii	"cpussSysTickCtlOffset\000"
 1454      73537973 
 1454      5469636B 
 1454      43746C4F 
 1454      66667365 
 1455              	.LASF155:
 1456 012a 49544D5F 		.ascii	"ITM_RxBuffer\000"
 1456      52784275 
 1456      66666572 
 1456      00
 1457              	.LASF59:
 1458 0137 666C6173 		.ascii	"flashPipeRequired\000"
 1458      68506970 
 1458      65526571 
 1458      75697265 
 1458      6400
 1459              	.LASF63:
 1460 0149 666C6173 		.ascii	"flashCtlMainWs0Freq\000"
 1460      6843746C 
 1460      4D61696E 
 1460      57733046 
 1460      72657100 
 1461              	.LASF15:
 1462 015d 696E7431 		.ascii	"int16_t\000"
 1462      365F7400 
 1463              	.LASF132:
 1464 0165 63795F73 		.ascii	"cy_stc_sar_config_t\000"
 1464      74635F73 
 1464      61725F63 
 1464      6F6E6669 
 1464      675F7400 
 1465              	.LASF11:
 1466 0179 6C6F6E67 		.ascii	"long long int\000"
 1466      206C6F6E 
 1466      6720696E 
 1466      7400
 1467              	.LASF1:
 1468 0187 7369676E 		.ascii	"signed char\000"
 1468      65642063 
 1468      68617200 
 1469              	.LASF79:
 1470 0193 70657269 		.ascii	"periDivCmdTypeSelPos\000"
 1470      44697643 
 1470      6D645479 
 1470      70655365 
 1470      6C506F73 
 1471              	.LASF116:
 1472 01a8 63795F65 		.ascii	"cy_en_sar_range_detect_condition_t\000"
 1472      6E5F7361 
 1472      725F7261 
 1472      6E67655F 
 1472      64657465 
 1473              	.LASF153:
ARM GAS  C:\Users\subra\AppData\Local\Temp\ccUwcBcb.s 			page 31


 1474 01cb 636C6B44 		.ascii	"clkDivider\000"
 1474      69766964 
 1474      657200
 1475              	.LASF25:
 1476 01d6 70726F74 		.ascii	"protBase\000"
 1476      42617365 
 1476      00
 1477              	.LASF37:
 1478 01df 69706356 		.ascii	"ipcVersion\000"
 1478      65727369 
 1478      6F6E00
 1479              	.LASF99:
 1480 01ea 63707573 		.ascii	"cpussCm0NmiCtlOffset\000"
 1480      73436D30 
 1480      4E6D6943 
 1480      746C4F66 
 1480      66736574 
 1481              	.LASF47:
 1482 01ff 73727373 		.ascii	"srssNumClkpath\000"
 1482      4E756D43 
 1482      6C6B7061 
 1482      746800
 1483              	.LASF26:
 1484 020e 6873696F 		.ascii	"hsiomBase\000"
 1484      6D426173 
 1484      6500
 1485              	.LASF112:
 1486 0218 43595F53 		.ascii	"CY_SAR_RANGE_COND_BELOW\000"
 1486      41525F52 
 1486      414E4745 
 1486      5F434F4E 
 1486      445F4245 
 1487              	.LASF8:
 1488 0230 6C6F6E67 		.ascii	"long int\000"
 1488      20696E74 
 1488      00
 1489              	.LASF159:
 1490 0239 55415254 		.ascii	"UART_1_context\000"
 1490      5F315F63 
 1490      6F6E7465 
 1490      787400
 1491              	.LASF57:
 1492 0248 63727970 		.ascii	"cryptoMemSize\000"
 1492      746F4D65 
 1492      6D53697A 
 1492      6500
 1493              	.LASF23:
 1494 0256 70657269 		.ascii	"periBase\000"
 1494      42617365 
 1494      00
 1495              	.LASF55:
 1496 025f 73797350 		.ascii	"sysPmSimoPresent\000"
 1496      6D53696D 
 1496      6F507265 
 1496      73656E74 
 1496      00
 1497              	.LASF114:
ARM GAS  C:\Users\subra\AppData\Local\Temp\ccUwcBcb.s 			page 32


 1498 0270 43595F53 		.ascii	"CY_SAR_RANGE_COND_ABOVE\000"
 1498      41525F52 
 1498      414E4745 
 1498      5F434F4E 
 1498      445F4142 
 1499              	.LASF45:
 1500 0288 63707573 		.ascii	"cpussFmIrq\000"
 1500      73466D49 
 1500      727100
 1501              	.LASF110:
 1502 0293 646F7562 		.ascii	"double\000"
 1502      6C6500
 1503              	.LASF84:
 1504 029a 70657269 		.ascii	"periDiv16_5CtlOffset\000"
 1504      44697631 
 1504      365F3543 
 1504      746C4F66 
 1504      66736574 
 1505              	.LASF48:
 1506 02af 73727373 		.ascii	"srssNumPll\000"
 1506      4E756D50 
 1506      6C6C00
 1507              	.LASF165:
 1508 02ba 6D61696E 		.ascii	"main\000"
 1508      00
 1509              	.LASF119:
 1510 02bf 73616D70 		.ascii	"sampleTime01\000"
 1510      6C655469 
 1510      6D653031 
 1510      00
 1511              	.LASF6:
 1512 02cc 73686F72 		.ascii	"short unsigned int\000"
 1512      7420756E 
 1512      7369676E 
 1512      65642069 
 1512      6E7400
 1513              	.LASF89:
 1514 02df 6770696F 		.ascii	"gpioPrtCfgOutOffset\000"
 1514      50727443 
 1514      66674F75 
 1514      744F6666 
 1514      73657400 
 1515              	.LASF22:
 1516 02f3 666C6173 		.ascii	"flashcBase\000"
 1516      68634261 
 1516      736500
 1517              	.LASF9:
 1518 02fe 5F5F7569 		.ascii	"__uint32_t\000"
 1518      6E743332 
 1518      5F7400
 1519              	.LASF52:
 1520 0309 70617373 		.ascii	"passSarChannels\000"
 1520      53617243 
 1520      68616E6E 
 1520      656C7300 
 1521              	.LASF151:
 1522 0319 6877436F 		.ascii	"hwConfigStc\000"
ARM GAS  C:\Users\subra\AppData\Local\Temp\ccUwcBcb.s 			page 33


 1522      6E666967 
 1522      53746300 
 1523              	.LASF4:
 1524 0325 5F5F696E 		.ascii	"__int16_t\000"
 1524      7431365F 
 1524      7400
 1525              	.LASF142:
 1526 032f 72784275 		.ascii	"rxBufIdx\000"
 1526      66496478 
 1526      00
 1527              	.LASF95:
 1528 0338 63707573 		.ascii	"cpussCm4PwrCtlOffset\000"
 1528      73436D34 
 1528      50777243 
 1528      746C4F66 
 1528      66736574 
 1529              	.LASF144:
 1530 034d 74784275 		.ascii	"txBufSize\000"
 1530      6653697A 
 1530      6500
 1531              	.LASF90:
 1532 0357 6770696F 		.ascii	"gpioPrtCfgSioOffset\000"
 1532      50727443 
 1532      66675369 
 1532      6F4F6666 
 1532      73657400 
 1533              	.LASF42:
 1534 036b 63707573 		.ascii	"cpussDwChNr\000"
 1534      73447743 
 1534      684E7200 
 1535              	.LASF13:
 1536 0377 756E7369 		.ascii	"unsigned int\000"
 1536      676E6564 
 1536      20696E74 
 1536      00
 1537              	.LASF16:
 1538 0384 75696E74 		.ascii	"uint16_t\000"
 1538      31365F74 
 1538      00
 1539              	.LASF75:
 1540 038d 70657269 		.ascii	"periTrCmdGrSelMsk\000"
 1540      5472436D 
 1540      64477253 
 1540      656C4D73 
 1540      6B00
 1541              	.LASF64:
 1542 039f 666C6173 		.ascii	"flashCtlMainWs1Freq\000"
 1542      6843746C 
 1542      4D61696E 
 1542      57733146 
 1542      72657100 
 1543              	.LASF10:
 1544 03b3 6C6F6E67 		.ascii	"long unsigned int\000"
 1544      20756E73 
 1544      69676E65 
 1544      6420696E 
 1544      7400
ARM GAS  C:\Users\subra\AppData\Local\Temp\ccUwcBcb.s 			page 34


 1545              	.LASF162:
 1546 03c5 443A5C50 		.ascii	"D:\\Projects\\NS\\Neural-Stimulator-Firmware\\new\\"
 1546      726F6A65 
 1546      6374735C 
 1546      4E535C4E 
 1546      65757261 
 1547 03f3 50534F43 		.ascii	"PSOC6\\adc\\adc.cydsn\000"
 1547      365C6164 
 1547      635C6164 
 1547      632E6379 
 1547      64736E00 
 1548              	.LASF40:
 1549 0407 63707573 		.ascii	"cpussIpcNr\000"
 1549      73497063 
 1549      4E7200
 1550              	.LASF27:
 1551 0412 6770696F 		.ascii	"gpioBase\000"
 1551      42617365 
 1551      00
 1552              	.LASF65:
 1553 041b 666C6173 		.ascii	"flashCtlMainWs2Freq\000"
 1553      6843746C 
 1553      4D61696E 
 1553      57733246 
 1553      72657100 
 1554              	.LASF76:
 1555 042f 70657269 		.ascii	"periTrGrOffset\000"
 1555      54724772 
 1555      4F666673 
 1555      657400
 1556              	.LASF103:
 1557 043e 63707573 		.ascii	"cpussRam1Ctl0\000"
 1557      7352616D 
 1557      3143746C 
 1557      3000
 1558              	.LASF158:
 1559 044c 4144435F 		.ascii	"ADC_1_allConfigs\000"
 1559      315F616C 
 1559      6C436F6E 
 1559      66696773 
 1559      00
 1560              	.LASF121:
 1561 045d 72616E67 		.ascii	"rangeThres\000"
 1561      65546872 
 1561      657300
 1562              	.LASF146:
 1563 0468 63624576 		.ascii	"cbEvents\000"
 1563      656E7473 
 1563      00
 1564              	.LASF77:
 1565 0471 70657269 		.ascii	"periTrGrSize\000"
 1565      54724772 
 1565      53697A65 
 1565      00
 1566              	.LASF35:
 1567 047e 6770696F 		.ascii	"gpioVersion\000"
 1567      56657273 
ARM GAS  C:\Users\subra\AppData\Local\Temp\ccUwcBcb.s 			page 35


 1567      696F6E00 
 1568              	.LASF143:
 1569 048a 74784275 		.ascii	"txBuf\000"
 1569      6600
 1570              	.LASF150:
 1571 0490 6E756D43 		.ascii	"numChannels\000"
 1571      68616E6E 
 1571      656C7300 
 1572              	.LASF107:
 1573 049c 63795F73 		.ascii	"cy_stc_device_t\000"
 1573      74635F64 
 1573      65766963 
 1573      655F7400 
 1574              	.LASF124:
 1575 04ac 6368616E 		.ascii	"chanConfig\000"
 1575      436F6E66 
 1575      696700
 1576              	.LASF149:
 1577 04b7 6368616E 		.ascii	"channelBase\000"
 1577      6E656C42 
 1577      61736500 
 1578              	.LASF7:
 1579 04c3 5F5F696E 		.ascii	"__int32_t\000"
 1579      7433325F 
 1579      7400
 1580              	.LASF53:
 1581 04cd 65704D6F 		.ascii	"epMonitorNr\000"
 1581      6E69746F 
 1581      724E7200 
 1582              	.LASF138:
 1583 04d9 72785269 		.ascii	"rxRingBufHead\000"
 1583      6E674275 
 1583      66486561 
 1583      6400
 1584              	.LASF96:
 1585 04e7 63707573 		.ascii	"cpussTrimRamCtlOffset\000"
 1585      73547269 
 1585      6D52616D 
 1585      43746C4F 
 1585      66667365 
 1586              	.LASF91:
 1587 04fd 63707573 		.ascii	"cpussCm0ClockCtlOffset\000"
 1587      73436D30 
 1587      436C6F63 
 1587      6B43746C 
 1587      4F666673 
 1588              	.LASF31:
 1589 0514 63707573 		.ascii	"cpussVersion\000"
 1589      73566572 
 1589      73696F6E 
 1589      00
 1590              	.LASF38:
 1591 0521 70657269 		.ascii	"periVersion\000"
 1591      56657273 
 1591      696F6E00 
 1592              	.LASF94:
 1593 052d 63707573 		.ascii	"cpussCm0StatusOffset\000"
ARM GAS  C:\Users\subra\AppData\Local\Temp\ccUwcBcb.s 			page 36


 1593      73436D30 
 1593      53746174 
 1593      75734F66 
 1593      66736574 
 1594              	.LASF19:
 1595 0542 73697A65 		.ascii	"sizetype\000"
 1595      74797065 
 1595      00
 1596              	.LASF68:
 1597 054b 64774368 		.ascii	"dwChOffset\000"
 1597      4F666673 
 1597      657400
 1598              	.LASF43:
 1599 0556 63707573 		.ascii	"cpussFlashPaSize\000"
 1599      73466C61 
 1599      73685061 
 1599      53697A65 
 1599      00
 1600              	.LASF120:
 1601 0567 73616D70 		.ascii	"sampleTime23\000"
 1601      6C655469 
 1601      6D653233 
 1601      00
 1602              	.LASF81:
 1603 0574 70657269 		.ascii	"periDivCmdPaTypeSelPos\000"
 1603      44697643 
 1603      6D645061 
 1603      54797065 
 1603      53656C50 
 1604              	.LASF104:
 1605 058b 63707573 		.ascii	"cpussRam2Ctl0\000"
 1605      7352616D 
 1605      3243746C 
 1605      3000
 1606              	.LASF130:
 1607 0599 636F6E66 		.ascii	"configRouting\000"
 1607      6967526F 
 1607      7574696E 
 1607      6700
 1608              	.LASF72:
 1609 05a7 64775374 		.ascii	"dwStatusChIdxPos\000"
 1609      61747573 
 1609      43684964 
 1609      78506F73 
 1609      00
 1610              	.LASF54:
 1611 05b8 75646250 		.ascii	"udbPresent\000"
 1611      72657365 
 1611      6E7400
 1612              	.LASF135:
 1613 05c3 72785374 		.ascii	"rxStatus\000"
 1613      61747573 
 1613      00
 1614              	.LASF34:
 1615 05cc 666C6173 		.ascii	"flashcVersion\000"
 1615      68635665 
 1615      7273696F 
ARM GAS  C:\Users\subra\AppData\Local\Temp\ccUwcBcb.s 			page 37


 1615      6E00
 1616              	.LASF30:
 1617 05da 63727970 		.ascii	"cryptoBase\000"
 1617      746F4261 
 1617      736500
 1618              	.LASF51:
 1619 05e5 736D6966 		.ascii	"smifDeviceNr\000"
 1619      44657669 
 1619      63654E72 
 1619      00
 1620              	.LASF164:
 1621 05f2 5F5F656E 		.ascii	"__enable_irq\000"
 1621      61626C65 
 1621      5F697271 
 1621      00
 1622              	.LASF127:
 1623 05ff 72616E67 		.ascii	"rangeIntrMask\000"
 1623      65496E74 
 1623      724D6173 
 1623      6B00
 1624              	.LASF160:
 1625 060d 474E5520 		.ascii	"GNU C11 5.4.1 20160609 (release) [ARM/embedded-5-br"
 1625      43313120 
 1625      352E342E 
 1625      31203230 
 1625      31363036 
 1626 0640 616E6368 		.ascii	"anch revision 237715] -mcpu=cortex-m4 -mfloat-abi=s"
 1626      20726576 
 1626      6973696F 
 1626      6E203233 
 1626      37373135 
 1627 0673 6F667466 		.ascii	"oftfp -mfpu=fpv4-sp-d16 -mthumb -g -Og -ffunction-s"
 1627      70202D6D 
 1627      6670753D 
 1627      66707634 
 1627      2D73702D 
 1628 06a6 65637469 		.ascii	"ections -ffat-lto-objects\000"
 1628      6F6E7320 
 1628      2D666661 
 1628      742D6C74 
 1628      6F2D6F62 
 1629              	.LASF60:
 1630 06c0 666C6173 		.ascii	"flashWriteDelay\000"
 1630      68577269 
 1630      74654465 
 1630      6C617900 
 1631              	.LASF109:
 1632 06d0 666C6F61 		.ascii	"float\000"
 1632      7400
 1633              	.LASF73:
 1634 06d6 64775374 		.ascii	"dwStatusChIdxMsk\000"
 1634      61747573 
 1634      43684964 
 1634      784D736B 
 1634      00
 1635              	.LASF156:
 1636 06e7 63795F64 		.ascii	"cy_device\000"
ARM GAS  C:\Users\subra\AppData\Local\Temp\ccUwcBcb.s 			page 38


 1636      65766963 
 1636      6500
 1637              	.LASF101:
 1638 06f1 63707573 		.ascii	"cpussRomCtl\000"
 1638      73526F6D 
 1638      43746C00 
 1639              	.LASF71:
 1640 06fd 64774368 		.ascii	"dwChCtlPreemptablePos\000"
 1640      43746C50 
 1640      7265656D 
 1640      70746162 
 1640      6C65506F 
 1641              	.LASF145:
 1642 0713 74784C65 		.ascii	"txLeftToTransmit\000"
 1642      6674546F 
 1642      5472616E 
 1642      736D6974 
 1642      00
 1643              	.LASF123:
 1644 0724 6368616E 		.ascii	"chanEn\000"
 1644      456E00
 1645              	.LASF24:
 1646 072b 75646242 		.ascii	"udbBase\000"
 1646      61736500 
 1647              	.LASF113:
 1648 0733 43595F53 		.ascii	"CY_SAR_RANGE_COND_INSIDE\000"
 1648      41525F52 
 1648      414E4745 
 1648      5F434F4E 
 1648      445F494E 
 1649              	.LASF111:
 1650 074c 5F426F6F 		.ascii	"_Bool\000"
 1650      6C00
 1651              	.LASF17:
 1652 0752 696E7433 		.ascii	"int32_t\000"
 1652      325F7400 
 1653              	.LASF2:
 1654 075a 756E7369 		.ascii	"unsigned char\000"
 1654      676E6564 
 1654      20636861 
 1654      7200
 1655              	.LASF67:
 1656 0768 666C6173 		.ascii	"flashCtlMainWs4Freq\000"
 1656      6843746C 
 1656      4D61696E 
 1656      57733446 
 1656      72657100 
 1657              	.LASF0:
 1658 077c 73686F72 		.ascii	"short int\000"
 1658      7420696E 
 1658      7400
 1659              	.LASF128:
 1660 0786 6D757853 		.ascii	"muxSwitch\000"
 1660      77697463 
 1660      6800
 1661              	.LASF125:
 1662 0790 696E7472 		.ascii	"intrMask\000"
ARM GAS  C:\Users\subra\AppData\Local\Temp\ccUwcBcb.s 			page 39


 1662      4D61736B 
 1662      00
 1663              	.LASF78:
 1664 0799 70657269 		.ascii	"periDivCmdDivSelMsk\000"
 1664      44697643 
 1664      6D644469 
 1664      7653656C 
 1664      4D736B00 
 1665              	.LASF49:
 1666 07ad 73727373 		.ascii	"srssNumHfroot\000"
 1666      4E756D48 
 1666      66726F6F 
 1666      7400
 1667              	.LASF62:
 1668 07bb 666C6173 		.ascii	"flashEraseDelay\000"
 1668      68457261 
 1668      73654465 
 1668      6C617900 
 1669              	.LASF82:
 1670 07cb 70657269 		.ascii	"periDiv8CtlOffset\000"
 1670      44697638 
 1670      43746C4F 
 1670      66667365 
 1670      7400
 1671              	.LASF18:
 1672 07dd 75696E74 		.ascii	"uint32_t\000"
 1672      33325F74 
 1672      00
 1673              	.LASF157:
 1674 07e6 4144435F 		.ascii	"ADC_1_currentConfig\000"
 1674      315F6375 
 1674      7272656E 
 1674      74436F6E 
 1674      66696700 
 1675              	.LASF100:
 1676 07fa 63707573 		.ascii	"cpussCm4NmiCtlOffset\000"
 1676      73436D34 
 1676      4E6D6943 
 1676      746C4F66 
 1676      66736574 
 1677              	.LASF131:
 1678 080f 76726566 		.ascii	"vrefMvValue\000"
 1678      4D765661 
 1678      6C756500 
 1679              	.LASF20:
 1680 081b 6C6F6E67 		.ascii	"long double\000"
 1680      20646F75 
 1680      626C6500 
 1681              	.LASF108:
 1682 0827 63686172 		.ascii	"char\000"
 1682      00
 1683              	.LASF39:
 1684 082c 70726F74 		.ascii	"protVersion\000"
 1684      56657273 
 1684      696F6E00 
 1685              	.LASF102:
 1686 0838 63707573 		.ascii	"cpussRam0Ctl0\000"
ARM GAS  C:\Users\subra\AppData\Local\Temp\ccUwcBcb.s 			page 40


 1686      7352616D 
 1686      3043746C 
 1686      3000
 1687              	.LASF5:
 1688 0846 5F5F7569 		.ascii	"__uint16_t\000"
 1688      6E743136 
 1688      5F7400
 1689              	.LASF83:
 1690 0851 70657269 		.ascii	"periDiv16CtlOffset\000"
 1690      44697631 
 1690      3643746C 
 1690      4F666673 
 1690      657400
 1691              	.LASF14:
 1692 0864 75696E74 		.ascii	"uint8_t\000"
 1692      385F7400 
 1693              	.LASF36:
 1694 086c 6873696F 		.ascii	"hsiomVersion\000"
 1694      6D566572 
 1694      73696F6E 
 1694      00
 1695              	.LASF61:
 1696 0879 666C6173 		.ascii	"flashProgramDelay\000"
 1696      6850726F 
 1696      6772616D 
 1696      44656C61 
 1696      7900
 1697              	.LASF117:
 1698 088b 6374726C 		.ascii	"ctrl\000"
 1698      00
 1699              	.LASF137:
 1700 0890 72785269 		.ascii	"rxRingBufSize\000"
 1700      6E674275 
 1700      6653697A 
 1700      6500
 1701              	.LASF152:
 1702 089e 6D697363 		.ascii	"miscConfig\000"
 1702      436F6E66 
 1702      696700
 1703              	.LASF69:
 1704 08a9 64774368 		.ascii	"dwChSize\000"
 1704      53697A65 
 1704      00
 1705              	.LASF105:
 1706 08b2 69706353 		.ascii	"ipcStructSize\000"
 1706      74727563 
 1706      7453697A 
 1706      6500
 1707              	.LASF44:
 1708 08c0 63707573 		.ascii	"cpussIpc0Irq\000"
 1708      73497063 
 1708      30497271 
 1708      00
 1709              	.LASF87:
 1710 08cd 6770696F 		.ascii	"gpioPrtCfgOffset\000"
 1710      50727443 
 1710      66674F66 
ARM GAS  C:\Users\subra\AppData\Local\Temp\ccUwcBcb.s 			page 41


 1710      66736574 
 1710      00
 1711              	.LASF147:
 1712 08de 696E6974 		.ascii	"initKey\000"
 1712      4B657900 
 1713              	.LASF140:
 1714 08e6 72784275 		.ascii	"rxBuf\000"
 1714      6600
 1715              	.LASF148:
 1716 08ec 63795F73 		.ascii	"cy_stc_scb_uart_context_t\000"
 1716      74635F73 
 1716      63625F75 
 1716      6172745F 
 1716      636F6E74 
 1717              	.LASF122:
 1718 0906 72616E67 		.ascii	"rangeCond\000"
 1718      65436F6E 
 1718      6400
 1719              	.LASF46:
 1720 0910 63707573 		.ascii	"cpussNotConnectedIrq\000"
 1720      734E6F74 
 1720      436F6E6E 
 1720      65637465 
 1720      64497271 
 1721              	.LASF133:
 1722 0925 63795F63 		.ascii	"cy_cb_scb_uart_handle_events_t\000"
 1722      625F7363 
 1722      625F7561 
 1722      72745F68 
 1722      616E646C 
 1723              	.LASF118:
 1724 0944 73616D70 		.ascii	"sampleCtrl\000"
 1724      6C654374 
 1724      726C00
 1725              	.LASF154:
 1726 094f 4144435F 		.ascii	"ADC_1_CONFIG_STRUCT\000"
 1726      315F434F 
 1726      4E464947 
 1726      5F535452 
 1726      55435400 
 1727              	.LASF93:
 1728 0963 63707573 		.ascii	"cpussCm4StatusOffset\000"
 1728      73436D34 
 1728      53746174 
 1728      75734F66 
 1728      66736574 
 1729              	.LASF86:
 1730 0978 6770696F 		.ascii	"gpioPrtIntrCfgOffset\000"
 1730      50727449 
 1730      6E747243 
 1730      66674F66 
 1730      66736574 
 1731              	.LASF115:
 1732 098d 43595F53 		.ascii	"CY_SAR_RANGE_COND_OUTSIDE\000"
 1732      41525F52 
 1732      414E4745 
 1732      5F434F4E 
ARM GAS  C:\Users\subra\AppData\Local\Temp\ccUwcBcb.s 			page 42


 1732      445F4F55 
 1733              	.LASF139:
 1734 09a7 72785269 		.ascii	"rxRingBufTail\000"
 1734      6E674275 
 1734      66546169 
 1734      6C00
 1735              	.LASF97:
 1736 09b5 63707573 		.ascii	"cpussTrimRomCtlOffset\000"
 1736      73547269 
 1736      6D526F6D 
 1736      43746C4F 
 1736      66667365 
 1737              	.LASF134:
 1738 09cb 74785374 		.ascii	"txStatus\000"
 1738      61747573 
 1738      00
 1739              	.LASF129:
 1740 09d4 6D757853 		.ascii	"muxSwitchSqCtrl\000"
 1740      77697463 
 1740      68537143 
 1740      74726C00 
 1741              	.LASF33:
 1742 09e4 64775665 		.ascii	"dwVersion\000"
 1742      7273696F 
 1742      6E00
 1743              	.LASF29:
 1744 09ee 69706342 		.ascii	"ipcBase\000"
 1744      61736500 
 1745              	.LASF80:
 1746 09f6 70657269 		.ascii	"periDivCmdPaDivSelPos\000"
 1746      44697643 
 1746      6D645061 
 1746      44697653 
 1746      656C506F 
 1747              	.LASF163:
 1748 0a0c 63795F73 		.ascii	"cy_stc_scb_uart_context\000"
 1748      74635F73 
 1748      63625F75 
 1748      6172745F 
 1748      636F6E74 
 1749              	.LASF161:
 1750 0a24 6D61696E 		.ascii	"main_cm4.c\000"
 1750      5F636D34 
 1750      2E6300
 1751              	.LASF58:
 1752 0a2f 666C6173 		.ascii	"flashRwwRequired\000"
 1752      68527777 
 1752      52657175 
 1752      69726564 
 1752      00
 1753              		.ident	"GCC: (GNU Tools for ARM Embedded Processors) 5.4.1 20160609 (release) [ARM/embedded-5-bran
