ARM GAS  C:\Users\cmila\AppData\Local\Temp\ccRXbbVh.s 			page 1


   1              		.syntax unified
   2              		.cpu cortex-m4
   3              		.eabi_attribute 27, 1
   4              		.fpu fpv4-sp-d16
   5              		.eabi_attribute 20, 1
   6              		.eabi_attribute 21, 1
   7              		.eabi_attribute 23, 3
   8              		.eabi_attribute 24, 1
   9              		.eabi_attribute 25, 1
  10              		.eabi_attribute 26, 1
  11              		.eabi_attribute 30, 1
  12              		.eabi_attribute 34, 1
  13              		.eabi_attribute 18, 4
  14              		.thumb
  15              		.syntax unified
  16              		.file	"retarget.c"
  17              		.text
  18              	.Ltext0:
  19              		.cfi_sections	.debug_frame
  20              		.syntax unified
  21              		.global _printf_float
  22              		.global _scanf_float
  23              		.thumb
  24              		.syntax unified
  25              		.section	.text._write,"ax",%progbits
  26              		.align	2
  27              		.weak	_write
  28              		.thumb
  29              		.thumb_func
  30              		.type	_write, %function
  31              	_write:
  32              	.LFB556:
  33              		.file 1 "Generated_Source\\PSoC6\\pdl\\utilities\\retarget_io\\retarget.c"
   1:Generated_Source\PSoC6\pdl\utilities\retarget_io/retarget.c **** /***************************************************************************//**
   2:Generated_Source\PSoC6\pdl\utilities\retarget_io/retarget.c **** * \file retarget.c
   3:Generated_Source\PSoC6\pdl\utilities\retarget_io/retarget.c **** * \version 1.20
   4:Generated_Source\PSoC6\pdl\utilities\retarget_io/retarget.c **** *
   5:Generated_Source\PSoC6\pdl\utilities\retarget_io/retarget.c **** * \brief
   6:Generated_Source\PSoC6\pdl\utilities\retarget_io/retarget.c **** * 'Retarget' layer for target-dependent low level function.
   7:Generated_Source\PSoC6\pdl\utilities\retarget_io/retarget.c **** *
   8:Generated_Source\PSoC6\pdl\utilities\retarget_io/retarget.c **** ********************************************************************************
   9:Generated_Source\PSoC6\pdl\utilities\retarget_io/retarget.c **** * \copyright
  10:Generated_Source\PSoC6\pdl\utilities\retarget_io/retarget.c **** * Copyright 2016-2018, Cypress Semiconductor Corporation. All rights reserved.
  11:Generated_Source\PSoC6\pdl\utilities\retarget_io/retarget.c **** * You may use this file only in accordance with the license, terms, conditions,
  12:Generated_Source\PSoC6\pdl\utilities\retarget_io/retarget.c **** * disclaimers, and limitations in the end user license agreement accompanying
  13:Generated_Source\PSoC6\pdl\utilities\retarget_io/retarget.c **** * the software package with which this file was provided.
  14:Generated_Source\PSoC6\pdl\utilities\retarget_io/retarget.c **** *******************************************************************************/
  15:Generated_Source\PSoC6\pdl\utilities\retarget_io/retarget.c **** 
  16:Generated_Source\PSoC6\pdl\utilities\retarget_io/retarget.c **** #include <stdio.h>
  17:Generated_Source\PSoC6\pdl\utilities\retarget_io/retarget.c **** #include "stdio_user.h"
  18:Generated_Source\PSoC6\pdl\utilities\retarget_io/retarget.c **** 
  19:Generated_Source\PSoC6\pdl\utilities\retarget_io/retarget.c **** #if defined(__cplusplus)
  20:Generated_Source\PSoC6\pdl\utilities\retarget_io/retarget.c **** extern "C" {
  21:Generated_Source\PSoC6\pdl\utilities\retarget_io/retarget.c **** #endif
  22:Generated_Source\PSoC6\pdl\utilities\retarget_io/retarget.c **** 
  23:Generated_Source\PSoC6\pdl\utilities\retarget_io/retarget.c **** #ifdef IO_STDOUT_ENABLE
  24:Generated_Source\PSoC6\pdl\utilities\retarget_io/retarget.c **** 
ARM GAS  C:\Users\cmila\AppData\Local\Temp\ccRXbbVh.s 			page 2


  25:Generated_Source\PSoC6\pdl\utilities\retarget_io/retarget.c **** #if defined(__ARMCC_VERSION) /* ARM-MDK */
  26:Generated_Source\PSoC6\pdl\utilities\retarget_io/retarget.c ****     /***************************************************************************
  27:Generated_Source\PSoC6\pdl\utilities\retarget_io/retarget.c ****     * Function Name: fputc
  28:Generated_Source\PSoC6\pdl\utilities\retarget_io/retarget.c ****     ***************************************************************************/
  29:Generated_Source\PSoC6\pdl\utilities\retarget_io/retarget.c ****     __attribute__((weak)) int fputc(int ch, FILE *f)
  30:Generated_Source\PSoC6\pdl\utilities\retarget_io/retarget.c ****     {
  31:Generated_Source\PSoC6\pdl\utilities\retarget_io/retarget.c ****         (void)f;
  32:Generated_Source\PSoC6\pdl\utilities\retarget_io/retarget.c ****     #if (STDOUT_CR_LF != 0)
  33:Generated_Source\PSoC6\pdl\utilities\retarget_io/retarget.c ****         if ((char)ch == '\n')
  34:Generated_Source\PSoC6\pdl\utilities\retarget_io/retarget.c ****         {
  35:Generated_Source\PSoC6\pdl\utilities\retarget_io/retarget.c ****             STDIO_PutChar('\r');
  36:Generated_Source\PSoC6\pdl\utilities\retarget_io/retarget.c ****         }
  37:Generated_Source\PSoC6\pdl\utilities\retarget_io/retarget.c ****     #endif /* STDOUT_CR_LF != 0 */
  38:Generated_Source\PSoC6\pdl\utilities\retarget_io/retarget.c ****         STDIO_PutChar(ch);
  39:Generated_Source\PSoC6\pdl\utilities\retarget_io/retarget.c ****         return (ch);
  40:Generated_Source\PSoC6\pdl\utilities\retarget_io/retarget.c ****     }
  41:Generated_Source\PSoC6\pdl\utilities\retarget_io/retarget.c **** #elif defined (__ICCARM__) /* IAR */
  42:Generated_Source\PSoC6\pdl\utilities\retarget_io/retarget.c ****     #include <yfuns.h>
  43:Generated_Source\PSoC6\pdl\utilities\retarget_io/retarget.c **** 
  44:Generated_Source\PSoC6\pdl\utilities\retarget_io/retarget.c ****     /***************************************************************************
  45:Generated_Source\PSoC6\pdl\utilities\retarget_io/retarget.c ****     * Function Name: __write
  46:Generated_Source\PSoC6\pdl\utilities\retarget_io/retarget.c ****     ***************************************************************************/
  47:Generated_Source\PSoC6\pdl\utilities\retarget_io/retarget.c ****     __weak size_t __write(int handle, const unsigned char * buffer, size_t size)
  48:Generated_Source\PSoC6\pdl\utilities\retarget_io/retarget.c ****     {
  49:Generated_Source\PSoC6\pdl\utilities\retarget_io/retarget.c ****         size_t nChars = 0;
  50:Generated_Source\PSoC6\pdl\utilities\retarget_io/retarget.c ****         /* This template only writes to "standard out", for all other file
  51:Generated_Source\PSoC6\pdl\utilities\retarget_io/retarget.c ****         * handles it returns failure. */
  52:Generated_Source\PSoC6\pdl\utilities\retarget_io/retarget.c ****         if (handle != _LLIO_STDOUT)
  53:Generated_Source\PSoC6\pdl\utilities\retarget_io/retarget.c ****         {
  54:Generated_Source\PSoC6\pdl\utilities\retarget_io/retarget.c ****             return (_LLIO_ERROR);
  55:Generated_Source\PSoC6\pdl\utilities\retarget_io/retarget.c ****         }
  56:Generated_Source\PSoC6\pdl\utilities\retarget_io/retarget.c ****         if (buffer != NULL)
  57:Generated_Source\PSoC6\pdl\utilities\retarget_io/retarget.c ****         {
  58:Generated_Source\PSoC6\pdl\utilities\retarget_io/retarget.c ****             for (/* Empty */; nChars < size; ++nChars)
  59:Generated_Source\PSoC6\pdl\utilities\retarget_io/retarget.c ****             {
  60:Generated_Source\PSoC6\pdl\utilities\retarget_io/retarget.c ****             #if (STDOUT_CR_LF != 0)
  61:Generated_Source\PSoC6\pdl\utilities\retarget_io/retarget.c ****                 if(*buffer == '\n')
  62:Generated_Source\PSoC6\pdl\utilities\retarget_io/retarget.c ****                 {
  63:Generated_Source\PSoC6\pdl\utilities\retarget_io/retarget.c ****                     STDIO_PutChar('\r');
  64:Generated_Source\PSoC6\pdl\utilities\retarget_io/retarget.c ****                 }
  65:Generated_Source\PSoC6\pdl\utilities\retarget_io/retarget.c ****             #endif /* STDOUT_CR_LF != 0 */
  66:Generated_Source\PSoC6\pdl\utilities\retarget_io/retarget.c ****                 STDIO_PutChar(*buffer);
  67:Generated_Source\PSoC6\pdl\utilities\retarget_io/retarget.c ****                 ++buffer;
  68:Generated_Source\PSoC6\pdl\utilities\retarget_io/retarget.c ****             }
  69:Generated_Source\PSoC6\pdl\utilities\retarget_io/retarget.c ****         }
  70:Generated_Source\PSoC6\pdl\utilities\retarget_io/retarget.c ****         return (nChars);
  71:Generated_Source\PSoC6\pdl\utilities\retarget_io/retarget.c ****     }
  72:Generated_Source\PSoC6\pdl\utilities\retarget_io/retarget.c **** #else /* (__GNUC__)  GCC */    
  73:Generated_Source\PSoC6\pdl\utilities\retarget_io/retarget.c ****     /* Add an explicit reference to the floating point printf library to allow
  74:Generated_Source\PSoC6\pdl\utilities\retarget_io/retarget.c ****     the usage of floating point conversion specifier. */
  75:Generated_Source\PSoC6\pdl\utilities\retarget_io/retarget.c ****     __asm (".global _printf_float");
  76:Generated_Source\PSoC6\pdl\utilities\retarget_io/retarget.c ****     /***************************************************************************
  77:Generated_Source\PSoC6\pdl\utilities\retarget_io/retarget.c ****     * Function Name: _write
  78:Generated_Source\PSoC6\pdl\utilities\retarget_io/retarget.c ****     ***************************************************************************/
  79:Generated_Source\PSoC6\pdl\utilities\retarget_io/retarget.c ****     __attribute__((weak)) int _write (int fd, const char *ptr, int len)
  80:Generated_Source\PSoC6\pdl\utilities\retarget_io/retarget.c ****     {
  34              		.loc 1 80 0
ARM GAS  C:\Users\cmila\AppData\Local\Temp\ccRXbbVh.s 			page 3


  35              		.cfi_startproc
  36              		@ args = 0, pretend = 0, frame = 0
  37              		@ frame_needed = 0, uses_anonymous_args = 0
  38              	.LVL0:
  39 0000 70B5     		push	{r4, r5, r6, lr}
  40              		.cfi_def_cfa_offset 16
  41              		.cfi_offset 4, -16
  42              		.cfi_offset 5, -12
  43              		.cfi_offset 6, -8
  44              		.cfi_offset 14, -4
  45              	.LVL1:
  81:Generated_Source\PSoC6\pdl\utilities\retarget_io/retarget.c ****         int nChars = 0;
  82:Generated_Source\PSoC6\pdl\utilities\retarget_io/retarget.c ****         (void)fd;
  83:Generated_Source\PSoC6\pdl\utilities\retarget_io/retarget.c ****         if (ptr != NULL)
  46              		.loc 1 83 0
  47 0002 39B9     		cbnz	r1, .L5
  81:Generated_Source\PSoC6\pdl\utilities\retarget_io/retarget.c ****         int nChars = 0;
  48              		.loc 1 81 0
  49 0004 0024     		movs	r4, #0
  50 0006 0AE0     		b	.L3
  51              	.LVL2:
  52              	.L4:
  84:Generated_Source\PSoC6\pdl\utilities\retarget_io/retarget.c ****         {
  85:Generated_Source\PSoC6\pdl\utilities\retarget_io/retarget.c ****             for (/* Empty */; nChars < len; ++nChars)
  86:Generated_Source\PSoC6\pdl\utilities\retarget_io/retarget.c ****             {
  87:Generated_Source\PSoC6\pdl\utilities\retarget_io/retarget.c ****             #if (STDOUT_CR_LF != 0)
  88:Generated_Source\PSoC6\pdl\utilities\retarget_io/retarget.c ****                 if(*ptr == '\n')
  89:Generated_Source\PSoC6\pdl\utilities\retarget_io/retarget.c ****                 {
  90:Generated_Source\PSoC6\pdl\utilities\retarget_io/retarget.c ****                     STDIO_PutChar('\r');
  91:Generated_Source\PSoC6\pdl\utilities\retarget_io/retarget.c ****                 }
  92:Generated_Source\PSoC6\pdl\utilities\retarget_io/retarget.c ****             #endif /* STDOUT_CR_LF != 0 */
  93:Generated_Source\PSoC6\pdl\utilities\retarget_io/retarget.c ****                 STDIO_PutChar((uint32_t)*ptr);
  53              		.loc 1 93 0 discriminator 2
  54 0008 15F8010B 		ldrb	r0, [r5], #1	@ zero_extendqisi2
  55              	.LVL3:
  56 000c FFF7FEFF 		bl	STDIO_PutChar
  57              	.LVL4:
  85:Generated_Source\PSoC6\pdl\utilities\retarget_io/retarget.c ****             {
  58              		.loc 1 85 0 discriminator 2
  59 0010 0134     		adds	r4, r4, #1
  60              	.LVL5:
  61 0012 02E0     		b	.L2
  62              	.LVL6:
  63              	.L5:
  64 0014 1646     		mov	r6, r2
  65 0016 0D46     		mov	r5, r1
  66 0018 0024     		movs	r4, #0
  67              	.LVL7:
  68              	.L2:
  85:Generated_Source\PSoC6\pdl\utilities\retarget_io/retarget.c ****             {
  69              		.loc 1 85 0 is_stmt 0 discriminator 1
  70 001a B442     		cmp	r4, r6
  71 001c F4DB     		blt	.L4
  72              	.LVL8:
  73              	.L3:
  94:Generated_Source\PSoC6\pdl\utilities\retarget_io/retarget.c ****                 ++ptr;
  95:Generated_Source\PSoC6\pdl\utilities\retarget_io/retarget.c ****             }
ARM GAS  C:\Users\cmila\AppData\Local\Temp\ccRXbbVh.s 			page 4


  96:Generated_Source\PSoC6\pdl\utilities\retarget_io/retarget.c ****         }
  97:Generated_Source\PSoC6\pdl\utilities\retarget_io/retarget.c ****         return (nChars);
  98:Generated_Source\PSoC6\pdl\utilities\retarget_io/retarget.c ****     }
  74              		.loc 1 98 0 is_stmt 1
  75 001e 2046     		mov	r0, r4
  76 0020 70BD     		pop	{r4, r5, r6, pc}
  77              		.cfi_endproc
  78              	.LFE556:
  79              		.size	_write, .-_write
  80 0022 00BF     		.section	.text._read,"ax",%progbits
  81              		.align	2
  82              		.weak	_read
  83              		.thumb
  84              		.thumb_func
  85              		.type	_read, %function
  86              	_read:
  87              	.LFB557:
  99:Generated_Source\PSoC6\pdl\utilities\retarget_io/retarget.c **** #endif
 100:Generated_Source\PSoC6\pdl\utilities\retarget_io/retarget.c **** 
 101:Generated_Source\PSoC6\pdl\utilities\retarget_io/retarget.c **** #endif /* IO_STDOUT_ENABLE */
 102:Generated_Source\PSoC6\pdl\utilities\retarget_io/retarget.c **** 
 103:Generated_Source\PSoC6\pdl\utilities\retarget_io/retarget.c **** #if defined(IO_STDIN_ENABLE)
 104:Generated_Source\PSoC6\pdl\utilities\retarget_io/retarget.c **** 
 105:Generated_Source\PSoC6\pdl\utilities\retarget_io/retarget.c **** #if defined(__ARMCC_VERSION) /* ARM-MDK */
 106:Generated_Source\PSoC6\pdl\utilities\retarget_io/retarget.c ****     /***************************************************************************
 107:Generated_Source\PSoC6\pdl\utilities\retarget_io/retarget.c ****     * Function Name: fgetc
 108:Generated_Source\PSoC6\pdl\utilities\retarget_io/retarget.c ****     ***************************************************************************/
 109:Generated_Source\PSoC6\pdl\utilities\retarget_io/retarget.c ****     __attribute__((weak)) int fgetc(FILE *f) 
 110:Generated_Source\PSoC6\pdl\utilities\retarget_io/retarget.c ****     {
 111:Generated_Source\PSoC6\pdl\utilities\retarget_io/retarget.c ****         (void)f;
 112:Generated_Source\PSoC6\pdl\utilities\retarget_io/retarget.c ****         return (STDIO_GetChar());
 113:Generated_Source\PSoC6\pdl\utilities\retarget_io/retarget.c ****     }
 114:Generated_Source\PSoC6\pdl\utilities\retarget_io/retarget.c **** #elif defined (__ICCARM__) /* IAR */
 115:Generated_Source\PSoC6\pdl\utilities\retarget_io/retarget.c ****     __weak size_t __read(int handle, unsigned char * buffer, size_t size)
 116:Generated_Source\PSoC6\pdl\utilities\retarget_io/retarget.c ****     {
 117:Generated_Source\PSoC6\pdl\utilities\retarget_io/retarget.c ****         /* This template only reads from "standard in", for all other file
 118:Generated_Source\PSoC6\pdl\utilities\retarget_io/retarget.c ****         handles it returns failure. */
 119:Generated_Source\PSoC6\pdl\utilities\retarget_io/retarget.c ****         if ((handle != _LLIO_STDIN) || (buffer == NULL))
 120:Generated_Source\PSoC6\pdl\utilities\retarget_io/retarget.c ****         {
 121:Generated_Source\PSoC6\pdl\utilities\retarget_io/retarget.c ****             return (_LLIO_ERROR);
 122:Generated_Source\PSoC6\pdl\utilities\retarget_io/retarget.c ****         }
 123:Generated_Source\PSoC6\pdl\utilities\retarget_io/retarget.c ****         else
 124:Generated_Source\PSoC6\pdl\utilities\retarget_io/retarget.c ****         {
 125:Generated_Source\PSoC6\pdl\utilities\retarget_io/retarget.c ****             *buffer = STDIO_GetChar();
 126:Generated_Source\PSoC6\pdl\utilities\retarget_io/retarget.c ****             return (1);
 127:Generated_Source\PSoC6\pdl\utilities\retarget_io/retarget.c ****         }
 128:Generated_Source\PSoC6\pdl\utilities\retarget_io/retarget.c ****     }
 129:Generated_Source\PSoC6\pdl\utilities\retarget_io/retarget.c **** #else /* (__GNUC__)  GCC */
 130:Generated_Source\PSoC6\pdl\utilities\retarget_io/retarget.c ****     /* Add an explicit reference to the floating point scanf library to allow
 131:Generated_Source\PSoC6\pdl\utilities\retarget_io/retarget.c ****     the usage of floating point conversion specifier. */
 132:Generated_Source\PSoC6\pdl\utilities\retarget_io/retarget.c ****     __asm (".global _scanf_float");
 133:Generated_Source\PSoC6\pdl\utilities\retarget_io/retarget.c ****     __attribute__((weak)) int _read (int fd, char *ptr, int len)
 134:Generated_Source\PSoC6\pdl\utilities\retarget_io/retarget.c ****     {
  88              		.loc 1 134 0
  89              		.cfi_startproc
  90              		@ args = 0, pretend = 0, frame = 0
  91              		@ frame_needed = 0, uses_anonymous_args = 0
ARM GAS  C:\Users\cmila\AppData\Local\Temp\ccRXbbVh.s 			page 5


  92              	.LVL9:
  93 0000 70B5     		push	{r4, r5, r6, lr}
  94              		.cfi_def_cfa_offset 16
  95              		.cfi_offset 4, -16
  96              		.cfi_offset 5, -12
  97              		.cfi_offset 6, -8
  98              		.cfi_offset 14, -4
  99              	.LVL10:
 135:Generated_Source\PSoC6\pdl\utilities\retarget_io/retarget.c ****         int nChars = 0;
 136:Generated_Source\PSoC6\pdl\utilities\retarget_io/retarget.c ****         (void)fd;
 137:Generated_Source\PSoC6\pdl\utilities\retarget_io/retarget.c ****         if (ptr != NULL)
 100              		.loc 1 137 0
 101 0002 61B9     		cbnz	r1, .L11
 135:Generated_Source\PSoC6\pdl\utilities\retarget_io/retarget.c ****         int nChars = 0;
 102              		.loc 1 135 0
 103 0004 0024     		movs	r4, #0
 104 0006 0FE0     		b	.L9
 105              	.LVL11:
 106              	.L10:
 138:Generated_Source\PSoC6\pdl\utilities\retarget_io/retarget.c ****         {
 139:Generated_Source\PSoC6\pdl\utilities\retarget_io/retarget.c ****             for(/* Empty */;nChars < len;++ptr)
 140:Generated_Source\PSoC6\pdl\utilities\retarget_io/retarget.c ****             {
 141:Generated_Source\PSoC6\pdl\utilities\retarget_io/retarget.c ****                 *ptr = (char)STDIO_GetChar();
 107              		.loc 1 141 0
 108 0008 FFF7FEFF 		bl	STDIO_GetChar
 109              	.LVL12:
 110 000c C0B2     		uxtb	r0, r0
 111 000e 2870     		strb	r0, [r5]
 142:Generated_Source\PSoC6\pdl\utilities\retarget_io/retarget.c ****                 ++nChars;
 112              		.loc 1 142 0
 113 0010 0134     		adds	r4, r4, #1
 114              	.LVL13:
 143:Generated_Source\PSoC6\pdl\utilities\retarget_io/retarget.c ****                 if((*ptr == '\n') || (*ptr == '\r'))
 115              		.loc 1 143 0
 116 0012 0A28     		cmp	r0, #10
 117 0014 08D0     		beq	.L9
 118              		.loc 1 143 0 is_stmt 0 discriminator 1
 119 0016 0D28     		cmp	r0, #13
 120 0018 06D0     		beq	.L9
 139:Generated_Source\PSoC6\pdl\utilities\retarget_io/retarget.c ****             {
 121              		.loc 1 139 0 is_stmt 1
 122 001a 0135     		adds	r5, r5, #1
 123              	.LVL14:
 124 001c 02E0     		b	.L8
 125              	.LVL15:
 126              	.L11:
 127 001e 1646     		mov	r6, r2
 128 0020 0D46     		mov	r5, r1
 129 0022 0024     		movs	r4, #0
 130              	.LVL16:
 131              	.L8:
 139:Generated_Source\PSoC6\pdl\utilities\retarget_io/retarget.c ****             {
 132              		.loc 1 139 0 is_stmt 0 discriminator 1
 133 0024 B442     		cmp	r4, r6
 134 0026 EFDB     		blt	.L10
 135              	.LVL17:
 136              	.L9:
ARM GAS  C:\Users\cmila\AppData\Local\Temp\ccRXbbVh.s 			page 6


 144:Generated_Source\PSoC6\pdl\utilities\retarget_io/retarget.c ****                 {
 145:Generated_Source\PSoC6\pdl\utilities\retarget_io/retarget.c ****                     break;
 146:Generated_Source\PSoC6\pdl\utilities\retarget_io/retarget.c ****                 }
 147:Generated_Source\PSoC6\pdl\utilities\retarget_io/retarget.c ****             }
 148:Generated_Source\PSoC6\pdl\utilities\retarget_io/retarget.c ****         }
 149:Generated_Source\PSoC6\pdl\utilities\retarget_io/retarget.c ****         return (nChars);
 150:Generated_Source\PSoC6\pdl\utilities\retarget_io/retarget.c ****     }
 137              		.loc 1 150 0 is_stmt 1
 138 0028 2046     		mov	r0, r4
 139 002a 70BD     		pop	{r4, r5, r6, pc}
 140              		.cfi_endproc
 141              	.LFE557:
 142              		.size	_read, .-_read
 143              		.text
 144              	.Letext0:
 145              		.file 2 "c:\\program files (x86)\\cypress\\psoc creator\\4.4\\psoc creator\\import\\gnu\\arm\\5.4.
 146              		.file 3 "c:\\program files (x86)\\cypress\\psoc creator\\4.4\\psoc creator\\import\\gnu\\arm\\5.4.
 147              		.file 4 "Generated_Source\\PSoC6\\pdl\\drivers/peripheral/device/cy_device.h"
 148              		.file 5 "Generated_Source\\PSoC6\\pdl\\drivers/peripheral/scb/cy_scb_uart.h"
 149              		.file 6 "Generated_Source\\PSoC6\\pdl\\drivers/peripheral/tcpwm/cy_tcpwm_counter.h"
 150              		.file 7 "Generated_Source\\PSoC6\\pdl\\cmsis/include/core_cm4.h"
 151              		.file 8 "Generated_Source\\PSoC6/Timer.h"
 152              		.file 9 "Generated_Source\\PSoC6/UART.h"
 153              		.file 10 "./stdio_user.h"
 154              		.section	.debug_info,"",%progbits
 155              	.Ldebug_info0:
 156 0000 31080000 		.4byte	0x831
 157 0004 0400     		.2byte	0x4
 158 0006 00000000 		.4byte	.Ldebug_abbrev0
 159 000a 04       		.byte	0x4
 160 000b 01       		.uleb128 0x1
 161 000c E9050000 		.4byte	.LASF159
 162 0010 0C       		.byte	0xc
 163 0011 A1090000 		.4byte	.LASF160
 164 0015 BF040000 		.4byte	.LASF161
 165 0019 00000000 		.4byte	.Ldebug_ranges0+0
 166 001d 00000000 		.4byte	0
 167 0021 00000000 		.4byte	.Ldebug_line0
 168 0025 02       		.uleb128 0x2
 169 0026 01       		.byte	0x1
 170 0027 06       		.byte	0x6
 171 0028 E1080000 		.4byte	.LASF0
 172 002c 03       		.uleb128 0x3
 173 002d 93000000 		.4byte	.LASF2
 174 0031 02       		.byte	0x2
 175 0032 1D       		.byte	0x1d
 176 0033 37000000 		.4byte	0x37
 177 0037 02       		.uleb128 0x2
 178 0038 01       		.byte	0x1
 179 0039 08       		.byte	0x8
 180 003a 06070000 		.4byte	.LASF1
 181 003e 03       		.uleb128 0x3
 182 003f 09030000 		.4byte	.LASF3
 183 0043 02       		.byte	0x2
 184 0044 29       		.byte	0x29
 185 0045 49000000 		.4byte	0x49
 186 0049 02       		.uleb128 0x2
ARM GAS  C:\Users\cmila\AppData\Local\Temp\ccRXbbVh.s 			page 7


 187 004a 02       		.byte	0x2
 188 004b 05       		.byte	0x5
 189 004c 28070000 		.4byte	.LASF4
 190 0050 03       		.uleb128 0x3
 191 0051 F1070000 		.4byte	.LASF5
 192 0055 02       		.byte	0x2
 193 0056 2B       		.byte	0x2b
 194 0057 5B000000 		.4byte	0x5b
 195 005b 02       		.uleb128 0x2
 196 005c 02       		.byte	0x2
 197 005d 07       		.byte	0x7
 198 005e 52080000 		.4byte	.LASF6
 199 0062 03       		.uleb128 0x3
 200 0063 0F080000 		.4byte	.LASF7
 201 0067 02       		.byte	0x2
 202 0068 3F       		.byte	0x3f
 203 0069 6D000000 		.4byte	0x6d
 204 006d 02       		.uleb128 0x2
 205 006e 04       		.byte	0x4
 206 006f 05       		.byte	0x5
 207 0070 46020000 		.4byte	.LASF8
 208 0074 03       		.uleb128 0x3
 209 0075 EE020000 		.4byte	.LASF9
 210 0079 02       		.byte	0x2
 211 007a 41       		.byte	0x41
 212 007b 7F000000 		.4byte	0x7f
 213 007f 02       		.uleb128 0x2
 214 0080 04       		.byte	0x4
 215 0081 07       		.byte	0x7
 216 0082 AE030000 		.4byte	.LASF10
 217 0086 02       		.uleb128 0x2
 218 0087 08       		.byte	0x8
 219 0088 05       		.byte	0x5
 220 0089 B5010000 		.4byte	.LASF11
 221 008d 02       		.uleb128 0x2
 222 008e 08       		.byte	0x8
 223 008f 07       		.byte	0x7
 224 0090 10010000 		.4byte	.LASF12
 225 0094 04       		.uleb128 0x4
 226 0095 04       		.byte	0x4
 227 0096 05       		.byte	0x5
 228 0097 696E7400 		.ascii	"int\000"
 229 009b 02       		.uleb128 0x2
 230 009c 04       		.byte	0x4
 231 009d 07       		.byte	0x7
 232 009e 72030000 		.4byte	.LASF13
 233 00a2 02       		.uleb128 0x2
 234 00a3 08       		.byte	0x8
 235 00a4 04       		.byte	0x4
 236 00a5 BB070000 		.4byte	.LASF14
 237 00a9 05       		.uleb128 0x5
 238 00aa 04       		.byte	0x4
 239 00ab 02       		.uleb128 0x2
 240 00ac 04       		.byte	0x4
 241 00ad 07       		.byte	0x7
 242 00ae 54050000 		.4byte	.LASF15
 243 00b2 06       		.uleb128 0x6
ARM GAS  C:\Users\cmila\AppData\Local\Temp\ccRXbbVh.s 			page 8


 244 00b3 04       		.byte	0x4
 245 00b4 B8000000 		.4byte	0xb8
 246 00b8 02       		.uleb128 0x2
 247 00b9 01       		.byte	0x1
 248 00ba 08       		.byte	0x8
 249 00bb C7070000 		.4byte	.LASF16
 250 00bf 06       		.uleb128 0x6
 251 00c0 04       		.byte	0x4
 252 00c1 C5000000 		.4byte	0xc5
 253 00c5 07       		.uleb128 0x7
 254 00c6 B8000000 		.4byte	0xb8
 255 00ca 03       		.uleb128 0x3
 256 00cb 2C090000 		.4byte	.LASF17
 257 00cf 03       		.byte	0x3
 258 00d0 18       		.byte	0x18
 259 00d1 2C000000 		.4byte	0x2c
 260 00d5 03       		.uleb128 0x3
 261 00d6 AD010000 		.4byte	.LASF18
 262 00da 03       		.byte	0x3
 263 00db 20       		.byte	0x20
 264 00dc 3E000000 		.4byte	0x3e
 265 00e0 03       		.uleb128 0x3
 266 00e1 7F030000 		.4byte	.LASF19
 267 00e5 03       		.byte	0x3
 268 00e6 24       		.byte	0x24
 269 00e7 50000000 		.4byte	0x50
 270 00eb 03       		.uleb128 0x3
 271 00ec FE060000 		.4byte	.LASF20
 272 00f0 03       		.byte	0x3
 273 00f1 2C       		.byte	0x2c
 274 00f2 62000000 		.4byte	0x62
 275 00f6 03       		.uleb128 0x3
 276 00f7 94070000 		.4byte	.LASF21
 277 00fb 03       		.byte	0x3
 278 00fc 30       		.byte	0x30
 279 00fd 74000000 		.4byte	0x74
 280 0101 08       		.uleb128 0x8
 281 0102 F6000000 		.4byte	0xf6
 282 0106 09       		.uleb128 0x9
 283 0107 B8       		.byte	0xb8
 284 0108 04       		.byte	0x4
 285 0109 34       		.byte	0x34
 286 010a 17050000 		.4byte	0x517
 287 010e 0A       		.uleb128 0xa
 288 010f E6000000 		.4byte	.LASF22
 289 0113 04       		.byte	0x4
 290 0114 37       		.byte	0x37
 291 0115 F6000000 		.4byte	0xf6
 292 0119 00       		.byte	0
 293 011a 0A       		.uleb128 0xa
 294 011b 5A070000 		.4byte	.LASF23
 295 011f 04       		.byte	0x4
 296 0120 38       		.byte	0x38
 297 0121 F6000000 		.4byte	0xf6
 298 0125 04       		.byte	0x4
 299 0126 0A       		.uleb128 0xa
 300 0127 5D020000 		.4byte	.LASF24
ARM GAS  C:\Users\cmila\AppData\Local\Temp\ccRXbbVh.s 			page 9


 301 012b 04       		.byte	0x4
 302 012c 39       		.byte	0x39
 303 012d F6000000 		.4byte	0xf6
 304 0131 08       		.byte	0x8
 305 0132 0A       		.uleb128 0xa
 306 0133 F0060000 		.4byte	.LASF25
 307 0137 04       		.byte	0x4
 308 0138 3A       		.byte	0x3a
 309 0139 F6000000 		.4byte	0xf6
 310 013d 0C       		.byte	0xc
 311 013e 0A       		.uleb128 0xa
 312 013f 04020000 		.4byte	.LASF26
 313 0143 04       		.byte	0x4
 314 0144 3B       		.byte	0x3b
 315 0145 F6000000 		.4byte	0xf6
 316 0149 10       		.byte	0x10
 317 014a 0A       		.uleb128 0xa
 318 014b 3C020000 		.4byte	.LASF27
 319 014f 04       		.byte	0x4
 320 0150 3C       		.byte	0x3c
 321 0151 F6000000 		.4byte	0xf6
 322 0155 14       		.byte	0x14
 323 0156 0A       		.uleb128 0xa
 324 0157 09040000 		.4byte	.LASF28
 325 015b 04       		.byte	0x4
 326 015c 3D       		.byte	0x3d
 327 015d F6000000 		.4byte	0xf6
 328 0161 18       		.byte	0x18
 329 0162 0A       		.uleb128 0xa
 330 0163 7C000000 		.4byte	.LASF29
 331 0167 04       		.byte	0x4
 332 0168 3E       		.byte	0x3e
 333 0169 F6000000 		.4byte	0xf6
 334 016d 1C       		.byte	0x1c
 335 016e 0A       		.uleb128 0xa
 336 016f E7090000 		.4byte	.LASF30
 337 0173 04       		.byte	0x4
 338 0174 3F       		.byte	0x3f
 339 0175 F6000000 		.4byte	0xf6
 340 0179 20       		.byte	0x20
 341 017a 0A       		.uleb128 0xa
 342 017b D1050000 		.4byte	.LASF31
 343 017f 04       		.byte	0x4
 344 0180 40       		.byte	0x40
 345 0181 F6000000 		.4byte	0xf6
 346 0185 24       		.byte	0x24
 347 0186 0A       		.uleb128 0xa
 348 0187 B2040000 		.4byte	.LASF32
 349 018b 04       		.byte	0x4
 350 018c 43       		.byte	0x43
 351 018d CA000000 		.4byte	0xca
 352 0191 28       		.byte	0x28
 353 0192 0A       		.uleb128 0xa
 354 0193 5F000000 		.4byte	.LASF33
 355 0197 04       		.byte	0x4
 356 0198 44       		.byte	0x44
 357 0199 CA000000 		.4byte	0xca
ARM GAS  C:\Users\cmila\AppData\Local\Temp\ccRXbbVh.s 			page 10


 358 019d 29       		.byte	0x29
 359 019e 0A       		.uleb128 0xa
 360 019f DD090000 		.4byte	.LASF34
 361 01a3 04       		.byte	0x4
 362 01a4 45       		.byte	0x45
 363 01a5 CA000000 		.4byte	0xca
 364 01a9 2A       		.byte	0x2a
 365 01aa 0A       		.uleb128 0xa
 366 01ab C3050000 		.4byte	.LASF35
 367 01af 04       		.byte	0x4
 368 01b0 46       		.byte	0x46
 369 01b1 CA000000 		.4byte	0xca
 370 01b5 2B       		.byte	0x2b
 371 01b6 0A       		.uleb128 0xa
 372 01b7 4E040000 		.4byte	.LASF36
 373 01bb 04       		.byte	0x4
 374 01bc 47       		.byte	0x47
 375 01bd CA000000 		.4byte	0xca
 376 01c1 2C       		.byte	0x2c
 377 01c2 0A       		.uleb128 0xa
 378 01c3 19080000 		.4byte	.LASF37
 379 01c7 04       		.byte	0x4
 380 01c8 48       		.byte	0x48
 381 01c9 CA000000 		.4byte	0xca
 382 01cd 2D       		.byte	0x2d
 383 01ce 0A       		.uleb128 0xa
 384 01cf 0D020000 		.4byte	.LASF38
 385 01d3 04       		.byte	0x4
 386 01d4 49       		.byte	0x49
 387 01d5 CA000000 		.4byte	0xca
 388 01d9 2E       		.byte	0x2e
 389 01da 0A       		.uleb128 0xa
 390 01db 17050000 		.4byte	.LASF39
 391 01df 04       		.byte	0x4
 392 01e0 4A       		.byte	0x4a
 393 01e1 CA000000 		.4byte	0xca
 394 01e5 2F       		.byte	0x2f
 395 01e6 0A       		.uleb128 0xa
 396 01e7 D7070000 		.4byte	.LASF40
 397 01eb 04       		.byte	0x4
 398 01ec 4B       		.byte	0x4b
 399 01ed CA000000 		.4byte	0xca
 400 01f1 30       		.byte	0x30
 401 01f2 0A       		.uleb128 0xa
 402 01f3 FE030000 		.4byte	.LASF41
 403 01f7 04       		.byte	0x4
 404 01f8 4E       		.byte	0x4e
 405 01f9 CA000000 		.4byte	0xca
 406 01fd 31       		.byte	0x31
 407 01fe 0A       		.uleb128 0xa
 408 01ff 85000000 		.4byte	.LASF42
 409 0203 04       		.byte	0x4
 410 0204 4F       		.byte	0x4f
 411 0205 CA000000 		.4byte	0xca
 412 0209 32       		.byte	0x32
 413 020a 0A       		.uleb128 0xa
 414 020b 66030000 		.4byte	.LASF43
ARM GAS  C:\Users\cmila\AppData\Local\Temp\ccRXbbVh.s 			page 11


 415 020f 04       		.byte	0x4
 416 0210 50       		.byte	0x50
 417 0211 CA000000 		.4byte	0xca
 418 0215 33       		.byte	0x33
 419 0216 0A       		.uleb128 0xa
 420 0217 68050000 		.4byte	.LASF44
 421 021b 04       		.byte	0x4
 422 021c 51       		.byte	0x51
 423 021d CA000000 		.4byte	0xca
 424 0221 34       		.byte	0x34
 425 0222 0A       		.uleb128 0xa
 426 0223 95080000 		.4byte	.LASF45
 427 0227 04       		.byte	0x4
 428 0228 52       		.byte	0x52
 429 0229 D5000000 		.4byte	0xd5
 430 022d 36       		.byte	0x36
 431 022e 0A       		.uleb128 0xa
 432 022f 77020000 		.4byte	.LASF46
 433 0233 04       		.byte	0x4
 434 0234 53       		.byte	0x53
 435 0235 D5000000 		.4byte	0xd5
 436 0239 38       		.byte	0x38
 437 023a 0A       		.uleb128 0xa
 438 023b 07090000 		.4byte	.LASF47
 439 023f 04       		.byte	0x4
 440 0240 54       		.byte	0x54
 441 0241 D5000000 		.4byte	0xd5
 442 0245 3A       		.byte	0x3a
 443 0246 0A       		.uleb128 0xa
 444 0247 2D020000 		.4byte	.LASF48
 445 024b 04       		.byte	0x4
 446 024c 55       		.byte	0x55
 447 024d CA000000 		.4byte	0xca
 448 0251 3C       		.byte	0x3c
 449 0252 0A       		.uleb128 0xa
 450 0253 9E020000 		.4byte	.LASF49
 451 0257 04       		.byte	0x4
 452 0258 56       		.byte	0x56
 453 0259 CA000000 		.4byte	0xca
 454 025d 3D       		.byte	0x3d
 455 025e 0A       		.uleb128 0xa
 456 025f 76070000 		.4byte	.LASF50
 457 0263 04       		.byte	0x4
 458 0264 57       		.byte	0x57
 459 0265 CA000000 		.4byte	0xca
 460 0269 3E       		.byte	0x3e
 461 026a 0A       		.uleb128 0xa
 462 026b F7000000 		.4byte	.LASF51
 463 026f 04       		.byte	0x4
 464 0270 58       		.byte	0x58
 465 0271 CA000000 		.4byte	0xca
 466 0275 3F       		.byte	0x3f
 467 0276 0A       		.uleb128 0xa
 468 0277 DC050000 		.4byte	.LASF52
 469 027b 04       		.byte	0x4
 470 027c 59       		.byte	0x59
 471 027d CA000000 		.4byte	0xca
ARM GAS  C:\Users\cmila\AppData\Local\Temp\ccRXbbVh.s 			page 12


 472 0281 40       		.byte	0x40
 473 0282 0A       		.uleb128 0xa
 474 0283 F9020000 		.4byte	.LASF53
 475 0287 04       		.byte	0x4
 476 0288 5A       		.byte	0x5a
 477 0289 CA000000 		.4byte	0xca
 478 028d 41       		.byte	0x41
 479 028e 0A       		.uleb128 0xa
 480 028f 70040000 		.4byte	.LASF54
 481 0293 04       		.byte	0x4
 482 0294 5B       		.byte	0x5b
 483 0295 CA000000 		.4byte	0xca
 484 0299 42       		.byte	0x42
 485 029a 0A       		.uleb128 0xa
 486 029b AF050000 		.4byte	.LASF55
 487 029f 04       		.byte	0x4
 488 02a0 5C       		.byte	0x5c
 489 02a1 CA000000 		.4byte	0xca
 490 02a5 43       		.byte	0x43
 491 02a6 0A       		.uleb128 0xa
 492 02a7 66020000 		.4byte	.LASF56
 493 02ab 04       		.byte	0x4
 494 02ac 5D       		.byte	0x5d
 495 02ad CA000000 		.4byte	0xca
 496 02b1 44       		.byte	0x44
 497 02b2 0A       		.uleb128 0xa
 498 02b3 00000000 		.4byte	.LASF57
 499 02b7 04       		.byte	0x4
 500 02b8 5E       		.byte	0x5e
 501 02b9 F6000000 		.4byte	0xf6
 502 02bd 48       		.byte	0x48
 503 02be 0A       		.uleb128 0xa
 504 02bf 4F020000 		.4byte	.LASF58
 505 02c3 04       		.byte	0x4
 506 02c4 5F       		.byte	0x5f
 507 02c5 F6000000 		.4byte	0xf6
 508 02c9 4C       		.byte	0x4c
 509 02ca 0A       		.uleb128 0xa
 510 02cb 1D0A0000 		.4byte	.LASF59
 511 02cf 04       		.byte	0x4
 512 02d0 60       		.byte	0x60
 513 02d1 CA000000 		.4byte	0xca
 514 02d5 50       		.byte	0x50
 515 02d6 0A       		.uleb128 0xa
 516 02d7 87010000 		.4byte	.LASF60
 517 02db 04       		.byte	0x4
 518 02dc 61       		.byte	0x61
 519 02dd CA000000 		.4byte	0xca
 520 02e1 51       		.byte	0x51
 521 02e2 0A       		.uleb128 0xa
 522 02e3 1C090000 		.4byte	.LASF61
 523 02e7 04       		.byte	0x4
 524 02e8 62       		.byte	0x62
 525 02e9 CA000000 		.4byte	0xca
 526 02ed 52       		.byte	0x52
 527 02ee 0A       		.uleb128 0xa
 528 02ef 26080000 		.4byte	.LASF62
ARM GAS  C:\Users\cmila\AppData\Local\Temp\ccRXbbVh.s 			page 13


 529 02f3 04       		.byte	0x4
 530 02f4 63       		.byte	0x63
 531 02f5 CA000000 		.4byte	0xca
 532 02f9 53       		.byte	0x53
 533 02fa 0A       		.uleb128 0xa
 534 02fb 84070000 		.4byte	.LASF63
 535 02ff 04       		.byte	0x4
 536 0300 64       		.byte	0x64
 537 0301 CA000000 		.4byte	0xca
 538 0305 54       		.byte	0x54
 539 0306 0A       		.uleb128 0xa
 540 0307 99010000 		.4byte	.LASF64
 541 030b 04       		.byte	0x4
 542 030c 65       		.byte	0x65
 543 030d CA000000 		.4byte	0xca
 544 0311 55       		.byte	0x55
 545 0312 0A       		.uleb128 0xa
 546 0313 9A030000 		.4byte	.LASF65
 547 0317 04       		.byte	0x4
 548 0318 66       		.byte	0x66
 549 0319 CA000000 		.4byte	0xca
 550 031d 56       		.byte	0x56
 551 031e 0A       		.uleb128 0xa
 552 031f 46070000 		.4byte	.LASF66
 553 0323 04       		.byte	0x4
 554 0324 67       		.byte	0x67
 555 0325 CA000000 		.4byte	0xca
 556 0329 57       		.byte	0x57
 557 032a 0A       		.uleb128 0xa
 558 032b 24000000 		.4byte	.LASF67
 559 032f 04       		.byte	0x4
 560 0330 68       		.byte	0x68
 561 0331 CA000000 		.4byte	0xca
 562 0335 58       		.byte	0x58
 563 0336 0A       		.uleb128 0xa
 564 0337 14070000 		.4byte	.LASF68
 565 033b 04       		.byte	0x4
 566 033c 69       		.byte	0x69
 567 033d CA000000 		.4byte	0xca
 568 0341 59       		.byte	0x59
 569 0342 0A       		.uleb128 0xa
 570 0343 5D050000 		.4byte	.LASF69
 571 0347 04       		.byte	0x4
 572 0348 6E       		.byte	0x6e
 573 0349 E0000000 		.4byte	0xe0
 574 034d 5A       		.byte	0x5a
 575 034e 0A       		.uleb128 0xa
 576 034f 65080000 		.4byte	.LASF70
 577 0353 04       		.byte	0x4
 578 0354 6F       		.byte	0x6f
 579 0355 E0000000 		.4byte	0xe0
 580 0359 5C       		.byte	0x5c
 581 035a 0A       		.uleb128 0xa
 582 035b 6D000000 		.4byte	.LASF71
 583 035f 04       		.byte	0x4
 584 0360 70       		.byte	0x70
 585 0361 CA000000 		.4byte	0xca
ARM GAS  C:\Users\cmila\AppData\Local\Temp\ccRXbbVh.s 			page 14


 586 0365 5E       		.byte	0x5e
 587 0366 0A       		.uleb128 0xa
 588 0367 C9060000 		.4byte	.LASF72
 589 036b 04       		.byte	0x4
 590 036c 71       		.byte	0x71
 591 036d CA000000 		.4byte	0xca
 592 0371 5F       		.byte	0x5f
 593 0372 0A       		.uleb128 0xa
 594 0373 9E050000 		.4byte	.LASF73
 595 0377 04       		.byte	0x4
 596 0378 72       		.byte	0x72
 597 0379 CA000000 		.4byte	0xca
 598 037d 60       		.byte	0x60
 599 037e 0A       		.uleb128 0xa
 600 037f A2060000 		.4byte	.LASF74
 601 0383 04       		.byte	0x4
 602 0384 73       		.byte	0x73
 603 0385 F6000000 		.4byte	0xf6
 604 0389 64       		.byte	0x64
 605 038a 0A       		.uleb128 0xa
 606 038b 36010000 		.4byte	.LASF75
 607 038f 04       		.byte	0x4
 608 0390 76       		.byte	0x76
 609 0391 E0000000 		.4byte	0xe0
 610 0395 68       		.byte	0x68
 611 0396 0A       		.uleb128 0xa
 612 0397 88030000 		.4byte	.LASF76
 613 039b 04       		.byte	0x4
 614 039c 77       		.byte	0x77
 615 039d E0000000 		.4byte	0xe0
 616 03a1 6A       		.byte	0x6a
 617 03a2 0A       		.uleb128 0xa
 618 03a3 1B040000 		.4byte	.LASF77
 619 03a7 04       		.byte	0x4
 620 03a8 78       		.byte	0x78
 621 03a9 E0000000 		.4byte	0xe0
 622 03ad 6C       		.byte	0x6c
 623 03ae 0A       		.uleb128 0xa
 624 03af 41040000 		.4byte	.LASF78
 625 03b3 04       		.byte	0x4
 626 03b4 79       		.byte	0x79
 627 03b5 E0000000 		.4byte	0xe0
 628 03b9 6E       		.byte	0x6e
 629 03ba 0A       		.uleb128 0xa
 630 03bb 32070000 		.4byte	.LASF79
 631 03bf 04       		.byte	0x4
 632 03c0 7B       		.byte	0x7b
 633 03c1 CA000000 		.4byte	0xca
 634 03c5 70       		.byte	0x70
 635 03c6 0A       		.uleb128 0xa
 636 03c7 E1010000 		.4byte	.LASF80
 637 03cb 04       		.byte	0x4
 638 03cc 7C       		.byte	0x7c
 639 03cd CA000000 		.4byte	0xca
 640 03d1 71       		.byte	0x71
 641 03d2 0A       		.uleb128 0xa
 642 03d3 EF090000 		.4byte	.LASF81
ARM GAS  C:\Users\cmila\AppData\Local\Temp\ccRXbbVh.s 			page 15


 643 03d7 04       		.byte	0x4
 644 03d8 7D       		.byte	0x7d
 645 03d9 CA000000 		.4byte	0xca
 646 03dd 72       		.byte	0x72
 647 03de 0A       		.uleb128 0xa
 648 03df 79050000 		.4byte	.LASF82
 649 03e3 04       		.byte	0x4
 650 03e4 7E       		.byte	0x7e
 651 03e5 CA000000 		.4byte	0xca
 652 03e9 73       		.byte	0x73
 653 03ea 0A       		.uleb128 0xa
 654 03eb C8020000 		.4byte	.LASF83
 655 03ef 04       		.byte	0x4
 656 03f0 80       		.byte	0x80
 657 03f1 E0000000 		.4byte	0xe0
 658 03f5 74       		.byte	0x74
 659 03f6 0A       		.uleb128 0xa
 660 03f7 FC070000 		.4byte	.LASF84
 661 03fb 04       		.byte	0x4
 662 03fc 81       		.byte	0x81
 663 03fd E0000000 		.4byte	0xe0
 664 0401 76       		.byte	0x76
 665 0402 0A       		.uleb128 0xa
 666 0403 89020000 		.4byte	.LASF85
 667 0407 04       		.byte	0x4
 668 0408 82       		.byte	0x82
 669 0409 E0000000 		.4byte	0xe0
 670 040d 78       		.byte	0x78
 671 040e 0A       		.uleb128 0xa
 672 040f 9D000000 		.4byte	.LASF86
 673 0413 04       		.byte	0x4
 674 0414 83       		.byte	0x83
 675 0415 E0000000 		.4byte	0xe0
 676 0419 7A       		.byte	0x7a
 677 041a 0A       		.uleb128 0xa
 678 041b 49090000 		.4byte	.LASF87
 679 041f 04       		.byte	0x4
 680 0420 86       		.byte	0x86
 681 0421 CA000000 		.4byte	0xca
 682 0425 7C       		.byte	0x7c
 683 0426 0A       		.uleb128 0xa
 684 0427 C2080000 		.4byte	.LASF88
 685 042b 04       		.byte	0x4
 686 042c 87       		.byte	0x87
 687 042d CA000000 		.4byte	0xca
 688 0431 7D       		.byte	0x7d
 689 0432 0A       		.uleb128 0xa
 690 0433 38000000 		.4byte	.LASF89
 691 0437 04       		.byte	0x4
 692 0438 88       		.byte	0x88
 693 0439 CA000000 		.4byte	0xca
 694 043d 7E       		.byte	0x7e
 695 043e 0A       		.uleb128 0xa
 696 043f DA020000 		.4byte	.LASF90
 697 0443 04       		.byte	0x4
 698 0444 89       		.byte	0x89
 699 0445 CA000000 		.4byte	0xca
ARM GAS  C:\Users\cmila\AppData\Local\Temp\ccRXbbVh.s 			page 16


 700 0449 7F       		.byte	0x7f
 701 044a 0A       		.uleb128 0xa
 702 044b 52030000 		.4byte	.LASF91
 703 044f 04       		.byte	0x4
 704 0450 8A       		.byte	0x8a
 705 0451 CA000000 		.4byte	0xca
 706 0455 80       		.byte	0x80
 707 0456 0A       		.uleb128 0xa
 708 0457 AB080000 		.4byte	.LASF92
 709 045b 04       		.byte	0x4
 710 045c 8D       		.byte	0x8d
 711 045d F6000000 		.4byte	0xf6
 712 0461 84       		.byte	0x84
 713 0462 0A       		.uleb128 0xa
 714 0463 B2000000 		.4byte	.LASF93
 715 0467 04       		.byte	0x4
 716 0468 8E       		.byte	0x8e
 717 0469 F6000000 		.4byte	0xf6
 718 046d 88       		.byte	0x88
 719 046e 0A       		.uleb128 0xa
 720 046f 34090000 		.4byte	.LASF94
 721 0473 04       		.byte	0x4
 722 0474 8F       		.byte	0x8f
 723 0475 F6000000 		.4byte	0xf6
 724 0479 8C       		.byte	0x8c
 725 047a 0A       		.uleb128 0xa
 726 047b 23050000 		.4byte	.LASF95
 727 047f 04       		.byte	0x4
 728 0480 90       		.byte	0x90
 729 0481 F6000000 		.4byte	0xf6
 730 0485 90       		.byte	0x90
 731 0486 0A       		.uleb128 0xa
 732 0487 22030000 		.4byte	.LASF96
 733 048b 04       		.byte	0x4
 734 048c 91       		.byte	0x91
 735 048d F6000000 		.4byte	0xf6
 736 0491 94       		.byte	0x94
 737 0492 0A       		.uleb128 0xa
 738 0493 8A040000 		.4byte	.LASF97
 739 0497 04       		.byte	0x4
 740 0498 92       		.byte	0x92
 741 0499 F6000000 		.4byte	0xf6
 742 049d 98       		.byte	0x98
 743 049e 0A       		.uleb128 0xa
 744 049f 7C090000 		.4byte	.LASF98
 745 04a3 04       		.byte	0x4
 746 04a4 93       		.byte	0x93
 747 04a5 F6000000 		.4byte	0xf6
 748 04a9 9C       		.byte	0x9c
 749 04aa 0A       		.uleb128 0xa
 750 04ab 50010000 		.4byte	.LASF99
 751 04af 04       		.byte	0x4
 752 04b0 94       		.byte	0x94
 753 04b1 F6000000 		.4byte	0xf6
 754 04b5 A0       		.byte	0xa0
 755 04b6 0A       		.uleb128 0xa
 756 04b7 18020000 		.4byte	.LASF100
ARM GAS  C:\Users\cmila\AppData\Local\Temp\ccRXbbVh.s 			page 17


 757 04bb 04       		.byte	0x4
 758 04bc 95       		.byte	0x95
 759 04bd E0000000 		.4byte	0xe0
 760 04c1 A4       		.byte	0xa4
 761 04c2 0A       		.uleb128 0xa
 762 04c3 9D070000 		.4byte	.LASF101
 763 04c7 04       		.byte	0x4
 764 04c8 96       		.byte	0x96
 765 04c9 E0000000 		.4byte	0xe0
 766 04cd A6       		.byte	0xa6
 767 04ce 0A       		.uleb128 0xa
 768 04cf BD060000 		.4byte	.LASF102
 769 04d3 04       		.byte	0x4
 770 04d4 97       		.byte	0x97
 771 04d5 E0000000 		.4byte	0xe0
 772 04d9 A8       		.byte	0xa8
 773 04da 0A       		.uleb128 0xa
 774 04db E3070000 		.4byte	.LASF103
 775 04df 04       		.byte	0x4
 776 04e0 98       		.byte	0x98
 777 04e1 E0000000 		.4byte	0xe0
 778 04e5 AA       		.byte	0xaa
 779 04e6 0A       		.uleb128 0xa
 780 04e7 2A040000 		.4byte	.LASF104
 781 04eb 04       		.byte	0x4
 782 04ec 99       		.byte	0x99
 783 04ed E0000000 		.4byte	0xe0
 784 04f1 AC       		.byte	0xac
 785 04f2 0A       		.uleb128 0xa
 786 04f3 90050000 		.4byte	.LASF105
 787 04f7 04       		.byte	0x4
 788 04f8 9A       		.byte	0x9a
 789 04f9 E0000000 		.4byte	0xe0
 790 04fd AE       		.byte	0xae
 791 04fe 0A       		.uleb128 0xa
 792 04ff 78080000 		.4byte	.LASF106
 793 0503 04       		.byte	0x4
 794 0504 9D       		.byte	0x9d
 795 0505 E0000000 		.4byte	0xe0
 796 0509 B0       		.byte	0xb0
 797 050a 0A       		.uleb128 0xa
 798 050b 4B000000 		.4byte	.LASF107
 799 050f 04       		.byte	0x4
 800 0510 9E       		.byte	0x9e
 801 0511 F6000000 		.4byte	0xf6
 802 0515 B4       		.byte	0xb4
 803 0516 00       		.byte	0
 804 0517 03       		.uleb128 0x3
 805 0518 60040000 		.4byte	.LASF108
 806 051c 04       		.byte	0x4
 807 051d 9F       		.byte	0x9f
 808 051e 06010000 		.4byte	0x106
 809 0522 02       		.uleb128 0x2
 810 0523 04       		.byte	0x4
 811 0524 04       		.byte	0x4
 812 0525 9C060000 		.4byte	.LASF109
 813 0529 02       		.uleb128 0x2
ARM GAS  C:\Users\cmila\AppData\Local\Temp\ccRXbbVh.s 			page 18


 814 052a 08       		.byte	0x8
 815 052b 04       		.byte	0x4
 816 052c 82020000 		.4byte	.LASF110
 817 0530 02       		.uleb128 0x2
 818 0531 01       		.byte	0x1
 819 0532 02       		.byte	0x2
 820 0533 F8060000 		.4byte	.LASF111
 821 0537 06       		.uleb128 0x6
 822 0538 04       		.byte	0x4
 823 0539 3D050000 		.4byte	0x53d
 824 053d 0B       		.uleb128 0xb
 825 053e 48050000 		.4byte	0x548
 826 0542 0C       		.uleb128 0xc
 827 0543 F6000000 		.4byte	0xf6
 828 0547 00       		.byte	0
 829 0548 0D       		.uleb128 0xd
 830 0549 D2030000 		.4byte	.LASF112
 831 054d 05       		.byte	0x5
 832 054e D901     		.2byte	0x1d9
 833 0550 37050000 		.4byte	0x537
 834 0554 0E       		.uleb128 0xe
 835 0555 050A0000 		.4byte	.LASF128
 836 0559 38       		.byte	0x38
 837 055a 05       		.byte	0x5
 838 055b 7502     		.2byte	0x275
 839 055d 18060000 		.4byte	0x618
 840 0561 0F       		.uleb128 0xf
 841 0562 12040000 		.4byte	.LASF113
 842 0566 05       		.byte	0x5
 843 0567 7802     		.2byte	0x278
 844 0569 01010000 		.4byte	0x101
 845 056d 00       		.byte	0
 846 056e 0F       		.uleb128 0xf
 847 056f BA050000 		.4byte	.LASF114
 848 0573 05       		.byte	0x5
 849 0574 7902     		.2byte	0x279
 850 0576 01010000 		.4byte	0x101
 851 057a 04       		.byte	0x4
 852 057b 0F       		.uleb128 0xf
 853 057c 46010000 		.4byte	.LASF115
 854 0580 05       		.byte	0x5
 855 0581 7B02     		.2byte	0x27b
 856 0583 A9000000 		.4byte	0xa9
 857 0587 08       		.byte	0x8
 858 0588 0F       		.uleb128 0xf
 859 0589 38080000 		.4byte	.LASF116
 860 058d 05       		.byte	0x5
 861 058e 7C02     		.2byte	0x27c
 862 0590 F6000000 		.4byte	0xf6
 863 0594 0C       		.byte	0xc
 864 0595 0F       		.uleb128 0xf
 865 0596 7C040000 		.4byte	.LASF117
 866 059a 05       		.byte	0x5
 867 059b 7D02     		.2byte	0x27d
 868 059d 01010000 		.4byte	0x101
 869 05a1 10       		.byte	0x10
 870 05a2 0F       		.uleb128 0xf
ARM GAS  C:\Users\cmila\AppData\Local\Temp\ccRXbbVh.s 			page 19


 871 05a3 6E090000 		.4byte	.LASF118
 872 05a7 05       		.byte	0x5
 873 05a8 7E02     		.2byte	0x27e
 874 05aa 01010000 		.4byte	0x101
 875 05ae 14       		.byte	0x14
 876 05af 0F       		.uleb128 0xf
 877 05b0 DB080000 		.4byte	.LASF119
 878 05b4 05       		.byte	0x5
 879 05b5 8002     		.2byte	0x280
 880 05b7 A9000000 		.4byte	0xa9
 881 05bb 18       		.byte	0x18
 882 05bc 0F       		.uleb128 0xf
 883 05bd 1A000000 		.4byte	.LASF120
 884 05c1 05       		.byte	0x5
 885 05c2 8102     		.2byte	0x281
 886 05c4 F6000000 		.4byte	0xf6
 887 05c8 1C       		.byte	0x1c
 888 05c9 0F       		.uleb128 0xf
 889 05ca 13030000 		.4byte	.LASF121
 890 05ce 05       		.byte	0x5
 891 05cf 8202     		.2byte	0x282
 892 05d1 01010000 		.4byte	0x101
 893 05d5 20       		.byte	0x20
 894 05d6 0F       		.uleb128 0xf
 895 05d7 5A040000 		.4byte	.LASF122
 896 05db 05       		.byte	0x5
 897 05dc 8402     		.2byte	0x284
 898 05de A9000000 		.4byte	0xa9
 899 05e2 24       		.byte	0x24
 900 05e3 0F       		.uleb128 0xf
 901 05e4 37030000 		.4byte	.LASF123
 902 05e8 05       		.byte	0x5
 903 05e9 8502     		.2byte	0x285
 904 05eb F6000000 		.4byte	0xf6
 905 05ef 28       		.byte	0x28
 906 05f0 0F       		.uleb128 0xf
 907 05f1 DF060000 		.4byte	.LASF124
 908 05f5 05       		.byte	0x5
 909 05f6 8602     		.2byte	0x286
 910 05f8 01010000 		.4byte	0x101
 911 05fc 2C       		.byte	0x2c
 912 05fd 0F       		.uleb128 0xf
 913 05fe 38040000 		.4byte	.LASF125
 914 0602 05       		.byte	0x5
 915 0603 8B02     		.2byte	0x28b
 916 0605 48050000 		.4byte	0x548
 917 0609 30       		.byte	0x30
 918 060a 0F       		.uleb128 0xf
 919 060b D3080000 		.4byte	.LASF126
 920 060f 05       		.byte	0x5
 921 0610 8E02     		.2byte	0x28e
 922 0612 F6000000 		.4byte	0xf6
 923 0616 34       		.byte	0x34
 924 0617 00       		.byte	0
 925 0618 0D       		.uleb128 0xd
 926 0619 ED080000 		.4byte	.LASF127
 927 061d 05       		.byte	0x5
ARM GAS  C:\Users\cmila\AppData\Local\Temp\ccRXbbVh.s 			page 20


 928 061e 9102     		.2byte	0x291
 929 0620 54050000 		.4byte	0x554
 930 0624 10       		.uleb128 0x10
 931 0625 38050000 		.4byte	.LASF129
 932 0629 4C       		.byte	0x4c
 933 062a 06       		.byte	0x6
 934 062b 2F       		.byte	0x2f
 935 062c 15070000 		.4byte	0x715
 936 0630 0A       		.uleb128 0xa
 937 0631 F0000000 		.4byte	.LASF130
 938 0635 06       		.byte	0x6
 939 0636 31       		.byte	0x31
 940 0637 F6000000 		.4byte	0xf6
 941 063b 00       		.byte	0
 942 063c 0A       		.uleb128 0xa
 943 063d 27010000 		.4byte	.LASF131
 944 0641 06       		.byte	0x6
 945 0642 33       		.byte	0x33
 946 0643 F6000000 		.4byte	0xf6
 947 0647 04       		.byte	0x4
 948 0648 0A       		.uleb128 0xa
 949 0649 12000000 		.4byte	.LASF132
 950 064d 06       		.byte	0x6
 951 064e 34       		.byte	0x34
 952 064f F6000000 		.4byte	0xf6
 953 0653 08       		.byte	0x8
 954 0654 0A       		.uleb128 0xa
 955 0655 C9000000 		.4byte	.LASF133
 956 0659 06       		.byte	0x6
 957 065a 35       		.byte	0x35
 958 065b F6000000 		.4byte	0xf6
 959 065f 0C       		.byte	0xc
 960 0660 0A       		.uleb128 0xa
 961 0661 65070000 		.4byte	.LASF134
 962 0665 06       		.byte	0x6
 963 0666 37       		.byte	0x37
 964 0667 F6000000 		.4byte	0xf6
 965 066b 10       		.byte	0x10
 966 066c 0A       		.uleb128 0xa
 967 066d B2070000 		.4byte	.LASF135
 968 0671 06       		.byte	0x6
 969 0672 38       		.byte	0x38
 970 0673 F6000000 		.4byte	0xf6
 971 0677 14       		.byte	0x14
 972 0678 0A       		.uleb128 0xa
 973 0679 A2080000 		.4byte	.LASF136
 974 067d 06       		.byte	0x6
 975 067e 39       		.byte	0x39
 976 067f F6000000 		.4byte	0xf6
 977 0683 18       		.byte	0x18
 978 0684 0A       		.uleb128 0xa
 979 0685 C0030000 		.4byte	.LASF137
 980 0689 06       		.byte	0x6
 981 068a 3A       		.byte	0x3a
 982 068b 30050000 		.4byte	0x530
 983 068f 1C       		.byte	0x1c
 984 0690 0A       		.uleb128 0xa
ARM GAS  C:\Users\cmila\AppData\Local\Temp\ccRXbbVh.s 			page 21


 985 0691 41030000 		.4byte	.LASF138
 986 0695 06       		.byte	0x6
 987 0696 3C       		.byte	0x3c
 988 0697 F6000000 		.4byte	0xf6
 989 069b 20       		.byte	0x20
 990 069c 0A       		.uleb128 0xa
 991 069d B7020000 		.4byte	.LASF139
 992 06a1 06       		.byte	0x6
 993 06a2 3D       		.byte	0x3d
 994 06a3 F6000000 		.4byte	0xf6
 995 06a7 24       		.byte	0x24
 996 06a8 0A       		.uleb128 0xa
 997 06a9 03010000 		.4byte	.LASF140
 998 06ad 06       		.byte	0x6
 999 06ae 3F       		.byte	0x3f
 1000 06af F6000000 		.4byte	0xf6
 1001 06b3 28       		.byte	0x28
 1002 06b4 0A       		.uleb128 0xa
 1003 06b5 5E090000 		.4byte	.LASF141
 1004 06b9 06       		.byte	0x6
 1005 06ba 40       		.byte	0x40
 1006 06bb F6000000 		.4byte	0xf6
 1007 06bf 2C       		.byte	0x2c
 1008 06c0 0A       		.uleb128 0xa
 1009 06c1 46080000 		.4byte	.LASF142
 1010 06c5 06       		.byte	0x6
 1011 06c6 42       		.byte	0x42
 1012 06c7 F6000000 		.4byte	0xf6
 1013 06cb 30       		.byte	0x30
 1014 06cc 0A       		.uleb128 0xa
 1015 06cd 86080000 		.4byte	.LASF143
 1016 06d1 06       		.byte	0x6
 1017 06d2 43       		.byte	0x43
 1018 06d3 F6000000 		.4byte	0xf6
 1019 06d7 34       		.byte	0x34
 1020 06d8 0A       		.uleb128 0xa
 1021 06d9 A0040000 		.4byte	.LASF144
 1022 06dd 06       		.byte	0x6
 1023 06de 45       		.byte	0x45
 1024 06df F6000000 		.4byte	0xf6
 1025 06e3 38       		.byte	0x38
 1026 06e4 0A       		.uleb128 0xa
 1027 06e5 D8000000 		.4byte	.LASF145
 1028 06e9 06       		.byte	0x6
 1029 06ea 46       		.byte	0x46
 1030 06eb F6000000 		.4byte	0xf6
 1031 06ef 3C       		.byte	0x3c
 1032 06f0 0A       		.uleb128 0xa
 1033 06f1 6E080000 		.4byte	.LASF146
 1034 06f5 06       		.byte	0x6
 1035 06f6 48       		.byte	0x48
 1036 06f7 F6000000 		.4byte	0xf6
 1037 06fb 40       		.byte	0x40
 1038 06fc 0A       		.uleb128 0xa
 1039 06fd 92090000 		.4byte	.LASF147
 1040 0701 06       		.byte	0x6
 1041 0702 49       		.byte	0x49
ARM GAS  C:\Users\cmila\AppData\Local\Temp\ccRXbbVh.s 			page 22


 1042 0703 F6000000 		.4byte	0xf6
 1043 0707 44       		.byte	0x44
 1044 0708 0A       		.uleb128 0xa
 1045 0709 CC070000 		.4byte	.LASF148
 1046 070d 06       		.byte	0x6
 1047 070e 4B       		.byte	0x4b
 1048 070f F6000000 		.4byte	0xf6
 1049 0713 48       		.byte	0x48
 1050 0714 00       		.byte	0
 1051 0715 03       		.uleb128 0x3
 1052 0716 C3010000 		.4byte	.LASF149
 1053 071a 06       		.byte	0x6
 1054 071b 4C       		.byte	0x4c
 1055 071c 24060000 		.4byte	0x624
 1056 0720 11       		.uleb128 0x11
 1057 0721 AB040000 		.4byte	.LASF150
 1058 0725 01       		.byte	0x1
 1059 0726 4F       		.byte	0x4f
 1060 0727 94000000 		.4byte	0x94
 1061 072b 00000000 		.4byte	.LFB556
 1062 072f 22000000 		.4byte	.LFE556-.LFB556
 1063 0733 01       		.uleb128 0x1
 1064 0734 9C       		.byte	0x9c
 1065 0735 7E070000 		.4byte	0x77e
 1066 0739 12       		.uleb128 0x12
 1067 073a 666400   		.ascii	"fd\000"
 1068 073d 01       		.byte	0x1
 1069 073e 4F       		.byte	0x4f
 1070 073f 94000000 		.4byte	0x94
 1071 0743 00000000 		.4byte	.LLST0
 1072 0747 12       		.uleb128 0x12
 1073 0748 70747200 		.ascii	"ptr\000"
 1074 074c 01       		.byte	0x1
 1075 074d 4F       		.byte	0x4f
 1076 074e BF000000 		.4byte	0xbf
 1077 0752 3A000000 		.4byte	.LLST1
 1078 0756 12       		.uleb128 0x12
 1079 0757 6C656E00 		.ascii	"len\000"
 1080 075b 01       		.byte	0x1
 1081 075c 4F       		.byte	0x4f
 1082 075d 94000000 		.4byte	0x94
 1083 0761 86000000 		.4byte	.LLST2
 1084 0765 13       		.uleb128 0x13
 1085 0766 80010000 		.4byte	.LASF152
 1086 076a 01       		.byte	0x1
 1087 076b 51       		.byte	0x51
 1088 076c 94000000 		.4byte	0x94
 1089 0770 C8000000 		.4byte	.LLST3
 1090 0774 14       		.uleb128 0x14
 1091 0775 10000000 		.4byte	.LVL4
 1092 0779 1E080000 		.4byte	0x81e
 1093 077d 00       		.byte	0
 1094 077e 11       		.uleb128 0x11
 1095 077f 1C030000 		.4byte	.LASF151
 1096 0783 01       		.byte	0x1
 1097 0784 85       		.byte	0x85
 1098 0785 94000000 		.4byte	0x94
ARM GAS  C:\Users\cmila\AppData\Local\Temp\ccRXbbVh.s 			page 23


 1099 0789 00000000 		.4byte	.LFB557
 1100 078d 2C000000 		.4byte	.LFE557-.LFB557
 1101 0791 01       		.uleb128 0x1
 1102 0792 9C       		.byte	0x9c
 1103 0793 DC070000 		.4byte	0x7dc
 1104 0797 12       		.uleb128 0x12
 1105 0798 666400   		.ascii	"fd\000"
 1106 079b 01       		.byte	0x1
 1107 079c 85       		.byte	0x85
 1108 079d 94000000 		.4byte	0x94
 1109 07a1 FE000000 		.4byte	.LLST4
 1110 07a5 12       		.uleb128 0x12
 1111 07a6 70747200 		.ascii	"ptr\000"
 1112 07aa 01       		.byte	0x1
 1113 07ab 85       		.byte	0x85
 1114 07ac B2000000 		.4byte	0xb2
 1115 07b0 38010000 		.4byte	.LLST5
 1116 07b4 12       		.uleb128 0x12
 1117 07b5 6C656E00 		.ascii	"len\000"
 1118 07b9 01       		.byte	0x1
 1119 07ba 85       		.byte	0x85
 1120 07bb 94000000 		.4byte	0x94
 1121 07bf 6C010000 		.4byte	.LLST6
 1122 07c3 13       		.uleb128 0x13
 1123 07c4 80010000 		.4byte	.LASF152
 1124 07c8 01       		.byte	0x1
 1125 07c9 87       		.byte	0x87
 1126 07ca 94000000 		.4byte	0x94
 1127 07ce AE010000 		.4byte	.LLST7
 1128 07d2 14       		.uleb128 0x14
 1129 07d3 0C000000 		.4byte	.LVL12
 1130 07d7 29080000 		.4byte	0x829
 1131 07db 00       		.byte	0
 1132 07dc 15       		.uleb128 0x15
 1133 07dd 66010000 		.4byte	.LASF153
 1134 07e1 07       		.byte	0x7
 1135 07e2 F907     		.2byte	0x7f9
 1136 07e4 E8070000 		.4byte	0x7e8
 1137 07e8 08       		.uleb128 0x8
 1138 07e9 EB000000 		.4byte	0xeb
 1139 07ed 16       		.uleb128 0x16
 1140 07ee B3060000 		.4byte	.LASF154
 1141 07f2 04       		.byte	0x4
 1142 07f3 A7       		.byte	0xa7
 1143 07f4 F8070000 		.4byte	0x7f8
 1144 07f8 06       		.uleb128 0x6
 1145 07f9 04       		.byte	0x4
 1146 07fa FE070000 		.4byte	0x7fe
 1147 07fe 07       		.uleb128 0x7
 1148 07ff 17050000 		.4byte	0x517
 1149 0803 16       		.uleb128 0x16
 1150 0804 73010000 		.4byte	.LASF155
 1151 0808 08       		.byte	0x8
 1152 0809 1F       		.byte	0x1f
 1153 080a 0E080000 		.4byte	0x80e
 1154 080e 07       		.uleb128 0x7
 1155 080f 15070000 		.4byte	0x715
ARM GAS  C:\Users\cmila\AppData\Local\Temp\ccRXbbVh.s 			page 24


 1156 0813 16       		.uleb128 0x16
 1157 0814 F1030000 		.4byte	.LASF156
 1158 0818 09       		.byte	0x9
 1159 0819 87       		.byte	0x87
 1160 081a 18060000 		.4byte	0x618
 1161 081e 17       		.uleb128 0x17
 1162 081f A9020000 		.4byte	.LASF157
 1163 0823 A9020000 		.4byte	.LASF157
 1164 0827 0A       		.byte	0xa
 1165 0828 BA       		.byte	0xba
 1166 0829 17       		.uleb128 0x17
 1167 082a F6010000 		.4byte	.LASF158
 1168 082e F6010000 		.4byte	.LASF158
 1169 0832 0A       		.byte	0xa
 1170 0833 BE       		.byte	0xbe
 1171 0834 00       		.byte	0
 1172              		.section	.debug_abbrev,"",%progbits
 1173              	.Ldebug_abbrev0:
 1174 0000 01       		.uleb128 0x1
 1175 0001 11       		.uleb128 0x11
 1176 0002 01       		.byte	0x1
 1177 0003 25       		.uleb128 0x25
 1178 0004 0E       		.uleb128 0xe
 1179 0005 13       		.uleb128 0x13
 1180 0006 0B       		.uleb128 0xb
 1181 0007 03       		.uleb128 0x3
 1182 0008 0E       		.uleb128 0xe
 1183 0009 1B       		.uleb128 0x1b
 1184 000a 0E       		.uleb128 0xe
 1185 000b 55       		.uleb128 0x55
 1186 000c 17       		.uleb128 0x17
 1187 000d 11       		.uleb128 0x11
 1188 000e 01       		.uleb128 0x1
 1189 000f 10       		.uleb128 0x10
 1190 0010 17       		.uleb128 0x17
 1191 0011 00       		.byte	0
 1192 0012 00       		.byte	0
 1193 0013 02       		.uleb128 0x2
 1194 0014 24       		.uleb128 0x24
 1195 0015 00       		.byte	0
 1196 0016 0B       		.uleb128 0xb
 1197 0017 0B       		.uleb128 0xb
 1198 0018 3E       		.uleb128 0x3e
 1199 0019 0B       		.uleb128 0xb
 1200 001a 03       		.uleb128 0x3
 1201 001b 0E       		.uleb128 0xe
 1202 001c 00       		.byte	0
 1203 001d 00       		.byte	0
 1204 001e 03       		.uleb128 0x3
 1205 001f 16       		.uleb128 0x16
 1206 0020 00       		.byte	0
 1207 0021 03       		.uleb128 0x3
 1208 0022 0E       		.uleb128 0xe
 1209 0023 3A       		.uleb128 0x3a
 1210 0024 0B       		.uleb128 0xb
 1211 0025 3B       		.uleb128 0x3b
 1212 0026 0B       		.uleb128 0xb
ARM GAS  C:\Users\cmila\AppData\Local\Temp\ccRXbbVh.s 			page 25


 1213 0027 49       		.uleb128 0x49
 1214 0028 13       		.uleb128 0x13
 1215 0029 00       		.byte	0
 1216 002a 00       		.byte	0
 1217 002b 04       		.uleb128 0x4
 1218 002c 24       		.uleb128 0x24
 1219 002d 00       		.byte	0
 1220 002e 0B       		.uleb128 0xb
 1221 002f 0B       		.uleb128 0xb
 1222 0030 3E       		.uleb128 0x3e
 1223 0031 0B       		.uleb128 0xb
 1224 0032 03       		.uleb128 0x3
 1225 0033 08       		.uleb128 0x8
 1226 0034 00       		.byte	0
 1227 0035 00       		.byte	0
 1228 0036 05       		.uleb128 0x5
 1229 0037 0F       		.uleb128 0xf
 1230 0038 00       		.byte	0
 1231 0039 0B       		.uleb128 0xb
 1232 003a 0B       		.uleb128 0xb
 1233 003b 00       		.byte	0
 1234 003c 00       		.byte	0
 1235 003d 06       		.uleb128 0x6
 1236 003e 0F       		.uleb128 0xf
 1237 003f 00       		.byte	0
 1238 0040 0B       		.uleb128 0xb
 1239 0041 0B       		.uleb128 0xb
 1240 0042 49       		.uleb128 0x49
 1241 0043 13       		.uleb128 0x13
 1242 0044 00       		.byte	0
 1243 0045 00       		.byte	0
 1244 0046 07       		.uleb128 0x7
 1245 0047 26       		.uleb128 0x26
 1246 0048 00       		.byte	0
 1247 0049 49       		.uleb128 0x49
 1248 004a 13       		.uleb128 0x13
 1249 004b 00       		.byte	0
 1250 004c 00       		.byte	0
 1251 004d 08       		.uleb128 0x8
 1252 004e 35       		.uleb128 0x35
 1253 004f 00       		.byte	0
 1254 0050 49       		.uleb128 0x49
 1255 0051 13       		.uleb128 0x13
 1256 0052 00       		.byte	0
 1257 0053 00       		.byte	0
 1258 0054 09       		.uleb128 0x9
 1259 0055 13       		.uleb128 0x13
 1260 0056 01       		.byte	0x1
 1261 0057 0B       		.uleb128 0xb
 1262 0058 0B       		.uleb128 0xb
 1263 0059 3A       		.uleb128 0x3a
 1264 005a 0B       		.uleb128 0xb
 1265 005b 3B       		.uleb128 0x3b
 1266 005c 0B       		.uleb128 0xb
 1267 005d 01       		.uleb128 0x1
 1268 005e 13       		.uleb128 0x13
 1269 005f 00       		.byte	0
ARM GAS  C:\Users\cmila\AppData\Local\Temp\ccRXbbVh.s 			page 26


 1270 0060 00       		.byte	0
 1271 0061 0A       		.uleb128 0xa
 1272 0062 0D       		.uleb128 0xd
 1273 0063 00       		.byte	0
 1274 0064 03       		.uleb128 0x3
 1275 0065 0E       		.uleb128 0xe
 1276 0066 3A       		.uleb128 0x3a
 1277 0067 0B       		.uleb128 0xb
 1278 0068 3B       		.uleb128 0x3b
 1279 0069 0B       		.uleb128 0xb
 1280 006a 49       		.uleb128 0x49
 1281 006b 13       		.uleb128 0x13
 1282 006c 38       		.uleb128 0x38
 1283 006d 0B       		.uleb128 0xb
 1284 006e 00       		.byte	0
 1285 006f 00       		.byte	0
 1286 0070 0B       		.uleb128 0xb
 1287 0071 15       		.uleb128 0x15
 1288 0072 01       		.byte	0x1
 1289 0073 27       		.uleb128 0x27
 1290 0074 19       		.uleb128 0x19
 1291 0075 01       		.uleb128 0x1
 1292 0076 13       		.uleb128 0x13
 1293 0077 00       		.byte	0
 1294 0078 00       		.byte	0
 1295 0079 0C       		.uleb128 0xc
 1296 007a 05       		.uleb128 0x5
 1297 007b 00       		.byte	0
 1298 007c 49       		.uleb128 0x49
 1299 007d 13       		.uleb128 0x13
 1300 007e 00       		.byte	0
 1301 007f 00       		.byte	0
 1302 0080 0D       		.uleb128 0xd
 1303 0081 16       		.uleb128 0x16
 1304 0082 00       		.byte	0
 1305 0083 03       		.uleb128 0x3
 1306 0084 0E       		.uleb128 0xe
 1307 0085 3A       		.uleb128 0x3a
 1308 0086 0B       		.uleb128 0xb
 1309 0087 3B       		.uleb128 0x3b
 1310 0088 05       		.uleb128 0x5
 1311 0089 49       		.uleb128 0x49
 1312 008a 13       		.uleb128 0x13
 1313 008b 00       		.byte	0
 1314 008c 00       		.byte	0
 1315 008d 0E       		.uleb128 0xe
 1316 008e 13       		.uleb128 0x13
 1317 008f 01       		.byte	0x1
 1318 0090 03       		.uleb128 0x3
 1319 0091 0E       		.uleb128 0xe
 1320 0092 0B       		.uleb128 0xb
 1321 0093 0B       		.uleb128 0xb
 1322 0094 3A       		.uleb128 0x3a
 1323 0095 0B       		.uleb128 0xb
 1324 0096 3B       		.uleb128 0x3b
 1325 0097 05       		.uleb128 0x5
 1326 0098 01       		.uleb128 0x1
ARM GAS  C:\Users\cmila\AppData\Local\Temp\ccRXbbVh.s 			page 27


 1327 0099 13       		.uleb128 0x13
 1328 009a 00       		.byte	0
 1329 009b 00       		.byte	0
 1330 009c 0F       		.uleb128 0xf
 1331 009d 0D       		.uleb128 0xd
 1332 009e 00       		.byte	0
 1333 009f 03       		.uleb128 0x3
 1334 00a0 0E       		.uleb128 0xe
 1335 00a1 3A       		.uleb128 0x3a
 1336 00a2 0B       		.uleb128 0xb
 1337 00a3 3B       		.uleb128 0x3b
 1338 00a4 05       		.uleb128 0x5
 1339 00a5 49       		.uleb128 0x49
 1340 00a6 13       		.uleb128 0x13
 1341 00a7 38       		.uleb128 0x38
 1342 00a8 0B       		.uleb128 0xb
 1343 00a9 00       		.byte	0
 1344 00aa 00       		.byte	0
 1345 00ab 10       		.uleb128 0x10
 1346 00ac 13       		.uleb128 0x13
 1347 00ad 01       		.byte	0x1
 1348 00ae 03       		.uleb128 0x3
 1349 00af 0E       		.uleb128 0xe
 1350 00b0 0B       		.uleb128 0xb
 1351 00b1 0B       		.uleb128 0xb
 1352 00b2 3A       		.uleb128 0x3a
 1353 00b3 0B       		.uleb128 0xb
 1354 00b4 3B       		.uleb128 0x3b
 1355 00b5 0B       		.uleb128 0xb
 1356 00b6 01       		.uleb128 0x1
 1357 00b7 13       		.uleb128 0x13
 1358 00b8 00       		.byte	0
 1359 00b9 00       		.byte	0
 1360 00ba 11       		.uleb128 0x11
 1361 00bb 2E       		.uleb128 0x2e
 1362 00bc 01       		.byte	0x1
 1363 00bd 3F       		.uleb128 0x3f
 1364 00be 19       		.uleb128 0x19
 1365 00bf 03       		.uleb128 0x3
 1366 00c0 0E       		.uleb128 0xe
 1367 00c1 3A       		.uleb128 0x3a
 1368 00c2 0B       		.uleb128 0xb
 1369 00c3 3B       		.uleb128 0x3b
 1370 00c4 0B       		.uleb128 0xb
 1371 00c5 27       		.uleb128 0x27
 1372 00c6 19       		.uleb128 0x19
 1373 00c7 49       		.uleb128 0x49
 1374 00c8 13       		.uleb128 0x13
 1375 00c9 11       		.uleb128 0x11
 1376 00ca 01       		.uleb128 0x1
 1377 00cb 12       		.uleb128 0x12
 1378 00cc 06       		.uleb128 0x6
 1379 00cd 40       		.uleb128 0x40
 1380 00ce 18       		.uleb128 0x18
 1381 00cf 9742     		.uleb128 0x2117
 1382 00d1 19       		.uleb128 0x19
 1383 00d2 01       		.uleb128 0x1
ARM GAS  C:\Users\cmila\AppData\Local\Temp\ccRXbbVh.s 			page 28


 1384 00d3 13       		.uleb128 0x13
 1385 00d4 00       		.byte	0
 1386 00d5 00       		.byte	0
 1387 00d6 12       		.uleb128 0x12
 1388 00d7 05       		.uleb128 0x5
 1389 00d8 00       		.byte	0
 1390 00d9 03       		.uleb128 0x3
 1391 00da 08       		.uleb128 0x8
 1392 00db 3A       		.uleb128 0x3a
 1393 00dc 0B       		.uleb128 0xb
 1394 00dd 3B       		.uleb128 0x3b
 1395 00de 0B       		.uleb128 0xb
 1396 00df 49       		.uleb128 0x49
 1397 00e0 13       		.uleb128 0x13
 1398 00e1 02       		.uleb128 0x2
 1399 00e2 17       		.uleb128 0x17
 1400 00e3 00       		.byte	0
 1401 00e4 00       		.byte	0
 1402 00e5 13       		.uleb128 0x13
 1403 00e6 34       		.uleb128 0x34
 1404 00e7 00       		.byte	0
 1405 00e8 03       		.uleb128 0x3
 1406 00e9 0E       		.uleb128 0xe
 1407 00ea 3A       		.uleb128 0x3a
 1408 00eb 0B       		.uleb128 0xb
 1409 00ec 3B       		.uleb128 0x3b
 1410 00ed 0B       		.uleb128 0xb
 1411 00ee 49       		.uleb128 0x49
 1412 00ef 13       		.uleb128 0x13
 1413 00f0 02       		.uleb128 0x2
 1414 00f1 17       		.uleb128 0x17
 1415 00f2 00       		.byte	0
 1416 00f3 00       		.byte	0
 1417 00f4 14       		.uleb128 0x14
 1418 00f5 898201   		.uleb128 0x4109
 1419 00f8 00       		.byte	0
 1420 00f9 11       		.uleb128 0x11
 1421 00fa 01       		.uleb128 0x1
 1422 00fb 31       		.uleb128 0x31
 1423 00fc 13       		.uleb128 0x13
 1424 00fd 00       		.byte	0
 1425 00fe 00       		.byte	0
 1426 00ff 15       		.uleb128 0x15
 1427 0100 34       		.uleb128 0x34
 1428 0101 00       		.byte	0
 1429 0102 03       		.uleb128 0x3
 1430 0103 0E       		.uleb128 0xe
 1431 0104 3A       		.uleb128 0x3a
 1432 0105 0B       		.uleb128 0xb
 1433 0106 3B       		.uleb128 0x3b
 1434 0107 05       		.uleb128 0x5
 1435 0108 49       		.uleb128 0x49
 1436 0109 13       		.uleb128 0x13
 1437 010a 3F       		.uleb128 0x3f
 1438 010b 19       		.uleb128 0x19
 1439 010c 3C       		.uleb128 0x3c
 1440 010d 19       		.uleb128 0x19
ARM GAS  C:\Users\cmila\AppData\Local\Temp\ccRXbbVh.s 			page 29


 1441 010e 00       		.byte	0
 1442 010f 00       		.byte	0
 1443 0110 16       		.uleb128 0x16
 1444 0111 34       		.uleb128 0x34
 1445 0112 00       		.byte	0
 1446 0113 03       		.uleb128 0x3
 1447 0114 0E       		.uleb128 0xe
 1448 0115 3A       		.uleb128 0x3a
 1449 0116 0B       		.uleb128 0xb
 1450 0117 3B       		.uleb128 0x3b
 1451 0118 0B       		.uleb128 0xb
 1452 0119 49       		.uleb128 0x49
 1453 011a 13       		.uleb128 0x13
 1454 011b 3F       		.uleb128 0x3f
 1455 011c 19       		.uleb128 0x19
 1456 011d 3C       		.uleb128 0x3c
 1457 011e 19       		.uleb128 0x19
 1458 011f 00       		.byte	0
 1459 0120 00       		.byte	0
 1460 0121 17       		.uleb128 0x17
 1461 0122 2E       		.uleb128 0x2e
 1462 0123 00       		.byte	0
 1463 0124 3F       		.uleb128 0x3f
 1464 0125 19       		.uleb128 0x19
 1465 0126 3C       		.uleb128 0x3c
 1466 0127 19       		.uleb128 0x19
 1467 0128 6E       		.uleb128 0x6e
 1468 0129 0E       		.uleb128 0xe
 1469 012a 03       		.uleb128 0x3
 1470 012b 0E       		.uleb128 0xe
 1471 012c 3A       		.uleb128 0x3a
 1472 012d 0B       		.uleb128 0xb
 1473 012e 3B       		.uleb128 0x3b
 1474 012f 0B       		.uleb128 0xb
 1475 0130 00       		.byte	0
 1476 0131 00       		.byte	0
 1477 0132 00       		.byte	0
 1478              		.section	.debug_loc,"",%progbits
 1479              	.Ldebug_loc0:
 1480              	.LLST0:
 1481 0000 00000000 		.4byte	.LVL0
 1482 0004 08000000 		.4byte	.LVL2
 1483 0008 0100     		.2byte	0x1
 1484 000a 50       		.byte	0x50
 1485 000b 08000000 		.4byte	.LVL2
 1486 000f 14000000 		.4byte	.LVL6
 1487 0013 0400     		.2byte	0x4
 1488 0015 F3       		.byte	0xf3
 1489 0016 01       		.uleb128 0x1
 1490 0017 50       		.byte	0x50
 1491 0018 9F       		.byte	0x9f
 1492 0019 14000000 		.4byte	.LVL6
 1493 001d 1A000000 		.4byte	.LVL7
 1494 0021 0100     		.2byte	0x1
 1495 0023 50       		.byte	0x50
 1496 0024 1A000000 		.4byte	.LVL7
 1497 0028 22000000 		.4byte	.LFE556
ARM GAS  C:\Users\cmila\AppData\Local\Temp\ccRXbbVh.s 			page 30


 1498 002c 0400     		.2byte	0x4
 1499 002e F3       		.byte	0xf3
 1500 002f 01       		.uleb128 0x1
 1501 0030 50       		.byte	0x50
 1502 0031 9F       		.byte	0x9f
 1503 0032 00000000 		.4byte	0
 1504 0036 00000000 		.4byte	0
 1505              	.LLST1:
 1506 003a 00000000 		.4byte	.LVL0
 1507 003e 08000000 		.4byte	.LVL2
 1508 0042 0100     		.2byte	0x1
 1509 0044 51       		.byte	0x51
 1510 0045 08000000 		.4byte	.LVL2
 1511 0049 0C000000 		.4byte	.LVL3
 1512 004d 0100     		.2byte	0x1
 1513 004f 55       		.byte	0x55
 1514 0050 0C000000 		.4byte	.LVL3
 1515 0054 10000000 		.4byte	.LVL4
 1516 0058 0300     		.2byte	0x3
 1517 005a 75       		.byte	0x75
 1518 005b 7F       		.sleb128 -1
 1519 005c 9F       		.byte	0x9f
 1520 005d 10000000 		.4byte	.LVL4
 1521 0061 14000000 		.4byte	.LVL6
 1522 0065 0100     		.2byte	0x1
 1523 0067 55       		.byte	0x55
 1524 0068 14000000 		.4byte	.LVL6
 1525 006c 1A000000 		.4byte	.LVL7
 1526 0070 0100     		.2byte	0x1
 1527 0072 51       		.byte	0x51
 1528 0073 1A000000 		.4byte	.LVL7
 1529 0077 1E000000 		.4byte	.LVL8
 1530 007b 0100     		.2byte	0x1
 1531 007d 55       		.byte	0x55
 1532 007e 00000000 		.4byte	0
 1533 0082 00000000 		.4byte	0
 1534              	.LLST2:
 1535 0086 00000000 		.4byte	.LVL0
 1536 008a 08000000 		.4byte	.LVL2
 1537 008e 0100     		.2byte	0x1
 1538 0090 52       		.byte	0x52
 1539 0091 08000000 		.4byte	.LVL2
 1540 0095 14000000 		.4byte	.LVL6
 1541 0099 0100     		.2byte	0x1
 1542 009b 56       		.byte	0x56
 1543 009c 14000000 		.4byte	.LVL6
 1544 00a0 1A000000 		.4byte	.LVL7
 1545 00a4 0100     		.2byte	0x1
 1546 00a6 52       		.byte	0x52
 1547 00a7 1A000000 		.4byte	.LVL7
 1548 00ab 1E000000 		.4byte	.LVL8
 1549 00af 0100     		.2byte	0x1
 1550 00b1 56       		.byte	0x56
 1551 00b2 1E000000 		.4byte	.LVL8
 1552 00b6 22000000 		.4byte	.LFE556
 1553 00ba 0400     		.2byte	0x4
 1554 00bc F3       		.byte	0xf3
ARM GAS  C:\Users\cmila\AppData\Local\Temp\ccRXbbVh.s 			page 31


 1555 00bd 01       		.uleb128 0x1
 1556 00be 52       		.byte	0x52
 1557 00bf 9F       		.byte	0x9f
 1558 00c0 00000000 		.4byte	0
 1559 00c4 00000000 		.4byte	0
 1560              	.LLST3:
 1561 00c8 02000000 		.4byte	.LVL1
 1562 00cc 08000000 		.4byte	.LVL2
 1563 00d0 0200     		.2byte	0x2
 1564 00d2 30       		.byte	0x30
 1565 00d3 9F       		.byte	0x9f
 1566 00d4 08000000 		.4byte	.LVL2
 1567 00d8 14000000 		.4byte	.LVL6
 1568 00dc 0100     		.2byte	0x1
 1569 00de 54       		.byte	0x54
 1570 00df 14000000 		.4byte	.LVL6
 1571 00e3 1A000000 		.4byte	.LVL7
 1572 00e7 0200     		.2byte	0x2
 1573 00e9 30       		.byte	0x30
 1574 00ea 9F       		.byte	0x9f
 1575 00eb 1A000000 		.4byte	.LVL7
 1576 00ef 22000000 		.4byte	.LFE556
 1577 00f3 0100     		.2byte	0x1
 1578 00f5 54       		.byte	0x54
 1579 00f6 00000000 		.4byte	0
 1580 00fa 00000000 		.4byte	0
 1581              	.LLST4:
 1582 00fe 00000000 		.4byte	.LVL9
 1583 0102 08000000 		.4byte	.LVL11
 1584 0106 0100     		.2byte	0x1
 1585 0108 50       		.byte	0x50
 1586 0109 08000000 		.4byte	.LVL11
 1587 010d 1E000000 		.4byte	.LVL15
 1588 0111 0400     		.2byte	0x4
 1589 0113 F3       		.byte	0xf3
 1590 0114 01       		.uleb128 0x1
 1591 0115 50       		.byte	0x50
 1592 0116 9F       		.byte	0x9f
 1593 0117 1E000000 		.4byte	.LVL15
 1594 011b 24000000 		.4byte	.LVL16
 1595 011f 0100     		.2byte	0x1
 1596 0121 50       		.byte	0x50
 1597 0122 24000000 		.4byte	.LVL16
 1598 0126 2C000000 		.4byte	.LFE557
 1599 012a 0400     		.2byte	0x4
 1600 012c F3       		.byte	0xf3
 1601 012d 01       		.uleb128 0x1
 1602 012e 50       		.byte	0x50
 1603 012f 9F       		.byte	0x9f
 1604 0130 00000000 		.4byte	0
 1605 0134 00000000 		.4byte	0
 1606              	.LLST5:
 1607 0138 00000000 		.4byte	.LVL9
 1608 013c 08000000 		.4byte	.LVL11
 1609 0140 0100     		.2byte	0x1
 1610 0142 51       		.byte	0x51
 1611 0143 08000000 		.4byte	.LVL11
ARM GAS  C:\Users\cmila\AppData\Local\Temp\ccRXbbVh.s 			page 32


 1612 0147 1E000000 		.4byte	.LVL15
 1613 014b 0100     		.2byte	0x1
 1614 014d 55       		.byte	0x55
 1615 014e 1E000000 		.4byte	.LVL15
 1616 0152 24000000 		.4byte	.LVL16
 1617 0156 0100     		.2byte	0x1
 1618 0158 51       		.byte	0x51
 1619 0159 24000000 		.4byte	.LVL16
 1620 015d 28000000 		.4byte	.LVL17
 1621 0161 0100     		.2byte	0x1
 1622 0163 55       		.byte	0x55
 1623 0164 00000000 		.4byte	0
 1624 0168 00000000 		.4byte	0
 1625              	.LLST6:
 1626 016c 00000000 		.4byte	.LVL9
 1627 0170 08000000 		.4byte	.LVL11
 1628 0174 0100     		.2byte	0x1
 1629 0176 52       		.byte	0x52
 1630 0177 08000000 		.4byte	.LVL11
 1631 017b 1E000000 		.4byte	.LVL15
 1632 017f 0100     		.2byte	0x1
 1633 0181 56       		.byte	0x56
 1634 0182 1E000000 		.4byte	.LVL15
 1635 0186 24000000 		.4byte	.LVL16
 1636 018a 0100     		.2byte	0x1
 1637 018c 52       		.byte	0x52
 1638 018d 24000000 		.4byte	.LVL16
 1639 0191 28000000 		.4byte	.LVL17
 1640 0195 0100     		.2byte	0x1
 1641 0197 56       		.byte	0x56
 1642 0198 28000000 		.4byte	.LVL17
 1643 019c 2C000000 		.4byte	.LFE557
 1644 01a0 0400     		.2byte	0x4
 1645 01a2 F3       		.byte	0xf3
 1646 01a3 01       		.uleb128 0x1
 1647 01a4 52       		.byte	0x52
 1648 01a5 9F       		.byte	0x9f
 1649 01a6 00000000 		.4byte	0
 1650 01aa 00000000 		.4byte	0
 1651              	.LLST7:
 1652 01ae 02000000 		.4byte	.LVL10
 1653 01b2 08000000 		.4byte	.LVL11
 1654 01b6 0200     		.2byte	0x2
 1655 01b8 30       		.byte	0x30
 1656 01b9 9F       		.byte	0x9f
 1657 01ba 08000000 		.4byte	.LVL11
 1658 01be 1E000000 		.4byte	.LVL15
 1659 01c2 0100     		.2byte	0x1
 1660 01c4 54       		.byte	0x54
 1661 01c5 1E000000 		.4byte	.LVL15
 1662 01c9 24000000 		.4byte	.LVL16
 1663 01cd 0200     		.2byte	0x2
 1664 01cf 30       		.byte	0x30
 1665 01d0 9F       		.byte	0x9f
 1666 01d1 24000000 		.4byte	.LVL16
 1667 01d5 2C000000 		.4byte	.LFE557
 1668 01d9 0100     		.2byte	0x1
ARM GAS  C:\Users\cmila\AppData\Local\Temp\ccRXbbVh.s 			page 33


 1669 01db 54       		.byte	0x54
 1670 01dc 00000000 		.4byte	0
 1671 01e0 00000000 		.4byte	0
 1672              		.section	.debug_aranges,"",%progbits
 1673 0000 24000000 		.4byte	0x24
 1674 0004 0200     		.2byte	0x2
 1675 0006 00000000 		.4byte	.Ldebug_info0
 1676 000a 04       		.byte	0x4
 1677 000b 00       		.byte	0
 1678 000c 0000     		.2byte	0
 1679 000e 0000     		.2byte	0
 1680 0010 00000000 		.4byte	.LFB556
 1681 0014 22000000 		.4byte	.LFE556-.LFB556
 1682 0018 00000000 		.4byte	.LFB557
 1683 001c 2C000000 		.4byte	.LFE557-.LFB557
 1684 0020 00000000 		.4byte	0
 1685 0024 00000000 		.4byte	0
 1686              		.section	.debug_ranges,"",%progbits
 1687              	.Ldebug_ranges0:
 1688 0000 00000000 		.4byte	.LFB556
 1689 0004 22000000 		.4byte	.LFE556
 1690 0008 00000000 		.4byte	.LFB557
 1691 000c 2C000000 		.4byte	.LFE557
 1692 0010 00000000 		.4byte	0
 1693 0014 00000000 		.4byte	0
 1694              		.section	.debug_line,"",%progbits
 1695              	.Ldebug_line0:
 1696 0000 EC020000 		.section	.debug_str,"MS",%progbits,1
 1696      02009502 
 1696      00000201 
 1696      FB0E0D00 
 1696      01010101 
 1697              	.LASF57:
 1698 0000 70726F74 		.ascii	"protBusMasterMask\000"
 1698      4275734D 
 1698      61737465 
 1698      724D6173 
 1698      6B00
 1699              	.LASF132:
 1700 0012 72756E4D 		.ascii	"runMode\000"
 1700      6F646500 
 1701              	.LASF120:
 1702 001a 72784275 		.ascii	"rxBufSize\000"
 1702      6653697A 
 1702      6500
 1703              	.LASF67:
 1704 0024 666C6173 		.ascii	"flashCtlMainWs3Freq\000"
 1704      6843746C 
 1704      4D61696E 
 1704      57733346 
 1704      72657100 
 1705              	.LASF89:
 1706 0038 6770696F 		.ascii	"gpioPrtCfgInOffset\000"
 1706      50727443 
 1706      6667496E 
 1706      4F666673 
 1706      657400
ARM GAS  C:\Users\cmila\AppData\Local\Temp\ccRXbbVh.s 			page 34


 1707              	.LASF107:
 1708 004b 6970634C 		.ascii	"ipcLockStatusOffset\000"
 1708      6F636B53 
 1708      74617475 
 1708      734F6666 
 1708      73657400 
 1709              	.LASF33:
 1710 005f 63727970 		.ascii	"cryptoVersion\000"
 1710      746F5665 
 1710      7273696F 
 1710      6E00
 1711              	.LASF71:
 1712 006d 64774368 		.ascii	"dwChCtlPrioPos\000"
 1712      43746C50 
 1712      72696F50 
 1712      6F7300
 1713              	.LASF29:
 1714 007c 70617373 		.ascii	"passBase\000"
 1714      42617365 
 1714      00
 1715              	.LASF42:
 1716 0085 63707573 		.ascii	"cpussIpcIrqNr\000"
 1716      73497063 
 1716      4972714E 
 1716      7200
 1717              	.LASF2:
 1718 0093 5F5F7569 		.ascii	"__uint8_t\000"
 1718      6E74385F 
 1718      7400
 1719              	.LASF86:
 1720 009d 70657269 		.ascii	"periDiv24_5CtlOffset\000"
 1720      44697632 
 1720      345F3543 
 1720      746C4F66 
 1720      66736574 
 1721              	.LASF93:
 1722 00b2 63707573 		.ascii	"cpussCm4ClockCtlOffset\000"
 1722      73436D34 
 1722      436C6F63 
 1722      6B43746C 
 1722      4F666673 
 1723              	.LASF133:
 1724 00c9 636F756E 		.ascii	"countDirection\000"
 1724      74446972 
 1724      65637469 
 1724      6F6E00
 1725              	.LASF145:
 1726 00d8 73746F70 		.ascii	"stopInputMode\000"
 1726      496E7075 
 1726      744D6F64 
 1726      6500
 1727              	.LASF22:
 1728 00e6 63707573 		.ascii	"cpussBase\000"
 1728      73426173 
 1728      6500
 1729              	.LASF130:
 1730 00f0 70657269 		.ascii	"period\000"
ARM GAS  C:\Users\cmila\AppData\Local\Temp\ccRXbbVh.s 			page 35


 1730      6F6400
 1731              	.LASF51:
 1732 00f7 70657269 		.ascii	"periClockNr\000"
 1732      436C6F63 
 1732      6B4E7200 
 1733              	.LASF140:
 1734 0103 63617074 		.ascii	"captureInput\000"
 1734      75726549 
 1734      6E707574 
 1734      00
 1735              	.LASF12:
 1736 0110 6C6F6E67 		.ascii	"long long unsigned int\000"
 1736      206C6F6E 
 1736      6720756E 
 1736      7369676E 
 1736      65642069 
 1737              	.LASF131:
 1738 0127 636C6F63 		.ascii	"clockPrescaler\000"
 1738      6B507265 
 1738      7363616C 
 1738      657200
 1739              	.LASF75:
 1740 0136 70657269 		.ascii	"periTrCmdOffset\000"
 1740      5472436D 
 1740      644F6666 
 1740      73657400 
 1741              	.LASF115:
 1742 0146 72785269 		.ascii	"rxRingBuf\000"
 1742      6E674275 
 1742      6600
 1743              	.LASF99:
 1744 0150 63707573 		.ascii	"cpussSysTickCtlOffset\000"
 1744      73537973 
 1744      5469636B 
 1744      43746C4F 
 1744      66667365 
 1745              	.LASF153:
 1746 0166 49544D5F 		.ascii	"ITM_RxBuffer\000"
 1746      52784275 
 1746      66666572 
 1746      00
 1747              	.LASF155:
 1748 0173 54696D65 		.ascii	"Timer_config\000"
 1748      725F636F 
 1748      6E666967 
 1748      00
 1749              	.LASF152:
 1750 0180 6E436861 		.ascii	"nChars\000"
 1750      727300
 1751              	.LASF60:
 1752 0187 666C6173 		.ascii	"flashPipeRequired\000"
 1752      68506970 
 1752      65526571 
 1752      75697265 
 1752      6400
 1753              	.LASF64:
 1754 0199 666C6173 		.ascii	"flashCtlMainWs0Freq\000"
ARM GAS  C:\Users\cmila\AppData\Local\Temp\ccRXbbVh.s 			page 36


 1754      6843746C 
 1754      4D61696E 
 1754      57733046 
 1754      72657100 
 1755              	.LASF18:
 1756 01ad 696E7431 		.ascii	"int16_t\000"
 1756      365F7400 
 1757              	.LASF11:
 1758 01b5 6C6F6E67 		.ascii	"long long int\000"
 1758      206C6F6E 
 1758      6720696E 
 1758      7400
 1759              	.LASF149:
 1760 01c3 63795F73 		.ascii	"cy_stc_tcpwm_counter_config_t\000"
 1760      74635F74 
 1760      6370776D 
 1760      5F636F75 
 1760      6E746572 
 1761              	.LASF80:
 1762 01e1 70657269 		.ascii	"periDivCmdTypeSelPos\000"
 1762      44697643 
 1762      6D645479 
 1762      70655365 
 1762      6C506F73 
 1763              	.LASF158:
 1764 01f6 53544449 		.ascii	"STDIO_GetChar\000"
 1764      4F5F4765 
 1764      74436861 
 1764      7200
 1765              	.LASF26:
 1766 0204 70726F74 		.ascii	"protBase\000"
 1766      42617365 
 1766      00
 1767              	.LASF38:
 1768 020d 69706356 		.ascii	"ipcVersion\000"
 1768      65727369 
 1768      6F6E00
 1769              	.LASF100:
 1770 0218 63707573 		.ascii	"cpussCm0NmiCtlOffset\000"
 1770      73436D30 
 1770      4E6D6943 
 1770      746C4F66 
 1770      66736574 
 1771              	.LASF48:
 1772 022d 73727373 		.ascii	"srssNumClkpath\000"
 1772      4E756D43 
 1772      6C6B7061 
 1772      746800
 1773              	.LASF27:
 1774 023c 6873696F 		.ascii	"hsiomBase\000"
 1774      6D426173 
 1774      6500
 1775              	.LASF8:
 1776 0246 6C6F6E67 		.ascii	"long int\000"
 1776      20696E74 
 1776      00
 1777              	.LASF58:
ARM GAS  C:\Users\cmila\AppData\Local\Temp\ccRXbbVh.s 			page 37


 1778 024f 63727970 		.ascii	"cryptoMemSize\000"
 1778      746F4D65 
 1778      6D53697A 
 1778      6500
 1779              	.LASF24:
 1780 025d 70657269 		.ascii	"periBase\000"
 1780      42617365 
 1780      00
 1781              	.LASF56:
 1782 0266 73797350 		.ascii	"sysPmSimoPresent\000"
 1782      6D53696D 
 1782      6F507265 
 1782      73656E74 
 1782      00
 1783              	.LASF46:
 1784 0277 63707573 		.ascii	"cpussFmIrq\000"
 1784      73466D49 
 1784      727100
 1785              	.LASF110:
 1786 0282 646F7562 		.ascii	"double\000"
 1786      6C6500
 1787              	.LASF85:
 1788 0289 70657269 		.ascii	"periDiv16_5CtlOffset\000"
 1788      44697631 
 1788      365F3543 
 1788      746C4F66 
 1788      66736574 
 1789              	.LASF49:
 1790 029e 73727373 		.ascii	"srssNumPll\000"
 1790      4E756D50 
 1790      6C6C00
 1791              	.LASF157:
 1792 02a9 53544449 		.ascii	"STDIO_PutChar\000"
 1792      4F5F5075 
 1792      74436861 
 1792      7200
 1793              	.LASF139:
 1794 02b7 63617074 		.ascii	"captureInputMode\000"
 1794      75726549 
 1794      6E707574 
 1794      4D6F6465 
 1794      00
 1795              	.LASF83:
 1796 02c8 70657269 		.ascii	"periDiv8CtlOffset\000"
 1796      44697638 
 1796      43746C4F 
 1796      66667365 
 1796      7400
 1797              	.LASF90:
 1798 02da 6770696F 		.ascii	"gpioPrtCfgOutOffset\000"
 1798      50727443 
 1798      66674F75 
 1798      744F6666 
 1798      73657400 
 1799              	.LASF9:
 1800 02ee 5F5F7569 		.ascii	"__uint32_t\000"
 1800      6E743332 
ARM GAS  C:\Users\cmila\AppData\Local\Temp\ccRXbbVh.s 			page 38


 1800      5F7400
 1801              	.LASF53:
 1802 02f9 70617373 		.ascii	"passSarChannels\000"
 1802      53617243 
 1802      68616E6E 
 1802      656C7300 
 1803              	.LASF3:
 1804 0309 5F5F696E 		.ascii	"__int16_t\000"
 1804      7431365F 
 1804      7400
 1805              	.LASF121:
 1806 0313 72784275 		.ascii	"rxBufIdx\000"
 1806      66496478 
 1806      00
 1807              	.LASF151:
 1808 031c 5F726561 		.ascii	"_read\000"
 1808      6400
 1809              	.LASF96:
 1810 0322 63707573 		.ascii	"cpussCm4PwrCtlOffset\000"
 1810      73436D34 
 1810      50777243 
 1810      746C4F66 
 1810      66736574 
 1811              	.LASF123:
 1812 0337 74784275 		.ascii	"txBufSize\000"
 1812      6653697A 
 1812      6500
 1813              	.LASF138:
 1814 0341 696E7465 		.ascii	"interruptSources\000"
 1814      72727570 
 1814      74536F75 
 1814      72636573 
 1814      00
 1815              	.LASF91:
 1816 0352 6770696F 		.ascii	"gpioPrtCfgSioOffset\000"
 1816      50727443 
 1816      66675369 
 1816      6F4F6666 
 1816      73657400 
 1817              	.LASF43:
 1818 0366 63707573 		.ascii	"cpussDwChNr\000"
 1818      73447743 
 1818      684E7200 
 1819              	.LASF13:
 1820 0372 756E7369 		.ascii	"unsigned int\000"
 1820      676E6564 
 1820      20696E74 
 1820      00
 1821              	.LASF19:
 1822 037f 75696E74 		.ascii	"uint16_t\000"
 1822      31365F74 
 1822      00
 1823              	.LASF76:
 1824 0388 70657269 		.ascii	"periTrCmdGrSelMsk\000"
 1824      5472436D 
 1824      64477253 
 1824      656C4D73 
ARM GAS  C:\Users\cmila\AppData\Local\Temp\ccRXbbVh.s 			page 39


 1824      6B00
 1825              	.LASF65:
 1826 039a 666C6173 		.ascii	"flashCtlMainWs1Freq\000"
 1826      6843746C 
 1826      4D61696E 
 1826      57733146 
 1826      72657100 
 1827              	.LASF10:
 1828 03ae 6C6F6E67 		.ascii	"long unsigned int\000"
 1828      20756E73 
 1828      69676E65 
 1828      6420696E 
 1828      7400
 1829              	.LASF137:
 1830 03c0 656E6162 		.ascii	"enableCompareSwap\000"
 1830      6C65436F 
 1830      6D706172 
 1830      65537761 
 1830      7000
 1831              	.LASF112:
 1832 03d2 63795F63 		.ascii	"cy_cb_scb_uart_handle_events_t\000"
 1832      625F7363 
 1832      625F7561 
 1832      72745F68 
 1832      616E646C 
 1833              	.LASF156:
 1834 03f1 55415254 		.ascii	"UART_context\000"
 1834      5F636F6E 
 1834      74657874 
 1834      00
 1835              	.LASF41:
 1836 03fe 63707573 		.ascii	"cpussIpcNr\000"
 1836      73497063 
 1836      4E7200
 1837              	.LASF28:
 1838 0409 6770696F 		.ascii	"gpioBase\000"
 1838      42617365 
 1838      00
 1839              	.LASF113:
 1840 0412 74785374 		.ascii	"txStatus\000"
 1840      61747573 
 1840      00
 1841              	.LASF77:
 1842 041b 70657269 		.ascii	"periTrGrOffset\000"
 1842      54724772 
 1842      4F666673 
 1842      657400
 1843              	.LASF104:
 1844 042a 63707573 		.ascii	"cpussRam1Ctl0\000"
 1844      7352616D 
 1844      3143746C 
 1844      3000
 1845              	.LASF125:
 1846 0438 63624576 		.ascii	"cbEvents\000"
 1846      656E7473 
 1846      00
 1847              	.LASF78:
ARM GAS  C:\Users\cmila\AppData\Local\Temp\ccRXbbVh.s 			page 40


 1848 0441 70657269 		.ascii	"periTrGrSize\000"
 1848      54724772 
 1848      53697A65 
 1848      00
 1849              	.LASF36:
 1850 044e 6770696F 		.ascii	"gpioVersion\000"
 1850      56657273 
 1850      696F6E00 
 1851              	.LASF122:
 1852 045a 74784275 		.ascii	"txBuf\000"
 1852      6600
 1853              	.LASF108:
 1854 0460 63795F73 		.ascii	"cy_stc_device_t\000"
 1854      74635F64 
 1854      65766963 
 1854      655F7400 
 1855              	.LASF54:
 1856 0470 65704D6F 		.ascii	"epMonitorNr\000"
 1856      6E69746F 
 1856      724E7200 
 1857              	.LASF117:
 1858 047c 72785269 		.ascii	"rxRingBufHead\000"
 1858      6E674275 
 1858      66486561 
 1858      6400
 1859              	.LASF97:
 1860 048a 63707573 		.ascii	"cpussTrimRamCtlOffset\000"
 1860      73547269 
 1860      6D52616D 
 1860      43746C4F 
 1860      66667365 
 1861              	.LASF144:
 1862 04a0 73746172 		.ascii	"startInput\000"
 1862      74496E70 
 1862      757400
 1863              	.LASF150:
 1864 04ab 5F777269 		.ascii	"_write\000"
 1864      746500
 1865              	.LASF32:
 1866 04b2 63707573 		.ascii	"cpussVersion\000"
 1866      73566572 
 1866      73696F6E 
 1866      00
 1867              	.LASF161:
 1868 04bf 433A5C55 		.ascii	"C:\\Users\\cmila\\uni\\projects\\Neural-Stimulator-"
 1868      73657273 
 1868      5C636D69 
 1868      6C615C75 
 1868      6E695C70 
 1869 04ed 4669726D 		.ascii	"Firmware\\new\\PSOC6\\TIMER\\timerfinal.cydsn\000"
 1869      77617265 
 1869      5C6E6577 
 1869      5C50534F 
 1869      43365C54 
 1870              	.LASF39:
 1871 0517 70657269 		.ascii	"periVersion\000"
 1871      56657273 
ARM GAS  C:\Users\cmila\AppData\Local\Temp\ccRXbbVh.s 			page 41


 1871      696F6E00 
 1872              	.LASF95:
 1873 0523 63707573 		.ascii	"cpussCm0StatusOffset\000"
 1873      73436D30 
 1873      53746174 
 1873      75734F66 
 1873      66736574 
 1874              	.LASF129:
 1875 0538 63795F73 		.ascii	"cy_stc_tcpwm_counter_config\000"
 1875      74635F74 
 1875      6370776D 
 1875      5F636F75 
 1875      6E746572 
 1876              	.LASF15:
 1877 0554 73697A65 		.ascii	"sizetype\000"
 1877      74797065 
 1877      00
 1878              	.LASF69:
 1879 055d 64774368 		.ascii	"dwChOffset\000"
 1879      4F666673 
 1879      657400
 1880              	.LASF44:
 1881 0568 63707573 		.ascii	"cpussFlashPaSize\000"
 1881      73466C61 
 1881      73685061 
 1881      53697A65 
 1881      00
 1882              	.LASF82:
 1883 0579 70657269 		.ascii	"periDivCmdPaTypeSelPos\000"
 1883      44697643 
 1883      6D645061 
 1883      54797065 
 1883      53656C50 
 1884              	.LASF105:
 1885 0590 63707573 		.ascii	"cpussRam2Ctl0\000"
 1885      7352616D 
 1885      3243746C 
 1885      3000
 1886              	.LASF73:
 1887 059e 64775374 		.ascii	"dwStatusChIdxPos\000"
 1887      61747573 
 1887      43684964 
 1887      78506F73 
 1887      00
 1888              	.LASF55:
 1889 05af 75646250 		.ascii	"udbPresent\000"
 1889      72657365 
 1889      6E7400
 1890              	.LASF114:
 1891 05ba 72785374 		.ascii	"rxStatus\000"
 1891      61747573 
 1891      00
 1892              	.LASF35:
 1893 05c3 666C6173 		.ascii	"flashcVersion\000"
 1893      68635665 
 1893      7273696F 
 1893      6E00
ARM GAS  C:\Users\cmila\AppData\Local\Temp\ccRXbbVh.s 			page 42


 1894              	.LASF31:
 1895 05d1 63727970 		.ascii	"cryptoBase\000"
 1895      746F4261 
 1895      736500
 1896              	.LASF52:
 1897 05dc 736D6966 		.ascii	"smifDeviceNr\000"
 1897      44657669 
 1897      63654E72 
 1897      00
 1898              	.LASF159:
 1899 05e9 474E5520 		.ascii	"GNU C11 5.4.1 20160609 (release) [ARM/embedded-5-br"
 1899      43313120 
 1899      352E342E 
 1899      31203230 
 1899      31363036 
 1900 061c 616E6368 		.ascii	"anch revision 237715] -mcpu=cortex-m4 -mfloat-abi=s"
 1900      20726576 
 1900      6973696F 
 1900      6E203233 
 1900      37373135 
 1901 064f 6F667466 		.ascii	"oftfp -mfpu=fpv4-sp-d16 -mthumb -g -Og -ffunction-s"
 1901      70202D6D 
 1901      6670753D 
 1901      66707634 
 1901      2D73702D 
 1902 0682 65637469 		.ascii	"ections -ffat-lto-objects\000"
 1902      6F6E7320 
 1902      2D666661 
 1902      742D6C74 
 1902      6F2D6F62 
 1903              	.LASF109:
 1904 069c 666C6F61 		.ascii	"float\000"
 1904      7400
 1905              	.LASF74:
 1906 06a2 64775374 		.ascii	"dwStatusChIdxMsk\000"
 1906      61747573 
 1906      43684964 
 1906      784D736B 
 1906      00
 1907              	.LASF154:
 1908 06b3 63795F64 		.ascii	"cy_device\000"
 1908      65766963 
 1908      6500
 1909              	.LASF102:
 1910 06bd 63707573 		.ascii	"cpussRomCtl\000"
 1910      73526F6D 
 1910      43746C00 
 1911              	.LASF72:
 1912 06c9 64774368 		.ascii	"dwChCtlPreemptablePos\000"
 1912      43746C50 
 1912      7265656D 
 1912      70746162 
 1912      6C65506F 
 1913              	.LASF124:
 1914 06df 74784C65 		.ascii	"txLeftToTransmit\000"
 1914      6674546F 
 1914      5472616E 
ARM GAS  C:\Users\cmila\AppData\Local\Temp\ccRXbbVh.s 			page 43


 1914      736D6974 
 1914      00
 1915              	.LASF25:
 1916 06f0 75646242 		.ascii	"udbBase\000"
 1916      61736500 
 1917              	.LASF111:
 1918 06f8 5F426F6F 		.ascii	"_Bool\000"
 1918      6C00
 1919              	.LASF20:
 1920 06fe 696E7433 		.ascii	"int32_t\000"
 1920      325F7400 
 1921              	.LASF1:
 1922 0706 756E7369 		.ascii	"unsigned char\000"
 1922      676E6564 
 1922      20636861 
 1922      7200
 1923              	.LASF68:
 1924 0714 666C6173 		.ascii	"flashCtlMainWs4Freq\000"
 1924      6843746C 
 1924      4D61696E 
 1924      57733446 
 1924      72657100 
 1925              	.LASF4:
 1926 0728 73686F72 		.ascii	"short int\000"
 1926      7420696E 
 1926      7400
 1927              	.LASF79:
 1928 0732 70657269 		.ascii	"periDivCmdDivSelMsk\000"
 1928      44697643 
 1928      6D644469 
 1928      7653656C 
 1928      4D736B00 
 1929              	.LASF66:
 1930 0746 666C6173 		.ascii	"flashCtlMainWs2Freq\000"
 1930      6843746C 
 1930      4D61696E 
 1930      57733246 
 1930      72657100 
 1931              	.LASF23:
 1932 075a 666C6173 		.ascii	"flashcBase\000"
 1932      68634261 
 1932      736500
 1933              	.LASF134:
 1934 0765 636F6D70 		.ascii	"compareOrCapture\000"
 1934      6172654F 
 1934      72436170 
 1934      74757265 
 1934      00
 1935              	.LASF50:
 1936 0776 73727373 		.ascii	"srssNumHfroot\000"
 1936      4E756D48 
 1936      66726F6F 
 1936      7400
 1937              	.LASF63:
 1938 0784 666C6173 		.ascii	"flashEraseDelay\000"
 1938      68457261 
 1938      73654465 
ARM GAS  C:\Users\cmila\AppData\Local\Temp\ccRXbbVh.s 			page 44


 1938      6C617900 
 1939              	.LASF21:
 1940 0794 75696E74 		.ascii	"uint32_t\000"
 1940      33325F74 
 1940      00
 1941              	.LASF101:
 1942 079d 63707573 		.ascii	"cpussCm4NmiCtlOffset\000"
 1942      73436D34 
 1942      4E6D6943 
 1942      746C4F66 
 1942      66736574 
 1943              	.LASF135:
 1944 07b2 636F6D70 		.ascii	"compare0\000"
 1944      61726530 
 1944      00
 1945              	.LASF14:
 1946 07bb 6C6F6E67 		.ascii	"long double\000"
 1946      20646F75 
 1946      626C6500 
 1947              	.LASF16:
 1948 07c7 63686172 		.ascii	"char\000"
 1948      00
 1949              	.LASF148:
 1950 07cc 636F756E 		.ascii	"countInput\000"
 1950      74496E70 
 1950      757400
 1951              	.LASF40:
 1952 07d7 70726F74 		.ascii	"protVersion\000"
 1952      56657273 
 1952      696F6E00 
 1953              	.LASF103:
 1954 07e3 63707573 		.ascii	"cpussRam0Ctl0\000"
 1954      7352616D 
 1954      3043746C 
 1954      3000
 1955              	.LASF5:
 1956 07f1 5F5F7569 		.ascii	"__uint16_t\000"
 1956      6E743136 
 1956      5F7400
 1957              	.LASF84:
 1958 07fc 70657269 		.ascii	"periDiv16CtlOffset\000"
 1958      44697631 
 1958      3643746C 
 1958      4F666673 
 1958      657400
 1959              	.LASF7:
 1960 080f 5F5F696E 		.ascii	"__int32_t\000"
 1960      7433325F 
 1960      7400
 1961              	.LASF37:
 1962 0819 6873696F 		.ascii	"hsiomVersion\000"
 1962      6D566572 
 1962      73696F6E 
 1962      00
 1963              	.LASF62:
 1964 0826 666C6173 		.ascii	"flashProgramDelay\000"
 1964      6850726F 
ARM GAS  C:\Users\cmila\AppData\Local\Temp\ccRXbbVh.s 			page 45


 1964      6772616D 
 1964      44656C61 
 1964      7900
 1965              	.LASF116:
 1966 0838 72785269 		.ascii	"rxRingBufSize\000"
 1966      6E674275 
 1966      6653697A 
 1966      6500
 1967              	.LASF142:
 1968 0846 72656C6F 		.ascii	"reloadInput\000"
 1968      6164496E 
 1968      70757400 
 1969              	.LASF6:
 1970 0852 73686F72 		.ascii	"short unsigned int\000"
 1970      7420756E 
 1970      7369676E 
 1970      65642069 
 1970      6E7400
 1971              	.LASF70:
 1972 0865 64774368 		.ascii	"dwChSize\000"
 1972      53697A65 
 1972      00
 1973              	.LASF146:
 1974 086e 73746F70 		.ascii	"stopInput\000"
 1974      496E7075 
 1974      7400
 1975              	.LASF106:
 1976 0878 69706353 		.ascii	"ipcStructSize\000"
 1976      74727563 
 1976      7453697A 
 1976      6500
 1977              	.LASF143:
 1978 0886 73746172 		.ascii	"startInputMode\000"
 1978      74496E70 
 1978      75744D6F 
 1978      646500
 1979              	.LASF45:
 1980 0895 63707573 		.ascii	"cpussIpc0Irq\000"
 1980      73497063 
 1980      30497271 
 1980      00
 1981              	.LASF136:
 1982 08a2 636F6D70 		.ascii	"compare1\000"
 1982      61726531 
 1982      00
 1983              	.LASF92:
 1984 08ab 63707573 		.ascii	"cpussCm0ClockCtlOffset\000"
 1984      73436D30 
 1984      436C6F63 
 1984      6B43746C 
 1984      4F666673 
 1985              	.LASF88:
 1986 08c2 6770696F 		.ascii	"gpioPrtCfgOffset\000"
 1986      50727443 
 1986      66674F66 
 1986      66736574 
 1986      00
ARM GAS  C:\Users\cmila\AppData\Local\Temp\ccRXbbVh.s 			page 46


 1987              	.LASF126:
 1988 08d3 696E6974 		.ascii	"initKey\000"
 1988      4B657900 
 1989              	.LASF119:
 1990 08db 72784275 		.ascii	"rxBuf\000"
 1990      6600
 1991              	.LASF0:
 1992 08e1 7369676E 		.ascii	"signed char\000"
 1992      65642063 
 1992      68617200 
 1993              	.LASF127:
 1994 08ed 63795F73 		.ascii	"cy_stc_scb_uart_context_t\000"
 1994      74635F73 
 1994      63625F75 
 1994      6172745F 
 1994      636F6E74 
 1995              	.LASF47:
 1996 0907 63707573 		.ascii	"cpussNotConnectedIrq\000"
 1996      734E6F74 
 1996      436F6E6E 
 1996      65637465 
 1996      64497271 
 1997              	.LASF61:
 1998 091c 666C6173 		.ascii	"flashWriteDelay\000"
 1998      68577269 
 1998      74654465 
 1998      6C617900 
 1999              	.LASF17:
 2000 092c 75696E74 		.ascii	"uint8_t\000"
 2000      385F7400 
 2001              	.LASF94:
 2002 0934 63707573 		.ascii	"cpussCm4StatusOffset\000"
 2002      73436D34 
 2002      53746174 
 2002      75734F66 
 2002      66736574 
 2003              	.LASF87:
 2004 0949 6770696F 		.ascii	"gpioPrtIntrCfgOffset\000"
 2004      50727449 
 2004      6E747243 
 2004      66674F66 
 2004      66736574 
 2005              	.LASF141:
 2006 095e 72656C6F 		.ascii	"reloadInputMode\000"
 2006      6164496E 
 2006      7075744D 
 2006      6F646500 
 2007              	.LASF118:
 2008 096e 72785269 		.ascii	"rxRingBufTail\000"
 2008      6E674275 
 2008      66546169 
 2008      6C00
 2009              	.LASF98:
 2010 097c 63707573 		.ascii	"cpussTrimRomCtlOffset\000"
 2010      73547269 
 2010      6D526F6D 
 2010      43746C4F 
ARM GAS  C:\Users\cmila\AppData\Local\Temp\ccRXbbVh.s 			page 47


 2010      66667365 
 2011              	.LASF147:
 2012 0992 636F756E 		.ascii	"countInputMode\000"
 2012      74496E70 
 2012      75744D6F 
 2012      646500
 2013              	.LASF160:
 2014 09a1 47656E65 		.ascii	"Generated_Source\\PSoC6\\pdl\\utilities\\retarget_i"
 2014      72617465 
 2014      645F536F 
 2014      75726365 
 2014      5C50536F 
 2015 09d0 6F5C7265 		.ascii	"o\\retarget.c\000"
 2015      74617267 
 2015      65742E63 
 2015      00
 2016              	.LASF34:
 2017 09dd 64775665 		.ascii	"dwVersion\000"
 2017      7273696F 
 2017      6E00
 2018              	.LASF30:
 2019 09e7 69706342 		.ascii	"ipcBase\000"
 2019      61736500 
 2020              	.LASF81:
 2021 09ef 70657269 		.ascii	"periDivCmdPaDivSelPos\000"
 2021      44697643 
 2021      6D645061 
 2021      44697653 
 2021      656C506F 
 2022              	.LASF128:
 2023 0a05 63795F73 		.ascii	"cy_stc_scb_uart_context\000"
 2023      74635F73 
 2023      63625F75 
 2023      6172745F 
 2023      636F6E74 
 2024              	.LASF59:
 2025 0a1d 666C6173 		.ascii	"flashRwwRequired\000"
 2025      68527777 
 2025      52657175 
 2025      69726564 
 2025      00
 2026              		.ident	"GCC: (GNU Tools for ARM Embedded Processors) 5.4.1 20160609 (release) [ARM/embedded-5-bran
