ARM GAS  C:\Users\cmila\AppData\Local\Temp\ccNxvM9S.s 			page 1


   1              		.syntax unified
   2              		.cpu cortex-m0plus
   3              		.fpu softvfp
   4              		.eabi_attribute 20, 1
   5              		.eabi_attribute 21, 1
   6              		.eabi_attribute 23, 3
   7              		.eabi_attribute 24, 1
   8              		.eabi_attribute 25, 1
   9              		.eabi_attribute 26, 1
  10              		.eabi_attribute 30, 1
  11              		.eabi_attribute 34, 0
  12              		.eabi_attribute 18, 4
  13              		.thumb
  14              		.syntax unified
  15              		.file	"main_cm0p.c"
  16              		.text
  17              	.Ltext0:
  18              		.cfi_sections	.debug_frame
  19              		.section	.text.main,"ax",%progbits
  20              		.align	2
  21              		.global	main
  22              		.code	16
  23              		.thumb_func
  24              		.type	main, %function
  25              	main:
  26              	.LFB392:
  27              		.file 1 "main_cm0p.c"
   1:main_cm0p.c   **** /* ========================================
   2:main_cm0p.c   ****  *
   3:main_cm0p.c   ****  * Copyright YOUR COMPANY, THE YEAR
   4:main_cm0p.c   ****  * All Rights Reserved
   5:main_cm0p.c   ****  * UNPUBLISHED, LICENSED SOFTWARE.
   6:main_cm0p.c   ****  *
   7:main_cm0p.c   ****  * CONFIDENTIAL AND PROPRIETARY INFORMATION
   8:main_cm0p.c   ****  * WHICH IS THE PROPERTY OF your company.
   9:main_cm0p.c   ****  *
  10:main_cm0p.c   ****  * ========================================
  11:main_cm0p.c   **** */
  12:main_cm0p.c   **** #include "project.h"
  13:main_cm0p.c   **** 
  14:main_cm0p.c   **** int main(void)
  15:main_cm0p.c   **** {
  28              		.loc 1 15 0
  29              		.cfi_startproc
  30              		@ Volatile: function does not return.
  31              		@ args = 0, pretend = 0, frame = 0
  32              		@ frame_needed = 0, uses_anonymous_args = 0
  33 0000 10B5     		push	{r4, lr}
  34              		.cfi_def_cfa_offset 8
  35              		.cfi_offset 4, -8
  36              		.cfi_offset 14, -4
  37              	.LBB4:
  38              	.LBB5:
  39              		.file 2 "Generated_Source\\PSoC6\\pdl\\cmsis/include/cmsis_gcc.h"
   1:Generated_Source\PSoC6\pdl\cmsis/include/cmsis_gcc.h **** /**************************************************************************//**
   2:Generated_Source\PSoC6\pdl\cmsis/include/cmsis_gcc.h ****  * @file     cmsis_gcc.h
   3:Generated_Source\PSoC6\pdl\cmsis/include/cmsis_gcc.h ****  * @brief    CMSIS compiler GCC header file
ARM GAS  C:\Users\cmila\AppData\Local\Temp\ccNxvM9S.s 			page 2


   4:Generated_Source\PSoC6\pdl\cmsis/include/cmsis_gcc.h ****  * @version  V5.0.3
   5:Generated_Source\PSoC6\pdl\cmsis/include/cmsis_gcc.h ****  * @date     16. January 2018
   6:Generated_Source\PSoC6\pdl\cmsis/include/cmsis_gcc.h ****  ******************************************************************************/
   7:Generated_Source\PSoC6\pdl\cmsis/include/cmsis_gcc.h **** /*
   8:Generated_Source\PSoC6\pdl\cmsis/include/cmsis_gcc.h ****  * Copyright (c) 2009-2017 ARM Limited. All rights reserved.
   9:Generated_Source\PSoC6\pdl\cmsis/include/cmsis_gcc.h ****  *
  10:Generated_Source\PSoC6\pdl\cmsis/include/cmsis_gcc.h ****  * SPDX-License-Identifier: Apache-2.0
  11:Generated_Source\PSoC6\pdl\cmsis/include/cmsis_gcc.h ****  *
  12:Generated_Source\PSoC6\pdl\cmsis/include/cmsis_gcc.h ****  * Licensed under the Apache License, Version 2.0 (the License); you may
  13:Generated_Source\PSoC6\pdl\cmsis/include/cmsis_gcc.h ****  * not use this file except in compliance with the License.
  14:Generated_Source\PSoC6\pdl\cmsis/include/cmsis_gcc.h ****  * You may obtain a copy of the License at
  15:Generated_Source\PSoC6\pdl\cmsis/include/cmsis_gcc.h ****  *
  16:Generated_Source\PSoC6\pdl\cmsis/include/cmsis_gcc.h ****  * www.apache.org/licenses/LICENSE-2.0
  17:Generated_Source\PSoC6\pdl\cmsis/include/cmsis_gcc.h ****  *
  18:Generated_Source\PSoC6\pdl\cmsis/include/cmsis_gcc.h ****  * Unless required by applicable law or agreed to in writing, software
  19:Generated_Source\PSoC6\pdl\cmsis/include/cmsis_gcc.h ****  * distributed under the License is distributed on an AS IS BASIS, WITHOUT
  20:Generated_Source\PSoC6\pdl\cmsis/include/cmsis_gcc.h ****  * WARRANTIES OR CONDITIONS OF ANY KIND, either express or implied.
  21:Generated_Source\PSoC6\pdl\cmsis/include/cmsis_gcc.h ****  * See the License for the specific language governing permissions and
  22:Generated_Source\PSoC6\pdl\cmsis/include/cmsis_gcc.h ****  * limitations under the License.
  23:Generated_Source\PSoC6\pdl\cmsis/include/cmsis_gcc.h ****  */
  24:Generated_Source\PSoC6\pdl\cmsis/include/cmsis_gcc.h **** 
  25:Generated_Source\PSoC6\pdl\cmsis/include/cmsis_gcc.h **** #ifndef __CMSIS_GCC_H
  26:Generated_Source\PSoC6\pdl\cmsis/include/cmsis_gcc.h **** #define __CMSIS_GCC_H
  27:Generated_Source\PSoC6\pdl\cmsis/include/cmsis_gcc.h **** 
  28:Generated_Source\PSoC6\pdl\cmsis/include/cmsis_gcc.h **** /* ignore some GCC warnings */
  29:Generated_Source\PSoC6\pdl\cmsis/include/cmsis_gcc.h **** #pragma GCC diagnostic push
  30:Generated_Source\PSoC6\pdl\cmsis/include/cmsis_gcc.h **** #pragma GCC diagnostic ignored "-Wsign-conversion"
  31:Generated_Source\PSoC6\pdl\cmsis/include/cmsis_gcc.h **** #pragma GCC diagnostic ignored "-Wconversion"
  32:Generated_Source\PSoC6\pdl\cmsis/include/cmsis_gcc.h **** #pragma GCC diagnostic ignored "-Wunused-parameter"
  33:Generated_Source\PSoC6\pdl\cmsis/include/cmsis_gcc.h **** 
  34:Generated_Source\PSoC6\pdl\cmsis/include/cmsis_gcc.h **** /* Fallback for __has_builtin */
  35:Generated_Source\PSoC6\pdl\cmsis/include/cmsis_gcc.h **** #ifndef __has_builtin
  36:Generated_Source\PSoC6\pdl\cmsis/include/cmsis_gcc.h ****   #define __has_builtin(x) (0)
  37:Generated_Source\PSoC6\pdl\cmsis/include/cmsis_gcc.h **** #endif
  38:Generated_Source\PSoC6\pdl\cmsis/include/cmsis_gcc.h **** 
  39:Generated_Source\PSoC6\pdl\cmsis/include/cmsis_gcc.h **** /* CMSIS compiler specific defines */
  40:Generated_Source\PSoC6\pdl\cmsis/include/cmsis_gcc.h **** #ifndef   __ASM
  41:Generated_Source\PSoC6\pdl\cmsis/include/cmsis_gcc.h ****   #define __ASM                                  __asm
  42:Generated_Source\PSoC6\pdl\cmsis/include/cmsis_gcc.h **** #endif
  43:Generated_Source\PSoC6\pdl\cmsis/include/cmsis_gcc.h **** #ifndef   __INLINE
  44:Generated_Source\PSoC6\pdl\cmsis/include/cmsis_gcc.h ****   #define __INLINE                               inline
  45:Generated_Source\PSoC6\pdl\cmsis/include/cmsis_gcc.h **** #endif
  46:Generated_Source\PSoC6\pdl\cmsis/include/cmsis_gcc.h **** #ifndef   __STATIC_INLINE
  47:Generated_Source\PSoC6\pdl\cmsis/include/cmsis_gcc.h ****   #define __STATIC_INLINE                        static inline
  48:Generated_Source\PSoC6\pdl\cmsis/include/cmsis_gcc.h **** #endif
  49:Generated_Source\PSoC6\pdl\cmsis/include/cmsis_gcc.h **** #ifndef   __STATIC_FORCEINLINE                 
  50:Generated_Source\PSoC6\pdl\cmsis/include/cmsis_gcc.h ****   #define __STATIC_FORCEINLINE                   __attribute__((always_inline)) static inline
  51:Generated_Source\PSoC6\pdl\cmsis/include/cmsis_gcc.h **** #endif                                           
  52:Generated_Source\PSoC6\pdl\cmsis/include/cmsis_gcc.h **** #ifndef   __NO_RETURN
  53:Generated_Source\PSoC6\pdl\cmsis/include/cmsis_gcc.h ****   #define __NO_RETURN                            __attribute__((__noreturn__))
  54:Generated_Source\PSoC6\pdl\cmsis/include/cmsis_gcc.h **** #endif
  55:Generated_Source\PSoC6\pdl\cmsis/include/cmsis_gcc.h **** #ifndef   __USED
  56:Generated_Source\PSoC6\pdl\cmsis/include/cmsis_gcc.h ****   #define __USED                                 __attribute__((used))
  57:Generated_Source\PSoC6\pdl\cmsis/include/cmsis_gcc.h **** #endif
  58:Generated_Source\PSoC6\pdl\cmsis/include/cmsis_gcc.h **** #ifndef   __WEAK
  59:Generated_Source\PSoC6\pdl\cmsis/include/cmsis_gcc.h ****   #define __WEAK                                 __attribute__((weak))
  60:Generated_Source\PSoC6\pdl\cmsis/include/cmsis_gcc.h **** #endif
ARM GAS  C:\Users\cmila\AppData\Local\Temp\ccNxvM9S.s 			page 3


  61:Generated_Source\PSoC6\pdl\cmsis/include/cmsis_gcc.h **** #ifndef   __PACKED
  62:Generated_Source\PSoC6\pdl\cmsis/include/cmsis_gcc.h ****   #define __PACKED                               __attribute__((packed, aligned(1)))
  63:Generated_Source\PSoC6\pdl\cmsis/include/cmsis_gcc.h **** #endif
  64:Generated_Source\PSoC6\pdl\cmsis/include/cmsis_gcc.h **** #ifndef   __PACKED_STRUCT
  65:Generated_Source\PSoC6\pdl\cmsis/include/cmsis_gcc.h ****   #define __PACKED_STRUCT                        struct __attribute__((packed, aligned(1)))
  66:Generated_Source\PSoC6\pdl\cmsis/include/cmsis_gcc.h **** #endif
  67:Generated_Source\PSoC6\pdl\cmsis/include/cmsis_gcc.h **** #ifndef   __PACKED_UNION
  68:Generated_Source\PSoC6\pdl\cmsis/include/cmsis_gcc.h ****   #define __PACKED_UNION                         union __attribute__((packed, aligned(1)))
  69:Generated_Source\PSoC6\pdl\cmsis/include/cmsis_gcc.h **** #endif
  70:Generated_Source\PSoC6\pdl\cmsis/include/cmsis_gcc.h **** #ifndef   __UNALIGNED_UINT32        /* deprecated */
  71:Generated_Source\PSoC6\pdl\cmsis/include/cmsis_gcc.h ****   #pragma GCC diagnostic push
  72:Generated_Source\PSoC6\pdl\cmsis/include/cmsis_gcc.h ****   #pragma GCC diagnostic ignored "-Wpacked"
  73:Generated_Source\PSoC6\pdl\cmsis/include/cmsis_gcc.h ****   #pragma GCC diagnostic ignored "-Wattributes"
  74:Generated_Source\PSoC6\pdl\cmsis/include/cmsis_gcc.h ****   struct __attribute__((packed)) T_UINT32 { uint32_t v; };
  75:Generated_Source\PSoC6\pdl\cmsis/include/cmsis_gcc.h ****   #pragma GCC diagnostic pop
  76:Generated_Source\PSoC6\pdl\cmsis/include/cmsis_gcc.h ****   #define __UNALIGNED_UINT32(x)                  (((struct T_UINT32 *)(x))->v)
  77:Generated_Source\PSoC6\pdl\cmsis/include/cmsis_gcc.h **** #endif
  78:Generated_Source\PSoC6\pdl\cmsis/include/cmsis_gcc.h **** #ifndef   __UNALIGNED_UINT16_WRITE
  79:Generated_Source\PSoC6\pdl\cmsis/include/cmsis_gcc.h ****   #pragma GCC diagnostic push
  80:Generated_Source\PSoC6\pdl\cmsis/include/cmsis_gcc.h ****   #pragma GCC diagnostic ignored "-Wpacked"
  81:Generated_Source\PSoC6\pdl\cmsis/include/cmsis_gcc.h ****   #pragma GCC diagnostic ignored "-Wattributes"
  82:Generated_Source\PSoC6\pdl\cmsis/include/cmsis_gcc.h ****   __PACKED_STRUCT T_UINT16_WRITE { uint16_t v; };
  83:Generated_Source\PSoC6\pdl\cmsis/include/cmsis_gcc.h ****   #pragma GCC diagnostic pop
  84:Generated_Source\PSoC6\pdl\cmsis/include/cmsis_gcc.h ****   #define __UNALIGNED_UINT16_WRITE(addr, val)    (void)((((struct T_UINT16_WRITE *)(void *)(addr))-
  85:Generated_Source\PSoC6\pdl\cmsis/include/cmsis_gcc.h **** #endif
  86:Generated_Source\PSoC6\pdl\cmsis/include/cmsis_gcc.h **** #ifndef   __UNALIGNED_UINT16_READ
  87:Generated_Source\PSoC6\pdl\cmsis/include/cmsis_gcc.h ****   #pragma GCC diagnostic push
  88:Generated_Source\PSoC6\pdl\cmsis/include/cmsis_gcc.h ****   #pragma GCC diagnostic ignored "-Wpacked"
  89:Generated_Source\PSoC6\pdl\cmsis/include/cmsis_gcc.h ****   #pragma GCC diagnostic ignored "-Wattributes"
  90:Generated_Source\PSoC6\pdl\cmsis/include/cmsis_gcc.h ****   __PACKED_STRUCT T_UINT16_READ { uint16_t v; };
  91:Generated_Source\PSoC6\pdl\cmsis/include/cmsis_gcc.h ****   #pragma GCC diagnostic pop
  92:Generated_Source\PSoC6\pdl\cmsis/include/cmsis_gcc.h ****   #define __UNALIGNED_UINT16_READ(addr)          (((const struct T_UINT16_READ *)(const void *)(add
  93:Generated_Source\PSoC6\pdl\cmsis/include/cmsis_gcc.h **** #endif
  94:Generated_Source\PSoC6\pdl\cmsis/include/cmsis_gcc.h **** #ifndef   __UNALIGNED_UINT32_WRITE
  95:Generated_Source\PSoC6\pdl\cmsis/include/cmsis_gcc.h ****   #pragma GCC diagnostic push
  96:Generated_Source\PSoC6\pdl\cmsis/include/cmsis_gcc.h ****   #pragma GCC diagnostic ignored "-Wpacked"
  97:Generated_Source\PSoC6\pdl\cmsis/include/cmsis_gcc.h ****   #pragma GCC diagnostic ignored "-Wattributes"
  98:Generated_Source\PSoC6\pdl\cmsis/include/cmsis_gcc.h ****   __PACKED_STRUCT T_UINT32_WRITE { uint32_t v; };
  99:Generated_Source\PSoC6\pdl\cmsis/include/cmsis_gcc.h ****   #pragma GCC diagnostic pop
 100:Generated_Source\PSoC6\pdl\cmsis/include/cmsis_gcc.h ****   #define __UNALIGNED_UINT32_WRITE(addr, val)    (void)((((struct T_UINT32_WRITE *)(void *)(addr))-
 101:Generated_Source\PSoC6\pdl\cmsis/include/cmsis_gcc.h **** #endif
 102:Generated_Source\PSoC6\pdl\cmsis/include/cmsis_gcc.h **** #ifndef   __UNALIGNED_UINT32_READ
 103:Generated_Source\PSoC6\pdl\cmsis/include/cmsis_gcc.h ****   #pragma GCC diagnostic push
 104:Generated_Source\PSoC6\pdl\cmsis/include/cmsis_gcc.h ****   #pragma GCC diagnostic ignored "-Wpacked"
 105:Generated_Source\PSoC6\pdl\cmsis/include/cmsis_gcc.h ****   #pragma GCC diagnostic ignored "-Wattributes"
 106:Generated_Source\PSoC6\pdl\cmsis/include/cmsis_gcc.h ****   __PACKED_STRUCT T_UINT32_READ { uint32_t v; };
 107:Generated_Source\PSoC6\pdl\cmsis/include/cmsis_gcc.h ****   #pragma GCC diagnostic pop
 108:Generated_Source\PSoC6\pdl\cmsis/include/cmsis_gcc.h ****   #define __UNALIGNED_UINT32_READ(addr)          (((const struct T_UINT32_READ *)(const void *)(add
 109:Generated_Source\PSoC6\pdl\cmsis/include/cmsis_gcc.h **** #endif
 110:Generated_Source\PSoC6\pdl\cmsis/include/cmsis_gcc.h **** #ifndef   __ALIGNED
 111:Generated_Source\PSoC6\pdl\cmsis/include/cmsis_gcc.h ****   #define __ALIGNED(x)                           __attribute__((aligned(x)))
 112:Generated_Source\PSoC6\pdl\cmsis/include/cmsis_gcc.h **** #endif
 113:Generated_Source\PSoC6\pdl\cmsis/include/cmsis_gcc.h **** #ifndef   __RESTRICT
 114:Generated_Source\PSoC6\pdl\cmsis/include/cmsis_gcc.h ****   #define __RESTRICT                             __restrict
 115:Generated_Source\PSoC6\pdl\cmsis/include/cmsis_gcc.h **** #endif
 116:Generated_Source\PSoC6\pdl\cmsis/include/cmsis_gcc.h **** 
 117:Generated_Source\PSoC6\pdl\cmsis/include/cmsis_gcc.h **** 
ARM GAS  C:\Users\cmila\AppData\Local\Temp\ccNxvM9S.s 			page 4


 118:Generated_Source\PSoC6\pdl\cmsis/include/cmsis_gcc.h **** /* ###########################  Core Function Access  ########################### */
 119:Generated_Source\PSoC6\pdl\cmsis/include/cmsis_gcc.h **** /** \ingroup  CMSIS_Core_FunctionInterface
 120:Generated_Source\PSoC6\pdl\cmsis/include/cmsis_gcc.h ****     \defgroup CMSIS_Core_RegAccFunctions CMSIS Core Register Access Functions
 121:Generated_Source\PSoC6\pdl\cmsis/include/cmsis_gcc.h ****   @{
 122:Generated_Source\PSoC6\pdl\cmsis/include/cmsis_gcc.h ****  */
 123:Generated_Source\PSoC6\pdl\cmsis/include/cmsis_gcc.h **** 
 124:Generated_Source\PSoC6\pdl\cmsis/include/cmsis_gcc.h **** /**
 125:Generated_Source\PSoC6\pdl\cmsis/include/cmsis_gcc.h ****   \brief   Enable IRQ Interrupts
 126:Generated_Source\PSoC6\pdl\cmsis/include/cmsis_gcc.h ****   \details Enables IRQ interrupts by clearing the I-bit in the CPSR.
 127:Generated_Source\PSoC6\pdl\cmsis/include/cmsis_gcc.h ****            Can only be executed in Privileged modes.
 128:Generated_Source\PSoC6\pdl\cmsis/include/cmsis_gcc.h ****  */
 129:Generated_Source\PSoC6\pdl\cmsis/include/cmsis_gcc.h **** __STATIC_FORCEINLINE void __enable_irq(void)
 130:Generated_Source\PSoC6\pdl\cmsis/include/cmsis_gcc.h **** {
 131:Generated_Source\PSoC6\pdl\cmsis/include/cmsis_gcc.h ****   __ASM volatile ("cpsie i" : : : "memory");
  40              		.loc 2 131 0
  41              		.syntax divided
  42              	@ 131 "Generated_Source\PSoC6\pdl\cmsis/include/cmsis_gcc.h" 1
  43 0002 62B6     		cpsie i
  44              	@ 0 "" 2
  45              		.thumb
  46              		.syntax unified
  47              	.LBE5:
  48              	.LBE4:
  16:main_cm0p.c   ****     __enable_irq(); /* Enable global interrupts. */
  17:main_cm0p.c   ****     
  18:main_cm0p.c   ****     Cy_BLE_Start(0);
  49              		.loc 1 18 0
  50 0004 0020     		movs	r0, #0
  51 0006 FFF7FEFF 		bl	Cy_BLE_Start
  52              	.LVL0:
  19:main_cm0p.c   ****     /* Enable CM4.  CY_CORTEX_M4_APPL_ADDR must be updated if CM4 memory layout is changed. */
  20:main_cm0p.c   ****     Cy_SysEnableCM4(CY_CORTEX_M4_APPL_ADDR); 
  53              		.loc 1 20 0
  54 000a 0348     		ldr	r0, .L3
  55 000c FFF7FEFF 		bl	Cy_SysEnableCM4
  56              	.LVL1:
  57              	.L2:
  21:main_cm0p.c   **** 
  22:main_cm0p.c   ****     /* Place your initialization/startup code here (e.g. MyInst_Start()) */
  23:main_cm0p.c   **** 
  24:main_cm0p.c   ****     for(;;)
  25:main_cm0p.c   ****     {
  26:main_cm0p.c   ****         /* Place your application code here. */
  27:main_cm0p.c   ****         Cy_BLE_ProcessEvents();
  58              		.loc 1 27 0 discriminator 1
  59 0010 FFF7FEFF 		bl	Cy_BLE_ProcessEvents
  60              	.LVL2:
  61 0014 FCE7     		b	.L2
  62              	.L4:
  63 0016 C046     		.align	2
  64              	.L3:
  65 0018 00000810 		.word	268959744
  66              		.cfi_endproc
  67              	.LFE392:
  68              		.size	main, .-main
  69              		.text
  70              	.Letext0:
ARM GAS  C:\Users\cmila\AppData\Local\Temp\ccNxvM9S.s 			page 5


  71              		.file 3 "c:\\program files (x86)\\cypress\\psoc creator\\4.4\\psoc creator\\import\\gnu\\arm\\5.4.
  72              		.file 4 "c:\\program files (x86)\\cypress\\psoc creator\\4.4\\psoc creator\\import\\gnu\\arm\\5.4.
  73              		.file 5 "Generated_Source\\PSoC6\\pdl\\drivers/peripheral/device/cy_device.h"
  74              		.file 6 "Generated_Source\\PSoC6\\pdl\\drivers/peripheral/scb/cy_scb_uart.h"
  75              		.file 7 "Generated_Source\\PSoC6/UART_1.h"
  76              		.file 8 "Generated_Source\\PSoC6/BLE.h"
  77              		.file 9 "./system_psoc6.h"
  78              		.file 10 "Generated_Source\\PSoC6\\pdl\\middleware/ble/cy_ble_stack.h"
  79              		.section	.debug_info,"",%progbits
  80              	.Ldebug_info0:
  81 0000 A2060000 		.4byte	0x6a2
  82 0004 0400     		.2byte	0x4
  83 0006 00000000 		.4byte	.Ldebug_abbrev0
  84 000a 04       		.byte	0x4
  85 000b 01       		.uleb128 0x1
  86 000c 37060000 		.4byte	.LASF131
  87 0010 0C       		.byte	0xc
  88 0011 8F000000 		.4byte	.LASF132
  89 0015 6B040000 		.4byte	.LASF133
  90 0019 00000000 		.4byte	.Ldebug_ranges0+0
  91 001d 00000000 		.4byte	0
  92 0021 00000000 		.4byte	.Ldebug_line0
  93 0025 02       		.uleb128 0x2
  94 0026 02       		.byte	0x2
  95 0027 05       		.byte	0x5
  96 0028 DD050000 		.4byte	.LASF0
  97 002c 02       		.uleb128 0x2
  98 002d 01       		.byte	0x1
  99 002e 08       		.byte	0x8
 100 002f BB050000 		.4byte	.LASF1
 101 0033 02       		.uleb128 0x2
 102 0034 01       		.byte	0x1
 103 0035 06       		.byte	0x6
 104 0036 81010000 		.4byte	.LASF2
 105 003a 03       		.uleb128 0x3
 106 003b A9000000 		.4byte	.LASF3
 107 003f 03       		.byte	0x3
 108 0040 1D       		.byte	0x1d
 109 0041 2C000000 		.4byte	0x2c
 110 0045 03       		.uleb128 0x3
 111 0046 A7020000 		.4byte	.LASF4
 112 004a 03       		.byte	0x3
 113 004b 29       		.byte	0x29
 114 004c 25000000 		.4byte	0x25
 115 0050 03       		.uleb128 0x3
 116 0051 F4060000 		.4byte	.LASF5
 117 0055 03       		.byte	0x3
 118 0056 2B       		.byte	0x2b
 119 0057 5B000000 		.4byte	0x5b
 120 005b 02       		.uleb128 0x2
 121 005c 02       		.byte	0x2
 122 005d 07       		.byte	0x7
 123 005e 3F070000 		.4byte	.LASF6
 124 0062 02       		.uleb128 0x2
 125 0063 04       		.byte	0x4
 126 0064 05       		.byte	0x5
 127 0065 E4010000 		.4byte	.LASF7
ARM GAS  C:\Users\cmila\AppData\Local\Temp\ccNxvM9S.s 			page 6


 128 0069 03       		.uleb128 0x3
 129 006a 8C020000 		.4byte	.LASF8
 130 006e 03       		.byte	0x3
 131 006f 41       		.byte	0x41
 132 0070 74000000 		.4byte	0x74
 133 0074 02       		.uleb128 0x2
 134 0075 04       		.byte	0x4
 135 0076 07       		.byte	0x7
 136 0077 35030000 		.4byte	.LASF9
 137 007b 02       		.uleb128 0x2
 138 007c 08       		.byte	0x8
 139 007d 05       		.byte	0x5
 140 007e 73010000 		.4byte	.LASF10
 141 0082 02       		.uleb128 0x2
 142 0083 08       		.byte	0x8
 143 0084 07       		.byte	0x7
 144 0085 F8000000 		.4byte	.LASF11
 145 0089 04       		.uleb128 0x4
 146 008a 04       		.byte	0x4
 147 008b 05       		.byte	0x5
 148 008c 696E7400 		.ascii	"int\000"
 149 0090 02       		.uleb128 0x2
 150 0091 04       		.byte	0x4
 151 0092 07       		.byte	0x7
 152 0093 F9020000 		.4byte	.LASF12
 153 0097 03       		.uleb128 0x3
 154 0098 E1070000 		.4byte	.LASF13
 155 009c 04       		.byte	0x4
 156 009d 18       		.byte	0x18
 157 009e 3A000000 		.4byte	0x3a
 158 00a2 03       		.uleb128 0x3
 159 00a3 6B010000 		.4byte	.LASF14
 160 00a7 04       		.byte	0x4
 161 00a8 20       		.byte	0x20
 162 00a9 45000000 		.4byte	0x45
 163 00ad 03       		.uleb128 0x3
 164 00ae DD030000 		.4byte	.LASF15
 165 00b2 04       		.byte	0x4
 166 00b3 24       		.byte	0x24
 167 00b4 50000000 		.4byte	0x50
 168 00b8 03       		.uleb128 0x3
 169 00b9 19060000 		.4byte	.LASF16
 170 00bd 04       		.byte	0x4
 171 00be 30       		.byte	0x30
 172 00bf 69000000 		.4byte	0x69
 173 00c3 02       		.uleb128 0x2
 174 00c4 04       		.byte	0x4
 175 00c5 07       		.byte	0x7
 176 00c6 06030000 		.4byte	.LASF17
 177 00ca 05       		.uleb128 0x5
 178 00cb B8000000 		.4byte	0xb8
 179 00cf 02       		.uleb128 0x2
 180 00d0 08       		.byte	0x8
 181 00d1 04       		.byte	0x4
 182 00d2 C9060000 		.4byte	.LASF18
 183 00d6 06       		.uleb128 0x6
 184 00d7 B8       		.byte	0xb8
ARM GAS  C:\Users\cmila\AppData\Local\Temp\ccNxvM9S.s 			page 7


 185 00d8 05       		.byte	0x5
 186 00d9 34       		.byte	0x34
 187 00da E7040000 		.4byte	0x4e7
 188 00de 07       		.uleb128 0x7
 189 00df DF000000 		.4byte	.LASF19
 190 00e3 05       		.byte	0x5
 191 00e4 37       		.byte	0x37
 192 00e5 B8000000 		.4byte	0xb8
 193 00e9 00       		.byte	0
 194 00ea 07       		.uleb128 0x7
 195 00eb 81020000 		.4byte	.LASF20
 196 00ef 05       		.byte	0x5
 197 00f0 38       		.byte	0x38
 198 00f1 B8000000 		.4byte	0xb8
 199 00f5 04       		.byte	0x4
 200 00f6 07       		.uleb128 0x7
 201 00f7 0A020000 		.4byte	.LASF21
 202 00fb 05       		.byte	0x5
 203 00fc 39       		.byte	0x39
 204 00fd B8000000 		.4byte	0xb8
 205 0101 08       		.byte	0x8
 206 0102 07       		.uleb128 0x7
 207 0103 AD050000 		.4byte	.LASF22
 208 0107 05       		.byte	0x5
 209 0108 3A       		.byte	0x3a
 210 0109 B8000000 		.4byte	0xb8
 211 010d 0C       		.byte	0xc
 212 010e 07       		.uleb128 0x7
 213 010f A2010000 		.4byte	.LASF23
 214 0113 05       		.byte	0x5
 215 0114 3B       		.byte	0x3b
 216 0115 B8000000 		.4byte	0xb8
 217 0119 10       		.byte	0x10
 218 011a 07       		.uleb128 0x7
 219 011b DA010000 		.4byte	.LASF24
 220 011f 05       		.byte	0x5
 221 0120 3C       		.byte	0x3c
 222 0121 B8000000 		.4byte	0xb8
 223 0125 14       		.byte	0x14
 224 0126 07       		.uleb128 0x7
 225 0127 71030000 		.4byte	.LASF25
 226 012b 05       		.byte	0x5
 227 012c 3D       		.byte	0x3d
 228 012d B8000000 		.4byte	0xb8
 229 0131 18       		.byte	0x18
 230 0132 07       		.uleb128 0x7
 231 0133 86000000 		.4byte	.LASF26
 232 0137 05       		.byte	0x5
 233 0138 3E       		.byte	0x3e
 234 0139 B8000000 		.4byte	0xb8
 235 013d 1C       		.byte	0x1c
 236 013e 07       		.uleb128 0x7
 237 013f 4A080000 		.4byte	.LASF27
 238 0143 05       		.byte	0x5
 239 0144 3F       		.byte	0x3f
 240 0145 B8000000 		.4byte	0xb8
 241 0149 20       		.byte	0x20
ARM GAS  C:\Users\cmila\AppData\Local\Temp\ccNxvM9S.s 			page 8


 242 014a 07       		.uleb128 0x7
 243 014b 34050000 		.4byte	.LASF28
 244 014f 05       		.byte	0x5
 245 0150 40       		.byte	0x40
 246 0151 B8000000 		.4byte	0xb8
 247 0155 24       		.byte	0x24
 248 0156 07       		.uleb128 0x7
 249 0157 3D040000 		.4byte	.LASF29
 250 015b 05       		.byte	0x5
 251 015c 43       		.byte	0x43
 252 015d 97000000 		.4byte	0x97
 253 0161 28       		.byte	0x28
 254 0162 07       		.uleb128 0x7
 255 0163 6C000000 		.4byte	.LASF30
 256 0167 05       		.byte	0x5
 257 0168 44       		.byte	0x44
 258 0169 97000000 		.4byte	0x97
 259 016d 29       		.byte	0x29
 260 016e 07       		.uleb128 0x7
 261 016f 40080000 		.4byte	.LASF31
 262 0173 05       		.byte	0x5
 263 0174 45       		.byte	0x45
 264 0175 97000000 		.4byte	0x97
 265 0179 2A       		.byte	0x2a
 266 017a 07       		.uleb128 0x7
 267 017b 26050000 		.4byte	.LASF32
 268 017f 05       		.byte	0x5
 269 0180 46       		.byte	0x46
 270 0181 97000000 		.4byte	0x97
 271 0185 2B       		.byte	0x2b
 272 0186 07       		.uleb128 0x7
 273 0187 D1030000 		.4byte	.LASF33
 274 018b 05       		.byte	0x5
 275 018c 47       		.byte	0x47
 276 018d 97000000 		.4byte	0x97
 277 0191 2C       		.byte	0x2c
 278 0192 07       		.uleb128 0x7
 279 0193 12070000 		.4byte	.LASF34
 280 0197 05       		.byte	0x5
 281 0198 48       		.byte	0x48
 282 0199 97000000 		.4byte	0x97
 283 019d 2D       		.byte	0x2d
 284 019e 07       		.uleb128 0x7
 285 019f AB010000 		.4byte	.LASF35
 286 01a3 05       		.byte	0x5
 287 01a4 49       		.byte	0x49
 288 01a5 97000000 		.4byte	0x97
 289 01a9 2E       		.byte	0x2e
 290 01aa 07       		.uleb128 0x7
 291 01ab 4A040000 		.4byte	.LASF36
 292 01af 05       		.byte	0x5
 293 01b0 4A       		.byte	0x4a
 294 01b1 97000000 		.4byte	0x97
 295 01b5 2F       		.byte	0x2f
 296 01b6 07       		.uleb128 0x7
 297 01b7 DA060000 		.4byte	.LASF37
 298 01bb 05       		.byte	0x5
ARM GAS  C:\Users\cmila\AppData\Local\Temp\ccNxvM9S.s 			page 9


 299 01bc 4B       		.byte	0x4b
 300 01bd 97000000 		.4byte	0x97
 301 01c1 30       		.byte	0x30
 302 01c2 07       		.uleb128 0x7
 303 01c3 66030000 		.4byte	.LASF38
 304 01c7 05       		.byte	0x5
 305 01c8 4E       		.byte	0x4e
 306 01c9 97000000 		.4byte	0x97
 307 01cd 31       		.byte	0x31
 308 01ce 07       		.uleb128 0x7
 309 01cf 9B000000 		.4byte	.LASF39
 310 01d3 05       		.byte	0x5
 311 01d4 4F       		.byte	0x4f
 312 01d5 97000000 		.4byte	0x97
 313 01d9 32       		.byte	0x32
 314 01da 07       		.uleb128 0x7
 315 01db ED020000 		.4byte	.LASF40
 316 01df 05       		.byte	0x5
 317 01e0 50       		.byte	0x50
 318 01e1 97000000 		.4byte	0x97
 319 01e5 33       		.byte	0x33
 320 01e6 07       		.uleb128 0x7
 321 01e7 CB040000 		.4byte	.LASF41
 322 01eb 05       		.byte	0x5
 323 01ec 51       		.byte	0x51
 324 01ed 97000000 		.4byte	0x97
 325 01f1 34       		.byte	0x34
 326 01f2 07       		.uleb128 0x7
 327 01f3 69070000 		.4byte	.LASF42
 328 01f7 05       		.byte	0x5
 329 01f8 52       		.byte	0x52
 330 01f9 A2000000 		.4byte	0xa2
 331 01fd 36       		.byte	0x36
 332 01fe 07       		.uleb128 0x7
 333 01ff 24020000 		.4byte	.LASF43
 334 0203 05       		.byte	0x5
 335 0204 53       		.byte	0x53
 336 0205 A2000000 		.4byte	0xa2
 337 0209 38       		.byte	0x38
 338 020a 07       		.uleb128 0x7
 339 020b BC070000 		.4byte	.LASF44
 340 020f 05       		.byte	0x5
 341 0210 54       		.byte	0x54
 342 0211 A2000000 		.4byte	0xa2
 343 0215 3A       		.byte	0x3a
 344 0216 07       		.uleb128 0x7
 345 0217 CB010000 		.4byte	.LASF45
 346 021b 05       		.byte	0x5
 347 021c 55       		.byte	0x55
 348 021d 97000000 		.4byte	0x97
 349 0221 3C       		.byte	0x3c
 350 0222 07       		.uleb128 0x7
 351 0223 4B020000 		.4byte	.LASF46
 352 0227 05       		.byte	0x5
 353 0228 56       		.byte	0x56
 354 0229 97000000 		.4byte	0x97
 355 022d 3D       		.byte	0x3d
ARM GAS  C:\Users\cmila\AppData\Local\Temp\ccNxvM9S.s 			page 10


 356 022e 07       		.uleb128 0x7
 357 022f FB050000 		.4byte	.LASF47
 358 0233 05       		.byte	0x5
 359 0234 57       		.byte	0x57
 360 0235 97000000 		.4byte	0x97
 361 0239 3E       		.byte	0x3e
 362 023a 07       		.uleb128 0x7
 363 023b 7A000000 		.4byte	.LASF48
 364 023f 05       		.byte	0x5
 365 0240 58       		.byte	0x58
 366 0241 97000000 		.4byte	0x97
 367 0245 3F       		.byte	0x3f
 368 0246 07       		.uleb128 0x7
 369 0247 3F050000 		.4byte	.LASF49
 370 024b 05       		.byte	0x5
 371 024c 59       		.byte	0x59
 372 024d 97000000 		.4byte	0x97
 373 0251 40       		.byte	0x40
 374 0252 07       		.uleb128 0x7
 375 0253 97020000 		.4byte	.LASF50
 376 0257 05       		.byte	0x5
 377 0258 5A       		.byte	0x5a
 378 0259 97000000 		.4byte	0x97
 379 025d 41       		.byte	0x41
 380 025e 07       		.uleb128 0x7
 381 025f F6030000 		.4byte	.LASF51
 382 0263 05       		.byte	0x5
 383 0264 5B       		.byte	0x5b
 384 0265 97000000 		.4byte	0x97
 385 0269 42       		.byte	0x42
 386 026a 07       		.uleb128 0x7
 387 026b 12050000 		.4byte	.LASF52
 388 026f 05       		.byte	0x5
 389 0270 5C       		.byte	0x5c
 390 0271 97000000 		.4byte	0x97
 391 0275 43       		.byte	0x43
 392 0276 07       		.uleb128 0x7
 393 0277 13020000 		.4byte	.LASF53
 394 027b 05       		.byte	0x5
 395 027c 5D       		.byte	0x5d
 396 027d 97000000 		.4byte	0x97
 397 0281 44       		.byte	0x44
 398 0282 07       		.uleb128 0x7
 399 0283 00000000 		.4byte	.LASF54
 400 0287 05       		.byte	0x5
 401 0288 5E       		.byte	0x5e
 402 0289 B8000000 		.4byte	0xb8
 403 028d 48       		.byte	0x48
 404 028e 07       		.uleb128 0x7
 405 028f FC010000 		.4byte	.LASF55
 406 0293 05       		.byte	0x5
 407 0294 5F       		.byte	0x5f
 408 0295 B8000000 		.4byte	0xb8
 409 0299 4C       		.byte	0x4c
 410 029a 07       		.uleb128 0x7
 411 029b 80080000 		.4byte	.LASF56
 412 029f 05       		.byte	0x5
ARM GAS  C:\Users\cmila\AppData\Local\Temp\ccNxvM9S.s 			page 11


 413 02a0 60       		.byte	0x60
 414 02a1 97000000 		.4byte	0x97
 415 02a5 50       		.byte	0x50
 416 02a6 07       		.uleb128 0x7
 417 02a7 45010000 		.4byte	.LASF57
 418 02ab 05       		.byte	0x5
 419 02ac 61       		.byte	0x61
 420 02ad 97000000 		.4byte	0x97
 421 02b1 51       		.byte	0x51
 422 02b2 07       		.uleb128 0x7
 423 02b3 D1070000 		.4byte	.LASF58
 424 02b7 05       		.byte	0x5
 425 02b8 62       		.byte	0x62
 426 02b9 97000000 		.4byte	0x97
 427 02bd 52       		.byte	0x52
 428 02be 07       		.uleb128 0x7
 429 02bf 1F070000 		.4byte	.LASF59
 430 02c3 05       		.byte	0x5
 431 02c4 63       		.byte	0x63
 432 02c5 97000000 		.4byte	0x97
 433 02c9 53       		.byte	0x53
 434 02ca 07       		.uleb128 0x7
 435 02cb 09060000 		.4byte	.LASF60
 436 02cf 05       		.byte	0x5
 437 02d0 64       		.byte	0x64
 438 02d1 97000000 		.4byte	0x97
 439 02d5 54       		.byte	0x54
 440 02d6 07       		.uleb128 0x7
 441 02d7 57010000 		.4byte	.LASF61
 442 02db 05       		.byte	0x5
 443 02dc 65       		.byte	0x65
 444 02dd 97000000 		.4byte	0x97
 445 02e1 55       		.byte	0x55
 446 02e2 07       		.uleb128 0x7
 447 02e3 21030000 		.4byte	.LASF62
 448 02e7 05       		.byte	0x5
 449 02e8 66       		.byte	0x66
 450 02e9 97000000 		.4byte	0x97
 451 02ed 56       		.byte	0x56
 452 02ee 07       		.uleb128 0x7
 453 02ef 7A030000 		.4byte	.LASF63
 454 02f3 05       		.byte	0x5
 455 02f4 67       		.byte	0x67
 456 02f5 97000000 		.4byte	0x97
 457 02f9 57       		.byte	0x57
 458 02fa 07       		.uleb128 0x7
 459 02fb 31000000 		.4byte	.LASF64
 460 02ff 05       		.byte	0x5
 461 0300 68       		.byte	0x68
 462 0301 97000000 		.4byte	0x97
 463 0305 58       		.byte	0x58
 464 0306 07       		.uleb128 0x7
 465 0307 C9050000 		.4byte	.LASF65
 466 030b 05       		.byte	0x5
 467 030c 69       		.byte	0x69
 468 030d 97000000 		.4byte	0x97
 469 0311 59       		.byte	0x59
ARM GAS  C:\Users\cmila\AppData\Local\Temp\ccNxvM9S.s 			page 12


 470 0312 07       		.uleb128 0x7
 471 0313 C0040000 		.4byte	.LASF66
 472 0317 05       		.byte	0x5
 473 0318 6E       		.byte	0x6e
 474 0319 AD000000 		.4byte	0xad
 475 031d 5A       		.byte	0x5a
 476 031e 07       		.uleb128 0x7
 477 031f 52070000 		.4byte	.LASF67
 478 0323 05       		.byte	0x5
 479 0324 6F       		.byte	0x6f
 480 0325 AD000000 		.4byte	0xad
 481 0329 5C       		.byte	0x5c
 482 032a 07       		.uleb128 0x7
 483 032b E9000000 		.4byte	.LASF68
 484 032f 05       		.byte	0x5
 485 0330 70       		.byte	0x70
 486 0331 97000000 		.4byte	0x97
 487 0335 5E       		.byte	0x5e
 488 0336 07       		.uleb128 0x7
 489 0337 86050000 		.4byte	.LASF69
 490 033b 05       		.byte	0x5
 491 033c 71       		.byte	0x71
 492 033d 97000000 		.4byte	0x97
 493 0341 5F       		.byte	0x5f
 494 0342 07       		.uleb128 0x7
 495 0343 01050000 		.4byte	.LASF70
 496 0347 05       		.byte	0x5
 497 0348 72       		.byte	0x72
 498 0349 97000000 		.4byte	0x97
 499 034d 60       		.byte	0x60
 500 034e 07       		.uleb128 0x7
 501 034f 5F050000 		.4byte	.LASF71
 502 0353 05       		.byte	0x5
 503 0354 73       		.byte	0x73
 504 0355 B8000000 		.4byte	0xb8
 505 0359 64       		.byte	0x64
 506 035a 07       		.uleb128 0x7
 507 035b 0F010000 		.4byte	.LASF72
 508 035f 05       		.byte	0x5
 509 0360 76       		.byte	0x76
 510 0361 AD000000 		.4byte	0xad
 511 0365 68       		.byte	0x68
 512 0366 07       		.uleb128 0x7
 513 0367 0F030000 		.4byte	.LASF73
 514 036b 05       		.byte	0x5
 515 036c 77       		.byte	0x77
 516 036d AD000000 		.4byte	0xad
 517 0371 6A       		.byte	0x6a
 518 0372 07       		.uleb128 0x7
 519 0373 8E030000 		.4byte	.LASF74
 520 0377 05       		.byte	0x5
 521 0378 78       		.byte	0x78
 522 0379 AD000000 		.4byte	0xad
 523 037d 6C       		.byte	0x6c
 524 037e 07       		.uleb128 0x7
 525 037f B4030000 		.4byte	.LASF75
 526 0383 05       		.byte	0x5
ARM GAS  C:\Users\cmila\AppData\Local\Temp\ccNxvM9S.s 			page 13


 527 0384 79       		.byte	0x79
 528 0385 AD000000 		.4byte	0xad
 529 0389 6E       		.byte	0x6e
 530 038a 07       		.uleb128 0x7
 531 038b E7050000 		.4byte	.LASF76
 532 038f 05       		.byte	0x5
 533 0390 7B       		.byte	0x7b
 534 0391 97000000 		.4byte	0x97
 535 0395 70       		.byte	0x70
 536 0396 07       		.uleb128 0x7
 537 0397 8D010000 		.4byte	.LASF77
 538 039b 05       		.byte	0x5
 539 039c 7C       		.byte	0x7c
 540 039d 97000000 		.4byte	0x97
 541 03a1 71       		.byte	0x71
 542 03a2 07       		.uleb128 0x7
 543 03a3 52080000 		.4byte	.LASF78
 544 03a7 05       		.byte	0x5
 545 03a8 7D       		.byte	0x7d
 546 03a9 97000000 		.4byte	0x97
 547 03ad 72       		.byte	0x72
 548 03ae 07       		.uleb128 0x7
 549 03af DC040000 		.4byte	.LASF79
 550 03b3 05       		.byte	0x5
 551 03b4 7E       		.byte	0x7e
 552 03b5 97000000 		.4byte	0x97
 553 03b9 73       		.byte	0x73
 554 03ba 07       		.uleb128 0x7
 555 03bb 5B020000 		.4byte	.LASF80
 556 03bf 05       		.byte	0x5
 557 03c0 80       		.byte	0x80
 558 03c1 AD000000 		.4byte	0xad
 559 03c5 74       		.byte	0x74
 560 03c6 07       		.uleb128 0x7
 561 03c7 FF060000 		.4byte	.LASF81
 562 03cb 05       		.byte	0x5
 563 03cc 81       		.byte	0x81
 564 03cd AD000000 		.4byte	0xad
 565 03d1 76       		.byte	0x76
 566 03d2 07       		.uleb128 0x7
 567 03d3 36020000 		.4byte	.LASF82
 568 03d7 05       		.byte	0x5
 569 03d8 82       		.byte	0x82
 570 03d9 AD000000 		.4byte	0xad
 571 03dd 78       		.byte	0x78
 572 03de 07       		.uleb128 0x7
 573 03df B3000000 		.4byte	.LASF83
 574 03e3 05       		.byte	0x5
 575 03e4 83       		.byte	0x83
 576 03e5 AD000000 		.4byte	0xad
 577 03e9 7A       		.byte	0x7a
 578 03ea 07       		.uleb128 0x7
 579 03eb FE070000 		.4byte	.LASF84
 580 03ef 05       		.byte	0x5
 581 03f0 86       		.byte	0x86
 582 03f1 97000000 		.4byte	0x97
 583 03f5 7C       		.byte	0x7c
ARM GAS  C:\Users\cmila\AppData\Local\Temp\ccNxvM9S.s 			page 14


 584 03f6 07       		.uleb128 0x7
 585 03f7 76070000 		.4byte	.LASF85
 586 03fb 05       		.byte	0x5
 587 03fc 87       		.byte	0x87
 588 03fd 97000000 		.4byte	0x97
 589 0401 7D       		.byte	0x7d
 590 0402 07       		.uleb128 0x7
 591 0403 45000000 		.4byte	.LASF86
 592 0407 05       		.byte	0x5
 593 0408 88       		.byte	0x88
 594 0409 97000000 		.4byte	0x97
 595 040d 7E       		.byte	0x7e
 596 040e 07       		.uleb128 0x7
 597 040f 6D020000 		.4byte	.LASF87
 598 0413 05       		.byte	0x5
 599 0414 89       		.byte	0x89
 600 0415 97000000 		.4byte	0x97
 601 0419 7F       		.byte	0x7f
 602 041a 07       		.uleb128 0x7
 603 041b D9020000 		.4byte	.LASF88
 604 041f 05       		.byte	0x5
 605 0420 8A       		.byte	0x8a
 606 0421 97000000 		.4byte	0x97
 607 0425 80       		.byte	0x80
 608 0426 07       		.uleb128 0x7
 609 0427 26040000 		.4byte	.LASF89
 610 042b 05       		.byte	0x5
 611 042c 8D       		.byte	0x8d
 612 042d B8000000 		.4byte	0xb8
 613 0431 84       		.byte	0x84
 614 0432 07       		.uleb128 0x7
 615 0433 C8000000 		.4byte	.LASF90
 616 0437 05       		.byte	0x5
 617 0438 8E       		.byte	0x8e
 618 0439 B8000000 		.4byte	0xb8
 619 043d 88       		.byte	0x88
 620 043e 07       		.uleb128 0x7
 621 043f E9070000 		.4byte	.LASF91
 622 0443 05       		.byte	0x5
 623 0444 8F       		.byte	0x8f
 624 0445 B8000000 		.4byte	0xb8
 625 0449 8C       		.byte	0x8c
 626 044a 07       		.uleb128 0x7
 627 044b 56040000 		.4byte	.LASF92
 628 044f 05       		.byte	0x5
 629 0450 90       		.byte	0x90
 630 0451 B8000000 		.4byte	0xb8
 631 0455 90       		.byte	0x90
 632 0456 07       		.uleb128 0x7
 633 0457 BA020000 		.4byte	.LASF93
 634 045b 05       		.byte	0x5
 635 045c 91       		.byte	0x91
 636 045d B8000000 		.4byte	0xb8
 637 0461 94       		.byte	0x94
 638 0462 07       		.uleb128 0x7
 639 0463 10040000 		.4byte	.LASF94
 640 0467 05       		.byte	0x5
ARM GAS  C:\Users\cmila\AppData\Local\Temp\ccNxvM9S.s 			page 15


 641 0468 92       		.byte	0x92
 642 0469 B8000000 		.4byte	0xb8
 643 046d 98       		.byte	0x98
 644 046e 07       		.uleb128 0x7
 645 046f 21080000 		.4byte	.LASF95
 646 0473 05       		.byte	0x5
 647 0474 93       		.byte	0x93
 648 0475 B8000000 		.4byte	0xb8
 649 0479 9C       		.byte	0x9c
 650 047a 07       		.uleb128 0x7
 651 047b 29010000 		.4byte	.LASF96
 652 047f 05       		.byte	0x5
 653 0480 94       		.byte	0x94
 654 0481 B8000000 		.4byte	0xb8
 655 0485 A0       		.byte	0xa0
 656 0486 07       		.uleb128 0x7
 657 0487 B6010000 		.4byte	.LASF97
 658 048b 05       		.byte	0x5
 659 048c 95       		.byte	0x95
 660 048d AD000000 		.4byte	0xad
 661 0491 A4       		.byte	0xa4
 662 0492 07       		.uleb128 0x7
 663 0493 22060000 		.4byte	.LASF98
 664 0497 05       		.byte	0x5
 665 0498 96       		.byte	0x96
 666 0499 AD000000 		.4byte	0xad
 667 049d A6       		.byte	0xa6
 668 049e 07       		.uleb128 0x7
 669 049f 7A050000 		.4byte	.LASF99
 670 04a3 05       		.byte	0x5
 671 04a4 97       		.byte	0x97
 672 04a5 AD000000 		.4byte	0xad
 673 04a9 A8       		.byte	0xa8
 674 04aa 07       		.uleb128 0x7
 675 04ab E6060000 		.4byte	.LASF100
 676 04af 05       		.byte	0x5
 677 04b0 98       		.byte	0x98
 678 04b1 AD000000 		.4byte	0xad
 679 04b5 AA       		.byte	0xaa
 680 04b6 07       		.uleb128 0x7
 681 04b7 9D030000 		.4byte	.LASF101
 682 04bb 05       		.byte	0x5
 683 04bc 99       		.byte	0x99
 684 04bd AD000000 		.4byte	0xad
 685 04c1 AC       		.byte	0xac
 686 04c2 07       		.uleb128 0x7
 687 04c3 F3040000 		.4byte	.LASF102
 688 04c7 05       		.byte	0x5
 689 04c8 9A       		.byte	0x9a
 690 04c9 AD000000 		.4byte	0xad
 691 04cd AE       		.byte	0xae
 692 04ce 07       		.uleb128 0x7
 693 04cf 5B070000 		.4byte	.LASF103
 694 04d3 05       		.byte	0x5
 695 04d4 9D       		.byte	0x9d
 696 04d5 AD000000 		.4byte	0xad
 697 04d9 B0       		.byte	0xb0
ARM GAS  C:\Users\cmila\AppData\Local\Temp\ccNxvM9S.s 			page 16


 698 04da 07       		.uleb128 0x7
 699 04db 58000000 		.4byte	.LASF104
 700 04df 05       		.byte	0x5
 701 04e0 9E       		.byte	0x9e
 702 04e1 B8000000 		.4byte	0xb8
 703 04e5 B4       		.byte	0xb4
 704 04e6 00       		.byte	0
 705 04e7 03       		.uleb128 0x3
 706 04e8 E6030000 		.4byte	.LASF105
 707 04ec 05       		.byte	0x5
 708 04ed 9F       		.byte	0x9f
 709 04ee D6000000 		.4byte	0xd6
 710 04f2 02       		.uleb128 0x2
 711 04f3 01       		.byte	0x1
 712 04f4 08       		.byte	0x8
 713 04f5 D5060000 		.4byte	.LASF106
 714 04f9 02       		.uleb128 0x2
 715 04fa 04       		.byte	0x4
 716 04fb 04       		.byte	0x4
 717 04fc 59050000 		.4byte	.LASF107
 718 0500 02       		.uleb128 0x2
 719 0501 08       		.byte	0x8
 720 0502 04       		.byte	0x4
 721 0503 2F020000 		.4byte	.LASF108
 722 0507 08       		.uleb128 0x8
 723 0508 04       		.byte	0x4
 724 0509 02       		.uleb128 0x2
 725 050a 01       		.byte	0x1
 726 050b 02       		.byte	0x2
 727 050c B5050000 		.4byte	.LASF109
 728 0510 09       		.uleb128 0x9
 729 0511 04       		.byte	0x4
 730 0512 16050000 		.4byte	0x516
 731 0516 0A       		.uleb128 0xa
 732 0517 21050000 		.4byte	0x521
 733 051b 0B       		.uleb128 0xb
 734 051c B8000000 		.4byte	0xb8
 735 0520 00       		.byte	0
 736 0521 0C       		.uleb128 0xc
 737 0522 47030000 		.4byte	.LASF110
 738 0526 06       		.byte	0x6
 739 0527 D901     		.2byte	0x1d9
 740 0529 10050000 		.4byte	0x510
 741 052d 0D       		.uleb128 0xd
 742 052e 68080000 		.4byte	.LASF134
 743 0532 38       		.byte	0x38
 744 0533 06       		.byte	0x6
 745 0534 7502     		.2byte	0x275
 746 0536 F1050000 		.4byte	0x5f1
 747 053a 0E       		.uleb128 0xe
 748 053b 37080000 		.4byte	.LASF111
 749 053f 06       		.byte	0x6
 750 0540 7802     		.2byte	0x278
 751 0542 CA000000 		.4byte	0xca
 752 0546 00       		.byte	0
 753 0547 0E       		.uleb128 0xe
 754 0548 1D050000 		.4byte	.LASF112
ARM GAS  C:\Users\cmila\AppData\Local\Temp\ccNxvM9S.s 			page 17


 755 054c 06       		.byte	0x6
 756 054d 7902     		.2byte	0x279
 757 054f CA000000 		.4byte	0xca
 758 0553 04       		.byte	0x4
 759 0554 0E       		.uleb128 0xe
 760 0555 1F010000 		.4byte	.LASF113
 761 0559 06       		.byte	0x6
 762 055a 7B02     		.2byte	0x27b
 763 055c 07050000 		.4byte	0x507
 764 0560 08       		.byte	0x8
 765 0561 0E       		.uleb128 0xe
 766 0562 31070000 		.4byte	.LASF114
 767 0566 06       		.byte	0x6
 768 0567 7C02     		.2byte	0x27c
 769 0569 B8000000 		.4byte	0xb8
 770 056d 0C       		.byte	0xc
 771 056e 0E       		.uleb128 0xe
 772 056f 02040000 		.4byte	.LASF115
 773 0573 06       		.byte	0x6
 774 0574 7D02     		.2byte	0x27d
 775 0576 CA000000 		.4byte	0xca
 776 057a 10       		.byte	0x10
 777 057b 0E       		.uleb128 0xe
 778 057c 13080000 		.4byte	.LASF116
 779 0580 06       		.byte	0x6
 780 0581 7E02     		.2byte	0x27e
 781 0583 CA000000 		.4byte	0xca
 782 0587 14       		.byte	0x14
 783 0588 0E       		.uleb128 0xe
 784 0589 8F070000 		.4byte	.LASF117
 785 058d 06       		.byte	0x6
 786 058e 8002     		.2byte	0x280
 787 0590 07050000 		.4byte	0x507
 788 0594 18       		.byte	0x18
 789 0595 0E       		.uleb128 0xe
 790 0596 27000000 		.4byte	.LASF118
 791 059a 06       		.byte	0x6
 792 059b 8102     		.2byte	0x281
 793 059d B8000000 		.4byte	0xb8
 794 05a1 1C       		.byte	0x1c
 795 05a2 0E       		.uleb128 0xe
 796 05a3 B1020000 		.4byte	.LASF119
 797 05a7 06       		.byte	0x6
 798 05a8 8202     		.2byte	0x282
 799 05aa CA000000 		.4byte	0xca
 800 05ae 20       		.byte	0x20
 801 05af 0E       		.uleb128 0xe
 802 05b0 3F010000 		.4byte	.LASF120
 803 05b4 06       		.byte	0x6
 804 05b5 8402     		.2byte	0x284
 805 05b7 07050000 		.4byte	0x507
 806 05bb 24       		.byte	0x24
 807 05bc 0E       		.uleb128 0xe
 808 05bd CF020000 		.4byte	.LASF121
 809 05c1 06       		.byte	0x6
 810 05c2 8502     		.2byte	0x285
 811 05c4 B8000000 		.4byte	0xb8
ARM GAS  C:\Users\cmila\AppData\Local\Temp\ccNxvM9S.s 			page 18


 812 05c8 28       		.byte	0x28
 813 05c9 0E       		.uleb128 0xe
 814 05ca 9C050000 		.4byte	.LASF122
 815 05ce 06       		.byte	0x6
 816 05cf 8602     		.2byte	0x286
 817 05d1 CA000000 		.4byte	0xca
 818 05d5 2C       		.byte	0x2c
 819 05d6 0E       		.uleb128 0xe
 820 05d7 AB030000 		.4byte	.LASF123
 821 05db 06       		.byte	0x6
 822 05dc 8B02     		.2byte	0x28b
 823 05de 21050000 		.4byte	0x521
 824 05e2 30       		.byte	0x30
 825 05e3 0E       		.uleb128 0xe
 826 05e4 87070000 		.4byte	.LASF124
 827 05e8 06       		.byte	0x6
 828 05e9 8E02     		.2byte	0x28e
 829 05eb B8000000 		.4byte	0xb8
 830 05ef 34       		.byte	0x34
 831 05f0 00       		.byte	0
 832 05f1 0C       		.uleb128 0xc
 833 05f2 95070000 		.4byte	.LASF125
 834 05f6 06       		.byte	0x6
 835 05f7 9102     		.2byte	0x291
 836 05f9 2D050000 		.4byte	0x52d
 837 05fd 0F       		.uleb128 0xf
 838 05fe 4C050000 		.4byte	.LASF135
 839 0602 02       		.byte	0x2
 840 0603 81       		.byte	0x81
 841 0604 03       		.byte	0x3
 842 0605 10       		.uleb128 0x10
 843 0606 56020000 		.4byte	.LASF136
 844 060a 01       		.byte	0x1
 845 060b 0E       		.byte	0xe
 846 060c 89000000 		.4byte	0x89
 847 0610 00000000 		.4byte	.LFB392
 848 0614 1C000000 		.4byte	.LFE392-.LFB392
 849 0618 01       		.uleb128 0x1
 850 0619 9C       		.byte	0x9c
 851 061a 61060000 		.4byte	0x661
 852 061e 11       		.uleb128 0x11
 853 061f FD050000 		.4byte	0x5fd
 854 0623 02000000 		.4byte	.LBB4
 855 0627 02000000 		.4byte	.LBE4-.LBB4
 856 062b 01       		.byte	0x1
 857 062c 10       		.byte	0x10
 858 062d 12       		.uleb128 0x12
 859 062e 0A000000 		.4byte	.LVL0
 860 0632 82060000 		.4byte	0x682
 861 0636 40060000 		.4byte	0x640
 862 063a 13       		.uleb128 0x13
 863 063b 01       		.uleb128 0x1
 864 063c 50       		.byte	0x50
 865 063d 01       		.uleb128 0x1
 866 063e 30       		.byte	0x30
 867 063f 00       		.byte	0
 868 0640 12       		.uleb128 0x12
ARM GAS  C:\Users\cmila\AppData\Local\Temp\ccNxvM9S.s 			page 19


 869 0641 10000000 		.4byte	.LVL1
 870 0645 8D060000 		.4byte	0x68d
 871 0649 57060000 		.4byte	0x657
 872 064d 13       		.uleb128 0x13
 873 064e 01       		.uleb128 0x1
 874 064f 50       		.byte	0x50
 875 0650 05       		.uleb128 0x5
 876 0651 0C       		.byte	0xc
 877 0652 00000810 		.4byte	0x10080000
 878 0656 00       		.byte	0
 879 0657 14       		.uleb128 0x14
 880 0658 14000000 		.4byte	.LVL2
 881 065c 99060000 		.4byte	0x699
 882 0660 00       		.byte	0
 883 0661 15       		.uleb128 0x15
 884 0662 70050000 		.4byte	.LASF126
 885 0666 05       		.byte	0x5
 886 0667 A7       		.byte	0xa7
 887 0668 6C060000 		.4byte	0x66c
 888 066c 09       		.uleb128 0x9
 889 066d 04       		.byte	0x4
 890 066e 72060000 		.4byte	0x672
 891 0672 16       		.uleb128 0x16
 892 0673 E7040000 		.4byte	0x4e7
 893 0677 15       		.uleb128 0x15
 894 0678 ED010000 		.4byte	.LASF127
 895 067c 07       		.byte	0x7
 896 067d 87       		.byte	0x87
 897 067e F1050000 		.4byte	0x5f1
 898 0682 17       		.uleb128 0x17
 899 0683 AF070000 		.4byte	.LASF128
 900 0687 AF070000 		.4byte	.LASF128
 901 068b 08       		.byte	0x8
 902 068c 24       		.byte	0x24
 903 068d 18       		.uleb128 0x18
 904 068e C1030000 		.4byte	.LASF129
 905 0692 C1030000 		.4byte	.LASF129
 906 0696 09       		.byte	0x9
 907 0697 2502     		.2byte	0x225
 908 0699 18       		.uleb128 0x18
 909 069a 12000000 		.4byte	.LASF130
 910 069e 12000000 		.4byte	.LASF130
 911 06a2 0A       		.byte	0xa
 912 06a3 CC08     		.2byte	0x8cc
 913 06a5 00       		.byte	0
 914              		.section	.debug_abbrev,"",%progbits
 915              	.Ldebug_abbrev0:
 916 0000 01       		.uleb128 0x1
 917 0001 11       		.uleb128 0x11
 918 0002 01       		.byte	0x1
 919 0003 25       		.uleb128 0x25
 920 0004 0E       		.uleb128 0xe
 921 0005 13       		.uleb128 0x13
 922 0006 0B       		.uleb128 0xb
 923 0007 03       		.uleb128 0x3
 924 0008 0E       		.uleb128 0xe
 925 0009 1B       		.uleb128 0x1b
ARM GAS  C:\Users\cmila\AppData\Local\Temp\ccNxvM9S.s 			page 20


 926 000a 0E       		.uleb128 0xe
 927 000b 55       		.uleb128 0x55
 928 000c 17       		.uleb128 0x17
 929 000d 11       		.uleb128 0x11
 930 000e 01       		.uleb128 0x1
 931 000f 10       		.uleb128 0x10
 932 0010 17       		.uleb128 0x17
 933 0011 00       		.byte	0
 934 0012 00       		.byte	0
 935 0013 02       		.uleb128 0x2
 936 0014 24       		.uleb128 0x24
 937 0015 00       		.byte	0
 938 0016 0B       		.uleb128 0xb
 939 0017 0B       		.uleb128 0xb
 940 0018 3E       		.uleb128 0x3e
 941 0019 0B       		.uleb128 0xb
 942 001a 03       		.uleb128 0x3
 943 001b 0E       		.uleb128 0xe
 944 001c 00       		.byte	0
 945 001d 00       		.byte	0
 946 001e 03       		.uleb128 0x3
 947 001f 16       		.uleb128 0x16
 948 0020 00       		.byte	0
 949 0021 03       		.uleb128 0x3
 950 0022 0E       		.uleb128 0xe
 951 0023 3A       		.uleb128 0x3a
 952 0024 0B       		.uleb128 0xb
 953 0025 3B       		.uleb128 0x3b
 954 0026 0B       		.uleb128 0xb
 955 0027 49       		.uleb128 0x49
 956 0028 13       		.uleb128 0x13
 957 0029 00       		.byte	0
 958 002a 00       		.byte	0
 959 002b 04       		.uleb128 0x4
 960 002c 24       		.uleb128 0x24
 961 002d 00       		.byte	0
 962 002e 0B       		.uleb128 0xb
 963 002f 0B       		.uleb128 0xb
 964 0030 3E       		.uleb128 0x3e
 965 0031 0B       		.uleb128 0xb
 966 0032 03       		.uleb128 0x3
 967 0033 08       		.uleb128 0x8
 968 0034 00       		.byte	0
 969 0035 00       		.byte	0
 970 0036 05       		.uleb128 0x5
 971 0037 35       		.uleb128 0x35
 972 0038 00       		.byte	0
 973 0039 49       		.uleb128 0x49
 974 003a 13       		.uleb128 0x13
 975 003b 00       		.byte	0
 976 003c 00       		.byte	0
 977 003d 06       		.uleb128 0x6
 978 003e 13       		.uleb128 0x13
 979 003f 01       		.byte	0x1
 980 0040 0B       		.uleb128 0xb
 981 0041 0B       		.uleb128 0xb
 982 0042 3A       		.uleb128 0x3a
ARM GAS  C:\Users\cmila\AppData\Local\Temp\ccNxvM9S.s 			page 21


 983 0043 0B       		.uleb128 0xb
 984 0044 3B       		.uleb128 0x3b
 985 0045 0B       		.uleb128 0xb
 986 0046 01       		.uleb128 0x1
 987 0047 13       		.uleb128 0x13
 988 0048 00       		.byte	0
 989 0049 00       		.byte	0
 990 004a 07       		.uleb128 0x7
 991 004b 0D       		.uleb128 0xd
 992 004c 00       		.byte	0
 993 004d 03       		.uleb128 0x3
 994 004e 0E       		.uleb128 0xe
 995 004f 3A       		.uleb128 0x3a
 996 0050 0B       		.uleb128 0xb
 997 0051 3B       		.uleb128 0x3b
 998 0052 0B       		.uleb128 0xb
 999 0053 49       		.uleb128 0x49
 1000 0054 13       		.uleb128 0x13
 1001 0055 38       		.uleb128 0x38
 1002 0056 0B       		.uleb128 0xb
 1003 0057 00       		.byte	0
 1004 0058 00       		.byte	0
 1005 0059 08       		.uleb128 0x8
 1006 005a 0F       		.uleb128 0xf
 1007 005b 00       		.byte	0
 1008 005c 0B       		.uleb128 0xb
 1009 005d 0B       		.uleb128 0xb
 1010 005e 00       		.byte	0
 1011 005f 00       		.byte	0
 1012 0060 09       		.uleb128 0x9
 1013 0061 0F       		.uleb128 0xf
 1014 0062 00       		.byte	0
 1015 0063 0B       		.uleb128 0xb
 1016 0064 0B       		.uleb128 0xb
 1017 0065 49       		.uleb128 0x49
 1018 0066 13       		.uleb128 0x13
 1019 0067 00       		.byte	0
 1020 0068 00       		.byte	0
 1021 0069 0A       		.uleb128 0xa
 1022 006a 15       		.uleb128 0x15
 1023 006b 01       		.byte	0x1
 1024 006c 27       		.uleb128 0x27
 1025 006d 19       		.uleb128 0x19
 1026 006e 01       		.uleb128 0x1
 1027 006f 13       		.uleb128 0x13
 1028 0070 00       		.byte	0
 1029 0071 00       		.byte	0
 1030 0072 0B       		.uleb128 0xb
 1031 0073 05       		.uleb128 0x5
 1032 0074 00       		.byte	0
 1033 0075 49       		.uleb128 0x49
 1034 0076 13       		.uleb128 0x13
 1035 0077 00       		.byte	0
 1036 0078 00       		.byte	0
 1037 0079 0C       		.uleb128 0xc
 1038 007a 16       		.uleb128 0x16
 1039 007b 00       		.byte	0
ARM GAS  C:\Users\cmila\AppData\Local\Temp\ccNxvM9S.s 			page 22


 1040 007c 03       		.uleb128 0x3
 1041 007d 0E       		.uleb128 0xe
 1042 007e 3A       		.uleb128 0x3a
 1043 007f 0B       		.uleb128 0xb
 1044 0080 3B       		.uleb128 0x3b
 1045 0081 05       		.uleb128 0x5
 1046 0082 49       		.uleb128 0x49
 1047 0083 13       		.uleb128 0x13
 1048 0084 00       		.byte	0
 1049 0085 00       		.byte	0
 1050 0086 0D       		.uleb128 0xd
 1051 0087 13       		.uleb128 0x13
 1052 0088 01       		.byte	0x1
 1053 0089 03       		.uleb128 0x3
 1054 008a 0E       		.uleb128 0xe
 1055 008b 0B       		.uleb128 0xb
 1056 008c 0B       		.uleb128 0xb
 1057 008d 3A       		.uleb128 0x3a
 1058 008e 0B       		.uleb128 0xb
 1059 008f 3B       		.uleb128 0x3b
 1060 0090 05       		.uleb128 0x5
 1061 0091 01       		.uleb128 0x1
 1062 0092 13       		.uleb128 0x13
 1063 0093 00       		.byte	0
 1064 0094 00       		.byte	0
 1065 0095 0E       		.uleb128 0xe
 1066 0096 0D       		.uleb128 0xd
 1067 0097 00       		.byte	0
 1068 0098 03       		.uleb128 0x3
 1069 0099 0E       		.uleb128 0xe
 1070 009a 3A       		.uleb128 0x3a
 1071 009b 0B       		.uleb128 0xb
 1072 009c 3B       		.uleb128 0x3b
 1073 009d 05       		.uleb128 0x5
 1074 009e 49       		.uleb128 0x49
 1075 009f 13       		.uleb128 0x13
 1076 00a0 38       		.uleb128 0x38
 1077 00a1 0B       		.uleb128 0xb
 1078 00a2 00       		.byte	0
 1079 00a3 00       		.byte	0
 1080 00a4 0F       		.uleb128 0xf
 1081 00a5 2E       		.uleb128 0x2e
 1082 00a6 00       		.byte	0
 1083 00a7 03       		.uleb128 0x3
 1084 00a8 0E       		.uleb128 0xe
 1085 00a9 3A       		.uleb128 0x3a
 1086 00aa 0B       		.uleb128 0xb
 1087 00ab 3B       		.uleb128 0x3b
 1088 00ac 0B       		.uleb128 0xb
 1089 00ad 27       		.uleb128 0x27
 1090 00ae 19       		.uleb128 0x19
 1091 00af 20       		.uleb128 0x20
 1092 00b0 0B       		.uleb128 0xb
 1093 00b1 00       		.byte	0
 1094 00b2 00       		.byte	0
 1095 00b3 10       		.uleb128 0x10
 1096 00b4 2E       		.uleb128 0x2e
ARM GAS  C:\Users\cmila\AppData\Local\Temp\ccNxvM9S.s 			page 23


 1097 00b5 01       		.byte	0x1
 1098 00b6 3F       		.uleb128 0x3f
 1099 00b7 19       		.uleb128 0x19
 1100 00b8 03       		.uleb128 0x3
 1101 00b9 0E       		.uleb128 0xe
 1102 00ba 3A       		.uleb128 0x3a
 1103 00bb 0B       		.uleb128 0xb
 1104 00bc 3B       		.uleb128 0x3b
 1105 00bd 0B       		.uleb128 0xb
 1106 00be 27       		.uleb128 0x27
 1107 00bf 19       		.uleb128 0x19
 1108 00c0 49       		.uleb128 0x49
 1109 00c1 13       		.uleb128 0x13
 1110 00c2 8701     		.uleb128 0x87
 1111 00c4 19       		.uleb128 0x19
 1112 00c5 11       		.uleb128 0x11
 1113 00c6 01       		.uleb128 0x1
 1114 00c7 12       		.uleb128 0x12
 1115 00c8 06       		.uleb128 0x6
 1116 00c9 40       		.uleb128 0x40
 1117 00ca 18       		.uleb128 0x18
 1118 00cb 9742     		.uleb128 0x2117
 1119 00cd 19       		.uleb128 0x19
 1120 00ce 01       		.uleb128 0x1
 1121 00cf 13       		.uleb128 0x13
 1122 00d0 00       		.byte	0
 1123 00d1 00       		.byte	0
 1124 00d2 11       		.uleb128 0x11
 1125 00d3 1D       		.uleb128 0x1d
 1126 00d4 00       		.byte	0
 1127 00d5 31       		.uleb128 0x31
 1128 00d6 13       		.uleb128 0x13
 1129 00d7 11       		.uleb128 0x11
 1130 00d8 01       		.uleb128 0x1
 1131 00d9 12       		.uleb128 0x12
 1132 00da 06       		.uleb128 0x6
 1133 00db 58       		.uleb128 0x58
 1134 00dc 0B       		.uleb128 0xb
 1135 00dd 59       		.uleb128 0x59
 1136 00de 0B       		.uleb128 0xb
 1137 00df 00       		.byte	0
 1138 00e0 00       		.byte	0
 1139 00e1 12       		.uleb128 0x12
 1140 00e2 898201   		.uleb128 0x4109
 1141 00e5 01       		.byte	0x1
 1142 00e6 11       		.uleb128 0x11
 1143 00e7 01       		.uleb128 0x1
 1144 00e8 31       		.uleb128 0x31
 1145 00e9 13       		.uleb128 0x13
 1146 00ea 01       		.uleb128 0x1
 1147 00eb 13       		.uleb128 0x13
 1148 00ec 00       		.byte	0
 1149 00ed 00       		.byte	0
 1150 00ee 13       		.uleb128 0x13
 1151 00ef 8A8201   		.uleb128 0x410a
 1152 00f2 00       		.byte	0
 1153 00f3 02       		.uleb128 0x2
ARM GAS  C:\Users\cmila\AppData\Local\Temp\ccNxvM9S.s 			page 24


 1154 00f4 18       		.uleb128 0x18
 1155 00f5 9142     		.uleb128 0x2111
 1156 00f7 18       		.uleb128 0x18
 1157 00f8 00       		.byte	0
 1158 00f9 00       		.byte	0
 1159 00fa 14       		.uleb128 0x14
 1160 00fb 898201   		.uleb128 0x4109
 1161 00fe 00       		.byte	0
 1162 00ff 11       		.uleb128 0x11
 1163 0100 01       		.uleb128 0x1
 1164 0101 31       		.uleb128 0x31
 1165 0102 13       		.uleb128 0x13
 1166 0103 00       		.byte	0
 1167 0104 00       		.byte	0
 1168 0105 15       		.uleb128 0x15
 1169 0106 34       		.uleb128 0x34
 1170 0107 00       		.byte	0
 1171 0108 03       		.uleb128 0x3
 1172 0109 0E       		.uleb128 0xe
 1173 010a 3A       		.uleb128 0x3a
 1174 010b 0B       		.uleb128 0xb
 1175 010c 3B       		.uleb128 0x3b
 1176 010d 0B       		.uleb128 0xb
 1177 010e 49       		.uleb128 0x49
 1178 010f 13       		.uleb128 0x13
 1179 0110 3F       		.uleb128 0x3f
 1180 0111 19       		.uleb128 0x19
 1181 0112 3C       		.uleb128 0x3c
 1182 0113 19       		.uleb128 0x19
 1183 0114 00       		.byte	0
 1184 0115 00       		.byte	0
 1185 0116 16       		.uleb128 0x16
 1186 0117 26       		.uleb128 0x26
 1187 0118 00       		.byte	0
 1188 0119 49       		.uleb128 0x49
 1189 011a 13       		.uleb128 0x13
 1190 011b 00       		.byte	0
 1191 011c 00       		.byte	0
 1192 011d 17       		.uleb128 0x17
 1193 011e 2E       		.uleb128 0x2e
 1194 011f 00       		.byte	0
 1195 0120 3F       		.uleb128 0x3f
 1196 0121 19       		.uleb128 0x19
 1197 0122 3C       		.uleb128 0x3c
 1198 0123 19       		.uleb128 0x19
 1199 0124 6E       		.uleb128 0x6e
 1200 0125 0E       		.uleb128 0xe
 1201 0126 03       		.uleb128 0x3
 1202 0127 0E       		.uleb128 0xe
 1203 0128 3A       		.uleb128 0x3a
 1204 0129 0B       		.uleb128 0xb
 1205 012a 3B       		.uleb128 0x3b
 1206 012b 0B       		.uleb128 0xb
 1207 012c 00       		.byte	0
 1208 012d 00       		.byte	0
 1209 012e 18       		.uleb128 0x18
 1210 012f 2E       		.uleb128 0x2e
ARM GAS  C:\Users\cmila\AppData\Local\Temp\ccNxvM9S.s 			page 25


 1211 0130 00       		.byte	0
 1212 0131 3F       		.uleb128 0x3f
 1213 0132 19       		.uleb128 0x19
 1214 0133 3C       		.uleb128 0x3c
 1215 0134 19       		.uleb128 0x19
 1216 0135 6E       		.uleb128 0x6e
 1217 0136 0E       		.uleb128 0xe
 1218 0137 03       		.uleb128 0x3
 1219 0138 0E       		.uleb128 0xe
 1220 0139 3A       		.uleb128 0x3a
 1221 013a 0B       		.uleb128 0xb
 1222 013b 3B       		.uleb128 0x3b
 1223 013c 05       		.uleb128 0x5
 1224 013d 00       		.byte	0
 1225 013e 00       		.byte	0
 1226 013f 00       		.byte	0
 1227              		.section	.debug_aranges,"",%progbits
 1228 0000 1C000000 		.4byte	0x1c
 1229 0004 0200     		.2byte	0x2
 1230 0006 00000000 		.4byte	.Ldebug_info0
 1231 000a 04       		.byte	0x4
 1232 000b 00       		.byte	0
 1233 000c 0000     		.2byte	0
 1234 000e 0000     		.2byte	0
 1235 0010 00000000 		.4byte	.LFB392
 1236 0014 1C000000 		.4byte	.LFE392-.LFB392
 1237 0018 00000000 		.4byte	0
 1238 001c 00000000 		.4byte	0
 1239              		.section	.debug_ranges,"",%progbits
 1240              	.Ldebug_ranges0:
 1241 0000 00000000 		.4byte	.LFB392
 1242 0004 1C000000 		.4byte	.LFE392
 1243 0008 00000000 		.4byte	0
 1244 000c 00000000 		.4byte	0
 1245              		.section	.debug_line,"",%progbits
 1246              	.Ldebug_line0:
 1247 0000 81020000 		.section	.debug_str,"MS",%progbits,1
 1247      02005A02 
 1247      00000201 
 1247      FB0E0D00 
 1247      01010101 
 1248              	.LASF54:
 1249 0000 70726F74 		.ascii	"protBusMasterMask\000"
 1249      4275734D 
 1249      61737465 
 1249      724D6173 
 1249      6B00
 1250              	.LASF130:
 1251 0012 43795F42 		.ascii	"Cy_BLE_ProcessEvents\000"
 1251      4C455F50 
 1251      726F6365 
 1251      73734576 
 1251      656E7473 
 1252              	.LASF118:
 1253 0027 72784275 		.ascii	"rxBufSize\000"
 1253      6653697A 
 1253      6500
ARM GAS  C:\Users\cmila\AppData\Local\Temp\ccNxvM9S.s 			page 26


 1254              	.LASF64:
 1255 0031 666C6173 		.ascii	"flashCtlMainWs3Freq\000"
 1255      6843746C 
 1255      4D61696E 
 1255      57733346 
 1255      72657100 
 1256              	.LASF86:
 1257 0045 6770696F 		.ascii	"gpioPrtCfgInOffset\000"
 1257      50727443 
 1257      6667496E 
 1257      4F666673 
 1257      657400
 1258              	.LASF104:
 1259 0058 6970634C 		.ascii	"ipcLockStatusOffset\000"
 1259      6F636B53 
 1259      74617475 
 1259      734F6666 
 1259      73657400 
 1260              	.LASF30:
 1261 006c 63727970 		.ascii	"cryptoVersion\000"
 1261      746F5665 
 1261      7273696F 
 1261      6E00
 1262              	.LASF48:
 1263 007a 70657269 		.ascii	"periClockNr\000"
 1263      436C6F63 
 1263      6B4E7200 
 1264              	.LASF26:
 1265 0086 70617373 		.ascii	"passBase\000"
 1265      42617365 
 1265      00
 1266              	.LASF132:
 1267 008f 6D61696E 		.ascii	"main_cm0p.c\000"
 1267      5F636D30 
 1267      702E6300 
 1268              	.LASF39:
 1269 009b 63707573 		.ascii	"cpussIpcIrqNr\000"
 1269      73497063 
 1269      4972714E 
 1269      7200
 1270              	.LASF3:
 1271 00a9 5F5F7569 		.ascii	"__uint8_t\000"
 1271      6E74385F 
 1271      7400
 1272              	.LASF83:
 1273 00b3 70657269 		.ascii	"periDiv24_5CtlOffset\000"
 1273      44697632 
 1273      345F3543 
 1273      746C4F66 
 1273      66736574 
 1274              	.LASF90:
 1275 00c8 63707573 		.ascii	"cpussCm4ClockCtlOffset\000"
 1275      73436D34 
 1275      436C6F63 
 1275      6B43746C 
 1275      4F666673 
 1276              	.LASF19:
ARM GAS  C:\Users\cmila\AppData\Local\Temp\ccNxvM9S.s 			page 27


 1277 00df 63707573 		.ascii	"cpussBase\000"
 1277      73426173 
 1277      6500
 1278              	.LASF68:
 1279 00e9 64774368 		.ascii	"dwChCtlPrioPos\000"
 1279      43746C50 
 1279      72696F50 
 1279      6F7300
 1280              	.LASF11:
 1281 00f8 6C6F6E67 		.ascii	"long long unsigned int\000"
 1281      206C6F6E 
 1281      6720756E 
 1281      7369676E 
 1281      65642069 
 1282              	.LASF72:
 1283 010f 70657269 		.ascii	"periTrCmdOffset\000"
 1283      5472436D 
 1283      644F6666 
 1283      73657400 
 1284              	.LASF113:
 1285 011f 72785269 		.ascii	"rxRingBuf\000"
 1285      6E674275 
 1285      6600
 1286              	.LASF96:
 1287 0129 63707573 		.ascii	"cpussSysTickCtlOffset\000"
 1287      73537973 
 1287      5469636B 
 1287      43746C4F 
 1287      66667365 
 1288              	.LASF120:
 1289 013f 74784275 		.ascii	"txBuf\000"
 1289      6600
 1290              	.LASF57:
 1291 0145 666C6173 		.ascii	"flashPipeRequired\000"
 1291      68506970 
 1291      65526571 
 1291      75697265 
 1291      6400
 1292              	.LASF61:
 1293 0157 666C6173 		.ascii	"flashCtlMainWs0Freq\000"
 1293      6843746C 
 1293      4D61696E 
 1293      57733046 
 1293      72657100 
 1294              	.LASF14:
 1295 016b 696E7431 		.ascii	"int16_t\000"
 1295      365F7400 
 1296              	.LASF10:
 1297 0173 6C6F6E67 		.ascii	"long long int\000"
 1297      206C6F6E 
 1297      6720696E 
 1297      7400
 1298              	.LASF2:
 1299 0181 7369676E 		.ascii	"signed char\000"
 1299      65642063 
 1299      68617200 
 1300              	.LASF77:
ARM GAS  C:\Users\cmila\AppData\Local\Temp\ccNxvM9S.s 			page 28


 1301 018d 70657269 		.ascii	"periDivCmdTypeSelPos\000"
 1301      44697643 
 1301      6D645479 
 1301      70655365 
 1301      6C506F73 
 1302              	.LASF23:
 1303 01a2 70726F74 		.ascii	"protBase\000"
 1303      42617365 
 1303      00
 1304              	.LASF35:
 1305 01ab 69706356 		.ascii	"ipcVersion\000"
 1305      65727369 
 1305      6F6E00
 1306              	.LASF97:
 1307 01b6 63707573 		.ascii	"cpussCm0NmiCtlOffset\000"
 1307      73436D30 
 1307      4E6D6943 
 1307      746C4F66 
 1307      66736574 
 1308              	.LASF45:
 1309 01cb 73727373 		.ascii	"srssNumClkpath\000"
 1309      4E756D43 
 1309      6C6B7061 
 1309      746800
 1310              	.LASF24:
 1311 01da 6873696F 		.ascii	"hsiomBase\000"
 1311      6D426173 
 1311      6500
 1312              	.LASF7:
 1313 01e4 6C6F6E67 		.ascii	"long int\000"
 1313      20696E74 
 1313      00
 1314              	.LASF127:
 1315 01ed 55415254 		.ascii	"UART_1_context\000"
 1315      5F315F63 
 1315      6F6E7465 
 1315      787400
 1316              	.LASF55:
 1317 01fc 63727970 		.ascii	"cryptoMemSize\000"
 1317      746F4D65 
 1317      6D53697A 
 1317      6500
 1318              	.LASF21:
 1319 020a 70657269 		.ascii	"periBase\000"
 1319      42617365 
 1319      00
 1320              	.LASF53:
 1321 0213 73797350 		.ascii	"sysPmSimoPresent\000"
 1321      6D53696D 
 1321      6F507265 
 1321      73656E74 
 1321      00
 1322              	.LASF43:
 1323 0224 63707573 		.ascii	"cpussFmIrq\000"
 1323      73466D49 
 1323      727100
 1324              	.LASF108:
ARM GAS  C:\Users\cmila\AppData\Local\Temp\ccNxvM9S.s 			page 29


 1325 022f 646F7562 		.ascii	"double\000"
 1325      6C6500
 1326              	.LASF82:
 1327 0236 70657269 		.ascii	"periDiv16_5CtlOffset\000"
 1327      44697631 
 1327      365F3543 
 1327      746C4F66 
 1327      66736574 
 1328              	.LASF46:
 1329 024b 73727373 		.ascii	"srssNumPll\000"
 1329      4E756D50 
 1329      6C6C00
 1330              	.LASF136:
 1331 0256 6D61696E 		.ascii	"main\000"
 1331      00
 1332              	.LASF80:
 1333 025b 70657269 		.ascii	"periDiv8CtlOffset\000"
 1333      44697638 
 1333      43746C4F 
 1333      66667365 
 1333      7400
 1334              	.LASF87:
 1335 026d 6770696F 		.ascii	"gpioPrtCfgOutOffset\000"
 1335      50727443 
 1335      66674F75 
 1335      744F6666 
 1335      73657400 
 1336              	.LASF20:
 1337 0281 666C6173 		.ascii	"flashcBase\000"
 1337      68634261 
 1337      736500
 1338              	.LASF8:
 1339 028c 5F5F7569 		.ascii	"__uint32_t\000"
 1339      6E743332 
 1339      5F7400
 1340              	.LASF50:
 1341 0297 70617373 		.ascii	"passSarChannels\000"
 1341      53617243 
 1341      68616E6E 
 1341      656C7300 
 1342              	.LASF4:
 1343 02a7 5F5F696E 		.ascii	"__int16_t\000"
 1343      7431365F 
 1343      7400
 1344              	.LASF119:
 1345 02b1 72784275 		.ascii	"rxBufIdx\000"
 1345      66496478 
 1345      00
 1346              	.LASF93:
 1347 02ba 63707573 		.ascii	"cpussCm4PwrCtlOffset\000"
 1347      73436D34 
 1347      50777243 
 1347      746C4F66 
 1347      66736574 
 1348              	.LASF121:
 1349 02cf 74784275 		.ascii	"txBufSize\000"
 1349      6653697A 
ARM GAS  C:\Users\cmila\AppData\Local\Temp\ccNxvM9S.s 			page 30


 1349      6500
 1350              	.LASF88:
 1351 02d9 6770696F 		.ascii	"gpioPrtCfgSioOffset\000"
 1351      50727443 
 1351      66675369 
 1351      6F4F6666 
 1351      73657400 
 1352              	.LASF40:
 1353 02ed 63707573 		.ascii	"cpussDwChNr\000"
 1353      73447743 
 1353      684E7200 
 1354              	.LASF12:
 1355 02f9 756E7369 		.ascii	"unsigned int\000"
 1355      676E6564 
 1355      20696E74 
 1355      00
 1356              	.LASF17:
 1357 0306 73697A65 		.ascii	"sizetype\000"
 1357      74797065 
 1357      00
 1358              	.LASF73:
 1359 030f 70657269 		.ascii	"periTrCmdGrSelMsk\000"
 1359      5472436D 
 1359      64477253 
 1359      656C4D73 
 1359      6B00
 1360              	.LASF62:
 1361 0321 666C6173 		.ascii	"flashCtlMainWs1Freq\000"
 1361      6843746C 
 1361      4D61696E 
 1361      57733146 
 1361      72657100 
 1362              	.LASF9:
 1363 0335 6C6F6E67 		.ascii	"long unsigned int\000"
 1363      20756E73 
 1363      69676E65 
 1363      6420696E 
 1363      7400
 1364              	.LASF110:
 1365 0347 63795F63 		.ascii	"cy_cb_scb_uart_handle_events_t\000"
 1365      625F7363 
 1365      625F7561 
 1365      72745F68 
 1365      616E646C 
 1366              	.LASF38:
 1367 0366 63707573 		.ascii	"cpussIpcNr\000"
 1367      73497063 
 1367      4E7200
 1368              	.LASF25:
 1369 0371 6770696F 		.ascii	"gpioBase\000"
 1369      42617365 
 1369      00
 1370              	.LASF63:
 1371 037a 666C6173 		.ascii	"flashCtlMainWs2Freq\000"
 1371      6843746C 
 1371      4D61696E 
 1371      57733246 
ARM GAS  C:\Users\cmila\AppData\Local\Temp\ccNxvM9S.s 			page 31


 1371      72657100 
 1372              	.LASF74:
 1373 038e 70657269 		.ascii	"periTrGrOffset\000"
 1373      54724772 
 1373      4F666673 
 1373      657400
 1374              	.LASF101:
 1375 039d 63707573 		.ascii	"cpussRam1Ctl0\000"
 1375      7352616D 
 1375      3143746C 
 1375      3000
 1376              	.LASF123:
 1377 03ab 63624576 		.ascii	"cbEvents\000"
 1377      656E7473 
 1377      00
 1378              	.LASF75:
 1379 03b4 70657269 		.ascii	"periTrGrSize\000"
 1379      54724772 
 1379      53697A65 
 1379      00
 1380              	.LASF129:
 1381 03c1 43795F53 		.ascii	"Cy_SysEnableCM4\000"
 1381      7973456E 
 1381      61626C65 
 1381      434D3400 
 1382              	.LASF33:
 1383 03d1 6770696F 		.ascii	"gpioVersion\000"
 1383      56657273 
 1383      696F6E00 
 1384              	.LASF15:
 1385 03dd 75696E74 		.ascii	"uint16_t\000"
 1385      31365F74 
 1385      00
 1386              	.LASF105:
 1387 03e6 63795F73 		.ascii	"cy_stc_device_t\000"
 1387      74635F64 
 1387      65766963 
 1387      655F7400 
 1388              	.LASF51:
 1389 03f6 65704D6F 		.ascii	"epMonitorNr\000"
 1389      6E69746F 
 1389      724E7200 
 1390              	.LASF115:
 1391 0402 72785269 		.ascii	"rxRingBufHead\000"
 1391      6E674275 
 1391      66486561 
 1391      6400
 1392              	.LASF94:
 1393 0410 63707573 		.ascii	"cpussTrimRamCtlOffset\000"
 1393      73547269 
 1393      6D52616D 
 1393      43746C4F 
 1393      66667365 
 1394              	.LASF89:
 1395 0426 63707573 		.ascii	"cpussCm0ClockCtlOffset\000"
 1395      73436D30 
 1395      436C6F63 
ARM GAS  C:\Users\cmila\AppData\Local\Temp\ccNxvM9S.s 			page 32


 1395      6B43746C 
 1395      4F666673 
 1396              	.LASF29:
 1397 043d 63707573 		.ascii	"cpussVersion\000"
 1397      73566572 
 1397      73696F6E 
 1397      00
 1398              	.LASF36:
 1399 044a 70657269 		.ascii	"periVersion\000"
 1399      56657273 
 1399      696F6E00 
 1400              	.LASF92:
 1401 0456 63707573 		.ascii	"cpussCm0StatusOffset\000"
 1401      73436D30 
 1401      53746174 
 1401      75734F66 
 1401      66736574 
 1402              	.LASF133:
 1403 046b 433A5C55 		.ascii	"C:\\Users\\cmila\\uni\\projects\\Neural-Stimulator-"
 1403      73657273 
 1403      5C636D69 
 1403      6C615C75 
 1403      6E695C70 
 1404 0499 4669726D 		.ascii	"Firmware\\new\\PSOC6\\CustomService.cydsn\000"
 1404      77617265 
 1404      5C6E6577 
 1404      5C50534F 
 1404      43365C43 
 1405              	.LASF66:
 1406 04c0 64774368 		.ascii	"dwChOffset\000"
 1406      4F666673 
 1406      657400
 1407              	.LASF41:
 1408 04cb 63707573 		.ascii	"cpussFlashPaSize\000"
 1408      73466C61 
 1408      73685061 
 1408      53697A65 
 1408      00
 1409              	.LASF79:
 1410 04dc 70657269 		.ascii	"periDivCmdPaTypeSelPos\000"
 1410      44697643 
 1410      6D645061 
 1410      54797065 
 1410      53656C50 
 1411              	.LASF102:
 1412 04f3 63707573 		.ascii	"cpussRam2Ctl0\000"
 1412      7352616D 
 1412      3243746C 
 1412      3000
 1413              	.LASF70:
 1414 0501 64775374 		.ascii	"dwStatusChIdxPos\000"
 1414      61747573 
 1414      43684964 
 1414      78506F73 
 1414      00
 1415              	.LASF52:
 1416 0512 75646250 		.ascii	"udbPresent\000"
ARM GAS  C:\Users\cmila\AppData\Local\Temp\ccNxvM9S.s 			page 33


 1416      72657365 
 1416      6E7400
 1417              	.LASF112:
 1418 051d 72785374 		.ascii	"rxStatus\000"
 1418      61747573 
 1418      00
 1419              	.LASF32:
 1420 0526 666C6173 		.ascii	"flashcVersion\000"
 1420      68635665 
 1420      7273696F 
 1420      6E00
 1421              	.LASF28:
 1422 0534 63727970 		.ascii	"cryptoBase\000"
 1422      746F4261 
 1422      736500
 1423              	.LASF49:
 1424 053f 736D6966 		.ascii	"smifDeviceNr\000"
 1424      44657669 
 1424      63654E72 
 1424      00
 1425              	.LASF135:
 1426 054c 5F5F656E 		.ascii	"__enable_irq\000"
 1426      61626C65 
 1426      5F697271 
 1426      00
 1427              	.LASF107:
 1428 0559 666C6F61 		.ascii	"float\000"
 1428      7400
 1429              	.LASF71:
 1430 055f 64775374 		.ascii	"dwStatusChIdxMsk\000"
 1430      61747573 
 1430      43684964 
 1430      784D736B 
 1430      00
 1431              	.LASF126:
 1432 0570 63795F64 		.ascii	"cy_device\000"
 1432      65766963 
 1432      6500
 1433              	.LASF99:
 1434 057a 63707573 		.ascii	"cpussRomCtl\000"
 1434      73526F6D 
 1434      43746C00 
 1435              	.LASF69:
 1436 0586 64774368 		.ascii	"dwChCtlPreemptablePos\000"
 1436      43746C50 
 1436      7265656D 
 1436      70746162 
 1436      6C65506F 
 1437              	.LASF122:
 1438 059c 74784C65 		.ascii	"txLeftToTransmit\000"
 1438      6674546F 
 1438      5472616E 
 1438      736D6974 
 1438      00
 1439              	.LASF22:
 1440 05ad 75646242 		.ascii	"udbBase\000"
 1440      61736500 
ARM GAS  C:\Users\cmila\AppData\Local\Temp\ccNxvM9S.s 			page 34


 1441              	.LASF109:
 1442 05b5 5F426F6F 		.ascii	"_Bool\000"
 1442      6C00
 1443              	.LASF1:
 1444 05bb 756E7369 		.ascii	"unsigned char\000"
 1444      676E6564 
 1444      20636861 
 1444      7200
 1445              	.LASF65:
 1446 05c9 666C6173 		.ascii	"flashCtlMainWs4Freq\000"
 1446      6843746C 
 1446      4D61696E 
 1446      57733446 
 1446      72657100 
 1447              	.LASF0:
 1448 05dd 73686F72 		.ascii	"short int\000"
 1448      7420696E 
 1448      7400
 1449              	.LASF76:
 1450 05e7 70657269 		.ascii	"periDivCmdDivSelMsk\000"
 1450      44697643 
 1450      6D644469 
 1450      7653656C 
 1450      4D736B00 
 1451              	.LASF47:
 1452 05fb 73727373 		.ascii	"srssNumHfroot\000"
 1452      4E756D48 
 1452      66726F6F 
 1452      7400
 1453              	.LASF60:
 1454 0609 666C6173 		.ascii	"flashEraseDelay\000"
 1454      68457261 
 1454      73654465 
 1454      6C617900 
 1455              	.LASF16:
 1456 0619 75696E74 		.ascii	"uint32_t\000"
 1456      33325F74 
 1456      00
 1457              	.LASF98:
 1458 0622 63707573 		.ascii	"cpussCm4NmiCtlOffset\000"
 1458      73436D34 
 1458      4E6D6943 
 1458      746C4F66 
 1458      66736574 
 1459              	.LASF131:
 1460 0637 474E5520 		.ascii	"GNU C11 5.4.1 20160609 (release) [ARM/embedded-5-br"
 1460      43313120 
 1460      352E342E 
 1460      31203230 
 1460      31363036 
 1461 066a 616E6368 		.ascii	"anch revision 237715] -mcpu=cortex-m0plus -mthumb -"
 1461      20726576 
 1461      6973696F 
 1461      6E203233 
 1461      37373135 
 1462 069d 67202D4F 		.ascii	"g -Og -ffunction-sections -ffat-lto-objects\000"
 1462      67202D66 
ARM GAS  C:\Users\cmila\AppData\Local\Temp\ccNxvM9S.s 			page 35


 1462      66756E63 
 1462      74696F6E 
 1462      2D736563 
 1463              	.LASF18:
 1464 06c9 6C6F6E67 		.ascii	"long double\000"
 1464      20646F75 
 1464      626C6500 
 1465              	.LASF106:
 1466 06d5 63686172 		.ascii	"char\000"
 1466      00
 1467              	.LASF37:
 1468 06da 70726F74 		.ascii	"protVersion\000"
 1468      56657273 
 1468      696F6E00 
 1469              	.LASF100:
 1470 06e6 63707573 		.ascii	"cpussRam0Ctl0\000"
 1470      7352616D 
 1470      3043746C 
 1470      3000
 1471              	.LASF5:
 1472 06f4 5F5F7569 		.ascii	"__uint16_t\000"
 1472      6E743136 
 1472      5F7400
 1473              	.LASF81:
 1474 06ff 70657269 		.ascii	"periDiv16CtlOffset\000"
 1474      44697631 
 1474      3643746C 
 1474      4F666673 
 1474      657400
 1475              	.LASF34:
 1476 0712 6873696F 		.ascii	"hsiomVersion\000"
 1476      6D566572 
 1476      73696F6E 
 1476      00
 1477              	.LASF59:
 1478 071f 666C6173 		.ascii	"flashProgramDelay\000"
 1478      6850726F 
 1478      6772616D 
 1478      44656C61 
 1478      7900
 1479              	.LASF114:
 1480 0731 72785269 		.ascii	"rxRingBufSize\000"
 1480      6E674275 
 1480      6653697A 
 1480      6500
 1481              	.LASF6:
 1482 073f 73686F72 		.ascii	"short unsigned int\000"
 1482      7420756E 
 1482      7369676E 
 1482      65642069 
 1482      6E7400
 1483              	.LASF67:
 1484 0752 64774368 		.ascii	"dwChSize\000"
 1484      53697A65 
 1484      00
 1485              	.LASF103:
 1486 075b 69706353 		.ascii	"ipcStructSize\000"
ARM GAS  C:\Users\cmila\AppData\Local\Temp\ccNxvM9S.s 			page 36


 1486      74727563 
 1486      7453697A 
 1486      6500
 1487              	.LASF42:
 1488 0769 63707573 		.ascii	"cpussIpc0Irq\000"
 1488      73497063 
 1488      30497271 
 1488      00
 1489              	.LASF85:
 1490 0776 6770696F 		.ascii	"gpioPrtCfgOffset\000"
 1490      50727443 
 1490      66674F66 
 1490      66736574 
 1490      00
 1491              	.LASF124:
 1492 0787 696E6974 		.ascii	"initKey\000"
 1492      4B657900 
 1493              	.LASF117:
 1494 078f 72784275 		.ascii	"rxBuf\000"
 1494      6600
 1495              	.LASF125:
 1496 0795 63795F73 		.ascii	"cy_stc_scb_uart_context_t\000"
 1496      74635F73 
 1496      63625F75 
 1496      6172745F 
 1496      636F6E74 
 1497              	.LASF128:
 1498 07af 43795F42 		.ascii	"Cy_BLE_Start\000"
 1498      4C455F53 
 1498      74617274 
 1498      00
 1499              	.LASF44:
 1500 07bc 63707573 		.ascii	"cpussNotConnectedIrq\000"
 1500      734E6F74 
 1500      436F6E6E 
 1500      65637465 
 1500      64497271 
 1501              	.LASF58:
 1502 07d1 666C6173 		.ascii	"flashWriteDelay\000"
 1502      68577269 
 1502      74654465 
 1502      6C617900 
 1503              	.LASF13:
 1504 07e1 75696E74 		.ascii	"uint8_t\000"
 1504      385F7400 
 1505              	.LASF91:
 1506 07e9 63707573 		.ascii	"cpussCm4StatusOffset\000"
 1506      73436D34 
 1506      53746174 
 1506      75734F66 
 1506      66736574 
 1507              	.LASF84:
 1508 07fe 6770696F 		.ascii	"gpioPrtIntrCfgOffset\000"
 1508      50727449 
 1508      6E747243 
 1508      66674F66 
 1508      66736574 
ARM GAS  C:\Users\cmila\AppData\Local\Temp\ccNxvM9S.s 			page 37


 1509              	.LASF116:
 1510 0813 72785269 		.ascii	"rxRingBufTail\000"
 1510      6E674275 
 1510      66546169 
 1510      6C00
 1511              	.LASF95:
 1512 0821 63707573 		.ascii	"cpussTrimRomCtlOffset\000"
 1512      73547269 
 1512      6D526F6D 
 1512      43746C4F 
 1512      66667365 
 1513              	.LASF111:
 1514 0837 74785374 		.ascii	"txStatus\000"
 1514      61747573 
 1514      00
 1515              	.LASF31:
 1516 0840 64775665 		.ascii	"dwVersion\000"
 1516      7273696F 
 1516      6E00
 1517              	.LASF27:
 1518 084a 69706342 		.ascii	"ipcBase\000"
 1518      61736500 
 1519              	.LASF78:
 1520 0852 70657269 		.ascii	"periDivCmdPaDivSelPos\000"
 1520      44697643 
 1520      6D645061 
 1520      44697653 
 1520      656C506F 
 1521              	.LASF134:
 1522 0868 63795F73 		.ascii	"cy_stc_scb_uart_context\000"
 1522      74635F73 
 1522      63625F75 
 1522      6172745F 
 1522      636F6E74 
 1523              	.LASF56:
 1524 0880 666C6173 		.ascii	"flashRwwRequired\000"
 1524      68527777 
 1524      52657175 
 1524      69726564 
 1524      00
 1525              		.ident	"GCC: (GNU Tools for ARM Embedded Processors) 5.4.1 20160609 (release) [ARM/embedded-5-bran
