ARM GAS  C:\Users\subra\AppData\Local\Temp\ccG4ZjJO.s 			page 1


   1              		.syntax unified
   2              		.cpu cortex-m0plus
   3              		.fpu softvfp
   4              		.eabi_attribute 20, 1
   5              		.eabi_attribute 21, 1
   6              		.eabi_attribute 23, 3
   7              		.eabi_attribute 24, 1
   8              		.eabi_attribute 25, 1
   9              		.eabi_attribute 26, 1
  10              		.eabi_attribute 30, 1
  11              		.eabi_attribute 34, 0
  12              		.eabi_attribute 18, 4
  13              		.thumb
  14              		.syntax unified
  15              		.file	"retarget.c"
  16              		.text
  17              	.Ltext0:
  18              		.cfi_sections	.debug_frame
  19              		.syntax divided
  20              		.global _printf_float
  21              		.global _scanf_float
  22              		.thumb
  23              		.syntax unified
  24              		.section	.text._write,"ax",%progbits
  25              		.align	2
  26              		.weak	_write
  27              		.code	16
  28              		.thumb_func
  29              		.type	_write, %function
  30              	_write:
  31              	.LFB393:
  32              		.file 1 "Generated_Source\\PSoC6\\pdl\\utilities\\retarget_io\\retarget.c"
   1:Generated_Source\PSoC6\pdl\utilities\retarget_io/retarget.c **** /***************************************************************************//**
   2:Generated_Source\PSoC6\pdl\utilities\retarget_io/retarget.c **** * \file retarget.c
   3:Generated_Source\PSoC6\pdl\utilities\retarget_io/retarget.c **** * \version 1.20
   4:Generated_Source\PSoC6\pdl\utilities\retarget_io/retarget.c **** *
   5:Generated_Source\PSoC6\pdl\utilities\retarget_io/retarget.c **** * \brief
   6:Generated_Source\PSoC6\pdl\utilities\retarget_io/retarget.c **** * 'Retarget' layer for target-dependent low level function.
   7:Generated_Source\PSoC6\pdl\utilities\retarget_io/retarget.c **** *
   8:Generated_Source\PSoC6\pdl\utilities\retarget_io/retarget.c **** ********************************************************************************
   9:Generated_Source\PSoC6\pdl\utilities\retarget_io/retarget.c **** * \copyright
  10:Generated_Source\PSoC6\pdl\utilities\retarget_io/retarget.c **** * Copyright 2016-2018, Cypress Semiconductor Corporation. All rights reserved.
  11:Generated_Source\PSoC6\pdl\utilities\retarget_io/retarget.c **** * You may use this file only in accordance with the license, terms, conditions,
  12:Generated_Source\PSoC6\pdl\utilities\retarget_io/retarget.c **** * disclaimers, and limitations in the end user license agreement accompanying
  13:Generated_Source\PSoC6\pdl\utilities\retarget_io/retarget.c **** * the software package with which this file was provided.
  14:Generated_Source\PSoC6\pdl\utilities\retarget_io/retarget.c **** *******************************************************************************/
  15:Generated_Source\PSoC6\pdl\utilities\retarget_io/retarget.c **** 
  16:Generated_Source\PSoC6\pdl\utilities\retarget_io/retarget.c **** #include <stdio.h>
  17:Generated_Source\PSoC6\pdl\utilities\retarget_io/retarget.c **** #include "stdio_user.h"
  18:Generated_Source\PSoC6\pdl\utilities\retarget_io/retarget.c **** 
  19:Generated_Source\PSoC6\pdl\utilities\retarget_io/retarget.c **** #if defined(__cplusplus)
  20:Generated_Source\PSoC6\pdl\utilities\retarget_io/retarget.c **** extern "C" {
  21:Generated_Source\PSoC6\pdl\utilities\retarget_io/retarget.c **** #endif
  22:Generated_Source\PSoC6\pdl\utilities\retarget_io/retarget.c **** 
  23:Generated_Source\PSoC6\pdl\utilities\retarget_io/retarget.c **** #ifdef IO_STDOUT_ENABLE
  24:Generated_Source\PSoC6\pdl\utilities\retarget_io/retarget.c **** 
  25:Generated_Source\PSoC6\pdl\utilities\retarget_io/retarget.c **** #if defined(__ARMCC_VERSION) /* ARM-MDK */
ARM GAS  C:\Users\subra\AppData\Local\Temp\ccG4ZjJO.s 			page 2


  26:Generated_Source\PSoC6\pdl\utilities\retarget_io/retarget.c ****     /***************************************************************************
  27:Generated_Source\PSoC6\pdl\utilities\retarget_io/retarget.c ****     * Function Name: fputc
  28:Generated_Source\PSoC6\pdl\utilities\retarget_io/retarget.c ****     ***************************************************************************/
  29:Generated_Source\PSoC6\pdl\utilities\retarget_io/retarget.c ****     __attribute__((weak)) int fputc(int ch, FILE *f)
  30:Generated_Source\PSoC6\pdl\utilities\retarget_io/retarget.c ****     {
  31:Generated_Source\PSoC6\pdl\utilities\retarget_io/retarget.c ****         (void)f;
  32:Generated_Source\PSoC6\pdl\utilities\retarget_io/retarget.c ****     #if (STDOUT_CR_LF != 0)
  33:Generated_Source\PSoC6\pdl\utilities\retarget_io/retarget.c ****         if ((char)ch == '\n')
  34:Generated_Source\PSoC6\pdl\utilities\retarget_io/retarget.c ****         {
  35:Generated_Source\PSoC6\pdl\utilities\retarget_io/retarget.c ****             STDIO_PutChar('\r');
  36:Generated_Source\PSoC6\pdl\utilities\retarget_io/retarget.c ****         }
  37:Generated_Source\PSoC6\pdl\utilities\retarget_io/retarget.c ****     #endif /* STDOUT_CR_LF != 0 */
  38:Generated_Source\PSoC6\pdl\utilities\retarget_io/retarget.c ****         STDIO_PutChar(ch);
  39:Generated_Source\PSoC6\pdl\utilities\retarget_io/retarget.c ****         return (ch);
  40:Generated_Source\PSoC6\pdl\utilities\retarget_io/retarget.c ****     }
  41:Generated_Source\PSoC6\pdl\utilities\retarget_io/retarget.c **** #elif defined (__ICCARM__) /* IAR */
  42:Generated_Source\PSoC6\pdl\utilities\retarget_io/retarget.c ****     #include <yfuns.h>
  43:Generated_Source\PSoC6\pdl\utilities\retarget_io/retarget.c **** 
  44:Generated_Source\PSoC6\pdl\utilities\retarget_io/retarget.c ****     /***************************************************************************
  45:Generated_Source\PSoC6\pdl\utilities\retarget_io/retarget.c ****     * Function Name: __write
  46:Generated_Source\PSoC6\pdl\utilities\retarget_io/retarget.c ****     ***************************************************************************/
  47:Generated_Source\PSoC6\pdl\utilities\retarget_io/retarget.c ****     __weak size_t __write(int handle, const unsigned char * buffer, size_t size)
  48:Generated_Source\PSoC6\pdl\utilities\retarget_io/retarget.c ****     {
  49:Generated_Source\PSoC6\pdl\utilities\retarget_io/retarget.c ****         size_t nChars = 0;
  50:Generated_Source\PSoC6\pdl\utilities\retarget_io/retarget.c ****         /* This template only writes to "standard out", for all other file
  51:Generated_Source\PSoC6\pdl\utilities\retarget_io/retarget.c ****         * handles it returns failure. */
  52:Generated_Source\PSoC6\pdl\utilities\retarget_io/retarget.c ****         if (handle != _LLIO_STDOUT)
  53:Generated_Source\PSoC6\pdl\utilities\retarget_io/retarget.c ****         {
  54:Generated_Source\PSoC6\pdl\utilities\retarget_io/retarget.c ****             return (_LLIO_ERROR);
  55:Generated_Source\PSoC6\pdl\utilities\retarget_io/retarget.c ****         }
  56:Generated_Source\PSoC6\pdl\utilities\retarget_io/retarget.c ****         if (buffer != NULL)
  57:Generated_Source\PSoC6\pdl\utilities\retarget_io/retarget.c ****         {
  58:Generated_Source\PSoC6\pdl\utilities\retarget_io/retarget.c ****             for (/* Empty */; nChars < size; ++nChars)
  59:Generated_Source\PSoC6\pdl\utilities\retarget_io/retarget.c ****             {
  60:Generated_Source\PSoC6\pdl\utilities\retarget_io/retarget.c ****             #if (STDOUT_CR_LF != 0)
  61:Generated_Source\PSoC6\pdl\utilities\retarget_io/retarget.c ****                 if(*buffer == '\n')
  62:Generated_Source\PSoC6\pdl\utilities\retarget_io/retarget.c ****                 {
  63:Generated_Source\PSoC6\pdl\utilities\retarget_io/retarget.c ****                     STDIO_PutChar('\r');
  64:Generated_Source\PSoC6\pdl\utilities\retarget_io/retarget.c ****                 }
  65:Generated_Source\PSoC6\pdl\utilities\retarget_io/retarget.c ****             #endif /* STDOUT_CR_LF != 0 */
  66:Generated_Source\PSoC6\pdl\utilities\retarget_io/retarget.c ****                 STDIO_PutChar(*buffer);
  67:Generated_Source\PSoC6\pdl\utilities\retarget_io/retarget.c ****                 ++buffer;
  68:Generated_Source\PSoC6\pdl\utilities\retarget_io/retarget.c ****             }
  69:Generated_Source\PSoC6\pdl\utilities\retarget_io/retarget.c ****         }
  70:Generated_Source\PSoC6\pdl\utilities\retarget_io/retarget.c ****         return (nChars);
  71:Generated_Source\PSoC6\pdl\utilities\retarget_io/retarget.c ****     }
  72:Generated_Source\PSoC6\pdl\utilities\retarget_io/retarget.c **** #else /* (__GNUC__)  GCC */    
  73:Generated_Source\PSoC6\pdl\utilities\retarget_io/retarget.c ****     /* Add an explicit reference to the floating point printf library to allow
  74:Generated_Source\PSoC6\pdl\utilities\retarget_io/retarget.c ****     the usage of floating point conversion specifier. */
  75:Generated_Source\PSoC6\pdl\utilities\retarget_io/retarget.c ****     __asm (".global _printf_float");
  76:Generated_Source\PSoC6\pdl\utilities\retarget_io/retarget.c ****     /***************************************************************************
  77:Generated_Source\PSoC6\pdl\utilities\retarget_io/retarget.c ****     * Function Name: _write
  78:Generated_Source\PSoC6\pdl\utilities\retarget_io/retarget.c ****     ***************************************************************************/
  79:Generated_Source\PSoC6\pdl\utilities\retarget_io/retarget.c ****     __attribute__((weak)) int _write (int fd, const char *ptr, int len)
  80:Generated_Source\PSoC6\pdl\utilities\retarget_io/retarget.c ****     {
  33              		.loc 1 80 0
  34              		.cfi_startproc
ARM GAS  C:\Users\subra\AppData\Local\Temp\ccG4ZjJO.s 			page 3


  35              		@ args = 0, pretend = 0, frame = 0
  36              		@ frame_needed = 0, uses_anonymous_args = 0
  37              	.LVL0:
  38 0000 70B5     		push	{r4, r5, r6, lr}
  39              		.cfi_def_cfa_offset 16
  40              		.cfi_offset 4, -16
  41              		.cfi_offset 5, -12
  42              		.cfi_offset 6, -8
  43              		.cfi_offset 14, -4
  44 0002 0D00     		movs	r5, r1
  45 0004 1600     		movs	r6, r2
  46              	.LVL1:
  81:Generated_Source\PSoC6\pdl\utilities\retarget_io/retarget.c ****         int nChars = 0;
  82:Generated_Source\PSoC6\pdl\utilities\retarget_io/retarget.c ****         (void)fd;
  83:Generated_Source\PSoC6\pdl\utilities\retarget_io/retarget.c ****         if (ptr != NULL)
  47              		.loc 1 83 0
  48 0006 0029     		cmp	r1, #0
  49 0008 07D1     		bne	.L5
  81:Generated_Source\PSoC6\pdl\utilities\retarget_io/retarget.c ****         int nChars = 0;
  50              		.loc 1 81 0
  51 000a 0024     		movs	r4, #0
  52 000c 08E0     		b	.L3
  53              	.LVL2:
  54              	.L4:
  84:Generated_Source\PSoC6\pdl\utilities\retarget_io/retarget.c ****         {
  85:Generated_Source\PSoC6\pdl\utilities\retarget_io/retarget.c ****             for (/* Empty */; nChars < len; ++nChars)
  86:Generated_Source\PSoC6\pdl\utilities\retarget_io/retarget.c ****             {
  87:Generated_Source\PSoC6\pdl\utilities\retarget_io/retarget.c ****             #if (STDOUT_CR_LF != 0)
  88:Generated_Source\PSoC6\pdl\utilities\retarget_io/retarget.c ****                 if(*ptr == '\n')
  89:Generated_Source\PSoC6\pdl\utilities\retarget_io/retarget.c ****                 {
  90:Generated_Source\PSoC6\pdl\utilities\retarget_io/retarget.c ****                     STDIO_PutChar('\r');
  91:Generated_Source\PSoC6\pdl\utilities\retarget_io/retarget.c ****                 }
  92:Generated_Source\PSoC6\pdl\utilities\retarget_io/retarget.c ****             #endif /* STDOUT_CR_LF != 0 */
  93:Generated_Source\PSoC6\pdl\utilities\retarget_io/retarget.c ****                 STDIO_PutChar((uint32_t)*ptr);
  55              		.loc 1 93 0 discriminator 2
  56 000e 2878     		ldrb	r0, [r5]
  57 0010 FFF7FEFF 		bl	STDIO_PutChar
  58              	.LVL3:
  94:Generated_Source\PSoC6\pdl\utilities\retarget_io/retarget.c ****                 ++ptr;
  59              		.loc 1 94 0 discriminator 2
  60 0014 0135     		adds	r5, r5, #1
  61              	.LVL4:
  85:Generated_Source\PSoC6\pdl\utilities\retarget_io/retarget.c ****             {
  62              		.loc 1 85 0 discriminator 2
  63 0016 0134     		adds	r4, r4, #1
  64              	.LVL5:
  65 0018 00E0     		b	.L2
  66              	.LVL6:
  67              	.L5:
  68 001a 0024     		movs	r4, #0
  69              	.LVL7:
  70              	.L2:
  85:Generated_Source\PSoC6\pdl\utilities\retarget_io/retarget.c ****             {
  71              		.loc 1 85 0 is_stmt 0 discriminator 1
  72 001c B442     		cmp	r4, r6
  73 001e F6DB     		blt	.L4
  74              	.LVL8:
ARM GAS  C:\Users\subra\AppData\Local\Temp\ccG4ZjJO.s 			page 4


  75              	.L3:
  95:Generated_Source\PSoC6\pdl\utilities\retarget_io/retarget.c ****             }
  96:Generated_Source\PSoC6\pdl\utilities\retarget_io/retarget.c ****         }
  97:Generated_Source\PSoC6\pdl\utilities\retarget_io/retarget.c ****         return (nChars);
  98:Generated_Source\PSoC6\pdl\utilities\retarget_io/retarget.c ****     }
  76              		.loc 1 98 0 is_stmt 1
  77 0020 2000     		movs	r0, r4
  78              		@ sp needed
  79              	.LVL9:
  80              	.LVL10:
  81              	.LVL11:
  82 0022 70BD     		pop	{r4, r5, r6, pc}
  83              		.cfi_endproc
  84              	.LFE393:
  85              		.size	_write, .-_write
  86              		.section	.text._read,"ax",%progbits
  87              		.align	2
  88              		.weak	_read
  89              		.code	16
  90              		.thumb_func
  91              		.type	_read, %function
  92              	_read:
  93              	.LFB394:
  99:Generated_Source\PSoC6\pdl\utilities\retarget_io/retarget.c **** #endif
 100:Generated_Source\PSoC6\pdl\utilities\retarget_io/retarget.c **** 
 101:Generated_Source\PSoC6\pdl\utilities\retarget_io/retarget.c **** #endif /* IO_STDOUT_ENABLE */
 102:Generated_Source\PSoC6\pdl\utilities\retarget_io/retarget.c **** 
 103:Generated_Source\PSoC6\pdl\utilities\retarget_io/retarget.c **** #if defined(IO_STDIN_ENABLE)
 104:Generated_Source\PSoC6\pdl\utilities\retarget_io/retarget.c **** 
 105:Generated_Source\PSoC6\pdl\utilities\retarget_io/retarget.c **** #if defined(__ARMCC_VERSION) /* ARM-MDK */
 106:Generated_Source\PSoC6\pdl\utilities\retarget_io/retarget.c ****     /***************************************************************************
 107:Generated_Source\PSoC6\pdl\utilities\retarget_io/retarget.c ****     * Function Name: fgetc
 108:Generated_Source\PSoC6\pdl\utilities\retarget_io/retarget.c ****     ***************************************************************************/
 109:Generated_Source\PSoC6\pdl\utilities\retarget_io/retarget.c ****     __attribute__((weak)) int fgetc(FILE *f) 
 110:Generated_Source\PSoC6\pdl\utilities\retarget_io/retarget.c ****     {
 111:Generated_Source\PSoC6\pdl\utilities\retarget_io/retarget.c ****         (void)f;
 112:Generated_Source\PSoC6\pdl\utilities\retarget_io/retarget.c ****         return (STDIO_GetChar());
 113:Generated_Source\PSoC6\pdl\utilities\retarget_io/retarget.c ****     }
 114:Generated_Source\PSoC6\pdl\utilities\retarget_io/retarget.c **** #elif defined (__ICCARM__) /* IAR */
 115:Generated_Source\PSoC6\pdl\utilities\retarget_io/retarget.c ****     __weak size_t __read(int handle, unsigned char * buffer, size_t size)
 116:Generated_Source\PSoC6\pdl\utilities\retarget_io/retarget.c ****     {
 117:Generated_Source\PSoC6\pdl\utilities\retarget_io/retarget.c ****         /* This template only reads from "standard in", for all other file
 118:Generated_Source\PSoC6\pdl\utilities\retarget_io/retarget.c ****         handles it returns failure. */
 119:Generated_Source\PSoC6\pdl\utilities\retarget_io/retarget.c ****         if ((handle != _LLIO_STDIN) || (buffer == NULL))
 120:Generated_Source\PSoC6\pdl\utilities\retarget_io/retarget.c ****         {
 121:Generated_Source\PSoC6\pdl\utilities\retarget_io/retarget.c ****             return (_LLIO_ERROR);
 122:Generated_Source\PSoC6\pdl\utilities\retarget_io/retarget.c ****         }
 123:Generated_Source\PSoC6\pdl\utilities\retarget_io/retarget.c ****         else
 124:Generated_Source\PSoC6\pdl\utilities\retarget_io/retarget.c ****         {
 125:Generated_Source\PSoC6\pdl\utilities\retarget_io/retarget.c ****             *buffer = STDIO_GetChar();
 126:Generated_Source\PSoC6\pdl\utilities\retarget_io/retarget.c ****             return (1);
 127:Generated_Source\PSoC6\pdl\utilities\retarget_io/retarget.c ****         }
 128:Generated_Source\PSoC6\pdl\utilities\retarget_io/retarget.c ****     }
 129:Generated_Source\PSoC6\pdl\utilities\retarget_io/retarget.c **** #else /* (__GNUC__)  GCC */
 130:Generated_Source\PSoC6\pdl\utilities\retarget_io/retarget.c ****     /* Add an explicit reference to the floating point scanf library to allow
 131:Generated_Source\PSoC6\pdl\utilities\retarget_io/retarget.c ****     the usage of floating point conversion specifier. */
 132:Generated_Source\PSoC6\pdl\utilities\retarget_io/retarget.c ****     __asm (".global _scanf_float");
ARM GAS  C:\Users\subra\AppData\Local\Temp\ccG4ZjJO.s 			page 5


 133:Generated_Source\PSoC6\pdl\utilities\retarget_io/retarget.c ****     __attribute__((weak)) int _read (int fd, char *ptr, int len)
 134:Generated_Source\PSoC6\pdl\utilities\retarget_io/retarget.c ****     {
  94              		.loc 1 134 0
  95              		.cfi_startproc
  96              		@ args = 0, pretend = 0, frame = 0
  97              		@ frame_needed = 0, uses_anonymous_args = 0
  98              	.LVL12:
  99 0000 70B5     		push	{r4, r5, r6, lr}
 100              		.cfi_def_cfa_offset 16
 101              		.cfi_offset 4, -16
 102              		.cfi_offset 5, -12
 103              		.cfi_offset 6, -8
 104              		.cfi_offset 14, -4
 105 0002 0D00     		movs	r5, r1
 106 0004 1600     		movs	r6, r2
 107              	.LVL13:
 135:Generated_Source\PSoC6\pdl\utilities\retarget_io/retarget.c ****         int nChars = 0;
 136:Generated_Source\PSoC6\pdl\utilities\retarget_io/retarget.c ****         (void)fd;
 137:Generated_Source\PSoC6\pdl\utilities\retarget_io/retarget.c ****         if (ptr != NULL)
 108              		.loc 1 137 0
 109 0006 0029     		cmp	r1, #0
 110 0008 0CD1     		bne	.L10
 135:Generated_Source\PSoC6\pdl\utilities\retarget_io/retarget.c ****         int nChars = 0;
 111              		.loc 1 135 0
 112 000a 0024     		movs	r4, #0
 113 000c 0DE0     		b	.L8
 114              	.LVL14:
 115              	.L9:
 138:Generated_Source\PSoC6\pdl\utilities\retarget_io/retarget.c ****         {
 139:Generated_Source\PSoC6\pdl\utilities\retarget_io/retarget.c ****             for(/* Empty */;nChars < len;++ptr)
 140:Generated_Source\PSoC6\pdl\utilities\retarget_io/retarget.c ****             {
 141:Generated_Source\PSoC6\pdl\utilities\retarget_io/retarget.c ****                 *ptr = (char)STDIO_GetChar();
 116              		.loc 1 141 0
 117 000e FFF7FEFF 		bl	STDIO_GetChar
 118              	.LVL15:
 119 0012 C0B2     		uxtb	r0, r0
 120 0014 2870     		strb	r0, [r5]
 142:Generated_Source\PSoC6\pdl\utilities\retarget_io/retarget.c ****                 ++nChars;
 121              		.loc 1 142 0
 122 0016 0134     		adds	r4, r4, #1
 123              	.LVL16:
 143:Generated_Source\PSoC6\pdl\utilities\retarget_io/retarget.c ****                 if((*ptr == '\n') || (*ptr == '\r'))
 124              		.loc 1 143 0
 125 0018 0A28     		cmp	r0, #10
 126 001a 06D0     		beq	.L8
 127              		.loc 1 143 0 is_stmt 0 discriminator 1
 128 001c 0D28     		cmp	r0, #13
 129 001e 04D0     		beq	.L8
 139:Generated_Source\PSoC6\pdl\utilities\retarget_io/retarget.c ****             {
 130              		.loc 1 139 0 is_stmt 1
 131 0020 0135     		adds	r5, r5, #1
 132              	.LVL17:
 133 0022 00E0     		b	.L7
 134              	.LVL18:
 135              	.L10:
 136 0024 0024     		movs	r4, #0
 137              	.LVL19:
ARM GAS  C:\Users\subra\AppData\Local\Temp\ccG4ZjJO.s 			page 6


 138              	.L7:
 139:Generated_Source\PSoC6\pdl\utilities\retarget_io/retarget.c ****             {
 139              		.loc 1 139 0 is_stmt 0 discriminator 1
 140 0026 B442     		cmp	r4, r6
 141 0028 F1DB     		blt	.L9
 142              	.LVL20:
 143              	.L8:
 144:Generated_Source\PSoC6\pdl\utilities\retarget_io/retarget.c ****                 {
 145:Generated_Source\PSoC6\pdl\utilities\retarget_io/retarget.c ****                     break;
 146:Generated_Source\PSoC6\pdl\utilities\retarget_io/retarget.c ****                 }
 147:Generated_Source\PSoC6\pdl\utilities\retarget_io/retarget.c ****             }
 148:Generated_Source\PSoC6\pdl\utilities\retarget_io/retarget.c ****         }
 149:Generated_Source\PSoC6\pdl\utilities\retarget_io/retarget.c ****         return (nChars);
 150:Generated_Source\PSoC6\pdl\utilities\retarget_io/retarget.c ****     }
 144              		.loc 1 150 0 is_stmt 1
 145 002a 2000     		movs	r0, r4
 146              		@ sp needed
 147              	.LVL21:
 148              	.LVL22:
 149              	.LVL23:
 150 002c 70BD     		pop	{r4, r5, r6, pc}
 151              		.cfi_endproc
 152              	.LFE394:
 153              		.size	_read, .-_read
 154 002e C046     		.text
 155              	.Letext0:
 156              		.file 2 "d:\\program files (x86)\\cypress\\psoc creator\\4.4\\psoc creator\\import\\gnu\\arm\\5.4.
 157              		.file 3 "d:\\program files (x86)\\cypress\\psoc creator\\4.4\\psoc creator\\import\\gnu\\arm\\5.4.
 158              		.file 4 "Generated_Source\\PSoC6\\pdl\\drivers/peripheral/device/cy_device.h"
 159              		.file 5 "Generated_Source\\PSoC6\\pdl\\drivers/peripheral/scb/cy_scb_uart.h"
 160              		.file 6 "Generated_Source\\PSoC6/UART_1.h"
 161              		.file 7 "./stdio_user.h"
 162              		.section	.debug_info,"",%progbits
 163              	.Ldebug_info0:
 164 0000 FE060000 		.4byte	0x6fe
 165 0004 0400     		.2byte	0x4
 166 0006 00000000 		.4byte	.Ldebug_abbrev0
 167 000a 04       		.byte	0x4
 168 000b 01       		.uleb128 0x1
 169 000c 17060000 		.4byte	.LASF133
 170 0010 0C       		.byte	0xc
 171 0011 13080000 		.4byte	.LASF134
 172 0015 59010000 		.4byte	.LASF135
 173 0019 00000000 		.4byte	.Ldebug_ranges0+0
 174 001d 00000000 		.4byte	0
 175 0021 00000000 		.4byte	.Ldebug_line0
 176 0025 02       		.uleb128 0x2
 177 0026 01       		.byte	0x1
 178 0027 06       		.byte	0x6
 179 0028 AF010000 		.4byte	.LASF0
 180 002c 03       		.uleb128 0x3
 181 002d 88000000 		.4byte	.LASF2
 182 0031 02       		.byte	0x2
 183 0032 1D       		.byte	0x1d
 184 0033 37000000 		.4byte	0x37
 185 0037 02       		.uleb128 0x2
 186 0038 01       		.byte	0x1
ARM GAS  C:\Users\subra\AppData\Local\Temp\ccG4ZjJO.s 			page 7


 187 0039 08       		.byte	0x8
 188 003a 90050000 		.4byte	.LASF1
 189 003e 03       		.uleb128 0x3
 190 003f E1020000 		.4byte	.LASF3
 191 0043 02       		.byte	0x2
 192 0044 29       		.byte	0x29
 193 0045 49000000 		.4byte	0x49
 194 0049 02       		.uleb128 0x2
 195 004a 02       		.byte	0x2
 196 004b 05       		.byte	0x5
 197 004c B2050000 		.4byte	.LASF4
 198 0050 03       		.uleb128 0x3
 199 0051 D4060000 		.4byte	.LASF5
 200 0055 02       		.byte	0x2
 201 0056 2B       		.byte	0x2b
 202 0057 5B000000 		.4byte	0x5b
 203 005b 02       		.uleb128 0x2
 204 005c 02       		.byte	0x2
 205 005d 07       		.byte	0x7
 206 005e 1F070000 		.4byte	.LASF6
 207 0062 02       		.uleb128 0x2
 208 0063 04       		.byte	0x4
 209 0064 05       		.byte	0x5
 210 0065 20020000 		.4byte	.LASF7
 211 0069 03       		.uleb128 0x3
 212 006a C6020000 		.4byte	.LASF8
 213 006e 02       		.byte	0x2
 214 006f 41       		.byte	0x41
 215 0070 74000000 		.4byte	0x74
 216 0074 02       		.uleb128 0x2
 217 0075 04       		.byte	0x4
 218 0076 07       		.byte	0x7
 219 0077 75030000 		.4byte	.LASF9
 220 007b 02       		.uleb128 0x2
 221 007c 08       		.byte	0x8
 222 007d 05       		.byte	0x5
 223 007e A1010000 		.4byte	.LASF10
 224 0082 02       		.uleb128 0x2
 225 0083 08       		.byte	0x8
 226 0084 07       		.byte	0x7
 227 0085 D7000000 		.4byte	.LASF11
 228 0089 04       		.uleb128 0x4
 229 008a 04       		.byte	0x4
 230 008b 05       		.byte	0x5
 231 008c 696E7400 		.ascii	"int\000"
 232 0090 02       		.uleb128 0x2
 233 0091 04       		.byte	0x4
 234 0092 07       		.byte	0x7
 235 0093 39030000 		.4byte	.LASF12
 236 0097 02       		.uleb128 0x2
 237 0098 08       		.byte	0x8
 238 0099 04       		.byte	0x4
 239 009a A9060000 		.4byte	.LASF13
 240 009e 05       		.uleb128 0x5
 241 009f 04       		.byte	0x4
 242 00a0 02       		.uleb128 0x2
 243 00a1 04       		.byte	0x4
ARM GAS  C:\Users\subra\AppData\Local\Temp\ccG4ZjJO.s 			page 8


 244 00a2 07       		.byte	0x7
 245 00a3 99040000 		.4byte	.LASF14
 246 00a7 06       		.uleb128 0x6
 247 00a8 04       		.byte	0x4
 248 00a9 AD000000 		.4byte	0xad
 249 00ad 02       		.uleb128 0x2
 250 00ae 01       		.byte	0x1
 251 00af 08       		.byte	0x8
 252 00b0 B5060000 		.4byte	.LASF15
 253 00b4 06       		.uleb128 0x6
 254 00b5 04       		.byte	0x4
 255 00b6 BA000000 		.4byte	0xba
 256 00ba 07       		.uleb128 0x7
 257 00bb AD000000 		.4byte	0xad
 258 00bf 03       		.uleb128 0x3
 259 00c0 B4070000 		.4byte	.LASF16
 260 00c4 03       		.byte	0x3
 261 00c5 18       		.byte	0x18
 262 00c6 2C000000 		.4byte	0x2c
 263 00ca 03       		.uleb128 0x3
 264 00cb 51010000 		.4byte	.LASF17
 265 00cf 03       		.byte	0x3
 266 00d0 20       		.byte	0x20
 267 00d1 3E000000 		.4byte	0x3e
 268 00d5 03       		.uleb128 0x3
 269 00d6 46030000 		.4byte	.LASF18
 270 00da 03       		.byte	0x3
 271 00db 24       		.byte	0x24
 272 00dc 50000000 		.4byte	0x50
 273 00e0 03       		.uleb128 0x3
 274 00e1 F9050000 		.4byte	.LASF19
 275 00e5 03       		.byte	0x3
 276 00e6 30       		.byte	0x30
 277 00e7 69000000 		.4byte	0x69
 278 00eb 08       		.uleb128 0x8
 279 00ec E0000000 		.4byte	0xe0
 280 00f0 09       		.uleb128 0x9
 281 00f1 B8       		.byte	0xb8
 282 00f2 04       		.byte	0x4
 283 00f3 34       		.byte	0x34
 284 00f4 01050000 		.4byte	0x501
 285 00f8 0A       		.uleb128 0xa
 286 00f9 BE000000 		.4byte	.LASF20
 287 00fd 04       		.byte	0x4
 288 00fe 37       		.byte	0x37
 289 00ff E0000000 		.4byte	0xe0
 290 0103 00       		.byte	0
 291 0104 0A       		.uleb128 0xa
 292 0105 D0050000 		.4byte	.LASF21
 293 0109 04       		.byte	0x4
 294 010a 38       		.byte	0x38
 295 010b E0000000 		.4byte	0xe0
 296 010f 04       		.byte	0x4
 297 0110 0A       		.uleb128 0xa
 298 0111 46020000 		.4byte	.LASF22
 299 0115 04       		.byte	0x4
 300 0116 39       		.byte	0x39
ARM GAS  C:\Users\subra\AppData\Local\Temp\ccG4ZjJO.s 			page 9


 301 0117 E0000000 		.4byte	0xe0
 302 011b 08       		.byte	0x8
 303 011c 0A       		.uleb128 0xa
 304 011d 82050000 		.4byte	.LASF23
 305 0121 04       		.byte	0x4
 306 0122 3A       		.byte	0x3a
 307 0123 E0000000 		.4byte	0xe0
 308 0127 0C       		.byte	0xc
 309 0128 0A       		.uleb128 0xa
 310 0129 DE010000 		.4byte	.LASF24
 311 012d 04       		.byte	0x4
 312 012e 3B       		.byte	0x3b
 313 012f E0000000 		.4byte	0xe0
 314 0133 10       		.byte	0x10
 315 0134 0A       		.uleb128 0xa
 316 0135 16020000 		.4byte	.LASF25
 317 0139 04       		.byte	0x4
 318 013a 3C       		.byte	0x3c
 319 013b E0000000 		.4byte	0xe0
 320 013f 14       		.byte	0x14
 321 0140 0A       		.uleb128 0xa
 322 0141 B1030000 		.4byte	.LASF26
 323 0145 04       		.byte	0x4
 324 0146 3D       		.byte	0x3d
 325 0147 E0000000 		.4byte	0xe0
 326 014b 18       		.byte	0x18
 327 014c 0A       		.uleb128 0xa
 328 014d 71000000 		.4byte	.LASF27
 329 0151 04       		.byte	0x4
 330 0152 3E       		.byte	0x3e
 331 0153 E0000000 		.4byte	0xe0
 332 0157 1C       		.byte	0x1c
 333 0158 0A       		.uleb128 0xa
 334 0159 59080000 		.4byte	.LASF28
 335 015d 04       		.byte	0x4
 336 015e 3F       		.byte	0x3f
 337 015f E0000000 		.4byte	0xe0
 338 0163 20       		.byte	0x20
 339 0164 0A       		.uleb128 0xa
 340 0165 16050000 		.4byte	.LASF29
 341 0169 04       		.byte	0x4
 342 016a 40       		.byte	0x40
 343 016b E0000000 		.4byte	0xe0
 344 016f 24       		.byte	0x24
 345 0170 0A       		.uleb128 0xa
 346 0171 6B040000 		.4byte	.LASF30
 347 0175 04       		.byte	0x4
 348 0176 43       		.byte	0x43
 349 0177 BF000000 		.4byte	0xbf
 350 017b 28       		.byte	0x28
 351 017c 0A       		.uleb128 0xa
 352 017d 57000000 		.4byte	.LASF31
 353 0181 04       		.byte	0x4
 354 0182 44       		.byte	0x44
 355 0183 BF000000 		.4byte	0xbf
 356 0187 29       		.byte	0x29
 357 0188 0A       		.uleb128 0xa
ARM GAS  C:\Users\subra\AppData\Local\Temp\ccG4ZjJO.s 			page 10


 358 0189 4F080000 		.4byte	.LASF32
 359 018d 04       		.byte	0x4
 360 018e 45       		.byte	0x45
 361 018f BF000000 		.4byte	0xbf
 362 0193 2A       		.byte	0x2a
 363 0194 0A       		.uleb128 0xa
 364 0195 08050000 		.4byte	.LASF33
 365 0199 04       		.byte	0x4
 366 019a 46       		.byte	0x46
 367 019b BF000000 		.4byte	0xbf
 368 019f 2B       		.byte	0x2b
 369 01a0 0A       		.uleb128 0xa
 370 01a1 01040000 		.4byte	.LASF34
 371 01a5 04       		.byte	0x4
 372 01a6 47       		.byte	0x47
 373 01a7 BF000000 		.4byte	0xbf
 374 01ab 2C       		.byte	0x2c
 375 01ac 0A       		.uleb128 0xa
 376 01ad F2060000 		.4byte	.LASF35
 377 01b1 04       		.byte	0x4
 378 01b2 48       		.byte	0x48
 379 01b3 BF000000 		.4byte	0xbf
 380 01b7 2D       		.byte	0x2d
 381 01b8 0A       		.uleb128 0xa
 382 01b9 E7010000 		.4byte	.LASF36
 383 01bd 04       		.byte	0x4
 384 01be 49       		.byte	0x49
 385 01bf BF000000 		.4byte	0xbf
 386 01c3 2E       		.byte	0x2e
 387 01c4 0A       		.uleb128 0xa
 388 01c5 78040000 		.4byte	.LASF37
 389 01c9 04       		.byte	0x4
 390 01ca 4A       		.byte	0x4a
 391 01cb BF000000 		.4byte	0xbf
 392 01cf 2F       		.byte	0x2f
 393 01d0 0A       		.uleb128 0xa
 394 01d1 BA060000 		.4byte	.LASF38
 395 01d5 04       		.byte	0x4
 396 01d6 4B       		.byte	0x4b
 397 01d7 BF000000 		.4byte	0xbf
 398 01db 30       		.byte	0x30
 399 01dc 0A       		.uleb128 0xa
 400 01dd A6030000 		.4byte	.LASF39
 401 01e1 04       		.byte	0x4
 402 01e2 4E       		.byte	0x4e
 403 01e3 BF000000 		.4byte	0xbf
 404 01e7 31       		.byte	0x31
 405 01e8 0A       		.uleb128 0xa
 406 01e9 7A000000 		.4byte	.LASF40
 407 01ed 04       		.byte	0x4
 408 01ee 4F       		.byte	0x4f
 409 01ef BF000000 		.4byte	0xbf
 410 01f3 32       		.byte	0x32
 411 01f4 0A       		.uleb128 0xa
 412 01f5 2D030000 		.4byte	.LASF41
 413 01f9 04       		.byte	0x4
 414 01fa 50       		.byte	0x50
ARM GAS  C:\Users\subra\AppData\Local\Temp\ccG4ZjJO.s 			page 11


 415 01fb BF000000 		.4byte	0xbf
 416 01ff 33       		.byte	0x33
 417 0200 0A       		.uleb128 0xa
 418 0201 AD040000 		.4byte	.LASF42
 419 0205 04       		.byte	0x4
 420 0206 51       		.byte	0x51
 421 0207 BF000000 		.4byte	0xbf
 422 020b 34       		.byte	0x34
 423 020c 0A       		.uleb128 0xa
 424 020d 49070000 		.4byte	.LASF43
 425 0211 04       		.byte	0x4
 426 0212 52       		.byte	0x52
 427 0213 CA000000 		.4byte	0xca
 428 0217 36       		.byte	0x36
 429 0218 0A       		.uleb128 0xa
 430 0219 60020000 		.4byte	.LASF44
 431 021d 04       		.byte	0x4
 432 021e 53       		.byte	0x53
 433 021f CA000000 		.4byte	0xca
 434 0223 38       		.byte	0x38
 435 0224 0A       		.uleb128 0xa
 436 0225 8F070000 		.4byte	.LASF45
 437 0229 04       		.byte	0x4
 438 022a 54       		.byte	0x54
 439 022b CA000000 		.4byte	0xca
 440 022f 3A       		.byte	0x3a
 441 0230 0A       		.uleb128 0xa
 442 0231 07020000 		.4byte	.LASF46
 443 0235 04       		.byte	0x4
 444 0236 55       		.byte	0x55
 445 0237 BF000000 		.4byte	0xbf
 446 023b 3C       		.byte	0x3c
 447 023c 0A       		.uleb128 0xa
 448 023d 87020000 		.4byte	.LASF47
 449 0241 04       		.byte	0x4
 450 0242 56       		.byte	0x56
 451 0243 BF000000 		.4byte	0xbf
 452 0247 3D       		.byte	0x3d
 453 0248 0A       		.uleb128 0xa
 454 0249 DB050000 		.4byte	.LASF48
 455 024d 04       		.byte	0x4
 456 024e 57       		.byte	0x57
 457 024f BF000000 		.4byte	0xbf
 458 0253 3E       		.byte	0x3e
 459 0254 0A       		.uleb128 0xa
 460 0255 65000000 		.4byte	.LASF49
 461 0259 04       		.byte	0x4
 462 025a 58       		.byte	0x58
 463 025b BF000000 		.4byte	0xbf
 464 025f 3F       		.byte	0x3f
 465 0260 0A       		.uleb128 0xa
 466 0261 21050000 		.4byte	.LASF50
 467 0265 04       		.byte	0x4
 468 0266 59       		.byte	0x59
 469 0267 BF000000 		.4byte	0xbf
 470 026b 40       		.byte	0x40
 471 026c 0A       		.uleb128 0xa
ARM GAS  C:\Users\subra\AppData\Local\Temp\ccG4ZjJO.s 			page 12


 472 026d D1020000 		.4byte	.LASF51
 473 0271 04       		.byte	0x4
 474 0272 5A       		.byte	0x5a
 475 0273 BF000000 		.4byte	0xbf
 476 0277 41       		.byte	0x41
 477 0278 0A       		.uleb128 0xa
 478 0279 1D040000 		.4byte	.LASF52
 479 027d 04       		.byte	0x4
 480 027e 5B       		.byte	0x5b
 481 027f BF000000 		.4byte	0xbf
 482 0283 42       		.byte	0x42
 483 0284 0A       		.uleb128 0xa
 484 0285 F4040000 		.4byte	.LASF53
 485 0289 04       		.byte	0x4
 486 028a 5C       		.byte	0x5c
 487 028b BF000000 		.4byte	0xbf
 488 028f 43       		.byte	0x43
 489 0290 0A       		.uleb128 0xa
 490 0291 4F020000 		.4byte	.LASF54
 491 0295 04       		.byte	0x4
 492 0296 5D       		.byte	0x5d
 493 0297 BF000000 		.4byte	0xbf
 494 029b 44       		.byte	0x44
 495 029c 0A       		.uleb128 0xa
 496 029d 00000000 		.4byte	.LASF55
 497 02a1 04       		.byte	0x4
 498 02a2 5E       		.byte	0x5e
 499 02a3 E0000000 		.4byte	0xe0
 500 02a7 48       		.byte	0x48
 501 02a8 0A       		.uleb128 0xa
 502 02a9 38020000 		.4byte	.LASF56
 503 02ad 04       		.byte	0x4
 504 02ae 5F       		.byte	0x5f
 505 02af E0000000 		.4byte	0xe0
 506 02b3 4C       		.byte	0x4c
 507 02b4 0A       		.uleb128 0xa
 508 02b5 8F080000 		.4byte	.LASF57
 509 02b9 04       		.byte	0x4
 510 02ba 60       		.byte	0x60
 511 02bb BF000000 		.4byte	0xbf
 512 02bf 50       		.byte	0x50
 513 02c0 0A       		.uleb128 0xa
 514 02c1 2B010000 		.4byte	.LASF58
 515 02c5 04       		.byte	0x4
 516 02c6 61       		.byte	0x61
 517 02c7 BF000000 		.4byte	0xbf
 518 02cb 51       		.byte	0x51
 519 02cc 0A       		.uleb128 0xa
 520 02cd A4070000 		.4byte	.LASF59
 521 02d1 04       		.byte	0x4
 522 02d2 62       		.byte	0x62
 523 02d3 BF000000 		.4byte	0xbf
 524 02d7 52       		.byte	0x52
 525 02d8 0A       		.uleb128 0xa
 526 02d9 FF060000 		.4byte	.LASF60
 527 02dd 04       		.byte	0x4
 528 02de 63       		.byte	0x63
ARM GAS  C:\Users\subra\AppData\Local\Temp\ccG4ZjJO.s 			page 13


 529 02df BF000000 		.4byte	0xbf
 530 02e3 53       		.byte	0x53
 531 02e4 0A       		.uleb128 0xa
 532 02e5 E9050000 		.4byte	.LASF61
 533 02e9 04       		.byte	0x4
 534 02ea 64       		.byte	0x64
 535 02eb BF000000 		.4byte	0xbf
 536 02ef 54       		.byte	0x54
 537 02f0 0A       		.uleb128 0xa
 538 02f1 3D010000 		.4byte	.LASF62
 539 02f5 04       		.byte	0x4
 540 02f6 65       		.byte	0x65
 541 02f7 BF000000 		.4byte	0xbf
 542 02fb 55       		.byte	0x55
 543 02fc 0A       		.uleb128 0xa
 544 02fd 61030000 		.4byte	.LASF63
 545 0301 04       		.byte	0x4
 546 0302 66       		.byte	0x66
 547 0303 BF000000 		.4byte	0xbf
 548 0307 56       		.byte	0x56
 549 0308 0A       		.uleb128 0xa
 550 0309 BA030000 		.4byte	.LASF64
 551 030d 04       		.byte	0x4
 552 030e 67       		.byte	0x67
 553 030f BF000000 		.4byte	0xbf
 554 0313 57       		.byte	0x57
 555 0314 0A       		.uleb128 0xa
 556 0315 1C000000 		.4byte	.LASF65
 557 0319 04       		.byte	0x4
 558 031a 68       		.byte	0x68
 559 031b BF000000 		.4byte	0xbf
 560 031f 58       		.byte	0x58
 561 0320 0A       		.uleb128 0xa
 562 0321 9E050000 		.4byte	.LASF66
 563 0325 04       		.byte	0x4
 564 0326 69       		.byte	0x69
 565 0327 BF000000 		.4byte	0xbf
 566 032b 59       		.byte	0x59
 567 032c 0A       		.uleb128 0xa
 568 032d A2040000 		.4byte	.LASF67
 569 0331 04       		.byte	0x4
 570 0332 6E       		.byte	0x6e
 571 0333 D5000000 		.4byte	0xd5
 572 0337 5A       		.byte	0x5a
 573 0338 0A       		.uleb128 0xa
 574 0339 32070000 		.4byte	.LASF68
 575 033d 04       		.byte	0x4
 576 033e 6F       		.byte	0x6f
 577 033f D5000000 		.4byte	0xd5
 578 0343 5C       		.byte	0x5c
 579 0344 0A       		.uleb128 0xa
 580 0345 C8000000 		.4byte	.LASF69
 581 0349 04       		.byte	0x4
 582 034a 70       		.byte	0x70
 583 034b BF000000 		.4byte	0xbf
 584 034f 5E       		.byte	0x5e
 585 0350 0A       		.uleb128 0xa
ARM GAS  C:\Users\subra\AppData\Local\Temp\ccG4ZjJO.s 			page 14


 586 0351 5B050000 		.4byte	.LASF70
 587 0355 04       		.byte	0x4
 588 0356 71       		.byte	0x71
 589 0357 BF000000 		.4byte	0xbf
 590 035b 5F       		.byte	0x5f
 591 035c 0A       		.uleb128 0xa
 592 035d E3040000 		.4byte	.LASF71
 593 0361 04       		.byte	0x4
 594 0362 72       		.byte	0x72
 595 0363 BF000000 		.4byte	0xbf
 596 0367 60       		.byte	0x60
 597 0368 0A       		.uleb128 0xa
 598 0369 34050000 		.4byte	.LASF72
 599 036d 04       		.byte	0x4
 600 036e 73       		.byte	0x73
 601 036f E0000000 		.4byte	0xe0
 602 0373 64       		.byte	0x64
 603 0374 0A       		.uleb128 0xa
 604 0375 EE000000 		.4byte	.LASF73
 605 0379 04       		.byte	0x4
 606 037a 76       		.byte	0x76
 607 037b D5000000 		.4byte	0xd5
 608 037f 68       		.byte	0x68
 609 0380 0A       		.uleb128 0xa
 610 0381 4F030000 		.4byte	.LASF74
 611 0385 04       		.byte	0x4
 612 0386 77       		.byte	0x77
 613 0387 D5000000 		.4byte	0xd5
 614 038b 6A       		.byte	0x6a
 615 038c 0A       		.uleb128 0xa
 616 038d CE030000 		.4byte	.LASF75
 617 0391 04       		.byte	0x4
 618 0392 78       		.byte	0x78
 619 0393 D5000000 		.4byte	0xd5
 620 0397 6C       		.byte	0x6c
 621 0398 0A       		.uleb128 0xa
 622 0399 F4030000 		.4byte	.LASF76
 623 039d 04       		.byte	0x4
 624 039e 79       		.byte	0x79
 625 039f D5000000 		.4byte	0xd5
 626 03a3 6E       		.byte	0x6e
 627 03a4 0A       		.uleb128 0xa
 628 03a5 BC050000 		.4byte	.LASF77
 629 03a9 04       		.byte	0x4
 630 03aa 7B       		.byte	0x7b
 631 03ab BF000000 		.4byte	0xbf
 632 03af 70       		.byte	0x70
 633 03b0 0A       		.uleb128 0xa
 634 03b1 BB010000 		.4byte	.LASF78
 635 03b5 04       		.byte	0x4
 636 03b6 7C       		.byte	0x7c
 637 03b7 BF000000 		.4byte	0xbf
 638 03bb 71       		.byte	0x71
 639 03bc 0A       		.uleb128 0xa
 640 03bd 61080000 		.4byte	.LASF79
 641 03c1 04       		.byte	0x4
 642 03c2 7D       		.byte	0x7d
ARM GAS  C:\Users\subra\AppData\Local\Temp\ccG4ZjJO.s 			page 15


 643 03c3 BF000000 		.4byte	0xbf
 644 03c7 72       		.byte	0x72
 645 03c8 0A       		.uleb128 0xa
 646 03c9 BE040000 		.4byte	.LASF80
 647 03cd 04       		.byte	0x4
 648 03ce 7E       		.byte	0x7e
 649 03cf BF000000 		.4byte	0xbf
 650 03d3 73       		.byte	0x73
 651 03d4 0A       		.uleb128 0xa
 652 03d5 A0020000 		.4byte	.LASF81
 653 03d9 04       		.byte	0x4
 654 03da 80       		.byte	0x80
 655 03db D5000000 		.4byte	0xd5
 656 03df 74       		.byte	0x74
 657 03e0 0A       		.uleb128 0xa
 658 03e1 DF060000 		.4byte	.LASF82
 659 03e5 04       		.byte	0x4
 660 03e6 81       		.byte	0x81
 661 03e7 D5000000 		.4byte	0xd5
 662 03eb 76       		.byte	0x76
 663 03ec 0A       		.uleb128 0xa
 664 03ed 72020000 		.4byte	.LASF83
 665 03f1 04       		.byte	0x4
 666 03f2 82       		.byte	0x82
 667 03f3 D5000000 		.4byte	0xd5
 668 03f7 78       		.byte	0x78
 669 03f8 0A       		.uleb128 0xa
 670 03f9 92000000 		.4byte	.LASF84
 671 03fd 04       		.byte	0x4
 672 03fe 83       		.byte	0x83
 673 03ff D5000000 		.4byte	0xd5
 674 0403 7A       		.byte	0x7a
 675 0404 0A       		.uleb128 0xa
 676 0405 D1070000 		.4byte	.LASF85
 677 0409 04       		.byte	0x4
 678 040a 86       		.byte	0x86
 679 040b BF000000 		.4byte	0xbf
 680 040f 7C       		.byte	0x7c
 681 0410 0A       		.uleb128 0xa
 682 0411 56070000 		.4byte	.LASF86
 683 0415 04       		.byte	0x4
 684 0416 87       		.byte	0x87
 685 0417 BF000000 		.4byte	0xbf
 686 041b 7D       		.byte	0x7d
 687 041c 0A       		.uleb128 0xa
 688 041d 30000000 		.4byte	.LASF87
 689 0421 04       		.byte	0x4
 690 0422 88       		.byte	0x88
 691 0423 BF000000 		.4byte	0xbf
 692 0427 7E       		.byte	0x7e
 693 0428 0A       		.uleb128 0xa
 694 0429 B2020000 		.4byte	.LASF88
 695 042d 04       		.byte	0x4
 696 042e 89       		.byte	0x89
 697 042f BF000000 		.4byte	0xbf
 698 0433 7F       		.byte	0x7f
 699 0434 0A       		.uleb128 0xa
ARM GAS  C:\Users\subra\AppData\Local\Temp\ccG4ZjJO.s 			page 16


 700 0435 19030000 		.4byte	.LASF89
 701 0439 04       		.byte	0x4
 702 043a 8A       		.byte	0x8a
 703 043b BF000000 		.4byte	0xbf
 704 043f 80       		.byte	0x80
 705 0440 0A       		.uleb128 0xa
 706 0441 4D040000 		.4byte	.LASF90
 707 0445 04       		.byte	0x4
 708 0446 8D       		.byte	0x8d
 709 0447 E0000000 		.4byte	0xe0
 710 044b 84       		.byte	0x84
 711 044c 0A       		.uleb128 0xa
 712 044d A7000000 		.4byte	.LASF91
 713 0451 04       		.byte	0x4
 714 0452 8E       		.byte	0x8e
 715 0453 E0000000 		.4byte	0xe0
 716 0457 88       		.byte	0x88
 717 0458 0A       		.uleb128 0xa
 718 0459 BC070000 		.4byte	.LASF92
 719 045d 04       		.byte	0x4
 720 045e 8F       		.byte	0x8f
 721 045f E0000000 		.4byte	0xe0
 722 0463 8C       		.byte	0x8c
 723 0464 0A       		.uleb128 0xa
 724 0465 84040000 		.4byte	.LASF93
 725 0469 04       		.byte	0x4
 726 046a 90       		.byte	0x90
 727 046b E0000000 		.4byte	0xe0
 728 046f 90       		.byte	0x90
 729 0470 0A       		.uleb128 0xa
 730 0471 FA020000 		.4byte	.LASF94
 731 0475 04       		.byte	0x4
 732 0476 91       		.byte	0x91
 733 0477 E0000000 		.4byte	0xe0
 734 047b 94       		.byte	0x94
 735 047c 0A       		.uleb128 0xa
 736 047d 37040000 		.4byte	.LASF95
 737 0481 04       		.byte	0x4
 738 0482 92       		.byte	0x92
 739 0483 E0000000 		.4byte	0xe0
 740 0487 98       		.byte	0x98
 741 0488 0A       		.uleb128 0xa
 742 0489 F4070000 		.4byte	.LASF96
 743 048d 04       		.byte	0x4
 744 048e 93       		.byte	0x93
 745 048f E0000000 		.4byte	0xe0
 746 0493 9C       		.byte	0x9c
 747 0494 0A       		.uleb128 0xa
 748 0495 08010000 		.4byte	.LASF97
 749 0499 04       		.byte	0x4
 750 049a 94       		.byte	0x94
 751 049b E0000000 		.4byte	0xe0
 752 049f A0       		.byte	0xa0
 753 04a0 0A       		.uleb128 0xa
 754 04a1 F2010000 		.4byte	.LASF98
 755 04a5 04       		.byte	0x4
 756 04a6 95       		.byte	0x95
ARM GAS  C:\Users\subra\AppData\Local\Temp\ccG4ZjJO.s 			page 17


 757 04a7 D5000000 		.4byte	0xd5
 758 04ab A4       		.byte	0xa4
 759 04ac 0A       		.uleb128 0xa
 760 04ad 02060000 		.4byte	.LASF99
 761 04b1 04       		.byte	0x4
 762 04b2 96       		.byte	0x96
 763 04b3 D5000000 		.4byte	0xd5
 764 04b7 A6       		.byte	0xa6
 765 04b8 0A       		.uleb128 0xa
 766 04b9 4F050000 		.4byte	.LASF100
 767 04bd 04       		.byte	0x4
 768 04be 97       		.byte	0x97
 769 04bf D5000000 		.4byte	0xd5
 770 04c3 A8       		.byte	0xa8
 771 04c4 0A       		.uleb128 0xa
 772 04c5 C6060000 		.4byte	.LASF101
 773 04c9 04       		.byte	0x4
 774 04ca 98       		.byte	0x98
 775 04cb D5000000 		.4byte	0xd5
 776 04cf AA       		.byte	0xaa
 777 04d0 0A       		.uleb128 0xa
 778 04d1 DD030000 		.4byte	.LASF102
 779 04d5 04       		.byte	0x4
 780 04d6 99       		.byte	0x99
 781 04d7 D5000000 		.4byte	0xd5
 782 04db AC       		.byte	0xac
 783 04dc 0A       		.uleb128 0xa
 784 04dd D5040000 		.4byte	.LASF103
 785 04e1 04       		.byte	0x4
 786 04e2 9A       		.byte	0x9a
 787 04e3 D5000000 		.4byte	0xd5
 788 04e7 AE       		.byte	0xae
 789 04e8 0A       		.uleb128 0xa
 790 04e9 3B070000 		.4byte	.LASF104
 791 04ed 04       		.byte	0x4
 792 04ee 9D       		.byte	0x9d
 793 04ef D5000000 		.4byte	0xd5
 794 04f3 B0       		.byte	0xb0
 795 04f4 0A       		.uleb128 0xa
 796 04f5 43000000 		.4byte	.LASF105
 797 04f9 04       		.byte	0x4
 798 04fa 9E       		.byte	0x9e
 799 04fb E0000000 		.4byte	0xe0
 800 04ff B4       		.byte	0xb4
 801 0500 00       		.byte	0
 802 0501 03       		.uleb128 0x3
 803 0502 0D040000 		.4byte	.LASF106
 804 0506 04       		.byte	0x4
 805 0507 9F       		.byte	0x9f
 806 0508 F0000000 		.4byte	0xf0
 807 050c 02       		.uleb128 0x2
 808 050d 04       		.byte	0x4
 809 050e 04       		.byte	0x4
 810 050f 2E050000 		.4byte	.LASF107
 811 0513 02       		.uleb128 0x2
 812 0514 08       		.byte	0x8
 813 0515 04       		.byte	0x4
ARM GAS  C:\Users\subra\AppData\Local\Temp\ccG4ZjJO.s 			page 18


 814 0516 6B020000 		.4byte	.LASF108
 815 051a 02       		.uleb128 0x2
 816 051b 01       		.byte	0x1
 817 051c 02       		.byte	0x2
 818 051d 8A050000 		.4byte	.LASF109
 819 0521 06       		.uleb128 0x6
 820 0522 04       		.byte	0x4
 821 0523 27050000 		.4byte	0x527
 822 0527 0B       		.uleb128 0xb
 823 0528 32050000 		.4byte	0x532
 824 052c 0C       		.uleb128 0xc
 825 052d E0000000 		.4byte	0xe0
 826 0531 00       		.byte	0
 827 0532 0D       		.uleb128 0xd
 828 0533 87030000 		.4byte	.LASF110
 829 0537 05       		.byte	0x5
 830 0538 D901     		.2byte	0x1d9
 831 053a 21050000 		.4byte	0x521
 832 053e 0E       		.uleb128 0xe
 833 053f 77080000 		.4byte	.LASF136
 834 0543 38       		.byte	0x38
 835 0544 05       		.byte	0x5
 836 0545 7502     		.2byte	0x275
 837 0547 02060000 		.4byte	0x602
 838 054b 0F       		.uleb128 0xf
 839 054c 0A080000 		.4byte	.LASF111
 840 0550 05       		.byte	0x5
 841 0551 7802     		.2byte	0x278
 842 0553 EB000000 		.4byte	0xeb
 843 0557 00       		.byte	0
 844 0558 0F       		.uleb128 0xf
 845 0559 FF040000 		.4byte	.LASF112
 846 055d 05       		.byte	0x5
 847 055e 7902     		.2byte	0x279
 848 0560 EB000000 		.4byte	0xeb
 849 0564 04       		.byte	0x4
 850 0565 0F       		.uleb128 0xf
 851 0566 FE000000 		.4byte	.LASF113
 852 056a 05       		.byte	0x5
 853 056b 7B02     		.2byte	0x27b
 854 056d 9E000000 		.4byte	0x9e
 855 0571 08       		.byte	0x8
 856 0572 0F       		.uleb128 0xf
 857 0573 11070000 		.4byte	.LASF114
 858 0577 05       		.byte	0x5
 859 0578 7C02     		.2byte	0x27c
 860 057a E0000000 		.4byte	0xe0
 861 057e 0C       		.byte	0xc
 862 057f 0F       		.uleb128 0xf
 863 0580 29040000 		.4byte	.LASF115
 864 0584 05       		.byte	0x5
 865 0585 7D02     		.2byte	0x27d
 866 0587 EB000000 		.4byte	0xeb
 867 058b 10       		.byte	0x10
 868 058c 0F       		.uleb128 0xf
 869 058d E6070000 		.4byte	.LASF116
 870 0591 05       		.byte	0x5
ARM GAS  C:\Users\subra\AppData\Local\Temp\ccG4ZjJO.s 			page 19


 871 0592 7E02     		.2byte	0x27e
 872 0594 EB000000 		.4byte	0xeb
 873 0598 14       		.byte	0x14
 874 0599 0F       		.uleb128 0xf
 875 059a 6F070000 		.4byte	.LASF117
 876 059e 05       		.byte	0x5
 877 059f 8002     		.2byte	0x280
 878 05a1 9E000000 		.4byte	0x9e
 879 05a5 18       		.byte	0x18
 880 05a6 0F       		.uleb128 0xf
 881 05a7 12000000 		.4byte	.LASF118
 882 05ab 05       		.byte	0x5
 883 05ac 8102     		.2byte	0x281
 884 05ae E0000000 		.4byte	0xe0
 885 05b2 1C       		.byte	0x1c
 886 05b3 0F       		.uleb128 0xf
 887 05b4 EB020000 		.4byte	.LASF119
 888 05b8 05       		.byte	0x5
 889 05b9 8202     		.2byte	0x282
 890 05bb EB000000 		.4byte	0xeb
 891 05bf 20       		.byte	0x20
 892 05c0 0F       		.uleb128 0xf
 893 05c1 1E010000 		.4byte	.LASF120
 894 05c5 05       		.byte	0x5
 895 05c6 8402     		.2byte	0x284
 896 05c8 9E000000 		.4byte	0x9e
 897 05cc 24       		.byte	0x24
 898 05cd 0F       		.uleb128 0xf
 899 05ce 0F030000 		.4byte	.LASF121
 900 05d2 05       		.byte	0x5
 901 05d3 8502     		.2byte	0x285
 902 05d5 E0000000 		.4byte	0xe0
 903 05d9 28       		.byte	0x28
 904 05da 0F       		.uleb128 0xf
 905 05db 71050000 		.4byte	.LASF122
 906 05df 05       		.byte	0x5
 907 05e0 8602     		.2byte	0x286
 908 05e2 EB000000 		.4byte	0xeb
 909 05e6 2C       		.byte	0x2c
 910 05e7 0F       		.uleb128 0xf
 911 05e8 EB030000 		.4byte	.LASF123
 912 05ec 05       		.byte	0x5
 913 05ed 8B02     		.2byte	0x28b
 914 05ef 32050000 		.4byte	0x532
 915 05f3 30       		.byte	0x30
 916 05f4 0F       		.uleb128 0xf
 917 05f5 67070000 		.4byte	.LASF124
 918 05f9 05       		.byte	0x5
 919 05fa 8E02     		.2byte	0x28e
 920 05fc E0000000 		.4byte	0xe0
 921 0600 34       		.byte	0x34
 922 0601 00       		.byte	0
 923 0602 0D       		.uleb128 0xd
 924 0603 75070000 		.4byte	.LASF125
 925 0607 05       		.byte	0x5
 926 0608 9102     		.2byte	0x291
 927 060a 3E050000 		.4byte	0x53e
ARM GAS  C:\Users\subra\AppData\Local\Temp\ccG4ZjJO.s 			page 20


 928 060e 10       		.uleb128 0x10
 929 060f 64040000 		.4byte	.LASF126
 930 0613 01       		.byte	0x1
 931 0614 4F       		.byte	0x4f
 932 0615 89000000 		.4byte	0x89
 933 0619 00000000 		.4byte	.LFB393
 934 061d 24000000 		.4byte	.LFE393-.LFB393
 935 0621 01       		.uleb128 0x1
 936 0622 9C       		.byte	0x9c
 937 0623 6C060000 		.4byte	0x66c
 938 0627 11       		.uleb128 0x11
 939 0628 666400   		.ascii	"fd\000"
 940 062b 01       		.byte	0x1
 941 062c 4F       		.byte	0x4f
 942 062d 89000000 		.4byte	0x89
 943 0631 00000000 		.4byte	.LLST0
 944 0635 11       		.uleb128 0x11
 945 0636 70747200 		.ascii	"ptr\000"
 946 063a 01       		.byte	0x1
 947 063b 4F       		.byte	0x4f
 948 063c B4000000 		.4byte	0xb4
 949 0640 3A000000 		.4byte	.LLST1
 950 0644 11       		.uleb128 0x11
 951 0645 6C656E00 		.ascii	"len\000"
 952 0649 01       		.byte	0x1
 953 064a 4F       		.byte	0x4f
 954 064b 89000000 		.4byte	0x89
 955 064f 6E000000 		.4byte	.LLST2
 956 0653 12       		.uleb128 0x12
 957 0654 24010000 		.4byte	.LASF128
 958 0658 01       		.byte	0x1
 959 0659 51       		.byte	0x51
 960 065a 89000000 		.4byte	0x89
 961 065e B0000000 		.4byte	.LLST3
 962 0662 13       		.uleb128 0x13
 963 0663 14000000 		.4byte	.LVL3
 964 0667 EB060000 		.4byte	0x6eb
 965 066b 00       		.byte	0
 966 066c 10       		.uleb128 0x10
 967 066d F4020000 		.4byte	.LASF127
 968 0671 01       		.byte	0x1
 969 0672 85       		.byte	0x85
 970 0673 89000000 		.4byte	0x89
 971 0677 00000000 		.4byte	.LFB394
 972 067b 2E000000 		.4byte	.LFE394-.LFB394
 973 067f 01       		.uleb128 0x1
 974 0680 9C       		.byte	0x9c
 975 0681 CA060000 		.4byte	0x6ca
 976 0685 11       		.uleb128 0x11
 977 0686 666400   		.ascii	"fd\000"
 978 0689 01       		.byte	0x1
 979 068a 85       		.byte	0x85
 980 068b 89000000 		.4byte	0x89
 981 068f F1000000 		.4byte	.LLST4
 982 0693 11       		.uleb128 0x11
 983 0694 70747200 		.ascii	"ptr\000"
 984 0698 01       		.byte	0x1
ARM GAS  C:\Users\subra\AppData\Local\Temp\ccG4ZjJO.s 			page 21


 985 0699 85       		.byte	0x85
 986 069a A7000000 		.4byte	0xa7
 987 069e 2B010000 		.4byte	.LLST5
 988 06a2 11       		.uleb128 0x11
 989 06a3 6C656E00 		.ascii	"len\000"
 990 06a7 01       		.byte	0x1
 991 06a8 85       		.byte	0x85
 992 06a9 89000000 		.4byte	0x89
 993 06ad 5F010000 		.4byte	.LLST6
 994 06b1 12       		.uleb128 0x12
 995 06b2 24010000 		.4byte	.LASF128
 996 06b6 01       		.byte	0x1
 997 06b7 87       		.byte	0x87
 998 06b8 89000000 		.4byte	0x89
 999 06bc A1010000 		.4byte	.LLST7
 1000 06c0 13       		.uleb128 0x13
 1001 06c1 12000000 		.4byte	.LVL15
 1002 06c5 F6060000 		.4byte	0x6f6
 1003 06c9 00       		.byte	0
 1004 06ca 14       		.uleb128 0x14
 1005 06cb 45050000 		.4byte	.LASF129
 1006 06cf 04       		.byte	0x4
 1007 06d0 A7       		.byte	0xa7
 1008 06d1 D5060000 		.4byte	0x6d5
 1009 06d5 06       		.uleb128 0x6
 1010 06d6 04       		.byte	0x4
 1011 06d7 DB060000 		.4byte	0x6db
 1012 06db 07       		.uleb128 0x7
 1013 06dc 01050000 		.4byte	0x501
 1014 06e0 14       		.uleb128 0x14
 1015 06e1 29020000 		.4byte	.LASF130
 1016 06e5 06       		.byte	0x6
 1017 06e6 87       		.byte	0x87
 1018 06e7 02060000 		.4byte	0x602
 1019 06eb 15       		.uleb128 0x15
 1020 06ec 92020000 		.4byte	.LASF131
 1021 06f0 92020000 		.4byte	.LASF131
 1022 06f4 07       		.byte	0x7
 1023 06f5 BA       		.byte	0xba
 1024 06f6 15       		.uleb128 0x15
 1025 06f7 D0010000 		.4byte	.LASF132
 1026 06fb D0010000 		.4byte	.LASF132
 1027 06ff 07       		.byte	0x7
 1028 0700 BE       		.byte	0xbe
 1029 0701 00       		.byte	0
 1030              		.section	.debug_abbrev,"",%progbits
 1031              	.Ldebug_abbrev0:
 1032 0000 01       		.uleb128 0x1
 1033 0001 11       		.uleb128 0x11
 1034 0002 01       		.byte	0x1
 1035 0003 25       		.uleb128 0x25
 1036 0004 0E       		.uleb128 0xe
 1037 0005 13       		.uleb128 0x13
 1038 0006 0B       		.uleb128 0xb
 1039 0007 03       		.uleb128 0x3
 1040 0008 0E       		.uleb128 0xe
 1041 0009 1B       		.uleb128 0x1b
ARM GAS  C:\Users\subra\AppData\Local\Temp\ccG4ZjJO.s 			page 22


 1042 000a 0E       		.uleb128 0xe
 1043 000b 55       		.uleb128 0x55
 1044 000c 17       		.uleb128 0x17
 1045 000d 11       		.uleb128 0x11
 1046 000e 01       		.uleb128 0x1
 1047 000f 10       		.uleb128 0x10
 1048 0010 17       		.uleb128 0x17
 1049 0011 00       		.byte	0
 1050 0012 00       		.byte	0
 1051 0013 02       		.uleb128 0x2
 1052 0014 24       		.uleb128 0x24
 1053 0015 00       		.byte	0
 1054 0016 0B       		.uleb128 0xb
 1055 0017 0B       		.uleb128 0xb
 1056 0018 3E       		.uleb128 0x3e
 1057 0019 0B       		.uleb128 0xb
 1058 001a 03       		.uleb128 0x3
 1059 001b 0E       		.uleb128 0xe
 1060 001c 00       		.byte	0
 1061 001d 00       		.byte	0
 1062 001e 03       		.uleb128 0x3
 1063 001f 16       		.uleb128 0x16
 1064 0020 00       		.byte	0
 1065 0021 03       		.uleb128 0x3
 1066 0022 0E       		.uleb128 0xe
 1067 0023 3A       		.uleb128 0x3a
 1068 0024 0B       		.uleb128 0xb
 1069 0025 3B       		.uleb128 0x3b
 1070 0026 0B       		.uleb128 0xb
 1071 0027 49       		.uleb128 0x49
 1072 0028 13       		.uleb128 0x13
 1073 0029 00       		.byte	0
 1074 002a 00       		.byte	0
 1075 002b 04       		.uleb128 0x4
 1076 002c 24       		.uleb128 0x24
 1077 002d 00       		.byte	0
 1078 002e 0B       		.uleb128 0xb
 1079 002f 0B       		.uleb128 0xb
 1080 0030 3E       		.uleb128 0x3e
 1081 0031 0B       		.uleb128 0xb
 1082 0032 03       		.uleb128 0x3
 1083 0033 08       		.uleb128 0x8
 1084 0034 00       		.byte	0
 1085 0035 00       		.byte	0
 1086 0036 05       		.uleb128 0x5
 1087 0037 0F       		.uleb128 0xf
 1088 0038 00       		.byte	0
 1089 0039 0B       		.uleb128 0xb
 1090 003a 0B       		.uleb128 0xb
 1091 003b 00       		.byte	0
 1092 003c 00       		.byte	0
 1093 003d 06       		.uleb128 0x6
 1094 003e 0F       		.uleb128 0xf
 1095 003f 00       		.byte	0
 1096 0040 0B       		.uleb128 0xb
 1097 0041 0B       		.uleb128 0xb
 1098 0042 49       		.uleb128 0x49
ARM GAS  C:\Users\subra\AppData\Local\Temp\ccG4ZjJO.s 			page 23


 1099 0043 13       		.uleb128 0x13
 1100 0044 00       		.byte	0
 1101 0045 00       		.byte	0
 1102 0046 07       		.uleb128 0x7
 1103 0047 26       		.uleb128 0x26
 1104 0048 00       		.byte	0
 1105 0049 49       		.uleb128 0x49
 1106 004a 13       		.uleb128 0x13
 1107 004b 00       		.byte	0
 1108 004c 00       		.byte	0
 1109 004d 08       		.uleb128 0x8
 1110 004e 35       		.uleb128 0x35
 1111 004f 00       		.byte	0
 1112 0050 49       		.uleb128 0x49
 1113 0051 13       		.uleb128 0x13
 1114 0052 00       		.byte	0
 1115 0053 00       		.byte	0
 1116 0054 09       		.uleb128 0x9
 1117 0055 13       		.uleb128 0x13
 1118 0056 01       		.byte	0x1
 1119 0057 0B       		.uleb128 0xb
 1120 0058 0B       		.uleb128 0xb
 1121 0059 3A       		.uleb128 0x3a
 1122 005a 0B       		.uleb128 0xb
 1123 005b 3B       		.uleb128 0x3b
 1124 005c 0B       		.uleb128 0xb
 1125 005d 01       		.uleb128 0x1
 1126 005e 13       		.uleb128 0x13
 1127 005f 00       		.byte	0
 1128 0060 00       		.byte	0
 1129 0061 0A       		.uleb128 0xa
 1130 0062 0D       		.uleb128 0xd
 1131 0063 00       		.byte	0
 1132 0064 03       		.uleb128 0x3
 1133 0065 0E       		.uleb128 0xe
 1134 0066 3A       		.uleb128 0x3a
 1135 0067 0B       		.uleb128 0xb
 1136 0068 3B       		.uleb128 0x3b
 1137 0069 0B       		.uleb128 0xb
 1138 006a 49       		.uleb128 0x49
 1139 006b 13       		.uleb128 0x13
 1140 006c 38       		.uleb128 0x38
 1141 006d 0B       		.uleb128 0xb
 1142 006e 00       		.byte	0
 1143 006f 00       		.byte	0
 1144 0070 0B       		.uleb128 0xb
 1145 0071 15       		.uleb128 0x15
 1146 0072 01       		.byte	0x1
 1147 0073 27       		.uleb128 0x27
 1148 0074 19       		.uleb128 0x19
 1149 0075 01       		.uleb128 0x1
 1150 0076 13       		.uleb128 0x13
 1151 0077 00       		.byte	0
 1152 0078 00       		.byte	0
 1153 0079 0C       		.uleb128 0xc
 1154 007a 05       		.uleb128 0x5
 1155 007b 00       		.byte	0
ARM GAS  C:\Users\subra\AppData\Local\Temp\ccG4ZjJO.s 			page 24


 1156 007c 49       		.uleb128 0x49
 1157 007d 13       		.uleb128 0x13
 1158 007e 00       		.byte	0
 1159 007f 00       		.byte	0
 1160 0080 0D       		.uleb128 0xd
 1161 0081 16       		.uleb128 0x16
 1162 0082 00       		.byte	0
 1163 0083 03       		.uleb128 0x3
 1164 0084 0E       		.uleb128 0xe
 1165 0085 3A       		.uleb128 0x3a
 1166 0086 0B       		.uleb128 0xb
 1167 0087 3B       		.uleb128 0x3b
 1168 0088 05       		.uleb128 0x5
 1169 0089 49       		.uleb128 0x49
 1170 008a 13       		.uleb128 0x13
 1171 008b 00       		.byte	0
 1172 008c 00       		.byte	0
 1173 008d 0E       		.uleb128 0xe
 1174 008e 13       		.uleb128 0x13
 1175 008f 01       		.byte	0x1
 1176 0090 03       		.uleb128 0x3
 1177 0091 0E       		.uleb128 0xe
 1178 0092 0B       		.uleb128 0xb
 1179 0093 0B       		.uleb128 0xb
 1180 0094 3A       		.uleb128 0x3a
 1181 0095 0B       		.uleb128 0xb
 1182 0096 3B       		.uleb128 0x3b
 1183 0097 05       		.uleb128 0x5
 1184 0098 01       		.uleb128 0x1
 1185 0099 13       		.uleb128 0x13
 1186 009a 00       		.byte	0
 1187 009b 00       		.byte	0
 1188 009c 0F       		.uleb128 0xf
 1189 009d 0D       		.uleb128 0xd
 1190 009e 00       		.byte	0
 1191 009f 03       		.uleb128 0x3
 1192 00a0 0E       		.uleb128 0xe
 1193 00a1 3A       		.uleb128 0x3a
 1194 00a2 0B       		.uleb128 0xb
 1195 00a3 3B       		.uleb128 0x3b
 1196 00a4 05       		.uleb128 0x5
 1197 00a5 49       		.uleb128 0x49
 1198 00a6 13       		.uleb128 0x13
 1199 00a7 38       		.uleb128 0x38
 1200 00a8 0B       		.uleb128 0xb
 1201 00a9 00       		.byte	0
 1202 00aa 00       		.byte	0
 1203 00ab 10       		.uleb128 0x10
 1204 00ac 2E       		.uleb128 0x2e
 1205 00ad 01       		.byte	0x1
 1206 00ae 3F       		.uleb128 0x3f
 1207 00af 19       		.uleb128 0x19
 1208 00b0 03       		.uleb128 0x3
 1209 00b1 0E       		.uleb128 0xe
 1210 00b2 3A       		.uleb128 0x3a
 1211 00b3 0B       		.uleb128 0xb
 1212 00b4 3B       		.uleb128 0x3b
ARM GAS  C:\Users\subra\AppData\Local\Temp\ccG4ZjJO.s 			page 25


 1213 00b5 0B       		.uleb128 0xb
 1214 00b6 27       		.uleb128 0x27
 1215 00b7 19       		.uleb128 0x19
 1216 00b8 49       		.uleb128 0x49
 1217 00b9 13       		.uleb128 0x13
 1218 00ba 11       		.uleb128 0x11
 1219 00bb 01       		.uleb128 0x1
 1220 00bc 12       		.uleb128 0x12
 1221 00bd 06       		.uleb128 0x6
 1222 00be 40       		.uleb128 0x40
 1223 00bf 18       		.uleb128 0x18
 1224 00c0 9742     		.uleb128 0x2117
 1225 00c2 19       		.uleb128 0x19
 1226 00c3 01       		.uleb128 0x1
 1227 00c4 13       		.uleb128 0x13
 1228 00c5 00       		.byte	0
 1229 00c6 00       		.byte	0
 1230 00c7 11       		.uleb128 0x11
 1231 00c8 05       		.uleb128 0x5
 1232 00c9 00       		.byte	0
 1233 00ca 03       		.uleb128 0x3
 1234 00cb 08       		.uleb128 0x8
 1235 00cc 3A       		.uleb128 0x3a
 1236 00cd 0B       		.uleb128 0xb
 1237 00ce 3B       		.uleb128 0x3b
 1238 00cf 0B       		.uleb128 0xb
 1239 00d0 49       		.uleb128 0x49
 1240 00d1 13       		.uleb128 0x13
 1241 00d2 02       		.uleb128 0x2
 1242 00d3 17       		.uleb128 0x17
 1243 00d4 00       		.byte	0
 1244 00d5 00       		.byte	0
 1245 00d6 12       		.uleb128 0x12
 1246 00d7 34       		.uleb128 0x34
 1247 00d8 00       		.byte	0
 1248 00d9 03       		.uleb128 0x3
 1249 00da 0E       		.uleb128 0xe
 1250 00db 3A       		.uleb128 0x3a
 1251 00dc 0B       		.uleb128 0xb
 1252 00dd 3B       		.uleb128 0x3b
 1253 00de 0B       		.uleb128 0xb
 1254 00df 49       		.uleb128 0x49
 1255 00e0 13       		.uleb128 0x13
 1256 00e1 02       		.uleb128 0x2
 1257 00e2 17       		.uleb128 0x17
 1258 00e3 00       		.byte	0
 1259 00e4 00       		.byte	0
 1260 00e5 13       		.uleb128 0x13
 1261 00e6 898201   		.uleb128 0x4109
 1262 00e9 00       		.byte	0
 1263 00ea 11       		.uleb128 0x11
 1264 00eb 01       		.uleb128 0x1
 1265 00ec 31       		.uleb128 0x31
 1266 00ed 13       		.uleb128 0x13
 1267 00ee 00       		.byte	0
 1268 00ef 00       		.byte	0
 1269 00f0 14       		.uleb128 0x14
ARM GAS  C:\Users\subra\AppData\Local\Temp\ccG4ZjJO.s 			page 26


 1270 00f1 34       		.uleb128 0x34
 1271 00f2 00       		.byte	0
 1272 00f3 03       		.uleb128 0x3
 1273 00f4 0E       		.uleb128 0xe
 1274 00f5 3A       		.uleb128 0x3a
 1275 00f6 0B       		.uleb128 0xb
 1276 00f7 3B       		.uleb128 0x3b
 1277 00f8 0B       		.uleb128 0xb
 1278 00f9 49       		.uleb128 0x49
 1279 00fa 13       		.uleb128 0x13
 1280 00fb 3F       		.uleb128 0x3f
 1281 00fc 19       		.uleb128 0x19
 1282 00fd 3C       		.uleb128 0x3c
 1283 00fe 19       		.uleb128 0x19
 1284 00ff 00       		.byte	0
 1285 0100 00       		.byte	0
 1286 0101 15       		.uleb128 0x15
 1287 0102 2E       		.uleb128 0x2e
 1288 0103 00       		.byte	0
 1289 0104 3F       		.uleb128 0x3f
 1290 0105 19       		.uleb128 0x19
 1291 0106 3C       		.uleb128 0x3c
 1292 0107 19       		.uleb128 0x19
 1293 0108 6E       		.uleb128 0x6e
 1294 0109 0E       		.uleb128 0xe
 1295 010a 03       		.uleb128 0x3
 1296 010b 0E       		.uleb128 0xe
 1297 010c 3A       		.uleb128 0x3a
 1298 010d 0B       		.uleb128 0xb
 1299 010e 3B       		.uleb128 0x3b
 1300 010f 0B       		.uleb128 0xb
 1301 0110 00       		.byte	0
 1302 0111 00       		.byte	0
 1303 0112 00       		.byte	0
 1304              		.section	.debug_loc,"",%progbits
 1305              	.Ldebug_loc0:
 1306              	.LLST0:
 1307 0000 00000000 		.4byte	.LVL0
 1308 0004 0E000000 		.4byte	.LVL2
 1309 0008 0100     		.2byte	0x1
 1310 000a 50       		.byte	0x50
 1311 000b 0E000000 		.4byte	.LVL2
 1312 000f 1A000000 		.4byte	.LVL6
 1313 0013 0400     		.2byte	0x4
 1314 0015 F3       		.byte	0xf3
 1315 0016 01       		.uleb128 0x1
 1316 0017 50       		.byte	0x50
 1317 0018 9F       		.byte	0x9f
 1318 0019 1A000000 		.4byte	.LVL6
 1319 001d 1C000000 		.4byte	.LVL7
 1320 0021 0100     		.2byte	0x1
 1321 0023 50       		.byte	0x50
 1322 0024 1C000000 		.4byte	.LVL7
 1323 0028 24000000 		.4byte	.LFE393
 1324 002c 0400     		.2byte	0x4
 1325 002e F3       		.byte	0xf3
 1326 002f 01       		.uleb128 0x1
ARM GAS  C:\Users\subra\AppData\Local\Temp\ccG4ZjJO.s 			page 27


 1327 0030 50       		.byte	0x50
 1328 0031 9F       		.byte	0x9f
 1329 0032 00000000 		.4byte	0
 1330 0036 00000000 		.4byte	0
 1331              	.LLST1:
 1332 003a 00000000 		.4byte	.LVL0
 1333 003e 0E000000 		.4byte	.LVL2
 1334 0042 0100     		.2byte	0x1
 1335 0044 51       		.byte	0x51
 1336 0045 0E000000 		.4byte	.LVL2
 1337 0049 1A000000 		.4byte	.LVL6
 1338 004d 0100     		.2byte	0x1
 1339 004f 55       		.byte	0x55
 1340 0050 1A000000 		.4byte	.LVL6
 1341 0054 1C000000 		.4byte	.LVL7
 1342 0058 0100     		.2byte	0x1
 1343 005a 51       		.byte	0x51
 1344 005b 1C000000 		.4byte	.LVL7
 1345 005f 22000000 		.4byte	.LVL10
 1346 0063 0100     		.2byte	0x1
 1347 0065 55       		.byte	0x55
 1348 0066 00000000 		.4byte	0
 1349 006a 00000000 		.4byte	0
 1350              	.LLST2:
 1351 006e 00000000 		.4byte	.LVL0
 1352 0072 0E000000 		.4byte	.LVL2
 1353 0076 0100     		.2byte	0x1
 1354 0078 52       		.byte	0x52
 1355 0079 0E000000 		.4byte	.LVL2
 1356 007d 1A000000 		.4byte	.LVL6
 1357 0081 0100     		.2byte	0x1
 1358 0083 56       		.byte	0x56
 1359 0084 1A000000 		.4byte	.LVL6
 1360 0088 1C000000 		.4byte	.LVL7
 1361 008c 0100     		.2byte	0x1
 1362 008e 52       		.byte	0x52
 1363 008f 1C000000 		.4byte	.LVL7
 1364 0093 22000000 		.4byte	.LVL11
 1365 0097 0100     		.2byte	0x1
 1366 0099 56       		.byte	0x56
 1367 009a 22000000 		.4byte	.LVL11
 1368 009e 24000000 		.4byte	.LFE393
 1369 00a2 0400     		.2byte	0x4
 1370 00a4 F3       		.byte	0xf3
 1371 00a5 01       		.uleb128 0x1
 1372 00a6 52       		.byte	0x52
 1373 00a7 9F       		.byte	0x9f
 1374 00a8 00000000 		.4byte	0
 1375 00ac 00000000 		.4byte	0
 1376              	.LLST3:
 1377 00b0 06000000 		.4byte	.LVL1
 1378 00b4 0E000000 		.4byte	.LVL2
 1379 00b8 0200     		.2byte	0x2
 1380 00ba 30       		.byte	0x30
 1381 00bb 9F       		.byte	0x9f
 1382 00bc 0E000000 		.4byte	.LVL2
 1383 00c0 1A000000 		.4byte	.LVL6
ARM GAS  C:\Users\subra\AppData\Local\Temp\ccG4ZjJO.s 			page 28


 1384 00c4 0100     		.2byte	0x1
 1385 00c6 54       		.byte	0x54
 1386 00c7 1A000000 		.4byte	.LVL6
 1387 00cb 1C000000 		.4byte	.LVL7
 1388 00cf 0200     		.2byte	0x2
 1389 00d1 30       		.byte	0x30
 1390 00d2 9F       		.byte	0x9f
 1391 00d3 1C000000 		.4byte	.LVL7
 1392 00d7 22000000 		.4byte	.LVL9
 1393 00db 0100     		.2byte	0x1
 1394 00dd 54       		.byte	0x54
 1395 00de 22000000 		.4byte	.LVL9
 1396 00e2 24000000 		.4byte	.LFE393
 1397 00e6 0100     		.2byte	0x1
 1398 00e8 50       		.byte	0x50
 1399 00e9 00000000 		.4byte	0
 1400 00ed 00000000 		.4byte	0
 1401              	.LLST4:
 1402 00f1 00000000 		.4byte	.LVL12
 1403 00f5 0E000000 		.4byte	.LVL14
 1404 00f9 0100     		.2byte	0x1
 1405 00fb 50       		.byte	0x50
 1406 00fc 0E000000 		.4byte	.LVL14
 1407 0100 24000000 		.4byte	.LVL18
 1408 0104 0400     		.2byte	0x4
 1409 0106 F3       		.byte	0xf3
 1410 0107 01       		.uleb128 0x1
 1411 0108 50       		.byte	0x50
 1412 0109 9F       		.byte	0x9f
 1413 010a 24000000 		.4byte	.LVL18
 1414 010e 26000000 		.4byte	.LVL19
 1415 0112 0100     		.2byte	0x1
 1416 0114 50       		.byte	0x50
 1417 0115 26000000 		.4byte	.LVL19
 1418 0119 2E000000 		.4byte	.LFE394
 1419 011d 0400     		.2byte	0x4
 1420 011f F3       		.byte	0xf3
 1421 0120 01       		.uleb128 0x1
 1422 0121 50       		.byte	0x50
 1423 0122 9F       		.byte	0x9f
 1424 0123 00000000 		.4byte	0
 1425 0127 00000000 		.4byte	0
 1426              	.LLST5:
 1427 012b 00000000 		.4byte	.LVL12
 1428 012f 0E000000 		.4byte	.LVL14
 1429 0133 0100     		.2byte	0x1
 1430 0135 51       		.byte	0x51
 1431 0136 0E000000 		.4byte	.LVL14
 1432 013a 24000000 		.4byte	.LVL18
 1433 013e 0100     		.2byte	0x1
 1434 0140 55       		.byte	0x55
 1435 0141 24000000 		.4byte	.LVL18
 1436 0145 26000000 		.4byte	.LVL19
 1437 0149 0100     		.2byte	0x1
 1438 014b 51       		.byte	0x51
 1439 014c 26000000 		.4byte	.LVL19
 1440 0150 2C000000 		.4byte	.LVL22
ARM GAS  C:\Users\subra\AppData\Local\Temp\ccG4ZjJO.s 			page 29


 1441 0154 0100     		.2byte	0x1
 1442 0156 55       		.byte	0x55
 1443 0157 00000000 		.4byte	0
 1444 015b 00000000 		.4byte	0
 1445              	.LLST6:
 1446 015f 00000000 		.4byte	.LVL12
 1447 0163 0E000000 		.4byte	.LVL14
 1448 0167 0100     		.2byte	0x1
 1449 0169 52       		.byte	0x52
 1450 016a 0E000000 		.4byte	.LVL14
 1451 016e 24000000 		.4byte	.LVL18
 1452 0172 0100     		.2byte	0x1
 1453 0174 56       		.byte	0x56
 1454 0175 24000000 		.4byte	.LVL18
 1455 0179 26000000 		.4byte	.LVL19
 1456 017d 0100     		.2byte	0x1
 1457 017f 52       		.byte	0x52
 1458 0180 26000000 		.4byte	.LVL19
 1459 0184 2C000000 		.4byte	.LVL23
 1460 0188 0100     		.2byte	0x1
 1461 018a 56       		.byte	0x56
 1462 018b 2C000000 		.4byte	.LVL23
 1463 018f 2E000000 		.4byte	.LFE394
 1464 0193 0400     		.2byte	0x4
 1465 0195 F3       		.byte	0xf3
 1466 0196 01       		.uleb128 0x1
 1467 0197 52       		.byte	0x52
 1468 0198 9F       		.byte	0x9f
 1469 0199 00000000 		.4byte	0
 1470 019d 00000000 		.4byte	0
 1471              	.LLST7:
 1472 01a1 06000000 		.4byte	.LVL13
 1473 01a5 0E000000 		.4byte	.LVL14
 1474 01a9 0200     		.2byte	0x2
 1475 01ab 30       		.byte	0x30
 1476 01ac 9F       		.byte	0x9f
 1477 01ad 0E000000 		.4byte	.LVL14
 1478 01b1 24000000 		.4byte	.LVL18
 1479 01b5 0100     		.2byte	0x1
 1480 01b7 54       		.byte	0x54
 1481 01b8 24000000 		.4byte	.LVL18
 1482 01bc 26000000 		.4byte	.LVL19
 1483 01c0 0200     		.2byte	0x2
 1484 01c2 30       		.byte	0x30
 1485 01c3 9F       		.byte	0x9f
 1486 01c4 26000000 		.4byte	.LVL19
 1487 01c8 2C000000 		.4byte	.LVL21
 1488 01cc 0100     		.2byte	0x1
 1489 01ce 54       		.byte	0x54
 1490 01cf 2C000000 		.4byte	.LVL21
 1491 01d3 2E000000 		.4byte	.LFE394
 1492 01d7 0100     		.2byte	0x1
 1493 01d9 50       		.byte	0x50
 1494 01da 00000000 		.4byte	0
 1495 01de 00000000 		.4byte	0
 1496              		.section	.debug_aranges,"",%progbits
 1497 0000 24000000 		.4byte	0x24
ARM GAS  C:\Users\subra\AppData\Local\Temp\ccG4ZjJO.s 			page 30


 1498 0004 0200     		.2byte	0x2
 1499 0006 00000000 		.4byte	.Ldebug_info0
 1500 000a 04       		.byte	0x4
 1501 000b 00       		.byte	0
 1502 000c 0000     		.2byte	0
 1503 000e 0000     		.2byte	0
 1504 0010 00000000 		.4byte	.LFB393
 1505 0014 24000000 		.4byte	.LFE393-.LFB393
 1506 0018 00000000 		.4byte	.LFB394
 1507 001c 2E000000 		.4byte	.LFE394-.LFB394
 1508 0020 00000000 		.4byte	0
 1509 0024 00000000 		.4byte	0
 1510              		.section	.debug_ranges,"",%progbits
 1511              	.Ldebug_ranges0:
 1512 0000 00000000 		.4byte	.LFB393
 1513 0004 24000000 		.4byte	.LFE393
 1514 0008 00000000 		.4byte	.LFB394
 1515 000c 2E000000 		.4byte	.LFE394
 1516 0010 00000000 		.4byte	0
 1517 0014 00000000 		.4byte	0
 1518              		.section	.debug_line,"",%progbits
 1519              	.Ldebug_line0:
 1520 0000 67020000 		.section	.debug_str,"MS",%progbits,1
 1520      02000B02 
 1520      00000201 
 1520      FB0E0D00 
 1520      01010101 
 1521              	.LASF55:
 1522 0000 70726F74 		.ascii	"protBusMasterMask\000"
 1522      4275734D 
 1522      61737465 
 1522      724D6173 
 1522      6B00
 1523              	.LASF118:
 1524 0012 72784275 		.ascii	"rxBufSize\000"
 1524      6653697A 
 1524      6500
 1525              	.LASF65:
 1526 001c 666C6173 		.ascii	"flashCtlMainWs3Freq\000"
 1526      6843746C 
 1526      4D61696E 
 1526      57733346 
 1526      72657100 
 1527              	.LASF87:
 1528 0030 6770696F 		.ascii	"gpioPrtCfgInOffset\000"
 1528      50727443 
 1528      6667496E 
 1528      4F666673 
 1528      657400
 1529              	.LASF105:
 1530 0043 6970634C 		.ascii	"ipcLockStatusOffset\000"
 1530      6F636B53 
 1530      74617475 
 1530      734F6666 
 1530      73657400 
 1531              	.LASF31:
 1532 0057 63727970 		.ascii	"cryptoVersion\000"
ARM GAS  C:\Users\subra\AppData\Local\Temp\ccG4ZjJO.s 			page 31


 1532      746F5665 
 1532      7273696F 
 1532      6E00
 1533              	.LASF49:
 1534 0065 70657269 		.ascii	"periClockNr\000"
 1534      436C6F63 
 1534      6B4E7200 
 1535              	.LASF27:
 1536 0071 70617373 		.ascii	"passBase\000"
 1536      42617365 
 1536      00
 1537              	.LASF40:
 1538 007a 63707573 		.ascii	"cpussIpcIrqNr\000"
 1538      73497063 
 1538      4972714E 
 1538      7200
 1539              	.LASF2:
 1540 0088 5F5F7569 		.ascii	"__uint8_t\000"
 1540      6E74385F 
 1540      7400
 1541              	.LASF84:
 1542 0092 70657269 		.ascii	"periDiv24_5CtlOffset\000"
 1542      44697632 
 1542      345F3543 
 1542      746C4F66 
 1542      66736574 
 1543              	.LASF91:
 1544 00a7 63707573 		.ascii	"cpussCm4ClockCtlOffset\000"
 1544      73436D34 
 1544      436C6F63 
 1544      6B43746C 
 1544      4F666673 
 1545              	.LASF20:
 1546 00be 63707573 		.ascii	"cpussBase\000"
 1546      73426173 
 1546      6500
 1547              	.LASF69:
 1548 00c8 64774368 		.ascii	"dwChCtlPrioPos\000"
 1548      43746C50 
 1548      72696F50 
 1548      6F7300
 1549              	.LASF11:
 1550 00d7 6C6F6E67 		.ascii	"long long unsigned int\000"
 1550      206C6F6E 
 1550      6720756E 
 1550      7369676E 
 1550      65642069 
 1551              	.LASF73:
 1552 00ee 70657269 		.ascii	"periTrCmdOffset\000"
 1552      5472436D 
 1552      644F6666 
 1552      73657400 
 1553              	.LASF113:
 1554 00fe 72785269 		.ascii	"rxRingBuf\000"
 1554      6E674275 
 1554      6600
 1555              	.LASF97:
ARM GAS  C:\Users\subra\AppData\Local\Temp\ccG4ZjJO.s 			page 32


 1556 0108 63707573 		.ascii	"cpussSysTickCtlOffset\000"
 1556      73537973 
 1556      5469636B 
 1556      43746C4F 
 1556      66667365 
 1557              	.LASF120:
 1558 011e 74784275 		.ascii	"txBuf\000"
 1558      6600
 1559              	.LASF128:
 1560 0124 6E436861 		.ascii	"nChars\000"
 1560      727300
 1561              	.LASF58:
 1562 012b 666C6173 		.ascii	"flashPipeRequired\000"
 1562      68506970 
 1562      65526571 
 1562      75697265 
 1562      6400
 1563              	.LASF62:
 1564 013d 666C6173 		.ascii	"flashCtlMainWs0Freq\000"
 1564      6843746C 
 1564      4D61696E 
 1564      57733046 
 1564      72657100 
 1565              	.LASF17:
 1566 0151 696E7431 		.ascii	"int16_t\000"
 1566      365F7400 
 1567              	.LASF135:
 1568 0159 443A5C50 		.ascii	"D:\\Projects\\NS\\Neural-Stimulator-Firmware\\new\\"
 1568      726F6A65 
 1568      6374735C 
 1568      4E535C4E 
 1568      65757261 
 1569 0187 50534F43 		.ascii	"PSOC6\\CustomService.cydsn\000"
 1569      365C4375 
 1569      73746F6D 
 1569      53657276 
 1569      6963652E 
 1570              	.LASF10:
 1571 01a1 6C6F6E67 		.ascii	"long long int\000"
 1571      206C6F6E 
 1571      6720696E 
 1571      7400
 1572              	.LASF0:
 1573 01af 7369676E 		.ascii	"signed char\000"
 1573      65642063 
 1573      68617200 
 1574              	.LASF78:
 1575 01bb 70657269 		.ascii	"periDivCmdTypeSelPos\000"
 1575      44697643 
 1575      6D645479 
 1575      70655365 
 1575      6C506F73 
 1576              	.LASF132:
 1577 01d0 53544449 		.ascii	"STDIO_GetChar\000"
 1577      4F5F4765 
 1577      74436861 
 1577      7200
ARM GAS  C:\Users\subra\AppData\Local\Temp\ccG4ZjJO.s 			page 33


 1578              	.LASF24:
 1579 01de 70726F74 		.ascii	"protBase\000"
 1579      42617365 
 1579      00
 1580              	.LASF36:
 1581 01e7 69706356 		.ascii	"ipcVersion\000"
 1581      65727369 
 1581      6F6E00
 1582              	.LASF98:
 1583 01f2 63707573 		.ascii	"cpussCm0NmiCtlOffset\000"
 1583      73436D30 
 1583      4E6D6943 
 1583      746C4F66 
 1583      66736574 
 1584              	.LASF46:
 1585 0207 73727373 		.ascii	"srssNumClkpath\000"
 1585      4E756D43 
 1585      6C6B7061 
 1585      746800
 1586              	.LASF25:
 1587 0216 6873696F 		.ascii	"hsiomBase\000"
 1587      6D426173 
 1587      6500
 1588              	.LASF7:
 1589 0220 6C6F6E67 		.ascii	"long int\000"
 1589      20696E74 
 1589      00
 1590              	.LASF130:
 1591 0229 55415254 		.ascii	"UART_1_context\000"
 1591      5F315F63 
 1591      6F6E7465 
 1591      787400
 1592              	.LASF56:
 1593 0238 63727970 		.ascii	"cryptoMemSize\000"
 1593      746F4D65 
 1593      6D53697A 
 1593      6500
 1594              	.LASF22:
 1595 0246 70657269 		.ascii	"periBase\000"
 1595      42617365 
 1595      00
 1596              	.LASF54:
 1597 024f 73797350 		.ascii	"sysPmSimoPresent\000"
 1597      6D53696D 
 1597      6F507265 
 1597      73656E74 
 1597      00
 1598              	.LASF44:
 1599 0260 63707573 		.ascii	"cpussFmIrq\000"
 1599      73466D49 
 1599      727100
 1600              	.LASF108:
 1601 026b 646F7562 		.ascii	"double\000"
 1601      6C6500
 1602              	.LASF83:
 1603 0272 70657269 		.ascii	"periDiv16_5CtlOffset\000"
 1603      44697631 
ARM GAS  C:\Users\subra\AppData\Local\Temp\ccG4ZjJO.s 			page 34


 1603      365F3543 
 1603      746C4F66 
 1603      66736574 
 1604              	.LASF47:
 1605 0287 73727373 		.ascii	"srssNumPll\000"
 1605      4E756D50 
 1605      6C6C00
 1606              	.LASF131:
 1607 0292 53544449 		.ascii	"STDIO_PutChar\000"
 1607      4F5F5075 
 1607      74436861 
 1607      7200
 1608              	.LASF81:
 1609 02a0 70657269 		.ascii	"periDiv8CtlOffset\000"
 1609      44697638 
 1609      43746C4F 
 1609      66667365 
 1609      7400
 1610              	.LASF88:
 1611 02b2 6770696F 		.ascii	"gpioPrtCfgOutOffset\000"
 1611      50727443 
 1611      66674F75 
 1611      744F6666 
 1611      73657400 
 1612              	.LASF8:
 1613 02c6 5F5F7569 		.ascii	"__uint32_t\000"
 1613      6E743332 
 1613      5F7400
 1614              	.LASF51:
 1615 02d1 70617373 		.ascii	"passSarChannels\000"
 1615      53617243 
 1615      68616E6E 
 1615      656C7300 
 1616              	.LASF3:
 1617 02e1 5F5F696E 		.ascii	"__int16_t\000"
 1617      7431365F 
 1617      7400
 1618              	.LASF119:
 1619 02eb 72784275 		.ascii	"rxBufIdx\000"
 1619      66496478 
 1619      00
 1620              	.LASF127:
 1621 02f4 5F726561 		.ascii	"_read\000"
 1621      6400
 1622              	.LASF94:
 1623 02fa 63707573 		.ascii	"cpussCm4PwrCtlOffset\000"
 1623      73436D34 
 1623      50777243 
 1623      746C4F66 
 1623      66736574 
 1624              	.LASF121:
 1625 030f 74784275 		.ascii	"txBufSize\000"
 1625      6653697A 
 1625      6500
 1626              	.LASF89:
 1627 0319 6770696F 		.ascii	"gpioPrtCfgSioOffset\000"
 1627      50727443 
ARM GAS  C:\Users\subra\AppData\Local\Temp\ccG4ZjJO.s 			page 35


 1627      66675369 
 1627      6F4F6666 
 1627      73657400 
 1628              	.LASF41:
 1629 032d 63707573 		.ascii	"cpussDwChNr\000"
 1629      73447743 
 1629      684E7200 
 1630              	.LASF12:
 1631 0339 756E7369 		.ascii	"unsigned int\000"
 1631      676E6564 
 1631      20696E74 
 1631      00
 1632              	.LASF18:
 1633 0346 75696E74 		.ascii	"uint16_t\000"
 1633      31365F74 
 1633      00
 1634              	.LASF74:
 1635 034f 70657269 		.ascii	"periTrCmdGrSelMsk\000"
 1635      5472436D 
 1635      64477253 
 1635      656C4D73 
 1635      6B00
 1636              	.LASF63:
 1637 0361 666C6173 		.ascii	"flashCtlMainWs1Freq\000"
 1637      6843746C 
 1637      4D61696E 
 1637      57733146 
 1637      72657100 
 1638              	.LASF9:
 1639 0375 6C6F6E67 		.ascii	"long unsigned int\000"
 1639      20756E73 
 1639      69676E65 
 1639      6420696E 
 1639      7400
 1640              	.LASF110:
 1641 0387 63795F63 		.ascii	"cy_cb_scb_uart_handle_events_t\000"
 1641      625F7363 
 1641      625F7561 
 1641      72745F68 
 1641      616E646C 
 1642              	.LASF39:
 1643 03a6 63707573 		.ascii	"cpussIpcNr\000"
 1643      73497063 
 1643      4E7200
 1644              	.LASF26:
 1645 03b1 6770696F 		.ascii	"gpioBase\000"
 1645      42617365 
 1645      00
 1646              	.LASF64:
 1647 03ba 666C6173 		.ascii	"flashCtlMainWs2Freq\000"
 1647      6843746C 
 1647      4D61696E 
 1647      57733246 
 1647      72657100 
 1648              	.LASF75:
 1649 03ce 70657269 		.ascii	"periTrGrOffset\000"
 1649      54724772 
ARM GAS  C:\Users\subra\AppData\Local\Temp\ccG4ZjJO.s 			page 36


 1649      4F666673 
 1649      657400
 1650              	.LASF102:
 1651 03dd 63707573 		.ascii	"cpussRam1Ctl0\000"
 1651      7352616D 
 1651      3143746C 
 1651      3000
 1652              	.LASF123:
 1653 03eb 63624576 		.ascii	"cbEvents\000"
 1653      656E7473 
 1653      00
 1654              	.LASF76:
 1655 03f4 70657269 		.ascii	"periTrGrSize\000"
 1655      54724772 
 1655      53697A65 
 1655      00
 1656              	.LASF34:
 1657 0401 6770696F 		.ascii	"gpioVersion\000"
 1657      56657273 
 1657      696F6E00 
 1658              	.LASF106:
 1659 040d 63795F73 		.ascii	"cy_stc_device_t\000"
 1659      74635F64 
 1659      65766963 
 1659      655F7400 
 1660              	.LASF52:
 1661 041d 65704D6F 		.ascii	"epMonitorNr\000"
 1661      6E69746F 
 1661      724E7200 
 1662              	.LASF115:
 1663 0429 72785269 		.ascii	"rxRingBufHead\000"
 1663      6E674275 
 1663      66486561 
 1663      6400
 1664              	.LASF95:
 1665 0437 63707573 		.ascii	"cpussTrimRamCtlOffset\000"
 1665      73547269 
 1665      6D52616D 
 1665      43746C4F 
 1665      66667365 
 1666              	.LASF90:
 1667 044d 63707573 		.ascii	"cpussCm0ClockCtlOffset\000"
 1667      73436D30 
 1667      436C6F63 
 1667      6B43746C 
 1667      4F666673 
 1668              	.LASF126:
 1669 0464 5F777269 		.ascii	"_write\000"
 1669      746500
 1670              	.LASF30:
 1671 046b 63707573 		.ascii	"cpussVersion\000"
 1671      73566572 
 1671      73696F6E 
 1671      00
 1672              	.LASF37:
 1673 0478 70657269 		.ascii	"periVersion\000"
 1673      56657273 
ARM GAS  C:\Users\subra\AppData\Local\Temp\ccG4ZjJO.s 			page 37


 1673      696F6E00 
 1674              	.LASF93:
 1675 0484 63707573 		.ascii	"cpussCm0StatusOffset\000"
 1675      73436D30 
 1675      53746174 
 1675      75734F66 
 1675      66736574 
 1676              	.LASF14:
 1677 0499 73697A65 		.ascii	"sizetype\000"
 1677      74797065 
 1677      00
 1678              	.LASF67:
 1679 04a2 64774368 		.ascii	"dwChOffset\000"
 1679      4F666673 
 1679      657400
 1680              	.LASF42:
 1681 04ad 63707573 		.ascii	"cpussFlashPaSize\000"
 1681      73466C61 
 1681      73685061 
 1681      53697A65 
 1681      00
 1682              	.LASF80:
 1683 04be 70657269 		.ascii	"periDivCmdPaTypeSelPos\000"
 1683      44697643 
 1683      6D645061 
 1683      54797065 
 1683      53656C50 
 1684              	.LASF103:
 1685 04d5 63707573 		.ascii	"cpussRam2Ctl0\000"
 1685      7352616D 
 1685      3243746C 
 1685      3000
 1686              	.LASF71:
 1687 04e3 64775374 		.ascii	"dwStatusChIdxPos\000"
 1687      61747573 
 1687      43684964 
 1687      78506F73 
 1687      00
 1688              	.LASF53:
 1689 04f4 75646250 		.ascii	"udbPresent\000"
 1689      72657365 
 1689      6E7400
 1690              	.LASF112:
 1691 04ff 72785374 		.ascii	"rxStatus\000"
 1691      61747573 
 1691      00
 1692              	.LASF33:
 1693 0508 666C6173 		.ascii	"flashcVersion\000"
 1693      68635665 
 1693      7273696F 
 1693      6E00
 1694              	.LASF29:
 1695 0516 63727970 		.ascii	"cryptoBase\000"
 1695      746F4261 
 1695      736500
 1696              	.LASF50:
 1697 0521 736D6966 		.ascii	"smifDeviceNr\000"
ARM GAS  C:\Users\subra\AppData\Local\Temp\ccG4ZjJO.s 			page 38


 1697      44657669 
 1697      63654E72 
 1697      00
 1698              	.LASF107:
 1699 052e 666C6F61 		.ascii	"float\000"
 1699      7400
 1700              	.LASF72:
 1701 0534 64775374 		.ascii	"dwStatusChIdxMsk\000"
 1701      61747573 
 1701      43684964 
 1701      784D736B 
 1701      00
 1702              	.LASF129:
 1703 0545 63795F64 		.ascii	"cy_device\000"
 1703      65766963 
 1703      6500
 1704              	.LASF100:
 1705 054f 63707573 		.ascii	"cpussRomCtl\000"
 1705      73526F6D 
 1705      43746C00 
 1706              	.LASF70:
 1707 055b 64774368 		.ascii	"dwChCtlPreemptablePos\000"
 1707      43746C50 
 1707      7265656D 
 1707      70746162 
 1707      6C65506F 
 1708              	.LASF122:
 1709 0571 74784C65 		.ascii	"txLeftToTransmit\000"
 1709      6674546F 
 1709      5472616E 
 1709      736D6974 
 1709      00
 1710              	.LASF23:
 1711 0582 75646242 		.ascii	"udbBase\000"
 1711      61736500 
 1712              	.LASF109:
 1713 058a 5F426F6F 		.ascii	"_Bool\000"
 1713      6C00
 1714              	.LASF1:
 1715 0590 756E7369 		.ascii	"unsigned char\000"
 1715      676E6564 
 1715      20636861 
 1715      7200
 1716              	.LASF66:
 1717 059e 666C6173 		.ascii	"flashCtlMainWs4Freq\000"
 1717      6843746C 
 1717      4D61696E 
 1717      57733446 
 1717      72657100 
 1718              	.LASF4:
 1719 05b2 73686F72 		.ascii	"short int\000"
 1719      7420696E 
 1719      7400
 1720              	.LASF77:
 1721 05bc 70657269 		.ascii	"periDivCmdDivSelMsk\000"
 1721      44697643 
 1721      6D644469 
ARM GAS  C:\Users\subra\AppData\Local\Temp\ccG4ZjJO.s 			page 39


 1721      7653656C 
 1721      4D736B00 
 1722              	.LASF21:
 1723 05d0 666C6173 		.ascii	"flashcBase\000"
 1723      68634261 
 1723      736500
 1724              	.LASF48:
 1725 05db 73727373 		.ascii	"srssNumHfroot\000"
 1725      4E756D48 
 1725      66726F6F 
 1725      7400
 1726              	.LASF61:
 1727 05e9 666C6173 		.ascii	"flashEraseDelay\000"
 1727      68457261 
 1727      73654465 
 1727      6C617900 
 1728              	.LASF19:
 1729 05f9 75696E74 		.ascii	"uint32_t\000"
 1729      33325F74 
 1729      00
 1730              	.LASF99:
 1731 0602 63707573 		.ascii	"cpussCm4NmiCtlOffset\000"
 1731      73436D34 
 1731      4E6D6943 
 1731      746C4F66 
 1731      66736574 
 1732              	.LASF133:
 1733 0617 474E5520 		.ascii	"GNU C11 5.4.1 20160609 (release) [ARM/embedded-5-br"
 1733      43313120 
 1733      352E342E 
 1733      31203230 
 1733      31363036 
 1734 064a 616E6368 		.ascii	"anch revision 237715] -mcpu=cortex-m0plus -mthumb -"
 1734      20726576 
 1734      6973696F 
 1734      6E203233 
 1734      37373135 
 1735 067d 67202D4F 		.ascii	"g -Og -ffunction-sections -ffat-lto-objects\000"
 1735      67202D66 
 1735      66756E63 
 1735      74696F6E 
 1735      2D736563 
 1736              	.LASF13:
 1737 06a9 6C6F6E67 		.ascii	"long double\000"
 1737      20646F75 
 1737      626C6500 
 1738              	.LASF15:
 1739 06b5 63686172 		.ascii	"char\000"
 1739      00
 1740              	.LASF38:
 1741 06ba 70726F74 		.ascii	"protVersion\000"
 1741      56657273 
 1741      696F6E00 
 1742              	.LASF101:
 1743 06c6 63707573 		.ascii	"cpussRam0Ctl0\000"
 1743      7352616D 
 1743      3043746C 
ARM GAS  C:\Users\subra\AppData\Local\Temp\ccG4ZjJO.s 			page 40


 1743      3000
 1744              	.LASF5:
 1745 06d4 5F5F7569 		.ascii	"__uint16_t\000"
 1745      6E743136 
 1745      5F7400
 1746              	.LASF82:
 1747 06df 70657269 		.ascii	"periDiv16CtlOffset\000"
 1747      44697631 
 1747      3643746C 
 1747      4F666673 
 1747      657400
 1748              	.LASF35:
 1749 06f2 6873696F 		.ascii	"hsiomVersion\000"
 1749      6D566572 
 1749      73696F6E 
 1749      00
 1750              	.LASF60:
 1751 06ff 666C6173 		.ascii	"flashProgramDelay\000"
 1751      6850726F 
 1751      6772616D 
 1751      44656C61 
 1751      7900
 1752              	.LASF114:
 1753 0711 72785269 		.ascii	"rxRingBufSize\000"
 1753      6E674275 
 1753      6653697A 
 1753      6500
 1754              	.LASF6:
 1755 071f 73686F72 		.ascii	"short unsigned int\000"
 1755      7420756E 
 1755      7369676E 
 1755      65642069 
 1755      6E7400
 1756              	.LASF68:
 1757 0732 64774368 		.ascii	"dwChSize\000"
 1757      53697A65 
 1757      00
 1758              	.LASF104:
 1759 073b 69706353 		.ascii	"ipcStructSize\000"
 1759      74727563 
 1759      7453697A 
 1759      6500
 1760              	.LASF43:
 1761 0749 63707573 		.ascii	"cpussIpc0Irq\000"
 1761      73497063 
 1761      30497271 
 1761      00
 1762              	.LASF86:
 1763 0756 6770696F 		.ascii	"gpioPrtCfgOffset\000"
 1763      50727443 
 1763      66674F66 
 1763      66736574 
 1763      00
 1764              	.LASF124:
 1765 0767 696E6974 		.ascii	"initKey\000"
 1765      4B657900 
 1766              	.LASF117:
ARM GAS  C:\Users\subra\AppData\Local\Temp\ccG4ZjJO.s 			page 41


 1767 076f 72784275 		.ascii	"rxBuf\000"
 1767      6600
 1768              	.LASF125:
 1769 0775 63795F73 		.ascii	"cy_stc_scb_uart_context_t\000"
 1769      74635F73 
 1769      63625F75 
 1769      6172745F 
 1769      636F6E74 
 1770              	.LASF45:
 1771 078f 63707573 		.ascii	"cpussNotConnectedIrq\000"
 1771      734E6F74 
 1771      436F6E6E 
 1771      65637465 
 1771      64497271 
 1772              	.LASF59:
 1773 07a4 666C6173 		.ascii	"flashWriteDelay\000"
 1773      68577269 
 1773      74654465 
 1773      6C617900 
 1774              	.LASF16:
 1775 07b4 75696E74 		.ascii	"uint8_t\000"
 1775      385F7400 
 1776              	.LASF92:
 1777 07bc 63707573 		.ascii	"cpussCm4StatusOffset\000"
 1777      73436D34 
 1777      53746174 
 1777      75734F66 
 1777      66736574 
 1778              	.LASF85:
 1779 07d1 6770696F 		.ascii	"gpioPrtIntrCfgOffset\000"
 1779      50727449 
 1779      6E747243 
 1779      66674F66 
 1779      66736574 
 1780              	.LASF116:
 1781 07e6 72785269 		.ascii	"rxRingBufTail\000"
 1781      6E674275 
 1781      66546169 
 1781      6C00
 1782              	.LASF96:
 1783 07f4 63707573 		.ascii	"cpussTrimRomCtlOffset\000"
 1783      73547269 
 1783      6D526F6D 
 1783      43746C4F 
 1783      66667365 
 1784              	.LASF111:
 1785 080a 74785374 		.ascii	"txStatus\000"
 1785      61747573 
 1785      00
 1786              	.LASF134:
 1787 0813 47656E65 		.ascii	"Generated_Source\\PSoC6\\pdl\\utilities\\retarget_i"
 1787      72617465 
 1787      645F536F 
 1787      75726365 
 1787      5C50536F 
 1788 0842 6F5C7265 		.ascii	"o\\retarget.c\000"
 1788      74617267 
ARM GAS  C:\Users\subra\AppData\Local\Temp\ccG4ZjJO.s 			page 42


 1788      65742E63 
 1788      00
 1789              	.LASF32:
 1790 084f 64775665 		.ascii	"dwVersion\000"
 1790      7273696F 
 1790      6E00
 1791              	.LASF28:
 1792 0859 69706342 		.ascii	"ipcBase\000"
 1792      61736500 
 1793              	.LASF79:
 1794 0861 70657269 		.ascii	"periDivCmdPaDivSelPos\000"
 1794      44697643 
 1794      6D645061 
 1794      44697653 
 1794      656C506F 
 1795              	.LASF136:
 1796 0877 63795F73 		.ascii	"cy_stc_scb_uart_context\000"
 1796      74635F73 
 1796      63625F75 
 1796      6172745F 
 1796      636F6E74 
 1797              	.LASF57:
 1798 088f 666C6173 		.ascii	"flashRwwRequired\000"
 1798      68527777 
 1798      52657175 
 1798      69726564 
 1798      00
 1799              		.ident	"GCC: (GNU Tools for ARM Embedded Processors) 5.4.1 20160609 (release) [ARM/embedded-5-bran
