ARM GAS  C:\Users\SEANIL~1\AppData\Local\Temp\cckYuGpc.s 			page 1


   1              		.syntax unified
   2              		.cpu cortex-m4
   3              		.eabi_attribute 27, 1
   4              		.fpu fpv4-sp-d16
   5              		.eabi_attribute 20, 1
   6              		.eabi_attribute 21, 1
   7              		.eabi_attribute 23, 3
   8              		.eabi_attribute 24, 1
   9              		.eabi_attribute 25, 1
  10              		.eabi_attribute 26, 1
  11              		.eabi_attribute 30, 1
  12              		.eabi_attribute 34, 1
  13              		.eabi_attribute 18, 4
  14              		.thumb
  15              		.syntax unified
  16              		.file	"main_cm4.c"
  17              		.text
  18              	.Ltext0:
  19              		.cfi_sections	.debug_frame
  20              		.section	.text.main,"ax",%progbits
  21              		.align	2
  22              		.global	main
  23              		.thumb
  24              		.thumb_func
  25              		.type	main, %function
  26              	main:
  27              	.LFB328:
  28              		.file 1 "main_cm4.c"
   1:main_cm4.c    **** /* ========================================
   2:main_cm4.c    ****  *
   3:main_cm4.c    ****  * Copyright YOUR COMPANY, THE YEAR
   4:main_cm4.c    ****  * All Rights Reserved
   5:main_cm4.c    ****  * UNPUBLISHED, LICENSED SOFTWARE.
   6:main_cm4.c    ****  *
   7:main_cm4.c    ****  * CONFIDENTIAL AND PROPRIETARY INFORMATION
   8:main_cm4.c    ****  * WHICH IS THE PROPERTY OF your company.
   9:main_cm4.c    ****  *
  10:main_cm4.c    ****  * ========================================
  11:main_cm4.c    **** */
  12:main_cm4.c    **** #include "project.h"
  13:main_cm4.c    **** 
  14:main_cm4.c    **** int main(void)
  15:main_cm4.c    **** {
  29              		.loc 1 15 0
  30              		.cfi_startproc
  31              		@ Volatile: function does not return.
  32              		@ args = 0, pretend = 0, frame = 0
  33              		@ frame_needed = 0, uses_anonymous_args = 0
  34              		@ link register save eliminated.
  35              	.LBB4:
  36              	.LBB5:
  37              		.file 2 "Generated_Source\\PSoC6\\pdl\\cmsis/include/cmsis_gcc.h"
   1:Generated_Source\PSoC6\pdl\cmsis/include/cmsis_gcc.h **** /**************************************************************************//**
   2:Generated_Source\PSoC6\pdl\cmsis/include/cmsis_gcc.h ****  * @file     cmsis_gcc.h
   3:Generated_Source\PSoC6\pdl\cmsis/include/cmsis_gcc.h ****  * @brief    CMSIS compiler GCC header file
   4:Generated_Source\PSoC6\pdl\cmsis/include/cmsis_gcc.h ****  * @version  V5.0.3
   5:Generated_Source\PSoC6\pdl\cmsis/include/cmsis_gcc.h ****  * @date     16. January 2018
ARM GAS  C:\Users\SEANIL~1\AppData\Local\Temp\cckYuGpc.s 			page 2


   6:Generated_Source\PSoC6\pdl\cmsis/include/cmsis_gcc.h ****  ******************************************************************************/
   7:Generated_Source\PSoC6\pdl\cmsis/include/cmsis_gcc.h **** /*
   8:Generated_Source\PSoC6\pdl\cmsis/include/cmsis_gcc.h ****  * Copyright (c) 2009-2017 ARM Limited. All rights reserved.
   9:Generated_Source\PSoC6\pdl\cmsis/include/cmsis_gcc.h ****  *
  10:Generated_Source\PSoC6\pdl\cmsis/include/cmsis_gcc.h ****  * SPDX-License-Identifier: Apache-2.0
  11:Generated_Source\PSoC6\pdl\cmsis/include/cmsis_gcc.h ****  *
  12:Generated_Source\PSoC6\pdl\cmsis/include/cmsis_gcc.h ****  * Licensed under the Apache License, Version 2.0 (the License); you may
  13:Generated_Source\PSoC6\pdl\cmsis/include/cmsis_gcc.h ****  * not use this file except in compliance with the License.
  14:Generated_Source\PSoC6\pdl\cmsis/include/cmsis_gcc.h ****  * You may obtain a copy of the License at
  15:Generated_Source\PSoC6\pdl\cmsis/include/cmsis_gcc.h ****  *
  16:Generated_Source\PSoC6\pdl\cmsis/include/cmsis_gcc.h ****  * www.apache.org/licenses/LICENSE-2.0
  17:Generated_Source\PSoC6\pdl\cmsis/include/cmsis_gcc.h ****  *
  18:Generated_Source\PSoC6\pdl\cmsis/include/cmsis_gcc.h ****  * Unless required by applicable law or agreed to in writing, software
  19:Generated_Source\PSoC6\pdl\cmsis/include/cmsis_gcc.h ****  * distributed under the License is distributed on an AS IS BASIS, WITHOUT
  20:Generated_Source\PSoC6\pdl\cmsis/include/cmsis_gcc.h ****  * WARRANTIES OR CONDITIONS OF ANY KIND, either express or implied.
  21:Generated_Source\PSoC6\pdl\cmsis/include/cmsis_gcc.h ****  * See the License for the specific language governing permissions and
  22:Generated_Source\PSoC6\pdl\cmsis/include/cmsis_gcc.h ****  * limitations under the License.
  23:Generated_Source\PSoC6\pdl\cmsis/include/cmsis_gcc.h ****  */
  24:Generated_Source\PSoC6\pdl\cmsis/include/cmsis_gcc.h **** 
  25:Generated_Source\PSoC6\pdl\cmsis/include/cmsis_gcc.h **** #ifndef __CMSIS_GCC_H
  26:Generated_Source\PSoC6\pdl\cmsis/include/cmsis_gcc.h **** #define __CMSIS_GCC_H
  27:Generated_Source\PSoC6\pdl\cmsis/include/cmsis_gcc.h **** 
  28:Generated_Source\PSoC6\pdl\cmsis/include/cmsis_gcc.h **** /* ignore some GCC warnings */
  29:Generated_Source\PSoC6\pdl\cmsis/include/cmsis_gcc.h **** #pragma GCC diagnostic push
  30:Generated_Source\PSoC6\pdl\cmsis/include/cmsis_gcc.h **** #pragma GCC diagnostic ignored "-Wsign-conversion"
  31:Generated_Source\PSoC6\pdl\cmsis/include/cmsis_gcc.h **** #pragma GCC diagnostic ignored "-Wconversion"
  32:Generated_Source\PSoC6\pdl\cmsis/include/cmsis_gcc.h **** #pragma GCC diagnostic ignored "-Wunused-parameter"
  33:Generated_Source\PSoC6\pdl\cmsis/include/cmsis_gcc.h **** 
  34:Generated_Source\PSoC6\pdl\cmsis/include/cmsis_gcc.h **** /* Fallback for __has_builtin */
  35:Generated_Source\PSoC6\pdl\cmsis/include/cmsis_gcc.h **** #ifndef __has_builtin
  36:Generated_Source\PSoC6\pdl\cmsis/include/cmsis_gcc.h ****   #define __has_builtin(x) (0)
  37:Generated_Source\PSoC6\pdl\cmsis/include/cmsis_gcc.h **** #endif
  38:Generated_Source\PSoC6\pdl\cmsis/include/cmsis_gcc.h **** 
  39:Generated_Source\PSoC6\pdl\cmsis/include/cmsis_gcc.h **** /* CMSIS compiler specific defines */
  40:Generated_Source\PSoC6\pdl\cmsis/include/cmsis_gcc.h **** #ifndef   __ASM
  41:Generated_Source\PSoC6\pdl\cmsis/include/cmsis_gcc.h ****   #define __ASM                                  __asm
  42:Generated_Source\PSoC6\pdl\cmsis/include/cmsis_gcc.h **** #endif
  43:Generated_Source\PSoC6\pdl\cmsis/include/cmsis_gcc.h **** #ifndef   __INLINE
  44:Generated_Source\PSoC6\pdl\cmsis/include/cmsis_gcc.h ****   #define __INLINE                               inline
  45:Generated_Source\PSoC6\pdl\cmsis/include/cmsis_gcc.h **** #endif
  46:Generated_Source\PSoC6\pdl\cmsis/include/cmsis_gcc.h **** #ifndef   __STATIC_INLINE
  47:Generated_Source\PSoC6\pdl\cmsis/include/cmsis_gcc.h ****   #define __STATIC_INLINE                        static inline
  48:Generated_Source\PSoC6\pdl\cmsis/include/cmsis_gcc.h **** #endif
  49:Generated_Source\PSoC6\pdl\cmsis/include/cmsis_gcc.h **** #ifndef   __STATIC_FORCEINLINE                 
  50:Generated_Source\PSoC6\pdl\cmsis/include/cmsis_gcc.h ****   #define __STATIC_FORCEINLINE                   __attribute__((always_inline)) static inline
  51:Generated_Source\PSoC6\pdl\cmsis/include/cmsis_gcc.h **** #endif                                           
  52:Generated_Source\PSoC6\pdl\cmsis/include/cmsis_gcc.h **** #ifndef   __NO_RETURN
  53:Generated_Source\PSoC6\pdl\cmsis/include/cmsis_gcc.h ****   #define __NO_RETURN                            __attribute__((__noreturn__))
  54:Generated_Source\PSoC6\pdl\cmsis/include/cmsis_gcc.h **** #endif
  55:Generated_Source\PSoC6\pdl\cmsis/include/cmsis_gcc.h **** #ifndef   __USED
  56:Generated_Source\PSoC6\pdl\cmsis/include/cmsis_gcc.h ****   #define __USED                                 __attribute__((used))
  57:Generated_Source\PSoC6\pdl\cmsis/include/cmsis_gcc.h **** #endif
  58:Generated_Source\PSoC6\pdl\cmsis/include/cmsis_gcc.h **** #ifndef   __WEAK
  59:Generated_Source\PSoC6\pdl\cmsis/include/cmsis_gcc.h ****   #define __WEAK                                 __attribute__((weak))
  60:Generated_Source\PSoC6\pdl\cmsis/include/cmsis_gcc.h **** #endif
  61:Generated_Source\PSoC6\pdl\cmsis/include/cmsis_gcc.h **** #ifndef   __PACKED
  62:Generated_Source\PSoC6\pdl\cmsis/include/cmsis_gcc.h ****   #define __PACKED                               __attribute__((packed, aligned(1)))
ARM GAS  C:\Users\SEANIL~1\AppData\Local\Temp\cckYuGpc.s 			page 3


  63:Generated_Source\PSoC6\pdl\cmsis/include/cmsis_gcc.h **** #endif
  64:Generated_Source\PSoC6\pdl\cmsis/include/cmsis_gcc.h **** #ifndef   __PACKED_STRUCT
  65:Generated_Source\PSoC6\pdl\cmsis/include/cmsis_gcc.h ****   #define __PACKED_STRUCT                        struct __attribute__((packed, aligned(1)))
  66:Generated_Source\PSoC6\pdl\cmsis/include/cmsis_gcc.h **** #endif
  67:Generated_Source\PSoC6\pdl\cmsis/include/cmsis_gcc.h **** #ifndef   __PACKED_UNION
  68:Generated_Source\PSoC6\pdl\cmsis/include/cmsis_gcc.h ****   #define __PACKED_UNION                         union __attribute__((packed, aligned(1)))
  69:Generated_Source\PSoC6\pdl\cmsis/include/cmsis_gcc.h **** #endif
  70:Generated_Source\PSoC6\pdl\cmsis/include/cmsis_gcc.h **** #ifndef   __UNALIGNED_UINT32        /* deprecated */
  71:Generated_Source\PSoC6\pdl\cmsis/include/cmsis_gcc.h ****   #pragma GCC diagnostic push
  72:Generated_Source\PSoC6\pdl\cmsis/include/cmsis_gcc.h ****   #pragma GCC diagnostic ignored "-Wpacked"
  73:Generated_Source\PSoC6\pdl\cmsis/include/cmsis_gcc.h ****   #pragma GCC diagnostic ignored "-Wattributes"
  74:Generated_Source\PSoC6\pdl\cmsis/include/cmsis_gcc.h ****   struct __attribute__((packed)) T_UINT32 { uint32_t v; };
  75:Generated_Source\PSoC6\pdl\cmsis/include/cmsis_gcc.h ****   #pragma GCC diagnostic pop
  76:Generated_Source\PSoC6\pdl\cmsis/include/cmsis_gcc.h ****   #define __UNALIGNED_UINT32(x)                  (((struct T_UINT32 *)(x))->v)
  77:Generated_Source\PSoC6\pdl\cmsis/include/cmsis_gcc.h **** #endif
  78:Generated_Source\PSoC6\pdl\cmsis/include/cmsis_gcc.h **** #ifndef   __UNALIGNED_UINT16_WRITE
  79:Generated_Source\PSoC6\pdl\cmsis/include/cmsis_gcc.h ****   #pragma GCC diagnostic push
  80:Generated_Source\PSoC6\pdl\cmsis/include/cmsis_gcc.h ****   #pragma GCC diagnostic ignored "-Wpacked"
  81:Generated_Source\PSoC6\pdl\cmsis/include/cmsis_gcc.h ****   #pragma GCC diagnostic ignored "-Wattributes"
  82:Generated_Source\PSoC6\pdl\cmsis/include/cmsis_gcc.h ****   __PACKED_STRUCT T_UINT16_WRITE { uint16_t v; };
  83:Generated_Source\PSoC6\pdl\cmsis/include/cmsis_gcc.h ****   #pragma GCC diagnostic pop
  84:Generated_Source\PSoC6\pdl\cmsis/include/cmsis_gcc.h ****   #define __UNALIGNED_UINT16_WRITE(addr, val)    (void)((((struct T_UINT16_WRITE *)(void *)(addr))-
  85:Generated_Source\PSoC6\pdl\cmsis/include/cmsis_gcc.h **** #endif
  86:Generated_Source\PSoC6\pdl\cmsis/include/cmsis_gcc.h **** #ifndef   __UNALIGNED_UINT16_READ
  87:Generated_Source\PSoC6\pdl\cmsis/include/cmsis_gcc.h ****   #pragma GCC diagnostic push
  88:Generated_Source\PSoC6\pdl\cmsis/include/cmsis_gcc.h ****   #pragma GCC diagnostic ignored "-Wpacked"
  89:Generated_Source\PSoC6\pdl\cmsis/include/cmsis_gcc.h ****   #pragma GCC diagnostic ignored "-Wattributes"
  90:Generated_Source\PSoC6\pdl\cmsis/include/cmsis_gcc.h ****   __PACKED_STRUCT T_UINT16_READ { uint16_t v; };
  91:Generated_Source\PSoC6\pdl\cmsis/include/cmsis_gcc.h ****   #pragma GCC diagnostic pop
  92:Generated_Source\PSoC6\pdl\cmsis/include/cmsis_gcc.h ****   #define __UNALIGNED_UINT16_READ(addr)          (((const struct T_UINT16_READ *)(const void *)(add
  93:Generated_Source\PSoC6\pdl\cmsis/include/cmsis_gcc.h **** #endif
  94:Generated_Source\PSoC6\pdl\cmsis/include/cmsis_gcc.h **** #ifndef   __UNALIGNED_UINT32_WRITE
  95:Generated_Source\PSoC6\pdl\cmsis/include/cmsis_gcc.h ****   #pragma GCC diagnostic push
  96:Generated_Source\PSoC6\pdl\cmsis/include/cmsis_gcc.h ****   #pragma GCC diagnostic ignored "-Wpacked"
  97:Generated_Source\PSoC6\pdl\cmsis/include/cmsis_gcc.h ****   #pragma GCC diagnostic ignored "-Wattributes"
  98:Generated_Source\PSoC6\pdl\cmsis/include/cmsis_gcc.h ****   __PACKED_STRUCT T_UINT32_WRITE { uint32_t v; };
  99:Generated_Source\PSoC6\pdl\cmsis/include/cmsis_gcc.h ****   #pragma GCC diagnostic pop
 100:Generated_Source\PSoC6\pdl\cmsis/include/cmsis_gcc.h ****   #define __UNALIGNED_UINT32_WRITE(addr, val)    (void)((((struct T_UINT32_WRITE *)(void *)(addr))-
 101:Generated_Source\PSoC6\pdl\cmsis/include/cmsis_gcc.h **** #endif
 102:Generated_Source\PSoC6\pdl\cmsis/include/cmsis_gcc.h **** #ifndef   __UNALIGNED_UINT32_READ
 103:Generated_Source\PSoC6\pdl\cmsis/include/cmsis_gcc.h ****   #pragma GCC diagnostic push
 104:Generated_Source\PSoC6\pdl\cmsis/include/cmsis_gcc.h ****   #pragma GCC diagnostic ignored "-Wpacked"
 105:Generated_Source\PSoC6\pdl\cmsis/include/cmsis_gcc.h ****   #pragma GCC diagnostic ignored "-Wattributes"
 106:Generated_Source\PSoC6\pdl\cmsis/include/cmsis_gcc.h ****   __PACKED_STRUCT T_UINT32_READ { uint32_t v; };
 107:Generated_Source\PSoC6\pdl\cmsis/include/cmsis_gcc.h ****   #pragma GCC diagnostic pop
 108:Generated_Source\PSoC6\pdl\cmsis/include/cmsis_gcc.h ****   #define __UNALIGNED_UINT32_READ(addr)          (((const struct T_UINT32_READ *)(const void *)(add
 109:Generated_Source\PSoC6\pdl\cmsis/include/cmsis_gcc.h **** #endif
 110:Generated_Source\PSoC6\pdl\cmsis/include/cmsis_gcc.h **** #ifndef   __ALIGNED
 111:Generated_Source\PSoC6\pdl\cmsis/include/cmsis_gcc.h ****   #define __ALIGNED(x)                           __attribute__((aligned(x)))
 112:Generated_Source\PSoC6\pdl\cmsis/include/cmsis_gcc.h **** #endif
 113:Generated_Source\PSoC6\pdl\cmsis/include/cmsis_gcc.h **** #ifndef   __RESTRICT
 114:Generated_Source\PSoC6\pdl\cmsis/include/cmsis_gcc.h ****   #define __RESTRICT                             __restrict
 115:Generated_Source\PSoC6\pdl\cmsis/include/cmsis_gcc.h **** #endif
 116:Generated_Source\PSoC6\pdl\cmsis/include/cmsis_gcc.h **** 
 117:Generated_Source\PSoC6\pdl\cmsis/include/cmsis_gcc.h **** 
 118:Generated_Source\PSoC6\pdl\cmsis/include/cmsis_gcc.h **** /* ###########################  Core Function Access  ########################### */
 119:Generated_Source\PSoC6\pdl\cmsis/include/cmsis_gcc.h **** /** \ingroup  CMSIS_Core_FunctionInterface
ARM GAS  C:\Users\SEANIL~1\AppData\Local\Temp\cckYuGpc.s 			page 4


 120:Generated_Source\PSoC6\pdl\cmsis/include/cmsis_gcc.h ****     \defgroup CMSIS_Core_RegAccFunctions CMSIS Core Register Access Functions
 121:Generated_Source\PSoC6\pdl\cmsis/include/cmsis_gcc.h ****   @{
 122:Generated_Source\PSoC6\pdl\cmsis/include/cmsis_gcc.h ****  */
 123:Generated_Source\PSoC6\pdl\cmsis/include/cmsis_gcc.h **** 
 124:Generated_Source\PSoC6\pdl\cmsis/include/cmsis_gcc.h **** /**
 125:Generated_Source\PSoC6\pdl\cmsis/include/cmsis_gcc.h ****   \brief   Enable IRQ Interrupts
 126:Generated_Source\PSoC6\pdl\cmsis/include/cmsis_gcc.h ****   \details Enables IRQ interrupts by clearing the I-bit in the CPSR.
 127:Generated_Source\PSoC6\pdl\cmsis/include/cmsis_gcc.h ****            Can only be executed in Privileged modes.
 128:Generated_Source\PSoC6\pdl\cmsis/include/cmsis_gcc.h ****  */
 129:Generated_Source\PSoC6\pdl\cmsis/include/cmsis_gcc.h **** __STATIC_FORCEINLINE void __enable_irq(void)
 130:Generated_Source\PSoC6\pdl\cmsis/include/cmsis_gcc.h **** {
 131:Generated_Source\PSoC6\pdl\cmsis/include/cmsis_gcc.h ****   __ASM volatile ("cpsie i" : : : "memory");
  38              		.loc 2 131 0
  39              		.syntax unified
  40              	@ 131 "Generated_Source\PSoC6\pdl\cmsis/include/cmsis_gcc.h" 1
  41 0000 62B6     		cpsie i
  42              	@ 0 "" 2
  43              		.thumb
  44              		.syntax unified
  45              	.L2:
  46 0002 FEE7     		b	.L2
  47              	.LBE5:
  48              	.LBE4:
  49              		.cfi_endproc
  50              	.LFE328:
  51              		.size	main, .-main
  52              		.text
  53              	.Letext0:
  54              		.file 3 "c:\\program files (x86)\\cypress\\psoc creator\\4.4\\psoc creator\\import\\gnu\\arm\\5.4.
  55              		.file 4 "c:\\program files (x86)\\cypress\\psoc creator\\4.4\\psoc creator\\import\\gnu\\arm\\5.4.
  56              		.file 5 "Generated_Source\\PSoC6\\pdl\\drivers/peripheral/device/cy_device.h"
  57              		.file 6 "Generated_Source\\PSoC6\\pdl\\cmsis/include/core_cm4.h"
  58              		.section	.debug_info,"",%progbits
  59              	.Ldebug_info0:
  60 0000 74050000 		.4byte	0x574
  61 0004 0400     		.2byte	0x4
  62 0006 00000000 		.4byte	.Ldebug_abbrev0
  63 000a 04       		.byte	0x4
  64 000b 01       		.uleb128 0x1
  65 000c 54060000 		.4byte	.LASF114
  66 0010 0C       		.byte	0xc
  67 0011 95010000 		.4byte	.LASF115
  68 0015 EF000000 		.4byte	.LASF116
  69 0019 00000000 		.4byte	.Ldebug_ranges0+0
  70 001d 00000000 		.4byte	0
  71 0021 00000000 		.4byte	.Ldebug_line0
  72 0025 02       		.uleb128 0x2
  73 0026 02       		.byte	0x2
  74 0027 05       		.byte	0x5
  75 0028 97000000 		.4byte	.LASF0
  76 002c 02       		.uleb128 0x2
  77 002d 01       		.byte	0x1
  78 002e 06       		.byte	0x6
  79 002f 58030000 		.4byte	.LASF1
  80 0033 03       		.uleb128 0x3
  81 0034 99020000 		.4byte	.LASF3
  82 0038 03       		.byte	0x3
ARM GAS  C:\Users\SEANIL~1\AppData\Local\Temp\cckYuGpc.s 			page 5


  83 0039 1D       		.byte	0x1d
  84 003a 3E000000 		.4byte	0x3e
  85 003e 02       		.uleb128 0x2
  86 003f 01       		.byte	0x1
  87 0040 08       		.byte	0x8
  88 0041 41030000 		.4byte	.LASF2
  89 0045 03       		.uleb128 0x3
  90 0046 DB050000 		.4byte	.LASF4
  91 004a 03       		.byte	0x3
  92 004b 29       		.byte	0x29
  93 004c 25000000 		.4byte	0x25
  94 0050 03       		.uleb128 0x3
  95 0051 79010000 		.4byte	.LASF5
  96 0055 03       		.byte	0x3
  97 0056 2B       		.byte	0x2b
  98 0057 5B000000 		.4byte	0x5b
  99 005b 02       		.uleb128 0x2
 100 005c 02       		.byte	0x2
 101 005d 07       		.byte	0x7
 102 005e 17040000 		.4byte	.LASF6
 103 0062 03       		.uleb128 0x3
 104 0063 AB050000 		.4byte	.LASF7
 105 0067 03       		.byte	0x3
 106 0068 3F       		.byte	0x3f
 107 0069 6D000000 		.4byte	0x6d
 108 006d 02       		.uleb128 0x2
 109 006e 04       		.byte	0x4
 110 006f 05       		.byte	0x5
 111 0070 58020000 		.4byte	.LASF8
 112 0074 03       		.uleb128 0x3
 113 0075 43010000 		.4byte	.LASF9
 114 0079 03       		.byte	0x3
 115 007a 41       		.byte	0x41
 116 007b 7F000000 		.4byte	0x7f
 117 007f 02       		.uleb128 0x2
 118 0080 04       		.byte	0x4
 119 0081 07       		.byte	0x7
 120 0082 12050000 		.4byte	.LASF10
 121 0086 02       		.uleb128 0x2
 122 0087 08       		.byte	0x8
 123 0088 05       		.byte	0x5
 124 0089 12020000 		.4byte	.LASF11
 125 008d 02       		.uleb128 0x2
 126 008e 08       		.byte	0x8
 127 008f 07       		.byte	0x7
 128 0090 6C030000 		.4byte	.LASF12
 129 0094 04       		.uleb128 0x4
 130 0095 04       		.byte	0x4
 131 0096 05       		.byte	0x5
 132 0097 696E7400 		.ascii	"int\000"
 133 009b 02       		.uleb128 0x2
 134 009c 04       		.byte	0x4
 135 009d 07       		.byte	0x7
 136 009e AA030000 		.4byte	.LASF13
 137 00a2 03       		.uleb128 0x3
 138 00a3 A0010000 		.4byte	.LASF14
 139 00a7 04       		.byte	0x4
ARM GAS  C:\Users\SEANIL~1\AppData\Local\Temp\cckYuGpc.s 			page 6


 140 00a8 18       		.byte	0x18
 141 00a9 33000000 		.4byte	0x33
 142 00ad 03       		.uleb128 0x3
 143 00ae 92040000 		.4byte	.LASF15
 144 00b2 04       		.byte	0x4
 145 00b3 20       		.byte	0x20
 146 00b4 45000000 		.4byte	0x45
 147 00b8 03       		.uleb128 0x3
 148 00b9 2F040000 		.4byte	.LASF16
 149 00bd 04       		.byte	0x4
 150 00be 24       		.byte	0x24
 151 00bf 50000000 		.4byte	0x50
 152 00c3 03       		.uleb128 0x3
 153 00c4 64030000 		.4byte	.LASF17
 154 00c8 04       		.byte	0x4
 155 00c9 2C       		.byte	0x2c
 156 00ca 62000000 		.4byte	0x62
 157 00ce 03       		.uleb128 0x3
 158 00cf 8C030000 		.4byte	.LASF18
 159 00d3 04       		.byte	0x4
 160 00d4 30       		.byte	0x30
 161 00d5 74000000 		.4byte	0x74
 162 00d9 02       		.uleb128 0x2
 163 00da 04       		.byte	0x4
 164 00db 07       		.byte	0x7
 165 00dc B1000000 		.4byte	.LASF19
 166 00e0 02       		.uleb128 0x2
 167 00e1 08       		.byte	0x8
 168 00e2 04       		.byte	0x4
 169 00e3 1E030000 		.4byte	.LASF20
 170 00e7 05       		.uleb128 0x5
 171 00e8 B8       		.byte	0xb8
 172 00e9 05       		.byte	0x5
 173 00ea 34       		.byte	0x34
 174 00eb F8040000 		.4byte	0x4f8
 175 00ef 06       		.uleb128 0x6
 176 00f0 62010000 		.4byte	.LASF21
 177 00f4 05       		.byte	0x5
 178 00f5 37       		.byte	0x37
 179 00f6 CE000000 		.4byte	0xce
 180 00fa 00       		.byte	0
 181 00fb 06       		.uleb128 0x6
 182 00fc 6E020000 		.4byte	.LASF22
 183 0100 05       		.byte	0x5
 184 0101 38       		.byte	0x38
 185 0102 CE000000 		.4byte	0xce
 186 0106 04       		.byte	0x4
 187 0107 06       		.uleb128 0x6
 188 0108 4F030000 		.4byte	.LASF23
 189 010c 05       		.byte	0x5
 190 010d 39       		.byte	0x39
 191 010e CE000000 		.4byte	0xce
 192 0112 08       		.byte	0x8
 193 0113 06       		.uleb128 0x6
 194 0114 73040000 		.4byte	.LASF24
 195 0118 05       		.byte	0x5
 196 0119 3A       		.byte	0x3a
ARM GAS  C:\Users\SEANIL~1\AppData\Local\Temp\cckYuGpc.s 			page 7


 197 011a CE000000 		.4byte	0xce
 198 011e 0C       		.byte	0xc
 199 011f 06       		.uleb128 0x6
 200 0120 2F070000 		.4byte	.LASF25
 201 0124 05       		.byte	0x5
 202 0125 3B       		.byte	0x3b
 203 0126 CE000000 		.4byte	0xce
 204 012a 10       		.byte	0x10
 205 012b 06       		.uleb128 0x6
 206 012c EE010000 		.4byte	.LASF26
 207 0130 05       		.byte	0x5
 208 0131 3C       		.byte	0x3c
 209 0132 CE000000 		.4byte	0xce
 210 0136 14       		.byte	0x14
 211 0137 06       		.uleb128 0x6
 212 0138 83030000 		.4byte	.LASF27
 213 013c 05       		.byte	0x5
 214 013d 3D       		.byte	0x3d
 215 013e CE000000 		.4byte	0xce
 216 0142 18       		.byte	0x18
 217 0143 06       		.uleb128 0x6
 218 0144 38030000 		.4byte	.LASF28
 219 0148 05       		.byte	0x5
 220 0149 3E       		.byte	0x3e
 221 014a CE000000 		.4byte	0xce
 222 014e 1C       		.byte	0x1c
 223 014f 06       		.uleb128 0x6
 224 0150 27070000 		.4byte	.LASF29
 225 0154 05       		.byte	0x5
 226 0155 3F       		.byte	0x3f
 227 0156 CE000000 		.4byte	0xce
 228 015a 20       		.byte	0x20
 229 015b 06       		.uleb128 0x6
 230 015c 75000000 		.4byte	.LASF30
 231 0160 05       		.byte	0x5
 232 0161 40       		.byte	0x40
 233 0162 CE000000 		.4byte	0xce
 234 0166 24       		.byte	0x24
 235 0167 06       		.uleb128 0x6
 236 0168 6C010000 		.4byte	.LASF31
 237 016c 05       		.byte	0x5
 238 016d 43       		.byte	0x43
 239 016e A2000000 		.4byte	0xa2
 240 0172 28       		.byte	0x28
 241 0173 06       		.uleb128 0x6
 242 0174 CF040000 		.4byte	.LASF32
 243 0178 05       		.byte	0x5
 244 0179 44       		.byte	0x44
 245 017a A2000000 		.4byte	0xa2
 246 017e 29       		.byte	0x29
 247 017f 06       		.uleb128 0x6
 248 0180 39050000 		.4byte	.LASF33
 249 0184 05       		.byte	0x5
 250 0185 45       		.byte	0x45
 251 0186 A2000000 		.4byte	0xa2
 252 018a 2A       		.byte	0x2a
 253 018b 06       		.uleb128 0x6
ARM GAS  C:\Users\SEANIL~1\AppData\Local\Temp\cckYuGpc.s 			page 8


 254 018c 4E050000 		.4byte	.LASF34
 255 0190 05       		.byte	0x5
 256 0191 46       		.byte	0x46
 257 0192 A2000000 		.4byte	0xa2
 258 0196 2B       		.byte	0x2b
 259 0197 06       		.uleb128 0x6
 260 0198 DD040000 		.4byte	.LASF35
 261 019c 05       		.byte	0x5
 262 019d 47       		.byte	0x47
 263 019e A2000000 		.4byte	0xa2
 264 01a2 2C       		.byte	0x2c
 265 01a3 06       		.uleb128 0x6
 266 01a4 49000000 		.4byte	.LASF36
 267 01a8 05       		.byte	0x5
 268 01a9 48       		.byte	0x48
 269 01aa A2000000 		.4byte	0xa2
 270 01ae 2D       		.byte	0x2d
 271 01af 06       		.uleb128 0x6
 272 01b0 BA000000 		.4byte	.LASF37
 273 01b4 05       		.byte	0x5
 274 01b5 49       		.byte	0x49
 275 01b6 A2000000 		.4byte	0xa2
 276 01ba 2E       		.byte	0x2e
 277 01bb 06       		.uleb128 0x6
 278 01bc A8010000 		.4byte	.LASF38
 279 01c0 05       		.byte	0x5
 280 01c1 4A       		.byte	0x4a
 281 01c2 A2000000 		.4byte	0xa2
 282 01c6 2F       		.byte	0x2f
 283 01c7 06       		.uleb128 0x6
 284 01c8 E3000000 		.4byte	.LASF39
 285 01cc 05       		.byte	0x5
 286 01cd 4B       		.byte	0x4b
 287 01ce A2000000 		.4byte	0xa2
 288 01d2 30       		.byte	0x30
 289 01d3 06       		.uleb128 0x6
 290 01d4 43050000 		.4byte	.LASF40
 291 01d8 05       		.byte	0x5
 292 01d9 4E       		.byte	0x4e
 293 01da A2000000 		.4byte	0xa2
 294 01de 31       		.byte	0x31
 295 01df 06       		.uleb128 0x6
 296 01e0 A3020000 		.4byte	.LASF41
 297 01e4 05       		.byte	0x5
 298 01e5 4F       		.byte	0x4f
 299 01e6 A2000000 		.4byte	0xa2
 300 01ea 32       		.byte	0x32
 301 01eb 06       		.uleb128 0x6
 302 01ec 69000000 		.4byte	.LASF42
 303 01f0 05       		.byte	0x5
 304 01f1 50       		.byte	0x50
 305 01f2 A2000000 		.4byte	0xa2
 306 01f6 33       		.byte	0x33
 307 01f7 06       		.uleb128 0x6
 308 01f8 00000000 		.4byte	.LASF43
 309 01fc 05       		.byte	0x5
 310 01fd 51       		.byte	0x51
ARM GAS  C:\Users\SEANIL~1\AppData\Local\Temp\cckYuGpc.s 			page 9


 311 01fe A2000000 		.4byte	0xa2
 312 0202 34       		.byte	0x34
 313 0203 06       		.uleb128 0x6
 314 0204 CC010000 		.4byte	.LASF44
 315 0208 05       		.byte	0x5
 316 0209 52       		.byte	0x52
 317 020a AD000000 		.4byte	0xad
 318 020e 36       		.byte	0x36
 319 020f 06       		.uleb128 0x6
 320 0210 7A050000 		.4byte	.LASF45
 321 0214 05       		.byte	0x5
 322 0215 53       		.byte	0x53
 323 0216 AD000000 		.4byte	0xad
 324 021a 38       		.byte	0x38
 325 021b 06       		.uleb128 0x6
 326 021c DD030000 		.4byte	.LASF46
 327 0220 05       		.byte	0x5
 328 0221 54       		.byte	0x54
 329 0222 AD000000 		.4byte	0xad
 330 0226 3A       		.byte	0x3a
 331 0227 06       		.uleb128 0x6
 332 0228 B7030000 		.4byte	.LASF47
 333 022c 05       		.byte	0x5
 334 022d 55       		.byte	0x55
 335 022e A2000000 		.4byte	0xa2
 336 0232 3C       		.byte	0x3c
 337 0233 06       		.uleb128 0x6
 338 0234 87040000 		.4byte	.LASF48
 339 0238 05       		.byte	0x5
 340 0239 56       		.byte	0x56
 341 023a A2000000 		.4byte	0xa2
 342 023e 3D       		.byte	0x3d
 343 023f 06       		.uleb128 0x6
 344 0240 27000000 		.4byte	.LASF49
 345 0244 05       		.byte	0x5
 346 0245 57       		.byte	0x57
 347 0246 A2000000 		.4byte	0xa2
 348 024a 3E       		.byte	0x3e
 349 024b 06       		.uleb128 0x6
 350 024c 7B040000 		.4byte	.LASF50
 351 0250 05       		.byte	0x5
 352 0251 58       		.byte	0x58
 353 0252 A2000000 		.4byte	0xa2
 354 0256 3F       		.byte	0x3f
 355 0257 06       		.uleb128 0x6
 356 0258 51070000 		.4byte	.LASF51
 357 025c 05       		.byte	0x5
 358 025d 59       		.byte	0x59
 359 025e A2000000 		.4byte	0xa2
 360 0262 40       		.byte	0x40
 361 0263 06       		.uleb128 0x6
 362 0264 9B050000 		.4byte	.LASF52
 363 0268 05       		.byte	0x5
 364 0269 5A       		.byte	0x5a
 365 026a A2000000 		.4byte	0xa2
 366 026e 41       		.byte	0x41
 367 026f 06       		.uleb128 0x6
ARM GAS  C:\Users\SEANIL~1\AppData\Local\Temp\cckYuGpc.s 			page 10


 368 0270 FA050000 		.4byte	.LASF53
 369 0274 05       		.byte	0x5
 370 0275 5B       		.byte	0x5b
 371 0276 A2000000 		.4byte	0xa2
 372 027a 42       		.byte	0x42
 373 027b 06       		.uleb128 0x6
 374 027c 13030000 		.4byte	.LASF54
 375 0280 05       		.byte	0x5
 376 0281 5C       		.byte	0x5c
 377 0282 A2000000 		.4byte	0xa2
 378 0286 43       		.byte	0x43
 379 0287 06       		.uleb128 0x6
 380 0288 20020000 		.4byte	.LASF55
 381 028c 05       		.byte	0x5
 382 028d 5D       		.byte	0x5d
 383 028e A2000000 		.4byte	0xa2
 384 0292 44       		.byte	0x44
 385 0293 06       		.uleb128 0x6
 386 0294 38040000 		.4byte	.LASF56
 387 0298 05       		.byte	0x5
 388 0299 5E       		.byte	0x5e
 389 029a CE000000 		.4byte	0xce
 390 029e 48       		.byte	0x48
 391 029f 06       		.uleb128 0x6
 392 02a0 B0040000 		.4byte	.LASF57
 393 02a4 05       		.byte	0x5
 394 02a5 5F       		.byte	0x5f
 395 02a6 CE000000 		.4byte	0xce
 396 02aa 4C       		.byte	0x4c
 397 02ab 06       		.uleb128 0x6
 398 02ac 84010000 		.4byte	.LASF58
 399 02b0 05       		.byte	0x5
 400 02b1 60       		.byte	0x60
 401 02b2 A2000000 		.4byte	0xa2
 402 02b6 50       		.byte	0x50
 403 02b7 06       		.uleb128 0x6
 404 02b8 07070000 		.4byte	.LASF59
 405 02bc 05       		.byte	0x5
 406 02bd 61       		.byte	0x61
 407 02be A2000000 		.4byte	0xa2
 408 02c2 51       		.byte	0x51
 409 02c3 06       		.uleb128 0x6
 410 02c4 A1000000 		.4byte	.LASF60
 411 02c8 05       		.byte	0x5
 412 02c9 62       		.byte	0x62
 413 02ca A2000000 		.4byte	0xa2
 414 02ce 52       		.byte	0x52
 415 02cf 06       		.uleb128 0x6
 416 02d0 B5050000 		.4byte	.LASF61
 417 02d4 05       		.byte	0x5
 418 02d5 63       		.byte	0x63
 419 02d6 A2000000 		.4byte	0xa2
 420 02da 53       		.byte	0x53
 421 02db 06       		.uleb128 0x6
 422 02dc F2030000 		.4byte	.LASF62
 423 02e0 05       		.byte	0x5
 424 02e1 64       		.byte	0x64
ARM GAS  C:\Users\SEANIL~1\AppData\Local\Temp\cckYuGpc.s 			page 11


 425 02e2 A2000000 		.4byte	0xa2
 426 02e6 54       		.byte	0x54
 427 02e7 06       		.uleb128 0x6
 428 02e8 4E010000 		.4byte	.LASF63
 429 02ec 05       		.byte	0x5
 430 02ed 65       		.byte	0x65
 431 02ee A2000000 		.4byte	0xa2
 432 02f2 55       		.byte	0x55
 433 02f3 06       		.uleb128 0x6
 434 02f4 FE040000 		.4byte	.LASF64
 435 02f8 05       		.byte	0x5
 436 02f9 66       		.byte	0x66
 437 02fa A2000000 		.4byte	0xa2
 438 02fe 56       		.byte	0x56
 439 02ff 06       		.uleb128 0x6
 440 0300 06060000 		.4byte	.LASF65
 441 0304 05       		.byte	0x5
 442 0305 67       		.byte	0x67
 443 0306 A2000000 		.4byte	0xa2
 444 030a 57       		.byte	0x57
 445 030b 06       		.uleb128 0x6
 446 030c FF020000 		.4byte	.LASF66
 447 0310 05       		.byte	0x5
 448 0311 68       		.byte	0x68
 449 0312 A2000000 		.4byte	0xa2
 450 0316 58       		.byte	0x58
 451 0317 06       		.uleb128 0x6
 452 0318 66050000 		.4byte	.LASF67
 453 031c 05       		.byte	0x5
 454 031d 69       		.byte	0x69
 455 031e A2000000 		.4byte	0xa2
 456 0322 59       		.byte	0x59
 457 0323 06       		.uleb128 0x6
 458 0324 8E020000 		.4byte	.LASF68
 459 0328 05       		.byte	0x5
 460 0329 6E       		.byte	0x6e
 461 032a B8000000 		.4byte	0xb8
 462 032e 5A       		.byte	0x5a
 463 032f 06       		.uleb128 0x6
 464 0330 B4010000 		.4byte	.LASF69
 465 0334 05       		.byte	0x5
 466 0335 6F       		.byte	0x6f
 467 0336 B8000000 		.4byte	0xb8
 468 033a 5C       		.byte	0x5c
 469 033b 06       		.uleb128 0x6
 470 033c BD010000 		.4byte	.LASF70
 471 0340 05       		.byte	0x5
 472 0341 70       		.byte	0x70
 473 0342 A2000000 		.4byte	0xa2
 474 0346 5E       		.byte	0x5e
 475 0347 06       		.uleb128 0x6
 476 0348 84070000 		.4byte	.LASF71
 477 034c 05       		.byte	0x5
 478 034d 71       		.byte	0x71
 479 034e A2000000 		.4byte	0xa2
 480 0352 5F       		.byte	0x5f
 481 0353 06       		.uleb128 0x6
ARM GAS  C:\Users\SEANIL~1\AppData\Local\Temp\cckYuGpc.s 			page 12


 482 0354 73070000 		.4byte	.LASF72
 483 0358 05       		.byte	0x5
 484 0359 72       		.byte	0x72
 485 035a A2000000 		.4byte	0xa2
 486 035e 60       		.byte	0x60
 487 035f 06       		.uleb128 0x6
 488 0360 31020000 		.4byte	.LASF73
 489 0364 05       		.byte	0x5
 490 0365 73       		.byte	0x73
 491 0366 CE000000 		.4byte	0xce
 492 036a 64       		.byte	0x64
 493 036b 06       		.uleb128 0x6
 494 036c A0040000 		.4byte	.LASF74
 495 0370 05       		.byte	0x5
 496 0371 76       		.byte	0x76
 497 0372 B8000000 		.4byte	0xb8
 498 0376 68       		.byte	0x68
 499 0377 06       		.uleb128 0x6
 500 0378 ED020000 		.4byte	.LASF75
 501 037c 05       		.byte	0x5
 502 037d 77       		.byte	0x77
 503 037e B8000000 		.4byte	0xb8
 504 0382 6A       		.byte	0x6a
 505 0383 06       		.uleb128 0x6
 506 0384 2F060000 		.4byte	.LASF76
 507 0388 05       		.byte	0x5
 508 0389 78       		.byte	0x78
 509 038a B8000000 		.4byte	0xb8
 510 038e 6C       		.byte	0x6c
 511 038f 06       		.uleb128 0x6
 512 0390 9A070000 		.4byte	.LASF77
 513 0394 05       		.byte	0x5
 514 0395 79       		.byte	0x79
 515 0396 B8000000 		.4byte	0xb8
 516 039a 6E       		.byte	0x6e
 517 039b 06       		.uleb128 0x6
 518 039c 5F040000 		.4byte	.LASF78
 519 03a0 05       		.byte	0x5
 520 03a1 7B       		.byte	0x7b
 521 03a2 A2000000 		.4byte	0xa2
 522 03a6 70       		.byte	0x70
 523 03a7 06       		.uleb128 0x6
 524 03a8 4A040000 		.4byte	.LASF79
 525 03ac 05       		.byte	0x5
 526 03ad 7C       		.byte	0x7c
 527 03ae A2000000 		.4byte	0xa2
 528 03b2 71       		.byte	0x71
 529 03b3 06       		.uleb128 0x6
 530 03b4 85050000 		.4byte	.LASF80
 531 03b8 05       		.byte	0x5
 532 03b9 7D       		.byte	0x7d
 533 03ba A2000000 		.4byte	0xa2
 534 03be 72       		.byte	0x72
 535 03bf 06       		.uleb128 0x6
 536 03c0 C6030000 		.4byte	.LASF81
 537 03c4 05       		.byte	0x5
 538 03c5 7E       		.byte	0x7e
ARM GAS  C:\Users\SEANIL~1\AppData\Local\Temp\cckYuGpc.s 			page 13


 539 03c6 A2000000 		.4byte	0xa2
 540 03ca 73       		.byte	0x73
 541 03cb 06       		.uleb128 0x6
 542 03cc C4020000 		.4byte	.LASF82
 543 03d0 05       		.byte	0x5
 544 03d1 80       		.byte	0x80
 545 03d2 B8000000 		.4byte	0xb8
 546 03d6 74       		.byte	0x74
 547 03d7 06       		.uleb128 0x6
 548 03d8 B1020000 		.4byte	.LASF83
 549 03dc 05       		.byte	0x5
 550 03dd 81       		.byte	0x81
 551 03de B8000000 		.4byte	0xb8
 552 03e2 76       		.byte	0x76
 553 03e3 06       		.uleb128 0x6
 554 03e4 1A060000 		.4byte	.LASF84
 555 03e8 05       		.byte	0x5
 556 03e9 82       		.byte	0x82
 557 03ea B8000000 		.4byte	0xb8
 558 03ee 78       		.byte	0x78
 559 03ef 06       		.uleb128 0x6
 560 03f0 02040000 		.4byte	.LASF85
 561 03f4 05       		.byte	0x5
 562 03f5 83       		.byte	0x83
 563 03f6 B8000000 		.4byte	0xb8
 564 03fa 7A       		.byte	0x7a
 565 03fb 06       		.uleb128 0x6
 566 03fc 79020000 		.4byte	.LASF86
 567 0400 05       		.byte	0x5
 568 0401 86       		.byte	0x86
 569 0402 A2000000 		.4byte	0xa2
 570 0406 7C       		.byte	0x7c
 571 0407 06       		.uleb128 0x6
 572 0408 BE040000 		.4byte	.LASF87
 573 040c 05       		.byte	0x5
 574 040d 87       		.byte	0x87
 575 040e A2000000 		.4byte	0xa2
 576 0412 7D       		.byte	0x7d
 577 0413 06       		.uleb128 0x6
 578 0414 56000000 		.4byte	.LASF88
 579 0418 05       		.byte	0x5
 580 0419 88       		.byte	0x88
 581 041a A2000000 		.4byte	0xa2
 582 041e 7E       		.byte	0x7e
 583 041f 06       		.uleb128 0x6
 584 0420 35000000 		.4byte	.LASF89
 585 0424 05       		.byte	0x5
 586 0425 89       		.byte	0x89
 587 0426 A2000000 		.4byte	0xa2
 588 042a 7F       		.byte	0x7f
 589 042b 06       		.uleb128 0x6
 590 042c FE010000 		.4byte	.LASF90
 591 0430 05       		.byte	0x5
 592 0431 8A       		.byte	0x8a
 593 0432 A2000000 		.4byte	0xa2
 594 0436 80       		.byte	0x80
 595 0437 06       		.uleb128 0x6
ARM GAS  C:\Users\SEANIL~1\AppData\Local\Temp\cckYuGpc.s 			page 14


 596 0438 80000000 		.4byte	.LASF91
 597 043c 05       		.byte	0x5
 598 043d 8D       		.byte	0x8d
 599 043e CE000000 		.4byte	0xce
 600 0442 84       		.byte	0x84
 601 0443 06       		.uleb128 0x6
 602 0444 D6020000 		.4byte	.LASF92
 603 0448 05       		.byte	0x5
 604 0449 8E       		.byte	0x8e
 605 044a CE000000 		.4byte	0xce
 606 044e 88       		.byte	0x88
 607 044f 06       		.uleb128 0x6
 608 0450 95030000 		.4byte	.LASF93
 609 0454 05       		.byte	0x5
 610 0455 8F       		.byte	0x8f
 611 0456 CE000000 		.4byte	0xce
 612 045a 8C       		.byte	0x8c
 613 045b 06       		.uleb128 0x6
 614 045c 5E070000 		.4byte	.LASF94
 615 0460 05       		.byte	0x5
 616 0461 90       		.byte	0x90
 617 0462 CE000000 		.4byte	0xce
 618 0466 90       		.byte	0x90
 619 0467 06       		.uleb128 0x6
 620 0468 E9040000 		.4byte	.LASF95
 621 046c 05       		.byte	0x5
 622 046d 91       		.byte	0x91
 623 046e CE000000 		.4byte	0xce
 624 0472 94       		.byte	0x94
 625 0473 06       		.uleb128 0x6
 626 0474 11000000 		.4byte	.LASF96
 627 0478 05       		.byte	0x5
 628 0479 92       		.byte	0x92
 629 047a CE000000 		.4byte	0xce
 630 047e 98       		.byte	0x98
 631 047f 06       		.uleb128 0x6
 632 0480 3E060000 		.4byte	.LASF97
 633 0484 05       		.byte	0x5
 634 0485 93       		.byte	0x93
 635 0486 CE000000 		.4byte	0xce
 636 048a 9C       		.byte	0x9c
 637 048b 06       		.uleb128 0x6
 638 048c 42020000 		.4byte	.LASF98
 639 0490 05       		.byte	0x5
 640 0491 94       		.byte	0x94
 641 0492 CE000000 		.4byte	0xce
 642 0496 A0       		.byte	0xa0
 643 0497 06       		.uleb128 0x6
 644 0498 D9010000 		.4byte	.LASF99
 645 049c 05       		.byte	0x5
 646 049d 95       		.byte	0x95
 647 049e B8000000 		.4byte	0xb8
 648 04a2 A4       		.byte	0xa4
 649 04a3 06       		.uleb128 0x6
 650 04a4 E5050000 		.4byte	.LASF100
 651 04a8 05       		.byte	0x5
 652 04a9 96       		.byte	0x96
ARM GAS  C:\Users\SEANIL~1\AppData\Local\Temp\cckYuGpc.s 			page 15


 653 04aa B8000000 		.4byte	0xb8
 654 04ae A6       		.byte	0xa6
 655 04af 06       		.uleb128 0x6
 656 04b0 45070000 		.4byte	.LASF101
 657 04b4 05       		.byte	0x5
 658 04b5 97       		.byte	0x97
 659 04b6 B8000000 		.4byte	0xb8
 660 04ba A8       		.byte	0xa8
 661 04bb 06       		.uleb128 0x6
 662 04bc 2B050000 		.4byte	.LASF102
 663 04c0 05       		.byte	0x5
 664 04c1 98       		.byte	0x98
 665 04c2 B8000000 		.4byte	0xb8
 666 04c6 AA       		.byte	0xaa
 667 04c7 06       		.uleb128 0x6
 668 04c8 C5000000 		.4byte	.LASF103
 669 04cc 05       		.byte	0x5
 670 04cd 99       		.byte	0x99
 671 04ce B8000000 		.4byte	0xb8
 672 04d2 AC       		.byte	0xac
 673 04d3 06       		.uleb128 0x6
 674 04d4 2A030000 		.4byte	.LASF104
 675 04d8 05       		.byte	0x5
 676 04d9 9A       		.byte	0x9a
 677 04da B8000000 		.4byte	0xb8
 678 04de AE       		.byte	0xae
 679 04df 06       		.uleb128 0x6
 680 04e0 19070000 		.4byte	.LASF105
 681 04e4 05       		.byte	0x5
 682 04e5 9D       		.byte	0x9d
 683 04e6 B8000000 		.4byte	0xb8
 684 04ea B0       		.byte	0xb0
 685 04eb 06       		.uleb128 0x6
 686 04ec C7050000 		.4byte	.LASF106
 687 04f0 05       		.byte	0x5
 688 04f1 9E       		.byte	0x9e
 689 04f2 CE000000 		.4byte	0xce
 690 04f6 B4       		.byte	0xb4
 691 04f7 00       		.byte	0
 692 04f8 03       		.uleb128 0x3
 693 04f9 D3000000 		.4byte	.LASF107
 694 04fd 05       		.byte	0x5
 695 04fe 9F       		.byte	0x9f
 696 04ff E7000000 		.4byte	0xe7
 697 0503 02       		.uleb128 0x2
 698 0504 01       		.byte	0x1
 699 0505 08       		.byte	0x8
 700 0506 2A040000 		.4byte	.LASF108
 701 050a 02       		.uleb128 0x2
 702 050b 04       		.byte	0x4
 703 050c 04       		.byte	0x4
 704 050d F8010000 		.4byte	.LASF109
 705 0511 02       		.uleb128 0x2
 706 0512 08       		.byte	0x8
 707 0513 04       		.byte	0x4
 708 0514 24050000 		.4byte	.LASF110
 709 0518 02       		.uleb128 0x2
ARM GAS  C:\Users\SEANIL~1\AppData\Local\Temp\cckYuGpc.s 			page 16


 710 0519 01       		.byte	0x1
 711 051a 02       		.byte	0x2
 712 051b 9A040000 		.4byte	.LASF111
 713 051f 07       		.uleb128 0x7
 714 0520 61020000 		.4byte	.LASF117
 715 0524 02       		.byte	0x2
 716 0525 81       		.byte	0x81
 717 0526 03       		.byte	0x3
 718 0527 08       		.uleb128 0x8
 719 0528 3E010000 		.4byte	.LASF118
 720 052c 01       		.byte	0x1
 721 052d 0E       		.byte	0xe
 722 052e 94000000 		.4byte	0x94
 723 0532 00000000 		.4byte	.LFB328
 724 0536 04000000 		.4byte	.LFE328-.LFB328
 725 053a 01       		.uleb128 0x1
 726 053b 9C       		.byte	0x9c
 727 053c 50050000 		.4byte	0x550
 728 0540 09       		.uleb128 0x9
 729 0541 1F050000 		.4byte	0x51f
 730 0545 00000000 		.4byte	.LBB4
 731 0549 04000000 		.4byte	.LBE4-.LBB4
 732 054d 01       		.byte	0x1
 733 054e 10       		.byte	0x10
 734 054f 00       		.byte	0
 735 0550 0A       		.uleb128 0xa
 736 0551 38070000 		.4byte	.LASF112
 737 0555 06       		.byte	0x6
 738 0556 F907     		.2byte	0x7f9
 739 0558 5C050000 		.4byte	0x55c
 740 055c 0B       		.uleb128 0xb
 741 055d C3000000 		.4byte	0xc3
 742 0561 0C       		.uleb128 0xc
 743 0562 5C050000 		.4byte	.LASF113
 744 0566 05       		.byte	0x5
 745 0567 A7       		.byte	0xa7
 746 0568 6C050000 		.4byte	0x56c
 747 056c 0D       		.uleb128 0xd
 748 056d 04       		.byte	0x4
 749 056e 72050000 		.4byte	0x572
 750 0572 0E       		.uleb128 0xe
 751 0573 F8040000 		.4byte	0x4f8
 752 0577 00       		.byte	0
 753              		.section	.debug_abbrev,"",%progbits
 754              	.Ldebug_abbrev0:
 755 0000 01       		.uleb128 0x1
 756 0001 11       		.uleb128 0x11
 757 0002 01       		.byte	0x1
 758 0003 25       		.uleb128 0x25
 759 0004 0E       		.uleb128 0xe
 760 0005 13       		.uleb128 0x13
 761 0006 0B       		.uleb128 0xb
 762 0007 03       		.uleb128 0x3
 763 0008 0E       		.uleb128 0xe
 764 0009 1B       		.uleb128 0x1b
 765 000a 0E       		.uleb128 0xe
 766 000b 55       		.uleb128 0x55
ARM GAS  C:\Users\SEANIL~1\AppData\Local\Temp\cckYuGpc.s 			page 17


 767 000c 17       		.uleb128 0x17
 768 000d 11       		.uleb128 0x11
 769 000e 01       		.uleb128 0x1
 770 000f 10       		.uleb128 0x10
 771 0010 17       		.uleb128 0x17
 772 0011 00       		.byte	0
 773 0012 00       		.byte	0
 774 0013 02       		.uleb128 0x2
 775 0014 24       		.uleb128 0x24
 776 0015 00       		.byte	0
 777 0016 0B       		.uleb128 0xb
 778 0017 0B       		.uleb128 0xb
 779 0018 3E       		.uleb128 0x3e
 780 0019 0B       		.uleb128 0xb
 781 001a 03       		.uleb128 0x3
 782 001b 0E       		.uleb128 0xe
 783 001c 00       		.byte	0
 784 001d 00       		.byte	0
 785 001e 03       		.uleb128 0x3
 786 001f 16       		.uleb128 0x16
 787 0020 00       		.byte	0
 788 0021 03       		.uleb128 0x3
 789 0022 0E       		.uleb128 0xe
 790 0023 3A       		.uleb128 0x3a
 791 0024 0B       		.uleb128 0xb
 792 0025 3B       		.uleb128 0x3b
 793 0026 0B       		.uleb128 0xb
 794 0027 49       		.uleb128 0x49
 795 0028 13       		.uleb128 0x13
 796 0029 00       		.byte	0
 797 002a 00       		.byte	0
 798 002b 04       		.uleb128 0x4
 799 002c 24       		.uleb128 0x24
 800 002d 00       		.byte	0
 801 002e 0B       		.uleb128 0xb
 802 002f 0B       		.uleb128 0xb
 803 0030 3E       		.uleb128 0x3e
 804 0031 0B       		.uleb128 0xb
 805 0032 03       		.uleb128 0x3
 806 0033 08       		.uleb128 0x8
 807 0034 00       		.byte	0
 808 0035 00       		.byte	0
 809 0036 05       		.uleb128 0x5
 810 0037 13       		.uleb128 0x13
 811 0038 01       		.byte	0x1
 812 0039 0B       		.uleb128 0xb
 813 003a 0B       		.uleb128 0xb
 814 003b 3A       		.uleb128 0x3a
 815 003c 0B       		.uleb128 0xb
 816 003d 3B       		.uleb128 0x3b
 817 003e 0B       		.uleb128 0xb
 818 003f 01       		.uleb128 0x1
 819 0040 13       		.uleb128 0x13
 820 0041 00       		.byte	0
 821 0042 00       		.byte	0
 822 0043 06       		.uleb128 0x6
 823 0044 0D       		.uleb128 0xd
ARM GAS  C:\Users\SEANIL~1\AppData\Local\Temp\cckYuGpc.s 			page 18


 824 0045 00       		.byte	0
 825 0046 03       		.uleb128 0x3
 826 0047 0E       		.uleb128 0xe
 827 0048 3A       		.uleb128 0x3a
 828 0049 0B       		.uleb128 0xb
 829 004a 3B       		.uleb128 0x3b
 830 004b 0B       		.uleb128 0xb
 831 004c 49       		.uleb128 0x49
 832 004d 13       		.uleb128 0x13
 833 004e 38       		.uleb128 0x38
 834 004f 0B       		.uleb128 0xb
 835 0050 00       		.byte	0
 836 0051 00       		.byte	0
 837 0052 07       		.uleb128 0x7
 838 0053 2E       		.uleb128 0x2e
 839 0054 00       		.byte	0
 840 0055 03       		.uleb128 0x3
 841 0056 0E       		.uleb128 0xe
 842 0057 3A       		.uleb128 0x3a
 843 0058 0B       		.uleb128 0xb
 844 0059 3B       		.uleb128 0x3b
 845 005a 0B       		.uleb128 0xb
 846 005b 27       		.uleb128 0x27
 847 005c 19       		.uleb128 0x19
 848 005d 20       		.uleb128 0x20
 849 005e 0B       		.uleb128 0xb
 850 005f 00       		.byte	0
 851 0060 00       		.byte	0
 852 0061 08       		.uleb128 0x8
 853 0062 2E       		.uleb128 0x2e
 854 0063 01       		.byte	0x1
 855 0064 3F       		.uleb128 0x3f
 856 0065 19       		.uleb128 0x19
 857 0066 03       		.uleb128 0x3
 858 0067 0E       		.uleb128 0xe
 859 0068 3A       		.uleb128 0x3a
 860 0069 0B       		.uleb128 0xb
 861 006a 3B       		.uleb128 0x3b
 862 006b 0B       		.uleb128 0xb
 863 006c 27       		.uleb128 0x27
 864 006d 19       		.uleb128 0x19
 865 006e 49       		.uleb128 0x49
 866 006f 13       		.uleb128 0x13
 867 0070 8701     		.uleb128 0x87
 868 0072 19       		.uleb128 0x19
 869 0073 11       		.uleb128 0x11
 870 0074 01       		.uleb128 0x1
 871 0075 12       		.uleb128 0x12
 872 0076 06       		.uleb128 0x6
 873 0077 40       		.uleb128 0x40
 874 0078 18       		.uleb128 0x18
 875 0079 9742     		.uleb128 0x2117
 876 007b 19       		.uleb128 0x19
 877 007c 01       		.uleb128 0x1
 878 007d 13       		.uleb128 0x13
 879 007e 00       		.byte	0
 880 007f 00       		.byte	0
ARM GAS  C:\Users\SEANIL~1\AppData\Local\Temp\cckYuGpc.s 			page 19


 881 0080 09       		.uleb128 0x9
 882 0081 1D       		.uleb128 0x1d
 883 0082 00       		.byte	0
 884 0083 31       		.uleb128 0x31
 885 0084 13       		.uleb128 0x13
 886 0085 11       		.uleb128 0x11
 887 0086 01       		.uleb128 0x1
 888 0087 12       		.uleb128 0x12
 889 0088 06       		.uleb128 0x6
 890 0089 58       		.uleb128 0x58
 891 008a 0B       		.uleb128 0xb
 892 008b 59       		.uleb128 0x59
 893 008c 0B       		.uleb128 0xb
 894 008d 00       		.byte	0
 895 008e 00       		.byte	0
 896 008f 0A       		.uleb128 0xa
 897 0090 34       		.uleb128 0x34
 898 0091 00       		.byte	0
 899 0092 03       		.uleb128 0x3
 900 0093 0E       		.uleb128 0xe
 901 0094 3A       		.uleb128 0x3a
 902 0095 0B       		.uleb128 0xb
 903 0096 3B       		.uleb128 0x3b
 904 0097 05       		.uleb128 0x5
 905 0098 49       		.uleb128 0x49
 906 0099 13       		.uleb128 0x13
 907 009a 3F       		.uleb128 0x3f
 908 009b 19       		.uleb128 0x19
 909 009c 3C       		.uleb128 0x3c
 910 009d 19       		.uleb128 0x19
 911 009e 00       		.byte	0
 912 009f 00       		.byte	0
 913 00a0 0B       		.uleb128 0xb
 914 00a1 35       		.uleb128 0x35
 915 00a2 00       		.byte	0
 916 00a3 49       		.uleb128 0x49
 917 00a4 13       		.uleb128 0x13
 918 00a5 00       		.byte	0
 919 00a6 00       		.byte	0
 920 00a7 0C       		.uleb128 0xc
 921 00a8 34       		.uleb128 0x34
 922 00a9 00       		.byte	0
 923 00aa 03       		.uleb128 0x3
 924 00ab 0E       		.uleb128 0xe
 925 00ac 3A       		.uleb128 0x3a
 926 00ad 0B       		.uleb128 0xb
 927 00ae 3B       		.uleb128 0x3b
 928 00af 0B       		.uleb128 0xb
 929 00b0 49       		.uleb128 0x49
 930 00b1 13       		.uleb128 0x13
 931 00b2 3F       		.uleb128 0x3f
 932 00b3 19       		.uleb128 0x19
 933 00b4 3C       		.uleb128 0x3c
 934 00b5 19       		.uleb128 0x19
 935 00b6 00       		.byte	0
 936 00b7 00       		.byte	0
 937 00b8 0D       		.uleb128 0xd
ARM GAS  C:\Users\SEANIL~1\AppData\Local\Temp\cckYuGpc.s 			page 20


 938 00b9 0F       		.uleb128 0xf
 939 00ba 00       		.byte	0
 940 00bb 0B       		.uleb128 0xb
 941 00bc 0B       		.uleb128 0xb
 942 00bd 49       		.uleb128 0x49
 943 00be 13       		.uleb128 0x13
 944 00bf 00       		.byte	0
 945 00c0 00       		.byte	0
 946 00c1 0E       		.uleb128 0xe
 947 00c2 26       		.uleb128 0x26
 948 00c3 00       		.byte	0
 949 00c4 49       		.uleb128 0x49
 950 00c5 13       		.uleb128 0x13
 951 00c6 00       		.byte	0
 952 00c7 00       		.byte	0
 953 00c8 00       		.byte	0
 954              		.section	.debug_aranges,"",%progbits
 955 0000 1C000000 		.4byte	0x1c
 956 0004 0200     		.2byte	0x2
 957 0006 00000000 		.4byte	.Ldebug_info0
 958 000a 04       		.byte	0x4
 959 000b 00       		.byte	0
 960 000c 0000     		.2byte	0
 961 000e 0000     		.2byte	0
 962 0010 00000000 		.4byte	.LFB328
 963 0014 04000000 		.4byte	.LFE328-.LFB328
 964 0018 00000000 		.4byte	0
 965 001c 00000000 		.4byte	0
 966              		.section	.debug_ranges,"",%progbits
 967              	.Ldebug_ranges0:
 968 0000 00000000 		.4byte	.LFB328
 969 0004 04000000 		.4byte	.LFE328
 970 0008 00000000 		.4byte	0
 971 000c 00000000 		.4byte	0
 972              		.section	.debug_line,"",%progbits
 973              	.Ldebug_line0:
 974 0000 C3010000 		.section	.debug_str,"MS",%progbits,1
 974      0200A801 
 974      00000201 
 974      FB0E0D00 
 974      01010101 
 975              	.LASF43:
 976 0000 63707573 		.ascii	"cpussFlashPaSize\000"
 976      73466C61 
 976      73685061 
 976      53697A65 
 976      00
 977              	.LASF96:
 978 0011 63707573 		.ascii	"cpussTrimRamCtlOffset\000"
 978      73547269 
 978      6D52616D 
 978      43746C4F 
 978      66667365 
 979              	.LASF49:
 980 0027 73727373 		.ascii	"srssNumHfroot\000"
 980      4E756D48 
 980      66726F6F 
ARM GAS  C:\Users\SEANIL~1\AppData\Local\Temp\cckYuGpc.s 			page 21


 980      7400
 981              	.LASF89:
 982 0035 6770696F 		.ascii	"gpioPrtCfgOutOffset\000"
 982      50727443 
 982      66674F75 
 982      744F6666 
 982      73657400 
 983              	.LASF36:
 984 0049 6873696F 		.ascii	"hsiomVersion\000"
 984      6D566572 
 984      73696F6E 
 984      00
 985              	.LASF88:
 986 0056 6770696F 		.ascii	"gpioPrtCfgInOffset\000"
 986      50727443 
 986      6667496E 
 986      4F666673 
 986      657400
 987              	.LASF42:
 988 0069 63707573 		.ascii	"cpussDwChNr\000"
 988      73447743 
 988      684E7200 
 989              	.LASF30:
 990 0075 63727970 		.ascii	"cryptoBase\000"
 990      746F4261 
 990      736500
 991              	.LASF91:
 992 0080 63707573 		.ascii	"cpussCm0ClockCtlOffset\000"
 992      73436D30 
 992      436C6F63 
 992      6B43746C 
 992      4F666673 
 993              	.LASF0:
 994 0097 73686F72 		.ascii	"short int\000"
 994      7420696E 
 994      7400
 995              	.LASF60:
 996 00a1 666C6173 		.ascii	"flashWriteDelay\000"
 996      68577269 
 996      74654465 
 996      6C617900 
 997              	.LASF19:
 998 00b1 73697A65 		.ascii	"sizetype\000"
 998      74797065 
 998      00
 999              	.LASF37:
 1000 00ba 69706356 		.ascii	"ipcVersion\000"
 1000      65727369 
 1000      6F6E00
 1001              	.LASF103:
 1002 00c5 63707573 		.ascii	"cpussRam1Ctl0\000"
 1002      7352616D 
 1002      3143746C 
 1002      3000
 1003              	.LASF107:
 1004 00d3 63795F73 		.ascii	"cy_stc_device_t\000"
 1004      74635F64 
ARM GAS  C:\Users\SEANIL~1\AppData\Local\Temp\cckYuGpc.s 			page 22


 1004      65766963 
 1004      655F7400 
 1005              	.LASF39:
 1006 00e3 70726F74 		.ascii	"protVersion\000"
 1006      56657273 
 1006      696F6E00 
 1007              	.LASF116:
 1008 00ef 433A5C55 		.ascii	"C:\\Users\\Sean Ilagan\\Documents\\PSoC Creator\\pl"
 1008      73657273 
 1008      5C536561 
 1008      6E20496C 
 1008      6167616E 
 1009 011d 61797465 		.ascii	"aytesting\\Hello World CM0P.cydsn\000"
 1009      7374696E 
 1009      675C4865 
 1009      6C6C6F20 
 1009      576F726C 
 1010              	.LASF118:
 1011 013e 6D61696E 		.ascii	"main\000"
 1011      00
 1012              	.LASF9:
 1013 0143 5F5F7569 		.ascii	"__uint32_t\000"
 1013      6E743332 
 1013      5F7400
 1014              	.LASF63:
 1015 014e 666C6173 		.ascii	"flashCtlMainWs0Freq\000"
 1015      6843746C 
 1015      4D61696E 
 1015      57733046 
 1015      72657100 
 1016              	.LASF21:
 1017 0162 63707573 		.ascii	"cpussBase\000"
 1017      73426173 
 1017      6500
 1018              	.LASF31:
 1019 016c 63707573 		.ascii	"cpussVersion\000"
 1019      73566572 
 1019      73696F6E 
 1019      00
 1020              	.LASF5:
 1021 0179 5F5F7569 		.ascii	"__uint16_t\000"
 1021      6E743136 
 1021      5F7400
 1022              	.LASF58:
 1023 0184 666C6173 		.ascii	"flashRwwRequired\000"
 1023      68527777 
 1023      52657175 
 1023      69726564 
 1023      00
 1024              	.LASF115:
 1025 0195 6D61696E 		.ascii	"main_cm4.c\000"
 1025      5F636D34 
 1025      2E6300
 1026              	.LASF14:
 1027 01a0 75696E74 		.ascii	"uint8_t\000"
 1027      385F7400 
 1028              	.LASF38:
ARM GAS  C:\Users\SEANIL~1\AppData\Local\Temp\cckYuGpc.s 			page 23


 1029 01a8 70657269 		.ascii	"periVersion\000"
 1029      56657273 
 1029      696F6E00 
 1030              	.LASF69:
 1031 01b4 64774368 		.ascii	"dwChSize\000"
 1031      53697A65 
 1031      00
 1032              	.LASF70:
 1033 01bd 64774368 		.ascii	"dwChCtlPrioPos\000"
 1033      43746C50 
 1033      72696F50 
 1033      6F7300
 1034              	.LASF44:
 1035 01cc 63707573 		.ascii	"cpussIpc0Irq\000"
 1035      73497063 
 1035      30497271 
 1035      00
 1036              	.LASF99:
 1037 01d9 63707573 		.ascii	"cpussCm0NmiCtlOffset\000"
 1037      73436D30 
 1037      4E6D6943 
 1037      746C4F66 
 1037      66736574 
 1038              	.LASF26:
 1039 01ee 6873696F 		.ascii	"hsiomBase\000"
 1039      6D426173 
 1039      6500
 1040              	.LASF109:
 1041 01f8 666C6F61 		.ascii	"float\000"
 1041      7400
 1042              	.LASF90:
 1043 01fe 6770696F 		.ascii	"gpioPrtCfgSioOffset\000"
 1043      50727443 
 1043      66675369 
 1043      6F4F6666 
 1043      73657400 
 1044              	.LASF11:
 1045 0212 6C6F6E67 		.ascii	"long long int\000"
 1045      206C6F6E 
 1045      6720696E 
 1045      7400
 1046              	.LASF55:
 1047 0220 73797350 		.ascii	"sysPmSimoPresent\000"
 1047      6D53696D 
 1047      6F507265 
 1047      73656E74 
 1047      00
 1048              	.LASF73:
 1049 0231 64775374 		.ascii	"dwStatusChIdxMsk\000"
 1049      61747573 
 1049      43684964 
 1049      784D736B 
 1049      00
 1050              	.LASF98:
 1051 0242 63707573 		.ascii	"cpussSysTickCtlOffset\000"
 1051      73537973 
 1051      5469636B 
ARM GAS  C:\Users\SEANIL~1\AppData\Local\Temp\cckYuGpc.s 			page 24


 1051      43746C4F 
 1051      66667365 
 1052              	.LASF8:
 1053 0258 6C6F6E67 		.ascii	"long int\000"
 1053      20696E74 
 1053      00
 1054              	.LASF117:
 1055 0261 5F5F656E 		.ascii	"__enable_irq\000"
 1055      61626C65 
 1055      5F697271 
 1055      00
 1056              	.LASF22:
 1057 026e 666C6173 		.ascii	"flashcBase\000"
 1057      68634261 
 1057      736500
 1058              	.LASF86:
 1059 0279 6770696F 		.ascii	"gpioPrtIntrCfgOffset\000"
 1059      50727449 
 1059      6E747243 
 1059      66674F66 
 1059      66736574 
 1060              	.LASF68:
 1061 028e 64774368 		.ascii	"dwChOffset\000"
 1061      4F666673 
 1061      657400
 1062              	.LASF3:
 1063 0299 5F5F7569 		.ascii	"__uint8_t\000"
 1063      6E74385F 
 1063      7400
 1064              	.LASF41:
 1065 02a3 63707573 		.ascii	"cpussIpcIrqNr\000"
 1065      73497063 
 1065      4972714E 
 1065      7200
 1066              	.LASF83:
 1067 02b1 70657269 		.ascii	"periDiv16CtlOffset\000"
 1067      44697631 
 1067      3643746C 
 1067      4F666673 
 1067      657400
 1068              	.LASF82:
 1069 02c4 70657269 		.ascii	"periDiv8CtlOffset\000"
 1069      44697638 
 1069      43746C4F 
 1069      66667365 
 1069      7400
 1070              	.LASF92:
 1071 02d6 63707573 		.ascii	"cpussCm4ClockCtlOffset\000"
 1071      73436D34 
 1071      436C6F63 
 1071      6B43746C 
 1071      4F666673 
 1072              	.LASF75:
 1073 02ed 70657269 		.ascii	"periTrCmdGrSelMsk\000"
 1073      5472436D 
 1073      64477253 
 1073      656C4D73 
ARM GAS  C:\Users\SEANIL~1\AppData\Local\Temp\cckYuGpc.s 			page 25


 1073      6B00
 1074              	.LASF66:
 1075 02ff 666C6173 		.ascii	"flashCtlMainWs3Freq\000"
 1075      6843746C 
 1075      4D61696E 
 1075      57733346 
 1075      72657100 
 1076              	.LASF54:
 1077 0313 75646250 		.ascii	"udbPresent\000"
 1077      72657365 
 1077      6E7400
 1078              	.LASF20:
 1079 031e 6C6F6E67 		.ascii	"long double\000"
 1079      20646F75 
 1079      626C6500 
 1080              	.LASF104:
 1081 032a 63707573 		.ascii	"cpussRam2Ctl0\000"
 1081      7352616D 
 1081      3243746C 
 1081      3000
 1082              	.LASF28:
 1083 0338 70617373 		.ascii	"passBase\000"
 1083      42617365 
 1083      00
 1084              	.LASF2:
 1085 0341 756E7369 		.ascii	"unsigned char\000"
 1085      676E6564 
 1085      20636861 
 1085      7200
 1086              	.LASF23:
 1087 034f 70657269 		.ascii	"periBase\000"
 1087      42617365 
 1087      00
 1088              	.LASF1:
 1089 0358 7369676E 		.ascii	"signed char\000"
 1089      65642063 
 1089      68617200 
 1090              	.LASF17:
 1091 0364 696E7433 		.ascii	"int32_t\000"
 1091      325F7400 
 1092              	.LASF12:
 1093 036c 6C6F6E67 		.ascii	"long long unsigned int\000"
 1093      206C6F6E 
 1093      6720756E 
 1093      7369676E 
 1093      65642069 
 1094              	.LASF27:
 1095 0383 6770696F 		.ascii	"gpioBase\000"
 1095      42617365 
 1095      00
 1096              	.LASF18:
 1097 038c 75696E74 		.ascii	"uint32_t\000"
 1097      33325F74 
 1097      00
 1098              	.LASF93:
 1099 0395 63707573 		.ascii	"cpussCm4StatusOffset\000"
 1099      73436D34 
ARM GAS  C:\Users\SEANIL~1\AppData\Local\Temp\cckYuGpc.s 			page 26


 1099      53746174 
 1099      75734F66 
 1099      66736574 
 1100              	.LASF13:
 1101 03aa 756E7369 		.ascii	"unsigned int\000"
 1101      676E6564 
 1101      20696E74 
 1101      00
 1102              	.LASF47:
 1103 03b7 73727373 		.ascii	"srssNumClkpath\000"
 1103      4E756D43 
 1103      6C6B7061 
 1103      746800
 1104              	.LASF81:
 1105 03c6 70657269 		.ascii	"periDivCmdPaTypeSelPos\000"
 1105      44697643 
 1105      6D645061 
 1105      54797065 
 1105      53656C50 
 1106              	.LASF46:
 1107 03dd 63707573 		.ascii	"cpussNotConnectedIrq\000"
 1107      734E6F74 
 1107      436F6E6E 
 1107      65637465 
 1107      64497271 
 1108              	.LASF62:
 1109 03f2 666C6173 		.ascii	"flashEraseDelay\000"
 1109      68457261 
 1109      73654465 
 1109      6C617900 
 1110              	.LASF85:
 1111 0402 70657269 		.ascii	"periDiv24_5CtlOffset\000"
 1111      44697632 
 1111      345F3543 
 1111      746C4F66 
 1111      66736574 
 1112              	.LASF6:
 1113 0417 73686F72 		.ascii	"short unsigned int\000"
 1113      7420756E 
 1113      7369676E 
 1113      65642069 
 1113      6E7400
 1114              	.LASF108:
 1115 042a 63686172 		.ascii	"char\000"
 1115      00
 1116              	.LASF16:
 1117 042f 75696E74 		.ascii	"uint16_t\000"
 1117      31365F74 
 1117      00
 1118              	.LASF56:
 1119 0438 70726F74 		.ascii	"protBusMasterMask\000"
 1119      4275734D 
 1119      61737465 
 1119      724D6173 
 1119      6B00
 1120              	.LASF79:
 1121 044a 70657269 		.ascii	"periDivCmdTypeSelPos\000"
ARM GAS  C:\Users\SEANIL~1\AppData\Local\Temp\cckYuGpc.s 			page 27


 1121      44697643 
 1121      6D645479 
 1121      70655365 
 1121      6C506F73 
 1122              	.LASF78:
 1123 045f 70657269 		.ascii	"periDivCmdDivSelMsk\000"
 1123      44697643 
 1123      6D644469 
 1123      7653656C 
 1123      4D736B00 
 1124              	.LASF24:
 1125 0473 75646242 		.ascii	"udbBase\000"
 1125      61736500 
 1126              	.LASF50:
 1127 047b 70657269 		.ascii	"periClockNr\000"
 1127      436C6F63 
 1127      6B4E7200 
 1128              	.LASF48:
 1129 0487 73727373 		.ascii	"srssNumPll\000"
 1129      4E756D50 
 1129      6C6C00
 1130              	.LASF15:
 1131 0492 696E7431 		.ascii	"int16_t\000"
 1131      365F7400 
 1132              	.LASF111:
 1133 049a 5F426F6F 		.ascii	"_Bool\000"
 1133      6C00
 1134              	.LASF74:
 1135 04a0 70657269 		.ascii	"periTrCmdOffset\000"
 1135      5472436D 
 1135      644F6666 
 1135      73657400 
 1136              	.LASF57:
 1137 04b0 63727970 		.ascii	"cryptoMemSize\000"
 1137      746F4D65 
 1137      6D53697A 
 1137      6500
 1138              	.LASF87:
 1139 04be 6770696F 		.ascii	"gpioPrtCfgOffset\000"
 1139      50727443 
 1139      66674F66 
 1139      66736574 
 1139      00
 1140              	.LASF32:
 1141 04cf 63727970 		.ascii	"cryptoVersion\000"
 1141      746F5665 
 1141      7273696F 
 1141      6E00
 1142              	.LASF35:
 1143 04dd 6770696F 		.ascii	"gpioVersion\000"
 1143      56657273 
 1143      696F6E00 
 1144              	.LASF95:
 1145 04e9 63707573 		.ascii	"cpussCm4PwrCtlOffset\000"
 1145      73436D34 
 1145      50777243 
 1145      746C4F66 
ARM GAS  C:\Users\SEANIL~1\AppData\Local\Temp\cckYuGpc.s 			page 28


 1145      66736574 
 1146              	.LASF64:
 1147 04fe 666C6173 		.ascii	"flashCtlMainWs1Freq\000"
 1147      6843746C 
 1147      4D61696E 
 1147      57733146 
 1147      72657100 
 1148              	.LASF10:
 1149 0512 6C6F6E67 		.ascii	"long unsigned int\000"
 1149      20756E73 
 1149      69676E65 
 1149      6420696E 
 1149      7400
 1150              	.LASF110:
 1151 0524 646F7562 		.ascii	"double\000"
 1151      6C6500
 1152              	.LASF102:
 1153 052b 63707573 		.ascii	"cpussRam0Ctl0\000"
 1153      7352616D 
 1153      3043746C 
 1153      3000
 1154              	.LASF33:
 1155 0539 64775665 		.ascii	"dwVersion\000"
 1155      7273696F 
 1155      6E00
 1156              	.LASF40:
 1157 0543 63707573 		.ascii	"cpussIpcNr\000"
 1157      73497063 
 1157      4E7200
 1158              	.LASF34:
 1159 054e 666C6173 		.ascii	"flashcVersion\000"
 1159      68635665 
 1159      7273696F 
 1159      6E00
 1160              	.LASF113:
 1161 055c 63795F64 		.ascii	"cy_device\000"
 1161      65766963 
 1161      6500
 1162              	.LASF67:
 1163 0566 666C6173 		.ascii	"flashCtlMainWs4Freq\000"
 1163      6843746C 
 1163      4D61696E 
 1163      57733446 
 1163      72657100 
 1164              	.LASF45:
 1165 057a 63707573 		.ascii	"cpussFmIrq\000"
 1165      73466D49 
 1165      727100
 1166              	.LASF80:
 1167 0585 70657269 		.ascii	"periDivCmdPaDivSelPos\000"
 1167      44697643 
 1167      6D645061 
 1167      44697653 
 1167      656C506F 
 1168              	.LASF52:
 1169 059b 70617373 		.ascii	"passSarChannels\000"
 1169      53617243 
ARM GAS  C:\Users\SEANIL~1\AppData\Local\Temp\cckYuGpc.s 			page 29


 1169      68616E6E 
 1169      656C7300 
 1170              	.LASF7:
 1171 05ab 5F5F696E 		.ascii	"__int32_t\000"
 1171      7433325F 
 1171      7400
 1172              	.LASF61:
 1173 05b5 666C6173 		.ascii	"flashProgramDelay\000"
 1173      6850726F 
 1173      6772616D 
 1173      44656C61 
 1173      7900
 1174              	.LASF106:
 1175 05c7 6970634C 		.ascii	"ipcLockStatusOffset\000"
 1175      6F636B53 
 1175      74617475 
 1175      734F6666 
 1175      73657400 
 1176              	.LASF4:
 1177 05db 5F5F696E 		.ascii	"__int16_t\000"
 1177      7431365F 
 1177      7400
 1178              	.LASF100:
 1179 05e5 63707573 		.ascii	"cpussCm4NmiCtlOffset\000"
 1179      73436D34 
 1179      4E6D6943 
 1179      746C4F66 
 1179      66736574 
 1180              	.LASF53:
 1181 05fa 65704D6F 		.ascii	"epMonitorNr\000"
 1181      6E69746F 
 1181      724E7200 
 1182              	.LASF65:
 1183 0606 666C6173 		.ascii	"flashCtlMainWs2Freq\000"
 1183      6843746C 
 1183      4D61696E 
 1183      57733246 
 1183      72657100 
 1184              	.LASF84:
 1185 061a 70657269 		.ascii	"periDiv16_5CtlOffset\000"
 1185      44697631 
 1185      365F3543 
 1185      746C4F66 
 1185      66736574 
 1186              	.LASF76:
 1187 062f 70657269 		.ascii	"periTrGrOffset\000"
 1187      54724772 
 1187      4F666673 
 1187      657400
 1188              	.LASF97:
 1189 063e 63707573 		.ascii	"cpussTrimRomCtlOffset\000"
 1189      73547269 
 1189      6D526F6D 
 1189      43746C4F 
 1189      66667365 
 1190              	.LASF114:
 1191 0654 474E5520 		.ascii	"GNU C11 5.4.1 20160609 (release) [ARM/embedded-5-br"
ARM GAS  C:\Users\SEANIL~1\AppData\Local\Temp\cckYuGpc.s 			page 30


 1191      43313120 
 1191      352E342E 
 1191      31203230 
 1191      31363036 
 1192 0687 616E6368 		.ascii	"anch revision 237715] -mcpu=cortex-m4 -mfloat-abi=s"
 1192      20726576 
 1192      6973696F 
 1192      6E203233 
 1192      37373135 
 1193 06ba 6F667466 		.ascii	"oftfp -mfpu=fpv4-sp-d16 -mthumb -g -Og -ffunction-s"
 1193      70202D6D 
 1193      6670753D 
 1193      66707634 
 1193      2D73702D 
 1194 06ed 65637469 		.ascii	"ections -ffat-lto-objects\000"
 1194      6F6E7320 
 1194      2D666661 
 1194      742D6C74 
 1194      6F2D6F62 
 1195              	.LASF59:
 1196 0707 666C6173 		.ascii	"flashPipeRequired\000"
 1196      68506970 
 1196      65526571 
 1196      75697265 
 1196      6400
 1197              	.LASF105:
 1198 0719 69706353 		.ascii	"ipcStructSize\000"
 1198      74727563 
 1198      7453697A 
 1198      6500
 1199              	.LASF29:
 1200 0727 69706342 		.ascii	"ipcBase\000"
 1200      61736500 
 1201              	.LASF25:
 1202 072f 70726F74 		.ascii	"protBase\000"
 1202      42617365 
 1202      00
 1203              	.LASF112:
 1204 0738 49544D5F 		.ascii	"ITM_RxBuffer\000"
 1204      52784275 
 1204      66666572 
 1204      00
 1205              	.LASF101:
 1206 0745 63707573 		.ascii	"cpussRomCtl\000"
 1206      73526F6D 
 1206      43746C00 
 1207              	.LASF51:
 1208 0751 736D6966 		.ascii	"smifDeviceNr\000"
 1208      44657669 
 1208      63654E72 
 1208      00
 1209              	.LASF94:
 1210 075e 63707573 		.ascii	"cpussCm0StatusOffset\000"
 1210      73436D30 
 1210      53746174 
 1210      75734F66 
 1210      66736574 
ARM GAS  C:\Users\SEANIL~1\AppData\Local\Temp\cckYuGpc.s 			page 31


 1211              	.LASF72:
 1212 0773 64775374 		.ascii	"dwStatusChIdxPos\000"
 1212      61747573 
 1212      43684964 
 1212      78506F73 
 1212      00
 1213              	.LASF71:
 1214 0784 64774368 		.ascii	"dwChCtlPreemptablePos\000"
 1214      43746C50 
 1214      7265656D 
 1214      70746162 
 1214      6C65506F 
 1215              	.LASF77:
 1216 079a 70657269 		.ascii	"periTrGrSize\000"
 1216      54724772 
 1216      53697A65 
 1216      00
 1217              		.ident	"GCC: (GNU Tools for ARM Embedded Processors) 5.4.1 20160609 (release) [ARM/embedded-5-bran
