--------------- Build Started: 10/05/2021 20:10:28 Project: DAC_BLE, Configuration: ARM GCC 5.4-2016-q2-update Release ---------------
The code generation step is up to date.
The compile step is up to date, no work needs to be done.
The link step is up to date, no work needs to be done.
arm-none-eabi-gcc.exe -mcpu=cortex-m4 -mfloat-abi=softfp -mfpu=fpv4-sp-d16 -mthumb -I. -IGenerated_Source\PSoC6 -IGenerated_Source\PSoC6\pdl\cmsis/include/ -IGenerated_Source\PSoC6\pdl\devices/psoc6/include/ -IGenerated_Source\PSoC6\pdl\devices/psoc6/include/ip/ -IGenerated_Source\PSoC6\pdl\drivers/peripheral/ -IGenerated_Source\PSoC6\pdl\drivers/peripheral/ctb/ -IGenerated_Source\PSoC6\pdl\drivers/peripheral/ctdac/ -IGenerated_Source\PSoC6\pdl\drivers/peripheral/device/ -IGenerated_Source\PSoC6\pdl\drivers/peripheral/efuse/ -IGenerated_Source\PSoC6\pdl\drivers/peripheral/flash/ -IGenerated_Source\PSoC6\pdl\drivers/peripheral/gpio/ -IGenerated_Source\PSoC6\pdl\drivers/peripheral/ipc/ -IGenerated_Source\PSoC6\pdl\drivers/peripheral/lvd/ -IGenerated_Source\PSoC6\pdl\drivers/peripheral/profile/ -IGenerated_Source\PSoC6\pdl\drivers/peripheral/prot/ -IGenerated_Source\PSoC6\pdl\drivers/peripheral/scb/ -IGenerated_Source\PSoC6\pdl\drivers/peripheral/sysanalog/ -IGenerated_Source\PSoC6\pdl\drivers/peripheral/sysclk/ -IGenerated_Source\PSoC6\pdl\drivers/peripheral/sysint/ -IGenerated_Source\PSoC6\pdl\drivers/peripheral/syslib/ -IGenerated_Source\PSoC6\pdl\drivers/peripheral/syspm/ -IGenerated_Source\PSoC6\pdl\drivers/peripheral/systick/ -IGenerated_Source\PSoC6\pdl\drivers/peripheral/tcpwm/ -IGenerated_Source\PSoC6\pdl\drivers/peripheral/trigmux/ -IGenerated_Source\PSoC6\pdl\drivers/peripheral/wdt/ -IGenerated_Source\PSoC6\pdl\middleware/ -IGenerated_Source\PSoC6\pdl\utilities/ -Wa,-alh=.\CortexM4\ARM_GCC_541\Release/command_parse.lst -g -D NDEBUG -D CY_CORE_ID=0 -D CY_PSOC_CREATOR_USED=1 -D CYBLE_416045_02 -Wall -ffunction-sections -ffat-lto-objects -Os -c command_parse.c -o .\CortexM4\ARM_GCC_541\Release\command_parse.o
arm-none-eabi-gcc.exe -Wl,--start-group -o C:\Users\cmila\uni\projects\Neural-Stimulator-Firmware\new\PSOC6\TIMER\DAC_BLE.cydsn\CortexM4\ARM_GCC_541\Release\DAC_BLE_link.elf .\CortexM4\ARM_GCC_541\Release\startup_psoc6_01_cm4.o .\CortexM4\ARM_GCC_541\Release\main_cm4.o .\CortexM4\ARM_GCC_541\Release\system_psoc6_cm4.o .\CortexM4\ARM_GCC_541\Release\command_parse.o .\CortexM4\ARM_GCC_541\Release\command_queue.o .\CortexM4\ARM_GCC_541\Release\stdio_user.o .\CortexM4\ARM_GCC_541\Release\cyfitter_sysint_cfg.o .\CortexM4\ARM_GCC_541\Release\cymetadata.o .\CortexM4\ARM_GCC_541\Release\Timer.o .\CortexM4\ARM_GCC_541\Release\UART.o .\CortexM4\ARM_GCC_541\Release\cy_efuse.o .\CortexM4\ARM_GCC_541\Release\cy_flash.o .\CortexM4\ARM_GCC_541\Release\cy_gpio.o .\CortexM4\ARM_GCC_541\Release\cy_ipc_drv.o .\CortexM4\ARM_GCC_541\Release\cy_ipc_sema.o .\CortexM4\ARM_GCC_541\Release\cy_ipc_pipe.o .\CortexM4\ARM_GCC_541\Release\cy_lvd.o .\CortexM4\ARM_GCC_541\Release\cy_profile.o .\CortexM4\ARM_GCC_541\Release\cy_prot.o .\CortexM4\ARM_GCC_541\Release\cy_scb_common.o .\CortexM4\ARM_GCC_541\Release\cy_scb_i2c.o .\CortexM4\ARM_GCC_541\Release\cy_scb_ezi2c.o .\CortexM4\ARM_GCC_541\Release\cy_scb_spi.o .\CortexM4\ARM_GCC_541\Release\cy_scb_uart.o .\CortexM4\ARM_GCC_541\Release\cy_sysanalog.o .\CortexM4\ARM_GCC_541\Release\cy_sysclk.o .\CortexM4\ARM_GCC_541\Release\cy_sysint.o .\CortexM4\ARM_GCC_541\Release\cy_syslib.o .\CortexM4\ARM_GCC_541\Release\cy_syslib_gcc.o .\CortexM4\ARM_GCC_541\Release\cy_syspm.o .\CortexM4\ARM_GCC_541\Release\cy_systick.o .\CortexM4\ARM_GCC_541\Release\cy_tcpwm_counter.o .\CortexM4\ARM_GCC_541\Release\cy_tcpwm_pwm.o .\CortexM4\ARM_GCC_541\Release\cy_tcpwm_quaddec.o .\CortexM4\ARM_GCC_541\Release\cy_trigmux.o .\CortexM4\ARM_GCC_541\Release\cy_wdt.o .\CortexM4\ARM_GCC_541\Release\cy_device.o .\CortexM4\ARM_GCC_541\Release\cy_ctb.o .\CortexM4\ARM_GCC_541\Release\cy_ctdac.o .\CortexM4\ARM_GCC_541\Release\cy_ble_clk.o .\CortexM4\ARM_GCC_541\Release\retarget.o .\CortexM4\ARM_GCC_541\Release\VDAC_1.o -mcpu=cortex-m4 -mfloat-abi=softfp -mfpu=fpv4-sp-d16 -mthumb -L Generated_Source\PSoC6 -Wl,-Map,.\CortexM4\ARM_GCC_541\Release/DAC_BLE.map -T cy8c6xx7_cm4_dual.ld -specs=nano.specs -Wl,--gc-sections -g -ffunction-sections -Os -ffat-lto-objects -Wl,--end-group
.\CortexM4\ARM_GCC_541\Release\main_cm4.o: In function `Cy_TCPWM_TriggerStopOrKill':
C:\Users\cmila\uni\projects\Neural-Stimulator-Firmware\new\PSOC6\TIMER\DAC_BLE.cydsn/Generated_Source\PSoC6\pdl\drivers/peripheral/tcpwm/cy_tcpwm.h:508: undefined reference to `phases'
.\CortexM4\ARM_GCC_541\Release\main_cm4.o: In function `main':
C:\Users\cmila\uni\projects\Neural-Stimulator-Firmware\new\PSOC6\TIMER\DAC_BLE.cydsn/main_cm4.c:103: undefined reference to `phase_1'
C:\Users\cmila\uni\projects\Neural-Stimulator-Firmware\new\PSOC6\TIMER\DAC_BLE.cydsn/main_cm4.c:103: undefined reference to `inter_stim_gap'
C:\Users\cmila\uni\projects\Neural-Stimulator-Firmware\new\PSOC6\TIMER\DAC_BLE.cydsn/main_cm4.c:103: undefined reference to `phases'
C:\Users\cmila\uni\projects\Neural-Stimulator-Firmware\new\PSOC6\TIMER\DAC_BLE.cydsn/main_cm4.c:103: undefined reference to `phase_2'
C:\Users\cmila\uni\projects\Neural-Stimulator-Firmware\new\PSOC6\TIMER\DAC_BLE.cydsn/main_cm4.c:103: undefined reference to `inter_stim_delay'
.\CortexM4\ARM_GCC_541\Release\command_parse.o: In function `execute_command':
C:\Users\cmila\uni\projects\Neural-Stimulator-Firmware\new\PSOC6\TIMER\DAC_BLE.cydsn/command_parse.c:79: undefined reference to `phase_1'
The command 'arm-none-eabi-gcc.exe' failed with exit code '1'.
C:\Users\cmila\uni\projects\Neural-Stimulator-Firmware\new\PSOC6\TIMER\DAC_BLE.cydsn/command_parse.c:79: undefined reference to `phase_2'
C:\Users\cmila\uni\projects\Neural-Stimulator-Firmware\new\PSOC6\TIMER\DAC_BLE.cydsn/command_parse.c:79: undefined reference to `inter_stim_delay'
collect2.exe: error: ld returned 1 exit status
--------------- Build Failed: 10/05/2021 20:10:30 ---------------
