ARM GAS  C:\Users\cmila\AppData\Local\Temp\ccAcQHEk.s 			page 1


   1              		.syntax unified
   2              		.cpu cortex-m4
   3              		.eabi_attribute 27, 1
   4              		.fpu fpv4-sp-d16
   5              		.eabi_attribute 20, 1
   6              		.eabi_attribute 21, 1
   7              		.eabi_attribute 23, 3
   8              		.eabi_attribute 24, 1
   9              		.eabi_attribute 25, 1
  10              		.eabi_attribute 26, 1
  11              		.eabi_attribute 30, 1
  12              		.eabi_attribute 34, 1
  13              		.eabi_attribute 18, 4
  14              		.thumb
  15              		.syntax unified
  16              		.file	"cyfitter_sysint_cfg.c"
  17              		.text
  18              	.Ltext0:
  19              		.cfi_sections	.debug_frame
  20              		.global	ADC_1_IRQ_cfg
  21              		.global	UART_1_SCB_IRQ_cfg
  22              		.section	.rodata
  23              		.align	2
  24              		.type	ADC_1_IRQ_cfg, %object
  25              		.size	ADC_1_IRQ_cfg, 8
  26              	ADC_1_IRQ_cfg:
  27 0000 8A00     		.short	138
  28 0002 0000     		.space	2
  29 0004 07000000 		.word	7
  30              		.type	UART_1_SCB_IRQ_cfg, %object
  31              		.size	UART_1_SCB_IRQ_cfg, 8
  32              	UART_1_SCB_IRQ_cfg:
  33 0008 2E00     		.short	46
  34 000a 0000     		.space	2
  35 000c 07000000 		.word	7
  36              		.text
  37              	.Letext0:
  38              		.file 1 "Generated_Source\\PSoC6\\pdl\\devices/psoc6/include/cyble_416045_02.h"
  39              		.file 2 "c:\\program files (x86)\\cypress\\psoc creator\\4.4\\psoc creator\\import\\gnu\\arm\\5.4.
  40              		.file 3 "c:\\program files (x86)\\cypress\\psoc creator\\4.4\\psoc creator\\import\\gnu\\arm\\5.4.
  41              		.file 4 "Generated_Source\\PSoC6\\pdl\\drivers/peripheral/device/cy_device.h"
  42              		.file 5 "Generated_Source\\PSoC6\\pdl\\drivers/peripheral/sysint/cy_sysint.h"
  43              		.file 6 "Generated_Source\\PSoC6\\pdl\\cmsis/include/core_cm4.h"
  44              		.file 7 "Generated_Source\\PSoC6\\cyfitter_sysint_cfg.c"
  45              		.section	.debug_info,"",%progbits
  46              	.Ldebug_info0:
  47 0000 57090000 		.4byte	0x957
  48 0004 0400     		.2byte	0x4
  49 0006 00000000 		.4byte	.Ldebug_abbrev0
  50 000a 04       		.byte	0x4
  51 000b 01       		.uleb128 0x1
  52 000c C3030000 		.4byte	.LASF277
  53 0010 0C       		.byte	0xc
  54 0011 3C140000 		.4byte	.LASF278
  55 0015 14000000 		.4byte	.LASF279
  56 0019 00000000 		.4byte	.Ldebug_line0
  57 001d 02       		.uleb128 0x2
ARM GAS  C:\Users\cmila\AppData\Local\Temp\ccAcQHEk.s 			page 2


  58 001e 02       		.byte	0x2
  59 001f DE030000 		.4byte	0x3de
  60 0023 01       		.byte	0x1
  61 0024 24       		.byte	0x24
  62 0025 DE030000 		.4byte	0x3de
  63 0029 03       		.uleb128 0x3
  64 002a 52150000 		.4byte	.LASF0
  65 002e 71       		.sleb128 -15
  66 002f 03       		.uleb128 0x3
  67 0030 F6100000 		.4byte	.LASF1
  68 0034 72       		.sleb128 -14
  69 0035 03       		.uleb128 0x3
  70 0036 8B150000 		.4byte	.LASF2
  71 003a 73       		.sleb128 -13
  72 003b 03       		.uleb128 0x3
  73 003c FA040000 		.4byte	.LASF3
  74 0040 74       		.sleb128 -12
  75 0041 03       		.uleb128 0x3
  76 0042 1A0D0000 		.4byte	.LASF4
  77 0046 75       		.sleb128 -11
  78 0047 03       		.uleb128 0x3
  79 0048 F5130000 		.4byte	.LASF5
  80 004c 76       		.sleb128 -10
  81 004d 03       		.uleb128 0x3
  82 004e 4C070000 		.4byte	.LASF6
  83 0052 7B       		.sleb128 -5
  84 0053 03       		.uleb128 0x3
  85 0054 E3130000 		.4byte	.LASF7
  86 0058 7C       		.sleb128 -4
  87 0059 03       		.uleb128 0x3
  88 005a B7030000 		.4byte	.LASF8
  89 005e 7E       		.sleb128 -2
  90 005f 03       		.uleb128 0x3
  91 0060 E0120000 		.4byte	.LASF9
  92 0064 7F       		.sleb128 -1
  93 0065 04       		.uleb128 0x4
  94 0066 99160000 		.4byte	.LASF10
  95 006a 00       		.byte	0
  96 006b 04       		.uleb128 0x4
  97 006c 740E0000 		.4byte	.LASF11
  98 0070 01       		.byte	0x1
  99 0071 04       		.uleb128 0x4
 100 0072 83020000 		.4byte	.LASF12
 101 0076 02       		.byte	0x2
 102 0077 04       		.uleb128 0x4
 103 0078 0A120000 		.4byte	.LASF13
 104 007c 03       		.byte	0x3
 105 007d 04       		.uleb128 0x4
 106 007e EC090000 		.4byte	.LASF14
 107 0082 04       		.byte	0x4
 108 0083 04       		.uleb128 0x4
 109 0084 13160000 		.4byte	.LASF15
 110 0088 05       		.byte	0x5
 111 0089 04       		.uleb128 0x4
 112 008a B60D0000 		.4byte	.LASF16
 113 008e 06       		.byte	0x6
 114 008f 04       		.uleb128 0x4
ARM GAS  C:\Users\cmila\AppData\Local\Temp\ccAcQHEk.s 			page 3


 115 0090 65050000 		.4byte	.LASF17
 116 0094 07       		.byte	0x7
 117 0095 04       		.uleb128 0x4
 118 0096 B0110000 		.4byte	.LASF18
 119 009a 08       		.byte	0x8
 120 009b 04       		.uleb128 0x4
 121 009c 82090000 		.4byte	.LASF19
 122 00a0 09       		.byte	0x9
 123 00a1 04       		.uleb128 0x4
 124 00a2 080A0000 		.4byte	.LASF20
 125 00a6 0A       		.byte	0xa
 126 00a7 04       		.uleb128 0x4
 127 00a8 B1070000 		.4byte	.LASF21
 128 00ac 0B       		.byte	0xb
 129 00ad 04       		.uleb128 0x4
 130 00ae 78100000 		.4byte	.LASF22
 131 00b2 0C       		.byte	0xc
 132 00b3 04       		.uleb128 0x4
 133 00b4 81050000 		.4byte	.LASF23
 134 00b8 0D       		.byte	0xd
 135 00b9 04       		.uleb128 0x4
 136 00ba 77110000 		.4byte	.LASF24
 137 00be 0E       		.byte	0xe
 138 00bf 04       		.uleb128 0x4
 139 00c0 7E000000 		.4byte	.LASF25
 140 00c4 0F       		.byte	0xf
 141 00c5 04       		.uleb128 0x4
 142 00c6 13150000 		.4byte	.LASF26
 143 00ca 10       		.byte	0x10
 144 00cb 04       		.uleb128 0x4
 145 00cc 220C0000 		.4byte	.LASF27
 146 00d0 11       		.byte	0x11
 147 00d1 04       		.uleb128 0x4
 148 00d2 E5040000 		.4byte	.LASF28
 149 00d6 12       		.byte	0x12
 150 00d7 04       		.uleb128 0x4
 151 00d8 F10B0000 		.4byte	.LASF29
 152 00dc 13       		.byte	0x13
 153 00dd 04       		.uleb128 0x4
 154 00de 67020000 		.4byte	.LASF30
 155 00e2 14       		.byte	0x14
 156 00e3 04       		.uleb128 0x4
 157 00e4 0C070000 		.4byte	.LASF31
 158 00e8 15       		.byte	0x15
 159 00e9 04       		.uleb128 0x4
 160 00ea 420A0000 		.4byte	.LASF32
 161 00ee 16       		.byte	0x16
 162 00ef 04       		.uleb128 0x4
 163 00f0 2A020000 		.4byte	.LASF33
 164 00f4 17       		.byte	0x17
 165 00f5 04       		.uleb128 0x4
 166 00f6 95100000 		.4byte	.LASF34
 167 00fa 18       		.byte	0x18
 168 00fb 04       		.uleb128 0x4
 169 00fc 920C0000 		.4byte	.LASF35
 170 0100 19       		.byte	0x19
 171 0101 04       		.uleb128 0x4
ARM GAS  C:\Users\cmila\AppData\Local\Temp\ccAcQHEk.s 			page 4


 172 0102 0B010000 		.4byte	.LASF36
 173 0106 1A       		.byte	0x1a
 174 0107 04       		.uleb128 0x4
 175 0108 48080000 		.4byte	.LASF37
 176 010c 1B       		.byte	0x1b
 177 010d 04       		.uleb128 0x4
 178 010e 6B170000 		.4byte	.LASF38
 179 0112 1C       		.byte	0x1c
 180 0113 04       		.uleb128 0x4
 181 0114 A3140000 		.4byte	.LASF39
 182 0118 1D       		.byte	0x1d
 183 0119 04       		.uleb128 0x4
 184 011a 380C0000 		.4byte	.LASF40
 185 011e 1E       		.byte	0x1e
 186 011f 04       		.uleb128 0x4
 187 0120 94110000 		.4byte	.LASF41
 188 0124 1F       		.byte	0x1f
 189 0125 04       		.uleb128 0x4
 190 0126 E50F0000 		.4byte	.LASF42
 191 012a 20       		.byte	0x20
 192 012b 04       		.uleb128 0x4
 193 012c CE070000 		.4byte	.LASF43
 194 0130 21       		.byte	0x21
 195 0131 04       		.uleb128 0x4
 196 0132 2F160000 		.4byte	.LASF44
 197 0136 22       		.byte	0x22
 198 0137 04       		.uleb128 0x4
 199 0138 250B0000 		.4byte	.LASF45
 200 013c 23       		.byte	0x23
 201 013d 04       		.uleb128 0x4
 202 013e C5010000 		.4byte	.LASF46
 203 0142 24       		.byte	0x24
 204 0143 04       		.uleb128 0x4
 205 0144 5A110000 		.4byte	.LASF47
 206 0148 25       		.byte	0x25
 207 0149 04       		.uleb128 0x4
 208 014a E2060000 		.4byte	.LASF48
 209 014e 26       		.byte	0x26
 210 014f 04       		.uleb128 0x4
 211 0150 35150000 		.4byte	.LASF49
 212 0154 27       		.byte	0x27
 213 0155 04       		.uleb128 0x4
 214 0156 DD0C0000 		.4byte	.LASF50
 215 015a 28       		.byte	0x28
 216 015b 04       		.uleb128 0x4
 217 015c 58070000 		.4byte	.LASF51
 218 0160 29       		.byte	0x29
 219 0161 04       		.uleb128 0x4
 220 0162 860D0000 		.4byte	.LASF52
 221 0166 2A       		.byte	0x2a
 222 0167 04       		.uleb128 0x4
 223 0168 F5110000 		.4byte	.LASF53
 224 016c 2B       		.byte	0x2b
 225 016d 04       		.uleb128 0x4
 226 016e 27010000 		.4byte	.LASF54
 227 0172 2C       		.byte	0x2c
 228 0173 04       		.uleb128 0x4
ARM GAS  C:\Users\cmila\AppData\Local\Temp\ccAcQHEk.s 			page 5


 229 0174 0F060000 		.4byte	.LASF55
 230 0178 2D       		.byte	0x2d
 231 0179 04       		.uleb128 0x4
 232 017a C80C0000 		.4byte	.LASF56
 233 017e 2E       		.byte	0x2e
 234 017f 04       		.uleb128 0x4
 235 0180 45110000 		.4byte	.LASF57
 236 0184 2F       		.byte	0x2f
 237 0185 04       		.uleb128 0x4
 238 0186 87170000 		.4byte	.LASF58
 239 018a 30       		.byte	0x30
 240 018b 04       		.uleb128 0x4
 241 018c 87070000 		.4byte	.LASF59
 242 0190 31       		.byte	0x31
 243 0191 04       		.uleb128 0x4
 244 0192 8A120000 		.4byte	.LASF60
 245 0196 32       		.byte	0x32
 246 0197 04       		.uleb128 0x4
 247 0198 A00A0000 		.4byte	.LASF61
 248 019c 33       		.byte	0x33
 249 019d 04       		.uleb128 0x4
 250 019e 7E010000 		.4byte	.LASF62
 251 01a2 34       		.byte	0x34
 252 01a3 04       		.uleb128 0x4
 253 01a4 4A0E0000 		.4byte	.LASF63
 254 01a8 35       		.byte	0x35
 255 01a9 04       		.uleb128 0x4
 256 01aa 5C130000 		.4byte	.LASF64
 257 01ae 36       		.byte	0x36
 258 01af 04       		.uleb128 0x4
 259 01b0 CF140000 		.4byte	.LASF65
 260 01b4 37       		.byte	0x37
 261 01b5 04       		.uleb128 0x4
 262 01b6 D0090000 		.4byte	.LASF66
 263 01ba 38       		.byte	0x38
 264 01bb 04       		.uleb128 0x4
 265 01bc EA000000 		.4byte	.LASF67
 266 01c0 39       		.byte	0x39
 267 01c1 04       		.uleb128 0x4
 268 01c2 5C100000 		.4byte	.LASF68
 269 01c6 3A       		.byte	0x3a
 270 01c7 04       		.uleb128 0x4
 271 01c8 2E0E0000 		.4byte	.LASF69
 272 01cc 3B       		.byte	0x3b
 273 01cd 04       		.uleb128 0x4
 274 01ce 4A090000 		.4byte	.LASF70
 275 01d2 3C       		.byte	0x3c
 276 01d3 04       		.uleb128 0x4
 277 01d4 B5160000 		.4byte	.LASF71
 278 01d8 3D       		.byte	0x3d
 279 01d9 04       		.uleb128 0x4
 280 01da 900E0000 		.4byte	.LASF72
 281 01de 3E       		.byte	0x3e
 282 01df 04       		.uleb128 0x4
 283 01e0 B4020000 		.4byte	.LASF73
 284 01e4 3F       		.byte	0x3f
 285 01e5 04       		.uleb128 0x4
ARM GAS  C:\Users\cmila\AppData\Local\Temp\ccAcQHEk.s 			page 6


 286 01e6 26120000 		.4byte	.LASF74
 287 01ea 40       		.byte	0x40
 288 01eb 04       		.uleb128 0x4
 289 01ec 250A0000 		.4byte	.LASF75
 290 01f0 41       		.byte	0x41
 291 01f1 04       		.uleb128 0x4
 292 01f2 81030000 		.4byte	.LASF76
 293 01f6 42       		.byte	0x42
 294 01f7 04       		.uleb128 0x4
 295 01f8 FA120000 		.4byte	.LASF77
 296 01fc 43       		.byte	0x43
 297 01fd 04       		.uleb128 0x4
 298 01fe E20A0000 		.4byte	.LASF78
 299 0202 44       		.byte	0x44
 300 0203 04       		.uleb128 0x4
 301 0204 E6160000 		.4byte	.LASF79
 302 0208 45       		.byte	0x45
 303 0209 04       		.uleb128 0x4
 304 020a AD0E0000 		.4byte	.LASF80
 305 020e 46       		.byte	0x46
 306 020f 04       		.uleb128 0x4
 307 0210 2F060000 		.4byte	.LASF81
 308 0214 47       		.byte	0x47
 309 0215 04       		.uleb128 0x4
 310 0216 53120000 		.4byte	.LASF82
 311 021a 48       		.byte	0x48
 312 021b 04       		.uleb128 0x4
 313 021c 670A0000 		.4byte	.LASF83
 314 0220 49       		.byte	0x49
 315 0221 04       		.uleb128 0x4
 316 0222 3C010000 		.4byte	.LASF84
 317 0226 4A       		.byte	0x4a
 318 0227 04       		.uleb128 0x4
 319 0228 120E0000 		.4byte	.LASF85
 320 022c 4B       		.byte	0x4b
 321 022d 04       		.uleb128 0x4
 322 022e C90E0000 		.4byte	.LASF86
 323 0232 4C       		.byte	0x4c
 324 0233 04       		.uleb128 0x4
 325 0234 5E060000 		.4byte	.LASF87
 326 0238 4D       		.byte	0x4d
 327 0239 04       		.uleb128 0x4
 328 023a F6140000 		.4byte	.LASF88
 329 023e 4E       		.byte	0x4e
 330 023f 04       		.uleb128 0x4
 331 0240 830A0000 		.4byte	.LASF89
 332 0244 4F       		.byte	0x4f
 333 0245 04       		.uleb128 0x4
 334 0246 58010000 		.4byte	.LASF90
 335 024a 50       		.byte	0x50
 336 024b 04       		.uleb128 0x4
 337 024c B3100000 		.4byte	.LASF91
 338 0250 51       		.byte	0x51
 339 0251 04       		.uleb128 0x4
 340 0252 EA070000 		.4byte	.LASF92
 341 0256 52       		.byte	0x52
 342 0257 04       		.uleb128 0x4
ARM GAS  C:\Users\cmila\AppData\Local\Temp\ccAcQHEk.s 			page 7


 343 0258 57160000 		.4byte	.LASF93
 344 025c 53       		.byte	0x53
 345 025d 04       		.uleb128 0x4
 346 025e 2A170000 		.4byte	.LASF94
 347 0262 54       		.byte	0x54
 348 0263 04       		.uleb128 0x4
 349 0264 420B0000 		.4byte	.LASF95
 350 0268 55       		.byte	0x55
 351 0269 04       		.uleb128 0x4
 352 026a F20D0000 		.4byte	.LASF96
 353 026e 56       		.byte	0x56
 354 026f 04       		.uleb128 0x4
 355 0270 C9050000 		.4byte	.LASF97
 356 0274 57       		.byte	0x57
 357 0275 04       		.uleb128 0x4
 358 0276 9C170000 		.4byte	.LASF98
 359 027a 58       		.byte	0x58
 360 027b 04       		.uleb128 0x4
 361 027c 700F0000 		.4byte	.LASF99
 362 0280 59       		.byte	0x59
 363 0281 04       		.uleb128 0x4
 364 0282 46170000 		.4byte	.LASF100
 365 0286 5A       		.byte	0x5a
 366 0287 04       		.uleb128 0x4
 367 0288 AE0C0000 		.4byte	.LASF101
 368 028c 5B       		.byte	0x5b
 369 028d 04       		.uleb128 0x4
 370 028e 9D030000 		.4byte	.LASF102
 371 0292 5C       		.byte	0x5c
 372 0293 04       		.uleb128 0x4
 373 0294 36130000 		.4byte	.LASF103
 374 0298 5D       		.byte	0x5d
 375 0299 04       		.uleb128 0x4
 376 029a 64080000 		.4byte	.LASF104
 377 029e 5E       		.byte	0x5e
 378 029f 04       		.uleb128 0x4
 379 02a0 02170000 		.4byte	.LASF105
 380 02a4 5F       		.byte	0x5f
 381 02a5 04       		.uleb128 0x4
 382 02a6 E60E0000 		.4byte	.LASF106
 383 02aa 60       		.byte	0x60
 384 02ab 04       		.uleb128 0x4
 385 02ac 35030000 		.4byte	.LASF107
 386 02b0 61       		.byte	0x61
 387 02b1 04       		.uleb128 0x4
 388 02b2 82040000 		.4byte	.LASF108
 389 02b6 62       		.byte	0x62
 390 02b7 04       		.uleb128 0x4
 391 02b8 FF080000 		.4byte	.LASF109
 392 02bc 63       		.byte	0x63
 393 02bd 04       		.uleb128 0x4
 394 02be BC170000 		.4byte	.LASF110
 395 02c2 64       		.byte	0x64
 396 02c3 04       		.uleb128 0x4
 397 02c4 900F0000 		.4byte	.LASF111
 398 02c8 65       		.byte	0x65
 399 02c9 04       		.uleb128 0x4
ARM GAS  C:\Users\cmila\AppData\Local\Temp\ccAcQHEk.s 			page 8


 400 02ca 6D070000 		.4byte	.LASF112
 401 02ce 66       		.byte	0x66
 402 02cf 04       		.uleb128 0x4
 403 02d0 90130000 		.4byte	.LASF113
 404 02d4 67       		.byte	0x67
 405 02d5 04       		.uleb128 0x4
 406 02d6 5A0B0000 		.4byte	.LASF114
 407 02da 68       		.byte	0x68
 408 02db 04       		.uleb128 0x4
 409 02dc 06020000 		.4byte	.LASF115
 410 02e0 69       		.byte	0x69
 411 02e1 04       		.uleb128 0x4
 412 02e2 130F0000 		.4byte	.LASF116
 413 02e6 6A       		.byte	0x6a
 414 02e7 04       		.uleb128 0x4
 415 02e8 27070000 		.4byte	.LASF117
 416 02ec 6B       		.byte	0x6b
 417 02ed 04       		.uleb128 0x4
 418 02ee F8150000 		.4byte	.LASF118
 419 02f2 6C       		.byte	0x6c
 420 02f3 04       		.uleb128 0x4
 421 02f4 9B0D0000 		.4byte	.LASF119
 422 02f8 6D       		.byte	0x6d
 423 02f9 04       		.uleb128 0x4
 424 02fa 4A050000 		.4byte	.LASF120
 425 02fe 6E       		.byte	0x6e
 426 02ff 04       		.uleb128 0x4
 427 0300 88140000 		.4byte	.LASF121
 428 0304 6F       		.byte	0x6f
 429 0305 04       		.uleb128 0x4
 430 0306 67090000 		.4byte	.LASF122
 431 030a 70       		.byte	0x70
 432 030b 04       		.uleb128 0x4
 433 030c 97000000 		.4byte	.LASF123
 434 0310 71       		.byte	0x71
 435 0311 04       		.uleb128 0x4
 436 0312 CA0F0000 		.4byte	.LASF124
 437 0316 72       		.byte	0x72
 438 0317 04       		.uleb128 0x4
 439 0318 10050000 		.4byte	.LASF125
 440 031c 73       		.byte	0x73
 441 031d 04       		.uleb128 0x4
 442 031e C8130000 		.4byte	.LASF126
 443 0322 74       		.byte	0x74
 444 0323 04       		.uleb128 0x4
 445 0324 BA0B0000 		.4byte	.LASF127
 446 0328 75       		.byte	0x75
 447 0329 04       		.uleb128 0x4
 448 032a 0A110000 		.4byte	.LASF128
 449 032e 76       		.byte	0x76
 450 032f 04       		.uleb128 0x4
 451 0330 F6020000 		.4byte	.LASF129
 452 0334 77       		.byte	0x77
 453 0335 04       		.uleb128 0x4
 454 0336 6F120000 		.4byte	.LASF130
 455 033a 78       		.byte	0x78
 456 033b 04       		.uleb128 0x4
ARM GAS  C:\Users\cmila\AppData\Local\Temp\ccAcQHEk.s 			page 9


 457 033c DB020000 		.4byte	.LASF131
 458 0340 79       		.byte	0x79
 459 0341 04       		.uleb128 0x4
 460 0342 BE150000 		.4byte	.LASF132
 461 0346 7A       		.byte	0x7a
 462 0347 04       		.uleb128 0x4
 463 0348 4E0D0000 		.4byte	.LASF133
 464 034c 7B       		.byte	0x7b
 465 034d 04       		.uleb128 0x4
 466 034e 2B050000 		.4byte	.LASF134
 467 0352 7C       		.byte	0x7c
 468 0353 04       		.uleb128 0x4
 469 0354 18140000 		.4byte	.LASF135
 470 0358 7D       		.byte	0x7d
 471 0359 04       		.uleb128 0x4
 472 035a 19090000 		.4byte	.LASF136
 473 035e 7E       		.byte	0x7e
 474 035f 04       		.uleb128 0x4
 475 0360 01100000 		.4byte	.LASF137
 476 0364 7F       		.byte	0x7f
 477 0365 04       		.uleb128 0x4
 478 0366 AA0F0000 		.4byte	.LASF138
 479 036a 80       		.byte	0x80
 480 036b 04       		.uleb128 0x4
 481 036c CF040000 		.4byte	.LASF139
 482 0370 81       		.byte	0x81
 483 0371 04       		.uleb128 0x4
 484 0372 AA130000 		.4byte	.LASF140
 485 0376 82       		.byte	0x82
 486 0377 04       		.uleb128 0x4
 487 0378 740B0000 		.4byte	.LASF141
 488 037c 83       		.byte	0x83
 489 037d 04       		.uleb128 0x4
 490 037e BC000000 		.4byte	.LASF142
 491 0382 84       		.byte	0x84
 492 0383 04       		.uleb128 0x4
 493 0384 31080000 		.4byte	.LASF143
 494 0388 85       		.byte	0x85
 495 0389 04       		.uleb128 0x4
 496 038a C9120000 		.4byte	.LASF144
 497 038e 86       		.byte	0x86
 498 038f 04       		.uleb128 0x4
 499 0390 9B0B0000 		.4byte	.LASF145
 500 0394 87       		.byte	0x87
 501 0395 04       		.uleb128 0x4
 502 0396 11030000 		.4byte	.LASF146
 503 039a 88       		.byte	0x88
 504 039b 04       		.uleb128 0x4
 505 039c 9E050000 		.4byte	.LASF147
 506 03a0 89       		.byte	0x89
 507 03a1 04       		.uleb128 0x4
 508 03a2 A6150000 		.4byte	.LASF148
 509 03a6 8A       		.byte	0x8a
 510 03a7 04       		.uleb128 0x4
 511 03a8 C2080000 		.4byte	.LASF149
 512 03ac 8B       		.byte	0x8b
 513 03ad 04       		.uleb128 0x4
ARM GAS  C:\Users\cmila\AppData\Local\Temp\ccAcQHEk.s 			page 10


 514 03ae 2F090000 		.4byte	.LASF150
 515 03b2 8C       		.byte	0x8c
 516 03b3 04       		.uleb128 0x4
 517 03b4 9A070000 		.4byte	.LASF151
 518 03b8 8D       		.byte	0x8d
 519 03b9 04       		.uleb128 0x4
 520 03ba E1110000 		.4byte	.LASF152
 521 03be 8E       		.byte	0x8e
 522 03bf 04       		.uleb128 0x4
 523 03c0 700D0000 		.4byte	.LASF153
 524 03c4 8F       		.byte	0x8f
 525 03c5 04       		.uleb128 0x4
 526 03c6 7B060000 		.4byte	.LASF154
 527 03ca 90       		.byte	0x90
 528 03cb 04       		.uleb128 0x4
 529 03cc 0F0B0000 		.4byte	.LASF155
 530 03d0 91       		.byte	0x91
 531 03d1 04       		.uleb128 0x4
 532 03d2 E6080000 		.4byte	.LASF156
 533 03d6 92       		.byte	0x92
 534 03d7 04       		.uleb128 0x4
 535 03d8 D10A0000 		.4byte	.LASF157
 536 03dc F0       		.byte	0xf0
 537 03dd 00       		.byte	0
 538 03de 05       		.uleb128 0x5
 539 03df 02       		.byte	0x2
 540 03e0 05       		.byte	0x5
 541 03e1 D1020000 		.4byte	.LASF158
 542 03e5 06       		.uleb128 0x6
 543 03e6 1C080000 		.4byte	.LASF160
 544 03ea 01       		.byte	0x1
 545 03eb F4       		.byte	0xf4
 546 03ec 1D000000 		.4byte	0x1d
 547 03f0 05       		.uleb128 0x5
 548 03f1 01       		.byte	0x1
 549 03f2 06       		.byte	0x6
 550 03f3 9A150000 		.4byte	.LASF159
 551 03f7 06       		.uleb128 0x6
 552 03f8 2B150000 		.4byte	.LASF161
 553 03fc 02       		.byte	0x2
 554 03fd 1D       		.byte	0x1d
 555 03fe 02040000 		.4byte	0x402
 556 0402 05       		.uleb128 0x5
 557 0403 01       		.byte	0x1
 558 0404 08       		.byte	0x8
 559 0405 2E140000 		.4byte	.LASF162
 560 0409 06       		.uleb128 0x6
 561 040a FA0C0000 		.4byte	.LASF163
 562 040e 02       		.byte	0x2
 563 040f 29       		.byte	0x29
 564 0410 DE030000 		.4byte	0x3de
 565 0414 06       		.uleb128 0x6
 566 0415 41070000 		.4byte	.LASF164
 567 0419 02       		.byte	0x2
 568 041a 2B       		.byte	0x2b
 569 041b 1F040000 		.4byte	0x41f
 570 041f 05       		.uleb128 0x5
ARM GAS  C:\Users\cmila\AppData\Local\Temp\ccAcQHEk.s 			page 11


 571 0420 02       		.byte	0x2
 572 0421 07       		.byte	0x7
 573 0422 2D0F0000 		.4byte	.LASF165
 574 0426 06       		.uleb128 0x6
 575 0427 20020000 		.4byte	.LASF166
 576 042b 02       		.byte	0x2
 577 042c 3F       		.byte	0x3f
 578 042d 31040000 		.4byte	0x431
 579 0431 05       		.uleb128 0x5
 580 0432 04       		.byte	0x4
 581 0433 05       		.byte	0x5
 582 0434 AA100000 		.4byte	.LASF167
 583 0438 06       		.uleb128 0x6
 584 0439 69140000 		.4byte	.LASF168
 585 043d 02       		.byte	0x2
 586 043e 41       		.byte	0x41
 587 043f 43040000 		.4byte	0x443
 588 0443 05       		.uleb128 0x5
 589 0444 04       		.byte	0x4
 590 0445 07       		.byte	0x7
 591 0446 24130000 		.4byte	.LASF169
 592 044a 05       		.uleb128 0x5
 593 044b 08       		.byte	0x8
 594 044c 05       		.byte	0x5
 595 044d 620C0000 		.4byte	.LASF170
 596 0451 05       		.uleb128 0x5
 597 0452 08       		.byte	0x8
 598 0453 07       		.byte	0x7
 599 0454 A2060000 		.4byte	.LASF171
 600 0458 07       		.uleb128 0x7
 601 0459 04       		.byte	0x4
 602 045a 05       		.byte	0x5
 603 045b 696E7400 		.ascii	"int\000"
 604 045f 05       		.uleb128 0x5
 605 0460 04       		.byte	0x4
 606 0461 07       		.byte	0x7
 607 0462 B8010000 		.4byte	.LASF172
 608 0466 06       		.uleb128 0x6
 609 0467 B20B0000 		.4byte	.LASF173
 610 046b 03       		.byte	0x3
 611 046c 18       		.byte	0x18
 612 046d F7030000 		.4byte	0x3f7
 613 0471 06       		.uleb128 0x6
 614 0472 9C040000 		.4byte	.LASF174
 615 0476 03       		.byte	0x3
 616 0477 20       		.byte	0x20
 617 0478 09040000 		.4byte	0x409
 618 047c 06       		.uleb128 0x6
 619 047d 4C0F0000 		.4byte	.LASF175
 620 0481 03       		.byte	0x3
 621 0482 24       		.byte	0x24
 622 0483 14040000 		.4byte	0x414
 623 0487 06       		.uleb128 0x6
 624 0488 78130000 		.4byte	.LASF176
 625 048c 03       		.byte	0x3
 626 048d 2C       		.byte	0x2c
 627 048e 26040000 		.4byte	0x426
ARM GAS  C:\Users\cmila\AppData\Local\Temp\ccAcQHEk.s 			page 12


 628 0492 06       		.uleb128 0x6
 629 0493 41050000 		.4byte	.LASF177
 630 0497 03       		.byte	0x3
 631 0498 30       		.byte	0x30
 632 0499 38040000 		.4byte	0x438
 633 049d 05       		.uleb128 0x5
 634 049e 04       		.byte	0x4
 635 049f 07       		.byte	0x7
 636 04a0 17100000 		.4byte	.LASF178
 637 04a4 05       		.uleb128 0x5
 638 04a5 08       		.byte	0x8
 639 04a6 04       		.byte	0x4
 640 04a7 400F0000 		.4byte	.LASF179
 641 04ab 08       		.uleb128 0x8
 642 04ac B8       		.byte	0xb8
 643 04ad 04       		.byte	0x4
 644 04ae 34       		.byte	0x34
 645 04af BC080000 		.4byte	0x8bc
 646 04b3 09       		.uleb128 0x9
 647 04b4 52020000 		.4byte	.LASF180
 648 04b8 04       		.byte	0x4
 649 04b9 37       		.byte	0x37
 650 04ba 92040000 		.4byte	0x492
 651 04be 00       		.byte	0
 652 04bf 09       		.uleb128 0x9
 653 04c0 24060000 		.4byte	.LASF181
 654 04c4 04       		.byte	0x4
 655 04c5 38       		.byte	0x38
 656 04c6 92040000 		.4byte	0x492
 657 04ca 04       		.byte	0x4
 658 04cb 09       		.uleb128 0x9
 659 04cc 75010000 		.4byte	.LASF182
 660 04d0 04       		.byte	0x4
 661 04d1 39       		.byte	0x39
 662 04d2 92040000 		.4byte	0x492
 663 04d6 08       		.byte	0x8
 664 04d7 09       		.uleb128 0x9
 665 04d8 C0130000 		.4byte	.LASF183
 666 04dc 04       		.byte	0x4
 667 04dd 3A       		.byte	0x3a
 668 04de 92040000 		.4byte	0x492
 669 04e2 0C       		.byte	0xc
 670 04e3 09       		.uleb128 0x9
 671 04e4 550F0000 		.4byte	.LASF184
 672 04e8 04       		.byte	0x4
 673 04e9 3B       		.byte	0x3b
 674 04ea 92040000 		.4byte	0x492
 675 04ee 10       		.byte	0x10
 676 04ef 09       		.uleb128 0x9
 677 04f0 100D0000 		.4byte	.LASF185
 678 04f4 04       		.byte	0x4
 679 04f5 3C       		.byte	0x3c
 680 04f6 92040000 		.4byte	0x492
 681 04fa 14       		.byte	0x14
 682 04fb 09       		.uleb128 0x9
 683 04fc DD080000 		.4byte	.LASF186
 684 0500 04       		.byte	0x4
ARM GAS  C:\Users\cmila\AppData\Local\Temp\ccAcQHEk.s 			page 13


 685 0501 3D       		.byte	0x3d
 686 0502 92040000 		.4byte	0x492
 687 0506 18       		.byte	0x18
 688 0507 09       		.uleb128 0x9
 689 0508 7C160000 		.4byte	.LASF187
 690 050c 04       		.byte	0x4
 691 050d 3E       		.byte	0x3e
 692 050e 92040000 		.4byte	0x492
 693 0512 1C       		.byte	0x1c
 694 0513 09       		.uleb128 0x9
 695 0514 700C0000 		.4byte	.LASF188
 696 0518 04       		.byte	0x4
 697 0519 3F       		.byte	0x3f
 698 051a 92040000 		.4byte	0x492
 699 051e 20       		.byte	0x20
 700 051f 09       		.uleb128 0x9
 701 0520 870C0000 		.4byte	.LASF189
 702 0524 04       		.byte	0x4
 703 0525 40       		.byte	0x40
 704 0526 92040000 		.4byte	0x492
 705 052a 24       		.byte	0x24
 706 052b 09       		.uleb128 0x9
 707 052c D0100000 		.4byte	.LASF190
 708 0530 04       		.byte	0x4
 709 0531 43       		.byte	0x43
 710 0532 66040000 		.4byte	0x466
 711 0536 28       		.byte	0x28
 712 0537 09       		.uleb128 0x9
 713 0538 EF050000 		.4byte	.LASF191
 714 053c 04       		.byte	0x4
 715 053d 44       		.byte	0x44
 716 053e 66040000 		.4byte	0x466
 717 0542 29       		.byte	0x29
 718 0543 09       		.uleb128 0x9
 719 0544 C00F0000 		.4byte	.LASF192
 720 0548 04       		.byte	0x4
 721 0549 45       		.byte	0x45
 722 054a 66040000 		.4byte	0x466
 723 054e 2A       		.byte	0x2a
 724 054f 09       		.uleb128 0x9
 725 0550 25110000 		.4byte	.LASF193
 726 0554 04       		.byte	0x4
 727 0555 46       		.byte	0x46
 728 0556 66040000 		.4byte	0x466
 729 055a 2B       		.byte	0x2b
 730 055b 09       		.uleb128 0x9
 731 055c EA100000 		.4byte	.LASF194
 732 0560 04       		.byte	0x4
 733 0561 47       		.byte	0x47
 734 0562 66040000 		.4byte	0x466
 735 0566 2C       		.byte	0x2c
 736 0567 09       		.uleb128 0x9
 737 0568 ED120000 		.4byte	.LASF195
 738 056c 04       		.byte	0x4
 739 056d 48       		.byte	0x48
 740 056e 66040000 		.4byte	0x466
 741 0572 2D       		.byte	0x2d
ARM GAS  C:\Users\cmila\AppData\Local\Temp\ccAcQHEk.s 			page 14


 742 0573 09       		.uleb128 0x9
 743 0574 60170000 		.4byte	.LASF196
 744 0578 04       		.byte	0x4
 745 0579 49       		.byte	0x49
 746 057a 66040000 		.4byte	0x466
 747 057e 2E       		.byte	0x2e
 748 057f 09       		.uleb128 0x9
 749 0580 4B160000 		.4byte	.LASF197
 750 0584 04       		.byte	0x4
 751 0585 4A       		.byte	0x4a
 752 0586 66040000 		.4byte	0x466
 753 058a 2F       		.byte	0x2f
 754 058b 09       		.uleb128 0x9
 755 058c 76040000 		.4byte	.LASF198
 756 0590 04       		.byte	0x4
 757 0591 4B       		.byte	0x4b
 758 0592 66040000 		.4byte	0x466
 759 0596 30       		.byte	0x30
 760 0597 09       		.uleb128 0x9
 761 0598 D20D0000 		.4byte	.LASF199
 762 059c 04       		.byte	0x4
 763 059d 4E       		.byte	0x4e
 764 059e 66040000 		.4byte	0x466
 765 05a2 31       		.byte	0x31
 766 05a3 09       		.uleb128 0x9
 767 05a4 D4150000 		.4byte	.LASF200
 768 05a8 04       		.byte	0x4
 769 05a9 4F       		.byte	0x4f
 770 05aa 66040000 		.4byte	0x466
 771 05ae 32       		.byte	0x32
 772 05af 09       		.uleb128 0x9
 773 05b0 640D0000 		.4byte	.LASF201
 774 05b4 04       		.byte	0x4
 775 05b5 50       		.byte	0x50
 776 05b6 66040000 		.4byte	0x466
 777 05ba 33       		.byte	0x33
 778 05bb 09       		.uleb128 0x9
 779 05bc 560A0000 		.4byte	.LASF202
 780 05c0 04       		.byte	0x4
 781 05c1 51       		.byte	0x51
 782 05c2 66040000 		.4byte	0x466
 783 05c6 34       		.byte	0x34
 784 05c7 09       		.uleb128 0x9
 785 05c8 FF060000 		.4byte	.LASF203
 786 05cc 04       		.byte	0x4
 787 05cd 52       		.byte	0x52
 788 05ce 71040000 		.4byte	0x471
 789 05d2 36       		.byte	0x36
 790 05d3 09       		.uleb128 0x9
 791 05d4 5C020000 		.4byte	.LASF204
 792 05d8 04       		.byte	0x4
 793 05d9 53       		.byte	0x53
 794 05da 71040000 		.4byte	0x471
 795 05de 38       		.byte	0x38
 796 05df 09       		.uleb128 0x9
 797 05e0 9F020000 		.4byte	.LASF205
 798 05e4 04       		.byte	0x4
ARM GAS  C:\Users\cmila\AppData\Local\Temp\ccAcQHEk.s 			page 15


 799 05e5 54       		.byte	0x54
 800 05e6 71040000 		.4byte	0x471
 801 05ea 3A       		.byte	0x3a
 802 05eb 09       		.uleb128 0x9
 803 05ec 43020000 		.4byte	.LASF206
 804 05f0 04       		.byte	0x4
 805 05f1 55       		.byte	0x55
 806 05f2 66040000 		.4byte	0x466
 807 05f6 3C       		.byte	0x3c
 808 05f7 09       		.uleb128 0x9
 809 05f8 26080000 		.4byte	.LASF207
 810 05fc 04       		.byte	0x4
 811 05fd 56       		.byte	0x56
 812 05fe 66040000 		.4byte	0x466
 813 0602 3D       		.byte	0x3d
 814 0603 09       		.uleb128 0x9
 815 0604 A0080000 		.4byte	.LASF208
 816 0608 04       		.byte	0x4
 817 0609 57       		.byte	0x57
 818 060a 66040000 		.4byte	0x466
 819 060e 3E       		.byte	0x3e
 820 060f 09       		.uleb128 0x9
 821 0610 040D0000 		.4byte	.LASF209
 822 0614 04       		.byte	0x4
 823 0615 58       		.byte	0x58
 824 0616 66040000 		.4byte	0x466
 825 061a 3F       		.byte	0x3f
 826 061b 09       		.uleb128 0x9
 827 061c E2010000 		.4byte	.LASF210
 828 0620 04       		.byte	0x4
 829 0621 59       		.byte	0x59
 830 0622 66040000 		.4byte	0x466
 831 0626 40       		.byte	0x40
 832 0627 09       		.uleb128 0x9
 833 0628 43120000 		.4byte	.LASF211
 834 062c 04       		.byte	0x4
 835 062d 5A       		.byte	0x5a
 836 062e 66040000 		.4byte	0x466
 837 0632 41       		.byte	0x41
 838 0633 09       		.uleb128 0x9
 839 0634 7F150000 		.4byte	.LASF212
 840 0638 04       		.byte	0x4
 841 0639 5B       		.byte	0x5b
 842 063a 66040000 		.4byte	0x466
 843 063e 42       		.byte	0x42
 844 063f 09       		.uleb128 0x9
 845 0640 B4090000 		.4byte	.LASF213
 846 0644 04       		.byte	0x4
 847 0645 5C       		.byte	0x5c
 848 0646 66040000 		.4byte	0x466
 849 064a 43       		.byte	0x43
 850 064b 09       		.uleb128 0x9
 851 064c FE0A0000 		.4byte	.LASF214
 852 0650 04       		.byte	0x4
 853 0651 5D       		.byte	0x5d
 854 0652 66040000 		.4byte	0x466
 855 0656 44       		.byte	0x44
ARM GAS  C:\Users\cmila\AppData\Local\Temp\ccAcQHEk.s 			page 16


 856 0657 09       		.uleb128 0x9
 857 0658 33110000 		.4byte	.LASF215
 858 065c 04       		.byte	0x4
 859 065d 5E       		.byte	0x5e
 860 065e 92040000 		.4byte	0x492
 861 0662 48       		.byte	0x48
 862 0663 09       		.uleb128 0x9
 863 0664 65030000 		.4byte	.LASF216
 864 0668 04       		.byte	0x4
 865 0669 5F       		.byte	0x5f
 866 066a 92040000 		.4byte	0x492
 867 066e 4C       		.byte	0x4c
 868 066f 09       		.uleb128 0x9
 869 0670 5D150000 		.4byte	.LASF217
 870 0674 04       		.byte	0x4
 871 0675 60       		.byte	0x60
 872 0676 66040000 		.4byte	0x466
 873 067a 50       		.byte	0x50
 874 067b 09       		.uleb128 0x9
 875 067c 7E080000 		.4byte	.LASF218
 876 0680 04       		.byte	0x4
 877 0681 61       		.byte	0x61
 878 0682 66040000 		.4byte	0x466
 879 0686 51       		.byte	0x51
 880 0687 09       		.uleb128 0x9
 881 0688 92060000 		.4byte	.LASF219
 882 068c 04       		.byte	0x4
 883 068d 62       		.byte	0x62
 884 068e 66040000 		.4byte	0x466
 885 0692 52       		.byte	0x52
 886 0693 09       		.uleb128 0x9
 887 0694 FD050000 		.4byte	.LASF220
 888 0698 04       		.byte	0x4
 889 0699 63       		.byte	0x63
 890 069a 66040000 		.4byte	0x466
 891 069e 53       		.byte	0x53
 892 069f 09       		.uleb128 0x9
 893 06a0 BF140000 		.4byte	.LASF221
 894 06a4 04       		.byte	0x4
 895 06a5 64       		.byte	0x64
 896 06a6 66040000 		.4byte	0x466
 897 06aa 54       		.byte	0x54
 898 06ab 09       		.uleb128 0x9
 899 06ac AE080000 		.4byte	.LASF222
 900 06b0 04       		.byte	0x4
 901 06b1 65       		.byte	0x65
 902 06b2 66040000 		.4byte	0x466
 903 06b6 55       		.byte	0x55
 904 06b7 09       		.uleb128 0x9
 905 06b8 00000000 		.4byte	.LASF223
 906 06bc 04       		.byte	0x4
 907 06bd 66       		.byte	0x66
 908 06be 66040000 		.4byte	0x466
 909 06c2 56       		.byte	0x56
 910 06c3 09       		.uleb128 0x9
 911 06c4 85160000 		.4byte	.LASF224
 912 06c8 04       		.byte	0x4
ARM GAS  C:\Users\cmila\AppData\Local\Temp\ccAcQHEk.s 			page 17


 913 06c9 67       		.byte	0x67
 914 06ca 66040000 		.4byte	0x466
 915 06ce 57       		.byte	0x57
 916 06cf 09       		.uleb128 0x9
 917 06d0 08080000 		.4byte	.LASF225
 918 06d4 04       		.byte	0x4
 919 06d5 68       		.byte	0x68
 920 06d6 66040000 		.4byte	0x466
 921 06da 58       		.byte	0x58
 922 06db 09       		.uleb128 0x9
 923 06dc D2160000 		.4byte	.LASF226
 924 06e0 04       		.byte	0x4
 925 06e1 69       		.byte	0x69
 926 06e2 66040000 		.4byte	0x466
 927 06e6 59       		.byte	0x59
 928 06e7 09       		.uleb128 0x9
 929 06e8 EB140000 		.4byte	.LASF227
 930 06ec 04       		.byte	0x4
 931 06ed 6E       		.byte	0x6e
 932 06ee 7C040000 		.4byte	0x47c
 933 06f2 5A       		.byte	0x5a
 934 06f3 09       		.uleb128 0x9
 935 06f4 AF010000 		.4byte	.LASF228
 936 06f8 04       		.byte	0x4
 937 06f9 6F       		.byte	0x6f
 938 06fa 7C040000 		.4byte	0x47c
 939 06fe 5C       		.byte	0x5c
 940 06ff 09       		.uleb128 0x9
 941 0700 780C0000 		.4byte	.LASF229
 942 0704 04       		.byte	0x4
 943 0705 70       		.byte	0x70
 944 0706 66040000 		.4byte	0x466
 945 070a 5E       		.byte	0x5e
 946 070b 09       		.uleb128 0x9
 947 070c E2150000 		.4byte	.LASF230
 948 0710 04       		.byte	0x4
 949 0711 71       		.byte	0x71
 950 0712 66040000 		.4byte	0x466
 951 0716 5F       		.byte	0x5f
 952 0717 09       		.uleb128 0x9
 953 0718 BF090000 		.4byte	.LASF231
 954 071c 04       		.byte	0x4
 955 071d 72       		.byte	0x72
 956 071e 66040000 		.4byte	0x466
 957 0722 60       		.byte	0x60
 958 0723 09       		.uleb128 0x9
 959 0724 8A0B0000 		.4byte	.LASF232
 960 0728 04       		.byte	0x4
 961 0729 73       		.byte	0x73
 962 072a 92040000 		.4byte	0x492
 963 072e 64       		.byte	0x64
 964 072f 09       		.uleb128 0x9
 965 0730 90080000 		.4byte	.LASF233
 966 0734 04       		.byte	0x4
 967 0735 76       		.byte	0x76
 968 0736 7C040000 		.4byte	0x47c
 969 073a 68       		.byte	0x68
ARM GAS  C:\Users\cmila\AppData\Local\Temp\ccAcQHEk.s 			page 18


 970 073b 09       		.uleb128 0x9
 971 073c 5E0F0000 		.4byte	.LASF234
 972 0740 04       		.byte	0x4
 973 0741 77       		.byte	0x77
 974 0742 7C040000 		.4byte	0x47c
 975 0746 6A       		.byte	0x6a
 976 0747 09       		.uleb128 0x9
 977 0748 3F0D0000 		.4byte	.LASF235
 978 074c 04       		.byte	0x4
 979 074d 78       		.byte	0x78
 980 074e 7C040000 		.4byte	0x47c
 981 0752 6C       		.byte	0x6c
 982 0753 09       		.uleb128 0x9
 983 0754 28030000 		.4byte	.LASF236
 984 0758 04       		.byte	0x4
 985 0759 79       		.byte	0x79
 986 075a 7C040000 		.4byte	0x47c
 987 075e 6E       		.byte	0x6e
 988 075f 09       		.uleb128 0x9
 989 0760 DD0B0000 		.4byte	.LASF237
 990 0764 04       		.byte	0x4
 991 0765 7B       		.byte	0x7b
 992 0766 66040000 		.4byte	0x466
 993 076a 70       		.byte	0x70
 994 076b 09       		.uleb128 0x9
 995 076c A4040000 		.4byte	.LASF238
 996 0770 04       		.byte	0x4
 997 0771 7C       		.byte	0x7c
 998 0772 66040000 		.4byte	0x466
 999 0776 71       		.byte	0x71
 1000 0777 09       		.uleb128 0x9
 1001 0778 4F030000 		.4byte	.LASF239
 1002 077c 04       		.byte	0x4
 1003 077d 7D       		.byte	0x7d
 1004 077e 66040000 		.4byte	0x466
 1005 0782 72       		.byte	0x72
 1006 0783 09       		.uleb128 0x9
 1007 0784 EF010000 		.4byte	.LASF240
 1008 0788 04       		.byte	0x4
 1009 0789 7E       		.byte	0x7e
 1010 078a 66040000 		.4byte	0x466
 1011 078e 73       		.byte	0x73
 1012 078f 09       		.uleb128 0x9
 1013 0790 4A100000 		.4byte	.LASF241
 1014 0794 04       		.byte	0x4
 1015 0795 80       		.byte	0x80
 1016 0796 7C040000 		.4byte	0x47c
 1017 079a 74       		.byte	0x74
 1018 079b 09       		.uleb128 0x9
 1019 079c 000F0000 		.4byte	.LASF242
 1020 07a0 04       		.byte	0x4
 1021 07a1 81       		.byte	0x81
 1022 07a2 7C040000 		.4byte	0x47c
 1023 07a6 76       		.byte	0x76
 1024 07a7 09       		.uleb128 0x9
 1025 07a8 BC0A0000 		.4byte	.LASF243
 1026 07ac 04       		.byte	0x4
ARM GAS  C:\Users\cmila\AppData\Local\Temp\ccAcQHEk.s 			page 19


 1027 07ad 82       		.byte	0x82
 1028 07ae 7C040000 		.4byte	0x47c
 1029 07b2 78       		.byte	0x78
 1030 07b3 09       		.uleb128 0x9
 1031 07b4 B9060000 		.4byte	.LASF244
 1032 07b8 04       		.byte	0x4
 1033 07b9 83       		.byte	0x83
 1034 07ba 7C040000 		.4byte	0x47c
 1035 07be 7A       		.byte	0x7a
 1036 07bf 09       		.uleb128 0x9
 1037 07c0 0D0C0000 		.4byte	.LASF245
 1038 07c4 04       		.byte	0x4
 1039 07c5 86       		.byte	0x86
 1040 07c6 66040000 		.4byte	0x466
 1041 07ca 7C       		.byte	0x7c
 1042 07cb 09       		.uleb128 0x9
 1043 07cc 6E150000 		.4byte	.LASF246
 1044 07d0 04       		.byte	0x4
 1045 07d1 87       		.byte	0x87
 1046 07d2 66040000 		.4byte	0x466
 1047 07d6 7D       		.byte	0x7d
 1048 07d7 09       		.uleb128 0x9
 1049 07d8 4B060000 		.4byte	.LASF247
 1050 07dc 04       		.byte	0x4
 1051 07dd 88       		.byte	0x88
 1052 07de 66040000 		.4byte	0x466
 1053 07e2 7E       		.byte	0x7e
 1054 07e3 09       		.uleb128 0x9
 1055 07e4 B5050000 		.4byte	.LASF248
 1056 07e8 04       		.byte	0x4
 1057 07e9 89       		.byte	0x89
 1058 07ea 66040000 		.4byte	0x466
 1059 07ee 7F       		.byte	0x7f
 1060 07ef 09       		.uleb128 0x9
 1061 07f0 CE060000 		.4byte	.LASF249
 1062 07f4 04       		.byte	0x4
 1063 07f5 8A       		.byte	0x8a
 1064 07f6 66040000 		.4byte	0x466
 1065 07fa 80       		.byte	0x80
 1066 07fb 09       		.uleb128 0x9
 1067 07fc D3000000 		.4byte	.LASF250
 1068 0800 04       		.byte	0x4
 1069 0801 8D       		.byte	0x8d
 1070 0802 92040000 		.4byte	0x492
 1071 0806 84       		.byte	0x84
 1072 0807 09       		.uleb128 0x9
 1073 0808 280D0000 		.4byte	.LASF251
 1074 080c 04       		.byte	0x4
 1075 080d 8E       		.byte	0x8e
 1076 080e 92040000 		.4byte	0x492
 1077 0812 88       		.byte	0x88
 1078 0813 09       		.uleb128 0x9
 1079 0814 DD0D0000 		.4byte	.LASF252
 1080 0818 04       		.byte	0x4
 1081 0819 8F       		.byte	0x8f
 1082 081a 92040000 		.4byte	0x492
 1083 081e 8C       		.byte	0x8c
ARM GAS  C:\Users\cmila\AppData\Local\Temp\ccAcQHEk.s 			page 20


 1084 081f 09       		.uleb128 0x9
 1085 0820 35100000 		.4byte	.LASF253
 1086 0824 04       		.byte	0x4
 1087 0825 90       		.byte	0x90
 1088 0826 92040000 		.4byte	0x492
 1089 082a 90       		.byte	0x90
 1090 082b 09       		.uleb128 0x9
 1091 082c CC110000 		.4byte	.LASF254
 1092 0830 04       		.byte	0x4
 1093 0831 91       		.byte	0x91
 1094 0832 92040000 		.4byte	0x492
 1095 0836 94       		.byte	0x94
 1096 0837 09       		.uleb128 0x9
 1097 0838 B9040000 		.4byte	.LASF255
 1098 083c 04       		.byte	0x4
 1099 083d 92       		.byte	0x92
 1100 083e 92040000 		.4byte	0x492
 1101 0842 98       		.byte	0x98
 1102 0843 09       		.uleb128 0x9
 1103 0844 A6120000 		.4byte	.LASF256
 1104 0848 04       		.byte	0x4
 1105 0849 93       		.byte	0x93
 1106 084a 92040000 		.4byte	0x492
 1107 084e 9C       		.byte	0x9c
 1108 084f 09       		.uleb128 0x9
 1109 0850 9E090000 		.4byte	.LASF257
 1110 0854 04       		.byte	0x4
 1111 0855 94       		.byte	0x94
 1112 0856 92040000 		.4byte	0x492
 1113 085a A0       		.byte	0xa0
 1114 085b 09       		.uleb128 0x9
 1115 085c 9A010000 		.4byte	.LASF258
 1116 0860 04       		.byte	0x4
 1117 0861 95       		.byte	0x95
 1118 0862 7C040000 		.4byte	0x47c
 1119 0866 A4       		.byte	0xa4
 1120 0867 09       		.uleb128 0x9
 1121 0868 20100000 		.4byte	.LASF259
 1122 086c 04       		.byte	0x4
 1123 086d 96       		.byte	0x96
 1124 086e 7C040000 		.4byte	0x47c
 1125 0872 A6       		.byte	0xa6
 1126 0873 09       		.uleb128 0x9
 1127 0874 50130000 		.4byte	.LASF260
 1128 0878 04       		.byte	0x4
 1129 0879 97       		.byte	0x97
 1130 087a 7C040000 		.4byte	0x47c
 1131 087e A8       		.byte	0xa8
 1132 087f 09       		.uleb128 0x9
 1133 0880 540C0000 		.4byte	.LASF261
 1134 0884 04       		.byte	0x4
 1135 0885 98       		.byte	0x98
 1136 0886 7C040000 		.4byte	0x47c
 1137 088a AA       		.byte	0xaa
 1138 088b 09       		.uleb128 0x9
 1139 088c 73030000 		.4byte	.LASF262
 1140 0890 04       		.byte	0x4
ARM GAS  C:\Users\cmila\AppData\Local\Temp\ccAcQHEk.s 			page 21


 1141 0891 99       		.byte	0x99
 1142 0892 7C040000 		.4byte	0x47c
 1143 0896 AC       		.byte	0xac
 1144 0897 09       		.uleb128 0x9
 1145 0898 660E0000 		.4byte	.LASF263
 1146 089c 04       		.byte	0x4
 1147 089d 9A       		.byte	0x9a
 1148 089e 7C040000 		.4byte	0x47c
 1149 08a2 AE       		.byte	0xae
 1150 08a3 09       		.uleb128 0x9
 1151 08a4 16130000 		.4byte	.LASF264
 1152 08a8 04       		.byte	0x4
 1153 08a9 9D       		.byte	0x9d
 1154 08aa 7C040000 		.4byte	0x47c
 1155 08ae B0       		.byte	0xb0
 1156 08af 09       		.uleb128 0x9
 1157 08b0 74140000 		.4byte	.LASF265
 1158 08b4 04       		.byte	0x4
 1159 08b5 9E       		.byte	0x9e
 1160 08b6 92040000 		.4byte	0x492
 1161 08ba B4       		.byte	0xb4
 1162 08bb 00       		.byte	0
 1163 08bc 06       		.uleb128 0x6
 1164 08bd 80130000 		.4byte	.LASF266
 1165 08c1 04       		.byte	0x4
 1166 08c2 9F       		.byte	0x9f
 1167 08c3 AB040000 		.4byte	0x4ab
 1168 08c7 05       		.uleb128 0x5
 1169 08c8 01       		.byte	0x1
 1170 08c9 08       		.byte	0x8
 1171 08ca 06010000 		.4byte	.LASF267
 1172 08ce 05       		.uleb128 0x5
 1173 08cf 04       		.byte	0x4
 1174 08d0 04       		.byte	0x4
 1175 08d1 E9050000 		.4byte	.LASF268
 1176 08d5 05       		.uleb128 0x5
 1177 08d6 08       		.byte	0x8
 1178 08d7 04       		.byte	0x4
 1179 08d8 75160000 		.4byte	.LASF269
 1180 08dc 0A       		.uleb128 0xa
 1181 08dd 08       		.byte	0x8
 1182 08de 05       		.byte	0x5
 1183 08df 2D01     		.2byte	0x12d
 1184 08e1 00090000 		.4byte	0x900
 1185 08e5 0B       		.uleb128 0xb
 1186 08e6 D50B0000 		.4byte	.LASF270
 1187 08ea 05       		.byte	0x5
 1188 08eb 2E01     		.2byte	0x12e
 1189 08ed E5030000 		.4byte	0x3e5
 1190 08f1 00       		.byte	0
 1191 08f2 0B       		.uleb128 0xb
 1192 08f3 BC120000 		.4byte	.LASF271
 1193 08f7 05       		.byte	0x5
 1194 08f8 3201     		.2byte	0x132
 1195 08fa 92040000 		.4byte	0x492
 1196 08fe 04       		.byte	0x4
 1197 08ff 00       		.byte	0
ARM GAS  C:\Users\cmila\AppData\Local\Temp\ccAcQHEk.s 			page 22


 1198 0900 0C       		.uleb128 0xc
 1199 0901 6E000000 		.4byte	.LASF272
 1200 0905 05       		.byte	0x5
 1201 0906 3301     		.2byte	0x133
 1202 0908 DC080000 		.4byte	0x8dc
 1203 090c 0D       		.uleb128 0xd
 1204 090d DD100000 		.4byte	.LASF273
 1205 0911 06       		.byte	0x6
 1206 0912 F907     		.2byte	0x7f9
 1207 0914 18090000 		.4byte	0x918
 1208 0918 0E       		.uleb128 0xe
 1209 0919 87040000 		.4byte	0x487
 1210 091d 0F       		.uleb128 0xf
 1211 091e B2000000 		.4byte	.LASF274
 1212 0922 04       		.byte	0x4
 1213 0923 A7       		.byte	0xa7
 1214 0924 28090000 		.4byte	0x928
 1215 0928 10       		.uleb128 0x10
 1216 0929 04       		.byte	0x4
 1217 092a 2E090000 		.4byte	0x92e
 1218 092e 11       		.uleb128 0x11
 1219 092f BC080000 		.4byte	0x8bc
 1220 0933 12       		.uleb128 0x12
 1221 0934 05140000 		.4byte	.LASF275
 1222 0938 07       		.byte	0x7
 1223 0939 18       		.byte	0x18
 1224 093a 44090000 		.4byte	0x944
 1225 093e 05       		.uleb128 0x5
 1226 093f 03       		.byte	0x3
 1227 0940 00000000 		.4byte	UART_1_SCB_IRQ_cfg
 1228 0944 11       		.uleb128 0x11
 1229 0945 00090000 		.4byte	0x900
 1230 0949 12       		.uleb128 0x12
 1231 094a 1C170000 		.4byte	.LASF276
 1232 094e 07       		.byte	0x7
 1233 094f 1E       		.byte	0x1e
 1234 0950 44090000 		.4byte	0x944
 1235 0954 05       		.uleb128 0x5
 1236 0955 03       		.byte	0x3
 1237 0956 00000000 		.4byte	ADC_1_IRQ_cfg
 1238 095a 00       		.byte	0
 1239              		.section	.debug_abbrev,"",%progbits
 1240              	.Ldebug_abbrev0:
 1241 0000 01       		.uleb128 0x1
 1242 0001 11       		.uleb128 0x11
 1243 0002 01       		.byte	0x1
 1244 0003 25       		.uleb128 0x25
 1245 0004 0E       		.uleb128 0xe
 1246 0005 13       		.uleb128 0x13
 1247 0006 0B       		.uleb128 0xb
 1248 0007 03       		.uleb128 0x3
 1249 0008 0E       		.uleb128 0xe
 1250 0009 1B       		.uleb128 0x1b
 1251 000a 0E       		.uleb128 0xe
 1252 000b 10       		.uleb128 0x10
 1253 000c 17       		.uleb128 0x17
 1254 000d 00       		.byte	0
ARM GAS  C:\Users\cmila\AppData\Local\Temp\ccAcQHEk.s 			page 23


 1255 000e 00       		.byte	0
 1256 000f 02       		.uleb128 0x2
 1257 0010 04       		.uleb128 0x4
 1258 0011 01       		.byte	0x1
 1259 0012 0B       		.uleb128 0xb
 1260 0013 0B       		.uleb128 0xb
 1261 0014 49       		.uleb128 0x49
 1262 0015 13       		.uleb128 0x13
 1263 0016 3A       		.uleb128 0x3a
 1264 0017 0B       		.uleb128 0xb
 1265 0018 3B       		.uleb128 0x3b
 1266 0019 0B       		.uleb128 0xb
 1267 001a 01       		.uleb128 0x1
 1268 001b 13       		.uleb128 0x13
 1269 001c 00       		.byte	0
 1270 001d 00       		.byte	0
 1271 001e 03       		.uleb128 0x3
 1272 001f 28       		.uleb128 0x28
 1273 0020 00       		.byte	0
 1274 0021 03       		.uleb128 0x3
 1275 0022 0E       		.uleb128 0xe
 1276 0023 1C       		.uleb128 0x1c
 1277 0024 0D       		.uleb128 0xd
 1278 0025 00       		.byte	0
 1279 0026 00       		.byte	0
 1280 0027 04       		.uleb128 0x4
 1281 0028 28       		.uleb128 0x28
 1282 0029 00       		.byte	0
 1283 002a 03       		.uleb128 0x3
 1284 002b 0E       		.uleb128 0xe
 1285 002c 1C       		.uleb128 0x1c
 1286 002d 0B       		.uleb128 0xb
 1287 002e 00       		.byte	0
 1288 002f 00       		.byte	0
 1289 0030 05       		.uleb128 0x5
 1290 0031 24       		.uleb128 0x24
 1291 0032 00       		.byte	0
 1292 0033 0B       		.uleb128 0xb
 1293 0034 0B       		.uleb128 0xb
 1294 0035 3E       		.uleb128 0x3e
 1295 0036 0B       		.uleb128 0xb
 1296 0037 03       		.uleb128 0x3
 1297 0038 0E       		.uleb128 0xe
 1298 0039 00       		.byte	0
 1299 003a 00       		.byte	0
 1300 003b 06       		.uleb128 0x6
 1301 003c 16       		.uleb128 0x16
 1302 003d 00       		.byte	0
 1303 003e 03       		.uleb128 0x3
 1304 003f 0E       		.uleb128 0xe
 1305 0040 3A       		.uleb128 0x3a
 1306 0041 0B       		.uleb128 0xb
 1307 0042 3B       		.uleb128 0x3b
 1308 0043 0B       		.uleb128 0xb
 1309 0044 49       		.uleb128 0x49
 1310 0045 13       		.uleb128 0x13
 1311 0046 00       		.byte	0
ARM GAS  C:\Users\cmila\AppData\Local\Temp\ccAcQHEk.s 			page 24


 1312 0047 00       		.byte	0
 1313 0048 07       		.uleb128 0x7
 1314 0049 24       		.uleb128 0x24
 1315 004a 00       		.byte	0
 1316 004b 0B       		.uleb128 0xb
 1317 004c 0B       		.uleb128 0xb
 1318 004d 3E       		.uleb128 0x3e
 1319 004e 0B       		.uleb128 0xb
 1320 004f 03       		.uleb128 0x3
 1321 0050 08       		.uleb128 0x8
 1322 0051 00       		.byte	0
 1323 0052 00       		.byte	0
 1324 0053 08       		.uleb128 0x8
 1325 0054 13       		.uleb128 0x13
 1326 0055 01       		.byte	0x1
 1327 0056 0B       		.uleb128 0xb
 1328 0057 0B       		.uleb128 0xb
 1329 0058 3A       		.uleb128 0x3a
 1330 0059 0B       		.uleb128 0xb
 1331 005a 3B       		.uleb128 0x3b
 1332 005b 0B       		.uleb128 0xb
 1333 005c 01       		.uleb128 0x1
 1334 005d 13       		.uleb128 0x13
 1335 005e 00       		.byte	0
 1336 005f 00       		.byte	0
 1337 0060 09       		.uleb128 0x9
 1338 0061 0D       		.uleb128 0xd
 1339 0062 00       		.byte	0
 1340 0063 03       		.uleb128 0x3
 1341 0064 0E       		.uleb128 0xe
 1342 0065 3A       		.uleb128 0x3a
 1343 0066 0B       		.uleb128 0xb
 1344 0067 3B       		.uleb128 0x3b
 1345 0068 0B       		.uleb128 0xb
 1346 0069 49       		.uleb128 0x49
 1347 006a 13       		.uleb128 0x13
 1348 006b 38       		.uleb128 0x38
 1349 006c 0B       		.uleb128 0xb
 1350 006d 00       		.byte	0
 1351 006e 00       		.byte	0
 1352 006f 0A       		.uleb128 0xa
 1353 0070 13       		.uleb128 0x13
 1354 0071 01       		.byte	0x1
 1355 0072 0B       		.uleb128 0xb
 1356 0073 0B       		.uleb128 0xb
 1357 0074 3A       		.uleb128 0x3a
 1358 0075 0B       		.uleb128 0xb
 1359 0076 3B       		.uleb128 0x3b
 1360 0077 05       		.uleb128 0x5
 1361 0078 01       		.uleb128 0x1
 1362 0079 13       		.uleb128 0x13
 1363 007a 00       		.byte	0
 1364 007b 00       		.byte	0
 1365 007c 0B       		.uleb128 0xb
 1366 007d 0D       		.uleb128 0xd
 1367 007e 00       		.byte	0
 1368 007f 03       		.uleb128 0x3
ARM GAS  C:\Users\cmila\AppData\Local\Temp\ccAcQHEk.s 			page 25


 1369 0080 0E       		.uleb128 0xe
 1370 0081 3A       		.uleb128 0x3a
 1371 0082 0B       		.uleb128 0xb
 1372 0083 3B       		.uleb128 0x3b
 1373 0084 05       		.uleb128 0x5
 1374 0085 49       		.uleb128 0x49
 1375 0086 13       		.uleb128 0x13
 1376 0087 38       		.uleb128 0x38
 1377 0088 0B       		.uleb128 0xb
 1378 0089 00       		.byte	0
 1379 008a 00       		.byte	0
 1380 008b 0C       		.uleb128 0xc
 1381 008c 16       		.uleb128 0x16
 1382 008d 00       		.byte	0
 1383 008e 03       		.uleb128 0x3
 1384 008f 0E       		.uleb128 0xe
 1385 0090 3A       		.uleb128 0x3a
 1386 0091 0B       		.uleb128 0xb
 1387 0092 3B       		.uleb128 0x3b
 1388 0093 05       		.uleb128 0x5
 1389 0094 49       		.uleb128 0x49
 1390 0095 13       		.uleb128 0x13
 1391 0096 00       		.byte	0
 1392 0097 00       		.byte	0
 1393 0098 0D       		.uleb128 0xd
 1394 0099 34       		.uleb128 0x34
 1395 009a 00       		.byte	0
 1396 009b 03       		.uleb128 0x3
 1397 009c 0E       		.uleb128 0xe
 1398 009d 3A       		.uleb128 0x3a
 1399 009e 0B       		.uleb128 0xb
 1400 009f 3B       		.uleb128 0x3b
 1401 00a0 05       		.uleb128 0x5
 1402 00a1 49       		.uleb128 0x49
 1403 00a2 13       		.uleb128 0x13
 1404 00a3 3F       		.uleb128 0x3f
 1405 00a4 19       		.uleb128 0x19
 1406 00a5 3C       		.uleb128 0x3c
 1407 00a6 19       		.uleb128 0x19
 1408 00a7 00       		.byte	0
 1409 00a8 00       		.byte	0
 1410 00a9 0E       		.uleb128 0xe
 1411 00aa 35       		.uleb128 0x35
 1412 00ab 00       		.byte	0
 1413 00ac 49       		.uleb128 0x49
 1414 00ad 13       		.uleb128 0x13
 1415 00ae 00       		.byte	0
 1416 00af 00       		.byte	0
 1417 00b0 0F       		.uleb128 0xf
 1418 00b1 34       		.uleb128 0x34
 1419 00b2 00       		.byte	0
 1420 00b3 03       		.uleb128 0x3
 1421 00b4 0E       		.uleb128 0xe
 1422 00b5 3A       		.uleb128 0x3a
 1423 00b6 0B       		.uleb128 0xb
 1424 00b7 3B       		.uleb128 0x3b
 1425 00b8 0B       		.uleb128 0xb
ARM GAS  C:\Users\cmila\AppData\Local\Temp\ccAcQHEk.s 			page 26


 1426 00b9 49       		.uleb128 0x49
 1427 00ba 13       		.uleb128 0x13
 1428 00bb 3F       		.uleb128 0x3f
 1429 00bc 19       		.uleb128 0x19
 1430 00bd 3C       		.uleb128 0x3c
 1431 00be 19       		.uleb128 0x19
 1432 00bf 00       		.byte	0
 1433 00c0 00       		.byte	0
 1434 00c1 10       		.uleb128 0x10
 1435 00c2 0F       		.uleb128 0xf
 1436 00c3 00       		.byte	0
 1437 00c4 0B       		.uleb128 0xb
 1438 00c5 0B       		.uleb128 0xb
 1439 00c6 49       		.uleb128 0x49
 1440 00c7 13       		.uleb128 0x13
 1441 00c8 00       		.byte	0
 1442 00c9 00       		.byte	0
 1443 00ca 11       		.uleb128 0x11
 1444 00cb 26       		.uleb128 0x26
 1445 00cc 00       		.byte	0
 1446 00cd 49       		.uleb128 0x49
 1447 00ce 13       		.uleb128 0x13
 1448 00cf 00       		.byte	0
 1449 00d0 00       		.byte	0
 1450 00d1 12       		.uleb128 0x12
 1451 00d2 34       		.uleb128 0x34
 1452 00d3 00       		.byte	0
 1453 00d4 03       		.uleb128 0x3
 1454 00d5 0E       		.uleb128 0xe
 1455 00d6 3A       		.uleb128 0x3a
 1456 00d7 0B       		.uleb128 0xb
 1457 00d8 3B       		.uleb128 0x3b
 1458 00d9 0B       		.uleb128 0xb
 1459 00da 49       		.uleb128 0x49
 1460 00db 13       		.uleb128 0x13
 1461 00dc 3F       		.uleb128 0x3f
 1462 00dd 19       		.uleb128 0x19
 1463 00de 02       		.uleb128 0x2
 1464 00df 18       		.uleb128 0x18
 1465 00e0 00       		.byte	0
 1466 00e1 00       		.byte	0
 1467 00e2 00       		.byte	0
 1468              		.section	.debug_aranges,"",%progbits
 1469 0000 14000000 		.4byte	0x14
 1470 0004 0200     		.2byte	0x2
 1471 0006 00000000 		.4byte	.Ldebug_info0
 1472 000a 04       		.byte	0x4
 1473 000b 00       		.byte	0
 1474 000c 0000     		.2byte	0
 1475 000e 0000     		.2byte	0
 1476 0010 00000000 		.4byte	0
 1477 0014 00000000 		.4byte	0
 1478              		.section	.debug_line,"",%progbits
 1479              	.Ldebug_line0:
 1480 0000 4B020000 		.section	.debug_str,"MS",%progbits,1
 1480      02004502 
 1480      00000201 
ARM GAS  C:\Users\cmila\AppData\Local\Temp\ccAcQHEk.s 			page 27


 1480      FB0E0D00 
 1480      01010101 
 1481              	.LASF223:
 1482 0000 666C6173 		.ascii	"flashCtlMainWs1Freq\000"
 1482      6843746C 
 1482      4D61696E 
 1482      57733146 
 1482      72657100 
 1483              	.LASF279:
 1484 0014 433A5C55 		.ascii	"C:\\Users\\cmila\\uni\\projects\\Neural-Stimulator-"
 1484      73657273 
 1484      5C636D69 
 1484      6C615C75 
 1484      6E695C70 
 1485 0042 4669726D 		.ascii	"Firmware\\new\\PSOC6\\dacProgramming\\dac.cydsn\000"
 1485      77617265 
 1485      5C6E6577 
 1485      5C50534F 
 1485      43365C64 
 1486              	.LASF272:
 1487 006e 63795F73 		.ascii	"cy_stc_sysint_t\000"
 1487      74635F73 
 1487      7973696E 
 1487      745F7400 
 1488              	.LASF25:
 1489 007e 696F7373 		.ascii	"ioss_interrupt_gpio_IRQn\000"
 1489      5F696E74 
 1489      65727275 
 1489      70745F67 
 1489      70696F5F 
 1490              	.LASF123:
 1491 0097 74637077 		.ascii	"tcpwm_1_interrupts_15_IRQn\000"
 1491      6D5F315F 
 1491      696E7465 
 1491      72727570 
 1491      74735F31 
 1492              	.LASF274:
 1493 00b2 63795F64 		.ascii	"cy_device\000"
 1493      65766963 
 1493      6500
 1494              	.LASF142:
 1495 00bc 7564625F 		.ascii	"udb_interrupts_10_IRQn\000"
 1495      696E7465 
 1495      72727570 
 1495      74735F31 
 1495      305F4952 
 1496              	.LASF250:
 1497 00d3 63707573 		.ascii	"cpussCm0ClockCtlOffset\000"
 1497      73436D30 
 1497      436C6F63 
 1497      6B43746C 
 1497      4F666673 
 1498              	.LASF67:
 1499 00ea 63707573 		.ascii	"cpuss_interrupts_dw0_7_IRQn\000"
 1499      735F696E 
 1499      74657272 
 1499      75707473 
ARM GAS  C:\Users\cmila\AppData\Local\Temp\ccAcQHEk.s 			page 28


 1499      5F647730 
 1500              	.LASF267:
 1501 0106 63686172 		.ascii	"char\000"
 1501      00
 1502              	.LASF36:
 1503 010b 63707573 		.ascii	"cpuss_interrupts_ipc_1_IRQn\000"
 1503      735F696E 
 1503      74657272 
 1503      75707473 
 1503      5F697063 
 1504              	.LASF54:
 1505 0127 7363625F 		.ascii	"scb_3_interrupt_IRQn\000"
 1505      335F696E 
 1505      74657272 
 1505      7570745F 
 1505      4952516E 
 1506              	.LASF84:
 1507 013c 63707573 		.ascii	"cpuss_interrupts_dw1_8_IRQn\000"
 1507      735F696E 
 1507      74657272 
 1507      75707473 
 1507      5F647731 
 1508              	.LASF90:
 1509 0158 63707573 		.ascii	"cpuss_interrupts_dw1_14_IRQn\000"
 1509      735F696E 
 1509      74657272 
 1509      75707473 
 1509      5F647731 
 1510              	.LASF182:
 1511 0175 70657269 		.ascii	"periBase\000"
 1511      42617365 
 1511      00
 1512              	.LASF62:
 1513 017e 63707573 		.ascii	"cpuss_interrupts_dw0_2_IRQn\000"
 1513      735F696E 
 1513      74657272 
 1513      75707473 
 1513      5F647730 
 1514              	.LASF258:
 1515 019a 63707573 		.ascii	"cpussCm0NmiCtlOffset\000"
 1515      73436D30 
 1515      4E6D6943 
 1515      746C4F66 
 1515      66736574 
 1516              	.LASF228:
 1517 01af 64774368 		.ascii	"dwChSize\000"
 1517      53697A65 
 1517      00
 1518              	.LASF172:
 1519 01b8 756E7369 		.ascii	"unsigned int\000"
 1519      676E6564 
 1519      20696E74 
 1519      00
 1520              	.LASF46:
 1521 01c5 63707573 		.ascii	"cpuss_interrupts_ipc_11_IRQn\000"
 1521      735F696E 
 1521      74657272 
ARM GAS  C:\Users\cmila\AppData\Local\Temp\ccAcQHEk.s 			page 29


 1521      75707473 
 1521      5F697063 
 1522              	.LASF210:
 1523 01e2 736D6966 		.ascii	"smifDeviceNr\000"
 1523      44657669 
 1523      63654E72 
 1523      00
 1524              	.LASF240:
 1525 01ef 70657269 		.ascii	"periDivCmdPaTypeSelPos\000"
 1525      44697643 
 1525      6D645061 
 1525      54797065 
 1525      53656C50 
 1526              	.LASF115:
 1527 0206 74637077 		.ascii	"tcpwm_1_interrupts_7_IRQn\000"
 1527      6D5F315F 
 1527      696E7465 
 1527      72727570 
 1527      74735F37 
 1528              	.LASF166:
 1529 0220 5F5F696E 		.ascii	"__int32_t\000"
 1529      7433325F 
 1529      7400
 1530              	.LASF33:
 1531 022a 70617373 		.ascii	"pass_interrupt_ctbs_IRQn\000"
 1531      5F696E74 
 1531      65727275 
 1531      70745F63 
 1531      7462735F 
 1532              	.LASF206:
 1533 0243 73727373 		.ascii	"srssNumClkpath\000"
 1533      4E756D43 
 1533      6C6B7061 
 1533      746800
 1534              	.LASF180:
 1535 0252 63707573 		.ascii	"cpussBase\000"
 1535      73426173 
 1535      6500
 1536              	.LASF204:
 1537 025c 63707573 		.ascii	"cpussFmIrq\000"
 1537      73466D49 
 1537      727100
 1538              	.LASF30:
 1539 0267 73727373 		.ascii	"srss_interrupt_mcwdt_1_IRQn\000"
 1539      5F696E74 
 1539      65727275 
 1539      70745F6D 
 1539      63776474 
 1540              	.LASF12:
 1541 0283 696F7373 		.ascii	"ioss_interrupts_gpio_2_IRQn\000"
 1541      5F696E74 
 1541      65727275 
 1541      7074735F 
 1541      6770696F 
 1542              	.LASF205:
 1543 029f 63707573 		.ascii	"cpussNotConnectedIrq\000"
 1543      734E6F74 
ARM GAS  C:\Users\cmila\AppData\Local\Temp\ccAcQHEk.s 			page 30


 1543      436F6E6E 
 1543      65637465 
 1543      64497271 
 1544              	.LASF73:
 1545 02b4 63707573 		.ascii	"cpuss_interrupts_dw0_13_IRQn\000"
 1545      735F696E 
 1545      74657272 
 1545      75707473 
 1545      5F647730 
 1546              	.LASF158:
 1547 02d1 73686F72 		.ascii	"short int\000"
 1547      7420696E 
 1547      7400
 1548              	.LASF131:
 1549 02db 74637077 		.ascii	"tcpwm_1_interrupts_23_IRQn\000"
 1549      6D5F315F 
 1549      696E7465 
 1549      72727570 
 1549      74735F32 
 1550              	.LASF129:
 1551 02f6 74637077 		.ascii	"tcpwm_1_interrupts_21_IRQn\000"
 1551      6D5F315F 
 1551      696E7465 
 1551      72727570 
 1551      74735F32 
 1552              	.LASF146:
 1553 0311 7564625F 		.ascii	"udb_interrupts_14_IRQn\000"
 1553      696E7465 
 1553      72727570 
 1553      74735F31 
 1553      345F4952 
 1554              	.LASF236:
 1555 0328 70657269 		.ascii	"periTrGrSize\000"
 1555      54724772 
 1555      53697A65 
 1555      00
 1556              	.LASF107:
 1557 0335 74637077 		.ascii	"tcpwm_0_interrupts_7_IRQn\000"
 1557      6D5F305F 
 1557      696E7465 
 1557      72727570 
 1557      74735F37 
 1558              	.LASF239:
 1559 034f 70657269 		.ascii	"periDivCmdPaDivSelPos\000"
 1559      44697643 
 1559      6D645061 
 1559      44697653 
 1559      656C506F 
 1560              	.LASF216:
 1561 0365 63727970 		.ascii	"cryptoMemSize\000"
 1561      746F4D65 
 1561      6D53697A 
 1561      6500
 1562              	.LASF262:
 1563 0373 63707573 		.ascii	"cpussRam1Ctl0\000"
 1563      7352616D 
 1563      3143746C 
ARM GAS  C:\Users\cmila\AppData\Local\Temp\ccAcQHEk.s 			page 31


 1563      3000
 1564              	.LASF76:
 1565 0381 63707573 		.ascii	"cpuss_interrupts_dw1_0_IRQn\000"
 1565      735F696E 
 1565      74657272 
 1565      75707473 
 1565      5F647731 
 1566              	.LASF102:
 1567 039d 74637077 		.ascii	"tcpwm_0_interrupts_2_IRQn\000"
 1567      6D5F305F 
 1567      696E7465 
 1567      72727570 
 1567      74735F32 
 1568              	.LASF8:
 1569 03b7 50656E64 		.ascii	"PendSV_IRQn\000"
 1569      53565F49 
 1569      52516E00 
 1570              	.LASF277:
 1571 03c3 474E5520 		.ascii	"GNU C11 5.4.1 20160609 (release) [ARM/embedded-5-br"
 1571      43313120 
 1571      352E342E 
 1571      31203230 
 1571      31363036 
 1572 03f6 616E6368 		.ascii	"anch revision 237715] -mcpu=cortex-m4 -mfloat-abi=s"
 1572      20726576 
 1572      6973696F 
 1572      6E203233 
 1572      37373135 
 1573 0429 6F667466 		.ascii	"oftfp -mfpu=fpv4-sp-d16 -mthumb -g -Og -ffunction-s"
 1573      70202D6D 
 1573      6670753D 
 1573      66707634 
 1573      2D73702D 
 1574 045c 65637469 		.ascii	"ections -ffat-lto-objects\000"
 1574      6F6E7320 
 1574      2D666661 
 1574      742D6C74 
 1574      6F2D6F62 
 1575              	.LASF198:
 1576 0476 70726F74 		.ascii	"protVersion\000"
 1576      56657273 
 1576      696F6E00 
 1577              	.LASF108:
 1578 0482 74637077 		.ascii	"tcpwm_1_interrupts_0_IRQn\000"
 1578      6D5F315F 
 1578      696E7465 
 1578      72727570 
 1578      74735F30 
 1579              	.LASF174:
 1580 049c 696E7431 		.ascii	"int16_t\000"
 1580      365F7400 
 1581              	.LASF238:
 1582 04a4 70657269 		.ascii	"periDivCmdTypeSelPos\000"
 1582      44697643 
 1582      6D645479 
 1582      70655365 
 1582      6C506F73 
ARM GAS  C:\Users\cmila\AppData\Local\Temp\ccAcQHEk.s 			page 32


 1583              	.LASF255:
 1584 04b9 63707573 		.ascii	"cpussTrimRamCtlOffset\000"
 1584      73547269 
 1584      6D52616D 
 1584      43746C4F 
 1584      66667365 
 1585              	.LASF139:
 1586 04cf 7564625F 		.ascii	"udb_interrupts_7_IRQn\000"
 1586      696E7465 
 1586      72727570 
 1586      74735F37 
 1586      5F495251 
 1587              	.LASF28:
 1588 04e5 7363625F 		.ascii	"scb_8_interrupt_IRQn\000"
 1588      385F696E 
 1588      74657272 
 1588      7570745F 
 1588      4952516E 
 1589              	.LASF3:
 1590 04fa 4D656D6F 		.ascii	"MemoryManagement_IRQn\000"
 1590      72794D61 
 1590      6E616765 
 1590      6D656E74 
 1590      5F495251 
 1591              	.LASF125:
 1592 0510 74637077 		.ascii	"tcpwm_1_interrupts_17_IRQn\000"
 1592      6D5F315F 
 1592      696E7465 
 1592      72727570 
 1592      74735F31 
 1593              	.LASF134:
 1594 052b 7564625F 		.ascii	"udb_interrupts_2_IRQn\000"
 1594      696E7465 
 1594      72727570 
 1594      74735F32 
 1594      5F495251 
 1595              	.LASF177:
 1596 0541 75696E74 		.ascii	"uint32_t\000"
 1596      33325F74 
 1596      00
 1597              	.LASF120:
 1598 054a 74637077 		.ascii	"tcpwm_1_interrupts_12_IRQn\000"
 1598      6D5F315F 
 1598      696E7465 
 1598      72727570 
 1598      74735F31 
 1599              	.LASF17:
 1600 0565 696F7373 		.ascii	"ioss_interrupts_gpio_7_IRQn\000"
 1600      5F696E74 
 1600      65727275 
 1600      7074735F 
 1600      6770696F 
 1601              	.LASF23:
 1602 0581 696F7373 		.ascii	"ioss_interrupts_gpio_13_IRQn\000"
 1602      5F696E74 
 1602      65727275 
 1602      7074735F 
ARM GAS  C:\Users\cmila\AppData\Local\Temp\ccAcQHEk.s 			page 33


 1602      6770696F 
 1603              	.LASF147:
 1604 059e 7564625F 		.ascii	"udb_interrupts_15_IRQn\000"
 1604      696E7465 
 1604      72727570 
 1604      74735F31 
 1604      355F4952 
 1605              	.LASF248:
 1606 05b5 6770696F 		.ascii	"gpioPrtCfgOutOffset\000"
 1606      50727443 
 1606      66674F75 
 1606      744F6666 
 1606      73657400 
 1607              	.LASF97:
 1608 05c9 63707573 		.ascii	"cpuss_interrupts_cm0_cti_1_IRQn\000"
 1608      735F696E 
 1608      74657272 
 1608      75707473 
 1608      5F636D30 
 1609              	.LASF268:
 1610 05e9 666C6F61 		.ascii	"float\000"
 1610      7400
 1611              	.LASF191:
 1612 05ef 63727970 		.ascii	"cryptoVersion\000"
 1612      746F5665 
 1612      7273696F 
 1612      6E00
 1613              	.LASF220:
 1614 05fd 666C6173 		.ascii	"flashProgramDelay\000"
 1614      6850726F 
 1614      6772616D 
 1614      44656C61 
 1614      7900
 1615              	.LASF55:
 1616 060f 7363625F 		.ascii	"scb_4_interrupt_IRQn\000"
 1616      345F696E 
 1616      74657272 
 1616      7570745F 
 1616      4952516E 
 1617              	.LASF181:
 1618 0624 666C6173 		.ascii	"flashcBase\000"
 1618      68634261 
 1618      736500
 1619              	.LASF81:
 1620 062f 63707573 		.ascii	"cpuss_interrupts_dw1_5_IRQn\000"
 1620      735F696E 
 1620      74657272 
 1620      75707473 
 1620      5F647731 
 1621              	.LASF247:
 1622 064b 6770696F 		.ascii	"gpioPrtCfgInOffset\000"
 1622      50727443 
 1622      6667496E 
 1622      4F666673 
 1622      657400
 1623              	.LASF87:
 1624 065e 63707573 		.ascii	"cpuss_interrupts_dw1_11_IRQn\000"
ARM GAS  C:\Users\cmila\AppData\Local\Temp\ccAcQHEk.s 			page 34


 1624      735F696E 
 1624      74657272 
 1624      75707473 
 1624      5F647731 
 1625              	.LASF154:
 1626 067b 7573625F 		.ascii	"usb_interrupt_med_IRQn\000"
 1626      696E7465 
 1626      72727570 
 1626      745F6D65 
 1626      645F4952 
 1627              	.LASF219:
 1628 0692 666C6173 		.ascii	"flashWriteDelay\000"
 1628      68577269 
 1628      74654465 
 1628      6C617900 
 1629              	.LASF171:
 1630 06a2 6C6F6E67 		.ascii	"long long unsigned int\000"
 1630      206C6F6E 
 1630      6720756E 
 1630      7369676E 
 1630      65642069 
 1631              	.LASF244:
 1632 06b9 70657269 		.ascii	"periDiv24_5CtlOffset\000"
 1632      44697632 
 1632      345F3543 
 1632      746C4F66 
 1632      66736574 
 1633              	.LASF249:
 1634 06ce 6770696F 		.ascii	"gpioPrtCfgSioOffset\000"
 1634      50727443 
 1634      66675369 
 1634      6F4F6666 
 1634      73657400 
 1635              	.LASF48:
 1636 06e2 63707573 		.ascii	"cpuss_interrupts_ipc_13_IRQn\000"
 1636      735F696E 
 1636      74657272 
 1636      75707473 
 1636      5F697063 
 1637              	.LASF203:
 1638 06ff 63707573 		.ascii	"cpussIpc0Irq\000"
 1638      73497063 
 1638      30497271 
 1638      00
 1639              	.LASF31:
 1640 070c 73727373 		.ascii	"srss_interrupt_backup_IRQn\000"
 1640      5F696E74 
 1640      65727275 
 1640      70745F62 
 1640      61636B75 
 1641              	.LASF117:
 1642 0727 74637077 		.ascii	"tcpwm_1_interrupts_9_IRQn\000"
 1642      6D5F315F 
 1642      696E7465 
 1642      72727570 
 1642      74735F39 
 1643              	.LASF164:
ARM GAS  C:\Users\cmila\AppData\Local\Temp\ccAcQHEk.s 			page 35


 1644 0741 5F5F7569 		.ascii	"__uint16_t\000"
 1644      6E743136 
 1644      5F7400
 1645              	.LASF6:
 1646 074c 53564361 		.ascii	"SVCall_IRQn\000"
 1646      6C6C5F49 
 1646      52516E00 
 1647              	.LASF51:
 1648 0758 7363625F 		.ascii	"scb_0_interrupt_IRQn\000"
 1648      305F696E 
 1648      74657272 
 1648      7570745F 
 1648      4952516E 
 1649              	.LASF112:
 1650 076d 74637077 		.ascii	"tcpwm_1_interrupts_4_IRQn\000"
 1650      6D5F315F 
 1650      696E7465 
 1650      72727570 
 1650      74735F34 
 1651              	.LASF59:
 1652 0787 6373645F 		.ascii	"csd_interrupt_IRQn\000"
 1652      696E7465 
 1652      72727570 
 1652      745F4952 
 1652      516E00
 1653              	.LASF151:
 1654 079a 70726F66 		.ascii	"profile_interrupt_IRQn\000"
 1654      696C655F 
 1654      696E7465 
 1654      72727570 
 1654      745F4952 
 1655              	.LASF21:
 1656 07b1 696F7373 		.ascii	"ioss_interrupts_gpio_11_IRQn\000"
 1656      5F696E74 
 1656      65727275 
 1656      7074735F 
 1656      6770696F 
 1657              	.LASF43:
 1658 07ce 63707573 		.ascii	"cpuss_interrupts_ipc_8_IRQn\000"
 1658      735F696E 
 1658      74657272 
 1658      75707473 
 1658      5F697063 
 1659              	.LASF92:
 1660 07ea 63707573 		.ascii	"cpuss_interrupts_fault_0_IRQn\000"
 1660      735F696E 
 1660      74657272 
 1660      75707473 
 1660      5F666175 
 1661              	.LASF225:
 1662 0808 666C6173 		.ascii	"flashCtlMainWs3Freq\000"
 1662      6843746C 
 1662      4D61696E 
 1662      57733346 
 1662      72657100 
 1663              	.LASF160:
 1664 081c 4952516E 		.ascii	"IRQn_Type\000"
ARM GAS  C:\Users\cmila\AppData\Local\Temp\ccAcQHEk.s 			page 36


 1664      5F547970 
 1664      6500
 1665              	.LASF207:
 1666 0826 73727373 		.ascii	"srssNumPll\000"
 1666      4E756D50 
 1666      6C6C00
 1667              	.LASF143:
 1668 0831 7564625F 		.ascii	"udb_interrupts_11_IRQn\000"
 1668      696E7465 
 1668      72727570 
 1668      74735F31 
 1668      315F4952 
 1669              	.LASF37:
 1670 0848 63707573 		.ascii	"cpuss_interrupts_ipc_2_IRQn\000"
 1670      735F696E 
 1670      74657272 
 1670      75707473 
 1670      5F697063 
 1671              	.LASF104:
 1672 0864 74637077 		.ascii	"tcpwm_0_interrupts_4_IRQn\000"
 1672      6D5F305F 
 1672      696E7465 
 1672      72727570 
 1672      74735F34 
 1673              	.LASF218:
 1674 087e 666C6173 		.ascii	"flashPipeRequired\000"
 1674      68506970 
 1674      65526571 
 1674      75697265 
 1674      6400
 1675              	.LASF233:
 1676 0890 70657269 		.ascii	"periTrCmdOffset\000"
 1676      5472436D 
 1676      644F6666 
 1676      73657400 
 1677              	.LASF208:
 1678 08a0 73727373 		.ascii	"srssNumHfroot\000"
 1678      4E756D48 
 1678      66726F6F 
 1678      7400
 1679              	.LASF222:
 1680 08ae 666C6173 		.ascii	"flashCtlMainWs0Freq\000"
 1680      6843746C 
 1680      4D61696E 
 1680      57733046 
 1680      72657100 
 1681              	.LASF149:
 1682 08c2 61756469 		.ascii	"audioss_interrupt_i2s_IRQn\000"
 1682      6F73735F 
 1682      696E7465 
 1682      72727570 
 1682      745F6932 
 1683              	.LASF186:
 1684 08dd 6770696F 		.ascii	"gpioBase\000"
 1684      42617365 
 1684      00
 1685              	.LASF156:
ARM GAS  C:\Users\cmila\AppData\Local\Temp\ccAcQHEk.s 			page 37


 1686 08e6 70617373 		.ascii	"pass_interrupt_dacs_IRQn\000"
 1686      5F696E74 
 1686      65727275 
 1686      70745F64 
 1686      6163735F 
 1687              	.LASF109:
 1688 08ff 74637077 		.ascii	"tcpwm_1_interrupts_1_IRQn\000"
 1688      6D5F315F 
 1688      696E7465 
 1688      72727570 
 1688      74735F31 
 1689              	.LASF136:
 1690 0919 7564625F 		.ascii	"udb_interrupts_4_IRQn\000"
 1690      696E7465 
 1690      72727570 
 1690      74735F34 
 1690      5F495251 
 1691              	.LASF150:
 1692 092f 61756469 		.ascii	"audioss_interrupt_pdm_IRQn\000"
 1692      6F73735F 
 1692      696E7465 
 1692      72727570 
 1692      745F7064 
 1693              	.LASF70:
 1694 094a 63707573 		.ascii	"cpuss_interrupts_dw0_10_IRQn\000"
 1694      735F696E 
 1694      74657272 
 1694      75707473 
 1694      5F647730 
 1695              	.LASF122:
 1696 0967 74637077 		.ascii	"tcpwm_1_interrupts_14_IRQn\000"
 1696      6D5F315F 
 1696      696E7465 
 1696      72727570 
 1696      74735F31 
 1697              	.LASF19:
 1698 0982 696F7373 		.ascii	"ioss_interrupts_gpio_9_IRQn\000"
 1698      5F696E74 
 1698      65727275 
 1698      7074735F 
 1698      6770696F 
 1699              	.LASF257:
 1700 099e 63707573 		.ascii	"cpussSysTickCtlOffset\000"
 1700      73537973 
 1700      5469636B 
 1700      43746C4F 
 1700      66667365 
 1701              	.LASF213:
 1702 09b4 75646250 		.ascii	"udbPresent\000"
 1702      72657365 
 1702      6E7400
 1703              	.LASF231:
 1704 09bf 64775374 		.ascii	"dwStatusChIdxPos\000"
 1704      61747573 
 1704      43684964 
 1704      78506F73 
 1704      00
ARM GAS  C:\Users\cmila\AppData\Local\Temp\ccAcQHEk.s 			page 38


 1705              	.LASF66:
 1706 09d0 63707573 		.ascii	"cpuss_interrupts_dw0_6_IRQn\000"
 1706      735F696E 
 1706      74657272 
 1706      75707473 
 1706      5F647730 
 1707              	.LASF14:
 1708 09ec 696F7373 		.ascii	"ioss_interrupts_gpio_4_IRQn\000"
 1708      5F696E74 
 1708      65727275 
 1708      7074735F 
 1708      6770696F 
 1709              	.LASF20:
 1710 0a08 696F7373 		.ascii	"ioss_interrupts_gpio_10_IRQn\000"
 1710      5F696E74 
 1710      65727275 
 1710      7074735F 
 1710      6770696F 
 1711              	.LASF75:
 1712 0a25 63707573 		.ascii	"cpuss_interrupts_dw0_15_IRQn\000"
 1712      735F696E 
 1712      74657272 
 1712      75707473 
 1712      5F647730 
 1713              	.LASF32:
 1714 0a42 73727373 		.ascii	"srss_interrupt_IRQn\000"
 1714      5F696E74 
 1714      65727275 
 1714      70745F49 
 1714      52516E00 
 1715              	.LASF202:
 1716 0a56 63707573 		.ascii	"cpussFlashPaSize\000"
 1716      73466C61 
 1716      73685061 
 1716      53697A65 
 1716      00
 1717              	.LASF83:
 1718 0a67 63707573 		.ascii	"cpuss_interrupts_dw1_7_IRQn\000"
 1718      735F696E 
 1718      74657272 
 1718      75707473 
 1718      5F647731 
 1719              	.LASF89:
 1720 0a83 63707573 		.ascii	"cpuss_interrupts_dw1_13_IRQn\000"
 1720      735F696E 
 1720      74657272 
 1720      75707473 
 1720      5F647731 
 1721              	.LASF61:
 1722 0aa0 63707573 		.ascii	"cpuss_interrupts_dw0_1_IRQn\000"
 1722      735F696E 
 1722      74657272 
 1722      75707473 
 1722      5F647730 
 1723              	.LASF243:
 1724 0abc 70657269 		.ascii	"periDiv16_5CtlOffset\000"
 1724      44697631 
ARM GAS  C:\Users\cmila\AppData\Local\Temp\ccAcQHEk.s 			page 39


 1724      365F3543 
 1724      746C4F66 
 1724      66736574 
 1725              	.LASF157:
 1726 0ad1 756E636F 		.ascii	"unconnected_IRQn\000"
 1726      6E6E6563 
 1726      7465645F 
 1726      4952516E 
 1726      00
 1727              	.LASF78:
 1728 0ae2 63707573 		.ascii	"cpuss_interrupts_dw1_2_IRQn\000"
 1728      735F696E 
 1728      74657272 
 1728      75707473 
 1728      5F647731 
 1729              	.LASF214:
 1730 0afe 73797350 		.ascii	"sysPmSimoPresent\000"
 1730      6D53696D 
 1730      6F507265 
 1730      73656E74 
 1730      00
 1731              	.LASF155:
 1732 0b0f 7573625F 		.ascii	"usb_interrupt_lo_IRQn\000"
 1732      696E7465 
 1732      72727570 
 1732      745F6C6F 
 1732      5F495251 
 1733              	.LASF45:
 1734 0b25 63707573 		.ascii	"cpuss_interrupts_ipc_10_IRQn\000"
 1734      735F696E 
 1734      74657272 
 1734      75707473 
 1734      5F697063 
 1735              	.LASF95:
 1736 0b42 63707573 		.ascii	"cpuss_interrupt_fm_IRQn\000"
 1736      735F696E 
 1736      74657272 
 1736      7570745F 
 1736      666D5F49 
 1737              	.LASF114:
 1738 0b5a 74637077 		.ascii	"tcpwm_1_interrupts_6_IRQn\000"
 1738      6D5F315F 
 1738      696E7465 
 1738      72727570 
 1738      74735F36 
 1739              	.LASF141:
 1740 0b74 7564625F 		.ascii	"udb_interrupts_9_IRQn\000"
 1740      696E7465 
 1740      72727570 
 1740      74735F39 
 1740      5F495251 
 1741              	.LASF232:
 1742 0b8a 64775374 		.ascii	"dwStatusChIdxMsk\000"
 1742      61747573 
 1742      43684964 
 1742      784D736B 
 1742      00
ARM GAS  C:\Users\cmila\AppData\Local\Temp\ccAcQHEk.s 			page 40


 1743              	.LASF145:
 1744 0b9b 7564625F 		.ascii	"udb_interrupts_13_IRQn\000"
 1744      696E7465 
 1744      72727570 
 1744      74735F31 
 1744      335F4952 
 1745              	.LASF173:
 1746 0bb2 75696E74 		.ascii	"uint8_t\000"
 1746      385F7400 
 1747              	.LASF127:
 1748 0bba 74637077 		.ascii	"tcpwm_1_interrupts_19_IRQn\000"
 1748      6D5F315F 
 1748      696E7465 
 1748      72727570 
 1748      74735F31 
 1749              	.LASF270:
 1750 0bd5 696E7472 		.ascii	"intrSrc\000"
 1750      53726300 
 1751              	.LASF237:
 1752 0bdd 70657269 		.ascii	"periDivCmdDivSelMsk\000"
 1752      44697643 
 1752      6D644469 
 1752      7653656C 
 1752      4D736B00 
 1753              	.LASF29:
 1754 0bf1 73727373 		.ascii	"srss_interrupt_mcwdt_0_IRQn\000"
 1754      5F696E74 
 1754      65727275 
 1754      70745F6D 
 1754      63776474 
 1755              	.LASF245:
 1756 0c0d 6770696F 		.ascii	"gpioPrtIntrCfgOffset\000"
 1756      50727449 
 1756      6E747243 
 1756      66674F66 
 1756      66736574 
 1757              	.LASF27:
 1758 0c22 6C70636F 		.ascii	"lpcomp_interrupt_IRQn\000"
 1758      6D705F69 
 1758      6E746572 
 1758      72757074 
 1758      5F495251 
 1759              	.LASF40:
 1760 0c38 63707573 		.ascii	"cpuss_interrupts_ipc_5_IRQn\000"
 1760      735F696E 
 1760      74657272 
 1760      75707473 
 1760      5F697063 
 1761              	.LASF261:
 1762 0c54 63707573 		.ascii	"cpussRam0Ctl0\000"
 1762      7352616D 
 1762      3043746C 
 1762      3000
 1763              	.LASF170:
 1764 0c62 6C6F6E67 		.ascii	"long long int\000"
 1764      206C6F6E 
 1764      6720696E 
ARM GAS  C:\Users\cmila\AppData\Local\Temp\ccAcQHEk.s 			page 41


 1764      7400
 1765              	.LASF188:
 1766 0c70 69706342 		.ascii	"ipcBase\000"
 1766      61736500 
 1767              	.LASF229:
 1768 0c78 64774368 		.ascii	"dwChCtlPrioPos\000"
 1768      43746C50 
 1768      72696F50 
 1768      6F7300
 1769              	.LASF189:
 1770 0c87 63727970 		.ascii	"cryptoBase\000"
 1770      746F4261 
 1770      736500
 1771              	.LASF35:
 1772 0c92 63707573 		.ascii	"cpuss_interrupts_ipc_0_IRQn\000"
 1772      735F696E 
 1772      74657272 
 1772      75707473 
 1772      5F697063 
 1773              	.LASF101:
 1774 0cae 74637077 		.ascii	"tcpwm_0_interrupts_1_IRQn\000"
 1774      6D5F305F 
 1774      696E7465 
 1774      72727570 
 1774      74735F31 
 1775              	.LASF56:
 1776 0cc8 7363625F 		.ascii	"scb_5_interrupt_IRQn\000"
 1776      355F696E 
 1776      74657272 
 1776      7570745F 
 1776      4952516E 
 1777              	.LASF50:
 1778 0cdd 63707573 		.ascii	"cpuss_interrupts_ipc_15_IRQn\000"
 1778      735F696E 
 1778      74657272 
 1778      75707473 
 1778      5F697063 
 1779              	.LASF163:
 1780 0cfa 5F5F696E 		.ascii	"__int16_t\000"
 1780      7431365F 
 1780      7400
 1781              	.LASF209:
 1782 0d04 70657269 		.ascii	"periClockNr\000"
 1782      436C6F63 
 1782      6B4E7200 
 1783              	.LASF185:
 1784 0d10 6873696F 		.ascii	"hsiomBase\000"
 1784      6D426173 
 1784      6500
 1785              	.LASF4:
 1786 0d1a 42757346 		.ascii	"BusFault_IRQn\000"
 1786      61756C74 
 1786      5F495251 
 1786      6E00
 1787              	.LASF251:
 1788 0d28 63707573 		.ascii	"cpussCm4ClockCtlOffset\000"
 1788      73436D34 
ARM GAS  C:\Users\cmila\AppData\Local\Temp\ccAcQHEk.s 			page 42


 1788      436C6F63 
 1788      6B43746C 
 1788      4F666673 
 1789              	.LASF235:
 1790 0d3f 70657269 		.ascii	"periTrGrOffset\000"
 1790      54724772 
 1790      4F666673 
 1790      657400
 1791              	.LASF133:
 1792 0d4e 7564625F 		.ascii	"udb_interrupts_1_IRQn\000"
 1792      696E7465 
 1792      72727570 
 1792      74735F31 
 1792      5F495251 
 1793              	.LASF201:
 1794 0d64 63707573 		.ascii	"cpussDwChNr\000"
 1794      73447743 
 1794      684E7200 
 1795              	.LASF153:
 1796 0d70 7573625F 		.ascii	"usb_interrupt_hi_IRQn\000"
 1796      696E7465 
 1796      72727570 
 1796      745F6869 
 1796      5F495251 
 1797              	.LASF52:
 1798 0d86 7363625F 		.ascii	"scb_1_interrupt_IRQn\000"
 1798      315F696E 
 1798      74657272 
 1798      7570745F 
 1798      4952516E 
 1799              	.LASF119:
 1800 0d9b 74637077 		.ascii	"tcpwm_1_interrupts_11_IRQn\000"
 1800      6D5F315F 
 1800      696E7465 
 1800      72727570 
 1800      74735F31 
 1801              	.LASF16:
 1802 0db6 696F7373 		.ascii	"ioss_interrupts_gpio_6_IRQn\000"
 1802      5F696E74 
 1802      65727275 
 1802      7074735F 
 1802      6770696F 
 1803              	.LASF199:
 1804 0dd2 63707573 		.ascii	"cpussIpcNr\000"
 1804      73497063 
 1804      4E7200
 1805              	.LASF252:
 1806 0ddd 63707573 		.ascii	"cpussCm4StatusOffset\000"
 1806      73436D34 
 1806      53746174 
 1806      75734F66 
 1806      66736574 
 1807              	.LASF96:
 1808 0df2 63707573 		.ascii	"cpuss_interrupts_cm0_cti_0_IRQn\000"
 1808      735F696E 
 1808      74657272 
 1808      75707473 
ARM GAS  C:\Users\cmila\AppData\Local\Temp\ccAcQHEk.s 			page 43


 1808      5F636D30 
 1809              	.LASF85:
 1810 0e12 63707573 		.ascii	"cpuss_interrupts_dw1_9_IRQn\000"
 1810      735F696E 
 1810      74657272 
 1810      75707473 
 1810      5F647731 
 1811              	.LASF69:
 1812 0e2e 63707573 		.ascii	"cpuss_interrupts_dw0_9_IRQn\000"
 1812      735F696E 
 1812      74657272 
 1812      75707473 
 1812      5F647730 
 1813              	.LASF63:
 1814 0e4a 63707573 		.ascii	"cpuss_interrupts_dw0_3_IRQn\000"
 1814      735F696E 
 1814      74657272 
 1814      75707473 
 1814      5F647730 
 1815              	.LASF263:
 1816 0e66 63707573 		.ascii	"cpussRam2Ctl0\000"
 1816      7352616D 
 1816      3243746C 
 1816      3000
 1817              	.LASF11:
 1818 0e74 696F7373 		.ascii	"ioss_interrupts_gpio_1_IRQn\000"
 1818      5F696E74 
 1818      65727275 
 1818      7074735F 
 1818      6770696F 
 1819              	.LASF72:
 1820 0e90 63707573 		.ascii	"cpuss_interrupts_dw0_12_IRQn\000"
 1820      735F696E 
 1820      74657272 
 1820      75707473 
 1820      5F647730 
 1821              	.LASF80:
 1822 0ead 63707573 		.ascii	"cpuss_interrupts_dw1_4_IRQn\000"
 1822      735F696E 
 1822      74657272 
 1822      75707473 
 1822      5F647731 
 1823              	.LASF86:
 1824 0ec9 63707573 		.ascii	"cpuss_interrupts_dw1_10_IRQn\000"
 1824      735F696E 
 1824      74657272 
 1824      75707473 
 1824      5F647731 
 1825              	.LASF106:
 1826 0ee6 74637077 		.ascii	"tcpwm_0_interrupts_6_IRQn\000"
 1826      6D5F305F 
 1826      696E7465 
 1826      72727570 
 1826      74735F36 
 1827              	.LASF242:
 1828 0f00 70657269 		.ascii	"periDiv16CtlOffset\000"
 1828      44697631 
ARM GAS  C:\Users\cmila\AppData\Local\Temp\ccAcQHEk.s 			page 44


 1828      3643746C 
 1828      4F666673 
 1828      657400
 1829              	.LASF116:
 1830 0f13 74637077 		.ascii	"tcpwm_1_interrupts_8_IRQn\000"
 1830      6D5F315F 
 1830      696E7465 
 1830      72727570 
 1830      74735F38 
 1831              	.LASF165:
 1832 0f2d 73686F72 		.ascii	"short unsigned int\000"
 1832      7420756E 
 1832      7369676E 
 1832      65642069 
 1832      6E7400
 1833              	.LASF179:
 1834 0f40 6C6F6E67 		.ascii	"long double\000"
 1834      20646F75 
 1834      626C6500 
 1835              	.LASF175:
 1836 0f4c 75696E74 		.ascii	"uint16_t\000"
 1836      31365F74 
 1836      00
 1837              	.LASF184:
 1838 0f55 70726F74 		.ascii	"protBase\000"
 1838      42617365 
 1838      00
 1839              	.LASF234:
 1840 0f5e 70657269 		.ascii	"periTrCmdGrSelMsk\000"
 1840      5472436D 
 1840      64477253 
 1840      656C4D73 
 1840      6B00
 1841              	.LASF99:
 1842 0f70 63707573 		.ascii	"cpuss_interrupts_cm4_cti_1_IRQn\000"
 1842      735F696E 
 1842      74657272 
 1842      75707473 
 1842      5F636D34 
 1843              	.LASF111:
 1844 0f90 74637077 		.ascii	"tcpwm_1_interrupts_3_IRQn\000"
 1844      6D5F315F 
 1844      696E7465 
 1844      72727570 
 1844      74735F33 
 1845              	.LASF138:
 1846 0faa 7564625F 		.ascii	"udb_interrupts_6_IRQn\000"
 1846      696E7465 
 1846      72727570 
 1846      74735F36 
 1846      5F495251 
 1847              	.LASF192:
 1848 0fc0 64775665 		.ascii	"dwVersion\000"
 1848      7273696F 
 1848      6E00
 1849              	.LASF124:
 1850 0fca 74637077 		.ascii	"tcpwm_1_interrupts_16_IRQn\000"
ARM GAS  C:\Users\cmila\AppData\Local\Temp\ccAcQHEk.s 			page 45


 1850      6D5F315F 
 1850      696E7465 
 1850      72727570 
 1850      74735F31 
 1851              	.LASF42:
 1852 0fe5 63707573 		.ascii	"cpuss_interrupts_ipc_7_IRQn\000"
 1852      735F696E 
 1852      74657272 
 1852      75707473 
 1852      5F697063 
 1853              	.LASF137:
 1854 1001 7564625F 		.ascii	"udb_interrupts_5_IRQn\000"
 1854      696E7465 
 1854      72727570 
 1854      74735F35 
 1854      5F495251 
 1855              	.LASF178:
 1856 1017 73697A65 		.ascii	"sizetype\000"
 1856      74797065 
 1856      00
 1857              	.LASF259:
 1858 1020 63707573 		.ascii	"cpussCm4NmiCtlOffset\000"
 1858      73436D34 
 1858      4E6D6943 
 1858      746C4F66 
 1858      66736574 
 1859              	.LASF253:
 1860 1035 63707573 		.ascii	"cpussCm0StatusOffset\000"
 1860      73436D30 
 1860      53746174 
 1860      75734F66 
 1860      66736574 
 1861              	.LASF241:
 1862 104a 70657269 		.ascii	"periDiv8CtlOffset\000"
 1862      44697638 
 1862      43746C4F 
 1862      66667365 
 1862      7400
 1863              	.LASF68:
 1864 105c 63707573 		.ascii	"cpuss_interrupts_dw0_8_IRQn\000"
 1864      735F696E 
 1864      74657272 
 1864      75707473 
 1864      5F647730 
 1865              	.LASF22:
 1866 1078 696F7373 		.ascii	"ioss_interrupts_gpio_12_IRQn\000"
 1866      5F696E74 
 1866      65727275 
 1866      7074735F 
 1866      6770696F 
 1867              	.LASF34:
 1868 1095 626C6573 		.ascii	"bless_interrupt_IRQn\000"
 1868      735F696E 
 1868      74657272 
 1868      7570745F 
 1868      4952516E 
 1869              	.LASF167:
ARM GAS  C:\Users\cmila\AppData\Local\Temp\ccAcQHEk.s 			page 46


 1870 10aa 6C6F6E67 		.ascii	"long int\000"
 1870      20696E74 
 1870      00
 1871              	.LASF91:
 1872 10b3 63707573 		.ascii	"cpuss_interrupts_dw1_15_IRQn\000"
 1872      735F696E 
 1872      74657272 
 1872      75707473 
 1872      5F647731 
 1873              	.LASF190:
 1874 10d0 63707573 		.ascii	"cpussVersion\000"
 1874      73566572 
 1874      73696F6E 
 1874      00
 1875              	.LASF273:
 1876 10dd 49544D5F 		.ascii	"ITM_RxBuffer\000"
 1876      52784275 
 1876      66666572 
 1876      00
 1877              	.LASF194:
 1878 10ea 6770696F 		.ascii	"gpioVersion\000"
 1878      56657273 
 1878      696F6E00 
 1879              	.LASF1:
 1880 10f6 4E6F6E4D 		.ascii	"NonMaskableInt_IRQn\000"
 1880      61736B61 
 1880      626C6549 
 1880      6E745F49 
 1880      52516E00 
 1881              	.LASF128:
 1882 110a 74637077 		.ascii	"tcpwm_1_interrupts_20_IRQn\000"
 1882      6D5F315F 
 1882      696E7465 
 1882      72727570 
 1882      74735F32 
 1883              	.LASF193:
 1884 1125 666C6173 		.ascii	"flashcVersion\000"
 1884      68635665 
 1884      7273696F 
 1884      6E00
 1885              	.LASF215:
 1886 1133 70726F74 		.ascii	"protBusMasterMask\000"
 1886      4275734D 
 1886      61737465 
 1886      724D6173 
 1886      6B00
 1887              	.LASF57:
 1888 1145 7363625F 		.ascii	"scb_6_interrupt_IRQn\000"
 1888      365F696E 
 1888      74657272 
 1888      7570745F 
 1888      4952516E 
 1889              	.LASF47:
 1890 115a 63707573 		.ascii	"cpuss_interrupts_ipc_12_IRQn\000"
 1890      735F696E 
 1890      74657272 
 1890      75707473 
ARM GAS  C:\Users\cmila\AppData\Local\Temp\ccAcQHEk.s 			page 47


 1890      5F697063 
 1891              	.LASF24:
 1892 1177 696F7373 		.ascii	"ioss_interrupts_gpio_14_IRQn\000"
 1892      5F696E74 
 1892      65727275 
 1892      7074735F 
 1892      6770696F 
 1893              	.LASF41:
 1894 1194 63707573 		.ascii	"cpuss_interrupts_ipc_6_IRQn\000"
 1894      735F696E 
 1894      74657272 
 1894      75707473 
 1894      5F697063 
 1895              	.LASF18:
 1896 11b0 696F7373 		.ascii	"ioss_interrupts_gpio_8_IRQn\000"
 1896      5F696E74 
 1896      65727275 
 1896      7074735F 
 1896      6770696F 
 1897              	.LASF254:
 1898 11cc 63707573 		.ascii	"cpussCm4PwrCtlOffset\000"
 1898      73436D34 
 1898      50777243 
 1898      746C4F66 
 1898      66736574 
 1899              	.LASF152:
 1900 11e1 736D6966 		.ascii	"smif_interrupt_IRQn\000"
 1900      5F696E74 
 1900      65727275 
 1900      70745F49 
 1900      52516E00 
 1901              	.LASF53:
 1902 11f5 7363625F 		.ascii	"scb_2_interrupt_IRQn\000"
 1902      325F696E 
 1902      74657272 
 1902      7570745F 
 1902      4952516E 
 1903              	.LASF13:
 1904 120a 696F7373 		.ascii	"ioss_interrupts_gpio_3_IRQn\000"
 1904      5F696E74 
 1904      65727275 
 1904      7074735F 
 1904      6770696F 
 1905              	.LASF74:
 1906 1226 63707573 		.ascii	"cpuss_interrupts_dw0_14_IRQn\000"
 1906      735F696E 
 1906      74657272 
 1906      75707473 
 1906      5F647730 
 1907              	.LASF211:
 1908 1243 70617373 		.ascii	"passSarChannels\000"
 1908      53617243 
 1908      68616E6E 
 1908      656C7300 
 1909              	.LASF82:
 1910 1253 63707573 		.ascii	"cpuss_interrupts_dw1_6_IRQn\000"
 1910      735F696E 
ARM GAS  C:\Users\cmila\AppData\Local\Temp\ccAcQHEk.s 			page 48


 1910      74657272 
 1910      75707473 
 1910      5F647731 
 1911              	.LASF130:
 1912 126f 74637077 		.ascii	"tcpwm_1_interrupts_22_IRQn\000"
 1912      6D5F315F 
 1912      696E7465 
 1912      72727570 
 1912      74735F32 
 1913              	.LASF60:
 1914 128a 63707573 		.ascii	"cpuss_interrupts_dw0_0_IRQn\000"
 1914      735F696E 
 1914      74657272 
 1914      75707473 
 1914      5F647730 
 1915              	.LASF256:
 1916 12a6 63707573 		.ascii	"cpussTrimRomCtlOffset\000"
 1916      73547269 
 1916      6D526F6D 
 1916      43746C4F 
 1916      66667365 
 1917              	.LASF271:
 1918 12bc 696E7472 		.ascii	"intrPriority\000"
 1918      5072696F 
 1918      72697479 
 1918      00
 1919              	.LASF144:
 1920 12c9 7564625F 		.ascii	"udb_interrupts_12_IRQn\000"
 1920      696E7465 
 1920      72727570 
 1920      74735F31 
 1920      325F4952 
 1921              	.LASF9:
 1922 12e0 53797354 		.ascii	"SysTick_IRQn\000"
 1922      69636B5F 
 1922      4952516E 
 1922      00
 1923              	.LASF195:
 1924 12ed 6873696F 		.ascii	"hsiomVersion\000"
 1924      6D566572 
 1924      73696F6E 
 1924      00
 1925              	.LASF77:
 1926 12fa 63707573 		.ascii	"cpuss_interrupts_dw1_1_IRQn\000"
 1926      735F696E 
 1926      74657272 
 1926      75707473 
 1926      5F647731 
 1927              	.LASF264:
 1928 1316 69706353 		.ascii	"ipcStructSize\000"
 1928      74727563 
 1928      7453697A 
 1928      6500
 1929              	.LASF169:
 1930 1324 6C6F6E67 		.ascii	"long unsigned int\000"
 1930      20756E73 
 1930      69676E65 
ARM GAS  C:\Users\cmila\AppData\Local\Temp\ccAcQHEk.s 			page 49


 1930      6420696E 
 1930      7400
 1931              	.LASF103:
 1932 1336 74637077 		.ascii	"tcpwm_0_interrupts_3_IRQn\000"
 1932      6D5F305F 
 1932      696E7465 
 1932      72727570 
 1932      74735F33 
 1933              	.LASF260:
 1934 1350 63707573 		.ascii	"cpussRomCtl\000"
 1934      73526F6D 
 1934      43746C00 
 1935              	.LASF64:
 1936 135c 63707573 		.ascii	"cpuss_interrupts_dw0_4_IRQn\000"
 1936      735F696E 
 1936      74657272 
 1936      75707473 
 1936      5F647730 
 1937              	.LASF176:
 1938 1378 696E7433 		.ascii	"int32_t\000"
 1938      325F7400 
 1939              	.LASF266:
 1940 1380 63795F73 		.ascii	"cy_stc_device_t\000"
 1940      74635F64 
 1940      65766963 
 1940      655F7400 
 1941              	.LASF113:
 1942 1390 74637077 		.ascii	"tcpwm_1_interrupts_5_IRQn\000"
 1942      6D5F315F 
 1942      696E7465 
 1942      72727570 
 1942      74735F35 
 1943              	.LASF140:
 1944 13aa 7564625F 		.ascii	"udb_interrupts_8_IRQn\000"
 1944      696E7465 
 1944      72727570 
 1944      74735F38 
 1944      5F495251 
 1945              	.LASF183:
 1946 13c0 75646242 		.ascii	"udbBase\000"
 1946      61736500 
 1947              	.LASF126:
 1948 13c8 74637077 		.ascii	"tcpwm_1_interrupts_18_IRQn\000"
 1948      6D5F315F 
 1948      696E7465 
 1948      72727570 
 1948      74735F31 
 1949              	.LASF7:
 1950 13e3 44656275 		.ascii	"DebugMonitor_IRQn\000"
 1950      674D6F6E 
 1950      69746F72 
 1950      5F495251 
 1950      6E00
 1951              	.LASF5:
 1952 13f5 55736167 		.ascii	"UsageFault_IRQn\000"
 1952      65466175 
 1952      6C745F49 
ARM GAS  C:\Users\cmila\AppData\Local\Temp\ccAcQHEk.s 			page 50


 1952      52516E00 
 1953              	.LASF275:
 1954 1405 55415254 		.ascii	"UART_1_SCB_IRQ_cfg\000"
 1954      5F315F53 
 1954      43425F49 
 1954      52515F63 
 1954      666700
 1955              	.LASF135:
 1956 1418 7564625F 		.ascii	"udb_interrupts_3_IRQn\000"
 1956      696E7465 
 1956      72727570 
 1956      74735F33 
 1956      5F495251 
 1957              	.LASF162:
 1958 142e 756E7369 		.ascii	"unsigned char\000"
 1958      676E6564 
 1958      20636861 
 1958      7200
 1959              	.LASF278:
 1960 143c 47656E65 		.ascii	"Generated_Source\\PSoC6\\cyfitter_sysint_cfg.c\000"
 1960      72617465 
 1960      645F536F 
 1960      75726365 
 1960      5C50536F 
 1961              	.LASF168:
 1962 1469 5F5F7569 		.ascii	"__uint32_t\000"
 1962      6E743332 
 1962      5F7400
 1963              	.LASF265:
 1964 1474 6970634C 		.ascii	"ipcLockStatusOffset\000"
 1964      6F636B53 
 1964      74617475 
 1964      734F6666 
 1964      73657400 
 1965              	.LASF121:
 1966 1488 74637077 		.ascii	"tcpwm_1_interrupts_13_IRQn\000"
 1966      6D5F315F 
 1966      696E7465 
 1966      72727570 
 1966      74735F31 
 1967              	.LASF39:
 1968 14a3 63707573 		.ascii	"cpuss_interrupts_ipc_4_IRQn\000"
 1968      735F696E 
 1968      74657272 
 1968      75707473 
 1968      5F697063 
 1969              	.LASF221:
 1970 14bf 666C6173 		.ascii	"flashEraseDelay\000"
 1970      68457261 
 1970      73654465 
 1970      6C617900 
 1971              	.LASF65:
 1972 14cf 63707573 		.ascii	"cpuss_interrupts_dw0_5_IRQn\000"
 1972      735F696E 
 1972      74657272 
 1972      75707473 
 1972      5F647730 
ARM GAS  C:\Users\cmila\AppData\Local\Temp\ccAcQHEk.s 			page 51


 1973              	.LASF227:
 1974 14eb 64774368 		.ascii	"dwChOffset\000"
 1974      4F666673 
 1974      657400
 1975              	.LASF88:
 1976 14f6 63707573 		.ascii	"cpuss_interrupts_dw1_12_IRQn\000"
 1976      735F696E 
 1976      74657272 
 1976      75707473 
 1976      5F647731 
 1977              	.LASF26:
 1978 1513 696F7373 		.ascii	"ioss_interrupt_vdd_IRQn\000"
 1978      5F696E74 
 1978      65727275 
 1978      70745F76 
 1978      64645F49 
 1979              	.LASF161:
 1980 152b 5F5F7569 		.ascii	"__uint8_t\000"
 1980      6E74385F 
 1980      7400
 1981              	.LASF49:
 1982 1535 63707573 		.ascii	"cpuss_interrupts_ipc_14_IRQn\000"
 1982      735F696E 
 1982      74657272 
 1982      75707473 
 1982      5F697063 
 1983              	.LASF0:
 1984 1552 52657365 		.ascii	"Reset_IRQn\000"
 1984      745F4952 
 1984      516E00
 1985              	.LASF217:
 1986 155d 666C6173 		.ascii	"flashRwwRequired\000"
 1986      68527777 
 1986      52657175 
 1986      69726564 
 1986      00
 1987              	.LASF246:
 1988 156e 6770696F 		.ascii	"gpioPrtCfgOffset\000"
 1988      50727443 
 1988      66674F66 
 1988      66736574 
 1988      00
 1989              	.LASF212:
 1990 157f 65704D6F 		.ascii	"epMonitorNr\000"
 1990      6E69746F 
 1990      724E7200 
 1991              	.LASF2:
 1992 158b 48617264 		.ascii	"HardFault_IRQn\000"
 1992      4661756C 
 1992      745F4952 
 1992      516E00
 1993              	.LASF159:
 1994 159a 7369676E 		.ascii	"signed char\000"
 1994      65642063 
 1994      68617200 
 1995              	.LASF148:
 1996 15a6 70617373 		.ascii	"pass_interrupt_sar_IRQn\000"
ARM GAS  C:\Users\cmila\AppData\Local\Temp\ccAcQHEk.s 			page 52


 1996      5F696E74 
 1996      65727275 
 1996      70745F73 
 1996      61725F49 
 1997              	.LASF132:
 1998 15be 7564625F 		.ascii	"udb_interrupts_0_IRQn\000"
 1998      696E7465 
 1998      72727570 
 1998      74735F30 
 1998      5F495251 
 1999              	.LASF200:
 2000 15d4 63707573 		.ascii	"cpussIpcIrqNr\000"
 2000      73497063 
 2000      4972714E 
 2000      7200
 2001              	.LASF230:
 2002 15e2 64774368 		.ascii	"dwChCtlPreemptablePos\000"
 2002      43746C50 
 2002      7265656D 
 2002      70746162 
 2002      6C65506F 
 2003              	.LASF118:
 2004 15f8 74637077 		.ascii	"tcpwm_1_interrupts_10_IRQn\000"
 2004      6D5F315F 
 2004      696E7465 
 2004      72727570 
 2004      74735F31 
 2005              	.LASF15:
 2006 1613 696F7373 		.ascii	"ioss_interrupts_gpio_5_IRQn\000"
 2006      5F696E74 
 2006      65727275 
 2006      7074735F 
 2006      6770696F 
 2007              	.LASF44:
 2008 162f 63707573 		.ascii	"cpuss_interrupts_ipc_9_IRQn\000"
 2008      735F696E 
 2008      74657272 
 2008      75707473 
 2008      5F697063 
 2009              	.LASF197:
 2010 164b 70657269 		.ascii	"periVersion\000"
 2010      56657273 
 2010      696F6E00 
 2011              	.LASF93:
 2012 1657 63707573 		.ascii	"cpuss_interrupts_fault_1_IRQn\000"
 2012      735F696E 
 2012      74657272 
 2012      75707473 
 2012      5F666175 
 2013              	.LASF269:
 2014 1675 646F7562 		.ascii	"double\000"
 2014      6C6500
 2015              	.LASF187:
 2016 167c 70617373 		.ascii	"passBase\000"
 2016      42617365 
 2016      00
 2017              	.LASF224:
ARM GAS  C:\Users\cmila\AppData\Local\Temp\ccAcQHEk.s 			page 53


 2018 1685 666C6173 		.ascii	"flashCtlMainWs2Freq\000"
 2018      6843746C 
 2018      4D61696E 
 2018      57733246 
 2018      72657100 
 2019              	.LASF10:
 2020 1699 696F7373 		.ascii	"ioss_interrupts_gpio_0_IRQn\000"
 2020      5F696E74 
 2020      65727275 
 2020      7074735F 
 2020      6770696F 
 2021              	.LASF71:
 2022 16b5 63707573 		.ascii	"cpuss_interrupts_dw0_11_IRQn\000"
 2022      735F696E 
 2022      74657272 
 2022      75707473 
 2022      5F647730 
 2023              	.LASF226:
 2024 16d2 666C6173 		.ascii	"flashCtlMainWs4Freq\000"
 2024      6843746C 
 2024      4D61696E 
 2024      57733446 
 2024      72657100 
 2025              	.LASF79:
 2026 16e6 63707573 		.ascii	"cpuss_interrupts_dw1_3_IRQn\000"
 2026      735F696E 
 2026      74657272 
 2026      75707473 
 2026      5F647731 
 2027              	.LASF105:
 2028 1702 74637077 		.ascii	"tcpwm_0_interrupts_5_IRQn\000"
 2028      6D5F305F 
 2028      696E7465 
 2028      72727570 
 2028      74735F35 
 2029              	.LASF276:
 2030 171c 4144435F 		.ascii	"ADC_1_IRQ_cfg\000"
 2030      315F4952 
 2030      515F6366 
 2030      6700
 2031              	.LASF94:
 2032 172a 63707573 		.ascii	"cpuss_interrupt_crypto_IRQn\000"
 2032      735F696E 
 2032      74657272 
 2032      7570745F 
 2032      63727970 
 2033              	.LASF100:
 2034 1746 74637077 		.ascii	"tcpwm_0_interrupts_0_IRQn\000"
 2034      6D5F305F 
 2034      696E7465 
 2034      72727570 
 2034      74735F30 
 2035              	.LASF196:
 2036 1760 69706356 		.ascii	"ipcVersion\000"
 2036      65727369 
 2036      6F6E00
 2037              	.LASF38:
ARM GAS  C:\Users\cmila\AppData\Local\Temp\ccAcQHEk.s 			page 54


 2038 176b 63707573 		.ascii	"cpuss_interrupts_ipc_3_IRQn\000"
 2038      735F696E 
 2038      74657272 
 2038      75707473 
 2038      5F697063 
 2039              	.LASF58:
 2040 1787 7363625F 		.ascii	"scb_7_interrupt_IRQn\000"
 2040      375F696E 
 2040      74657272 
 2040      7570745F 
 2040      4952516E 
 2041              	.LASF98:
 2042 179c 63707573 		.ascii	"cpuss_interrupts_cm4_cti_0_IRQn\000"
 2042      735F696E 
 2042      74657272 
 2042      75707473 
 2042      5F636D34 
 2043              	.LASF110:
 2044 17bc 74637077 		.ascii	"tcpwm_1_interrupts_2_IRQn\000"
 2044      6D5F315F 
 2044      696E7465 
 2044      72727570 
 2044      74735F32 
 2045              		.ident	"GCC: (GNU Tools for ARM Embedded Processors) 5.4.1 20160609 (release) [ARM/embedded-5-bran
