ARM GAS  C:\Users\cmila\AppData\Local\Temp\ccXRbYXU.s 			page 1


   1              		.syntax unified
   2              		.cpu cortex-m4
   3              		.eabi_attribute 27, 1
   4              		.fpu fpv4-sp-d16
   5              		.eabi_attribute 20, 1
   6              		.eabi_attribute 21, 1
   7              		.eabi_attribute 23, 3
   8              		.eabi_attribute 24, 1
   9              		.eabi_attribute 25, 1
  10              		.eabi_attribute 26, 1
  11              		.eabi_attribute 30, 1
  12              		.eabi_attribute 34, 1
  13              		.eabi_attribute 18, 4
  14              		.thumb
  15              		.syntax unified
  16              		.file	"retarget.c"
  17              		.text
  18              	.Ltext0:
  19              		.cfi_sections	.debug_frame
  20              		.syntax unified
  21              		.global _printf_float
  22              		.global _scanf_float
  23              		.thumb
  24              		.syntax unified
  25              		.section	.text._write,"ax",%progbits
  26              		.align	2
  27              		.weak	_write
  28              		.thumb
  29              		.thumb_func
  30              		.type	_write, %function
  31              	_write:
  32              	.LFB243:
  33              		.file 1 "Generated_Source\\PSoC6\\pdl\\utilities\\retarget_io\\retarget.c"
   1:Generated_Source\PSoC6\pdl\utilities\retarget_io/retarget.c **** /***************************************************************************//**
   2:Generated_Source\PSoC6\pdl\utilities\retarget_io/retarget.c **** * \file retarget.c
   3:Generated_Source\PSoC6\pdl\utilities\retarget_io/retarget.c **** * \version 1.20
   4:Generated_Source\PSoC6\pdl\utilities\retarget_io/retarget.c **** *
   5:Generated_Source\PSoC6\pdl\utilities\retarget_io/retarget.c **** * \brief
   6:Generated_Source\PSoC6\pdl\utilities\retarget_io/retarget.c **** * 'Retarget' layer for target-dependent low level function.
   7:Generated_Source\PSoC6\pdl\utilities\retarget_io/retarget.c **** *
   8:Generated_Source\PSoC6\pdl\utilities\retarget_io/retarget.c **** ********************************************************************************
   9:Generated_Source\PSoC6\pdl\utilities\retarget_io/retarget.c **** * \copyright
  10:Generated_Source\PSoC6\pdl\utilities\retarget_io/retarget.c **** * Copyright 2016-2018, Cypress Semiconductor Corporation. All rights reserved.
  11:Generated_Source\PSoC6\pdl\utilities\retarget_io/retarget.c **** * You may use this file only in accordance with the license, terms, conditions,
  12:Generated_Source\PSoC6\pdl\utilities\retarget_io/retarget.c **** * disclaimers, and limitations in the end user license agreement accompanying
  13:Generated_Source\PSoC6\pdl\utilities\retarget_io/retarget.c **** * the software package with which this file was provided.
  14:Generated_Source\PSoC6\pdl\utilities\retarget_io/retarget.c **** *******************************************************************************/
  15:Generated_Source\PSoC6\pdl\utilities\retarget_io/retarget.c **** 
  16:Generated_Source\PSoC6\pdl\utilities\retarget_io/retarget.c **** #include <stdio.h>
  17:Generated_Source\PSoC6\pdl\utilities\retarget_io/retarget.c **** #include "stdio_user.h"
  18:Generated_Source\PSoC6\pdl\utilities\retarget_io/retarget.c **** 
  19:Generated_Source\PSoC6\pdl\utilities\retarget_io/retarget.c **** #if defined(__cplusplus)
  20:Generated_Source\PSoC6\pdl\utilities\retarget_io/retarget.c **** extern "C" {
  21:Generated_Source\PSoC6\pdl\utilities\retarget_io/retarget.c **** #endif
  22:Generated_Source\PSoC6\pdl\utilities\retarget_io/retarget.c **** 
  23:Generated_Source\PSoC6\pdl\utilities\retarget_io/retarget.c **** #ifdef IO_STDOUT_ENABLE
  24:Generated_Source\PSoC6\pdl\utilities\retarget_io/retarget.c **** 
ARM GAS  C:\Users\cmila\AppData\Local\Temp\ccXRbYXU.s 			page 2


  25:Generated_Source\PSoC6\pdl\utilities\retarget_io/retarget.c **** #if defined(__ARMCC_VERSION) /* ARM-MDK */
  26:Generated_Source\PSoC6\pdl\utilities\retarget_io/retarget.c ****     /***************************************************************************
  27:Generated_Source\PSoC6\pdl\utilities\retarget_io/retarget.c ****     * Function Name: fputc
  28:Generated_Source\PSoC6\pdl\utilities\retarget_io/retarget.c ****     ***************************************************************************/
  29:Generated_Source\PSoC6\pdl\utilities\retarget_io/retarget.c ****     __attribute__((weak)) int fputc(int ch, FILE *f)
  30:Generated_Source\PSoC6\pdl\utilities\retarget_io/retarget.c ****     {
  31:Generated_Source\PSoC6\pdl\utilities\retarget_io/retarget.c ****         (void)f;
  32:Generated_Source\PSoC6\pdl\utilities\retarget_io/retarget.c ****     #if (STDOUT_CR_LF != 0)
  33:Generated_Source\PSoC6\pdl\utilities\retarget_io/retarget.c ****         if ((char)ch == '\n')
  34:Generated_Source\PSoC6\pdl\utilities\retarget_io/retarget.c ****         {
  35:Generated_Source\PSoC6\pdl\utilities\retarget_io/retarget.c ****             STDIO_PutChar('\r');
  36:Generated_Source\PSoC6\pdl\utilities\retarget_io/retarget.c ****         }
  37:Generated_Source\PSoC6\pdl\utilities\retarget_io/retarget.c ****     #endif /* STDOUT_CR_LF != 0 */
  38:Generated_Source\PSoC6\pdl\utilities\retarget_io/retarget.c ****         STDIO_PutChar(ch);
  39:Generated_Source\PSoC6\pdl\utilities\retarget_io/retarget.c ****         return (ch);
  40:Generated_Source\PSoC6\pdl\utilities\retarget_io/retarget.c ****     }
  41:Generated_Source\PSoC6\pdl\utilities\retarget_io/retarget.c **** #elif defined (__ICCARM__) /* IAR */
  42:Generated_Source\PSoC6\pdl\utilities\retarget_io/retarget.c ****     #include <yfuns.h>
  43:Generated_Source\PSoC6\pdl\utilities\retarget_io/retarget.c **** 
  44:Generated_Source\PSoC6\pdl\utilities\retarget_io/retarget.c ****     /***************************************************************************
  45:Generated_Source\PSoC6\pdl\utilities\retarget_io/retarget.c ****     * Function Name: __write
  46:Generated_Source\PSoC6\pdl\utilities\retarget_io/retarget.c ****     ***************************************************************************/
  47:Generated_Source\PSoC6\pdl\utilities\retarget_io/retarget.c ****     __weak size_t __write(int handle, const unsigned char * buffer, size_t size)
  48:Generated_Source\PSoC6\pdl\utilities\retarget_io/retarget.c ****     {
  49:Generated_Source\PSoC6\pdl\utilities\retarget_io/retarget.c ****         size_t nChars = 0;
  50:Generated_Source\PSoC6\pdl\utilities\retarget_io/retarget.c ****         /* This template only writes to "standard out", for all other file
  51:Generated_Source\PSoC6\pdl\utilities\retarget_io/retarget.c ****         * handles it returns failure. */
  52:Generated_Source\PSoC6\pdl\utilities\retarget_io/retarget.c ****         if (handle != _LLIO_STDOUT)
  53:Generated_Source\PSoC6\pdl\utilities\retarget_io/retarget.c ****         {
  54:Generated_Source\PSoC6\pdl\utilities\retarget_io/retarget.c ****             return (_LLIO_ERROR);
  55:Generated_Source\PSoC6\pdl\utilities\retarget_io/retarget.c ****         }
  56:Generated_Source\PSoC6\pdl\utilities\retarget_io/retarget.c ****         if (buffer != NULL)
  57:Generated_Source\PSoC6\pdl\utilities\retarget_io/retarget.c ****         {
  58:Generated_Source\PSoC6\pdl\utilities\retarget_io/retarget.c ****             for (/* Empty */; nChars < size; ++nChars)
  59:Generated_Source\PSoC6\pdl\utilities\retarget_io/retarget.c ****             {
  60:Generated_Source\PSoC6\pdl\utilities\retarget_io/retarget.c ****             #if (STDOUT_CR_LF != 0)
  61:Generated_Source\PSoC6\pdl\utilities\retarget_io/retarget.c ****                 if(*buffer == '\n')
  62:Generated_Source\PSoC6\pdl\utilities\retarget_io/retarget.c ****                 {
  63:Generated_Source\PSoC6\pdl\utilities\retarget_io/retarget.c ****                     STDIO_PutChar('\r');
  64:Generated_Source\PSoC6\pdl\utilities\retarget_io/retarget.c ****                 }
  65:Generated_Source\PSoC6\pdl\utilities\retarget_io/retarget.c ****             #endif /* STDOUT_CR_LF != 0 */
  66:Generated_Source\PSoC6\pdl\utilities\retarget_io/retarget.c ****                 STDIO_PutChar(*buffer);
  67:Generated_Source\PSoC6\pdl\utilities\retarget_io/retarget.c ****                 ++buffer;
  68:Generated_Source\PSoC6\pdl\utilities\retarget_io/retarget.c ****             }
  69:Generated_Source\PSoC6\pdl\utilities\retarget_io/retarget.c ****         }
  70:Generated_Source\PSoC6\pdl\utilities\retarget_io/retarget.c ****         return (nChars);
  71:Generated_Source\PSoC6\pdl\utilities\retarget_io/retarget.c ****     }
  72:Generated_Source\PSoC6\pdl\utilities\retarget_io/retarget.c **** #else /* (__GNUC__)  GCC */    
  73:Generated_Source\PSoC6\pdl\utilities\retarget_io/retarget.c ****     /* Add an explicit reference to the floating point printf library to allow
  74:Generated_Source\PSoC6\pdl\utilities\retarget_io/retarget.c ****     the usage of floating point conversion specifier. */
  75:Generated_Source\PSoC6\pdl\utilities\retarget_io/retarget.c ****     __asm (".global _printf_float");
  76:Generated_Source\PSoC6\pdl\utilities\retarget_io/retarget.c ****     /***************************************************************************
  77:Generated_Source\PSoC6\pdl\utilities\retarget_io/retarget.c ****     * Function Name: _write
  78:Generated_Source\PSoC6\pdl\utilities\retarget_io/retarget.c ****     ***************************************************************************/
  79:Generated_Source\PSoC6\pdl\utilities\retarget_io/retarget.c ****     __attribute__((weak)) int _write (int fd, const char *ptr, int len)
  80:Generated_Source\PSoC6\pdl\utilities\retarget_io/retarget.c ****     {
  34              		.loc 1 80 0
ARM GAS  C:\Users\cmila\AppData\Local\Temp\ccXRbYXU.s 			page 3


  35              		.cfi_startproc
  36              		@ args = 0, pretend = 0, frame = 0
  37              		@ frame_needed = 0, uses_anonymous_args = 0
  38              	.LVL0:
  39 0000 70B5     		push	{r4, r5, r6, lr}
  40              		.cfi_def_cfa_offset 16
  41              		.cfi_offset 4, -16
  42              		.cfi_offset 5, -12
  43              		.cfi_offset 6, -8
  44              		.cfi_offset 14, -4
  45              	.LVL1:
  81:Generated_Source\PSoC6\pdl\utilities\retarget_io/retarget.c ****         int nChars = 0;
  82:Generated_Source\PSoC6\pdl\utilities\retarget_io/retarget.c ****         (void)fd;
  83:Generated_Source\PSoC6\pdl\utilities\retarget_io/retarget.c ****         if (ptr != NULL)
  46              		.loc 1 83 0
  47 0002 39B9     		cbnz	r1, .L5
  81:Generated_Source\PSoC6\pdl\utilities\retarget_io/retarget.c ****         int nChars = 0;
  48              		.loc 1 81 0
  49 0004 0024     		movs	r4, #0
  50 0006 0AE0     		b	.L3
  51              	.LVL2:
  52              	.L4:
  84:Generated_Source\PSoC6\pdl\utilities\retarget_io/retarget.c ****         {
  85:Generated_Source\PSoC6\pdl\utilities\retarget_io/retarget.c ****             for (/* Empty */; nChars < len; ++nChars)
  86:Generated_Source\PSoC6\pdl\utilities\retarget_io/retarget.c ****             {
  87:Generated_Source\PSoC6\pdl\utilities\retarget_io/retarget.c ****             #if (STDOUT_CR_LF != 0)
  88:Generated_Source\PSoC6\pdl\utilities\retarget_io/retarget.c ****                 if(*ptr == '\n')
  89:Generated_Source\PSoC6\pdl\utilities\retarget_io/retarget.c ****                 {
  90:Generated_Source\PSoC6\pdl\utilities\retarget_io/retarget.c ****                     STDIO_PutChar('\r');
  91:Generated_Source\PSoC6\pdl\utilities\retarget_io/retarget.c ****                 }
  92:Generated_Source\PSoC6\pdl\utilities\retarget_io/retarget.c ****             #endif /* STDOUT_CR_LF != 0 */
  93:Generated_Source\PSoC6\pdl\utilities\retarget_io/retarget.c ****                 STDIO_PutChar((uint32_t)*ptr);
  53              		.loc 1 93 0 discriminator 2
  54 0008 15F8010B 		ldrb	r0, [r5], #1	@ zero_extendqisi2
  55              	.LVL3:
  56 000c FFF7FEFF 		bl	STDIO_PutChar
  57              	.LVL4:
  85:Generated_Source\PSoC6\pdl\utilities\retarget_io/retarget.c ****             {
  58              		.loc 1 85 0 discriminator 2
  59 0010 0134     		adds	r4, r4, #1
  60              	.LVL5:
  61 0012 02E0     		b	.L2
  62              	.LVL6:
  63              	.L5:
  64 0014 1646     		mov	r6, r2
  65 0016 0D46     		mov	r5, r1
  66 0018 0024     		movs	r4, #0
  67              	.LVL7:
  68              	.L2:
  85:Generated_Source\PSoC6\pdl\utilities\retarget_io/retarget.c ****             {
  69              		.loc 1 85 0 is_stmt 0 discriminator 1
  70 001a B442     		cmp	r4, r6
  71 001c F4DB     		blt	.L4
  72              	.LVL8:
  73              	.L3:
  94:Generated_Source\PSoC6\pdl\utilities\retarget_io/retarget.c ****                 ++ptr;
  95:Generated_Source\PSoC6\pdl\utilities\retarget_io/retarget.c ****             }
ARM GAS  C:\Users\cmila\AppData\Local\Temp\ccXRbYXU.s 			page 4


  96:Generated_Source\PSoC6\pdl\utilities\retarget_io/retarget.c ****         }
  97:Generated_Source\PSoC6\pdl\utilities\retarget_io/retarget.c ****         return (nChars);
  98:Generated_Source\PSoC6\pdl\utilities\retarget_io/retarget.c ****     }
  74              		.loc 1 98 0 is_stmt 1
  75 001e 2046     		mov	r0, r4
  76 0020 70BD     		pop	{r4, r5, r6, pc}
  77              		.cfi_endproc
  78              	.LFE243:
  79              		.size	_write, .-_write
  80 0022 00BF     		.section	.text._read,"ax",%progbits
  81              		.align	2
  82              		.weak	_read
  83              		.thumb
  84              		.thumb_func
  85              		.type	_read, %function
  86              	_read:
  87              	.LFB244:
  99:Generated_Source\PSoC6\pdl\utilities\retarget_io/retarget.c **** #endif
 100:Generated_Source\PSoC6\pdl\utilities\retarget_io/retarget.c **** 
 101:Generated_Source\PSoC6\pdl\utilities\retarget_io/retarget.c **** #endif /* IO_STDOUT_ENABLE */
 102:Generated_Source\PSoC6\pdl\utilities\retarget_io/retarget.c **** 
 103:Generated_Source\PSoC6\pdl\utilities\retarget_io/retarget.c **** #if defined(IO_STDIN_ENABLE)
 104:Generated_Source\PSoC6\pdl\utilities\retarget_io/retarget.c **** 
 105:Generated_Source\PSoC6\pdl\utilities\retarget_io/retarget.c **** #if defined(__ARMCC_VERSION) /* ARM-MDK */
 106:Generated_Source\PSoC6\pdl\utilities\retarget_io/retarget.c ****     /***************************************************************************
 107:Generated_Source\PSoC6\pdl\utilities\retarget_io/retarget.c ****     * Function Name: fgetc
 108:Generated_Source\PSoC6\pdl\utilities\retarget_io/retarget.c ****     ***************************************************************************/
 109:Generated_Source\PSoC6\pdl\utilities\retarget_io/retarget.c ****     __attribute__((weak)) int fgetc(FILE *f) 
 110:Generated_Source\PSoC6\pdl\utilities\retarget_io/retarget.c ****     {
 111:Generated_Source\PSoC6\pdl\utilities\retarget_io/retarget.c ****         (void)f;
 112:Generated_Source\PSoC6\pdl\utilities\retarget_io/retarget.c ****         return (STDIO_GetChar());
 113:Generated_Source\PSoC6\pdl\utilities\retarget_io/retarget.c ****     }
 114:Generated_Source\PSoC6\pdl\utilities\retarget_io/retarget.c **** #elif defined (__ICCARM__) /* IAR */
 115:Generated_Source\PSoC6\pdl\utilities\retarget_io/retarget.c ****     __weak size_t __read(int handle, unsigned char * buffer, size_t size)
 116:Generated_Source\PSoC6\pdl\utilities\retarget_io/retarget.c ****     {
 117:Generated_Source\PSoC6\pdl\utilities\retarget_io/retarget.c ****         /* This template only reads from "standard in", for all other file
 118:Generated_Source\PSoC6\pdl\utilities\retarget_io/retarget.c ****         handles it returns failure. */
 119:Generated_Source\PSoC6\pdl\utilities\retarget_io/retarget.c ****         if ((handle != _LLIO_STDIN) || (buffer == NULL))
 120:Generated_Source\PSoC6\pdl\utilities\retarget_io/retarget.c ****         {
 121:Generated_Source\PSoC6\pdl\utilities\retarget_io/retarget.c ****             return (_LLIO_ERROR);
 122:Generated_Source\PSoC6\pdl\utilities\retarget_io/retarget.c ****         }
 123:Generated_Source\PSoC6\pdl\utilities\retarget_io/retarget.c ****         else
 124:Generated_Source\PSoC6\pdl\utilities\retarget_io/retarget.c ****         {
 125:Generated_Source\PSoC6\pdl\utilities\retarget_io/retarget.c ****             *buffer = STDIO_GetChar();
 126:Generated_Source\PSoC6\pdl\utilities\retarget_io/retarget.c ****             return (1);
 127:Generated_Source\PSoC6\pdl\utilities\retarget_io/retarget.c ****         }
 128:Generated_Source\PSoC6\pdl\utilities\retarget_io/retarget.c ****     }
 129:Generated_Source\PSoC6\pdl\utilities\retarget_io/retarget.c **** #else /* (__GNUC__)  GCC */
 130:Generated_Source\PSoC6\pdl\utilities\retarget_io/retarget.c ****     /* Add an explicit reference to the floating point scanf library to allow
 131:Generated_Source\PSoC6\pdl\utilities\retarget_io/retarget.c ****     the usage of floating point conversion specifier. */
 132:Generated_Source\PSoC6\pdl\utilities\retarget_io/retarget.c ****     __asm (".global _scanf_float");
 133:Generated_Source\PSoC6\pdl\utilities\retarget_io/retarget.c ****     __attribute__((weak)) int _read (int fd, char *ptr, int len)
 134:Generated_Source\PSoC6\pdl\utilities\retarget_io/retarget.c ****     {
  88              		.loc 1 134 0
  89              		.cfi_startproc
  90              		@ args = 0, pretend = 0, frame = 0
  91              		@ frame_needed = 0, uses_anonymous_args = 0
ARM GAS  C:\Users\cmila\AppData\Local\Temp\ccXRbYXU.s 			page 5


  92              	.LVL9:
  93 0000 70B5     		push	{r4, r5, r6, lr}
  94              		.cfi_def_cfa_offset 16
  95              		.cfi_offset 4, -16
  96              		.cfi_offset 5, -12
  97              		.cfi_offset 6, -8
  98              		.cfi_offset 14, -4
  99              	.LVL10:
 135:Generated_Source\PSoC6\pdl\utilities\retarget_io/retarget.c ****         int nChars = 0;
 136:Generated_Source\PSoC6\pdl\utilities\retarget_io/retarget.c ****         (void)fd;
 137:Generated_Source\PSoC6\pdl\utilities\retarget_io/retarget.c ****         if (ptr != NULL)
 100              		.loc 1 137 0
 101 0002 61B9     		cbnz	r1, .L11
 135:Generated_Source\PSoC6\pdl\utilities\retarget_io/retarget.c ****         int nChars = 0;
 102              		.loc 1 135 0
 103 0004 0024     		movs	r4, #0
 104 0006 0FE0     		b	.L9
 105              	.LVL11:
 106              	.L10:
 138:Generated_Source\PSoC6\pdl\utilities\retarget_io/retarget.c ****         {
 139:Generated_Source\PSoC6\pdl\utilities\retarget_io/retarget.c ****             for(/* Empty */;nChars < len;++ptr)
 140:Generated_Source\PSoC6\pdl\utilities\retarget_io/retarget.c ****             {
 141:Generated_Source\PSoC6\pdl\utilities\retarget_io/retarget.c ****                 *ptr = (char)STDIO_GetChar();
 107              		.loc 1 141 0
 108 0008 FFF7FEFF 		bl	STDIO_GetChar
 109              	.LVL12:
 110 000c C0B2     		uxtb	r0, r0
 111 000e 2870     		strb	r0, [r5]
 142:Generated_Source\PSoC6\pdl\utilities\retarget_io/retarget.c ****                 ++nChars;
 112              		.loc 1 142 0
 113 0010 0134     		adds	r4, r4, #1
 114              	.LVL13:
 143:Generated_Source\PSoC6\pdl\utilities\retarget_io/retarget.c ****                 if((*ptr == '\n') || (*ptr == '\r'))
 115              		.loc 1 143 0
 116 0012 0A28     		cmp	r0, #10
 117 0014 08D0     		beq	.L9
 118              		.loc 1 143 0 is_stmt 0 discriminator 1
 119 0016 0D28     		cmp	r0, #13
 120 0018 06D0     		beq	.L9
 139:Generated_Source\PSoC6\pdl\utilities\retarget_io/retarget.c ****             {
 121              		.loc 1 139 0 is_stmt 1
 122 001a 0135     		adds	r5, r5, #1
 123              	.LVL14:
 124 001c 02E0     		b	.L8
 125              	.LVL15:
 126              	.L11:
 127 001e 1646     		mov	r6, r2
 128 0020 0D46     		mov	r5, r1
 129 0022 0024     		movs	r4, #0
 130              	.LVL16:
 131              	.L8:
 139:Generated_Source\PSoC6\pdl\utilities\retarget_io/retarget.c ****             {
 132              		.loc 1 139 0 is_stmt 0 discriminator 1
 133 0024 B442     		cmp	r4, r6
 134 0026 EFDB     		blt	.L10
 135              	.LVL17:
 136              	.L9:
ARM GAS  C:\Users\cmila\AppData\Local\Temp\ccXRbYXU.s 			page 6


 144:Generated_Source\PSoC6\pdl\utilities\retarget_io/retarget.c ****                 {
 145:Generated_Source\PSoC6\pdl\utilities\retarget_io/retarget.c ****                     break;
 146:Generated_Source\PSoC6\pdl\utilities\retarget_io/retarget.c ****                 }
 147:Generated_Source\PSoC6\pdl\utilities\retarget_io/retarget.c ****             }
 148:Generated_Source\PSoC6\pdl\utilities\retarget_io/retarget.c ****         }
 149:Generated_Source\PSoC6\pdl\utilities\retarget_io/retarget.c ****         return (nChars);
 150:Generated_Source\PSoC6\pdl\utilities\retarget_io/retarget.c ****     }
 137              		.loc 1 150 0 is_stmt 1
 138 0028 2046     		mov	r0, r4
 139 002a 70BD     		pop	{r4, r5, r6, pc}
 140              		.cfi_endproc
 141              	.LFE244:
 142              		.size	_read, .-_read
 143              		.text
 144              	.Letext0:
 145              		.file 2 "c:\\program files (x86)\\cypress\\psoc creator\\4.4\\psoc creator\\import\\gnu\\arm\\5.4.
 146              		.file 3 "c:\\program files (x86)\\cypress\\psoc creator\\4.4\\psoc creator\\import\\gnu\\arm\\5.4.
 147              		.file 4 "Generated_Source\\PSoC6\\pdl\\drivers/peripheral/device/cy_device.h"
 148              		.file 5 "Generated_Source\\PSoC6\\pdl\\cmsis/include/core_cm4.h"
 149              		.file 6 "./stdio_user.h"
 150              		.section	.debug_info,"",%progbits
 151              	.Ldebug_info0:
 152 0000 26060000 		.4byte	0x626
 153 0004 0400     		.2byte	0x4
 154 0006 00000000 		.4byte	.Ldebug_abbrev0
 155 000a 04       		.byte	0x4
 156 000b 01       		.uleb128 0x1
 157 000c C4040000 		.4byte	.LASF119
 158 0010 0C       		.byte	0xc
 159 0011 7A070000 		.4byte	.LASF120
 160 0015 6E020000 		.4byte	.LASF121
 161 0019 00000000 		.4byte	.Ldebug_ranges0+0
 162 001d 00000000 		.4byte	0
 163 0021 00000000 		.4byte	.Ldebug_line0
 164 0025 02       		.uleb128 0x2
 165 0026 01       		.byte	0x1
 166 0027 06       		.byte	0x6
 167 0028 5A010000 		.4byte	.LASF0
 168 002c 03       		.uleb128 0x3
 169 002d 7E000000 		.4byte	.LASF2
 170 0031 02       		.byte	0x2
 171 0032 1D       		.byte	0x1d
 172 0033 37000000 		.4byte	0x37
 173 0037 02       		.uleb128 0x2
 174 0038 01       		.byte	0x1
 175 0039 08       		.byte	0x8
 176 003a D0050000 		.4byte	.LASF1
 177 003e 03       		.uleb128 0x3
 178 003f C8020000 		.4byte	.LASF3
 179 0043 02       		.byte	0x2
 180 0044 29       		.byte	0x29
 181 0045 49000000 		.4byte	0x49
 182 0049 02       		.uleb128 0x2
 183 004a 02       		.byte	0x2
 184 004b 05       		.byte	0x5
 185 004c F2050000 		.4byte	.LASF4
 186 0050 03       		.uleb128 0x3
ARM GAS  C:\Users\cmila\AppData\Local\Temp\ccXRbYXU.s 			page 7


 187 0051 6D060000 		.4byte	.LASF5
 188 0055 02       		.byte	0x2
 189 0056 2B       		.byte	0x2b
 190 0057 5B000000 		.4byte	0x5b
 191 005b 02       		.uleb128 0x2
 192 005c 02       		.byte	0x2
 193 005d 07       		.byte	0x7
 194 005e B6060000 		.4byte	.LASF6
 195 0062 03       		.uleb128 0x3
 196 0063 8B060000 		.4byte	.LASF7
 197 0067 02       		.byte	0x2
 198 0068 3F       		.byte	0x3f
 199 0069 6D000000 		.4byte	0x6d
 200 006d 02       		.uleb128 0x2
 201 006e 04       		.byte	0x4
 202 006f 05       		.byte	0x5
 203 0070 BC010000 		.4byte	.LASF8
 204 0074 03       		.uleb128 0x3
 205 0075 53020000 		.4byte	.LASF9
 206 0079 02       		.byte	0x2
 207 007a 41       		.byte	0x41
 208 007b 7F000000 		.4byte	0x7f
 209 007f 02       		.uleb128 0x2
 210 0080 04       		.byte	0x4
 211 0081 07       		.byte	0x7
 212 0082 35030000 		.4byte	.LASF10
 213 0086 02       		.uleb128 0x2
 214 0087 08       		.byte	0x8
 215 0088 05       		.byte	0x5
 216 0089 4C010000 		.4byte	.LASF11
 217 008d 02       		.uleb128 0x2
 218 008e 08       		.byte	0x8
 219 008f 07       		.byte	0x7
 220 0090 CD000000 		.4byte	.LASF12
 221 0094 04       		.uleb128 0x4
 222 0095 04       		.byte	0x4
 223 0096 05       		.byte	0x5
 224 0097 696E7400 		.ascii	"int\000"
 225 009b 02       		.uleb128 0x2
 226 009c 04       		.byte	0x4
 227 009d 07       		.byte	0x7
 228 009e 0D030000 		.4byte	.LASF13
 229 00a2 02       		.uleb128 0x2
 230 00a3 08       		.byte	0x8
 231 00a4 04       		.byte	0x4
 232 00a5 42060000 		.4byte	.LASF14
 233 00a9 02       		.uleb128 0x2
 234 00aa 04       		.byte	0x4
 235 00ab 07       		.byte	0x7
 236 00ac 38040000 		.4byte	.LASF15
 237 00b0 05       		.uleb128 0x5
 238 00b1 04       		.byte	0x4
 239 00b2 B6000000 		.4byte	0xb6
 240 00b6 02       		.uleb128 0x2
 241 00b7 01       		.byte	0x1
 242 00b8 08       		.byte	0x8
 243 00b9 4E060000 		.4byte	.LASF16
ARM GAS  C:\Users\cmila\AppData\Local\Temp\ccXRbYXU.s 			page 8


 244 00bd 05       		.uleb128 0x5
 245 00be 04       		.byte	0x4
 246 00bf C3000000 		.4byte	0xc3
 247 00c3 06       		.uleb128 0x6
 248 00c4 B6000000 		.4byte	0xb6
 249 00c8 03       		.uleb128 0x3
 250 00c9 23070000 		.4byte	.LASF17
 251 00cd 03       		.byte	0x3
 252 00ce 18       		.byte	0x18
 253 00cf 2C000000 		.4byte	0x2c
 254 00d3 03       		.uleb128 0x3
 255 00d4 44010000 		.4byte	.LASF18
 256 00d8 03       		.byte	0x3
 257 00d9 20       		.byte	0x20
 258 00da 3E000000 		.4byte	0x3e
 259 00de 03       		.uleb128 0x3
 260 00df 1A030000 		.4byte	.LASF19
 261 00e3 03       		.byte	0x3
 262 00e4 24       		.byte	0x24
 263 00e5 50000000 		.4byte	0x50
 264 00e9 03       		.uleb128 0x3
 265 00ea C8050000 		.4byte	.LASF20
 266 00ee 03       		.byte	0x3
 267 00ef 2C       		.byte	0x2c
 268 00f0 62000000 		.4byte	0x62
 269 00f4 03       		.uleb128 0x3
 270 00f5 39060000 		.4byte	.LASF21
 271 00f9 03       		.byte	0x3
 272 00fa 30       		.byte	0x30
 273 00fb 74000000 		.4byte	0x74
 274 00ff 07       		.uleb128 0x7
 275 0100 B8       		.byte	0xb8
 276 0101 04       		.byte	0x4
 277 0102 34       		.byte	0x34
 278 0103 10050000 		.4byte	0x510
 279 0107 08       		.uleb128 0x8
 280 0108 B4000000 		.4byte	.LASF22
 281 010c 04       		.byte	0x4
 282 010d 37       		.byte	0x37
 283 010e F4000000 		.4byte	0xf4
 284 0112 00       		.byte	0
 285 0113 08       		.uleb128 0x8
 286 0114 10060000 		.4byte	.LASF23
 287 0118 04       		.byte	0x4
 288 0119 38       		.byte	0x38
 289 011a F4000000 		.4byte	0xf4
 290 011e 04       		.byte	0x4
 291 011f 08       		.uleb128 0x8
 292 0120 D3010000 		.4byte	.LASF24
 293 0124 04       		.byte	0x4
 294 0125 39       		.byte	0x39
 295 0126 F4000000 		.4byte	0xf4
 296 012a 08       		.byte	0x8
 297 012b 08       		.uleb128 0x8
 298 012c BA050000 		.4byte	.LASF25
 299 0130 04       		.byte	0x4
 300 0131 3A       		.byte	0x3a
ARM GAS  C:\Users\cmila\AppData\Local\Temp\ccXRbYXU.s 			page 9


 301 0132 F4000000 		.4byte	0xf4
 302 0136 0C       		.byte	0xc
 303 0137 08       		.uleb128 0x8
 304 0138 89010000 		.4byte	.LASF26
 305 013c 04       		.byte	0x4
 306 013d 3B       		.byte	0x3b
 307 013e F4000000 		.4byte	0xf4
 308 0142 10       		.byte	0x10
 309 0143 08       		.uleb128 0x8
 310 0144 B2010000 		.4byte	.LASF27
 311 0148 04       		.byte	0x4
 312 0149 3C       		.byte	0x3c
 313 014a F4000000 		.4byte	0xf4
 314 014e 14       		.byte	0x14
 315 014f 08       		.uleb128 0x8
 316 0150 52030000 		.4byte	.LASF28
 317 0154 04       		.byte	0x4
 318 0155 3D       		.byte	0x3d
 319 0156 F4000000 		.4byte	0xf4
 320 015a 18       		.byte	0x18
 321 015b 08       		.uleb128 0x8
 322 015c 67000000 		.4byte	.LASF29
 323 0160 04       		.byte	0x4
 324 0161 3E       		.byte	0x3e
 325 0162 F4000000 		.4byte	0xf4
 326 0166 1C       		.byte	0x1c
 327 0167 08       		.uleb128 0x8
 328 0168 C0070000 		.4byte	.LASF30
 329 016c 04       		.byte	0x4
 330 016d 3F       		.byte	0x3f
 331 016e F4000000 		.4byte	0xf4
 332 0172 20       		.byte	0x20
 333 0173 08       		.uleb128 0x8
 334 0174 AC040000 		.4byte	.LASF31
 335 0178 04       		.byte	0x4
 336 0179 40       		.byte	0x40
 337 017a F4000000 		.4byte	0xf4
 338 017e 24       		.byte	0x24
 339 017f 08       		.uleb128 0x8
 340 0180 0A040000 		.4byte	.LASF32
 341 0184 04       		.byte	0x4
 342 0185 43       		.byte	0x43
 343 0186 C8000000 		.4byte	0xc8
 344 018a 28       		.byte	0x28
 345 018b 08       		.uleb128 0x8
 346 018c 4D000000 		.4byte	.LASF33
 347 0190 04       		.byte	0x4
 348 0191 44       		.byte	0x44
 349 0192 C8000000 		.4byte	0xc8
 350 0196 29       		.byte	0x29
 351 0197 08       		.uleb128 0x8
 352 0198 B6070000 		.4byte	.LASF34
 353 019c 04       		.byte	0x4
 354 019d 45       		.byte	0x45
 355 019e C8000000 		.4byte	0xc8
 356 01a2 2A       		.byte	0x2a
 357 01a3 08       		.uleb128 0x8
ARM GAS  C:\Users\cmila\AppData\Local\Temp\ccXRbYXU.s 			page 10


 358 01a4 9E040000 		.4byte	.LASF35
 359 01a8 04       		.byte	0x4
 360 01a9 46       		.byte	0x46
 361 01aa C8000000 		.4byte	0xc8
 362 01ae 2B       		.byte	0x2b
 363 01af 08       		.uleb128 0x8
 364 01b0 99030000 		.4byte	.LASF36
 365 01b4 04       		.byte	0x4
 366 01b5 47       		.byte	0x47
 367 01b6 C8000000 		.4byte	0xc8
 368 01ba 2C       		.byte	0x2c
 369 01bb 08       		.uleb128 0x8
 370 01bc 95060000 		.4byte	.LASF37
 371 01c0 04       		.byte	0x4
 372 01c1 48       		.byte	0x48
 373 01c2 C8000000 		.4byte	0xc8
 374 01c6 2D       		.byte	0x2d
 375 01c7 08       		.uleb128 0x8
 376 01c8 92010000 		.4byte	.LASF38
 377 01cc 04       		.byte	0x4
 378 01cd 49       		.byte	0x49
 379 01ce C8000000 		.4byte	0xc8
 380 01d2 2E       		.byte	0x2e
 381 01d3 08       		.uleb128 0x8
 382 01d4 17040000 		.4byte	.LASF39
 383 01d8 04       		.byte	0x4
 384 01d9 4A       		.byte	0x4a
 385 01da C8000000 		.4byte	0xc8
 386 01de 2F       		.byte	0x2f
 387 01df 08       		.uleb128 0x8
 388 01e0 53060000 		.4byte	.LASF40
 389 01e4 04       		.byte	0x4
 390 01e5 4B       		.byte	0x4b
 391 01e6 C8000000 		.4byte	0xc8
 392 01ea 30       		.byte	0x30
 393 01eb 08       		.uleb128 0x8
 394 01ec 47030000 		.4byte	.LASF41
 395 01f0 04       		.byte	0x4
 396 01f1 4E       		.byte	0x4e
 397 01f2 C8000000 		.4byte	0xc8
 398 01f6 31       		.byte	0x31
 399 01f7 08       		.uleb128 0x8
 400 01f8 70000000 		.4byte	.LASF42
 401 01fc 04       		.byte	0x4
 402 01fd 4F       		.byte	0x4f
 403 01fe C8000000 		.4byte	0xc8
 404 0202 32       		.byte	0x32
 405 0203 08       		.uleb128 0x8
 406 0204 01030000 		.4byte	.LASF43
 407 0208 04       		.byte	0x4
 408 0209 50       		.byte	0x50
 409 020a C8000000 		.4byte	0xc8
 410 020e 33       		.byte	0x33
 411 020f 08       		.uleb128 0x8
 412 0210 4C040000 		.4byte	.LASF44
 413 0214 04       		.byte	0x4
 414 0215 51       		.byte	0x51
ARM GAS  C:\Users\cmila\AppData\Local\Temp\ccXRbYXU.s 			page 11


 415 0216 C8000000 		.4byte	0xc8
 416 021a 34       		.byte	0x34
 417 021b 08       		.uleb128 0x8
 418 021c E0060000 		.4byte	.LASF45
 419 0220 04       		.byte	0x4
 420 0221 52       		.byte	0x52
 421 0222 D3000000 		.4byte	0xd3
 422 0226 36       		.byte	0x36
 423 0227 08       		.uleb128 0x8
 424 0228 ED010000 		.4byte	.LASF46
 425 022c 04       		.byte	0x4
 426 022d 53       		.byte	0x53
 427 022e D3000000 		.4byte	0xd3
 428 0232 38       		.byte	0x38
 429 0233 08       		.uleb128 0x8
 430 0234 FE060000 		.4byte	.LASF47
 431 0238 04       		.byte	0x4
 432 0239 54       		.byte	0x54
 433 023a D3000000 		.4byte	0xd3
 434 023e 3A       		.byte	0x3a
 435 023f 08       		.uleb128 0x8
 436 0240 6B070000 		.4byte	.LASF48
 437 0244 04       		.byte	0x4
 438 0245 55       		.byte	0x55
 439 0246 C8000000 		.4byte	0xc8
 440 024a 3C       		.byte	0x3c
 441 024b 08       		.uleb128 0x8
 442 024c 14020000 		.4byte	.LASF49
 443 0250 04       		.byte	0x4
 444 0251 56       		.byte	0x56
 445 0252 C8000000 		.4byte	0xc8
 446 0256 3D       		.byte	0x3d
 447 0257 08       		.uleb128 0x8
 448 0258 1B060000 		.4byte	.LASF50
 449 025c 04       		.byte	0x4
 450 025d 57       		.byte	0x57
 451 025e C8000000 		.4byte	0xc8
 452 0262 3E       		.byte	0x3e
 453 0263 08       		.uleb128 0x8
 454 0264 5B000000 		.4byte	.LASF51
 455 0268 04       		.byte	0x4
 456 0269 58       		.byte	0x58
 457 026a C8000000 		.4byte	0xc8
 458 026e 3F       		.byte	0x3f
 459 026f 08       		.uleb128 0x8
 460 0270 B7040000 		.4byte	.LASF52
 461 0274 04       		.byte	0x4
 462 0275 59       		.byte	0x59
 463 0276 C8000000 		.4byte	0xc8
 464 027a 40       		.byte	0x40
 465 027b 08       		.uleb128 0x8
 466 027c 5E020000 		.4byte	.LASF53
 467 0280 04       		.byte	0x4
 468 0281 5A       		.byte	0x5a
 469 0282 C8000000 		.4byte	0xc8
 470 0286 41       		.byte	0x41
 471 0287 08       		.uleb128 0x8
ARM GAS  C:\Users\cmila\AppData\Local\Temp\ccXRbYXU.s 			page 12


 472 0288 B5030000 		.4byte	.LASF54
 473 028c 04       		.byte	0x4
 474 028d 5B       		.byte	0x5b
 475 028e C8000000 		.4byte	0xc8
 476 0292 42       		.byte	0x42
 477 0293 08       		.uleb128 0x8
 478 0294 93040000 		.4byte	.LASF55
 479 0298 04       		.byte	0x4
 480 0299 5C       		.byte	0x5c
 481 029a C8000000 		.4byte	0xc8
 482 029e 43       		.byte	0x43
 483 029f 08       		.uleb128 0x8
 484 02a0 DC010000 		.4byte	.LASF56
 485 02a4 04       		.byte	0x4
 486 02a5 5D       		.byte	0x5d
 487 02a6 C8000000 		.4byte	0xc8
 488 02aa 44       		.byte	0x44
 489 02ab 08       		.uleb128 0x8
 490 02ac 00000000 		.4byte	.LASF57
 491 02b0 04       		.byte	0x4
 492 02b1 5E       		.byte	0x5e
 493 02b2 F4000000 		.4byte	0xf4
 494 02b6 48       		.byte	0x48
 495 02b7 08       		.uleb128 0x8
 496 02b8 C5010000 		.4byte	.LASF58
 497 02bc 04       		.byte	0x4
 498 02bd 5F       		.byte	0x5f
 499 02be F4000000 		.4byte	0xf4
 500 02c2 4C       		.byte	0x4c
 501 02c3 08       		.uleb128 0x8
 502 02c4 F0070000 		.4byte	.LASF59
 503 02c8 04       		.byte	0x4
 504 02c9 60       		.byte	0x60
 505 02ca C8000000 		.4byte	0xc8
 506 02ce 50       		.byte	0x50
 507 02cf 08       		.uleb128 0x8
 508 02d0 1E010000 		.4byte	.LASF60
 509 02d4 04       		.byte	0x4
 510 02d5 61       		.byte	0x61
 511 02d6 C8000000 		.4byte	0xc8
 512 02da 51       		.byte	0x51
 513 02db 08       		.uleb128 0x8
 514 02dc 13070000 		.4byte	.LASF61
 515 02e0 04       		.byte	0x4
 516 02e1 62       		.byte	0x62
 517 02e2 C8000000 		.4byte	0xc8
 518 02e6 52       		.byte	0x52
 519 02e7 08       		.uleb128 0x8
 520 02e8 DE070000 		.4byte	.LASF62
 521 02ec 04       		.byte	0x4
 522 02ed 63       		.byte	0x63
 523 02ee C8000000 		.4byte	0xc8
 524 02f2 53       		.byte	0x53
 525 02f3 08       		.uleb128 0x8
 526 02f4 29060000 		.4byte	.LASF63
 527 02f8 04       		.byte	0x4
 528 02f9 64       		.byte	0x64
ARM GAS  C:\Users\cmila\AppData\Local\Temp\ccXRbYXU.s 			page 13


 529 02fa C8000000 		.4byte	0xc8
 530 02fe 54       		.byte	0x54
 531 02ff 08       		.uleb128 0x8
 532 0300 30010000 		.4byte	.LASF64
 533 0304 04       		.byte	0x4
 534 0305 65       		.byte	0x65
 535 0306 C8000000 		.4byte	0xc8
 536 030a 55       		.byte	0x55
 537 030b 08       		.uleb128 0x8
 538 030c A2060000 		.4byte	.LASF65
 539 0310 04       		.byte	0x4
 540 0311 66       		.byte	0x66
 541 0312 C8000000 		.4byte	0xc8
 542 0316 56       		.byte	0x56
 543 0317 08       		.uleb128 0x8
 544 0318 5B030000 		.4byte	.LASF66
 545 031c 04       		.byte	0x4
 546 031d 67       		.byte	0x67
 547 031e C8000000 		.4byte	0xc8
 548 0322 57       		.byte	0x57
 549 0323 08       		.uleb128 0x8
 550 0324 12000000 		.4byte	.LASF67
 551 0328 04       		.byte	0x4
 552 0329 68       		.byte	0x68
 553 032a C8000000 		.4byte	0xc8
 554 032e 58       		.byte	0x58
 555 032f 08       		.uleb128 0x8
 556 0330 DE050000 		.4byte	.LASF68
 557 0334 04       		.byte	0x4
 558 0335 69       		.byte	0x69
 559 0336 C8000000 		.4byte	0xc8
 560 033a 59       		.byte	0x59
 561 033b 08       		.uleb128 0x8
 562 033c 41040000 		.4byte	.LASF69
 563 0340 04       		.byte	0x4
 564 0341 6E       		.byte	0x6e
 565 0342 DE000000 		.4byte	0xde
 566 0346 5A       		.byte	0x5a
 567 0347 08       		.uleb128 0x8
 568 0348 C9060000 		.4byte	.LASF70
 569 034c 04       		.byte	0x4
 570 034d 6F       		.byte	0x6f
 571 034e DE000000 		.4byte	0xde
 572 0352 5C       		.byte	0x5c
 573 0353 08       		.uleb128 0x8
 574 0354 BE000000 		.4byte	.LASF71
 575 0358 04       		.byte	0x4
 576 0359 70       		.byte	0x70
 577 035a C8000000 		.4byte	0xc8
 578 035e 5E       		.byte	0x5e
 579 035f 08       		.uleb128 0x8
 580 0360 A4050000 		.4byte	.LASF72
 581 0364 04       		.byte	0x4
 582 0365 71       		.byte	0x71
 583 0366 C8000000 		.4byte	0xc8
 584 036a 5F       		.byte	0x5f
 585 036b 08       		.uleb128 0x8
ARM GAS  C:\Users\cmila\AppData\Local\Temp\ccXRbYXU.s 			page 14


 586 036c 82040000 		.4byte	.LASF73
 587 0370 04       		.byte	0x4
 588 0371 72       		.byte	0x72
 589 0372 C8000000 		.4byte	0xc8
 590 0376 60       		.byte	0x60
 591 0377 08       		.uleb128 0x8
 592 0378 7D050000 		.4byte	.LASF74
 593 037c 04       		.byte	0x4
 594 037d 73       		.byte	0x73
 595 037e F4000000 		.4byte	0xf4
 596 0382 64       		.byte	0x64
 597 0383 08       		.uleb128 0x8
 598 0384 E4000000 		.4byte	.LASF75
 599 0388 04       		.byte	0x4
 600 0389 76       		.byte	0x76
 601 038a DE000000 		.4byte	0xde
 602 038e 68       		.byte	0x68
 603 038f 08       		.uleb128 0x8
 604 0390 23030000 		.4byte	.LASF76
 605 0394 04       		.byte	0x4
 606 0395 77       		.byte	0x77
 607 0396 DE000000 		.4byte	0xde
 608 039a 6A       		.byte	0x6a
 609 039b 08       		.uleb128 0x8
 610 039c 6F030000 		.4byte	.LASF77
 611 03a0 04       		.byte	0x4
 612 03a1 78       		.byte	0x78
 613 03a2 DE000000 		.4byte	0xde
 614 03a6 6C       		.byte	0x6c
 615 03a7 08       		.uleb128 0x8
 616 03a8 8C030000 		.4byte	.LASF78
 617 03ac 04       		.byte	0x4
 618 03ad 79       		.byte	0x79
 619 03ae DE000000 		.4byte	0xde
 620 03b2 6E       		.byte	0x6e
 621 03b3 08       		.uleb128 0x8
 622 03b4 FC050000 		.4byte	.LASF79
 623 03b8 04       		.byte	0x4
 624 03b9 7B       		.byte	0x7b
 625 03ba C8000000 		.4byte	0xc8
 626 03be 70       		.byte	0x70
 627 03bf 08       		.uleb128 0x8
 628 03c0 66010000 		.4byte	.LASF80
 629 03c4 04       		.byte	0x4
 630 03c5 7C       		.byte	0x7c
 631 03c6 C8000000 		.4byte	0xc8
 632 03ca 71       		.byte	0x71
 633 03cb 08       		.uleb128 0x8
 634 03cc C8070000 		.4byte	.LASF81
 635 03d0 04       		.byte	0x4
 636 03d1 7D       		.byte	0x7d
 637 03d2 C8000000 		.4byte	0xc8
 638 03d6 72       		.byte	0x72
 639 03d7 08       		.uleb128 0x8
 640 03d8 5D040000 		.4byte	.LASF82
 641 03dc 04       		.byte	0x4
 642 03dd 7E       		.byte	0x7e
ARM GAS  C:\Users\cmila\AppData\Local\Temp\ccXRbYXU.s 			page 15


 643 03de C8000000 		.4byte	0xc8
 644 03e2 73       		.byte	0x73
 645 03e3 08       		.uleb128 0x8
 646 03e4 2D020000 		.4byte	.LASF83
 647 03e8 04       		.byte	0x4
 648 03e9 80       		.byte	0x80
 649 03ea DE000000 		.4byte	0xde
 650 03ee 74       		.byte	0x74
 651 03ef 08       		.uleb128 0x8
 652 03f0 78060000 		.4byte	.LASF84
 653 03f4 04       		.byte	0x4
 654 03f5 81       		.byte	0x81
 655 03f6 DE000000 		.4byte	0xde
 656 03fa 76       		.byte	0x76
 657 03fb 08       		.uleb128 0x8
 658 03fc FF010000 		.4byte	.LASF85
 659 0400 04       		.byte	0x4
 660 0401 82       		.byte	0x82
 661 0402 DE000000 		.4byte	0xde
 662 0406 78       		.byte	0x78
 663 0407 08       		.uleb128 0x8
 664 0408 88000000 		.4byte	.LASF86
 665 040c 04       		.byte	0x4
 666 040d 83       		.byte	0x83
 667 040e DE000000 		.4byte	0xde
 668 0412 7A       		.byte	0x7a
 669 0413 08       		.uleb128 0x8
 670 0414 40070000 		.4byte	.LASF87
 671 0418 04       		.byte	0x4
 672 0419 86       		.byte	0x86
 673 041a C8000000 		.4byte	0xc8
 674 041e 7C       		.byte	0x7c
 675 041f 08       		.uleb128 0x8
 676 0420 ED060000 		.4byte	.LASF88
 677 0424 04       		.byte	0x4
 678 0425 87       		.byte	0x87
 679 0426 C8000000 		.4byte	0xc8
 680 042a 7D       		.byte	0x7d
 681 042b 08       		.uleb128 0x8
 682 042c 26000000 		.4byte	.LASF89
 683 0430 04       		.byte	0x4
 684 0431 88       		.byte	0x88
 685 0432 C8000000 		.4byte	0xc8
 686 0436 7E       		.byte	0x7e
 687 0437 08       		.uleb128 0x8
 688 0438 3F020000 		.4byte	.LASF90
 689 043c 04       		.byte	0x4
 690 043d 89       		.byte	0x89
 691 043e C8000000 		.4byte	0xc8
 692 0442 7F       		.byte	0x7f
 693 0443 08       		.uleb128 0x8
 694 0444 ED020000 		.4byte	.LASF91
 695 0448 04       		.byte	0x4
 696 0449 8A       		.byte	0x8a
 697 044a C8000000 		.4byte	0xc8
 698 044e 80       		.byte	0x80
 699 044f 08       		.uleb128 0x8
ARM GAS  C:\Users\cmila\AppData\Local\Temp\ccXRbYXU.s 			page 16


 700 0450 EC030000 		.4byte	.LASF92
 701 0454 04       		.byte	0x4
 702 0455 8D       		.byte	0x8d
 703 0456 F4000000 		.4byte	0xf4
 704 045a 84       		.byte	0x84
 705 045b 08       		.uleb128 0x8
 706 045c 9D000000 		.4byte	.LASF93
 707 0460 04       		.byte	0x4
 708 0461 8E       		.byte	0x8e
 709 0462 F4000000 		.4byte	0xf4
 710 0466 88       		.byte	0x88
 711 0467 08       		.uleb128 0x8
 712 0468 2B070000 		.4byte	.LASF94
 713 046c 04       		.byte	0x4
 714 046d 8F       		.byte	0x8f
 715 046e F4000000 		.4byte	0xf4
 716 0472 8C       		.byte	0x8c
 717 0473 08       		.uleb128 0x8
 718 0474 23040000 		.4byte	.LASF95
 719 0478 04       		.byte	0x4
 720 0479 90       		.byte	0x90
 721 047a F4000000 		.4byte	0xf4
 722 047e 90       		.byte	0x90
 723 047f 08       		.uleb128 0x8
 724 0480 D8020000 		.4byte	.LASF96
 725 0484 04       		.byte	0x4
 726 0485 91       		.byte	0x91
 727 0486 F4000000 		.4byte	0xf4
 728 048a 94       		.byte	0x94
 729 048b 08       		.uleb128 0x8
 730 048c D6030000 		.4byte	.LASF97
 731 0490 04       		.byte	0x4
 732 0491 92       		.byte	0x92
 733 0492 F4000000 		.4byte	0xf4
 734 0496 98       		.byte	0x98
 735 0497 08       		.uleb128 0x8
 736 0498 55070000 		.4byte	.LASF98
 737 049c 04       		.byte	0x4
 738 049d 93       		.byte	0x93
 739 049e F4000000 		.4byte	0xf4
 740 04a2 9C       		.byte	0x9c
 741 04a3 08       		.uleb128 0x8
 742 04a4 F4000000 		.4byte	.LASF99
 743 04a8 04       		.byte	0x4
 744 04a9 94       		.byte	0x94
 745 04aa F4000000 		.4byte	0xf4
 746 04ae A0       		.byte	0xa0
 747 04af 08       		.uleb128 0x8
 748 04b0 9D010000 		.4byte	.LASF100
 749 04b4 04       		.byte	0x4
 750 04b5 95       		.byte	0x95
 751 04b6 DE000000 		.4byte	0xde
 752 04ba A4       		.byte	0xa4
 753 04bb 08       		.uleb128 0x8
 754 04bc C1030000 		.4byte	.LASF101
 755 04c0 04       		.byte	0x4
 756 04c1 96       		.byte	0x96
ARM GAS  C:\Users\cmila\AppData\Local\Temp\ccXRbYXU.s 			page 17


 757 04c2 DE000000 		.4byte	0xde
 758 04c6 A6       		.byte	0xa6
 759 04c7 08       		.uleb128 0x8
 760 04c8 98050000 		.4byte	.LASF102
 761 04cc 04       		.byte	0x4
 762 04cd 97       		.byte	0x97
 763 04ce DE000000 		.4byte	0xde
 764 04d2 A8       		.byte	0xa8
 765 04d3 08       		.uleb128 0x8
 766 04d4 5F060000 		.4byte	.LASF103
 767 04d8 04       		.byte	0x4
 768 04d9 98       		.byte	0x98
 769 04da DE000000 		.4byte	0xde
 770 04de AA       		.byte	0xaa
 771 04df 08       		.uleb128 0x8
 772 04e0 7E030000 		.4byte	.LASF104
 773 04e4 04       		.byte	0x4
 774 04e5 99       		.byte	0x99
 775 04e6 DE000000 		.4byte	0xde
 776 04ea AC       		.byte	0xac
 777 04eb 08       		.uleb128 0x8
 778 04ec 74040000 		.4byte	.LASF105
 779 04f0 04       		.byte	0x4
 780 04f1 9A       		.byte	0x9a
 781 04f2 DE000000 		.4byte	0xde
 782 04f6 AE       		.byte	0xae
 783 04f7 08       		.uleb128 0x8
 784 04f8 D2060000 		.4byte	.LASF106
 785 04fc 04       		.byte	0x4
 786 04fd 9D       		.byte	0x9d
 787 04fe DE000000 		.4byte	0xde
 788 0502 B0       		.byte	0xb0
 789 0503 08       		.uleb128 0x8
 790 0504 39000000 		.4byte	.LASF107
 791 0508 04       		.byte	0x4
 792 0509 9E       		.byte	0x9e
 793 050a F4000000 		.4byte	0xf4
 794 050e B4       		.byte	0xb4
 795 050f 00       		.byte	0
 796 0510 03       		.uleb128 0x3
 797 0511 A5030000 		.4byte	.LASF108
 798 0515 04       		.byte	0x4
 799 0516 9F       		.byte	0x9f
 800 0517 FF000000 		.4byte	0xff
 801 051b 02       		.uleb128 0x2
 802 051c 04       		.byte	0x4
 803 051d 04       		.byte	0x4
 804 051e 77050000 		.4byte	.LASF109
 805 0522 02       		.uleb128 0x2
 806 0523 08       		.byte	0x8
 807 0524 04       		.byte	0x4
 808 0525 F8010000 		.4byte	.LASF110
 809 0529 02       		.uleb128 0x2
 810 052a 01       		.byte	0x1
 811 052b 02       		.byte	0x2
 812 052c C2050000 		.4byte	.LASF111
 813 0530 09       		.uleb128 0x9
ARM GAS  C:\Users\cmila\AppData\Local\Temp\ccXRbYXU.s 			page 18


 814 0531 03040000 		.4byte	.LASF112
 815 0535 01       		.byte	0x1
 816 0536 4F       		.byte	0x4f
 817 0537 94000000 		.4byte	0x94
 818 053b 00000000 		.4byte	.LFB243
 819 053f 22000000 		.4byte	.LFE243-.LFB243
 820 0543 01       		.uleb128 0x1
 821 0544 9C       		.byte	0x9c
 822 0545 8E050000 		.4byte	0x58e
 823 0549 0A       		.uleb128 0xa
 824 054a 666400   		.ascii	"fd\000"
 825 054d 01       		.byte	0x1
 826 054e 4F       		.byte	0x4f
 827 054f 94000000 		.4byte	0x94
 828 0553 00000000 		.4byte	.LLST0
 829 0557 0A       		.uleb128 0xa
 830 0558 70747200 		.ascii	"ptr\000"
 831 055c 01       		.byte	0x1
 832 055d 4F       		.byte	0x4f
 833 055e BD000000 		.4byte	0xbd
 834 0562 3A000000 		.4byte	.LLST1
 835 0566 0A       		.uleb128 0xa
 836 0567 6C656E00 		.ascii	"len\000"
 837 056b 01       		.byte	0x1
 838 056c 4F       		.byte	0x4f
 839 056d 94000000 		.4byte	0x94
 840 0571 86000000 		.4byte	.LLST2
 841 0575 0B       		.uleb128 0xb
 842 0576 17010000 		.4byte	.LASF114
 843 057a 01       		.byte	0x1
 844 057b 51       		.byte	0x51
 845 057c 94000000 		.4byte	0x94
 846 0580 C8000000 		.4byte	.LLST3
 847 0584 0C       		.uleb128 0xc
 848 0585 10000000 		.4byte	.LVL4
 849 0589 13060000 		.4byte	0x613
 850 058d 00       		.byte	0
 851 058e 09       		.uleb128 0x9
 852 058f D2020000 		.4byte	.LASF113
 853 0593 01       		.byte	0x1
 854 0594 85       		.byte	0x85
 855 0595 94000000 		.4byte	0x94
 856 0599 00000000 		.4byte	.LFB244
 857 059d 2C000000 		.4byte	.LFE244-.LFB244
 858 05a1 01       		.uleb128 0x1
 859 05a2 9C       		.byte	0x9c
 860 05a3 EC050000 		.4byte	0x5ec
 861 05a7 0A       		.uleb128 0xa
 862 05a8 666400   		.ascii	"fd\000"
 863 05ab 01       		.byte	0x1
 864 05ac 85       		.byte	0x85
 865 05ad 94000000 		.4byte	0x94
 866 05b1 FE000000 		.4byte	.LLST4
 867 05b5 0A       		.uleb128 0xa
 868 05b6 70747200 		.ascii	"ptr\000"
 869 05ba 01       		.byte	0x1
 870 05bb 85       		.byte	0x85
ARM GAS  C:\Users\cmila\AppData\Local\Temp\ccXRbYXU.s 			page 19


 871 05bc B0000000 		.4byte	0xb0
 872 05c0 38010000 		.4byte	.LLST5
 873 05c4 0A       		.uleb128 0xa
 874 05c5 6C656E00 		.ascii	"len\000"
 875 05c9 01       		.byte	0x1
 876 05ca 85       		.byte	0x85
 877 05cb 94000000 		.4byte	0x94
 878 05cf 6C010000 		.4byte	.LLST6
 879 05d3 0B       		.uleb128 0xb
 880 05d4 17010000 		.4byte	.LASF114
 881 05d8 01       		.byte	0x1
 882 05d9 87       		.byte	0x87
 883 05da 94000000 		.4byte	0x94
 884 05de AE010000 		.4byte	.LLST7
 885 05e2 0C       		.uleb128 0xc
 886 05e3 0C000000 		.4byte	.LVL12
 887 05e7 1E060000 		.4byte	0x61e
 888 05eb 00       		.byte	0
 889 05ec 0D       		.uleb128 0xd
 890 05ed 0A010000 		.4byte	.LASF115
 891 05f1 05       		.byte	0x5
 892 05f2 F907     		.2byte	0x7f9
 893 05f4 F8050000 		.4byte	0x5f8
 894 05f8 0E       		.uleb128 0xe
 895 05f9 E9000000 		.4byte	0xe9
 896 05fd 0F       		.uleb128 0xf
 897 05fe 8E050000 		.4byte	.LASF116
 898 0602 04       		.byte	0x4
 899 0603 A7       		.byte	0xa7
 900 0604 08060000 		.4byte	0x608
 901 0608 05       		.uleb128 0x5
 902 0609 04       		.byte	0x4
 903 060a 0E060000 		.4byte	0x60e
 904 060e 06       		.uleb128 0x6
 905 060f 10050000 		.4byte	0x510
 906 0613 10       		.uleb128 0x10
 907 0614 1F020000 		.4byte	.LASF117
 908 0618 1F020000 		.4byte	.LASF117
 909 061c 06       		.byte	0x6
 910 061d B9       		.byte	0xb9
 911 061e 10       		.uleb128 0x10
 912 061f 7B010000 		.4byte	.LASF118
 913 0623 7B010000 		.4byte	.LASF118
 914 0627 06       		.byte	0x6
 915 0628 BD       		.byte	0xbd
 916 0629 00       		.byte	0
 917              		.section	.debug_abbrev,"",%progbits
 918              	.Ldebug_abbrev0:
 919 0000 01       		.uleb128 0x1
 920 0001 11       		.uleb128 0x11
 921 0002 01       		.byte	0x1
 922 0003 25       		.uleb128 0x25
 923 0004 0E       		.uleb128 0xe
 924 0005 13       		.uleb128 0x13
 925 0006 0B       		.uleb128 0xb
 926 0007 03       		.uleb128 0x3
 927 0008 0E       		.uleb128 0xe
ARM GAS  C:\Users\cmila\AppData\Local\Temp\ccXRbYXU.s 			page 20


 928 0009 1B       		.uleb128 0x1b
 929 000a 0E       		.uleb128 0xe
 930 000b 55       		.uleb128 0x55
 931 000c 17       		.uleb128 0x17
 932 000d 11       		.uleb128 0x11
 933 000e 01       		.uleb128 0x1
 934 000f 10       		.uleb128 0x10
 935 0010 17       		.uleb128 0x17
 936 0011 00       		.byte	0
 937 0012 00       		.byte	0
 938 0013 02       		.uleb128 0x2
 939 0014 24       		.uleb128 0x24
 940 0015 00       		.byte	0
 941 0016 0B       		.uleb128 0xb
 942 0017 0B       		.uleb128 0xb
 943 0018 3E       		.uleb128 0x3e
 944 0019 0B       		.uleb128 0xb
 945 001a 03       		.uleb128 0x3
 946 001b 0E       		.uleb128 0xe
 947 001c 00       		.byte	0
 948 001d 00       		.byte	0
 949 001e 03       		.uleb128 0x3
 950 001f 16       		.uleb128 0x16
 951 0020 00       		.byte	0
 952 0021 03       		.uleb128 0x3
 953 0022 0E       		.uleb128 0xe
 954 0023 3A       		.uleb128 0x3a
 955 0024 0B       		.uleb128 0xb
 956 0025 3B       		.uleb128 0x3b
 957 0026 0B       		.uleb128 0xb
 958 0027 49       		.uleb128 0x49
 959 0028 13       		.uleb128 0x13
 960 0029 00       		.byte	0
 961 002a 00       		.byte	0
 962 002b 04       		.uleb128 0x4
 963 002c 24       		.uleb128 0x24
 964 002d 00       		.byte	0
 965 002e 0B       		.uleb128 0xb
 966 002f 0B       		.uleb128 0xb
 967 0030 3E       		.uleb128 0x3e
 968 0031 0B       		.uleb128 0xb
 969 0032 03       		.uleb128 0x3
 970 0033 08       		.uleb128 0x8
 971 0034 00       		.byte	0
 972 0035 00       		.byte	0
 973 0036 05       		.uleb128 0x5
 974 0037 0F       		.uleb128 0xf
 975 0038 00       		.byte	0
 976 0039 0B       		.uleb128 0xb
 977 003a 0B       		.uleb128 0xb
 978 003b 49       		.uleb128 0x49
 979 003c 13       		.uleb128 0x13
 980 003d 00       		.byte	0
 981 003e 00       		.byte	0
 982 003f 06       		.uleb128 0x6
 983 0040 26       		.uleb128 0x26
 984 0041 00       		.byte	0
ARM GAS  C:\Users\cmila\AppData\Local\Temp\ccXRbYXU.s 			page 21


 985 0042 49       		.uleb128 0x49
 986 0043 13       		.uleb128 0x13
 987 0044 00       		.byte	0
 988 0045 00       		.byte	0
 989 0046 07       		.uleb128 0x7
 990 0047 13       		.uleb128 0x13
 991 0048 01       		.byte	0x1
 992 0049 0B       		.uleb128 0xb
 993 004a 0B       		.uleb128 0xb
 994 004b 3A       		.uleb128 0x3a
 995 004c 0B       		.uleb128 0xb
 996 004d 3B       		.uleb128 0x3b
 997 004e 0B       		.uleb128 0xb
 998 004f 01       		.uleb128 0x1
 999 0050 13       		.uleb128 0x13
 1000 0051 00       		.byte	0
 1001 0052 00       		.byte	0
 1002 0053 08       		.uleb128 0x8
 1003 0054 0D       		.uleb128 0xd
 1004 0055 00       		.byte	0
 1005 0056 03       		.uleb128 0x3
 1006 0057 0E       		.uleb128 0xe
 1007 0058 3A       		.uleb128 0x3a
 1008 0059 0B       		.uleb128 0xb
 1009 005a 3B       		.uleb128 0x3b
 1010 005b 0B       		.uleb128 0xb
 1011 005c 49       		.uleb128 0x49
 1012 005d 13       		.uleb128 0x13
 1013 005e 38       		.uleb128 0x38
 1014 005f 0B       		.uleb128 0xb
 1015 0060 00       		.byte	0
 1016 0061 00       		.byte	0
 1017 0062 09       		.uleb128 0x9
 1018 0063 2E       		.uleb128 0x2e
 1019 0064 01       		.byte	0x1
 1020 0065 3F       		.uleb128 0x3f
 1021 0066 19       		.uleb128 0x19
 1022 0067 03       		.uleb128 0x3
 1023 0068 0E       		.uleb128 0xe
 1024 0069 3A       		.uleb128 0x3a
 1025 006a 0B       		.uleb128 0xb
 1026 006b 3B       		.uleb128 0x3b
 1027 006c 0B       		.uleb128 0xb
 1028 006d 27       		.uleb128 0x27
 1029 006e 19       		.uleb128 0x19
 1030 006f 49       		.uleb128 0x49
 1031 0070 13       		.uleb128 0x13
 1032 0071 11       		.uleb128 0x11
 1033 0072 01       		.uleb128 0x1
 1034 0073 12       		.uleb128 0x12
 1035 0074 06       		.uleb128 0x6
 1036 0075 40       		.uleb128 0x40
 1037 0076 18       		.uleb128 0x18
 1038 0077 9742     		.uleb128 0x2117
 1039 0079 19       		.uleb128 0x19
 1040 007a 01       		.uleb128 0x1
 1041 007b 13       		.uleb128 0x13
ARM GAS  C:\Users\cmila\AppData\Local\Temp\ccXRbYXU.s 			page 22


 1042 007c 00       		.byte	0
 1043 007d 00       		.byte	0
 1044 007e 0A       		.uleb128 0xa
 1045 007f 05       		.uleb128 0x5
 1046 0080 00       		.byte	0
 1047 0081 03       		.uleb128 0x3
 1048 0082 08       		.uleb128 0x8
 1049 0083 3A       		.uleb128 0x3a
 1050 0084 0B       		.uleb128 0xb
 1051 0085 3B       		.uleb128 0x3b
 1052 0086 0B       		.uleb128 0xb
 1053 0087 49       		.uleb128 0x49
 1054 0088 13       		.uleb128 0x13
 1055 0089 02       		.uleb128 0x2
 1056 008a 17       		.uleb128 0x17
 1057 008b 00       		.byte	0
 1058 008c 00       		.byte	0
 1059 008d 0B       		.uleb128 0xb
 1060 008e 34       		.uleb128 0x34
 1061 008f 00       		.byte	0
 1062 0090 03       		.uleb128 0x3
 1063 0091 0E       		.uleb128 0xe
 1064 0092 3A       		.uleb128 0x3a
 1065 0093 0B       		.uleb128 0xb
 1066 0094 3B       		.uleb128 0x3b
 1067 0095 0B       		.uleb128 0xb
 1068 0096 49       		.uleb128 0x49
 1069 0097 13       		.uleb128 0x13
 1070 0098 02       		.uleb128 0x2
 1071 0099 17       		.uleb128 0x17
 1072 009a 00       		.byte	0
 1073 009b 00       		.byte	0
 1074 009c 0C       		.uleb128 0xc
 1075 009d 898201   		.uleb128 0x4109
 1076 00a0 00       		.byte	0
 1077 00a1 11       		.uleb128 0x11
 1078 00a2 01       		.uleb128 0x1
 1079 00a3 31       		.uleb128 0x31
 1080 00a4 13       		.uleb128 0x13
 1081 00a5 00       		.byte	0
 1082 00a6 00       		.byte	0
 1083 00a7 0D       		.uleb128 0xd
 1084 00a8 34       		.uleb128 0x34
 1085 00a9 00       		.byte	0
 1086 00aa 03       		.uleb128 0x3
 1087 00ab 0E       		.uleb128 0xe
 1088 00ac 3A       		.uleb128 0x3a
 1089 00ad 0B       		.uleb128 0xb
 1090 00ae 3B       		.uleb128 0x3b
 1091 00af 05       		.uleb128 0x5
 1092 00b0 49       		.uleb128 0x49
 1093 00b1 13       		.uleb128 0x13
 1094 00b2 3F       		.uleb128 0x3f
 1095 00b3 19       		.uleb128 0x19
 1096 00b4 3C       		.uleb128 0x3c
 1097 00b5 19       		.uleb128 0x19
 1098 00b6 00       		.byte	0
ARM GAS  C:\Users\cmila\AppData\Local\Temp\ccXRbYXU.s 			page 23


 1099 00b7 00       		.byte	0
 1100 00b8 0E       		.uleb128 0xe
 1101 00b9 35       		.uleb128 0x35
 1102 00ba 00       		.byte	0
 1103 00bb 49       		.uleb128 0x49
 1104 00bc 13       		.uleb128 0x13
 1105 00bd 00       		.byte	0
 1106 00be 00       		.byte	0
 1107 00bf 0F       		.uleb128 0xf
 1108 00c0 34       		.uleb128 0x34
 1109 00c1 00       		.byte	0
 1110 00c2 03       		.uleb128 0x3
 1111 00c3 0E       		.uleb128 0xe
 1112 00c4 3A       		.uleb128 0x3a
 1113 00c5 0B       		.uleb128 0xb
 1114 00c6 3B       		.uleb128 0x3b
 1115 00c7 0B       		.uleb128 0xb
 1116 00c8 49       		.uleb128 0x49
 1117 00c9 13       		.uleb128 0x13
 1118 00ca 3F       		.uleb128 0x3f
 1119 00cb 19       		.uleb128 0x19
 1120 00cc 3C       		.uleb128 0x3c
 1121 00cd 19       		.uleb128 0x19
 1122 00ce 00       		.byte	0
 1123 00cf 00       		.byte	0
 1124 00d0 10       		.uleb128 0x10
 1125 00d1 2E       		.uleb128 0x2e
 1126 00d2 00       		.byte	0
 1127 00d3 3F       		.uleb128 0x3f
 1128 00d4 19       		.uleb128 0x19
 1129 00d5 3C       		.uleb128 0x3c
 1130 00d6 19       		.uleb128 0x19
 1131 00d7 6E       		.uleb128 0x6e
 1132 00d8 0E       		.uleb128 0xe
 1133 00d9 03       		.uleb128 0x3
 1134 00da 0E       		.uleb128 0xe
 1135 00db 3A       		.uleb128 0x3a
 1136 00dc 0B       		.uleb128 0xb
 1137 00dd 3B       		.uleb128 0x3b
 1138 00de 0B       		.uleb128 0xb
 1139 00df 00       		.byte	0
 1140 00e0 00       		.byte	0
 1141 00e1 00       		.byte	0
 1142              		.section	.debug_loc,"",%progbits
 1143              	.Ldebug_loc0:
 1144              	.LLST0:
 1145 0000 00000000 		.4byte	.LVL0
 1146 0004 08000000 		.4byte	.LVL2
 1147 0008 0100     		.2byte	0x1
 1148 000a 50       		.byte	0x50
 1149 000b 08000000 		.4byte	.LVL2
 1150 000f 14000000 		.4byte	.LVL6
 1151 0013 0400     		.2byte	0x4
 1152 0015 F3       		.byte	0xf3
 1153 0016 01       		.uleb128 0x1
 1154 0017 50       		.byte	0x50
 1155 0018 9F       		.byte	0x9f
ARM GAS  C:\Users\cmila\AppData\Local\Temp\ccXRbYXU.s 			page 24


 1156 0019 14000000 		.4byte	.LVL6
 1157 001d 1A000000 		.4byte	.LVL7
 1158 0021 0100     		.2byte	0x1
 1159 0023 50       		.byte	0x50
 1160 0024 1A000000 		.4byte	.LVL7
 1161 0028 22000000 		.4byte	.LFE243
 1162 002c 0400     		.2byte	0x4
 1163 002e F3       		.byte	0xf3
 1164 002f 01       		.uleb128 0x1
 1165 0030 50       		.byte	0x50
 1166 0031 9F       		.byte	0x9f
 1167 0032 00000000 		.4byte	0
 1168 0036 00000000 		.4byte	0
 1169              	.LLST1:
 1170 003a 00000000 		.4byte	.LVL0
 1171 003e 08000000 		.4byte	.LVL2
 1172 0042 0100     		.2byte	0x1
 1173 0044 51       		.byte	0x51
 1174 0045 08000000 		.4byte	.LVL2
 1175 0049 0C000000 		.4byte	.LVL3
 1176 004d 0100     		.2byte	0x1
 1177 004f 55       		.byte	0x55
 1178 0050 0C000000 		.4byte	.LVL3
 1179 0054 10000000 		.4byte	.LVL4
 1180 0058 0300     		.2byte	0x3
 1181 005a 75       		.byte	0x75
 1182 005b 7F       		.sleb128 -1
 1183 005c 9F       		.byte	0x9f
 1184 005d 10000000 		.4byte	.LVL4
 1185 0061 14000000 		.4byte	.LVL6
 1186 0065 0100     		.2byte	0x1
 1187 0067 55       		.byte	0x55
 1188 0068 14000000 		.4byte	.LVL6
 1189 006c 1A000000 		.4byte	.LVL7
 1190 0070 0100     		.2byte	0x1
 1191 0072 51       		.byte	0x51
 1192 0073 1A000000 		.4byte	.LVL7
 1193 0077 1E000000 		.4byte	.LVL8
 1194 007b 0100     		.2byte	0x1
 1195 007d 55       		.byte	0x55
 1196 007e 00000000 		.4byte	0
 1197 0082 00000000 		.4byte	0
 1198              	.LLST2:
 1199 0086 00000000 		.4byte	.LVL0
 1200 008a 08000000 		.4byte	.LVL2
 1201 008e 0100     		.2byte	0x1
 1202 0090 52       		.byte	0x52
 1203 0091 08000000 		.4byte	.LVL2
 1204 0095 14000000 		.4byte	.LVL6
 1205 0099 0100     		.2byte	0x1
 1206 009b 56       		.byte	0x56
 1207 009c 14000000 		.4byte	.LVL6
 1208 00a0 1A000000 		.4byte	.LVL7
 1209 00a4 0100     		.2byte	0x1
 1210 00a6 52       		.byte	0x52
 1211 00a7 1A000000 		.4byte	.LVL7
 1212 00ab 1E000000 		.4byte	.LVL8
ARM GAS  C:\Users\cmila\AppData\Local\Temp\ccXRbYXU.s 			page 25


 1213 00af 0100     		.2byte	0x1
 1214 00b1 56       		.byte	0x56
 1215 00b2 1E000000 		.4byte	.LVL8
 1216 00b6 22000000 		.4byte	.LFE243
 1217 00ba 0400     		.2byte	0x4
 1218 00bc F3       		.byte	0xf3
 1219 00bd 01       		.uleb128 0x1
 1220 00be 52       		.byte	0x52
 1221 00bf 9F       		.byte	0x9f
 1222 00c0 00000000 		.4byte	0
 1223 00c4 00000000 		.4byte	0
 1224              	.LLST3:
 1225 00c8 02000000 		.4byte	.LVL1
 1226 00cc 08000000 		.4byte	.LVL2
 1227 00d0 0200     		.2byte	0x2
 1228 00d2 30       		.byte	0x30
 1229 00d3 9F       		.byte	0x9f
 1230 00d4 08000000 		.4byte	.LVL2
 1231 00d8 14000000 		.4byte	.LVL6
 1232 00dc 0100     		.2byte	0x1
 1233 00de 54       		.byte	0x54
 1234 00df 14000000 		.4byte	.LVL6
 1235 00e3 1A000000 		.4byte	.LVL7
 1236 00e7 0200     		.2byte	0x2
 1237 00e9 30       		.byte	0x30
 1238 00ea 9F       		.byte	0x9f
 1239 00eb 1A000000 		.4byte	.LVL7
 1240 00ef 22000000 		.4byte	.LFE243
 1241 00f3 0100     		.2byte	0x1
 1242 00f5 54       		.byte	0x54
 1243 00f6 00000000 		.4byte	0
 1244 00fa 00000000 		.4byte	0
 1245              	.LLST4:
 1246 00fe 00000000 		.4byte	.LVL9
 1247 0102 08000000 		.4byte	.LVL11
 1248 0106 0100     		.2byte	0x1
 1249 0108 50       		.byte	0x50
 1250 0109 08000000 		.4byte	.LVL11
 1251 010d 1E000000 		.4byte	.LVL15
 1252 0111 0400     		.2byte	0x4
 1253 0113 F3       		.byte	0xf3
 1254 0114 01       		.uleb128 0x1
 1255 0115 50       		.byte	0x50
 1256 0116 9F       		.byte	0x9f
 1257 0117 1E000000 		.4byte	.LVL15
 1258 011b 24000000 		.4byte	.LVL16
 1259 011f 0100     		.2byte	0x1
 1260 0121 50       		.byte	0x50
 1261 0122 24000000 		.4byte	.LVL16
 1262 0126 2C000000 		.4byte	.LFE244
 1263 012a 0400     		.2byte	0x4
 1264 012c F3       		.byte	0xf3
 1265 012d 01       		.uleb128 0x1
 1266 012e 50       		.byte	0x50
 1267 012f 9F       		.byte	0x9f
 1268 0130 00000000 		.4byte	0
 1269 0134 00000000 		.4byte	0
ARM GAS  C:\Users\cmila\AppData\Local\Temp\ccXRbYXU.s 			page 26


 1270              	.LLST5:
 1271 0138 00000000 		.4byte	.LVL9
 1272 013c 08000000 		.4byte	.LVL11
 1273 0140 0100     		.2byte	0x1
 1274 0142 51       		.byte	0x51
 1275 0143 08000000 		.4byte	.LVL11
 1276 0147 1E000000 		.4byte	.LVL15
 1277 014b 0100     		.2byte	0x1
 1278 014d 55       		.byte	0x55
 1279 014e 1E000000 		.4byte	.LVL15
 1280 0152 24000000 		.4byte	.LVL16
 1281 0156 0100     		.2byte	0x1
 1282 0158 51       		.byte	0x51
 1283 0159 24000000 		.4byte	.LVL16
 1284 015d 28000000 		.4byte	.LVL17
 1285 0161 0100     		.2byte	0x1
 1286 0163 55       		.byte	0x55
 1287 0164 00000000 		.4byte	0
 1288 0168 00000000 		.4byte	0
 1289              	.LLST6:
 1290 016c 00000000 		.4byte	.LVL9
 1291 0170 08000000 		.4byte	.LVL11
 1292 0174 0100     		.2byte	0x1
 1293 0176 52       		.byte	0x52
 1294 0177 08000000 		.4byte	.LVL11
 1295 017b 1E000000 		.4byte	.LVL15
 1296 017f 0100     		.2byte	0x1
 1297 0181 56       		.byte	0x56
 1298 0182 1E000000 		.4byte	.LVL15
 1299 0186 24000000 		.4byte	.LVL16
 1300 018a 0100     		.2byte	0x1
 1301 018c 52       		.byte	0x52
 1302 018d 24000000 		.4byte	.LVL16
 1303 0191 28000000 		.4byte	.LVL17
 1304 0195 0100     		.2byte	0x1
 1305 0197 56       		.byte	0x56
 1306 0198 28000000 		.4byte	.LVL17
 1307 019c 2C000000 		.4byte	.LFE244
 1308 01a0 0400     		.2byte	0x4
 1309 01a2 F3       		.byte	0xf3
 1310 01a3 01       		.uleb128 0x1
 1311 01a4 52       		.byte	0x52
 1312 01a5 9F       		.byte	0x9f
 1313 01a6 00000000 		.4byte	0
 1314 01aa 00000000 		.4byte	0
 1315              	.LLST7:
 1316 01ae 02000000 		.4byte	.LVL10
 1317 01b2 08000000 		.4byte	.LVL11
 1318 01b6 0200     		.2byte	0x2
 1319 01b8 30       		.byte	0x30
 1320 01b9 9F       		.byte	0x9f
 1321 01ba 08000000 		.4byte	.LVL11
 1322 01be 1E000000 		.4byte	.LVL15
 1323 01c2 0100     		.2byte	0x1
 1324 01c4 54       		.byte	0x54
 1325 01c5 1E000000 		.4byte	.LVL15
 1326 01c9 24000000 		.4byte	.LVL16
ARM GAS  C:\Users\cmila\AppData\Local\Temp\ccXRbYXU.s 			page 27


 1327 01cd 0200     		.2byte	0x2
 1328 01cf 30       		.byte	0x30
 1329 01d0 9F       		.byte	0x9f
 1330 01d1 24000000 		.4byte	.LVL16
 1331 01d5 2C000000 		.4byte	.LFE244
 1332 01d9 0100     		.2byte	0x1
 1333 01db 54       		.byte	0x54
 1334 01dc 00000000 		.4byte	0
 1335 01e0 00000000 		.4byte	0
 1336              		.section	.debug_aranges,"",%progbits
 1337 0000 24000000 		.4byte	0x24
 1338 0004 0200     		.2byte	0x2
 1339 0006 00000000 		.4byte	.Ldebug_info0
 1340 000a 04       		.byte	0x4
 1341 000b 00       		.byte	0
 1342 000c 0000     		.2byte	0
 1343 000e 0000     		.2byte	0
 1344 0010 00000000 		.4byte	.LFB243
 1345 0014 22000000 		.4byte	.LFE243-.LFB243
 1346 0018 00000000 		.4byte	.LFB244
 1347 001c 2C000000 		.4byte	.LFE244-.LFB244
 1348 0020 00000000 		.4byte	0
 1349 0024 00000000 		.4byte	0
 1350              		.section	.debug_ranges,"",%progbits
 1351              	.Ldebug_ranges0:
 1352 0000 00000000 		.4byte	.LFB243
 1353 0004 22000000 		.4byte	.LFE243
 1354 0008 00000000 		.4byte	.LFB244
 1355 000c 2C000000 		.4byte	.LFE244
 1356 0010 00000000 		.4byte	0
 1357 0014 00000000 		.4byte	0
 1358              		.section	.debug_line,"",%progbits
 1359              	.Ldebug_line0:
 1360 0000 33020000 		.section	.debug_str,"MS",%progbits,1
 1360      0200DC01 
 1360      00000201 
 1360      FB0E0D00 
 1360      01010101 
 1361              	.LASF57:
 1362 0000 70726F74 		.ascii	"protBusMasterMask\000"
 1362      4275734D 
 1362      61737465 
 1362      724D6173 
 1362      6B00
 1363              	.LASF67:
 1364 0012 666C6173 		.ascii	"flashCtlMainWs3Freq\000"
 1364      6843746C 
 1364      4D61696E 
 1364      57733346 
 1364      72657100 
 1365              	.LASF89:
 1366 0026 6770696F 		.ascii	"gpioPrtCfgInOffset\000"
 1366      50727443 
 1366      6667496E 
 1366      4F666673 
 1366      657400
 1367              	.LASF107:
ARM GAS  C:\Users\cmila\AppData\Local\Temp\ccXRbYXU.s 			page 28


 1368 0039 6970634C 		.ascii	"ipcLockStatusOffset\000"
 1368      6F636B53 
 1368      74617475 
 1368      734F6666 
 1368      73657400 
 1369              	.LASF33:
 1370 004d 63727970 		.ascii	"cryptoVersion\000"
 1370      746F5665 
 1370      7273696F 
 1370      6E00
 1371              	.LASF51:
 1372 005b 70657269 		.ascii	"periClockNr\000"
 1372      436C6F63 
 1372      6B4E7200 
 1373              	.LASF29:
 1374 0067 70617373 		.ascii	"passBase\000"
 1374      42617365 
 1374      00
 1375              	.LASF42:
 1376 0070 63707573 		.ascii	"cpussIpcIrqNr\000"
 1376      73497063 
 1376      4972714E 
 1376      7200
 1377              	.LASF2:
 1378 007e 5F5F7569 		.ascii	"__uint8_t\000"
 1378      6E74385F 
 1378      7400
 1379              	.LASF86:
 1380 0088 70657269 		.ascii	"periDiv24_5CtlOffset\000"
 1380      44697632 
 1380      345F3543 
 1380      746C4F66 
 1380      66736574 
 1381              	.LASF93:
 1382 009d 63707573 		.ascii	"cpussCm4ClockCtlOffset\000"
 1382      73436D34 
 1382      436C6F63 
 1382      6B43746C 
 1382      4F666673 
 1383              	.LASF22:
 1384 00b4 63707573 		.ascii	"cpussBase\000"
 1384      73426173 
 1384      6500
 1385              	.LASF71:
 1386 00be 64774368 		.ascii	"dwChCtlPrioPos\000"
 1386      43746C50 
 1386      72696F50 
 1386      6F7300
 1387              	.LASF12:
 1388 00cd 6C6F6E67 		.ascii	"long long unsigned int\000"
 1388      206C6F6E 
 1388      6720756E 
 1388      7369676E 
 1388      65642069 
 1389              	.LASF75:
 1390 00e4 70657269 		.ascii	"periTrCmdOffset\000"
 1390      5472436D 
ARM GAS  C:\Users\cmila\AppData\Local\Temp\ccXRbYXU.s 			page 29


 1390      644F6666 
 1390      73657400 
 1391              	.LASF99:
 1392 00f4 63707573 		.ascii	"cpussSysTickCtlOffset\000"
 1392      73537973 
 1392      5469636B 
 1392      43746C4F 
 1392      66667365 
 1393              	.LASF115:
 1394 010a 49544D5F 		.ascii	"ITM_RxBuffer\000"
 1394      52784275 
 1394      66666572 
 1394      00
 1395              	.LASF114:
 1396 0117 6E436861 		.ascii	"nChars\000"
 1396      727300
 1397              	.LASF60:
 1398 011e 666C6173 		.ascii	"flashPipeRequired\000"
 1398      68506970 
 1398      65526571 
 1398      75697265 
 1398      6400
 1399              	.LASF64:
 1400 0130 666C6173 		.ascii	"flashCtlMainWs0Freq\000"
 1400      6843746C 
 1400      4D61696E 
 1400      57733046 
 1400      72657100 
 1401              	.LASF18:
 1402 0144 696E7431 		.ascii	"int16_t\000"
 1402      365F7400 
 1403              	.LASF11:
 1404 014c 6C6F6E67 		.ascii	"long long int\000"
 1404      206C6F6E 
 1404      6720696E 
 1404      7400
 1405              	.LASF0:
 1406 015a 7369676E 		.ascii	"signed char\000"
 1406      65642063 
 1406      68617200 
 1407              	.LASF80:
 1408 0166 70657269 		.ascii	"periDivCmdTypeSelPos\000"
 1408      44697643 
 1408      6D645479 
 1408      70655365 
 1408      6C506F73 
 1409              	.LASF118:
 1410 017b 53544449 		.ascii	"STDIO_GetChar\000"
 1410      4F5F4765 
 1410      74436861 
 1410      7200
 1411              	.LASF26:
 1412 0189 70726F74 		.ascii	"protBase\000"
 1412      42617365 
 1412      00
 1413              	.LASF38:
 1414 0192 69706356 		.ascii	"ipcVersion\000"
ARM GAS  C:\Users\cmila\AppData\Local\Temp\ccXRbYXU.s 			page 30


 1414      65727369 
 1414      6F6E00
 1415              	.LASF100:
 1416 019d 63707573 		.ascii	"cpussCm0NmiCtlOffset\000"
 1416      73436D30 
 1416      4E6D6943 
 1416      746C4F66 
 1416      66736574 
 1417              	.LASF27:
 1418 01b2 6873696F 		.ascii	"hsiomBase\000"
 1418      6D426173 
 1418      6500
 1419              	.LASF8:
 1420 01bc 6C6F6E67 		.ascii	"long int\000"
 1420      20696E74 
 1420      00
 1421              	.LASF58:
 1422 01c5 63727970 		.ascii	"cryptoMemSize\000"
 1422      746F4D65 
 1422      6D53697A 
 1422      6500
 1423              	.LASF24:
 1424 01d3 70657269 		.ascii	"periBase\000"
 1424      42617365 
 1424      00
 1425              	.LASF56:
 1426 01dc 73797350 		.ascii	"sysPmSimoPresent\000"
 1426      6D53696D 
 1426      6F507265 
 1426      73656E74 
 1426      00
 1427              	.LASF46:
 1428 01ed 63707573 		.ascii	"cpussFmIrq\000"
 1428      73466D49 
 1428      727100
 1429              	.LASF110:
 1430 01f8 646F7562 		.ascii	"double\000"
 1430      6C6500
 1431              	.LASF85:
 1432 01ff 70657269 		.ascii	"periDiv16_5CtlOffset\000"
 1432      44697631 
 1432      365F3543 
 1432      746C4F66 
 1432      66736574 
 1433              	.LASF49:
 1434 0214 73727373 		.ascii	"srssNumPll\000"
 1434      4E756D50 
 1434      6C6C00
 1435              	.LASF117:
 1436 021f 53544449 		.ascii	"STDIO_PutChar\000"
 1436      4F5F5075 
 1436      74436861 
 1436      7200
 1437              	.LASF83:
 1438 022d 70657269 		.ascii	"periDiv8CtlOffset\000"
 1438      44697638 
 1438      43746C4F 
ARM GAS  C:\Users\cmila\AppData\Local\Temp\ccXRbYXU.s 			page 31


 1438      66667365 
 1438      7400
 1439              	.LASF90:
 1440 023f 6770696F 		.ascii	"gpioPrtCfgOutOffset\000"
 1440      50727443 
 1440      66674F75 
 1440      744F6666 
 1440      73657400 
 1441              	.LASF9:
 1442 0253 5F5F7569 		.ascii	"__uint32_t\000"
 1442      6E743332 
 1442      5F7400
 1443              	.LASF53:
 1444 025e 70617373 		.ascii	"passSarChannels\000"
 1444      53617243 
 1444      68616E6E 
 1444      656C7300 
 1445              	.LASF121:
 1446 026e 433A5C55 		.ascii	"C:\\Users\\cmila\\uni\\projects\\Neural-Stimulator-"
 1446      73657273 
 1446      5C636D69 
 1446      6C615C75 
 1446      6E695C70 
 1447 029c 4669726D 		.ascii	"Firmware\\new\\PSOC6\\dacProgramming\\dac.cydsn\000"
 1447      77617265 
 1447      5C6E6577 
 1447      5C50534F 
 1447      43365C64 
 1448              	.LASF3:
 1449 02c8 5F5F696E 		.ascii	"__int16_t\000"
 1449      7431365F 
 1449      7400
 1450              	.LASF113:
 1451 02d2 5F726561 		.ascii	"_read\000"
 1451      6400
 1452              	.LASF96:
 1453 02d8 63707573 		.ascii	"cpussCm4PwrCtlOffset\000"
 1453      73436D34 
 1453      50777243 
 1453      746C4F66 
 1453      66736574 
 1454              	.LASF91:
 1455 02ed 6770696F 		.ascii	"gpioPrtCfgSioOffset\000"
 1455      50727443 
 1455      66675369 
 1455      6F4F6666 
 1455      73657400 
 1456              	.LASF43:
 1457 0301 63707573 		.ascii	"cpussDwChNr\000"
 1457      73447743 
 1457      684E7200 
 1458              	.LASF13:
 1459 030d 756E7369 		.ascii	"unsigned int\000"
 1459      676E6564 
 1459      20696E74 
 1459      00
 1460              	.LASF19:
ARM GAS  C:\Users\cmila\AppData\Local\Temp\ccXRbYXU.s 			page 32


 1461 031a 75696E74 		.ascii	"uint16_t\000"
 1461      31365F74 
 1461      00
 1462              	.LASF76:
 1463 0323 70657269 		.ascii	"periTrCmdGrSelMsk\000"
 1463      5472436D 
 1463      64477253 
 1463      656C4D73 
 1463      6B00
 1464              	.LASF10:
 1465 0335 6C6F6E67 		.ascii	"long unsigned int\000"
 1465      20756E73 
 1465      69676E65 
 1465      6420696E 
 1465      7400
 1466              	.LASF41:
 1467 0347 63707573 		.ascii	"cpussIpcNr\000"
 1467      73497063 
 1467      4E7200
 1468              	.LASF28:
 1469 0352 6770696F 		.ascii	"gpioBase\000"
 1469      42617365 
 1469      00
 1470              	.LASF66:
 1471 035b 666C6173 		.ascii	"flashCtlMainWs2Freq\000"
 1471      6843746C 
 1471      4D61696E 
 1471      57733246 
 1471      72657100 
 1472              	.LASF77:
 1473 036f 70657269 		.ascii	"periTrGrOffset\000"
 1473      54724772 
 1473      4F666673 
 1473      657400
 1474              	.LASF104:
 1475 037e 63707573 		.ascii	"cpussRam1Ctl0\000"
 1475      7352616D 
 1475      3143746C 
 1475      3000
 1476              	.LASF78:
 1477 038c 70657269 		.ascii	"periTrGrSize\000"
 1477      54724772 
 1477      53697A65 
 1477      00
 1478              	.LASF36:
 1479 0399 6770696F 		.ascii	"gpioVersion\000"
 1479      56657273 
 1479      696F6E00 
 1480              	.LASF108:
 1481 03a5 63795F73 		.ascii	"cy_stc_device_t\000"
 1481      74635F64 
 1481      65766963 
 1481      655F7400 
 1482              	.LASF54:
 1483 03b5 65704D6F 		.ascii	"epMonitorNr\000"
 1483      6E69746F 
 1483      724E7200 
ARM GAS  C:\Users\cmila\AppData\Local\Temp\ccXRbYXU.s 			page 33


 1484              	.LASF101:
 1485 03c1 63707573 		.ascii	"cpussCm4NmiCtlOffset\000"
 1485      73436D34 
 1485      4E6D6943 
 1485      746C4F66 
 1485      66736574 
 1486              	.LASF97:
 1487 03d6 63707573 		.ascii	"cpussTrimRamCtlOffset\000"
 1487      73547269 
 1487      6D52616D 
 1487      43746C4F 
 1487      66667365 
 1488              	.LASF92:
 1489 03ec 63707573 		.ascii	"cpussCm0ClockCtlOffset\000"
 1489      73436D30 
 1489      436C6F63 
 1489      6B43746C 
 1489      4F666673 
 1490              	.LASF112:
 1491 0403 5F777269 		.ascii	"_write\000"
 1491      746500
 1492              	.LASF32:
 1493 040a 63707573 		.ascii	"cpussVersion\000"
 1493      73566572 
 1493      73696F6E 
 1493      00
 1494              	.LASF39:
 1495 0417 70657269 		.ascii	"periVersion\000"
 1495      56657273 
 1495      696F6E00 
 1496              	.LASF95:
 1497 0423 63707573 		.ascii	"cpussCm0StatusOffset\000"
 1497      73436D30 
 1497      53746174 
 1497      75734F66 
 1497      66736574 
 1498              	.LASF15:
 1499 0438 73697A65 		.ascii	"sizetype\000"
 1499      74797065 
 1499      00
 1500              	.LASF69:
 1501 0441 64774368 		.ascii	"dwChOffset\000"
 1501      4F666673 
 1501      657400
 1502              	.LASF44:
 1503 044c 63707573 		.ascii	"cpussFlashPaSize\000"
 1503      73466C61 
 1503      73685061 
 1503      53697A65 
 1503      00
 1504              	.LASF82:
 1505 045d 70657269 		.ascii	"periDivCmdPaTypeSelPos\000"
 1505      44697643 
 1505      6D645061 
 1505      54797065 
 1505      53656C50 
 1506              	.LASF105:
ARM GAS  C:\Users\cmila\AppData\Local\Temp\ccXRbYXU.s 			page 34


 1507 0474 63707573 		.ascii	"cpussRam2Ctl0\000"
 1507      7352616D 
 1507      3243746C 
 1507      3000
 1508              	.LASF73:
 1509 0482 64775374 		.ascii	"dwStatusChIdxPos\000"
 1509      61747573 
 1509      43684964 
 1509      78506F73 
 1509      00
 1510              	.LASF55:
 1511 0493 75646250 		.ascii	"udbPresent\000"
 1511      72657365 
 1511      6E7400
 1512              	.LASF35:
 1513 049e 666C6173 		.ascii	"flashcVersion\000"
 1513      68635665 
 1513      7273696F 
 1513      6E00
 1514              	.LASF31:
 1515 04ac 63727970 		.ascii	"cryptoBase\000"
 1515      746F4261 
 1515      736500
 1516              	.LASF52:
 1517 04b7 736D6966 		.ascii	"smifDeviceNr\000"
 1517      44657669 
 1517      63654E72 
 1517      00
 1518              	.LASF119:
 1519 04c4 474E5520 		.ascii	"GNU C11 5.4.1 20160609 (release) [ARM/embedded-5-br"
 1519      43313120 
 1519      352E342E 
 1519      31203230 
 1519      31363036 
 1520 04f7 616E6368 		.ascii	"anch revision 237715] -mcpu=cortex-m4 -mfloat-abi=s"
 1520      20726576 
 1520      6973696F 
 1520      6E203233 
 1520      37373135 
 1521 052a 6F667466 		.ascii	"oftfp -mfpu=fpv4-sp-d16 -mthumb -g -Og -ffunction-s"
 1521      70202D6D 
 1521      6670753D 
 1521      66707634 
 1521      2D73702D 
 1522 055d 65637469 		.ascii	"ections -ffat-lto-objects\000"
 1522      6F6E7320 
 1522      2D666661 
 1522      742D6C74 
 1522      6F2D6F62 
 1523              	.LASF109:
 1524 0577 666C6F61 		.ascii	"float\000"
 1524      7400
 1525              	.LASF74:
 1526 057d 64775374 		.ascii	"dwStatusChIdxMsk\000"
 1526      61747573 
 1526      43684964 
 1526      784D736B 
ARM GAS  C:\Users\cmila\AppData\Local\Temp\ccXRbYXU.s 			page 35


 1526      00
 1527              	.LASF116:
 1528 058e 63795F64 		.ascii	"cy_device\000"
 1528      65766963 
 1528      6500
 1529              	.LASF102:
 1530 0598 63707573 		.ascii	"cpussRomCtl\000"
 1530      73526F6D 
 1530      43746C00 
 1531              	.LASF72:
 1532 05a4 64774368 		.ascii	"dwChCtlPreemptablePos\000"
 1532      43746C50 
 1532      7265656D 
 1532      70746162 
 1532      6C65506F 
 1533              	.LASF25:
 1534 05ba 75646242 		.ascii	"udbBase\000"
 1534      61736500 
 1535              	.LASF111:
 1536 05c2 5F426F6F 		.ascii	"_Bool\000"
 1536      6C00
 1537              	.LASF20:
 1538 05c8 696E7433 		.ascii	"int32_t\000"
 1538      325F7400 
 1539              	.LASF1:
 1540 05d0 756E7369 		.ascii	"unsigned char\000"
 1540      676E6564 
 1540      20636861 
 1540      7200
 1541              	.LASF68:
 1542 05de 666C6173 		.ascii	"flashCtlMainWs4Freq\000"
 1542      6843746C 
 1542      4D61696E 
 1542      57733446 
 1542      72657100 
 1543              	.LASF4:
 1544 05f2 73686F72 		.ascii	"short int\000"
 1544      7420696E 
 1544      7400
 1545              	.LASF79:
 1546 05fc 70657269 		.ascii	"periDivCmdDivSelMsk\000"
 1546      44697643 
 1546      6D644469 
 1546      7653656C 
 1546      4D736B00 
 1547              	.LASF23:
 1548 0610 666C6173 		.ascii	"flashcBase\000"
 1548      68634261 
 1548      736500
 1549              	.LASF50:
 1550 061b 73727373 		.ascii	"srssNumHfroot\000"
 1550      4E756D48 
 1550      66726F6F 
 1550      7400
 1551              	.LASF63:
 1552 0629 666C6173 		.ascii	"flashEraseDelay\000"
 1552      68457261 
ARM GAS  C:\Users\cmila\AppData\Local\Temp\ccXRbYXU.s 			page 36


 1552      73654465 
 1552      6C617900 
 1553              	.LASF21:
 1554 0639 75696E74 		.ascii	"uint32_t\000"
 1554      33325F74 
 1554      00
 1555              	.LASF14:
 1556 0642 6C6F6E67 		.ascii	"long double\000"
 1556      20646F75 
 1556      626C6500 
 1557              	.LASF16:
 1558 064e 63686172 		.ascii	"char\000"
 1558      00
 1559              	.LASF40:
 1560 0653 70726F74 		.ascii	"protVersion\000"
 1560      56657273 
 1560      696F6E00 
 1561              	.LASF103:
 1562 065f 63707573 		.ascii	"cpussRam0Ctl0\000"
 1562      7352616D 
 1562      3043746C 
 1562      3000
 1563              	.LASF5:
 1564 066d 5F5F7569 		.ascii	"__uint16_t\000"
 1564      6E743136 
 1564      5F7400
 1565              	.LASF84:
 1566 0678 70657269 		.ascii	"periDiv16CtlOffset\000"
 1566      44697631 
 1566      3643746C 
 1566      4F666673 
 1566      657400
 1567              	.LASF7:
 1568 068b 5F5F696E 		.ascii	"__int32_t\000"
 1568      7433325F 
 1568      7400
 1569              	.LASF37:
 1570 0695 6873696F 		.ascii	"hsiomVersion\000"
 1570      6D566572 
 1570      73696F6E 
 1570      00
 1571              	.LASF65:
 1572 06a2 666C6173 		.ascii	"flashCtlMainWs1Freq\000"
 1572      6843746C 
 1572      4D61696E 
 1572      57733146 
 1572      72657100 
 1573              	.LASF6:
 1574 06b6 73686F72 		.ascii	"short unsigned int\000"
 1574      7420756E 
 1574      7369676E 
 1574      65642069 
 1574      6E7400
 1575              	.LASF70:
 1576 06c9 64774368 		.ascii	"dwChSize\000"
 1576      53697A65 
 1576      00
ARM GAS  C:\Users\cmila\AppData\Local\Temp\ccXRbYXU.s 			page 37


 1577              	.LASF106:
 1578 06d2 69706353 		.ascii	"ipcStructSize\000"
 1578      74727563 
 1578      7453697A 
 1578      6500
 1579              	.LASF45:
 1580 06e0 63707573 		.ascii	"cpussIpc0Irq\000"
 1580      73497063 
 1580      30497271 
 1580      00
 1581              	.LASF88:
 1582 06ed 6770696F 		.ascii	"gpioPrtCfgOffset\000"
 1582      50727443 
 1582      66674F66 
 1582      66736574 
 1582      00
 1583              	.LASF47:
 1584 06fe 63707573 		.ascii	"cpussNotConnectedIrq\000"
 1584      734E6F74 
 1584      436F6E6E 
 1584      65637465 
 1584      64497271 
 1585              	.LASF61:
 1586 0713 666C6173 		.ascii	"flashWriteDelay\000"
 1586      68577269 
 1586      74654465 
 1586      6C617900 
 1587              	.LASF17:
 1588 0723 75696E74 		.ascii	"uint8_t\000"
 1588      385F7400 
 1589              	.LASF94:
 1590 072b 63707573 		.ascii	"cpussCm4StatusOffset\000"
 1590      73436D34 
 1590      53746174 
 1590      75734F66 
 1590      66736574 
 1591              	.LASF87:
 1592 0740 6770696F 		.ascii	"gpioPrtIntrCfgOffset\000"
 1592      50727449 
 1592      6E747243 
 1592      66674F66 
 1592      66736574 
 1593              	.LASF98:
 1594 0755 63707573 		.ascii	"cpussTrimRomCtlOffset\000"
 1594      73547269 
 1594      6D526F6D 
 1594      43746C4F 
 1594      66667365 
 1595              	.LASF48:
 1596 076b 73727373 		.ascii	"srssNumClkpath\000"
 1596      4E756D43 
 1596      6C6B7061 
 1596      746800
 1597              	.LASF120:
 1598 077a 47656E65 		.ascii	"Generated_Source\\PSoC6\\pdl\\utilities\\retarget_i"
 1598      72617465 
 1598      645F536F 
ARM GAS  C:\Users\cmila\AppData\Local\Temp\ccXRbYXU.s 			page 38


 1598      75726365 
 1598      5C50536F 
 1599 07a9 6F5C7265 		.ascii	"o\\retarget.c\000"
 1599      74617267 
 1599      65742E63 
 1599      00
 1600              	.LASF34:
 1601 07b6 64775665 		.ascii	"dwVersion\000"
 1601      7273696F 
 1601      6E00
 1602              	.LASF30:
 1603 07c0 69706342 		.ascii	"ipcBase\000"
 1603      61736500 
 1604              	.LASF81:
 1605 07c8 70657269 		.ascii	"periDivCmdPaDivSelPos\000"
 1605      44697643 
 1605      6D645061 
 1605      44697653 
 1605      656C506F 
 1606              	.LASF62:
 1607 07de 666C6173 		.ascii	"flashProgramDelay\000"
 1607      6850726F 
 1607      6772616D 
 1607      44656C61 
 1607      7900
 1608              	.LASF59:
 1609 07f0 666C6173 		.ascii	"flashRwwRequired\000"
 1609      68527777 
 1609      52657175 
 1609      69726564 
 1609      00
 1610              		.ident	"GCC: (GNU Tools for ARM Embedded Processors) 5.4.1 20160609 (release) [ARM/embedded-5-bran
