--------------- Clean Started: 06/10/2021 13:24:41 Project: Design01, Configuration: ARM GCC 5.4-2016-q2-update Debug ---------------
Deleting file ".\CortexM0p\ARM_GCC_541\Debug\startup_psoc6_01_cm0plus.o"
Deleting file ".\CortexM0p\ARM_GCC_541\Debug\main_cm0p.o"
Deleting file ".\CortexM0p\ARM_GCC_541\Debug\system_psoc6_cm0plus.o"
Deleting file ".\CortexM0p\ARM_GCC_541\Debug\cyfitter_sysint_cfg.o"
Deleting file ".\CortexM0p\ARM_GCC_541\Debug\cyfitter_cfg.o"
Deleting file ".\CortexM0p\ARM_GCC_541\Debug\cymetadata.o"
Deleting file ".\CortexM0p\ARM_GCC_541\Debug\PWM.o"
Deleting file ".\CortexM0p\ARM_GCC_541\Debug\cy_efuse.o"
Deleting file ".\CortexM0p\ARM_GCC_541\Debug\cy_flash.o"
Deleting file ".\CortexM0p\ARM_GCC_541\Debug\cy_gpio.o"
Deleting file ".\CortexM0p\ARM_GCC_541\Debug\cy_ipc_drv.o"
Deleting file ".\CortexM0p\ARM_GCC_541\Debug\cy_ipc_sema.o"
Deleting file ".\CortexM0p\ARM_GCC_541\Debug\cy_ipc_pipe.o"
Deleting file ".\CortexM0p\ARM_GCC_541\Debug\cy_lvd.o"
Deleting file ".\CortexM0p\ARM_GCC_541\Debug\cy_profile.o"
Deleting file ".\CortexM0p\ARM_GCC_541\Debug\cy_prot.o"
Deleting file ".\CortexM0p\ARM_GCC_541\Debug\cy_sysanalog.o"
Deleting file ".\CortexM0p\ARM_GCC_541\Debug\cy_sysclk.o"
Deleting file ".\CortexM0p\ARM_GCC_541\Debug\cy_sysint.o"
Deleting file ".\CortexM0p\ARM_GCC_541\Debug\cy_syslib.o"
Deleting file ".\CortexM0p\ARM_GCC_541\Debug\cy_syslib_gcc.o"
Deleting file ".\CortexM0p\ARM_GCC_541\Debug\cy_syspm.o"
Deleting file ".\CortexM0p\ARM_GCC_541\Debug\cy_systick.o"
Deleting file ".\CortexM0p\ARM_GCC_541\Debug\cy_tcpwm_counter.o"
Deleting file ".\CortexM0p\ARM_GCC_541\Debug\cy_tcpwm_pwm.o"
Deleting file ".\CortexM0p\ARM_GCC_541\Debug\cy_tcpwm_quaddec.o"
Deleting file ".\CortexM0p\ARM_GCC_541\Debug\cy_trigmux.o"
Deleting file ".\CortexM0p\ARM_GCC_541\Debug\cy_wdt.o"
Deleting file ".\CortexM0p\ARM_GCC_541\Debug\cy_device.o"
Deleting file ".\CortexM0p\ARM_GCC_541\Debug\cy_ble_clk.o"
Deleting file ".\CortexM0p\ARM_GCC_541\Debug\Design01.hex"
Deleting file ".\CortexM0p\ARM_GCC_541\Debug\Design01.elf"
Deleting file ".\CortexM0p\ARM_GCC_541\Debug\Design01.map"
Deleting file ".\Design01.cycdx"
Deleting file ".\Design01.rpt"
Deleting file ".\Design01_timing.html"
Deleting file ".\CortexM0p\ARM_GCC_541\Debug\.deps\SOURCE_C__ARM_GCC_GENERIC.P"
Deleting file ".\CortexM4\ARM_GCC_541\Debug\startup_psoc6_01_cm4.o"
Deleting file ".\CortexM4\ARM_GCC_541\Debug\main_cm4.o"
Deleting file ".\CortexM4\ARM_GCC_541\Debug\system_psoc6_cm4.o"
Deleting file ".\CortexM4\ARM_GCC_541\Debug\cyfitter_sysint_cfg.o"
Deleting file ".\CortexM4\ARM_GCC_541\Debug\cymetadata.o"
Deleting file ".\CortexM4\ARM_GCC_541\Debug\PWM.o"
Deleting file ".\CortexM4\ARM_GCC_541\Debug\cy_efuse.o"
Deleting file ".\CortexM4\ARM_GCC_541\Debug\cy_flash.o"
Deleting file ".\CortexM4\ARM_GCC_541\Debug\cy_gpio.o"
Deleting file ".\CortexM4\ARM_GCC_541\Debug\cy_ipc_drv.o"
Deleting file ".\CortexM4\ARM_GCC_541\Debug\cy_ipc_sema.o"
Deleting file ".\CortexM4\ARM_GCC_541\Debug\cy_ipc_pipe.o"
Deleting file ".\CortexM4\ARM_GCC_541\Debug\cy_lvd.o"
Deleting file ".\CortexM4\ARM_GCC_541\Debug\cy_profile.o"
Deleting file ".\CortexM4\ARM_GCC_541\Debug\cy_prot.o"
Deleting file ".\CortexM4\ARM_GCC_541\Debug\cy_sysanalog.o"
Deleting file ".\CortexM4\ARM_GCC_541\Debug\cy_sysclk.o"
Deleting file ".\CortexM4\ARM_GCC_541\Debug\cy_sysint.o"
Deleting file ".\CortexM4\ARM_GCC_541\Debug\cy_syslib.o"
Deleting file ".\CortexM4\ARM_GCC_541\Debug\cy_syslib_gcc.o"
Deleting file ".\CortexM4\ARM_GCC_541\Debug\cy_syspm.o"
Deleting file ".\CortexM4\ARM_GCC_541\Debug\cy_systick.o"
Deleting file ".\CortexM4\ARM_GCC_541\Debug\cy_tcpwm_counter.o"
Deleting file ".\CortexM4\ARM_GCC_541\Debug\cy_tcpwm_pwm.o"
Deleting file ".\CortexM4\ARM_GCC_541\Debug\cy_tcpwm_quaddec.o"
Deleting file ".\CortexM4\ARM_GCC_541\Debug\cy_trigmux.o"
Deleting file ".\CortexM4\ARM_GCC_541\Debug\cy_wdt.o"
Deleting file ".\CortexM4\ARM_GCC_541\Debug\cy_device.o"
Deleting file ".\CortexM4\ARM_GCC_541\Debug\cy_ble_clk.o"
Deleting file ".\CortexM4\ARM_GCC_541\Debug\Design01.hex"
Deleting file ".\CortexM4\ARM_GCC_541\Debug\Design01.elf"
Deleting file ".\CortexM4\ARM_GCC_541\Debug\Design01.map"
Deleting file ".\CortexM4\ARM_GCC_541\Debug\.deps\SOURCE_C__ARM_GCC_GENERIC.P"
--------------- Clean Succeeded: 06/10/2021 13:24:41 ---------------
