ARM GAS  C:\Users\User\AppData\Local\Temp\cc70PheG.s 			page 1


   1              		.syntax unified
   2              		.cpu cortex-m0plus
   3              		.fpu softvfp
   4              		.eabi_attribute 20, 1
   5              		.eabi_attribute 21, 1
   6              		.eabi_attribute 23, 3
   7              		.eabi_attribute 24, 1
   8              		.eabi_attribute 25, 1
   9              		.eabi_attribute 26, 1
  10              		.eabi_attribute 30, 1
  11              		.eabi_attribute 34, 0
  12              		.eabi_attribute 18, 4
  13              		.thumb
  14              		.syntax unified
  15              		.file	"main_cm0p.c"
  16              		.text
  17              	.Ltext0:
  18              		.cfi_sections	.debug_frame
  19              		.section	.text.main,"ax",%progbits
  20              		.align	2
  21              		.global	main
  22              		.code	16
  23              		.thumb_func
  24              		.type	main, %function
  25              	main:
  26              	.LFB392:
  27              		.file 1 "main_cm0p.c"
   1:main_cm0p.c   **** /* ========================================
   2:main_cm0p.c   ****  *
   3:main_cm0p.c   ****  * Copyright YOUR COMPANY, THE YEAR
   4:main_cm0p.c   ****  * All Rights Reserved
   5:main_cm0p.c   ****  * UNPUBLISHED, LICENSED SOFTWARE.
   6:main_cm0p.c   ****  *
   7:main_cm0p.c   ****  * CONFIDENTIAL AND PROPRIETARY INFORMATION
   8:main_cm0p.c   ****  * WHICH IS THE PROPERTY OF your company.
   9:main_cm0p.c   ****  *
  10:main_cm0p.c   ****  * ========================================
  11:main_cm0p.c   **** */
  12:main_cm0p.c   **** #include "project.h"
  13:main_cm0p.c   **** 
  14:main_cm0p.c   **** int main(void)
  15:main_cm0p.c   **** {
  28              		.loc 1 15 0
  29              		.cfi_startproc
  30              		@ Volatile: function does not return.
  31              		@ args = 0, pretend = 0, frame = 0
  32              		@ frame_needed = 0, uses_anonymous_args = 0
  33 0000 10B5     		push	{r4, lr}
  34              		.cfi_def_cfa_offset 8
  35              		.cfi_offset 4, -8
  36              		.cfi_offset 14, -4
  37              	.LBB4:
  38              	.LBB5:
  39              		.file 2 "Generated_Source\\PSoC6\\pdl\\cmsis/include/cmsis_gcc.h"
   1:Generated_Source\PSoC6\pdl\cmsis/include/cmsis_gcc.h **** /**************************************************************************//**
   2:Generated_Source\PSoC6\pdl\cmsis/include/cmsis_gcc.h ****  * @file     cmsis_gcc.h
   3:Generated_Source\PSoC6\pdl\cmsis/include/cmsis_gcc.h ****  * @brief    CMSIS compiler GCC header file
ARM GAS  C:\Users\User\AppData\Local\Temp\cc70PheG.s 			page 2


   4:Generated_Source\PSoC6\pdl\cmsis/include/cmsis_gcc.h ****  * @version  V5.0.3
   5:Generated_Source\PSoC6\pdl\cmsis/include/cmsis_gcc.h ****  * @date     16. January 2018
   6:Generated_Source\PSoC6\pdl\cmsis/include/cmsis_gcc.h ****  ******************************************************************************/
   7:Generated_Source\PSoC6\pdl\cmsis/include/cmsis_gcc.h **** /*
   8:Generated_Source\PSoC6\pdl\cmsis/include/cmsis_gcc.h ****  * Copyright (c) 2009-2017 ARM Limited. All rights reserved.
   9:Generated_Source\PSoC6\pdl\cmsis/include/cmsis_gcc.h ****  *
  10:Generated_Source\PSoC6\pdl\cmsis/include/cmsis_gcc.h ****  * SPDX-License-Identifier: Apache-2.0
  11:Generated_Source\PSoC6\pdl\cmsis/include/cmsis_gcc.h ****  *
  12:Generated_Source\PSoC6\pdl\cmsis/include/cmsis_gcc.h ****  * Licensed under the Apache License, Version 2.0 (the License); you may
  13:Generated_Source\PSoC6\pdl\cmsis/include/cmsis_gcc.h ****  * not use this file except in compliance with the License.
  14:Generated_Source\PSoC6\pdl\cmsis/include/cmsis_gcc.h ****  * You may obtain a copy of the License at
  15:Generated_Source\PSoC6\pdl\cmsis/include/cmsis_gcc.h ****  *
  16:Generated_Source\PSoC6\pdl\cmsis/include/cmsis_gcc.h ****  * www.apache.org/licenses/LICENSE-2.0
  17:Generated_Source\PSoC6\pdl\cmsis/include/cmsis_gcc.h ****  *
  18:Generated_Source\PSoC6\pdl\cmsis/include/cmsis_gcc.h ****  * Unless required by applicable law or agreed to in writing, software
  19:Generated_Source\PSoC6\pdl\cmsis/include/cmsis_gcc.h ****  * distributed under the License is distributed on an AS IS BASIS, WITHOUT
  20:Generated_Source\PSoC6\pdl\cmsis/include/cmsis_gcc.h ****  * WARRANTIES OR CONDITIONS OF ANY KIND, either express or implied.
  21:Generated_Source\PSoC6\pdl\cmsis/include/cmsis_gcc.h ****  * See the License for the specific language governing permissions and
  22:Generated_Source\PSoC6\pdl\cmsis/include/cmsis_gcc.h ****  * limitations under the License.
  23:Generated_Source\PSoC6\pdl\cmsis/include/cmsis_gcc.h ****  */
  24:Generated_Source\PSoC6\pdl\cmsis/include/cmsis_gcc.h **** 
  25:Generated_Source\PSoC6\pdl\cmsis/include/cmsis_gcc.h **** #ifndef __CMSIS_GCC_H
  26:Generated_Source\PSoC6\pdl\cmsis/include/cmsis_gcc.h **** #define __CMSIS_GCC_H
  27:Generated_Source\PSoC6\pdl\cmsis/include/cmsis_gcc.h **** 
  28:Generated_Source\PSoC6\pdl\cmsis/include/cmsis_gcc.h **** /* ignore some GCC warnings */
  29:Generated_Source\PSoC6\pdl\cmsis/include/cmsis_gcc.h **** #pragma GCC diagnostic push
  30:Generated_Source\PSoC6\pdl\cmsis/include/cmsis_gcc.h **** #pragma GCC diagnostic ignored "-Wsign-conversion"
  31:Generated_Source\PSoC6\pdl\cmsis/include/cmsis_gcc.h **** #pragma GCC diagnostic ignored "-Wconversion"
  32:Generated_Source\PSoC6\pdl\cmsis/include/cmsis_gcc.h **** #pragma GCC diagnostic ignored "-Wunused-parameter"
  33:Generated_Source\PSoC6\pdl\cmsis/include/cmsis_gcc.h **** 
  34:Generated_Source\PSoC6\pdl\cmsis/include/cmsis_gcc.h **** /* Fallback for __has_builtin */
  35:Generated_Source\PSoC6\pdl\cmsis/include/cmsis_gcc.h **** #ifndef __has_builtin
  36:Generated_Source\PSoC6\pdl\cmsis/include/cmsis_gcc.h ****   #define __has_builtin(x) (0)
  37:Generated_Source\PSoC6\pdl\cmsis/include/cmsis_gcc.h **** #endif
  38:Generated_Source\PSoC6\pdl\cmsis/include/cmsis_gcc.h **** 
  39:Generated_Source\PSoC6\pdl\cmsis/include/cmsis_gcc.h **** /* CMSIS compiler specific defines */
  40:Generated_Source\PSoC6\pdl\cmsis/include/cmsis_gcc.h **** #ifndef   __ASM
  41:Generated_Source\PSoC6\pdl\cmsis/include/cmsis_gcc.h ****   #define __ASM                                  __asm
  42:Generated_Source\PSoC6\pdl\cmsis/include/cmsis_gcc.h **** #endif
  43:Generated_Source\PSoC6\pdl\cmsis/include/cmsis_gcc.h **** #ifndef   __INLINE
  44:Generated_Source\PSoC6\pdl\cmsis/include/cmsis_gcc.h ****   #define __INLINE                               inline
  45:Generated_Source\PSoC6\pdl\cmsis/include/cmsis_gcc.h **** #endif
  46:Generated_Source\PSoC6\pdl\cmsis/include/cmsis_gcc.h **** #ifndef   __STATIC_INLINE
  47:Generated_Source\PSoC6\pdl\cmsis/include/cmsis_gcc.h ****   #define __STATIC_INLINE                        static inline
  48:Generated_Source\PSoC6\pdl\cmsis/include/cmsis_gcc.h **** #endif
  49:Generated_Source\PSoC6\pdl\cmsis/include/cmsis_gcc.h **** #ifndef   __STATIC_FORCEINLINE                 
  50:Generated_Source\PSoC6\pdl\cmsis/include/cmsis_gcc.h ****   #define __STATIC_FORCEINLINE                   __attribute__((always_inline)) static inline
  51:Generated_Source\PSoC6\pdl\cmsis/include/cmsis_gcc.h **** #endif                                           
  52:Generated_Source\PSoC6\pdl\cmsis/include/cmsis_gcc.h **** #ifndef   __NO_RETURN
  53:Generated_Source\PSoC6\pdl\cmsis/include/cmsis_gcc.h ****   #define __NO_RETURN                            __attribute__((__noreturn__))
  54:Generated_Source\PSoC6\pdl\cmsis/include/cmsis_gcc.h **** #endif
  55:Generated_Source\PSoC6\pdl\cmsis/include/cmsis_gcc.h **** #ifndef   __USED
  56:Generated_Source\PSoC6\pdl\cmsis/include/cmsis_gcc.h ****   #define __USED                                 __attribute__((used))
  57:Generated_Source\PSoC6\pdl\cmsis/include/cmsis_gcc.h **** #endif
  58:Generated_Source\PSoC6\pdl\cmsis/include/cmsis_gcc.h **** #ifndef   __WEAK
  59:Generated_Source\PSoC6\pdl\cmsis/include/cmsis_gcc.h ****   #define __WEAK                                 __attribute__((weak))
  60:Generated_Source\PSoC6\pdl\cmsis/include/cmsis_gcc.h **** #endif
ARM GAS  C:\Users\User\AppData\Local\Temp\cc70PheG.s 			page 3


  61:Generated_Source\PSoC6\pdl\cmsis/include/cmsis_gcc.h **** #ifndef   __PACKED
  62:Generated_Source\PSoC6\pdl\cmsis/include/cmsis_gcc.h ****   #define __PACKED                               __attribute__((packed, aligned(1)))
  63:Generated_Source\PSoC6\pdl\cmsis/include/cmsis_gcc.h **** #endif
  64:Generated_Source\PSoC6\pdl\cmsis/include/cmsis_gcc.h **** #ifndef   __PACKED_STRUCT
  65:Generated_Source\PSoC6\pdl\cmsis/include/cmsis_gcc.h ****   #define __PACKED_STRUCT                        struct __attribute__((packed, aligned(1)))
  66:Generated_Source\PSoC6\pdl\cmsis/include/cmsis_gcc.h **** #endif
  67:Generated_Source\PSoC6\pdl\cmsis/include/cmsis_gcc.h **** #ifndef   __PACKED_UNION
  68:Generated_Source\PSoC6\pdl\cmsis/include/cmsis_gcc.h ****   #define __PACKED_UNION                         union __attribute__((packed, aligned(1)))
  69:Generated_Source\PSoC6\pdl\cmsis/include/cmsis_gcc.h **** #endif
  70:Generated_Source\PSoC6\pdl\cmsis/include/cmsis_gcc.h **** #ifndef   __UNALIGNED_UINT32        /* deprecated */
  71:Generated_Source\PSoC6\pdl\cmsis/include/cmsis_gcc.h ****   #pragma GCC diagnostic push
  72:Generated_Source\PSoC6\pdl\cmsis/include/cmsis_gcc.h ****   #pragma GCC diagnostic ignored "-Wpacked"
  73:Generated_Source\PSoC6\pdl\cmsis/include/cmsis_gcc.h ****   #pragma GCC diagnostic ignored "-Wattributes"
  74:Generated_Source\PSoC6\pdl\cmsis/include/cmsis_gcc.h ****   struct __attribute__((packed)) T_UINT32 { uint32_t v; };
  75:Generated_Source\PSoC6\pdl\cmsis/include/cmsis_gcc.h ****   #pragma GCC diagnostic pop
  76:Generated_Source\PSoC6\pdl\cmsis/include/cmsis_gcc.h ****   #define __UNALIGNED_UINT32(x)                  (((struct T_UINT32 *)(x))->v)
  77:Generated_Source\PSoC6\pdl\cmsis/include/cmsis_gcc.h **** #endif
  78:Generated_Source\PSoC6\pdl\cmsis/include/cmsis_gcc.h **** #ifndef   __UNALIGNED_UINT16_WRITE
  79:Generated_Source\PSoC6\pdl\cmsis/include/cmsis_gcc.h ****   #pragma GCC diagnostic push
  80:Generated_Source\PSoC6\pdl\cmsis/include/cmsis_gcc.h ****   #pragma GCC diagnostic ignored "-Wpacked"
  81:Generated_Source\PSoC6\pdl\cmsis/include/cmsis_gcc.h ****   #pragma GCC diagnostic ignored "-Wattributes"
  82:Generated_Source\PSoC6\pdl\cmsis/include/cmsis_gcc.h ****   __PACKED_STRUCT T_UINT16_WRITE { uint16_t v; };
  83:Generated_Source\PSoC6\pdl\cmsis/include/cmsis_gcc.h ****   #pragma GCC diagnostic pop
  84:Generated_Source\PSoC6\pdl\cmsis/include/cmsis_gcc.h ****   #define __UNALIGNED_UINT16_WRITE(addr, val)    (void)((((struct T_UINT16_WRITE *)(void *)(addr))-
  85:Generated_Source\PSoC6\pdl\cmsis/include/cmsis_gcc.h **** #endif
  86:Generated_Source\PSoC6\pdl\cmsis/include/cmsis_gcc.h **** #ifndef   __UNALIGNED_UINT16_READ
  87:Generated_Source\PSoC6\pdl\cmsis/include/cmsis_gcc.h ****   #pragma GCC diagnostic push
  88:Generated_Source\PSoC6\pdl\cmsis/include/cmsis_gcc.h ****   #pragma GCC diagnostic ignored "-Wpacked"
  89:Generated_Source\PSoC6\pdl\cmsis/include/cmsis_gcc.h ****   #pragma GCC diagnostic ignored "-Wattributes"
  90:Generated_Source\PSoC6\pdl\cmsis/include/cmsis_gcc.h ****   __PACKED_STRUCT T_UINT16_READ { uint16_t v; };
  91:Generated_Source\PSoC6\pdl\cmsis/include/cmsis_gcc.h ****   #pragma GCC diagnostic pop
  92:Generated_Source\PSoC6\pdl\cmsis/include/cmsis_gcc.h ****   #define __UNALIGNED_UINT16_READ(addr)          (((const struct T_UINT16_READ *)(const void *)(add
  93:Generated_Source\PSoC6\pdl\cmsis/include/cmsis_gcc.h **** #endif
  94:Generated_Source\PSoC6\pdl\cmsis/include/cmsis_gcc.h **** #ifndef   __UNALIGNED_UINT32_WRITE
  95:Generated_Source\PSoC6\pdl\cmsis/include/cmsis_gcc.h ****   #pragma GCC diagnostic push
  96:Generated_Source\PSoC6\pdl\cmsis/include/cmsis_gcc.h ****   #pragma GCC diagnostic ignored "-Wpacked"
  97:Generated_Source\PSoC6\pdl\cmsis/include/cmsis_gcc.h ****   #pragma GCC diagnostic ignored "-Wattributes"
  98:Generated_Source\PSoC6\pdl\cmsis/include/cmsis_gcc.h ****   __PACKED_STRUCT T_UINT32_WRITE { uint32_t v; };
  99:Generated_Source\PSoC6\pdl\cmsis/include/cmsis_gcc.h ****   #pragma GCC diagnostic pop
 100:Generated_Source\PSoC6\pdl\cmsis/include/cmsis_gcc.h ****   #define __UNALIGNED_UINT32_WRITE(addr, val)    (void)((((struct T_UINT32_WRITE *)(void *)(addr))-
 101:Generated_Source\PSoC6\pdl\cmsis/include/cmsis_gcc.h **** #endif
 102:Generated_Source\PSoC6\pdl\cmsis/include/cmsis_gcc.h **** #ifndef   __UNALIGNED_UINT32_READ
 103:Generated_Source\PSoC6\pdl\cmsis/include/cmsis_gcc.h ****   #pragma GCC diagnostic push
 104:Generated_Source\PSoC6\pdl\cmsis/include/cmsis_gcc.h ****   #pragma GCC diagnostic ignored "-Wpacked"
 105:Generated_Source\PSoC6\pdl\cmsis/include/cmsis_gcc.h ****   #pragma GCC diagnostic ignored "-Wattributes"
 106:Generated_Source\PSoC6\pdl\cmsis/include/cmsis_gcc.h ****   __PACKED_STRUCT T_UINT32_READ { uint32_t v; };
 107:Generated_Source\PSoC6\pdl\cmsis/include/cmsis_gcc.h ****   #pragma GCC diagnostic pop
 108:Generated_Source\PSoC6\pdl\cmsis/include/cmsis_gcc.h ****   #define __UNALIGNED_UINT32_READ(addr)          (((const struct T_UINT32_READ *)(const void *)(add
 109:Generated_Source\PSoC6\pdl\cmsis/include/cmsis_gcc.h **** #endif
 110:Generated_Source\PSoC6\pdl\cmsis/include/cmsis_gcc.h **** #ifndef   __ALIGNED
 111:Generated_Source\PSoC6\pdl\cmsis/include/cmsis_gcc.h ****   #define __ALIGNED(x)                           __attribute__((aligned(x)))
 112:Generated_Source\PSoC6\pdl\cmsis/include/cmsis_gcc.h **** #endif
 113:Generated_Source\PSoC6\pdl\cmsis/include/cmsis_gcc.h **** #ifndef   __RESTRICT
 114:Generated_Source\PSoC6\pdl\cmsis/include/cmsis_gcc.h ****   #define __RESTRICT                             __restrict
 115:Generated_Source\PSoC6\pdl\cmsis/include/cmsis_gcc.h **** #endif
 116:Generated_Source\PSoC6\pdl\cmsis/include/cmsis_gcc.h **** 
 117:Generated_Source\PSoC6\pdl\cmsis/include/cmsis_gcc.h **** 
ARM GAS  C:\Users\User\AppData\Local\Temp\cc70PheG.s 			page 4


 118:Generated_Source\PSoC6\pdl\cmsis/include/cmsis_gcc.h **** /* ###########################  Core Function Access  ########################### */
 119:Generated_Source\PSoC6\pdl\cmsis/include/cmsis_gcc.h **** /** \ingroup  CMSIS_Core_FunctionInterface
 120:Generated_Source\PSoC6\pdl\cmsis/include/cmsis_gcc.h ****     \defgroup CMSIS_Core_RegAccFunctions CMSIS Core Register Access Functions
 121:Generated_Source\PSoC6\pdl\cmsis/include/cmsis_gcc.h ****   @{
 122:Generated_Source\PSoC6\pdl\cmsis/include/cmsis_gcc.h ****  */
 123:Generated_Source\PSoC6\pdl\cmsis/include/cmsis_gcc.h **** 
 124:Generated_Source\PSoC6\pdl\cmsis/include/cmsis_gcc.h **** /**
 125:Generated_Source\PSoC6\pdl\cmsis/include/cmsis_gcc.h ****   \brief   Enable IRQ Interrupts
 126:Generated_Source\PSoC6\pdl\cmsis/include/cmsis_gcc.h ****   \details Enables IRQ interrupts by clearing the I-bit in the CPSR.
 127:Generated_Source\PSoC6\pdl\cmsis/include/cmsis_gcc.h ****            Can only be executed in Privileged modes.
 128:Generated_Source\PSoC6\pdl\cmsis/include/cmsis_gcc.h ****  */
 129:Generated_Source\PSoC6\pdl\cmsis/include/cmsis_gcc.h **** __STATIC_FORCEINLINE void __enable_irq(void)
 130:Generated_Source\PSoC6\pdl\cmsis/include/cmsis_gcc.h **** {
 131:Generated_Source\PSoC6\pdl\cmsis/include/cmsis_gcc.h ****   __ASM volatile ("cpsie i" : : : "memory");
  40              		.loc 2 131 0
  41              		.syntax divided
  42              	@ 131 "Generated_Source\PSoC6\pdl\cmsis/include/cmsis_gcc.h" 1
  43 0002 62B6     		cpsie i
  44              	@ 0 "" 2
  45              		.thumb
  46              		.syntax unified
  47              	.LBE5:
  48              	.LBE4:
  16:main_cm0p.c   ****     __enable_irq(); /* Enable global interrupts. */
  17:main_cm0p.c   ****     /* Enable CM4.  CY_CORTEX_M4_APPL_ADDR must be updated if CM4 memory layout is changed. */
  18:main_cm0p.c   ****     Cy_SysEnableCM4(CY_CORTEX_M4_APPL_ADDR); 
  49              		.loc 1 18 0
  50 0004 0148     		ldr	r0, .L3
  51 0006 FFF7FEFF 		bl	Cy_SysEnableCM4
  52              	.LVL0:
  53              	.L2:
  54 000a FEE7     		b	.L2
  55              	.L4:
  56              		.align	2
  57              	.L3:
  58 000c 00000810 		.word	268959744
  59              		.cfi_endproc
  60              	.LFE392:
  61              		.size	main, .-main
  62              		.text
  63              	.Letext0:
  64              		.file 3 "c:\\program files (x86)\\cypress\\psoc creator\\4.4\\psoc creator\\import\\gnu\\arm\\5.4.
  65              		.file 4 "c:\\program files (x86)\\cypress\\psoc creator\\4.4\\psoc creator\\import\\gnu\\arm\\5.4.
  66              		.file 5 "Generated_Source\\PSoC6\\pdl\\drivers/peripheral/device/cy_device.h"
  67              		.file 6 "Generated_Source\\PSoC6\\pdl\\drivers/peripheral/scb/cy_scb_uart.h"
  68              		.file 7 "Generated_Source\\PSoC6/UART_1.h"
  69              		.file 8 "./system_psoc6.h"
  70              		.section	.debug_info,"",%progbits
  71              	.Ldebug_info0:
  72 0000 6B060000 		.4byte	0x66b
  73 0004 0400     		.2byte	0x4
  74 0006 00000000 		.4byte	.Ldebug_abbrev0
  75 000a 04       		.byte	0x4
  76 000b 01       		.uleb128 0x1
  77 000c CD050000 		.4byte	.LASF128
  78 0010 0C       		.byte	0xc
  79 0011 7A000000 		.4byte	.LASF129
ARM GAS  C:\Users\User\AppData\Local\Temp\cc70PheG.s 			page 5


  80 0015 2B070000 		.4byte	.LASF130
  81 0019 00000000 		.4byte	.Ldebug_ranges0+0
  82 001d 00000000 		.4byte	0
  83 0021 00000000 		.4byte	.Ldebug_line0
  84 0025 02       		.uleb128 0x2
  85 0026 02       		.byte	0x2
  86 0027 05       		.byte	0x5
  87 0028 73050000 		.4byte	.LASF0
  88 002c 02       		.uleb128 0x2
  89 002d 01       		.byte	0x1
  90 002e 08       		.byte	0x8
  91 002f 51050000 		.4byte	.LASF1
  92 0033 02       		.uleb128 0x2
  93 0034 01       		.byte	0x1
  94 0035 06       		.byte	0x6
  95 0036 6C010000 		.4byte	.LASF2
  96 003a 03       		.uleb128 0x3
  97 003b 94000000 		.4byte	.LASF3
  98 003f 03       		.byte	0x3
  99 0040 1D       		.byte	0x1d
 100 0041 2C000000 		.4byte	0x2c
 101 0045 03       		.uleb128 0x3
 102 0046 92020000 		.4byte	.LASF4
 103 004a 03       		.byte	0x3
 104 004b 29       		.byte	0x29
 105 004c 25000000 		.4byte	0x25
 106 0050 03       		.uleb128 0x3
 107 0051 8A060000 		.4byte	.LASF5
 108 0055 03       		.byte	0x3
 109 0056 2B       		.byte	0x2b
 110 0057 5B000000 		.4byte	0x5b
 111 005b 02       		.uleb128 0x2
 112 005c 02       		.byte	0x2
 113 005d 07       		.byte	0x7
 114 005e D5060000 		.4byte	.LASF6
 115 0062 02       		.uleb128 0x2
 116 0063 04       		.byte	0x4
 117 0064 05       		.byte	0x5
 118 0065 CF010000 		.4byte	.LASF7
 119 0069 03       		.uleb128 0x3
 120 006a 77020000 		.4byte	.LASF8
 121 006e 03       		.byte	0x3
 122 006f 41       		.byte	0x41
 123 0070 74000000 		.4byte	0x74
 124 0074 02       		.uleb128 0x2
 125 0075 04       		.byte	0x4
 126 0076 07       		.byte	0x7
 127 0077 20030000 		.4byte	.LASF9
 128 007b 02       		.uleb128 0x2
 129 007c 08       		.byte	0x8
 130 007d 05       		.byte	0x5
 131 007e 5E010000 		.4byte	.LASF10
 132 0082 02       		.uleb128 0x2
 133 0083 08       		.byte	0x8
 134 0084 07       		.byte	0x7
 135 0085 E3000000 		.4byte	.LASF11
 136 0089 04       		.uleb128 0x4
ARM GAS  C:\Users\User\AppData\Local\Temp\cc70PheG.s 			page 6


 137 008a 04       		.byte	0x4
 138 008b 05       		.byte	0x5
 139 008c 696E7400 		.ascii	"int\000"
 140 0090 02       		.uleb128 0x2
 141 0091 04       		.byte	0x4
 142 0092 07       		.byte	0x7
 143 0093 E4020000 		.4byte	.LASF12
 144 0097 03       		.uleb128 0x3
 145 0098 B7070000 		.4byte	.LASF13
 146 009c 04       		.byte	0x4
 147 009d 18       		.byte	0x18
 148 009e 3A000000 		.4byte	0x3a
 149 00a2 03       		.uleb128 0x3
 150 00a3 56010000 		.4byte	.LASF14
 151 00a7 04       		.byte	0x4
 152 00a8 20       		.byte	0x20
 153 00a9 45000000 		.4byte	0x45
 154 00ad 03       		.uleb128 0x3
 155 00ae F1020000 		.4byte	.LASF15
 156 00b2 04       		.byte	0x4
 157 00b3 24       		.byte	0x24
 158 00b4 50000000 		.4byte	0x50
 159 00b8 03       		.uleb128 0x3
 160 00b9 AF050000 		.4byte	.LASF16
 161 00bd 04       		.byte	0x4
 162 00be 30       		.byte	0x30
 163 00bf 69000000 		.4byte	0x69
 164 00c3 02       		.uleb128 0x2
 165 00c4 04       		.byte	0x4
 166 00c5 07       		.byte	0x7
 167 00c6 4D040000 		.4byte	.LASF17
 168 00ca 05       		.uleb128 0x5
 169 00cb B8000000 		.4byte	0xb8
 170 00cf 02       		.uleb128 0x2
 171 00d0 08       		.byte	0x8
 172 00d1 04       		.byte	0x4
 173 00d2 5F060000 		.4byte	.LASF18
 174 00d6 06       		.uleb128 0x6
 175 00d7 B8       		.byte	0xb8
 176 00d8 05       		.byte	0x5
 177 00d9 34       		.byte	0x34
 178 00da E7040000 		.4byte	0x4e7
 179 00de 07       		.uleb128 0x7
 180 00df CA000000 		.4byte	.LASF19
 181 00e3 05       		.byte	0x5
 182 00e4 37       		.byte	0x37
 183 00e5 B8000000 		.4byte	0xb8
 184 00e9 00       		.byte	0
 185 00ea 07       		.uleb128 0x7
 186 00eb 6C020000 		.4byte	.LASF20
 187 00ef 05       		.byte	0x5
 188 00f0 38       		.byte	0x38
 189 00f1 B8000000 		.4byte	0xb8
 190 00f5 04       		.byte	0x4
 191 00f6 07       		.uleb128 0x7
 192 00f7 F5010000 		.4byte	.LASF21
 193 00fb 05       		.byte	0x5
ARM GAS  C:\Users\User\AppData\Local\Temp\cc70PheG.s 			page 7


 194 00fc 39       		.byte	0x39
 195 00fd B8000000 		.4byte	0xb8
 196 0101 08       		.byte	0x8
 197 0102 07       		.uleb128 0x7
 198 0103 43050000 		.4byte	.LASF22
 199 0107 05       		.byte	0x5
 200 0108 3A       		.byte	0x3a
 201 0109 B8000000 		.4byte	0xb8
 202 010d 0C       		.byte	0xc
 203 010e 07       		.uleb128 0x7
 204 010f 8D010000 		.4byte	.LASF23
 205 0113 05       		.byte	0x5
 206 0114 3B       		.byte	0x3b
 207 0115 B8000000 		.4byte	0xb8
 208 0119 10       		.byte	0x10
 209 011a 07       		.uleb128 0x7
 210 011b C5010000 		.4byte	.LASF24
 211 011f 05       		.byte	0x5
 212 0120 3C       		.byte	0x3c
 213 0121 B8000000 		.4byte	0xb8
 214 0125 14       		.byte	0x14
 215 0126 07       		.uleb128 0x7
 216 0127 5C030000 		.4byte	.LASF25
 217 012b 05       		.byte	0x5
 218 012c 3D       		.byte	0x3d
 219 012d B8000000 		.4byte	0xb8
 220 0131 18       		.byte	0x18
 221 0132 07       		.uleb128 0x7
 222 0133 71000000 		.4byte	.LASF26
 223 0137 05       		.byte	0x5
 224 0138 3E       		.byte	0x3e
 225 0139 B8000000 		.4byte	0xb8
 226 013d 1C       		.byte	0x1c
 227 013e 07       		.uleb128 0x7
 228 013f 20080000 		.4byte	.LASF27
 229 0143 05       		.byte	0x5
 230 0144 3F       		.byte	0x3f
 231 0145 B8000000 		.4byte	0xb8
 232 0149 20       		.byte	0x20
 233 014a 07       		.uleb128 0x7
 234 014b CA040000 		.4byte	.LASF28
 235 014f 05       		.byte	0x5
 236 0150 40       		.byte	0x40
 237 0151 B8000000 		.4byte	0xb8
 238 0155 24       		.byte	0x24
 239 0156 07       		.uleb128 0x7
 240 0157 1F040000 		.4byte	.LASF29
 241 015b 05       		.byte	0x5
 242 015c 43       		.byte	0x43
 243 015d 97000000 		.4byte	0x97
 244 0161 28       		.byte	0x28
 245 0162 07       		.uleb128 0x7
 246 0163 57000000 		.4byte	.LASF30
 247 0167 05       		.byte	0x5
 248 0168 44       		.byte	0x44
 249 0169 97000000 		.4byte	0x97
 250 016d 29       		.byte	0x29
ARM GAS  C:\Users\User\AppData\Local\Temp\cc70PheG.s 			page 8


 251 016e 07       		.uleb128 0x7
 252 016f 16080000 		.4byte	.LASF31
 253 0173 05       		.byte	0x5
 254 0174 45       		.byte	0x45
 255 0175 97000000 		.4byte	0x97
 256 0179 2A       		.byte	0x2a
 257 017a 07       		.uleb128 0x7
 258 017b BC040000 		.4byte	.LASF32
 259 017f 05       		.byte	0x5
 260 0180 46       		.byte	0x46
 261 0181 97000000 		.4byte	0x97
 262 0185 2B       		.byte	0x2b
 263 0186 07       		.uleb128 0x7
 264 0187 BC030000 		.4byte	.LASF33
 265 018b 05       		.byte	0x5
 266 018c 47       		.byte	0x47
 267 018d 97000000 		.4byte	0x97
 268 0191 2C       		.byte	0x2c
 269 0192 07       		.uleb128 0x7
 270 0193 A8060000 		.4byte	.LASF34
 271 0197 05       		.byte	0x5
 272 0198 48       		.byte	0x48
 273 0199 97000000 		.4byte	0x97
 274 019d 2D       		.byte	0x2d
 275 019e 07       		.uleb128 0x7
 276 019f 96010000 		.4byte	.LASF35
 277 01a3 05       		.byte	0x5
 278 01a4 49       		.byte	0x49
 279 01a5 97000000 		.4byte	0x97
 280 01a9 2E       		.byte	0x2e
 281 01aa 07       		.uleb128 0x7
 282 01ab 2C040000 		.4byte	.LASF36
 283 01af 05       		.byte	0x5
 284 01b0 4A       		.byte	0x4a
 285 01b1 97000000 		.4byte	0x97
 286 01b5 2F       		.byte	0x2f
 287 01b6 07       		.uleb128 0x7
 288 01b7 70060000 		.4byte	.LASF37
 289 01bb 05       		.byte	0x5
 290 01bc 4B       		.byte	0x4b
 291 01bd 97000000 		.4byte	0x97
 292 01c1 30       		.byte	0x30
 293 01c2 07       		.uleb128 0x7
 294 01c3 51030000 		.4byte	.LASF38
 295 01c7 05       		.byte	0x5
 296 01c8 4E       		.byte	0x4e
 297 01c9 97000000 		.4byte	0x97
 298 01cd 31       		.byte	0x31
 299 01ce 07       		.uleb128 0x7
 300 01cf 86000000 		.4byte	.LASF39
 301 01d3 05       		.byte	0x5
 302 01d4 4F       		.byte	0x4f
 303 01d5 97000000 		.4byte	0x97
 304 01d9 32       		.byte	0x32
 305 01da 07       		.uleb128 0x7
 306 01db D8020000 		.4byte	.LASF40
 307 01df 05       		.byte	0x5
ARM GAS  C:\Users\User\AppData\Local\Temp\cc70PheG.s 			page 9


 308 01e0 50       		.byte	0x50
 309 01e1 97000000 		.4byte	0x97
 310 01e5 33       		.byte	0x33
 311 01e6 07       		.uleb128 0x7
 312 01e7 61040000 		.4byte	.LASF41
 313 01eb 05       		.byte	0x5
 314 01ec 51       		.byte	0x51
 315 01ed 97000000 		.4byte	0x97
 316 01f1 34       		.byte	0x34
 317 01f2 07       		.uleb128 0x7
 318 01f3 FF060000 		.4byte	.LASF42
 319 01f7 05       		.byte	0x5
 320 01f8 52       		.byte	0x52
 321 01f9 A2000000 		.4byte	0xa2
 322 01fd 36       		.byte	0x36
 323 01fe 07       		.uleb128 0x7
 324 01ff 0F020000 		.4byte	.LASF43
 325 0203 05       		.byte	0x5
 326 0204 53       		.byte	0x53
 327 0205 A2000000 		.4byte	0xa2
 328 0209 38       		.byte	0x38
 329 020a 07       		.uleb128 0x7
 330 020b 92070000 		.4byte	.LASF44
 331 020f 05       		.byte	0x5
 332 0210 54       		.byte	0x54
 333 0211 A2000000 		.4byte	0xa2
 334 0215 3A       		.byte	0x3a
 335 0216 07       		.uleb128 0x7
 336 0217 B6010000 		.4byte	.LASF45
 337 021b 05       		.byte	0x5
 338 021c 55       		.byte	0x55
 339 021d 97000000 		.4byte	0x97
 340 0221 3C       		.byte	0x3c
 341 0222 07       		.uleb128 0x7
 342 0223 36020000 		.4byte	.LASF46
 343 0227 05       		.byte	0x5
 344 0228 56       		.byte	0x56
 345 0229 97000000 		.4byte	0x97
 346 022d 3D       		.byte	0x3d
 347 022e 07       		.uleb128 0x7
 348 022f 91050000 		.4byte	.LASF47
 349 0233 05       		.byte	0x5
 350 0234 57       		.byte	0x57
 351 0235 97000000 		.4byte	0x97
 352 0239 3E       		.byte	0x3e
 353 023a 07       		.uleb128 0x7
 354 023b 65000000 		.4byte	.LASF48
 355 023f 05       		.byte	0x5
 356 0240 58       		.byte	0x58
 357 0241 97000000 		.4byte	0x97
 358 0245 3F       		.byte	0x3f
 359 0246 07       		.uleb128 0x7
 360 0247 D5040000 		.4byte	.LASF49
 361 024b 05       		.byte	0x5
 362 024c 59       		.byte	0x59
 363 024d 97000000 		.4byte	0x97
 364 0251 40       		.byte	0x40
ARM GAS  C:\Users\User\AppData\Local\Temp\cc70PheG.s 			page 10


 365 0252 07       		.uleb128 0x7
 366 0253 82020000 		.4byte	.LASF50
 367 0257 05       		.byte	0x5
 368 0258 5A       		.byte	0x5a
 369 0259 97000000 		.4byte	0x97
 370 025d 41       		.byte	0x41
 371 025e 07       		.uleb128 0x7
 372 025f D8030000 		.4byte	.LASF51
 373 0263 05       		.byte	0x5
 374 0264 5B       		.byte	0x5b
 375 0265 97000000 		.4byte	0x97
 376 0269 42       		.byte	0x42
 377 026a 07       		.uleb128 0x7
 378 026b A8040000 		.4byte	.LASF52
 379 026f 05       		.byte	0x5
 380 0270 5C       		.byte	0x5c
 381 0271 97000000 		.4byte	0x97
 382 0275 43       		.byte	0x43
 383 0276 07       		.uleb128 0x7
 384 0277 FE010000 		.4byte	.LASF53
 385 027b 05       		.byte	0x5
 386 027c 5D       		.byte	0x5d
 387 027d 97000000 		.4byte	0x97
 388 0281 44       		.byte	0x44
 389 0282 07       		.uleb128 0x7
 390 0283 00000000 		.4byte	.LASF54
 391 0287 05       		.byte	0x5
 392 0288 5E       		.byte	0x5e
 393 0289 B8000000 		.4byte	0xb8
 394 028d 48       		.byte	0x48
 395 028e 07       		.uleb128 0x7
 396 028f E7010000 		.4byte	.LASF55
 397 0293 05       		.byte	0x5
 398 0294 5F       		.byte	0x5f
 399 0295 B8000000 		.4byte	0xb8
 400 0299 4C       		.byte	0x4c
 401 029a 07       		.uleb128 0x7
 402 029b 56080000 		.4byte	.LASF56
 403 029f 05       		.byte	0x5
 404 02a0 60       		.byte	0x60
 405 02a1 97000000 		.4byte	0x97
 406 02a5 50       		.byte	0x50
 407 02a6 07       		.uleb128 0x7
 408 02a7 30010000 		.4byte	.LASF57
 409 02ab 05       		.byte	0x5
 410 02ac 61       		.byte	0x61
 411 02ad 97000000 		.4byte	0x97
 412 02b1 51       		.byte	0x51
 413 02b2 07       		.uleb128 0x7
 414 02b3 A7070000 		.4byte	.LASF58
 415 02b7 05       		.byte	0x5
 416 02b8 62       		.byte	0x62
 417 02b9 97000000 		.4byte	0x97
 418 02bd 52       		.byte	0x52
 419 02be 07       		.uleb128 0x7
 420 02bf B5060000 		.4byte	.LASF59
 421 02c3 05       		.byte	0x5
ARM GAS  C:\Users\User\AppData\Local\Temp\cc70PheG.s 			page 11


 422 02c4 63       		.byte	0x63
 423 02c5 97000000 		.4byte	0x97
 424 02c9 53       		.byte	0x53
 425 02ca 07       		.uleb128 0x7
 426 02cb 9F050000 		.4byte	.LASF60
 427 02cf 05       		.byte	0x5
 428 02d0 64       		.byte	0x64
 429 02d1 97000000 		.4byte	0x97
 430 02d5 54       		.byte	0x54
 431 02d6 07       		.uleb128 0x7
 432 02d7 42010000 		.4byte	.LASF61
 433 02db 05       		.byte	0x5
 434 02dc 65       		.byte	0x65
 435 02dd 97000000 		.4byte	0x97
 436 02e1 55       		.byte	0x55
 437 02e2 07       		.uleb128 0x7
 438 02e3 0C030000 		.4byte	.LASF62
 439 02e7 05       		.byte	0x5
 440 02e8 66       		.byte	0x66
 441 02e9 97000000 		.4byte	0x97
 442 02ed 56       		.byte	0x56
 443 02ee 07       		.uleb128 0x7
 444 02ef 65030000 		.4byte	.LASF63
 445 02f3 05       		.byte	0x5
 446 02f4 67       		.byte	0x67
 447 02f5 97000000 		.4byte	0x97
 448 02f9 57       		.byte	0x57
 449 02fa 07       		.uleb128 0x7
 450 02fb 1C000000 		.4byte	.LASF64
 451 02ff 05       		.byte	0x5
 452 0300 68       		.byte	0x68
 453 0301 97000000 		.4byte	0x97
 454 0305 58       		.byte	0x58
 455 0306 07       		.uleb128 0x7
 456 0307 5F050000 		.4byte	.LASF65
 457 030b 05       		.byte	0x5
 458 030c 69       		.byte	0x69
 459 030d 97000000 		.4byte	0x97
 460 0311 59       		.byte	0x59
 461 0312 07       		.uleb128 0x7
 462 0313 56040000 		.4byte	.LASF66
 463 0317 05       		.byte	0x5
 464 0318 6E       		.byte	0x6e
 465 0319 AD000000 		.4byte	0xad
 466 031d 5A       		.byte	0x5a
 467 031e 07       		.uleb128 0x7
 468 031f E8060000 		.4byte	.LASF67
 469 0323 05       		.byte	0x5
 470 0324 6F       		.byte	0x6f
 471 0325 AD000000 		.4byte	0xad
 472 0329 5C       		.byte	0x5c
 473 032a 07       		.uleb128 0x7
 474 032b D4000000 		.4byte	.LASF68
 475 032f 05       		.byte	0x5
 476 0330 70       		.byte	0x70
 477 0331 97000000 		.4byte	0x97
 478 0335 5E       		.byte	0x5e
ARM GAS  C:\Users\User\AppData\Local\Temp\cc70PheG.s 			page 12


 479 0336 07       		.uleb128 0x7
 480 0337 1C050000 		.4byte	.LASF69
 481 033b 05       		.byte	0x5
 482 033c 71       		.byte	0x71
 483 033d 97000000 		.4byte	0x97
 484 0341 5F       		.byte	0x5f
 485 0342 07       		.uleb128 0x7
 486 0343 97040000 		.4byte	.LASF70
 487 0347 05       		.byte	0x5
 488 0348 72       		.byte	0x72
 489 0349 97000000 		.4byte	0x97
 490 034d 60       		.byte	0x60
 491 034e 07       		.uleb128 0x7
 492 034f F5040000 		.4byte	.LASF71
 493 0353 05       		.byte	0x5
 494 0354 73       		.byte	0x73
 495 0355 B8000000 		.4byte	0xb8
 496 0359 64       		.byte	0x64
 497 035a 07       		.uleb128 0x7
 498 035b FA000000 		.4byte	.LASF72
 499 035f 05       		.byte	0x5
 500 0360 76       		.byte	0x76
 501 0361 AD000000 		.4byte	0xad
 502 0365 68       		.byte	0x68
 503 0366 07       		.uleb128 0x7
 504 0367 FA020000 		.4byte	.LASF73
 505 036b 05       		.byte	0x5
 506 036c 77       		.byte	0x77
 507 036d AD000000 		.4byte	0xad
 508 0371 6A       		.byte	0x6a
 509 0372 07       		.uleb128 0x7
 510 0373 79030000 		.4byte	.LASF74
 511 0377 05       		.byte	0x5
 512 0378 78       		.byte	0x78
 513 0379 AD000000 		.4byte	0xad
 514 037d 6C       		.byte	0x6c
 515 037e 07       		.uleb128 0x7
 516 037f 9F030000 		.4byte	.LASF75
 517 0383 05       		.byte	0x5
 518 0384 79       		.byte	0x79
 519 0385 AD000000 		.4byte	0xad
 520 0389 6E       		.byte	0x6e
 521 038a 07       		.uleb128 0x7
 522 038b 7D050000 		.4byte	.LASF76
 523 038f 05       		.byte	0x5
 524 0390 7B       		.byte	0x7b
 525 0391 97000000 		.4byte	0x97
 526 0395 70       		.byte	0x70
 527 0396 07       		.uleb128 0x7
 528 0397 78010000 		.4byte	.LASF77
 529 039b 05       		.byte	0x5
 530 039c 7C       		.byte	0x7c
 531 039d 97000000 		.4byte	0x97
 532 03a1 71       		.byte	0x71
 533 03a2 07       		.uleb128 0x7
 534 03a3 28080000 		.4byte	.LASF78
 535 03a7 05       		.byte	0x5
ARM GAS  C:\Users\User\AppData\Local\Temp\cc70PheG.s 			page 13


 536 03a8 7D       		.byte	0x7d
 537 03a9 97000000 		.4byte	0x97
 538 03ad 72       		.byte	0x72
 539 03ae 07       		.uleb128 0x7
 540 03af 72040000 		.4byte	.LASF79
 541 03b3 05       		.byte	0x5
 542 03b4 7E       		.byte	0x7e
 543 03b5 97000000 		.4byte	0x97
 544 03b9 73       		.byte	0x73
 545 03ba 07       		.uleb128 0x7
 546 03bb 46020000 		.4byte	.LASF80
 547 03bf 05       		.byte	0x5
 548 03c0 80       		.byte	0x80
 549 03c1 AD000000 		.4byte	0xad
 550 03c5 74       		.byte	0x74
 551 03c6 07       		.uleb128 0x7
 552 03c7 95060000 		.4byte	.LASF81
 553 03cb 05       		.byte	0x5
 554 03cc 81       		.byte	0x81
 555 03cd AD000000 		.4byte	0xad
 556 03d1 76       		.byte	0x76
 557 03d2 07       		.uleb128 0x7
 558 03d3 21020000 		.4byte	.LASF82
 559 03d7 05       		.byte	0x5
 560 03d8 82       		.byte	0x82
 561 03d9 AD000000 		.4byte	0xad
 562 03dd 78       		.byte	0x78
 563 03de 07       		.uleb128 0x7
 564 03df 9E000000 		.4byte	.LASF83
 565 03e3 05       		.byte	0x5
 566 03e4 83       		.byte	0x83
 567 03e5 AD000000 		.4byte	0xad
 568 03e9 7A       		.byte	0x7a
 569 03ea 07       		.uleb128 0x7
 570 03eb D4070000 		.4byte	.LASF84
 571 03ef 05       		.byte	0x5
 572 03f0 86       		.byte	0x86
 573 03f1 97000000 		.4byte	0x97
 574 03f5 7C       		.byte	0x7c
 575 03f6 07       		.uleb128 0x7
 576 03f7 0C070000 		.4byte	.LASF85
 577 03fb 05       		.byte	0x5
 578 03fc 87       		.byte	0x87
 579 03fd 97000000 		.4byte	0x97
 580 0401 7D       		.byte	0x7d
 581 0402 07       		.uleb128 0x7
 582 0403 30000000 		.4byte	.LASF86
 583 0407 05       		.byte	0x5
 584 0408 88       		.byte	0x88
 585 0409 97000000 		.4byte	0x97
 586 040d 7E       		.byte	0x7e
 587 040e 07       		.uleb128 0x7
 588 040f 58020000 		.4byte	.LASF87
 589 0413 05       		.byte	0x5
 590 0414 89       		.byte	0x89
 591 0415 97000000 		.4byte	0x97
 592 0419 7F       		.byte	0x7f
ARM GAS  C:\Users\User\AppData\Local\Temp\cc70PheG.s 			page 14


 593 041a 07       		.uleb128 0x7
 594 041b C4020000 		.4byte	.LASF88
 595 041f 05       		.byte	0x5
 596 0420 8A       		.byte	0x8a
 597 0421 97000000 		.4byte	0x97
 598 0425 80       		.byte	0x80
 599 0426 07       		.uleb128 0x7
 600 0427 08040000 		.4byte	.LASF89
 601 042b 05       		.byte	0x5
 602 042c 8D       		.byte	0x8d
 603 042d B8000000 		.4byte	0xb8
 604 0431 84       		.byte	0x84
 605 0432 07       		.uleb128 0x7
 606 0433 B3000000 		.4byte	.LASF90
 607 0437 05       		.byte	0x5
 608 0438 8E       		.byte	0x8e
 609 0439 B8000000 		.4byte	0xb8
 610 043d 88       		.byte	0x88
 611 043e 07       		.uleb128 0x7
 612 043f BF070000 		.4byte	.LASF91
 613 0443 05       		.byte	0x5
 614 0444 8F       		.byte	0x8f
 615 0445 B8000000 		.4byte	0xb8
 616 0449 8C       		.byte	0x8c
 617 044a 07       		.uleb128 0x7
 618 044b 38040000 		.4byte	.LASF92
 619 044f 05       		.byte	0x5
 620 0450 90       		.byte	0x90
 621 0451 B8000000 		.4byte	0xb8
 622 0455 90       		.byte	0x90
 623 0456 07       		.uleb128 0x7
 624 0457 A5020000 		.4byte	.LASF93
 625 045b 05       		.byte	0x5
 626 045c 91       		.byte	0x91
 627 045d B8000000 		.4byte	0xb8
 628 0461 94       		.byte	0x94
 629 0462 07       		.uleb128 0x7
 630 0463 F2030000 		.4byte	.LASF94
 631 0467 05       		.byte	0x5
 632 0468 92       		.byte	0x92
 633 0469 B8000000 		.4byte	0xb8
 634 046d 98       		.byte	0x98
 635 046e 07       		.uleb128 0x7
 636 046f F7070000 		.4byte	.LASF95
 637 0473 05       		.byte	0x5
 638 0474 93       		.byte	0x93
 639 0475 B8000000 		.4byte	0xb8
 640 0479 9C       		.byte	0x9c
 641 047a 07       		.uleb128 0x7
 642 047b 14010000 		.4byte	.LASF96
 643 047f 05       		.byte	0x5
 644 0480 94       		.byte	0x94
 645 0481 B8000000 		.4byte	0xb8
 646 0485 A0       		.byte	0xa0
 647 0486 07       		.uleb128 0x7
 648 0487 A1010000 		.4byte	.LASF97
 649 048b 05       		.byte	0x5
ARM GAS  C:\Users\User\AppData\Local\Temp\cc70PheG.s 			page 15


 650 048c 95       		.byte	0x95
 651 048d AD000000 		.4byte	0xad
 652 0491 A4       		.byte	0xa4
 653 0492 07       		.uleb128 0x7
 654 0493 B8050000 		.4byte	.LASF98
 655 0497 05       		.byte	0x5
 656 0498 96       		.byte	0x96
 657 0499 AD000000 		.4byte	0xad
 658 049d A6       		.byte	0xa6
 659 049e 07       		.uleb128 0x7
 660 049f 10050000 		.4byte	.LASF99
 661 04a3 05       		.byte	0x5
 662 04a4 97       		.byte	0x97
 663 04a5 AD000000 		.4byte	0xad
 664 04a9 A8       		.byte	0xa8
 665 04aa 07       		.uleb128 0x7
 666 04ab 7C060000 		.4byte	.LASF100
 667 04af 05       		.byte	0x5
 668 04b0 98       		.byte	0x98
 669 04b1 AD000000 		.4byte	0xad
 670 04b5 AA       		.byte	0xaa
 671 04b6 07       		.uleb128 0x7
 672 04b7 88030000 		.4byte	.LASF101
 673 04bb 05       		.byte	0x5
 674 04bc 99       		.byte	0x99
 675 04bd AD000000 		.4byte	0xad
 676 04c1 AC       		.byte	0xac
 677 04c2 07       		.uleb128 0x7
 678 04c3 89040000 		.4byte	.LASF102
 679 04c7 05       		.byte	0x5
 680 04c8 9A       		.byte	0x9a
 681 04c9 AD000000 		.4byte	0xad
 682 04cd AE       		.byte	0xae
 683 04ce 07       		.uleb128 0x7
 684 04cf F1060000 		.4byte	.LASF103
 685 04d3 05       		.byte	0x5
 686 04d4 9D       		.byte	0x9d
 687 04d5 AD000000 		.4byte	0xad
 688 04d9 B0       		.byte	0xb0
 689 04da 07       		.uleb128 0x7
 690 04db 43000000 		.4byte	.LASF104
 691 04df 05       		.byte	0x5
 692 04e0 9E       		.byte	0x9e
 693 04e1 B8000000 		.4byte	0xb8
 694 04e5 B4       		.byte	0xb4
 695 04e6 00       		.byte	0
 696 04e7 03       		.uleb128 0x3
 697 04e8 C8030000 		.4byte	.LASF105
 698 04ec 05       		.byte	0x5
 699 04ed 9F       		.byte	0x9f
 700 04ee D6000000 		.4byte	0xd6
 701 04f2 02       		.uleb128 0x2
 702 04f3 01       		.byte	0x1
 703 04f4 08       		.byte	0x8
 704 04f5 6B060000 		.4byte	.LASF106
 705 04f9 02       		.uleb128 0x2
 706 04fa 04       		.byte	0x4
ARM GAS  C:\Users\User\AppData\Local\Temp\cc70PheG.s 			page 16


 707 04fb 04       		.byte	0x4
 708 04fc EF040000 		.4byte	.LASF107
 709 0500 02       		.uleb128 0x2
 710 0501 08       		.byte	0x8
 711 0502 04       		.byte	0x4
 712 0503 1A020000 		.4byte	.LASF108
 713 0507 08       		.uleb128 0x8
 714 0508 04       		.byte	0x4
 715 0509 02       		.uleb128 0x2
 716 050a 01       		.byte	0x1
 717 050b 02       		.byte	0x2
 718 050c 4B050000 		.4byte	.LASF109
 719 0510 09       		.uleb128 0x9
 720 0511 04       		.byte	0x4
 721 0512 16050000 		.4byte	0x516
 722 0516 0A       		.uleb128 0xa
 723 0517 21050000 		.4byte	0x521
 724 051b 0B       		.uleb128 0xb
 725 051c B8000000 		.4byte	0xb8
 726 0520 00       		.byte	0
 727 0521 0C       		.uleb128 0xc
 728 0522 32030000 		.4byte	.LASF110
 729 0526 06       		.byte	0x6
 730 0527 D901     		.2byte	0x1d9
 731 0529 10050000 		.4byte	0x510
 732 052d 0D       		.uleb128 0xd
 733 052e 3E080000 		.4byte	.LASF131
 734 0532 38       		.byte	0x38
 735 0533 06       		.byte	0x6
 736 0534 7502     		.2byte	0x275
 737 0536 F1050000 		.4byte	0x5f1
 738 053a 0E       		.uleb128 0xe
 739 053b 0D080000 		.4byte	.LASF111
 740 053f 06       		.byte	0x6
 741 0540 7802     		.2byte	0x278
 742 0542 CA000000 		.4byte	0xca
 743 0546 00       		.byte	0
 744 0547 0E       		.uleb128 0xe
 745 0548 B3040000 		.4byte	.LASF112
 746 054c 06       		.byte	0x6
 747 054d 7902     		.2byte	0x279
 748 054f CA000000 		.4byte	0xca
 749 0553 04       		.byte	0x4
 750 0554 0E       		.uleb128 0xe
 751 0555 0A010000 		.4byte	.LASF113
 752 0559 06       		.byte	0x6
 753 055a 7B02     		.2byte	0x27b
 754 055c 07050000 		.4byte	0x507
 755 0560 08       		.byte	0x8
 756 0561 0E       		.uleb128 0xe
 757 0562 C7060000 		.4byte	.LASF114
 758 0566 06       		.byte	0x6
 759 0567 7C02     		.2byte	0x27c
 760 0569 B8000000 		.4byte	0xb8
 761 056d 0C       		.byte	0xc
 762 056e 0E       		.uleb128 0xe
 763 056f E4030000 		.4byte	.LASF115
ARM GAS  C:\Users\User\AppData\Local\Temp\cc70PheG.s 			page 17


 764 0573 06       		.byte	0x6
 765 0574 7D02     		.2byte	0x27d
 766 0576 CA000000 		.4byte	0xca
 767 057a 10       		.byte	0x10
 768 057b 0E       		.uleb128 0xe
 769 057c E9070000 		.4byte	.LASF116
 770 0580 06       		.byte	0x6
 771 0581 7E02     		.2byte	0x27e
 772 0583 CA000000 		.4byte	0xca
 773 0587 14       		.byte	0x14
 774 0588 0E       		.uleb128 0xe
 775 0589 25070000 		.4byte	.LASF117
 776 058d 06       		.byte	0x6
 777 058e 8002     		.2byte	0x280
 778 0590 07050000 		.4byte	0x507
 779 0594 18       		.byte	0x18
 780 0595 0E       		.uleb128 0xe
 781 0596 12000000 		.4byte	.LASF118
 782 059a 06       		.byte	0x6
 783 059b 8102     		.2byte	0x281
 784 059d B8000000 		.4byte	0xb8
 785 05a1 1C       		.byte	0x1c
 786 05a2 0E       		.uleb128 0xe
 787 05a3 9C020000 		.4byte	.LASF119
 788 05a7 06       		.byte	0x6
 789 05a8 8202     		.2byte	0x282
 790 05aa CA000000 		.4byte	0xca
 791 05ae 20       		.byte	0x20
 792 05af 0E       		.uleb128 0xe
 793 05b0 2A010000 		.4byte	.LASF120
 794 05b4 06       		.byte	0x6
 795 05b5 8402     		.2byte	0x284
 796 05b7 07050000 		.4byte	0x507
 797 05bb 24       		.byte	0x24
 798 05bc 0E       		.uleb128 0xe
 799 05bd BA020000 		.4byte	.LASF121
 800 05c1 06       		.byte	0x6
 801 05c2 8502     		.2byte	0x285
 802 05c4 B8000000 		.4byte	0xb8
 803 05c8 28       		.byte	0x28
 804 05c9 0E       		.uleb128 0xe
 805 05ca 32050000 		.4byte	.LASF122
 806 05ce 06       		.byte	0x6
 807 05cf 8602     		.2byte	0x286
 808 05d1 CA000000 		.4byte	0xca
 809 05d5 2C       		.byte	0x2c
 810 05d6 0E       		.uleb128 0xe
 811 05d7 96030000 		.4byte	.LASF123
 812 05db 06       		.byte	0x6
 813 05dc 8B02     		.2byte	0x28b
 814 05de 21050000 		.4byte	0x521
 815 05e2 30       		.byte	0x30
 816 05e3 0E       		.uleb128 0xe
 817 05e4 1D070000 		.4byte	.LASF124
 818 05e8 06       		.byte	0x6
 819 05e9 8E02     		.2byte	0x28e
 820 05eb B8000000 		.4byte	0xb8
ARM GAS  C:\Users\User\AppData\Local\Temp\cc70PheG.s 			page 18


 821 05ef 34       		.byte	0x34
 822 05f0 00       		.byte	0
 823 05f1 0C       		.uleb128 0xc
 824 05f2 78070000 		.4byte	.LASF125
 825 05f6 06       		.byte	0x6
 826 05f7 9102     		.2byte	0x291
 827 05f9 2D050000 		.4byte	0x52d
 828 05fd 0F       		.uleb128 0xf
 829 05fe E2040000 		.4byte	.LASF132
 830 0602 02       		.byte	0x2
 831 0603 81       		.byte	0x81
 832 0604 03       		.byte	0x3
 833 0605 10       		.uleb128 0x10
 834 0606 41020000 		.4byte	.LASF133
 835 060a 01       		.byte	0x1
 836 060b 0E       		.byte	0xe
 837 060c 89000000 		.4byte	0x89
 838 0610 00000000 		.4byte	.LFB392
 839 0614 10000000 		.4byte	.LFE392-.LFB392
 840 0618 01       		.uleb128 0x1
 841 0619 9C       		.byte	0x9c
 842 061a 41060000 		.4byte	0x641
 843 061e 11       		.uleb128 0x11
 844 061f FD050000 		.4byte	0x5fd
 845 0623 02000000 		.4byte	.LBB4
 846 0627 02000000 		.4byte	.LBE4-.LBB4
 847 062b 01       		.byte	0x1
 848 062c 10       		.byte	0x10
 849 062d 12       		.uleb128 0x12
 850 062e 0A000000 		.4byte	.LVL0
 851 0632 62060000 		.4byte	0x662
 852 0636 13       		.uleb128 0x13
 853 0637 01       		.uleb128 0x1
 854 0638 50       		.byte	0x50
 855 0639 05       		.uleb128 0x5
 856 063a 0C       		.byte	0xc
 857 063b 00000810 		.4byte	0x10080000
 858 063f 00       		.byte	0
 859 0640 00       		.byte	0
 860 0641 14       		.uleb128 0x14
 861 0642 06050000 		.4byte	.LASF126
 862 0646 05       		.byte	0x5
 863 0647 A7       		.byte	0xa7
 864 0648 4C060000 		.4byte	0x64c
 865 064c 09       		.uleb128 0x9
 866 064d 04       		.byte	0x4
 867 064e 52060000 		.4byte	0x652
 868 0652 15       		.uleb128 0x15
 869 0653 E7040000 		.4byte	0x4e7
 870 0657 14       		.uleb128 0x14
 871 0658 D8010000 		.4byte	.LASF127
 872 065c 07       		.byte	0x7
 873 065d 87       		.byte	0x87
 874 065e F1050000 		.4byte	0x5f1
 875 0662 16       		.uleb128 0x16
 876 0663 AC030000 		.4byte	.LASF134
 877 0667 AC030000 		.4byte	.LASF134
ARM GAS  C:\Users\User\AppData\Local\Temp\cc70PheG.s 			page 19


 878 066b 08       		.byte	0x8
 879 066c 2502     		.2byte	0x225
 880 066e 00       		.byte	0
 881              		.section	.debug_abbrev,"",%progbits
 882              	.Ldebug_abbrev0:
 883 0000 01       		.uleb128 0x1
 884 0001 11       		.uleb128 0x11
 885 0002 01       		.byte	0x1
 886 0003 25       		.uleb128 0x25
 887 0004 0E       		.uleb128 0xe
 888 0005 13       		.uleb128 0x13
 889 0006 0B       		.uleb128 0xb
 890 0007 03       		.uleb128 0x3
 891 0008 0E       		.uleb128 0xe
 892 0009 1B       		.uleb128 0x1b
 893 000a 0E       		.uleb128 0xe
 894 000b 55       		.uleb128 0x55
 895 000c 17       		.uleb128 0x17
 896 000d 11       		.uleb128 0x11
 897 000e 01       		.uleb128 0x1
 898 000f 10       		.uleb128 0x10
 899 0010 17       		.uleb128 0x17
 900 0011 00       		.byte	0
 901 0012 00       		.byte	0
 902 0013 02       		.uleb128 0x2
 903 0014 24       		.uleb128 0x24
 904 0015 00       		.byte	0
 905 0016 0B       		.uleb128 0xb
 906 0017 0B       		.uleb128 0xb
 907 0018 3E       		.uleb128 0x3e
 908 0019 0B       		.uleb128 0xb
 909 001a 03       		.uleb128 0x3
 910 001b 0E       		.uleb128 0xe
 911 001c 00       		.byte	0
 912 001d 00       		.byte	0
 913 001e 03       		.uleb128 0x3
 914 001f 16       		.uleb128 0x16
 915 0020 00       		.byte	0
 916 0021 03       		.uleb128 0x3
 917 0022 0E       		.uleb128 0xe
 918 0023 3A       		.uleb128 0x3a
 919 0024 0B       		.uleb128 0xb
 920 0025 3B       		.uleb128 0x3b
 921 0026 0B       		.uleb128 0xb
 922 0027 49       		.uleb128 0x49
 923 0028 13       		.uleb128 0x13
 924 0029 00       		.byte	0
 925 002a 00       		.byte	0
 926 002b 04       		.uleb128 0x4
 927 002c 24       		.uleb128 0x24
 928 002d 00       		.byte	0
 929 002e 0B       		.uleb128 0xb
 930 002f 0B       		.uleb128 0xb
 931 0030 3E       		.uleb128 0x3e
 932 0031 0B       		.uleb128 0xb
 933 0032 03       		.uleb128 0x3
 934 0033 08       		.uleb128 0x8
ARM GAS  C:\Users\User\AppData\Local\Temp\cc70PheG.s 			page 20


 935 0034 00       		.byte	0
 936 0035 00       		.byte	0
 937 0036 05       		.uleb128 0x5
 938 0037 35       		.uleb128 0x35
 939 0038 00       		.byte	0
 940 0039 49       		.uleb128 0x49
 941 003a 13       		.uleb128 0x13
 942 003b 00       		.byte	0
 943 003c 00       		.byte	0
 944 003d 06       		.uleb128 0x6
 945 003e 13       		.uleb128 0x13
 946 003f 01       		.byte	0x1
 947 0040 0B       		.uleb128 0xb
 948 0041 0B       		.uleb128 0xb
 949 0042 3A       		.uleb128 0x3a
 950 0043 0B       		.uleb128 0xb
 951 0044 3B       		.uleb128 0x3b
 952 0045 0B       		.uleb128 0xb
 953 0046 01       		.uleb128 0x1
 954 0047 13       		.uleb128 0x13
 955 0048 00       		.byte	0
 956 0049 00       		.byte	0
 957 004a 07       		.uleb128 0x7
 958 004b 0D       		.uleb128 0xd
 959 004c 00       		.byte	0
 960 004d 03       		.uleb128 0x3
 961 004e 0E       		.uleb128 0xe
 962 004f 3A       		.uleb128 0x3a
 963 0050 0B       		.uleb128 0xb
 964 0051 3B       		.uleb128 0x3b
 965 0052 0B       		.uleb128 0xb
 966 0053 49       		.uleb128 0x49
 967 0054 13       		.uleb128 0x13
 968 0055 38       		.uleb128 0x38
 969 0056 0B       		.uleb128 0xb
 970 0057 00       		.byte	0
 971 0058 00       		.byte	0
 972 0059 08       		.uleb128 0x8
 973 005a 0F       		.uleb128 0xf
 974 005b 00       		.byte	0
 975 005c 0B       		.uleb128 0xb
 976 005d 0B       		.uleb128 0xb
 977 005e 00       		.byte	0
 978 005f 00       		.byte	0
 979 0060 09       		.uleb128 0x9
 980 0061 0F       		.uleb128 0xf
 981 0062 00       		.byte	0
 982 0063 0B       		.uleb128 0xb
 983 0064 0B       		.uleb128 0xb
 984 0065 49       		.uleb128 0x49
 985 0066 13       		.uleb128 0x13
 986 0067 00       		.byte	0
 987 0068 00       		.byte	0
 988 0069 0A       		.uleb128 0xa
 989 006a 15       		.uleb128 0x15
 990 006b 01       		.byte	0x1
 991 006c 27       		.uleb128 0x27
ARM GAS  C:\Users\User\AppData\Local\Temp\cc70PheG.s 			page 21


 992 006d 19       		.uleb128 0x19
 993 006e 01       		.uleb128 0x1
 994 006f 13       		.uleb128 0x13
 995 0070 00       		.byte	0
 996 0071 00       		.byte	0
 997 0072 0B       		.uleb128 0xb
 998 0073 05       		.uleb128 0x5
 999 0074 00       		.byte	0
 1000 0075 49       		.uleb128 0x49
 1001 0076 13       		.uleb128 0x13
 1002 0077 00       		.byte	0
 1003 0078 00       		.byte	0
 1004 0079 0C       		.uleb128 0xc
 1005 007a 16       		.uleb128 0x16
 1006 007b 00       		.byte	0
 1007 007c 03       		.uleb128 0x3
 1008 007d 0E       		.uleb128 0xe
 1009 007e 3A       		.uleb128 0x3a
 1010 007f 0B       		.uleb128 0xb
 1011 0080 3B       		.uleb128 0x3b
 1012 0081 05       		.uleb128 0x5
 1013 0082 49       		.uleb128 0x49
 1014 0083 13       		.uleb128 0x13
 1015 0084 00       		.byte	0
 1016 0085 00       		.byte	0
 1017 0086 0D       		.uleb128 0xd
 1018 0087 13       		.uleb128 0x13
 1019 0088 01       		.byte	0x1
 1020 0089 03       		.uleb128 0x3
 1021 008a 0E       		.uleb128 0xe
 1022 008b 0B       		.uleb128 0xb
 1023 008c 0B       		.uleb128 0xb
 1024 008d 3A       		.uleb128 0x3a
 1025 008e 0B       		.uleb128 0xb
 1026 008f 3B       		.uleb128 0x3b
 1027 0090 05       		.uleb128 0x5
 1028 0091 01       		.uleb128 0x1
 1029 0092 13       		.uleb128 0x13
 1030 0093 00       		.byte	0
 1031 0094 00       		.byte	0
 1032 0095 0E       		.uleb128 0xe
 1033 0096 0D       		.uleb128 0xd
 1034 0097 00       		.byte	0
 1035 0098 03       		.uleb128 0x3
 1036 0099 0E       		.uleb128 0xe
 1037 009a 3A       		.uleb128 0x3a
 1038 009b 0B       		.uleb128 0xb
 1039 009c 3B       		.uleb128 0x3b
 1040 009d 05       		.uleb128 0x5
 1041 009e 49       		.uleb128 0x49
 1042 009f 13       		.uleb128 0x13
 1043 00a0 38       		.uleb128 0x38
 1044 00a1 0B       		.uleb128 0xb
 1045 00a2 00       		.byte	0
 1046 00a3 00       		.byte	0
 1047 00a4 0F       		.uleb128 0xf
 1048 00a5 2E       		.uleb128 0x2e
ARM GAS  C:\Users\User\AppData\Local\Temp\cc70PheG.s 			page 22


 1049 00a6 00       		.byte	0
 1050 00a7 03       		.uleb128 0x3
 1051 00a8 0E       		.uleb128 0xe
 1052 00a9 3A       		.uleb128 0x3a
 1053 00aa 0B       		.uleb128 0xb
 1054 00ab 3B       		.uleb128 0x3b
 1055 00ac 0B       		.uleb128 0xb
 1056 00ad 27       		.uleb128 0x27
 1057 00ae 19       		.uleb128 0x19
 1058 00af 20       		.uleb128 0x20
 1059 00b0 0B       		.uleb128 0xb
 1060 00b1 00       		.byte	0
 1061 00b2 00       		.byte	0
 1062 00b3 10       		.uleb128 0x10
 1063 00b4 2E       		.uleb128 0x2e
 1064 00b5 01       		.byte	0x1
 1065 00b6 3F       		.uleb128 0x3f
 1066 00b7 19       		.uleb128 0x19
 1067 00b8 03       		.uleb128 0x3
 1068 00b9 0E       		.uleb128 0xe
 1069 00ba 3A       		.uleb128 0x3a
 1070 00bb 0B       		.uleb128 0xb
 1071 00bc 3B       		.uleb128 0x3b
 1072 00bd 0B       		.uleb128 0xb
 1073 00be 27       		.uleb128 0x27
 1074 00bf 19       		.uleb128 0x19
 1075 00c0 49       		.uleb128 0x49
 1076 00c1 13       		.uleb128 0x13
 1077 00c2 8701     		.uleb128 0x87
 1078 00c4 19       		.uleb128 0x19
 1079 00c5 11       		.uleb128 0x11
 1080 00c6 01       		.uleb128 0x1
 1081 00c7 12       		.uleb128 0x12
 1082 00c8 06       		.uleb128 0x6
 1083 00c9 40       		.uleb128 0x40
 1084 00ca 18       		.uleb128 0x18
 1085 00cb 9742     		.uleb128 0x2117
 1086 00cd 19       		.uleb128 0x19
 1087 00ce 01       		.uleb128 0x1
 1088 00cf 13       		.uleb128 0x13
 1089 00d0 00       		.byte	0
 1090 00d1 00       		.byte	0
 1091 00d2 11       		.uleb128 0x11
 1092 00d3 1D       		.uleb128 0x1d
 1093 00d4 00       		.byte	0
 1094 00d5 31       		.uleb128 0x31
 1095 00d6 13       		.uleb128 0x13
 1096 00d7 11       		.uleb128 0x11
 1097 00d8 01       		.uleb128 0x1
 1098 00d9 12       		.uleb128 0x12
 1099 00da 06       		.uleb128 0x6
 1100 00db 58       		.uleb128 0x58
 1101 00dc 0B       		.uleb128 0xb
 1102 00dd 59       		.uleb128 0x59
 1103 00de 0B       		.uleb128 0xb
 1104 00df 00       		.byte	0
 1105 00e0 00       		.byte	0
ARM GAS  C:\Users\User\AppData\Local\Temp\cc70PheG.s 			page 23


 1106 00e1 12       		.uleb128 0x12
 1107 00e2 898201   		.uleb128 0x4109
 1108 00e5 01       		.byte	0x1
 1109 00e6 11       		.uleb128 0x11
 1110 00e7 01       		.uleb128 0x1
 1111 00e8 31       		.uleb128 0x31
 1112 00e9 13       		.uleb128 0x13
 1113 00ea 00       		.byte	0
 1114 00eb 00       		.byte	0
 1115 00ec 13       		.uleb128 0x13
 1116 00ed 8A8201   		.uleb128 0x410a
 1117 00f0 00       		.byte	0
 1118 00f1 02       		.uleb128 0x2
 1119 00f2 18       		.uleb128 0x18
 1120 00f3 9142     		.uleb128 0x2111
 1121 00f5 18       		.uleb128 0x18
 1122 00f6 00       		.byte	0
 1123 00f7 00       		.byte	0
 1124 00f8 14       		.uleb128 0x14
 1125 00f9 34       		.uleb128 0x34
 1126 00fa 00       		.byte	0
 1127 00fb 03       		.uleb128 0x3
 1128 00fc 0E       		.uleb128 0xe
 1129 00fd 3A       		.uleb128 0x3a
 1130 00fe 0B       		.uleb128 0xb
 1131 00ff 3B       		.uleb128 0x3b
 1132 0100 0B       		.uleb128 0xb
 1133 0101 49       		.uleb128 0x49
 1134 0102 13       		.uleb128 0x13
 1135 0103 3F       		.uleb128 0x3f
 1136 0104 19       		.uleb128 0x19
 1137 0105 3C       		.uleb128 0x3c
 1138 0106 19       		.uleb128 0x19
 1139 0107 00       		.byte	0
 1140 0108 00       		.byte	0
 1141 0109 15       		.uleb128 0x15
 1142 010a 26       		.uleb128 0x26
 1143 010b 00       		.byte	0
 1144 010c 49       		.uleb128 0x49
 1145 010d 13       		.uleb128 0x13
 1146 010e 00       		.byte	0
 1147 010f 00       		.byte	0
 1148 0110 16       		.uleb128 0x16
 1149 0111 2E       		.uleb128 0x2e
 1150 0112 00       		.byte	0
 1151 0113 3F       		.uleb128 0x3f
 1152 0114 19       		.uleb128 0x19
 1153 0115 3C       		.uleb128 0x3c
 1154 0116 19       		.uleb128 0x19
 1155 0117 6E       		.uleb128 0x6e
 1156 0118 0E       		.uleb128 0xe
 1157 0119 03       		.uleb128 0x3
 1158 011a 0E       		.uleb128 0xe
 1159 011b 3A       		.uleb128 0x3a
 1160 011c 0B       		.uleb128 0xb
 1161 011d 3B       		.uleb128 0x3b
 1162 011e 05       		.uleb128 0x5
ARM GAS  C:\Users\User\AppData\Local\Temp\cc70PheG.s 			page 24


 1163 011f 00       		.byte	0
 1164 0120 00       		.byte	0
 1165 0121 00       		.byte	0
 1166              		.section	.debug_aranges,"",%progbits
 1167 0000 1C000000 		.4byte	0x1c
 1168 0004 0200     		.2byte	0x2
 1169 0006 00000000 		.4byte	.Ldebug_info0
 1170 000a 04       		.byte	0x4
 1171 000b 00       		.byte	0
 1172 000c 0000     		.2byte	0
 1173 000e 0000     		.2byte	0
 1174 0010 00000000 		.4byte	.LFB392
 1175 0014 10000000 		.4byte	.LFE392-.LFB392
 1176 0018 00000000 		.4byte	0
 1177 001c 00000000 		.4byte	0
 1178              		.section	.debug_ranges,"",%progbits
 1179              	.Ldebug_ranges0:
 1180 0000 00000000 		.4byte	.LFB392
 1181 0004 10000000 		.4byte	.LFE392
 1182 0008 00000000 		.4byte	0
 1183 000c 00000000 		.4byte	0
 1184              		.section	.debug_line,"",%progbits
 1185              	.Ldebug_line0:
 1186 0000 36020000 		.section	.debug_str,"MS",%progbits,1
 1186      02001502 
 1186      00000201 
 1186      FB0E0D00 
 1186      01010101 
 1187              	.LASF54:
 1188 0000 70726F74 		.ascii	"protBusMasterMask\000"
 1188      4275734D 
 1188      61737465 
 1188      724D6173 
 1188      6B00
 1189              	.LASF118:
 1190 0012 72784275 		.ascii	"rxBufSize\000"
 1190      6653697A 
 1190      6500
 1191              	.LASF64:
 1192 001c 666C6173 		.ascii	"flashCtlMainWs3Freq\000"
 1192      6843746C 
 1192      4D61696E 
 1192      57733346 
 1192      72657100 
 1193              	.LASF86:
 1194 0030 6770696F 		.ascii	"gpioPrtCfgInOffset\000"
 1194      50727443 
 1194      6667496E 
 1194      4F666673 
 1194      657400
 1195              	.LASF104:
 1196 0043 6970634C 		.ascii	"ipcLockStatusOffset\000"
 1196      6F636B53 
 1196      74617475 
 1196      734F6666 
 1196      73657400 
 1197              	.LASF30:
ARM GAS  C:\Users\User\AppData\Local\Temp\cc70PheG.s 			page 25


 1198 0057 63727970 		.ascii	"cryptoVersion\000"
 1198      746F5665 
 1198      7273696F 
 1198      6E00
 1199              	.LASF48:
 1200 0065 70657269 		.ascii	"periClockNr\000"
 1200      436C6F63 
 1200      6B4E7200 
 1201              	.LASF26:
 1202 0071 70617373 		.ascii	"passBase\000"
 1202      42617365 
 1202      00
 1203              	.LASF129:
 1204 007a 6D61696E 		.ascii	"main_cm0p.c\000"
 1204      5F636D30 
 1204      702E6300 
 1205              	.LASF39:
 1206 0086 63707573 		.ascii	"cpussIpcIrqNr\000"
 1206      73497063 
 1206      4972714E 
 1206      7200
 1207              	.LASF3:
 1208 0094 5F5F7569 		.ascii	"__uint8_t\000"
 1208      6E74385F 
 1208      7400
 1209              	.LASF83:
 1210 009e 70657269 		.ascii	"periDiv24_5CtlOffset\000"
 1210      44697632 
 1210      345F3543 
 1210      746C4F66 
 1210      66736574 
 1211              	.LASF90:
 1212 00b3 63707573 		.ascii	"cpussCm4ClockCtlOffset\000"
 1212      73436D34 
 1212      436C6F63 
 1212      6B43746C 
 1212      4F666673 
 1213              	.LASF19:
 1214 00ca 63707573 		.ascii	"cpussBase\000"
 1214      73426173 
 1214      6500
 1215              	.LASF68:
 1216 00d4 64774368 		.ascii	"dwChCtlPrioPos\000"
 1216      43746C50 
 1216      72696F50 
 1216      6F7300
 1217              	.LASF11:
 1218 00e3 6C6F6E67 		.ascii	"long long unsigned int\000"
 1218      206C6F6E 
 1218      6720756E 
 1218      7369676E 
 1218      65642069 
 1219              	.LASF72:
 1220 00fa 70657269 		.ascii	"periTrCmdOffset\000"
 1220      5472436D 
 1220      644F6666 
 1220      73657400 
ARM GAS  C:\Users\User\AppData\Local\Temp\cc70PheG.s 			page 26


 1221              	.LASF113:
 1222 010a 72785269 		.ascii	"rxRingBuf\000"
 1222      6E674275 
 1222      6600
 1223              	.LASF96:
 1224 0114 63707573 		.ascii	"cpussSysTickCtlOffset\000"
 1224      73537973 
 1224      5469636B 
 1224      43746C4F 
 1224      66667365 
 1225              	.LASF120:
 1226 012a 74784275 		.ascii	"txBuf\000"
 1226      6600
 1227              	.LASF57:
 1228 0130 666C6173 		.ascii	"flashPipeRequired\000"
 1228      68506970 
 1228      65526571 
 1228      75697265 
 1228      6400
 1229              	.LASF61:
 1230 0142 666C6173 		.ascii	"flashCtlMainWs0Freq\000"
 1230      6843746C 
 1230      4D61696E 
 1230      57733046 
 1230      72657100 
 1231              	.LASF14:
 1232 0156 696E7431 		.ascii	"int16_t\000"
 1232      365F7400 
 1233              	.LASF10:
 1234 015e 6C6F6E67 		.ascii	"long long int\000"
 1234      206C6F6E 
 1234      6720696E 
 1234      7400
 1235              	.LASF2:
 1236 016c 7369676E 		.ascii	"signed char\000"
 1236      65642063 
 1236      68617200 
 1237              	.LASF77:
 1238 0178 70657269 		.ascii	"periDivCmdTypeSelPos\000"
 1238      44697643 
 1238      6D645479 
 1238      70655365 
 1238      6C506F73 
 1239              	.LASF23:
 1240 018d 70726F74 		.ascii	"protBase\000"
 1240      42617365 
 1240      00
 1241              	.LASF35:
 1242 0196 69706356 		.ascii	"ipcVersion\000"
 1242      65727369 
 1242      6F6E00
 1243              	.LASF97:
 1244 01a1 63707573 		.ascii	"cpussCm0NmiCtlOffset\000"
 1244      73436D30 
 1244      4E6D6943 
 1244      746C4F66 
 1244      66736574 
ARM GAS  C:\Users\User\AppData\Local\Temp\cc70PheG.s 			page 27


 1245              	.LASF45:
 1246 01b6 73727373 		.ascii	"srssNumClkpath\000"
 1246      4E756D43 
 1246      6C6B7061 
 1246      746800
 1247              	.LASF24:
 1248 01c5 6873696F 		.ascii	"hsiomBase\000"
 1248      6D426173 
 1248      6500
 1249              	.LASF7:
 1250 01cf 6C6F6E67 		.ascii	"long int\000"
 1250      20696E74 
 1250      00
 1251              	.LASF127:
 1252 01d8 55415254 		.ascii	"UART_1_context\000"
 1252      5F315F63 
 1252      6F6E7465 
 1252      787400
 1253              	.LASF55:
 1254 01e7 63727970 		.ascii	"cryptoMemSize\000"
 1254      746F4D65 
 1254      6D53697A 
 1254      6500
 1255              	.LASF21:
 1256 01f5 70657269 		.ascii	"periBase\000"
 1256      42617365 
 1256      00
 1257              	.LASF53:
 1258 01fe 73797350 		.ascii	"sysPmSimoPresent\000"
 1258      6D53696D 
 1258      6F507265 
 1258      73656E74 
 1258      00
 1259              	.LASF43:
 1260 020f 63707573 		.ascii	"cpussFmIrq\000"
 1260      73466D49 
 1260      727100
 1261              	.LASF108:
 1262 021a 646F7562 		.ascii	"double\000"
 1262      6C6500
 1263              	.LASF82:
 1264 0221 70657269 		.ascii	"periDiv16_5CtlOffset\000"
 1264      44697631 
 1264      365F3543 
 1264      746C4F66 
 1264      66736574 
 1265              	.LASF46:
 1266 0236 73727373 		.ascii	"srssNumPll\000"
 1266      4E756D50 
 1266      6C6C00
 1267              	.LASF133:
 1268 0241 6D61696E 		.ascii	"main\000"
 1268      00
 1269              	.LASF80:
 1270 0246 70657269 		.ascii	"periDiv8CtlOffset\000"
 1270      44697638 
 1270      43746C4F 
ARM GAS  C:\Users\User\AppData\Local\Temp\cc70PheG.s 			page 28


 1270      66667365 
 1270      7400
 1271              	.LASF87:
 1272 0258 6770696F 		.ascii	"gpioPrtCfgOutOffset\000"
 1272      50727443 
 1272      66674F75 
 1272      744F6666 
 1272      73657400 
 1273              	.LASF20:
 1274 026c 666C6173 		.ascii	"flashcBase\000"
 1274      68634261 
 1274      736500
 1275              	.LASF8:
 1276 0277 5F5F7569 		.ascii	"__uint32_t\000"
 1276      6E743332 
 1276      5F7400
 1277              	.LASF50:
 1278 0282 70617373 		.ascii	"passSarChannels\000"
 1278      53617243 
 1278      68616E6E 
 1278      656C7300 
 1279              	.LASF4:
 1280 0292 5F5F696E 		.ascii	"__int16_t\000"
 1280      7431365F 
 1280      7400
 1281              	.LASF119:
 1282 029c 72784275 		.ascii	"rxBufIdx\000"
 1282      66496478 
 1282      00
 1283              	.LASF93:
 1284 02a5 63707573 		.ascii	"cpussCm4PwrCtlOffset\000"
 1284      73436D34 
 1284      50777243 
 1284      746C4F66 
 1284      66736574 
 1285              	.LASF121:
 1286 02ba 74784275 		.ascii	"txBufSize\000"
 1286      6653697A 
 1286      6500
 1287              	.LASF88:
 1288 02c4 6770696F 		.ascii	"gpioPrtCfgSioOffset\000"
 1288      50727443 
 1288      66675369 
 1288      6F4F6666 
 1288      73657400 
 1289              	.LASF40:
 1290 02d8 63707573 		.ascii	"cpussDwChNr\000"
 1290      73447743 
 1290      684E7200 
 1291              	.LASF12:
 1292 02e4 756E7369 		.ascii	"unsigned int\000"
 1292      676E6564 
 1292      20696E74 
 1292      00
 1293              	.LASF15:
 1294 02f1 75696E74 		.ascii	"uint16_t\000"
 1294      31365F74 
ARM GAS  C:\Users\User\AppData\Local\Temp\cc70PheG.s 			page 29


 1294      00
 1295              	.LASF73:
 1296 02fa 70657269 		.ascii	"periTrCmdGrSelMsk\000"
 1296      5472436D 
 1296      64477253 
 1296      656C4D73 
 1296      6B00
 1297              	.LASF62:
 1298 030c 666C6173 		.ascii	"flashCtlMainWs1Freq\000"
 1298      6843746C 
 1298      4D61696E 
 1298      57733146 
 1298      72657100 
 1299              	.LASF9:
 1300 0320 6C6F6E67 		.ascii	"long unsigned int\000"
 1300      20756E73 
 1300      69676E65 
 1300      6420696E 
 1300      7400
 1301              	.LASF110:
 1302 0332 63795F63 		.ascii	"cy_cb_scb_uart_handle_events_t\000"
 1302      625F7363 
 1302      625F7561 
 1302      72745F68 
 1302      616E646C 
 1303              	.LASF38:
 1304 0351 63707573 		.ascii	"cpussIpcNr\000"
 1304      73497063 
 1304      4E7200
 1305              	.LASF25:
 1306 035c 6770696F 		.ascii	"gpioBase\000"
 1306      42617365 
 1306      00
 1307              	.LASF63:
 1308 0365 666C6173 		.ascii	"flashCtlMainWs2Freq\000"
 1308      6843746C 
 1308      4D61696E 
 1308      57733246 
 1308      72657100 
 1309              	.LASF74:
 1310 0379 70657269 		.ascii	"periTrGrOffset\000"
 1310      54724772 
 1310      4F666673 
 1310      657400
 1311              	.LASF101:
 1312 0388 63707573 		.ascii	"cpussRam1Ctl0\000"
 1312      7352616D 
 1312      3143746C 
 1312      3000
 1313              	.LASF123:
 1314 0396 63624576 		.ascii	"cbEvents\000"
 1314      656E7473 
 1314      00
 1315              	.LASF75:
 1316 039f 70657269 		.ascii	"periTrGrSize\000"
 1316      54724772 
 1316      53697A65 
ARM GAS  C:\Users\User\AppData\Local\Temp\cc70PheG.s 			page 30


 1316      00
 1317              	.LASF134:
 1318 03ac 43795F53 		.ascii	"Cy_SysEnableCM4\000"
 1318      7973456E 
 1318      61626C65 
 1318      434D3400 
 1319              	.LASF33:
 1320 03bc 6770696F 		.ascii	"gpioVersion\000"
 1320      56657273 
 1320      696F6E00 
 1321              	.LASF105:
 1322 03c8 63795F73 		.ascii	"cy_stc_device_t\000"
 1322      74635F64 
 1322      65766963 
 1322      655F7400 
 1323              	.LASF51:
 1324 03d8 65704D6F 		.ascii	"epMonitorNr\000"
 1324      6E69746F 
 1324      724E7200 
 1325              	.LASF115:
 1326 03e4 72785269 		.ascii	"rxRingBufHead\000"
 1326      6E674275 
 1326      66486561 
 1326      6400
 1327              	.LASF94:
 1328 03f2 63707573 		.ascii	"cpussTrimRamCtlOffset\000"
 1328      73547269 
 1328      6D52616D 
 1328      43746C4F 
 1328      66667365 
 1329              	.LASF89:
 1330 0408 63707573 		.ascii	"cpussCm0ClockCtlOffset\000"
 1330      73436D30 
 1330      436C6F63 
 1330      6B43746C 
 1330      4F666673 
 1331              	.LASF29:
 1332 041f 63707573 		.ascii	"cpussVersion\000"
 1332      73566572 
 1332      73696F6E 
 1332      00
 1333              	.LASF36:
 1334 042c 70657269 		.ascii	"periVersion\000"
 1334      56657273 
 1334      696F6E00 
 1335              	.LASF92:
 1336 0438 63707573 		.ascii	"cpussCm0StatusOffset\000"
 1336      73436D30 
 1336      53746174 
 1336      75734F66 
 1336      66736574 
 1337              	.LASF17:
 1338 044d 73697A65 		.ascii	"sizetype\000"
 1338      74797065 
 1338      00
 1339              	.LASF66:
 1340 0456 64774368 		.ascii	"dwChOffset\000"
ARM GAS  C:\Users\User\AppData\Local\Temp\cc70PheG.s 			page 31


 1340      4F666673 
 1340      657400
 1341              	.LASF41:
 1342 0461 63707573 		.ascii	"cpussFlashPaSize\000"
 1342      73466C61 
 1342      73685061 
 1342      53697A65 
 1342      00
 1343              	.LASF79:
 1344 0472 70657269 		.ascii	"periDivCmdPaTypeSelPos\000"
 1344      44697643 
 1344      6D645061 
 1344      54797065 
 1344      53656C50 
 1345              	.LASF102:
 1346 0489 63707573 		.ascii	"cpussRam2Ctl0\000"
 1346      7352616D 
 1346      3243746C 
 1346      3000
 1347              	.LASF70:
 1348 0497 64775374 		.ascii	"dwStatusChIdxPos\000"
 1348      61747573 
 1348      43684964 
 1348      78506F73 
 1348      00
 1349              	.LASF52:
 1350 04a8 75646250 		.ascii	"udbPresent\000"
 1350      72657365 
 1350      6E7400
 1351              	.LASF112:
 1352 04b3 72785374 		.ascii	"rxStatus\000"
 1352      61747573 
 1352      00
 1353              	.LASF32:
 1354 04bc 666C6173 		.ascii	"flashcVersion\000"
 1354      68635665 
 1354      7273696F 
 1354      6E00
 1355              	.LASF28:
 1356 04ca 63727970 		.ascii	"cryptoBase\000"
 1356      746F4261 
 1356      736500
 1357              	.LASF49:
 1358 04d5 736D6966 		.ascii	"smifDeviceNr\000"
 1358      44657669 
 1358      63654E72 
 1358      00
 1359              	.LASF132:
 1360 04e2 5F5F656E 		.ascii	"__enable_irq\000"
 1360      61626C65 
 1360      5F697271 
 1360      00
 1361              	.LASF107:
 1362 04ef 666C6F61 		.ascii	"float\000"
 1362      7400
 1363              	.LASF71:
 1364 04f5 64775374 		.ascii	"dwStatusChIdxMsk\000"
ARM GAS  C:\Users\User\AppData\Local\Temp\cc70PheG.s 			page 32


 1364      61747573 
 1364      43684964 
 1364      784D736B 
 1364      00
 1365              	.LASF126:
 1366 0506 63795F64 		.ascii	"cy_device\000"
 1366      65766963 
 1366      6500
 1367              	.LASF99:
 1368 0510 63707573 		.ascii	"cpussRomCtl\000"
 1368      73526F6D 
 1368      43746C00 
 1369              	.LASF69:
 1370 051c 64774368 		.ascii	"dwChCtlPreemptablePos\000"
 1370      43746C50 
 1370      7265656D 
 1370      70746162 
 1370      6C65506F 
 1371              	.LASF122:
 1372 0532 74784C65 		.ascii	"txLeftToTransmit\000"
 1372      6674546F 
 1372      5472616E 
 1372      736D6974 
 1372      00
 1373              	.LASF22:
 1374 0543 75646242 		.ascii	"udbBase\000"
 1374      61736500 
 1375              	.LASF109:
 1376 054b 5F426F6F 		.ascii	"_Bool\000"
 1376      6C00
 1377              	.LASF1:
 1378 0551 756E7369 		.ascii	"unsigned char\000"
 1378      676E6564 
 1378      20636861 
 1378      7200
 1379              	.LASF65:
 1380 055f 666C6173 		.ascii	"flashCtlMainWs4Freq\000"
 1380      6843746C 
 1380      4D61696E 
 1380      57733446 
 1380      72657100 
 1381              	.LASF0:
 1382 0573 73686F72 		.ascii	"short int\000"
 1382      7420696E 
 1382      7400
 1383              	.LASF76:
 1384 057d 70657269 		.ascii	"periDivCmdDivSelMsk\000"
 1384      44697643 
 1384      6D644469 
 1384      7653656C 
 1384      4D736B00 
 1385              	.LASF47:
 1386 0591 73727373 		.ascii	"srssNumHfroot\000"
 1386      4E756D48 
 1386      66726F6F 
 1386      7400
 1387              	.LASF60:
ARM GAS  C:\Users\User\AppData\Local\Temp\cc70PheG.s 			page 33


 1388 059f 666C6173 		.ascii	"flashEraseDelay\000"
 1388      68457261 
 1388      73654465 
 1388      6C617900 
 1389              	.LASF16:
 1390 05af 75696E74 		.ascii	"uint32_t\000"
 1390      33325F74 
 1390      00
 1391              	.LASF98:
 1392 05b8 63707573 		.ascii	"cpussCm4NmiCtlOffset\000"
 1392      73436D34 
 1392      4E6D6943 
 1392      746C4F66 
 1392      66736574 
 1393              	.LASF128:
 1394 05cd 474E5520 		.ascii	"GNU C11 5.4.1 20160609 (release) [ARM/embedded-5-br"
 1394      43313120 
 1394      352E342E 
 1394      31203230 
 1394      31363036 
 1395 0600 616E6368 		.ascii	"anch revision 237715] -mcpu=cortex-m0plus -mthumb -"
 1395      20726576 
 1395      6973696F 
 1395      6E203233 
 1395      37373135 
 1396 0633 67202D4F 		.ascii	"g -Og -ffunction-sections -ffat-lto-objects\000"
 1396      67202D66 
 1396      66756E63 
 1396      74696F6E 
 1396      2D736563 
 1397              	.LASF18:
 1398 065f 6C6F6E67 		.ascii	"long double\000"
 1398      20646F75 
 1398      626C6500 
 1399              	.LASF106:
 1400 066b 63686172 		.ascii	"char\000"
 1400      00
 1401              	.LASF37:
 1402 0670 70726F74 		.ascii	"protVersion\000"
 1402      56657273 
 1402      696F6E00 
 1403              	.LASF100:
 1404 067c 63707573 		.ascii	"cpussRam0Ctl0\000"
 1404      7352616D 
 1404      3043746C 
 1404      3000
 1405              	.LASF5:
 1406 068a 5F5F7569 		.ascii	"__uint16_t\000"
 1406      6E743136 
 1406      5F7400
 1407              	.LASF81:
 1408 0695 70657269 		.ascii	"periDiv16CtlOffset\000"
 1408      44697631 
 1408      3643746C 
 1408      4F666673 
 1408      657400
 1409              	.LASF34:
ARM GAS  C:\Users\User\AppData\Local\Temp\cc70PheG.s 			page 34


 1410 06a8 6873696F 		.ascii	"hsiomVersion\000"
 1410      6D566572 
 1410      73696F6E 
 1410      00
 1411              	.LASF59:
 1412 06b5 666C6173 		.ascii	"flashProgramDelay\000"
 1412      6850726F 
 1412      6772616D 
 1412      44656C61 
 1412      7900
 1413              	.LASF114:
 1414 06c7 72785269 		.ascii	"rxRingBufSize\000"
 1414      6E674275 
 1414      6653697A 
 1414      6500
 1415              	.LASF6:
 1416 06d5 73686F72 		.ascii	"short unsigned int\000"
 1416      7420756E 
 1416      7369676E 
 1416      65642069 
 1416      6E7400
 1417              	.LASF67:
 1418 06e8 64774368 		.ascii	"dwChSize\000"
 1418      53697A65 
 1418      00
 1419              	.LASF103:
 1420 06f1 69706353 		.ascii	"ipcStructSize\000"
 1420      74727563 
 1420      7453697A 
 1420      6500
 1421              	.LASF42:
 1422 06ff 63707573 		.ascii	"cpussIpc0Irq\000"
 1422      73497063 
 1422      30497271 
 1422      00
 1423              	.LASF85:
 1424 070c 6770696F 		.ascii	"gpioPrtCfgOffset\000"
 1424      50727443 
 1424      66674F66 
 1424      66736574 
 1424      00
 1425              	.LASF124:
 1426 071d 696E6974 		.ascii	"initKey\000"
 1426      4B657900 
 1427              	.LASF117:
 1428 0725 72784275 		.ascii	"rxBuf\000"
 1428      6600
 1429              	.LASF130:
 1430 072b 433A5C55 		.ascii	"C:\\Users\\User\\Documents\\Neural-Stimulator-Firmw"
 1430      73657273 
 1430      5C557365 
 1430      725C446F 
 1430      63756D65 
 1431 075a 6172655C 		.ascii	"are\\new\\PSOC6\\TIMER\\ADC.cydsn\000"
 1431      6E65775C 
 1431      50534F43 
 1431      365C5449 
ARM GAS  C:\Users\User\AppData\Local\Temp\cc70PheG.s 			page 35


 1431      4D45525C 
 1432              	.LASF125:
 1433 0778 63795F73 		.ascii	"cy_stc_scb_uart_context_t\000"
 1433      74635F73 
 1433      63625F75 
 1433      6172745F 
 1433      636F6E74 
 1434              	.LASF44:
 1435 0792 63707573 		.ascii	"cpussNotConnectedIrq\000"
 1435      734E6F74 
 1435      436F6E6E 
 1435      65637465 
 1435      64497271 
 1436              	.LASF58:
 1437 07a7 666C6173 		.ascii	"flashWriteDelay\000"
 1437      68577269 
 1437      74654465 
 1437      6C617900 
 1438              	.LASF13:
 1439 07b7 75696E74 		.ascii	"uint8_t\000"
 1439      385F7400 
 1440              	.LASF91:
 1441 07bf 63707573 		.ascii	"cpussCm4StatusOffset\000"
 1441      73436D34 
 1441      53746174 
 1441      75734F66 
 1441      66736574 
 1442              	.LASF84:
 1443 07d4 6770696F 		.ascii	"gpioPrtIntrCfgOffset\000"
 1443      50727449 
 1443      6E747243 
 1443      66674F66 
 1443      66736574 
 1444              	.LASF116:
 1445 07e9 72785269 		.ascii	"rxRingBufTail\000"
 1445      6E674275 
 1445      66546169 
 1445      6C00
 1446              	.LASF95:
 1447 07f7 63707573 		.ascii	"cpussTrimRomCtlOffset\000"
 1447      73547269 
 1447      6D526F6D 
 1447      43746C4F 
 1447      66667365 
 1448              	.LASF111:
 1449 080d 74785374 		.ascii	"txStatus\000"
 1449      61747573 
 1449      00
 1450              	.LASF31:
 1451 0816 64775665 		.ascii	"dwVersion\000"
 1451      7273696F 
 1451      6E00
 1452              	.LASF27:
 1453 0820 69706342 		.ascii	"ipcBase\000"
 1453      61736500 
 1454              	.LASF78:
 1455 0828 70657269 		.ascii	"periDivCmdPaDivSelPos\000"
ARM GAS  C:\Users\User\AppData\Local\Temp\cc70PheG.s 			page 36


 1455      44697643 
 1455      6D645061 
 1455      44697653 
 1455      656C506F 
 1456              	.LASF131:
 1457 083e 63795F73 		.ascii	"cy_stc_scb_uart_context\000"
 1457      74635F73 
 1457      63625F75 
 1457      6172745F 
 1457      636F6E74 
 1458              	.LASF56:
 1459 0856 666C6173 		.ascii	"flashRwwRequired\000"
 1459      68527777 
 1459      52657175 
 1459      69726564 
 1459      00
 1460              		.ident	"GCC: (GNU Tools for ARM Embedded Processors) 5.4.1 20160609 (release) [ARM/embedded-5-bran
