ARM GAS  C:\Users\cmila\AppData\Local\Temp\cc1YBIKU.s 			page 1


   1              		.syntax unified
   2              		.cpu cortex-m0plus
   3              		.fpu softvfp
   4              		.eabi_attribute 20, 1
   5              		.eabi_attribute 21, 1
   6              		.eabi_attribute 23, 3
   7              		.eabi_attribute 24, 1
   8              		.eabi_attribute 25, 1
   9              		.eabi_attribute 26, 1
  10              		.eabi_attribute 30, 4
  11              		.eabi_attribute 34, 0
  12              		.eabi_attribute 18, 4
  13              		.thumb
  14              		.syntax unified
  15              		.file	"cy_sysanalog.c"
  16              		.text
  17              	.Ltext0:
  18              		.cfi_sections	.debug_frame
  19              		.section	.text.Cy_SysAnalog_Init,"ax",%progbits
  20              		.align	1
  21              		.global	Cy_SysAnalog_Init
  22              		.code	16
  23              		.thumb_func
  24              		.type	Cy_SysAnalog_Init, %function
  25              	Cy_SysAnalog_Init:
  26              	.LFB88:
  27              		.file 1 "Generated_Source\\PSoC6\\pdl\\drivers\\peripheral\\sysanalog\\cy_sysanalog.c"
   1:Generated_Source\PSoC6\pdl\drivers\peripheral\sysanalog/cy_sysanalog.c **** /***************************************************************************//**
   2:Generated_Source\PSoC6\pdl\drivers\peripheral\sysanalog/cy_sysanalog.c **** * \file cy_sysanalog.c
   3:Generated_Source\PSoC6\pdl\drivers\peripheral\sysanalog/cy_sysanalog.c **** * \version 1.10
   4:Generated_Source\PSoC6\pdl\drivers\peripheral\sysanalog/cy_sysanalog.c **** *
   5:Generated_Source\PSoC6\pdl\drivers\peripheral\sysanalog/cy_sysanalog.c **** * Provides the public functions for the API for the SAR driver.
   6:Generated_Source\PSoC6\pdl\drivers\peripheral\sysanalog/cy_sysanalog.c **** *
   7:Generated_Source\PSoC6\pdl\drivers\peripheral\sysanalog/cy_sysanalog.c **** ********************************************************************************
   8:Generated_Source\PSoC6\pdl\drivers\peripheral\sysanalog/cy_sysanalog.c **** * \copyright
   9:Generated_Source\PSoC6\pdl\drivers\peripheral\sysanalog/cy_sysanalog.c **** * Copyright 2017-2018, Cypress Semiconductor Corporation. All rights reserved.
  10:Generated_Source\PSoC6\pdl\drivers\peripheral\sysanalog/cy_sysanalog.c **** * You may use this file only in accordance with the license, terms, conditions,
  11:Generated_Source\PSoC6\pdl\drivers\peripheral\sysanalog/cy_sysanalog.c **** * disclaimers, and limitations in the end user license agreement accompanying
  12:Generated_Source\PSoC6\pdl\drivers\peripheral\sysanalog/cy_sysanalog.c **** * the software package with which this file was provided.
  13:Generated_Source\PSoC6\pdl\drivers\peripheral\sysanalog/cy_sysanalog.c **** *******************************************************************************/
  14:Generated_Source\PSoC6\pdl\drivers\peripheral\sysanalog/cy_sysanalog.c **** #include "cy_sysanalog.h"
  15:Generated_Source\PSoC6\pdl\drivers\peripheral\sysanalog/cy_sysanalog.c **** 
  16:Generated_Source\PSoC6\pdl\drivers\peripheral\sysanalog/cy_sysanalog.c **** #ifdef CY_IP_MXS40PASS
  17:Generated_Source\PSoC6\pdl\drivers\peripheral\sysanalog/cy_sysanalog.c **** 
  18:Generated_Source\PSoC6\pdl\drivers\peripheral\sysanalog/cy_sysanalog.c **** #if defined(__cplusplus)
  19:Generated_Source\PSoC6\pdl\drivers\peripheral\sysanalog/cy_sysanalog.c **** extern "C" {
  20:Generated_Source\PSoC6\pdl\drivers\peripheral\sysanalog/cy_sysanalog.c **** #endif
  21:Generated_Source\PSoC6\pdl\drivers\peripheral\sysanalog/cy_sysanalog.c **** 
  22:Generated_Source\PSoC6\pdl\drivers\peripheral\sysanalog/cy_sysanalog.c **** /* Configure the AREF to use the local Vref and local IZTAT. Can be used with \ref Cy_SysAnalog_Ini
  23:Generated_Source\PSoC6\pdl\drivers\peripheral\sysanalog/cy_sysanalog.c **** const cy_stc_sysanalog_config_t Cy_SysAnalog_Fast_Local =
  24:Generated_Source\PSoC6\pdl\drivers\peripheral\sysanalog/cy_sysanalog.c **** {
  25:Generated_Source\PSoC6\pdl\drivers\peripheral\sysanalog/cy_sysanalog.c ****     /*.startup    */ CY_SYSANALOG_STARTUP_FAST,
  26:Generated_Source\PSoC6\pdl\drivers\peripheral\sysanalog/cy_sysanalog.c ****     /*.iztat      */ CY_SYSANALOG_IZTAT_SOURCE_LOCAL,
  27:Generated_Source\PSoC6\pdl\drivers\peripheral\sysanalog/cy_sysanalog.c ****     /*.vref       */ CY_SYSANALOG_VREF_SOURCE_LOCAL_1_2V,
  28:Generated_Source\PSoC6\pdl\drivers\peripheral\sysanalog/cy_sysanalog.c ****     /*.deepSleep  */ CY_SYSANALOG_DEEPSLEEP_DISABLE,
  29:Generated_Source\PSoC6\pdl\drivers\peripheral\sysanalog/cy_sysanalog.c **** };
  30:Generated_Source\PSoC6\pdl\drivers\peripheral\sysanalog/cy_sysanalog.c **** 
ARM GAS  C:\Users\cmila\AppData\Local\Temp\cc1YBIKU.s 			page 2


  31:Generated_Source\PSoC6\pdl\drivers\peripheral\sysanalog/cy_sysanalog.c **** /* Configure the AREF to use the SRSS Vref and SRSS IZTAT. Can be used with \ref Cy_SysAnalog_Init.
  32:Generated_Source\PSoC6\pdl\drivers\peripheral\sysanalog/cy_sysanalog.c **** const cy_stc_sysanalog_config_t Cy_SysAnalog_Fast_SRSS =
  33:Generated_Source\PSoC6\pdl\drivers\peripheral\sysanalog/cy_sysanalog.c **** {
  34:Generated_Source\PSoC6\pdl\drivers\peripheral\sysanalog/cy_sysanalog.c ****     /*.startup    */ CY_SYSANALOG_STARTUP_FAST,
  35:Generated_Source\PSoC6\pdl\drivers\peripheral\sysanalog/cy_sysanalog.c ****     /*.iztat      */ CY_SYSANALOG_IZTAT_SOURCE_SRSS,
  36:Generated_Source\PSoC6\pdl\drivers\peripheral\sysanalog/cy_sysanalog.c ****     /*.vref       */ CY_SYSANALOG_VREF_SOURCE_SRSS,
  37:Generated_Source\PSoC6\pdl\drivers\peripheral\sysanalog/cy_sysanalog.c ****     /*.deepSleep  */ CY_SYSANALOG_DEEPSLEEP_DISABLE,
  38:Generated_Source\PSoC6\pdl\drivers\peripheral\sysanalog/cy_sysanalog.c **** };
  39:Generated_Source\PSoC6\pdl\drivers\peripheral\sysanalog/cy_sysanalog.c **** 
  40:Generated_Source\PSoC6\pdl\drivers\peripheral\sysanalog/cy_sysanalog.c **** /* Configure the AREF to use the external Vref and local IZTAT. Can be used with \ref Cy_SysAnalog_
  41:Generated_Source\PSoC6\pdl\drivers\peripheral\sysanalog/cy_sysanalog.c **** const cy_stc_sysanalog_config_t Cy_SysAnalog_Fast_External =
  42:Generated_Source\PSoC6\pdl\drivers\peripheral\sysanalog/cy_sysanalog.c **** {
  43:Generated_Source\PSoC6\pdl\drivers\peripheral\sysanalog/cy_sysanalog.c ****     /*.startup    */ CY_SYSANALOG_STARTUP_FAST,
  44:Generated_Source\PSoC6\pdl\drivers\peripheral\sysanalog/cy_sysanalog.c ****     /*.iztat      */ CY_SYSANALOG_IZTAT_SOURCE_LOCAL,
  45:Generated_Source\PSoC6\pdl\drivers\peripheral\sysanalog/cy_sysanalog.c ****     /*.vref       */ CY_SYSANALOG_VREF_SOURCE_EXTERNAL,
  46:Generated_Source\PSoC6\pdl\drivers\peripheral\sysanalog/cy_sysanalog.c ****     /*.deepSleep  */ CY_SYSANALOG_DEEPSLEEP_DISABLE,
  47:Generated_Source\PSoC6\pdl\drivers\peripheral\sysanalog/cy_sysanalog.c **** };
  48:Generated_Source\PSoC6\pdl\drivers\peripheral\sysanalog/cy_sysanalog.c **** 
  49:Generated_Source\PSoC6\pdl\drivers\peripheral\sysanalog/cy_sysanalog.c **** /*******************************************************************************
  50:Generated_Source\PSoC6\pdl\drivers\peripheral\sysanalog/cy_sysanalog.c **** * Function Name: Cy_SysAnalog_Init
  51:Generated_Source\PSoC6\pdl\drivers\peripheral\sysanalog/cy_sysanalog.c **** ****************************************************************************//**
  52:Generated_Source\PSoC6\pdl\drivers\peripheral\sysanalog/cy_sysanalog.c **** *
  53:Generated_Source\PSoC6\pdl\drivers\peripheral\sysanalog/cy_sysanalog.c **** * Initialize the AREF block.
  54:Generated_Source\PSoC6\pdl\drivers\peripheral\sysanalog/cy_sysanalog.c **** *
  55:Generated_Source\PSoC6\pdl\drivers\peripheral\sysanalog/cy_sysanalog.c **** * \param config
  56:Generated_Source\PSoC6\pdl\drivers\peripheral\sysanalog/cy_sysanalog.c **** * Pointer to structure containing configuration data. See \ref cy_stc_sysanalog_config_t
  57:Generated_Source\PSoC6\pdl\drivers\peripheral\sysanalog/cy_sysanalog.c **** *
  58:Generated_Source\PSoC6\pdl\drivers\peripheral\sysanalog/cy_sysanalog.c **** * \return
  59:Generated_Source\PSoC6\pdl\drivers\peripheral\sysanalog/cy_sysanalog.c **** * - \ref CY_SYSANALOG_SUCCESS : initialization complete
  60:Generated_Source\PSoC6\pdl\drivers\peripheral\sysanalog/cy_sysanalog.c **** * - \ref CY_SYSANALOG_BAD_PARAM : input pointers are null, initialization incomplete
  61:Generated_Source\PSoC6\pdl\drivers\peripheral\sysanalog/cy_sysanalog.c **** *
  62:Generated_Source\PSoC6\pdl\drivers\peripheral\sysanalog/cy_sysanalog.c **** * \funcusage
  63:Generated_Source\PSoC6\pdl\drivers\peripheral\sysanalog/cy_sysanalog.c **** *
  64:Generated_Source\PSoC6\pdl\drivers\peripheral\sysanalog/cy_sysanalog.c **** * \snippet sysanalog_sut_01.cydsn/main_cm0p.c SYSANA_SNIPPET_INIT
  65:Generated_Source\PSoC6\pdl\drivers\peripheral\sysanalog/cy_sysanalog.c **** *
  66:Generated_Source\PSoC6\pdl\drivers\peripheral\sysanalog/cy_sysanalog.c **** *******************************************************************************/
  67:Generated_Source\PSoC6\pdl\drivers\peripheral\sysanalog/cy_sysanalog.c **** cy_en_sysanalog_status_t Cy_SysAnalog_Init(const cy_stc_sysanalog_config_t *config)
  68:Generated_Source\PSoC6\pdl\drivers\peripheral\sysanalog/cy_sysanalog.c **** {
  28              		.loc 1 68 0
  29              		.cfi_startproc
  30              		@ args = 0, pretend = 0, frame = 0
  31              		@ frame_needed = 0, uses_anonymous_args = 0
  32              		@ link register save eliminated.
  33              	.LVL0:
  69:Generated_Source\PSoC6\pdl\drivers\peripheral\sysanalog/cy_sysanalog.c ****     CY_ASSERT_L1(NULL != config);
  70:Generated_Source\PSoC6\pdl\drivers\peripheral\sysanalog/cy_sysanalog.c **** 
  71:Generated_Source\PSoC6\pdl\drivers\peripheral\sysanalog/cy_sysanalog.c ****     cy_en_sysanalog_status_t result;
  72:Generated_Source\PSoC6\pdl\drivers\peripheral\sysanalog/cy_sysanalog.c ****     uint32_t ctrlReg = CY_SYSANALOG_DEINIT;
  73:Generated_Source\PSoC6\pdl\drivers\peripheral\sysanalog/cy_sysanalog.c **** 
  74:Generated_Source\PSoC6\pdl\drivers\peripheral\sysanalog/cy_sysanalog.c ****     if (NULL == config)
  34              		.loc 1 74 0
  35 0000 0028     		cmp	r0, #0
  36 0002 10D0     		beq	.L3
  75:Generated_Source\PSoC6\pdl\drivers\peripheral\sysanalog/cy_sysanalog.c ****     {
  76:Generated_Source\PSoC6\pdl\drivers\peripheral\sysanalog/cy_sysanalog.c ****         result = CY_SYSANALOG_BAD_PARAM;
  77:Generated_Source\PSoC6\pdl\drivers\peripheral\sysanalog/cy_sysanalog.c ****     }
  78:Generated_Source\PSoC6\pdl\drivers\peripheral\sysanalog/cy_sysanalog.c ****     else
ARM GAS  C:\Users\cmila\AppData\Local\Temp\cc1YBIKU.s 			page 3


  79:Generated_Source\PSoC6\pdl\drivers\peripheral\sysanalog/cy_sysanalog.c ****     {
  80:Generated_Source\PSoC6\pdl\drivers\peripheral\sysanalog/cy_sysanalog.c ****         CY_ASSERT_L3(CY_SYSANALOG_STARTUP(config->startup));
  81:Generated_Source\PSoC6\pdl\drivers\peripheral\sysanalog/cy_sysanalog.c ****         CY_ASSERT_L3(CY_SYSANALOG_DEEPSLEEP(config->deepSleep));
  82:Generated_Source\PSoC6\pdl\drivers\peripheral\sysanalog/cy_sysanalog.c ****         CY_ASSERT_L3(CY_SYSANALOG_VREF(config->vref));
  83:Generated_Source\PSoC6\pdl\drivers\peripheral\sysanalog/cy_sysanalog.c ****         CY_ASSERT_L3(CY_SYSANALOG_IZTAT(config->iztat));
  84:Generated_Source\PSoC6\pdl\drivers\peripheral\sysanalog/cy_sysanalog.c **** 
  85:Generated_Source\PSoC6\pdl\drivers\peripheral\sysanalog/cy_sysanalog.c ****         ctrlReg = (uint32_t) config->startup \
  37              		.loc 1 85 0
  38 0004 8268     		ldr	r2, [r0, #8]
  39 0006 4368     		ldr	r3, [r0, #4]
  40 0008 C168     		ldr	r1, [r0, #12]
  41 000a 1343     		orrs	r3, r2
  42 000c 1943     		orrs	r1, r3
  43 000e 0423     		movs	r3, #4
  44 0010 0278     		ldrb	r2, [r0]
  86:Generated_Source\PSoC6\pdl\drivers\peripheral\sysanalog/cy_sysanalog.c ****                   | CY_SYSANALOG_DEFAULT_BIAS_SCALE \
  87:Generated_Source\PSoC6\pdl\drivers\peripheral\sysanalog/cy_sysanalog.c ****                   | (uint32_t) config->iztat \
  88:Generated_Source\PSoC6\pdl\drivers\peripheral\sysanalog/cy_sysanalog.c ****                   | (uint32_t) config->vref \
  89:Generated_Source\PSoC6\pdl\drivers\peripheral\sysanalog/cy_sysanalog.c ****                   | (uint32_t) config->deepSleep;
  90:Generated_Source\PSoC6\pdl\drivers\peripheral\sysanalog/cy_sysanalog.c **** 
  91:Generated_Source\PSoC6\pdl\drivers\peripheral\sysanalog/cy_sysanalog.c ****         PASS_AREF_AREF_CTRL = ctrlReg;
  92:Generated_Source\PSoC6\pdl\drivers\peripheral\sysanalog/cy_sysanalog.c **** 
  93:Generated_Source\PSoC6\pdl\drivers\peripheral\sysanalog/cy_sysanalog.c ****         result = CY_SYSANALOG_SUCCESS;
  45              		.loc 1 93 0
  46 0012 0020     		movs	r0, #0
  47              	.LVL1:
  85:Generated_Source\PSoC6\pdl\drivers\peripheral\sysanalog/cy_sysanalog.c ****                   | CY_SYSANALOG_DEFAULT_BIAS_SCALE \
  48              		.loc 1 85 0
  49 0014 1343     		orrs	r3, r2
  91:Generated_Source\PSoC6\pdl\drivers\peripheral\sysanalog/cy_sysanalog.c **** 
  50              		.loc 1 91 0
  51 0016 054A     		ldr	r2, .L5
  85:Generated_Source\PSoC6\pdl\drivers\peripheral\sysanalog/cy_sysanalog.c ****                   | CY_SYSANALOG_DEFAULT_BIAS_SCALE \
  52              		.loc 1 85 0
  53 0018 0B43     		orrs	r3, r1
  54              	.LVL2:
  91:Generated_Source\PSoC6\pdl\drivers\peripheral\sysanalog/cy_sysanalog.c **** 
  55              		.loc 1 91 0
  56 001a 1268     		ldr	r2, [r2]
  57 001c D169     		ldr	r1, [r2, #28]
  58 001e E022     		movs	r2, #224
  59 0020 1201     		lsls	r2, r2, #4
  60 0022 8B50     		str	r3, [r1, r2]
  61              	.LVL3:
  62 0024 00E0     		b	.L2
  63              	.LVL4:
  64              	.L3:
  76:Generated_Source\PSoC6\pdl\drivers\peripheral\sysanalog/cy_sysanalog.c ****     }
  65              		.loc 1 76 0
  66 0026 0248     		ldr	r0, .L5+4
  67              	.LVL5:
  68              	.L2:
  94:Generated_Source\PSoC6\pdl\drivers\peripheral\sysanalog/cy_sysanalog.c ****     }
  95:Generated_Source\PSoC6\pdl\drivers\peripheral\sysanalog/cy_sysanalog.c **** 
  96:Generated_Source\PSoC6\pdl\drivers\peripheral\sysanalog/cy_sysanalog.c ****     return result;
  97:Generated_Source\PSoC6\pdl\drivers\peripheral\sysanalog/cy_sysanalog.c **** }
  69              		.loc 1 97 0
ARM GAS  C:\Users\cmila\AppData\Local\Temp\cc1YBIKU.s 			page 4


  70              		@ sp needed
  71 0028 7047     		bx	lr
  72              	.L6:
  73 002a C046     		.align	2
  74              	.L5:
  75 002c 00000000 		.word	cy_device
  76 0030 01005E00 		.word	6160385
  77              		.cfi_endproc
  78              	.LFE88:
  79              		.size	Cy_SysAnalog_Init, .-Cy_SysAnalog_Init
  80              		.global	Cy_SysAnalog_Fast_External
  81              		.global	Cy_SysAnalog_Fast_SRSS
  82              		.global	Cy_SysAnalog_Fast_Local
  83              		.section	.rodata
  84              		.align	2
  85              		.type	Cy_SysAnalog_Fast_External, %object
  86              		.size	Cy_SysAnalog_Fast_External, 16
  87              	Cy_SysAnalog_Fast_External:
  88 0000 01       		.byte	1
  89 0001 000000   		.space	3
  90 0004 00000100 		.word	65536
  91 0008 00002000 		.word	2097152
  92 000c 00000000 		.word	0
  93              		.type	Cy_SysAnalog_Fast_SRSS, %object
  94              		.size	Cy_SysAnalog_Fast_SRSS, 16
  95              	Cy_SysAnalog_Fast_SRSS:
  96 0010 01       		.byte	1
  97 0011 000000   		.space	3
  98 0014 00000000 		.word	0
  99 0018 00000000 		.word	0
 100 001c 00000000 		.word	0
 101              		.type	Cy_SysAnalog_Fast_Local, %object
 102              		.size	Cy_SysAnalog_Fast_Local, 16
 103              	Cy_SysAnalog_Fast_Local:
 104 0020 01       		.byte	1
 105 0021 000000   		.space	3
 106 0024 00000100 		.word	65536
 107 0028 00001000 		.word	1048576
 108 002c 00000000 		.word	0
 109              		.text
 110              	.Letext0:
 111              		.file 2 "c:\\program files (x86)\\cypress\\psoc creator\\4.4\\psoc creator\\import\\gnu\\arm\\5.4.
 112              		.file 3 "c:\\program files (x86)\\cypress\\psoc creator\\4.4\\psoc creator\\import\\gnu\\arm\\5.4.
 113              		.file 4 "Generated_Source\\PSoC6\\pdl\\devices/psoc6/include/ip/cyip_pass.h"
 114              		.file 5 "Generated_Source\\PSoC6\\pdl\\drivers/peripheral/device/cy_device.h"
 115              		.file 6 "Generated_Source\\PSoC6\\pdl\\drivers\\peripheral\\sysanalog\\cy_sysanalog.h"
 116              		.section	.debug_info,"",%progbits
 117              	.Ldebug_info0:
 118 0000 D1070000 		.4byte	0x7d1
 119 0004 0400     		.2byte	0x4
 120 0006 00000000 		.4byte	.Ldebug_abbrev0
 121 000a 04       		.byte	0x4
 122 000b 01       		.uleb128 0x1
 123 000c CB020000 		.4byte	.LASF152
 124 0010 0C       		.byte	0xc
 125 0011 9B0A0000 		.4byte	.LASF153
 126 0015 C1000000 		.4byte	.LASF154
ARM GAS  C:\Users\cmila\AppData\Local\Temp\cc1YBIKU.s 			page 5


 127 0019 00000000 		.4byte	.Ldebug_ranges0+0
 128 001d 00000000 		.4byte	0
 129 0021 00000000 		.4byte	.Ldebug_line0
 130 0025 02       		.uleb128 0x2
 131 0026 01       		.byte	0x1
 132 0027 06       		.byte	0x6
 133 0028 58020000 		.4byte	.LASF0
 134 002c 03       		.uleb128 0x3
 135 002d 8B000000 		.4byte	.LASF2
 136 0031 02       		.byte	0x2
 137 0032 1D       		.byte	0x1d
 138 0033 37000000 		.4byte	0x37
 139 0037 02       		.uleb128 0x2
 140 0038 01       		.byte	0x1
 141 0039 08       		.byte	0x8
 142 003a FD070000 		.4byte	.LASF1
 143 003e 03       		.uleb128 0x3
 144 003f 62040000 		.4byte	.LASF3
 145 0043 02       		.byte	0x2
 146 0044 29       		.byte	0x29
 147 0045 49000000 		.4byte	0x49
 148 0049 02       		.uleb128 0x2
 149 004a 02       		.byte	0x2
 150 004b 05       		.byte	0x5
 151 004c 1F080000 		.4byte	.LASF4
 152 0050 03       		.uleb128 0x3
 153 0051 F7080000 		.4byte	.LASF5
 154 0055 02       		.byte	0x2
 155 0056 2B       		.byte	0x2b
 156 0057 5B000000 		.4byte	0x5b
 157 005b 02       		.uleb128 0x2
 158 005c 02       		.byte	0x2
 159 005d 07       		.byte	0x7
 160 005e 74090000 		.4byte	.LASF6
 161 0062 02       		.uleb128 0x2
 162 0063 04       		.byte	0x4
 163 0064 05       		.byte	0x5
 164 0065 C2020000 		.4byte	.LASF7
 165 0069 03       		.uleb128 0x3
 166 006a 47040000 		.4byte	.LASF8
 167 006e 02       		.byte	0x2
 168 006f 41       		.byte	0x41
 169 0070 74000000 		.4byte	0x74
 170 0074 02       		.uleb128 0x2
 171 0075 04       		.byte	0x4
 172 0076 07       		.byte	0x7
 173 0077 11050000 		.4byte	.LASF9
 174 007b 02       		.uleb128 0x2
 175 007c 08       		.byte	0x8
 176 007d 05       		.byte	0x5
 177 007e 4A020000 		.4byte	.LASF10
 178 0082 02       		.uleb128 0x2
 179 0083 08       		.byte	0x8
 180 0084 07       		.byte	0x7
 181 0085 76010000 		.4byte	.LASF11
 182 0089 04       		.uleb128 0x4
 183 008a 04       		.byte	0x4
ARM GAS  C:\Users\cmila\AppData\Local\Temp\cc1YBIKU.s 			page 6


 184 008b 05       		.byte	0x5
 185 008c 696E7400 		.ascii	"int\000"
 186 0090 02       		.uleb128 0x2
 187 0091 04       		.byte	0x4
 188 0092 07       		.byte	0x7
 189 0093 A1040000 		.4byte	.LASF12
 190 0097 03       		.uleb128 0x3
 191 0098 F3090000 		.4byte	.LASF13
 192 009c 03       		.byte	0x3
 193 009d 18       		.byte	0x18
 194 009e 2C000000 		.4byte	0x2c
 195 00a2 03       		.uleb128 0x3
 196 00a3 42020000 		.4byte	.LASF14
 197 00a7 03       		.byte	0x3
 198 00a8 20       		.byte	0x20
 199 00a9 3E000000 		.4byte	0x3e
 200 00ad 03       		.uleb128 0x3
 201 00ae AE040000 		.4byte	.LASF15
 202 00b2 03       		.byte	0x3
 203 00b3 24       		.byte	0x24
 204 00b4 50000000 		.4byte	0x50
 205 00b8 03       		.uleb128 0x3
 206 00b9 AC080000 		.4byte	.LASF16
 207 00bd 03       		.byte	0x3
 208 00be 30       		.byte	0x30
 209 00bf 69000000 		.4byte	0x69
 210 00c3 02       		.uleb128 0x2
 211 00c4 08       		.byte	0x8
 212 00c5 04       		.byte	0x4
 213 00c6 B5080000 		.4byte	.LASF17
 214 00ca 02       		.uleb128 0x2
 215 00cb 04       		.byte	0x4
 216 00cc 07       		.byte	0x7
 217 00cd 46060000 		.4byte	.LASF18
 218 00d1 05       		.uleb128 0x5
 219 00d2 B8000000 		.4byte	0xb8
 220 00d6 06       		.uleb128 0x6
 221 00d7 D1000000 		.4byte	0xd1
 222 00db 07       		.uleb128 0x7
 223 00dc D6000000 		.4byte	0xd6
 224 00e0 EB000000 		.4byte	0xeb
 225 00e4 08       		.uleb128 0x8
 226 00e5 CA000000 		.4byte	0xca
 227 00e9 3E       		.byte	0x3e
 228 00ea 00       		.byte	0
 229 00eb 09       		.uleb128 0x9
 230 00ec 0001     		.2byte	0x100
 231 00ee 04       		.byte	0x4
 232 00ef 22       		.byte	0x22
 233 00f0 0D010000 		.4byte	0x10d
 234 00f4 0A       		.uleb128 0xa
 235 00f5 BB010000 		.4byte	.LASF19
 236 00f9 04       		.byte	0x4
 237 00fa 23       		.byte	0x23
 238 00fb D1000000 		.4byte	0xd1
 239 00ff 00       		.byte	0
 240 0100 0A       		.uleb128 0xa
ARM GAS  C:\Users\cmila\AppData\Local\Temp\cc1YBIKU.s 			page 7


 241 0101 2E080000 		.4byte	.LASF20
 242 0105 04       		.byte	0x4
 243 0106 24       		.byte	0x24
 244 0107 12010000 		.4byte	0x112
 245 010b 04       		.byte	0x4
 246 010c 00       		.byte	0
 247 010d 05       		.uleb128 0x5
 248 010e DB000000 		.4byte	0xdb
 249 0112 06       		.uleb128 0x6
 250 0113 0D010000 		.4byte	0x10d
 251 0117 03       		.uleb128 0x3
 252 0118 17070000 		.4byte	.LASF21
 253 011c 04       		.byte	0x4
 254 011d 25       		.byte	0x25
 255 011e EB000000 		.4byte	0xeb
 256 0122 09       		.uleb128 0x9
 257 0123 200F     		.2byte	0xf20
 258 0125 04       		.byte	0x4
 259 0126 2A       		.byte	0x2a
 260 0127 B9010000 		.4byte	0x1b9
 261 012b 0A       		.uleb128 0xa
 262 012c 5D030000 		.4byte	.LASF22
 263 0130 04       		.byte	0x4
 264 0131 2B       		.byte	0x2b
 265 0132 D6000000 		.4byte	0xd6
 266 0136 00       		.byte	0
 267 0137 0A       		.uleb128 0xa
 268 0138 2E080000 		.4byte	.LASF20
 269 013c 04       		.byte	0x4
 270 013d 2C       		.byte	0x2c
 271 013e CF010000 		.4byte	0x1cf
 272 0142 04       		.byte	0x4
 273 0143 0B       		.uleb128 0xb
 274 0144 53080000 		.4byte	.LASF23
 275 0148 04       		.byte	0x4
 276 0149 2D       		.byte	0x2d
 277 014a 17010000 		.4byte	0x117
 278 014e 000E     		.2byte	0xe00
 279 0150 0B       		.uleb128 0xb
 280 0151 9B030000 		.4byte	.LASF24
 281 0155 04       		.byte	0x4
 282 0156 2E       		.byte	0x2e
 283 0157 D1000000 		.4byte	0xd1
 284 015b 000F     		.2byte	0xf00
 285 015d 0B       		.uleb128 0xb
 286 015e 8D020000 		.4byte	.LASF25
 287 0162 04       		.byte	0x4
 288 0163 2F       		.byte	0x2f
 289 0164 D1000000 		.4byte	0xd1
 290 0168 040F     		.2byte	0xf04
 291 016a 0B       		.uleb128 0xb
 292 016b CD030000 		.4byte	.LASF26
 293 016f 04       		.byte	0x4
 294 0170 30       		.byte	0x30
 295 0171 D1000000 		.4byte	0xd1
 296 0175 080F     		.2byte	0xf08
 297 0177 0B       		.uleb128 0xb
ARM GAS  C:\Users\cmila\AppData\Local\Temp\cc1YBIKU.s 			page 8


 298 0178 AD020000 		.4byte	.LASF27
 299 017c 04       		.byte	0x4
 300 017d 31       		.byte	0x31
 301 017e D1000000 		.4byte	0xd1
 302 0182 0C0F     		.2byte	0xf0c
 303 0184 0B       		.uleb128 0xb
 304 0185 F9040000 		.4byte	.LASF28
 305 0189 04       		.byte	0x4
 306 018a 32       		.byte	0x32
 307 018b D1000000 		.4byte	0xd1
 308 018f 100F     		.2byte	0xf10
 309 0191 0B       		.uleb128 0xb
 310 0192 05050000 		.4byte	.LASF29
 311 0196 04       		.byte	0x4
 312 0197 33       		.byte	0x33
 313 0198 D1000000 		.4byte	0xd1
 314 019c 140F     		.2byte	0xf14
 315 019e 0B       		.uleb128 0xb
 316 019f AF070000 		.4byte	.LASF30
 317 01a3 04       		.byte	0x4
 318 01a4 34       		.byte	0x34
 319 01a5 D1000000 		.4byte	0xd1
 320 01a9 180F     		.2byte	0xf18
 321 01ab 0B       		.uleb128 0xb
 322 01ac BC090000 		.4byte	.LASF31
 323 01b0 04       		.byte	0x4
 324 01b1 35       		.byte	0x35
 325 01b2 D1000000 		.4byte	0xd1
 326 01b6 1C0F     		.2byte	0xf1c
 327 01b8 00       		.byte	0
 328 01b9 07       		.uleb128 0x7
 329 01ba D6000000 		.4byte	0xd6
 330 01be CA010000 		.4byte	0x1ca
 331 01c2 0C       		.uleb128 0xc
 332 01c3 CA000000 		.4byte	0xca
 333 01c7 7E03     		.2byte	0x37e
 334 01c9 00       		.byte	0
 335 01ca 05       		.uleb128 0x5
 336 01cb B9010000 		.4byte	0x1b9
 337 01cf 06       		.uleb128 0x6
 338 01d0 CA010000 		.4byte	0x1ca
 339 01d4 03       		.uleb128 0x3
 340 01d5 15090000 		.4byte	.LASF32
 341 01d9 04       		.byte	0x4
 342 01da 36       		.byte	0x36
 343 01db 22010000 		.4byte	0x122
 344 01df 0D       		.uleb128 0xd
 345 01e0 B8       		.byte	0xb8
 346 01e1 05       		.byte	0x5
 347 01e2 34       		.byte	0x34
 348 01e3 F0050000 		.4byte	0x5f0
 349 01e7 0A       		.uleb128 0xa
 350 01e8 21010000 		.4byte	.LASF33
 351 01ec 05       		.byte	0x5
 352 01ed 37       		.byte	0x37
 353 01ee B8000000 		.4byte	0xb8
 354 01f2 00       		.byte	0
ARM GAS  C:\Users\cmila\AppData\Local\Temp\cc1YBIKU.s 			page 9


 355 01f3 0A       		.uleb128 0xa
 356 01f4 3C040000 		.4byte	.LASF34
 357 01f8 05       		.byte	0x5
 358 01f9 38       		.byte	0x38
 359 01fa B8000000 		.4byte	0xb8
 360 01fe 04       		.byte	0x4
 361 01ff 0A       		.uleb128 0xa
 362 0200 76030000 		.4byte	.LASF35
 363 0204 05       		.byte	0x5
 364 0205 39       		.byte	0x39
 365 0206 B8000000 		.4byte	0xb8
 366 020a 08       		.byte	0x8
 367 020b 0A       		.uleb128 0xa
 368 020c F5070000 		.4byte	.LASF36
 369 0210 05       		.byte	0x5
 370 0211 3A       		.byte	0x3a
 371 0212 B8000000 		.4byte	0xb8
 372 0216 0C       		.byte	0xc
 373 0217 0A       		.uleb128 0xa
 374 0218 79020000 		.4byte	.LASF37
 375 021c 05       		.byte	0x5
 376 021d 3B       		.byte	0x3b
 377 021e B8000000 		.4byte	0xb8
 378 0222 10       		.byte	0x10
 379 0223 0A       		.uleb128 0xa
 380 0224 B8020000 		.4byte	.LASF38
 381 0228 05       		.byte	0x5
 382 0229 3C       		.byte	0x3c
 383 022a B8000000 		.4byte	0xb8
 384 022e 14       		.byte	0x14
 385 022f 0A       		.uleb128 0xa
 386 0230 36050000 		.4byte	.LASF39
 387 0234 05       		.byte	0x5
 388 0235 3D       		.byte	0x3d
 389 0236 B8000000 		.4byte	0xb8
 390 023a 18       		.byte	0x18
 391 023b 0A       		.uleb128 0xa
 392 023c 67000000 		.4byte	.LASF40
 393 0240 05       		.byte	0x5
 394 0241 3E       		.byte	0x3e
 395 0242 B8000000 		.4byte	0xb8
 396 0246 1C       		.byte	0x1c
 397 0247 0A       		.uleb128 0xa
 398 0248 37080000 		.4byte	.LASF41
 399 024c 05       		.byte	0x5
 400 024d 3F       		.byte	0x3f
 401 024e B8000000 		.4byte	0xb8
 402 0252 20       		.byte	0x20
 403 0253 0A       		.uleb128 0xa
 404 0254 42070000 		.4byte	.LASF42
 405 0258 05       		.byte	0x5
 406 0259 40       		.byte	0x40
 407 025a B8000000 		.4byte	0xb8
 408 025e 24       		.byte	0x24
 409 025f 0A       		.uleb128 0xa
 410 0260 18060000 		.4byte	.LASF43
 411 0264 05       		.byte	0x5
ARM GAS  C:\Users\cmila\AppData\Local\Temp\cc1YBIKU.s 			page 10


 412 0265 43       		.byte	0x43
 413 0266 97000000 		.4byte	0x97
 414 026a 28       		.byte	0x28
 415 026b 0A       		.uleb128 0xa
 416 026c 4D000000 		.4byte	.LASF44
 417 0270 05       		.byte	0x5
 418 0271 44       		.byte	0x44
 419 0272 97000000 		.4byte	0x97
 420 0276 29       		.byte	0x29
 421 0277 0A       		.uleb128 0xa
 422 0278 4A0A0000 		.4byte	.LASF45
 423 027c 05       		.byte	0x5
 424 027d 45       		.byte	0x45
 425 027e 97000000 		.4byte	0x97
 426 0282 2A       		.byte	0x2a
 427 0283 0A       		.uleb128 0xa
 428 0284 E7070000 		.4byte	.LASF46
 429 0288 05       		.byte	0x5
 430 0289 46       		.byte	0x46
 431 028a 97000000 		.4byte	0x97
 432 028e 2B       		.byte	0x2b
 433 028f 0A       		.uleb128 0xa
 434 0290 AE050000 		.4byte	.LASF47
 435 0294 05       		.byte	0x5
 436 0295 47       		.byte	0x47
 437 0296 97000000 		.4byte	0x97
 438 029a 2C       		.byte	0x2c
 439 029b 0A       		.uleb128 0xa
 440 029c 39090000 		.4byte	.LASF48
 441 02a0 05       		.byte	0x5
 442 02a1 48       		.byte	0x48
 443 02a2 97000000 		.4byte	0x97
 444 02a6 2D       		.byte	0x2d
 445 02a7 0A       		.uleb128 0xa
 446 02a8 82020000 		.4byte	.LASF49
 447 02ac 05       		.byte	0x5
 448 02ad 49       		.byte	0x49
 449 02ae 97000000 		.4byte	0x97
 450 02b2 2E       		.byte	0x2e
 451 02b3 0A       		.uleb128 0xa
 452 02b4 25060000 		.4byte	.LASF50
 453 02b8 05       		.byte	0x5
 454 02b9 4A       		.byte	0x4a
 455 02ba 97000000 		.4byte	0x97
 456 02be 2F       		.byte	0x2f
 457 02bf 0A       		.uleb128 0xa
 458 02c0 D7060000 		.4byte	.LASF51
 459 02c4 05       		.byte	0x5
 460 02c5 4B       		.byte	0x4b
 461 02c6 97000000 		.4byte	0x97
 462 02ca 30       		.byte	0x30
 463 02cb 0A       		.uleb128 0xa
 464 02cc 2B050000 		.4byte	.LASF52
 465 02d0 05       		.byte	0x5
 466 02d1 4E       		.byte	0x4e
 467 02d2 97000000 		.4byte	0x97
 468 02d6 31       		.byte	0x31
ARM GAS  C:\Users\cmila\AppData\Local\Temp\cc1YBIKU.s 			page 11


 469 02d7 0A       		.uleb128 0xa
 470 02d8 7D000000 		.4byte	.LASF53
 471 02dc 05       		.byte	0x5
 472 02dd 4F       		.byte	0x4f
 473 02de 97000000 		.4byte	0x97
 474 02e2 32       		.byte	0x32
 475 02e3 0A       		.uleb128 0xa
 476 02e4 95040000 		.4byte	.LASF54
 477 02e8 05       		.byte	0x5
 478 02e9 50       		.byte	0x50
 479 02ea 97000000 		.4byte	0x97
 480 02ee 33       		.byte	0x33
 481 02ef 0A       		.uleb128 0xa
 482 02f0 A1060000 		.4byte	.LASF55
 483 02f4 05       		.byte	0x5
 484 02f5 51       		.byte	0x51
 485 02f6 97000000 		.4byte	0x97
 486 02fa 34       		.byte	0x34
 487 02fb 0A       		.uleb128 0xa
 488 02fc 9E090000 		.4byte	.LASF56
 489 0300 05       		.byte	0x5
 490 0301 52       		.byte	0x52
 491 0302 A2000000 		.4byte	0xa2
 492 0306 36       		.byte	0x36
 493 0307 0A       		.uleb128 0xa
 494 0308 7F030000 		.4byte	.LASF57
 495 030c 05       		.byte	0x5
 496 030d 53       		.byte	0x53
 497 030e A2000000 		.4byte	0xa2
 498 0312 38       		.byte	0x38
 499 0313 0A       		.uleb128 0xa
 500 0314 C8090000 		.4byte	.LASF58
 501 0318 05       		.byte	0x5
 502 0319 54       		.byte	0x54
 503 031a A2000000 		.4byte	0xa2
 504 031e 3A       		.byte	0x3a
 505 031f 0A       		.uleb128 0xa
 506 0320 3B0A0000 		.4byte	.LASF59
 507 0324 05       		.byte	0x5
 508 0325 55       		.byte	0x55
 509 0326 97000000 		.4byte	0x97
 510 032a 3C       		.byte	0x3c
 511 032b 0A       		.uleb128 0xa
 512 032c D8030000 		.4byte	.LASF60
 513 0330 05       		.byte	0x5
 514 0331 56       		.byte	0x56
 515 0332 97000000 		.4byte	0x97
 516 0336 3D       		.byte	0x3d
 517 0337 0A       		.uleb128 0xa
 518 0338 72080000 		.4byte	.LASF61
 519 033c 05       		.byte	0x5
 520 033d 57       		.byte	0x57
 521 033e 97000000 		.4byte	0x97
 522 0342 3E       		.byte	0x3e
 523 0343 0A       		.uleb128 0xa
 524 0344 5B000000 		.4byte	.LASF62
 525 0348 05       		.byte	0x5
ARM GAS  C:\Users\cmila\AppData\Local\Temp\cc1YBIKU.s 			page 12


 526 0349 58       		.byte	0x58
 527 034a 97000000 		.4byte	0x97
 528 034e 3F       		.byte	0x3f
 529 034f 0A       		.uleb128 0xa
 530 0350 4D070000 		.4byte	.LASF63
 531 0354 05       		.byte	0x5
 532 0355 59       		.byte	0x59
 533 0356 97000000 		.4byte	0x97
 534 035a 40       		.byte	0x40
 535 035b 0A       		.uleb128 0xa
 536 035c 52040000 		.4byte	.LASF64
 537 0360 05       		.byte	0x5
 538 0361 5A       		.byte	0x5a
 539 0362 97000000 		.4byte	0x97
 540 0366 41       		.byte	0x41
 541 0367 0A       		.uleb128 0xa
 542 0368 CA050000 		.4byte	.LASF65
 543 036c 05       		.byte	0x5
 544 036d 5B       		.byte	0x5b
 545 036e 97000000 		.4byte	0x97
 546 0372 42       		.byte	0x42
 547 0373 0A       		.uleb128 0xa
 548 0374 F4060000 		.4byte	.LASF66
 549 0378 05       		.byte	0x5
 550 0379 5C       		.byte	0x5c
 551 037a 97000000 		.4byte	0x97
 552 037e 43       		.byte	0x43
 553 037f 0A       		.uleb128 0xa
 554 0380 8A030000 		.4byte	.LASF67
 555 0384 05       		.byte	0x5
 556 0385 5D       		.byte	0x5d
 557 0386 97000000 		.4byte	0x97
 558 038a 44       		.byte	0x44
 559 038b 0A       		.uleb128 0xa
 560 038c 00000000 		.4byte	.LASF68
 561 0390 05       		.byte	0x5
 562 0391 5E       		.byte	0x5e
 563 0392 B8000000 		.4byte	0xb8
 564 0396 48       		.byte	0x48
 565 0397 0A       		.uleb128 0xa
 566 0398 68030000 		.4byte	.LASF69
 567 039c 05       		.byte	0x5
 568 039d 5F       		.byte	0x5f
 569 039e B8000000 		.4byte	0xb8
 570 03a2 4C       		.byte	0x4c
 571 03a3 0A       		.uleb128 0xa
 572 03a4 E90A0000 		.4byte	.LASF70
 573 03a8 05       		.byte	0x5
 574 03a9 60       		.byte	0x60
 575 03aa 97000000 		.4byte	0x97
 576 03ae 50       		.byte	0x50
 577 03af 0A       		.uleb128 0xa
 578 03b0 F8010000 		.4byte	.LASF71
 579 03b4 05       		.byte	0x5
 580 03b5 61       		.byte	0x61
 581 03b6 97000000 		.4byte	0x97
 582 03ba 51       		.byte	0x51
ARM GAS  C:\Users\cmila\AppData\Local\Temp\cc1YBIKU.s 			page 13


 583 03bb 0A       		.uleb128 0xa
 584 03bc E3090000 		.4byte	.LASF72
 585 03c0 05       		.byte	0x5
 586 03c1 62       		.byte	0x62
 587 03c2 97000000 		.4byte	0x97
 588 03c6 52       		.byte	0x52
 589 03c7 0A       		.uleb128 0xa
 590 03c8 890A0000 		.4byte	.LASF73
 591 03cc 05       		.byte	0x5
 592 03cd 63       		.byte	0x63
 593 03ce 97000000 		.4byte	0x97
 594 03d2 53       		.byte	0x53
 595 03d3 0A       		.uleb128 0xa
 596 03d4 80080000 		.4byte	.LASF74
 597 03d8 05       		.byte	0x5
 598 03d9 64       		.byte	0x64
 599 03da 97000000 		.4byte	0x97
 600 03de 54       		.byte	0x54
 601 03df 0A       		.uleb128 0xa
 602 03e0 2E020000 		.4byte	.LASF75
 603 03e4 05       		.byte	0x5
 604 03e5 65       		.byte	0x65
 605 03e6 97000000 		.4byte	0x97
 606 03ea 55       		.byte	0x55
 607 03eb 0A       		.uleb128 0xa
 608 03ec 46090000 		.4byte	.LASF76
 609 03f0 05       		.byte	0x5
 610 03f1 66       		.byte	0x66
 611 03f2 97000000 		.4byte	0x97
 612 03f6 56       		.byte	0x56
 613 03f7 0A       		.uleb128 0xa
 614 03f8 3F050000 		.4byte	.LASF77
 615 03fc 05       		.byte	0x5
 616 03fd 67       		.byte	0x67
 617 03fe 97000000 		.4byte	0x97
 618 0402 57       		.byte	0x57
 619 0403 0A       		.uleb128 0xa
 620 0404 12000000 		.4byte	.LASF78
 621 0408 05       		.byte	0x5
 622 0409 68       		.byte	0x68
 623 040a 97000000 		.4byte	0x97
 624 040e 58       		.byte	0x58
 625 040f 0A       		.uleb128 0xa
 626 0410 0B080000 		.4byte	.LASF79
 627 0414 05       		.byte	0x5
 628 0415 69       		.byte	0x69
 629 0416 97000000 		.4byte	0x97
 630 041a 59       		.byte	0x59
 631 041b 0A       		.uleb128 0xa
 632 041c A6030000 		.4byte	.LASF80
 633 0420 05       		.byte	0x5
 634 0421 6E       		.byte	0x6e
 635 0422 AD000000 		.4byte	0xad
 636 0426 5A       		.byte	0x5a
 637 0427 0A       		.uleb128 0xa
 638 0428 87090000 		.4byte	.LASF81
 639 042c 05       		.byte	0x5
ARM GAS  C:\Users\cmila\AppData\Local\Temp\cc1YBIKU.s 			page 14


 640 042d 6F       		.byte	0x6f
 641 042e AD000000 		.4byte	0xad
 642 0432 5C       		.byte	0x5c
 643 0433 0A       		.uleb128 0xa
 644 0434 4D010000 		.4byte	.LASF82
 645 0438 05       		.byte	0x5
 646 0439 70       		.byte	0x70
 647 043a 97000000 		.4byte	0x97
 648 043e 5E       		.byte	0x5e
 649 043f 0A       		.uleb128 0xa
 650 0440 D1070000 		.4byte	.LASF83
 651 0444 05       		.byte	0x5
 652 0445 71       		.byte	0x71
 653 0446 97000000 		.4byte	0x97
 654 044a 5F       		.byte	0x5f
 655 044b 0A       		.uleb128 0xa
 656 044c E3060000 		.4byte	.LASF84
 657 0450 05       		.byte	0x5
 658 0451 72       		.byte	0x72
 659 0452 97000000 		.4byte	0x97
 660 0456 60       		.byte	0x60
 661 0457 0A       		.uleb128 0xa
 662 0458 9E070000 		.4byte	.LASF85
 663 045c 05       		.byte	0x5
 664 045d 73       		.byte	0x73
 665 045e B8000000 		.4byte	0xb8
 666 0462 64       		.byte	0x64
 667 0463 0A       		.uleb128 0xa
 668 0464 8D010000 		.4byte	.LASF86
 669 0468 05       		.byte	0x5
 670 0469 76       		.byte	0x76
 671 046a AD000000 		.4byte	0xad
 672 046e 68       		.byte	0x68
 673 046f 0A       		.uleb128 0xa
 674 0470 E7040000 		.4byte	.LASF87
 675 0474 05       		.byte	0x5
 676 0475 77       		.byte	0x77
 677 0476 AD000000 		.4byte	0xad
 678 047a 6A       		.byte	0x6a
 679 047b 0A       		.uleb128 0xa
 680 047c 53050000 		.4byte	.LASF88
 681 0480 05       		.byte	0x5
 682 0481 78       		.byte	0x78
 683 0482 AD000000 		.4byte	0xad
 684 0486 6C       		.byte	0x6c
 685 0487 0A       		.uleb128 0xa
 686 0488 70000000 		.4byte	.LASF89
 687 048c 05       		.byte	0x5
 688 048d 79       		.byte	0x79
 689 048e AD000000 		.4byte	0xad
 690 0492 6E       		.byte	0x6e
 691 0493 0A       		.uleb128 0xa
 692 0494 3F080000 		.4byte	.LASF90
 693 0498 05       		.byte	0x5
 694 0499 7B       		.byte	0x7b
 695 049a 97000000 		.4byte	0x97
 696 049e 70       		.byte	0x70
ARM GAS  C:\Users\cmila\AppData\Local\Temp\cc1YBIKU.s 			page 15


 697 049f 0A       		.uleb128 0xa
 698 04a0 64020000 		.4byte	.LASF91
 699 04a4 05       		.byte	0x5
 700 04a5 7C       		.byte	0x7c
 701 04a6 97000000 		.4byte	0x97
 702 04aa 71       		.byte	0x71
 703 04ab 0A       		.uleb128 0xa
 704 04ac 730A0000 		.4byte	.LASF92
 705 04b0 05       		.byte	0x5
 706 04b1 7D       		.byte	0x7d
 707 04b2 97000000 		.4byte	0x97
 708 04b6 72       		.byte	0x72
 709 04b7 0A       		.uleb128 0xa
 710 04b8 B2060000 		.4byte	.LASF93
 711 04bc 05       		.byte	0x5
 712 04bd 7E       		.byte	0x7e
 713 04be 97000000 		.4byte	0x97
 714 04c2 73       		.byte	0x73
 715 04c3 0A       		.uleb128 0xa
 716 04c4 E3030000 		.4byte	.LASF94
 717 04c8 05       		.byte	0x5
 718 04c9 80       		.byte	0x80
 719 04ca AD000000 		.4byte	0xad
 720 04ce 74       		.byte	0x74
 721 04cf 0A       		.uleb128 0xa
 722 04d0 02090000 		.4byte	.LASF95
 723 04d4 05       		.byte	0x5
 724 04d5 81       		.byte	0x81
 725 04d6 AD000000 		.4byte	0xad
 726 04da 76       		.byte	0x76
 727 04db 0A       		.uleb128 0xa
 728 04dc B8030000 		.4byte	.LASF96
 729 04e0 05       		.byte	0x5
 730 04e1 82       		.byte	0x82
 731 04e2 AD000000 		.4byte	0xad
 732 04e6 78       		.byte	0x78
 733 04e7 0A       		.uleb128 0xa
 734 04e8 95000000 		.4byte	.LASF97
 735 04ec 05       		.byte	0x5
 736 04ed 83       		.byte	0x83
 737 04ee AD000000 		.4byte	0xad
 738 04f2 7A       		.byte	0x7a
 739 04f3 0A       		.uleb128 0xa
 740 04f4 100A0000 		.4byte	.LASF98
 741 04f8 05       		.byte	0x5
 742 04f9 86       		.byte	0x86
 743 04fa 97000000 		.4byte	0x97
 744 04fe 7C       		.byte	0x7c
 745 04ff 0A       		.uleb128 0xa
 746 0500 AB090000 		.4byte	.LASF99
 747 0504 05       		.byte	0x5
 748 0505 87       		.byte	0x87
 749 0506 97000000 		.4byte	0x97
 750 050a 7D       		.byte	0x7d
 751 050b 0A       		.uleb128 0xa
 752 050c 26000000 		.4byte	.LASF100
 753 0510 05       		.byte	0x5
ARM GAS  C:\Users\cmila\AppData\Local\Temp\cc1YBIKU.s 			page 16


 754 0511 88       		.byte	0x88
 755 0512 97000000 		.4byte	0x97
 756 0516 7E       		.byte	0x7e
 757 0517 0A       		.uleb128 0xa
 758 0518 0A040000 		.4byte	.LASF101
 759 051c 05       		.byte	0x5
 760 051d 89       		.byte	0x89
 761 051e 97000000 		.4byte	0x97
 762 0522 7F       		.byte	0x7f
 763 0523 0A       		.uleb128 0xa
 764 0524 81040000 		.4byte	.LASF102
 765 0528 05       		.byte	0x5
 766 0529 8A       		.byte	0x8a
 767 052a 97000000 		.4byte	0x97
 768 052e 80       		.byte	0x80
 769 052f 0A       		.uleb128 0xa
 770 0530 01060000 		.4byte	.LASF103
 771 0534 05       		.byte	0x5
 772 0535 8D       		.byte	0x8d
 773 0536 B8000000 		.4byte	0xb8
 774 053a 84       		.byte	0x84
 775 053b 0A       		.uleb128 0xa
 776 053c AA000000 		.4byte	.LASF104
 777 0540 05       		.byte	0x5
 778 0541 8E       		.byte	0x8e
 779 0542 B8000000 		.4byte	0xb8
 780 0546 88       		.byte	0x88
 781 0547 0A       		.uleb128 0xa
 782 0548 FB090000 		.4byte	.LASF105
 783 054c 05       		.byte	0x5
 784 054d 8F       		.byte	0x8f
 785 054e B8000000 		.4byte	0xb8
 786 0552 8C       		.byte	0x8c
 787 0553 0A       		.uleb128 0xa
 788 0554 31060000 		.4byte	.LASF106
 789 0558 05       		.byte	0x5
 790 0559 90       		.byte	0x90
 791 055a B8000000 		.4byte	0xb8
 792 055e 90       		.byte	0x90
 793 055f 0A       		.uleb128 0xa
 794 0560 6C040000 		.4byte	.LASF107
 795 0564 05       		.byte	0x5
 796 0565 91       		.byte	0x91
 797 0566 B8000000 		.4byte	0xb8
 798 056a 94       		.byte	0x94
 799 056b 0A       		.uleb128 0xa
 800 056c EB050000 		.4byte	.LASF108
 801 0570 05       		.byte	0x5
 802 0571 92       		.byte	0x92
 803 0572 B8000000 		.4byte	0xb8
 804 0576 98       		.byte	0x98
 805 0577 0A       		.uleb128 0xa
 806 0578 250A0000 		.4byte	.LASF109
 807 057c 05       		.byte	0x5
 808 057d 93       		.byte	0x93
 809 057e B8000000 		.4byte	0xb8
 810 0582 9C       		.byte	0x9c
ARM GAS  C:\Users\cmila\AppData\Local\Temp\cc1YBIKU.s 			page 17


 811 0583 0A       		.uleb128 0xa
 812 0584 C5010000 		.4byte	.LASF110
 813 0588 05       		.byte	0x5
 814 0589 94       		.byte	0x94
 815 058a B8000000 		.4byte	0xb8
 816 058e A0       		.byte	0xa0
 817 058f 0A       		.uleb128 0xa
 818 0590 98020000 		.4byte	.LASF111
 819 0594 05       		.byte	0x5
 820 0595 95       		.byte	0x95
 821 0596 AD000000 		.4byte	0xad
 822 059a A4       		.byte	0xa4
 823 059b 0A       		.uleb128 0xa
 824 059c D6050000 		.4byte	.LASF112
 825 05a0 05       		.byte	0x5
 826 05a1 96       		.byte	0x96
 827 05a2 AD000000 		.4byte	0xad
 828 05a6 A6       		.byte	0xa6
 829 05a7 0A       		.uleb128 0xa
 830 05a8 C5070000 		.4byte	.LASF113
 831 05ac 05       		.byte	0x5
 832 05ad 97       		.byte	0x97
 833 05ae AD000000 		.4byte	0xad
 834 05b2 A8       		.byte	0xa8
 835 05b3 0A       		.uleb128 0xa
 836 05b4 E2080000 		.4byte	.LASF114
 837 05b8 05       		.byte	0x5
 838 05b9 98       		.byte	0x98
 839 05ba AD000000 		.4byte	0xad
 840 05be AA       		.byte	0xaa
 841 05bf 0A       		.uleb128 0xa
 842 05c0 62050000 		.4byte	.LASF115
 843 05c4 05       		.byte	0x5
 844 05c5 99       		.byte	0x99
 845 05c6 AD000000 		.4byte	0xad
 846 05ca AC       		.byte	0xac
 847 05cb 0A       		.uleb128 0xa
 848 05cc C9060000 		.4byte	.LASF116
 849 05d0 05       		.byte	0x5
 850 05d1 9A       		.byte	0x9a
 851 05d2 AD000000 		.4byte	0xad
 852 05d6 AE       		.byte	0xae
 853 05d7 0A       		.uleb128 0xa
 854 05d8 90090000 		.4byte	.LASF117
 855 05dc 05       		.byte	0x5
 856 05dd 9D       		.byte	0x9d
 857 05de AD000000 		.4byte	0xad
 858 05e2 B0       		.byte	0xb0
 859 05e3 0A       		.uleb128 0xa
 860 05e4 39000000 		.4byte	.LASF118
 861 05e8 05       		.byte	0x5
 862 05e9 9E       		.byte	0x9e
 863 05ea B8000000 		.4byte	0xb8
 864 05ee B4       		.byte	0xb4
 865 05ef 00       		.byte	0
 866 05f0 03       		.uleb128 0x3
 867 05f1 BA050000 		.4byte	.LASF119
ARM GAS  C:\Users\cmila\AppData\Local\Temp\cc1YBIKU.s 			page 18


 868 05f5 05       		.byte	0x5
 869 05f6 9F       		.byte	0x9f
 870 05f7 DF010000 		.4byte	0x1df
 871 05fb 02       		.uleb128 0x2
 872 05fc 01       		.byte	0x1
 873 05fd 08       		.byte	0x8
 874 05fe C1080000 		.4byte	.LASF120
 875 0602 02       		.uleb128 0x2
 876 0603 04       		.byte	0x4
 877 0604 04       		.byte	0x4
 878 0605 98070000 		.4byte	.LASF121
 879 0609 02       		.uleb128 0x2
 880 060a 08       		.byte	0x8
 881 060b 04       		.byte	0x4
 882 060c B1030000 		.4byte	.LASF122
 883 0610 0E       		.uleb128 0xe
 884 0611 04       		.byte	0x4
 885 0612 90000000 		.4byte	0x90
 886 0616 06       		.byte	0x6
 887 0617 DB       		.byte	0xdb
 888 0618 2C060000 		.4byte	0x62c
 889 061c 0F       		.uleb128 0xf
 890 061d F5030000 		.4byte	.LASF123
 891 0621 00       		.byte	0
 892 0622 10       		.uleb128 0x10
 893 0623 22090000 		.4byte	.LASF124
 894 0627 01005E00 		.4byte	0x5e0001
 895 062b 00       		.byte	0
 896 062c 03       		.uleb128 0x3
 897 062d 29070000 		.4byte	.LASF125
 898 0631 06       		.byte	0x6
 899 0632 DE       		.byte	0xde
 900 0633 10060000 		.4byte	0x610
 901 0637 0E       		.uleb128 0xe
 902 0638 01       		.byte	0x1
 903 0639 37000000 		.4byte	0x37
 904 063d 06       		.byte	0x6
 905 063e E8       		.byte	0xe8
 906 063f 50060000 		.4byte	0x650
 907 0643 0F       		.uleb128 0xf
 908 0644 90080000 		.4byte	.LASF126
 909 0648 00       		.byte	0
 910 0649 0F       		.uleb128 0xf
 911 064a 5C010000 		.4byte	.LASF127
 912 064e 01       		.byte	0x1
 913 064f 00       		.byte	0
 914 0650 03       		.uleb128 0x3
 915 0651 5A090000 		.4byte	.LASF128
 916 0655 06       		.byte	0x6
 917 0656 EB       		.byte	0xeb
 918 0657 37060000 		.4byte	0x637
 919 065b 0E       		.uleb128 0xe
 920 065c 04       		.byte	0x4
 921 065d 90000000 		.4byte	0x90
 922 0661 06       		.byte	0x6
 923 0662 F5       		.byte	0xf5
 924 0663 80060000 		.4byte	0x680
ARM GAS  C:\Users\cmila\AppData\Local\Temp\cc1YBIKU.s 			page 19


 925 0667 0F       		.uleb128 0xf
 926 0668 1E040000 		.4byte	.LASF129
 927 066c 00       		.byte	0
 928 066d 10       		.uleb128 0x10
 929 066e 0A020000 		.4byte	.LASF130
 930 0672 00001000 		.4byte	0x100000
 931 0676 10       		.uleb128 0x10
 932 0677 2B010000 		.4byte	.LASF131
 933 067b 00002000 		.4byte	0x200000
 934 067f 00       		.byte	0
 935 0680 03       		.uleb128 0x3
 936 0681 9D010000 		.4byte	.LASF132
 937 0685 06       		.byte	0x6
 938 0686 F9       		.byte	0xf9
 939 0687 5B060000 		.4byte	0x65b
 940 068b 11       		.uleb128 0x11
 941 068c 04       		.byte	0x4
 942 068d 90000000 		.4byte	0x90
 943 0691 06       		.byte	0x6
 944 0692 0401     		.2byte	0x104
 945 0694 A8060000 		.4byte	0x6a8
 946 0698 0F       		.uleb128 0xf
 947 0699 540A0000 		.4byte	.LASF133
 948 069d 00       		.byte	0
 949 069e 10       		.uleb128 0x10
 950 069f 4F060000 		.4byte	.LASF134
 951 06a3 00000100 		.4byte	0x10000
 952 06a7 00       		.byte	0
 953 06a8 12       		.uleb128 0x12
 954 06a9 8F050000 		.4byte	.LASF135
 955 06ad 06       		.byte	0x6
 956 06ae 0701     		.2byte	0x107
 957 06b0 8B060000 		.4byte	0x68b
 958 06b4 11       		.uleb128 0x11
 959 06b5 04       		.byte	0x4
 960 06b6 90000000 		.4byte	0x90
 961 06ba 06       		.byte	0x6
 962 06bb 1301     		.2byte	0x113
 963 06bd E3060000 		.4byte	0x6e3
 964 06c1 0F       		.uleb128 0xf
 965 06c2 70050000 		.4byte	.LASF136
 966 06c6 00       		.byte	0
 967 06c7 10       		.uleb128 0x10
 968 06c8 5A070000 		.4byte	.LASF137
 969 06cc 00000050 		.4byte	0x50000000
 970 06d0 10       		.uleb128 0x10
 971 06d1 79070000 		.4byte	.LASF138
 972 06d5 00000060 		.4byte	0x60000000
 973 06d9 10       		.uleb128 0x10
 974 06da B7040000 		.4byte	.LASF139
 975 06de 00000070 		.4byte	0x70000000
 976 06e2 00       		.byte	0
 977 06e3 12       		.uleb128 0x12
 978 06e4 DB010000 		.4byte	.LASF140
 979 06e8 06       		.byte	0x6
 980 06e9 1C01     		.2byte	0x11c
 981 06eb B4060000 		.4byte	0x6b4
ARM GAS  C:\Users\cmila\AppData\Local\Temp\cc1YBIKU.s 			page 20


 982 06ef 13       		.uleb128 0x13
 983 06f0 10       		.byte	0x10
 984 06f1 06       		.byte	0x6
 985 06f2 4001     		.2byte	0x140
 986 06f4 2D070000 		.4byte	0x72d
 987 06f8 14       		.uleb128 0x14
 988 06f9 23050000 		.4byte	.LASF141
 989 06fd 06       		.byte	0x6
 990 06fe 4201     		.2byte	0x142
 991 0700 50060000 		.4byte	0x650
 992 0704 00       		.byte	0
 993 0705 14       		.uleb128 0x14
 994 0706 DD090000 		.4byte	.LASF142
 995 070a 06       		.byte	0x6
 996 070b 4301     		.2byte	0x143
 997 070d A8060000 		.4byte	0x6a8
 998 0711 04       		.byte	0x4
 999 0712 14       		.uleb128 0x14
 1000 0713 29080000 		.4byte	.LASF143
 1001 0717 06       		.byte	0x6
 1002 0718 4401     		.2byte	0x144
 1003 071a 80060000 		.4byte	0x680
 1004 071e 08       		.byte	0x8
 1005 071f 14       		.uleb128 0x14
 1006 0720 C6080000 		.4byte	.LASF144
 1007 0724 06       		.byte	0x6
 1008 0725 4501     		.2byte	0x145
 1009 0727 E3060000 		.4byte	0x6e3
 1010 072b 0C       		.byte	0xc
 1011 072c 00       		.byte	0
 1012 072d 12       		.uleb128 0x12
 1013 072e 58080000 		.4byte	.LASF145
 1014 0732 06       		.byte	0x6
 1015 0733 4601     		.2byte	0x146
 1016 0735 EF060000 		.4byte	0x6ef
 1017 0739 15       		.uleb128 0x15
 1018 073a D0080000 		.4byte	.LASF155
 1019 073e 01       		.byte	0x1
 1020 073f 43       		.byte	0x43
 1021 0740 2C060000 		.4byte	0x62c
 1022 0744 00000000 		.4byte	.LFB88
 1023 0748 34000000 		.4byte	.LFE88-.LFB88
 1024 074c 01       		.uleb128 0x1
 1025 074d 9C       		.byte	0x9c
 1026 074e 80070000 		.4byte	0x780
 1027 0752 16       		.uleb128 0x16
 1028 0753 F0080000 		.4byte	.LASF156
 1029 0757 01       		.byte	0x1
 1030 0758 43       		.byte	0x43
 1031 0759 80070000 		.4byte	0x780
 1032 075d 00000000 		.4byte	.LLST0
 1033 0761 17       		.uleb128 0x17
 1034 0762 E20A0000 		.4byte	.LASF146
 1035 0766 01       		.byte	0x1
 1036 0767 47       		.byte	0x47
 1037 0768 2C060000 		.4byte	0x62c
 1038 076c 3A000000 		.4byte	.LLST1
ARM GAS  C:\Users\cmila\AppData\Local\Temp\cc1YBIKU.s 			page 21


 1039 0770 17       		.uleb128 0x17
 1040 0771 DF040000 		.4byte	.LASF147
 1041 0775 01       		.byte	0x1
 1042 0776 48       		.byte	0x48
 1043 0777 B8000000 		.4byte	0xb8
 1044 077b 59000000 		.4byte	.LLST2
 1045 077f 00       		.byte	0
 1046 0780 18       		.uleb128 0x18
 1047 0781 04       		.byte	0x4
 1048 0782 86070000 		.4byte	0x786
 1049 0786 06       		.uleb128 0x6
 1050 0787 2D070000 		.4byte	0x72d
 1051 078b 19       		.uleb128 0x19
 1052 078c BB070000 		.4byte	.LASF148
 1053 0790 05       		.byte	0x5
 1054 0791 A7       		.byte	0xa7
 1055 0792 96070000 		.4byte	0x796
 1056 0796 18       		.uleb128 0x18
 1057 0797 04       		.byte	0x4
 1058 0798 9C070000 		.4byte	0x79c
 1059 079c 06       		.uleb128 0x6
 1060 079d F0050000 		.4byte	0x5f0
 1061 07a1 1A       		.uleb128 0x1a
 1062 07a2 FF060000 		.4byte	.LASF149
 1063 07a6 01       		.byte	0x1
 1064 07a7 17       		.byte	0x17
 1065 07a8 86070000 		.4byte	0x786
 1066 07ac 05       		.uleb128 0x5
 1067 07ad 03       		.byte	0x3
 1068 07ae 00000000 		.4byte	Cy_SysAnalog_Fast_Local
 1069 07b2 1A       		.uleb128 0x1a
 1070 07b3 8A060000 		.4byte	.LASF150
 1071 07b7 01       		.byte	0x1
 1072 07b8 20       		.byte	0x20
 1073 07b9 86070000 		.4byte	0x786
 1074 07bd 05       		.uleb128 0x5
 1075 07be 03       		.byte	0x3
 1076 07bf 00000000 		.4byte	Cy_SysAnalog_Fast_SRSS
 1077 07c3 1A       		.uleb128 0x1a
 1078 07c4 6F060000 		.4byte	.LASF151
 1079 07c8 01       		.byte	0x1
 1080 07c9 29       		.byte	0x29
 1081 07ca 86070000 		.4byte	0x786
 1082 07ce 05       		.uleb128 0x5
 1083 07cf 03       		.byte	0x3
 1084 07d0 00000000 		.4byte	Cy_SysAnalog_Fast_External
 1085 07d4 00       		.byte	0
 1086              		.section	.debug_abbrev,"",%progbits
 1087              	.Ldebug_abbrev0:
 1088 0000 01       		.uleb128 0x1
 1089 0001 11       		.uleb128 0x11
 1090 0002 01       		.byte	0x1
 1091 0003 25       		.uleb128 0x25
 1092 0004 0E       		.uleb128 0xe
 1093 0005 13       		.uleb128 0x13
 1094 0006 0B       		.uleb128 0xb
 1095 0007 03       		.uleb128 0x3
ARM GAS  C:\Users\cmila\AppData\Local\Temp\cc1YBIKU.s 			page 22


 1096 0008 0E       		.uleb128 0xe
 1097 0009 1B       		.uleb128 0x1b
 1098 000a 0E       		.uleb128 0xe
 1099 000b 55       		.uleb128 0x55
 1100 000c 17       		.uleb128 0x17
 1101 000d 11       		.uleb128 0x11
 1102 000e 01       		.uleb128 0x1
 1103 000f 10       		.uleb128 0x10
 1104 0010 17       		.uleb128 0x17
 1105 0011 00       		.byte	0
 1106 0012 00       		.byte	0
 1107 0013 02       		.uleb128 0x2
 1108 0014 24       		.uleb128 0x24
 1109 0015 00       		.byte	0
 1110 0016 0B       		.uleb128 0xb
 1111 0017 0B       		.uleb128 0xb
 1112 0018 3E       		.uleb128 0x3e
 1113 0019 0B       		.uleb128 0xb
 1114 001a 03       		.uleb128 0x3
 1115 001b 0E       		.uleb128 0xe
 1116 001c 00       		.byte	0
 1117 001d 00       		.byte	0
 1118 001e 03       		.uleb128 0x3
 1119 001f 16       		.uleb128 0x16
 1120 0020 00       		.byte	0
 1121 0021 03       		.uleb128 0x3
 1122 0022 0E       		.uleb128 0xe
 1123 0023 3A       		.uleb128 0x3a
 1124 0024 0B       		.uleb128 0xb
 1125 0025 3B       		.uleb128 0x3b
 1126 0026 0B       		.uleb128 0xb
 1127 0027 49       		.uleb128 0x49
 1128 0028 13       		.uleb128 0x13
 1129 0029 00       		.byte	0
 1130 002a 00       		.byte	0
 1131 002b 04       		.uleb128 0x4
 1132 002c 24       		.uleb128 0x24
 1133 002d 00       		.byte	0
 1134 002e 0B       		.uleb128 0xb
 1135 002f 0B       		.uleb128 0xb
 1136 0030 3E       		.uleb128 0x3e
 1137 0031 0B       		.uleb128 0xb
 1138 0032 03       		.uleb128 0x3
 1139 0033 08       		.uleb128 0x8
 1140 0034 00       		.byte	0
 1141 0035 00       		.byte	0
 1142 0036 05       		.uleb128 0x5
 1143 0037 35       		.uleb128 0x35
 1144 0038 00       		.byte	0
 1145 0039 49       		.uleb128 0x49
 1146 003a 13       		.uleb128 0x13
 1147 003b 00       		.byte	0
 1148 003c 00       		.byte	0
 1149 003d 06       		.uleb128 0x6
 1150 003e 26       		.uleb128 0x26
 1151 003f 00       		.byte	0
 1152 0040 49       		.uleb128 0x49
ARM GAS  C:\Users\cmila\AppData\Local\Temp\cc1YBIKU.s 			page 23


 1153 0041 13       		.uleb128 0x13
 1154 0042 00       		.byte	0
 1155 0043 00       		.byte	0
 1156 0044 07       		.uleb128 0x7
 1157 0045 01       		.uleb128 0x1
 1158 0046 01       		.byte	0x1
 1159 0047 49       		.uleb128 0x49
 1160 0048 13       		.uleb128 0x13
 1161 0049 01       		.uleb128 0x1
 1162 004a 13       		.uleb128 0x13
 1163 004b 00       		.byte	0
 1164 004c 00       		.byte	0
 1165 004d 08       		.uleb128 0x8
 1166 004e 21       		.uleb128 0x21
 1167 004f 00       		.byte	0
 1168 0050 49       		.uleb128 0x49
 1169 0051 13       		.uleb128 0x13
 1170 0052 2F       		.uleb128 0x2f
 1171 0053 0B       		.uleb128 0xb
 1172 0054 00       		.byte	0
 1173 0055 00       		.byte	0
 1174 0056 09       		.uleb128 0x9
 1175 0057 13       		.uleb128 0x13
 1176 0058 01       		.byte	0x1
 1177 0059 0B       		.uleb128 0xb
 1178 005a 05       		.uleb128 0x5
 1179 005b 3A       		.uleb128 0x3a
 1180 005c 0B       		.uleb128 0xb
 1181 005d 3B       		.uleb128 0x3b
 1182 005e 0B       		.uleb128 0xb
 1183 005f 01       		.uleb128 0x1
 1184 0060 13       		.uleb128 0x13
 1185 0061 00       		.byte	0
 1186 0062 00       		.byte	0
 1187 0063 0A       		.uleb128 0xa
 1188 0064 0D       		.uleb128 0xd
 1189 0065 00       		.byte	0
 1190 0066 03       		.uleb128 0x3
 1191 0067 0E       		.uleb128 0xe
 1192 0068 3A       		.uleb128 0x3a
 1193 0069 0B       		.uleb128 0xb
 1194 006a 3B       		.uleb128 0x3b
 1195 006b 0B       		.uleb128 0xb
 1196 006c 49       		.uleb128 0x49
 1197 006d 13       		.uleb128 0x13
 1198 006e 38       		.uleb128 0x38
 1199 006f 0B       		.uleb128 0xb
 1200 0070 00       		.byte	0
 1201 0071 00       		.byte	0
 1202 0072 0B       		.uleb128 0xb
 1203 0073 0D       		.uleb128 0xd
 1204 0074 00       		.byte	0
 1205 0075 03       		.uleb128 0x3
 1206 0076 0E       		.uleb128 0xe
 1207 0077 3A       		.uleb128 0x3a
 1208 0078 0B       		.uleb128 0xb
 1209 0079 3B       		.uleb128 0x3b
ARM GAS  C:\Users\cmila\AppData\Local\Temp\cc1YBIKU.s 			page 24


 1210 007a 0B       		.uleb128 0xb
 1211 007b 49       		.uleb128 0x49
 1212 007c 13       		.uleb128 0x13
 1213 007d 38       		.uleb128 0x38
 1214 007e 05       		.uleb128 0x5
 1215 007f 00       		.byte	0
 1216 0080 00       		.byte	0
 1217 0081 0C       		.uleb128 0xc
 1218 0082 21       		.uleb128 0x21
 1219 0083 00       		.byte	0
 1220 0084 49       		.uleb128 0x49
 1221 0085 13       		.uleb128 0x13
 1222 0086 2F       		.uleb128 0x2f
 1223 0087 05       		.uleb128 0x5
 1224 0088 00       		.byte	0
 1225 0089 00       		.byte	0
 1226 008a 0D       		.uleb128 0xd
 1227 008b 13       		.uleb128 0x13
 1228 008c 01       		.byte	0x1
 1229 008d 0B       		.uleb128 0xb
 1230 008e 0B       		.uleb128 0xb
 1231 008f 3A       		.uleb128 0x3a
 1232 0090 0B       		.uleb128 0xb
 1233 0091 3B       		.uleb128 0x3b
 1234 0092 0B       		.uleb128 0xb
 1235 0093 01       		.uleb128 0x1
 1236 0094 13       		.uleb128 0x13
 1237 0095 00       		.byte	0
 1238 0096 00       		.byte	0
 1239 0097 0E       		.uleb128 0xe
 1240 0098 04       		.uleb128 0x4
 1241 0099 01       		.byte	0x1
 1242 009a 0B       		.uleb128 0xb
 1243 009b 0B       		.uleb128 0xb
 1244 009c 49       		.uleb128 0x49
 1245 009d 13       		.uleb128 0x13
 1246 009e 3A       		.uleb128 0x3a
 1247 009f 0B       		.uleb128 0xb
 1248 00a0 3B       		.uleb128 0x3b
 1249 00a1 0B       		.uleb128 0xb
 1250 00a2 01       		.uleb128 0x1
 1251 00a3 13       		.uleb128 0x13
 1252 00a4 00       		.byte	0
 1253 00a5 00       		.byte	0
 1254 00a6 0F       		.uleb128 0xf
 1255 00a7 28       		.uleb128 0x28
 1256 00a8 00       		.byte	0
 1257 00a9 03       		.uleb128 0x3
 1258 00aa 0E       		.uleb128 0xe
 1259 00ab 1C       		.uleb128 0x1c
 1260 00ac 0B       		.uleb128 0xb
 1261 00ad 00       		.byte	0
 1262 00ae 00       		.byte	0
 1263 00af 10       		.uleb128 0x10
 1264 00b0 28       		.uleb128 0x28
 1265 00b1 00       		.byte	0
 1266 00b2 03       		.uleb128 0x3
ARM GAS  C:\Users\cmila\AppData\Local\Temp\cc1YBIKU.s 			page 25


 1267 00b3 0E       		.uleb128 0xe
 1268 00b4 1C       		.uleb128 0x1c
 1269 00b5 06       		.uleb128 0x6
 1270 00b6 00       		.byte	0
 1271 00b7 00       		.byte	0
 1272 00b8 11       		.uleb128 0x11
 1273 00b9 04       		.uleb128 0x4
 1274 00ba 01       		.byte	0x1
 1275 00bb 0B       		.uleb128 0xb
 1276 00bc 0B       		.uleb128 0xb
 1277 00bd 49       		.uleb128 0x49
 1278 00be 13       		.uleb128 0x13
 1279 00bf 3A       		.uleb128 0x3a
 1280 00c0 0B       		.uleb128 0xb
 1281 00c1 3B       		.uleb128 0x3b
 1282 00c2 05       		.uleb128 0x5
 1283 00c3 01       		.uleb128 0x1
 1284 00c4 13       		.uleb128 0x13
 1285 00c5 00       		.byte	0
 1286 00c6 00       		.byte	0
 1287 00c7 12       		.uleb128 0x12
 1288 00c8 16       		.uleb128 0x16
 1289 00c9 00       		.byte	0
 1290 00ca 03       		.uleb128 0x3
 1291 00cb 0E       		.uleb128 0xe
 1292 00cc 3A       		.uleb128 0x3a
 1293 00cd 0B       		.uleb128 0xb
 1294 00ce 3B       		.uleb128 0x3b
 1295 00cf 05       		.uleb128 0x5
 1296 00d0 49       		.uleb128 0x49
 1297 00d1 13       		.uleb128 0x13
 1298 00d2 00       		.byte	0
 1299 00d3 00       		.byte	0
 1300 00d4 13       		.uleb128 0x13
 1301 00d5 13       		.uleb128 0x13
 1302 00d6 01       		.byte	0x1
 1303 00d7 0B       		.uleb128 0xb
 1304 00d8 0B       		.uleb128 0xb
 1305 00d9 3A       		.uleb128 0x3a
 1306 00da 0B       		.uleb128 0xb
 1307 00db 3B       		.uleb128 0x3b
 1308 00dc 05       		.uleb128 0x5
 1309 00dd 01       		.uleb128 0x1
 1310 00de 13       		.uleb128 0x13
 1311 00df 00       		.byte	0
 1312 00e0 00       		.byte	0
 1313 00e1 14       		.uleb128 0x14
 1314 00e2 0D       		.uleb128 0xd
 1315 00e3 00       		.byte	0
 1316 00e4 03       		.uleb128 0x3
 1317 00e5 0E       		.uleb128 0xe
 1318 00e6 3A       		.uleb128 0x3a
 1319 00e7 0B       		.uleb128 0xb
 1320 00e8 3B       		.uleb128 0x3b
 1321 00e9 05       		.uleb128 0x5
 1322 00ea 49       		.uleb128 0x49
 1323 00eb 13       		.uleb128 0x13
ARM GAS  C:\Users\cmila\AppData\Local\Temp\cc1YBIKU.s 			page 26


 1324 00ec 38       		.uleb128 0x38
 1325 00ed 0B       		.uleb128 0xb
 1326 00ee 00       		.byte	0
 1327 00ef 00       		.byte	0
 1328 00f0 15       		.uleb128 0x15
 1329 00f1 2E       		.uleb128 0x2e
 1330 00f2 01       		.byte	0x1
 1331 00f3 3F       		.uleb128 0x3f
 1332 00f4 19       		.uleb128 0x19
 1333 00f5 03       		.uleb128 0x3
 1334 00f6 0E       		.uleb128 0xe
 1335 00f7 3A       		.uleb128 0x3a
 1336 00f8 0B       		.uleb128 0xb
 1337 00f9 3B       		.uleb128 0x3b
 1338 00fa 0B       		.uleb128 0xb
 1339 00fb 27       		.uleb128 0x27
 1340 00fc 19       		.uleb128 0x19
 1341 00fd 49       		.uleb128 0x49
 1342 00fe 13       		.uleb128 0x13
 1343 00ff 11       		.uleb128 0x11
 1344 0100 01       		.uleb128 0x1
 1345 0101 12       		.uleb128 0x12
 1346 0102 06       		.uleb128 0x6
 1347 0103 40       		.uleb128 0x40
 1348 0104 18       		.uleb128 0x18
 1349 0105 9742     		.uleb128 0x2117
 1350 0107 19       		.uleb128 0x19
 1351 0108 01       		.uleb128 0x1
 1352 0109 13       		.uleb128 0x13
 1353 010a 00       		.byte	0
 1354 010b 00       		.byte	0
 1355 010c 16       		.uleb128 0x16
 1356 010d 05       		.uleb128 0x5
 1357 010e 00       		.byte	0
 1358 010f 03       		.uleb128 0x3
 1359 0110 0E       		.uleb128 0xe
 1360 0111 3A       		.uleb128 0x3a
 1361 0112 0B       		.uleb128 0xb
 1362 0113 3B       		.uleb128 0x3b
 1363 0114 0B       		.uleb128 0xb
 1364 0115 49       		.uleb128 0x49
 1365 0116 13       		.uleb128 0x13
 1366 0117 02       		.uleb128 0x2
 1367 0118 17       		.uleb128 0x17
 1368 0119 00       		.byte	0
 1369 011a 00       		.byte	0
 1370 011b 17       		.uleb128 0x17
 1371 011c 34       		.uleb128 0x34
 1372 011d 00       		.byte	0
 1373 011e 03       		.uleb128 0x3
 1374 011f 0E       		.uleb128 0xe
 1375 0120 3A       		.uleb128 0x3a
 1376 0121 0B       		.uleb128 0xb
 1377 0122 3B       		.uleb128 0x3b
 1378 0123 0B       		.uleb128 0xb
 1379 0124 49       		.uleb128 0x49
 1380 0125 13       		.uleb128 0x13
ARM GAS  C:\Users\cmila\AppData\Local\Temp\cc1YBIKU.s 			page 27


 1381 0126 02       		.uleb128 0x2
 1382 0127 17       		.uleb128 0x17
 1383 0128 00       		.byte	0
 1384 0129 00       		.byte	0
 1385 012a 18       		.uleb128 0x18
 1386 012b 0F       		.uleb128 0xf
 1387 012c 00       		.byte	0
 1388 012d 0B       		.uleb128 0xb
 1389 012e 0B       		.uleb128 0xb
 1390 012f 49       		.uleb128 0x49
 1391 0130 13       		.uleb128 0x13
 1392 0131 00       		.byte	0
 1393 0132 00       		.byte	0
 1394 0133 19       		.uleb128 0x19
 1395 0134 34       		.uleb128 0x34
 1396 0135 00       		.byte	0
 1397 0136 03       		.uleb128 0x3
 1398 0137 0E       		.uleb128 0xe
 1399 0138 3A       		.uleb128 0x3a
 1400 0139 0B       		.uleb128 0xb
 1401 013a 3B       		.uleb128 0x3b
 1402 013b 0B       		.uleb128 0xb
 1403 013c 49       		.uleb128 0x49
 1404 013d 13       		.uleb128 0x13
 1405 013e 3F       		.uleb128 0x3f
 1406 013f 19       		.uleb128 0x19
 1407 0140 3C       		.uleb128 0x3c
 1408 0141 19       		.uleb128 0x19
 1409 0142 00       		.byte	0
 1410 0143 00       		.byte	0
 1411 0144 1A       		.uleb128 0x1a
 1412 0145 34       		.uleb128 0x34
 1413 0146 00       		.byte	0
 1414 0147 03       		.uleb128 0x3
 1415 0148 0E       		.uleb128 0xe
 1416 0149 3A       		.uleb128 0x3a
 1417 014a 0B       		.uleb128 0xb
 1418 014b 3B       		.uleb128 0x3b
 1419 014c 0B       		.uleb128 0xb
 1420 014d 49       		.uleb128 0x49
 1421 014e 13       		.uleb128 0x13
 1422 014f 3F       		.uleb128 0x3f
 1423 0150 19       		.uleb128 0x19
 1424 0151 02       		.uleb128 0x2
 1425 0152 18       		.uleb128 0x18
 1426 0153 00       		.byte	0
 1427 0154 00       		.byte	0
 1428 0155 00       		.byte	0
 1429              		.section	.debug_loc,"",%progbits
 1430              	.Ldebug_loc0:
 1431              	.LLST0:
 1432 0000 00000000 		.4byte	.LVL0
 1433 0004 14000000 		.4byte	.LVL1
 1434 0008 0100     		.2byte	0x1
 1435 000a 50       		.byte	0x50
 1436 000b 14000000 		.4byte	.LVL1
 1437 000f 26000000 		.4byte	.LVL4
ARM GAS  C:\Users\cmila\AppData\Local\Temp\cc1YBIKU.s 			page 28


 1438 0013 0400     		.2byte	0x4
 1439 0015 F3       		.byte	0xf3
 1440 0016 01       		.uleb128 0x1
 1441 0017 50       		.byte	0x50
 1442 0018 9F       		.byte	0x9f
 1443 0019 26000000 		.4byte	.LVL4
 1444 001d 28000000 		.4byte	.LVL5
 1445 0021 0100     		.2byte	0x1
 1446 0023 50       		.byte	0x50
 1447 0024 28000000 		.4byte	.LVL5
 1448 0028 34000000 		.4byte	.LFE88
 1449 002c 0400     		.2byte	0x4
 1450 002e F3       		.byte	0xf3
 1451 002f 01       		.uleb128 0x1
 1452 0030 50       		.byte	0x50
 1453 0031 9F       		.byte	0x9f
 1454 0032 00000000 		.4byte	0
 1455 0036 00000000 		.4byte	0
 1456              	.LLST1:
 1457 003a 24000000 		.4byte	.LVL3
 1458 003e 26000000 		.4byte	.LVL4
 1459 0042 0200     		.2byte	0x2
 1460 0044 30       		.byte	0x30
 1461 0045 9F       		.byte	0x9f
 1462 0046 28000000 		.4byte	.LVL5
 1463 004a 34000000 		.4byte	.LFE88
 1464 004e 0100     		.2byte	0x1
 1465 0050 50       		.byte	0x50
 1466 0051 00000000 		.4byte	0
 1467 0055 00000000 		.4byte	0
 1468              	.LLST2:
 1469 0059 00000000 		.4byte	.LVL0
 1470 005d 1A000000 		.4byte	.LVL2
 1471 0061 0200     		.2byte	0x2
 1472 0063 30       		.byte	0x30
 1473 0064 9F       		.byte	0x9f
 1474 0065 1A000000 		.4byte	.LVL2
 1475 0069 26000000 		.4byte	.LVL4
 1476 006d 0100     		.2byte	0x1
 1477 006f 53       		.byte	0x53
 1478 0070 26000000 		.4byte	.LVL4
 1479 0074 28000000 		.4byte	.LVL5
 1480 0078 0200     		.2byte	0x2
 1481 007a 30       		.byte	0x30
 1482 007b 9F       		.byte	0x9f
 1483 007c 00000000 		.4byte	0
 1484 0080 00000000 		.4byte	0
 1485              		.section	.debug_aranges,"",%progbits
 1486 0000 1C000000 		.4byte	0x1c
 1487 0004 0200     		.2byte	0x2
 1488 0006 00000000 		.4byte	.Ldebug_info0
 1489 000a 04       		.byte	0x4
 1490 000b 00       		.byte	0
 1491 000c 0000     		.2byte	0
 1492 000e 0000     		.2byte	0
 1493 0010 00000000 		.4byte	.LFB88
 1494 0014 34000000 		.4byte	.LFE88-.LFB88
ARM GAS  C:\Users\cmila\AppData\Local\Temp\cc1YBIKU.s 			page 29


 1495 0018 00000000 		.4byte	0
 1496 001c 00000000 		.4byte	0
 1497              		.section	.debug_ranges,"",%progbits
 1498              	.Ldebug_ranges0:
 1499 0000 00000000 		.4byte	.LFB88
 1500 0004 34000000 		.4byte	.LFE88
 1501 0008 00000000 		.4byte	0
 1502 000c 00000000 		.4byte	0
 1503              		.section	.debug_line,"",%progbits
 1504              	.Ldebug_line0:
 1505 0000 1C020000 		.section	.debug_str,"MS",%progbits,1
 1505      0200F301 
 1505      00000201 
 1505      FB0E0D00 
 1505      01010101 
 1506              	.LASF68:
 1507 0000 70726F74 		.ascii	"protBusMasterMask\000"
 1507      4275734D 
 1507      61737465 
 1507      724D6173 
 1507      6B00
 1508              	.LASF78:
 1509 0012 666C6173 		.ascii	"flashCtlMainWs3Freq\000"
 1509      6843746C 
 1509      4D61696E 
 1509      57733346 
 1509      72657100 
 1510              	.LASF100:
 1511 0026 6770696F 		.ascii	"gpioPrtCfgInOffset\000"
 1511      50727443 
 1511      6667496E 
 1511      4F666673 
 1511      657400
 1512              	.LASF118:
 1513 0039 6970634C 		.ascii	"ipcLockStatusOffset\000"
 1513      6F636B53 
 1513      74617475 
 1513      734F6666 
 1513      73657400 
 1514              	.LASF44:
 1515 004d 63727970 		.ascii	"cryptoVersion\000"
 1515      746F5665 
 1515      7273696F 
 1515      6E00
 1516              	.LASF62:
 1517 005b 70657269 		.ascii	"periClockNr\000"
 1517      436C6F63 
 1517      6B4E7200 
 1518              	.LASF40:
 1519 0067 70617373 		.ascii	"passBase\000"
 1519      42617365 
 1519      00
 1520              	.LASF89:
 1521 0070 70657269 		.ascii	"periTrGrSize\000"
 1521      54724772 
 1521      53697A65 
 1521      00
ARM GAS  C:\Users\cmila\AppData\Local\Temp\cc1YBIKU.s 			page 30


 1522              	.LASF53:
 1523 007d 63707573 		.ascii	"cpussIpcIrqNr\000"
 1523      73497063 
 1523      4972714E 
 1523      7200
 1524              	.LASF2:
 1525 008b 5F5F7569 		.ascii	"__uint8_t\000"
 1525      6E74385F 
 1525      7400
 1526              	.LASF97:
 1527 0095 70657269 		.ascii	"periDiv24_5CtlOffset\000"
 1527      44697632 
 1527      345F3543 
 1527      746C4F66 
 1527      66736574 
 1528              	.LASF104:
 1529 00aa 63707573 		.ascii	"cpussCm4ClockCtlOffset\000"
 1529      73436D34 
 1529      436C6F63 
 1529      6B43746C 
 1529      4F666673 
 1530              	.LASF154:
 1531 00c1 433A5C55 		.ascii	"C:\\Users\\cmila\\uni\\projects\\Neural-Stimulator-"
 1531      73657273 
 1531      5C636D69 
 1531      6C615C75 
 1531      6E695C70 
 1532 00ef 4669726D 		.ascii	"Firmware\\new\\PSOC6\\TIMER\\SampleMicroSeconds.cyd"
 1532      77617265 
 1532      5C6E6577 
 1532      5C50534F 
 1532      43365C54 
 1533 011e 736E00   		.ascii	"sn\000"
 1534              	.LASF33:
 1535 0121 63707573 		.ascii	"cpussBase\000"
 1535      73426173 
 1535      6500
 1536              	.LASF131:
 1537 012b 43595F53 		.ascii	"CY_SYSANALOG_VREF_SOURCE_EXTERNAL\000"
 1537      5953414E 
 1537      414C4F47 
 1537      5F565245 
 1537      465F534F 
 1538              	.LASF82:
 1539 014d 64774368 		.ascii	"dwChCtlPrioPos\000"
 1539      43746C50 
 1539      72696F50 
 1539      6F7300
 1540              	.LASF127:
 1541 015c 43595F53 		.ascii	"CY_SYSANALOG_STARTUP_FAST\000"
 1541      5953414E 
 1541      414C4F47 
 1541      5F535441 
 1541      52545550 
 1542              	.LASF11:
 1543 0176 6C6F6E67 		.ascii	"long long unsigned int\000"
 1543      206C6F6E 
ARM GAS  C:\Users\cmila\AppData\Local\Temp\cc1YBIKU.s 			page 31


 1543      6720756E 
 1543      7369676E 
 1543      65642069 
 1544              	.LASF86:
 1545 018d 70657269 		.ascii	"periTrCmdOffset\000"
 1545      5472436D 
 1545      644F6666 
 1545      73657400 
 1546              	.LASF132:
 1547 019d 63795F65 		.ascii	"cy_en_sysanalog_vref_source_t\000"
 1547      6E5F7379 
 1547      73616E61 
 1547      6C6F675F 
 1547      76726566 
 1548              	.LASF19:
 1549 01bb 41524546 		.ascii	"AREF_CTRL\000"
 1549      5F435452 
 1549      4C00
 1550              	.LASF110:
 1551 01c5 63707573 		.ascii	"cpussSysTickCtlOffset\000"
 1551      73537973 
 1551      5469636B 
 1551      43746C4F 
 1551      66667365 
 1552              	.LASF140:
 1553 01db 63795F65 		.ascii	"cy_en_sysanalog_deep_sleep_t\000"
 1553      6E5F7379 
 1553      73616E61 
 1553      6C6F675F 
 1553      64656570 
 1554              	.LASF71:
 1555 01f8 666C6173 		.ascii	"flashPipeRequired\000"
 1555      68506970 
 1555      65526571 
 1555      75697265 
 1555      6400
 1556              	.LASF130:
 1557 020a 43595F53 		.ascii	"CY_SYSANALOG_VREF_SOURCE_LOCAL_1_2V\000"
 1557      5953414E 
 1557      414C4F47 
 1557      5F565245 
 1557      465F534F 
 1558              	.LASF75:
 1559 022e 666C6173 		.ascii	"flashCtlMainWs0Freq\000"
 1559      6843746C 
 1559      4D61696E 
 1559      57733046 
 1559      72657100 
 1560              	.LASF14:
 1561 0242 696E7431 		.ascii	"int16_t\000"
 1561      365F7400 
 1562              	.LASF10:
 1563 024a 6C6F6E67 		.ascii	"long long int\000"
 1563      206C6F6E 
 1563      6720696E 
 1563      7400
 1564              	.LASF0:
ARM GAS  C:\Users\cmila\AppData\Local\Temp\cc1YBIKU.s 			page 32


 1565 0258 7369676E 		.ascii	"signed char\000"
 1565      65642063 
 1565      68617200 
 1566              	.LASF91:
 1567 0264 70657269 		.ascii	"periDivCmdTypeSelPos\000"
 1567      44697643 
 1567      6D645479 
 1567      70655365 
 1567      6C506F73 
 1568              	.LASF37:
 1569 0279 70726F74 		.ascii	"protBase\000"
 1569      42617365 
 1569      00
 1570              	.LASF49:
 1571 0282 69706356 		.ascii	"ipcVersion\000"
 1571      65727369 
 1571      6F6E00
 1572              	.LASF25:
 1573 028d 56524546 		.ascii	"VREF_TRIM1\000"
 1573      5F545249 
 1573      4D3100
 1574              	.LASF111:
 1575 0298 63707573 		.ascii	"cpussCm0NmiCtlOffset\000"
 1575      73436D30 
 1575      4E6D6943 
 1575      746C4F66 
 1575      66736574 
 1576              	.LASF27:
 1577 02ad 56524546 		.ascii	"VREF_TRIM3\000"
 1577      5F545249 
 1577      4D3300
 1578              	.LASF38:
 1579 02b8 6873696F 		.ascii	"hsiomBase\000"
 1579      6D426173 
 1579      6500
 1580              	.LASF7:
 1581 02c2 6C6F6E67 		.ascii	"long int\000"
 1581      20696E74 
 1581      00
 1582              	.LASF152:
 1583 02cb 474E5520 		.ascii	"GNU C11 5.4.1 20160609 (release) [ARM/embedded-5-br"
 1583      43313120 
 1583      352E342E 
 1583      31203230 
 1583      31363036 
 1584 02fe 616E6368 		.ascii	"anch revision 237715] -mcpu=cortex-m0plus -mthumb -"
 1584      20726576 
 1584      6973696F 
 1584      6E203233 
 1584      37373135 
 1585 0331 67202D4F 		.ascii	"g -Os -ffunction-sections -ffat-lto-objects\000"
 1585      73202D66 
 1585      66756E63 
 1585      74696F6E 
 1585      2D736563 
 1586              	.LASF22:
 1587 035d 494E5452 		.ascii	"INTR_CAUSE\000"
ARM GAS  C:\Users\cmila\AppData\Local\Temp\cc1YBIKU.s 			page 33


 1587      5F434155 
 1587      534500
 1588              	.LASF69:
 1589 0368 63727970 		.ascii	"cryptoMemSize\000"
 1589      746F4D65 
 1589      6D53697A 
 1589      6500
 1590              	.LASF35:
 1591 0376 70657269 		.ascii	"periBase\000"
 1591      42617365 
 1591      00
 1592              	.LASF57:
 1593 037f 63707573 		.ascii	"cpussFmIrq\000"
 1593      73466D49 
 1593      727100
 1594              	.LASF67:
 1595 038a 73797350 		.ascii	"sysPmSimoPresent\000"
 1595      6D53696D 
 1595      6F507265 
 1595      73656E74 
 1595      00
 1596              	.LASF24:
 1597 039b 56524546 		.ascii	"VREF_TRIM0\000"
 1597      5F545249 
 1597      4D3000
 1598              	.LASF80:
 1599 03a6 64774368 		.ascii	"dwChOffset\000"
 1599      4F666673 
 1599      657400
 1600              	.LASF122:
 1601 03b1 646F7562 		.ascii	"double\000"
 1601      6C6500
 1602              	.LASF96:
 1603 03b8 70657269 		.ascii	"periDiv16_5CtlOffset\000"
 1603      44697631 
 1603      365F3543 
 1603      746C4F66 
 1603      66736574 
 1604              	.LASF26:
 1605 03cd 56524546 		.ascii	"VREF_TRIM2\000"
 1605      5F545249 
 1605      4D3200
 1606              	.LASF60:
 1607 03d8 73727373 		.ascii	"srssNumPll\000"
 1607      4E756D50 
 1607      6C6C00
 1608              	.LASF94:
 1609 03e3 70657269 		.ascii	"periDiv8CtlOffset\000"
 1609      44697638 
 1609      43746C4F 
 1609      66667365 
 1609      7400
 1610              	.LASF123:
 1611 03f5 43595F53 		.ascii	"CY_SYSANALOG_SUCCESS\000"
 1611      5953414E 
 1611      414C4F47 
 1611      5F535543 
ARM GAS  C:\Users\cmila\AppData\Local\Temp\cc1YBIKU.s 			page 34


 1611      43455353 
 1612              	.LASF101:
 1613 040a 6770696F 		.ascii	"gpioPrtCfgOutOffset\000"
 1613      50727443 
 1613      66674F75 
 1613      744F6666 
 1613      73657400 
 1614              	.LASF129:
 1615 041e 43595F53 		.ascii	"CY_SYSANALOG_VREF_SOURCE_SRSS\000"
 1615      5953414E 
 1615      414C4F47 
 1615      5F565245 
 1615      465F534F 
 1616              	.LASF34:
 1617 043c 666C6173 		.ascii	"flashcBase\000"
 1617      68634261 
 1617      736500
 1618              	.LASF8:
 1619 0447 5F5F7569 		.ascii	"__uint32_t\000"
 1619      6E743332 
 1619      5F7400
 1620              	.LASF64:
 1621 0452 70617373 		.ascii	"passSarChannels\000"
 1621      53617243 
 1621      68616E6E 
 1621      656C7300 
 1622              	.LASF3:
 1623 0462 5F5F696E 		.ascii	"__int16_t\000"
 1623      7431365F 
 1623      7400
 1624              	.LASF107:
 1625 046c 63707573 		.ascii	"cpussCm4PwrCtlOffset\000"
 1625      73436D34 
 1625      50777243 
 1625      746C4F66 
 1625      66736574 
 1626              	.LASF102:
 1627 0481 6770696F 		.ascii	"gpioPrtCfgSioOffset\000"
 1627      50727443 
 1627      66675369 
 1627      6F4F6666 
 1627      73657400 
 1628              	.LASF54:
 1629 0495 63707573 		.ascii	"cpussDwChNr\000"
 1629      73447743 
 1629      684E7200 
 1630              	.LASF12:
 1631 04a1 756E7369 		.ascii	"unsigned int\000"
 1631      676E6564 
 1631      20696E74 
 1631      00
 1632              	.LASF15:
 1633 04ae 75696E74 		.ascii	"uint16_t\000"
 1633      31365F74 
 1633      00
 1634              	.LASF139:
 1635 04b7 43595F53 		.ascii	"CY_SYSANALOG_DEEPSLEEP_IPTAT_IZTAT_VREF\000"
ARM GAS  C:\Users\cmila\AppData\Local\Temp\cc1YBIKU.s 			page 35


 1635      5953414E 
 1635      414C4F47 
 1635      5F444545 
 1635      50534C45 
 1636              	.LASF147:
 1637 04df 6374726C 		.ascii	"ctrlReg\000"
 1637      52656700 
 1638              	.LASF87:
 1639 04e7 70657269 		.ascii	"periTrCmdGrSelMsk\000"
 1639      5472436D 
 1639      64477253 
 1639      656C4D73 
 1639      6B00
 1640              	.LASF28:
 1641 04f9 495A5441 		.ascii	"IZTAT_TRIM0\000"
 1641      545F5452 
 1641      494D3000 
 1642              	.LASF29:
 1643 0505 495A5441 		.ascii	"IZTAT_TRIM1\000"
 1643      545F5452 
 1643      494D3100 
 1644              	.LASF9:
 1645 0511 6C6F6E67 		.ascii	"long unsigned int\000"
 1645      20756E73 
 1645      69676E65 
 1645      6420696E 
 1645      7400
 1646              	.LASF141:
 1647 0523 73746172 		.ascii	"startup\000"
 1647      74757000 
 1648              	.LASF52:
 1649 052b 63707573 		.ascii	"cpussIpcNr\000"
 1649      73497063 
 1649      4E7200
 1650              	.LASF39:
 1651 0536 6770696F 		.ascii	"gpioBase\000"
 1651      42617365 
 1651      00
 1652              	.LASF77:
 1653 053f 666C6173 		.ascii	"flashCtlMainWs2Freq\000"
 1653      6843746C 
 1653      4D61696E 
 1653      57733246 
 1653      72657100 
 1654              	.LASF88:
 1655 0553 70657269 		.ascii	"periTrGrOffset\000"
 1655      54724772 
 1655      4F666673 
 1655      657400
 1656              	.LASF115:
 1657 0562 63707573 		.ascii	"cpussRam1Ctl0\000"
 1657      7352616D 
 1657      3143746C 
 1657      3000
 1658              	.LASF136:
 1659 0570 43595F53 		.ascii	"CY_SYSANALOG_DEEPSLEEP_DISABLE\000"
 1659      5953414E 
ARM GAS  C:\Users\cmila\AppData\Local\Temp\cc1YBIKU.s 			page 36


 1659      414C4F47 
 1659      5F444545 
 1659      50534C45 
 1660              	.LASF135:
 1661 058f 63795F65 		.ascii	"cy_en_sysanalog_iztat_source_t\000"
 1661      6E5F7379 
 1661      73616E61 
 1661      6C6F675F 
 1661      697A7461 
 1662              	.LASF47:
 1663 05ae 6770696F 		.ascii	"gpioVersion\000"
 1663      56657273 
 1663      696F6E00 
 1664              	.LASF119:
 1665 05ba 63795F73 		.ascii	"cy_stc_device_t\000"
 1665      74635F64 
 1665      65766963 
 1665      655F7400 
 1666              	.LASF65:
 1667 05ca 65704D6F 		.ascii	"epMonitorNr\000"
 1667      6E69746F 
 1667      724E7200 
 1668              	.LASF112:
 1669 05d6 63707573 		.ascii	"cpussCm4NmiCtlOffset\000"
 1669      73436D34 
 1669      4E6D6943 
 1669      746C4F66 
 1669      66736574 
 1670              	.LASF108:
 1671 05eb 63707573 		.ascii	"cpussTrimRamCtlOffset\000"
 1671      73547269 
 1671      6D52616D 
 1671      43746C4F 
 1671      66667365 
 1672              	.LASF103:
 1673 0601 63707573 		.ascii	"cpussCm0ClockCtlOffset\000"
 1673      73436D30 
 1673      436C6F63 
 1673      6B43746C 
 1673      4F666673 
 1674              	.LASF43:
 1675 0618 63707573 		.ascii	"cpussVersion\000"
 1675      73566572 
 1675      73696F6E 
 1675      00
 1676              	.LASF50:
 1677 0625 70657269 		.ascii	"periVersion\000"
 1677      56657273 
 1677      696F6E00 
 1678              	.LASF106:
 1679 0631 63707573 		.ascii	"cpussCm0StatusOffset\000"
 1679      73436D30 
 1679      53746174 
 1679      75734F66 
 1679      66736574 
 1680              	.LASF18:
 1681 0646 73697A65 		.ascii	"sizetype\000"
ARM GAS  C:\Users\cmila\AppData\Local\Temp\cc1YBIKU.s 			page 37


 1681      74797065 
 1681      00
 1682              	.LASF134:
 1683 064f 43595F53 		.ascii	"CY_SYSANALOG_IZTAT_SOURCE_LOCAL\000"
 1683      5953414E 
 1683      414C4F47 
 1683      5F495A54 
 1683      41545F53 
 1684              	.LASF151:
 1685 066f 43795F53 		.ascii	"Cy_SysAnalog_Fast_External\000"
 1685      7973416E 
 1685      616C6F67 
 1685      5F466173 
 1685      745F4578 
 1686              	.LASF150:
 1687 068a 43795F53 		.ascii	"Cy_SysAnalog_Fast_SRSS\000"
 1687      7973416E 
 1687      616C6F67 
 1687      5F466173 
 1687      745F5352 
 1688              	.LASF55:
 1689 06a1 63707573 		.ascii	"cpussFlashPaSize\000"
 1689      73466C61 
 1689      73685061 
 1689      53697A65 
 1689      00
 1690              	.LASF93:
 1691 06b2 70657269 		.ascii	"periDivCmdPaTypeSelPos\000"
 1691      44697643 
 1691      6D645061 
 1691      54797065 
 1691      53656C50 
 1692              	.LASF116:
 1693 06c9 63707573 		.ascii	"cpussRam2Ctl0\000"
 1693      7352616D 
 1693      3243746C 
 1693      3000
 1694              	.LASF51:
 1695 06d7 70726F74 		.ascii	"protVersion\000"
 1695      56657273 
 1695      696F6E00 
 1696              	.LASF84:
 1697 06e3 64775374 		.ascii	"dwStatusChIdxPos\000"
 1697      61747573 
 1697      43684964 
 1697      78506F73 
 1697      00
 1698              	.LASF66:
 1699 06f4 75646250 		.ascii	"udbPresent\000"
 1699      72657365 
 1699      6E7400
 1700              	.LASF149:
 1701 06ff 43795F53 		.ascii	"Cy_SysAnalog_Fast_Local\000"
 1701      7973416E 
 1701      616C6F67 
 1701      5F466173 
 1701      745F4C6F 
ARM GAS  C:\Users\cmila\AppData\Local\Temp\cc1YBIKU.s 			page 38


 1702              	.LASF21:
 1703 0717 50415353 		.ascii	"PASS_AREF_V1_Type\000"
 1703      5F415245 
 1703      465F5631 
 1703      5F547970 
 1703      6500
 1704              	.LASF125:
 1705 0729 63795F65 		.ascii	"cy_en_sysanalog_status_t\000"
 1705      6E5F7379 
 1705      73616E61 
 1705      6C6F675F 
 1705      73746174 
 1706              	.LASF42:
 1707 0742 63727970 		.ascii	"cryptoBase\000"
 1707      746F4261 
 1707      736500
 1708              	.LASF63:
 1709 074d 736D6966 		.ascii	"smifDeviceNr\000"
 1709      44657669 
 1709      63654E72 
 1709      00
 1710              	.LASF137:
 1711 075a 43595F53 		.ascii	"CY_SYSANALOG_DEEPSLEEP_IPTAT_1\000"
 1711      5953414E 
 1711      414C4F47 
 1711      5F444545 
 1711      50534C45 
 1712              	.LASF138:
 1713 0779 43595F53 		.ascii	"CY_SYSANALOG_DEEPSLEEP_IPTAT_2\000"
 1713      5953414E 
 1713      414C4F47 
 1713      5F444545 
 1713      50534C45 
 1714              	.LASF121:
 1715 0798 666C6F61 		.ascii	"float\000"
 1715      7400
 1716              	.LASF85:
 1717 079e 64775374 		.ascii	"dwStatusChIdxMsk\000"
 1717      61747573 
 1717      43684964 
 1717      784D736B 
 1717      00
 1718              	.LASF30:
 1719 07af 49505441 		.ascii	"IPTAT_TRIM0\000"
 1719      545F5452 
 1719      494D3000 
 1720              	.LASF148:
 1721 07bb 63795F64 		.ascii	"cy_device\000"
 1721      65766963 
 1721      6500
 1722              	.LASF113:
 1723 07c5 63707573 		.ascii	"cpussRomCtl\000"
 1723      73526F6D 
 1723      43746C00 
 1724              	.LASF83:
 1725 07d1 64774368 		.ascii	"dwChCtlPreemptablePos\000"
 1725      43746C50 
ARM GAS  C:\Users\cmila\AppData\Local\Temp\cc1YBIKU.s 			page 39


 1725      7265656D 
 1725      70746162 
 1725      6C65506F 
 1726              	.LASF46:
 1727 07e7 666C6173 		.ascii	"flashcVersion\000"
 1727      68635665 
 1727      7273696F 
 1727      6E00
 1728              	.LASF36:
 1729 07f5 75646242 		.ascii	"udbBase\000"
 1729      61736500 
 1730              	.LASF1:
 1731 07fd 756E7369 		.ascii	"unsigned char\000"
 1731      676E6564 
 1731      20636861 
 1731      7200
 1732              	.LASF79:
 1733 080b 666C6173 		.ascii	"flashCtlMainWs4Freq\000"
 1733      6843746C 
 1733      4D61696E 
 1733      57733446 
 1733      72657100 
 1734              	.LASF4:
 1735 081f 73686F72 		.ascii	"short int\000"
 1735      7420696E 
 1735      7400
 1736              	.LASF143:
 1737 0829 76726566 		.ascii	"vref\000"
 1737      00
 1738              	.LASF20:
 1739 082e 52455345 		.ascii	"RESERVED\000"
 1739      52564544 
 1739      00
 1740              	.LASF41:
 1741 0837 69706342 		.ascii	"ipcBase\000"
 1741      61736500 
 1742              	.LASF90:
 1743 083f 70657269 		.ascii	"periDivCmdDivSelMsk\000"
 1743      44697643 
 1743      6D644469 
 1743      7653656C 
 1743      4D736B00 
 1744              	.LASF23:
 1745 0853 41524546 		.ascii	"AREF\000"
 1745      00
 1746              	.LASF145:
 1747 0858 63795F73 		.ascii	"cy_stc_sysanalog_config_t\000"
 1747      74635F73 
 1747      7973616E 
 1747      616C6F67 
 1747      5F636F6E 
 1748              	.LASF61:
 1749 0872 73727373 		.ascii	"srssNumHfroot\000"
 1749      4E756D48 
 1749      66726F6F 
 1749      7400
 1750              	.LASF74:
ARM GAS  C:\Users\cmila\AppData\Local\Temp\cc1YBIKU.s 			page 40


 1751 0880 666C6173 		.ascii	"flashEraseDelay\000"
 1751      68457261 
 1751      73654465 
 1751      6C617900 
 1752              	.LASF126:
 1753 0890 43595F53 		.ascii	"CY_SYSANALOG_STARTUP_NORMAL\000"
 1753      5953414E 
 1753      414C4F47 
 1753      5F535441 
 1753      52545550 
 1754              	.LASF16:
 1755 08ac 75696E74 		.ascii	"uint32_t\000"
 1755      33325F74 
 1755      00
 1756              	.LASF17:
 1757 08b5 6C6F6E67 		.ascii	"long double\000"
 1757      20646F75 
 1757      626C6500 
 1758              	.LASF120:
 1759 08c1 63686172 		.ascii	"char\000"
 1759      00
 1760              	.LASF144:
 1761 08c6 64656570 		.ascii	"deepSleep\000"
 1761      536C6565 
 1761      7000
 1762              	.LASF155:
 1763 08d0 43795F53 		.ascii	"Cy_SysAnalog_Init\000"
 1763      7973416E 
 1763      616C6F67 
 1763      5F496E69 
 1763      7400
 1764              	.LASF114:
 1765 08e2 63707573 		.ascii	"cpussRam0Ctl0\000"
 1765      7352616D 
 1765      3043746C 
 1765      3000
 1766              	.LASF156:
 1767 08f0 636F6E66 		.ascii	"config\000"
 1767      696700
 1768              	.LASF5:
 1769 08f7 5F5F7569 		.ascii	"__uint16_t\000"
 1769      6E743136 
 1769      5F7400
 1770              	.LASF95:
 1771 0902 70657269 		.ascii	"periDiv16CtlOffset\000"
 1771      44697631 
 1771      3643746C 
 1771      4F666673 
 1771      657400
 1772              	.LASF32:
 1773 0915 50415353 		.ascii	"PASS_V1_Type\000"
 1773      5F56315F 
 1773      54797065 
 1773      00
 1774              	.LASF124:
 1775 0922 43595F53 		.ascii	"CY_SYSANALOG_BAD_PARAM\000"
 1775      5953414E 
ARM GAS  C:\Users\cmila\AppData\Local\Temp\cc1YBIKU.s 			page 41


 1775      414C4F47 
 1775      5F424144 
 1775      5F504152 
 1776              	.LASF48:
 1777 0939 6873696F 		.ascii	"hsiomVersion\000"
 1777      6D566572 
 1777      73696F6E 
 1777      00
 1778              	.LASF76:
 1779 0946 666C6173 		.ascii	"flashCtlMainWs1Freq\000"
 1779      6843746C 
 1779      4D61696E 
 1779      57733146 
 1779      72657100 
 1780              	.LASF128:
 1781 095a 63795F65 		.ascii	"cy_en_sysanalog_startup_t\000"
 1781      6E5F7379 
 1781      73616E61 
 1781      6C6F675F 
 1781      73746172 
 1782              	.LASF6:
 1783 0974 73686F72 		.ascii	"short unsigned int\000"
 1783      7420756E 
 1783      7369676E 
 1783      65642069 
 1783      6E7400
 1784              	.LASF81:
 1785 0987 64774368 		.ascii	"dwChSize\000"
 1785      53697A65 
 1785      00
 1786              	.LASF117:
 1787 0990 69706353 		.ascii	"ipcStructSize\000"
 1787      74727563 
 1787      7453697A 
 1787      6500
 1788              	.LASF56:
 1789 099e 63707573 		.ascii	"cpussIpc0Irq\000"
 1789      73497063 
 1789      30497271 
 1789      00
 1790              	.LASF99:
 1791 09ab 6770696F 		.ascii	"gpioPrtCfgOffset\000"
 1791      50727443 
 1791      66674F66 
 1791      66736574 
 1791      00
 1792              	.LASF31:
 1793 09bc 49435441 		.ascii	"ICTAT_TRIM0\000"
 1793      545F5452 
 1793      494D3000 
 1794              	.LASF58:
 1795 09c8 63707573 		.ascii	"cpussNotConnectedIrq\000"
 1795      734E6F74 
 1795      436F6E6E 
 1795      65637465 
 1795      64497271 
 1796              	.LASF142:
ARM GAS  C:\Users\cmila\AppData\Local\Temp\cc1YBIKU.s 			page 42


 1797 09dd 697A7461 		.ascii	"iztat\000"
 1797      7400
 1798              	.LASF72:
 1799 09e3 666C6173 		.ascii	"flashWriteDelay\000"
 1799      68577269 
 1799      74654465 
 1799      6C617900 
 1800              	.LASF13:
 1801 09f3 75696E74 		.ascii	"uint8_t\000"
 1801      385F7400 
 1802              	.LASF105:
 1803 09fb 63707573 		.ascii	"cpussCm4StatusOffset\000"
 1803      73436D34 
 1803      53746174 
 1803      75734F66 
 1803      66736574 
 1804              	.LASF98:
 1805 0a10 6770696F 		.ascii	"gpioPrtIntrCfgOffset\000"
 1805      50727449 
 1805      6E747243 
 1805      66674F66 
 1805      66736574 
 1806              	.LASF109:
 1807 0a25 63707573 		.ascii	"cpussTrimRomCtlOffset\000"
 1807      73547269 
 1807      6D526F6D 
 1807      43746C4F 
 1807      66667365 
 1808              	.LASF59:
 1809 0a3b 73727373 		.ascii	"srssNumClkpath\000"
 1809      4E756D43 
 1809      6C6B7061 
 1809      746800
 1810              	.LASF45:
 1811 0a4a 64775665 		.ascii	"dwVersion\000"
 1811      7273696F 
 1811      6E00
 1812              	.LASF133:
 1813 0a54 43595F53 		.ascii	"CY_SYSANALOG_IZTAT_SOURCE_SRSS\000"
 1813      5953414E 
 1813      414C4F47 
 1813      5F495A54 
 1813      41545F53 
 1814              	.LASF92:
 1815 0a73 70657269 		.ascii	"periDivCmdPaDivSelPos\000"
 1815      44697643 
 1815      6D645061 
 1815      44697653 
 1815      656C506F 
 1816              	.LASF73:
 1817 0a89 666C6173 		.ascii	"flashProgramDelay\000"
 1817      6850726F 
 1817      6772616D 
 1817      44656C61 
 1817      7900
 1818              	.LASF153:
 1819 0a9b 47656E65 		.ascii	"Generated_Source\\PSoC6\\pdl\\drivers\\peripheral\\"
ARM GAS  C:\Users\cmila\AppData\Local\Temp\cc1YBIKU.s 			page 43


 1819      72617465 
 1819      645F536F 
 1819      75726365 
 1819      5C50536F 
 1820 0ac9 73797361 		.ascii	"sysanalog\\cy_sysanalog.c\000"
 1820      6E616C6F 
 1820      675C6379 
 1820      5F737973 
 1820      616E616C 
 1821              	.LASF146:
 1822 0ae2 72657375 		.ascii	"result\000"
 1822      6C7400
 1823              	.LASF70:
 1824 0ae9 666C6173 		.ascii	"flashRwwRequired\000"
 1824      68527777 
 1824      52657175 
 1824      69726564 
 1824      00
 1825              		.ident	"GCC: (GNU Tools for ARM Embedded Processors) 5.4.1 20160609 (release) [ARM/embedded-5-bran
