ARM GAS  C:\Users\cmila\AppData\Local\Temp\ccE7g86x.s 			page 1


   1              		.syntax unified
   2              		.cpu cortex-m0plus
   3              		.fpu softvfp
   4              		.eabi_attribute 20, 1
   5              		.eabi_attribute 21, 1
   6              		.eabi_attribute 23, 3
   7              		.eabi_attribute 24, 1
   8              		.eabi_attribute 25, 1
   9              		.eabi_attribute 26, 1
  10              		.eabi_attribute 30, 4
  11              		.eabi_attribute 34, 0
  12              		.eabi_attribute 18, 4
  13              		.thumb
  14              		.syntax unified
  15              		.file	"cy_tcpwm_pwm.c"
  16              		.text
  17              	.Ltext0:
  18              		.cfi_sections	.debug_frame
  19              		.section	.text.Cy_TCPWM_PWM_Init,"ax",%progbits
  20              		.align	1
  21              		.global	Cy_TCPWM_PWM_Init
  22              		.code	16
  23              		.thumb_func
  24              		.type	Cy_TCPWM_PWM_Init, %function
  25              	Cy_TCPWM_PWM_Init:
  26              	.LFB72:
  27              		.file 1 "Generated_Source\\PSoC6\\pdl\\drivers\\peripheral\\tcpwm\\cy_tcpwm_pwm.c"
   1:Generated_Source\PSoC6\pdl\drivers\peripheral\tcpwm/cy_tcpwm_pwm.c **** /***************************************************************************//**
   2:Generated_Source\PSoC6\pdl\drivers\peripheral\tcpwm/cy_tcpwm_pwm.c **** * \file cy_tcpwm_pwm.c
   3:Generated_Source\PSoC6\pdl\drivers\peripheral\tcpwm/cy_tcpwm_pwm.c **** * \version 1.10
   4:Generated_Source\PSoC6\pdl\drivers\peripheral\tcpwm/cy_tcpwm_pwm.c **** *
   5:Generated_Source\PSoC6\pdl\drivers\peripheral\tcpwm/cy_tcpwm_pwm.c **** * \brief
   6:Generated_Source\PSoC6\pdl\drivers\peripheral\tcpwm/cy_tcpwm_pwm.c **** *  The source file of the tcpwm driver.
   7:Generated_Source\PSoC6\pdl\drivers\peripheral\tcpwm/cy_tcpwm_pwm.c **** *
   8:Generated_Source\PSoC6\pdl\drivers\peripheral\tcpwm/cy_tcpwm_pwm.c **** ********************************************************************************
   9:Generated_Source\PSoC6\pdl\drivers\peripheral\tcpwm/cy_tcpwm_pwm.c **** * \copyright
  10:Generated_Source\PSoC6\pdl\drivers\peripheral\tcpwm/cy_tcpwm_pwm.c **** * Copyright 2016-2018, Cypress Semiconductor Corporation.  All rights reserved.
  11:Generated_Source\PSoC6\pdl\drivers\peripheral\tcpwm/cy_tcpwm_pwm.c **** * You may use this file only in accordance with the license, terms, conditions,
  12:Generated_Source\PSoC6\pdl\drivers\peripheral\tcpwm/cy_tcpwm_pwm.c **** * disclaimers, and limitations in the end user license agreement accompanying
  13:Generated_Source\PSoC6\pdl\drivers\peripheral\tcpwm/cy_tcpwm_pwm.c **** * the software package with which this file was provided.
  14:Generated_Source\PSoC6\pdl\drivers\peripheral\tcpwm/cy_tcpwm_pwm.c **** *******************************************************************************/
  15:Generated_Source\PSoC6\pdl\drivers\peripheral\tcpwm/cy_tcpwm_pwm.c **** 
  16:Generated_Source\PSoC6\pdl\drivers\peripheral\tcpwm/cy_tcpwm_pwm.c **** #include "cy_tcpwm_pwm.h"
  17:Generated_Source\PSoC6\pdl\drivers\peripheral\tcpwm/cy_tcpwm_pwm.c **** 
  18:Generated_Source\PSoC6\pdl\drivers\peripheral\tcpwm/cy_tcpwm_pwm.c **** #ifdef CY_IP_MXTCPWM
  19:Generated_Source\PSoC6\pdl\drivers\peripheral\tcpwm/cy_tcpwm_pwm.c **** 
  20:Generated_Source\PSoC6\pdl\drivers\peripheral\tcpwm/cy_tcpwm_pwm.c **** #if defined(__cplusplus)
  21:Generated_Source\PSoC6\pdl\drivers\peripheral\tcpwm/cy_tcpwm_pwm.c **** extern "C" {
  22:Generated_Source\PSoC6\pdl\drivers\peripheral\tcpwm/cy_tcpwm_pwm.c **** #endif
  23:Generated_Source\PSoC6\pdl\drivers\peripheral\tcpwm/cy_tcpwm_pwm.c **** 
  24:Generated_Source\PSoC6\pdl\drivers\peripheral\tcpwm/cy_tcpwm_pwm.c **** 
  25:Generated_Source\PSoC6\pdl\drivers\peripheral\tcpwm/cy_tcpwm_pwm.c **** /*******************************************************************************
  26:Generated_Source\PSoC6\pdl\drivers\peripheral\tcpwm/cy_tcpwm_pwm.c **** * Function Name: Cy_TCPWM_PWM_Init
  27:Generated_Source\PSoC6\pdl\drivers\peripheral\tcpwm/cy_tcpwm_pwm.c **** ****************************************************************************//**
  28:Generated_Source\PSoC6\pdl\drivers\peripheral\tcpwm/cy_tcpwm_pwm.c **** *
  29:Generated_Source\PSoC6\pdl\drivers\peripheral\tcpwm/cy_tcpwm_pwm.c **** * Initializes the counter in the TCPWM block for the PWM operation.
  30:Generated_Source\PSoC6\pdl\drivers\peripheral\tcpwm/cy_tcpwm_pwm.c **** *
ARM GAS  C:\Users\cmila\AppData\Local\Temp\ccE7g86x.s 			page 2


  31:Generated_Source\PSoC6\pdl\drivers\peripheral\tcpwm/cy_tcpwm_pwm.c **** * \param base
  32:Generated_Source\PSoC6\pdl\drivers\peripheral\tcpwm/cy_tcpwm_pwm.c **** * The pointer to a TCPWM instance.
  33:Generated_Source\PSoC6\pdl\drivers\peripheral\tcpwm/cy_tcpwm_pwm.c **** *
  34:Generated_Source\PSoC6\pdl\drivers\peripheral\tcpwm/cy_tcpwm_pwm.c **** * \param cntNum
  35:Generated_Source\PSoC6\pdl\drivers\peripheral\tcpwm/cy_tcpwm_pwm.c **** * The Counter instance number in the selected TCPWM.
  36:Generated_Source\PSoC6\pdl\drivers\peripheral\tcpwm/cy_tcpwm_pwm.c **** *
  37:Generated_Source\PSoC6\pdl\drivers\peripheral\tcpwm/cy_tcpwm_pwm.c **** * \param config
  38:Generated_Source\PSoC6\pdl\drivers\peripheral\tcpwm/cy_tcpwm_pwm.c **** * The pointer to a configuration structure. See \ref cy_stc_tcpwm_pwm_config_t.
  39:Generated_Source\PSoC6\pdl\drivers\peripheral\tcpwm/cy_tcpwm_pwm.c **** *
  40:Generated_Source\PSoC6\pdl\drivers\peripheral\tcpwm/cy_tcpwm_pwm.c **** * \return error / status code. See \ref cy_en_tcpwm_status_t.
  41:Generated_Source\PSoC6\pdl\drivers\peripheral\tcpwm/cy_tcpwm_pwm.c **** *
  42:Generated_Source\PSoC6\pdl\drivers\peripheral\tcpwm/cy_tcpwm_pwm.c **** * \funcusage
  43:Generated_Source\PSoC6\pdl\drivers\peripheral\tcpwm/cy_tcpwm_pwm.c **** * \snippet tcpwm\1.10\pwm\snippet\main.c snippet_Cy_TCPWM_PWM_Config
  44:Generated_Source\PSoC6\pdl\drivers\peripheral\tcpwm/cy_tcpwm_pwm.c **** * \snippet tcpwm\1.10\pwm\snippet\main.c snippet_Cy_TCPWM_PWM_Init
  45:Generated_Source\PSoC6\pdl\drivers\peripheral\tcpwm/cy_tcpwm_pwm.c **** *
  46:Generated_Source\PSoC6\pdl\drivers\peripheral\tcpwm/cy_tcpwm_pwm.c **** *******************************************************************************/
  47:Generated_Source\PSoC6\pdl\drivers\peripheral\tcpwm/cy_tcpwm_pwm.c **** cy_en_tcpwm_status_t Cy_TCPWM_PWM_Init(TCPWM_Type *base, uint32_t cntNum,  cy_stc_tcpwm_pwm_config_
  48:Generated_Source\PSoC6\pdl\drivers\peripheral\tcpwm/cy_tcpwm_pwm.c **** {
  28              		.loc 1 48 0
  29              		.cfi_startproc
  30              		@ args = 0, pretend = 0, frame = 8
  31              		@ frame_needed = 0, uses_anonymous_args = 0
  32              	.LVL0:
  33 0000 F7B5     		push	{r0, r1, r2, r4, r5, r6, r7, lr}
  34              		.cfi_def_cfa_offset 32
  35              		.cfi_offset 0, -32
  36              		.cfi_offset 1, -28
  37              		.cfi_offset 2, -24
  38              		.cfi_offset 4, -20
  39              		.cfi_offset 5, -16
  40              		.cfi_offset 6, -12
  41              		.cfi_offset 7, -8
  42              		.cfi_offset 14, -4
  49:Generated_Source\PSoC6\pdl\drivers\peripheral\tcpwm/cy_tcpwm_pwm.c ****     cy_en_tcpwm_status_t status = CY_TCPWM_BAD_PARAM;
  50:Generated_Source\PSoC6\pdl\drivers\peripheral\tcpwm/cy_tcpwm_pwm.c **** 
  51:Generated_Source\PSoC6\pdl\drivers\peripheral\tcpwm/cy_tcpwm_pwm.c ****     if ((NULL != base) && (NULL != config))
  43              		.loc 1 51 0
  44 0002 0028     		cmp	r0, #0
  45 0004 00D1     		bne	.LCB19
  46 0006 9BE0     		b	.L12	@long jump
  47              	.LCB19:
  48              		.loc 1 51 0 is_stmt 0 discriminator 1
  49 0008 002A     		cmp	r2, #0
  50 000a 00D1     		bne	.LCB21
  51 000c 98E0     		b	.L12	@long jump
  52              	.LCB21:
  52:Generated_Source\PSoC6\pdl\drivers\peripheral\tcpwm/cy_tcpwm_pwm.c ****     {
  53:Generated_Source\PSoC6\pdl\drivers\peripheral\tcpwm/cy_tcpwm_pwm.c ****         TCPWM_CNT_CTRL(base, cntNum) = ((config->enableCompareSwap ? TCPWM_CNT_CTRL_AUTO_RELOAD_CC_
  53              		.loc 1 53 0 is_stmt 1
  54 000e 1300     		movs	r3, r2
  54:Generated_Source\PSoC6\pdl\drivers\peripheral\tcpwm/cy_tcpwm_pwm.c ****                                       (config->enablePeriodSwap ? TCPWM_CNT_CTRL_AUTO_RELOAD_PERIOD
  55              		.loc 1 54 0
  56 0010 167F     		ldrb	r6, [r2, #28]
  53:Generated_Source\PSoC6\pdl\drivers\peripheral\tcpwm/cy_tcpwm_pwm.c ****                                       (config->enablePeriodSwap ? TCPWM_CNT_CTRL_AUTO_RELOAD_PERIOD
  57              		.loc 1 53 0
  58 0012 2833     		adds	r3, r3, #40
  59              		.loc 1 54 0
ARM GAS  C:\Users\cmila\AppData\Local\Temp\ccE7g86x.s 			page 3


  60 0014 771E     		subs	r7, r6, #1
  61 0016 BE41     		sbcs	r6, r6, r7
  53:Generated_Source\PSoC6\pdl\drivers\peripheral\tcpwm/cy_tcpwm_pwm.c ****                                       (config->enablePeriodSwap ? TCPWM_CNT_CTRL_AUTO_RELOAD_PERIOD
  62              		.loc 1 53 0
  63 0018 1B78     		ldrb	r3, [r3]
  55:Generated_Source\PSoC6\pdl\drivers\peripheral\tcpwm/cy_tcpwm_pwm.c ****                                       _VAL2FLD(TCPWM_CNT_CTRL_ONE_SHOT, config->runMode) |
  56:Generated_Source\PSoC6\pdl\drivers\peripheral\tcpwm/cy_tcpwm_pwm.c ****                                       _VAL2FLD(TCPWM_CNT_CTRL_UP_DOWN_MODE, config->pwmAlignment) |
  64              		.loc 1 56 0
  65 001a 9468     		ldr	r4, [r2, #8]
  53:Generated_Source\PSoC6\pdl\drivers\peripheral\tcpwm/cy_tcpwm_pwm.c ****                                       (config->enablePeriodSwap ? TCPWM_CNT_CTRL_AUTO_RELOAD_PERIOD
  66              		.loc 1 53 0
  67 001c 9C46     		mov	ip, r3
  54:Generated_Source\PSoC6\pdl\drivers\peripheral\tcpwm/cy_tcpwm_pwm.c ****                                       _VAL2FLD(TCPWM_CNT_CTRL_ONE_SHOT, config->runMode) |
  68              		.loc 1 54 0
  69 001e 7300     		lsls	r3, r6, #1
  57:Generated_Source\PSoC6\pdl\drivers\peripheral\tcpwm/cy_tcpwm_pwm.c ****                                       _VAL2FLD(TCPWM_CNT_CTRL_MODE, config->pwmMode) |
  58:Generated_Source\PSoC6\pdl\drivers\peripheral\tcpwm/cy_tcpwm_pwm.c ****                                       _VAL2FLD(TCPWM_CNT_CTRL_QUADRATURE_MODE,
  59:Generated_Source\PSoC6\pdl\drivers\peripheral\tcpwm/cy_tcpwm_pwm.c ****                                            (config->invertPWMOut | (config->invertPWMOutN << 1U))) 
  70              		.loc 1 59 0
  71 0020 8026     		movs	r6, #128
  72 0022 6746     		mov	r7, ip
  54:Generated_Source\PSoC6\pdl\drivers\peripheral\tcpwm/cy_tcpwm_pwm.c ****                                       _VAL2FLD(TCPWM_CNT_CTRL_ONE_SHOT, config->runMode) |
  73              		.loc 1 54 0
  74 0024 0193     		str	r3, [sp, #4]
  75              		.loc 1 59 0
  76 0026 1369     		ldr	r3, [r2, #16]
  77 0028 F602     		lsls	r6, r6, #11
  78 002a 9B04     		lsls	r3, r3, #18
  79 002c 1E40     		ands	r6, r3
  80 002e 936B     		ldr	r3, [r2, #56]
  57:Generated_Source\PSoC6\pdl\drivers\peripheral\tcpwm/cy_tcpwm_pwm.c ****                                       _VAL2FLD(TCPWM_CNT_CTRL_MODE, config->pwmMode) |
  81              		.loc 1 57 0
  82 0030 1568     		ldr	r5, [r2]
  83              		.loc 1 59 0
  84 0032 9B00     		lsls	r3, r3, #2
  85 0034 3B43     		orrs	r3, r7
  86 0036 1E43     		orrs	r6, r3
  87 0038 2304     		lsls	r3, r4, #16
  88 003a 9C46     		mov	ip, r3
  89 003c C023     		movs	r3, #192
  90 003e 6746     		mov	r7, ip
  91 0040 9B02     		lsls	r3, r3, #10
  92 0042 3B40     		ands	r3, r7
  93 0044 1E43     		orrs	r6, r3
  94 0046 2B06     		lsls	r3, r5, #24
  95 0048 9C46     		mov	ip, r3
  96 004a E023     		movs	r3, #224
  97 004c 6746     		mov	r7, ip
  98 004e DB04     		lsls	r3, r3, #19
  99 0050 3B40     		ands	r3, r7
 100 0052 3343     		orrs	r3, r6
 101 0054 566B     		ldr	r6, [r2, #52]
 102 0056 176B     		ldr	r7, [r2, #48]
 103 0058 7600     		lsls	r6, r6, #1
 104 005a 3E43     		orrs	r6, r7
 105 005c 3605     		lsls	r6, r6, #20
 106 005e B446     		mov	ip, r6
ARM GAS  C:\Users\cmila\AppData\Local\Temp\ccE7g86x.s 			page 4


 107 0060 C026     		movs	r6, #192
 108 0062 6746     		mov	r7, ip
 109 0064 B603     		lsls	r6, r6, #14
 110 0066 3E40     		ands	r6, r7
 111 0068 3343     		orrs	r3, r6
 112 006a 019E     		ldr	r6, [sp, #4]
 113 006c 3343     		orrs	r3, r6
 114 006e 1E00     		movs	r6, r3
  60:Generated_Source\PSoC6\pdl\drivers\peripheral\tcpwm/cy_tcpwm_pwm.c ****                                            (config->killMode << CY_TCPWM_PWM_CTRL_SYNC_KILL_OR_STOP
  61:Generated_Source\PSoC6\pdl\drivers\peripheral\tcpwm/cy_tcpwm_pwm.c ****                                            _VAL2FLD(TCPWM_CNT_CTRL_GENERIC, ((CY_TCPWM_PWM_MODE_DEA
 115              		.loc 1 61 0
 116 0070 052D     		cmp	r5, #5
 117 0072 01D1     		bne	.L4
 118              		.loc 1 61 0 is_stmt 0 discriminator 1
 119 0074 D368     		ldr	r3, [r2, #12]
 120 0076 00E0     		b	.L17
 121              	.L4:
 122              		.loc 1 61 0 discriminator 2
 123 0078 5368     		ldr	r3, [r2, #4]
 124              	.L17:
 125 007a 1B06     		lsls	r3, r3, #24
 126 007c 1B0C     		lsrs	r3, r3, #16
  60:Generated_Source\PSoC6\pdl\drivers\peripheral\tcpwm/cy_tcpwm_pwm.c ****                                            (config->killMode << CY_TCPWM_PWM_CTRL_SYNC_KILL_OR_STOP
 127              		.loc 1 60 0 is_stmt 1 discriminator 2
 128 007e 3343     		orrs	r3, r6
  53:Generated_Source\PSoC6\pdl\drivers\peripheral\tcpwm/cy_tcpwm_pwm.c ****                                       (config->enablePeriodSwap ? TCPWM_CNT_CTRL_AUTO_RELOAD_PERIOD
 129              		.loc 1 53 0 discriminator 2
 130 0080 0E1D     		adds	r6, r1, #4
 131 0082 B601     		lsls	r6, r6, #6
 132 0084 8901     		lsls	r1, r1, #6
 133              	.LVL1:
 134 0086 3350     		str	r3, [r6, r0]
  62:Generated_Source\PSoC6\pdl\drivers\peripheral\tcpwm/cy_tcpwm_pwm.c ****                                                                      config->deadTimeClocks : confi
  63:Generated_Source\PSoC6\pdl\drivers\peripheral\tcpwm/cy_tcpwm_pwm.c **** 
  64:Generated_Source\PSoC6\pdl\drivers\peripheral\tcpwm/cy_tcpwm_pwm.c ****         if (CY_TCPWM_PWM_MODE_PSEUDORANDOM == config->pwmMode)
  65:Generated_Source\PSoC6\pdl\drivers\peripheral\tcpwm/cy_tcpwm_pwm.c ****         {
  66:Generated_Source\PSoC6\pdl\drivers\peripheral\tcpwm/cy_tcpwm_pwm.c ****             TCPWM_CNT_COUNTER(base, cntNum) = CY_TCPWM_CNT_UP_DOWN_INIT_VAL;
 135              		.loc 1 66 0 discriminator 2
 136 0088 4318     		adds	r3, r0, r1
 137 008a 5669     		ldr	r6, [r2, #20]
 138 008c FC33     		adds	r3, r3, #252
  64:Generated_Source\PSoC6\pdl\drivers\peripheral\tcpwm/cy_tcpwm_pwm.c ****         {
 139              		.loc 1 64 0 discriminator 2
 140 008e 062D     		cmp	r5, #6
 141 0090 03D1     		bne	.L6
 142              		.loc 1 66 0
 143 0092 0124     		movs	r4, #1
 144 0094 DC60     		str	r4, [r3, #12]
  67:Generated_Source\PSoC6\pdl\drivers\peripheral\tcpwm/cy_tcpwm_pwm.c ****             TCPWM_CNT_TR_CTRL2(base, cntNum) = CY_TCPWM_PWM_MODE_PR;
 145              		.loc 1 67 0
 146 0096 3E34     		adds	r4, r4, #62
 147 0098 0CE0     		b	.L18
 148              	.L6:
  68:Generated_Source\PSoC6\pdl\drivers\peripheral\tcpwm/cy_tcpwm_pwm.c ****         }
  69:Generated_Source\PSoC6\pdl\drivers\peripheral\tcpwm/cy_tcpwm_pwm.c ****         else
  70:Generated_Source\PSoC6\pdl\drivers\peripheral\tcpwm/cy_tcpwm_pwm.c ****         {
  71:Generated_Source\PSoC6\pdl\drivers\peripheral\tcpwm/cy_tcpwm_pwm.c ****             if (CY_TCPWM_PWM_LEFT_ALIGN == config->pwmAlignment)
ARM GAS  C:\Users\cmila\AppData\Local\Temp\ccE7g86x.s 			page 5


 149              		.loc 1 71 0
 150 009a 002C     		cmp	r4, #0
 151 009c 02D1     		bne	.L8
  72:Generated_Source\PSoC6\pdl\drivers\peripheral\tcpwm/cy_tcpwm_pwm.c ****             {
  73:Generated_Source\PSoC6\pdl\drivers\peripheral\tcpwm/cy_tcpwm_pwm.c ****                 TCPWM_CNT_COUNTER(base, cntNum) = CY_TCPWM_CNT_UP_INIT_VAL;
 152              		.loc 1 73 0
 153 009e DC60     		str	r4, [r3, #12]
  74:Generated_Source\PSoC6\pdl\drivers\peripheral\tcpwm/cy_tcpwm_pwm.c ****                 TCPWM_CNT_TR_CTRL2(base, cntNum) = CY_TCPWM_PWM_MODE_LEFT;
 154              		.loc 1 74 0
 155 00a0 3134     		adds	r4, r4, #49
 156 00a2 07E0     		b	.L18
 157              	.L8:
  75:Generated_Source\PSoC6\pdl\drivers\peripheral\tcpwm/cy_tcpwm_pwm.c ****             }
  76:Generated_Source\PSoC6\pdl\drivers\peripheral\tcpwm/cy_tcpwm_pwm.c ****             else if (CY_TCPWM_PWM_RIGHT_ALIGN == config->pwmAlignment)
 158              		.loc 1 76 0
 159 00a4 012C     		cmp	r4, #1
 160 00a6 02D1     		bne	.L9
  77:Generated_Source\PSoC6\pdl\drivers\peripheral\tcpwm/cy_tcpwm_pwm.c ****             {
  78:Generated_Source\PSoC6\pdl\drivers\peripheral\tcpwm/cy_tcpwm_pwm.c ****                 TCPWM_CNT_COUNTER(base, cntNum) = config->period0;
 161              		.loc 1 78 0
 162 00a8 DE60     		str	r6, [r3, #12]
  79:Generated_Source\PSoC6\pdl\drivers\peripheral\tcpwm/cy_tcpwm_pwm.c ****                 TCPWM_CNT_TR_CTRL2(base, cntNum) = CY_TCPWM_PWM_MODE_RIGHT;
 163              		.loc 1 79 0
 164 00aa 1B34     		adds	r4, r4, #27
 165 00ac 02E0     		b	.L18
 166              	.L9:
  80:Generated_Source\PSoC6\pdl\drivers\peripheral\tcpwm/cy_tcpwm_pwm.c ****             }
  81:Generated_Source\PSoC6\pdl\drivers\peripheral\tcpwm/cy_tcpwm_pwm.c ****             else
  82:Generated_Source\PSoC6\pdl\drivers\peripheral\tcpwm/cy_tcpwm_pwm.c ****             {
  83:Generated_Source\PSoC6\pdl\drivers\peripheral\tcpwm/cy_tcpwm_pwm.c ****                 TCPWM_CNT_COUNTER(base, cntNum) = CY_TCPWM_CNT_UP_DOWN_INIT_VAL;
 167              		.loc 1 83 0
 168 00ae 0124     		movs	r4, #1
 169 00b0 DC60     		str	r4, [r3, #12]
  84:Generated_Source\PSoC6\pdl\drivers\peripheral\tcpwm/cy_tcpwm_pwm.c ****                 TCPWM_CNT_TR_CTRL2(base, cntNum) = CY_TCPWM_PWM_MODE_CNTR_OR_ASYMM;
 170              		.loc 1 84 0
 171 00b2 1134     		adds	r4, r4, #17
 172              	.L18:
 173 00b4 DC62     		str	r4, [r3, #44]
  85:Generated_Source\PSoC6\pdl\drivers\peripheral\tcpwm/cy_tcpwm_pwm.c ****             }
  86:Generated_Source\PSoC6\pdl\drivers\peripheral\tcpwm/cy_tcpwm_pwm.c ****         }
  87:Generated_Source\PSoC6\pdl\drivers\peripheral\tcpwm/cy_tcpwm_pwm.c **** 
  88:Generated_Source\PSoC6\pdl\drivers\peripheral\tcpwm/cy_tcpwm_pwm.c ****         TCPWM_CNT_CC(base, cntNum) = config->compare0;
 174              		.loc 1 88 0
 175 00b6 146A     		ldr	r4, [r2, #32]
 176 00b8 4318     		adds	r3, r0, r1
 177 00ba FC33     		adds	r3, r3, #252
 178 00bc 1C61     		str	r4, [r3, #16]
  89:Generated_Source\PSoC6\pdl\drivers\peripheral\tcpwm/cy_tcpwm_pwm.c ****         TCPWM_CNT_CC_BUFF(base, cntNum) = config->compare1;
 179              		.loc 1 89 0
 180 00be 546A     		ldr	r4, [r2, #36]
 181 00c0 5C61     		str	r4, [r3, #20]
  90:Generated_Source\PSoC6\pdl\drivers\peripheral\tcpwm/cy_tcpwm_pwm.c ****         TCPWM_CNT_PERIOD(base, cntNum) = config->period0;
 182              		.loc 1 90 0
 183 00c2 9E61     		str	r6, [r3, #24]
  91:Generated_Source\PSoC6\pdl\drivers\peripheral\tcpwm/cy_tcpwm_pwm.c ****         TCPWM_CNT_PERIOD_BUFF(base, cntNum) = config->period1;
 184              		.loc 1 91 0
 185 00c4 9469     		ldr	r4, [r2, #24]
ARM GAS  C:\Users\cmila\AppData\Local\Temp\ccE7g86x.s 			page 6


  92:Generated_Source\PSoC6\pdl\drivers\peripheral\tcpwm/cy_tcpwm_pwm.c **** 
  93:Generated_Source\PSoC6\pdl\drivers\peripheral\tcpwm/cy_tcpwm_pwm.c ****         if (CY_TCPWM_INPUT_CREATOR != config->countInput)
 186              		.loc 1 93 0
 187 00c6 166E     		ldr	r6, [r2, #96]
  91:Generated_Source\PSoC6\pdl\drivers\peripheral\tcpwm/cy_tcpwm_pwm.c ****         TCPWM_CNT_PERIOD_BUFF(base, cntNum) = config->period1;
 188              		.loc 1 91 0
 189 00c8 DC61     		str	r4, [r3, #28]
 190              		.loc 1 93 0
 191 00ca 741C     		adds	r4, r6, #1
 192 00cc 17D0     		beq	.L10
  94:Generated_Source\PSoC6\pdl\drivers\peripheral\tcpwm/cy_tcpwm_pwm.c ****         {
  95:Generated_Source\PSoC6\pdl\drivers\peripheral\tcpwm/cy_tcpwm_pwm.c ****             TCPWM_CNT_TR_CTRL0(base, cntNum) = (_VAL2FLD(TCPWM_CNT_TR_CTRL0_CAPTURE_SEL, config->sw
  96:Generated_Source\PSoC6\pdl\drivers\peripheral\tcpwm/cy_tcpwm_pwm.c ****                                               _VAL2FLD(TCPWM_CNT_TR_CTRL0_RELOAD_SEL, config->reloa
  97:Generated_Source\PSoC6\pdl\drivers\peripheral\tcpwm/cy_tcpwm_pwm.c ****                                               _VAL2FLD(TCPWM_CNT_TR_CTRL0_START_SEL, config->startI
  98:Generated_Source\PSoC6\pdl\drivers\peripheral\tcpwm/cy_tcpwm_pwm.c ****                                               _VAL2FLD(TCPWM_CNT_TR_CTRL0_STOP_SEL, config->killInp
 193              		.loc 1 98 0
 194 00ce 946C     		ldr	r4, [r2, #72]
 195 00d0 F025     		movs	r5, #240
 196 00d2 2702     		lsls	r7, r4, #8
 197 00d4 F024     		movs	r4, #240
 198 00d6 2401     		lsls	r4, r4, #4
 199 00d8 2740     		ands	r7, r4
 200 00da 146D     		ldr	r4, [r2, #80]
 201 00dc 2D03     		lsls	r5, r5, #12
 202 00de 2404     		lsls	r4, r4, #16
 203 00e0 2C40     		ands	r4, r5
 204 00e2 0F25     		movs	r5, #15
 205 00e4 3C43     		orrs	r4, r7
 206 00e6 176C     		ldr	r7, [r2, #64]
 207 00e8 3D40     		ands	r5, r7
 208 00ea 2C43     		orrs	r4, r5
 209 00ec 956D     		ldr	r5, [r2, #88]
 210 00ee 2D07     		lsls	r5, r5, #28
 211 00f0 2D0C     		lsrs	r5, r5, #16
 212 00f2 2C43     		orrs	r4, r5
 213 00f4 3501     		lsls	r5, r6, #4
 214 00f6 FF26     		movs	r6, #255
 215 00f8 3540     		ands	r5, r6
 216 00fa 2C43     		orrs	r4, r5
  95:Generated_Source\PSoC6\pdl\drivers\peripheral\tcpwm/cy_tcpwm_pwm.c ****                                               _VAL2FLD(TCPWM_CNT_TR_CTRL0_RELOAD_SEL, config->reloa
 217              		.loc 1 95 0
 218 00fc 5C62     		str	r4, [r3, #36]
 219              	.L10:
  99:Generated_Source\PSoC6\pdl\drivers\peripheral\tcpwm/cy_tcpwm_pwm.c ****                                               _VAL2FLD(TCPWM_CNT_TR_CTRL0_COUNT_SEL, config->countI
 100:Generated_Source\PSoC6\pdl\drivers\peripheral\tcpwm/cy_tcpwm_pwm.c ****         }
 101:Generated_Source\PSoC6\pdl\drivers\peripheral\tcpwm/cy_tcpwm_pwm.c ****         
 102:Generated_Source\PSoC6\pdl\drivers\peripheral\tcpwm/cy_tcpwm_pwm.c ****         TCPWM_CNT_TR_CTRL1(base, cntNum) = (_VAL2FLD(TCPWM_CNT_TR_CTRL1_CAPTURE_EDGE, config->swapI
 103:Generated_Source\PSoC6\pdl\drivers\peripheral\tcpwm/cy_tcpwm_pwm.c ****                                           _VAL2FLD(TCPWM_CNT_TR_CTRL1_RELOAD_EDGE, config->reloadIn
 104:Generated_Source\PSoC6\pdl\drivers\peripheral\tcpwm/cy_tcpwm_pwm.c ****                                           _VAL2FLD(TCPWM_CNT_TR_CTRL1_START_EDGE, config->startInpu
 105:Generated_Source\PSoC6\pdl\drivers\peripheral\tcpwm/cy_tcpwm_pwm.c ****                                           _VAL2FLD(TCPWM_CNT_TR_CTRL1_STOP_EDGE, config->killInputM
 220              		.loc 1 105 0
 221 00fe 536C     		ldr	r3, [r2, #68]
 222 0100 C024     		movs	r4, #192
 223 0102 1D01     		lsls	r5, r3, #4
 224 0104 3023     		movs	r3, #48
 225 0106 1D40     		ands	r5, r3
 226 0108 D36C     		ldr	r3, [r2, #76]
ARM GAS  C:\Users\cmila\AppData\Local\Temp\ccE7g86x.s 			page 7


 227 010a A400     		lsls	r4, r4, #2
 228 010c 1B02     		lsls	r3, r3, #8
 229 010e 2340     		ands	r3, r4
 230 0110 0324     		movs	r4, #3
 231 0112 2B43     		orrs	r3, r5
 232 0114 D56B     		ldr	r5, [r2, #60]
 102:Generated_Source\PSoC6\pdl\drivers\peripheral\tcpwm/cy_tcpwm_pwm.c ****                                           _VAL2FLD(TCPWM_CNT_TR_CTRL1_RELOAD_EDGE, config->reloadIn
 233              		.loc 1 102 0
 234 0116 4118     		adds	r1, r0, r1
 235              		.loc 1 105 0
 236 0118 2C40     		ands	r4, r5
 237 011a 2343     		orrs	r3, r4
 238 011c 546D     		ldr	r4, [r2, #84]
 102:Generated_Source\PSoC6\pdl\drivers\peripheral\tcpwm/cy_tcpwm_pwm.c ****                                           _VAL2FLD(TCPWM_CNT_TR_CTRL1_RELOAD_EDGE, config->reloadIn
 239              		.loc 1 102 0
 240 011e FC31     		adds	r1, r1, #252
 241              		.loc 1 105 0
 242 0120 A501     		lsls	r5, r4, #6
 243 0122 FF24     		movs	r4, #255
 244 0124 2C40     		ands	r4, r5
 245 0126 2343     		orrs	r3, r4
 246 0128 1D00     		movs	r5, r3
 247 012a 0C24     		movs	r4, #12
 248 012c D36D     		ldr	r3, [r2, #92]
 106:Generated_Source\PSoC6\pdl\drivers\peripheral\tcpwm/cy_tcpwm_pwm.c ****                                           _VAL2FLD(TCPWM_CNT_TR_CTRL1_COUNT_EDGE, config->countInpu
 107:Generated_Source\PSoC6\pdl\drivers\peripheral\tcpwm/cy_tcpwm_pwm.c **** 
 108:Generated_Source\PSoC6\pdl\drivers\peripheral\tcpwm/cy_tcpwm_pwm.c ****         TCPWM_CNT_INTR_MASK(base, cntNum) = config->interruptSources;
 109:Generated_Source\PSoC6\pdl\drivers\peripheral\tcpwm/cy_tcpwm_pwm.c **** 
 110:Generated_Source\PSoC6\pdl\drivers\peripheral\tcpwm/cy_tcpwm_pwm.c ****         status = CY_TCPWM_SUCCESS;
 249              		.loc 1 110 0
 250 012e 0020     		movs	r0, #0
 251              	.LVL2:
 105:Generated_Source\PSoC6\pdl\drivers\peripheral\tcpwm/cy_tcpwm_pwm.c ****                                           _VAL2FLD(TCPWM_CNT_TR_CTRL1_COUNT_EDGE, config->countInpu
 252              		.loc 1 105 0
 253 0130 9B00     		lsls	r3, r3, #2
 254 0132 1C40     		ands	r4, r3
 255 0134 2B00     		movs	r3, r5
 256 0136 2343     		orrs	r3, r4
 102:Generated_Source\PSoC6\pdl\drivers\peripheral\tcpwm/cy_tcpwm_pwm.c ****                                           _VAL2FLD(TCPWM_CNT_TR_CTRL1_RELOAD_EDGE, config->reloadIn
 257              		.loc 1 102 0
 258 0138 8B62     		str	r3, [r1, #40]
 108:Generated_Source\PSoC6\pdl\drivers\peripheral\tcpwm/cy_tcpwm_pwm.c **** 
 259              		.loc 1 108 0
 260 013a D36A     		ldr	r3, [r2, #44]
 261 013c CB63     		str	r3, [r1, #60]
 262              	.LVL3:
 263 013e 00E0     		b	.L2
 264              	.LVL4:
 265              	.L12:
  49:Generated_Source\PSoC6\pdl\drivers\peripheral\tcpwm/cy_tcpwm_pwm.c **** 
 266              		.loc 1 49 0
 267 0140 0048     		ldr	r0, .L20
 268              	.LVL5:
 269              	.L2:
 111:Generated_Source\PSoC6\pdl\drivers\peripheral\tcpwm/cy_tcpwm_pwm.c ****     }
 112:Generated_Source\PSoC6\pdl\drivers\peripheral\tcpwm/cy_tcpwm_pwm.c **** 
 113:Generated_Source\PSoC6\pdl\drivers\peripheral\tcpwm/cy_tcpwm_pwm.c ****     return(status);
ARM GAS  C:\Users\cmila\AppData\Local\Temp\ccE7g86x.s 			page 8


 114:Generated_Source\PSoC6\pdl\drivers\peripheral\tcpwm/cy_tcpwm_pwm.c **** }
 270              		.loc 1 114 0
 271              		@ sp needed
 272 0142 FEBD     		pop	{r1, r2, r3, r4, r5, r6, r7, pc}
 273              	.L21:
 274              		.align	2
 275              	.L20:
 276 0144 0100B600 		.word	11927553
 277              		.cfi_endproc
 278              	.LFE72:
 279              		.size	Cy_TCPWM_PWM_Init, .-Cy_TCPWM_PWM_Init
 280              		.section	.text.Cy_TCPWM_PWM_DeInit,"ax",%progbits
 281              		.align	1
 282              		.global	Cy_TCPWM_PWM_DeInit
 283              		.code	16
 284              		.thumb_func
 285              		.type	Cy_TCPWM_PWM_DeInit, %function
 286              	Cy_TCPWM_PWM_DeInit:
 287              	.LFB73:
 115:Generated_Source\PSoC6\pdl\drivers\peripheral\tcpwm/cy_tcpwm_pwm.c **** 
 116:Generated_Source\PSoC6\pdl\drivers\peripheral\tcpwm/cy_tcpwm_pwm.c **** /*******************************************************************************
 117:Generated_Source\PSoC6\pdl\drivers\peripheral\tcpwm/cy_tcpwm_pwm.c **** * Function Name: Cy_TCPWM_PWM_DeInit
 118:Generated_Source\PSoC6\pdl\drivers\peripheral\tcpwm/cy_tcpwm_pwm.c **** ****************************************************************************//**
 119:Generated_Source\PSoC6\pdl\drivers\peripheral\tcpwm/cy_tcpwm_pwm.c **** *
 120:Generated_Source\PSoC6\pdl\drivers\peripheral\tcpwm/cy_tcpwm_pwm.c **** * De-initializes the counter in the TCPWM block, returns register values to 
 121:Generated_Source\PSoC6\pdl\drivers\peripheral\tcpwm/cy_tcpwm_pwm.c **** * default.
 122:Generated_Source\PSoC6\pdl\drivers\peripheral\tcpwm/cy_tcpwm_pwm.c **** *
 123:Generated_Source\PSoC6\pdl\drivers\peripheral\tcpwm/cy_tcpwm_pwm.c **** * \param base
 124:Generated_Source\PSoC6\pdl\drivers\peripheral\tcpwm/cy_tcpwm_pwm.c **** * The pointer to a TCPWM instance.
 125:Generated_Source\PSoC6\pdl\drivers\peripheral\tcpwm/cy_tcpwm_pwm.c **** *
 126:Generated_Source\PSoC6\pdl\drivers\peripheral\tcpwm/cy_tcpwm_pwm.c **** * \param cntNum
 127:Generated_Source\PSoC6\pdl\drivers\peripheral\tcpwm/cy_tcpwm_pwm.c **** * The Counter instance number in the selected TCPWM.
 128:Generated_Source\PSoC6\pdl\drivers\peripheral\tcpwm/cy_tcpwm_pwm.c **** *
 129:Generated_Source\PSoC6\pdl\drivers\peripheral\tcpwm/cy_tcpwm_pwm.c **** * \param config
 130:Generated_Source\PSoC6\pdl\drivers\peripheral\tcpwm/cy_tcpwm_pwm.c **** * The pointer to a configuration structure. See \ref cy_stc_tcpwm_pwm_config_t.
 131:Generated_Source\PSoC6\pdl\drivers\peripheral\tcpwm/cy_tcpwm_pwm.c **** *
 132:Generated_Source\PSoC6\pdl\drivers\peripheral\tcpwm/cy_tcpwm_pwm.c **** * \funcusage
 133:Generated_Source\PSoC6\pdl\drivers\peripheral\tcpwm/cy_tcpwm_pwm.c **** * \snippet tcpwm\1.10\pwm\snippet\main.c snippet_Cy_TCPWM_PWM_DeInit
 134:Generated_Source\PSoC6\pdl\drivers\peripheral\tcpwm/cy_tcpwm_pwm.c **** *
 135:Generated_Source\PSoC6\pdl\drivers\peripheral\tcpwm/cy_tcpwm_pwm.c **** *******************************************************************************/
 136:Generated_Source\PSoC6\pdl\drivers\peripheral\tcpwm/cy_tcpwm_pwm.c **** void Cy_TCPWM_PWM_DeInit(TCPWM_Type *base, uint32_t cntNum, cy_stc_tcpwm_pwm_config_t const *config
 137:Generated_Source\PSoC6\pdl\drivers\peripheral\tcpwm/cy_tcpwm_pwm.c **** {
 288              		.loc 1 137 0
 289              		.cfi_startproc
 290              		@ args = 0, pretend = 0, frame = 0
 291              		@ frame_needed = 0, uses_anonymous_args = 0
 292              	.LVL6:
 138:Generated_Source\PSoC6\pdl\drivers\peripheral\tcpwm/cy_tcpwm_pwm.c ****     TCPWM_CNT_CTRL(base, cntNum) = CY_TCPWM_CNT_CTRL_DEFAULT;
 293              		.loc 1 138 0
 294 0000 0023     		movs	r3, #0
 137:Generated_Source\PSoC6\pdl\drivers\peripheral\tcpwm/cy_tcpwm_pwm.c ****     TCPWM_CNT_CTRL(base, cntNum) = CY_TCPWM_CNT_CTRL_DEFAULT;
 295              		.loc 1 137 0
 296 0002 10B5     		push	{r4, lr}
 297              		.cfi_def_cfa_offset 8
 298              		.cfi_offset 4, -8
 299              		.cfi_offset 14, -4
 300              		.loc 1 138 0
ARM GAS  C:\Users\cmila\AppData\Local\Temp\ccE7g86x.s 			page 9


 301 0004 0C1D     		adds	r4, r1, #4
 302 0006 A401     		lsls	r4, r4, #6
 139:Generated_Source\PSoC6\pdl\drivers\peripheral\tcpwm/cy_tcpwm_pwm.c ****     TCPWM_CNT_COUNTER(base, cntNum) = CY_TCPWM_CNT_COUNTER_DEFAULT;
 303              		.loc 1 139 0
 304 0008 8901     		lsls	r1, r1, #6
 305              	.LVL7:
 138:Generated_Source\PSoC6\pdl\drivers\peripheral\tcpwm/cy_tcpwm_pwm.c ****     TCPWM_CNT_CTRL(base, cntNum) = CY_TCPWM_CNT_CTRL_DEFAULT;
 306              		.loc 1 138 0
 307 000a 2350     		str	r3, [r4, r0]
 308              		.loc 1 139 0
 309 000c 4018     		adds	r0, r0, r1
 310              	.LVL8:
 140:Generated_Source\PSoC6\pdl\drivers\peripheral\tcpwm/cy_tcpwm_pwm.c ****     TCPWM_CNT_CC(base, cntNum) = CY_TCPWM_CNT_CC_DEFAULT;
 311              		.loc 1 140 0
 312 000e 0121     		movs	r1, #1
 139:Generated_Source\PSoC6\pdl\drivers\peripheral\tcpwm/cy_tcpwm_pwm.c ****     TCPWM_CNT_COUNTER(base, cntNum) = CY_TCPWM_CNT_COUNTER_DEFAULT;
 313              		.loc 1 139 0
 314 0010 FC30     		adds	r0, r0, #252
 315              		.loc 1 140 0
 316 0012 4942     		rsbs	r1, r1, #0
 139:Generated_Source\PSoC6\pdl\drivers\peripheral\tcpwm/cy_tcpwm_pwm.c ****     TCPWM_CNT_COUNTER(base, cntNum) = CY_TCPWM_CNT_COUNTER_DEFAULT;
 317              		.loc 1 139 0
 318 0014 C360     		str	r3, [r0, #12]
 319              		.loc 1 140 0
 320 0016 0161     		str	r1, [r0, #16]
 141:Generated_Source\PSoC6\pdl\drivers\peripheral\tcpwm/cy_tcpwm_pwm.c ****     TCPWM_CNT_CC_BUFF(base, cntNum) = CY_TCPWM_CNT_CC_BUFF_DEFAULT;
 321              		.loc 1 141 0
 322 0018 4161     		str	r1, [r0, #20]
 142:Generated_Source\PSoC6\pdl\drivers\peripheral\tcpwm/cy_tcpwm_pwm.c ****     TCPWM_CNT_PERIOD(base, cntNum) = CY_TCPWM_CNT_PERIOD_DEFAULT;
 323              		.loc 1 142 0
 324 001a 8161     		str	r1, [r0, #24]
 143:Generated_Source\PSoC6\pdl\drivers\peripheral\tcpwm/cy_tcpwm_pwm.c ****     TCPWM_CNT_PERIOD_BUFF(base, cntNum) = CY_TCPWM_CNT_PERIOD_BUFF_DEFAULT;
 325              		.loc 1 143 0
 326 001c C161     		str	r1, [r0, #28]
 144:Generated_Source\PSoC6\pdl\drivers\peripheral\tcpwm/cy_tcpwm_pwm.c ****     TCPWM_CNT_TR_CTRL1(base, cntNum) = CY_TCPWM_CNT_TR_CTRL1_DEFAULT;
 327              		.loc 1 144 0
 328 001e 0749     		ldr	r1, .L27
 329 0020 8162     		str	r1, [r0, #40]
 145:Generated_Source\PSoC6\pdl\drivers\peripheral\tcpwm/cy_tcpwm_pwm.c ****     TCPWM_CNT_TR_CTRL2(base, cntNum) = CY_TCPWM_CNT_TR_CTRL2_DEFAULT;
 330              		.loc 1 145 0
 331 0022 3F21     		movs	r1, #63
 332 0024 C162     		str	r1, [r0, #44]
 146:Generated_Source\PSoC6\pdl\drivers\peripheral\tcpwm/cy_tcpwm_pwm.c ****     TCPWM_CNT_INTR(base, cntNum) = CY_TCPWM_CNT_INTR_DEFAULT;
 333              		.loc 1 146 0
 334 0026 3C39     		subs	r1, r1, #60
 335 0028 4163     		str	r1, [r0, #52]
 147:Generated_Source\PSoC6\pdl\drivers\peripheral\tcpwm/cy_tcpwm_pwm.c ****     TCPWM_CNT_INTR_SET(base, cntNum) = CY_TCPWM_CNT_INTR_SET_DEFAULT;
 336              		.loc 1 147 0
 337 002a 8363     		str	r3, [r0, #56]
 148:Generated_Source\PSoC6\pdl\drivers\peripheral\tcpwm/cy_tcpwm_pwm.c ****     TCPWM_CNT_INTR_MASK(base, cntNum) = CY_TCPWM_CNT_INTR_MASK_DEFAULT;
 338              		.loc 1 148 0
 339 002c C363     		str	r3, [r0, #60]
 149:Generated_Source\PSoC6\pdl\drivers\peripheral\tcpwm/cy_tcpwm_pwm.c **** 
 150:Generated_Source\PSoC6\pdl\drivers\peripheral\tcpwm/cy_tcpwm_pwm.c ****     if (CY_TCPWM_INPUT_CREATOR != config->countInput)
 340              		.loc 1 150 0
 341 002e 136E     		ldr	r3, [r2, #96]
 342 0030 0133     		adds	r3, r3, #1
ARM GAS  C:\Users\cmila\AppData\Local\Temp\ccE7g86x.s 			page 10


 343 0032 01D0     		beq	.L22
 151:Generated_Source\PSoC6\pdl\drivers\peripheral\tcpwm/cy_tcpwm_pwm.c ****     {    
 152:Generated_Source\PSoC6\pdl\drivers\peripheral\tcpwm/cy_tcpwm_pwm.c ****         TCPWM_CNT_TR_CTRL0(base, cntNum) = CY_TCPWM_CNT_TR_CTRL0_DEFAULT;
 344              		.loc 1 152 0
 345 0034 1023     		movs	r3, #16
 346 0036 4362     		str	r3, [r0, #36]
 347              	.L22:
 153:Generated_Source\PSoC6\pdl\drivers\peripheral\tcpwm/cy_tcpwm_pwm.c ****     }
 154:Generated_Source\PSoC6\pdl\drivers\peripheral\tcpwm/cy_tcpwm_pwm.c **** }
 348              		.loc 1 154 0
 349              		@ sp needed
 350 0038 10BD     		pop	{r4, pc}
 351              	.L28:
 352 003a C046     		.align	2
 353              	.L27:
 354 003c FF030000 		.word	1023
 355              		.cfi_endproc
 356              	.LFE73:
 357              		.size	Cy_TCPWM_PWM_DeInit, .-Cy_TCPWM_PWM_DeInit
 358              		.text
 359              	.Letext0:
 360              		.file 2 "c:\\program files (x86)\\cypress\\psoc creator\\4.4\\psoc creator\\import\\gnu\\arm\\5.4.
 361              		.file 3 "c:\\program files (x86)\\cypress\\psoc creator\\4.4\\psoc creator\\import\\gnu\\arm\\5.4.
 362              		.file 4 "Generated_Source\\PSoC6\\pdl\\devices/psoc6/include/ip/cyip_tcpwm.h"
 363              		.file 5 "Generated_Source\\PSoC6\\pdl\\devices/psoc6/include/psoc6_01_config.h"
 364              		.file 6 "Generated_Source\\PSoC6\\pdl\\drivers\\peripheral\\tcpwm\\cy_tcpwm.h"
 365              		.file 7 "Generated_Source\\PSoC6\\pdl\\drivers\\peripheral\\tcpwm\\cy_tcpwm_pwm.h"
 366              		.section	.debug_info,"",%progbits
 367              	.Ldebug_info0:
 368 0000 58040000 		.4byte	0x458
 369 0004 0400     		.2byte	0x4
 370 0006 00000000 		.4byte	.Ldebug_abbrev0
 371 000a 04       		.byte	0x4
 372 000b 01       		.uleb128 0x1
 373 000c A2030000 		.4byte	.LASF74
 374 0010 0C       		.byte	0xc
 375 0011 51030000 		.4byte	.LASF75
 376 0015 CA010000 		.4byte	.LASF76
 377 0019 00000000 		.4byte	.Ldebug_ranges0+0
 378 001d 00000000 		.4byte	0
 379 0021 00000000 		.4byte	.Ldebug_line0
 380 0025 02       		.uleb128 0x2
 381 0026 01       		.byte	0x1
 382 0027 06       		.byte	0x6
 383 0028 77020000 		.4byte	.LASF0
 384 002c 02       		.uleb128 0x2
 385 002d 01       		.byte	0x1
 386 002e 08       		.byte	0x8
 387 002f 59020000 		.4byte	.LASF1
 388 0033 02       		.uleb128 0x2
 389 0034 02       		.byte	0x2
 390 0035 05       		.byte	0x5
 391 0036 67000000 		.4byte	.LASF2
 392 003a 02       		.uleb128 0x2
 393 003b 02       		.byte	0x2
 394 003c 07       		.byte	0x7
 395 003d D0020000 		.4byte	.LASF3
ARM GAS  C:\Users\cmila\AppData\Local\Temp\ccE7g86x.s 			page 11


 396 0041 02       		.uleb128 0x2
 397 0042 04       		.byte	0x4
 398 0043 05       		.byte	0x5
 399 0044 A6010000 		.4byte	.LASF4
 400 0048 03       		.uleb128 0x3
 401 0049 D6000000 		.4byte	.LASF9
 402 004d 02       		.byte	0x2
 403 004e 41       		.byte	0x41
 404 004f 53000000 		.4byte	0x53
 405 0053 02       		.uleb128 0x2
 406 0054 04       		.byte	0x4
 407 0055 07       		.byte	0x7
 408 0056 38030000 		.4byte	.LASF5
 409 005a 02       		.uleb128 0x2
 410 005b 08       		.byte	0x8
 411 005c 05       		.byte	0x5
 412 005d 89010000 		.4byte	.LASF6
 413 0061 02       		.uleb128 0x2
 414 0062 08       		.byte	0x8
 415 0063 07       		.byte	0x7
 416 0064 8C020000 		.4byte	.LASF7
 417 0068 04       		.uleb128 0x4
 418 0069 04       		.byte	0x4
 419 006a 05       		.byte	0x5
 420 006b 696E7400 		.ascii	"int\000"
 421 006f 02       		.uleb128 0x2
 422 0070 04       		.byte	0x4
 423 0071 07       		.byte	0x7
 424 0072 AC020000 		.4byte	.LASF8
 425 0076 03       		.uleb128 0x3
 426 0077 A3020000 		.4byte	.LASF10
 427 007b 03       		.byte	0x3
 428 007c 30       		.byte	0x30
 429 007d 48000000 		.4byte	0x48
 430 0081 02       		.uleb128 0x2
 431 0082 08       		.byte	0x8
 432 0083 04       		.byte	0x4
 433 0084 3E020000 		.4byte	.LASF11
 434 0088 05       		.uleb128 0x5
 435 0089 76000000 		.4byte	0x76
 436 008d 06       		.uleb128 0x6
 437 008e 88000000 		.4byte	0x88
 438 0092 02       		.uleb128 0x2
 439 0093 04       		.byte	0x4
 440 0094 07       		.byte	0x7
 441 0095 71000000 		.4byte	.LASF12
 442 0099 07       		.uleb128 0x7
 443 009a 8D000000 		.4byte	0x8d
 444 009e A9000000 		.4byte	0xa9
 445 00a2 08       		.uleb128 0x8
 446 00a3 92000000 		.4byte	0x92
 447 00a7 37       		.byte	0x37
 448 00a8 00       		.byte	0
 449 00a9 09       		.uleb128 0x9
 450 00aa 40       		.byte	0x40
 451 00ab 04       		.byte	0x4
 452 00ac 22       		.byte	0x22
ARM GAS  C:\Users\cmila\AppData\Local\Temp\ccE7g86x.s 			page 12


 453 00ad 71010000 		.4byte	0x171
 454 00b1 0A       		.uleb128 0xa
 455 00b2 67020000 		.4byte	.LASF13
 456 00b6 04       		.byte	0x4
 457 00b7 23       		.byte	0x23
 458 00b8 88000000 		.4byte	0x88
 459 00bc 00       		.byte	0
 460 00bd 0A       		.uleb128 0xa
 461 00be 9F010000 		.4byte	.LASF14
 462 00c2 04       		.byte	0x4
 463 00c3 24       		.byte	0x24
 464 00c4 8D000000 		.4byte	0x8d
 465 00c8 04       		.byte	0x4
 466 00c9 0A       		.uleb128 0xa
 467 00ca 7A040000 		.4byte	.LASF15
 468 00ce 04       		.byte	0x4
 469 00cf 25       		.byte	0x25
 470 00d0 88000000 		.4byte	0x88
 471 00d4 08       		.byte	0x8
 472 00d5 0B       		.uleb128 0xb
 473 00d6 434300   		.ascii	"CC\000"
 474 00d9 04       		.byte	0x4
 475 00da 26       		.byte	0x26
 476 00db 88000000 		.4byte	0x88
 477 00df 0C       		.byte	0xc
 478 00e0 0A       		.uleb128 0xa
 479 00e1 36020000 		.4byte	.LASF16
 480 00e5 04       		.byte	0x4
 481 00e6 27       		.byte	0x27
 482 00e7 88000000 		.4byte	0x88
 483 00eb 10       		.byte	0x10
 484 00ec 0A       		.uleb128 0xa
 485 00ed A1000000 		.4byte	.LASF17
 486 00f1 04       		.byte	0x4
 487 00f2 28       		.byte	0x28
 488 00f3 88000000 		.4byte	0x88
 489 00f7 14       		.byte	0x14
 490 00f8 0A       		.uleb128 0xa
 491 00f9 7A000000 		.4byte	.LASF18
 492 00fd 04       		.byte	0x4
 493 00fe 29       		.byte	0x29
 494 00ff 88000000 		.4byte	0x88
 495 0103 18       		.byte	0x18
 496 0104 0A       		.uleb128 0xa
 497 0105 8A040000 		.4byte	.LASF19
 498 0109 04       		.byte	0x4
 499 010a 2A       		.byte	0x2a
 500 010b 8D000000 		.4byte	0x8d
 501 010f 1C       		.byte	0x1c
 502 0110 0A       		.uleb128 0xa
 503 0111 E1000000 		.4byte	.LASF20
 504 0115 04       		.byte	0x4
 505 0116 2B       		.byte	0x2b
 506 0117 88000000 		.4byte	0x88
 507 011b 20       		.byte	0x20
 508 011c 0A       		.uleb128 0xa
 509 011d B3000000 		.4byte	.LASF21
ARM GAS  C:\Users\cmila\AppData\Local\Temp\ccE7g86x.s 			page 13


 510 0121 04       		.byte	0x4
 511 0122 2C       		.byte	0x2c
 512 0123 88000000 		.4byte	0x88
 513 0127 24       		.byte	0x24
 514 0128 0A       		.uleb128 0xa
 515 0129 BC000000 		.4byte	.LASF22
 516 012d 04       		.byte	0x4
 517 012e 2D       		.byte	0x2d
 518 012f 88000000 		.4byte	0x88
 519 0133 28       		.byte	0x28
 520 0134 0A       		.uleb128 0xa
 521 0135 2E030000 		.4byte	.LASF23
 522 0139 04       		.byte	0x4
 523 013a 2E       		.byte	0x2e
 524 013b 8D000000 		.4byte	0x8d
 525 013f 2C       		.byte	0x2c
 526 0140 0A       		.uleb128 0xa
 527 0141 17030000 		.4byte	.LASF24
 528 0145 04       		.byte	0x4
 529 0146 2F       		.byte	0x2f
 530 0147 88000000 		.4byte	0x88
 531 014b 30       		.byte	0x30
 532 014c 0A       		.uleb128 0xa
 533 014d 83020000 		.4byte	.LASF25
 534 0151 04       		.byte	0x4
 535 0152 30       		.byte	0x30
 536 0153 88000000 		.4byte	0x88
 537 0157 34       		.byte	0x34
 538 0158 0A       		.uleb128 0xa
 539 0159 B3040000 		.4byte	.LASF26
 540 015d 04       		.byte	0x4
 541 015e 31       		.byte	0x31
 542 015f 88000000 		.4byte	0x88
 543 0163 38       		.byte	0x38
 544 0164 0A       		.uleb128 0xa
 545 0165 2A020000 		.4byte	.LASF27
 546 0169 04       		.byte	0x4
 547 016a 32       		.byte	0x32
 548 016b 8D000000 		.4byte	0x8d
 549 016f 3C       		.byte	0x3c
 550 0170 00       		.byte	0
 551 0171 03       		.uleb128 0x3
 552 0172 86000000 		.4byte	.LASF28
 553 0176 04       		.byte	0x4
 554 0177 33       		.byte	0x33
 555 0178 A9000000 		.4byte	0xa9
 556 017c 0C       		.uleb128 0xc
 557 017d 0009     		.2byte	0x900
 558 017f 04       		.byte	0x4
 559 0180 38       		.byte	0x38
 560 0181 FF010000 		.4byte	0x1ff
 561 0185 0A       		.uleb128 0xa
 562 0186 67020000 		.4byte	.LASF13
 563 018a 04       		.byte	0x4
 564 018b 39       		.byte	0x39
 565 018c 88000000 		.4byte	0x88
 566 0190 00       		.byte	0
ARM GAS  C:\Users\cmila\AppData\Local\Temp\ccE7g86x.s 			page 14


 567 0191 0A       		.uleb128 0xa
 568 0192 3F040000 		.4byte	.LASF29
 569 0196 04       		.byte	0x4
 570 0197 3A       		.byte	0x3a
 571 0198 88000000 		.4byte	0x88
 572 019c 04       		.byte	0x4
 573 019d 0A       		.uleb128 0xa
 574 019e 98000000 		.4byte	.LASF30
 575 01a2 04       		.byte	0x4
 576 01a3 3B       		.byte	0x3b
 577 01a4 88000000 		.4byte	0x88
 578 01a8 08       		.byte	0x8
 579 01a9 0A       		.uleb128 0xa
 580 01aa 33010000 		.4byte	.LASF31
 581 01ae 04       		.byte	0x4
 582 01af 3C       		.byte	0x3c
 583 01b0 88000000 		.4byte	0x88
 584 01b4 0C       		.byte	0xc
 585 01b5 0A       		.uleb128 0xa
 586 01b6 A8000000 		.4byte	.LASF32
 587 01ba 04       		.byte	0x4
 588 01bb 3D       		.byte	0x3d
 589 01bc 88000000 		.4byte	0x88
 590 01c0 10       		.byte	0x10
 591 01c1 0A       		.uleb128 0xa
 592 01c2 C7020000 		.4byte	.LASF33
 593 01c6 04       		.byte	0x4
 594 01c7 3E       		.byte	0x3e
 595 01c8 88000000 		.4byte	0x88
 596 01cc 14       		.byte	0x14
 597 01cd 0A       		.uleb128 0xa
 598 01ce 50010000 		.4byte	.LASF34
 599 01d2 04       		.byte	0x4
 600 01d3 3F       		.byte	0x3f
 601 01d4 88000000 		.4byte	0x88
 602 01d8 18       		.byte	0x18
 603 01d9 0A       		.uleb128 0xa
 604 01da 6C020000 		.4byte	.LASF35
 605 01de 04       		.byte	0x4
 606 01df 40       		.byte	0x40
 607 01e0 8D000000 		.4byte	0x8d
 608 01e4 1C       		.byte	0x1c
 609 01e5 0A       		.uleb128 0xa
 610 01e6 8A040000 		.4byte	.LASF19
 611 01ea 04       		.byte	0x4
 612 01eb 41       		.byte	0x41
 613 01ec 04020000 		.4byte	0x204
 614 01f0 20       		.byte	0x20
 615 01f1 0D       		.uleb128 0xd
 616 01f2 434E5400 		.ascii	"CNT\000"
 617 01f6 04       		.byte	0x4
 618 01f7 42       		.byte	0x42
 619 01f8 09020000 		.4byte	0x209
 620 01fc 0001     		.2byte	0x100
 621 01fe 00       		.byte	0
 622 01ff 05       		.uleb128 0x5
 623 0200 99000000 		.4byte	0x99
ARM GAS  C:\Users\cmila\AppData\Local\Temp\ccE7g86x.s 			page 15


 624 0204 06       		.uleb128 0x6
 625 0205 FF010000 		.4byte	0x1ff
 626 0209 07       		.uleb128 0x7
 627 020a 71010000 		.4byte	0x171
 628 020e 19020000 		.4byte	0x219
 629 0212 08       		.uleb128 0x8
 630 0213 92000000 		.4byte	0x92
 631 0217 1F       		.byte	0x1f
 632 0218 00       		.byte	0
 633 0219 03       		.uleb128 0x3
 634 021a F1000000 		.4byte	.LASF36
 635 021e 04       		.byte	0x4
 636 021f 43       		.byte	0x43
 637 0220 7C010000 		.4byte	0x17c
 638 0224 0E       		.uleb128 0xe
 639 0225 BD040000 		.4byte	.LASF37
 640 0229 05       		.byte	0x5
 641 022a 4206     		.2byte	0x642
 642 022c 19020000 		.4byte	0x219
 643 0230 02       		.uleb128 0x2
 644 0231 01       		.byte	0x1
 645 0232 08       		.byte	0x8
 646 0233 EA020000 		.4byte	.LASF38
 647 0237 02       		.uleb128 0x2
 648 0238 04       		.byte	0x4
 649 0239 04       		.byte	0x4
 650 023a 63010000 		.4byte	.LASF39
 651 023e 02       		.uleb128 0x2
 652 023f 08       		.byte	0x8
 653 0240 04       		.byte	0x4
 654 0241 4A030000 		.4byte	.LASF40
 655 0245 0F       		.uleb128 0xf
 656 0246 04       		.byte	0x4
 657 0247 6F000000 		.4byte	0x6f
 658 024b 06       		.byte	0x6
 659 024c 7301     		.2byte	0x173
 660 024e 62020000 		.4byte	0x262
 661 0252 10       		.uleb128 0x10
 662 0253 C5000000 		.4byte	.LASF41
 663 0257 00       		.byte	0
 664 0258 11       		.uleb128 0x11
 665 0259 FE020000 		.4byte	.LASF42
 666 025d 0100B600 		.4byte	0xb60001
 667 0261 00       		.byte	0
 668 0262 0E       		.uleb128 0xe
 669 0263 93040000 		.4byte	.LASF43
 670 0267 06       		.byte	0x6
 671 0268 7601     		.2byte	0x176
 672 026a 45020000 		.4byte	0x245
 673 026e 12       		.uleb128 0x12
 674 026f 11010000 		.4byte	.LASF77
 675 0273 64       		.byte	0x64
 676 0274 07       		.byte	0x7
 677 0275 2F       		.byte	0x2f
 678 0276 A7030000 		.4byte	0x3a7
 679 027a 0A       		.uleb128 0xa
 680 027b 82040000 		.4byte	.LASF44
ARM GAS  C:\Users\cmila\AppData\Local\Temp\ccE7g86x.s 			page 16


 681 027f 07       		.byte	0x7
 682 0280 31       		.byte	0x31
 683 0281 76000000 		.4byte	0x76
 684 0285 00       		.byte	0
 685 0286 0A       		.uleb128 0xa
 686 0287 1D000000 		.4byte	.LASF45
 687 028b 07       		.byte	0x7
 688 028c 33       		.byte	0x33
 689 028d 76000000 		.4byte	0x76
 690 0291 04       		.byte	0x4
 691 0292 0A       		.uleb128 0xa
 692 0293 48040000 		.4byte	.LASF46
 693 0297 07       		.byte	0x7
 694 0298 34       		.byte	0x34
 695 0299 76000000 		.4byte	0x76
 696 029d 08       		.byte	0x8
 697 029e 0A       		.uleb128 0xa
 698 029f EF020000 		.4byte	.LASF47
 699 02a3 07       		.byte	0x7
 700 02a4 35       		.byte	0x35
 701 02a5 76000000 		.4byte	0x76
 702 02a9 0C       		.byte	0xc
 703 02aa 0A       		.uleb128 0xa
 704 02ab 97010000 		.4byte	.LASF48
 705 02af 07       		.byte	0x7
 706 02b0 36       		.byte	0x36
 707 02b1 76000000 		.4byte	0x76
 708 02b5 10       		.byte	0x10
 709 02b6 0A       		.uleb128 0xa
 710 02b7 69010000 		.4byte	.LASF49
 711 02bb 07       		.byte	0x7
 712 02bc 37       		.byte	0x37
 713 02bd 76000000 		.4byte	0x76
 714 02c1 14       		.byte	0x14
 715 02c2 0A       		.uleb128 0xa
 716 02c3 71010000 		.4byte	.LASF50
 717 02c7 07       		.byte	0x7
 718 02c8 38       		.byte	0x38
 719 02c9 76000000 		.4byte	0x76
 720 02cd 18       		.byte	0x18
 721 02ce 0A       		.uleb128 0xa
 722 02cf 00000000 		.4byte	.LASF51
 723 02d3 07       		.byte	0x7
 724 02d4 39       		.byte	0x39
 725 02d5 A7030000 		.4byte	0x3a7
 726 02d9 1C       		.byte	0x1c
 727 02da 0A       		.uleb128 0xa
 728 02db 3B000000 		.4byte	.LASF52
 729 02df 07       		.byte	0x7
 730 02e0 3A       		.byte	0x3a
 731 02e1 76000000 		.4byte	0x76
 732 02e5 20       		.byte	0x20
 733 02e6 0A       		.uleb128 0xa
 734 02e7 44000000 		.4byte	.LASF53
 735 02eb 07       		.byte	0x7
 736 02ec 3B       		.byte	0x3b
 737 02ed 76000000 		.4byte	0x76
ARM GAS  C:\Users\cmila\AppData\Local\Temp\ccE7g86x.s 			page 17


 738 02f1 24       		.byte	0x24
 739 02f2 0A       		.uleb128 0xa
 740 02f3 FF000000 		.4byte	.LASF54
 741 02f7 07       		.byte	0x7
 742 02f8 3C       		.byte	0x3c
 743 02f9 A7030000 		.4byte	0x3a7
 744 02fd 28       		.byte	0x28
 745 02fe 0A       		.uleb128 0xa
 746 02ff 3F010000 		.4byte	.LASF55
 747 0303 07       		.byte	0x7
 748 0304 3E       		.byte	0x3e
 749 0305 76000000 		.4byte	0x76
 750 0309 2C       		.byte	0x2c
 751 030a 0A       		.uleb128 0xa
 752 030b 5F040000 		.4byte	.LASF56
 753 030f 07       		.byte	0x7
 754 0310 3F       		.byte	0x3f
 755 0311 76000000 		.4byte	0x76
 756 0315 30       		.byte	0x30
 757 0316 0A       		.uleb128 0xa
 758 0317 B9020000 		.4byte	.LASF57
 759 031b 07       		.byte	0x7
 760 031c 40       		.byte	0x40
 761 031d 76000000 		.4byte	0x76
 762 0321 34       		.byte	0x34
 763 0322 0A       		.uleb128 0xa
 764 0323 5A010000 		.4byte	.LASF58
 765 0327 07       		.byte	0x7
 766 0328 41       		.byte	0x41
 767 0329 76000000 		.4byte	0x76
 768 032d 38       		.byte	0x38
 769 032e 0A       		.uleb128 0xa
 770 032f 94030000 		.4byte	.LASF59
 771 0333 07       		.byte	0x7
 772 0334 42       		.byte	0x42
 773 0335 76000000 		.4byte	0x76
 774 0339 3C       		.byte	0x3c
 775 033a 0A       		.uleb128 0xa
 776 033b 55040000 		.4byte	.LASF60
 777 033f 07       		.byte	0x7
 778 0340 44       		.byte	0x44
 779 0341 76000000 		.4byte	0x76
 780 0345 40       		.byte	0x40
 781 0346 0A       		.uleb128 0xa
 782 0347 79010000 		.4byte	.LASF61
 783 034b 07       		.byte	0x7
 784 034c 45       		.byte	0x45
 785 034d 76000000 		.4byte	0x76
 786 0351 44       		.byte	0x44
 787 0352 0A       		.uleb128 0xa
 788 0353 11000000 		.4byte	.LASF62
 789 0357 07       		.byte	0x7
 790 0358 47       		.byte	0x47
 791 0359 76000000 		.4byte	0x76
 792 035d 48       		.byte	0x48
 793 035e 0A       		.uleb128 0xa
 794 035f 4A020000 		.4byte	.LASF63
ARM GAS  C:\Users\cmila\AppData\Local\Temp\ccE7g86x.s 			page 18


 795 0363 07       		.byte	0x7
 796 0364 48       		.byte	0x48
 797 0365 76000000 		.4byte	0x76
 798 0369 4C       		.byte	0x4c
 799 036a 0A       		.uleb128 0xa
 800 036b 34040000 		.4byte	.LASF64
 801 036f 07       		.byte	0x7
 802 0370 4A       		.byte	0x4a
 803 0371 76000000 		.4byte	0x76
 804 0375 50       		.byte	0x50
 805 0376 0A       		.uleb128 0xa
 806 0377 6C040000 		.4byte	.LASF65
 807 037b 07       		.byte	0x7
 808 037c 4B       		.byte	0x4b
 809 037d 76000000 		.4byte	0x76
 810 0381 54       		.byte	0x54
 811 0382 0A       		.uleb128 0xa
 812 0383 29010000 		.4byte	.LASF66
 813 0387 07       		.byte	0x7
 814 0388 4D       		.byte	0x4d
 815 0389 76000000 		.4byte	0x76
 816 038d 58       		.byte	0x58
 817 038e 0A       		.uleb128 0xa
 818 038f 2C000000 		.4byte	.LASF67
 819 0393 07       		.byte	0x7
 820 0394 4E       		.byte	0x4e
 821 0395 76000000 		.4byte	0x76
 822 0399 5C       		.byte	0x5c
 823 039a 0A       		.uleb128 0xa
 824 039b A8040000 		.4byte	.LASF68
 825 039f 07       		.byte	0x7
 826 03a0 50       		.byte	0x50
 827 03a1 76000000 		.4byte	0x76
 828 03a5 60       		.byte	0x60
 829 03a6 00       		.byte	0
 830 03a7 02       		.uleb128 0x2
 831 03a8 01       		.byte	0x1
 832 03a9 02       		.byte	0x2
 833 03aa 11030000 		.4byte	.LASF69
 834 03ae 03       		.uleb128 0x3
 835 03af 4D000000 		.4byte	.LASF70
 836 03b3 07       		.byte	0x7
 837 03b4 51       		.byte	0x51
 838 03b5 6E020000 		.4byte	0x26e
 839 03b9 13       		.uleb128 0x13
 840 03ba 1C030000 		.4byte	.LASF78
 841 03be 01       		.byte	0x1
 842 03bf 2F       		.byte	0x2f
 843 03c0 62020000 		.4byte	0x262
 844 03c4 00000000 		.4byte	.LFB72
 845 03c8 48010000 		.4byte	.LFE72-.LFB72
 846 03cc 01       		.uleb128 0x1
 847 03cd 9C       		.byte	0x9c
 848 03ce 0D040000 		.4byte	0x40d
 849 03d2 14       		.uleb128 0x14
 850 03d3 C8040000 		.4byte	.LASF71
 851 03d7 01       		.byte	0x1
ARM GAS  C:\Users\cmila\AppData\Local\Temp\ccE7g86x.s 			page 19


 852 03d8 2F       		.byte	0x2f
 853 03d9 0D040000 		.4byte	0x40d
 854 03dd 00000000 		.4byte	.LLST0
 855 03e1 14       		.uleb128 0x14
 856 03e2 C3010000 		.4byte	.LASF72
 857 03e6 01       		.byte	0x1
 858 03e7 2F       		.byte	0x2f
 859 03e8 76000000 		.4byte	0x76
 860 03ec 3A000000 		.4byte	.LLST1
 861 03f0 15       		.uleb128 0x15
 862 03f1 EA000000 		.4byte	.LASF73
 863 03f5 01       		.byte	0x1
 864 03f6 2F       		.byte	0x2f
 865 03f7 13040000 		.4byte	0x413
 866 03fb 01       		.uleb128 0x1
 867 03fc 52       		.byte	0x52
 868 03fd 16       		.uleb128 0x16
 869 03fe E3020000 		.4byte	.LASF79
 870 0402 01       		.byte	0x1
 871 0403 31       		.byte	0x31
 872 0404 62020000 		.4byte	0x262
 873 0408 74000000 		.4byte	.LLST2
 874 040c 00       		.byte	0
 875 040d 17       		.uleb128 0x17
 876 040e 04       		.byte	0x4
 877 040f 24020000 		.4byte	0x224
 878 0413 17       		.uleb128 0x17
 879 0414 04       		.byte	0x4
 880 0415 19040000 		.4byte	0x419
 881 0419 06       		.uleb128 0x6
 882 041a AE030000 		.4byte	0x3ae
 883 041e 18       		.uleb128 0x18
 884 041f AF010000 		.4byte	.LASF80
 885 0423 01       		.byte	0x1
 886 0424 88       		.byte	0x88
 887 0425 00000000 		.4byte	.LFB73
 888 0429 40000000 		.4byte	.LFE73-.LFB73
 889 042d 01       		.uleb128 0x1
 890 042e 9C       		.byte	0x9c
 891 042f 14       		.uleb128 0x14
 892 0430 C8040000 		.4byte	.LASF71
 893 0434 01       		.byte	0x1
 894 0435 88       		.byte	0x88
 895 0436 0D040000 		.4byte	0x40d
 896 043a B3000000 		.4byte	.LLST3
 897 043e 14       		.uleb128 0x14
 898 043f C3010000 		.4byte	.LASF72
 899 0443 01       		.byte	0x1
 900 0444 88       		.byte	0x88
 901 0445 76000000 		.4byte	0x76
 902 0449 D4000000 		.4byte	.LLST4
 903 044d 15       		.uleb128 0x15
 904 044e EA000000 		.4byte	.LASF73
 905 0452 01       		.byte	0x1
 906 0453 88       		.byte	0x88
 907 0454 13040000 		.4byte	0x413
 908 0458 01       		.uleb128 0x1
ARM GAS  C:\Users\cmila\AppData\Local\Temp\ccE7g86x.s 			page 20


 909 0459 52       		.byte	0x52
 910 045a 00       		.byte	0
 911 045b 00       		.byte	0
 912              		.section	.debug_abbrev,"",%progbits
 913              	.Ldebug_abbrev0:
 914 0000 01       		.uleb128 0x1
 915 0001 11       		.uleb128 0x11
 916 0002 01       		.byte	0x1
 917 0003 25       		.uleb128 0x25
 918 0004 0E       		.uleb128 0xe
 919 0005 13       		.uleb128 0x13
 920 0006 0B       		.uleb128 0xb
 921 0007 03       		.uleb128 0x3
 922 0008 0E       		.uleb128 0xe
 923 0009 1B       		.uleb128 0x1b
 924 000a 0E       		.uleb128 0xe
 925 000b 55       		.uleb128 0x55
 926 000c 17       		.uleb128 0x17
 927 000d 11       		.uleb128 0x11
 928 000e 01       		.uleb128 0x1
 929 000f 10       		.uleb128 0x10
 930 0010 17       		.uleb128 0x17
 931 0011 00       		.byte	0
 932 0012 00       		.byte	0
 933 0013 02       		.uleb128 0x2
 934 0014 24       		.uleb128 0x24
 935 0015 00       		.byte	0
 936 0016 0B       		.uleb128 0xb
 937 0017 0B       		.uleb128 0xb
 938 0018 3E       		.uleb128 0x3e
 939 0019 0B       		.uleb128 0xb
 940 001a 03       		.uleb128 0x3
 941 001b 0E       		.uleb128 0xe
 942 001c 00       		.byte	0
 943 001d 00       		.byte	0
 944 001e 03       		.uleb128 0x3
 945 001f 16       		.uleb128 0x16
 946 0020 00       		.byte	0
 947 0021 03       		.uleb128 0x3
 948 0022 0E       		.uleb128 0xe
 949 0023 3A       		.uleb128 0x3a
 950 0024 0B       		.uleb128 0xb
 951 0025 3B       		.uleb128 0x3b
 952 0026 0B       		.uleb128 0xb
 953 0027 49       		.uleb128 0x49
 954 0028 13       		.uleb128 0x13
 955 0029 00       		.byte	0
 956 002a 00       		.byte	0
 957 002b 04       		.uleb128 0x4
 958 002c 24       		.uleb128 0x24
 959 002d 00       		.byte	0
 960 002e 0B       		.uleb128 0xb
 961 002f 0B       		.uleb128 0xb
 962 0030 3E       		.uleb128 0x3e
 963 0031 0B       		.uleb128 0xb
 964 0032 03       		.uleb128 0x3
 965 0033 08       		.uleb128 0x8
ARM GAS  C:\Users\cmila\AppData\Local\Temp\ccE7g86x.s 			page 21


 966 0034 00       		.byte	0
 967 0035 00       		.byte	0
 968 0036 05       		.uleb128 0x5
 969 0037 35       		.uleb128 0x35
 970 0038 00       		.byte	0
 971 0039 49       		.uleb128 0x49
 972 003a 13       		.uleb128 0x13
 973 003b 00       		.byte	0
 974 003c 00       		.byte	0
 975 003d 06       		.uleb128 0x6
 976 003e 26       		.uleb128 0x26
 977 003f 00       		.byte	0
 978 0040 49       		.uleb128 0x49
 979 0041 13       		.uleb128 0x13
 980 0042 00       		.byte	0
 981 0043 00       		.byte	0
 982 0044 07       		.uleb128 0x7
 983 0045 01       		.uleb128 0x1
 984 0046 01       		.byte	0x1
 985 0047 49       		.uleb128 0x49
 986 0048 13       		.uleb128 0x13
 987 0049 01       		.uleb128 0x1
 988 004a 13       		.uleb128 0x13
 989 004b 00       		.byte	0
 990 004c 00       		.byte	0
 991 004d 08       		.uleb128 0x8
 992 004e 21       		.uleb128 0x21
 993 004f 00       		.byte	0
 994 0050 49       		.uleb128 0x49
 995 0051 13       		.uleb128 0x13
 996 0052 2F       		.uleb128 0x2f
 997 0053 0B       		.uleb128 0xb
 998 0054 00       		.byte	0
 999 0055 00       		.byte	0
 1000 0056 09       		.uleb128 0x9
 1001 0057 13       		.uleb128 0x13
 1002 0058 01       		.byte	0x1
 1003 0059 0B       		.uleb128 0xb
 1004 005a 0B       		.uleb128 0xb
 1005 005b 3A       		.uleb128 0x3a
 1006 005c 0B       		.uleb128 0xb
 1007 005d 3B       		.uleb128 0x3b
 1008 005e 0B       		.uleb128 0xb
 1009 005f 01       		.uleb128 0x1
 1010 0060 13       		.uleb128 0x13
 1011 0061 00       		.byte	0
 1012 0062 00       		.byte	0
 1013 0063 0A       		.uleb128 0xa
 1014 0064 0D       		.uleb128 0xd
 1015 0065 00       		.byte	0
 1016 0066 03       		.uleb128 0x3
 1017 0067 0E       		.uleb128 0xe
 1018 0068 3A       		.uleb128 0x3a
 1019 0069 0B       		.uleb128 0xb
 1020 006a 3B       		.uleb128 0x3b
 1021 006b 0B       		.uleb128 0xb
 1022 006c 49       		.uleb128 0x49
ARM GAS  C:\Users\cmila\AppData\Local\Temp\ccE7g86x.s 			page 22


 1023 006d 13       		.uleb128 0x13
 1024 006e 38       		.uleb128 0x38
 1025 006f 0B       		.uleb128 0xb
 1026 0070 00       		.byte	0
 1027 0071 00       		.byte	0
 1028 0072 0B       		.uleb128 0xb
 1029 0073 0D       		.uleb128 0xd
 1030 0074 00       		.byte	0
 1031 0075 03       		.uleb128 0x3
 1032 0076 08       		.uleb128 0x8
 1033 0077 3A       		.uleb128 0x3a
 1034 0078 0B       		.uleb128 0xb
 1035 0079 3B       		.uleb128 0x3b
 1036 007a 0B       		.uleb128 0xb
 1037 007b 49       		.uleb128 0x49
 1038 007c 13       		.uleb128 0x13
 1039 007d 38       		.uleb128 0x38
 1040 007e 0B       		.uleb128 0xb
 1041 007f 00       		.byte	0
 1042 0080 00       		.byte	0
 1043 0081 0C       		.uleb128 0xc
 1044 0082 13       		.uleb128 0x13
 1045 0083 01       		.byte	0x1
 1046 0084 0B       		.uleb128 0xb
 1047 0085 05       		.uleb128 0x5
 1048 0086 3A       		.uleb128 0x3a
 1049 0087 0B       		.uleb128 0xb
 1050 0088 3B       		.uleb128 0x3b
 1051 0089 0B       		.uleb128 0xb
 1052 008a 01       		.uleb128 0x1
 1053 008b 13       		.uleb128 0x13
 1054 008c 00       		.byte	0
 1055 008d 00       		.byte	0
 1056 008e 0D       		.uleb128 0xd
 1057 008f 0D       		.uleb128 0xd
 1058 0090 00       		.byte	0
 1059 0091 03       		.uleb128 0x3
 1060 0092 08       		.uleb128 0x8
 1061 0093 3A       		.uleb128 0x3a
 1062 0094 0B       		.uleb128 0xb
 1063 0095 3B       		.uleb128 0x3b
 1064 0096 0B       		.uleb128 0xb
 1065 0097 49       		.uleb128 0x49
 1066 0098 13       		.uleb128 0x13
 1067 0099 38       		.uleb128 0x38
 1068 009a 05       		.uleb128 0x5
 1069 009b 00       		.byte	0
 1070 009c 00       		.byte	0
 1071 009d 0E       		.uleb128 0xe
 1072 009e 16       		.uleb128 0x16
 1073 009f 00       		.byte	0
 1074 00a0 03       		.uleb128 0x3
 1075 00a1 0E       		.uleb128 0xe
 1076 00a2 3A       		.uleb128 0x3a
 1077 00a3 0B       		.uleb128 0xb
 1078 00a4 3B       		.uleb128 0x3b
 1079 00a5 05       		.uleb128 0x5
ARM GAS  C:\Users\cmila\AppData\Local\Temp\ccE7g86x.s 			page 23


 1080 00a6 49       		.uleb128 0x49
 1081 00a7 13       		.uleb128 0x13
 1082 00a8 00       		.byte	0
 1083 00a9 00       		.byte	0
 1084 00aa 0F       		.uleb128 0xf
 1085 00ab 04       		.uleb128 0x4
 1086 00ac 01       		.byte	0x1
 1087 00ad 0B       		.uleb128 0xb
 1088 00ae 0B       		.uleb128 0xb
 1089 00af 49       		.uleb128 0x49
 1090 00b0 13       		.uleb128 0x13
 1091 00b1 3A       		.uleb128 0x3a
 1092 00b2 0B       		.uleb128 0xb
 1093 00b3 3B       		.uleb128 0x3b
 1094 00b4 05       		.uleb128 0x5
 1095 00b5 01       		.uleb128 0x1
 1096 00b6 13       		.uleb128 0x13
 1097 00b7 00       		.byte	0
 1098 00b8 00       		.byte	0
 1099 00b9 10       		.uleb128 0x10
 1100 00ba 28       		.uleb128 0x28
 1101 00bb 00       		.byte	0
 1102 00bc 03       		.uleb128 0x3
 1103 00bd 0E       		.uleb128 0xe
 1104 00be 1C       		.uleb128 0x1c
 1105 00bf 0B       		.uleb128 0xb
 1106 00c0 00       		.byte	0
 1107 00c1 00       		.byte	0
 1108 00c2 11       		.uleb128 0x11
 1109 00c3 28       		.uleb128 0x28
 1110 00c4 00       		.byte	0
 1111 00c5 03       		.uleb128 0x3
 1112 00c6 0E       		.uleb128 0xe
 1113 00c7 1C       		.uleb128 0x1c
 1114 00c8 06       		.uleb128 0x6
 1115 00c9 00       		.byte	0
 1116 00ca 00       		.byte	0
 1117 00cb 12       		.uleb128 0x12
 1118 00cc 13       		.uleb128 0x13
 1119 00cd 01       		.byte	0x1
 1120 00ce 03       		.uleb128 0x3
 1121 00cf 0E       		.uleb128 0xe
 1122 00d0 0B       		.uleb128 0xb
 1123 00d1 0B       		.uleb128 0xb
 1124 00d2 3A       		.uleb128 0x3a
 1125 00d3 0B       		.uleb128 0xb
 1126 00d4 3B       		.uleb128 0x3b
 1127 00d5 0B       		.uleb128 0xb
 1128 00d6 01       		.uleb128 0x1
 1129 00d7 13       		.uleb128 0x13
 1130 00d8 00       		.byte	0
 1131 00d9 00       		.byte	0
 1132 00da 13       		.uleb128 0x13
 1133 00db 2E       		.uleb128 0x2e
 1134 00dc 01       		.byte	0x1
 1135 00dd 3F       		.uleb128 0x3f
 1136 00de 19       		.uleb128 0x19
ARM GAS  C:\Users\cmila\AppData\Local\Temp\ccE7g86x.s 			page 24


 1137 00df 03       		.uleb128 0x3
 1138 00e0 0E       		.uleb128 0xe
 1139 00e1 3A       		.uleb128 0x3a
 1140 00e2 0B       		.uleb128 0xb
 1141 00e3 3B       		.uleb128 0x3b
 1142 00e4 0B       		.uleb128 0xb
 1143 00e5 27       		.uleb128 0x27
 1144 00e6 19       		.uleb128 0x19
 1145 00e7 49       		.uleb128 0x49
 1146 00e8 13       		.uleb128 0x13
 1147 00e9 11       		.uleb128 0x11
 1148 00ea 01       		.uleb128 0x1
 1149 00eb 12       		.uleb128 0x12
 1150 00ec 06       		.uleb128 0x6
 1151 00ed 40       		.uleb128 0x40
 1152 00ee 18       		.uleb128 0x18
 1153 00ef 9742     		.uleb128 0x2117
 1154 00f1 19       		.uleb128 0x19
 1155 00f2 01       		.uleb128 0x1
 1156 00f3 13       		.uleb128 0x13
 1157 00f4 00       		.byte	0
 1158 00f5 00       		.byte	0
 1159 00f6 14       		.uleb128 0x14
 1160 00f7 05       		.uleb128 0x5
 1161 00f8 00       		.byte	0
 1162 00f9 03       		.uleb128 0x3
 1163 00fa 0E       		.uleb128 0xe
 1164 00fb 3A       		.uleb128 0x3a
 1165 00fc 0B       		.uleb128 0xb
 1166 00fd 3B       		.uleb128 0x3b
 1167 00fe 0B       		.uleb128 0xb
 1168 00ff 49       		.uleb128 0x49
 1169 0100 13       		.uleb128 0x13
 1170 0101 02       		.uleb128 0x2
 1171 0102 17       		.uleb128 0x17
 1172 0103 00       		.byte	0
 1173 0104 00       		.byte	0
 1174 0105 15       		.uleb128 0x15
 1175 0106 05       		.uleb128 0x5
 1176 0107 00       		.byte	0
 1177 0108 03       		.uleb128 0x3
 1178 0109 0E       		.uleb128 0xe
 1179 010a 3A       		.uleb128 0x3a
 1180 010b 0B       		.uleb128 0xb
 1181 010c 3B       		.uleb128 0x3b
 1182 010d 0B       		.uleb128 0xb
 1183 010e 49       		.uleb128 0x49
 1184 010f 13       		.uleb128 0x13
 1185 0110 02       		.uleb128 0x2
 1186 0111 18       		.uleb128 0x18
 1187 0112 00       		.byte	0
 1188 0113 00       		.byte	0
 1189 0114 16       		.uleb128 0x16
 1190 0115 34       		.uleb128 0x34
 1191 0116 00       		.byte	0
 1192 0117 03       		.uleb128 0x3
 1193 0118 0E       		.uleb128 0xe
ARM GAS  C:\Users\cmila\AppData\Local\Temp\ccE7g86x.s 			page 25


 1194 0119 3A       		.uleb128 0x3a
 1195 011a 0B       		.uleb128 0xb
 1196 011b 3B       		.uleb128 0x3b
 1197 011c 0B       		.uleb128 0xb
 1198 011d 49       		.uleb128 0x49
 1199 011e 13       		.uleb128 0x13
 1200 011f 02       		.uleb128 0x2
 1201 0120 17       		.uleb128 0x17
 1202 0121 00       		.byte	0
 1203 0122 00       		.byte	0
 1204 0123 17       		.uleb128 0x17
 1205 0124 0F       		.uleb128 0xf
 1206 0125 00       		.byte	0
 1207 0126 0B       		.uleb128 0xb
 1208 0127 0B       		.uleb128 0xb
 1209 0128 49       		.uleb128 0x49
 1210 0129 13       		.uleb128 0x13
 1211 012a 00       		.byte	0
 1212 012b 00       		.byte	0
 1213 012c 18       		.uleb128 0x18
 1214 012d 2E       		.uleb128 0x2e
 1215 012e 01       		.byte	0x1
 1216 012f 3F       		.uleb128 0x3f
 1217 0130 19       		.uleb128 0x19
 1218 0131 03       		.uleb128 0x3
 1219 0132 0E       		.uleb128 0xe
 1220 0133 3A       		.uleb128 0x3a
 1221 0134 0B       		.uleb128 0xb
 1222 0135 3B       		.uleb128 0x3b
 1223 0136 0B       		.uleb128 0xb
 1224 0137 27       		.uleb128 0x27
 1225 0138 19       		.uleb128 0x19
 1226 0139 11       		.uleb128 0x11
 1227 013a 01       		.uleb128 0x1
 1228 013b 12       		.uleb128 0x12
 1229 013c 06       		.uleb128 0x6
 1230 013d 40       		.uleb128 0x40
 1231 013e 18       		.uleb128 0x18
 1232 013f 9742     		.uleb128 0x2117
 1233 0141 19       		.uleb128 0x19
 1234 0142 00       		.byte	0
 1235 0143 00       		.byte	0
 1236 0144 00       		.byte	0
 1237              		.section	.debug_loc,"",%progbits
 1238              	.Ldebug_loc0:
 1239              	.LLST0:
 1240 0000 00000000 		.4byte	.LVL0
 1241 0004 30010000 		.4byte	.LVL2
 1242 0008 0100     		.2byte	0x1
 1243 000a 50       		.byte	0x50
 1244 000b 30010000 		.4byte	.LVL2
 1245 000f 40010000 		.4byte	.LVL4
 1246 0013 0400     		.2byte	0x4
 1247 0015 F3       		.byte	0xf3
 1248 0016 01       		.uleb128 0x1
 1249 0017 50       		.byte	0x50
 1250 0018 9F       		.byte	0x9f
ARM GAS  C:\Users\cmila\AppData\Local\Temp\ccE7g86x.s 			page 26


 1251 0019 40010000 		.4byte	.LVL4
 1252 001d 42010000 		.4byte	.LVL5
 1253 0021 0100     		.2byte	0x1
 1254 0023 50       		.byte	0x50
 1255 0024 42010000 		.4byte	.LVL5
 1256 0028 48010000 		.4byte	.LFE72
 1257 002c 0400     		.2byte	0x4
 1258 002e F3       		.byte	0xf3
 1259 002f 01       		.uleb128 0x1
 1260 0030 50       		.byte	0x50
 1261 0031 9F       		.byte	0x9f
 1262 0032 00000000 		.4byte	0
 1263 0036 00000000 		.4byte	0
 1264              	.LLST1:
 1265 003a 00000000 		.4byte	.LVL0
 1266 003e 86000000 		.4byte	.LVL1
 1267 0042 0100     		.2byte	0x1
 1268 0044 51       		.byte	0x51
 1269 0045 86000000 		.4byte	.LVL1
 1270 0049 40010000 		.4byte	.LVL4
 1271 004d 0400     		.2byte	0x4
 1272 004f F3       		.byte	0xf3
 1273 0050 01       		.uleb128 0x1
 1274 0051 51       		.byte	0x51
 1275 0052 9F       		.byte	0x9f
 1276 0053 40010000 		.4byte	.LVL4
 1277 0057 42010000 		.4byte	.LVL5
 1278 005b 0100     		.2byte	0x1
 1279 005d 51       		.byte	0x51
 1280 005e 42010000 		.4byte	.LVL5
 1281 0062 48010000 		.4byte	.LFE72
 1282 0066 0400     		.2byte	0x4
 1283 0068 F3       		.byte	0xf3
 1284 0069 01       		.uleb128 0x1
 1285 006a 51       		.byte	0x51
 1286 006b 9F       		.byte	0x9f
 1287 006c 00000000 		.4byte	0
 1288 0070 00000000 		.4byte	0
 1289              	.LLST2:
 1290 0074 00000000 		.4byte	.LVL0
 1291 0078 3E010000 		.4byte	.LVL3
 1292 007c 0600     		.2byte	0x6
 1293 007e 0C       		.byte	0xc
 1294 007f 0100B600 		.4byte	0xb60001
 1295 0083 9F       		.byte	0x9f
 1296 0084 3E010000 		.4byte	.LVL3
 1297 0088 40010000 		.4byte	.LVL4
 1298 008c 0200     		.2byte	0x2
 1299 008e 30       		.byte	0x30
 1300 008f 9F       		.byte	0x9f
 1301 0090 40010000 		.4byte	.LVL4
 1302 0094 42010000 		.4byte	.LVL5
 1303 0098 0600     		.2byte	0x6
 1304 009a 0C       		.byte	0xc
 1305 009b 0100B600 		.4byte	0xb60001
 1306 009f 9F       		.byte	0x9f
 1307 00a0 42010000 		.4byte	.LVL5
ARM GAS  C:\Users\cmila\AppData\Local\Temp\ccE7g86x.s 			page 27


 1308 00a4 48010000 		.4byte	.LFE72
 1309 00a8 0100     		.2byte	0x1
 1310 00aa 50       		.byte	0x50
 1311 00ab 00000000 		.4byte	0
 1312 00af 00000000 		.4byte	0
 1313              	.LLST3:
 1314 00b3 00000000 		.4byte	.LVL6
 1315 00b7 0E000000 		.4byte	.LVL8
 1316 00bb 0100     		.2byte	0x1
 1317 00bd 50       		.byte	0x50
 1318 00be 0E000000 		.4byte	.LVL8
 1319 00c2 40000000 		.4byte	.LFE73
 1320 00c6 0400     		.2byte	0x4
 1321 00c8 F3       		.byte	0xf3
 1322 00c9 01       		.uleb128 0x1
 1323 00ca 50       		.byte	0x50
 1324 00cb 9F       		.byte	0x9f
 1325 00cc 00000000 		.4byte	0
 1326 00d0 00000000 		.4byte	0
 1327              	.LLST4:
 1328 00d4 00000000 		.4byte	.LVL6
 1329 00d8 0A000000 		.4byte	.LVL7
 1330 00dc 0100     		.2byte	0x1
 1331 00de 51       		.byte	0x51
 1332 00df 0A000000 		.4byte	.LVL7
 1333 00e3 40000000 		.4byte	.LFE73
 1334 00e7 0400     		.2byte	0x4
 1335 00e9 F3       		.byte	0xf3
 1336 00ea 01       		.uleb128 0x1
 1337 00eb 51       		.byte	0x51
 1338 00ec 9F       		.byte	0x9f
 1339 00ed 00000000 		.4byte	0
 1340 00f1 00000000 		.4byte	0
 1341              		.section	.debug_aranges,"",%progbits
 1342 0000 24000000 		.4byte	0x24
 1343 0004 0200     		.2byte	0x2
 1344 0006 00000000 		.4byte	.Ldebug_info0
 1345 000a 04       		.byte	0x4
 1346 000b 00       		.byte	0
 1347 000c 0000     		.2byte	0
 1348 000e 0000     		.2byte	0
 1349 0010 00000000 		.4byte	.LFB72
 1350 0014 48010000 		.4byte	.LFE72-.LFB72
 1351 0018 00000000 		.4byte	.LFB73
 1352 001c 40000000 		.4byte	.LFE73-.LFB73
 1353 0020 00000000 		.4byte	0
 1354 0024 00000000 		.4byte	0
 1355              		.section	.debug_ranges,"",%progbits
 1356              	.Ldebug_ranges0:
 1357 0000 00000000 		.4byte	.LFB72
 1358 0004 48010000 		.4byte	.LFE72
 1359 0008 00000000 		.4byte	.LFB73
 1360 000c 40000000 		.4byte	.LFE73
 1361 0010 00000000 		.4byte	0
 1362 0014 00000000 		.4byte	0
 1363              		.section	.debug_line,"",%progbits
 1364              	.Ldebug_line0:
ARM GAS  C:\Users\cmila\AppData\Local\Temp\ccE7g86x.s 			page 28


 1365 0000 9C020000 		.section	.debug_str,"MS",%progbits,1
 1365      02000002 
 1365      00000201 
 1365      FB0E0D00 
 1365      01010101 
 1366              	.LASF51:
 1367 0000 656E6162 		.ascii	"enablePeriodSwap\000"
 1367      6C655065 
 1367      72696F64 
 1367      53776170 
 1367      00
 1368              	.LASF62:
 1369 0011 72656C6F 		.ascii	"reloadInput\000"
 1369      6164496E 
 1369      70757400 
 1370              	.LASF45:
 1371 001d 636C6F63 		.ascii	"clockPrescaler\000"
 1371      6B507265 
 1371      7363616C 
 1371      657200
 1372              	.LASF67:
 1373 002c 636F756E 		.ascii	"countInputMode\000"
 1373      74496E70 
 1373      75744D6F 
 1373      646500
 1374              	.LASF52:
 1375 003b 636F6D70 		.ascii	"compare0\000"
 1375      61726530 
 1375      00
 1376              	.LASF53:
 1377 0044 636F6D70 		.ascii	"compare1\000"
 1377      61726531 
 1377      00
 1378              	.LASF70:
 1379 004d 63795F73 		.ascii	"cy_stc_tcpwm_pwm_config_t\000"
 1379      74635F74 
 1379      6370776D 
 1379      5F70776D 
 1379      5F636F6E 
 1380              	.LASF2:
 1381 0067 73686F72 		.ascii	"short int\000"
 1381      7420696E 
 1381      7400
 1382              	.LASF12:
 1383 0071 73697A65 		.ascii	"sizetype\000"
 1383      74797065 
 1383      00
 1384              	.LASF18:
 1385 007a 50455249 		.ascii	"PERIOD_BUFF\000"
 1385      4F445F42 
 1385      55464600 
 1386              	.LASF28:
 1387 0086 54435057 		.ascii	"TCPWM_CNT_V1_Type\000"
 1387      4D5F434E 
 1387      545F5631 
 1387      5F547970 
 1387      6500
ARM GAS  C:\Users\cmila\AppData\Local\Temp\ccE7g86x.s 			page 29


 1388              	.LASF30:
 1389 0098 4354524C 		.ascii	"CTRL_SET\000"
 1389      5F534554 
 1389      00
 1390              	.LASF17:
 1391 00a1 50455249 		.ascii	"PERIOD\000"
 1391      4F4400
 1392              	.LASF32:
 1393 00a8 434D445F 		.ascii	"CMD_RELOAD\000"
 1393      52454C4F 
 1393      414400
 1394              	.LASF21:
 1395 00b3 54525F43 		.ascii	"TR_CTRL1\000"
 1395      54524C31 
 1395      00
 1396              	.LASF22:
 1397 00bc 54525F43 		.ascii	"TR_CTRL2\000"
 1397      54524C32 
 1397      00
 1398              	.LASF41:
 1399 00c5 43595F54 		.ascii	"CY_TCPWM_SUCCESS\000"
 1399      4350574D 
 1399      5F535543 
 1399      43455353 
 1399      00
 1400              	.LASF9:
 1401 00d6 5F5F7569 		.ascii	"__uint32_t\000"
 1401      6E743332 
 1401      5F7400
 1402              	.LASF20:
 1403 00e1 54525F43 		.ascii	"TR_CTRL0\000"
 1403      54524C30 
 1403      00
 1404              	.LASF73:
 1405 00ea 636F6E66 		.ascii	"config\000"
 1405      696700
 1406              	.LASF36:
 1407 00f1 54435057 		.ascii	"TCPWM_V1_Type\000"
 1407      4D5F5631 
 1407      5F547970 
 1407      6500
 1408              	.LASF54:
 1409 00ff 656E6162 		.ascii	"enableCompareSwap\000"
 1409      6C65436F 
 1409      6D706172 
 1409      65537761 
 1409      7000
 1410              	.LASF77:
 1411 0111 63795F73 		.ascii	"cy_stc_tcpwm_pwm_config\000"
 1411      74635F74 
 1411      6370776D 
 1411      5F70776D 
 1411      5F636F6E 
 1412              	.LASF66:
 1413 0129 6B696C6C 		.ascii	"killInput\000"
 1413      496E7075 
 1413      7400
ARM GAS  C:\Users\cmila\AppData\Local\Temp\ccE7g86x.s 			page 30


 1414              	.LASF31:
 1415 0133 434D445F 		.ascii	"CMD_CAPTURE\000"
 1415      43415054 
 1415      55524500 
 1416              	.LASF55:
 1417 013f 696E7465 		.ascii	"interruptSources\000"
 1417      72727570 
 1417      74536F75 
 1417      72636573 
 1417      00
 1418              	.LASF34:
 1419 0150 434D445F 		.ascii	"CMD_START\000"
 1419      53544152 
 1419      5400
 1420              	.LASF58:
 1421 015a 6B696C6C 		.ascii	"killMode\000"
 1421      4D6F6465 
 1421      00
 1422              	.LASF39:
 1423 0163 666C6F61 		.ascii	"float\000"
 1423      7400
 1424              	.LASF49:
 1425 0169 70657269 		.ascii	"period0\000"
 1425      6F643000 
 1426              	.LASF50:
 1427 0171 70657269 		.ascii	"period1\000"
 1427      6F643100 
 1428              	.LASF61:
 1429 0179 72656C6F 		.ascii	"reloadInputMode\000"
 1429      6164496E 
 1429      7075744D 
 1429      6F646500 
 1430              	.LASF6:
 1431 0189 6C6F6E67 		.ascii	"long long int\000"
 1431      206C6F6E 
 1431      6720696E 
 1431      7400
 1432              	.LASF48:
 1433 0197 72756E4D 		.ascii	"runMode\000"
 1433      6F646500 
 1434              	.LASF14:
 1435 019f 53544154 		.ascii	"STATUS\000"
 1435      555300
 1436              	.LASF4:
 1437 01a6 6C6F6E67 		.ascii	"long int\000"
 1437      20696E74 
 1437      00
 1438              	.LASF80:
 1439 01af 43795F54 		.ascii	"Cy_TCPWM_PWM_DeInit\000"
 1439      4350574D 
 1439      5F50574D 
 1439      5F446549 
 1439      6E697400 
 1440              	.LASF72:
 1441 01c3 636E744E 		.ascii	"cntNum\000"
 1441      756D00
 1442              	.LASF76:
ARM GAS  C:\Users\cmila\AppData\Local\Temp\ccE7g86x.s 			page 31


 1443 01ca 433A5C55 		.ascii	"C:\\Users\\cmila\\uni\\projects\\Neural-Stimulator-"
 1443      73657273 
 1443      5C636D69 
 1443      6C615C75 
 1443      6E695C70 
 1444 01f8 4669726D 		.ascii	"Firmware\\new\\PSOC6\\TIMER\\SampleMicroSeconds.cyd"
 1444      77617265 
 1444      5C6E6577 
 1444      5C50534F 
 1444      43365C54 
 1445 0227 736E00   		.ascii	"sn\000"
 1446              	.LASF27:
 1447 022a 494E5452 		.ascii	"INTR_MASKED\000"
 1447      5F4D4153 
 1447      4B454400 
 1448              	.LASF16:
 1449 0236 43435F42 		.ascii	"CC_BUFF\000"
 1449      55464600 
 1450              	.LASF11:
 1451 023e 6C6F6E67 		.ascii	"long double\000"
 1451      20646F75 
 1451      626C6500 
 1452              	.LASF63:
 1453 024a 73746172 		.ascii	"startInputMode\000"
 1453      74496E70 
 1453      75744D6F 
 1453      646500
 1454              	.LASF1:
 1455 0259 756E7369 		.ascii	"unsigned char\000"
 1455      676E6564 
 1455      20636861 
 1455      7200
 1456              	.LASF13:
 1457 0267 4354524C 		.ascii	"CTRL\000"
 1457      00
 1458              	.LASF35:
 1459 026c 494E5452 		.ascii	"INTR_CAUSE\000"
 1459      5F434155 
 1459      534500
 1460              	.LASF0:
 1461 0277 7369676E 		.ascii	"signed char\000"
 1461      65642063 
 1461      68617200 
 1462              	.LASF25:
 1463 0283 494E5452 		.ascii	"INTR_SET\000"
 1463      5F534554 
 1463      00
 1464              	.LASF7:
 1465 028c 6C6F6E67 		.ascii	"long long unsigned int\000"
 1465      206C6F6E 
 1465      6720756E 
 1465      7369676E 
 1465      65642069 
 1466              	.LASF10:
 1467 02a3 75696E74 		.ascii	"uint32_t\000"
 1467      33325F74 
 1467      00
ARM GAS  C:\Users\cmila\AppData\Local\Temp\ccE7g86x.s 			page 32


 1468              	.LASF8:
 1469 02ac 756E7369 		.ascii	"unsigned int\000"
 1469      676E6564 
 1469      20696E74 
 1469      00
 1470              	.LASF57:
 1471 02b9 696E7665 		.ascii	"invertPWMOutN\000"
 1471      72745057 
 1471      4D4F7574 
 1471      4E00
 1472              	.LASF33:
 1473 02c7 434D445F 		.ascii	"CMD_STOP\000"
 1473      53544F50 
 1473      00
 1474              	.LASF3:
 1475 02d0 73686F72 		.ascii	"short unsigned int\000"
 1475      7420756E 
 1475      7369676E 
 1475      65642069 
 1475      6E7400
 1476              	.LASF79:
 1477 02e3 73746174 		.ascii	"status\000"
 1477      757300
 1478              	.LASF38:
 1479 02ea 63686172 		.ascii	"char\000"
 1479      00
 1480              	.LASF47:
 1481 02ef 64656164 		.ascii	"deadTimeClocks\000"
 1481      54696D65 
 1481      436C6F63 
 1481      6B7300
 1482              	.LASF42:
 1483 02fe 43595F54 		.ascii	"CY_TCPWM_BAD_PARAM\000"
 1483      4350574D 
 1483      5F424144 
 1483      5F504152 
 1483      414D00
 1484              	.LASF69:
 1485 0311 5F426F6F 		.ascii	"_Bool\000"
 1485      6C00
 1486              	.LASF24:
 1487 0317 494E5452 		.ascii	"INTR\000"
 1487      00
 1488              	.LASF78:
 1489 031c 43795F54 		.ascii	"Cy_TCPWM_PWM_Init\000"
 1489      4350574D 
 1489      5F50574D 
 1489      5F496E69 
 1489      7400
 1490              	.LASF23:
 1491 032e 52455345 		.ascii	"RESERVED1\000"
 1491      52564544 
 1491      3100
 1492              	.LASF5:
 1493 0338 6C6F6E67 		.ascii	"long unsigned int\000"
 1493      20756E73 
 1493      69676E65 
ARM GAS  C:\Users\cmila\AppData\Local\Temp\ccE7g86x.s 			page 33


 1493      6420696E 
 1493      7400
 1494              	.LASF40:
 1495 034a 646F7562 		.ascii	"double\000"
 1495      6C6500
 1496              	.LASF75:
 1497 0351 47656E65 		.ascii	"Generated_Source\\PSoC6\\pdl\\drivers\\peripheral\\"
 1497      72617465 
 1497      645F536F 
 1497      75726365 
 1497      5C50536F 
 1498 037f 74637077 		.ascii	"tcpwm\\cy_tcpwm_pwm.c\000"
 1498      6D5C6379 
 1498      5F746370 
 1498      776D5F70 
 1498      776D2E63 
 1499              	.LASF59:
 1500 0394 73776170 		.ascii	"swapInputMode\000"
 1500      496E7075 
 1500      744D6F64 
 1500      6500
 1501              	.LASF74:
 1502 03a2 474E5520 		.ascii	"GNU C11 5.4.1 20160609 (release) [ARM/embedded-5-br"
 1502      43313120 
 1502      352E342E 
 1502      31203230 
 1502      31363036 
 1503 03d5 616E6368 		.ascii	"anch revision 237715] -mcpu=cortex-m0plus -mthumb -"
 1503      20726576 
 1503      6973696F 
 1503      6E203233 
 1503      37373135 
 1504 0408 67202D4F 		.ascii	"g -Os -ffunction-sections -ffat-lto-objects\000"
 1504      73202D66 
 1504      66756E63 
 1504      74696F6E 
 1504      2D736563 
 1505              	.LASF64:
 1506 0434 73746172 		.ascii	"startInput\000"
 1506      74496E70 
 1506      757400
 1507              	.LASF29:
 1508 043f 4354524C 		.ascii	"CTRL_CLR\000"
 1508      5F434C52 
 1508      00
 1509              	.LASF46:
 1510 0448 70776D41 		.ascii	"pwmAlignment\000"
 1510      6C69676E 
 1510      6D656E74 
 1510      00
 1511              	.LASF60:
 1512 0455 73776170 		.ascii	"swapInput\000"
 1512      496E7075 
 1512      7400
 1513              	.LASF56:
 1514 045f 696E7665 		.ascii	"invertPWMOut\000"
 1514      72745057 
ARM GAS  C:\Users\cmila\AppData\Local\Temp\ccE7g86x.s 			page 34


 1514      4D4F7574 
 1514      00
 1515              	.LASF65:
 1516 046c 6B696C6C 		.ascii	"killInputMode\000"
 1516      496E7075 
 1516      744D6F64 
 1516      6500
 1517              	.LASF15:
 1518 047a 434F554E 		.ascii	"COUNTER\000"
 1518      54455200 
 1519              	.LASF44:
 1520 0482 70776D4D 		.ascii	"pwmMode\000"
 1520      6F646500 
 1521              	.LASF19:
 1522 048a 52455345 		.ascii	"RESERVED\000"
 1522      52564544 
 1522      00
 1523              	.LASF43:
 1524 0493 63795F65 		.ascii	"cy_en_tcpwm_status_t\000"
 1524      6E5F7463 
 1524      70776D5F 
 1524      73746174 
 1524      75735F74 
 1525              	.LASF68:
 1526 04a8 636F756E 		.ascii	"countInput\000"
 1526      74496E70 
 1526      757400
 1527              	.LASF26:
 1528 04b3 494E5452 		.ascii	"INTR_MASK\000"
 1528      5F4D4153 
 1528      4B00
 1529              	.LASF37:
 1530 04bd 54435057 		.ascii	"TCPWM_Type\000"
 1530      4D5F5479 
 1530      706500
 1531              	.LASF71:
 1532 04c8 62617365 		.ascii	"base\000"
 1532      00
 1533              		.ident	"GCC: (GNU Tools for ARM Embedded Processors) 5.4.1 20160609 (release) [ARM/embedded-5-bran
